Hyper-parameter search via Optuna
Namespace(task_type='binary_classification', scale='small', idx=3, epochs=50, num_trials=20, num_repeats=5, seed=0, exp_name='MemPerceiver_ens_l2', result_path='output/binary_classification/small/3/MemPerceiver_ens_l2.pt')
Device: cuda
Start building binary_classification dataset_small_3
Training set has 10700 instances
Validation set has 1337 instances
Test set has 1339 instances
Epoch 1/50 - Train Loss: 0.7146 - Train Metric: 0.4937
Epoch 1/50 - Val Metric: 0.6159
Epoch 2/50 - Train Loss: 0.6980 - Train Metric: 0.5000
Epoch 2/50 - Val Metric: 0.7132
Epoch 3/50 - Train Loss: 0.6961 - Train Metric: 0.5018
Epoch 3/50 - Val Metric: 0.6783
Epoch 4/50 - Train Loss: 0.6952 - Train Metric: 0.5039
Epoch 4/50 - Val Metric: 0.6794
Epoch 5/50 - Train Loss: 0.6941 - Train Metric: 0.4978
Epoch 5/50 - Val Metric: 0.6809
Epoch 6/50 - Train Loss: 0.6947 - Train Metric: 0.4956
Epoch 6/50 - Val Metric: 0.6795
Epoch 7/50 - Train Loss: 0.6945 - Train Metric: 0.5026
Epoch 7/50 - Val Metric: 0.6875
Epoch 8/50 - Train Loss: 0.6951 - Train Metric: 0.5005
Epoch 8/50 - Val Metric: 0.6944
Epoch 9/50 - Train Loss: 0.6946 - Train Metric: 0.4982
Epoch 9/50 - Val Metric: 0.6991
Epoch 10/50 - Train Loss: 0.6946 - Train Metric: 0.5050
Epoch 10/50 - Val Metric: 0.7079
Epoch 11/50 - Train Loss: 0.6954 - Train Metric: 0.4970
Epoch 11/50 - Val Metric: 0.7179
Epoch 12/50 - Train Loss: 0.6960 - Train Metric: 0.5124
Epoch 12/50 - Val Metric: 0.7262
Epoch 13/50 - Train Loss: 0.6944 - Train Metric: 0.5051
Epoch 13/50 - Val Metric: 0.7407
Epoch 14/50 - Train Loss: 0.6952 - Train Metric: 0.5032
Epoch 14/50 - Val Metric: 0.7757
Epoch 15/50 - Train Loss: 0.6943 - Train Metric: 0.5118
Epoch 15/50 - Val Metric: 0.7997
Epoch 16/50 - Train Loss: 0.6921 - Train Metric: 0.5382
Epoch 16/50 - Val Metric: 0.8194
Epoch 17/50 - Train Loss: 0.6940 - Train Metric: 0.5474
Epoch 17/50 - Val Metric: 0.7869
Epoch 18/50 - Train Loss: 0.6232 - Train Metric: 0.7159
Epoch 18/50 - Val Metric: 0.8011
Epoch 19/50 - Train Loss: 0.6746 - Train Metric: 0.6346
Epoch 19/50 - Val Metric: 0.7947
Epoch 20/50 - Train Loss: 0.5619 - Train Metric: 0.7809
Epoch 20/50 - Val Metric: 0.8097
Epoch 21/50 - Train Loss: 0.5477 - Train Metric: 0.7951
Epoch 21/50 - Val Metric: 0.8177
Epoch 22/50 - Train Loss: 0.5287 - Train Metric: 0.8114
Epoch 22/50 - Val Metric: 0.8128
Epoch 23/50 - Train Loss: 0.5089 - Train Metric: 0.8252
Epoch 23/50 - Val Metric: 0.8484
Epoch 24/50 - Train Loss: 0.4821 - Train Metric: 0.8407
Epoch 24/50 - Val Metric: 0.8657
Epoch 25/50 - Train Loss: 0.4568 - Train Metric: 0.8611
Epoch 25/50 - Val Metric: 0.8794
Epoch 26/50 - Train Loss: 0.4489 - Train Metric: 0.8663
Epoch 26/50 - Val Metric: 0.8810
Epoch 27/50 - Train Loss: 0.4438 - Train Metric: 0.8691
Epoch 27/50 - Val Metric: 0.8874
Epoch 28/50 - Train Loss: 0.4547 - Train Metric: 0.8628
Epoch 28/50 - Val Metric: 0.8786
Epoch 29/50 - Train Loss: 0.4383 - Train Metric: 0.8728
Epoch 29/50 - Val Metric: 0.8851
Epoch 30/50 - Train Loss: 0.4492 - Train Metric: 0.8654
Epoch 30/50 - Val Metric: 0.8907
Epoch 31/50 - Train Loss: 0.4356 - Train Metric: 0.8738
Epoch 31/50 - Val Metric: 0.8909
Epoch 32/50 - Train Loss: 0.4348 - Train Metric: 0.8737
Epoch 32/50 - Val Metric: 0.8919
Epoch 33/50 - Train Loss: 0.4372 - Train Metric: 0.8727
Epoch 33/50 - Val Metric: 0.8809
Epoch 34/50 - Train Loss: 0.4417 - Train Metric: 0.8712
Epoch 34/50 - Val Metric: 0.8911
Epoch 35/50 - Train Loss: 0.4364 - Train Metric: 0.8736
Epoch 35/50 - Val Metric: 0.8848
Epoch 36/50 - Train Loss: 0.4350 - Train Metric: 0.8737
Epoch 36/50 - Val Metric: 0.8870
Epoch 37/50 - Train Loss: 0.4380 - Train Metric: 0.8725
Epoch 37/50 - Val Metric: 0.8893
Epoch 38/50 - Train Loss: 0.4328 - Train Metric: 0.8756
Epoch 38/50 - Val Metric: 0.8919
Epoch 39/50 - Train Loss: 0.4340 - Train Metric: 0.8748
Epoch 39/50 - Val Metric: 0.8897
Epoch 40/50 - Train Loss: 0.4339 - Train Metric: 0.8748
Epoch 40/50 - Val Metric: 0.8917
Epoch 41/50 - Train Loss: 0.4338 - Train Metric: 0.8753
Epoch 41/50 - Val Metric: 0.8893
Epoch 42/50 - Train Loss: 0.4341 - Train Metric: 0.8745
Epoch 42/50 - Val Metric: 0.8868
Epoch 43/50 - Train Loss: 0.4324 - Train Metric: 0.8761
Epoch 43/50 - Val Metric: 0.8877
Epoch 44/50 - Train Loss: 0.4295 - Train Metric: 0.8777
Epoch 44/50 - Val Metric: 0.8929
Epoch 45/50 - Train Loss: 0.4317 - Train Metric: 0.8761
Epoch 45/50 - Val Metric: 0.8931
Epoch 46/50 - Train Loss: 0.4272 - Train Metric: 0.8786
Epoch 46/50 - Val Metric: 0.8954
Epoch 47/50 - Train Loss: 0.4264 - Train Metric: 0.8797
Epoch 47/50 - Val Metric: 0.8950
Epoch 48/50 - Train Loss: 0.4239 - Train Metric: 0.8816
Epoch 48/50 - Val Metric: 0.8964
Epoch 49/50 - Train Loss: 0.4275 - Train Metric: 0.8797
Epoch 49/50 - Val Metric: 0.8901
Epoch 50/50 - Train Loss: 0.4319 - Train Metric: 0.8765
Epoch 50/50 - Val Metric: 0.8934
Best val: 0.8964, Best test: 0.8846
Training set has 10700 instances
Validation set has 1337 instances
Test set has 1339 instances
Epoch 1/50 - Train Loss: 0.7074 - Train Metric: 0.4938
Epoch 1/50 - Val Metric: 0.6595
Epoch 2/50 - Train Loss: 0.6943 - Train Metric: 0.5030
Epoch 2/50 - Val Metric: 0.6599
Epoch 3/50 - Train Loss: 0.6939 - Train Metric: 0.5043
Epoch 3/50 - Val Metric: 0.6726
Epoch 4/50 - Train Loss: 0.6948 - Train Metric: 0.5119
Epoch 4/50 - Val Metric: 0.6742
Epoch 5/50 - Train Loss: 0.6933 - Train Metric: 0.5086
Epoch 5/50 - Val Metric: 0.6804
Epoch 6/50 - Train Loss: 0.6904 - Train Metric: 0.5240
Epoch 6/50 - Val Metric: 0.7648
Epoch 7/50 - Train Loss: 0.5520 - Train Metric: 0.7861
Epoch 7/50 - Val Metric: 0.8390
Epoch 8/50 - Train Loss: 0.4872 - Train Metric: 0.8392
Epoch 8/50 - Val Metric: 0.8684
Epoch 9/50 - Train Loss: 0.4449 - Train Metric: 0.8708
Epoch 9/50 - Val Metric: 0.8844
Epoch 10/50 - Train Loss: 0.4324 - Train Metric: 0.8795
Epoch 10/50 - Val Metric: 0.8839
Epoch 11/50 - Train Loss: 0.4174 - Train Metric: 0.8864
Epoch 11/50 - Val Metric: 0.8944
Epoch 12/50 - Train Loss: 0.4094 - Train Metric: 0.8911
Epoch 12/50 - Val Metric: 0.8955
Epoch 13/50 - Train Loss: 0.4080 - Train Metric: 0.8917
Epoch 13/50 - Val Metric: 0.8949
Epoch 14/50 - Train Loss: 0.4072 - Train Metric: 0.8927
Epoch 14/50 - Val Metric: 0.8889
Epoch 15/50 - Train Loss: 0.4118 - Train Metric: 0.8900
Epoch 15/50 - Val Metric: 0.8951
Epoch 16/50 - Train Loss: 0.3939 - Train Metric: 0.8992
Epoch 16/50 - Val Metric: 0.9001
Epoch 17/50 - Train Loss: 0.3923 - Train Metric: 0.8999
Epoch 17/50 - Val Metric: 0.9013
Epoch 18/50 - Train Loss: 0.3925 - Train Metric: 0.8997
Epoch 18/50 - Val Metric: 0.9016
Epoch 19/50 - Train Loss: 0.3865 - Train Metric: 0.9035
Epoch 19/50 - Val Metric: 0.9019
Epoch 20/50 - Train Loss: 0.3856 - Train Metric: 0.9034
Epoch 20/50 - Val Metric: 0.9015
Epoch 21/50 - Train Loss: 0.3812 - Train Metric: 0.9057
Epoch 21/50 - Val Metric: 0.9042
Epoch 22/50 - Train Loss: 0.3804 - Train Metric: 0.9064
Epoch 22/50 - Val Metric: 0.9039
Epoch 23/50 - Train Loss: 0.3788 - Train Metric: 0.9067
Epoch 23/50 - Val Metric: 0.9065
Epoch 24/50 - Train Loss: 0.3739 - Train Metric: 0.9096
Epoch 24/50 - Val Metric: 0.9091
Epoch 25/50 - Train Loss: 0.3704 - Train Metric: 0.9108
Epoch 25/50 - Val Metric: 0.9096
Epoch 26/50 - Train Loss: 0.3708 - Train Metric: 0.9107
Epoch 26/50 - Val Metric: 0.9081
Epoch 27/50 - Train Loss: 0.3744 - Train Metric: 0.9087
Epoch 27/50 - Val Metric: 0.9088
Epoch 28/50 - Train Loss: 0.3672 - Train Metric: 0.9125
Epoch 28/50 - Val Metric: 0.9108
Epoch 29/50 - Train Loss: 0.3666 - Train Metric: 0.9127
Epoch 29/50 - Val Metric: 0.9114
Epoch 30/50 - Train Loss: 0.3644 - Train Metric: 0.9137
Epoch 30/50 - Val Metric: 0.9153
Epoch 31/50 - Train Loss: 0.3585 - Train Metric: 0.9166
Epoch 31/50 - Val Metric: 0.9146
Epoch 32/50 - Train Loss: 0.3577 - Train Metric: 0.9168
Epoch 32/50 - Val Metric: 0.9156
Epoch 33/50 - Train Loss: 0.3556 - Train Metric: 0.9175
Epoch 33/50 - Val Metric: 0.9136
Epoch 34/50 - Train Loss: 0.3523 - Train Metric: 0.9193
Epoch 34/50 - Val Metric: 0.9190
Epoch 35/50 - Train Loss: 0.3523 - Train Metric: 0.9188
Epoch 35/50 - Val Metric: 0.9201
Epoch 36/50 - Train Loss: 0.3523 - Train Metric: 0.9193
Epoch 36/50 - Val Metric: 0.9174
Epoch 37/50 - Train Loss: 0.3525 - Train Metric: 0.9190
Epoch 37/50 - Val Metric: 0.9166
Epoch 38/50 - Train Loss: 0.3483 - Train Metric: 0.9210
Epoch 38/50 - Val Metric: 0.9223
Epoch 39/50 - Train Loss: 0.3430 - Train Metric: 0.9236
Epoch 39/50 - Val Metric: 0.9187
Epoch 40/50 - Train Loss: 0.3457 - Train Metric: 0.9228
Epoch 40/50 - Val Metric: 0.9249
Epoch 41/50 - Train Loss: 0.3374 - Train Metric: 0.9264
Epoch 41/50 - Val Metric: 0.9245
Epoch 42/50 - Train Loss: 0.3374 - Train Metric: 0.9263
Epoch 42/50 - Val Metric: 0.9263
Epoch 43/50 - Train Loss: 0.3352 - Train Metric: 0.9270
Epoch 43/50 - Val Metric: 0.9264
Epoch 44/50 - Train Loss: 0.3372 - Train Metric: 0.9263
Epoch 44/50 - Val Metric: 0.9247
Epoch 45/50 - Train Loss: 0.3327 - Train Metric: 0.9281
Epoch 45/50 - Val Metric: 0.9277
Epoch 46/50 - Train Loss: 0.3350 - Train Metric: 0.9275
Epoch 46/50 - Val Metric: 0.9216
Epoch 47/50 - Train Loss: 0.3342 - Train Metric: 0.9276
Epoch 47/50 - Val Metric: 0.9286
Epoch 48/50 - Train Loss: 0.3285 - Train Metric: 0.9301
Epoch 48/50 - Val Metric: 0.9289
Epoch 49/50 - Train Loss: 0.3264 - Train Metric: 0.9308
Epoch 49/50 - Val Metric: 0.9279
Epoch 50/50 - Train Loss: 0.3277 - Train Metric: 0.9305
Epoch 50/50 - Val Metric: 0.9295
Best val: 0.9295, Best test: 0.9254
Training set has 10700 instances
Validation set has 1337 instances
Test set has 1339 instances
Epoch 1/50 - Train Loss: 0.6942 - Train Metric: 0.4966
Epoch 1/50 - Val Metric: 0.5801
Epoch 2/50 - Train Loss: 0.6919 - Train Metric: 0.5286
Epoch 2/50 - Val Metric: 0.6888
Epoch 3/50 - Train Loss: 0.6158 - Train Metric: 0.6978
Epoch 3/50 - Val Metric: 0.8162
Epoch 4/50 - Train Loss: 0.5388 - Train Metric: 0.7984
Epoch 4/50 - Val Metric: 0.8419
Epoch 5/50 - Train Loss: 0.5056 - Train Metric: 0.8313
Epoch 5/50 - Val Metric: 0.8506
Epoch 6/50 - Train Loss: 0.5053 - Train Metric: 0.8302
Epoch 6/50 - Val Metric: 0.8535
Epoch 7/50 - Train Loss: 0.5002 - Train Metric: 0.8353
Epoch 7/50 - Val Metric: 0.8569
Epoch 8/50 - Train Loss: 0.4893 - Train Metric: 0.8437
Epoch 8/50 - Val Metric: 0.8639
Epoch 9/50 - Train Loss: 0.4771 - Train Metric: 0.8519
Epoch 9/50 - Val Metric: 0.8725
Epoch 10/50 - Train Loss: 0.4695 - Train Metric: 0.8564
Epoch 10/50 - Val Metric: 0.8775
Epoch 11/50 - Train Loss: 0.4623 - Train Metric: 0.8610
Epoch 11/50 - Val Metric: 0.8776
Epoch 12/50 - Train Loss: 0.4566 - Train Metric: 0.8647
Epoch 12/50 - Val Metric: 0.8813
Epoch 13/50 - Train Loss: 0.4566 - Train Metric: 0.8644
Epoch 13/50 - Val Metric: 0.8828
Epoch 14/50 - Train Loss: 0.4527 - Train Metric: 0.8669
Epoch 14/50 - Val Metric: 0.8832
Epoch 15/50 - Train Loss: 0.4521 - Train Metric: 0.8670
Epoch 15/50 - Val Metric: 0.8724
Epoch 16/50 - Train Loss: 0.4520 - Train Metric: 0.8666
Epoch 16/50 - Val Metric: 0.8848
Epoch 17/50 - Train Loss: 0.4455 - Train Metric: 0.8708
Epoch 17/50 - Val Metric: 0.8847
Epoch 18/50 - Train Loss: 0.4460 - Train Metric: 0.8706
Epoch 18/50 - Val Metric: 0.8853
Epoch 19/50 - Train Loss: 0.4408 - Train Metric: 0.8734
Epoch 19/50 - Val Metric: 0.8877
Epoch 20/50 - Train Loss: 0.4397 - Train Metric: 0.8742
Epoch 20/50 - Val Metric: 0.8893
Epoch 21/50 - Train Loss: 0.4393 - Train Metric: 0.8749
Epoch 21/50 - Val Metric: 0.8886
Epoch 22/50 - Train Loss: 0.4395 - Train Metric: 0.8748
Epoch 22/50 - Val Metric: 0.8911
Epoch 23/50 - Train Loss: 0.4342 - Train Metric: 0.8776
Epoch 23/50 - Val Metric: 0.8918
Epoch 24/50 - Train Loss: 0.4311 - Train Metric: 0.8796
Epoch 24/50 - Val Metric: 0.8913
Epoch 25/50 - Train Loss: 0.4319 - Train Metric: 0.8789
Epoch 25/50 - Val Metric: 0.8924
Epoch 26/50 - Train Loss: 0.4320 - Train Metric: 0.8790
Epoch 26/50 - Val Metric: 0.8887
Epoch 27/50 - Train Loss: 0.4313 - Train Metric: 0.8792
Epoch 27/50 - Val Metric: 0.8950
Epoch 28/50 - Train Loss: 0.4244 - Train Metric: 0.8839
Epoch 28/50 - Val Metric: 0.8942
Epoch 29/50 - Train Loss: 0.4284 - Train Metric: 0.8819
Epoch 29/50 - Val Metric: 0.8953
Epoch 30/50 - Train Loss: 0.4256 - Train Metric: 0.8829
Epoch 30/50 - Val Metric: 0.8960
Epoch 31/50 - Train Loss: 0.4214 - Train Metric: 0.8856
Epoch 31/50 - Val Metric: 0.8951
Epoch 32/50 - Train Loss: 0.4219 - Train Metric: 0.8854
Epoch 32/50 - Val Metric: 0.8966
Epoch 33/50 - Train Loss: 0.4211 - Train Metric: 0.8858
Epoch 33/50 - Val Metric: 0.8983
Epoch 34/50 - Train Loss: 0.4231 - Train Metric: 0.8841
Epoch 34/50 - Val Metric: 0.8983
Epoch 35/50 - Train Loss: 0.4166 - Train Metric: 0.8886
Epoch 35/50 - Val Metric: 0.8976
Epoch 36/50 - Train Loss: 0.4163 - Train Metric: 0.8885
Epoch 36/50 - Val Metric: 0.8960
Epoch 37/50 - Train Loss: 0.4175 - Train Metric: 0.8879
Epoch 37/50 - Val Metric: 0.8968
Epoch 38/50 - Train Loss: 0.4154 - Train Metric: 0.8892
Epoch 38/50 - Val Metric: 0.8989
Epoch 39/50 - Train Loss: 0.4167 - Train Metric: 0.8884
Epoch 39/50 - Val Metric: 0.8991
Epoch 40/50 - Train Loss: 0.4151 - Train Metric: 0.8893
Epoch 40/50 - Val Metric: 0.9001
Epoch 41/50 - Train Loss: 0.4163 - Train Metric: 0.8888
Epoch 41/50 - Val Metric: 0.8991
Epoch 42/50 - Train Loss: 0.4122 - Train Metric: 0.8910
Epoch 42/50 - Val Metric: 0.8970
Epoch 43/50 - Train Loss: 0.4110 - Train Metric: 0.8917
Epoch 43/50 - Val Metric: 0.9002
Epoch 44/50 - Train Loss: 0.4101 - Train Metric: 0.8922
Epoch 44/50 - Val Metric: 0.9007
Epoch 45/50 - Train Loss: 0.4108 - Train Metric: 0.8918
Epoch 45/50 - Val Metric: 0.9006
Epoch 46/50 - Train Loss: 0.4109 - Train Metric: 0.8917
Epoch 46/50 - Val Metric: 0.9004
Epoch 47/50 - Train Loss: 0.4113 - Train Metric: 0.8914
Epoch 47/50 - Val Metric: 0.9003
Epoch 48/50 - Train Loss: 0.4103 - Train Metric: 0.8921
Epoch 48/50 - Val Metric: 0.9002
Epoch 49/50 - Train Loss: 0.4084 - Train Metric: 0.8933
Epoch 49/50 - Val Metric: 0.9012
Epoch 50/50 - Train Loss: 0.4074 - Train Metric: 0.8938
Epoch 50/50 - Val Metric: 0.9013
Best val: 0.9013, Best test: 0.8971
Training set has 10700 instances
Validation set has 1337 instances
Test set has 1339 instances
Epoch 1/50 - Train Loss: 0.6975 - Train Metric: 0.5031
Epoch 1/50 - Val Metric: 0.7341
Epoch 2/50 - Train Loss: 0.6934 - Train Metric: 0.5151
Epoch 2/50 - Val Metric: 0.7753
Epoch 3/50 - Train Loss: 0.6945 - Train Metric: 0.5100
Epoch 3/50 - Val Metric: 0.7618
Epoch 4/50 - Train Loss: 0.6912 - Train Metric: 0.5354
Epoch 4/50 - Val Metric: 0.7618
Epoch 5/50 - Train Loss: 0.6518 - Train Metric: 0.6522
Epoch 5/50 - Val Metric: 0.8190
Epoch 6/50 - Train Loss: 0.5695 - Train Metric: 0.7690
Epoch 6/50 - Val Metric: 0.8369
Epoch 7/50 - Train Loss: 0.5308 - Train Metric: 0.8071
Epoch 7/50 - Val Metric: 0.8383
Epoch 8/50 - Train Loss: 0.5191 - Train Metric: 0.8178
Epoch 8/50 - Val Metric: 0.8413
Epoch 9/50 - Train Loss: 0.5221 - Train Metric: 0.8137
Epoch 9/50 - Val Metric: 0.8433
Epoch 10/50 - Train Loss: 0.5065 - Train Metric: 0.8276
Epoch 10/50 - Val Metric: 0.8467
Epoch 11/50 - Train Loss: 0.5103 - Train Metric: 0.8236
Epoch 11/50 - Val Metric: 0.8505
Epoch 12/50 - Train Loss: 0.4929 - Train Metric: 0.8375
Epoch 12/50 - Val Metric: 0.8567
Epoch 13/50 - Train Loss: 0.4872 - Train Metric: 0.8412
Epoch 13/50 - Val Metric: 0.8625
Epoch 14/50 - Train Loss: 0.4852 - Train Metric: 0.8432
Epoch 14/50 - Val Metric: 0.8735
Epoch 15/50 - Train Loss: 0.4751 - Train Metric: 0.8514
Epoch 15/50 - Val Metric: 0.8735
Epoch 16/50 - Train Loss: 0.4709 - Train Metric: 0.8537
Epoch 16/50 - Val Metric: 0.8762
Epoch 17/50 - Train Loss: 0.4597 - Train Metric: 0.8619
Epoch 17/50 - Val Metric: 0.8787
Epoch 18/50 - Train Loss: 0.4654 - Train Metric: 0.8569
Epoch 18/50 - Val Metric: 0.8766
Epoch 19/50 - Train Loss: 0.4559 - Train Metric: 0.8635
Epoch 19/50 - Val Metric: 0.8814
Epoch 20/50 - Train Loss: 0.4491 - Train Metric: 0.8677
Epoch 20/50 - Val Metric: 0.8823
Epoch 21/50 - Train Loss: 0.4518 - Train Metric: 0.8659
Epoch 21/50 - Val Metric: 0.8833
Epoch 22/50 - Train Loss: 0.4463 - Train Metric: 0.8697
Epoch 22/50 - Val Metric: 0.8856
Epoch 23/50 - Train Loss: 0.4452 - Train Metric: 0.8693
Epoch 23/50 - Val Metric: 0.8852
Epoch 24/50 - Train Loss: 0.4434 - Train Metric: 0.8712
Epoch 24/50 - Val Metric: 0.8767
Epoch 25/50 - Train Loss: 0.4462 - Train Metric: 0.8691
Epoch 25/50 - Val Metric: 0.8884
Epoch 26/50 - Train Loss: 0.4387 - Train Metric: 0.8738
Epoch 26/50 - Val Metric: 0.8901
Epoch 27/50 - Train Loss: 0.4428 - Train Metric: 0.8704
Epoch 27/50 - Val Metric: 0.8907
Epoch 28/50 - Train Loss: 0.4332 - Train Metric: 0.8768
Epoch 28/50 - Val Metric: 0.8908
Epoch 29/50 - Train Loss: 0.4277 - Train Metric: 0.8807
Epoch 29/50 - Val Metric: 0.8930
Epoch 30/50 - Train Loss: 0.4247 - Train Metric: 0.8819
Epoch 30/50 - Val Metric: 0.8939
Epoch 31/50 - Train Loss: 0.4210 - Train Metric: 0.8838
Epoch 31/50 - Val Metric: 0.8933
Epoch 32/50 - Train Loss: 0.4199 - Train Metric: 0.8847
Epoch 32/50 - Val Metric: 0.8949
Epoch 33/50 - Train Loss: 0.4167 - Train Metric: 0.8862
Epoch 33/50 - Val Metric: 0.8967
Epoch 34/50 - Train Loss: 0.4174 - Train Metric: 0.8868
Epoch 34/50 - Val Metric: 0.8966
Epoch 35/50 - Train Loss: 0.4194 - Train Metric: 0.8850
Epoch 35/50 - Val Metric: 0.8968
Epoch 36/50 - Train Loss: 0.4117 - Train Metric: 0.8897
Epoch 36/50 - Val Metric: 0.8930
Epoch 37/50 - Train Loss: 0.4152 - Train Metric: 0.8872
Epoch 37/50 - Val Metric: 0.8978
Epoch 38/50 - Train Loss: 0.4108 - Train Metric: 0.8901
Epoch 38/50 - Val Metric: 0.8986
Epoch 39/50 - Train Loss: 0.4108 - Train Metric: 0.8901
Epoch 39/50 - Val Metric: 0.8981
Epoch 40/50 - Train Loss: 0.4061 - Train Metric: 0.8926
Epoch 40/50 - Val Metric: 0.8994
Epoch 41/50 - Train Loss: 0.4109 - Train Metric: 0.8898
Epoch 41/50 - Val Metric: 0.8949
Epoch 42/50 - Train Loss: 0.4037 - Train Metric: 0.8942
Epoch 42/50 - Val Metric: 0.9011
Epoch 43/50 - Train Loss: 0.4017 - Train Metric: 0.8947
Epoch 43/50 - Val Metric: 0.8982
Epoch 44/50 - Train Loss: 0.4084 - Train Metric: 0.8910
Epoch 44/50 - Val Metric: 0.9016
Epoch 45/50 - Train Loss: 0.4000 - Train Metric: 0.8958
Epoch 45/50 - Val Metric: 0.9011
Epoch 46/50 - Train Loss: 0.3993 - Train Metric: 0.8963
Epoch 46/50 - Val Metric: 0.9031
Epoch 47/50 - Train Loss: 0.4001 - Train Metric: 0.8952
Epoch 47/50 - Val Metric: 0.8989
Epoch 48/50 - Train Loss: 0.3983 - Train Metric: 0.8963
Epoch 48/50 - Val Metric: 0.9021
Epoch 49/50 - Train Loss: 0.3992 - Train Metric: 0.8964
Epoch 49/50 - Val Metric: 0.9045
Epoch 50/50 - Train Loss: 0.3976 - Train Metric: 0.8970
Epoch 50/50 - Val Metric: 0.9053
Best val: 0.9053, Best test: 0.9038
Training set has 10700 instances
Validation set has 1337 instances
Test set has 1339 instances
Epoch 1/50 - Train Loss: 0.6970 - Train Metric: 0.5011
Epoch 1/50 - Val Metric: 0.7252
Epoch 2/50 - Train Loss: 0.6928 - Train Metric: 0.5259
Epoch 2/50 - Val Metric: 0.7385
Epoch 3/50 - Train Loss: 0.5307 - Train Metric: 0.8072
Epoch 3/50 - Val Metric: 0.8750
Epoch 4/50 - Train Loss: 0.4444 - Train Metric: 0.8691
Epoch 4/50 - Val Metric: 0.8913
Epoch 5/50 - Train Loss: 0.4204 - Train Metric: 0.8847
Epoch 5/50 - Val Metric: 0.8921
Epoch 6/50 - Train Loss: 0.4057 - Train Metric: 0.8936
Epoch 6/50 - Val Metric: 0.9005
Epoch 7/50 - Train Loss: 0.4056 - Train Metric: 0.8924
Epoch 7/50 - Val Metric: 0.8988
Epoch 8/50 - Train Loss: 0.3972 - Train Metric: 0.8978
Epoch 8/50 - Val Metric: 0.9025
Epoch 9/50 - Train Loss: 0.3922 - Train Metric: 0.9001
Epoch 9/50 - Val Metric: 0.9033
Epoch 10/50 - Train Loss: 0.3911 - Train Metric: 0.9003
Epoch 10/50 - Val Metric: 0.9072
Epoch 11/50 - Train Loss: 0.3803 - Train Metric: 0.9062
Epoch 11/50 - Val Metric: 0.9052
Epoch 12/50 - Train Loss: 0.3799 - Train Metric: 0.9059
Epoch 12/50 - Val Metric: 0.9031
Epoch 13/50 - Train Loss: 0.3817 - Train Metric: 0.9049
Epoch 13/50 - Val Metric: 0.9083
Epoch 14/50 - Train Loss: 0.3750 - Train Metric: 0.9089
Epoch 14/50 - Val Metric: 0.9094
Epoch 15/50 - Train Loss: 0.3757 - Train Metric: 0.9078
Epoch 15/50 - Val Metric: 0.9097
Epoch 16/50 - Train Loss: 0.3697 - Train Metric: 0.9108
Epoch 16/50 - Val Metric: 0.9097
Epoch 17/50 - Train Loss: 0.3652 - Train Metric: 0.9127
Epoch 17/50 - Val Metric: 0.9072
Epoch 18/50 - Train Loss: 0.3643 - Train Metric: 0.9135
Epoch 18/50 - Val Metric: 0.9064
Epoch 19/50 - Train Loss: 0.3622 - Train Metric: 0.9149
Epoch 19/50 - Val Metric: 0.9125
Epoch 20/50 - Train Loss: 0.3627 - Train Metric: 0.9139
Epoch 20/50 - Val Metric: 0.9094
Epoch 21/50 - Train Loss: 0.3570 - Train Metric: 0.9167
Epoch 21/50 - Val Metric: 0.9130
Epoch 22/50 - Train Loss: 0.3552 - Train Metric: 0.9175
Epoch 22/50 - Val Metric: 0.9130
Epoch 23/50 - Train Loss: 0.3538 - Train Metric: 0.9183
Epoch 23/50 - Val Metric: 0.9108
Epoch 24/50 - Train Loss: 0.3573 - Train Metric: 0.9161
Epoch 24/50 - Val Metric: 0.9140
Epoch 25/50 - Train Loss: 0.3506 - Train Metric: 0.9195
Epoch 25/50 - Val Metric: 0.9143
Epoch 26/50 - Train Loss: 0.3492 - Train Metric: 0.9203
Epoch 26/50 - Val Metric: 0.9154
Epoch 27/50 - Train Loss: 0.3476 - Train Metric: 0.9211
Epoch 27/50 - Val Metric: 0.9158
Epoch 28/50 - Train Loss: 0.3454 - Train Metric: 0.9223
Epoch 28/50 - Val Metric: 0.9163
Epoch 29/50 - Train Loss: 0.3476 - Train Metric: 0.9215
Epoch 29/50 - Val Metric: 0.9144
Epoch 30/50 - Train Loss: 0.3469 - Train Metric: 0.9216
Epoch 30/50 - Val Metric: 0.9153
Epoch 31/50 - Train Loss: 0.3428 - Train Metric: 0.9234
Epoch 31/50 - Val Metric: 0.9124
Epoch 32/50 - Train Loss: 0.3406 - Train Metric: 0.9245
Epoch 32/50 - Val Metric: 0.9137
Epoch 33/50 - Train Loss: 0.3423 - Train Metric: 0.9239
Epoch 33/50 - Val Metric: 0.9168
Epoch 34/50 - Train Loss: 0.3403 - Train Metric: 0.9247
Epoch 34/50 - Val Metric: 0.9141
Epoch 35/50 - Train Loss: 0.3391 - Train Metric: 0.9255
Epoch 35/50 - Val Metric: 0.9156
Epoch 36/50 - Train Loss: 0.3386 - Train Metric: 0.9257
Epoch 36/50 - Val Metric: 0.9165
Epoch 37/50 - Train Loss: 0.3357 - Train Metric: 0.9272
Epoch 37/50 - Val Metric: 0.9163
Epoch 38/50 - Train Loss: 0.3324 - Train Metric: 0.9285
Epoch 38/50 - Val Metric: 0.9169
Epoch 39/50 - Train Loss: 0.3325 - Train Metric: 0.9284
Epoch 39/50 - Val Metric: 0.9172
Epoch 40/50 - Train Loss: 0.3345 - Train Metric: 0.9277
Epoch 40/50 - Val Metric: 0.9157
Epoch 41/50 - Train Loss: 0.3300 - Train Metric: 0.9298
Epoch 41/50 - Val Metric: 0.9169
Epoch 42/50 - Train Loss: 0.3289 - Train Metric: 0.9300
Epoch 42/50 - Val Metric: 0.9173
Epoch 43/50 - Train Loss: 0.3268 - Train Metric: 0.9308
Epoch 43/50 - Val Metric: 0.9182
Epoch 44/50 - Train Loss: 0.3261 - Train Metric: 0.9313
Epoch 44/50 - Val Metric: 0.9181
Epoch 45/50 - Train Loss: 0.3244 - Train Metric: 0.9321
Epoch 45/50 - Val Metric: 0.9198
Epoch 46/50 - Train Loss: 0.3232 - Train Metric: 0.9325
Epoch 46/50 - Val Metric: 0.9194
Epoch 47/50 - Train Loss: 0.3230 - Train Metric: 0.9327
Epoch 47/50 - Val Metric: 0.9205
Epoch 48/50 - Train Loss: 0.3225 - Train Metric: 0.9329
Epoch 48/50 - Val Metric: 0.9172
Epoch 49/50 - Train Loss: 0.3189 - Train Metric: 0.9348
Epoch 49/50 - Val Metric: 0.9195
Epoch 50/50 - Train Loss: 0.3196 - Train Metric: 0.9341
Epoch 50/50 - Val Metric: 0.9198
Best val: 0.9205, Best test: 0.9141
Training set has 10700 instances
Validation set has 1337 instances
Test set has 1339 instances
