Hyper-parameter search via Optuna
Namespace(task_type='binary_classification', scale='small', idx=3, epochs=50, num_trials=20, num_repeats=5, seed=0, exp_name='MemPerceiver_Ens_Attn', result_path='output/binary_classification/small/3/MemPerceiver_Ens_Attn.pt')
Device: cuda
Start building binary_classification dataset_small_3
Training set has 10700 instances
Validation set has 1337 instances
Test set has 1339 instances
Epoch 1/50 - Train Loss: 0.6959 - Train Metric: 0.4973
Epoch 1/50 - Val Metric: 0.6879
Epoch 2/50 - Train Loss: 0.6946 - Train Metric: 0.5233
Epoch 2/50 - Val Metric: 0.6311
Epoch 3/50 - Train Loss: 0.6456 - Train Metric: 0.6337
Epoch 3/50 - Val Metric: 0.8223
Epoch 4/50 - Train Loss: 0.5166 - Train Metric: 0.8143
Epoch 4/50 - Val Metric: 0.8490
Epoch 5/50 - Train Loss: 0.5051 - Train Metric: 0.8250
Epoch 5/50 - Val Metric: 0.8564
Epoch 6/50 - Train Loss: 0.4847 - Train Metric: 0.8404
Epoch 6/50 - Val Metric: 0.8652
Epoch 7/50 - Train Loss: 0.4695 - Train Metric: 0.8527
Epoch 7/50 - Val Metric: 0.8754
Epoch 8/50 - Train Loss: 0.4535 - Train Metric: 0.8631
Epoch 8/50 - Val Metric: 0.8745
Epoch 9/50 - Train Loss: 0.4454 - Train Metric: 0.8697
Epoch 9/50 - Val Metric: 0.8892
Epoch 10/50 - Train Loss: 0.4358 - Train Metric: 0.8758
Epoch 10/50 - Val Metric: 0.8741
Epoch 11/50 - Train Loss: 0.4355 - Train Metric: 0.8754
Epoch 11/50 - Val Metric: 0.8918
Epoch 12/50 - Train Loss: 0.4341 - Train Metric: 0.8764
Epoch 12/50 - Val Metric: 0.8859
Epoch 13/50 - Train Loss: 0.4316 - Train Metric: 0.8781
Epoch 13/50 - Val Metric: 0.8919
Epoch 14/50 - Train Loss: 0.4249 - Train Metric: 0.8826
Epoch 14/50 - Val Metric: 0.8912
Epoch 15/50 - Train Loss: 0.4138 - Train Metric: 0.8887
Epoch 15/50 - Val Metric: 0.8972
Epoch 16/50 - Train Loss: 0.4168 - Train Metric: 0.8870
Epoch 16/50 - Val Metric: 0.8972
Epoch 17/50 - Train Loss: 0.4131 - Train Metric: 0.8895
Epoch 17/50 - Val Metric: 0.8987
Epoch 18/50 - Train Loss: 0.4091 - Train Metric: 0.8919
Epoch 18/50 - Val Metric: 0.8996
Epoch 19/50 - Train Loss: 0.4151 - Train Metric: 0.8882
Epoch 19/50 - Val Metric: 0.8961
Epoch 20/50 - Train Loss: 0.4095 - Train Metric: 0.8915
Epoch 20/50 - Val Metric: 0.8979
Epoch 21/50 - Train Loss: 0.4070 - Train Metric: 0.8929
Epoch 21/50 - Val Metric: 0.9012
Epoch 22/50 - Train Loss: 0.4053 - Train Metric: 0.8942
Epoch 22/50 - Val Metric: 0.9018
Epoch 23/50 - Train Loss: 0.4084 - Train Metric: 0.8917
Epoch 23/50 - Val Metric: 0.9008
Epoch 24/50 - Train Loss: 0.4033 - Train Metric: 0.8953
Epoch 24/50 - Val Metric: 0.8951
Epoch 25/50 - Train Loss: 0.4064 - Train Metric: 0.8937
Epoch 25/50 - Val Metric: 0.8999
Epoch 26/50 - Train Loss: 0.4007 - Train Metric: 0.8968
Epoch 26/50 - Val Metric: 0.9020
Epoch 27/50 - Train Loss: 0.4023 - Train Metric: 0.8952
Epoch 27/50 - Val Metric: 0.8998
Epoch 28/50 - Train Loss: 0.4000 - Train Metric: 0.8965
Epoch 28/50 - Val Metric: 0.9038
Epoch 29/50 - Train Loss: 0.3986 - Train Metric: 0.8975
Epoch 29/50 - Val Metric: 0.9038
Epoch 30/50 - Train Loss: 0.3993 - Train Metric: 0.8972
Epoch 30/50 - Val Metric: 0.9038
Epoch 31/50 - Train Loss: 0.3992 - Train Metric: 0.8968
Epoch 31/50 - Val Metric: 0.9052
Epoch 32/50 - Train Loss: 0.3961 - Train Metric: 0.8988
Epoch 32/50 - Val Metric: 0.9042
Epoch 33/50 - Train Loss: 0.3953 - Train Metric: 0.8989
Epoch 33/50 - Val Metric: 0.9049
Epoch 34/50 - Train Loss: 0.3926 - Train Metric: 0.9004
Epoch 34/50 - Val Metric: 0.9061
Epoch 35/50 - Train Loss: 0.3955 - Train Metric: 0.8991
Epoch 35/50 - Val Metric: 0.9060
Epoch 36/50 - Train Loss: 0.3929 - Train Metric: 0.9004
Epoch 36/50 - Val Metric: 0.9067
Epoch 37/50 - Train Loss: 0.3925 - Train Metric: 0.9002
Epoch 37/50 - Val Metric: 0.9064
Epoch 38/50 - Train Loss: 0.3928 - Train Metric: 0.9004
Epoch 38/50 - Val Metric: 0.9037
Epoch 39/50 - Train Loss: 0.3919 - Train Metric: 0.9006
Epoch 39/50 - Val Metric: 0.9067
Epoch 40/50 - Train Loss: 0.3887 - Train Metric: 0.9020
Epoch 40/50 - Val Metric: 0.9076
Epoch 41/50 - Train Loss: 0.3893 - Train Metric: 0.9016
Epoch 41/50 - Val Metric: 0.9086
Epoch 42/50 - Train Loss: 0.3880 - Train Metric: 0.9023
Epoch 42/50 - Val Metric: 0.9089
Epoch 43/50 - Train Loss: 0.3871 - Train Metric: 0.9028
Epoch 43/50 - Val Metric: 0.9077
Epoch 44/50 - Train Loss: 0.3857 - Train Metric: 0.9034
Epoch 44/50 - Val Metric: 0.9094
Epoch 45/50 - Train Loss: 0.3857 - Train Metric: 0.9034
Epoch 45/50 - Val Metric: 0.9100
Epoch 46/50 - Train Loss: 0.3858 - Train Metric: 0.9034
Epoch 46/50 - Val Metric: 0.9104
Epoch 47/50 - Train Loss: 0.3858 - Train Metric: 0.9034
Epoch 47/50 - Val Metric: 0.9091
Epoch 48/50 - Train Loss: 0.3853 - Train Metric: 0.9033
Epoch 48/50 - Val Metric: 0.9098
Epoch 49/50 - Train Loss: 0.3837 - Train Metric: 0.9045
Epoch 49/50 - Val Metric: 0.9088
Epoch 50/50 - Train Loss: 0.3837 - Train Metric: 0.9042
Epoch 50/50 - Val Metric: 0.9109
Best val: 0.9109, Best test: 0.8999
Training set has 10700 instances
Validation set has 1337 instances
Test set has 1339 instances
Epoch 1/50 - Train Loss: 0.7067 - Train Metric: 0.5097
Epoch 1/50 - Val Metric: 0.6934
Epoch 2/50 - Train Loss: 0.6947 - Train Metric: 0.5045
Epoch 2/50 - Val Metric: 0.6731
Epoch 3/50 - Train Loss: 0.6939 - Train Metric: 0.5048
Epoch 3/50 - Val Metric: 0.6737
Epoch 4/50 - Train Loss: 0.6934 - Train Metric: 0.5083
Epoch 4/50 - Val Metric: 0.7018
Epoch 5/50 - Train Loss: 0.6599 - Train Metric: 0.6052
Epoch 5/50 - Val Metric: 0.7972
Epoch 6/50 - Train Loss: 0.5339 - Train Metric: 0.8003
Epoch 6/50 - Val Metric: 0.8333
Epoch 7/50 - Train Loss: 0.5026 - Train Metric: 0.8256
Epoch 7/50 - Val Metric: 0.8439
Epoch 8/50 - Train Loss: 0.4797 - Train Metric: 0.8436
Epoch 8/50 - Val Metric: 0.8546
Epoch 9/50 - Train Loss: 0.4732 - Train Metric: 0.8497
Epoch 9/50 - Val Metric: 0.8618
Epoch 10/50 - Train Loss: 0.4666 - Train Metric: 0.8537
Epoch 10/50 - Val Metric: 0.8694
Epoch 11/50 - Train Loss: 0.4573 - Train Metric: 0.8610
Epoch 11/50 - Val Metric: 0.8744
Epoch 12/50 - Train Loss: 0.4483 - Train Metric: 0.8664
Epoch 12/50 - Val Metric: 0.8787
Epoch 13/50 - Train Loss: 0.4499 - Train Metric: 0.8650
Epoch 13/50 - Val Metric: 0.8812
Epoch 14/50 - Train Loss: 0.4477 - Train Metric: 0.8661
Epoch 14/50 - Val Metric: 0.8834
Epoch 15/50 - Train Loss: 0.4373 - Train Metric: 0.8734
Epoch 15/50 - Val Metric: 0.8844
Epoch 16/50 - Train Loss: 0.4367 - Train Metric: 0.8733
Epoch 16/50 - Val Metric: 0.8856
Epoch 17/50 - Train Loss: 0.4340 - Train Metric: 0.8754
Epoch 17/50 - Val Metric: 0.8866
Epoch 18/50 - Train Loss: 0.4318 - Train Metric: 0.8763
Epoch 18/50 - Val Metric: 0.8881
Epoch 19/50 - Train Loss: 0.4288 - Train Metric: 0.8783
Epoch 19/50 - Val Metric: 0.8892
Epoch 20/50 - Train Loss: 0.4309 - Train Metric: 0.8771
Epoch 20/50 - Val Metric: 0.8902
Epoch 21/50 - Train Loss: 0.4336 - Train Metric: 0.8754
Epoch 21/50 - Val Metric: 0.8888
Epoch 22/50 - Train Loss: 0.4282 - Train Metric: 0.8788
Epoch 22/50 - Val Metric: 0.8905
Epoch 23/50 - Train Loss: 0.4258 - Train Metric: 0.8806
Epoch 23/50 - Val Metric: 0.8915
Epoch 24/50 - Train Loss: 0.4277 - Train Metric: 0.8795
Epoch 24/50 - Val Metric: 0.8917
Epoch 25/50 - Train Loss: 0.4273 - Train Metric: 0.8796
Epoch 25/50 - Val Metric: 0.8916
Epoch 26/50 - Train Loss: 0.4222 - Train Metric: 0.8824
Epoch 26/50 - Val Metric: 0.8925
Epoch 27/50 - Train Loss: 0.4237 - Train Metric: 0.8816
Epoch 27/50 - Val Metric: 0.8935
Epoch 28/50 - Train Loss: 0.4210 - Train Metric: 0.8832
Epoch 28/50 - Val Metric: 0.8938
Epoch 29/50 - Train Loss: 0.4197 - Train Metric: 0.8839
Epoch 29/50 - Val Metric: 0.8929
Epoch 30/50 - Train Loss: 0.4183 - Train Metric: 0.8847
Epoch 30/50 - Val Metric: 0.8947
Epoch 31/50 - Train Loss: 0.4192 - Train Metric: 0.8843
Epoch 31/50 - Val Metric: 0.8957
Epoch 32/50 - Train Loss: 0.4199 - Train Metric: 0.8838
Epoch 32/50 - Val Metric: 0.8942
Epoch 33/50 - Train Loss: 0.4171 - Train Metric: 0.8855
Epoch 33/50 - Val Metric: 0.8955
Epoch 34/50 - Train Loss: 0.4182 - Train Metric: 0.8849
Epoch 34/50 - Val Metric: 0.8966
Epoch 35/50 - Train Loss: 0.4181 - Train Metric: 0.8851
Epoch 35/50 - Val Metric: 0.8941
Epoch 36/50 - Train Loss: 0.4166 - Train Metric: 0.8859
Epoch 36/50 - Val Metric: 0.8961
Epoch 37/50 - Train Loss: 0.4161 - Train Metric: 0.8864
Epoch 37/50 - Val Metric: 0.8956
Epoch 38/50 - Train Loss: 0.4157 - Train Metric: 0.8863
Epoch 38/50 - Val Metric: 0.8962
Epoch 39/50 - Train Loss: 0.4160 - Train Metric: 0.8862
Epoch 39/50 - Val Metric: 0.8959
Epoch 40/50 - Train Loss: 0.4155 - Train Metric: 0.8865
Epoch 40/50 - Val Metric: 0.8969
Epoch 41/50 - Train Loss: 0.4156 - Train Metric: 0.8866
Epoch 41/50 - Val Metric: 0.8968
Epoch 42/50 - Train Loss: 0.4155 - Train Metric: 0.8867
Epoch 42/50 - Val Metric: 0.8968
Epoch 43/50 - Train Loss: 0.4150 - Train Metric: 0.8871
Epoch 43/50 - Val Metric: 0.8970
Epoch 44/50 - Train Loss: 0.4138 - Train Metric: 0.8877
Epoch 44/50 - Val Metric: 0.8979
Epoch 45/50 - Train Loss: 0.4145 - Train Metric: 0.8873
Epoch 45/50 - Val Metric: 0.8961
Epoch 46/50 - Train Loss: 0.4143 - Train Metric: 0.8874
Epoch 46/50 - Val Metric: 0.8958
Epoch 47/50 - Train Loss: 0.4149 - Train Metric: 0.8871
Epoch 47/50 - Val Metric: 0.8972
Epoch 48/50 - Train Loss: 0.4136 - Train Metric: 0.8877
Epoch 48/50 - Val Metric: 0.8974
Epoch 49/50 - Train Loss: 0.4132 - Train Metric: 0.8879
Epoch 49/50 - Val Metric: 0.8976
Epoch 50/50 - Train Loss: 0.4138 - Train Metric: 0.8878
Epoch 50/50 - Val Metric: 0.8977
Best val: 0.8979, Best test: 0.8952
Training set has 10700 instances
Validation set has 1337 instances
Test set has 1339 instances
Epoch 1/50 - Train Loss: 0.6964 - Train Metric: 0.4980
Epoch 1/50 - Val Metric: 0.6471
Epoch 2/50 - Train Loss: 0.6940 - Train Metric: 0.4987
Epoch 2/50 - Val Metric: 0.6659
Epoch 3/50 - Train Loss: 0.6173 - Train Metric: 0.6704
Epoch 3/50 - Val Metric: 0.8575
Epoch 4/50 - Train Loss: 0.4835 - Train Metric: 0.8442
Epoch 4/50 - Val Metric: 0.8772
Epoch 5/50 - Train Loss: 0.4551 - Train Metric: 0.8635
Epoch 5/50 - Val Metric: 0.8883
Epoch 6/50 - Train Loss: 0.4419 - Train Metric: 0.8713
Epoch 6/50 - Val Metric: 0.8938
Epoch 7/50 - Train Loss: 0.4377 - Train Metric: 0.8733
Epoch 7/50 - Val Metric: 0.9003
Epoch 8/50 - Train Loss: 0.4291 - Train Metric: 0.8789
Epoch 8/50 - Val Metric: 0.9045
Epoch 9/50 - Train Loss: 0.4048 - Train Metric: 0.8935
Epoch 9/50 - Val Metric: 0.9106
Epoch 10/50 - Train Loss: 0.4054 - Train Metric: 0.8914
Epoch 10/50 - Val Metric: 0.9142
Epoch 11/50 - Train Loss: 0.3908 - Train Metric: 0.9000
Epoch 11/50 - Val Metric: 0.9146
Epoch 12/50 - Train Loss: 0.3864 - Train Metric: 0.9022
Epoch 12/50 - Val Metric: 0.9190
Epoch 13/50 - Train Loss: 0.3792 - Train Metric: 0.9060
Epoch 13/50 - Val Metric: 0.9168
Epoch 14/50 - Train Loss: 0.3799 - Train Metric: 0.9051
Epoch 14/50 - Val Metric: 0.9218
Epoch 15/50 - Train Loss: 0.3763 - Train Metric: 0.9068
Epoch 15/50 - Val Metric: 0.9195
Epoch 16/50 - Train Loss: 0.3800 - Train Metric: 0.9053
Epoch 16/50 - Val Metric: 0.9203
Epoch 17/50 - Train Loss: 0.3764 - Train Metric: 0.9071
Epoch 17/50 - Val Metric: 0.9219
Epoch 18/50 - Train Loss: 0.3772 - Train Metric: 0.9066
Epoch 18/50 - Val Metric: 0.9198
Epoch 19/50 - Train Loss: 0.3745 - Train Metric: 0.9076
Epoch 19/50 - Val Metric: 0.9231
Epoch 20/50 - Train Loss: 0.3745 - Train Metric: 0.9075
Epoch 20/50 - Val Metric: 0.9241
Epoch 21/50 - Train Loss: 0.3753 - Train Metric: 0.9077
Epoch 21/50 - Val Metric: 0.9240
Epoch 22/50 - Train Loss: 0.3704 - Train Metric: 0.9098
Epoch 22/50 - Val Metric: 0.9248
Epoch 23/50 - Train Loss: 0.3719 - Train Metric: 0.9090
Epoch 23/50 - Val Metric: 0.9264
Epoch 24/50 - Train Loss: 0.3690 - Train Metric: 0.9111
Epoch 24/50 - Val Metric: 0.9233
Epoch 25/50 - Train Loss: 0.3645 - Train Metric: 0.9130
Epoch 25/50 - Val Metric: 0.9262
Epoch 26/50 - Train Loss: 0.3622 - Train Metric: 0.9136
Epoch 26/50 - Val Metric: 0.9248
Epoch 27/50 - Train Loss: 0.3632 - Train Metric: 0.9129
Epoch 27/50 - Val Metric: 0.9276
Epoch 28/50 - Train Loss: 0.3580 - Train Metric: 0.9155
Epoch 28/50 - Val Metric: 0.9268
Epoch 29/50 - Train Loss: 0.3605 - Train Metric: 0.9141
Epoch 29/50 - Val Metric: 0.9242
Epoch 30/50 - Train Loss: 0.3660 - Train Metric: 0.9119
Epoch 30/50 - Val Metric: 0.9281
Epoch 31/50 - Train Loss: 0.3606 - Train Metric: 0.9144
Epoch 31/50 - Val Metric: 0.9275
Epoch 32/50 - Train Loss: 0.3540 - Train Metric: 0.9175
Epoch 32/50 - Val Metric: 0.9288
Epoch 33/50 - Train Loss: 0.3530 - Train Metric: 0.9177
Epoch 33/50 - Val Metric: 0.9304
Epoch 34/50 - Train Loss: 0.3607 - Train Metric: 0.9149
Epoch 34/50 - Val Metric: 0.9316
Epoch 35/50 - Train Loss: 0.3518 - Train Metric: 0.9188
Epoch 35/50 - Val Metric: 0.9317
Epoch 36/50 - Train Loss: 0.3526 - Train Metric: 0.9180
Epoch 36/50 - Val Metric: 0.9332
Epoch 37/50 - Train Loss: 0.3515 - Train Metric: 0.9195
Epoch 37/50 - Val Metric: 0.9326
Epoch 38/50 - Train Loss: 0.3497 - Train Metric: 0.9194
Epoch 38/50 - Val Metric: 0.9274
Epoch 39/50 - Train Loss: 0.3473 - Train Metric: 0.9213
Epoch 39/50 - Val Metric: 0.9343
Epoch 40/50 - Train Loss: 0.3417 - Train Metric: 0.9234
Epoch 40/50 - Val Metric: 0.9363
Epoch 41/50 - Train Loss: 0.3414 - Train Metric: 0.9237
Epoch 41/50 - Val Metric: 0.9324
Epoch 42/50 - Train Loss: 0.3476 - Train Metric: 0.9205
Epoch 42/50 - Val Metric: 0.9346
Epoch 43/50 - Train Loss: 0.3370 - Train Metric: 0.9254
Epoch 43/50 - Val Metric: 0.9374
Epoch 44/50 - Train Loss: 0.3433 - Train Metric: 0.9230
Epoch 44/50 - Val Metric: 0.9308
Epoch 45/50 - Train Loss: 0.3425 - Train Metric: 0.9225
Epoch 45/50 - Val Metric: 0.9331
Epoch 46/50 - Train Loss: 0.3427 - Train Metric: 0.9231
Epoch 46/50 - Val Metric: 0.9362
Epoch 47/50 - Train Loss: 0.3347 - Train Metric: 0.9266
Epoch 47/50 - Val Metric: 0.9361
Epoch 48/50 - Train Loss: 0.3361 - Train Metric: 0.9255
Epoch 48/50 - Val Metric: 0.9331
Epoch 49/50 - Train Loss: 0.3370 - Train Metric: 0.9258
Epoch 49/50 - Val Metric: 0.9371
Epoch 50/50 - Train Loss: 0.3376 - Train Metric: 0.9253
Epoch 50/50 - Val Metric: 0.9352
Best val: 0.9374, Best test: 0.9253
Training set has 10700 instances
Validation set has 1337 instances
Test set has 1339 instances
Epoch 1/50 - Train Loss: 0.7329 - Train Metric: 0.4912
Epoch 1/50 - Val Metric: 0.6840
Epoch 2/50 - Train Loss: 0.6970 - Train Metric: 0.4897
Epoch 2/50 - Val Metric: 0.6822
Epoch 3/50 - Train Loss: 0.7020 - Train Metric: 0.5049
Epoch 3/50 - Val Metric: 0.6275
Epoch 4/50 - Train Loss: 0.6946 - Train Metric: 0.5121
Epoch 4/50 - Val Metric: 0.6130
Epoch 5/50 - Train Loss: 0.6946 - Train Metric: 0.5052
Epoch 5/50 - Val Metric: 0.6072
Epoch 6/50 - Train Loss: 0.6959 - Train Metric: 0.5128
Epoch 6/50 - Val Metric: 0.6090
Epoch 7/50 - Train Loss: 0.6971 - Train Metric: 0.4962
Epoch 7/50 - Val Metric: 0.5971
Epoch 8/50 - Train Loss: 0.6947 - Train Metric: 0.4979
Epoch 8/50 - Val Metric: 0.6018
Epoch 9/50 - Train Loss: 0.6954 - Train Metric: 0.5092
Epoch 9/50 - Val Metric: 0.6017
Epoch 10/50 - Train Loss: 0.6956 - Train Metric: 0.5105
Epoch 10/50 - Val Metric: 0.6014
Epoch 11/50 - Train Loss: 0.6944 - Train Metric: 0.5064
Epoch 11/50 - Val Metric: 0.6015
Epoch 12/50 - Train Loss: 0.6943 - Train Metric: 0.5020
Epoch 12/50 - Val Metric: 0.6025
Epoch 13/50 - Train Loss: 0.6954 - Train Metric: 0.4999
Epoch 13/50 - Val Metric: 0.6006
Epoch 14/50 - Train Loss: 0.6935 - Train Metric: 0.4879
Epoch 14/50 - Val Metric: 0.5994
Epoch 15/50 - Train Loss: 0.6935 - Train Metric: 0.4979
Epoch 15/50 - Val Metric: 0.6005
Epoch 16/50 - Train Loss: 0.6936 - Train Metric: 0.4859
Epoch 16/50 - Val Metric: 0.6026
Epoch 17/50 - Train Loss: 0.6941 - Train Metric: 0.4964
Epoch 17/50 - Val Metric: 0.6021
Epoch 18/50 - Train Loss: 0.6948 - Train Metric: 0.5016
Epoch 18/50 - Val Metric: 0.6027
Epoch 19/50 - Train Loss: 0.6943 - Train Metric: 0.5040
Epoch 19/50 - Val Metric: 0.6032
Epoch 20/50 - Train Loss: 0.6935 - Train Metric: 0.4957
Epoch 20/50 - Val Metric: 0.6027
Epoch 21/50 - Train Loss: 0.6943 - Train Metric: 0.4852
Epoch 21/50 - Val Metric: 0.6041
Epoch 22/50 - Train Loss: 0.6941 - Train Metric: 0.4979
Epoch 22/50 - Val Metric: 0.6034
Epoch 23/50 - Train Loss: 0.6941 - Train Metric: 0.5040
Epoch 23/50 - Val Metric: 0.6048
Epoch 24/50 - Train Loss: 0.6946 - Train Metric: 0.5161
Epoch 24/50 - Val Metric: 0.6058
Epoch 25/50 - Train Loss: 0.6937 - Train Metric: 0.5021
Epoch 25/50 - Val Metric: 0.6038
Epoch 26/50 - Train Loss: 0.6937 - Train Metric: 0.4985
Epoch 26/50 - Val Metric: 0.6044
Epoch 27/50 - Train Loss: 0.6943 - Train Metric: 0.5025
Epoch 27/50 - Val Metric: 0.6057
Epoch 28/50 - Train Loss: 0.6939 - Train Metric: 0.5045
Epoch 28/50 - Val Metric: 0.6053
Epoch 29/50 - Train Loss: 0.6937 - Train Metric: 0.5110
Epoch 29/50 - Val Metric: 0.6068
Epoch 30/50 - Train Loss: 0.6936 - Train Metric: 0.5007
Epoch 30/50 - Val Metric: 0.6069
Epoch 31/50 - Train Loss: 0.6936 - Train Metric: 0.4917
Epoch 31/50 - Val Metric: 0.6063
Epoch 32/50 - Train Loss: 0.6939 - Train Metric: 0.5072
Epoch 32/50 - Val Metric: 0.6065
Epoch 33/50 - Train Loss: 0.6938 - Train Metric: 0.5115
Epoch 33/50 - Val Metric: 0.6084
Epoch 34/50 - Train Loss: 0.6937 - Train Metric: 0.5058
Epoch 34/50 - Val Metric: 0.6069
Epoch 35/50 - Train Loss: 0.6938 - Train Metric: 0.5004
Epoch 35/50 - Val Metric: 0.6068
Epoch 36/50 - Train Loss: 0.6935 - Train Metric: 0.5013
Epoch 36/50 - Val Metric: 0.6067
Epoch 37/50 - Train Loss: 0.6939 - Train Metric: 0.4964
Epoch 37/50 - Val Metric: 0.6081
Epoch 38/50 - Train Loss: 0.6942 - Train Metric: 0.5034
Epoch 38/50 - Val Metric: 0.6075
Epoch 39/50 - Train Loss: 0.6932 - Train Metric: 0.4936
Epoch 39/50 - Val Metric: 0.6074
Epoch 40/50 - Train Loss: 0.6939 - Train Metric: 0.5051
Epoch 40/50 - Val Metric: 0.6070
Epoch 41/50 - Train Loss: 0.6936 - Train Metric: 0.4991
Epoch 41/50 - Val Metric: 0.6091
Epoch 42/50 - Train Loss: 0.6932 - Train Metric: 0.5032
Epoch 42/50 - Val Metric: 0.6080
Epoch 43/50 - Train Loss: 0.6936 - Train Metric: 0.4947
Epoch 43/50 - Val Metric: 0.6063
Epoch 44/50 - Train Loss: 0.6933 - Train Metric: 0.4864
Epoch 44/50 - Val Metric: 0.6070
Epoch 45/50 - Train Loss: 0.6934 - Train Metric: 0.5112
Epoch 45/50 - Val Metric: 0.6048
Epoch 46/50 - Train Loss: 0.6934 - Train Metric: 0.5015
Epoch 46/50 - Val Metric: 0.6054
Epoch 47/50 - Train Loss: 0.6935 - Train Metric: 0.5123
Epoch 47/50 - Val Metric: 0.6044
Epoch 48/50 - Train Loss: 0.6931 - Train Metric: 0.5039
Epoch 48/50 - Val Metric: 0.6048
Epoch 49/50 - Train Loss: 0.6910 - Train Metric: 0.5241
Epoch 49/50 - Val Metric: 0.5917
Epoch 50/50 - Train Loss: 0.6931 - Train Metric: 0.5102
Epoch 50/50 - Val Metric: 0.6036
Best val: 0.6840, Best test: 0.6829
Training set has 10700 instances
Validation set has 1337 instances
Test set has 1339 instances
Epoch 1/50 - Train Loss: 0.7621 - Train Metric: 0.4987
Epoch 1/50 - Val Metric: 0.7780
Epoch 2/50 - Train Loss: 0.6984 - Train Metric: 0.4946
Epoch 2/50 - Val Metric: 0.7900
Epoch 3/50 - Train Loss: 0.6980 - Train Metric: 0.5104
Epoch 3/50 - Val Metric: 0.8007
Epoch 4/50 - Train Loss: 0.6955 - Train Metric: 0.4980
Epoch 4/50 - Val Metric: 0.8032
Epoch 5/50 - Train Loss: 0.6945 - Train Metric: 0.5069
Epoch 5/50 - Val Metric: 0.8039
Epoch 6/50 - Train Loss: 0.6970 - Train Metric: 0.5093
Epoch 6/50 - Val Metric: 0.8028
Epoch 7/50 - Train Loss: 0.6949 - Train Metric: 0.5052
Epoch 7/50 - Val Metric: 0.8013
Epoch 8/50 - Train Loss: 0.6988 - Train Metric: 0.5060
Epoch 8/50 - Val Metric: 0.8001
Epoch 9/50 - Train Loss: 0.6944 - Train Metric: 0.5086
Epoch 9/50 - Val Metric: 0.7980
Epoch 10/50 - Train Loss: 0.6953 - Train Metric: 0.5125
Epoch 10/50 - Val Metric: 0.7959
Epoch 11/50 - Train Loss: 0.6955 - Train Metric: 0.4972
Epoch 11/50 - Val Metric: 0.7942
Epoch 12/50 - Train Loss: 0.6967 - Train Metric: 0.5012
Epoch 12/50 - Val Metric: 0.7920
Epoch 13/50 - Train Loss: 0.6952 - Train Metric: 0.5149
Epoch 13/50 - Val Metric: 0.7875
Epoch 14/50 - Train Loss: 0.6952 - Train Metric: 0.5021
Epoch 14/50 - Val Metric: 0.7884
Epoch 15/50 - Train Loss: 0.6873 - Train Metric: 0.5534
Epoch 15/50 - Val Metric: 0.7884
Epoch 16/50 - Train Loss: 0.6256 - Train Metric: 0.6968
Epoch 16/50 - Val Metric: 0.8268
Epoch 17/50 - Train Loss: 0.5636 - Train Metric: 0.7783
Epoch 17/50 - Val Metric: 0.7932
Epoch 18/50 - Train Loss: 0.5623 - Train Metric: 0.7757
Epoch 18/50 - Val Metric: 0.8045
Epoch 19/50 - Train Loss: 0.5148 - Train Metric: 0.8220
Epoch 19/50 - Val Metric: 0.8442
Epoch 20/50 - Train Loss: 0.5204 - Train Metric: 0.8126
Epoch 20/50 - Val Metric: 0.8462
Epoch 21/50 - Train Loss: 0.5073 - Train Metric: 0.8273
Epoch 21/50 - Val Metric: 0.8478
Epoch 22/50 - Train Loss: 0.4856 - Train Metric: 0.8438
Epoch 22/50 - Val Metric: 0.8582
Epoch 23/50 - Train Loss: 0.4727 - Train Metric: 0.8517
Epoch 23/50 - Val Metric: 0.8645
Epoch 24/50 - Train Loss: 0.4735 - Train Metric: 0.8523
Epoch 24/50 - Val Metric: 0.8586
Epoch 25/50 - Train Loss: 0.4693 - Train Metric: 0.8547
Epoch 25/50 - Val Metric: 0.8582
Epoch 26/50 - Train Loss: 0.4628 - Train Metric: 0.8583
Epoch 26/50 - Val Metric: 0.8626
Epoch 27/50 - Train Loss: 0.4583 - Train Metric: 0.8609
Epoch 27/50 - Val Metric: 0.8663
Epoch 28/50 - Train Loss: 0.4502 - Train Metric: 0.8661
Epoch 28/50 - Val Metric: 0.8619
Epoch 29/50 - Train Loss: 0.4693 - Train Metric: 0.8560
Epoch 29/50 - Val Metric: 0.8597
Epoch 30/50 - Train Loss: 0.5562 - Train Metric: 0.7878
Epoch 30/50 - Val Metric: 0.7597
Epoch 31/50 - Train Loss: 0.5779 - Train Metric: 0.7671
Epoch 31/50 - Val Metric: 0.8199
Epoch 32/50 - Train Loss: 0.5283 - Train Metric: 0.8147
Epoch 32/50 - Val Metric: 0.8052
Epoch 33/50 - Train Loss: 0.5375 - Train Metric: 0.8047
Epoch 33/50 - Val Metric: 0.8202
Epoch 34/50 - Train Loss: 0.5118 - Train Metric: 0.8269
Epoch 34/50 - Val Metric: 0.8341
Epoch 35/50 - Train Loss: 0.4908 - Train Metric: 0.8402
Epoch 35/50 - Val Metric: 0.8355
Epoch 36/50 - Train Loss: 0.5053 - Train Metric: 0.8289
Epoch 36/50 - Val Metric: 0.8295
Epoch 37/50 - Train Loss: 0.5896 - Train Metric: 0.7688
Epoch 37/50 - Val Metric: 0.8176
Epoch 38/50 - Train Loss: 0.5181 - Train Metric: 0.8206
Epoch 38/50 - Val Metric: 0.8261
Epoch 39/50 - Train Loss: 0.5072 - Train Metric: 0.8303
Epoch 39/50 - Val Metric: 0.8413
Epoch 40/50 - Train Loss: 0.4960 - Train Metric: 0.8380
Epoch 40/50 - Val Metric: 0.8463
Epoch 41/50 - Train Loss: 0.4957 - Train Metric: 0.8385
Epoch 41/50 - Val Metric: 0.8462
Epoch 42/50 - Train Loss: 0.5008 - Train Metric: 0.8349
Epoch 42/50 - Val Metric: 0.8452
Epoch 43/50 - Train Loss: 0.4816 - Train Metric: 0.8461
Epoch 43/50 - Val Metric: 0.8461
Epoch 44/50 - Train Loss: 0.4736 - Train Metric: 0.8517
Epoch 44/50 - Val Metric: 0.8513
Epoch 45/50 - Train Loss: 0.4984 - Train Metric: 0.8342
Epoch 45/50 - Val Metric: 0.8340
Epoch 46/50 - Train Loss: 0.5105 - Train Metric: 0.8269
Epoch 46/50 - Val Metric: 0.8242
Epoch 47/50 - Train Loss: 0.5101 - Train Metric: 0.8277
Epoch 47/50 - Val Metric: 0.8339
Epoch 48/50 - Train Loss: 0.4633 - Train Metric: 0.8593
Epoch 48/50 - Val Metric: 0.8737
Epoch 49/50 - Train Loss: 0.5102 - Train Metric: 0.8264
Epoch 49/50 - Val Metric: 0.7520
Epoch 50/50 - Train Loss: 0.5409 - Train Metric: 0.8019
Epoch 50/50 - Val Metric: 0.8402
Best val: 0.8737, Best test: 0.8718
Training set has 10700 instances
Validation set has 1337 instances
Test set has 1339 instances
Epoch 1/50 - Train Loss: 0.6984 - Train Metric: 0.5136
Epoch 1/50 - Val Metric: 0.7899
Epoch 2/50 - Train Loss: 0.6966 - Train Metric: 0.4983
Epoch 2/50 - Val Metric: 0.7757
Training set has 10700 instances
Validation set has 1337 instances
Test set has 1339 instances
Training set has 10700 instances
Validation set has 1337 instances
Test set has 1339 instances
Epoch 1/50 - Train Loss: 0.6948 - Train Metric: 0.5083
Epoch 1/50 - Val Metric: 0.7031
Epoch 2/50 - Train Loss: 0.6931 - Train Metric: 0.5214
Epoch 2/50 - Val Metric: 0.6970
Training set has 10700 instances
Validation set has 1337 instances
Test set has 1339 instances
Training set has 10700 instances
Validation set has 1337 instances
Test set has 1339 instances
Epoch 1/50 - Train Loss: 0.7323 - Train Metric: 0.5138
Epoch 1/50 - Val Metric: 0.7632
Epoch 2/50 - Train Loss: 0.6958 - Train Metric: 0.5051
Epoch 2/50 - Val Metric: 0.7267
Training set has 10700 instances
Validation set has 1337 instances
Test set has 1339 instances
Epoch 1/50 - Train Loss: 0.6980 - Train Metric: 0.4992
Epoch 1/50 - Val Metric: 0.8110
Epoch 2/50 - Train Loss: 0.5430 - Train Metric: 0.7966
Epoch 2/50 - Val Metric: 0.8476
Epoch 3/50 - Train Loss: 0.4712 - Train Metric: 0.8502
Epoch 3/50 - Val Metric: 0.8813
Epoch 4/50 - Train Loss: 0.4609 - Train Metric: 0.8583
Epoch 4/50 - Val Metric: 0.8902
Epoch 5/50 - Train Loss: 0.4439 - Train Metric: 0.8692
Epoch 5/50 - Val Metric: 0.8952
Epoch 6/50 - Train Loss: 0.4296 - Train Metric: 0.8786
Epoch 6/50 - Val Metric: 0.9010
Epoch 7/50 - Train Loss: 0.4198 - Train Metric: 0.8855
Epoch 7/50 - Val Metric: 0.9072
Epoch 8/50 - Train Loss: 0.4094 - Train Metric: 0.8905
Epoch 8/50 - Val Metric: 0.9051
Epoch 9/50 - Train Loss: 0.4067 - Train Metric: 0.8924
Epoch 9/50 - Val Metric: 0.8997
Epoch 10/50 - Train Loss: 0.3997 - Train Metric: 0.8963
Epoch 10/50 - Val Metric: 0.9081
Epoch 11/50 - Train Loss: 0.4113 - Train Metric: 0.8877
Epoch 11/50 - Val Metric: 0.9092
Epoch 12/50 - Train Loss: 0.4038 - Train Metric: 0.8934
Epoch 12/50 - Val Metric: 0.9152
Epoch 13/50 - Train Loss: 0.3957 - Train Metric: 0.8978
Epoch 13/50 - Val Metric: 0.9125
Epoch 14/50 - Train Loss: 0.3985 - Train Metric: 0.8964
Epoch 14/50 - Val Metric: 0.9135
Epoch 15/50 - Train Loss: 0.3913 - Train Metric: 0.9000
Epoch 15/50 - Val Metric: 0.9055
Epoch 16/50 - Train Loss: 0.3897 - Train Metric: 0.9011
Epoch 16/50 - Val Metric: 0.9102
Epoch 17/50 - Train Loss: 0.3874 - Train Metric: 0.9018
Epoch 17/50 - Val Metric: 0.9133
Epoch 18/50 - Train Loss: 0.3894 - Train Metric: 0.9011
Epoch 18/50 - Val Metric: 0.9051
Epoch 19/50 - Train Loss: 0.3852 - Train Metric: 0.9034
Epoch 19/50 - Val Metric: 0.9142
Epoch 20/50 - Train Loss: 0.3832 - Train Metric: 0.9044
Epoch 20/50 - Val Metric: 0.9113
Epoch 21/50 - Train Loss: 0.3787 - Train Metric: 0.9058
Epoch 21/50 - Val Metric: 0.9094
Epoch 22/50 - Train Loss: 0.3769 - Train Metric: 0.9070
Epoch 22/50 - Val Metric: 0.9148
Epoch 23/50 - Train Loss: 0.3718 - Train Metric: 0.9092
Epoch 23/50 - Val Metric: 0.9203
Epoch 24/50 - Train Loss: 0.3735 - Train Metric: 0.9085
Epoch 24/50 - Val Metric: 0.9173
Epoch 25/50 - Train Loss: 0.3697 - Train Metric: 0.9102
Epoch 25/50 - Val Metric: 0.9177
Epoch 26/50 - Train Loss: 0.3636 - Train Metric: 0.9129
Epoch 26/50 - Val Metric: 0.9231
Epoch 27/50 - Train Loss: 0.3676 - Train Metric: 0.9114
Epoch 27/50 - Val Metric: 0.9240
Epoch 28/50 - Train Loss: 0.3620 - Train Metric: 0.9141
Epoch 28/50 - Val Metric: 0.9259
Epoch 29/50 - Train Loss: 0.3589 - Train Metric: 0.9153
Epoch 29/50 - Val Metric: 0.9176
Epoch 30/50 - Train Loss: 0.3538 - Train Metric: 0.9174
Epoch 30/50 - Val Metric: 0.9224
Epoch 31/50 - Train Loss: 0.3545 - Train Metric: 0.9172
Epoch 31/50 - Val Metric: 0.9259
Epoch 32/50 - Train Loss: 0.3511 - Train Metric: 0.9187
Epoch 32/50 - Val Metric: 0.9270
Epoch 33/50 - Train Loss: 0.3494 - Train Metric: 0.9196
Epoch 33/50 - Val Metric: 0.9291
Epoch 34/50 - Train Loss: 0.3471 - Train Metric: 0.9213
Epoch 34/50 - Val Metric: 0.9261
Epoch 35/50 - Train Loss: 0.3480 - Train Metric: 0.9205
Epoch 35/50 - Val Metric: 0.9311
Epoch 36/50 - Train Loss: 0.3493 - Train Metric: 0.9199
Epoch 36/50 - Val Metric: 0.9256
Epoch 37/50 - Train Loss: 0.3471 - Train Metric: 0.9210
Epoch 37/50 - Val Metric: 0.9253
Epoch 38/50 - Train Loss: 0.3451 - Train Metric: 0.9220
Epoch 38/50 - Val Metric: 0.9267
Epoch 39/50 - Train Loss: 0.3497 - Train Metric: 0.9201
Epoch 39/50 - Val Metric: 0.9172
Epoch 40/50 - Train Loss: 0.3419 - Train Metric: 0.9236
Epoch 40/50 - Val Metric: 0.9308
Epoch 41/50 - Train Loss: 0.3470 - Train Metric: 0.9211
Epoch 41/50 - Val Metric: 0.9283
Epoch 42/50 - Train Loss: 0.3421 - Train Metric: 0.9228
Epoch 42/50 - Val Metric: 0.9298
Epoch 43/50 - Train Loss: 0.3404 - Train Metric: 0.9242
Epoch 43/50 - Val Metric: 0.9249
Epoch 44/50 - Train Loss: 0.3450 - Train Metric: 0.9221
Epoch 44/50 - Val Metric: 0.9265
Epoch 45/50 - Train Loss: 0.3374 - Train Metric: 0.9255
Epoch 45/50 - Val Metric: 0.9264
Epoch 46/50 - Train Loss: 0.3404 - Train Metric: 0.9235
Epoch 46/50 - Val Metric: 0.9265
Epoch 47/50 - Train Loss: 0.3371 - Train Metric: 0.9262
Epoch 47/50 - Val Metric: 0.9276
Epoch 48/50 - Train Loss: 0.3326 - Train Metric: 0.9280
Epoch 48/50 - Val Metric: 0.9190
Epoch 49/50 - Train Loss: 0.3371 - Train Metric: 0.9255
Epoch 49/50 - Val Metric: 0.9313
Epoch 50/50 - Train Loss: 0.3361 - Train Metric: 0.9256
Epoch 50/50 - Val Metric: 0.9299
Best val: 0.9313, Best test: 0.9193
Training set has 10700 instances
Validation set has 1337 instances
Test set has 1339 instances
Epoch 1/50 - Train Loss: 0.6992 - Train Metric: 0.4965
Epoch 1/50 - Val Metric: 0.6962
Epoch 2/50 - Train Loss: 0.6567 - Train Metric: 0.6277
Epoch 2/50 - Val Metric: 0.8376
Epoch 3/50 - Train Loss: 0.5068 - Train Metric: 0.8223
Epoch 3/50 - Val Metric: 0.8591
Epoch 4/50 - Train Loss: 0.4783 - Train Metric: 0.8428
Epoch 4/50 - Val Metric: 0.8710
Epoch 5/50 - Train Loss: 0.4612 - Train Metric: 0.8556
Epoch 5/50 - Val Metric: 0.8756
Epoch 6/50 - Train Loss: 0.4603 - Train Metric: 0.8571
Epoch 6/50 - Val Metric: 0.8860
Epoch 7/50 - Train Loss: 0.4450 - Train Metric: 0.8684
Epoch 7/50 - Val Metric: 0.8931
Epoch 8/50 - Train Loss: 0.4322 - Train Metric: 0.8771
Epoch 8/50 - Val Metric: 0.9007
Epoch 9/50 - Train Loss: 0.4138 - Train Metric: 0.8877
Epoch 9/50 - Val Metric: 0.9055
Epoch 10/50 - Train Loss: 0.4144 - Train Metric: 0.8868
Epoch 10/50 - Val Metric: 0.8944
Epoch 11/50 - Train Loss: 0.4074 - Train Metric: 0.8914
Epoch 11/50 - Val Metric: 0.9069
Epoch 12/50 - Train Loss: 0.4063 - Train Metric: 0.8919
Epoch 12/50 - Val Metric: 0.9114
Epoch 13/50 - Train Loss: 0.4076 - Train Metric: 0.8919
Epoch 13/50 - Val Metric: 0.8992
Epoch 14/50 - Train Loss: 0.4009 - Train Metric: 0.8956
Epoch 14/50 - Val Metric: 0.9138
Epoch 15/50 - Train Loss: 0.3908 - Train Metric: 0.9009
Epoch 15/50 - Val Metric: 0.9146
Epoch 16/50 - Train Loss: 0.3980 - Train Metric: 0.8966
Epoch 16/50 - Val Metric: 0.9160
Epoch 17/50 - Train Loss: 0.3899 - Train Metric: 0.9010
Epoch 17/50 - Val Metric: 0.9152
Epoch 18/50 - Train Loss: 0.3904 - Train Metric: 0.9006
Epoch 18/50 - Val Metric: 0.9003
Epoch 19/50 - Train Loss: 0.3897 - Train Metric: 0.9013
Epoch 19/50 - Val Metric: 0.9161
Epoch 20/50 - Train Loss: 0.3852 - Train Metric: 0.9031
Epoch 20/50 - Val Metric: 0.9174
Epoch 21/50 - Train Loss: 0.3857 - Train Metric: 0.9033
Epoch 21/50 - Val Metric: 0.9185
Epoch 22/50 - Train Loss: 0.3866 - Train Metric: 0.9022
Epoch 22/50 - Val Metric: 0.9216
Epoch 23/50 - Train Loss: 0.3829 - Train Metric: 0.9039
Epoch 23/50 - Val Metric: 0.9206
Epoch 24/50 - Train Loss: 0.3808 - Train Metric: 0.9053
Epoch 24/50 - Val Metric: 0.9221
Epoch 25/50 - Train Loss: 0.3806 - Train Metric: 0.9049
Epoch 25/50 - Val Metric: 0.9145
Epoch 26/50 - Train Loss: 0.3819 - Train Metric: 0.9041
Epoch 26/50 - Val Metric: 0.9235
Epoch 27/50 - Train Loss: 0.3738 - Train Metric: 0.9083
Epoch 27/50 - Val Metric: 0.9252
Epoch 28/50 - Train Loss: 0.3755 - Train Metric: 0.9085
Epoch 28/50 - Val Metric: 0.9273
Epoch 29/50 - Train Loss: 0.3712 - Train Metric: 0.9096
Epoch 29/50 - Val Metric: 0.9253
Epoch 30/50 - Train Loss: 0.3706 - Train Metric: 0.9098
Epoch 30/50 - Val Metric: 0.9289
Epoch 31/50 - Train Loss: 0.3713 - Train Metric: 0.9105
Epoch 31/50 - Val Metric: 0.9297
Epoch 32/50 - Train Loss: 0.3616 - Train Metric: 0.9147
Epoch 32/50 - Val Metric: 0.9310
Epoch 33/50 - Train Loss: 0.3683 - Train Metric: 0.9108
Epoch 33/50 - Val Metric: 0.9297
Epoch 34/50 - Train Loss: 0.3601 - Train Metric: 0.9154
Epoch 34/50 - Val Metric: 0.9305
Epoch 35/50 - Train Loss: 0.3632 - Train Metric: 0.9133
Epoch 35/50 - Val Metric: 0.9285
Epoch 36/50 - Train Loss: 0.3657 - Train Metric: 0.9127
Epoch 36/50 - Val Metric: 0.9320
Epoch 37/50 - Train Loss: 0.3604 - Train Metric: 0.9153
Epoch 37/50 - Val Metric: 0.9372
Epoch 38/50 - Train Loss: 0.3550 - Train Metric: 0.9179
Epoch 38/50 - Val Metric: 0.9361
Epoch 39/50 - Train Loss: 0.3556 - Train Metric: 0.9180
Epoch 39/50 - Val Metric: 0.9336
Epoch 40/50 - Train Loss: 0.3586 - Train Metric: 0.9165
Epoch 40/50 - Val Metric: 0.9341
Epoch 41/50 - Train Loss: 0.3511 - Train Metric: 0.9201
Epoch 41/50 - Val Metric: 0.9364
Epoch 42/50 - Train Loss: 0.3482 - Train Metric: 0.9209
Epoch 42/50 - Val Metric: 0.9348
Epoch 43/50 - Train Loss: 0.3492 - Train Metric: 0.9207
Epoch 43/50 - Val Metric: 0.9366
Epoch 44/50 - Train Loss: 0.3529 - Train Metric: 0.9189
Epoch 44/50 - Val Metric: 0.9380
Epoch 45/50 - Train Loss: 0.3479 - Train Metric: 0.9207
Epoch 45/50 - Val Metric: 0.9391
Epoch 46/50 - Train Loss: 0.3469 - Train Metric: 0.9214
Epoch 46/50 - Val Metric: 0.9378
Epoch 47/50 - Train Loss: 0.3468 - Train Metric: 0.9220
Epoch 47/50 - Val Metric: 0.9386
Epoch 48/50 - Train Loss: 0.3430 - Train Metric: 0.9237
Epoch 48/50 - Val Metric: 0.9381
Epoch 49/50 - Train Loss: 0.3417 - Train Metric: 0.9242
Epoch 49/50 - Val Metric: 0.9330
Epoch 50/50 - Train Loss: 0.3441 - Train Metric: 0.9231
Epoch 50/50 - Val Metric: 0.9381
Best val: 0.9391, Best test: 0.9260
Training set has 10700 instances
Validation set has 1337 instances
Test set has 1339 instances
Epoch 1/50 - Train Loss: 0.6910 - Train Metric: 0.5315
Epoch 1/50 - Val Metric: 0.7407
Epoch 2/50 - Train Loss: 0.5190 - Train Metric: 0.8175
Epoch 2/50 - Val Metric: 0.8694
Epoch 3/50 - Train Loss: 0.4787 - Train Metric: 0.8471
Epoch 3/50 - Val Metric: 0.8815
Epoch 4/50 - Train Loss: 0.4631 - Train Metric: 0.8574
Epoch 4/50 - Val Metric: 0.8854
Epoch 5/50 - Train Loss: 0.4470 - Train Metric: 0.8674
Epoch 5/50 - Val Metric: 0.8936
Epoch 6/50 - Train Loss: 0.4377 - Train Metric: 0.8737
Epoch 6/50 - Val Metric: 0.8873
Epoch 7/50 - Train Loss: 0.4367 - Train Metric: 0.8741
Epoch 7/50 - Val Metric: 0.9015
Epoch 8/50 - Train Loss: 0.4241 - Train Metric: 0.8819
Epoch 8/50 - Val Metric: 0.9038
Epoch 9/50 - Train Loss: 0.4238 - Train Metric: 0.8828
Epoch 9/50 - Val Metric: 0.9061
Epoch 10/50 - Train Loss: 0.4083 - Train Metric: 0.8913
Epoch 10/50 - Val Metric: 0.9112
Epoch 11/50 - Train Loss: 0.4015 - Train Metric: 0.8957
Epoch 11/50 - Val Metric: 0.9069
Epoch 12/50 - Train Loss: 0.3982 - Train Metric: 0.8962
Epoch 12/50 - Val Metric: 0.9062
Epoch 13/50 - Train Loss: 0.3857 - Train Metric: 0.9030
Epoch 13/50 - Val Metric: 0.9056
Epoch 14/50 - Train Loss: 0.3837 - Train Metric: 0.9041
Epoch 14/50 - Val Metric: 0.9087
Epoch 15/50 - Train Loss: 0.3830 - Train Metric: 0.9042
Epoch 15/50 - Val Metric: 0.9139
Epoch 16/50 - Train Loss: 0.3781 - Train Metric: 0.9070
Epoch 16/50 - Val Metric: 0.9148
Epoch 17/50 - Train Loss: 0.3771 - Train Metric: 0.9068
Epoch 17/50 - Val Metric: 0.9171
Epoch 18/50 - Train Loss: 0.3725 - Train Metric: 0.9087
Epoch 18/50 - Val Metric: 0.9148
Epoch 19/50 - Train Loss: 0.3725 - Train Metric: 0.9098
Epoch 19/50 - Val Metric: 0.9206
Epoch 20/50 - Train Loss: 0.3741 - Train Metric: 0.9084
Epoch 20/50 - Val Metric: 0.9155
Epoch 21/50 - Train Loss: 0.3652 - Train Metric: 0.9122
Epoch 21/50 - Val Metric: 0.9209
Epoch 22/50 - Train Loss: 0.3660 - Train Metric: 0.9125
Epoch 22/50 - Val Metric: 0.9248
Epoch 23/50 - Train Loss: 0.3681 - Train Metric: 0.9109
Epoch 23/50 - Val Metric: 0.9268
Epoch 24/50 - Train Loss: 0.3607 - Train Metric: 0.9150
Epoch 24/50 - Val Metric: 0.9236
Epoch 25/50 - Train Loss: 0.3580 - Train Metric: 0.9161
Epoch 25/50 - Val Metric: 0.9222
Epoch 26/50 - Train Loss: 0.3606 - Train Metric: 0.9146
Epoch 26/50 - Val Metric: 0.9252
Epoch 27/50 - Train Loss: 0.3583 - Train Metric: 0.9160
Epoch 27/50 - Val Metric: 0.9272
Epoch 28/50 - Train Loss: 0.3548 - Train Metric: 0.9179
Epoch 28/50 - Val Metric: 0.9287
Epoch 29/50 - Train Loss: 0.3558 - Train Metric: 0.9168
Epoch 29/50 - Val Metric: 0.9310
Epoch 30/50 - Train Loss: 0.3534 - Train Metric: 0.9182
Epoch 30/50 - Val Metric: 0.9289
Epoch 31/50 - Train Loss: 0.3500 - Train Metric: 0.9193
Epoch 31/50 - Val Metric: 0.9292
Epoch 32/50 - Train Loss: 0.3555 - Train Metric: 0.9169
Epoch 32/50 - Val Metric: 0.9324
Epoch 33/50 - Train Loss: 0.3473 - Train Metric: 0.9209
Epoch 33/50 - Val Metric: 0.9328
Epoch 34/50 - Train Loss: 0.3475 - Train Metric: 0.9208
Epoch 34/50 - Val Metric: 0.9323
Epoch 35/50 - Train Loss: 0.3472 - Train Metric: 0.9211
Epoch 35/50 - Val Metric: 0.9284
Epoch 36/50 - Train Loss: 0.3468 - Train Metric: 0.9216
Epoch 36/50 - Val Metric: 0.9326
Epoch 37/50 - Train Loss: 0.3440 - Train Metric: 0.9232
Epoch 37/50 - Val Metric: 0.9313
Epoch 38/50 - Train Loss: 0.3470 - Train Metric: 0.9216
Epoch 38/50 - Val Metric: 0.9317
Epoch 39/50 - Train Loss: 0.3434 - Train Metric: 0.9228
Epoch 39/50 - Val Metric: 0.9326
Epoch 40/50 - Train Loss: 0.3493 - Train Metric: 0.9205
Epoch 40/50 - Val Metric: 0.9335
Epoch 41/50 - Train Loss: 0.3443 - Train Metric: 0.9224
Epoch 41/50 - Val Metric: 0.9309
Epoch 42/50 - Train Loss: 0.3437 - Train Metric: 0.9229
Epoch 42/50 - Val Metric: 0.9315
Epoch 43/50 - Train Loss: 0.3465 - Train Metric: 0.9216
Epoch 43/50 - Val Metric: 0.9345
Epoch 44/50 - Train Loss: 0.3420 - Train Metric: 0.9241
Epoch 44/50 - Val Metric: 0.9359
Epoch 45/50 - Train Loss: 0.3450 - Train Metric: 0.9224
Epoch 45/50 - Val Metric: 0.9293
Epoch 46/50 - Train Loss: 0.3384 - Train Metric: 0.9252
Epoch 46/50 - Val Metric: 0.9329
Epoch 47/50 - Train Loss: 0.3402 - Train Metric: 0.9242
Epoch 47/50 - Val Metric: 0.9301
Epoch 48/50 - Train Loss: 0.3654 - Train Metric: 0.9133
Epoch 48/50 - Val Metric: 0.9299
Epoch 49/50 - Train Loss: 0.3470 - Train Metric: 0.9220
Epoch 49/50 - Val Metric: 0.9313
Epoch 50/50 - Train Loss: 0.3437 - Train Metric: 0.9237
Epoch 50/50 - Val Metric: 0.9333
Best val: 0.9359, Best test: 0.9256
Training set has 10700 instances
Validation set has 1337 instances
Test set has 1339 instances
Training set has 10700 instances
Validation set has 1337 instances
Test set has 1339 instances
Epoch 1/50 - Train Loss: 0.6941 - Train Metric: 0.5173
Epoch 1/50 - Val Metric: 0.7596
Epoch 2/50 - Train Loss: 0.5316 - Train Metric: 0.8090
Epoch 2/50 - Val Metric: 0.8774
Epoch 3/50 - Train Loss: 0.4691 - Train Metric: 0.8541
Epoch 3/50 - Val Metric: 0.8919
Epoch 4/50 - Train Loss: 0.4540 - Train Metric: 0.8646
Epoch 4/50 - Val Metric: 0.8930
Epoch 5/50 - Train Loss: 0.4365 - Train Metric: 0.8758
Epoch 5/50 - Val Metric: 0.9056
Epoch 6/50 - Train Loss: 0.4240 - Train Metric: 0.8827
Epoch 6/50 - Val Metric: 0.8972
Epoch 7/50 - Train Loss: 0.4161 - Train Metric: 0.8876
Epoch 7/50 - Val Metric: 0.8990
Epoch 8/50 - Train Loss: 0.4105 - Train Metric: 0.8901
Epoch 8/50 - Val Metric: 0.9061
Epoch 9/50 - Train Loss: 0.4081 - Train Metric: 0.8917
Epoch 9/50 - Val Metric: 0.9128
Epoch 10/50 - Train Loss: 0.4043 - Train Metric: 0.8931
Epoch 10/50 - Val Metric: 0.9113
Epoch 11/50 - Train Loss: 0.4018 - Train Metric: 0.8952
Epoch 11/50 - Val Metric: 0.9098
Epoch 12/50 - Train Loss: 0.3986 - Train Metric: 0.8961
Epoch 12/50 - Val Metric: 0.9119
Epoch 13/50 - Train Loss: 0.4010 - Train Metric: 0.8950
Epoch 13/50 - Val Metric: 0.9185
Epoch 14/50 - Train Loss: 0.3842 - Train Metric: 0.9039
Epoch 14/50 - Val Metric: 0.9211
Epoch 15/50 - Train Loss: 0.3910 - Train Metric: 0.9002
Epoch 15/50 - Val Metric: 0.9162
Epoch 16/50 - Train Loss: 0.3824 - Train Metric: 0.9045
Epoch 16/50 - Val Metric: 0.9171
Epoch 17/50 - Train Loss: 0.3868 - Train Metric: 0.9025
Epoch 17/50 - Val Metric: 0.9101
Epoch 18/50 - Train Loss: 0.3845 - Train Metric: 0.9040
Epoch 18/50 - Val Metric: 0.9210
Epoch 19/50 - Train Loss: 0.3792 - Train Metric: 0.9067
Epoch 19/50 - Val Metric: 0.9184
Epoch 20/50 - Train Loss: 0.3750 - Train Metric: 0.9081
Epoch 20/50 - Val Metric: 0.9165
Epoch 21/50 - Train Loss: 0.3798 - Train Metric: 0.9057
Epoch 21/50 - Val Metric: 0.9212
Epoch 22/50 - Train Loss: 0.3719 - Train Metric: 0.9102
Epoch 22/50 - Val Metric: 0.9226
Epoch 23/50 - Train Loss: 0.3717 - Train Metric: 0.9097
Epoch 23/50 - Val Metric: 0.9272
Epoch 24/50 - Train Loss: 0.3737 - Train Metric: 0.9091
Epoch 24/50 - Val Metric: 0.9260
Epoch 25/50 - Train Loss: 0.3715 - Train Metric: 0.9103
Epoch 25/50 - Val Metric: 0.9226
Epoch 26/50 - Train Loss: 0.3677 - Train Metric: 0.9121
Epoch 26/50 - Val Metric: 0.9234
Epoch 27/50 - Train Loss: 0.3678 - Train Metric: 0.9117
Epoch 27/50 - Val Metric: 0.9241
Epoch 28/50 - Train Loss: 0.3644 - Train Metric: 0.9132
Epoch 28/50 - Val Metric: 0.9226
Epoch 29/50 - Train Loss: 0.3691 - Train Metric: 0.9111
Epoch 29/50 - Val Metric: 0.9208
Epoch 30/50 - Train Loss: 0.3604 - Train Metric: 0.9155
Epoch 30/50 - Val Metric: 0.9271
Epoch 31/50 - Train Loss: 0.3605 - Train Metric: 0.9152
Epoch 31/50 - Val Metric: 0.9257
Epoch 32/50 - Train Loss: 0.3588 - Train Metric: 0.9163
Epoch 32/50 - Val Metric: 0.9275
Epoch 33/50 - Train Loss: 0.3581 - Train Metric: 0.9166
Epoch 33/50 - Val Metric: 0.9281
Epoch 34/50 - Train Loss: 0.3559 - Train Metric: 0.9176
Epoch 34/50 - Val Metric: 0.9285
Epoch 35/50 - Train Loss: 0.3597 - Train Metric: 0.9160
Epoch 35/50 - Val Metric: 0.9286
Epoch 36/50 - Train Loss: 0.3528 - Train Metric: 0.9193
Epoch 36/50 - Val Metric: 0.9201
Epoch 37/50 - Train Loss: 0.3544 - Train Metric: 0.9176
Epoch 37/50 - Val Metric: 0.9260
Epoch 38/50 - Train Loss: 0.3568 - Train Metric: 0.9160
Epoch 38/50 - Val Metric: 0.9232
Epoch 39/50 - Train Loss: 0.3498 - Train Metric: 0.9203
Epoch 39/50 - Val Metric: 0.9288
Epoch 40/50 - Train Loss: 0.3514 - Train Metric: 0.9194
Epoch 40/50 - Val Metric: 0.9313
Epoch 41/50 - Train Loss: 0.3517 - Train Metric: 0.9189
Epoch 41/50 - Val Metric: 0.9259
Epoch 42/50 - Train Loss: 0.3488 - Train Metric: 0.9209
Epoch 42/50 - Val Metric: 0.9299
Epoch 43/50 - Train Loss: 0.3490 - Train Metric: 0.9202
Epoch 43/50 - Val Metric: 0.9251
Epoch 44/50 - Train Loss: 0.3496 - Train Metric: 0.9199
Epoch 44/50 - Val Metric: 0.9301
Epoch 45/50 - Train Loss: 0.3496 - Train Metric: 0.9204
Epoch 45/50 - Val Metric: 0.9309
Epoch 46/50 - Train Loss: 0.3439 - Train Metric: 0.9230
Epoch 46/50 - Val Metric: 0.9273
Epoch 47/50 - Train Loss: 0.3424 - Train Metric: 0.9231
Epoch 47/50 - Val Metric: 0.9307
Epoch 48/50 - Train Loss: 0.3394 - Train Metric: 0.9244
Epoch 48/50 - Val Metric: 0.9226
Epoch 49/50 - Train Loss: 0.3411 - Train Metric: 0.9244
Epoch 49/50 - Val Metric: 0.9303
Epoch 50/50 - Train Loss: 0.3458 - Train Metric: 0.9210
Epoch 50/50 - Val Metric: 0.9347
Best val: 0.9347, Best test: 0.9244
Training set has 10700 instances
Validation set has 1337 instances
Test set has 1339 instances
Training set has 10700 instances
Validation set has 1337 instances
Test set has 1339 instances
Training set has 10700 instances
Validation set has 1337 instances
Test set has 1339 instances
Epoch 1/50 - Train Loss: 0.6885 - Train Metric: 0.5436
Epoch 1/50 - Val Metric: 0.8065
Epoch 2/50 - Train Loss: 0.5127 - Train Metric: 0.8227
Epoch 2/50 - Val Metric: 0.8735
Epoch 3/50 - Train Loss: 0.4718 - Train Metric: 0.8537
Epoch 3/50 - Val Metric: 0.8827
Epoch 4/50 - Train Loss: 0.4506 - Train Metric: 0.8660
Epoch 4/50 - Val Metric: 0.8882
Epoch 5/50 - Train Loss: 0.4492 - Train Metric: 0.8668
Epoch 5/50 - Val Metric: 0.8880
Epoch 6/50 - Train Loss: 0.4273 - Train Metric: 0.8809
Epoch 6/50 - Val Metric: 0.8982
Epoch 7/50 - Train Loss: 0.4247 - Train Metric: 0.8820
Epoch 7/50 - Val Metric: 0.8998
Training set has 10700 instances
Validation set has 1337 instances
Test set has 1339 instances
Training set has 10700 instances
Validation set has 1337 instances
Test set has 1339 instances
Hyper-parameter search done. Found the best config.
Repeat experiments 5 times with the best train config {'batch_size': 128, 'gamma_rate': 1.0, 'base_lr': 0.001} and model config {'num_heads': 8, 'num_layers': 6, 'num_latents': 64, 'hidden_dim': 32, 'mlp_ratio': 0.25, 'dropout_prob': 0.2, 'top_k': 3}.
Training set has 10700 instances
Validation set has 1337 instances
Test set has 1339 instances
Epoch 1/50 - Train Loss: 0.6976 - Train Metric: 0.4956
Epoch 1/50 - Val Metric: 0.6697
Epoch 2/50 - Train Loss: 0.6161 - Train Metric: 0.7127
Epoch 2/50 - Val Metric: 0.8364
Epoch 3/50 - Train Loss: 0.4982 - Train Metric: 0.8306
Epoch 3/50 - Val Metric: 0.8413
Epoch 4/50 - Train Loss: 0.4797 - Train Metric: 0.8455
Epoch 4/50 - Val Metric: 0.8590
Epoch 5/50 - Train Loss: 0.4575 - Train Metric: 0.8622
Epoch 5/50 - Val Metric: 0.8684
Epoch 6/50 - Train Loss: 0.4492 - Train Metric: 0.8674
Epoch 6/50 - Val Metric: 0.8699
Epoch 7/50 - Train Loss: 0.4350 - Train Metric: 0.8767
Epoch 7/50 - Val Metric: 0.8839
Epoch 8/50 - Train Loss: 0.4292 - Train Metric: 0.8806
Epoch 8/50 - Val Metric: 0.8877
Epoch 9/50 - Train Loss: 0.4202 - Train Metric: 0.8853
Epoch 9/50 - Val Metric: 0.8811
Epoch 10/50 - Train Loss: 0.4217 - Train Metric: 0.8842
Epoch 10/50 - Val Metric: 0.8887
Epoch 11/50 - Train Loss: 0.4229 - Train Metric: 0.8827
Epoch 11/50 - Val Metric: 0.8906
Epoch 12/50 - Train Loss: 0.4063 - Train Metric: 0.8930
Epoch 12/50 - Val Metric: 0.8938
Epoch 13/50 - Train Loss: 0.4111 - Train Metric: 0.8899
Epoch 13/50 - Val Metric: 0.8948
Epoch 14/50 - Train Loss: 0.4062 - Train Metric: 0.8933
Epoch 14/50 - Val Metric: 0.8959
Epoch 15/50 - Train Loss: 0.4070 - Train Metric: 0.8923
Epoch 15/50 - Val Metric: 0.8947
Epoch 16/50 - Train Loss: 0.3938 - Train Metric: 0.8993
Epoch 16/50 - Val Metric: 0.8995
Epoch 17/50 - Train Loss: 0.3962 - Train Metric: 0.8979
Epoch 17/50 - Val Metric: 0.8898
Epoch 18/50 - Train Loss: 0.3971 - Train Metric: 0.8977
Epoch 18/50 - Val Metric: 0.8996
Epoch 19/50 - Train Loss: 0.3882 - Train Metric: 0.9019
Epoch 19/50 - Val Metric: 0.9008
Epoch 20/50 - Train Loss: 0.3850 - Train Metric: 0.9041
Epoch 20/50 - Val Metric: 0.9043
Epoch 21/50 - Train Loss: 0.3828 - Train Metric: 0.9050
Epoch 21/50 - Val Metric: 0.9007
Epoch 22/50 - Train Loss: 0.3789 - Train Metric: 0.9068
Epoch 22/50 - Val Metric: 0.9059
Epoch 23/50 - Train Loss: 0.3796 - Train Metric: 0.9065
Epoch 23/50 - Val Metric: 0.9082
Epoch 24/50 - Train Loss: 0.3807 - Train Metric: 0.9054
Epoch 24/50 - Val Metric: 0.9046
Epoch 25/50 - Train Loss: 0.3771 - Train Metric: 0.9077
Epoch 25/50 - Val Metric: 0.9055
Epoch 26/50 - Train Loss: 0.3757 - Train Metric: 0.9081
Epoch 26/50 - Val Metric: 0.9015
Epoch 27/50 - Train Loss: 0.3713 - Train Metric: 0.9101
Epoch 27/50 - Val Metric: 0.9060
Epoch 28/50 - Train Loss: 0.3752 - Train Metric: 0.9079
Epoch 28/50 - Val Metric: 0.9102
Epoch 29/50 - Train Loss: 0.3692 - Train Metric: 0.9109
Epoch 29/50 - Val Metric: 0.9122
Epoch 30/50 - Train Loss: 0.3700 - Train Metric: 0.9110
Epoch 30/50 - Val Metric: 0.9106
Epoch 31/50 - Train Loss: 0.3718 - Train Metric: 0.9101
Epoch 31/50 - Val Metric: 0.9077
Epoch 32/50 - Train Loss: 0.3664 - Train Metric: 0.9126
Epoch 32/50 - Val Metric: 0.9078
Epoch 33/50 - Train Loss: 0.3679 - Train Metric: 0.9113
Epoch 33/50 - Val Metric: 0.9133
Epoch 34/50 - Train Loss: 0.3606 - Train Metric: 0.9156
Epoch 34/50 - Val Metric: 0.9132
Epoch 35/50 - Train Loss: 0.3648 - Train Metric: 0.9135
Epoch 35/50 - Val Metric: 0.9086
Epoch 36/50 - Train Loss: 0.3596 - Train Metric: 0.9152
Epoch 36/50 - Val Metric: 0.9119
Epoch 37/50 - Train Loss: 0.3614 - Train Metric: 0.9150
Epoch 37/50 - Val Metric: 0.9129
Epoch 38/50 - Train Loss: 0.3611 - Train Metric: 0.9158
Epoch 38/50 - Val Metric: 0.9087
Epoch 39/50 - Train Loss: 0.3562 - Train Metric: 0.9170
Epoch 39/50 - Val Metric: 0.9109
Epoch 40/50 - Train Loss: 0.3569 - Train Metric: 0.9163
Epoch 40/50 - Val Metric: 0.9123
Epoch 41/50 - Train Loss: 0.3533 - Train Metric: 0.9184
Epoch 41/50 - Val Metric: 0.9110
Epoch 42/50 - Train Loss: 0.3536 - Train Metric: 0.9192
Epoch 42/50 - Val Metric: 0.9141
Epoch 43/50 - Train Loss: 0.3509 - Train Metric: 0.9202
Epoch 43/50 - Val Metric: 0.9103
Epoch 44/50 - Train Loss: 0.3504 - Train Metric: 0.9209
Epoch 44/50 - Val Metric: 0.9126
Epoch 45/50 - Train Loss: 0.3488 - Train Metric: 0.9212
Epoch 45/50 - Val Metric: 0.9126
Epoch 46/50 - Train Loss: 0.3483 - Train Metric: 0.9218
Epoch 46/50 - Val Metric: 0.9134
Epoch 47/50 - Train Loss: 0.3518 - Train Metric: 0.9199
Epoch 47/50 - Val Metric: 0.9143
Epoch 48/50 - Train Loss: 0.3485 - Train Metric: 0.9213
Epoch 48/50 - Val Metric: 0.9130
Epoch 49/50 - Train Loss: 0.3493 - Train Metric: 0.9206
Epoch 49/50 - Val Metric: 0.9139
Epoch 50/50 - Train Loss: 0.3480 - Train Metric: 0.9211
Epoch 50/50 - Val Metric: 0.9132
Best val: 0.9143, Best test: 0.9221
Training set has 10700 instances
Validation set has 1337 instances
Test set has 1339 instances
Epoch 1/50 - Train Loss: 0.6981 - Train Metric: 0.5023
Epoch 1/50 - Val Metric: 0.7753
Epoch 2/50 - Train Loss: 0.5549 - Train Metric: 0.7836
Epoch 2/50 - Val Metric: 0.8530
Epoch 3/50 - Train Loss: 0.4887 - Train Metric: 0.8402
Epoch 3/50 - Val Metric: 0.8724
Epoch 4/50 - Train Loss: 0.4554 - Train Metric: 0.8636
Epoch 4/50 - Val Metric: 0.8851
Epoch 5/50 - Train Loss: 0.4559 - Train Metric: 0.8635
Epoch 5/50 - Val Metric: 0.8857
Epoch 6/50 - Train Loss: 0.4391 - Train Metric: 0.8742
Epoch 6/50 - Val Metric: 0.8943
Epoch 7/50 - Train Loss: 0.4211 - Train Metric: 0.8846
Epoch 7/50 - Val Metric: 0.8980
Epoch 8/50 - Train Loss: 0.4114 - Train Metric: 0.8901
Epoch 8/50 - Val Metric: 0.9007
Epoch 9/50 - Train Loss: 0.4017 - Train Metric: 0.8957
Epoch 9/50 - Val Metric: 0.9004
Epoch 10/50 - Train Loss: 0.4025 - Train Metric: 0.8951
Epoch 10/50 - Val Metric: 0.9000
Epoch 11/50 - Train Loss: 0.3935 - Train Metric: 0.9003
Epoch 11/50 - Val Metric: 0.9019
Epoch 12/50 - Train Loss: 0.3940 - Train Metric: 0.8999
Epoch 12/50 - Val Metric: 0.9051
Epoch 13/50 - Train Loss: 0.3930 - Train Metric: 0.9002
Epoch 13/50 - Val Metric: 0.9053
Epoch 14/50 - Train Loss: 0.3884 - Train Metric: 0.9027
Epoch 14/50 - Val Metric: 0.9044
Epoch 15/50 - Train Loss: 0.3868 - Train Metric: 0.9030
Epoch 15/50 - Val Metric: 0.9049
Epoch 16/50 - Train Loss: 0.3883 - Train Metric: 0.9030
Epoch 16/50 - Val Metric: 0.9076
Epoch 17/50 - Train Loss: 0.3844 - Train Metric: 0.9041
Epoch 17/50 - Val Metric: 0.9058
Epoch 18/50 - Train Loss: 0.3780 - Train Metric: 0.9074
Epoch 18/50 - Val Metric: 0.9094
Epoch 19/50 - Train Loss: 0.3782 - Train Metric: 0.9076
Epoch 19/50 - Val Metric: 0.9126
Epoch 20/50 - Train Loss: 0.3745 - Train Metric: 0.9095
Epoch 20/50 - Val Metric: 0.9123
Epoch 21/50 - Train Loss: 0.3708 - Train Metric: 0.9113
Epoch 21/50 - Val Metric: 0.9121
Epoch 22/50 - Train Loss: 0.3706 - Train Metric: 0.9107
Epoch 22/50 - Val Metric: 0.9168
Epoch 23/50 - Train Loss: 0.3708 - Train Metric: 0.9106
Epoch 23/50 - Val Metric: 0.9092
Epoch 24/50 - Train Loss: 0.3696 - Train Metric: 0.9110
Epoch 24/50 - Val Metric: 0.9117
Epoch 25/50 - Train Loss: 0.3689 - Train Metric: 0.9114
Epoch 25/50 - Val Metric: 0.9150
Epoch 26/50 - Train Loss: 0.3617 - Train Metric: 0.9157
Epoch 26/50 - Val Metric: 0.9165
Epoch 27/50 - Train Loss: 0.3624 - Train Metric: 0.9145
Epoch 27/50 - Val Metric: 0.9189
Epoch 28/50 - Train Loss: 0.3629 - Train Metric: 0.9146
Epoch 28/50 - Val Metric: 0.9175
Epoch 29/50 - Train Loss: 0.3562 - Train Metric: 0.9178
Epoch 29/50 - Val Metric: 0.9217
Epoch 30/50 - Train Loss: 0.3565 - Train Metric: 0.9170
Epoch 30/50 - Val Metric: 0.9196
Epoch 31/50 - Train Loss: 0.3551 - Train Metric: 0.9174
Epoch 31/50 - Val Metric: 0.9198
Epoch 32/50 - Train Loss: 0.3510 - Train Metric: 0.9199
Epoch 32/50 - Val Metric: 0.9234
Epoch 33/50 - Train Loss: 0.3550 - Train Metric: 0.9177
Epoch 33/50 - Val Metric: 0.9091
Epoch 34/50 - Train Loss: 0.3462 - Train Metric: 0.9219
Epoch 34/50 - Val Metric: 0.9218
Epoch 35/50 - Train Loss: 0.3518 - Train Metric: 0.9194
Epoch 35/50 - Val Metric: 0.9211
Epoch 36/50 - Train Loss: 0.3494 - Train Metric: 0.9205
Epoch 36/50 - Val Metric: 0.9161
Epoch 37/50 - Train Loss: 0.3527 - Train Metric: 0.9189
Epoch 37/50 - Val Metric: 0.9238
Epoch 38/50 - Train Loss: 0.3412 - Train Metric: 0.9241
Epoch 38/50 - Val Metric: 0.9190
Epoch 39/50 - Train Loss: 0.3463 - Train Metric: 0.9224
Epoch 39/50 - Val Metric: 0.9252
Epoch 40/50 - Train Loss: 0.3471 - Train Metric: 0.9217
Epoch 40/50 - Val Metric: 0.9201
Epoch 41/50 - Train Loss: 0.3401 - Train Metric: 0.9249
Epoch 41/50 - Val Metric: 0.9217
Epoch 42/50 - Train Loss: 0.3399 - Train Metric: 0.9249
Epoch 42/50 - Val Metric: 0.9270
Epoch 43/50 - Train Loss: 0.3381 - Train Metric: 0.9259
Epoch 43/50 - Val Metric: 0.9202
Epoch 44/50 - Train Loss: 0.3353 - Train Metric: 0.9274
Epoch 44/50 - Val Metric: 0.9247
Epoch 45/50 - Train Loss: 0.3366 - Train Metric: 0.9266
Epoch 45/50 - Val Metric: 0.9278
Epoch 46/50 - Train Loss: 0.3346 - Train Metric: 0.9270
Epoch 46/50 - Val Metric: 0.9205
Epoch 47/50 - Train Loss: 0.3378 - Train Metric: 0.9257
Epoch 47/50 - Val Metric: 0.9232
Epoch 48/50 - Train Loss: 0.3345 - Train Metric: 0.9272
Epoch 48/50 - Val Metric: 0.9253
Epoch 49/50 - Train Loss: 0.3340 - Train Metric: 0.9281
Epoch 49/50 - Val Metric: 0.9245
Epoch 50/50 - Train Loss: 0.3355 - Train Metric: 0.9271
Epoch 50/50 - Val Metric: 0.9261
Best val: 0.9278, Best test: 0.9179
Training set has 10700 instances
Validation set has 1337 instances
Test set has 1339 instances
Epoch 1/50 - Train Loss: 0.6987 - Train Metric: 0.4992
Epoch 1/50 - Val Metric: 0.7076
Epoch 2/50 - Train Loss: 0.5732 - Train Metric: 0.7696
Epoch 2/50 - Val Metric: 0.8510
Epoch 3/50 - Train Loss: 0.4807 - Train Metric: 0.8435
Epoch 3/50 - Val Metric: 0.8584
Epoch 4/50 - Train Loss: 0.4732 - Train Metric: 0.8480
Epoch 4/50 - Val Metric: 0.8698
Epoch 5/50 - Train Loss: 0.4590 - Train Metric: 0.8584
Epoch 5/50 - Val Metric: 0.8870
Epoch 6/50 - Train Loss: 0.4326 - Train Metric: 0.8761
Epoch 6/50 - Val Metric: 0.8963
Epoch 7/50 - Train Loss: 0.4197 - Train Metric: 0.8845
Epoch 7/50 - Val Metric: 0.8979
Epoch 8/50 - Train Loss: 0.4129 - Train Metric: 0.8886
Epoch 8/50 - Val Metric: 0.8933
Epoch 9/50 - Train Loss: 0.4062 - Train Metric: 0.8925
Epoch 9/50 - Val Metric: 0.8933
Epoch 10/50 - Train Loss: 0.4088 - Train Metric: 0.8912
Epoch 10/50 - Val Metric: 0.8996
Epoch 11/50 - Train Loss: 0.4035 - Train Metric: 0.8933
Epoch 11/50 - Val Metric: 0.8989
Epoch 12/50 - Train Loss: 0.4006 - Train Metric: 0.8953
Epoch 12/50 - Val Metric: 0.8981
Epoch 13/50 - Train Loss: 0.3934 - Train Metric: 0.8990
Epoch 13/50 - Val Metric: 0.9059
Epoch 14/50 - Train Loss: 0.3967 - Train Metric: 0.8972
Epoch 14/50 - Val Metric: 0.9001
Epoch 15/50 - Train Loss: 0.3937 - Train Metric: 0.8992
Epoch 15/50 - Val Metric: 0.9054
Epoch 16/50 - Train Loss: 0.3897 - Train Metric: 0.9015
Epoch 16/50 - Val Metric: 0.9064
Epoch 17/50 - Train Loss: 0.3889 - Train Metric: 0.9013
Epoch 17/50 - Val Metric: 0.9072
Epoch 18/50 - Train Loss: 0.3903 - Train Metric: 0.9010
Epoch 18/50 - Val Metric: 0.9069
Epoch 19/50 - Train Loss: 0.3849 - Train Metric: 0.9038
Epoch 19/50 - Val Metric: 0.9083
Epoch 20/50 - Train Loss: 0.3843 - Train Metric: 0.9039
Epoch 20/50 - Val Metric: 0.9074
Epoch 21/50 - Train Loss: 0.3871 - Train Metric: 0.9029
Epoch 21/50 - Val Metric: 0.9085
Epoch 22/50 - Train Loss: 0.3784 - Train Metric: 0.9070
Epoch 22/50 - Val Metric: 0.9134
Epoch 23/50 - Train Loss: 0.3762 - Train Metric: 0.9081
Epoch 23/50 - Val Metric: 0.9124
Epoch 24/50 - Train Loss: 0.3798 - Train Metric: 0.9060
Epoch 24/50 - Val Metric: 0.9166
Epoch 25/50 - Train Loss: 0.3733 - Train Metric: 0.9090
Epoch 25/50 - Val Metric: 0.9168
Epoch 26/50 - Train Loss: 0.3702 - Train Metric: 0.9103
Epoch 26/50 - Val Metric: 0.9202
Epoch 27/50 - Train Loss: 0.3701 - Train Metric: 0.9101
Epoch 27/50 - Val Metric: 0.9211
Epoch 28/50 - Train Loss: 0.3707 - Train Metric: 0.9101
Epoch 28/50 - Val Metric: 0.9197
Epoch 29/50 - Train Loss: 0.3590 - Train Metric: 0.9154
Epoch 29/50 - Val Metric: 0.9227
Epoch 30/50 - Train Loss: 0.3574 - Train Metric: 0.9158
Epoch 30/50 - Val Metric: 0.9217
Epoch 31/50 - Train Loss: 0.3622 - Train Metric: 0.9145
Epoch 31/50 - Val Metric: 0.9119
Epoch 32/50 - Train Loss: 0.3599 - Train Metric: 0.9156
Epoch 32/50 - Val Metric: 0.9229
Epoch 33/50 - Train Loss: 0.3541 - Train Metric: 0.9180
Epoch 33/50 - Val Metric: 0.9211
Epoch 34/50 - Train Loss: 0.3546 - Train Metric: 0.9181
Epoch 34/50 - Val Metric: 0.9280
Epoch 35/50 - Train Loss: 0.3533 - Train Metric: 0.9178
Epoch 35/50 - Val Metric: 0.9270
Epoch 36/50 - Train Loss: 0.3564 - Train Metric: 0.9168
Epoch 36/50 - Val Metric: 0.9279
Epoch 37/50 - Train Loss: 0.3529 - Train Metric: 0.9183
Epoch 37/50 - Val Metric: 0.9325
Epoch 38/50 - Train Loss: 0.3449 - Train Metric: 0.9222
Epoch 38/50 - Val Metric: 0.9288
Epoch 39/50 - Train Loss: 0.3465 - Train Metric: 0.9220
Epoch 39/50 - Val Metric: 0.9331
Epoch 40/50 - Train Loss: 0.3459 - Train Metric: 0.9220
Epoch 40/50 - Val Metric: 0.9311
Epoch 41/50 - Train Loss: 0.3461 - Train Metric: 0.9221
Epoch 41/50 - Val Metric: 0.9366
Epoch 42/50 - Train Loss: 0.3393 - Train Metric: 0.9247
Epoch 42/50 - Val Metric: 0.9325
Epoch 43/50 - Train Loss: 0.3389 - Train Metric: 0.9251
Epoch 43/50 - Val Metric: 0.9236
Epoch 44/50 - Train Loss: 0.3455 - Train Metric: 0.9228
Epoch 44/50 - Val Metric: 0.9262
Epoch 45/50 - Train Loss: 0.3472 - Train Metric: 0.9216
Epoch 45/50 - Val Metric: 0.9147
Epoch 46/50 - Train Loss: 0.3468 - Train Metric: 0.9212
Epoch 46/50 - Val Metric: 0.9329
Epoch 47/50 - Train Loss: 0.3392 - Train Metric: 0.9254
Epoch 47/50 - Val Metric: 0.9320
Epoch 48/50 - Train Loss: 0.3360 - Train Metric: 0.9269
Epoch 48/50 - Val Metric: 0.9241
Epoch 49/50 - Train Loss: 0.3377 - Train Metric: 0.9263
Epoch 49/50 - Val Metric: 0.9270
Epoch 50/50 - Train Loss: 0.3379 - Train Metric: 0.9256
Epoch 50/50 - Val Metric: 0.9325
Best val: 0.9366, Best test: 0.9262
Training set has 10700 instances
Validation set has 1337 instances
Test set has 1339 instances
Epoch 1/50 - Train Loss: 0.6671 - Train Metric: 0.6088
Epoch 1/50 - Val Metric: 0.8339
Epoch 2/50 - Train Loss: 0.5084 - Train Metric: 0.8265
Epoch 2/50 - Val Metric: 0.8600
Epoch 3/50 - Train Loss: 0.4724 - Train Metric: 0.8510
Epoch 3/50 - Val Metric: 0.8736
Epoch 4/50 - Train Loss: 0.4558 - Train Metric: 0.8628
Epoch 4/50 - Val Metric: 0.8646
Epoch 5/50 - Train Loss: 0.4406 - Train Metric: 0.8726
Epoch 5/50 - Val Metric: 0.8897
Epoch 6/50 - Train Loss: 0.4178 - Train Metric: 0.8869
Epoch 6/50 - Val Metric: 0.8917
Epoch 7/50 - Train Loss: 0.4130 - Train Metric: 0.8885
Epoch 7/50 - Val Metric: 0.8970
Epoch 8/50 - Train Loss: 0.4029 - Train Metric: 0.8941
Epoch 8/50 - Val Metric: 0.8996
Epoch 9/50 - Train Loss: 0.4134 - Train Metric: 0.8887
Epoch 9/50 - Val Metric: 0.9046
Epoch 10/50 - Train Loss: 0.3997 - Train Metric: 0.8968
Epoch 10/50 - Val Metric: 0.8927
Epoch 11/50 - Train Loss: 0.3975 - Train Metric: 0.8973
Epoch 11/50 - Val Metric: 0.9003
Epoch 12/50 - Train Loss: 0.3960 - Train Metric: 0.8977
Epoch 12/50 - Val Metric: 0.9041
Epoch 13/50 - Train Loss: 0.3904 - Train Metric: 0.9007
Epoch 13/50 - Val Metric: 0.9071
Epoch 14/50 - Train Loss: 0.3879 - Train Metric: 0.9022
Epoch 14/50 - Val Metric: 0.9076
Epoch 15/50 - Train Loss: 0.3853 - Train Metric: 0.9031
Epoch 15/50 - Val Metric: 0.9029
Epoch 16/50 - Train Loss: 0.3825 - Train Metric: 0.9048
Epoch 16/50 - Val Metric: 0.8975
Epoch 17/50 - Train Loss: 0.3747 - Train Metric: 0.9083
Epoch 17/50 - Val Metric: 0.9096
Epoch 18/50 - Train Loss: 0.3741 - Train Metric: 0.9091
Epoch 18/50 - Val Metric: 0.9099
Epoch 19/50 - Train Loss: 0.3744 - Train Metric: 0.9088
Epoch 19/50 - Val Metric: 0.9077
Epoch 20/50 - Train Loss: 0.3703 - Train Metric: 0.9113
Epoch 20/50 - Val Metric: 0.9094
Epoch 21/50 - Train Loss: 0.3690 - Train Metric: 0.9118
Epoch 21/50 - Val Metric: 0.9128
Epoch 22/50 - Train Loss: 0.3696 - Train Metric: 0.9110
Epoch 22/50 - Val Metric: 0.9126
Epoch 23/50 - Train Loss: 0.3650 - Train Metric: 0.9138
Epoch 23/50 - Val Metric: 0.9101
Epoch 24/50 - Train Loss: 0.3600 - Train Metric: 0.9166
Epoch 24/50 - Val Metric: 0.9139
Epoch 25/50 - Train Loss: 0.3638 - Train Metric: 0.9138
Epoch 25/50 - Val Metric: 0.9154
Epoch 26/50 - Train Loss: 0.3641 - Train Metric: 0.9140
Epoch 26/50 - Val Metric: 0.9106
Epoch 27/50 - Train Loss: 0.3552 - Train Metric: 0.9179
Epoch 27/50 - Val Metric: 0.9157
Epoch 28/50 - Train Loss: 0.3581 - Train Metric: 0.9167
Epoch 28/50 - Val Metric: 0.9137
Epoch 29/50 - Train Loss: 0.3582 - Train Metric: 0.9164
Epoch 29/50 - Val Metric: 0.9168
Epoch 30/50 - Train Loss: 0.3562 - Train Metric: 0.9176
Epoch 30/50 - Val Metric: 0.9162
Epoch 31/50 - Train Loss: 0.3639 - Train Metric: 0.9139
Epoch 31/50 - Val Metric: 0.9139
Epoch 32/50 - Train Loss: 0.3566 - Train Metric: 0.9173
Epoch 32/50 - Val Metric: 0.9188
Epoch 33/50 - Train Loss: 0.3547 - Train Metric: 0.9183
Epoch 33/50 - Val Metric: 0.9152
Epoch 34/50 - Train Loss: 0.3492 - Train Metric: 0.9204
Epoch 34/50 - Val Metric: 0.9158
Epoch 35/50 - Train Loss: 0.3531 - Train Metric: 0.9192
Epoch 35/50 - Val Metric: 0.9147
Epoch 36/50 - Train Loss: 0.3478 - Train Metric: 0.9215
Epoch 36/50 - Val Metric: 0.9183
Epoch 37/50 - Train Loss: 0.3448 - Train Metric: 0.9226
Epoch 37/50 - Val Metric: 0.9175
Epoch 38/50 - Train Loss: 0.3472 - Train Metric: 0.9214
Epoch 38/50 - Val Metric: 0.9166
Epoch 39/50 - Train Loss: 0.3459 - Train Metric: 0.9222
Epoch 39/50 - Val Metric: 0.9157
Epoch 40/50 - Train Loss: 0.3433 - Train Metric: 0.9231
Epoch 40/50 - Val Metric: 0.9186
Epoch 41/50 - Train Loss: 0.3459 - Train Metric: 0.9222
Epoch 41/50 - Val Metric: 0.9197
Epoch 42/50 - Train Loss: 0.3460 - Train Metric: 0.9220
Epoch 42/50 - Val Metric: 0.9214
Epoch 43/50 - Train Loss: 0.3403 - Train Metric: 0.9242
Epoch 43/50 - Val Metric: 0.9194
Epoch 44/50 - Train Loss: 0.3415 - Train Metric: 0.9248
Epoch 44/50 - Val Metric: 0.9205
Epoch 45/50 - Train Loss: 0.3369 - Train Metric: 0.9264
Epoch 45/50 - Val Metric: 0.9191
Epoch 46/50 - Train Loss: 0.3382 - Train Metric: 0.9252
Epoch 46/50 - Val Metric: 0.9200
Epoch 47/50 - Train Loss: 0.3375 - Train Metric: 0.9258
Epoch 47/50 - Val Metric: 0.9209
Epoch 48/50 - Train Loss: 0.3348 - Train Metric: 0.9273
Epoch 48/50 - Val Metric: 0.9203
Epoch 49/50 - Train Loss: 0.3367 - Train Metric: 0.9266
Epoch 49/50 - Val Metric: 0.9208
Epoch 50/50 - Train Loss: 0.3387 - Train Metric: 0.9254
Epoch 50/50 - Val Metric: 0.9232
Best val: 0.9232, Best test: 0.9278
Training set has 10700 instances
Validation set has 1337 instances
Test set has 1339 instances
Epoch 1/50 - Train Loss: 0.6660 - Train Metric: 0.6060
Epoch 1/50 - Val Metric: 0.8264
Epoch 2/50 - Train Loss: 0.5095 - Train Metric: 0.8228
Epoch 2/50 - Val Metric: 0.8491
Epoch 3/50 - Train Loss: 0.4742 - Train Metric: 0.8471
Epoch 3/50 - Val Metric: 0.8495
Epoch 4/50 - Train Loss: 0.4652 - Train Metric: 0.8555
Epoch 4/50 - Val Metric: 0.8639
Epoch 5/50 - Train Loss: 0.4523 - Train Metric: 0.8648
Epoch 5/50 - Val Metric: 0.8725
Epoch 6/50 - Train Loss: 0.4409 - Train Metric: 0.8720
Epoch 6/50 - Val Metric: 0.8603
Epoch 7/50 - Train Loss: 0.4355 - Train Metric: 0.8763
Epoch 7/50 - Val Metric: 0.8835
Epoch 8/50 - Train Loss: 0.4240 - Train Metric: 0.8829
Epoch 8/50 - Val Metric: 0.8825
Epoch 9/50 - Train Loss: 0.4132 - Train Metric: 0.8886
Epoch 9/50 - Val Metric: 0.8905
Epoch 10/50 - Train Loss: 0.4107 - Train Metric: 0.8910
Epoch 10/50 - Val Metric: 0.8933
Epoch 11/50 - Train Loss: 0.4062 - Train Metric: 0.8919
Epoch 11/50 - Val Metric: 0.8946
Epoch 12/50 - Train Loss: 0.3928 - Train Metric: 0.9002
Epoch 12/50 - Val Metric: 0.8963
Epoch 13/50 - Train Loss: 0.3906 - Train Metric: 0.9004
Epoch 13/50 - Val Metric: 0.8896
Epoch 14/50 - Train Loss: 0.3901 - Train Metric: 0.9001
Epoch 14/50 - Val Metric: 0.8968
Epoch 15/50 - Train Loss: 0.3816 - Train Metric: 0.9043
Epoch 15/50 - Val Metric: 0.8960
Epoch 16/50 - Train Loss: 0.3767 - Train Metric: 0.9074
Epoch 16/50 - Val Metric: 0.9004
Epoch 17/50 - Train Loss: 0.3762 - Train Metric: 0.9068
Epoch 17/50 - Val Metric: 0.9001
Epoch 18/50 - Train Loss: 0.3784 - Train Metric: 0.9068
Epoch 18/50 - Val Metric: 0.9031
Epoch 19/50 - Train Loss: 0.3757 - Train Metric: 0.9078
Epoch 19/50 - Val Metric: 0.9068
Epoch 20/50 - Train Loss: 0.3700 - Train Metric: 0.9108
Epoch 20/50 - Val Metric: 0.9066
Epoch 21/50 - Train Loss: 0.3657 - Train Metric: 0.9122
Epoch 21/50 - Val Metric: 0.9025
Epoch 22/50 - Train Loss: 0.3704 - Train Metric: 0.9090
Epoch 22/50 - Val Metric: 0.9062
Epoch 23/50 - Train Loss: 0.3646 - Train Metric: 0.9133
Epoch 23/50 - Val Metric: 0.9064
Epoch 24/50 - Train Loss: 0.3665 - Train Metric: 0.9124
Epoch 24/50 - Val Metric: 0.9074
Epoch 25/50 - Train Loss: 0.3612 - Train Metric: 0.9150
Epoch 25/50 - Val Metric: 0.9076
Epoch 26/50 - Train Loss: 0.3671 - Train Metric: 0.9112
Epoch 26/50 - Val Metric: 0.9074
Epoch 27/50 - Train Loss: 0.3591 - Train Metric: 0.9150
Epoch 27/50 - Val Metric: 0.9035
Epoch 28/50 - Train Loss: 0.3609 - Train Metric: 0.9146
Epoch 28/50 - Val Metric: 0.9030
Epoch 29/50 - Train Loss: 0.3609 - Train Metric: 0.9149
Epoch 29/50 - Val Metric: 0.9117
Epoch 30/50 - Train Loss: 0.3541 - Train Metric: 0.9179
Epoch 30/50 - Val Metric: 0.9056
Epoch 31/50 - Train Loss: 0.3609 - Train Metric: 0.9146
Epoch 31/50 - Val Metric: 0.9013
Epoch 32/50 - Train Loss: 0.3625 - Train Metric: 0.9145
Epoch 32/50 - Val Metric: 0.9088
Epoch 33/50 - Train Loss: 0.3524 - Train Metric: 0.9181
Epoch 33/50 - Val Metric: 0.9105
Epoch 34/50 - Train Loss: 0.3506 - Train Metric: 0.9191
Epoch 34/50 - Val Metric: 0.9088
Epoch 35/50 - Train Loss: 0.3565 - Train Metric: 0.9162
Epoch 35/50 - Val Metric: 0.9079
Epoch 36/50 - Train Loss: 0.3501 - Train Metric: 0.9190
Epoch 36/50 - Val Metric: 0.9109
Epoch 37/50 - Train Loss: 0.3486 - Train Metric: 0.9203
Epoch 37/50 - Val Metric: 0.9128
Epoch 38/50 - Train Loss: 0.3487 - Train Metric: 0.9208
Epoch 38/50 - Val Metric: 0.9084
Epoch 39/50 - Train Loss: 0.3510 - Train Metric: 0.9180
Epoch 39/50 - Val Metric: 0.9111
Epoch 40/50 - Train Loss: 0.3474 - Train Metric: 0.9196
Epoch 40/50 - Val Metric: 0.9152
Epoch 41/50 - Train Loss: 0.3452 - Train Metric: 0.9218
Epoch 41/50 - Val Metric: 0.9078
Epoch 42/50 - Train Loss: 0.3504 - Train Metric: 0.9195
Epoch 42/50 - Val Metric: 0.9069
Epoch 43/50 - Train Loss: 0.3421 - Train Metric: 0.9235
Epoch 43/50 - Val Metric: 0.9169
Epoch 44/50 - Train Loss: 0.3454 - Train Metric: 0.9211
Epoch 44/50 - Val Metric: 0.9156
Epoch 45/50 - Train Loss: 0.3449 - Train Metric: 0.9217
Epoch 45/50 - Val Metric: 0.9108
Epoch 46/50 - Train Loss: 0.3440 - Train Metric: 0.9226
Epoch 46/50 - Val Metric: 0.9082
Epoch 47/50 - Train Loss: 0.3417 - Train Metric: 0.9234
Epoch 47/50 - Val Metric: 0.9117
Epoch 48/50 - Train Loss: 0.3403 - Train Metric: 0.9241
Epoch 48/50 - Val Metric: 0.9158
Epoch 49/50 - Train Loss: 0.3422 - Train Metric: 0.9225
Epoch 49/50 - Val Metric: 0.9161
Epoch 50/50 - Train Loss: 0.3362 - Train Metric: 0.9257
Epoch 50/50 - Val Metric: 0.9139
Best val: 0.9169, Best test: 0.9309
[0.92209935 0.91787732 0.9261651  0.92779362 0.9309305 ]
