Hyper-parameter search via Optuna
Namespace(task_type='binary_classification', scale='small', idx=3, epochs=50, num_trials=20, num_repeats=5, seed=0, exp_name='MemPerceiver_ens', result_path='output/binary_classification/small/3/MemPerceiver_ens.pt')
Device: cuda
Start building binary_classification dataset_small_3
Training set has 10700 instances
Validation set has 1337 instances
Test set has 1339 instances
Epoch 1/50 - Train Loss: 0.7003 - Train Metric: 0.5058
Epoch 1/50 - Val Metric: 0.7449
Epoch 2/50 - Train Loss: 0.6957 - Train Metric: 0.5083
Epoch 2/50 - Val Metric: 0.7333
Epoch 3/50 - Train Loss: 0.6964 - Train Metric: 0.4994
Epoch 3/50 - Val Metric: 0.7173
Epoch 4/50 - Train Loss: 0.6881 - Train Metric: 0.5547
Epoch 4/50 - Val Metric: 0.7231
Epoch 5/50 - Train Loss: 0.6074 - Train Metric: 0.7102
Epoch 5/50 - Val Metric: 0.8195
Epoch 6/50 - Train Loss: 0.5491 - Train Metric: 0.7850
Epoch 6/50 - Val Metric: 0.8234
Epoch 7/50 - Train Loss: 0.5207 - Train Metric: 0.8129
Epoch 7/50 - Val Metric: 0.8252
Epoch 8/50 - Train Loss: 0.5186 - Train Metric: 0.8146
Epoch 8/50 - Val Metric: 0.8286
Epoch 9/50 - Train Loss: 0.5111 - Train Metric: 0.8204
Epoch 9/50 - Val Metric: 0.8316
Epoch 10/50 - Train Loss: 0.5108 - Train Metric: 0.8201
Epoch 10/50 - Val Metric: 0.8335
Epoch 11/50 - Train Loss: 0.5010 - Train Metric: 0.8278
Epoch 11/50 - Val Metric: 0.8351
Epoch 12/50 - Train Loss: 0.4982 - Train Metric: 0.8302
Epoch 12/50 - Val Metric: 0.8408
Epoch 13/50 - Train Loss: 0.4940 - Train Metric: 0.8339
Epoch 13/50 - Val Metric: 0.8489
Epoch 14/50 - Train Loss: 0.4910 - Train Metric: 0.8363
Epoch 14/50 - Val Metric: 0.8489
Epoch 15/50 - Train Loss: 0.4805 - Train Metric: 0.8460
Epoch 15/50 - Val Metric: 0.8627
Epoch 16/50 - Train Loss: 0.4736 - Train Metric: 0.8509
Epoch 16/50 - Val Metric: 0.8634
Epoch 17/50 - Train Loss: 0.4730 - Train Metric: 0.8519
Epoch 17/50 - Val Metric: 0.8643
Epoch 18/50 - Train Loss: 0.4655 - Train Metric: 0.8562
Epoch 18/50 - Val Metric: 0.8657
Epoch 19/50 - Train Loss: 0.4623 - Train Metric: 0.8578
Epoch 19/50 - Val Metric: 0.8677
Epoch 20/50 - Train Loss: 0.4624 - Train Metric: 0.8585
Epoch 20/50 - Val Metric: 0.8697
Epoch 21/50 - Train Loss: 0.4629 - Train Metric: 0.8584
Epoch 21/50 - Val Metric: 0.8715
Epoch 22/50 - Train Loss: 0.4594 - Train Metric: 0.8604
Epoch 22/50 - Val Metric: 0.8709
Epoch 23/50 - Train Loss: 0.4570 - Train Metric: 0.8619
Epoch 23/50 - Val Metric: 0.8708
Epoch 24/50 - Train Loss: 0.4566 - Train Metric: 0.8618
Epoch 24/50 - Val Metric: 0.8701
Epoch 25/50 - Train Loss: 0.4564 - Train Metric: 0.8623
Epoch 25/50 - Val Metric: 0.8711
Epoch 26/50 - Train Loss: 0.4569 - Train Metric: 0.8615
Epoch 26/50 - Val Metric: 0.8718
Epoch 27/50 - Train Loss: 0.4514 - Train Metric: 0.8654
Epoch 27/50 - Val Metric: 0.8706
Epoch 28/50 - Train Loss: 0.4549 - Train Metric: 0.8634
Epoch 28/50 - Val Metric: 0.8724
Epoch 29/50 - Train Loss: 0.4501 - Train Metric: 0.8659
Epoch 29/50 - Val Metric: 0.8726
Epoch 30/50 - Train Loss: 0.4523 - Train Metric: 0.8652
Epoch 30/50 - Val Metric: 0.8719
Epoch 31/50 - Train Loss: 0.4505 - Train Metric: 0.8660
Epoch 31/50 - Val Metric: 0.8726
Epoch 32/50 - Train Loss: 0.4539 - Train Metric: 0.8637
Epoch 32/50 - Val Metric: 0.8721
Epoch 33/50 - Train Loss: 0.4519 - Train Metric: 0.8654
Epoch 33/50 - Val Metric: 0.8731
Epoch 34/50 - Train Loss: 0.4498 - Train Metric: 0.8662
Epoch 34/50 - Val Metric: 0.8728
Epoch 35/50 - Train Loss: 0.4508 - Train Metric: 0.8661
Epoch 35/50 - Val Metric: 0.8727
Epoch 36/50 - Train Loss: 0.4533 - Train Metric: 0.8641
Epoch 36/50 - Val Metric: 0.8729
Epoch 37/50 - Train Loss: 0.4498 - Train Metric: 0.8666
Epoch 37/50 - Val Metric: 0.8729
Epoch 38/50 - Train Loss: 0.4477 - Train Metric: 0.8677
Epoch 38/50 - Val Metric: 0.8731
Epoch 39/50 - Train Loss: 0.4490 - Train Metric: 0.8668
Epoch 39/50 - Val Metric: 0.8730
Epoch 40/50 - Train Loss: 0.4485 - Train Metric: 0.8672
Epoch 40/50 - Val Metric: 0.8734
Epoch 41/50 - Train Loss: 0.4451 - Train Metric: 0.8698
Epoch 41/50 - Val Metric: 0.8732
Epoch 42/50 - Train Loss: 0.4470 - Train Metric: 0.8677
Epoch 42/50 - Val Metric: 0.8735
Epoch 43/50 - Train Loss: 0.4476 - Train Metric: 0.8678
Epoch 43/50 - Val Metric: 0.8733
Epoch 44/50 - Train Loss: 0.4453 - Train Metric: 0.8692
Epoch 44/50 - Val Metric: 0.8734
Epoch 45/50 - Train Loss: 0.4496 - Train Metric: 0.8665
Epoch 45/50 - Val Metric: 0.8733
Epoch 46/50 - Train Loss: 0.4458 - Train Metric: 0.8686
Epoch 46/50 - Val Metric: 0.8735
Epoch 47/50 - Train Loss: 0.4480 - Train Metric: 0.8676
Epoch 47/50 - Val Metric: 0.8733
Epoch 48/50 - Train Loss: 0.4477 - Train Metric: 0.8679
Epoch 48/50 - Val Metric: 0.8735
Epoch 49/50 - Train Loss: 0.4469 - Train Metric: 0.8681
Epoch 49/50 - Val Metric: 0.8735
Epoch 50/50 - Train Loss: 0.4475 - Train Metric: 0.8675
Epoch 50/50 - Val Metric: 0.8736
Best val: 0.8736, Best test: 0.8729
Training set has 10700 instances
Validation set has 1337 instances
Test set has 1339 instances
Epoch 1/50 - Train Loss: 0.6992 - Train Metric: 0.4981
Epoch 1/50 - Val Metric: 0.6905
Epoch 2/50 - Train Loss: 0.6955 - Train Metric: 0.5047
Epoch 2/50 - Val Metric: 0.7182
Epoch 3/50 - Train Loss: 0.5888 - Train Metric: 0.7510
Epoch 3/50 - Val Metric: 0.8139
Epoch 4/50 - Train Loss: 0.5011 - Train Metric: 0.8311
Epoch 4/50 - Val Metric: 0.8146
Epoch 5/50 - Train Loss: 0.4979 - Train Metric: 0.8331
Epoch 5/50 - Val Metric: 0.8285
Epoch 6/50 - Train Loss: 0.4819 - Train Metric: 0.8454
Epoch 6/50 - Val Metric: 0.8376
Epoch 7/50 - Train Loss: 0.4647 - Train Metric: 0.8574
Epoch 7/50 - Val Metric: 0.8522
Epoch 8/50 - Train Loss: 0.4480 - Train Metric: 0.8682
Epoch 8/50 - Val Metric: 0.8583
Epoch 9/50 - Train Loss: 0.4378 - Train Metric: 0.8746
Epoch 9/50 - Val Metric: 0.8671
Epoch 10/50 - Train Loss: 0.4257 - Train Metric: 0.8835
Epoch 10/50 - Val Metric: 0.8762
Epoch 11/50 - Train Loss: 0.4138 - Train Metric: 0.8893
Epoch 11/50 - Val Metric: 0.8776
Epoch 12/50 - Train Loss: 0.4157 - Train Metric: 0.8886
Epoch 12/50 - Val Metric: 0.8826
Epoch 13/50 - Train Loss: 0.4124 - Train Metric: 0.8898
Epoch 13/50 - Val Metric: 0.8873
Epoch 14/50 - Train Loss: 0.4021 - Train Metric: 0.8956
Epoch 14/50 - Val Metric: 0.8890
Epoch 15/50 - Train Loss: 0.3966 - Train Metric: 0.8984
Epoch 15/50 - Val Metric: 0.8879
Epoch 16/50 - Train Loss: 0.4005 - Train Metric: 0.8968
Epoch 16/50 - Val Metric: 0.8904
Epoch 17/50 - Train Loss: 0.3956 - Train Metric: 0.8983
Epoch 17/50 - Val Metric: 0.8971
Epoch 18/50 - Train Loss: 0.3865 - Train Metric: 0.9032
Epoch 18/50 - Val Metric: 0.8966
Epoch 19/50 - Train Loss: 0.3899 - Train Metric: 0.9015
Epoch 19/50 - Val Metric: 0.8969
Epoch 20/50 - Train Loss: 0.3922 - Train Metric: 0.9005
Epoch 20/50 - Val Metric: 0.9002
Epoch 21/50 - Train Loss: 0.3891 - Train Metric: 0.9026
Epoch 21/50 - Val Metric: 0.8948
Epoch 22/50 - Train Loss: 0.3851 - Train Metric: 0.9049
Epoch 22/50 - Val Metric: 0.8982
Epoch 23/50 - Train Loss: 0.3798 - Train Metric: 0.9067
Epoch 23/50 - Val Metric: 0.9002
Epoch 24/50 - Train Loss: 0.3835 - Train Metric: 0.9053
Epoch 24/50 - Val Metric: 0.9012
Epoch 25/50 - Train Loss: 0.3837 - Train Metric: 0.9050
Epoch 25/50 - Val Metric: 0.9008
Epoch 26/50 - Train Loss: 0.3765 - Train Metric: 0.9080
Epoch 26/50 - Val Metric: 0.9048
Epoch 27/50 - Train Loss: 0.3770 - Train Metric: 0.9072
Epoch 27/50 - Val Metric: 0.9027
Epoch 28/50 - Train Loss: 0.3791 - Train Metric: 0.9065
Epoch 28/50 - Val Metric: 0.8995
Epoch 29/50 - Train Loss: 0.3727 - Train Metric: 0.9099
Epoch 29/50 - Val Metric: 0.9008
Epoch 30/50 - Train Loss: 0.3716 - Train Metric: 0.9107
Epoch 30/50 - Val Metric: 0.9018
Epoch 31/50 - Train Loss: 0.3818 - Train Metric: 0.9047
Epoch 31/50 - Val Metric: 0.9052
Epoch 32/50 - Train Loss: 0.3707 - Train Metric: 0.9114
Epoch 32/50 - Val Metric: 0.9036
Epoch 33/50 - Train Loss: 0.3657 - Train Metric: 0.9133
Epoch 33/50 - Val Metric: 0.9046
Epoch 34/50 - Train Loss: 0.3701 - Train Metric: 0.9109
Epoch 34/50 - Val Metric: 0.9067
Epoch 35/50 - Train Loss: 0.3653 - Train Metric: 0.9136
Epoch 35/50 - Val Metric: 0.9059
Epoch 36/50 - Train Loss: 0.3634 - Train Metric: 0.9141
Epoch 36/50 - Val Metric: 0.8988
Epoch 37/50 - Train Loss: 0.3675 - Train Metric: 0.9125
Epoch 37/50 - Val Metric: 0.9074
Epoch 38/50 - Train Loss: 0.3668 - Train Metric: 0.9129
Epoch 38/50 - Val Metric: 0.9025
Epoch 39/50 - Train Loss: 0.3615 - Train Metric: 0.9157
Epoch 39/50 - Val Metric: 0.9067
Epoch 40/50 - Train Loss: 0.3635 - Train Metric: 0.9141
Epoch 40/50 - Val Metric: 0.9078
Epoch 41/50 - Train Loss: 0.3610 - Train Metric: 0.9153
Epoch 41/50 - Val Metric: 0.9089
Epoch 42/50 - Train Loss: 0.3596 - Train Metric: 0.9156
Epoch 42/50 - Val Metric: 0.9097
Epoch 43/50 - Train Loss: 0.3652 - Train Metric: 0.9129
Epoch 43/50 - Val Metric: 0.9064
Epoch 44/50 - Train Loss: 0.3593 - Train Metric: 0.9164
Epoch 44/50 - Val Metric: 0.9100
Epoch 45/50 - Train Loss: 0.3549 - Train Metric: 0.9179
Epoch 45/50 - Val Metric: 0.9094
Epoch 46/50 - Train Loss: 0.3580 - Train Metric: 0.9167
Epoch 46/50 - Val Metric: 0.9084
Epoch 47/50 - Train Loss: 0.3551 - Train Metric: 0.9181
Epoch 47/50 - Val Metric: 0.9083
Epoch 48/50 - Train Loss: 0.3525 - Train Metric: 0.9193
Epoch 48/50 - Val Metric: 0.9125
Epoch 49/50 - Train Loss: 0.3537 - Train Metric: 0.9181
Epoch 49/50 - Val Metric: 0.9115
Epoch 50/50 - Train Loss: 0.3535 - Train Metric: 0.9183
Epoch 50/50 - Val Metric: 0.9097
Best val: 0.9125, Best test: 0.9249
Training set has 10700 instances
Validation set has 1337 instances
Test set has 1339 instances
Epoch 1/50 - Train Loss: 0.7029 - Train Metric: 0.5132
Epoch 1/50 - Val Metric: 0.7183
Epoch 2/50 - Train Loss: 0.6962 - Train Metric: 0.4977
Epoch 2/50 - Val Metric: 0.7164
Epoch 3/50 - Train Loss: 0.6795 - Train Metric: 0.5619
Epoch 3/50 - Val Metric: 0.8357
Epoch 4/50 - Train Loss: 0.5070 - Train Metric: 0.8240
Epoch 4/50 - Val Metric: 0.8566
Epoch 5/50 - Train Loss: 0.4594 - Train Metric: 0.8558
Epoch 5/50 - Val Metric: 0.8770
Epoch 6/50 - Train Loss: 0.4419 - Train Metric: 0.8705
Epoch 6/50 - Val Metric: 0.8855
Epoch 7/50 - Train Loss: 0.4225 - Train Metric: 0.8832
Epoch 7/50 - Val Metric: 0.8984
Epoch 8/50 - Train Loss: 0.4031 - Train Metric: 0.8938
Epoch 8/50 - Val Metric: 0.9010
Epoch 9/50 - Train Loss: 0.3908 - Train Metric: 0.8999
Epoch 9/50 - Val Metric: 0.9024
Epoch 10/50 - Train Loss: 0.4039 - Train Metric: 0.8929
Epoch 10/50 - Val Metric: 0.8988
Epoch 11/50 - Train Loss: 0.3921 - Train Metric: 0.8991
Epoch 11/50 - Val Metric: 0.9034
Epoch 12/50 - Train Loss: 0.3875 - Train Metric: 0.9018
Epoch 12/50 - Val Metric: 0.9031
Epoch 13/50 - Train Loss: 0.3788 - Train Metric: 0.9058
Epoch 13/50 - Val Metric: 0.9047
Epoch 14/50 - Train Loss: 0.3811 - Train Metric: 0.9041
Epoch 14/50 - Val Metric: 0.9049
Epoch 15/50 - Train Loss: 0.3793 - Train Metric: 0.9052
Epoch 15/50 - Val Metric: 0.9042
Epoch 16/50 - Train Loss: 0.3808 - Train Metric: 0.9043
Epoch 16/50 - Val Metric: 0.9049
Epoch 17/50 - Train Loss: 0.3764 - Train Metric: 0.9073
Epoch 17/50 - Val Metric: 0.9066
Epoch 18/50 - Train Loss: 0.3761 - Train Metric: 0.9069
Epoch 18/50 - Val Metric: 0.9032
Epoch 19/50 - Train Loss: 0.3746 - Train Metric: 0.9078
Epoch 19/50 - Val Metric: 0.9063
Epoch 20/50 - Train Loss: 0.3730 - Train Metric: 0.9082
Epoch 20/50 - Val Metric: 0.9068
Epoch 21/50 - Train Loss: 0.3724 - Train Metric: 0.9087
Epoch 21/50 - Val Metric: 0.9098
Epoch 22/50 - Train Loss: 0.3688 - Train Metric: 0.9104
Epoch 22/50 - Val Metric: 0.9085
Epoch 23/50 - Train Loss: 0.3704 - Train Metric: 0.9099
Epoch 23/50 - Val Metric: 0.9085
Epoch 24/50 - Train Loss: 0.3666 - Train Metric: 0.9119
Epoch 24/50 - Val Metric: 0.9099
Epoch 25/50 - Train Loss: 0.3676 - Train Metric: 0.9110
Epoch 25/50 - Val Metric: 0.9094
Epoch 26/50 - Train Loss: 0.3672 - Train Metric: 0.9113
Epoch 26/50 - Val Metric: 0.9083
Epoch 27/50 - Train Loss: 0.3669 - Train Metric: 0.9116
Epoch 27/50 - Val Metric: 0.9103
Epoch 28/50 - Train Loss: 0.3661 - Train Metric: 0.9117
Epoch 28/50 - Val Metric: 0.9100
Epoch 29/50 - Train Loss: 0.3655 - Train Metric: 0.9120
Epoch 29/50 - Val Metric: 0.9103
Epoch 30/50 - Train Loss: 0.3638 - Train Metric: 0.9131
Epoch 30/50 - Val Metric: 0.9102
Epoch 31/50 - Train Loss: 0.3641 - Train Metric: 0.9130
Epoch 31/50 - Val Metric: 0.9104
Epoch 32/50 - Train Loss: 0.3655 - Train Metric: 0.9120
Epoch 32/50 - Val Metric: 0.9095
Epoch 33/50 - Train Loss: 0.3635 - Train Metric: 0.9131
Epoch 33/50 - Val Metric: 0.9116
Epoch 34/50 - Train Loss: 0.3628 - Train Metric: 0.9136
Epoch 34/50 - Val Metric: 0.9102
Epoch 35/50 - Train Loss: 0.3615 - Train Metric: 0.9142
Epoch 35/50 - Val Metric: 0.9100
Epoch 36/50 - Train Loss: 0.3618 - Train Metric: 0.9141
Epoch 36/50 - Val Metric: 0.9113
Epoch 37/50 - Train Loss: 0.3610 - Train Metric: 0.9146
Epoch 37/50 - Val Metric: 0.9113
Epoch 38/50 - Train Loss: 0.3605 - Train Metric: 0.9149
Epoch 38/50 - Val Metric: 0.9112
Epoch 39/50 - Train Loss: 0.3611 - Train Metric: 0.9144
Epoch 39/50 - Val Metric: 0.9118
Epoch 40/50 - Train Loss: 0.3601 - Train Metric: 0.9150
Epoch 40/50 - Val Metric: 0.9112
Epoch 41/50 - Train Loss: 0.3607 - Train Metric: 0.9147
Epoch 41/50 - Val Metric: 0.9119
Epoch 42/50 - Train Loss: 0.3606 - Train Metric: 0.9147
Epoch 42/50 - Val Metric: 0.9120
Epoch 43/50 - Train Loss: 0.3593 - Train Metric: 0.9156
Epoch 43/50 - Val Metric: 0.9109
Epoch 44/50 - Train Loss: 0.3590 - Train Metric: 0.9156
Epoch 44/50 - Val Metric: 0.9119
Epoch 45/50 - Train Loss: 0.3594 - Train Metric: 0.9154
Epoch 45/50 - Val Metric: 0.9110
Epoch 46/50 - Train Loss: 0.3589 - Train Metric: 0.9156
Epoch 46/50 - Val Metric: 0.9113
Epoch 47/50 - Train Loss: 0.3584 - Train Metric: 0.9158
Epoch 47/50 - Val Metric: 0.9121
Epoch 48/50 - Train Loss: 0.3590 - Train Metric: 0.9155
Epoch 48/50 - Val Metric: 0.9119
Epoch 49/50 - Train Loss: 0.3593 - Train Metric: 0.9155
Epoch 49/50 - Val Metric: 0.9115
Epoch 50/50 - Train Loss: 0.3592 - Train Metric: 0.9154
Epoch 50/50 - Val Metric: 0.9120
Best val: 0.9121, Best test: 0.9077
Training set has 10700 instances
Validation set has 1337 instances
Test set has 1339 instances
Epoch 1/50 - Train Loss: 0.7020 - Train Metric: 0.4986
Epoch 1/50 - Val Metric: 0.7826
Epoch 2/50 - Train Loss: 0.6962 - Train Metric: 0.4938
Epoch 2/50 - Val Metric: 0.7505
Epoch 3/50 - Train Loss: 0.6955 - Train Metric: 0.4966
Epoch 3/50 - Val Metric: 0.7324
Epoch 4/50 - Train Loss: 0.6943 - Train Metric: 0.4935
Epoch 4/50 - Val Metric: 0.7142
Epoch 5/50 - Train Loss: 0.6934 - Train Metric: 0.4999
Epoch 5/50 - Val Metric: 0.7396
Epoch 6/50 - Train Loss: 0.5463 - Train Metric: 0.7982
Epoch 6/50 - Val Metric: 0.8506
Epoch 7/50 - Train Loss: 0.4891 - Train Metric: 0.8344
Epoch 7/50 - Val Metric: 0.8505
Epoch 8/50 - Train Loss: 0.4727 - Train Metric: 0.8503
Epoch 8/50 - Val Metric: 0.8627
Epoch 9/50 - Train Loss: 0.4534 - Train Metric: 0.8631
Epoch 9/50 - Val Metric: 0.8693
Epoch 10/50 - Train Loss: 0.4420 - Train Metric: 0.8706
Epoch 10/50 - Val Metric: 0.8732
Epoch 11/50 - Train Loss: 0.4313 - Train Metric: 0.8755
Epoch 11/50 - Val Metric: 0.8775
Epoch 12/50 - Train Loss: 0.4273 - Train Metric: 0.8781
Epoch 12/50 - Val Metric: 0.8821
Epoch 13/50 - Train Loss: 0.4187 - Train Metric: 0.8823
Epoch 13/50 - Val Metric: 0.8844
Epoch 14/50 - Train Loss: 0.4227 - Train Metric: 0.8814
Epoch 14/50 - Val Metric: 0.8869
Epoch 15/50 - Train Loss: 0.4117 - Train Metric: 0.8887
Epoch 15/50 - Val Metric: 0.8891
Epoch 16/50 - Train Loss: 0.4051 - Train Metric: 0.8918
Epoch 16/50 - Val Metric: 0.8910
Epoch 17/50 - Train Loss: 0.4092 - Train Metric: 0.8897
Epoch 17/50 - Val Metric: 0.8907
Epoch 18/50 - Train Loss: 0.3990 - Train Metric: 0.8949
Epoch 18/50 - Val Metric: 0.8919
Epoch 19/50 - Train Loss: 0.3974 - Train Metric: 0.8973
Epoch 19/50 - Val Metric: 0.8937
Epoch 20/50 - Train Loss: 0.3973 - Train Metric: 0.8965
Epoch 20/50 - Val Metric: 0.8942
Epoch 21/50 - Train Loss: 0.3938 - Train Metric: 0.8991
Epoch 21/50 - Val Metric: 0.8957
Epoch 22/50 - Train Loss: 0.3923 - Train Metric: 0.8994
Epoch 22/50 - Val Metric: 0.8937
Epoch 23/50 - Train Loss: 0.3911 - Train Metric: 0.9002
Epoch 23/50 - Val Metric: 0.8956
Epoch 24/50 - Train Loss: 0.3921 - Train Metric: 0.8994
Epoch 24/50 - Val Metric: 0.8949
Epoch 25/50 - Train Loss: 0.3888 - Train Metric: 0.9015
Epoch 25/50 - Val Metric: 0.8957
Epoch 26/50 - Train Loss: 0.3886 - Train Metric: 0.9009
Epoch 26/50 - Val Metric: 0.8959
Epoch 27/50 - Train Loss: 0.3860 - Train Metric: 0.9026
Epoch 27/50 - Val Metric: 0.8955
Epoch 28/50 - Train Loss: 0.3868 - Train Metric: 0.9023
Epoch 28/50 - Val Metric: 0.8970
Epoch 29/50 - Train Loss: 0.3845 - Train Metric: 0.9035
Epoch 29/50 - Val Metric: 0.8963
Epoch 30/50 - Train Loss: 0.3869 - Train Metric: 0.9023
Epoch 30/50 - Val Metric: 0.8963
Epoch 31/50 - Train Loss: 0.3826 - Train Metric: 0.9045
Epoch 31/50 - Val Metric: 0.8970
Epoch 32/50 - Train Loss: 0.3850 - Train Metric: 0.9033
Epoch 32/50 - Val Metric: 0.8970
Epoch 33/50 - Train Loss: 0.3827 - Train Metric: 0.9039
Epoch 33/50 - Val Metric: 0.8970
Epoch 34/50 - Train Loss: 0.3822 - Train Metric: 0.9042
Epoch 34/50 - Val Metric: 0.8974
Epoch 35/50 - Train Loss: 0.3839 - Train Metric: 0.9036
Epoch 35/50 - Val Metric: 0.8968
Epoch 36/50 - Train Loss: 0.3817 - Train Metric: 0.9046
Epoch 36/50 - Val Metric: 0.8977
Epoch 37/50 - Train Loss: 0.3832 - Train Metric: 0.9039
Epoch 37/50 - Val Metric: 0.8975
Epoch 38/50 - Train Loss: 0.3821 - Train Metric: 0.9047
Epoch 38/50 - Val Metric: 0.8974
Epoch 39/50 - Train Loss: 0.3826 - Train Metric: 0.9045
Epoch 39/50 - Val Metric: 0.8972
Epoch 40/50 - Train Loss: 0.3816 - Train Metric: 0.9046
Epoch 40/50 - Val Metric: 0.8974
Epoch 41/50 - Train Loss: 0.3812 - Train Metric: 0.9047
Epoch 41/50 - Val Metric: 0.8973
Epoch 42/50 - Train Loss: 0.3813 - Train Metric: 0.9047
Epoch 42/50 - Val Metric: 0.8980
Epoch 43/50 - Train Loss: 0.3807 - Train Metric: 0.9055
Epoch 43/50 - Val Metric: 0.8973
Epoch 44/50 - Train Loss: 0.3783 - Train Metric: 0.9066
Epoch 44/50 - Val Metric: 0.8979
Epoch 45/50 - Train Loss: 0.3796 - Train Metric: 0.9059
Epoch 45/50 - Val Metric: 0.8978
Epoch 46/50 - Train Loss: 0.3814 - Train Metric: 0.9053
Epoch 46/50 - Val Metric: 0.8974
Epoch 47/50 - Train Loss: 0.3815 - Train Metric: 0.9045
Epoch 47/50 - Val Metric: 0.8977
Epoch 48/50 - Train Loss: 0.3815 - Train Metric: 0.9047
Epoch 48/50 - Val Metric: 0.8977
Epoch 49/50 - Train Loss: 0.3788 - Train Metric: 0.9062
Epoch 49/50 - Val Metric: 0.8978
Epoch 50/50 - Train Loss: 0.3810 - Train Metric: 0.9056
Epoch 50/50 - Val Metric: 0.8976
Best val: 0.8980, Best test: 0.9109
Training set has 10700 instances
Validation set has 1337 instances
Test set has 1339 instances
Epoch 1/50 - Train Loss: 0.7005 - Train Metric: 0.5093
Epoch 1/50 - Val Metric: 0.6713
Epoch 2/50 - Train Loss: 0.6949 - Train Metric: 0.4917
Epoch 2/50 - Val Metric: 0.6625
Epoch 3/50 - Train Loss: 0.6961 - Train Metric: 0.5003
Epoch 3/50 - Val Metric: 0.6360
Epoch 4/50 - Train Loss: 0.6955 - Train Metric: 0.5017
Epoch 4/50 - Val Metric: 0.6432
Epoch 5/50 - Train Loss: 0.6941 - Train Metric: 0.4987
Epoch 5/50 - Val Metric: 0.6490
Epoch 6/50 - Train Loss: 0.6552 - Train Metric: 0.6515
Epoch 6/50 - Val Metric: 0.8214
Epoch 7/50 - Train Loss: 0.5157 - Train Metric: 0.8193
Epoch 7/50 - Val Metric: 0.8315
Epoch 8/50 - Train Loss: 0.4685 - Train Metric: 0.8541
Epoch 8/50 - Val Metric: 0.8735
Epoch 9/50 - Train Loss: 0.4344 - Train Metric: 0.8774
Epoch 9/50 - Val Metric: 0.8814
Epoch 10/50 - Train Loss: 0.4234 - Train Metric: 0.8843
Epoch 10/50 - Val Metric: 0.8858
Epoch 11/50 - Train Loss: 0.4149 - Train Metric: 0.8884
Epoch 11/50 - Val Metric: 0.8838
Epoch 12/50 - Train Loss: 0.4190 - Train Metric: 0.8859
Epoch 12/50 - Val Metric: 0.8851
Epoch 13/50 - Train Loss: 0.4067 - Train Metric: 0.8927
Epoch 13/50 - Val Metric: 0.8854
Epoch 14/50 - Train Loss: 0.4070 - Train Metric: 0.8926
Epoch 14/50 - Val Metric: 0.8888
Epoch 15/50 - Train Loss: 0.4057 - Train Metric: 0.8935
Epoch 15/50 - Val Metric: 0.8881
Epoch 16/50 - Train Loss: 0.3998 - Train Metric: 0.8968
Epoch 16/50 - Val Metric: 0.8897
Epoch 17/50 - Train Loss: 0.3954 - Train Metric: 0.8990
Epoch 17/50 - Val Metric: 0.8933
Epoch 18/50 - Train Loss: 0.3946 - Train Metric: 0.8987
Epoch 18/50 - Val Metric: 0.8922
Epoch 19/50 - Train Loss: 0.3926 - Train Metric: 0.9006
Epoch 19/50 - Val Metric: 0.8922
Epoch 20/50 - Train Loss: 0.3940 - Train Metric: 0.8995
Epoch 20/50 - Val Metric: 0.8917
Epoch 21/50 - Train Loss: 0.3911 - Train Metric: 0.9011
Epoch 21/50 - Val Metric: 0.8938
Epoch 22/50 - Train Loss: 0.3873 - Train Metric: 0.9028
Epoch 22/50 - Val Metric: 0.8936
Epoch 23/50 - Train Loss: 0.3873 - Train Metric: 0.9029
Epoch 23/50 - Val Metric: 0.8942
Epoch 24/50 - Train Loss: 0.3863 - Train Metric: 0.9035
Epoch 24/50 - Val Metric: 0.8941
Epoch 25/50 - Train Loss: 0.3846 - Train Metric: 0.9039
Epoch 25/50 - Val Metric: 0.8935
Epoch 26/50 - Train Loss: 0.3849 - Train Metric: 0.9033
Epoch 26/50 - Val Metric: 0.8946
Epoch 27/50 - Train Loss: 0.3801 - Train Metric: 0.9064
Epoch 27/50 - Val Metric: 0.8967
Epoch 28/50 - Train Loss: 0.3847 - Train Metric: 0.9038
Epoch 28/50 - Val Metric: 0.8968
Epoch 29/50 - Train Loss: 0.3818 - Train Metric: 0.9050
Epoch 29/50 - Val Metric: 0.8973
Epoch 30/50 - Train Loss: 0.3821 - Train Metric: 0.9051
Epoch 30/50 - Val Metric: 0.8947
Epoch 31/50 - Train Loss: 0.3771 - Train Metric: 0.9073
Epoch 31/50 - Val Metric: 0.8961
Epoch 32/50 - Train Loss: 0.3778 - Train Metric: 0.9063
Epoch 32/50 - Val Metric: 0.8986
Epoch 33/50 - Train Loss: 0.3761 - Train Metric: 0.9085
Epoch 33/50 - Val Metric: 0.8981
Epoch 34/50 - Train Loss: 0.3747 - Train Metric: 0.9084
Epoch 34/50 - Val Metric: 0.8996
Epoch 35/50 - Train Loss: 0.3746 - Train Metric: 0.9089
Epoch 35/50 - Val Metric: 0.8980
Epoch 36/50 - Train Loss: 0.3755 - Train Metric: 0.9076
Epoch 36/50 - Val Metric: 0.8989
Epoch 37/50 - Train Loss: 0.3716 - Train Metric: 0.9103
Epoch 37/50 - Val Metric: 0.8989
Epoch 38/50 - Train Loss: 0.3728 - Train Metric: 0.9098
Epoch 38/50 - Val Metric: 0.8997
Epoch 39/50 - Train Loss: 0.3720 - Train Metric: 0.9101
Epoch 39/50 - Val Metric: 0.8994
Epoch 40/50 - Train Loss: 0.3754 - Train Metric: 0.9084
Epoch 40/50 - Val Metric: 0.8992
Epoch 41/50 - Train Loss: 0.3704 - Train Metric: 0.9105
Epoch 41/50 - Val Metric: 0.9008
Epoch 42/50 - Train Loss: 0.3689 - Train Metric: 0.9110
Epoch 42/50 - Val Metric: 0.9009
Epoch 43/50 - Train Loss: 0.3709 - Train Metric: 0.9106
Epoch 43/50 - Val Metric: 0.9007
Epoch 44/50 - Train Loss: 0.3679 - Train Metric: 0.9117
Epoch 44/50 - Val Metric: 0.8998
Epoch 45/50 - Train Loss: 0.3671 - Train Metric: 0.9124
Epoch 45/50 - Val Metric: 0.9032
Epoch 46/50 - Train Loss: 0.3646 - Train Metric: 0.9131
Epoch 46/50 - Val Metric: 0.9030
Epoch 47/50 - Train Loss: 0.3641 - Train Metric: 0.9133
Epoch 47/50 - Val Metric: 0.9016
Epoch 48/50 - Train Loss: 0.3635 - Train Metric: 0.9143
Epoch 48/50 - Val Metric: 0.9029
Epoch 49/50 - Train Loss: 0.3641 - Train Metric: 0.9135
Epoch 49/50 - Val Metric: 0.9004
Epoch 50/50 - Train Loss: 0.3658 - Train Metric: 0.9128
Epoch 50/50 - Val Metric: 0.9023
Best val: 0.9032, Best test: 0.9122
Training set has 10700 instances
Validation set has 1337 instances
Test set has 1339 instances
Training set has 10700 instances
Validation set has 1337 instances
Test set has 1339 instances
Training set has 10700 instances
Validation set has 1337 instances
Test set has 1339 instances
Training set has 10700 instances
Validation set has 1337 instances
Test set has 1339 instances
Training set has 10700 instances
Validation set has 1337 instances
Test set has 1339 instances
Epoch 1/50 - Train Loss: 0.6922 - Train Metric: 0.5214
Epoch 1/50 - Val Metric: 0.7998
Epoch 2/50 - Train Loss: 0.6862 - Train Metric: 0.5541
Epoch 2/50 - Val Metric: 0.7561
Epoch 3/50 - Train Loss: 0.6130 - Train Metric: 0.7193
Epoch 3/50 - Val Metric: 0.8198
Epoch 4/50 - Train Loss: 0.5345 - Train Metric: 0.8070
Epoch 4/50 - Val Metric: 0.8453
Epoch 5/50 - Train Loss: 0.5209 - Train Metric: 0.8178
Epoch 5/50 - Val Metric: 0.8477
Epoch 6/50 - Train Loss: 0.5010 - Train Metric: 0.8375
Epoch 6/50 - Val Metric: 0.8520
Epoch 7/50 - Train Loss: 0.5051 - Train Metric: 0.8311
Epoch 7/50 - Val Metric: 0.8574
Epoch 8/50 - Train Loss: 0.4829 - Train Metric: 0.8502
Epoch 8/50 - Val Metric: 0.8693
Epoch 9/50 - Train Loss: 0.4670 - Train Metric: 0.8597
Epoch 9/50 - Val Metric: 0.8722
Training set has 10700 instances
Validation set has 1337 instances
Test set has 1339 instances
Epoch 1/50 - Train Loss: 0.7015 - Train Metric: 0.5069
Epoch 1/50 - Val Metric: 0.8142
Epoch 2/50 - Train Loss: 0.6965 - Train Metric: 0.4919
Epoch 2/50 - Val Metric: 0.8140
Epoch 3/50 - Train Loss: 0.6969 - Train Metric: 0.4966
Epoch 3/50 - Val Metric: 0.8055
Epoch 4/50 - Train Loss: 0.6965 - Train Metric: 0.5131
Epoch 4/50 - Val Metric: 0.7935
Training set has 10700 instances
Validation set has 1337 instances
Test set has 1339 instances
Training set has 10700 instances
Validation set has 1337 instances
Test set has 1339 instances
Training set has 10700 instances
Validation set has 1337 instances
Test set has 1339 instances
Epoch 1/50 - Train Loss: 0.6991 - Train Metric: 0.4950
Epoch 1/50 - Val Metric: 0.7746
Epoch 2/50 - Train Loss: 0.6951 - Train Metric: 0.5020
Epoch 2/50 - Val Metric: 0.7952
Epoch 3/50 - Train Loss: 0.6584 - Train Metric: 0.6366
Epoch 3/50 - Val Metric: 0.8122
Epoch 4/50 - Train Loss: 0.5111 - Train Metric: 0.8238
Epoch 4/50 - Val Metric: 0.8431
Epoch 5/50 - Train Loss: 0.4798 - Train Metric: 0.8442
Epoch 5/50 - Val Metric: 0.8538
Epoch 6/50 - Train Loss: 0.4541 - Train Metric: 0.8647
Epoch 6/50 - Val Metric: 0.8707
Epoch 7/50 - Train Loss: 0.4373 - Train Metric: 0.8750
Epoch 7/50 - Val Metric: 0.8790
Epoch 8/50 - Train Loss: 0.4293 - Train Metric: 0.8817
Epoch 8/50 - Val Metric: 0.8892
Epoch 9/50 - Train Loss: 0.4174 - Train Metric: 0.8873
Epoch 9/50 - Val Metric: 0.8863
Epoch 10/50 - Train Loss: 0.4153 - Train Metric: 0.8884
Epoch 10/50 - Val Metric: 0.8920
Epoch 11/50 - Train Loss: 0.4081 - Train Metric: 0.8926
Epoch 11/50 - Val Metric: 0.8960
Epoch 12/50 - Train Loss: 0.3993 - Train Metric: 0.8972
Epoch 12/50 - Val Metric: 0.8949
Epoch 13/50 - Train Loss: 0.3956 - Train Metric: 0.8986
Epoch 13/50 - Val Metric: 0.8969
Epoch 14/50 - Train Loss: 0.3966 - Train Metric: 0.8980
Epoch 14/50 - Val Metric: 0.9012
Epoch 15/50 - Train Loss: 0.4007 - Train Metric: 0.8955
Epoch 15/50 - Val Metric: 0.9016
Epoch 16/50 - Train Loss: 0.3916 - Train Metric: 0.9010
Epoch 16/50 - Val Metric: 0.9041
Epoch 17/50 - Train Loss: 0.3861 - Train Metric: 0.9038
Epoch 17/50 - Val Metric: 0.9047
Epoch 18/50 - Train Loss: 0.3889 - Train Metric: 0.9021
Epoch 18/50 - Val Metric: 0.9035
Epoch 19/50 - Train Loss: 0.3823 - Train Metric: 0.9050
Epoch 19/50 - Val Metric: 0.9046
Epoch 20/50 - Train Loss: 0.3804 - Train Metric: 0.9069
Epoch 20/50 - Val Metric: 0.9059
Epoch 21/50 - Train Loss: 0.3833 - Train Metric: 0.9048
Epoch 21/50 - Val Metric: 0.9042
Epoch 22/50 - Train Loss: 0.3869 - Train Metric: 0.9035
Epoch 22/50 - Val Metric: 0.9073
Epoch 23/50 - Train Loss: 0.3868 - Train Metric: 0.9036
Epoch 23/50 - Val Metric: 0.9094
Epoch 24/50 - Train Loss: 0.3801 - Train Metric: 0.9066
Epoch 24/50 - Val Metric: 0.9059
Epoch 25/50 - Train Loss: 0.3781 - Train Metric: 0.9069
Epoch 25/50 - Val Metric: 0.9077
Epoch 26/50 - Train Loss: 0.3819 - Train Metric: 0.9056
Epoch 26/50 - Val Metric: 0.9100
Epoch 27/50 - Train Loss: 0.3780 - Train Metric: 0.9076
Epoch 27/50 - Val Metric: 0.9111
Epoch 28/50 - Train Loss: 0.3777 - Train Metric: 0.9072
Epoch 28/50 - Val Metric: 0.9102
Epoch 29/50 - Train Loss: 0.3795 - Train Metric: 0.9067
Epoch 29/50 - Val Metric: 0.9070
Epoch 30/50 - Train Loss: 0.3764 - Train Metric: 0.9083
Epoch 30/50 - Val Metric: 0.9107
Epoch 31/50 - Train Loss: 0.3794 - Train Metric: 0.9071
Epoch 31/50 - Val Metric: 0.9120
Epoch 32/50 - Train Loss: 0.3770 - Train Metric: 0.9079
Epoch 32/50 - Val Metric: 0.9070
Epoch 33/50 - Train Loss: 0.3726 - Train Metric: 0.9109
Epoch 33/50 - Val Metric: 0.9102
Epoch 34/50 - Train Loss: 0.3779 - Train Metric: 0.9083
Epoch 34/50 - Val Metric: 0.9106
Epoch 35/50 - Train Loss: 0.3758 - Train Metric: 0.9082
Epoch 35/50 - Val Metric: 0.9118
Epoch 36/50 - Train Loss: 0.3748 - Train Metric: 0.9093
Epoch 36/50 - Val Metric: 0.9106
Epoch 37/50 - Train Loss: 0.3700 - Train Metric: 0.9120
Epoch 37/50 - Val Metric: 0.9139
Epoch 38/50 - Train Loss: 0.3737 - Train Metric: 0.9096
Epoch 38/50 - Val Metric: 0.9132
Epoch 39/50 - Train Loss: 0.3710 - Train Metric: 0.9112
Epoch 39/50 - Val Metric: 0.9140
Epoch 40/50 - Train Loss: 0.3734 - Train Metric: 0.9101
Epoch 40/50 - Val Metric: 0.9086
Epoch 41/50 - Train Loss: 0.3799 - Train Metric: 0.9068
Epoch 41/50 - Val Metric: 0.9110
Epoch 42/50 - Train Loss: 0.3742 - Train Metric: 0.9096
Epoch 42/50 - Val Metric: 0.9094
Epoch 43/50 - Train Loss: 0.3715 - Train Metric: 0.9107
Epoch 43/50 - Val Metric: 0.9142
Epoch 44/50 - Train Loss: 0.3753 - Train Metric: 0.9089
Epoch 44/50 - Val Metric: 0.9143
Epoch 45/50 - Train Loss: 0.3698 - Train Metric: 0.9115
Epoch 45/50 - Val Metric: 0.9143
Epoch 46/50 - Train Loss: 0.3709 - Train Metric: 0.9114
Epoch 46/50 - Val Metric: 0.9139
Epoch 47/50 - Train Loss: 0.3696 - Train Metric: 0.9126
Epoch 47/50 - Val Metric: 0.9135
Epoch 48/50 - Train Loss: 0.3664 - Train Metric: 0.9135
Epoch 48/50 - Val Metric: 0.9079
Epoch 49/50 - Train Loss: 0.3687 - Train Metric: 0.9120
Epoch 49/50 - Val Metric: 0.9131
Epoch 50/50 - Train Loss: 0.3712 - Train Metric: 0.9111
Epoch 50/50 - Val Metric: 0.9142
Best val: 0.9143, Best test: 0.9135
Training set has 10700 instances
Validation set has 1337 instances
Test set has 1339 instances
Training set has 10700 instances
Validation set has 1337 instances
Test set has 1339 instances
Epoch 1/50 - Train Loss: 0.6980 - Train Metric: 0.5129
Epoch 1/50 - Val Metric: 0.7405
Epoch 2/50 - Train Loss: 0.5326 - Train Metric: 0.8041
Epoch 2/50 - Val Metric: 0.8608
Epoch 3/50 - Train Loss: 0.4611 - Train Metric: 0.8599
Epoch 3/50 - Val Metric: 0.8941
Epoch 4/50 - Train Loss: 0.4355 - Train Metric: 0.8759
Epoch 4/50 - Val Metric: 0.8992
Epoch 5/50 - Train Loss: 0.4243 - Train Metric: 0.8823
Epoch 5/50 - Val Metric: 0.9023
Epoch 6/50 - Train Loss: 0.4167 - Train Metric: 0.8868
Epoch 6/50 - Val Metric: 0.9021
Epoch 7/50 - Train Loss: 0.4134 - Train Metric: 0.8887
Epoch 7/50 - Val Metric: 0.9001
Epoch 8/50 - Train Loss: 0.4043 - Train Metric: 0.8938
Epoch 8/50 - Val Metric: 0.8968
Epoch 9/50 - Train Loss: 0.4024 - Train Metric: 0.8948
Epoch 9/50 - Val Metric: 0.9004
Epoch 10/50 - Train Loss: 0.4005 - Train Metric: 0.8959
Epoch 10/50 - Val Metric: 0.9083
Epoch 11/50 - Train Loss: 0.3925 - Train Metric: 0.9005
Epoch 11/50 - Val Metric: 0.9096
Epoch 12/50 - Train Loss: 0.3904 - Train Metric: 0.9014
Epoch 12/50 - Val Metric: 0.9058
Epoch 13/50 - Train Loss: 0.3926 - Train Metric: 0.8997
Epoch 13/50 - Val Metric: 0.9091
Epoch 14/50 - Train Loss: 0.3855 - Train Metric: 0.9032
Epoch 14/50 - Val Metric: 0.9106
Epoch 15/50 - Train Loss: 0.3875 - Train Metric: 0.9021
Epoch 15/50 - Val Metric: 0.9059
Epoch 16/50 - Train Loss: 0.3822 - Train Metric: 0.9047
Epoch 16/50 - Val Metric: 0.9114
Epoch 17/50 - Train Loss: 0.3745 - Train Metric: 0.9090
Epoch 17/50 - Val Metric: 0.9122
Epoch 18/50 - Train Loss: 0.3787 - Train Metric: 0.9072
Epoch 18/50 - Val Metric: 0.9163
Epoch 19/50 - Train Loss: 0.3784 - Train Metric: 0.9057
Epoch 19/50 - Val Metric: 0.9108
Epoch 20/50 - Train Loss: 0.3742 - Train Metric: 0.9083
Epoch 20/50 - Val Metric: 0.9168
Epoch 21/50 - Train Loss: 0.3691 - Train Metric: 0.9107
Epoch 21/50 - Val Metric: 0.9176
Epoch 22/50 - Train Loss: 0.3696 - Train Metric: 0.9116
Epoch 22/50 - Val Metric: 0.9178
Epoch 23/50 - Train Loss: 0.3684 - Train Metric: 0.9110
Epoch 23/50 - Val Metric: 0.9174
Epoch 24/50 - Train Loss: 0.3657 - Train Metric: 0.9124
Epoch 24/50 - Val Metric: 0.9172
Epoch 25/50 - Train Loss: 0.3648 - Train Metric: 0.9135
Epoch 25/50 - Val Metric: 0.9195
Epoch 26/50 - Train Loss: 0.3578 - Train Metric: 0.9156
Epoch 26/50 - Val Metric: 0.9220
Epoch 27/50 - Train Loss: 0.3599 - Train Metric: 0.9156
Epoch 27/50 - Val Metric: 0.9144
Epoch 28/50 - Train Loss: 0.3616 - Train Metric: 0.9149
Epoch 28/50 - Val Metric: 0.9194
Epoch 29/50 - Train Loss: 0.3561 - Train Metric: 0.9169
Epoch 29/50 - Val Metric: 0.9156
Epoch 30/50 - Train Loss: 0.3595 - Train Metric: 0.9153
Epoch 30/50 - Val Metric: 0.9183
Epoch 31/50 - Train Loss: 0.3559 - Train Metric: 0.9172
Epoch 31/50 - Val Metric: 0.9196
Epoch 32/50 - Train Loss: 0.3525 - Train Metric: 0.9188
Epoch 32/50 - Val Metric: 0.9184
Epoch 33/50 - Train Loss: 0.3544 - Train Metric: 0.9176
Epoch 33/50 - Val Metric: 0.9171
Epoch 34/50 - Train Loss: 0.3556 - Train Metric: 0.9176
Epoch 34/50 - Val Metric: 0.9173
Epoch 35/50 - Train Loss: 0.3506 - Train Metric: 0.9188
Epoch 35/50 - Val Metric: 0.9170
Epoch 36/50 - Train Loss: 0.3519 - Train Metric: 0.9185
Epoch 36/50 - Val Metric: 0.9186
Epoch 37/50 - Train Loss: 0.3464 - Train Metric: 0.9207
Epoch 37/50 - Val Metric: 0.9110
Epoch 38/50 - Train Loss: 0.3518 - Train Metric: 0.9188
Epoch 38/50 - Val Metric: 0.9205
Epoch 39/50 - Train Loss: 0.3485 - Train Metric: 0.9199
Epoch 39/50 - Val Metric: 0.9215
Epoch 40/50 - Train Loss: 0.3587 - Train Metric: 0.9159
Epoch 40/50 - Val Metric: 0.9181
Epoch 41/50 - Train Loss: 0.3464 - Train Metric: 0.9217
Epoch 41/50 - Val Metric: 0.9209
Epoch 42/50 - Train Loss: 0.3457 - Train Metric: 0.9218
Epoch 42/50 - Val Metric: 0.9224
Epoch 43/50 - Train Loss: 0.3475 - Train Metric: 0.9206
Epoch 43/50 - Val Metric: 0.9234
Epoch 44/50 - Train Loss: 0.3449 - Train Metric: 0.9221
Epoch 44/50 - Val Metric: 0.9175
Epoch 45/50 - Train Loss: 0.3441 - Train Metric: 0.9220
Epoch 45/50 - Val Metric: 0.9235
Epoch 46/50 - Train Loss: 0.3427 - Train Metric: 0.9230
Epoch 46/50 - Val Metric: 0.9224
Epoch 47/50 - Train Loss: 0.3451 - Train Metric: 0.9227
Epoch 47/50 - Val Metric: 0.9178
Epoch 48/50 - Train Loss: 0.3462 - Train Metric: 0.9209
Epoch 48/50 - Val Metric: 0.9197
Epoch 49/50 - Train Loss: 0.3407 - Train Metric: 0.9243
Epoch 49/50 - Val Metric: 0.9245
Epoch 50/50 - Train Loss: 0.3404 - Train Metric: 0.9239
Epoch 50/50 - Val Metric: 0.9247
Best val: 0.9247, Best test: 0.9291
Training set has 10700 instances
Validation set has 1337 instances
Test set has 1339 instances
Training set has 10700 instances
Validation set has 1337 instances
Test set has 1339 instances
Training set has 10700 instances
Validation set has 1337 instances
Test set has 1339 instances
Training set has 10700 instances
Validation set has 1337 instances
Test set has 1339 instances
Hyper-parameter search done. Found the best config.
Repeat experiments 5 times with the best train config {'batch_size': 128, 'gamma_rate': 1.0, 'base_lr': 0.001} and model config {'num_heads': 8, 'num_layers': 8, 'num_latents': 16, 'hidden_dim': 32, 'mlp_ratio': 0.5, 'dropout_prob': 0.2, 'top_k': 1}.
Training set has 10700 instances
Validation set has 1337 instances
Test set has 1339 instances
Epoch 1/50 - Train Loss: 0.6972 - Train Metric: 0.5008
Epoch 1/50 - Val Metric: 0.5070
Epoch 2/50 - Train Loss: 0.6566 - Train Metric: 0.6260
Epoch 2/50 - Val Metric: 0.8467
Epoch 3/50 - Train Loss: 0.4896 - Train Metric: 0.8399
Epoch 3/50 - Val Metric: 0.8608
Epoch 4/50 - Train Loss: 0.4727 - Train Metric: 0.8510
Epoch 4/50 - Val Metric: 0.8724
Epoch 5/50 - Train Loss: 0.4620 - Train Metric: 0.8589
Epoch 5/50 - Val Metric: 0.8782
Epoch 6/50 - Train Loss: 0.4517 - Train Metric: 0.8658
Epoch 6/50 - Val Metric: 0.8784
Epoch 7/50 - Train Loss: 0.4432 - Train Metric: 0.8713
Epoch 7/50 - Val Metric: 0.8851
Epoch 8/50 - Train Loss: 0.4369 - Train Metric: 0.8744
Epoch 8/50 - Val Metric: 0.8896
Epoch 9/50 - Train Loss: 0.4272 - Train Metric: 0.8808
Epoch 9/50 - Val Metric: 0.8908
Epoch 10/50 - Train Loss: 0.4241 - Train Metric: 0.8830
Epoch 10/50 - Val Metric: 0.8937
Epoch 11/50 - Train Loss: 0.4173 - Train Metric: 0.8872
Epoch 11/50 - Val Metric: 0.9010
Epoch 12/50 - Train Loss: 0.4066 - Train Metric: 0.8933
Epoch 12/50 - Val Metric: 0.9010
Epoch 13/50 - Train Loss: 0.3996 - Train Metric: 0.8967
Epoch 13/50 - Val Metric: 0.8998
Epoch 14/50 - Train Loss: 0.4046 - Train Metric: 0.8940
Epoch 14/50 - Val Metric: 0.9021
Epoch 15/50 - Train Loss: 0.3919 - Train Metric: 0.9012
Epoch 15/50 - Val Metric: 0.9071
Epoch 16/50 - Train Loss: 0.3899 - Train Metric: 0.9020
Epoch 16/50 - Val Metric: 0.9023
Epoch 17/50 - Train Loss: 0.3892 - Train Metric: 0.9022
Epoch 17/50 - Val Metric: 0.9073
Epoch 18/50 - Train Loss: 0.3898 - Train Metric: 0.9018
Epoch 18/50 - Val Metric: 0.9110
Epoch 19/50 - Train Loss: 0.3892 - Train Metric: 0.9021
Epoch 19/50 - Val Metric: 0.9101
Epoch 20/50 - Train Loss: 0.3805 - Train Metric: 0.9061
Epoch 20/50 - Val Metric: 0.9069
Epoch 21/50 - Train Loss: 0.3808 - Train Metric: 0.9065
Epoch 21/50 - Val Metric: 0.9087
Epoch 22/50 - Train Loss: 0.3759 - Train Metric: 0.9089
Epoch 22/50 - Val Metric: 0.9102
Epoch 23/50 - Train Loss: 0.3839 - Train Metric: 0.9049
Epoch 23/50 - Val Metric: 0.9096
Epoch 24/50 - Train Loss: 0.3770 - Train Metric: 0.9081
Epoch 24/50 - Val Metric: 0.9080
Epoch 25/50 - Train Loss: 0.3747 - Train Metric: 0.9094
Epoch 25/50 - Val Metric: 0.9105
Epoch 26/50 - Train Loss: 0.3755 - Train Metric: 0.9085
Epoch 26/50 - Val Metric: 0.9128
Epoch 27/50 - Train Loss: 0.3753 - Train Metric: 0.9092
Epoch 27/50 - Val Metric: 0.9090
Epoch 28/50 - Train Loss: 0.3753 - Train Metric: 0.9087
Epoch 28/50 - Val Metric: 0.9133
Epoch 29/50 - Train Loss: 0.3735 - Train Metric: 0.9099
Epoch 29/50 - Val Metric: 0.9125
Epoch 30/50 - Train Loss: 0.3732 - Train Metric: 0.9099
Epoch 30/50 - Val Metric: 0.9089
Epoch 31/50 - Train Loss: 0.3680 - Train Metric: 0.9128
Epoch 31/50 - Val Metric: 0.9148
Epoch 32/50 - Train Loss: 0.3738 - Train Metric: 0.9089
Epoch 32/50 - Val Metric: 0.9172
Epoch 33/50 - Train Loss: 0.3708 - Train Metric: 0.9112
Epoch 33/50 - Val Metric: 0.9128
Epoch 34/50 - Train Loss: 0.3682 - Train Metric: 0.9123
Epoch 34/50 - Val Metric: 0.9178
Epoch 35/50 - Train Loss: 0.3684 - Train Metric: 0.9119
Epoch 35/50 - Val Metric: 0.9134
Epoch 36/50 - Train Loss: 0.3711 - Train Metric: 0.9107
Epoch 36/50 - Val Metric: 0.9128
Epoch 37/50 - Train Loss: 0.3657 - Train Metric: 0.9134
Epoch 37/50 - Val Metric: 0.9151
Epoch 38/50 - Train Loss: 0.3622 - Train Metric: 0.9150
Epoch 38/50 - Val Metric: 0.9142
Epoch 39/50 - Train Loss: 0.3619 - Train Metric: 0.9153
Epoch 39/50 - Val Metric: 0.9158
Epoch 40/50 - Train Loss: 0.3661 - Train Metric: 0.9128
Epoch 40/50 - Val Metric: 0.9174
Epoch 41/50 - Train Loss: 0.3646 - Train Metric: 0.9138
Epoch 41/50 - Val Metric: 0.9161
Epoch 42/50 - Train Loss: 0.3607 - Train Metric: 0.9157
Epoch 42/50 - Val Metric: 0.9153
Epoch 43/50 - Train Loss: 0.3598 - Train Metric: 0.9159
Epoch 43/50 - Val Metric: 0.9215
Epoch 44/50 - Train Loss: 0.3535 - Train Metric: 0.9189
Epoch 44/50 - Val Metric: 0.9175
Epoch 45/50 - Train Loss: 0.3543 - Train Metric: 0.9187
Epoch 45/50 - Val Metric: 0.9242
Epoch 46/50 - Train Loss: 0.3553 - Train Metric: 0.9181
Epoch 46/50 - Val Metric: 0.9201
Epoch 47/50 - Train Loss: 0.3544 - Train Metric: 0.9186
Epoch 47/50 - Val Metric: 0.9241
Epoch 48/50 - Train Loss: 0.3497 - Train Metric: 0.9207
Epoch 48/50 - Val Metric: 0.9182
Epoch 49/50 - Train Loss: 0.3475 - Train Metric: 0.9215
Epoch 49/50 - Val Metric: 0.9256
Epoch 50/50 - Train Loss: 0.3463 - Train Metric: 0.9219
Epoch 50/50 - Val Metric: 0.9256
Best val: 0.9256, Best test: 0.9220
Training set has 10700 instances
Validation set has 1337 instances
Test set has 1339 instances
Epoch 1/50 - Train Loss: 0.6968 - Train Metric: 0.5098
Epoch 1/50 - Val Metric: 0.7780
Epoch 2/50 - Train Loss: 0.5449 - Train Metric: 0.7963
Epoch 2/50 - Val Metric: 0.8539
Epoch 3/50 - Train Loss: 0.4895 - Train Metric: 0.8394
Epoch 3/50 - Val Metric: 0.8719
Epoch 4/50 - Train Loss: 0.4667 - Train Metric: 0.8555
Epoch 4/50 - Val Metric: 0.8827
Epoch 5/50 - Train Loss: 0.4537 - Train Metric: 0.8635
Epoch 5/50 - Val Metric: 0.8760
Epoch 6/50 - Train Loss: 0.4390 - Train Metric: 0.8735
Epoch 6/50 - Val Metric: 0.8956
Epoch 7/50 - Train Loss: 0.4336 - Train Metric: 0.8774
Epoch 7/50 - Val Metric: 0.8966
Epoch 8/50 - Train Loss: 0.4125 - Train Metric: 0.8889
Epoch 8/50 - Val Metric: 0.9004
Epoch 9/50 - Train Loss: 0.4048 - Train Metric: 0.8945
Epoch 9/50 - Val Metric: 0.9046
Epoch 10/50 - Train Loss: 0.4054 - Train Metric: 0.8932
Epoch 10/50 - Val Metric: 0.9047
Epoch 11/50 - Train Loss: 0.3991 - Train Metric: 0.8960
Epoch 11/50 - Val Metric: 0.9094
Epoch 12/50 - Train Loss: 0.3975 - Train Metric: 0.8969
Epoch 12/50 - Val Metric: 0.9067
Epoch 13/50 - Train Loss: 0.3911 - Train Metric: 0.9001
Epoch 13/50 - Val Metric: 0.9090
Epoch 14/50 - Train Loss: 0.3919 - Train Metric: 0.8996
Epoch 14/50 - Val Metric: 0.9091
Epoch 15/50 - Train Loss: 0.3816 - Train Metric: 0.9057
Epoch 15/50 - Val Metric: 0.9114
Epoch 16/50 - Train Loss: 0.3823 - Train Metric: 0.9048
Epoch 16/50 - Val Metric: 0.9121
Epoch 17/50 - Train Loss: 0.3823 - Train Metric: 0.9051
Epoch 17/50 - Val Metric: 0.9122
Epoch 18/50 - Train Loss: 0.3797 - Train Metric: 0.9065
Epoch 18/50 - Val Metric: 0.9155
Epoch 19/50 - Train Loss: 0.3783 - Train Metric: 0.9068
Epoch 19/50 - Val Metric: 0.9154
Epoch 20/50 - Train Loss: 0.3755 - Train Metric: 0.9084
Epoch 20/50 - Val Metric: 0.9193
Epoch 21/50 - Train Loss: 0.3755 - Train Metric: 0.9071
Epoch 21/50 - Val Metric: 0.9166
Epoch 22/50 - Train Loss: 0.3694 - Train Metric: 0.9117
Epoch 22/50 - Val Metric: 0.9199
Epoch 23/50 - Train Loss: 0.3724 - Train Metric: 0.9096
Epoch 23/50 - Val Metric: 0.9190
Epoch 24/50 - Train Loss: 0.3669 - Train Metric: 0.9121
Epoch 24/50 - Val Metric: 0.9209
Epoch 25/50 - Train Loss: 0.3643 - Train Metric: 0.9139
Epoch 25/50 - Val Metric: 0.9213
Epoch 26/50 - Train Loss: 0.3643 - Train Metric: 0.9139
Epoch 26/50 - Val Metric: 0.9210
Epoch 27/50 - Train Loss: 0.3657 - Train Metric: 0.9124
Epoch 27/50 - Val Metric: 0.9200
Epoch 28/50 - Train Loss: 0.3627 - Train Metric: 0.9142
Epoch 28/50 - Val Metric: 0.9231
Epoch 29/50 - Train Loss: 0.3566 - Train Metric: 0.9175
Epoch 29/50 - Val Metric: 0.9247
Epoch 30/50 - Train Loss: 0.3573 - Train Metric: 0.9172
Epoch 30/50 - Val Metric: 0.9236
Epoch 31/50 - Train Loss: 0.3604 - Train Metric: 0.9152
Epoch 31/50 - Val Metric: 0.9282
Epoch 32/50 - Train Loss: 0.3563 - Train Metric: 0.9172
Epoch 32/50 - Val Metric: 0.9244
Epoch 33/50 - Train Loss: 0.3511 - Train Metric: 0.9200
Epoch 33/50 - Val Metric: 0.9255
Epoch 34/50 - Train Loss: 0.3473 - Train Metric: 0.9219
Epoch 34/50 - Val Metric: 0.9283
Epoch 35/50 - Train Loss: 0.3518 - Train Metric: 0.9192
Epoch 35/50 - Val Metric: 0.9277
Epoch 36/50 - Train Loss: 0.3496 - Train Metric: 0.9205
Epoch 36/50 - Val Metric: 0.9269
Epoch 37/50 - Train Loss: 0.3522 - Train Metric: 0.9195
Epoch 37/50 - Val Metric: 0.9212
Epoch 38/50 - Train Loss: 0.3546 - Train Metric: 0.9182
Epoch 38/50 - Val Metric: 0.9254
Epoch 39/50 - Train Loss: 0.3467 - Train Metric: 0.9219
Epoch 39/50 - Val Metric: 0.9270
Epoch 40/50 - Train Loss: 0.3442 - Train Metric: 0.9231
Epoch 40/50 - Val Metric: 0.9253
Epoch 41/50 - Train Loss: 0.3473 - Train Metric: 0.9215
Epoch 41/50 - Val Metric: 0.9274
Epoch 42/50 - Train Loss: 0.3414 - Train Metric: 0.9244
Epoch 42/50 - Val Metric: 0.9289
Epoch 43/50 - Train Loss: 0.3427 - Train Metric: 0.9234
Epoch 43/50 - Val Metric: 0.9299
Epoch 44/50 - Train Loss: 0.3381 - Train Metric: 0.9262
Epoch 44/50 - Val Metric: 0.9302
Epoch 45/50 - Train Loss: 0.3423 - Train Metric: 0.9239
Epoch 45/50 - Val Metric: 0.9277
Epoch 46/50 - Train Loss: 0.3392 - Train Metric: 0.9256
Epoch 46/50 - Val Metric: 0.9291
Epoch 47/50 - Train Loss: 0.3402 - Train Metric: 0.9254
Epoch 47/50 - Val Metric: 0.9301
Epoch 48/50 - Train Loss: 0.3428 - Train Metric: 0.9237
Epoch 48/50 - Val Metric: 0.9331
Epoch 49/50 - Train Loss: 0.3356 - Train Metric: 0.9268
Epoch 49/50 - Val Metric: 0.9326
Epoch 50/50 - Train Loss: 0.3433 - Train Metric: 0.9231
Epoch 50/50 - Val Metric: 0.9245
Best val: 0.9331, Best test: 0.9271
Training set has 10700 instances
Validation set has 1337 instances
Test set has 1339 instances
Epoch 1/50 - Train Loss: 0.7001 - Train Metric: 0.4957
Epoch 1/50 - Val Metric: 0.7226
Epoch 2/50 - Train Loss: 0.5835 - Train Metric: 0.7567
Epoch 2/50 - Val Metric: 0.8525
Epoch 3/50 - Train Loss: 0.4973 - Train Metric: 0.8332
Epoch 3/50 - Val Metric: 0.8660
Epoch 4/50 - Train Loss: 0.4798 - Train Metric: 0.8453
Epoch 4/50 - Val Metric: 0.8772
Epoch 5/50 - Train Loss: 0.4694 - Train Metric: 0.8522
Epoch 5/50 - Val Metric: 0.8722
Epoch 6/50 - Train Loss: 0.4603 - Train Metric: 0.8589
Epoch 6/50 - Val Metric: 0.8851
Epoch 7/50 - Train Loss: 0.4508 - Train Metric: 0.8650
Epoch 7/50 - Val Metric: 0.8902
Epoch 8/50 - Train Loss: 0.4417 - Train Metric: 0.8711
Epoch 8/50 - Val Metric: 0.8975
Epoch 9/50 - Train Loss: 0.4278 - Train Metric: 0.8804
Epoch 9/50 - Val Metric: 0.9000
Epoch 10/50 - Train Loss: 0.4096 - Train Metric: 0.8914
Epoch 10/50 - Val Metric: 0.9081
Epoch 11/50 - Train Loss: 0.4029 - Train Metric: 0.8947
Epoch 11/50 - Val Metric: 0.9092
Epoch 12/50 - Train Loss: 0.3923 - Train Metric: 0.9003
Epoch 12/50 - Val Metric: 0.9124
Epoch 13/50 - Train Loss: 0.3941 - Train Metric: 0.8994
Epoch 13/50 - Val Metric: 0.9108
Epoch 14/50 - Train Loss: 0.3933 - Train Metric: 0.8996
Epoch 14/50 - Val Metric: 0.9116
Epoch 15/50 - Train Loss: 0.3855 - Train Metric: 0.9041
Epoch 15/50 - Val Metric: 0.9100
Epoch 16/50 - Train Loss: 0.3822 - Train Metric: 0.9053
Epoch 16/50 - Val Metric: 0.9142
Epoch 17/50 - Train Loss: 0.3824 - Train Metric: 0.9057
Epoch 17/50 - Val Metric: 0.9132
Epoch 18/50 - Train Loss: 0.3797 - Train Metric: 0.9069
Epoch 18/50 - Val Metric: 0.9146
Epoch 19/50 - Train Loss: 0.3835 - Train Metric: 0.9050
Epoch 19/50 - Val Metric: 0.9161
Epoch 20/50 - Train Loss: 0.3784 - Train Metric: 0.9074
Epoch 20/50 - Val Metric: 0.9153
Epoch 21/50 - Train Loss: 0.3756 - Train Metric: 0.9088
Epoch 21/50 - Val Metric: 0.9186
Epoch 22/50 - Train Loss: 0.3774 - Train Metric: 0.9082
Epoch 22/50 - Val Metric: 0.9156
Epoch 23/50 - Train Loss: 0.3746 - Train Metric: 0.9092
Epoch 23/50 - Val Metric: 0.9175
Epoch 24/50 - Train Loss: 0.3731 - Train Metric: 0.9102
Epoch 24/50 - Val Metric: 0.9182
Epoch 25/50 - Train Loss: 0.3701 - Train Metric: 0.9116
Epoch 25/50 - Val Metric: 0.9182
Epoch 26/50 - Train Loss: 0.3730 - Train Metric: 0.9106
Epoch 26/50 - Val Metric: 0.9178
Epoch 27/50 - Train Loss: 0.3666 - Train Metric: 0.9136
Epoch 27/50 - Val Metric: 0.9169
Epoch 28/50 - Train Loss: 0.3697 - Train Metric: 0.9113
Epoch 28/50 - Val Metric: 0.9175
Epoch 29/50 - Train Loss: 0.3682 - Train Metric: 0.9129
Epoch 29/50 - Val Metric: 0.9184
Epoch 30/50 - Train Loss: 0.3589 - Train Metric: 0.9169
Epoch 30/50 - Val Metric: 0.9192
Epoch 31/50 - Train Loss: 0.3626 - Train Metric: 0.9150
Epoch 31/50 - Val Metric: 0.9101
Epoch 32/50 - Train Loss: 0.3613 - Train Metric: 0.9151
Epoch 32/50 - Val Metric: 0.9174
Epoch 33/50 - Train Loss: 0.3592 - Train Metric: 0.9161
Epoch 33/50 - Val Metric: 0.9215
Epoch 34/50 - Train Loss: 0.3563 - Train Metric: 0.9180
Epoch 34/50 - Val Metric: 0.9179
Epoch 35/50 - Train Loss: 0.3557 - Train Metric: 0.9179
Epoch 35/50 - Val Metric: 0.9206
Epoch 36/50 - Train Loss: 0.3530 - Train Metric: 0.9189
Epoch 36/50 - Val Metric: 0.9226
Epoch 37/50 - Train Loss: 0.3513 - Train Metric: 0.9205
Epoch 37/50 - Val Metric: 0.9254
Epoch 38/50 - Train Loss: 0.3577 - Train Metric: 0.9178
Epoch 38/50 - Val Metric: 0.9243
Epoch 39/50 - Train Loss: 0.3473 - Train Metric: 0.9222
Epoch 39/50 - Val Metric: 0.9233
Epoch 40/50 - Train Loss: 0.3498 - Train Metric: 0.9207
Epoch 40/50 - Val Metric: 0.9249
Epoch 41/50 - Train Loss: 0.3505 - Train Metric: 0.9207
Epoch 41/50 - Val Metric: 0.9244
Epoch 42/50 - Train Loss: 0.3526 - Train Metric: 0.9197
Epoch 42/50 - Val Metric: 0.9199
Epoch 43/50 - Train Loss: 0.3512 - Train Metric: 0.9200
Epoch 43/50 - Val Metric: 0.9246
Epoch 44/50 - Train Loss: 0.3531 - Train Metric: 0.9192
Epoch 44/50 - Val Metric: 0.9138
Epoch 45/50 - Train Loss: 0.3491 - Train Metric: 0.9212
Epoch 45/50 - Val Metric: 0.9213
Epoch 46/50 - Train Loss: 0.3463 - Train Metric: 0.9219
Epoch 46/50 - Val Metric: 0.9247
Epoch 47/50 - Train Loss: 0.3482 - Train Metric: 0.9213
Epoch 47/50 - Val Metric: 0.9249
Epoch 48/50 - Train Loss: 0.3519 - Train Metric: 0.9193
Epoch 48/50 - Val Metric: 0.9252
Epoch 49/50 - Train Loss: 0.3448 - Train Metric: 0.9234
Epoch 49/50 - Val Metric: 0.9250
Epoch 50/50 - Train Loss: 0.3438 - Train Metric: 0.9236
Epoch 50/50 - Val Metric: 0.9265
Best val: 0.9265, Best test: 0.9225
Training set has 10700 instances
Validation set has 1337 instances
Test set has 1339 instances
Epoch 1/50 - Train Loss: 0.6965 - Train Metric: 0.5133
Epoch 1/50 - Val Metric: 0.7128
Epoch 2/50 - Train Loss: 0.5438 - Train Metric: 0.7964
Epoch 2/50 - Val Metric: 0.8650
Epoch 3/50 - Train Loss: 0.4853 - Train Metric: 0.8426
Epoch 3/50 - Val Metric: 0.8838
Epoch 4/50 - Train Loss: 0.4620 - Train Metric: 0.8590
Epoch 4/50 - Val Metric: 0.8901
Epoch 5/50 - Train Loss: 0.4483 - Train Metric: 0.8677
Epoch 5/50 - Val Metric: 0.8944
Epoch 6/50 - Train Loss: 0.4304 - Train Metric: 0.8784
Epoch 6/50 - Val Metric: 0.9023
Epoch 7/50 - Train Loss: 0.4209 - Train Metric: 0.8846
Epoch 7/50 - Val Metric: 0.9050
Epoch 8/50 - Train Loss: 0.4074 - Train Metric: 0.8931
Epoch 8/50 - Val Metric: 0.9049
Epoch 9/50 - Train Loss: 0.4139 - Train Metric: 0.8883
Epoch 9/50 - Val Metric: 0.9091
Epoch 10/50 - Train Loss: 0.3956 - Train Metric: 0.8990
Epoch 10/50 - Val Metric: 0.9149
Epoch 11/50 - Train Loss: 0.3923 - Train Metric: 0.9002
Epoch 11/50 - Val Metric: 0.9105
Epoch 12/50 - Train Loss: 0.3973 - Train Metric: 0.8981
Epoch 12/50 - Val Metric: 0.9113
Epoch 13/50 - Train Loss: 0.3907 - Train Metric: 0.9016
Epoch 13/50 - Val Metric: 0.9172
Epoch 14/50 - Train Loss: 0.3871 - Train Metric: 0.9036
Epoch 14/50 - Val Metric: 0.9131
Epoch 15/50 - Train Loss: 0.3865 - Train Metric: 0.9031
Epoch 15/50 - Val Metric: 0.9152
Epoch 16/50 - Train Loss: 0.3842 - Train Metric: 0.9041
Epoch 16/50 - Val Metric: 0.9171
Epoch 17/50 - Train Loss: 0.3830 - Train Metric: 0.9051
Epoch 17/50 - Val Metric: 0.9216
Epoch 18/50 - Train Loss: 0.3824 - Train Metric: 0.9051
Epoch 18/50 - Val Metric: 0.9197
Epoch 19/50 - Train Loss: 0.3770 - Train Metric: 0.9080
Epoch 19/50 - Val Metric: 0.9228
Epoch 20/50 - Train Loss: 0.3758 - Train Metric: 0.9081
Epoch 20/50 - Val Metric: 0.9224
Epoch 21/50 - Train Loss: 0.3761 - Train Metric: 0.9081
Epoch 21/50 - Val Metric: 0.9236
Epoch 22/50 - Train Loss: 0.3739 - Train Metric: 0.9091
Epoch 22/50 - Val Metric: 0.9213
Epoch 23/50 - Train Loss: 0.3726 - Train Metric: 0.9100
Epoch 23/50 - Val Metric: 0.9225
Epoch 24/50 - Train Loss: 0.3712 - Train Metric: 0.9104
Epoch 24/50 - Val Metric: 0.9238
Epoch 25/50 - Train Loss: 0.3718 - Train Metric: 0.9105
Epoch 25/50 - Val Metric: 0.9203
Epoch 26/50 - Train Loss: 0.3738 - Train Metric: 0.9093
Epoch 26/50 - Val Metric: 0.9269
Epoch 27/50 - Train Loss: 0.3696 - Train Metric: 0.9121
Epoch 27/50 - Val Metric: 0.9250
Epoch 28/50 - Train Loss: 0.3669 - Train Metric: 0.9128
Epoch 28/50 - Val Metric: 0.9249
Epoch 29/50 - Train Loss: 0.3681 - Train Metric: 0.9123
Epoch 29/50 - Val Metric: 0.9246
Epoch 30/50 - Train Loss: 0.3676 - Train Metric: 0.9131
Epoch 30/50 - Val Metric: 0.9274
Epoch 31/50 - Train Loss: 0.3709 - Train Metric: 0.9110
Epoch 31/50 - Val Metric: 0.9217
Epoch 32/50 - Train Loss: 0.3670 - Train Metric: 0.9130
Epoch 32/50 - Val Metric: 0.9222
Epoch 33/50 - Train Loss: 0.3624 - Train Metric: 0.9149
Epoch 33/50 - Val Metric: 0.9214
Epoch 34/50 - Train Loss: 0.3637 - Train Metric: 0.9145
Epoch 34/50 - Val Metric: 0.9262
Epoch 35/50 - Train Loss: 0.3651 - Train Metric: 0.9135
Epoch 35/50 - Val Metric: 0.9266
Epoch 36/50 - Train Loss: 0.3609 - Train Metric: 0.9161
Epoch 36/50 - Val Metric: 0.9225
Epoch 37/50 - Train Loss: 0.3624 - Train Metric: 0.9152
Epoch 37/50 - Val Metric: 0.9245
Epoch 38/50 - Train Loss: 0.3658 - Train Metric: 0.9134
Epoch 38/50 - Val Metric: 0.9244
Epoch 39/50 - Train Loss: 0.3670 - Train Metric: 0.9130
Epoch 39/50 - Val Metric: 0.9253
Epoch 40/50 - Train Loss: 0.3635 - Train Metric: 0.9148
Epoch 40/50 - Val Metric: 0.9247
Epoch 41/50 - Train Loss: 0.3607 - Train Metric: 0.9162
Epoch 41/50 - Val Metric: 0.9267
Epoch 42/50 - Train Loss: 0.3570 - Train Metric: 0.9184
Epoch 42/50 - Val Metric: 0.9270
Epoch 43/50 - Train Loss: 0.3541 - Train Metric: 0.9188
Epoch 43/50 - Val Metric: 0.9269
Epoch 44/50 - Train Loss: 0.3532 - Train Metric: 0.9192
Epoch 44/50 - Val Metric: 0.9189
Epoch 45/50 - Train Loss: 0.3544 - Train Metric: 0.9186
Epoch 45/50 - Val Metric: 0.9248
Epoch 46/50 - Train Loss: 0.3539 - Train Metric: 0.9189
Epoch 46/50 - Val Metric: 0.9277
Epoch 47/50 - Train Loss: 0.3543 - Train Metric: 0.9190
Epoch 47/50 - Val Metric: 0.9271
Epoch 48/50 - Train Loss: 0.3528 - Train Metric: 0.9195
Epoch 48/50 - Val Metric: 0.9216
Epoch 49/50 - Train Loss: 0.3528 - Train Metric: 0.9197
Epoch 49/50 - Val Metric: 0.9272
Epoch 50/50 - Train Loss: 0.3474 - Train Metric: 0.9223
Epoch 50/50 - Val Metric: 0.9262
Best val: 0.9277, Best test: 0.9234
Training set has 10700 instances
Validation set has 1337 instances
Test set has 1339 instances
Epoch 1/50 - Train Loss: 0.7015 - Train Metric: 0.4997
Epoch 1/50 - Val Metric: 0.7320
Epoch 2/50 - Train Loss: 0.6959 - Train Metric: 0.4975
Epoch 2/50 - Val Metric: 0.7331
Epoch 3/50 - Train Loss: 0.6951 - Train Metric: 0.4965
Epoch 3/50 - Val Metric: 0.7462
Epoch 4/50 - Train Loss: 0.6544 - Train Metric: 0.6388
Epoch 4/50 - Val Metric: 0.8365
Epoch 5/50 - Train Loss: 0.5096 - Train Metric: 0.8243
Epoch 5/50 - Val Metric: 0.8624
Epoch 6/50 - Train Loss: 0.4868 - Train Metric: 0.8412
Epoch 6/50 - Val Metric: 0.8688
Epoch 7/50 - Train Loss: 0.4741 - Train Metric: 0.8513
Epoch 7/50 - Val Metric: 0.8843
Epoch 8/50 - Train Loss: 0.4546 - Train Metric: 0.8634
Epoch 8/50 - Val Metric: 0.8868
Epoch 9/50 - Train Loss: 0.4433 - Train Metric: 0.8705
Epoch 9/50 - Val Metric: 0.8915
Epoch 10/50 - Train Loss: 0.4369 - Train Metric: 0.8753
Epoch 10/50 - Val Metric: 0.8964
Epoch 11/50 - Train Loss: 0.4286 - Train Metric: 0.8801
Epoch 11/50 - Val Metric: 0.9005
Epoch 12/50 - Train Loss: 0.4145 - Train Metric: 0.8891
Epoch 12/50 - Val Metric: 0.9096
Epoch 13/50 - Train Loss: 0.4104 - Train Metric: 0.8910
Epoch 13/50 - Val Metric: 0.9115
Epoch 14/50 - Train Loss: 0.4095 - Train Metric: 0.8909
Epoch 14/50 - Val Metric: 0.9151
Epoch 15/50 - Train Loss: 0.4016 - Train Metric: 0.8954
Epoch 15/50 - Val Metric: 0.9151
Epoch 16/50 - Train Loss: 0.3985 - Train Metric: 0.8969
Epoch 16/50 - Val Metric: 0.9149
Epoch 17/50 - Train Loss: 0.3933 - Train Metric: 0.8997
Epoch 17/50 - Val Metric: 0.9157
Epoch 18/50 - Train Loss: 0.3896 - Train Metric: 0.9015
Epoch 18/50 - Val Metric: 0.9201
Epoch 19/50 - Train Loss: 0.3929 - Train Metric: 0.8998
Epoch 19/50 - Val Metric: 0.9188
Epoch 20/50 - Train Loss: 0.3876 - Train Metric: 0.9026
Epoch 20/50 - Val Metric: 0.9198
Epoch 21/50 - Train Loss: 0.3860 - Train Metric: 0.9031
Epoch 21/50 - Val Metric: 0.9208
Epoch 22/50 - Train Loss: 0.3811 - Train Metric: 0.9062
Epoch 22/50 - Val Metric: 0.9190
Epoch 23/50 - Train Loss: 0.3789 - Train Metric: 0.9070
Epoch 23/50 - Val Metric: 0.9249
Epoch 24/50 - Train Loss: 0.3763 - Train Metric: 0.9088
Epoch 24/50 - Val Metric: 0.9255
Epoch 25/50 - Train Loss: 0.3804 - Train Metric: 0.9064
Epoch 25/50 - Val Metric: 0.9273
Epoch 26/50 - Train Loss: 0.3759 - Train Metric: 0.9086
Epoch 26/50 - Val Metric: 0.9155
Epoch 27/50 - Train Loss: 0.3732 - Train Metric: 0.9096
Epoch 27/50 - Val Metric: 0.9268
Epoch 28/50 - Train Loss: 0.3665 - Train Metric: 0.9133
Epoch 28/50 - Val Metric: 0.9288
Epoch 29/50 - Train Loss: 0.3692 - Train Metric: 0.9112
Epoch 29/50 - Val Metric: 0.9338
Epoch 30/50 - Train Loss: 0.3618 - Train Metric: 0.9149
Epoch 30/50 - Val Metric: 0.9319
Epoch 31/50 - Train Loss: 0.3669 - Train Metric: 0.9126
Epoch 31/50 - Val Metric: 0.9292
Epoch 32/50 - Train Loss: 0.3583 - Train Metric: 0.9163
Epoch 32/50 - Val Metric: 0.9339
Epoch 33/50 - Train Loss: 0.3548 - Train Metric: 0.9177
Epoch 33/50 - Val Metric: 0.9355
Epoch 34/50 - Train Loss: 0.3591 - Train Metric: 0.9163
Epoch 34/50 - Val Metric: 0.9337
Epoch 35/50 - Train Loss: 0.3520 - Train Metric: 0.9196
Epoch 35/50 - Val Metric: 0.9327
Epoch 36/50 - Train Loss: 0.3536 - Train Metric: 0.9189
Epoch 36/50 - Val Metric: 0.9317
Epoch 37/50 - Train Loss: 0.3574 - Train Metric: 0.9177
Epoch 37/50 - Val Metric: 0.9358
Epoch 38/50 - Train Loss: 0.3501 - Train Metric: 0.9206
Epoch 38/50 - Val Metric: 0.9359
Epoch 39/50 - Train Loss: 0.3486 - Train Metric: 0.9216
Epoch 39/50 - Val Metric: 0.9334
Epoch 40/50 - Train Loss: 0.3472 - Train Metric: 0.9220
Epoch 40/50 - Val Metric: 0.9370
Epoch 41/50 - Train Loss: 0.3501 - Train Metric: 0.9204
Epoch 41/50 - Val Metric: 0.9367
Epoch 42/50 - Train Loss: 0.3467 - Train Metric: 0.9223
Epoch 42/50 - Val Metric: 0.9362
Epoch 43/50 - Train Loss: 0.3483 - Train Metric: 0.9214
Epoch 43/50 - Val Metric: 0.9351
Epoch 44/50 - Train Loss: 0.3475 - Train Metric: 0.9221
Epoch 44/50 - Val Metric: 0.9373
Epoch 45/50 - Train Loss: 0.3490 - Train Metric: 0.9209
Epoch 45/50 - Val Metric: 0.9375
Epoch 46/50 - Train Loss: 0.3473 - Train Metric: 0.9216
Epoch 46/50 - Val Metric: 0.9344
Epoch 47/50 - Train Loss: 0.3414 - Train Metric: 0.9247
Epoch 47/50 - Val Metric: 0.9321
Epoch 48/50 - Train Loss: 0.3433 - Train Metric: 0.9238
Epoch 48/50 - Val Metric: 0.9358
Epoch 49/50 - Train Loss: 0.3408 - Train Metric: 0.9248
Epoch 49/50 - Val Metric: 0.9365
Epoch 50/50 - Train Loss: 0.3473 - Train Metric: 0.9220
Epoch 50/50 - Val Metric: 0.9375
Best val: 0.9375, Best test: 0.9248
[0.92198002 0.92711198 0.92248327 0.92338765 0.92477345]
