Hyper-parameter search via Optuna
Namespace(task_type='binary_classification', scale='small', idx=3, epochs=50, num_trials=20, num_repeats=5, seed=0, exp_name='MemPerceiver', result_path='output/binary_classification/small/3/MemPerceiver.pt')
Device: cuda
Start building binary_classification dataset_small_3
Training set has 10700 instances
Validation set has 1337 instances
Test set has 1339 instances
Epoch 1/50 - Train Loss: 0.6962 - Train Metric: 0.5045
Epoch 1/50 - Val Metric: 0.7355
Epoch 2/50 - Train Loss: 0.6331 - Train Metric: 0.6329
Epoch 2/50 - Val Metric: 0.8343
Epoch 3/50 - Train Loss: 0.5057 - Train Metric: 0.8290
Epoch 3/50 - Val Metric: 0.8567
Epoch 4/50 - Train Loss: 0.4696 - Train Metric: 0.8530
Epoch 4/50 - Val Metric: 0.8601
Epoch 5/50 - Train Loss: 0.4571 - Train Metric: 0.8598
Epoch 5/50 - Val Metric: 0.8589
Epoch 6/50 - Train Loss: 0.4530 - Train Metric: 0.8634
Epoch 6/50 - Val Metric: 0.8758
Epoch 7/50 - Train Loss: 0.4311 - Train Metric: 0.8767
Epoch 7/50 - Val Metric: 0.8773
Epoch 8/50 - Train Loss: 0.4353 - Train Metric: 0.8738
Epoch 8/50 - Val Metric: 0.8902
Epoch 9/50 - Train Loss: 0.4126 - Train Metric: 0.8889
Epoch 9/50 - Val Metric: 0.8960
Epoch 10/50 - Train Loss: 0.4014 - Train Metric: 0.8951
Epoch 10/50 - Val Metric: 0.8958
Epoch 11/50 - Train Loss: 0.3994 - Train Metric: 0.8965
Epoch 11/50 - Val Metric: 0.8947
Epoch 12/50 - Train Loss: 0.3934 - Train Metric: 0.9000
Epoch 12/50 - Val Metric: 0.8940
Epoch 13/50 - Train Loss: 0.3861 - Train Metric: 0.9036
Epoch 13/50 - Val Metric: 0.8957
Epoch 14/50 - Train Loss: 0.3892 - Train Metric: 0.9019
Epoch 14/50 - Val Metric: 0.8922
Epoch 15/50 - Train Loss: 0.3900 - Train Metric: 0.9009
Epoch 15/50 - Val Metric: 0.8936
Epoch 16/50 - Train Loss: 0.3778 - Train Metric: 0.9078
Epoch 16/50 - Val Metric: 0.9000
Epoch 17/50 - Train Loss: 0.3728 - Train Metric: 0.9105
Epoch 17/50 - Val Metric: 0.9051
Epoch 18/50 - Train Loss: 0.3709 - Train Metric: 0.9105
Epoch 18/50 - Val Metric: 0.9072
Epoch 19/50 - Train Loss: 0.3736 - Train Metric: 0.9103
Epoch 19/50 - Val Metric: 0.9059
Epoch 20/50 - Train Loss: 0.3737 - Train Metric: 0.9097
Epoch 20/50 - Val Metric: 0.9087
Epoch 21/50 - Train Loss: 0.3696 - Train Metric: 0.9126
Epoch 21/50 - Val Metric: 0.9006
Epoch 22/50 - Train Loss: 0.3671 - Train Metric: 0.9132
Epoch 22/50 - Val Metric: 0.9085
Epoch 23/50 - Train Loss: 0.3619 - Train Metric: 0.9159
Epoch 23/50 - Val Metric: 0.9059
Epoch 24/50 - Train Loss: 0.3626 - Train Metric: 0.9156
Epoch 24/50 - Val Metric: 0.9060
Epoch 25/50 - Train Loss: 0.3615 - Train Metric: 0.9158
Epoch 25/50 - Val Metric: 0.9047
Epoch 26/50 - Train Loss: 0.3606 - Train Metric: 0.9155
Epoch 26/50 - Val Metric: 0.9119
Epoch 27/50 - Train Loss: 0.3605 - Train Metric: 0.9163
Epoch 27/50 - Val Metric: 0.9098
Epoch 28/50 - Train Loss: 0.3574 - Train Metric: 0.9180
Epoch 28/50 - Val Metric: 0.9123
Epoch 29/50 - Train Loss: 0.3593 - Train Metric: 0.9166
Epoch 29/50 - Val Metric: 0.9109
Epoch 30/50 - Train Loss: 0.3598 - Train Metric: 0.9170
Epoch 30/50 - Val Metric: 0.9062
Epoch 31/50 - Train Loss: 0.3623 - Train Metric: 0.9162
Epoch 31/50 - Val Metric: 0.9103
Epoch 32/50 - Train Loss: 0.3536 - Train Metric: 0.9192
Epoch 32/50 - Val Metric: 0.9092
Epoch 33/50 - Train Loss: 0.3508 - Train Metric: 0.9211
Epoch 33/50 - Val Metric: 0.9053
Epoch 34/50 - Train Loss: 0.3512 - Train Metric: 0.9205
Epoch 34/50 - Val Metric: 0.9119
Epoch 35/50 - Train Loss: 0.3527 - Train Metric: 0.9202
Epoch 35/50 - Val Metric: 0.9101
Epoch 36/50 - Train Loss: 0.3548 - Train Metric: 0.9186
Epoch 36/50 - Val Metric: 0.9083
Epoch 37/50 - Train Loss: 0.3628 - Train Metric: 0.9150
Epoch 37/50 - Val Metric: 0.9141
Epoch 38/50 - Train Loss: 0.3584 - Train Metric: 0.9174
Epoch 38/50 - Val Metric: 0.9003
Epoch 39/50 - Train Loss: 0.3532 - Train Metric: 0.9199
Epoch 39/50 - Val Metric: 0.9182
Epoch 40/50 - Train Loss: 0.3482 - Train Metric: 0.9217
Epoch 40/50 - Val Metric: 0.9141
Epoch 41/50 - Train Loss: 0.3476 - Train Metric: 0.9219
Epoch 41/50 - Val Metric: 0.9129
Epoch 42/50 - Train Loss: 0.3421 - Train Metric: 0.9247
Epoch 42/50 - Val Metric: 0.9085
Epoch 43/50 - Train Loss: 0.3470 - Train Metric: 0.9224
Epoch 43/50 - Val Metric: 0.9018
Epoch 44/50 - Train Loss: 0.3458 - Train Metric: 0.9233
Epoch 44/50 - Val Metric: 0.9128
Epoch 45/50 - Train Loss: 0.3524 - Train Metric: 0.9198
Epoch 45/50 - Val Metric: 0.9125
Epoch 46/50 - Train Loss: 0.3406 - Train Metric: 0.9251
Epoch 46/50 - Val Metric: 0.9153
Epoch 47/50 - Train Loss: 0.3409 - Train Metric: 0.9254
Epoch 47/50 - Val Metric: 0.9165
Epoch 48/50 - Train Loss: 0.3451 - Train Metric: 0.9234
Epoch 48/50 - Val Metric: 0.9159
Epoch 49/50 - Train Loss: 0.3407 - Train Metric: 0.9254
Epoch 49/50 - Val Metric: 0.9187
Epoch 50/50 - Train Loss: 0.3400 - Train Metric: 0.9252
Epoch 50/50 - Val Metric: 0.9077
Best val: 0.9187, Best test: 0.9277
Training set has 10700 instances
Validation set has 1337 instances
Test set has 1339 instances
Epoch 1/50 - Train Loss: 0.6996 - Train Metric: 0.5019
Epoch 1/50 - Val Metric: 0.7147
Epoch 2/50 - Train Loss: 0.5715 - Train Metric: 0.7676
Epoch 2/50 - Val Metric: 0.7607
Epoch 3/50 - Train Loss: 0.5491 - Train Metric: 0.7913
Epoch 3/50 - Val Metric: 0.8271
Epoch 4/50 - Train Loss: 0.4744 - Train Metric: 0.8500
Epoch 4/50 - Val Metric: 0.8577
Epoch 5/50 - Train Loss: 0.4685 - Train Metric: 0.8535
Epoch 5/50 - Val Metric: 0.8610
Epoch 6/50 - Train Loss: 0.4585 - Train Metric: 0.8599
Epoch 6/50 - Val Metric: 0.8662
Epoch 7/50 - Train Loss: 0.4589 - Train Metric: 0.8608
Epoch 7/50 - Val Metric: 0.8644
Epoch 8/50 - Train Loss: 0.4533 - Train Metric: 0.8633
Epoch 8/50 - Val Metric: 0.8685
Epoch 9/50 - Train Loss: 0.4495 - Train Metric: 0.8664
Epoch 9/50 - Val Metric: 0.8703
Epoch 10/50 - Train Loss: 0.4417 - Train Metric: 0.8703
Epoch 10/50 - Val Metric: 0.8712
Epoch 11/50 - Train Loss: 0.4419 - Train Metric: 0.8704
Epoch 11/50 - Val Metric: 0.8720
Epoch 12/50 - Train Loss: 0.4405 - Train Metric: 0.8710
Epoch 12/50 - Val Metric: 0.8725
Epoch 13/50 - Train Loss: 0.4364 - Train Metric: 0.8740
Epoch 13/50 - Val Metric: 0.8766
Epoch 14/50 - Train Loss: 0.4321 - Train Metric: 0.8759
Epoch 14/50 - Val Metric: 0.8797
Epoch 15/50 - Train Loss: 0.4314 - Train Metric: 0.8762
Epoch 15/50 - Val Metric: 0.8797
Epoch 16/50 - Train Loss: 0.4250 - Train Metric: 0.8811
Epoch 16/50 - Val Metric: 0.8865
Epoch 17/50 - Train Loss: 0.4182 - Train Metric: 0.8839
Epoch 17/50 - Val Metric: 0.8880
Epoch 18/50 - Train Loss: 0.4139 - Train Metric: 0.8862
Epoch 18/50 - Val Metric: 0.8921
Epoch 19/50 - Train Loss: 0.4098 - Train Metric: 0.8895
Epoch 19/50 - Val Metric: 0.8942
Epoch 20/50 - Train Loss: 0.4058 - Train Metric: 0.8927
Epoch 20/50 - Val Metric: 0.8958
Epoch 21/50 - Train Loss: 0.3987 - Train Metric: 0.8967
Epoch 21/50 - Val Metric: 0.8988
Epoch 22/50 - Train Loss: 0.3925 - Train Metric: 0.8995
Epoch 22/50 - Val Metric: 0.9016
Epoch 23/50 - Train Loss: 0.4057 - Train Metric: 0.8926
Epoch 23/50 - Val Metric: 0.9005
Epoch 24/50 - Train Loss: 0.3995 - Train Metric: 0.8964
Epoch 24/50 - Val Metric: 0.9031
Epoch 25/50 - Train Loss: 0.3928 - Train Metric: 0.8997
Epoch 25/50 - Val Metric: 0.9028
Epoch 26/50 - Train Loss: 0.3915 - Train Metric: 0.9002
Epoch 26/50 - Val Metric: 0.9040
Epoch 27/50 - Train Loss: 0.3888 - Train Metric: 0.9020
Epoch 27/50 - Val Metric: 0.9067
Epoch 28/50 - Train Loss: 0.3861 - Train Metric: 0.9030
Epoch 28/50 - Val Metric: 0.9095
Epoch 29/50 - Train Loss: 0.3960 - Train Metric: 0.8972
Epoch 29/50 - Val Metric: 0.9069
Epoch 30/50 - Train Loss: 0.3843 - Train Metric: 0.9036
Epoch 30/50 - Val Metric: 0.9092
Epoch 31/50 - Train Loss: 0.3811 - Train Metric: 0.9053
Epoch 31/50 - Val Metric: 0.9080
Epoch 32/50 - Train Loss: 0.3843 - Train Metric: 0.9041
Epoch 32/50 - Val Metric: 0.9058
Epoch 33/50 - Train Loss: 0.3855 - Train Metric: 0.9033
Epoch 33/50 - Val Metric: 0.9104
Epoch 34/50 - Train Loss: 0.3810 - Train Metric: 0.9053
Epoch 34/50 - Val Metric: 0.9088
Epoch 35/50 - Train Loss: 0.3777 - Train Metric: 0.9069
Epoch 35/50 - Val Metric: 0.9121
Epoch 36/50 - Train Loss: 0.3771 - Train Metric: 0.9073
Epoch 36/50 - Val Metric: 0.9131
Epoch 37/50 - Train Loss: 0.3728 - Train Metric: 0.9096
Epoch 37/50 - Val Metric: 0.9069
Epoch 38/50 - Train Loss: 0.3735 - Train Metric: 0.9096
Epoch 38/50 - Val Metric: 0.9139
Epoch 39/50 - Train Loss: 0.3761 - Train Metric: 0.9080
Epoch 39/50 - Val Metric: 0.9130
Epoch 40/50 - Train Loss: 0.3719 - Train Metric: 0.9096
Epoch 40/50 - Val Metric: 0.9150
Epoch 41/50 - Train Loss: 0.3730 - Train Metric: 0.9098
Epoch 41/50 - Val Metric: 0.9144
Epoch 42/50 - Train Loss: 0.3726 - Train Metric: 0.9098
Epoch 42/50 - Val Metric: 0.9151
Epoch 43/50 - Train Loss: 0.3669 - Train Metric: 0.9121
Epoch 43/50 - Val Metric: 0.9137
Epoch 44/50 - Train Loss: 0.3667 - Train Metric: 0.9122
Epoch 44/50 - Val Metric: 0.9110
Epoch 45/50 - Train Loss: 0.3650 - Train Metric: 0.9131
Epoch 45/50 - Val Metric: 0.9152
Epoch 46/50 - Train Loss: 0.3624 - Train Metric: 0.9149
Epoch 46/50 - Val Metric: 0.9159
Epoch 47/50 - Train Loss: 0.3644 - Train Metric: 0.9134
Epoch 47/50 - Val Metric: 0.9162
Epoch 48/50 - Train Loss: 0.3663 - Train Metric: 0.9130
Epoch 48/50 - Val Metric: 0.9130
Epoch 49/50 - Train Loss: 0.3655 - Train Metric: 0.9125
Epoch 49/50 - Val Metric: 0.9166
Epoch 50/50 - Train Loss: 0.3604 - Train Metric: 0.9153
Epoch 50/50 - Val Metric: 0.9158
Best val: 0.9166, Best test: 0.9123
Training set has 10700 instances
Validation set has 1337 instances
Test set has 1339 instances
Epoch 1/50 - Train Loss: 0.7255 - Train Metric: 0.4956
Epoch 1/50 - Val Metric: 0.6268
Epoch 2/50 - Train Loss: 0.6940 - Train Metric: 0.4969
Epoch 2/50 - Val Metric: 0.6307
Epoch 3/50 - Train Loss: 0.6948 - Train Metric: 0.5062
Epoch 3/50 - Val Metric: 0.6247
Epoch 4/50 - Train Loss: 0.6951 - Train Metric: 0.5048
Epoch 4/50 - Val Metric: 0.6318
Epoch 5/50 - Train Loss: 0.6947 - Train Metric: 0.4988
Epoch 5/50 - Val Metric: 0.6268
Epoch 6/50 - Train Loss: 0.6939 - Train Metric: 0.5075
Epoch 6/50 - Val Metric: 0.6261
Epoch 7/50 - Train Loss: 0.6950 - Train Metric: 0.5065
Epoch 7/50 - Val Metric: 0.6282
Epoch 8/50 - Train Loss: 0.6942 - Train Metric: 0.5015
Epoch 8/50 - Val Metric: 0.6249
Epoch 9/50 - Train Loss: 0.6943 - Train Metric: 0.5066
Epoch 9/50 - Val Metric: 0.6248
Epoch 10/50 - Train Loss: 0.6942 - Train Metric: 0.5004
Epoch 10/50 - Val Metric: 0.6264
Epoch 11/50 - Train Loss: 0.6945 - Train Metric: 0.5086
Epoch 11/50 - Val Metric: 0.6265
Epoch 12/50 - Train Loss: 0.6942 - Train Metric: 0.4974
Epoch 12/50 - Val Metric: 0.6211
Epoch 13/50 - Train Loss: 0.6944 - Train Metric: 0.5001
Epoch 13/50 - Val Metric: 0.6192
Epoch 14/50 - Train Loss: 0.6936 - Train Metric: 0.5043
Epoch 14/50 - Val Metric: 0.6136
Epoch 15/50 - Train Loss: 0.6851 - Train Metric: 0.5336
Epoch 15/50 - Val Metric: 0.7652
Epoch 16/50 - Train Loss: 0.7055 - Train Metric: 0.5059
Epoch 16/50 - Val Metric: 0.7791
Epoch 17/50 - Train Loss: 0.6946 - Train Metric: 0.5159
Epoch 17/50 - Val Metric: 0.7789
Epoch 18/50 - Train Loss: 0.6935 - Train Metric: 0.5241
Epoch 18/50 - Val Metric: 0.7789
Epoch 19/50 - Train Loss: 0.6916 - Train Metric: 0.5446
Epoch 19/50 - Val Metric: 0.7774
Epoch 20/50 - Train Loss: 0.6937 - Train Metric: 0.5684
Epoch 20/50 - Val Metric: 0.8029
Epoch 21/50 - Train Loss: 0.5937 - Train Metric: 0.7578
Epoch 21/50 - Val Metric: 0.8076
Epoch 22/50 - Train Loss: 0.5153 - Train Metric: 0.8191
Epoch 22/50 - Val Metric: 0.8380
Epoch 23/50 - Train Loss: 0.4814 - Train Metric: 0.8441
Epoch 23/50 - Val Metric: 0.8506
Epoch 24/50 - Train Loss: 0.4786 - Train Metric: 0.8466
Epoch 24/50 - Val Metric: 0.8487
Epoch 25/50 - Train Loss: 0.4817 - Train Metric: 0.8443
Epoch 25/50 - Val Metric: 0.8512
Epoch 26/50 - Train Loss: 0.4562 - Train Metric: 0.8634
Epoch 26/50 - Val Metric: 0.8622
Epoch 27/50 - Train Loss: 0.4474 - Train Metric: 0.8680
Epoch 27/50 - Val Metric: 0.8626
Epoch 28/50 - Train Loss: 0.4485 - Train Metric: 0.8662
Epoch 28/50 - Val Metric: 0.8667
Epoch 29/50 - Train Loss: 0.4373 - Train Metric: 0.8737
Epoch 29/50 - Val Metric: 0.8695
Epoch 30/50 - Train Loss: 0.4378 - Train Metric: 0.8730
Epoch 30/50 - Val Metric: 0.8674
Epoch 31/50 - Train Loss: 0.4445 - Train Metric: 0.8685
Epoch 31/50 - Val Metric: 0.8736
Epoch 32/50 - Train Loss: 0.4391 - Train Metric: 0.8705
Epoch 32/50 - Val Metric: 0.8717
Epoch 33/50 - Train Loss: 0.4218 - Train Metric: 0.8810
Epoch 33/50 - Val Metric: 0.8755
Epoch 34/50 - Train Loss: 0.4184 - Train Metric: 0.8837
Epoch 34/50 - Val Metric: 0.8768
Epoch 35/50 - Train Loss: 0.4211 - Train Metric: 0.8816
Epoch 35/50 - Val Metric: 0.8764
Epoch 36/50 - Train Loss: 0.4189 - Train Metric: 0.8831
Epoch 36/50 - Val Metric: 0.8792
Epoch 37/50 - Train Loss: 0.4190 - Train Metric: 0.8827
Epoch 37/50 - Val Metric: 0.8806
Epoch 38/50 - Train Loss: 0.4158 - Train Metric: 0.8847
Epoch 38/50 - Val Metric: 0.8789
Epoch 39/50 - Train Loss: 0.4209 - Train Metric: 0.8824
Epoch 39/50 - Val Metric: 0.8804
Epoch 40/50 - Train Loss: 0.4151 - Train Metric: 0.8849
Epoch 40/50 - Val Metric: 0.8821
Epoch 41/50 - Train Loss: 0.4148 - Train Metric: 0.8856
Epoch 41/50 - Val Metric: 0.8842
Epoch 42/50 - Train Loss: 0.4152 - Train Metric: 0.8851
Epoch 42/50 - Val Metric: 0.8816
Epoch 43/50 - Train Loss: 0.4097 - Train Metric: 0.8880
Epoch 43/50 - Val Metric: 0.8846
Epoch 44/50 - Train Loss: 0.4100 - Train Metric: 0.8883
Epoch 44/50 - Val Metric: 0.8812
Epoch 45/50 - Train Loss: 0.4072 - Train Metric: 0.8893
Epoch 45/50 - Val Metric: 0.8838
Epoch 46/50 - Train Loss: 0.4052 - Train Metric: 0.8906
Epoch 46/50 - Val Metric: 0.8835
Epoch 47/50 - Train Loss: 0.4026 - Train Metric: 0.8930
Epoch 47/50 - Val Metric: 0.8890
Epoch 48/50 - Train Loss: 0.4002 - Train Metric: 0.8935
Epoch 48/50 - Val Metric: 0.8895
Epoch 49/50 - Train Loss: 0.4023 - Train Metric: 0.8933
Epoch 49/50 - Val Metric: 0.8919
Epoch 50/50 - Train Loss: 0.3946 - Train Metric: 0.8973
Epoch 50/50 - Val Metric: 0.8930
Best val: 0.8930, Best test: 0.9075
Training set has 10700 instances
Validation set has 1337 instances
Test set has 1339 instances
Epoch 1/50 - Train Loss: 0.7057 - Train Metric: 0.4947
Epoch 1/50 - Val Metric: 0.7359
Epoch 2/50 - Train Loss: 0.6993 - Train Metric: 0.5063
Epoch 2/50 - Val Metric: 0.7371
Epoch 3/50 - Train Loss: 0.6950 - Train Metric: 0.5182
Epoch 3/50 - Val Metric: 0.7321
Epoch 4/50 - Train Loss: 0.6590 - Train Metric: 0.6233
Epoch 4/50 - Val Metric: 0.7916
Epoch 5/50 - Train Loss: 0.5936 - Train Metric: 0.7239
Epoch 5/50 - Val Metric: 0.8400
Epoch 6/50 - Train Loss: 0.5517 - Train Metric: 0.7833
Epoch 6/50 - Val Metric: 0.8513
Epoch 7/50 - Train Loss: 0.5274 - Train Metric: 0.8085
Epoch 7/50 - Val Metric: 0.8576
Epoch 8/50 - Train Loss: 0.5111 - Train Metric: 0.8218
Epoch 8/50 - Val Metric: 0.8684
Epoch 9/50 - Train Loss: 0.4968 - Train Metric: 0.8337
Epoch 9/50 - Val Metric: 0.8725
Epoch 10/50 - Train Loss: 0.4889 - Train Metric: 0.8403
Epoch 10/50 - Val Metric: 0.8698
Epoch 11/50 - Train Loss: 0.4844 - Train Metric: 0.8427
Epoch 11/50 - Val Metric: 0.8740
Epoch 12/50 - Train Loss: 0.4757 - Train Metric: 0.8490
Epoch 12/50 - Val Metric: 0.8832
Epoch 13/50 - Train Loss: 0.4700 - Train Metric: 0.8531
Epoch 13/50 - Val Metric: 0.8791
Epoch 14/50 - Train Loss: 0.4670 - Train Metric: 0.8551
Epoch 14/50 - Val Metric: 0.8782
Epoch 15/50 - Train Loss: 0.4688 - Train Metric: 0.8537
Epoch 15/50 - Val Metric: 0.8848
Epoch 16/50 - Train Loss: 0.4628 - Train Metric: 0.8577
Epoch 16/50 - Val Metric: 0.8884
Epoch 17/50 - Train Loss: 0.4581 - Train Metric: 0.8607
Epoch 17/50 - Val Metric: 0.8896
Epoch 18/50 - Train Loss: 0.4594 - Train Metric: 0.8600
Epoch 18/50 - Val Metric: 0.8881
Epoch 19/50 - Train Loss: 0.4566 - Train Metric: 0.8614
Epoch 19/50 - Val Metric: 0.8896
Epoch 20/50 - Train Loss: 0.4539 - Train Metric: 0.8640
Epoch 20/50 - Val Metric: 0.8907
Epoch 21/50 - Train Loss: 0.4538 - Train Metric: 0.8638
Epoch 21/50 - Val Metric: 0.8900
Epoch 22/50 - Train Loss: 0.4557 - Train Metric: 0.8622
Epoch 22/50 - Val Metric: 0.8858
Epoch 23/50 - Train Loss: 0.4526 - Train Metric: 0.8644
Epoch 23/50 - Val Metric: 0.8914
Epoch 24/50 - Train Loss: 0.4501 - Train Metric: 0.8655
Epoch 24/50 - Val Metric: 0.8902
Epoch 25/50 - Train Loss: 0.4470 - Train Metric: 0.8674
Epoch 25/50 - Val Metric: 0.8914
Epoch 26/50 - Train Loss: 0.4489 - Train Metric: 0.8662
Epoch 26/50 - Val Metric: 0.8937
Epoch 27/50 - Train Loss: 0.4440 - Train Metric: 0.8699
Epoch 27/50 - Val Metric: 0.8922
Epoch 28/50 - Train Loss: 0.4471 - Train Metric: 0.8678
Epoch 28/50 - Val Metric: 0.8966
Epoch 29/50 - Train Loss: 0.4450 - Train Metric: 0.8695
Epoch 29/50 - Val Metric: 0.8966
Epoch 30/50 - Train Loss: 0.4455 - Train Metric: 0.8684
Epoch 30/50 - Val Metric: 0.8926
Epoch 31/50 - Train Loss: 0.4443 - Train Metric: 0.8696
Epoch 31/50 - Val Metric: 0.8944
Epoch 32/50 - Train Loss: 0.4449 - Train Metric: 0.8693
Epoch 32/50 - Val Metric: 0.8962
Epoch 33/50 - Train Loss: 0.4429 - Train Metric: 0.8705
Epoch 33/50 - Val Metric: 0.8939
Epoch 34/50 - Train Loss: 0.4431 - Train Metric: 0.8702
Epoch 34/50 - Val Metric: 0.8975
Epoch 35/50 - Train Loss: 0.4442 - Train Metric: 0.8698
Epoch 35/50 - Val Metric: 0.8952
Epoch 36/50 - Train Loss: 0.4427 - Train Metric: 0.8706
Epoch 36/50 - Val Metric: 0.8938
Epoch 37/50 - Train Loss: 0.4407 - Train Metric: 0.8725
Epoch 37/50 - Val Metric: 0.8946
Epoch 38/50 - Train Loss: 0.4414 - Train Metric: 0.8715
Epoch 38/50 - Val Metric: 0.8926
Epoch 39/50 - Train Loss: 0.4403 - Train Metric: 0.8719
Epoch 39/50 - Val Metric: 0.8989
Epoch 40/50 - Train Loss: 0.4398 - Train Metric: 0.8717
Epoch 40/50 - Val Metric: 0.8959
Epoch 41/50 - Train Loss: 0.4375 - Train Metric: 0.8738
Epoch 41/50 - Val Metric: 0.8959
Epoch 42/50 - Train Loss: 0.4406 - Train Metric: 0.8724
Epoch 42/50 - Val Metric: 0.8960
Epoch 43/50 - Train Loss: 0.4370 - Train Metric: 0.8739
Epoch 43/50 - Val Metric: 0.8963
Epoch 44/50 - Train Loss: 0.4381 - Train Metric: 0.8737
Epoch 44/50 - Val Metric: 0.8964
Epoch 45/50 - Train Loss: 0.4381 - Train Metric: 0.8738
Epoch 45/50 - Val Metric: 0.8944
Epoch 46/50 - Train Loss: 0.4358 - Train Metric: 0.8753
Epoch 46/50 - Val Metric: 0.8987
Epoch 47/50 - Train Loss: 0.4348 - Train Metric: 0.8754
Epoch 47/50 - Val Metric: 0.8993
Epoch 48/50 - Train Loss: 0.4345 - Train Metric: 0.8750
Epoch 48/50 - Val Metric: 0.8957
Epoch 49/50 - Train Loss: 0.4343 - Train Metric: 0.8753
Epoch 49/50 - Val Metric: 0.8986
Epoch 50/50 - Train Loss: 0.4381 - Train Metric: 0.8737
Epoch 50/50 - Val Metric: 0.8982
Best val: 0.8993, Best test: 0.8800
Training set has 10700 instances
Validation set has 1337 instances
Test set has 1339 instances
Epoch 1/50 - Train Loss: 0.7061 - Train Metric: 0.4977
Epoch 1/50 - Val Metric: 0.7010
Epoch 2/50 - Train Loss: 0.6978 - Train Metric: 0.5120
Epoch 2/50 - Val Metric: 0.7759
Epoch 3/50 - Train Loss: 0.6965 - Train Metric: 0.5027
Epoch 3/50 - Val Metric: 0.7921
Epoch 4/50 - Train Loss: 0.6960 - Train Metric: 0.5041
Epoch 4/50 - Val Metric: 0.7803
Epoch 5/50 - Train Loss: 0.6719 - Train Metric: 0.6068
Epoch 5/50 - Val Metric: 0.8029
Epoch 6/50 - Train Loss: 0.5780 - Train Metric: 0.7554
Epoch 6/50 - Val Metric: 0.8287
Epoch 7/50 - Train Loss: 0.5450 - Train Metric: 0.7928
Epoch 7/50 - Val Metric: 0.8345
Epoch 8/50 - Train Loss: 0.5285 - Train Metric: 0.8071
Epoch 8/50 - Val Metric: 0.8386
Epoch 9/50 - Train Loss: 0.5206 - Train Metric: 0.8157
Epoch 9/50 - Val Metric: 0.8484
Epoch 10/50 - Train Loss: 0.5073 - Train Metric: 0.8268
Epoch 10/50 - Val Metric: 0.8562
Epoch 11/50 - Train Loss: 0.4981 - Train Metric: 0.8354
Epoch 11/50 - Val Metric: 0.8579
Epoch 12/50 - Train Loss: 0.4911 - Train Metric: 0.8413
Epoch 12/50 - Val Metric: 0.8572
Epoch 13/50 - Train Loss: 0.4851 - Train Metric: 0.8455
Epoch 13/50 - Val Metric: 0.8621
Epoch 14/50 - Train Loss: 0.4881 - Train Metric: 0.8419
Epoch 14/50 - Val Metric: 0.8601
Epoch 15/50 - Train Loss: 0.4840 - Train Metric: 0.8457
Epoch 15/50 - Val Metric: 0.8600
Epoch 16/50 - Train Loss: 0.4772 - Train Metric: 0.8506
Epoch 16/50 - Val Metric: 0.8642
Epoch 17/50 - Train Loss: 0.4762 - Train Metric: 0.8513
Epoch 17/50 - Val Metric: 0.8627
Epoch 18/50 - Train Loss: 0.4737 - Train Metric: 0.8521
Epoch 18/50 - Val Metric: 0.8639
Epoch 19/50 - Train Loss: 0.4709 - Train Metric: 0.8544
Epoch 19/50 - Val Metric: 0.8661
Epoch 20/50 - Train Loss: 0.4722 - Train Metric: 0.8530
Epoch 20/50 - Val Metric: 0.8650
Epoch 21/50 - Train Loss: 0.4710 - Train Metric: 0.8538
Epoch 21/50 - Val Metric: 0.8654
Epoch 22/50 - Train Loss: 0.4667 - Train Metric: 0.8574
Epoch 22/50 - Val Metric: 0.8680
Epoch 23/50 - Train Loss: 0.4660 - Train Metric: 0.8569
Epoch 23/50 - Val Metric: 0.8680
Epoch 24/50 - Train Loss: 0.4644 - Train Metric: 0.8587
Epoch 24/50 - Val Metric: 0.8691
Epoch 25/50 - Train Loss: 0.4642 - Train Metric: 0.8585
Epoch 25/50 - Val Metric: 0.8668
Epoch 26/50 - Train Loss: 0.4598 - Train Metric: 0.8619
Epoch 26/50 - Val Metric: 0.8667
Epoch 27/50 - Train Loss: 0.4632 - Train Metric: 0.8590
Epoch 27/50 - Val Metric: 0.8671
Epoch 28/50 - Train Loss: 0.4643 - Train Metric: 0.8582
Epoch 28/50 - Val Metric: 0.8739
Epoch 29/50 - Train Loss: 0.4602 - Train Metric: 0.8611
Epoch 29/50 - Val Metric: 0.8714
Epoch 30/50 - Train Loss: 0.4595 - Train Metric: 0.8614
Epoch 30/50 - Val Metric: 0.8710
Epoch 31/50 - Train Loss: 0.4635 - Train Metric: 0.8591
Epoch 31/50 - Val Metric: 0.8732
Epoch 32/50 - Train Loss: 0.4603 - Train Metric: 0.8610
Epoch 32/50 - Val Metric: 0.8714
Epoch 33/50 - Train Loss: 0.4644 - Train Metric: 0.8579
Epoch 33/50 - Val Metric: 0.8702
Epoch 34/50 - Train Loss: 0.4545 - Train Metric: 0.8648
Epoch 34/50 - Val Metric: 0.8716
Epoch 35/50 - Train Loss: 0.4593 - Train Metric: 0.8609
Epoch 35/50 - Val Metric: 0.8723
Epoch 36/50 - Train Loss: 0.4574 - Train Metric: 0.8633
Epoch 36/50 - Val Metric: 0.8713
Epoch 37/50 - Train Loss: 0.4595 - Train Metric: 0.8613
Epoch 37/50 - Val Metric: 0.8747
Epoch 38/50 - Train Loss: 0.4561 - Train Metric: 0.8635
Epoch 38/50 - Val Metric: 0.8751
Epoch 39/50 - Train Loss: 0.4583 - Train Metric: 0.8621
Epoch 39/50 - Val Metric: 0.8739
Epoch 40/50 - Train Loss: 0.4582 - Train Metric: 0.8620
Epoch 40/50 - Val Metric: 0.8739
Epoch 41/50 - Train Loss: 0.4554 - Train Metric: 0.8639
Epoch 41/50 - Val Metric: 0.8736
Epoch 42/50 - Train Loss: 0.4557 - Train Metric: 0.8641
Epoch 42/50 - Val Metric: 0.8740
Epoch 43/50 - Train Loss: 0.4527 - Train Metric: 0.8658
Epoch 43/50 - Val Metric: 0.8711
Epoch 44/50 - Train Loss: 0.4555 - Train Metric: 0.8634
Epoch 44/50 - Val Metric: 0.8734
Epoch 45/50 - Train Loss: 0.4531 - Train Metric: 0.8655
Epoch 45/50 - Val Metric: 0.8745
Epoch 46/50 - Train Loss: 0.4519 - Train Metric: 0.8663
Epoch 46/50 - Val Metric: 0.8736
Epoch 47/50 - Train Loss: 0.4551 - Train Metric: 0.8641
Epoch 47/50 - Val Metric: 0.8741
Epoch 48/50 - Train Loss: 0.4549 - Train Metric: 0.8639
Epoch 48/50 - Val Metric: 0.8746
Epoch 49/50 - Train Loss: 0.4520 - Train Metric: 0.8661
Epoch 49/50 - Val Metric: 0.8723
Epoch 50/50 - Train Loss: 0.4530 - Train Metric: 0.8656
Epoch 50/50 - Val Metric: 0.8743
Best val: 0.8751, Best test: 0.8683
Training set has 10700 instances
Validation set has 1337 instances
Test set has 1339 instances
Epoch 1/50 - Train Loss: 0.7042 - Train Metric: 0.5097
Epoch 1/50 - Val Metric: 0.7322
Training set has 10700 instances
Validation set has 1337 instances
Test set has 1339 instances
Training set has 10700 instances
Validation set has 1337 instances
Test set has 1339 instances
Training set has 10700 instances
Validation set has 1337 instances
Test set has 1339 instances
Training set has 10700 instances
Validation set has 1337 instances
Test set has 1339 instances
Training set has 10700 instances
Validation set has 1337 instances
Test set has 1339 instances
Training set has 10700 instances
Validation set has 1337 instances
Test set has 1339 instances
Training set has 10700 instances
Validation set has 1337 instances
Test set has 1339 instances
Training set has 10700 instances
Validation set has 1337 instances
Test set has 1339 instances
Training set has 10700 instances
Validation set has 1337 instances
Test set has 1339 instances
Epoch 1/50 - Train Loss: 0.7046 - Train Metric: 0.5002
Epoch 1/50 - Val Metric: 0.7402
Training set has 10700 instances
Validation set has 1337 instances
Test set has 1339 instances
Training set has 10700 instances
Validation set has 1337 instances
Test set has 1339 instances
Training set has 10700 instances
Validation set has 1337 instances
Test set has 1339 instances
Training set has 10700 instances
Validation set has 1337 instances
Test set has 1339 instances
Training set has 10700 instances
Validation set has 1337 instances
Test set has 1339 instances
Epoch 1/50 - Train Loss: 0.7021 - Train Metric: 0.5017
Epoch 1/50 - Val Metric: 0.7603
Hyper-parameter search done. Found the best config.
Repeat experiments 5 times with the best train config {'batch_size': 128, 'gamma_rate': 1.0, 'base_lr': 0.001} and model config {'num_heads': 8, 'num_layers': 4, 'num_latents': 32, 'hidden_dim': 64, 'mlp_ratio': 0.25, 'dropout_prob': 0, 'top_k': 5}.
Training set has 10700 instances
Validation set has 1337 instances
Test set has 1339 instances
Epoch 1/50 - Train Loss: 0.6962 - Train Metric: 0.5022
Epoch 1/50 - Val Metric: 0.5815
Epoch 2/50 - Train Loss: 0.6387 - Train Metric: 0.6321
Epoch 2/50 - Val Metric: 0.8450
Epoch 3/50 - Train Loss: 0.4822 - Train Metric: 0.8392
Epoch 3/50 - Val Metric: 0.8505
Epoch 4/50 - Train Loss: 0.4563 - Train Metric: 0.8576
Epoch 4/50 - Val Metric: 0.8657
Epoch 5/50 - Train Loss: 0.4329 - Train Metric: 0.8758
Epoch 5/50 - Val Metric: 0.8921
Epoch 6/50 - Train Loss: 0.4176 - Train Metric: 0.8857
Epoch 6/50 - Val Metric: 0.8956
Epoch 7/50 - Train Loss: 0.4134 - Train Metric: 0.8872
Epoch 7/50 - Val Metric: 0.8914
Epoch 8/50 - Train Loss: 0.4127 - Train Metric: 0.8886
Epoch 8/50 - Val Metric: 0.8967
Epoch 9/50 - Train Loss: 0.4042 - Train Metric: 0.8933
Epoch 9/50 - Val Metric: 0.8951
Epoch 10/50 - Train Loss: 0.3959 - Train Metric: 0.8972
Epoch 10/50 - Val Metric: 0.8980
Epoch 11/50 - Train Loss: 0.3933 - Train Metric: 0.8990
Epoch 11/50 - Val Metric: 0.8987
Epoch 12/50 - Train Loss: 0.3857 - Train Metric: 0.9028
Epoch 12/50 - Val Metric: 0.9010
Epoch 13/50 - Train Loss: 0.3881 - Train Metric: 0.9021
Epoch 13/50 - Val Metric: 0.9046
Epoch 14/50 - Train Loss: 0.3897 - Train Metric: 0.9012
Epoch 14/50 - Val Metric: 0.9049
Epoch 15/50 - Train Loss: 0.3855 - Train Metric: 0.9029
Epoch 15/50 - Val Metric: 0.9017
Epoch 16/50 - Train Loss: 0.3839 - Train Metric: 0.9040
Epoch 16/50 - Val Metric: 0.9052
Epoch 17/50 - Train Loss: 0.3779 - Train Metric: 0.9075
Epoch 17/50 - Val Metric: 0.9083
Epoch 18/50 - Train Loss: 0.3881 - Train Metric: 0.9010
Epoch 18/50 - Val Metric: 0.9054
Epoch 19/50 - Train Loss: 0.3838 - Train Metric: 0.9045
Epoch 19/50 - Val Metric: 0.9009
Epoch 20/50 - Train Loss: 0.3721 - Train Metric: 0.9094
Epoch 20/50 - Val Metric: 0.9099
Epoch 21/50 - Train Loss: 0.3740 - Train Metric: 0.9087
Epoch 21/50 - Val Metric: 0.9117
Epoch 22/50 - Train Loss: 0.3711 - Train Metric: 0.9102
Epoch 22/50 - Val Metric: 0.9112
Epoch 23/50 - Train Loss: 0.3727 - Train Metric: 0.9101
Epoch 23/50 - Val Metric: 0.9077
Epoch 24/50 - Train Loss: 0.3673 - Train Metric: 0.9122
Epoch 24/50 - Val Metric: 0.9085
Epoch 25/50 - Train Loss: 0.3723 - Train Metric: 0.9098
Epoch 25/50 - Val Metric: 0.9076
Epoch 26/50 - Train Loss: 0.3636 - Train Metric: 0.9141
Epoch 26/50 - Val Metric: 0.9113
Epoch 27/50 - Train Loss: 0.3620 - Train Metric: 0.9151
Epoch 27/50 - Val Metric: 0.9066
Epoch 28/50 - Train Loss: 0.3623 - Train Metric: 0.9143
Epoch 28/50 - Val Metric: 0.9078
Epoch 29/50 - Train Loss: 0.3670 - Train Metric: 0.9126
Epoch 29/50 - Val Metric: 0.9142
Epoch 30/50 - Train Loss: 0.3608 - Train Metric: 0.9154
Epoch 30/50 - Val Metric: 0.9122
Epoch 31/50 - Train Loss: 0.3672 - Train Metric: 0.9121
Epoch 31/50 - Val Metric: 0.9141
Epoch 32/50 - Train Loss: 0.3587 - Train Metric: 0.9167
Epoch 32/50 - Val Metric: 0.9109
Epoch 33/50 - Train Loss: 0.3641 - Train Metric: 0.9144
Epoch 33/50 - Val Metric: 0.9097
Epoch 34/50 - Train Loss: 0.3607 - Train Metric: 0.9155
Epoch 34/50 - Val Metric: 0.9127
Epoch 35/50 - Train Loss: 0.3557 - Train Metric: 0.9173
Epoch 35/50 - Val Metric: 0.9111
Epoch 36/50 - Train Loss: 0.3582 - Train Metric: 0.9160
Epoch 36/50 - Val Metric: 0.9090
Epoch 37/50 - Train Loss: 0.3608 - Train Metric: 0.9154
Epoch 37/50 - Val Metric: 0.9129
Epoch 38/50 - Train Loss: 0.3566 - Train Metric: 0.9171
Epoch 38/50 - Val Metric: 0.9114
Epoch 39/50 - Train Loss: 0.3518 - Train Metric: 0.9189
Epoch 39/50 - Val Metric: 0.9079
Epoch 40/50 - Train Loss: 0.3572 - Train Metric: 0.9165
Epoch 40/50 - Val Metric: 0.9155
Epoch 41/50 - Train Loss: 0.3523 - Train Metric: 0.9197
Epoch 41/50 - Val Metric: 0.9145
Epoch 42/50 - Train Loss: 0.3473 - Train Metric: 0.9216
Epoch 42/50 - Val Metric: 0.9168
Epoch 43/50 - Train Loss: 0.3512 - Train Metric: 0.9195
Epoch 43/50 - Val Metric: 0.9170
Epoch 44/50 - Train Loss: 0.3566 - Train Metric: 0.9168
Epoch 44/50 - Val Metric: 0.9194
Epoch 45/50 - Train Loss: 0.3507 - Train Metric: 0.9192
Epoch 45/50 - Val Metric: 0.9171
Epoch 46/50 - Train Loss: 0.3559 - Train Metric: 0.9174
Epoch 46/50 - Val Metric: 0.9170
Epoch 47/50 - Train Loss: 0.3440 - Train Metric: 0.9225
Epoch 47/50 - Val Metric: 0.9214
Epoch 48/50 - Train Loss: 0.3416 - Train Metric: 0.9231
Epoch 48/50 - Val Metric: 0.9201
Epoch 49/50 - Train Loss: 0.3463 - Train Metric: 0.9223
Epoch 49/50 - Val Metric: 0.9171
Epoch 50/50 - Train Loss: 0.3484 - Train Metric: 0.9218
Epoch 50/50 - Val Metric: 0.9181
Best val: 0.9214, Best test: 0.9255
Training set has 10700 instances
Validation set has 1337 instances
Test set has 1339 instances
Epoch 1/50 - Train Loss: 0.6969 - Train Metric: 0.5038
Epoch 1/50 - Val Metric: 0.6426
Epoch 2/50 - Train Loss: 0.5891 - Train Metric: 0.7381
Epoch 2/50 - Val Metric: 0.8432
Epoch 3/50 - Train Loss: 0.4670 - Train Metric: 0.8542
Epoch 3/50 - Val Metric: 0.8594
Epoch 4/50 - Train Loss: 0.4499 - Train Metric: 0.8667
Epoch 4/50 - Val Metric: 0.8750
Epoch 5/50 - Train Loss: 0.4368 - Train Metric: 0.8746
Epoch 5/50 - Val Metric: 0.8721
Epoch 6/50 - Train Loss: 0.4350 - Train Metric: 0.8757
Epoch 6/50 - Val Metric: 0.8796
Epoch 7/50 - Train Loss: 0.4031 - Train Metric: 0.8937
Epoch 7/50 - Val Metric: 0.8846
Epoch 8/50 - Train Loss: 0.4018 - Train Metric: 0.8950
Epoch 8/50 - Val Metric: 0.8925
Epoch 9/50 - Train Loss: 0.3970 - Train Metric: 0.8974
Epoch 9/50 - Val Metric: 0.8936
Epoch 10/50 - Train Loss: 0.4018 - Train Metric: 0.8942
Epoch 10/50 - Val Metric: 0.8969
Epoch 11/50 - Train Loss: 0.3933 - Train Metric: 0.8996
Epoch 11/50 - Val Metric: 0.8958
Epoch 12/50 - Train Loss: 0.3865 - Train Metric: 0.9031
Epoch 12/50 - Val Metric: 0.8992
Epoch 13/50 - Train Loss: 0.3814 - Train Metric: 0.9056
Epoch 13/50 - Val Metric: 0.9016
Epoch 14/50 - Train Loss: 0.3778 - Train Metric: 0.9080
Epoch 14/50 - Val Metric: 0.9031
Epoch 15/50 - Train Loss: 0.3786 - Train Metric: 0.9073
Epoch 15/50 - Val Metric: 0.9058
Epoch 16/50 - Train Loss: 0.3827 - Train Metric: 0.9050
Epoch 16/50 - Val Metric: 0.9040
Epoch 17/50 - Train Loss: 0.3867 - Train Metric: 0.9031
Epoch 17/50 - Val Metric: 0.8980
Epoch 18/50 - Train Loss: 0.3783 - Train Metric: 0.9072
Epoch 18/50 - Val Metric: 0.9023
Epoch 19/50 - Train Loss: 0.3712 - Train Metric: 0.9101
Epoch 19/50 - Val Metric: 0.9060
Epoch 20/50 - Train Loss: 0.3689 - Train Metric: 0.9118
Epoch 20/50 - Val Metric: 0.9061
Epoch 21/50 - Train Loss: 0.3730 - Train Metric: 0.9096
Epoch 21/50 - Val Metric: 0.9074
Epoch 22/50 - Train Loss: 0.3698 - Train Metric: 0.9115
Epoch 22/50 - Val Metric: 0.9063
Epoch 23/50 - Train Loss: 0.3735 - Train Metric: 0.9097
Epoch 23/50 - Val Metric: 0.9014
Epoch 24/50 - Train Loss: 0.3765 - Train Metric: 0.9084
Epoch 24/50 - Val Metric: 0.9081
Epoch 25/50 - Train Loss: 0.3679 - Train Metric: 0.9125
Epoch 25/50 - Val Metric: 0.9111
Epoch 26/50 - Train Loss: 0.3691 - Train Metric: 0.9117
Epoch 26/50 - Val Metric: 0.9081
Epoch 27/50 - Train Loss: 0.3653 - Train Metric: 0.9139
Epoch 27/50 - Val Metric: 0.9106
Epoch 28/50 - Train Loss: 0.3608 - Train Metric: 0.9155
Epoch 28/50 - Val Metric: 0.9117
Epoch 29/50 - Train Loss: 0.3643 - Train Metric: 0.9140
Epoch 29/50 - Val Metric: 0.9073
Epoch 30/50 - Train Loss: 0.3576 - Train Metric: 0.9175
Epoch 30/50 - Val Metric: 0.9128
Epoch 31/50 - Train Loss: 0.3624 - Train Metric: 0.9153
Epoch 31/50 - Val Metric: 0.9104
Epoch 32/50 - Train Loss: 0.3535 - Train Metric: 0.9198
Epoch 32/50 - Val Metric: 0.9104
Epoch 33/50 - Train Loss: 0.3630 - Train Metric: 0.9147
Epoch 33/50 - Val Metric: 0.9076
Epoch 34/50 - Train Loss: 0.3644 - Train Metric: 0.9134
Epoch 34/50 - Val Metric: 0.9069
Epoch 35/50 - Train Loss: 0.3508 - Train Metric: 0.9204
Epoch 35/50 - Val Metric: 0.9080
Epoch 36/50 - Train Loss: 0.3575 - Train Metric: 0.9172
Epoch 36/50 - Val Metric: 0.9119
Epoch 37/50 - Train Loss: 0.3492 - Train Metric: 0.9212
Epoch 37/50 - Val Metric: 0.9040
Epoch 38/50 - Train Loss: 0.3475 - Train Metric: 0.9223
Epoch 38/50 - Val Metric: 0.9129
Epoch 39/50 - Train Loss: 0.3454 - Train Metric: 0.9230
Epoch 39/50 - Val Metric: 0.9138
Epoch 40/50 - Train Loss: 0.3444 - Train Metric: 0.9231
Epoch 40/50 - Val Metric: 0.9153
Epoch 41/50 - Train Loss: 0.3459 - Train Metric: 0.9230
Epoch 41/50 - Val Metric: 0.9091
Epoch 42/50 - Train Loss: 0.3480 - Train Metric: 0.9219
Epoch 42/50 - Val Metric: 0.9148
Epoch 43/50 - Train Loss: 0.3459 - Train Metric: 0.9217
Epoch 43/50 - Val Metric: 0.9119
Epoch 44/50 - Train Loss: 0.3447 - Train Metric: 0.9233
Epoch 44/50 - Val Metric: 0.9124
Epoch 45/50 - Train Loss: 0.3418 - Train Metric: 0.9247
Epoch 45/50 - Val Metric: 0.9140
Epoch 46/50 - Train Loss: 0.3372 - Train Metric: 0.9269
Epoch 46/50 - Val Metric: 0.9135
Epoch 47/50 - Train Loss: 0.3410 - Train Metric: 0.9246
Epoch 47/50 - Val Metric: 0.9152
Epoch 48/50 - Train Loss: 0.3358 - Train Metric: 0.9273
Epoch 48/50 - Val Metric: 0.9172
Epoch 49/50 - Train Loss: 0.3357 - Train Metric: 0.9271
Epoch 49/50 - Val Metric: 0.9161
Epoch 50/50 - Train Loss: 0.3341 - Train Metric: 0.9283
Epoch 50/50 - Val Metric: 0.9082
Best val: 0.9172, Best test: 0.9269
Training set has 10700 instances
Validation set has 1337 instances
Test set has 1339 instances
Epoch 1/50 - Train Loss: 0.6975 - Train Metric: 0.5112
Epoch 1/50 - Val Metric: 0.6650
Epoch 2/50 - Train Loss: 0.6950 - Train Metric: 0.4916
Epoch 2/50 - Val Metric: 0.6700
Epoch 3/50 - Train Loss: 0.6596 - Train Metric: 0.6080
Epoch 3/50 - Val Metric: 0.7995
Epoch 4/50 - Train Loss: 0.5182 - Train Metric: 0.8193
Epoch 4/50 - Val Metric: 0.8292
Epoch 5/50 - Train Loss: 0.5032 - Train Metric: 0.8299
Epoch 5/50 - Val Metric: 0.8364
Epoch 6/50 - Train Loss: 0.4576 - Train Metric: 0.8614
Epoch 6/50 - Val Metric: 0.8482
Epoch 7/50 - Train Loss: 0.4414 - Train Metric: 0.8713
Epoch 7/50 - Val Metric: 0.8715
Epoch 8/50 - Train Loss: 0.4192 - Train Metric: 0.8859
Epoch 8/50 - Val Metric: 0.8821
Epoch 9/50 - Train Loss: 0.4054 - Train Metric: 0.8928
Epoch 9/50 - Val Metric: 0.8918
Epoch 10/50 - Train Loss: 0.3990 - Train Metric: 0.8956
Epoch 10/50 - Val Metric: 0.8919
Epoch 11/50 - Train Loss: 0.3922 - Train Metric: 0.8994
Epoch 11/50 - Val Metric: 0.8989
Epoch 12/50 - Train Loss: 0.3875 - Train Metric: 0.9025
Epoch 12/50 - Val Metric: 0.8958
Epoch 13/50 - Train Loss: 0.3866 - Train Metric: 0.9031
Epoch 13/50 - Val Metric: 0.8978
Epoch 14/50 - Train Loss: 0.3818 - Train Metric: 0.9046
Epoch 14/50 - Val Metric: 0.8966
Epoch 15/50 - Train Loss: 0.3825 - Train Metric: 0.9050
Epoch 15/50 - Val Metric: 0.8801
Epoch 16/50 - Train Loss: 0.3782 - Train Metric: 0.9069
Epoch 16/50 - Val Metric: 0.8956
Epoch 17/50 - Train Loss: 0.3849 - Train Metric: 0.9025
Epoch 17/50 - Val Metric: 0.9022
Epoch 18/50 - Train Loss: 0.3694 - Train Metric: 0.9112
Epoch 18/50 - Val Metric: 0.8963
Epoch 19/50 - Train Loss: 0.3765 - Train Metric: 0.9078
Epoch 19/50 - Val Metric: 0.9024
Epoch 20/50 - Train Loss: 0.3774 - Train Metric: 0.9081
Epoch 20/50 - Val Metric: 0.9043
Epoch 21/50 - Train Loss: 0.3699 - Train Metric: 0.9112
Epoch 21/50 - Val Metric: 0.9070
Epoch 22/50 - Train Loss: 0.3634 - Train Metric: 0.9142
Epoch 22/50 - Val Metric: 0.9067
Epoch 23/50 - Train Loss: 0.3659 - Train Metric: 0.9130
Epoch 23/50 - Val Metric: 0.9094
Epoch 24/50 - Train Loss: 0.3627 - Train Metric: 0.9143
Epoch 24/50 - Val Metric: 0.9105
Epoch 25/50 - Train Loss: 0.3600 - Train Metric: 0.9162
Epoch 25/50 - Val Metric: 0.9090
Epoch 26/50 - Train Loss: 0.3645 - Train Metric: 0.9135
Epoch 26/50 - Val Metric: 0.9071
Epoch 27/50 - Train Loss: 0.3671 - Train Metric: 0.9126
Epoch 27/50 - Val Metric: 0.8998
Epoch 28/50 - Train Loss: 0.3716 - Train Metric: 0.9105
Epoch 28/50 - Val Metric: 0.9070
Epoch 29/50 - Train Loss: 0.3576 - Train Metric: 0.9173
Epoch 29/50 - Val Metric: 0.9074
Epoch 30/50 - Train Loss: 0.3594 - Train Metric: 0.9165
Epoch 30/50 - Val Metric: 0.9111
Epoch 31/50 - Train Loss: 0.3550 - Train Metric: 0.9181
Epoch 31/50 - Val Metric: 0.9115
Epoch 32/50 - Train Loss: 0.3576 - Train Metric: 0.9171
Epoch 32/50 - Val Metric: 0.9101
Epoch 33/50 - Train Loss: 0.3615 - Train Metric: 0.9147
Epoch 33/50 - Val Metric: 0.9060
Epoch 34/50 - Train Loss: 0.3565 - Train Metric: 0.9182
Epoch 34/50 - Val Metric: 0.9106
Epoch 35/50 - Train Loss: 0.3491 - Train Metric: 0.9217
Epoch 35/50 - Val Metric: 0.9119
Epoch 36/50 - Train Loss: 0.3517 - Train Metric: 0.9202
Epoch 36/50 - Val Metric: 0.9111
Epoch 37/50 - Train Loss: 0.3497 - Train Metric: 0.9215
Epoch 37/50 - Val Metric: 0.9109
Epoch 38/50 - Train Loss: 0.3554 - Train Metric: 0.9184
Epoch 38/50 - Val Metric: 0.9107
Epoch 39/50 - Train Loss: 0.3512 - Train Metric: 0.9205
Epoch 39/50 - Val Metric: 0.9077
Epoch 40/50 - Train Loss: 0.3534 - Train Metric: 0.9189
Epoch 40/50 - Val Metric: 0.9123
Epoch 41/50 - Train Loss: 0.3425 - Train Metric: 0.9245
Epoch 41/50 - Val Metric: 0.9150
Epoch 42/50 - Train Loss: 0.3412 - Train Metric: 0.9249
Epoch 42/50 - Val Metric: 0.9128
Epoch 43/50 - Train Loss: 0.3370 - Train Metric: 0.9261
Epoch 43/50 - Val Metric: 0.9135
Epoch 44/50 - Train Loss: 0.3407 - Train Metric: 0.9245
Epoch 44/50 - Val Metric: 0.9130
Epoch 45/50 - Train Loss: 0.3372 - Train Metric: 0.9264
Epoch 45/50 - Val Metric: 0.9146
Epoch 46/50 - Train Loss: 0.3373 - Train Metric: 0.9266
Epoch 46/50 - Val Metric: 0.9185
Epoch 47/50 - Train Loss: 0.3368 - Train Metric: 0.9262
Epoch 47/50 - Val Metric: 0.9182
Epoch 48/50 - Train Loss: 0.3383 - Train Metric: 0.9255
Epoch 48/50 - Val Metric: 0.9148
Epoch 49/50 - Train Loss: 0.3333 - Train Metric: 0.9278
Epoch 49/50 - Val Metric: 0.9213
Epoch 50/50 - Train Loss: 0.3380 - Train Metric: 0.9253
Epoch 50/50 - Val Metric: 0.9126
Best val: 0.9213, Best test: 0.9302
Training set has 10700 instances
Validation set has 1337 instances
Test set has 1339 instances
Epoch 1/50 - Train Loss: 0.6974 - Train Metric: 0.5121
Epoch 1/50 - Val Metric: 0.7413
Epoch 2/50 - Train Loss: 0.6951 - Train Metric: 0.5008
Epoch 2/50 - Val Metric: 0.7605
Epoch 3/50 - Train Loss: 0.6924 - Train Metric: 0.5334
Epoch 3/50 - Val Metric: 0.8137
Epoch 4/50 - Train Loss: 0.5656 - Train Metric: 0.7648
Epoch 4/50 - Val Metric: 0.8433
Epoch 5/50 - Train Loss: 0.4853 - Train Metric: 0.8434
Epoch 5/50 - Val Metric: 0.8716
Epoch 6/50 - Train Loss: 0.4541 - Train Metric: 0.8626
Epoch 6/50 - Val Metric: 0.8790
Epoch 7/50 - Train Loss: 0.4314 - Train Metric: 0.8769
Epoch 7/50 - Val Metric: 0.8970
Epoch 8/50 - Train Loss: 0.4221 - Train Metric: 0.8830
Epoch 8/50 - Val Metric: 0.9060
Epoch 9/50 - Train Loss: 0.4122 - Train Metric: 0.8891
Epoch 9/50 - Val Metric: 0.9102
Epoch 10/50 - Train Loss: 0.4041 - Train Metric: 0.8943
Epoch 10/50 - Val Metric: 0.8977
Epoch 11/50 - Train Loss: 0.4144 - Train Metric: 0.8885
Epoch 11/50 - Val Metric: 0.9092
Epoch 12/50 - Train Loss: 0.4017 - Train Metric: 0.8947
Epoch 12/50 - Val Metric: 0.9060
Epoch 13/50 - Train Loss: 0.3943 - Train Metric: 0.8989
Epoch 13/50 - Val Metric: 0.9111
Epoch 14/50 - Train Loss: 0.3895 - Train Metric: 0.9016
Epoch 14/50 - Val Metric: 0.9161
Epoch 15/50 - Train Loss: 0.3927 - Train Metric: 0.8987
Epoch 15/50 - Val Metric: 0.9044
Epoch 16/50 - Train Loss: 0.3880 - Train Metric: 0.9017
Epoch 16/50 - Val Metric: 0.9184
Epoch 17/50 - Train Loss: 0.3872 - Train Metric: 0.9028
Epoch 17/50 - Val Metric: 0.9158
Epoch 18/50 - Train Loss: 0.3898 - Train Metric: 0.9009
Epoch 18/50 - Val Metric: 0.9177
Epoch 19/50 - Train Loss: 0.3857 - Train Metric: 0.9032
Epoch 19/50 - Val Metric: 0.9129
Epoch 20/50 - Train Loss: 0.3885 - Train Metric: 0.9014
Epoch 20/50 - Val Metric: 0.9164
Epoch 21/50 - Train Loss: 0.3893 - Train Metric: 0.9010
Epoch 21/50 - Val Metric: 0.9165
Epoch 22/50 - Train Loss: 0.3811 - Train Metric: 0.9055
Epoch 22/50 - Val Metric: 0.9144
Epoch 23/50 - Train Loss: 0.3838 - Train Metric: 0.9044
Epoch 23/50 - Val Metric: 0.9189
Epoch 24/50 - Train Loss: 0.3819 - Train Metric: 0.9048
Epoch 24/50 - Val Metric: 0.9219
Epoch 25/50 - Train Loss: 0.3757 - Train Metric: 0.9087
Epoch 25/50 - Val Metric: 0.9205
Epoch 26/50 - Train Loss: 0.3716 - Train Metric: 0.9106
Epoch 26/50 - Val Metric: 0.9180
Epoch 27/50 - Train Loss: 0.3736 - Train Metric: 0.9095
Epoch 27/50 - Val Metric: 0.9181
Epoch 28/50 - Train Loss: 0.3679 - Train Metric: 0.9115
Epoch 28/50 - Val Metric: 0.9226
Epoch 29/50 - Train Loss: 0.3623 - Train Metric: 0.9152
Epoch 29/50 - Val Metric: 0.9226
Epoch 30/50 - Train Loss: 0.3640 - Train Metric: 0.9145
Epoch 30/50 - Val Metric: 0.9217
Epoch 31/50 - Train Loss: 0.3679 - Train Metric: 0.9126
Epoch 31/50 - Val Metric: 0.9230
Epoch 32/50 - Train Loss: 0.3582 - Train Metric: 0.9168
Epoch 32/50 - Val Metric: 0.9230
Epoch 33/50 - Train Loss: 0.3597 - Train Metric: 0.9167
Epoch 33/50 - Val Metric: 0.9209
Epoch 34/50 - Train Loss: 0.3573 - Train Metric: 0.9166
Epoch 34/50 - Val Metric: 0.9243
Epoch 35/50 - Train Loss: 0.3534 - Train Metric: 0.9195
Epoch 35/50 - Val Metric: 0.9258
Epoch 36/50 - Train Loss: 0.3496 - Train Metric: 0.9205
Epoch 36/50 - Val Metric: 0.9227
Epoch 37/50 - Train Loss: 0.3544 - Train Metric: 0.9191
Epoch 37/50 - Val Metric: 0.9261
Epoch 38/50 - Train Loss: 0.3537 - Train Metric: 0.9192
Epoch 38/50 - Val Metric: 0.9156
Epoch 39/50 - Train Loss: 0.3595 - Train Metric: 0.9166
Epoch 39/50 - Val Metric: 0.9250
Epoch 40/50 - Train Loss: 0.3514 - Train Metric: 0.9200
Epoch 40/50 - Val Metric: 0.9201
Epoch 41/50 - Train Loss: 0.3499 - Train Metric: 0.9207
Epoch 41/50 - Val Metric: 0.9266
Epoch 42/50 - Train Loss: 0.3512 - Train Metric: 0.9201
Epoch 42/50 - Val Metric: 0.9264
Epoch 43/50 - Train Loss: 0.3440 - Train Metric: 0.9235
Epoch 43/50 - Val Metric: 0.9268
Epoch 44/50 - Train Loss: 0.3429 - Train Metric: 0.9236
Epoch 44/50 - Val Metric: 0.9297
Epoch 45/50 - Train Loss: 0.3409 - Train Metric: 0.9248
Epoch 45/50 - Val Metric: 0.9291
Epoch 46/50 - Train Loss: 0.3377 - Train Metric: 0.9265
Epoch 46/50 - Val Metric: 0.9280
Epoch 47/50 - Train Loss: 0.3419 - Train Metric: 0.9242
Epoch 47/50 - Val Metric: 0.9235
Epoch 48/50 - Train Loss: 0.3470 - Train Metric: 0.9223
Epoch 48/50 - Val Metric: 0.9252
Epoch 49/50 - Train Loss: 0.3492 - Train Metric: 0.9210
Epoch 49/50 - Val Metric: 0.9292
Epoch 50/50 - Train Loss: 0.3379 - Train Metric: 0.9260
Epoch 50/50 - Val Metric: 0.9239
Best val: 0.9297, Best test: 0.9223
Training set has 10700 instances
Validation set has 1337 instances
Test set has 1339 instances
Epoch 1/50 - Train Loss: 0.6975 - Train Metric: 0.4997
Epoch 1/50 - Val Metric: 0.6988
Epoch 2/50 - Train Loss: 0.6354 - Train Metric: 0.6423
Epoch 2/50 - Val Metric: 0.8450
Epoch 3/50 - Train Loss: 0.4906 - Train Metric: 0.8388
Epoch 3/50 - Val Metric: 0.8513
Epoch 4/50 - Train Loss: 0.4686 - Train Metric: 0.8510
Epoch 4/50 - Val Metric: 0.8722
Epoch 5/50 - Train Loss: 0.4548 - Train Metric: 0.8617
Epoch 5/50 - Val Metric: 0.8756
Epoch 6/50 - Train Loss: 0.4417 - Train Metric: 0.8698
Epoch 6/50 - Val Metric: 0.8816
Epoch 7/50 - Train Loss: 0.4352 - Train Metric: 0.8743
Epoch 7/50 - Val Metric: 0.8819
Epoch 8/50 - Train Loss: 0.4194 - Train Metric: 0.8850
Epoch 8/50 - Val Metric: 0.8952
Epoch 9/50 - Train Loss: 0.4121 - Train Metric: 0.8885
Epoch 9/50 - Val Metric: 0.8989
Epoch 10/50 - Train Loss: 0.3990 - Train Metric: 0.8964
Epoch 10/50 - Val Metric: 0.9051
Epoch 11/50 - Train Loss: 0.3886 - Train Metric: 0.9014
Epoch 11/50 - Val Metric: 0.8996
Epoch 12/50 - Train Loss: 0.3914 - Train Metric: 0.9007
Epoch 12/50 - Val Metric: 0.9043
Epoch 13/50 - Train Loss: 0.3887 - Train Metric: 0.9013
Epoch 13/50 - Val Metric: 0.9079
Epoch 14/50 - Train Loss: 0.3875 - Train Metric: 0.9021
Epoch 14/50 - Val Metric: 0.9034
Epoch 15/50 - Train Loss: 0.3898 - Train Metric: 0.9014
Epoch 15/50 - Val Metric: 0.9054
Epoch 16/50 - Train Loss: 0.3954 - Train Metric: 0.8983
Epoch 16/50 - Val Metric: 0.9047
Epoch 17/50 - Train Loss: 0.3906 - Train Metric: 0.9006
Epoch 17/50 - Val Metric: 0.9076
Epoch 18/50 - Train Loss: 0.3812 - Train Metric: 0.9050
Epoch 18/50 - Val Metric: 0.9032
Epoch 19/50 - Train Loss: 0.3833 - Train Metric: 0.9037
Epoch 19/50 - Val Metric: 0.9055
Epoch 20/50 - Train Loss: 0.3768 - Train Metric: 0.9073
Epoch 20/50 - Val Metric: 0.9071
Epoch 21/50 - Train Loss: 0.3763 - Train Metric: 0.9077
Epoch 21/50 - Val Metric: 0.9089
Epoch 22/50 - Train Loss: 0.3780 - Train Metric: 0.9066
Epoch 22/50 - Val Metric: 0.9126
Epoch 23/50 - Train Loss: 0.3718 - Train Metric: 0.9097
Epoch 23/50 - Val Metric: 0.9082
Epoch 24/50 - Train Loss: 0.3778 - Train Metric: 0.9064
Epoch 24/50 - Val Metric: 0.9054
Epoch 25/50 - Train Loss: 0.3768 - Train Metric: 0.9072
Epoch 25/50 - Val Metric: 0.9091
Epoch 26/50 - Train Loss: 0.3773 - Train Metric: 0.9074
Epoch 26/50 - Val Metric: 0.9077
Epoch 27/50 - Train Loss: 0.3768 - Train Metric: 0.9074
Epoch 27/50 - Val Metric: 0.9120
Epoch 28/50 - Train Loss: 0.3730 - Train Metric: 0.9093
Epoch 28/50 - Val Metric: 0.9114
Epoch 29/50 - Train Loss: 0.3778 - Train Metric: 0.9074
Epoch 29/50 - Val Metric: 0.9022
Epoch 30/50 - Train Loss: 0.3701 - Train Metric: 0.9111
Epoch 30/50 - Val Metric: 0.9141
Epoch 31/50 - Train Loss: 0.3743 - Train Metric: 0.9082
Epoch 31/50 - Val Metric: 0.9065
Epoch 32/50 - Train Loss: 0.3730 - Train Metric: 0.9099
Epoch 32/50 - Val Metric: 0.9150
Epoch 33/50 - Train Loss: 0.3688 - Train Metric: 0.9117
Epoch 33/50 - Val Metric: 0.9144
Epoch 34/50 - Train Loss: 0.3669 - Train Metric: 0.9127
Epoch 34/50 - Val Metric: 0.9128
Epoch 35/50 - Train Loss: 0.3677 - Train Metric: 0.9123
Epoch 35/50 - Val Metric: 0.9099
Epoch 36/50 - Train Loss: 0.3613 - Train Metric: 0.9157
Epoch 36/50 - Val Metric: 0.9154
Epoch 37/50 - Train Loss: 0.3644 - Train Metric: 0.9141
Epoch 37/50 - Val Metric: 0.9089
Epoch 38/50 - Train Loss: 0.3673 - Train Metric: 0.9120
Epoch 38/50 - Val Metric: 0.9155
Epoch 39/50 - Train Loss: 0.3602 - Train Metric: 0.9153
Epoch 39/50 - Val Metric: 0.9088
Epoch 40/50 - Train Loss: 0.3601 - Train Metric: 0.9158
Epoch 40/50 - Val Metric: 0.9146
Epoch 41/50 - Train Loss: 0.3586 - Train Metric: 0.9164
Epoch 41/50 - Val Metric: 0.9137
Epoch 42/50 - Train Loss: 0.3527 - Train Metric: 0.9189
Epoch 42/50 - Val Metric: 0.9176
Epoch 43/50 - Train Loss: 0.3510 - Train Metric: 0.9204
Epoch 43/50 - Val Metric: 0.9160
Epoch 44/50 - Train Loss: 0.3490 - Train Metric: 0.9209
Epoch 44/50 - Val Metric: 0.9169
Epoch 45/50 - Train Loss: 0.3566 - Train Metric: 0.9175
Epoch 45/50 - Val Metric: 0.9140
Epoch 46/50 - Train Loss: 0.3562 - Train Metric: 0.9176
Epoch 46/50 - Val Metric: 0.9122
Epoch 47/50 - Train Loss: 0.3478 - Train Metric: 0.9208
Epoch 47/50 - Val Metric: 0.9211
Epoch 48/50 - Train Loss: 0.3527 - Train Metric: 0.9185
Epoch 48/50 - Val Metric: 0.9192
Epoch 49/50 - Train Loss: 0.3513 - Train Metric: 0.9195
Epoch 49/50 - Val Metric: 0.9163
Epoch 50/50 - Train Loss: 0.3505 - Train Metric: 0.9198
Epoch 50/50 - Val Metric: 0.9177
Best val: 0.9211, Best test: 0.9155
[0.92547834 0.92691851 0.93017787 0.92231101 0.91553998]
