Hyper-parameter search via Optuna
Namespace(task_type='binary_classification', scale='small', idx=11, epochs=50, num_trials=20, num_repeats=5, seed=0, exp_name='MemPerceiver_Ens_Attn', result_path='output/binary_classification/small/11/MemPerceiver_Ens_Attn.pt')
Device: cuda
Start building binary_classification dataset_small_11
Training set has 10790 instances
Validation set has 1348 instances
Test set has 1350 instances
Epoch 1/50 - Train Loss: 0.6948 - Train Metric: 0.5161
Epoch 1/50 - Val Metric: 0.7637
Epoch 2/50 - Train Loss: 0.6248 - Train Metric: 0.7000
Epoch 2/50 - Val Metric: 0.8205
Epoch 3/50 - Train Loss: 0.5047 - Train Metric: 0.8337
Epoch 3/50 - Val Metric: 0.8547
Epoch 4/50 - Train Loss: 0.4566 - Train Metric: 0.8659
Epoch 4/50 - Val Metric: 0.8719
Epoch 5/50 - Train Loss: 0.4536 - Train Metric: 0.8680
Epoch 5/50 - Val Metric: 0.8769
Epoch 6/50 - Train Loss: 0.4315 - Train Metric: 0.8808
Epoch 6/50 - Val Metric: 0.8814
Epoch 7/50 - Train Loss: 0.4233 - Train Metric: 0.8851
Epoch 7/50 - Val Metric: 0.8840
Epoch 8/50 - Train Loss: 0.4215 - Train Metric: 0.8860
Epoch 8/50 - Val Metric: 0.8853
Epoch 9/50 - Train Loss: 0.4204 - Train Metric: 0.8864
Epoch 9/50 - Val Metric: 0.8863
Epoch 10/50 - Train Loss: 0.4176 - Train Metric: 0.8874
Epoch 10/50 - Val Metric: 0.8864
Epoch 11/50 - Train Loss: 0.4159 - Train Metric: 0.8890
Epoch 11/50 - Val Metric: 0.8854
Epoch 12/50 - Train Loss: 0.4090 - Train Metric: 0.8925
Epoch 12/50 - Val Metric: 0.8879
Epoch 13/50 - Train Loss: 0.4124 - Train Metric: 0.8913
Epoch 13/50 - Val Metric: 0.8885
Epoch 14/50 - Train Loss: 0.4064 - Train Metric: 0.8940
Epoch 14/50 - Val Metric: 0.8885
Epoch 15/50 - Train Loss: 0.4111 - Train Metric: 0.8914
Epoch 15/50 - Val Metric: 0.8886
Epoch 16/50 - Train Loss: 0.4104 - Train Metric: 0.8919
Epoch 16/50 - Val Metric: 0.8898
Epoch 17/50 - Train Loss: 0.4050 - Train Metric: 0.8946
Epoch 17/50 - Val Metric: 0.8892
Epoch 18/50 - Train Loss: 0.4094 - Train Metric: 0.8924
Epoch 18/50 - Val Metric: 0.8897
Epoch 19/50 - Train Loss: 0.4010 - Train Metric: 0.8966
Epoch 19/50 - Val Metric: 0.8898
Epoch 20/50 - Train Loss: 0.4042 - Train Metric: 0.8953
Epoch 20/50 - Val Metric: 0.8902
Epoch 21/50 - Train Loss: 0.4046 - Train Metric: 0.8952
Epoch 21/50 - Val Metric: 0.8911
Epoch 22/50 - Train Loss: 0.4016 - Train Metric: 0.8972
Epoch 22/50 - Val Metric: 0.8911
Epoch 23/50 - Train Loss: 0.4038 - Train Metric: 0.8954
Epoch 23/50 - Val Metric: 0.8918
Epoch 24/50 - Train Loss: 0.4122 - Train Metric: 0.8916
Epoch 24/50 - Val Metric: 0.8915
Epoch 25/50 - Train Loss: 0.3995 - Train Metric: 0.8981
Epoch 25/50 - Val Metric: 0.8921
Epoch 26/50 - Train Loss: 0.3991 - Train Metric: 0.8985
Epoch 26/50 - Val Metric: 0.8922
Epoch 27/50 - Train Loss: 0.4004 - Train Metric: 0.8975
Epoch 27/50 - Val Metric: 0.8925
Epoch 28/50 - Train Loss: 0.4005 - Train Metric: 0.8979
Epoch 28/50 - Val Metric: 0.8925
Epoch 29/50 - Train Loss: 0.4031 - Train Metric: 0.8965
Epoch 29/50 - Val Metric: 0.8935
Epoch 30/50 - Train Loss: 0.3982 - Train Metric: 0.8989
Epoch 30/50 - Val Metric: 0.8944
Epoch 31/50 - Train Loss: 0.3962 - Train Metric: 0.9006
Epoch 31/50 - Val Metric: 0.8946
Epoch 32/50 - Train Loss: 0.3966 - Train Metric: 0.8999
Epoch 32/50 - Val Metric: 0.8949
Epoch 33/50 - Train Loss: 0.3980 - Train Metric: 0.8991
Epoch 33/50 - Val Metric: 0.8951
Epoch 34/50 - Train Loss: 0.4011 - Train Metric: 0.8981
Epoch 34/50 - Val Metric: 0.8943
Epoch 35/50 - Train Loss: 0.3977 - Train Metric: 0.9000
Epoch 35/50 - Val Metric: 0.8957
Epoch 36/50 - Train Loss: 0.3945 - Train Metric: 0.9015
Epoch 36/50 - Val Metric: 0.8940
Epoch 37/50 - Train Loss: 0.3928 - Train Metric: 0.9021
Epoch 37/50 - Val Metric: 0.8956
Epoch 38/50 - Train Loss: 0.3990 - Train Metric: 0.8984
Epoch 38/50 - Val Metric: 0.8961
Epoch 39/50 - Train Loss: 0.3939 - Train Metric: 0.9017
Epoch 39/50 - Val Metric: 0.8984
Epoch 40/50 - Train Loss: 0.3897 - Train Metric: 0.9039
Epoch 40/50 - Val Metric: 0.8989
Epoch 41/50 - Train Loss: 0.3899 - Train Metric: 0.9036
Epoch 41/50 - Val Metric: 0.8977
Epoch 42/50 - Train Loss: 0.3887 - Train Metric: 0.9040
Epoch 42/50 - Val Metric: 0.8987
Epoch 43/50 - Train Loss: 0.3881 - Train Metric: 0.9043
Epoch 43/50 - Val Metric: 0.8993
Epoch 44/50 - Train Loss: 0.3860 - Train Metric: 0.9053
Epoch 44/50 - Val Metric: 0.8983
Epoch 45/50 - Train Loss: 0.3900 - Train Metric: 0.9030
Epoch 45/50 - Val Metric: 0.9009
Epoch 46/50 - Train Loss: 0.3847 - Train Metric: 0.9060
Epoch 46/50 - Val Metric: 0.9000
Epoch 47/50 - Train Loss: 0.3867 - Train Metric: 0.9050
Epoch 47/50 - Val Metric: 0.9002
Epoch 48/50 - Train Loss: 0.3846 - Train Metric: 0.9059
Epoch 48/50 - Val Metric: 0.9006
Epoch 49/50 - Train Loss: 0.3856 - Train Metric: 0.9055
Epoch 49/50 - Val Metric: 0.9019
Epoch 50/50 - Train Loss: 0.3827 - Train Metric: 0.9065
Epoch 50/50 - Val Metric: 0.9016
Best val: 0.9019, Best test: 0.9016
Training set has 10790 instances
Validation set has 1348 instances
Test set has 1350 instances
Epoch 1/50 - Train Loss: 0.7114 - Train Metric: 0.4968
Epoch 1/50 - Val Metric: 0.7224
Epoch 2/50 - Train Loss: 0.6987 - Train Metric: 0.4960
Epoch 2/50 - Val Metric: 0.7607
Epoch 3/50 - Train Loss: 0.6969 - Train Metric: 0.5080
Epoch 3/50 - Val Metric: 0.7820
Epoch 4/50 - Train Loss: 0.6956 - Train Metric: 0.4953
Epoch 4/50 - Val Metric: 0.7687
Epoch 5/50 - Train Loss: 0.6949 - Train Metric: 0.4993
Epoch 5/50 - Val Metric: 0.7632
Epoch 6/50 - Train Loss: 0.6955 - Train Metric: 0.4945
Epoch 6/50 - Val Metric: 0.7660
Epoch 7/50 - Train Loss: 0.6939 - Train Metric: 0.4925
Epoch 7/50 - Val Metric: 0.7719
Epoch 8/50 - Train Loss: 0.6950 - Train Metric: 0.5025
Epoch 8/50 - Val Metric: 0.7714
Epoch 9/50 - Train Loss: 0.6941 - Train Metric: 0.4989
Epoch 9/50 - Val Metric: 0.7729
Epoch 10/50 - Train Loss: 0.6938 - Train Metric: 0.5110
Epoch 10/50 - Val Metric: 0.7635
Epoch 11/50 - Train Loss: 0.6605 - Train Metric: 0.6479
Epoch 11/50 - Val Metric: 0.7368
Epoch 12/50 - Train Loss: 0.6034 - Train Metric: 0.7343
Epoch 12/50 - Val Metric: 0.7610
Epoch 13/50 - Train Loss: 0.5929 - Train Metric: 0.7505
Epoch 13/50 - Val Metric: 0.7685
Epoch 14/50 - Train Loss: 0.5403 - Train Metric: 0.8036
Epoch 14/50 - Val Metric: 0.8313
Epoch 15/50 - Train Loss: 0.4871 - Train Metric: 0.8437
Epoch 15/50 - Val Metric: 0.8417
Epoch 16/50 - Train Loss: 0.4646 - Train Metric: 0.8578
Epoch 16/50 - Val Metric: 0.8592
Epoch 17/50 - Train Loss: 0.4458 - Train Metric: 0.8712
Epoch 17/50 - Val Metric: 0.8685
Epoch 18/50 - Train Loss: 0.4392 - Train Metric: 0.8741
Epoch 18/50 - Val Metric: 0.8718
Epoch 19/50 - Train Loss: 0.4349 - Train Metric: 0.8774
Epoch 19/50 - Val Metric: 0.8749
Epoch 20/50 - Train Loss: 0.4341 - Train Metric: 0.8773
Epoch 20/50 - Val Metric: 0.8760
Epoch 21/50 - Train Loss: 0.4252 - Train Metric: 0.8823
Epoch 21/50 - Val Metric: 0.8768
Epoch 22/50 - Train Loss: 0.4178 - Train Metric: 0.8874
Epoch 22/50 - Val Metric: 0.8793
Epoch 23/50 - Train Loss: 0.4186 - Train Metric: 0.8868
Epoch 23/50 - Val Metric: 0.8792
Epoch 24/50 - Train Loss: 0.4155 - Train Metric: 0.8884
Epoch 24/50 - Val Metric: 0.8823
Epoch 25/50 - Train Loss: 0.4175 - Train Metric: 0.8875
Epoch 25/50 - Val Metric: 0.8796
Epoch 26/50 - Train Loss: 0.4104 - Train Metric: 0.8912
Epoch 26/50 - Val Metric: 0.8844
Epoch 27/50 - Train Loss: 0.4097 - Train Metric: 0.8914
Epoch 27/50 - Val Metric: 0.8817
Epoch 28/50 - Train Loss: 0.4073 - Train Metric: 0.8932
Epoch 28/50 - Val Metric: 0.8873
Epoch 29/50 - Train Loss: 0.4016 - Train Metric: 0.8961
Epoch 29/50 - Val Metric: 0.8882
Epoch 30/50 - Train Loss: 0.4001 - Train Metric: 0.8967
Epoch 30/50 - Val Metric: 0.8884
Epoch 31/50 - Train Loss: 0.3968 - Train Metric: 0.8989
Epoch 31/50 - Val Metric: 0.8946
Epoch 32/50 - Train Loss: 0.3896 - Train Metric: 0.9032
Epoch 32/50 - Val Metric: 0.8972
Epoch 33/50 - Train Loss: 0.3912 - Train Metric: 0.9028
Epoch 33/50 - Val Metric: 0.8988
Epoch 34/50 - Train Loss: 0.3864 - Train Metric: 0.9049
Epoch 34/50 - Val Metric: 0.9032
Epoch 35/50 - Train Loss: 0.3798 - Train Metric: 0.9086
Epoch 35/50 - Val Metric: 0.9034
Epoch 36/50 - Train Loss: 0.3774 - Train Metric: 0.9101
Epoch 36/50 - Val Metric: 0.9051
Epoch 37/50 - Train Loss: 0.3699 - Train Metric: 0.9137
Epoch 37/50 - Val Metric: 0.9073
Epoch 38/50 - Train Loss: 0.3689 - Train Metric: 0.9141
Epoch 38/50 - Val Metric: 0.9075
Epoch 39/50 - Train Loss: 0.3703 - Train Metric: 0.9136
Epoch 39/50 - Val Metric: 0.9113
Epoch 40/50 - Train Loss: 0.3687 - Train Metric: 0.9145
Epoch 40/50 - Val Metric: 0.9068
Epoch 41/50 - Train Loss: 0.3679 - Train Metric: 0.9148
Epoch 41/50 - Val Metric: 0.9116
Epoch 42/50 - Train Loss: 0.3659 - Train Metric: 0.9157
Epoch 42/50 - Val Metric: 0.9118
Epoch 43/50 - Train Loss: 0.3601 - Train Metric: 0.9187
Epoch 43/50 - Val Metric: 0.9139
Epoch 44/50 - Train Loss: 0.3541 - Train Metric: 0.9217
Epoch 44/50 - Val Metric: 0.9152
Epoch 45/50 - Train Loss: 0.3576 - Train Metric: 0.9203
Epoch 45/50 - Val Metric: 0.9164
Epoch 46/50 - Train Loss: 0.3505 - Train Metric: 0.9235
Epoch 46/50 - Val Metric: 0.9179
Epoch 47/50 - Train Loss: 0.3487 - Train Metric: 0.9245
Epoch 47/50 - Val Metric: 0.9188
Epoch 48/50 - Train Loss: 0.3499 - Train Metric: 0.9242
Epoch 48/50 - Val Metric: 0.9175
Epoch 49/50 - Train Loss: 0.3482 - Train Metric: 0.9248
Epoch 49/50 - Val Metric: 0.9173
Epoch 50/50 - Train Loss: 0.3442 - Train Metric: 0.9266
Epoch 50/50 - Val Metric: 0.9148
Best val: 0.9188, Best test: 0.9279
Training set has 10790 instances
Validation set has 1348 instances
Test set has 1350 instances
Epoch 1/50 - Train Loss: 0.6997 - Train Metric: 0.5109
Epoch 1/50 - Val Metric: 0.7630
Epoch 2/50 - Train Loss: 0.6935 - Train Metric: 0.4989
Epoch 2/50 - Val Metric: 0.7713
Epoch 3/50 - Train Loss: 0.6889 - Train Metric: 0.5299
Epoch 3/50 - Val Metric: 0.5492
Epoch 4/50 - Train Loss: 0.6239 - Train Metric: 0.7037
Epoch 4/50 - Val Metric: 0.8407
Epoch 5/50 - Train Loss: 0.4820 - Train Metric: 0.8487
Epoch 5/50 - Val Metric: 0.8730
Epoch 6/50 - Train Loss: 0.4431 - Train Metric: 0.8738
Epoch 6/50 - Val Metric: 0.8874
Epoch 7/50 - Train Loss: 0.4207 - Train Metric: 0.8877
Epoch 7/50 - Val Metric: 0.8962
Epoch 8/50 - Train Loss: 0.4106 - Train Metric: 0.8931
Epoch 8/50 - Val Metric: 0.9015
Epoch 9/50 - Train Loss: 0.3974 - Train Metric: 0.9000
Epoch 9/50 - Val Metric: 0.9047
Epoch 10/50 - Train Loss: 0.3865 - Train Metric: 0.9059
Epoch 10/50 - Val Metric: 0.9111
Epoch 11/50 - Train Loss: 0.3773 - Train Metric: 0.9102
Epoch 11/50 - Val Metric: 0.9121
Epoch 12/50 - Train Loss: 0.3664 - Train Metric: 0.9159
Epoch 12/50 - Val Metric: 0.9166
Epoch 13/50 - Train Loss: 0.3605 - Train Metric: 0.9190
Epoch 13/50 - Val Metric: 0.9189
Epoch 14/50 - Train Loss: 0.3545 - Train Metric: 0.9218
Epoch 14/50 - Val Metric: 0.9207
Epoch 15/50 - Train Loss: 0.3500 - Train Metric: 0.9239
Epoch 15/50 - Val Metric: 0.9198
Epoch 16/50 - Train Loss: 0.3477 - Train Metric: 0.9251
Epoch 16/50 - Val Metric: 0.9219
Epoch 17/50 - Train Loss: 0.3423 - Train Metric: 0.9274
Epoch 17/50 - Val Metric: 0.9219
Epoch 18/50 - Train Loss: 0.3441 - Train Metric: 0.9264
Epoch 18/50 - Val Metric: 0.9192
Epoch 19/50 - Train Loss: 0.3492 - Train Metric: 0.9242
Epoch 19/50 - Val Metric: 0.9215
Epoch 20/50 - Train Loss: 0.3432 - Train Metric: 0.9270
Epoch 20/50 - Val Metric: 0.9240
Epoch 21/50 - Train Loss: 0.3416 - Train Metric: 0.9279
Epoch 21/50 - Val Metric: 0.9235
Epoch 22/50 - Train Loss: 0.3372 - Train Metric: 0.9297
Epoch 22/50 - Val Metric: 0.9227
Epoch 23/50 - Train Loss: 0.3333 - Train Metric: 0.9314
Epoch 23/50 - Val Metric: 0.9242
Epoch 24/50 - Train Loss: 0.3311 - Train Metric: 0.9323
Epoch 24/50 - Val Metric: 0.9234
Epoch 25/50 - Train Loss: 0.3289 - Train Metric: 0.9332
Epoch 25/50 - Val Metric: 0.9213
Epoch 26/50 - Train Loss: 0.3286 - Train Metric: 0.9333
Epoch 26/50 - Val Metric: 0.9234
Epoch 27/50 - Train Loss: 0.3257 - Train Metric: 0.9345
Epoch 27/50 - Val Metric: 0.9219
Epoch 28/50 - Train Loss: 0.3260 - Train Metric: 0.9345
Epoch 28/50 - Val Metric: 0.9229
Epoch 29/50 - Train Loss: 0.3242 - Train Metric: 0.9352
Epoch 29/50 - Val Metric: 0.9225
Epoch 30/50 - Train Loss: 0.3234 - Train Metric: 0.9355
Epoch 30/50 - Val Metric: 0.9214
Epoch 31/50 - Train Loss: 0.3212 - Train Metric: 0.9364
Epoch 31/50 - Val Metric: 0.9214
Epoch 32/50 - Train Loss: 0.3253 - Train Metric: 0.9348
Epoch 32/50 - Val Metric: 0.9206
Epoch 33/50 - Train Loss: 0.3212 - Train Metric: 0.9365
Epoch 33/50 - Val Metric: 0.9227
Epoch 34/50 - Train Loss: 0.3203 - Train Metric: 0.9369
Epoch 34/50 - Val Metric: 0.9228
Epoch 35/50 - Train Loss: 0.3198 - Train Metric: 0.9370
Epoch 35/50 - Val Metric: 0.9231
Epoch 36/50 - Train Loss: 0.3181 - Train Metric: 0.9378
Epoch 36/50 - Val Metric: 0.9215
Epoch 37/50 - Train Loss: 0.3181 - Train Metric: 0.9377
Epoch 37/50 - Val Metric: 0.9225
Epoch 38/50 - Train Loss: 0.3176 - Train Metric: 0.9379
Epoch 38/50 - Val Metric: 0.9215
Epoch 39/50 - Train Loss: 0.3179 - Train Metric: 0.9378
Epoch 39/50 - Val Metric: 0.9219
Epoch 40/50 - Train Loss: 0.3164 - Train Metric: 0.9383
Epoch 40/50 - Val Metric: 0.9217
Epoch 41/50 - Train Loss: 0.3158 - Train Metric: 0.9386
Epoch 41/50 - Val Metric: 0.9216
Epoch 42/50 - Train Loss: 0.3161 - Train Metric: 0.9385
Epoch 42/50 - Val Metric: 0.9222
Epoch 43/50 - Train Loss: 0.3159 - Train Metric: 0.9385
Epoch 43/50 - Val Metric: 0.9217
Epoch 44/50 - Train Loss: 0.3156 - Train Metric: 0.9387
Epoch 44/50 - Val Metric: 0.9208
Epoch 45/50 - Train Loss: 0.3145 - Train Metric: 0.9391
Epoch 45/50 - Val Metric: 0.9215
Epoch 46/50 - Train Loss: 0.3149 - Train Metric: 0.9390
Epoch 46/50 - Val Metric: 0.9202
Epoch 47/50 - Train Loss: 0.3148 - Train Metric: 0.9390
Epoch 47/50 - Val Metric: 0.9216
Epoch 48/50 - Train Loss: 0.3143 - Train Metric: 0.9392
Epoch 48/50 - Val Metric: 0.9200
Epoch 49/50 - Train Loss: 0.3139 - Train Metric: 0.9394
Epoch 49/50 - Val Metric: 0.9221
Epoch 50/50 - Train Loss: 0.3153 - Train Metric: 0.9388
Epoch 50/50 - Val Metric: 0.9206
Best val: 0.9242, Best test: 0.9242
Training set has 10790 instances
Validation set has 1348 instances
Test set has 1350 instances
Epoch 1/50 - Train Loss: 0.7059 - Train Metric: 0.4958
Epoch 1/50 - Val Metric: 0.7509
Epoch 2/50 - Train Loss: 0.6961 - Train Metric: 0.5011
Epoch 2/50 - Val Metric: 0.6486
Epoch 3/50 - Train Loss: 0.6784 - Train Metric: 0.5879
Epoch 3/50 - Val Metric: 0.7891
Epoch 4/50 - Train Loss: 0.5401 - Train Metric: 0.8044
Epoch 4/50 - Val Metric: 0.8532
Epoch 5/50 - Train Loss: 0.4694 - Train Metric: 0.8577
Epoch 5/50 - Val Metric: 0.8706
Epoch 6/50 - Train Loss: 0.4345 - Train Metric: 0.8791
Epoch 6/50 - Val Metric: 0.8788
Epoch 7/50 - Train Loss: 0.4170 - Train Metric: 0.8889
Epoch 7/50 - Val Metric: 0.8856
Epoch 8/50 - Train Loss: 0.4191 - Train Metric: 0.8876
Epoch 8/50 - Val Metric: 0.8883
Epoch 9/50 - Train Loss: 0.4036 - Train Metric: 0.8964
Epoch 9/50 - Val Metric: 0.8905
Epoch 10/50 - Train Loss: 0.4049 - Train Metric: 0.8951
Epoch 10/50 - Val Metric: 0.8898
Epoch 11/50 - Train Loss: 0.3931 - Train Metric: 0.9008
Epoch 11/50 - Val Metric: 0.8940
Epoch 12/50 - Train Loss: 0.3886 - Train Metric: 0.9036
Epoch 12/50 - Val Metric: 0.8957
Epoch 13/50 - Train Loss: 0.3790 - Train Metric: 0.9082
Epoch 13/50 - Val Metric: 0.8972
Epoch 14/50 - Train Loss: 0.3863 - Train Metric: 0.9050
Epoch 14/50 - Val Metric: 0.8988
Epoch 15/50 - Train Loss: 0.3769 - Train Metric: 0.9095
Epoch 15/50 - Val Metric: 0.8986
Epoch 16/50 - Train Loss: 0.3708 - Train Metric: 0.9122
Epoch 16/50 - Val Metric: 0.8970
Epoch 17/50 - Train Loss: 0.3764 - Train Metric: 0.9103
Epoch 17/50 - Val Metric: 0.8992
Epoch 18/50 - Train Loss: 0.3691 - Train Metric: 0.9138
Epoch 18/50 - Val Metric: 0.9005
Epoch 19/50 - Train Loss: 0.3649 - Train Metric: 0.9157
Epoch 19/50 - Val Metric: 0.8991
Epoch 20/50 - Train Loss: 0.3600 - Train Metric: 0.9183
Epoch 20/50 - Val Metric: 0.9026
Epoch 21/50 - Train Loss: 0.3524 - Train Metric: 0.9217
Epoch 21/50 - Val Metric: 0.9033
Epoch 22/50 - Train Loss: 0.3521 - Train Metric: 0.9221
Epoch 22/50 - Val Metric: 0.9009
Epoch 23/50 - Train Loss: 0.3554 - Train Metric: 0.9207
Epoch 23/50 - Val Metric: 0.9048
Epoch 24/50 - Train Loss: 0.3427 - Train Metric: 0.9265
Epoch 24/50 - Val Metric: 0.9020
Epoch 25/50 - Train Loss: 0.3463 - Train Metric: 0.9250
Epoch 25/50 - Val Metric: 0.9029
Epoch 26/50 - Train Loss: 0.3433 - Train Metric: 0.9262
Epoch 26/50 - Val Metric: 0.9025
Epoch 27/50 - Train Loss: 0.3429 - Train Metric: 0.9267
Epoch 27/50 - Val Metric: 0.9069
Epoch 28/50 - Train Loss: 0.3365 - Train Metric: 0.9295
Epoch 28/50 - Val Metric: 0.9013
Epoch 29/50 - Train Loss: 0.3390 - Train Metric: 0.9285
Epoch 29/50 - Val Metric: 0.9028
Epoch 30/50 - Train Loss: 0.3344 - Train Metric: 0.9303
Epoch 30/50 - Val Metric: 0.9034
Epoch 31/50 - Train Loss: 0.3362 - Train Metric: 0.9298
Epoch 31/50 - Val Metric: 0.9087
Epoch 32/50 - Train Loss: 0.3306 - Train Metric: 0.9323
Epoch 32/50 - Val Metric: 0.9049
Epoch 33/50 - Train Loss: 0.3292 - Train Metric: 0.9329
Epoch 33/50 - Val Metric: 0.9122
Epoch 34/50 - Train Loss: 0.3266 - Train Metric: 0.9337
Epoch 34/50 - Val Metric: 0.9053
Epoch 35/50 - Train Loss: 0.3276 - Train Metric: 0.9336
Epoch 35/50 - Val Metric: 0.9107
Epoch 36/50 - Train Loss: 0.3230 - Train Metric: 0.9357
Epoch 36/50 - Val Metric: 0.9090
Epoch 37/50 - Train Loss: 0.3240 - Train Metric: 0.9353
Epoch 37/50 - Val Metric: 0.9173
Epoch 38/50 - Train Loss: 0.3196 - Train Metric: 0.9373
Epoch 38/50 - Val Metric: 0.9131
Epoch 39/50 - Train Loss: 0.3080 - Train Metric: 0.9416
Epoch 39/50 - Val Metric: 0.9146
Epoch 40/50 - Train Loss: 0.3126 - Train Metric: 0.9397
Epoch 40/50 - Val Metric: 0.9165
Epoch 41/50 - Train Loss: 0.3189 - Train Metric: 0.9372
Epoch 41/50 - Val Metric: 0.9180
Epoch 42/50 - Train Loss: 0.3007 - Train Metric: 0.9444
Epoch 42/50 - Val Metric: 0.9156
Epoch 43/50 - Train Loss: 0.3053 - Train Metric: 0.9427
Epoch 43/50 - Val Metric: 0.9149
Epoch 44/50 - Train Loss: 0.3015 - Train Metric: 0.9441
Epoch 44/50 - Val Metric: 0.9172
Epoch 45/50 - Train Loss: 0.3074 - Train Metric: 0.9418
Epoch 45/50 - Val Metric: 0.9180
Epoch 46/50 - Train Loss: 0.3005 - Train Metric: 0.9445
Epoch 46/50 - Val Metric: 0.9139
Epoch 47/50 - Train Loss: 0.2993 - Train Metric: 0.9449
Epoch 47/50 - Val Metric: 0.9138
Epoch 48/50 - Train Loss: 0.2954 - Train Metric: 0.9465
Epoch 48/50 - Val Metric: 0.9133
Epoch 49/50 - Train Loss: 0.3020 - Train Metric: 0.9438
Epoch 49/50 - Val Metric: 0.9201
Epoch 50/50 - Train Loss: 0.2879 - Train Metric: 0.9492
Epoch 50/50 - Val Metric: 0.9147
Best val: 0.9201, Best test: 0.9247
Training set has 10790 instances
Validation set has 1348 instances
Test set has 1350 instances
Epoch 1/50 - Train Loss: 0.6993 - Train Metric: 0.4953
Epoch 1/50 - Val Metric: 0.7792
Epoch 2/50 - Train Loss: 0.6940 - Train Metric: 0.5128
Epoch 2/50 - Val Metric: 0.7814
Epoch 3/50 - Train Loss: 0.6544 - Train Metric: 0.6551
Epoch 3/50 - Val Metric: 0.8036
Epoch 4/50 - Train Loss: 0.5679 - Train Metric: 0.7778
Epoch 4/50 - Val Metric: 0.8338
Epoch 5/50 - Train Loss: 0.5209 - Train Metric: 0.8204
Epoch 5/50 - Val Metric: 0.8480
Epoch 6/50 - Train Loss: 0.4884 - Train Metric: 0.8444
Epoch 6/50 - Val Metric: 0.8569
Epoch 7/50 - Train Loss: 0.4806 - Train Metric: 0.8499
Epoch 7/50 - Val Metric: 0.8635
Epoch 8/50 - Train Loss: 0.4620 - Train Metric: 0.8621
Epoch 8/50 - Val Metric: 0.8690
Epoch 9/50 - Train Loss: 0.4551 - Train Metric: 0.8661
Epoch 9/50 - Val Metric: 0.8729
Epoch 10/50 - Train Loss: 0.4481 - Train Metric: 0.8707
Epoch 10/50 - Val Metric: 0.8740
Epoch 11/50 - Train Loss: 0.4411 - Train Metric: 0.8751
Epoch 11/50 - Val Metric: 0.8773
Epoch 12/50 - Train Loss: 0.4343 - Train Metric: 0.8793
Epoch 12/50 - Val Metric: 0.8785
Epoch 13/50 - Train Loss: 0.4347 - Train Metric: 0.8787
Epoch 13/50 - Val Metric: 0.8812
Epoch 14/50 - Train Loss: 0.4330 - Train Metric: 0.8798
Epoch 14/50 - Val Metric: 0.8832
Epoch 15/50 - Train Loss: 0.4326 - Train Metric: 0.8801
Epoch 15/50 - Val Metric: 0.8820
Epoch 16/50 - Train Loss: 0.4275 - Train Metric: 0.8827
Epoch 16/50 - Val Metric: 0.8815
Epoch 17/50 - Train Loss: 0.4242 - Train Metric: 0.8847
Epoch 17/50 - Val Metric: 0.8837
Epoch 18/50 - Train Loss: 0.4220 - Train Metric: 0.8854
Epoch 18/50 - Val Metric: 0.8797
Epoch 19/50 - Train Loss: 0.4213 - Train Metric: 0.8854
Epoch 19/50 - Val Metric: 0.8812
Epoch 20/50 - Train Loss: 0.4173 - Train Metric: 0.8888
Epoch 20/50 - Val Metric: 0.8826
Epoch 21/50 - Train Loss: 0.4164 - Train Metric: 0.8888
Epoch 21/50 - Val Metric: 0.8862
Epoch 22/50 - Train Loss: 0.4131 - Train Metric: 0.8907
Epoch 22/50 - Val Metric: 0.8825
Epoch 23/50 - Train Loss: 0.4170 - Train Metric: 0.8886
Epoch 23/50 - Val Metric: 0.8896
Epoch 24/50 - Train Loss: 0.4138 - Train Metric: 0.8901
Epoch 24/50 - Val Metric: 0.8899
Epoch 25/50 - Train Loss: 0.4092 - Train Metric: 0.8924
Epoch 25/50 - Val Metric: 0.8851
Epoch 26/50 - Train Loss: 0.4095 - Train Metric: 0.8923
Epoch 26/50 - Val Metric: 0.8910
Epoch 27/50 - Train Loss: 0.4084 - Train Metric: 0.8941
Epoch 27/50 - Val Metric: 0.8907
Epoch 28/50 - Train Loss: 0.4108 - Train Metric: 0.8921
Epoch 28/50 - Val Metric: 0.8867
Epoch 29/50 - Train Loss: 0.4053 - Train Metric: 0.8945
Epoch 29/50 - Val Metric: 0.8853
Epoch 30/50 - Train Loss: 0.4101 - Train Metric: 0.8922
Epoch 30/50 - Val Metric: 0.8906
Epoch 31/50 - Train Loss: 0.4091 - Train Metric: 0.8928
Epoch 31/50 - Val Metric: 0.8925
Epoch 32/50 - Train Loss: 0.4054 - Train Metric: 0.8948
Epoch 32/50 - Val Metric: 0.8907
Epoch 33/50 - Train Loss: 0.4025 - Train Metric: 0.8964
Epoch 33/50 - Val Metric: 0.8928
Epoch 34/50 - Train Loss: 0.4039 - Train Metric: 0.8951
Epoch 34/50 - Val Metric: 0.8905
Epoch 35/50 - Train Loss: 0.4045 - Train Metric: 0.8951
Epoch 35/50 - Val Metric: 0.8884
Epoch 36/50 - Train Loss: 0.4032 - Train Metric: 0.8959
Epoch 36/50 - Val Metric: 0.8934
Epoch 37/50 - Train Loss: 0.4014 - Train Metric: 0.8966
Epoch 37/50 - Val Metric: 0.8939
Epoch 38/50 - Train Loss: 0.4033 - Train Metric: 0.8955
Epoch 38/50 - Val Metric: 0.8895
Epoch 39/50 - Train Loss: 0.4002 - Train Metric: 0.8972
Epoch 39/50 - Val Metric: 0.8883
Epoch 40/50 - Train Loss: 0.4014 - Train Metric: 0.8965
Epoch 40/50 - Val Metric: 0.8899
Epoch 41/50 - Train Loss: 0.4004 - Train Metric: 0.8974
Epoch 41/50 - Val Metric: 0.8885
Epoch 42/50 - Train Loss: 0.3986 - Train Metric: 0.8982
Epoch 42/50 - Val Metric: 0.8913
Epoch 43/50 - Train Loss: 0.3979 - Train Metric: 0.8988
Epoch 43/50 - Val Metric: 0.8871
Epoch 44/50 - Train Loss: 0.4022 - Train Metric: 0.8962
Epoch 44/50 - Val Metric: 0.8894
Epoch 45/50 - Train Loss: 0.3998 - Train Metric: 0.8975
Epoch 45/50 - Val Metric: 0.8902
Epoch 46/50 - Train Loss: 0.3993 - Train Metric: 0.8976
Epoch 46/50 - Val Metric: 0.8902
Epoch 47/50 - Train Loss: 0.3987 - Train Metric: 0.8978
Epoch 47/50 - Val Metric: 0.8880
Epoch 48/50 - Train Loss: 0.3955 - Train Metric: 0.8992
Epoch 48/50 - Val Metric: 0.8898
Epoch 49/50 - Train Loss: 0.3958 - Train Metric: 0.8999
Epoch 49/50 - Val Metric: 0.8878
Epoch 50/50 - Train Loss: 0.3962 - Train Metric: 0.8988
Epoch 50/50 - Val Metric: 0.8874
Best val: 0.8939, Best test: 0.8848
Training set has 10790 instances
Validation set has 1348 instances
Test set has 1350 instances
Epoch 1/50 - Train Loss: 0.7007 - Train Metric: 0.4965
Epoch 1/50 - Val Metric: 0.8101
Epoch 2/50 - Train Loss: 0.6958 - Train Metric: 0.5098
Epoch 2/50 - Val Metric: 0.7979
Epoch 3/50 - Train Loss: 0.6958 - Train Metric: 0.5061
Epoch 3/50 - Val Metric: 0.8013
Training set has 10790 instances
Validation set has 1348 instances
Test set has 1350 instances
Epoch 1/50 - Train Loss: 0.7088 - Train Metric: 0.5018
Epoch 1/50 - Val Metric: 0.7942
Epoch 2/50 - Train Loss: 0.7020 - Train Metric: 0.5021
Epoch 2/50 - Val Metric: 0.8094
Epoch 3/50 - Train Loss: 0.6987 - Train Metric: 0.5042
Epoch 3/50 - Val Metric: 0.7988
Training set has 10790 instances
Validation set has 1348 instances
Test set has 1350 instances
Epoch 1/50 - Train Loss: 0.7031 - Train Metric: 0.4965
Epoch 1/50 - Val Metric: 0.7820
Epoch 2/50 - Train Loss: 0.6958 - Train Metric: 0.5048
Epoch 2/50 - Val Metric: 0.7979
Epoch 3/50 - Train Loss: 0.6942 - Train Metric: 0.5042
Epoch 3/50 - Val Metric: 0.8048
Training set has 10790 instances
Validation set has 1348 instances
Test set has 1350 instances
Training set has 10790 instances
Validation set has 1348 instances
Test set has 1350 instances
Training set has 10790 instances
Validation set has 1348 instances
Test set has 1350 instances
Training set has 10790 instances
Validation set has 1348 instances
Test set has 1350 instances
Epoch 1/50 - Train Loss: 0.7278 - Train Metric: 0.5139
Epoch 1/50 - Val Metric: 0.7815
Epoch 2/50 - Train Loss: 0.6954 - Train Metric: 0.5104
Epoch 2/50 - Val Metric: 0.7756
Training set has 10790 instances
Validation set has 1348 instances
Test set has 1350 instances
Training set has 10790 instances
Validation set has 1348 instances
Test set has 1350 instances
Epoch 1/50 - Train Loss: 0.7079 - Train Metric: 0.5049
Epoch 1/50 - Val Metric: 0.7803
Epoch 2/50 - Train Loss: 0.6937 - Train Metric: 0.4980
Epoch 2/50 - Val Metric: 0.7869
Epoch 3/50 - Train Loss: 0.6934 - Train Metric: 0.5152
Epoch 3/50 - Val Metric: 0.7905
Training set has 10790 instances
Validation set has 1348 instances
Test set has 1350 instances
Training set has 10790 instances
Validation set has 1348 instances
Test set has 1350 instances
Training set has 10790 instances
Validation set has 1348 instances
Test set has 1350 instances
Epoch 1/50 - Train Loss: 0.6966 - Train Metric: 0.5044
Epoch 1/50 - Val Metric: 0.7807
Epoch 2/50 - Train Loss: 0.6906 - Train Metric: 0.5333
Epoch 2/50 - Val Metric: 0.8028
Epoch 3/50 - Train Loss: 0.6214 - Train Metric: 0.7470
Epoch 3/50 - Val Metric: 0.8226
Epoch 4/50 - Train Loss: 0.5613 - Train Metric: 0.7945
Epoch 4/50 - Val Metric: 0.8475
Training set has 10790 instances
Validation set has 1348 instances
Test set has 1350 instances
Training set has 10790 instances
Validation set has 1348 instances
Test set has 1350 instances
Epoch 1/50 - Train Loss: 0.7028 - Train Metric: 0.5110
Epoch 1/50 - Val Metric: 0.7682
Epoch 2/50 - Train Loss: 0.6943 - Train Metric: 0.5026
Epoch 2/50 - Val Metric: 0.7715
Training set has 10790 instances
Validation set has 1348 instances
Test set has 1350 instances
Hyper-parameter search done. Found the best config.
Repeat experiments 5 times with the best train config {'batch_size': 256, 'gamma_rate': 0.9, 'base_lr': 0.001} and model config {'num_heads': 8, 'num_layers': 8, 'num_latents': 64, 'hidden_dim': 64, 'mlp_ratio': 0.25, 'dropout_prob': 0, 'top_k': 1}.
Training set has 10790 instances
Validation set has 1348 instances
Test set has 1350 instances
Epoch 1/50 - Train Loss: 0.7009 - Train Metric: 0.5113
Epoch 1/50 - Val Metric: 0.8000
Epoch 2/50 - Train Loss: 0.6938 - Train Metric: 0.5043
Epoch 2/50 - Val Metric: 0.7987
Epoch 3/50 - Train Loss: 0.6924 - Train Metric: 0.5245
Epoch 3/50 - Val Metric: 0.8029
Epoch 4/50 - Train Loss: 0.5811 - Train Metric: 0.7647
Epoch 4/50 - Val Metric: 0.8517
Epoch 5/50 - Train Loss: 0.4663 - Train Metric: 0.8591
Epoch 5/50 - Val Metric: 0.8892
Epoch 6/50 - Train Loss: 0.4333 - Train Metric: 0.8785
Epoch 6/50 - Val Metric: 0.8956
Epoch 7/50 - Train Loss: 0.4162 - Train Metric: 0.8880
Epoch 7/50 - Val Metric: 0.9005
Epoch 8/50 - Train Loss: 0.4092 - Train Metric: 0.8921
Epoch 8/50 - Val Metric: 0.9063
Epoch 9/50 - Train Loss: 0.4029 - Train Metric: 0.8955
Epoch 9/50 - Val Metric: 0.9091
Epoch 10/50 - Train Loss: 0.3875 - Train Metric: 0.9032
Epoch 10/50 - Val Metric: 0.9102
Epoch 11/50 - Train Loss: 0.3808 - Train Metric: 0.9069
Epoch 11/50 - Val Metric: 0.9144
Epoch 12/50 - Train Loss: 0.3776 - Train Metric: 0.9088
Epoch 12/50 - Val Metric: 0.9171
Epoch 13/50 - Train Loss: 0.3743 - Train Metric: 0.9111
Epoch 13/50 - Val Metric: 0.9169
Epoch 14/50 - Train Loss: 0.3738 - Train Metric: 0.9111
Epoch 14/50 - Val Metric: 0.9181
Epoch 15/50 - Train Loss: 0.3621 - Train Metric: 0.9171
Epoch 15/50 - Val Metric: 0.9196
Epoch 16/50 - Train Loss: 0.3588 - Train Metric: 0.9190
Epoch 16/50 - Val Metric: 0.9211
Epoch 17/50 - Train Loss: 0.3586 - Train Metric: 0.9191
Epoch 17/50 - Val Metric: 0.9223
Epoch 18/50 - Train Loss: 0.3522 - Train Metric: 0.9221
Epoch 18/50 - Val Metric: 0.9231
Epoch 19/50 - Train Loss: 0.3477 - Train Metric: 0.9242
Epoch 19/50 - Val Metric: 0.9219
Epoch 20/50 - Train Loss: 0.3470 - Train Metric: 0.9248
Epoch 20/50 - Val Metric: 0.9252
Epoch 21/50 - Train Loss: 0.3417 - Train Metric: 0.9270
Epoch 21/50 - Val Metric: 0.9235
Epoch 22/50 - Train Loss: 0.3399 - Train Metric: 0.9279
Epoch 22/50 - Val Metric: 0.9254
Epoch 23/50 - Train Loss: 0.3372 - Train Metric: 0.9293
Epoch 23/50 - Val Metric: 0.9266
Epoch 24/50 - Train Loss: 0.3320 - Train Metric: 0.9317
Epoch 24/50 - Val Metric: 0.9273
Epoch 25/50 - Train Loss: 0.3329 - Train Metric: 0.9312
Epoch 25/50 - Val Metric: 0.9287
Epoch 26/50 - Train Loss: 0.3292 - Train Metric: 0.9331
Epoch 26/50 - Val Metric: 0.9286
Epoch 27/50 - Train Loss: 0.3255 - Train Metric: 0.9346
Epoch 27/50 - Val Metric: 0.9309
Epoch 28/50 - Train Loss: 0.3247 - Train Metric: 0.9350
Epoch 28/50 - Val Metric: 0.9329
Epoch 29/50 - Train Loss: 0.3224 - Train Metric: 0.9358
Epoch 29/50 - Val Metric: 0.9320
Epoch 30/50 - Train Loss: 0.3211 - Train Metric: 0.9364
Epoch 30/50 - Val Metric: 0.9333
Epoch 31/50 - Train Loss: 0.3183 - Train Metric: 0.9376
Epoch 31/50 - Val Metric: 0.9321
Epoch 32/50 - Train Loss: 0.3176 - Train Metric: 0.9381
Epoch 32/50 - Val Metric: 0.9338
Epoch 33/50 - Train Loss: 0.3155 - Train Metric: 0.9388
Epoch 33/50 - Val Metric: 0.9344
Epoch 34/50 - Train Loss: 0.3141 - Train Metric: 0.9394
Epoch 34/50 - Val Metric: 0.9352
Epoch 35/50 - Train Loss: 0.3143 - Train Metric: 0.9393
Epoch 35/50 - Val Metric: 0.9355
Epoch 36/50 - Train Loss: 0.3123 - Train Metric: 0.9401
Epoch 36/50 - Val Metric: 0.9349
Epoch 37/50 - Train Loss: 0.3111 - Train Metric: 0.9405
Epoch 37/50 - Val Metric: 0.9343
Epoch 38/50 - Train Loss: 0.3111 - Train Metric: 0.9407
Epoch 38/50 - Val Metric: 0.9344
Epoch 39/50 - Train Loss: 0.3110 - Train Metric: 0.9406
Epoch 39/50 - Val Metric: 0.9342
Epoch 40/50 - Train Loss: 0.3106 - Train Metric: 0.9407
Epoch 40/50 - Val Metric: 0.9344
Epoch 41/50 - Train Loss: 0.3098 - Train Metric: 0.9411
Epoch 41/50 - Val Metric: 0.9349
Epoch 42/50 - Train Loss: 0.3095 - Train Metric: 0.9413
Epoch 42/50 - Val Metric: 0.9357
Epoch 43/50 - Train Loss: 0.3088 - Train Metric: 0.9415
Epoch 43/50 - Val Metric: 0.9342
Epoch 44/50 - Train Loss: 0.3086 - Train Metric: 0.9415
Epoch 44/50 - Val Metric: 0.9358
Epoch 45/50 - Train Loss: 0.3079 - Train Metric: 0.9418
Epoch 45/50 - Val Metric: 0.9349
Epoch 46/50 - Train Loss: 0.3081 - Train Metric: 0.9416
Epoch 46/50 - Val Metric: 0.9356
Epoch 47/50 - Train Loss: 0.3073 - Train Metric: 0.9420
Epoch 47/50 - Val Metric: 0.9345
Epoch 48/50 - Train Loss: 0.3073 - Train Metric: 0.9419
Epoch 48/50 - Val Metric: 0.9366
Epoch 49/50 - Train Loss: 0.3066 - Train Metric: 0.9422
Epoch 49/50 - Val Metric: 0.9345
Epoch 50/50 - Train Loss: 0.3059 - Train Metric: 0.9424
Epoch 50/50 - Val Metric: 0.9364
Best val: 0.9366, Best test: 0.9313
Training set has 10790 instances
Validation set has 1348 instances
Test set has 1350 instances
Epoch 1/50 - Train Loss: 0.7016 - Train Metric: 0.5001
Epoch 1/50 - Val Metric: 0.7331
Epoch 2/50 - Train Loss: 0.6941 - Train Metric: 0.5050
Epoch 2/50 - Val Metric: 0.7430
Epoch 3/50 - Train Loss: 0.6938 - Train Metric: 0.5091
Epoch 3/50 - Val Metric: 0.7544
Epoch 4/50 - Train Loss: 0.6946 - Train Metric: 0.5163
Epoch 4/50 - Val Metric: 0.7606
Epoch 5/50 - Train Loss: 0.6936 - Train Metric: 0.5085
Epoch 5/50 - Val Metric: 0.7656
Epoch 6/50 - Train Loss: 0.6809 - Train Metric: 0.5764
Epoch 6/50 - Val Metric: 0.7817
Epoch 7/50 - Train Loss: 0.5164 - Train Metric: 0.8245
Epoch 7/50 - Val Metric: 0.8625
Epoch 8/50 - Train Loss: 0.4482 - Train Metric: 0.8711
Epoch 8/50 - Val Metric: 0.8805
Epoch 9/50 - Train Loss: 0.4165 - Train Metric: 0.8887
Epoch 9/50 - Val Metric: 0.8865
Epoch 10/50 - Train Loss: 0.4099 - Train Metric: 0.8922
Epoch 10/50 - Val Metric: 0.8901
Epoch 11/50 - Train Loss: 0.3995 - Train Metric: 0.8976
Epoch 11/50 - Val Metric: 0.8925
Epoch 12/50 - Train Loss: 0.3927 - Train Metric: 0.9005
Epoch 12/50 - Val Metric: 0.8955
Epoch 13/50 - Train Loss: 0.3855 - Train Metric: 0.9053
Epoch 13/50 - Val Metric: 0.8989
Epoch 14/50 - Train Loss: 0.3786 - Train Metric: 0.9085
Epoch 14/50 - Val Metric: 0.9018
Epoch 15/50 - Train Loss: 0.3758 - Train Metric: 0.9104
Epoch 15/50 - Val Metric: 0.9048
Epoch 16/50 - Train Loss: 0.3684 - Train Metric: 0.9141
Epoch 16/50 - Val Metric: 0.9078
Epoch 17/50 - Train Loss: 0.3649 - Train Metric: 0.9158
Epoch 17/50 - Val Metric: 0.9109
Epoch 18/50 - Train Loss: 0.3611 - Train Metric: 0.9176
Epoch 18/50 - Val Metric: 0.9132
Epoch 19/50 - Train Loss: 0.3595 - Train Metric: 0.9186
Epoch 19/50 - Val Metric: 0.9148
Epoch 20/50 - Train Loss: 0.3535 - Train Metric: 0.9214
Epoch 20/50 - Val Metric: 0.9172
Epoch 21/50 - Train Loss: 0.3493 - Train Metric: 0.9234
Epoch 21/50 - Val Metric: 0.9176
Epoch 22/50 - Train Loss: 0.3476 - Train Metric: 0.9242
Epoch 22/50 - Val Metric: 0.9150
Epoch 23/50 - Train Loss: 0.3460 - Train Metric: 0.9248
Epoch 23/50 - Val Metric: 0.9207
Epoch 24/50 - Train Loss: 0.3442 - Train Metric: 0.9258
Epoch 24/50 - Val Metric: 0.9216
Epoch 25/50 - Train Loss: 0.3384 - Train Metric: 0.9286
Epoch 25/50 - Val Metric: 0.9218
Epoch 26/50 - Train Loss: 0.3380 - Train Metric: 0.9286
Epoch 26/50 - Val Metric: 0.9234
Epoch 27/50 - Train Loss: 0.3352 - Train Metric: 0.9302
Epoch 27/50 - Val Metric: 0.9240
Epoch 28/50 - Train Loss: 0.3322 - Train Metric: 0.9313
Epoch 28/50 - Val Metric: 0.9254
Epoch 29/50 - Train Loss: 0.3293 - Train Metric: 0.9327
Epoch 29/50 - Val Metric: 0.9255
Epoch 30/50 - Train Loss: 0.3275 - Train Metric: 0.9335
Epoch 30/50 - Val Metric: 0.9260
Epoch 31/50 - Train Loss: 0.3266 - Train Metric: 0.9339
Epoch 31/50 - Val Metric: 0.9264
Epoch 32/50 - Train Loss: 0.3276 - Train Metric: 0.9336
Epoch 32/50 - Val Metric: 0.9283
Epoch 33/50 - Train Loss: 0.3230 - Train Metric: 0.9356
Epoch 33/50 - Val Metric: 0.9262
Epoch 34/50 - Train Loss: 0.3257 - Train Metric: 0.9343
Epoch 34/50 - Val Metric: 0.9290
Epoch 35/50 - Train Loss: 0.3235 - Train Metric: 0.9353
Epoch 35/50 - Val Metric: 0.9287
Epoch 36/50 - Train Loss: 0.3218 - Train Metric: 0.9359
Epoch 36/50 - Val Metric: 0.9302
Epoch 37/50 - Train Loss: 0.3201 - Train Metric: 0.9368
Epoch 37/50 - Val Metric: 0.9300
Epoch 38/50 - Train Loss: 0.3186 - Train Metric: 0.9373
Epoch 38/50 - Val Metric: 0.9306
Epoch 39/50 - Train Loss: 0.3187 - Train Metric: 0.9373
Epoch 39/50 - Val Metric: 0.9301
Epoch 40/50 - Train Loss: 0.3192 - Train Metric: 0.9371
Epoch 40/50 - Val Metric: 0.9308
Epoch 41/50 - Train Loss: 0.3186 - Train Metric: 0.9373
Epoch 41/50 - Val Metric: 0.9311
Epoch 42/50 - Train Loss: 0.3173 - Train Metric: 0.9379
Epoch 42/50 - Val Metric: 0.9310
Epoch 43/50 - Train Loss: 0.3170 - Train Metric: 0.9379
Epoch 43/50 - Val Metric: 0.9309
Epoch 44/50 - Train Loss: 0.3164 - Train Metric: 0.9382
Epoch 44/50 - Val Metric: 0.9310
Epoch 45/50 - Train Loss: 0.3153 - Train Metric: 0.9386
Epoch 45/50 - Val Metric: 0.9313
Epoch 46/50 - Train Loss: 0.3158 - Train Metric: 0.9385
Epoch 46/50 - Val Metric: 0.9310
Epoch 47/50 - Train Loss: 0.3158 - Train Metric: 0.9385
Epoch 47/50 - Val Metric: 0.9319
Epoch 48/50 - Train Loss: 0.3148 - Train Metric: 0.9389
Epoch 48/50 - Val Metric: 0.9313
Epoch 49/50 - Train Loss: 0.3149 - Train Metric: 0.9388
Epoch 49/50 - Val Metric: 0.9310
Epoch 50/50 - Train Loss: 0.3143 - Train Metric: 0.9391
Epoch 50/50 - Val Metric: 0.9312
Best val: 0.9319, Best test: 0.9245
Training set has 10790 instances
Validation set has 1348 instances
Test set has 1350 instances
Epoch 1/50 - Train Loss: 0.7043 - Train Metric: 0.4973
Epoch 1/50 - Val Metric: 0.7941
Epoch 2/50 - Train Loss: 0.6938 - Train Metric: 0.5007
Epoch 2/50 - Val Metric: 0.7930
Epoch 3/50 - Train Loss: 0.6945 - Train Metric: 0.5050
Epoch 3/50 - Val Metric: 0.7918
Epoch 4/50 - Train Loss: 0.6945 - Train Metric: 0.5087
Epoch 4/50 - Val Metric: 0.7908
Epoch 5/50 - Train Loss: 0.6896 - Train Metric: 0.5370
Epoch 5/50 - Val Metric: 0.7948
Epoch 6/50 - Train Loss: 0.5210 - Train Metric: 0.8188
Epoch 6/50 - Val Metric: 0.8802
Epoch 7/50 - Train Loss: 0.4592 - Train Metric: 0.8644
Epoch 7/50 - Val Metric: 0.9000
Epoch 8/50 - Train Loss: 0.4343 - Train Metric: 0.8789
Epoch 8/50 - Val Metric: 0.9034
Epoch 9/50 - Train Loss: 0.4169 - Train Metric: 0.8887
Epoch 9/50 - Val Metric: 0.9106
Epoch 10/50 - Train Loss: 0.3874 - Train Metric: 0.9046
Epoch 10/50 - Val Metric: 0.9146
Epoch 11/50 - Train Loss: 0.3808 - Train Metric: 0.9083
Epoch 11/50 - Val Metric: 0.9173
Epoch 12/50 - Train Loss: 0.3694 - Train Metric: 0.9145
Epoch 12/50 - Val Metric: 0.9182
Epoch 13/50 - Train Loss: 0.3611 - Train Metric: 0.9185
Epoch 13/50 - Val Metric: 0.9198
Epoch 14/50 - Train Loss: 0.3631 - Train Metric: 0.9177
Epoch 14/50 - Val Metric: 0.9215
Epoch 15/50 - Train Loss: 0.3580 - Train Metric: 0.9203
Epoch 15/50 - Val Metric: 0.9245
Epoch 16/50 - Train Loss: 0.3483 - Train Metric: 0.9249
Epoch 16/50 - Val Metric: 0.9235
Epoch 17/50 - Train Loss: 0.3495 - Train Metric: 0.9242
Epoch 17/50 - Val Metric: 0.9250
Epoch 18/50 - Train Loss: 0.3512 - Train Metric: 0.9235
Epoch 18/50 - Val Metric: 0.9256
Epoch 19/50 - Train Loss: 0.3396 - Train Metric: 0.9288
Epoch 19/50 - Val Metric: 0.9275
Epoch 20/50 - Train Loss: 0.3305 - Train Metric: 0.9327
Epoch 20/50 - Val Metric: 0.9244
Epoch 21/50 - Train Loss: 0.3270 - Train Metric: 0.9344
Epoch 21/50 - Val Metric: 0.9296
Epoch 22/50 - Train Loss: 0.3259 - Train Metric: 0.9347
Epoch 22/50 - Val Metric: 0.9292
Epoch 23/50 - Train Loss: 0.3335 - Train Metric: 0.9314
Epoch 23/50 - Val Metric: 0.9267
Epoch 24/50 - Train Loss: 0.3209 - Train Metric: 0.9369
Epoch 24/50 - Val Metric: 0.9304
Epoch 25/50 - Train Loss: 0.3192 - Train Metric: 0.9375
Epoch 25/50 - Val Metric: 0.9294
Epoch 26/50 - Train Loss: 0.3157 - Train Metric: 0.9390
Epoch 26/50 - Val Metric: 0.9302
Epoch 27/50 - Train Loss: 0.3121 - Train Metric: 0.9404
Epoch 27/50 - Val Metric: 0.9303
Epoch 28/50 - Train Loss: 0.3123 - Train Metric: 0.9403
Epoch 28/50 - Val Metric: 0.9287
Epoch 29/50 - Train Loss: 0.3092 - Train Metric: 0.9415
Epoch 29/50 - Val Metric: 0.9297
Epoch 30/50 - Train Loss: 0.3075 - Train Metric: 0.9421
Epoch 30/50 - Val Metric: 0.9277
Epoch 31/50 - Train Loss: 0.3058 - Train Metric: 0.9429
Epoch 31/50 - Val Metric: 0.9293
Epoch 32/50 - Train Loss: 0.3066 - Train Metric: 0.9424
Epoch 32/50 - Val Metric: 0.9262
Epoch 33/50 - Train Loss: 0.3035 - Train Metric: 0.9438
Epoch 33/50 - Val Metric: 0.9292
Epoch 34/50 - Train Loss: 0.3029 - Train Metric: 0.9439
Epoch 34/50 - Val Metric: 0.9263
Epoch 35/50 - Train Loss: 0.3023 - Train Metric: 0.9442
Epoch 35/50 - Val Metric: 0.9293
Epoch 36/50 - Train Loss: 0.3019 - Train Metric: 0.9442
Epoch 36/50 - Val Metric: 0.9271
Epoch 37/50 - Train Loss: 0.3009 - Train Metric: 0.9447
Epoch 37/50 - Val Metric: 0.9290
Epoch 38/50 - Train Loss: 0.2999 - Train Metric: 0.9450
Epoch 38/50 - Val Metric: 0.9281
Epoch 39/50 - Train Loss: 0.2989 - Train Metric: 0.9455
Epoch 39/50 - Val Metric: 0.9278
Epoch 40/50 - Train Loss: 0.2990 - Train Metric: 0.9454
Epoch 40/50 - Val Metric: 0.9276
Epoch 41/50 - Train Loss: 0.2979 - Train Metric: 0.9458
Epoch 41/50 - Val Metric: 0.9269
Epoch 42/50 - Train Loss: 0.2974 - Train Metric: 0.9460
Epoch 42/50 - Val Metric: 0.9251
Epoch 43/50 - Train Loss: 0.2992 - Train Metric: 0.9454
Epoch 43/50 - Val Metric: 0.9273
Epoch 44/50 - Train Loss: 0.2983 - Train Metric: 0.9457
Epoch 44/50 - Val Metric: 0.9253
Epoch 45/50 - Train Loss: 0.2979 - Train Metric: 0.9458
Epoch 45/50 - Val Metric: 0.9265
Epoch 46/50 - Train Loss: 0.2964 - Train Metric: 0.9463
Epoch 46/50 - Val Metric: 0.9261
Epoch 47/50 - Train Loss: 0.2958 - Train Metric: 0.9466
Epoch 47/50 - Val Metric: 0.9266
Epoch 48/50 - Train Loss: 0.2955 - Train Metric: 0.9467
Epoch 48/50 - Val Metric: 0.9269
Epoch 49/50 - Train Loss: 0.2949 - Train Metric: 0.9470
Epoch 49/50 - Val Metric: 0.9268
Epoch 50/50 - Train Loss: 0.2940 - Train Metric: 0.9472
Epoch 50/50 - Val Metric: 0.9274
Best val: 0.9304, Best test: 0.9292
Training set has 10790 instances
Validation set has 1348 instances
Test set has 1350 instances
Epoch 1/50 - Train Loss: 0.7020 - Train Metric: 0.5001
Epoch 1/50 - Val Metric: 0.7893
Epoch 2/50 - Train Loss: 0.6938 - Train Metric: 0.5053
Epoch 2/50 - Val Metric: 0.8050
Epoch 3/50 - Train Loss: 0.6937 - Train Metric: 0.5022
Epoch 3/50 - Val Metric: 0.8115
Epoch 4/50 - Train Loss: 0.6934 - Train Metric: 0.5144
Epoch 4/50 - Val Metric: 0.8163
Epoch 5/50 - Train Loss: 0.6436 - Train Metric: 0.6774
Epoch 5/50 - Val Metric: 0.8610
Epoch 6/50 - Train Loss: 0.4958 - Train Metric: 0.8390
Epoch 6/50 - Val Metric: 0.8828
Epoch 7/50 - Train Loss: 0.4473 - Train Metric: 0.8724
Epoch 7/50 - Val Metric: 0.9003
Epoch 8/50 - Train Loss: 0.4248 - Train Metric: 0.8855
Epoch 8/50 - Val Metric: 0.9084
Epoch 9/50 - Train Loss: 0.4116 - Train Metric: 0.8922
Epoch 9/50 - Val Metric: 0.9127
Epoch 10/50 - Train Loss: 0.4025 - Train Metric: 0.8971
Epoch 10/50 - Val Metric: 0.9147
Epoch 11/50 - Train Loss: 0.3941 - Train Metric: 0.9009
Epoch 11/50 - Val Metric: 0.9168
Epoch 12/50 - Train Loss: 0.3906 - Train Metric: 0.9029
Epoch 12/50 - Val Metric: 0.9197
Epoch 13/50 - Train Loss: 0.3861 - Train Metric: 0.9054
Epoch 13/50 - Val Metric: 0.9216
Epoch 14/50 - Train Loss: 0.3787 - Train Metric: 0.9090
Epoch 14/50 - Val Metric: 0.9225
Epoch 15/50 - Train Loss: 0.3757 - Train Metric: 0.9105
Epoch 15/50 - Val Metric: 0.9262
Epoch 16/50 - Train Loss: 0.3677 - Train Metric: 0.9144
Epoch 16/50 - Val Metric: 0.9272
Epoch 17/50 - Train Loss: 0.3699 - Train Metric: 0.9136
Epoch 17/50 - Val Metric: 0.9286
Epoch 18/50 - Train Loss: 0.3586 - Train Metric: 0.9187
Epoch 18/50 - Val Metric: 0.9296
Epoch 19/50 - Train Loss: 0.3551 - Train Metric: 0.9204
Epoch 19/50 - Val Metric: 0.9312
Epoch 20/50 - Train Loss: 0.3535 - Train Metric: 0.9212
Epoch 20/50 - Val Metric: 0.9327
Epoch 21/50 - Train Loss: 0.3499 - Train Metric: 0.9229
Epoch 21/50 - Val Metric: 0.9334
Epoch 22/50 - Train Loss: 0.3508 - Train Metric: 0.9224
Epoch 22/50 - Val Metric: 0.9349
Epoch 23/50 - Train Loss: 0.3439 - Train Metric: 0.9257
Epoch 23/50 - Val Metric: 0.9334
Epoch 24/50 - Train Loss: 0.3435 - Train Metric: 0.9259
Epoch 24/50 - Val Metric: 0.9366
Epoch 25/50 - Train Loss: 0.3412 - Train Metric: 0.9267
Epoch 25/50 - Val Metric: 0.9379
Epoch 26/50 - Train Loss: 0.3375 - Train Metric: 0.9285
Epoch 26/50 - Val Metric: 0.9378
Epoch 27/50 - Train Loss: 0.3380 - Train Metric: 0.9285
Epoch 27/50 - Val Metric: 0.9392
Epoch 28/50 - Train Loss: 0.3345 - Train Metric: 0.9302
Epoch 28/50 - Val Metric: 0.9403
Epoch 29/50 - Train Loss: 0.3308 - Train Metric: 0.9316
Epoch 29/50 - Val Metric: 0.9411
Epoch 30/50 - Train Loss: 0.3286 - Train Metric: 0.9327
Epoch 30/50 - Val Metric: 0.9407
Epoch 31/50 - Train Loss: 0.3284 - Train Metric: 0.9327
Epoch 31/50 - Val Metric: 0.9414
Epoch 32/50 - Train Loss: 0.3271 - Train Metric: 0.9334
Epoch 32/50 - Val Metric: 0.9438
Epoch 33/50 - Train Loss: 0.3270 - Train Metric: 0.9335
Epoch 33/50 - Val Metric: 0.9425
Epoch 34/50 - Train Loss: 0.3250 - Train Metric: 0.9345
Epoch 34/50 - Val Metric: 0.9422
Epoch 35/50 - Train Loss: 0.3219 - Train Metric: 0.9357
Epoch 35/50 - Val Metric: 0.9441
Epoch 36/50 - Train Loss: 0.3211 - Train Metric: 0.9361
Epoch 36/50 - Val Metric: 0.9413
Epoch 37/50 - Train Loss: 0.3221 - Train Metric: 0.9357
Epoch 37/50 - Val Metric: 0.9429
Epoch 38/50 - Train Loss: 0.3219 - Train Metric: 0.9358
Epoch 38/50 - Val Metric: 0.9427
Epoch 39/50 - Train Loss: 0.3193 - Train Metric: 0.9369
Epoch 39/50 - Val Metric: 0.9440
Epoch 40/50 - Train Loss: 0.3178 - Train Metric: 0.9375
Epoch 40/50 - Val Metric: 0.9449
Epoch 41/50 - Train Loss: 0.3200 - Train Metric: 0.9366
Epoch 41/50 - Val Metric: 0.9446
Epoch 42/50 - Train Loss: 0.3191 - Train Metric: 0.9369
Epoch 42/50 - Val Metric: 0.9442
Epoch 43/50 - Train Loss: 0.3178 - Train Metric: 0.9375
Epoch 43/50 - Val Metric: 0.9457
Epoch 44/50 - Train Loss: 0.3159 - Train Metric: 0.9383
Epoch 44/50 - Val Metric: 0.9438
Epoch 45/50 - Train Loss: 0.3163 - Train Metric: 0.9382
Epoch 45/50 - Val Metric: 0.9458
Epoch 46/50 - Train Loss: 0.3143 - Train Metric: 0.9390
Epoch 46/50 - Val Metric: 0.9454
Epoch 47/50 - Train Loss: 0.3145 - Train Metric: 0.9389
Epoch 47/50 - Val Metric: 0.9461
Epoch 48/50 - Train Loss: 0.3142 - Train Metric: 0.9390
Epoch 48/50 - Val Metric: 0.9459
Epoch 49/50 - Train Loss: 0.3138 - Train Metric: 0.9392
Epoch 49/50 - Val Metric: 0.9464
Epoch 50/50 - Train Loss: 0.3143 - Train Metric: 0.9390
Epoch 50/50 - Val Metric: 0.9461
Best val: 0.9464, Best test: 0.9337
Training set has 10790 instances
Validation set has 1348 instances
Test set has 1350 instances
Epoch 1/50 - Train Loss: 0.6966 - Train Metric: 0.5080
Epoch 1/50 - Val Metric: 0.7883
Epoch 2/50 - Train Loss: 0.6958 - Train Metric: 0.5101
Epoch 2/50 - Val Metric: 0.7949
Epoch 3/50 - Train Loss: 0.6937 - Train Metric: 0.5015
Epoch 3/50 - Val Metric: 0.7944
Epoch 4/50 - Train Loss: 0.6938 - Train Metric: 0.5028
Epoch 4/50 - Val Metric: 0.8000
Epoch 5/50 - Train Loss: 0.6935 - Train Metric: 0.5135
Epoch 5/50 - Val Metric: 0.8007
Epoch 6/50 - Train Loss: 0.6960 - Train Metric: 0.5406
Epoch 6/50 - Val Metric: 0.7982
Epoch 7/50 - Train Loss: 0.6926 - Train Metric: 0.5334
Epoch 7/50 - Val Metric: 0.8019
Epoch 8/50 - Train Loss: 0.5592 - Train Metric: 0.7870
Epoch 8/50 - Val Metric: 0.8577
Epoch 9/50 - Train Loss: 0.4638 - Train Metric: 0.8612
Epoch 9/50 - Val Metric: 0.8811
Epoch 10/50 - Train Loss: 0.4248 - Train Metric: 0.8847
Epoch 10/50 - Val Metric: 0.8897
Epoch 11/50 - Train Loss: 0.4138 - Train Metric: 0.8903
Epoch 11/50 - Val Metric: 0.8942
Epoch 12/50 - Train Loss: 0.4053 - Train Metric: 0.8951
Epoch 12/50 - Val Metric: 0.8971
Epoch 13/50 - Train Loss: 0.4105 - Train Metric: 0.8923
Epoch 13/50 - Val Metric: 0.8985
Epoch 14/50 - Train Loss: 0.3945 - Train Metric: 0.9009
Epoch 14/50 - Val Metric: 0.9032
Epoch 15/50 - Train Loss: 0.3861 - Train Metric: 0.9052
Epoch 15/50 - Val Metric: 0.9059
Epoch 16/50 - Train Loss: 0.3813 - Train Metric: 0.9076
Epoch 16/50 - Val Metric: 0.9069
Epoch 17/50 - Train Loss: 0.3785 - Train Metric: 0.9091
Epoch 17/50 - Val Metric: 0.9079
Epoch 18/50 - Train Loss: 0.3738 - Train Metric: 0.9118
Epoch 18/50 - Val Metric: 0.9078
Epoch 19/50 - Train Loss: 0.3718 - Train Metric: 0.9129
Epoch 19/50 - Val Metric: 0.9107
Epoch 20/50 - Train Loss: 0.3730 - Train Metric: 0.9124
Epoch 20/50 - Val Metric: 0.9104
Epoch 21/50 - Train Loss: 0.3739 - Train Metric: 0.9127
Epoch 21/50 - Val Metric: 0.9124
Epoch 22/50 - Train Loss: 0.3640 - Train Metric: 0.9170
Epoch 22/50 - Val Metric: 0.9130
Epoch 23/50 - Train Loss: 0.3599 - Train Metric: 0.9193
Epoch 23/50 - Val Metric: 0.9125
Epoch 24/50 - Train Loss: 0.3612 - Train Metric: 0.9187
Epoch 24/50 - Val Metric: 0.9150
Epoch 25/50 - Train Loss: 0.3566 - Train Metric: 0.9205
Epoch 25/50 - Val Metric: 0.9153
Epoch 26/50 - Train Loss: 0.3500 - Train Metric: 0.9239
Epoch 26/50 - Val Metric: 0.9163
Epoch 27/50 - Train Loss: 0.3482 - Train Metric: 0.9248
Epoch 27/50 - Val Metric: 0.9154
Epoch 28/50 - Train Loss: 0.3463 - Train Metric: 0.9256
Epoch 28/50 - Val Metric: 0.9171
Epoch 29/50 - Train Loss: 0.3446 - Train Metric: 0.9263
Epoch 29/50 - Val Metric: 0.9170
Epoch 30/50 - Train Loss: 0.3418 - Train Metric: 0.9277
Epoch 30/50 - Val Metric: 0.9167
Epoch 31/50 - Train Loss: 0.3417 - Train Metric: 0.9276
Epoch 31/50 - Val Metric: 0.9172
Epoch 32/50 - Train Loss: 0.3397 - Train Metric: 0.9285
Epoch 32/50 - Val Metric: 0.9178
Epoch 33/50 - Train Loss: 0.3386 - Train Metric: 0.9290
Epoch 33/50 - Val Metric: 0.9175
Epoch 34/50 - Train Loss: 0.3372 - Train Metric: 0.9296
Epoch 34/50 - Val Metric: 0.9184
Epoch 35/50 - Train Loss: 0.3365 - Train Metric: 0.9300
Epoch 35/50 - Val Metric: 0.9191
Epoch 36/50 - Train Loss: 0.3348 - Train Metric: 0.9307
Epoch 36/50 - Val Metric: 0.9184
Epoch 37/50 - Train Loss: 0.3350 - Train Metric: 0.9305
Epoch 37/50 - Val Metric: 0.9191
Epoch 38/50 - Train Loss: 0.3338 - Train Metric: 0.9311
Epoch 38/50 - Val Metric: 0.9188
Epoch 39/50 - Train Loss: 0.3340 - Train Metric: 0.9309
Epoch 39/50 - Val Metric: 0.9179
Epoch 40/50 - Train Loss: 0.3342 - Train Metric: 0.9308
Epoch 40/50 - Val Metric: 0.9192
Epoch 41/50 - Train Loss: 0.3329 - Train Metric: 0.9315
Epoch 41/50 - Val Metric: 0.9184
Epoch 42/50 - Train Loss: 0.3323 - Train Metric: 0.9318
Epoch 42/50 - Val Metric: 0.9201
Epoch 43/50 - Train Loss: 0.3311 - Train Metric: 0.9323
Epoch 43/50 - Val Metric: 0.9194
Epoch 44/50 - Train Loss: 0.3320 - Train Metric: 0.9318
Epoch 44/50 - Val Metric: 0.9189
Epoch 45/50 - Train Loss: 0.3311 - Train Metric: 0.9323
Epoch 45/50 - Val Metric: 0.9196
Epoch 46/50 - Train Loss: 0.3299 - Train Metric: 0.9327
Epoch 46/50 - Val Metric: 0.9194
Epoch 47/50 - Train Loss: 0.3297 - Train Metric: 0.9328
Epoch 47/50 - Val Metric: 0.9204
Epoch 48/50 - Train Loss: 0.3300 - Train Metric: 0.9327
Epoch 48/50 - Val Metric: 0.9190
Epoch 49/50 - Train Loss: 0.3292 - Train Metric: 0.9330
Epoch 49/50 - Val Metric: 0.9206
Epoch 50/50 - Train Loss: 0.3294 - Train Metric: 0.9330
Epoch 50/50 - Val Metric: 0.9201
Best val: 0.9206, Best test: 0.9372
[0.93128777 0.92454004 0.9291622  0.93371838 0.93716919]
