Hyper-parameter search via Optuna
Namespace(task_type='binary_classification', scale='small', idx=11, epochs=50, num_trials=20, num_repeats=5, seed=0, exp_name='MemPerceiver_ens_l2', result_path='output/binary_classification/small/11/MemPerceiver_ens_l2.pt')
Device: cuda
Start building binary_classification dataset_small_11
Training set has 10790 instances
Validation set has 1348 instances
Test set has 1350 instances
Epoch 1/50 - Train Loss: 0.7083 - Train Metric: 0.5096
Epoch 1/50 - Val Metric: 0.7426
Epoch 2/50 - Train Loss: 0.7030 - Train Metric: 0.4973
Epoch 2/50 - Val Metric: 0.7577
Epoch 3/50 - Train Loss: 0.7015 - Train Metric: 0.4985
Epoch 3/50 - Val Metric: 0.7560
Epoch 4/50 - Train Loss: 0.6998 - Train Metric: 0.5015
Epoch 4/50 - Val Metric: 0.7571
Epoch 5/50 - Train Loss: 0.6964 - Train Metric: 0.5179
Epoch 5/50 - Val Metric: 0.7576
Epoch 6/50 - Train Loss: 0.6935 - Train Metric: 0.5313
Epoch 6/50 - Val Metric: 0.7600
Epoch 7/50 - Train Loss: 0.6414 - Train Metric: 0.6828
Epoch 7/50 - Val Metric: 0.7681
Epoch 8/50 - Train Loss: 0.5923 - Train Metric: 0.7503
Epoch 8/50 - Val Metric: 0.7828
Epoch 9/50 - Train Loss: 0.5707 - Train Metric: 0.7730
Epoch 9/50 - Val Metric: 0.7933
Epoch 10/50 - Train Loss: 0.5558 - Train Metric: 0.7873
Epoch 10/50 - Val Metric: 0.8075
Epoch 11/50 - Train Loss: 0.5489 - Train Metric: 0.7944
Epoch 11/50 - Val Metric: 0.8151
Epoch 12/50 - Train Loss: 0.5395 - Train Metric: 0.8027
Epoch 12/50 - Val Metric: 0.8274
Epoch 13/50 - Train Loss: 0.5339 - Train Metric: 0.8095
Epoch 13/50 - Val Metric: 0.8340
Epoch 14/50 - Train Loss: 0.5187 - Train Metric: 0.8208
Epoch 14/50 - Val Metric: 0.8405
Epoch 15/50 - Train Loss: 0.5135 - Train Metric: 0.8250
Epoch 15/50 - Val Metric: 0.8451
Epoch 16/50 - Train Loss: 0.5086 - Train Metric: 0.8286
Epoch 16/50 - Val Metric: 0.8496
Epoch 17/50 - Train Loss: 0.5011 - Train Metric: 0.8347
Epoch 17/50 - Val Metric: 0.8522
Epoch 18/50 - Train Loss: 0.4985 - Train Metric: 0.8370
Epoch 18/50 - Val Metric: 0.8545
Epoch 19/50 - Train Loss: 0.4932 - Train Metric: 0.8403
Epoch 19/50 - Val Metric: 0.8575
Epoch 20/50 - Train Loss: 0.4895 - Train Metric: 0.8420
Epoch 20/50 - Val Metric: 0.8588
Epoch 21/50 - Train Loss: 0.4856 - Train Metric: 0.8467
Epoch 21/50 - Val Metric: 0.8605
Epoch 22/50 - Train Loss: 0.4848 - Train Metric: 0.8457
Epoch 22/50 - Val Metric: 0.8626
Epoch 23/50 - Train Loss: 0.4841 - Train Metric: 0.8468
Epoch 23/50 - Val Metric: 0.8644
Epoch 24/50 - Train Loss: 0.4772 - Train Metric: 0.8524
Epoch 24/50 - Val Metric: 0.8661
Epoch 25/50 - Train Loss: 0.4743 - Train Metric: 0.8535
Epoch 25/50 - Val Metric: 0.8669
Epoch 26/50 - Train Loss: 0.4720 - Train Metric: 0.8556
Epoch 26/50 - Val Metric: 0.8684
Epoch 27/50 - Train Loss: 0.4694 - Train Metric: 0.8565
Epoch 27/50 - Val Metric: 0.8690
Epoch 28/50 - Train Loss: 0.4630 - Train Metric: 0.8608
Epoch 28/50 - Val Metric: 0.8705
Epoch 29/50 - Train Loss: 0.4695 - Train Metric: 0.8570
Epoch 29/50 - Val Metric: 0.8731
Epoch 30/50 - Train Loss: 0.4612 - Train Metric: 0.8621
Epoch 30/50 - Val Metric: 0.8732
Epoch 31/50 - Train Loss: 0.4585 - Train Metric: 0.8643
Epoch 31/50 - Val Metric: 0.8747
Epoch 32/50 - Train Loss: 0.4584 - Train Metric: 0.8644
Epoch 32/50 - Val Metric: 0.8757
Epoch 33/50 - Train Loss: 0.4598 - Train Metric: 0.8623
Epoch 33/50 - Val Metric: 0.8752
Epoch 34/50 - Train Loss: 0.4576 - Train Metric: 0.8643
Epoch 34/50 - Val Metric: 0.8774
Epoch 35/50 - Train Loss: 0.4548 - Train Metric: 0.8660
Epoch 35/50 - Val Metric: 0.8786
Epoch 36/50 - Train Loss: 0.4540 - Train Metric: 0.8667
Epoch 36/50 - Val Metric: 0.8784
Epoch 37/50 - Train Loss: 0.4551 - Train Metric: 0.8665
Epoch 37/50 - Val Metric: 0.8787
Epoch 38/50 - Train Loss: 0.4546 - Train Metric: 0.8661
Epoch 38/50 - Val Metric: 0.8793
Epoch 39/50 - Train Loss: 0.4524 - Train Metric: 0.8676
Epoch 39/50 - Val Metric: 0.8800
Epoch 40/50 - Train Loss: 0.4493 - Train Metric: 0.8692
Epoch 40/50 - Val Metric: 0.8805
Epoch 41/50 - Train Loss: 0.4483 - Train Metric: 0.8707
Epoch 41/50 - Val Metric: 0.8804
Epoch 42/50 - Train Loss: 0.4475 - Train Metric: 0.8702
Epoch 42/50 - Val Metric: 0.8808
Epoch 43/50 - Train Loss: 0.4460 - Train Metric: 0.8718
Epoch 43/50 - Val Metric: 0.8823
Epoch 44/50 - Train Loss: 0.4448 - Train Metric: 0.8731
Epoch 44/50 - Val Metric: 0.8820
Epoch 45/50 - Train Loss: 0.4487 - Train Metric: 0.8701
Epoch 45/50 - Val Metric: 0.8824
Epoch 46/50 - Train Loss: 0.4487 - Train Metric: 0.8697
Epoch 46/50 - Val Metric: 0.8827
Epoch 47/50 - Train Loss: 0.4455 - Train Metric: 0.8714
Epoch 47/50 - Val Metric: 0.8822
Epoch 48/50 - Train Loss: 0.4449 - Train Metric: 0.8725
Epoch 48/50 - Val Metric: 0.8821
Epoch 49/50 - Train Loss: 0.4445 - Train Metric: 0.8730
Epoch 49/50 - Val Metric: 0.8836
Epoch 50/50 - Train Loss: 0.4436 - Train Metric: 0.8730
Epoch 50/50 - Val Metric: 0.8841
Best val: 0.8841, Best test: 0.8890
Training set has 10790 instances
Validation set has 1348 instances
Test set has 1350 instances
Epoch 1/50 - Train Loss: 0.7057 - Train Metric: 0.4990
Epoch 1/50 - Val Metric: 0.8029
Epoch 2/50 - Train Loss: 0.6943 - Train Metric: 0.4924
Epoch 2/50 - Val Metric: 0.8005
Epoch 3/50 - Train Loss: 0.6944 - Train Metric: 0.5121
Epoch 3/50 - Val Metric: 0.7988
Epoch 4/50 - Train Loss: 0.6942 - Train Metric: 0.5001
Epoch 4/50 - Val Metric: 0.8001
Epoch 5/50 - Train Loss: 0.6666 - Train Metric: 0.6085
Epoch 5/50 - Val Metric: 0.8242
Epoch 6/50 - Train Loss: 0.5303 - Train Metric: 0.8122
Epoch 6/50 - Val Metric: 0.8704
Epoch 7/50 - Train Loss: 0.4666 - Train Metric: 0.8590
Epoch 7/50 - Val Metric: 0.8895
Epoch 8/50 - Train Loss: 0.4480 - Train Metric: 0.8703
Epoch 8/50 - Val Metric: 0.8972
Epoch 9/50 - Train Loss: 0.4349 - Train Metric: 0.8780
Epoch 9/50 - Val Metric: 0.9056
Epoch 10/50 - Train Loss: 0.4239 - Train Metric: 0.8844
Epoch 10/50 - Val Metric: 0.9049
Epoch 11/50 - Train Loss: 0.4232 - Train Metric: 0.8844
Epoch 11/50 - Val Metric: 0.9084
Epoch 12/50 - Train Loss: 0.4133 - Train Metric: 0.8898
Epoch 12/50 - Val Metric: 0.9156
Epoch 13/50 - Train Loss: 0.4069 - Train Metric: 0.8927
Epoch 13/50 - Val Metric: 0.9144
Epoch 14/50 - Train Loss: 0.4110 - Train Metric: 0.8906
Epoch 14/50 - Val Metric: 0.9144
Epoch 15/50 - Train Loss: 0.3983 - Train Metric: 0.8971
Epoch 15/50 - Val Metric: 0.9152
Epoch 16/50 - Train Loss: 0.4014 - Train Metric: 0.8963
Epoch 16/50 - Val Metric: 0.9141
Epoch 17/50 - Train Loss: 0.3934 - Train Metric: 0.9003
Epoch 17/50 - Val Metric: 0.9177
Epoch 18/50 - Train Loss: 0.3912 - Train Metric: 0.9014
Epoch 18/50 - Val Metric: 0.9157
Epoch 19/50 - Train Loss: 0.3913 - Train Metric: 0.9010
Epoch 19/50 - Val Metric: 0.9101
Epoch 20/50 - Train Loss: 0.3928 - Train Metric: 0.9004
Epoch 20/50 - Val Metric: 0.9190
Epoch 21/50 - Train Loss: 0.3863 - Train Metric: 0.9039
Epoch 21/50 - Val Metric: 0.9181
Epoch 22/50 - Train Loss: 0.3882 - Train Metric: 0.9028
Epoch 22/50 - Val Metric: 0.9178
Epoch 23/50 - Train Loss: 0.3866 - Train Metric: 0.9034
Epoch 23/50 - Val Metric: 0.9201
Epoch 24/50 - Train Loss: 0.3847 - Train Metric: 0.9042
Epoch 24/50 - Val Metric: 0.9197
Epoch 25/50 - Train Loss: 0.3823 - Train Metric: 0.9057
Epoch 25/50 - Val Metric: 0.9199
Epoch 26/50 - Train Loss: 0.3827 - Train Metric: 0.9056
Epoch 26/50 - Val Metric: 0.9194
Epoch 27/50 - Train Loss: 0.3833 - Train Metric: 0.9054
Epoch 27/50 - Val Metric: 0.9198
Epoch 28/50 - Train Loss: 0.3873 - Train Metric: 0.9035
Epoch 28/50 - Val Metric: 0.9195
Epoch 29/50 - Train Loss: 0.3798 - Train Metric: 0.9073
Epoch 29/50 - Val Metric: 0.9201
Epoch 30/50 - Train Loss: 0.3823 - Train Metric: 0.9058
Epoch 30/50 - Val Metric: 0.9169
Epoch 31/50 - Train Loss: 0.3820 - Train Metric: 0.9063
Epoch 31/50 - Val Metric: 0.9199
Epoch 32/50 - Train Loss: 0.3809 - Train Metric: 0.9070
Epoch 32/50 - Val Metric: 0.9207
Epoch 33/50 - Train Loss: 0.3810 - Train Metric: 0.9066
Epoch 33/50 - Val Metric: 0.9208
Epoch 34/50 - Train Loss: 0.3799 - Train Metric: 0.9074
Epoch 34/50 - Val Metric: 0.9202
Epoch 35/50 - Train Loss: 0.3768 - Train Metric: 0.9091
Epoch 35/50 - Val Metric: 0.9217
Epoch 36/50 - Train Loss: 0.3757 - Train Metric: 0.9094
Epoch 36/50 - Val Metric: 0.9212
Epoch 37/50 - Train Loss: 0.3768 - Train Metric: 0.9090
Epoch 37/50 - Val Metric: 0.9200
Epoch 38/50 - Train Loss: 0.3770 - Train Metric: 0.9087
Epoch 38/50 - Val Metric: 0.9209
Epoch 39/50 - Train Loss: 0.3766 - Train Metric: 0.9093
Epoch 39/50 - Val Metric: 0.9209
Epoch 40/50 - Train Loss: 0.3752 - Train Metric: 0.9099
Epoch 40/50 - Val Metric: 0.9211
Epoch 41/50 - Train Loss: 0.3761 - Train Metric: 0.9095
Epoch 41/50 - Val Metric: 0.9202
Epoch 42/50 - Train Loss: 0.3740 - Train Metric: 0.9106
Epoch 42/50 - Val Metric: 0.9230
Epoch 43/50 - Train Loss: 0.3746 - Train Metric: 0.9104
Epoch 43/50 - Val Metric: 0.9224
Epoch 44/50 - Train Loss: 0.3731 - Train Metric: 0.9111
Epoch 44/50 - Val Metric: 0.9207
Epoch 45/50 - Train Loss: 0.3727 - Train Metric: 0.9110
Epoch 45/50 - Val Metric: 0.9231
Epoch 46/50 - Train Loss: 0.3738 - Train Metric: 0.9104
Epoch 46/50 - Val Metric: 0.9232
Epoch 47/50 - Train Loss: 0.3718 - Train Metric: 0.9117
Epoch 47/50 - Val Metric: 0.9232
Epoch 48/50 - Train Loss: 0.3709 - Train Metric: 0.9121
Epoch 48/50 - Val Metric: 0.9221
Epoch 49/50 - Train Loss: 0.3710 - Train Metric: 0.9123
Epoch 49/50 - Val Metric: 0.9237
Epoch 50/50 - Train Loss: 0.3690 - Train Metric: 0.9132
Epoch 50/50 - Val Metric: 0.9230
Best val: 0.9237, Best test: 0.9164
Training set has 10790 instances
Validation set has 1348 instances
Test set has 1350 instances
Epoch 1/50 - Train Loss: 0.7019 - Train Metric: 0.4873
Epoch 1/50 - Val Metric: 0.8084
Epoch 2/50 - Train Loss: 0.6973 - Train Metric: 0.4971
Epoch 2/50 - Val Metric: 0.8093
Epoch 3/50 - Train Loss: 0.6934 - Train Metric: 0.5021
Epoch 3/50 - Val Metric: 0.8082
Epoch 4/50 - Train Loss: 0.6962 - Train Metric: 0.5103
Epoch 4/50 - Val Metric: 0.8097
Epoch 5/50 - Train Loss: 0.6922 - Train Metric: 0.5168
Epoch 5/50 - Val Metric: 0.8175
Epoch 6/50 - Train Loss: 0.6903 - Train Metric: 0.5387
Epoch 6/50 - Val Metric: 0.7972
Epoch 7/50 - Train Loss: 0.5529 - Train Metric: 0.7961
Epoch 7/50 - Val Metric: 0.8470
Epoch 8/50 - Train Loss: 0.4541 - Train Metric: 0.8660
Epoch 8/50 - Val Metric: 0.8739
Epoch 9/50 - Train Loss: 0.4098 - Train Metric: 0.8936
Epoch 9/50 - Val Metric: 0.8924
Epoch 10/50 - Train Loss: 0.3842 - Train Metric: 0.9082
Epoch 10/50 - Val Metric: 0.9091
Epoch 11/50 - Train Loss: 0.3799 - Train Metric: 0.9100
Epoch 11/50 - Val Metric: 0.9108
Epoch 12/50 - Train Loss: 0.3673 - Train Metric: 0.9160
Epoch 12/50 - Val Metric: 0.9135
Epoch 13/50 - Train Loss: 0.3573 - Train Metric: 0.9206
Epoch 13/50 - Val Metric: 0.9166
Epoch 14/50 - Train Loss: 0.3563 - Train Metric: 0.9213
Epoch 14/50 - Val Metric: 0.9071
Epoch 15/50 - Train Loss: 0.3555 - Train Metric: 0.9219
Epoch 15/50 - Val Metric: 0.9155
Epoch 16/50 - Train Loss: 0.3443 - Train Metric: 0.9265
Epoch 16/50 - Val Metric: 0.9149
Epoch 17/50 - Train Loss: 0.3397 - Train Metric: 0.9284
Epoch 17/50 - Val Metric: 0.9172
Epoch 18/50 - Train Loss: 0.3385 - Train Metric: 0.9292
Epoch 18/50 - Val Metric: 0.9210
Epoch 19/50 - Train Loss: 0.3274 - Train Metric: 0.9339
Epoch 19/50 - Val Metric: 0.9203
Epoch 20/50 - Train Loss: 0.3218 - Train Metric: 0.9361
Epoch 20/50 - Val Metric: 0.9229
Epoch 21/50 - Train Loss: 0.3194 - Train Metric: 0.9372
Epoch 21/50 - Val Metric: 0.9187
Epoch 22/50 - Train Loss: 0.3141 - Train Metric: 0.9392
Epoch 22/50 - Val Metric: 0.9247
Epoch 23/50 - Train Loss: 0.3110 - Train Metric: 0.9405
Epoch 23/50 - Val Metric: 0.9233
Epoch 24/50 - Train Loss: 0.3124 - Train Metric: 0.9400
Epoch 24/50 - Val Metric: 0.9198
Epoch 25/50 - Train Loss: 0.3105 - Train Metric: 0.9408
Epoch 25/50 - Val Metric: 0.9226
Epoch 26/50 - Train Loss: 0.3172 - Train Metric: 0.9382
Epoch 26/50 - Val Metric: 0.9227
Epoch 27/50 - Train Loss: 0.3057 - Train Metric: 0.9426
Epoch 27/50 - Val Metric: 0.9235
Epoch 28/50 - Train Loss: 0.3037 - Train Metric: 0.9434
Epoch 28/50 - Val Metric: 0.9229
Epoch 29/50 - Train Loss: 0.3030 - Train Metric: 0.9437
Epoch 29/50 - Val Metric: 0.9223
Epoch 30/50 - Train Loss: 0.3018 - Train Metric: 0.9441
Epoch 30/50 - Val Metric: 0.9265
Epoch 31/50 - Train Loss: 0.2997 - Train Metric: 0.9448
Epoch 31/50 - Val Metric: 0.9240
Epoch 32/50 - Train Loss: 0.2969 - Train Metric: 0.9460
Epoch 32/50 - Val Metric: 0.9202
Epoch 33/50 - Train Loss: 0.2973 - Train Metric: 0.9457
Epoch 33/50 - Val Metric: 0.9253
Epoch 34/50 - Train Loss: 0.2950 - Train Metric: 0.9466
Epoch 34/50 - Val Metric: 0.9247
Epoch 35/50 - Train Loss: 0.2960 - Train Metric: 0.9462
Epoch 35/50 - Val Metric: 0.9233
Epoch 36/50 - Train Loss: 0.2945 - Train Metric: 0.9468
Epoch 36/50 - Val Metric: 0.9215
Epoch 37/50 - Train Loss: 0.2922 - Train Metric: 0.9475
Epoch 37/50 - Val Metric: 0.9243
Epoch 38/50 - Train Loss: 0.2886 - Train Metric: 0.9489
Epoch 38/50 - Val Metric: 0.9226
Epoch 39/50 - Train Loss: 0.2902 - Train Metric: 0.9483
Epoch 39/50 - Val Metric: 0.9184
Epoch 40/50 - Train Loss: 0.2873 - Train Metric: 0.9493
Epoch 40/50 - Val Metric: 0.9215
Epoch 41/50 - Train Loss: 0.2860 - Train Metric: 0.9497
Epoch 41/50 - Val Metric: 0.9209
Epoch 42/50 - Train Loss: 0.2841 - Train Metric: 0.9505
Epoch 42/50 - Val Metric: 0.9216
Epoch 43/50 - Train Loss: 0.2803 - Train Metric: 0.9518
Epoch 43/50 - Val Metric: 0.9236
Epoch 44/50 - Train Loss: 0.2823 - Train Metric: 0.9512
Epoch 44/50 - Val Metric: 0.9235
Epoch 45/50 - Train Loss: 0.2797 - Train Metric: 0.9521
Epoch 45/50 - Val Metric: 0.9217
Epoch 46/50 - Train Loss: 0.2798 - Train Metric: 0.9519
Epoch 46/50 - Val Metric: 0.9197
Epoch 47/50 - Train Loss: 0.2768 - Train Metric: 0.9530
Epoch 47/50 - Val Metric: 0.9207
Epoch 48/50 - Train Loss: 0.2785 - Train Metric: 0.9524
Epoch 48/50 - Val Metric: 0.9166
Epoch 49/50 - Train Loss: 0.2760 - Train Metric: 0.9533
Epoch 49/50 - Val Metric: 0.9218
Epoch 50/50 - Train Loss: 0.2742 - Train Metric: 0.9539
Epoch 50/50 - Val Metric: 0.9202
Best val: 0.9265, Best test: 0.9419
Training set has 10790 instances
Validation set has 1348 instances
Test set has 1350 instances
Epoch 1/50 - Train Loss: 0.6825 - Train Metric: 0.5330
Epoch 1/50 - Val Metric: 0.7851
Epoch 2/50 - Train Loss: 0.5603 - Train Metric: 0.7861
Epoch 2/50 - Val Metric: 0.8513
Epoch 3/50 - Train Loss: 0.4917 - Train Metric: 0.8429
Epoch 3/50 - Val Metric: 0.8844
Epoch 4/50 - Train Loss: 0.4406 - Train Metric: 0.8752
Epoch 4/50 - Val Metric: 0.9032
Epoch 5/50 - Train Loss: 0.4278 - Train Metric: 0.8819
Epoch 5/50 - Val Metric: 0.9104
Epoch 6/50 - Train Loss: 0.4033 - Train Metric: 0.8950
Epoch 6/50 - Val Metric: 0.9183
Epoch 7/50 - Train Loss: 0.3985 - Train Metric: 0.8976
Epoch 7/50 - Val Metric: 0.9211
Epoch 8/50 - Train Loss: 0.3932 - Train Metric: 0.9004
Epoch 8/50 - Val Metric: 0.9205
Epoch 9/50 - Train Loss: 0.3883 - Train Metric: 0.9024
Epoch 9/50 - Val Metric: 0.9196
Epoch 10/50 - Train Loss: 0.3876 - Train Metric: 0.9038
Epoch 10/50 - Val Metric: 0.9243
Epoch 11/50 - Train Loss: 0.3798 - Train Metric: 0.9078
Epoch 11/50 - Val Metric: 0.9268
Epoch 12/50 - Train Loss: 0.3828 - Train Metric: 0.9065
Epoch 12/50 - Val Metric: 0.9301
Epoch 13/50 - Train Loss: 0.3793 - Train Metric: 0.9088
Epoch 13/50 - Val Metric: 0.9302
Epoch 14/50 - Train Loss: 0.3670 - Train Metric: 0.9152
Epoch 14/50 - Val Metric: 0.9323
Epoch 15/50 - Train Loss: 0.3660 - Train Metric: 0.9151
Epoch 15/50 - Val Metric: 0.9281
Epoch 16/50 - Train Loss: 0.3730 - Train Metric: 0.9116
Epoch 16/50 - Val Metric: 0.9335
Epoch 17/50 - Train Loss: 0.3567 - Train Metric: 0.9199
Epoch 17/50 - Val Metric: 0.9363
Epoch 18/50 - Train Loss: 0.3565 - Train Metric: 0.9202
Epoch 18/50 - Val Metric: 0.9327
Epoch 19/50 - Train Loss: 0.3520 - Train Metric: 0.9221
Epoch 19/50 - Val Metric: 0.9378
Epoch 20/50 - Train Loss: 0.3450 - Train Metric: 0.9254
Epoch 20/50 - Val Metric: 0.9372
Epoch 21/50 - Train Loss: 0.3462 - Train Metric: 0.9253
Epoch 21/50 - Val Metric: 0.9370
Epoch 22/50 - Train Loss: 0.3508 - Train Metric: 0.9232
Epoch 22/50 - Val Metric: 0.9342
Epoch 23/50 - Train Loss: 0.3445 - Train Metric: 0.9260
Epoch 23/50 - Val Metric: 0.9396
Epoch 24/50 - Train Loss: 0.3309 - Train Metric: 0.9320
Epoch 24/50 - Val Metric: 0.9382
Epoch 25/50 - Train Loss: 0.3293 - Train Metric: 0.9326
Epoch 25/50 - Val Metric: 0.9411
Epoch 26/50 - Train Loss: 0.3332 - Train Metric: 0.9307
Epoch 26/50 - Val Metric: 0.9418
Epoch 27/50 - Train Loss: 0.3286 - Train Metric: 0.9334
Epoch 27/50 - Val Metric: 0.9385
Epoch 28/50 - Train Loss: 0.3342 - Train Metric: 0.9310
Epoch 28/50 - Val Metric: 0.9393
Epoch 29/50 - Train Loss: 0.3258 - Train Metric: 0.9345
Epoch 29/50 - Val Metric: 0.9382
Epoch 30/50 - Train Loss: 0.3238 - Train Metric: 0.9352
Epoch 30/50 - Val Metric: 0.9397
Epoch 31/50 - Train Loss: 0.3177 - Train Metric: 0.9381
Epoch 31/50 - Val Metric: 0.9381
Epoch 32/50 - Train Loss: 0.3250 - Train Metric: 0.9346
Epoch 32/50 - Val Metric: 0.9399
Epoch 33/50 - Train Loss: 0.3206 - Train Metric: 0.9370
Epoch 33/50 - Val Metric: 0.9436
Epoch 34/50 - Train Loss: 0.3129 - Train Metric: 0.9400
Epoch 34/50 - Val Metric: 0.9409
Epoch 35/50 - Train Loss: 0.3217 - Train Metric: 0.9363
Epoch 35/50 - Val Metric: 0.9404
Epoch 36/50 - Train Loss: 0.3249 - Train Metric: 0.9349
Epoch 36/50 - Val Metric: 0.9424
Epoch 37/50 - Train Loss: 0.3093 - Train Metric: 0.9412
Epoch 37/50 - Val Metric: 0.9400
Epoch 38/50 - Train Loss: 0.3203 - Train Metric: 0.9369
Epoch 38/50 - Val Metric: 0.9426
Epoch 39/50 - Train Loss: 0.3083 - Train Metric: 0.9417
Epoch 39/50 - Val Metric: 0.9424
Epoch 40/50 - Train Loss: 0.3066 - Train Metric: 0.9423
Epoch 40/50 - Val Metric: 0.9440
Epoch 41/50 - Train Loss: 0.3065 - Train Metric: 0.9423
Epoch 41/50 - Val Metric: 0.9445
Epoch 42/50 - Train Loss: 0.3071 - Train Metric: 0.9421
Epoch 42/50 - Val Metric: 0.9404
Epoch 43/50 - Train Loss: 0.3148 - Train Metric: 0.9391
Epoch 43/50 - Val Metric: 0.9449
Epoch 44/50 - Train Loss: 0.3057 - Train Metric: 0.9425
Epoch 44/50 - Val Metric: 0.9445
Epoch 45/50 - Train Loss: 0.3047 - Train Metric: 0.9430
Epoch 45/50 - Val Metric: 0.9433
Epoch 46/50 - Train Loss: 0.2964 - Train Metric: 0.9460
Epoch 46/50 - Val Metric: 0.9422
Epoch 47/50 - Train Loss: 0.2971 - Train Metric: 0.9458
Epoch 47/50 - Val Metric: 0.9464
Epoch 48/50 - Train Loss: 0.2914 - Train Metric: 0.9478
Epoch 48/50 - Val Metric: 0.9466
Epoch 49/50 - Train Loss: 0.2938 - Train Metric: 0.9471
Epoch 49/50 - Val Metric: 0.9437
Epoch 50/50 - Train Loss: 0.2997 - Train Metric: 0.9449
Epoch 50/50 - Val Metric: 0.9443
Best val: 0.9466, Best test: 0.9397
Training set has 10790 instances
Validation set has 1348 instances
Test set has 1350 instances
Epoch 1/50 - Train Loss: 0.7251 - Train Metric: 0.5079
Epoch 1/50 - Val Metric: 0.7889
Epoch 2/50 - Train Loss: 0.6942 - Train Metric: 0.4965
Epoch 2/50 - Val Metric: 0.7952
Epoch 3/50 - Train Loss: 0.6942 - Train Metric: 0.5114
Epoch 3/50 - Val Metric: 0.7993
Epoch 4/50 - Train Loss: 0.6938 - Train Metric: 0.5135
Epoch 4/50 - Val Metric: 0.7965
Epoch 5/50 - Train Loss: 0.6931 - Train Metric: 0.5073
Epoch 5/50 - Val Metric: 0.7953
Epoch 6/50 - Train Loss: 0.6935 - Train Metric: 0.5200
Epoch 6/50 - Val Metric: 0.7941
Epoch 7/50 - Train Loss: 0.6916 - Train Metric: 0.5446
Epoch 7/50 - Val Metric: 0.7923
Epoch 8/50 - Train Loss: 0.6847 - Train Metric: 0.5660
Epoch 8/50 - Val Metric: 0.7914
Epoch 9/50 - Train Loss: 0.6202 - Train Metric: 0.7173
Epoch 9/50 - Val Metric: 0.8079
Epoch 10/50 - Train Loss: 0.5355 - Train Metric: 0.8086
Epoch 10/50 - Val Metric: 0.8326
Epoch 11/50 - Train Loss: 0.5001 - Train Metric: 0.8367
Epoch 11/50 - Val Metric: 0.8459
Epoch 12/50 - Train Loss: 0.4737 - Train Metric: 0.8544
Epoch 12/50 - Val Metric: 0.8546
Epoch 13/50 - Train Loss: 0.4590 - Train Metric: 0.8636
Epoch 13/50 - Val Metric: 0.8593
Epoch 14/50 - Train Loss: 0.4687 - Train Metric: 0.8580
Epoch 14/50 - Val Metric: 0.8618
Epoch 15/50 - Train Loss: 0.4451 - Train Metric: 0.8723
Epoch 15/50 - Val Metric: 0.8639
Epoch 16/50 - Train Loss: 0.4510 - Train Metric: 0.8685
Epoch 16/50 - Val Metric: 0.8663
Epoch 17/50 - Train Loss: 0.4373 - Train Metric: 0.8772
Epoch 17/50 - Val Metric: 0.8678
Epoch 18/50 - Train Loss: 0.4311 - Train Metric: 0.8810
Epoch 18/50 - Val Metric: 0.8691
Epoch 19/50 - Train Loss: 0.4294 - Train Metric: 0.8821
Epoch 19/50 - Val Metric: 0.8703
Epoch 20/50 - Train Loss: 0.4295 - Train Metric: 0.8820
Epoch 20/50 - Val Metric: 0.8718
Epoch 21/50 - Train Loss: 0.4297 - Train Metric: 0.8822
Epoch 21/50 - Val Metric: 0.8711
Epoch 22/50 - Train Loss: 0.4217 - Train Metric: 0.8867
Epoch 22/50 - Val Metric: 0.8719
Epoch 23/50 - Train Loss: 0.4228 - Train Metric: 0.8867
Epoch 23/50 - Val Metric: 0.8718
Epoch 24/50 - Train Loss: 0.4210 - Train Metric: 0.8871
Epoch 24/50 - Val Metric: 0.8700
Epoch 25/50 - Train Loss: 0.4214 - Train Metric: 0.8872
Epoch 25/50 - Val Metric: 0.8728
Epoch 26/50 - Train Loss: 0.4160 - Train Metric: 0.8903
Epoch 26/50 - Val Metric: 0.8732
Epoch 27/50 - Train Loss: 0.4187 - Train Metric: 0.8889
Epoch 27/50 - Val Metric: 0.8728
Epoch 28/50 - Train Loss: 0.4174 - Train Metric: 0.8898
Epoch 28/50 - Val Metric: 0.8742
Epoch 29/50 - Train Loss: 0.4140 - Train Metric: 0.8921
Epoch 29/50 - Val Metric: 0.8738
Epoch 30/50 - Train Loss: 0.4159 - Train Metric: 0.8907
Epoch 30/50 - Val Metric: 0.8743
Epoch 31/50 - Train Loss: 0.4174 - Train Metric: 0.8898
Epoch 31/50 - Val Metric: 0.8749
Epoch 32/50 - Train Loss: 0.4124 - Train Metric: 0.8927
Epoch 32/50 - Val Metric: 0.8746
Epoch 33/50 - Train Loss: 0.4119 - Train Metric: 0.8928
Epoch 33/50 - Val Metric: 0.8747
Epoch 34/50 - Train Loss: 0.4111 - Train Metric: 0.8930
Epoch 34/50 - Val Metric: 0.8748
Epoch 35/50 - Train Loss: 0.4121 - Train Metric: 0.8926
Epoch 35/50 - Val Metric: 0.8743
Epoch 36/50 - Train Loss: 0.4115 - Train Metric: 0.8934
Epoch 36/50 - Val Metric: 0.8745
Epoch 37/50 - Train Loss: 0.4124 - Train Metric: 0.8926
Epoch 37/50 - Val Metric: 0.8748
Epoch 38/50 - Train Loss: 0.4114 - Train Metric: 0.8931
Epoch 38/50 - Val Metric: 0.8748
Epoch 39/50 - Train Loss: 0.4100 - Train Metric: 0.8938
Epoch 39/50 - Val Metric: 0.8754
Epoch 40/50 - Train Loss: 0.4086 - Train Metric: 0.8946
Epoch 40/50 - Val Metric: 0.8751
Epoch 41/50 - Train Loss: 0.4098 - Train Metric: 0.8939
Epoch 41/50 - Val Metric: 0.8757
Epoch 42/50 - Train Loss: 0.4086 - Train Metric: 0.8943
Epoch 42/50 - Val Metric: 0.8749
Epoch 43/50 - Train Loss: 0.4084 - Train Metric: 0.8946
Epoch 43/50 - Val Metric: 0.8752
Epoch 44/50 - Train Loss: 0.4086 - Train Metric: 0.8945
Epoch 44/50 - Val Metric: 0.8758
Epoch 45/50 - Train Loss: 0.4083 - Train Metric: 0.8946
Epoch 45/50 - Val Metric: 0.8758
Epoch 46/50 - Train Loss: 0.4076 - Train Metric: 0.8950
Epoch 46/50 - Val Metric: 0.8752
Epoch 47/50 - Train Loss: 0.4080 - Train Metric: 0.8947
Epoch 47/50 - Val Metric: 0.8754
Epoch 48/50 - Train Loss: 0.4080 - Train Metric: 0.8948
Epoch 48/50 - Val Metric: 0.8755
Epoch 49/50 - Train Loss: 0.4084 - Train Metric: 0.8946
Epoch 49/50 - Val Metric: 0.8759
Epoch 50/50 - Train Loss: 0.4080 - Train Metric: 0.8947
Epoch 50/50 - Val Metric: 0.8757
Best val: 0.8759, Best test: 0.8877
Training set has 10790 instances
Validation set has 1348 instances
Test set has 1350 instances
Epoch 1/50 - Train Loss: 0.7050 - Train Metric: 0.4998
Epoch 1/50 - Val Metric: 0.8140
Epoch 2/50 - Train Loss: 0.6943 - Train Metric: 0.5072
Epoch 2/50 - Val Metric: 0.7881
Epoch 3/50 - Train Loss: 0.6952 - Train Metric: 0.5025
Epoch 3/50 - Val Metric: 0.7786
Epoch 4/50 - Train Loss: 0.6938 - Train Metric: 0.5039
Epoch 4/50 - Val Metric: 0.7719
Training set has 10790 instances
Validation set has 1348 instances
Test set has 1350 instances
Training set has 10790 instances
Validation set has 1348 instances
Test set has 1350 instances
Epoch 1/50 - Train Loss: 0.6987 - Train Metric: 0.5027
Epoch 1/50 - Val Metric: 0.7889
Training set has 10790 instances
Validation set has 1348 instances
Test set has 1350 instances
Training set has 10790 instances
Validation set has 1348 instances
Test set has 1350 instances
Epoch 1/50 - Train Loss: 0.6968 - Train Metric: 0.4988
Epoch 1/50 - Val Metric: 0.7972
Epoch 2/50 - Train Loss: 0.6962 - Train Metric: 0.4927
Epoch 2/50 - Val Metric: 0.8093
Epoch 3/50 - Train Loss: 0.6881 - Train Metric: 0.5488
Epoch 3/50 - Val Metric: 0.8041
Epoch 4/50 - Train Loss: 0.6080 - Train Metric: 0.7325
Epoch 4/50 - Val Metric: 0.8312
Epoch 5/50 - Train Loss: 0.5437 - Train Metric: 0.8006
Epoch 5/50 - Val Metric: 0.8570
Epoch 6/50 - Train Loss: 0.5043 - Train Metric: 0.8329
Epoch 6/50 - Val Metric: 0.8742
Epoch 7/50 - Train Loss: 0.4873 - Train Metric: 0.8449
Epoch 7/50 - Val Metric: 0.8798
Epoch 8/50 - Train Loss: 0.4678 - Train Metric: 0.8581
Epoch 8/50 - Val Metric: 0.8823
Training set has 10790 instances
Validation set has 1348 instances
Test set has 1350 instances
Training set has 10790 instances
Validation set has 1348 instances
Test set has 1350 instances
Training set has 10790 instances
Validation set has 1348 instances
Test set has 1350 instances
Epoch 1/50 - Train Loss: 0.7191 - Train Metric: 0.5014
Epoch 1/50 - Val Metric: 0.7954
Training set has 10790 instances
Validation set has 1348 instances
Test set has 1350 instances
Training set has 10790 instances
Validation set has 1348 instances
Test set has 1350 instances
Training set has 10790 instances
Validation set has 1348 instances
Test set has 1350 instances
Epoch 1/50 - Train Loss: 0.7204 - Train Metric: 0.4956
Epoch 1/50 - Val Metric: 0.8022
Epoch 2/50 - Train Loss: 0.6944 - Train Metric: 0.5007
Epoch 2/50 - Val Metric: 0.8047
Epoch 3/50 - Train Loss: 0.6940 - Train Metric: 0.5135
Epoch 3/50 - Val Metric: 0.8095
Epoch 4/50 - Train Loss: 0.6947 - Train Metric: 0.5096
Epoch 4/50 - Val Metric: 0.8064
Training set has 10790 instances
Validation set has 1348 instances
Test set has 1350 instances
Training set has 10790 instances
Validation set has 1348 instances
Test set has 1350 instances
Training set has 10790 instances
Validation set has 1348 instances
Test set has 1350 instances
Epoch 1/50 - Train Loss: 0.6749 - Train Metric: 0.5725
Epoch 1/50 - Val Metric: 0.8061
Epoch 2/50 - Train Loss: 0.5077 - Train Metric: 0.8312
Epoch 2/50 - Val Metric: 0.8815
Epoch 3/50 - Train Loss: 0.4356 - Train Metric: 0.8788
Epoch 3/50 - Val Metric: 0.8939
Epoch 4/50 - Train Loss: 0.4052 - Train Metric: 0.8943
Epoch 4/50 - Val Metric: 0.8947
Epoch 5/50 - Train Loss: 0.3944 - Train Metric: 0.9005
Epoch 5/50 - Val Metric: 0.9003
Epoch 6/50 - Train Loss: 0.3827 - Train Metric: 0.9070
Epoch 6/50 - Val Metric: 0.9050
Epoch 7/50 - Train Loss: 0.3748 - Train Metric: 0.9106
Epoch 7/50 - Val Metric: 0.9046
Epoch 8/50 - Train Loss: 0.3806 - Train Metric: 0.9082
Epoch 8/50 - Val Metric: 0.9096
Epoch 9/50 - Train Loss: 0.3684 - Train Metric: 0.9138
Epoch 9/50 - Val Metric: 0.9144
Epoch 10/50 - Train Loss: 0.3603 - Train Metric: 0.9178
Epoch 10/50 - Val Metric: 0.9163
Epoch 11/50 - Train Loss: 0.3581 - Train Metric: 0.9188
Epoch 11/50 - Val Metric: 0.9160
Epoch 12/50 - Train Loss: 0.3567 - Train Metric: 0.9200
Epoch 12/50 - Val Metric: 0.9207
Epoch 13/50 - Train Loss: 0.3505 - Train Metric: 0.9225
Epoch 13/50 - Val Metric: 0.9196
Epoch 14/50 - Train Loss: 0.3597 - Train Metric: 0.9188
Epoch 14/50 - Val Metric: 0.9137
Epoch 15/50 - Train Loss: 0.3524 - Train Metric: 0.9221
Epoch 15/50 - Val Metric: 0.9227
Epoch 16/50 - Train Loss: 0.3426 - Train Metric: 0.9263
Epoch 16/50 - Val Metric: 0.9241
Epoch 17/50 - Train Loss: 0.3399 - Train Metric: 0.9276
Epoch 17/50 - Val Metric: 0.9238
Epoch 18/50 - Train Loss: 0.3374 - Train Metric: 0.9287
Epoch 18/50 - Val Metric: 0.9222
Epoch 19/50 - Train Loss: 0.3382 - Train Metric: 0.9284
Epoch 19/50 - Val Metric: 0.9271
Epoch 20/50 - Train Loss: 0.3365 - Train Metric: 0.9294
Epoch 20/50 - Val Metric: 0.9265
Epoch 21/50 - Train Loss: 0.3409 - Train Metric: 0.9275
Epoch 21/50 - Val Metric: 0.9285
Epoch 22/50 - Train Loss: 0.3305 - Train Metric: 0.9322
Epoch 22/50 - Val Metric: 0.9284
Epoch 23/50 - Train Loss: 0.3280 - Train Metric: 0.9333
Epoch 23/50 - Val Metric: 0.9289
Epoch 24/50 - Train Loss: 0.3274 - Train Metric: 0.9337
Epoch 24/50 - Val Metric: 0.9311
Epoch 25/50 - Train Loss: 0.3221 - Train Metric: 0.9360
Epoch 25/50 - Val Metric: 0.9297
Epoch 26/50 - Train Loss: 0.3242 - Train Metric: 0.9351
Epoch 26/50 - Val Metric: 0.9344
Epoch 27/50 - Train Loss: 0.3182 - Train Metric: 0.9375
Epoch 27/50 - Val Metric: 0.9334
Epoch 28/50 - Train Loss: 0.3150 - Train Metric: 0.9388
Epoch 28/50 - Val Metric: 0.9333
Epoch 29/50 - Train Loss: 0.3146 - Train Metric: 0.9390
Epoch 29/50 - Val Metric: 0.9345
Epoch 30/50 - Train Loss: 0.3150 - Train Metric: 0.9387
Epoch 30/50 - Val Metric: 0.9338
Epoch 31/50 - Train Loss: 0.3176 - Train Metric: 0.9379
Epoch 31/50 - Val Metric: 0.9331
Epoch 32/50 - Train Loss: 0.3151 - Train Metric: 0.9391
Epoch 32/50 - Val Metric: 0.9363
Epoch 33/50 - Train Loss: 0.3078 - Train Metric: 0.9418
Epoch 33/50 - Val Metric: 0.9368
Epoch 34/50 - Train Loss: 0.3062 - Train Metric: 0.9425
Epoch 34/50 - Val Metric: 0.9389
Epoch 35/50 - Train Loss: 0.3034 - Train Metric: 0.9435
Epoch 35/50 - Val Metric: 0.9390
Epoch 36/50 - Train Loss: 0.3061 - Train Metric: 0.9423
Epoch 36/50 - Val Metric: 0.9383
Epoch 37/50 - Train Loss: 0.3020 - Train Metric: 0.9440
Epoch 37/50 - Val Metric: 0.9390
Epoch 38/50 - Train Loss: 0.2995 - Train Metric: 0.9449
Epoch 38/50 - Val Metric: 0.9408
Epoch 39/50 - Train Loss: 0.3075 - Train Metric: 0.9418
Epoch 39/50 - Val Metric: 0.9387
Epoch 40/50 - Train Loss: 0.3015 - Train Metric: 0.9441
Epoch 40/50 - Val Metric: 0.9436
Epoch 41/50 - Train Loss: 0.2890 - Train Metric: 0.9487
Epoch 41/50 - Val Metric: 0.9441
Epoch 42/50 - Train Loss: 0.2898 - Train Metric: 0.9485
Epoch 42/50 - Val Metric: 0.9459
Epoch 43/50 - Train Loss: 0.2926 - Train Metric: 0.9475
Epoch 43/50 - Val Metric: 0.9454
Epoch 44/50 - Train Loss: 0.2917 - Train Metric: 0.9479
Epoch 44/50 - Val Metric: 0.9417
Epoch 45/50 - Train Loss: 0.2913 - Train Metric: 0.9479
Epoch 45/50 - Val Metric: 0.9442
Epoch 46/50 - Train Loss: 0.2875 - Train Metric: 0.9494
Epoch 46/50 - Val Metric: 0.9414
Epoch 47/50 - Train Loss: 0.2907 - Train Metric: 0.9482
Epoch 47/50 - Val Metric: 0.9445
Epoch 48/50 - Train Loss: 0.2857 - Train Metric: 0.9499
Epoch 48/50 - Val Metric: 0.9453
Epoch 49/50 - Train Loss: 0.2874 - Train Metric: 0.9493
Epoch 49/50 - Val Metric: 0.9455
Epoch 50/50 - Train Loss: 0.2840 - Train Metric: 0.9507
Epoch 50/50 - Val Metric: 0.9425
Best val: 0.9459, Best test: 0.9392
Training set has 10790 instances
Validation set has 1348 instances
Test set has 1350 instances
Hyper-parameter search done. Found the best config.
Repeat experiments 5 times with the best train config {'batch_size': 256, 'gamma_rate': 1.0, 'base_lr': 0.001} and model config {'num_heads': 4, 'num_layers': 8, 'num_latents': 32, 'hidden_dim': 32, 'mlp_ratio': 0.25, 'dropout_prob': 0, 'top_k': 1}.
Training set has 10790 instances
Validation set has 1348 instances
Test set has 1350 instances
Epoch 1/50 - Train Loss: 0.6980 - Train Metric: 0.5130
Epoch 1/50 - Val Metric: 0.7699
Epoch 2/50 - Train Loss: 0.6700 - Train Metric: 0.6071
Epoch 2/50 - Val Metric: 0.7954
Epoch 3/50 - Train Loss: 0.5653 - Train Metric: 0.7804
Epoch 3/50 - Val Metric: 0.8488
Epoch 4/50 - Train Loss: 0.4958 - Train Metric: 0.8379
Epoch 4/50 - Val Metric: 0.8717
Epoch 5/50 - Train Loss: 0.4301 - Train Metric: 0.8815
Epoch 5/50 - Val Metric: 0.8993
Epoch 6/50 - Train Loss: 0.4303 - Train Metric: 0.8813
Epoch 6/50 - Val Metric: 0.9041
Epoch 7/50 - Train Loss: 0.4067 - Train Metric: 0.8942
Epoch 7/50 - Val Metric: 0.9115
Epoch 8/50 - Train Loss: 0.3916 - Train Metric: 0.9025
Epoch 8/50 - Val Metric: 0.9154
Epoch 9/50 - Train Loss: 0.3850 - Train Metric: 0.9056
Epoch 9/50 - Val Metric: 0.9169
Epoch 10/50 - Train Loss: 0.3816 - Train Metric: 0.9076
Epoch 10/50 - Val Metric: 0.9211
Epoch 11/50 - Train Loss: 0.3823 - Train Metric: 0.9072
Epoch 11/50 - Val Metric: 0.9215
Epoch 12/50 - Train Loss: 0.3785 - Train Metric: 0.9092
Epoch 12/50 - Val Metric: 0.9232
Epoch 13/50 - Train Loss: 0.3835 - Train Metric: 0.9069
Epoch 13/50 - Val Metric: 0.9265
Epoch 14/50 - Train Loss: 0.3813 - Train Metric: 0.9081
Epoch 14/50 - Val Metric: 0.9273
Epoch 15/50 - Train Loss: 0.3689 - Train Metric: 0.9142
Epoch 15/50 - Val Metric: 0.9250
Epoch 16/50 - Train Loss: 0.3665 - Train Metric: 0.9155
Epoch 16/50 - Val Metric: 0.9323
Epoch 17/50 - Train Loss: 0.3588 - Train Metric: 0.9193
Epoch 17/50 - Val Metric: 0.9322
Epoch 18/50 - Train Loss: 0.3599 - Train Metric: 0.9188
Epoch 18/50 - Val Metric: 0.9304
Epoch 19/50 - Train Loss: 0.3629 - Train Metric: 0.9175
Epoch 19/50 - Val Metric: 0.9305
Epoch 20/50 - Train Loss: 0.3582 - Train Metric: 0.9202
Epoch 20/50 - Val Metric: 0.9349
Epoch 21/50 - Train Loss: 0.3485 - Train Metric: 0.9246
Epoch 21/50 - Val Metric: 0.9366
Epoch 22/50 - Train Loss: 0.3462 - Train Metric: 0.9255
Epoch 22/50 - Val Metric: 0.9381
Epoch 23/50 - Train Loss: 0.3462 - Train Metric: 0.9257
Epoch 23/50 - Val Metric: 0.9393
Epoch 24/50 - Train Loss: 0.3475 - Train Metric: 0.9251
Epoch 24/50 - Val Metric: 0.9361
Epoch 25/50 - Train Loss: 0.3473 - Train Metric: 0.9251
Epoch 25/50 - Val Metric: 0.9396
Epoch 26/50 - Train Loss: 0.3369 - Train Metric: 0.9297
Epoch 26/50 - Val Metric: 0.9408
Epoch 27/50 - Train Loss: 0.3452 - Train Metric: 0.9259
Epoch 27/50 - Val Metric: 0.9407
Epoch 28/50 - Train Loss: 0.3401 - Train Metric: 0.9283
Epoch 28/50 - Val Metric: 0.9422
Epoch 29/50 - Train Loss: 0.3359 - Train Metric: 0.9304
Epoch 29/50 - Val Metric: 0.9384
Epoch 30/50 - Train Loss: 0.3346 - Train Metric: 0.9309
Epoch 30/50 - Val Metric: 0.9424
Epoch 31/50 - Train Loss: 0.3402 - Train Metric: 0.9284
Epoch 31/50 - Val Metric: 0.9409
Epoch 32/50 - Train Loss: 0.3274 - Train Metric: 0.9339
Epoch 32/50 - Val Metric: 0.9435
Epoch 33/50 - Train Loss: 0.3306 - Train Metric: 0.9328
Epoch 33/50 - Val Metric: 0.9452
Epoch 34/50 - Train Loss: 0.3353 - Train Metric: 0.9304
Epoch 34/50 - Val Metric: 0.9443
Epoch 35/50 - Train Loss: 0.3231 - Train Metric: 0.9356
Epoch 35/50 - Val Metric: 0.9406
Epoch 36/50 - Train Loss: 0.3222 - Train Metric: 0.9361
Epoch 36/50 - Val Metric: 0.9434
Epoch 37/50 - Train Loss: 0.3213 - Train Metric: 0.9361
Epoch 37/50 - Val Metric: 0.9426
Epoch 38/50 - Train Loss: 0.3231 - Train Metric: 0.9355
Epoch 38/50 - Val Metric: 0.9467
Epoch 39/50 - Train Loss: 0.3255 - Train Metric: 0.9348
Epoch 39/50 - Val Metric: 0.9403
Epoch 40/50 - Train Loss: 0.3353 - Train Metric: 0.9304
Epoch 40/50 - Val Metric: 0.9474
Epoch 41/50 - Train Loss: 0.3175 - Train Metric: 0.9378
Epoch 41/50 - Val Metric: 0.9463
Epoch 42/50 - Train Loss: 0.3157 - Train Metric: 0.9388
Epoch 42/50 - Val Metric: 0.9467
Epoch 43/50 - Train Loss: 0.3101 - Train Metric: 0.9409
Epoch 43/50 - Val Metric: 0.9501
Epoch 44/50 - Train Loss: 0.3097 - Train Metric: 0.9412
Epoch 44/50 - Val Metric: 0.9446
Epoch 45/50 - Train Loss: 0.3122 - Train Metric: 0.9401
Epoch 45/50 - Val Metric: 0.9467
Epoch 46/50 - Train Loss: 0.3132 - Train Metric: 0.9397
Epoch 46/50 - Val Metric: 0.9418
Epoch 47/50 - Train Loss: 0.3127 - Train Metric: 0.9399
Epoch 47/50 - Val Metric: 0.9497
Epoch 48/50 - Train Loss: 0.2979 - Train Metric: 0.9457
Epoch 48/50 - Val Metric: 0.9483
Epoch 49/50 - Train Loss: 0.3021 - Train Metric: 0.9440
Epoch 49/50 - Val Metric: 0.9454
Epoch 50/50 - Train Loss: 0.3103 - Train Metric: 0.9409
Epoch 50/50 - Val Metric: 0.9507
Best val: 0.9507, Best test: 0.9530
Training set has 10790 instances
Validation set has 1348 instances
Test set has 1350 instances
Epoch 1/50 - Train Loss: 0.6947 - Train Metric: 0.5100
Epoch 1/50 - Val Metric: 0.7878
Epoch 2/50 - Train Loss: 0.6761 - Train Metric: 0.5669
Epoch 2/50 - Val Metric: 0.8124
Epoch 3/50 - Train Loss: 0.5335 - Train Metric: 0.8094
Epoch 3/50 - Val Metric: 0.8659
Epoch 4/50 - Train Loss: 0.4567 - Train Metric: 0.8644
Epoch 4/50 - Val Metric: 0.8836
Epoch 5/50 - Train Loss: 0.4252 - Train Metric: 0.8842
Epoch 5/50 - Val Metric: 0.8973
Epoch 6/50 - Train Loss: 0.4151 - Train Metric: 0.8892
Epoch 6/50 - Val Metric: 0.9040
Epoch 7/50 - Train Loss: 0.3990 - Train Metric: 0.8983
Epoch 7/50 - Val Metric: 0.9112
Epoch 8/50 - Train Loss: 0.3930 - Train Metric: 0.9018
Epoch 8/50 - Val Metric: 0.9141
Epoch 9/50 - Train Loss: 0.3811 - Train Metric: 0.9081
Epoch 9/50 - Val Metric: 0.9176
Epoch 10/50 - Train Loss: 0.3716 - Train Metric: 0.9130
Epoch 10/50 - Val Metric: 0.9177
Epoch 11/50 - Train Loss: 0.3638 - Train Metric: 0.9177
Epoch 11/50 - Val Metric: 0.9243
Epoch 12/50 - Train Loss: 0.3533 - Train Metric: 0.9224
Epoch 12/50 - Val Metric: 0.9230
Epoch 13/50 - Train Loss: 0.3525 - Train Metric: 0.9231
Epoch 13/50 - Val Metric: 0.9262
Epoch 14/50 - Train Loss: 0.3517 - Train Metric: 0.9232
Epoch 14/50 - Val Metric: 0.9264
Epoch 15/50 - Train Loss: 0.3401 - Train Metric: 0.9284
Epoch 15/50 - Val Metric: 0.9290
Epoch 16/50 - Train Loss: 0.3442 - Train Metric: 0.9269
Epoch 16/50 - Val Metric: 0.9292
Epoch 17/50 - Train Loss: 0.3286 - Train Metric: 0.9337
Epoch 17/50 - Val Metric: 0.9298
Epoch 18/50 - Train Loss: 0.3298 - Train Metric: 0.9330
Epoch 18/50 - Val Metric: 0.9307
Epoch 19/50 - Train Loss: 0.3331 - Train Metric: 0.9317
Epoch 19/50 - Val Metric: 0.9303
Epoch 20/50 - Train Loss: 0.3253 - Train Metric: 0.9351
Epoch 20/50 - Val Metric: 0.9269
Epoch 21/50 - Train Loss: 0.3240 - Train Metric: 0.9355
Epoch 21/50 - Val Metric: 0.9319
Epoch 22/50 - Train Loss: 0.3243 - Train Metric: 0.9351
Epoch 22/50 - Val Metric: 0.9318
Epoch 23/50 - Train Loss: 0.3246 - Train Metric: 0.9349
Epoch 23/50 - Val Metric: 0.9329
Epoch 24/50 - Train Loss: 0.3270 - Train Metric: 0.9341
Epoch 24/50 - Val Metric: 0.9321
Epoch 25/50 - Train Loss: 0.3215 - Train Metric: 0.9365
Epoch 25/50 - Val Metric: 0.9319
Epoch 26/50 - Train Loss: 0.3227 - Train Metric: 0.9355
Epoch 26/50 - Val Metric: 0.9329
Epoch 27/50 - Train Loss: 0.3159 - Train Metric: 0.9387
Epoch 27/50 - Val Metric: 0.9359
Epoch 28/50 - Train Loss: 0.3089 - Train Metric: 0.9414
Epoch 28/50 - Val Metric: 0.9358
Epoch 29/50 - Train Loss: 0.3135 - Train Metric: 0.9397
Epoch 29/50 - Val Metric: 0.9334
Epoch 30/50 - Train Loss: 0.3189 - Train Metric: 0.9375
Epoch 30/50 - Val Metric: 0.9348
Epoch 31/50 - Train Loss: 0.3124 - Train Metric: 0.9400
Epoch 31/50 - Val Metric: 0.9329
Epoch 32/50 - Train Loss: 0.3135 - Train Metric: 0.9394
Epoch 32/50 - Val Metric: 0.9358
Epoch 33/50 - Train Loss: 0.3072 - Train Metric: 0.9422
Epoch 33/50 - Val Metric: 0.9343
Epoch 34/50 - Train Loss: 0.3094 - Train Metric: 0.9412
Epoch 34/50 - Val Metric: 0.9377
Epoch 35/50 - Train Loss: 0.3019 - Train Metric: 0.9442
Epoch 35/50 - Val Metric: 0.9364
Epoch 36/50 - Train Loss: 0.2988 - Train Metric: 0.9454
Epoch 36/50 - Val Metric: 0.9385
Epoch 37/50 - Train Loss: 0.2974 - Train Metric: 0.9458
Epoch 37/50 - Val Metric: 0.9376
Epoch 38/50 - Train Loss: 0.3003 - Train Metric: 0.9449
Epoch 38/50 - Val Metric: 0.9364
Epoch 39/50 - Train Loss: 0.2968 - Train Metric: 0.9461
Epoch 39/50 - Val Metric: 0.9386
Epoch 40/50 - Train Loss: 0.2996 - Train Metric: 0.9450
Epoch 40/50 - Val Metric: 0.9385
Epoch 41/50 - Train Loss: 0.3033 - Train Metric: 0.9436
Epoch 41/50 - Val Metric: 0.9393
Epoch 42/50 - Train Loss: 0.2938 - Train Metric: 0.9472
Epoch 42/50 - Val Metric: 0.9379
Epoch 43/50 - Train Loss: 0.2989 - Train Metric: 0.9453
Epoch 43/50 - Val Metric: 0.9379
Epoch 44/50 - Train Loss: 0.2986 - Train Metric: 0.9454
Epoch 44/50 - Val Metric: 0.9414
Epoch 45/50 - Train Loss: 0.2931 - Train Metric: 0.9474
Epoch 45/50 - Val Metric: 0.9377
Epoch 46/50 - Train Loss: 0.2956 - Train Metric: 0.9465
Epoch 46/50 - Val Metric: 0.9381
Epoch 47/50 - Train Loss: 0.2921 - Train Metric: 0.9478
Epoch 47/50 - Val Metric: 0.9403
Epoch 48/50 - Train Loss: 0.2888 - Train Metric: 0.9491
Epoch 48/50 - Val Metric: 0.9398
Epoch 49/50 - Train Loss: 0.2853 - Train Metric: 0.9503
Epoch 49/50 - Val Metric: 0.9401
Epoch 50/50 - Train Loss: 0.2888 - Train Metric: 0.9490
Epoch 50/50 - Val Metric: 0.9412
Best val: 0.9414, Best test: 0.9489
Training set has 10790 instances
Validation set has 1348 instances
Test set has 1350 instances
Epoch 1/50 - Train Loss: 0.6960 - Train Metric: 0.5112
Epoch 1/50 - Val Metric: 0.6985
Epoch 2/50 - Train Loss: 0.6930 - Train Metric: 0.5156
Epoch 2/50 - Val Metric: 0.8032
Epoch 3/50 - Train Loss: 0.6735 - Train Metric: 0.5847
Epoch 3/50 - Val Metric: 0.8200
Epoch 4/50 - Train Loss: 0.5337 - Train Metric: 0.8119
Epoch 4/50 - Val Metric: 0.8763
Epoch 5/50 - Train Loss: 0.4537 - Train Metric: 0.8668
Epoch 5/50 - Val Metric: 0.9090
Epoch 6/50 - Train Loss: 0.4246 - Train Metric: 0.8841
Epoch 6/50 - Val Metric: 0.9234
Epoch 7/50 - Train Loss: 0.4209 - Train Metric: 0.8857
Epoch 7/50 - Val Metric: 0.9267
Epoch 8/50 - Train Loss: 0.3973 - Train Metric: 0.8982
Epoch 8/50 - Val Metric: 0.9305
Epoch 9/50 - Train Loss: 0.3877 - Train Metric: 0.9040
Epoch 9/50 - Val Metric: 0.9314
Epoch 10/50 - Train Loss: 0.3845 - Train Metric: 0.9055
Epoch 10/50 - Val Metric: 0.9328
Epoch 11/50 - Train Loss: 0.3740 - Train Metric: 0.9115
Epoch 11/50 - Val Metric: 0.9357
Epoch 12/50 - Train Loss: 0.3779 - Train Metric: 0.9102
Epoch 12/50 - Val Metric: 0.9356
Epoch 13/50 - Train Loss: 0.3602 - Train Metric: 0.9182
Epoch 13/50 - Val Metric: 0.9375
Epoch 14/50 - Train Loss: 0.3551 - Train Metric: 0.9213
Epoch 14/50 - Val Metric: 0.9393
Epoch 15/50 - Train Loss: 0.3480 - Train Metric: 0.9242
Epoch 15/50 - Val Metric: 0.9379
Epoch 16/50 - Train Loss: 0.3480 - Train Metric: 0.9242
Epoch 16/50 - Val Metric: 0.9388
Epoch 17/50 - Train Loss: 0.3531 - Train Metric: 0.9220
Epoch 17/50 - Val Metric: 0.9384
Epoch 18/50 - Train Loss: 0.3341 - Train Metric: 0.9306
Epoch 18/50 - Val Metric: 0.9362
Epoch 19/50 - Train Loss: 0.3428 - Train Metric: 0.9267
Epoch 19/50 - Val Metric: 0.9381
Epoch 20/50 - Train Loss: 0.3379 - Train Metric: 0.9291
Epoch 20/50 - Val Metric: 0.9372
Epoch 21/50 - Train Loss: 0.3267 - Train Metric: 0.9334
Epoch 21/50 - Val Metric: 0.9356
Epoch 22/50 - Train Loss: 0.3239 - Train Metric: 0.9349
Epoch 22/50 - Val Metric: 0.9392
Epoch 23/50 - Train Loss: 0.3236 - Train Metric: 0.9348
Epoch 23/50 - Val Metric: 0.9398
Epoch 24/50 - Train Loss: 0.3264 - Train Metric: 0.9339
Epoch 24/50 - Val Metric: 0.9388
Epoch 25/50 - Train Loss: 0.3198 - Train Metric: 0.9366
Epoch 25/50 - Val Metric: 0.9391
Epoch 26/50 - Train Loss: 0.3166 - Train Metric: 0.9381
Epoch 26/50 - Val Metric: 0.9398
Epoch 27/50 - Train Loss: 0.3153 - Train Metric: 0.9387
Epoch 27/50 - Val Metric: 0.9408
Epoch 28/50 - Train Loss: 0.3248 - Train Metric: 0.9345
Epoch 28/50 - Val Metric: 0.9394
Epoch 29/50 - Train Loss: 0.3199 - Train Metric: 0.9369
Epoch 29/50 - Val Metric: 0.9376
Epoch 30/50 - Train Loss: 0.3142 - Train Metric: 0.9391
Epoch 30/50 - Val Metric: 0.9409
Epoch 31/50 - Train Loss: 0.3155 - Train Metric: 0.9384
Epoch 31/50 - Val Metric: 0.9442
Epoch 32/50 - Train Loss: 0.3161 - Train Metric: 0.9380
Epoch 32/50 - Val Metric: 0.9450
Epoch 33/50 - Train Loss: 0.3105 - Train Metric: 0.9408
Epoch 33/50 - Val Metric: 0.9384
Epoch 34/50 - Train Loss: 0.3079 - Train Metric: 0.9419
Epoch 34/50 - Val Metric: 0.9444
Epoch 35/50 - Train Loss: 0.3002 - Train Metric: 0.9447
Epoch 35/50 - Val Metric: 0.9434
Epoch 36/50 - Train Loss: 0.2965 - Train Metric: 0.9461
Epoch 36/50 - Val Metric: 0.9431
Epoch 37/50 - Train Loss: 0.3025 - Train Metric: 0.9437
Epoch 37/50 - Val Metric: 0.9465
Epoch 38/50 - Train Loss: 0.2934 - Train Metric: 0.9472
Epoch 38/50 - Val Metric: 0.9450
Epoch 39/50 - Train Loss: 0.2949 - Train Metric: 0.9466
Epoch 39/50 - Val Metric: 0.9426
Epoch 40/50 - Train Loss: 0.2926 - Train Metric: 0.9476
Epoch 40/50 - Val Metric: 0.9456
Epoch 41/50 - Train Loss: 0.2995 - Train Metric: 0.9450
Epoch 41/50 - Val Metric: 0.9463
Epoch 42/50 - Train Loss: 0.2907 - Train Metric: 0.9481
Epoch 42/50 - Val Metric: 0.9460
Epoch 43/50 - Train Loss: 0.2922 - Train Metric: 0.9478
Epoch 43/50 - Val Metric: 0.9421
Epoch 44/50 - Train Loss: 0.2865 - Train Metric: 0.9498
Epoch 44/50 - Val Metric: 0.9431
Epoch 45/50 - Train Loss: 0.2949 - Train Metric: 0.9467
Epoch 45/50 - Val Metric: 0.9441
Epoch 46/50 - Train Loss: 0.3048 - Train Metric: 0.9428
Epoch 46/50 - Val Metric: 0.9439
Epoch 47/50 - Train Loss: 0.3007 - Train Metric: 0.9445
Epoch 47/50 - Val Metric: 0.9411
Epoch 48/50 - Train Loss: 0.2957 - Train Metric: 0.9464
Epoch 48/50 - Val Metric: 0.9439
Epoch 49/50 - Train Loss: 0.2862 - Train Metric: 0.9498
Epoch 49/50 - Val Metric: 0.9437
Epoch 50/50 - Train Loss: 0.2865 - Train Metric: 0.9496
Epoch 50/50 - Val Metric: 0.9403
Best val: 0.9465, Best test: 0.9381
Training set has 10790 instances
Validation set has 1348 instances
Test set has 1350 instances
Epoch 1/50 - Train Loss: 0.6964 - Train Metric: 0.5046
Epoch 1/50 - Val Metric: 0.7728
Epoch 2/50 - Train Loss: 0.6706 - Train Metric: 0.6134
Epoch 2/50 - Val Metric: 0.7947
Epoch 3/50 - Train Loss: 0.5334 - Train Metric: 0.8096
Epoch 3/50 - Val Metric: 0.8504
Epoch 4/50 - Train Loss: 0.4665 - Train Metric: 0.8594
Epoch 4/50 - Val Metric: 0.8811
Epoch 5/50 - Train Loss: 0.4255 - Train Metric: 0.8831
Epoch 5/50 - Val Metric: 0.8960
Epoch 6/50 - Train Loss: 0.4029 - Train Metric: 0.8949
Epoch 6/50 - Val Metric: 0.9031
Epoch 7/50 - Train Loss: 0.3933 - Train Metric: 0.8997
Epoch 7/50 - Val Metric: 0.9042
Epoch 8/50 - Train Loss: 0.3906 - Train Metric: 0.9020
Epoch 8/50 - Val Metric: 0.9054
Epoch 9/50 - Train Loss: 0.3922 - Train Metric: 0.9015
Epoch 9/50 - Val Metric: 0.9061
Epoch 10/50 - Train Loss: 0.3884 - Train Metric: 0.9029
Epoch 10/50 - Val Metric: 0.9092
Epoch 11/50 - Train Loss: 0.3820 - Train Metric: 0.9067
Epoch 11/50 - Val Metric: 0.9098
Epoch 12/50 - Train Loss: 0.3796 - Train Metric: 0.9083
Epoch 12/50 - Val Metric: 0.9104
Epoch 13/50 - Train Loss: 0.3770 - Train Metric: 0.9093
Epoch 13/50 - Val Metric: 0.9098
Epoch 14/50 - Train Loss: 0.3719 - Train Metric: 0.9123
Epoch 14/50 - Val Metric: 0.9134
Epoch 15/50 - Train Loss: 0.3712 - Train Metric: 0.9126
Epoch 15/50 - Val Metric: 0.9141
Epoch 16/50 - Train Loss: 0.3798 - Train Metric: 0.9082
Epoch 16/50 - Val Metric: 0.9163
Epoch 17/50 - Train Loss: 0.3678 - Train Metric: 0.9142
Epoch 17/50 - Val Metric: 0.9159
Epoch 18/50 - Train Loss: 0.3617 - Train Metric: 0.9175
Epoch 18/50 - Val Metric: 0.9166
Epoch 19/50 - Train Loss: 0.3666 - Train Metric: 0.9149
Epoch 19/50 - Val Metric: 0.9164
Epoch 20/50 - Train Loss: 0.3587 - Train Metric: 0.9192
Epoch 20/50 - Val Metric: 0.9181
Epoch 21/50 - Train Loss: 0.3533 - Train Metric: 0.9215
Epoch 21/50 - Val Metric: 0.9197
Epoch 22/50 - Train Loss: 0.3496 - Train Metric: 0.9231
Epoch 22/50 - Val Metric: 0.9217
Epoch 23/50 - Train Loss: 0.3474 - Train Metric: 0.9247
Epoch 23/50 - Val Metric: 0.9229
Epoch 24/50 - Train Loss: 0.3458 - Train Metric: 0.9253
Epoch 24/50 - Val Metric: 0.9218
Epoch 25/50 - Train Loss: 0.3431 - Train Metric: 0.9262
Epoch 25/50 - Val Metric: 0.9267
Epoch 26/50 - Train Loss: 0.3413 - Train Metric: 0.9277
Epoch 26/50 - Val Metric: 0.9275
Epoch 27/50 - Train Loss: 0.3474 - Train Metric: 0.9247
Epoch 27/50 - Val Metric: 0.9253
Epoch 28/50 - Train Loss: 0.3468 - Train Metric: 0.9250
Epoch 28/50 - Val Metric: 0.9265
Epoch 29/50 - Train Loss: 0.3386 - Train Metric: 0.9288
Epoch 29/50 - Val Metric: 0.9291
Epoch 30/50 - Train Loss: 0.3273 - Train Metric: 0.9338
Epoch 30/50 - Val Metric: 0.9296
Epoch 31/50 - Train Loss: 0.3287 - Train Metric: 0.9328
Epoch 31/50 - Val Metric: 0.9305
Epoch 32/50 - Train Loss: 0.3294 - Train Metric: 0.9329
Epoch 32/50 - Val Metric: 0.9333
Epoch 33/50 - Train Loss: 0.3235 - Train Metric: 0.9353
Epoch 33/50 - Val Metric: 0.9352
Epoch 34/50 - Train Loss: 0.3197 - Train Metric: 0.9371
Epoch 34/50 - Val Metric: 0.9344
Epoch 35/50 - Train Loss: 0.3165 - Train Metric: 0.9384
Epoch 35/50 - Val Metric: 0.9374
Epoch 36/50 - Train Loss: 0.3235 - Train Metric: 0.9358
Epoch 36/50 - Val Metric: 0.9334
Epoch 37/50 - Train Loss: 0.3208 - Train Metric: 0.9365
Epoch 37/50 - Val Metric: 0.9332
Epoch 38/50 - Train Loss: 0.3114 - Train Metric: 0.9404
Epoch 38/50 - Val Metric: 0.9363
Epoch 39/50 - Train Loss: 0.3030 - Train Metric: 0.9437
Epoch 39/50 - Val Metric: 0.9363
Epoch 40/50 - Train Loss: 0.3062 - Train Metric: 0.9424
Epoch 40/50 - Val Metric: 0.9341
Epoch 41/50 - Train Loss: 0.3077 - Train Metric: 0.9417
Epoch 41/50 - Val Metric: 0.9344
Epoch 42/50 - Train Loss: 0.3053 - Train Metric: 0.9428
Epoch 42/50 - Val Metric: 0.9345
Epoch 43/50 - Train Loss: 0.3005 - Train Metric: 0.9447
Epoch 43/50 - Val Metric: 0.9340
Epoch 44/50 - Train Loss: 0.3073 - Train Metric: 0.9420
Epoch 44/50 - Val Metric: 0.9350
Epoch 45/50 - Train Loss: 0.3044 - Train Metric: 0.9432
Epoch 45/50 - Val Metric: 0.9366
Epoch 46/50 - Train Loss: 0.2998 - Train Metric: 0.9447
Epoch 46/50 - Val Metric: 0.9346
Epoch 47/50 - Train Loss: 0.2963 - Train Metric: 0.9461
Epoch 47/50 - Val Metric: 0.9338
Epoch 48/50 - Train Loss: 0.2940 - Train Metric: 0.9470
Epoch 48/50 - Val Metric: 0.9373
Epoch 49/50 - Train Loss: 0.2949 - Train Metric: 0.9466
Epoch 49/50 - Val Metric: 0.9363
Epoch 50/50 - Train Loss: 0.2946 - Train Metric: 0.9468
Epoch 50/50 - Val Metric: 0.9356
Best val: 0.9374, Best test: 0.9446
Training set has 10790 instances
Validation set has 1348 instances
Test set has 1350 instances
Epoch 1/50 - Train Loss: 0.6949 - Train Metric: 0.5096
Epoch 1/50 - Val Metric: 0.7441
Epoch 2/50 - Train Loss: 0.6201 - Train Metric: 0.6970
Epoch 2/50 - Val Metric: 0.8265
Epoch 3/50 - Train Loss: 0.4495 - Train Metric: 0.8702
Epoch 3/50 - Val Metric: 0.8685
Epoch 4/50 - Train Loss: 0.4161 - Train Metric: 0.8898
Epoch 4/50 - Val Metric: 0.8835
Epoch 5/50 - Train Loss: 0.4057 - Train Metric: 0.8964
Epoch 5/50 - Val Metric: 0.8893
Epoch 6/50 - Train Loss: 0.3831 - Train Metric: 0.9070
Epoch 6/50 - Val Metric: 0.8944
Epoch 7/50 - Train Loss: 0.3746 - Train Metric: 0.9118
Epoch 7/50 - Val Metric: 0.9002
Epoch 8/50 - Train Loss: 0.3718 - Train Metric: 0.9127
Epoch 8/50 - Val Metric: 0.9014
Epoch 9/50 - Train Loss: 0.3779 - Train Metric: 0.9104
Epoch 9/50 - Val Metric: 0.9058
Epoch 10/50 - Train Loss: 0.3582 - Train Metric: 0.9200
Epoch 10/50 - Val Metric: 0.9064
Epoch 11/50 - Train Loss: 0.3595 - Train Metric: 0.9194
Epoch 11/50 - Val Metric: 0.9120
Epoch 12/50 - Train Loss: 0.3490 - Train Metric: 0.9246
Epoch 12/50 - Val Metric: 0.9106
Epoch 13/50 - Train Loss: 0.3525 - Train Metric: 0.9230
Epoch 13/50 - Val Metric: 0.9137
Epoch 14/50 - Train Loss: 0.3367 - Train Metric: 0.9301
Epoch 14/50 - Val Metric: 0.9129
Epoch 15/50 - Train Loss: 0.3351 - Train Metric: 0.9307
Epoch 15/50 - Val Metric: 0.9181
Epoch 16/50 - Train Loss: 0.3388 - Train Metric: 0.9290
Epoch 16/50 - Val Metric: 0.9165
Epoch 17/50 - Train Loss: 0.3261 - Train Metric: 0.9344
Epoch 17/50 - Val Metric: 0.9169
Epoch 18/50 - Train Loss: 0.3292 - Train Metric: 0.9333
Epoch 18/50 - Val Metric: 0.9177
Epoch 19/50 - Train Loss: 0.3362 - Train Metric: 0.9302
Epoch 19/50 - Val Metric: 0.9163
Epoch 20/50 - Train Loss: 0.3335 - Train Metric: 0.9312
Epoch 20/50 - Val Metric: 0.9153
Epoch 21/50 - Train Loss: 0.3366 - Train Metric: 0.9300
Epoch 21/50 - Val Metric: 0.9183
Epoch 22/50 - Train Loss: 0.3295 - Train Metric: 0.9330
Epoch 22/50 - Val Metric: 0.9175
Epoch 23/50 - Train Loss: 0.3230 - Train Metric: 0.9358
Epoch 23/50 - Val Metric: 0.9200
Epoch 24/50 - Train Loss: 0.3297 - Train Metric: 0.9329
Epoch 24/50 - Val Metric: 0.9197
Epoch 25/50 - Train Loss: 0.3185 - Train Metric: 0.9374
Epoch 25/50 - Val Metric: 0.9187
Epoch 26/50 - Train Loss: 0.3205 - Train Metric: 0.9369
Epoch 26/50 - Val Metric: 0.9213
Epoch 27/50 - Train Loss: 0.3148 - Train Metric: 0.9392
Epoch 27/50 - Val Metric: 0.9246
Epoch 28/50 - Train Loss: 0.3102 - Train Metric: 0.9409
Epoch 28/50 - Val Metric: 0.9215
Epoch 29/50 - Train Loss: 0.3220 - Train Metric: 0.9361
Epoch 29/50 - Val Metric: 0.9199
Epoch 30/50 - Train Loss: 0.3131 - Train Metric: 0.9398
Epoch 30/50 - Val Metric: 0.9200
Epoch 31/50 - Train Loss: 0.3089 - Train Metric: 0.9415
Epoch 31/50 - Val Metric: 0.9249
Epoch 32/50 - Train Loss: 0.3055 - Train Metric: 0.9429
Epoch 32/50 - Val Metric: 0.9221
Epoch 33/50 - Train Loss: 0.3059 - Train Metric: 0.9426
Epoch 33/50 - Val Metric: 0.9235
Epoch 34/50 - Train Loss: 0.3119 - Train Metric: 0.9403
Epoch 34/50 - Val Metric: 0.9266
Epoch 35/50 - Train Loss: 0.3034 - Train Metric: 0.9435
Epoch 35/50 - Val Metric: 0.9290
Epoch 36/50 - Train Loss: 0.2961 - Train Metric: 0.9465
Epoch 36/50 - Val Metric: 0.9310
Epoch 37/50 - Train Loss: 0.2971 - Train Metric: 0.9458
Epoch 37/50 - Val Metric: 0.9266
Epoch 38/50 - Train Loss: 0.3012 - Train Metric: 0.9444
Epoch 38/50 - Val Metric: 0.9279
Epoch 39/50 - Train Loss: 0.3010 - Train Metric: 0.9445
Epoch 39/50 - Val Metric: 0.9275
Epoch 40/50 - Train Loss: 0.2925 - Train Metric: 0.9476
Epoch 40/50 - Val Metric: 0.9279
Epoch 41/50 - Train Loss: 0.2911 - Train Metric: 0.9482
Epoch 41/50 - Val Metric: 0.9301
Epoch 42/50 - Train Loss: 0.2947 - Train Metric: 0.9468
Epoch 42/50 - Val Metric: 0.9266
Epoch 43/50 - Train Loss: 0.2952 - Train Metric: 0.9467
Epoch 43/50 - Val Metric: 0.9251
Epoch 44/50 - Train Loss: 0.2948 - Train Metric: 0.9467
Epoch 44/50 - Val Metric: 0.9306
Epoch 45/50 - Train Loss: 0.3019 - Train Metric: 0.9440
Epoch 45/50 - Val Metric: 0.9275
Epoch 46/50 - Train Loss: 0.2966 - Train Metric: 0.9461
Epoch 46/50 - Val Metric: 0.9321
Epoch 47/50 - Train Loss: 0.2855 - Train Metric: 0.9502
Epoch 47/50 - Val Metric: 0.9262
Epoch 48/50 - Train Loss: 0.2901 - Train Metric: 0.9485
Epoch 48/50 - Val Metric: 0.9320
Epoch 49/50 - Train Loss: 0.2885 - Train Metric: 0.9490
Epoch 49/50 - Val Metric: 0.9314
Epoch 50/50 - Train Loss: 0.2893 - Train Metric: 0.9488
Epoch 50/50 - Val Metric: 0.9308
Best val: 0.9321, Best test: 0.9344
[0.9530158  0.9488526  0.93809402 0.94462794 0.93437546]
