Hyper-parameter search via Optuna
Namespace(task_type='binary_classification', scale='small', idx=11, epochs=50, num_trials=20, num_repeats=5, seed=0, exp_name='MemPerceiver_ens', result_path='output/binary_classification/small/11/MemPerceiver_ens.pt')
Device: cuda
Start building binary_classification dataset_small_11
Training set has 10790 instances
Validation set has 1348 instances
Test set has 1350 instances
Epoch 1/50 - Train Loss: 0.7098 - Train Metric: 0.5082
Epoch 1/50 - Val Metric: 0.7649
Epoch 2/50 - Train Loss: 0.6942 - Train Metric: 0.5066
Epoch 2/50 - Val Metric: 0.7713
Epoch 3/50 - Train Loss: 0.6935 - Train Metric: 0.5113
Epoch 3/50 - Val Metric: 0.7838
Epoch 4/50 - Train Loss: 0.6932 - Train Metric: 0.5334
Epoch 4/50 - Val Metric: 0.7871
Epoch 5/50 - Train Loss: 0.6928 - Train Metric: 0.5227
Epoch 5/50 - Val Metric: 0.7893
Epoch 6/50 - Train Loss: 0.6777 - Train Metric: 0.6174
Epoch 6/50 - Val Metric: 0.7970
Epoch 7/50 - Train Loss: 0.5859 - Train Metric: 0.7620
Epoch 7/50 - Val Metric: 0.8261
Epoch 8/50 - Train Loss: 0.5373 - Train Metric: 0.8066
Epoch 8/50 - Val Metric: 0.8481
Epoch 9/50 - Train Loss: 0.5074 - Train Metric: 0.8307
Epoch 9/50 - Val Metric: 0.8628
Epoch 10/50 - Train Loss: 0.5014 - Train Metric: 0.8358
Epoch 10/50 - Val Metric: 0.8719
Epoch 11/50 - Train Loss: 0.4754 - Train Metric: 0.8534
Epoch 11/50 - Val Metric: 0.8797
Epoch 12/50 - Train Loss: 0.4748 - Train Metric: 0.8539
Epoch 12/50 - Val Metric: 0.8844
Epoch 13/50 - Train Loss: 0.4530 - Train Metric: 0.8671
Epoch 13/50 - Val Metric: 0.8885
Epoch 14/50 - Train Loss: 0.4442 - Train Metric: 0.8726
Epoch 14/50 - Val Metric: 0.8925
Epoch 15/50 - Train Loss: 0.4435 - Train Metric: 0.8729
Epoch 15/50 - Val Metric: 0.8955
Epoch 16/50 - Train Loss: 0.4352 - Train Metric: 0.8778
Epoch 16/50 - Val Metric: 0.8973
Epoch 17/50 - Train Loss: 0.4295 - Train Metric: 0.8808
Epoch 17/50 - Val Metric: 0.8988
Epoch 18/50 - Train Loss: 0.4236 - Train Metric: 0.8845
Epoch 18/50 - Val Metric: 0.8985
Epoch 19/50 - Train Loss: 0.4202 - Train Metric: 0.8856
Epoch 19/50 - Val Metric: 0.8988
Epoch 20/50 - Train Loss: 0.4205 - Train Metric: 0.8861
Epoch 20/50 - Val Metric: 0.9009
Epoch 21/50 - Train Loss: 0.4263 - Train Metric: 0.8831
Epoch 21/50 - Val Metric: 0.9003
Epoch 22/50 - Train Loss: 0.4186 - Train Metric: 0.8877
Epoch 22/50 - Val Metric: 0.9023
Epoch 23/50 - Train Loss: 0.4183 - Train Metric: 0.8881
Epoch 23/50 - Val Metric: 0.9011
Epoch 24/50 - Train Loss: 0.4148 - Train Metric: 0.8894
Epoch 24/50 - Val Metric: 0.9028
Epoch 25/50 - Train Loss: 0.4174 - Train Metric: 0.8883
Epoch 25/50 - Val Metric: 0.9018
Epoch 26/50 - Train Loss: 0.4131 - Train Metric: 0.8903
Epoch 26/50 - Val Metric: 0.9034
Epoch 27/50 - Train Loss: 0.4143 - Train Metric: 0.8901
Epoch 27/50 - Val Metric: 0.9025
Epoch 28/50 - Train Loss: 0.4139 - Train Metric: 0.8904
Epoch 28/50 - Val Metric: 0.9036
Epoch 29/50 - Train Loss: 0.4140 - Train Metric: 0.8904
Epoch 29/50 - Val Metric: 0.9016
Epoch 30/50 - Train Loss: 0.4106 - Train Metric: 0.8916
Epoch 30/50 - Val Metric: 0.9039
Epoch 31/50 - Train Loss: 0.4121 - Train Metric: 0.8916
Epoch 31/50 - Val Metric: 0.9033
Epoch 32/50 - Train Loss: 0.4093 - Train Metric: 0.8929
Epoch 32/50 - Val Metric: 0.9038
Epoch 33/50 - Train Loss: 0.4101 - Train Metric: 0.8927
Epoch 33/50 - Val Metric: 0.9021
Epoch 34/50 - Train Loss: 0.4089 - Train Metric: 0.8930
Epoch 34/50 - Val Metric: 0.9039
Epoch 35/50 - Train Loss: 0.4096 - Train Metric: 0.8928
Epoch 35/50 - Val Metric: 0.9028
Epoch 36/50 - Train Loss: 0.4091 - Train Metric: 0.8928
Epoch 36/50 - Val Metric: 0.9038
Epoch 37/50 - Train Loss: 0.4089 - Train Metric: 0.8933
Epoch 37/50 - Val Metric: 0.9028
Epoch 38/50 - Train Loss: 0.4081 - Train Metric: 0.8934
Epoch 38/50 - Val Metric: 0.9036
Epoch 39/50 - Train Loss: 0.4080 - Train Metric: 0.8937
Epoch 39/50 - Val Metric: 0.9026
Epoch 40/50 - Train Loss: 0.4092 - Train Metric: 0.8929
Epoch 40/50 - Val Metric: 0.9040
Epoch 41/50 - Train Loss: 0.4085 - Train Metric: 0.8936
Epoch 41/50 - Val Metric: 0.9038
Epoch 42/50 - Train Loss: 0.4080 - Train Metric: 0.8937
Epoch 42/50 - Val Metric: 0.9030
Epoch 43/50 - Train Loss: 0.4080 - Train Metric: 0.8936
Epoch 43/50 - Val Metric: 0.9033
Epoch 44/50 - Train Loss: 0.4074 - Train Metric: 0.8941
Epoch 44/50 - Val Metric: 0.9035
Epoch 45/50 - Train Loss: 0.4083 - Train Metric: 0.8936
Epoch 45/50 - Val Metric: 0.9031
Epoch 46/50 - Train Loss: 0.4080 - Train Metric: 0.8935
Epoch 46/50 - Val Metric: 0.9036
Epoch 47/50 - Train Loss: 0.4068 - Train Metric: 0.8944
Epoch 47/50 - Val Metric: 0.9036
Epoch 48/50 - Train Loss: 0.4074 - Train Metric: 0.8939
Epoch 48/50 - Val Metric: 0.9030
Epoch 49/50 - Train Loss: 0.4075 - Train Metric: 0.8940
Epoch 49/50 - Val Metric: 0.9034
Epoch 50/50 - Train Loss: 0.4078 - Train Metric: 0.8938
Epoch 50/50 - Val Metric: 0.9036
Best val: 0.9040, Best test: 0.8763
Training set has 10790 instances
Validation set has 1348 instances
Test set has 1350 instances
Epoch 1/50 - Train Loss: 0.7018 - Train Metric: 0.5095
Epoch 1/50 - Val Metric: 0.7347
Epoch 2/50 - Train Loss: 0.6929 - Train Metric: 0.5443
Epoch 2/50 - Val Metric: 0.7597
Epoch 3/50 - Train Loss: 0.6909 - Train Metric: 0.5550
Epoch 3/50 - Val Metric: 0.7695
Epoch 4/50 - Train Loss: 0.6194 - Train Metric: 0.7462
Epoch 4/50 - Val Metric: 0.7966
Epoch 5/50 - Train Loss: 0.5253 - Train Metric: 0.8160
Epoch 5/50 - Val Metric: 0.8182
Epoch 6/50 - Train Loss: 0.5051 - Train Metric: 0.8339
Epoch 6/50 - Val Metric: 0.8272
Epoch 7/50 - Train Loss: 0.4836 - Train Metric: 0.8484
Epoch 7/50 - Val Metric: 0.8465
Epoch 8/50 - Train Loss: 0.4832 - Train Metric: 0.8509
Epoch 8/50 - Val Metric: 0.8546
Epoch 9/50 - Train Loss: 0.4588 - Train Metric: 0.8676
Epoch 9/50 - Val Metric: 0.8622
Epoch 10/50 - Train Loss: 0.4474 - Train Metric: 0.8746
Epoch 10/50 - Val Metric: 0.8714
Epoch 11/50 - Train Loss: 0.4409 - Train Metric: 0.8768
Epoch 11/50 - Val Metric: 0.8765
Epoch 12/50 - Train Loss: 0.4294 - Train Metric: 0.8847
Epoch 12/50 - Val Metric: 0.8827
Epoch 13/50 - Train Loss: 0.4277 - Train Metric: 0.8850
Epoch 13/50 - Val Metric: 0.8848
Epoch 14/50 - Train Loss: 0.4486 - Train Metric: 0.8726
Epoch 14/50 - Val Metric: 0.8846
Epoch 15/50 - Train Loss: 0.4180 - Train Metric: 0.8897
Epoch 15/50 - Val Metric: 0.8871
Epoch 16/50 - Train Loss: 0.4199 - Train Metric: 0.8889
Epoch 16/50 - Val Metric: 0.8890
Epoch 17/50 - Train Loss: 0.4097 - Train Metric: 0.8940
Epoch 17/50 - Val Metric: 0.8892
Epoch 18/50 - Train Loss: 0.4102 - Train Metric: 0.8937
Epoch 18/50 - Val Metric: 0.8913
Epoch 19/50 - Train Loss: 0.4121 - Train Metric: 0.8927
Epoch 19/50 - Val Metric: 0.8916
Epoch 20/50 - Train Loss: 0.4115 - Train Metric: 0.8931
Epoch 20/50 - Val Metric: 0.8926
Epoch 21/50 - Train Loss: 0.4155 - Train Metric: 0.8908
Epoch 21/50 - Val Metric: 0.8923
Epoch 22/50 - Train Loss: 0.4055 - Train Metric: 0.8963
Epoch 22/50 - Val Metric: 0.8923
Epoch 23/50 - Train Loss: 0.4098 - Train Metric: 0.8941
Epoch 23/50 - Val Metric: 0.8928
Epoch 24/50 - Train Loss: 0.4084 - Train Metric: 0.8950
Epoch 24/50 - Val Metric: 0.8940
Epoch 25/50 - Train Loss: 0.4065 - Train Metric: 0.8958
Epoch 25/50 - Val Metric: 0.8939
Epoch 26/50 - Train Loss: 0.4068 - Train Metric: 0.8958
Epoch 26/50 - Val Metric: 0.8941
Epoch 27/50 - Train Loss: 0.4061 - Train Metric: 0.8961
Epoch 27/50 - Val Metric: 0.8955
Epoch 28/50 - Train Loss: 0.4042 - Train Metric: 0.8973
Epoch 28/50 - Val Metric: 0.8959
Epoch 29/50 - Train Loss: 0.4035 - Train Metric: 0.8980
Epoch 29/50 - Val Metric: 0.8946
Epoch 30/50 - Train Loss: 0.4007 - Train Metric: 0.8994
Epoch 30/50 - Val Metric: 0.8969
Epoch 31/50 - Train Loss: 0.4006 - Train Metric: 0.8993
Epoch 31/50 - Val Metric: 0.8967
Epoch 32/50 - Train Loss: 0.4018 - Train Metric: 0.8986
Epoch 32/50 - Val Metric: 0.8973
Epoch 33/50 - Train Loss: 0.3996 - Train Metric: 0.8998
Epoch 33/50 - Val Metric: 0.8979
Epoch 34/50 - Train Loss: 0.4029 - Train Metric: 0.8986
Epoch 34/50 - Val Metric: 0.8972
Epoch 35/50 - Train Loss: 0.4012 - Train Metric: 0.8992
Epoch 35/50 - Val Metric: 0.8987
Epoch 36/50 - Train Loss: 0.4000 - Train Metric: 0.9000
Epoch 36/50 - Val Metric: 0.8988
Epoch 37/50 - Train Loss: 0.4003 - Train Metric: 0.9000
Epoch 37/50 - Val Metric: 0.8991
Epoch 38/50 - Train Loss: 0.3982 - Train Metric: 0.9009
Epoch 38/50 - Val Metric: 0.8997
Epoch 39/50 - Train Loss: 0.3957 - Train Metric: 0.9024
Epoch 39/50 - Val Metric: 0.8990
Epoch 40/50 - Train Loss: 0.3966 - Train Metric: 0.9019
Epoch 40/50 - Val Metric: 0.8997
Epoch 41/50 - Train Loss: 0.3976 - Train Metric: 0.9013
Epoch 41/50 - Val Metric: 0.9005
Epoch 42/50 - Train Loss: 0.3957 - Train Metric: 0.9023
Epoch 42/50 - Val Metric: 0.9005
Epoch 43/50 - Train Loss: 0.3949 - Train Metric: 0.9025
Epoch 43/50 - Val Metric: 0.9005
Epoch 44/50 - Train Loss: 0.3959 - Train Metric: 0.9021
Epoch 44/50 - Val Metric: 0.9012
Epoch 45/50 - Train Loss: 0.3938 - Train Metric: 0.9033
Epoch 45/50 - Val Metric: 0.9021
Epoch 46/50 - Train Loss: 0.3932 - Train Metric: 0.9036
Epoch 46/50 - Val Metric: 0.9026
Epoch 47/50 - Train Loss: 0.3924 - Train Metric: 0.9040
Epoch 47/50 - Val Metric: 0.9026
Epoch 48/50 - Train Loss: 0.3928 - Train Metric: 0.9038
Epoch 48/50 - Val Metric: 0.9024
Epoch 49/50 - Train Loss: 0.3928 - Train Metric: 0.9037
Epoch 49/50 - Val Metric: 0.9008
Epoch 50/50 - Train Loss: 0.3919 - Train Metric: 0.9042
Epoch 50/50 - Val Metric: 0.9030
Best val: 0.9030, Best test: 0.9012
Training set has 10790 instances
Validation set has 1348 instances
Test set has 1350 instances
Epoch 1/50 - Train Loss: 0.7066 - Train Metric: 0.4909
Epoch 1/50 - Val Metric: 0.7983
Epoch 2/50 - Train Loss: 0.6970 - Train Metric: 0.4963
Epoch 2/50 - Val Metric: 0.7930
Epoch 3/50 - Train Loss: 0.6954 - Train Metric: 0.4992
Epoch 3/50 - Val Metric: 0.7898
Epoch 4/50 - Train Loss: 0.6955 - Train Metric: 0.4960
Epoch 4/50 - Val Metric: 0.7900
Epoch 5/50 - Train Loss: 0.6954 - Train Metric: 0.4997
Epoch 5/50 - Val Metric: 0.7906
Epoch 6/50 - Train Loss: 0.6963 - Train Metric: 0.4874
Epoch 6/50 - Val Metric: 0.7916
Epoch 7/50 - Train Loss: 0.6946 - Train Metric: 0.5018
Epoch 7/50 - Val Metric: 0.7907
Epoch 8/50 - Train Loss: 0.6942 - Train Metric: 0.4984
Epoch 8/50 - Val Metric: 0.7896
Epoch 9/50 - Train Loss: 0.6942 - Train Metric: 0.4966
Epoch 9/50 - Val Metric: 0.7921
Epoch 10/50 - Train Loss: 0.6332 - Train Metric: 0.6911
Epoch 10/50 - Val Metric: 0.8450
Epoch 11/50 - Train Loss: 0.4680 - Train Metric: 0.8575
Epoch 11/50 - Val Metric: 0.8765
Epoch 12/50 - Train Loss: 0.4373 - Train Metric: 0.8772
Epoch 12/50 - Val Metric: 0.8868
Epoch 13/50 - Train Loss: 0.4188 - Train Metric: 0.8875
Epoch 13/50 - Val Metric: 0.8900
Epoch 14/50 - Train Loss: 0.4092 - Train Metric: 0.8934
Epoch 14/50 - Val Metric: 0.8930
Epoch 15/50 - Train Loss: 0.4018 - Train Metric: 0.8968
Epoch 15/50 - Val Metric: 0.8971
Epoch 16/50 - Train Loss: 0.3945 - Train Metric: 0.9009
Epoch 16/50 - Val Metric: 0.9016
Epoch 17/50 - Train Loss: 0.3896 - Train Metric: 0.9034
Epoch 17/50 - Val Metric: 0.9034
Epoch 18/50 - Train Loss: 0.3879 - Train Metric: 0.9050
Epoch 18/50 - Val Metric: 0.9060
Epoch 19/50 - Train Loss: 0.3806 - Train Metric: 0.9084
Epoch 19/50 - Val Metric: 0.9065
Epoch 20/50 - Train Loss: 0.3782 - Train Metric: 0.9095
Epoch 20/50 - Val Metric: 0.9081
Epoch 21/50 - Train Loss: 0.3718 - Train Metric: 0.9128
Epoch 21/50 - Val Metric: 0.9091
Epoch 22/50 - Train Loss: 0.3700 - Train Metric: 0.9136
Epoch 22/50 - Val Metric: 0.9110
Epoch 23/50 - Train Loss: 0.3711 - Train Metric: 0.9133
Epoch 23/50 - Val Metric: 0.9108
Epoch 24/50 - Train Loss: 0.3658 - Train Metric: 0.9157
Epoch 24/50 - Val Metric: 0.9123
Epoch 25/50 - Train Loss: 0.3645 - Train Metric: 0.9163
Epoch 25/50 - Val Metric: 0.9119
Epoch 26/50 - Train Loss: 0.3654 - Train Metric: 0.9162
Epoch 26/50 - Val Metric: 0.9150
Epoch 27/50 - Train Loss: 0.3630 - Train Metric: 0.9176
Epoch 27/50 - Val Metric: 0.9145
Epoch 28/50 - Train Loss: 0.3622 - Train Metric: 0.9175
Epoch 28/50 - Val Metric: 0.9142
Epoch 29/50 - Train Loss: 0.3633 - Train Metric: 0.9171
Epoch 29/50 - Val Metric: 0.9154
Epoch 30/50 - Train Loss: 0.3580 - Train Metric: 0.9195
Epoch 30/50 - Val Metric: 0.9168
Epoch 31/50 - Train Loss: 0.3591 - Train Metric: 0.9192
Epoch 31/50 - Val Metric: 0.9172
Epoch 32/50 - Train Loss: 0.3560 - Train Metric: 0.9209
Epoch 32/50 - Val Metric: 0.9188
Epoch 33/50 - Train Loss: 0.3571 - Train Metric: 0.9202
Epoch 33/50 - Val Metric: 0.9191
Epoch 34/50 - Train Loss: 0.3553 - Train Metric: 0.9210
Epoch 34/50 - Val Metric: 0.9193
Epoch 35/50 - Train Loss: 0.3525 - Train Metric: 0.9224
Epoch 35/50 - Val Metric: 0.9198
Epoch 36/50 - Train Loss: 0.3519 - Train Metric: 0.9227
Epoch 36/50 - Val Metric: 0.9189
Epoch 37/50 - Train Loss: 0.3529 - Train Metric: 0.9221
Epoch 37/50 - Val Metric: 0.9204
Epoch 38/50 - Train Loss: 0.3527 - Train Metric: 0.9223
Epoch 38/50 - Val Metric: 0.9205
Epoch 39/50 - Train Loss: 0.3544 - Train Metric: 0.9214
Epoch 39/50 - Val Metric: 0.9199
Epoch 40/50 - Train Loss: 0.3531 - Train Metric: 0.9223
Epoch 40/50 - Val Metric: 0.9228
Epoch 41/50 - Train Loss: 0.3483 - Train Metric: 0.9244
Epoch 41/50 - Val Metric: 0.9202
Epoch 42/50 - Train Loss: 0.3507 - Train Metric: 0.9232
Epoch 42/50 - Val Metric: 0.9207
Epoch 43/50 - Train Loss: 0.3518 - Train Metric: 0.9226
Epoch 43/50 - Val Metric: 0.9212
Epoch 44/50 - Train Loss: 0.3513 - Train Metric: 0.9229
Epoch 44/50 - Val Metric: 0.9225
Epoch 45/50 - Train Loss: 0.3491 - Train Metric: 0.9239
Epoch 45/50 - Val Metric: 0.9213
Epoch 46/50 - Train Loss: 0.3511 - Train Metric: 0.9232
Epoch 46/50 - Val Metric: 0.9212
Epoch 47/50 - Train Loss: 0.3480 - Train Metric: 0.9244
Epoch 47/50 - Val Metric: 0.9221
Epoch 48/50 - Train Loss: 0.3498 - Train Metric: 0.9237
Epoch 48/50 - Val Metric: 0.9217
Epoch 49/50 - Train Loss: 0.3492 - Train Metric: 0.9239
Epoch 49/50 - Val Metric: 0.9229
Epoch 50/50 - Train Loss: 0.3483 - Train Metric: 0.9246
Epoch 50/50 - Val Metric: 0.9216
Best val: 0.9229, Best test: 0.9228
Training set has 10790 instances
Validation set has 1348 instances
Test set has 1350 instances
Epoch 1/50 - Train Loss: 0.7038 - Train Metric: 0.4923
Epoch 1/50 - Val Metric: 0.6985
Epoch 2/50 - Train Loss: 0.6962 - Train Metric: 0.4927
Epoch 2/50 - Val Metric: 0.7747
Epoch 3/50 - Train Loss: 0.6894 - Train Metric: 0.5480
Epoch 3/50 - Val Metric: 0.7876
Epoch 4/50 - Train Loss: 0.5790 - Train Metric: 0.7664
Epoch 4/50 - Val Metric: 0.8491
Epoch 5/50 - Train Loss: 0.4889 - Train Metric: 0.8443
Epoch 5/50 - Val Metric: 0.8764
Epoch 6/50 - Train Loss: 0.4646 - Train Metric: 0.8609
Epoch 6/50 - Val Metric: 0.8853
Epoch 7/50 - Train Loss: 0.4442 - Train Metric: 0.8730
Epoch 7/50 - Val Metric: 0.8846
Epoch 8/50 - Train Loss: 0.4313 - Train Metric: 0.8811
Epoch 8/50 - Val Metric: 0.8987
Epoch 9/50 - Train Loss: 0.4243 - Train Metric: 0.8850
Epoch 9/50 - Val Metric: 0.9038
Epoch 10/50 - Train Loss: 0.4217 - Train Metric: 0.8855
Epoch 10/50 - Val Metric: 0.9053
Epoch 11/50 - Train Loss: 0.4090 - Train Metric: 0.8923
Epoch 11/50 - Val Metric: 0.9130
Epoch 12/50 - Train Loss: 0.4017 - Train Metric: 0.8960
Epoch 12/50 - Val Metric: 0.9144
Epoch 13/50 - Train Loss: 0.4077 - Train Metric: 0.8929
Epoch 13/50 - Val Metric: 0.9126
Epoch 14/50 - Train Loss: 0.4083 - Train Metric: 0.8931
Epoch 14/50 - Val Metric: 0.9113
Epoch 15/50 - Train Loss: 0.3977 - Train Metric: 0.8983
Epoch 15/50 - Val Metric: 0.9179
Epoch 16/50 - Train Loss: 0.3982 - Train Metric: 0.8979
Epoch 16/50 - Val Metric: 0.9189
Epoch 17/50 - Train Loss: 0.3875 - Train Metric: 0.9039
Epoch 17/50 - Val Metric: 0.9195
Epoch 18/50 - Train Loss: 0.3917 - Train Metric: 0.9024
Epoch 18/50 - Val Metric: 0.9185
Epoch 19/50 - Train Loss: 0.3828 - Train Metric: 0.9069
Epoch 19/50 - Val Metric: 0.9185
Epoch 20/50 - Train Loss: 0.3832 - Train Metric: 0.9064
Epoch 20/50 - Val Metric: 0.9231
Epoch 21/50 - Train Loss: 0.3777 - Train Metric: 0.9090
Epoch 21/50 - Val Metric: 0.9193
Epoch 22/50 - Train Loss: 0.3779 - Train Metric: 0.9092
Epoch 22/50 - Val Metric: 0.9234
Epoch 23/50 - Train Loss: 0.3761 - Train Metric: 0.9105
Epoch 23/50 - Val Metric: 0.9250
Epoch 24/50 - Train Loss: 0.3748 - Train Metric: 0.9110
Epoch 24/50 - Val Metric: 0.9245
Epoch 25/50 - Train Loss: 0.3783 - Train Metric: 0.9092
Epoch 25/50 - Val Metric: 0.9252
Epoch 26/50 - Train Loss: 0.3688 - Train Metric: 0.9146
Epoch 26/50 - Val Metric: 0.9286
Epoch 27/50 - Train Loss: 0.3667 - Train Metric: 0.9151
Epoch 27/50 - Val Metric: 0.9301
Epoch 28/50 - Train Loss: 0.3628 - Train Metric: 0.9176
Epoch 28/50 - Val Metric: 0.9306
Epoch 29/50 - Train Loss: 0.3611 - Train Metric: 0.9183
Epoch 29/50 - Val Metric: 0.9329
Epoch 30/50 - Train Loss: 0.3607 - Train Metric: 0.9188
Epoch 30/50 - Val Metric: 0.9320
Epoch 31/50 - Train Loss: 0.3596 - Train Metric: 0.9194
Epoch 31/50 - Val Metric: 0.9307
Epoch 32/50 - Train Loss: 0.3553 - Train Metric: 0.9213
Epoch 32/50 - Val Metric: 0.9341
Epoch 33/50 - Train Loss: 0.3526 - Train Metric: 0.9225
Epoch 33/50 - Val Metric: 0.9368
Epoch 34/50 - Train Loss: 0.3473 - Train Metric: 0.9249
Epoch 34/50 - Val Metric: 0.9333
Epoch 35/50 - Train Loss: 0.3503 - Train Metric: 0.9235
Epoch 35/50 - Val Metric: 0.9364
Epoch 36/50 - Train Loss: 0.3537 - Train Metric: 0.9224
Epoch 36/50 - Val Metric: 0.9353
Epoch 37/50 - Train Loss: 0.3479 - Train Metric: 0.9247
Epoch 37/50 - Val Metric: 0.9338
Epoch 38/50 - Train Loss: 0.3437 - Train Metric: 0.9269
Epoch 38/50 - Val Metric: 0.9398
Epoch 39/50 - Train Loss: 0.3381 - Train Metric: 0.9294
Epoch 39/50 - Val Metric: 0.9387
Epoch 40/50 - Train Loss: 0.3442 - Train Metric: 0.9266
Epoch 40/50 - Val Metric: 0.9389
Epoch 41/50 - Train Loss: 0.3451 - Train Metric: 0.9264
Epoch 41/50 - Val Metric: 0.9362
Epoch 42/50 - Train Loss: 0.3330 - Train Metric: 0.9317
Epoch 42/50 - Val Metric: 0.9374
Epoch 43/50 - Train Loss: 0.3368 - Train Metric: 0.9296
Epoch 43/50 - Val Metric: 0.9421
Epoch 44/50 - Train Loss: 0.3353 - Train Metric: 0.9305
Epoch 44/50 - Val Metric: 0.9428
Epoch 45/50 - Train Loss: 0.3357 - Train Metric: 0.9303
Epoch 45/50 - Val Metric: 0.9403
Epoch 46/50 - Train Loss: 0.3330 - Train Metric: 0.9314
Epoch 46/50 - Val Metric: 0.9350
Epoch 47/50 - Train Loss: 0.3338 - Train Metric: 0.9312
Epoch 47/50 - Val Metric: 0.9367
Epoch 48/50 - Train Loss: 0.3353 - Train Metric: 0.9305
Epoch 48/50 - Val Metric: 0.9433
Epoch 49/50 - Train Loss: 0.3266 - Train Metric: 0.9342
Epoch 49/50 - Val Metric: 0.9409
Epoch 50/50 - Train Loss: 0.3227 - Train Metric: 0.9358
Epoch 50/50 - Val Metric: 0.9460
Best val: 0.9460, Best test: 0.9345
Training set has 10790 instances
Validation set has 1348 instances
Test set has 1350 instances
Epoch 1/50 - Train Loss: 0.7025 - Train Metric: 0.5042
Epoch 1/50 - Val Metric: 0.7541
Epoch 2/50 - Train Loss: 0.6986 - Train Metric: 0.4988
Epoch 2/50 - Val Metric: 0.7540
Epoch 3/50 - Train Loss: 0.6951 - Train Metric: 0.5110
Epoch 3/50 - Val Metric: 0.7631
Epoch 4/50 - Train Loss: 0.6342 - Train Metric: 0.6929
Epoch 4/50 - Val Metric: 0.7924
Epoch 5/50 - Train Loss: 0.5666 - Train Metric: 0.7795
Epoch 5/50 - Val Metric: 0.8201
Epoch 6/50 - Train Loss: 0.5344 - Train Metric: 0.8092
Epoch 6/50 - Val Metric: 0.8379
Epoch 7/50 - Train Loss: 0.5097 - Train Metric: 0.8290
Epoch 7/50 - Val Metric: 0.8526
Epoch 8/50 - Train Loss: 0.4896 - Train Metric: 0.8440
Epoch 8/50 - Val Metric: 0.8625
Epoch 9/50 - Train Loss: 0.4754 - Train Metric: 0.8535
Epoch 9/50 - Val Metric: 0.8695
Epoch 10/50 - Train Loss: 0.4697 - Train Metric: 0.8572
Epoch 10/50 - Val Metric: 0.8733
Epoch 11/50 - Train Loss: 0.4562 - Train Metric: 0.8659
Epoch 11/50 - Val Metric: 0.8777
Epoch 12/50 - Train Loss: 0.4522 - Train Metric: 0.8684
Epoch 12/50 - Val Metric: 0.8802
Epoch 13/50 - Train Loss: 0.4455 - Train Metric: 0.8722
Epoch 13/50 - Val Metric: 0.8824
Epoch 14/50 - Train Loss: 0.4423 - Train Metric: 0.8734
Epoch 14/50 - Val Metric: 0.8834
Epoch 15/50 - Train Loss: 0.4414 - Train Metric: 0.8747
Epoch 15/50 - Val Metric: 0.8846
Epoch 16/50 - Train Loss: 0.4355 - Train Metric: 0.8784
Epoch 16/50 - Val Metric: 0.8844
Epoch 17/50 - Train Loss: 0.4362 - Train Metric: 0.8777
Epoch 17/50 - Val Metric: 0.8864
Epoch 18/50 - Train Loss: 0.4276 - Train Metric: 0.8826
Epoch 18/50 - Val Metric: 0.8868
Epoch 19/50 - Train Loss: 0.4309 - Train Metric: 0.8810
Epoch 19/50 - Val Metric: 0.8881
Epoch 20/50 - Train Loss: 0.4301 - Train Metric: 0.8812
Epoch 20/50 - Val Metric: 0.8876
Epoch 21/50 - Train Loss: 0.4282 - Train Metric: 0.8819
Epoch 21/50 - Val Metric: 0.8884
Epoch 22/50 - Train Loss: 0.4245 - Train Metric: 0.8847
Epoch 22/50 - Val Metric: 0.8880
Epoch 23/50 - Train Loss: 0.4253 - Train Metric: 0.8837
Epoch 23/50 - Val Metric: 0.8893
Epoch 24/50 - Train Loss: 0.4221 - Train Metric: 0.8850
Epoch 24/50 - Val Metric: 0.8900
Epoch 25/50 - Train Loss: 0.4211 - Train Metric: 0.8859
Epoch 25/50 - Val Metric: 0.8906
Epoch 26/50 - Train Loss: 0.4204 - Train Metric: 0.8864
Epoch 26/50 - Val Metric: 0.8909
Epoch 27/50 - Train Loss: 0.4210 - Train Metric: 0.8865
Epoch 27/50 - Val Metric: 0.8915
Epoch 28/50 - Train Loss: 0.4191 - Train Metric: 0.8868
Epoch 28/50 - Val Metric: 0.8911
Epoch 29/50 - Train Loss: 0.4196 - Train Metric: 0.8869
Epoch 29/50 - Val Metric: 0.8920
Epoch 30/50 - Train Loss: 0.4201 - Train Metric: 0.8864
Epoch 30/50 - Val Metric: 0.8919
Epoch 31/50 - Train Loss: 0.4165 - Train Metric: 0.8885
Epoch 31/50 - Val Metric: 0.8925
Epoch 32/50 - Train Loss: 0.4188 - Train Metric: 0.8873
Epoch 32/50 - Val Metric: 0.8927
Epoch 33/50 - Train Loss: 0.4158 - Train Metric: 0.8888
Epoch 33/50 - Val Metric: 0.8931
Epoch 34/50 - Train Loss: 0.4137 - Train Metric: 0.8900
Epoch 34/50 - Val Metric: 0.8936
Epoch 35/50 - Train Loss: 0.4169 - Train Metric: 0.8885
Epoch 35/50 - Val Metric: 0.8936
Epoch 36/50 - Train Loss: 0.4131 - Train Metric: 0.8897
Epoch 36/50 - Val Metric: 0.8940
Epoch 37/50 - Train Loss: 0.4131 - Train Metric: 0.8904
Epoch 37/50 - Val Metric: 0.8944
Epoch 38/50 - Train Loss: 0.4103 - Train Metric: 0.8916
Epoch 38/50 - Val Metric: 0.8951
Epoch 39/50 - Train Loss: 0.4116 - Train Metric: 0.8913
Epoch 39/50 - Val Metric: 0.8948
Epoch 40/50 - Train Loss: 0.4106 - Train Metric: 0.8915
Epoch 40/50 - Val Metric: 0.8946
Epoch 41/50 - Train Loss: 0.4118 - Train Metric: 0.8912
Epoch 41/50 - Val Metric: 0.8943
Epoch 42/50 - Train Loss: 0.4109 - Train Metric: 0.8920
Epoch 42/50 - Val Metric: 0.8958
Epoch 43/50 - Train Loss: 0.4117 - Train Metric: 0.8908
Epoch 43/50 - Val Metric: 0.8950
Epoch 44/50 - Train Loss: 0.4121 - Train Metric: 0.8910
Epoch 44/50 - Val Metric: 0.8954
Epoch 45/50 - Train Loss: 0.4097 - Train Metric: 0.8920
Epoch 45/50 - Val Metric: 0.8959
Epoch 46/50 - Train Loss: 0.4100 - Train Metric: 0.8919
Epoch 46/50 - Val Metric: 0.8966
Epoch 47/50 - Train Loss: 0.4090 - Train Metric: 0.8923
Epoch 47/50 - Val Metric: 0.8964
Epoch 48/50 - Train Loss: 0.4078 - Train Metric: 0.8936
Epoch 48/50 - Val Metric: 0.8964
Epoch 49/50 - Train Loss: 0.4088 - Train Metric: 0.8925
Epoch 49/50 - Val Metric: 0.8969
Epoch 50/50 - Train Loss: 0.4078 - Train Metric: 0.8932
Epoch 50/50 - Val Metric: 0.8967
Best val: 0.8969, Best test: 0.9040
Training set has 10790 instances
Validation set has 1348 instances
Test set has 1350 instances
Training set has 10790 instances
Validation set has 1348 instances
Test set has 1350 instances
Epoch 1/50 - Train Loss: 0.7035 - Train Metric: 0.4910
Epoch 1/50 - Val Metric: 0.8121
Epoch 2/50 - Train Loss: 0.6985 - Train Metric: 0.5006
Epoch 2/50 - Val Metric: 0.8134
Epoch 3/50 - Train Loss: 0.6953 - Train Metric: 0.5004
Epoch 3/50 - Val Metric: 0.8130
Epoch 4/50 - Train Loss: 0.6940 - Train Metric: 0.4922
Epoch 4/50 - Val Metric: 0.8190
Epoch 5/50 - Train Loss: 0.6958 - Train Metric: 0.4980
Epoch 5/50 - Val Metric: 0.8218
Training set has 10790 instances
Validation set has 1348 instances
Test set has 1350 instances
Epoch 1/50 - Train Loss: 0.7072 - Train Metric: 0.4959
Epoch 1/50 - Val Metric: 0.7799
Epoch 2/50 - Train Loss: 0.6954 - Train Metric: 0.5027
Epoch 2/50 - Val Metric: 0.7801
Epoch 3/50 - Train Loss: 0.6942 - Train Metric: 0.5116
Epoch 3/50 - Val Metric: 0.7924
Epoch 4/50 - Train Loss: 0.6756 - Train Metric: 0.6014
Epoch 4/50 - Val Metric: 0.7944
Epoch 5/50 - Train Loss: 0.6008 - Train Metric: 0.7422
Epoch 5/50 - Val Metric: 0.8232
Epoch 6/50 - Train Loss: 0.5497 - Train Metric: 0.7954
Epoch 6/50 - Val Metric: 0.8497
Epoch 7/50 - Train Loss: 0.5168 - Train Metric: 0.8238
Epoch 7/50 - Val Metric: 0.8672
Epoch 8/50 - Train Loss: 0.4961 - Train Metric: 0.8397
Epoch 8/50 - Val Metric: 0.8805
Epoch 9/50 - Train Loss: 0.4855 - Train Metric: 0.8465
Epoch 9/50 - Val Metric: 0.8887
Epoch 10/50 - Train Loss: 0.4672 - Train Metric: 0.8578
Epoch 10/50 - Val Metric: 0.8936
Epoch 11/50 - Train Loss: 0.4535 - Train Metric: 0.8675
Epoch 11/50 - Val Metric: 0.8969
Epoch 12/50 - Train Loss: 0.4450 - Train Metric: 0.8720
Epoch 12/50 - Val Metric: 0.8997
Epoch 13/50 - Train Loss: 0.4433 - Train Metric: 0.8732
Epoch 13/50 - Val Metric: 0.9012
Epoch 14/50 - Train Loss: 0.4437 - Train Metric: 0.8723
Epoch 14/50 - Val Metric: 0.9022
Epoch 15/50 - Train Loss: 0.4359 - Train Metric: 0.8775
Epoch 15/50 - Val Metric: 0.9028
Epoch 16/50 - Train Loss: 0.4264 - Train Metric: 0.8827
Epoch 16/50 - Val Metric: 0.9053
Epoch 17/50 - Train Loss: 0.4290 - Train Metric: 0.8814
Epoch 17/50 - Val Metric: 0.9051
Epoch 18/50 - Train Loss: 0.4276 - Train Metric: 0.8824
Epoch 18/50 - Val Metric: 0.9078
Epoch 19/50 - Train Loss: 0.4165 - Train Metric: 0.8881
Epoch 19/50 - Val Metric: 0.9073
Epoch 20/50 - Train Loss: 0.4181 - Train Metric: 0.8872
Epoch 20/50 - Val Metric: 0.9084
Epoch 21/50 - Train Loss: 0.4128 - Train Metric: 0.8905
Epoch 21/50 - Val Metric: 0.9081
Epoch 22/50 - Train Loss: 0.4153 - Train Metric: 0.8881
Epoch 22/50 - Val Metric: 0.9107
Epoch 23/50 - Train Loss: 0.4091 - Train Metric: 0.8915
Epoch 23/50 - Val Metric: 0.9001
Epoch 24/50 - Train Loss: 0.4152 - Train Metric: 0.8887
Epoch 24/50 - Val Metric: 0.9115
Epoch 25/50 - Train Loss: 0.4093 - Train Metric: 0.8918
Epoch 25/50 - Val Metric: 0.9127
Epoch 26/50 - Train Loss: 0.4061 - Train Metric: 0.8930
Epoch 26/50 - Val Metric: 0.9135
Epoch 27/50 - Train Loss: 0.4056 - Train Metric: 0.8934
Epoch 27/50 - Val Metric: 0.9133
Epoch 28/50 - Train Loss: 0.4020 - Train Metric: 0.8955
Epoch 28/50 - Val Metric: 0.9132
Epoch 29/50 - Train Loss: 0.4040 - Train Metric: 0.8952
Epoch 29/50 - Val Metric: 0.9104
Epoch 30/50 - Train Loss: 0.4037 - Train Metric: 0.8949
Epoch 30/50 - Val Metric: 0.9134
Epoch 31/50 - Train Loss: 0.3999 - Train Metric: 0.8964
Epoch 31/50 - Val Metric: 0.9144
Epoch 32/50 - Train Loss: 0.4023 - Train Metric: 0.8951
Epoch 32/50 - Val Metric: 0.9134
Epoch 33/50 - Train Loss: 0.4001 - Train Metric: 0.8963
Epoch 33/50 - Val Metric: 0.9116
Epoch 34/50 - Train Loss: 0.3997 - Train Metric: 0.8974
Epoch 34/50 - Val Metric: 0.9139
Epoch 35/50 - Train Loss: 0.3996 - Train Metric: 0.8969
Epoch 35/50 - Val Metric: 0.9134
Epoch 36/50 - Train Loss: 0.3964 - Train Metric: 0.8982
Epoch 36/50 - Val Metric: 0.9146
Epoch 37/50 - Train Loss: 0.3966 - Train Metric: 0.8986
Epoch 37/50 - Val Metric: 0.9146
Epoch 38/50 - Train Loss: 0.3977 - Train Metric: 0.8974
Epoch 38/50 - Val Metric: 0.9141
Epoch 39/50 - Train Loss: 0.3984 - Train Metric: 0.8974
Epoch 39/50 - Val Metric: 0.9149
Epoch 40/50 - Train Loss: 0.3938 - Train Metric: 0.9001
Epoch 40/50 - Val Metric: 0.9151
Epoch 41/50 - Train Loss: 0.3945 - Train Metric: 0.9001
Epoch 41/50 - Val Metric: 0.9148
Epoch 42/50 - Train Loss: 0.3962 - Train Metric: 0.8989
Epoch 42/50 - Val Metric: 0.9153
Epoch 43/50 - Train Loss: 0.3947 - Train Metric: 0.8997
Epoch 43/50 - Val Metric: 0.9155
Epoch 44/50 - Train Loss: 0.3883 - Train Metric: 0.9034
Epoch 44/50 - Val Metric: 0.9149
Epoch 45/50 - Train Loss: 0.3918 - Train Metric: 0.9013
Epoch 45/50 - Val Metric: 0.9154
Epoch 46/50 - Train Loss: 0.3906 - Train Metric: 0.9023
Epoch 46/50 - Val Metric: 0.9164
Epoch 47/50 - Train Loss: 0.3921 - Train Metric: 0.9012
Epoch 47/50 - Val Metric: 0.9169
Epoch 48/50 - Train Loss: 0.3898 - Train Metric: 0.9028
Epoch 48/50 - Val Metric: 0.9158
Epoch 49/50 - Train Loss: 0.3930 - Train Metric: 0.9009
Epoch 49/50 - Val Metric: 0.9172
Epoch 50/50 - Train Loss: 0.3944 - Train Metric: 0.9000
Epoch 50/50 - Val Metric: 0.9167
Best val: 0.9172, Best test: 0.9071
Training set has 10790 instances
Validation set has 1348 instances
Test set has 1350 instances
Epoch 1/50 - Train Loss: 0.6958 - Train Metric: 0.5474
Epoch 1/50 - Val Metric: 0.8071
Epoch 2/50 - Train Loss: 0.5389 - Train Metric: 0.8051
Epoch 2/50 - Val Metric: 0.8876
Epoch 3/50 - Train Loss: 0.4355 - Train Metric: 0.8784
Epoch 3/50 - Val Metric: 0.9016
Epoch 4/50 - Train Loss: 0.4180 - Train Metric: 0.8870
Epoch 4/50 - Val Metric: 0.9066
Epoch 5/50 - Train Loss: 0.3979 - Train Metric: 0.8978
Epoch 5/50 - Val Metric: 0.9077
Epoch 6/50 - Train Loss: 0.3883 - Train Metric: 0.9034
Epoch 6/50 - Val Metric: 0.9127
Epoch 7/50 - Train Loss: 0.3812 - Train Metric: 0.9064
Epoch 7/50 - Val Metric: 0.9166
Epoch 8/50 - Train Loss: 0.3801 - Train Metric: 0.9082
Epoch 8/50 - Val Metric: 0.9183
Epoch 9/50 - Train Loss: 0.3707 - Train Metric: 0.9134
Epoch 9/50 - Val Metric: 0.9215
Epoch 10/50 - Train Loss: 0.3708 - Train Metric: 0.9130
Epoch 10/50 - Val Metric: 0.9225
Epoch 11/50 - Train Loss: 0.3669 - Train Metric: 0.9151
Epoch 11/50 - Val Metric: 0.9234
Epoch 12/50 - Train Loss: 0.3589 - Train Metric: 0.9193
Epoch 12/50 - Val Metric: 0.9245
Epoch 13/50 - Train Loss: 0.3562 - Train Metric: 0.9205
Epoch 13/50 - Val Metric: 0.9235
Epoch 14/50 - Train Loss: 0.3518 - Train Metric: 0.9229
Epoch 14/50 - Val Metric: 0.9270
Epoch 15/50 - Train Loss: 0.3540 - Train Metric: 0.9216
Epoch 15/50 - Val Metric: 0.9271
Epoch 16/50 - Train Loss: 0.3500 - Train Metric: 0.9238
Epoch 16/50 - Val Metric: 0.9298
Epoch 17/50 - Train Loss: 0.3431 - Train Metric: 0.9266
Epoch 17/50 - Val Metric: 0.9275
Epoch 18/50 - Train Loss: 0.3425 - Train Metric: 0.9269
Epoch 18/50 - Val Metric: 0.9322
Epoch 19/50 - Train Loss: 0.3383 - Train Metric: 0.9291
Epoch 19/50 - Val Metric: 0.9360
Epoch 20/50 - Train Loss: 0.3375 - Train Metric: 0.9295
Epoch 20/50 - Val Metric: 0.9294
Epoch 21/50 - Train Loss: 0.3366 - Train Metric: 0.9298
Epoch 21/50 - Val Metric: 0.9314
Epoch 22/50 - Train Loss: 0.3397 - Train Metric: 0.9282
Epoch 22/50 - Val Metric: 0.9342
Epoch 23/50 - Train Loss: 0.3301 - Train Metric: 0.9327
Epoch 23/50 - Val Metric: 0.9334
Epoch 24/50 - Train Loss: 0.3283 - Train Metric: 0.9335
Epoch 24/50 - Val Metric: 0.9336
Epoch 25/50 - Train Loss: 0.3268 - Train Metric: 0.9342
Epoch 25/50 - Val Metric: 0.9337
Epoch 26/50 - Train Loss: 0.3241 - Train Metric: 0.9353
Epoch 26/50 - Val Metric: 0.9350
Epoch 27/50 - Train Loss: 0.3285 - Train Metric: 0.9335
Epoch 27/50 - Val Metric: 0.9378
Epoch 28/50 - Train Loss: 0.3176 - Train Metric: 0.9379
Epoch 28/50 - Val Metric: 0.9373
Epoch 29/50 - Train Loss: 0.3182 - Train Metric: 0.9377
Epoch 29/50 - Val Metric: 0.9394
Epoch 30/50 - Train Loss: 0.3138 - Train Metric: 0.9394
Epoch 30/50 - Val Metric: 0.9374
Epoch 31/50 - Train Loss: 0.3178 - Train Metric: 0.9378
Epoch 31/50 - Val Metric: 0.9407
Epoch 32/50 - Train Loss: 0.3107 - Train Metric: 0.9407
Epoch 32/50 - Val Metric: 0.9394
Epoch 33/50 - Train Loss: 0.3066 - Train Metric: 0.9422
Epoch 33/50 - Val Metric: 0.9399
Epoch 34/50 - Train Loss: 0.3056 - Train Metric: 0.9427
Epoch 34/50 - Val Metric: 0.9385
Epoch 35/50 - Train Loss: 0.3032 - Train Metric: 0.9436
Epoch 35/50 - Val Metric: 0.9408
Epoch 36/50 - Train Loss: 0.3084 - Train Metric: 0.9414
Epoch 36/50 - Val Metric: 0.9391
Epoch 37/50 - Train Loss: 0.3033 - Train Metric: 0.9435
Epoch 37/50 - Val Metric: 0.9399
Epoch 38/50 - Train Loss: 0.3025 - Train Metric: 0.9438
Epoch 38/50 - Val Metric: 0.9402
Epoch 39/50 - Train Loss: 0.3026 - Train Metric: 0.9437
Epoch 39/50 - Val Metric: 0.9410
Epoch 40/50 - Train Loss: 0.2970 - Train Metric: 0.9459
Epoch 40/50 - Val Metric: 0.9412
Epoch 41/50 - Train Loss: 0.2952 - Train Metric: 0.9466
Epoch 41/50 - Val Metric: 0.9406
Epoch 42/50 - Train Loss: 0.2943 - Train Metric: 0.9469
Epoch 42/50 - Val Metric: 0.9416
Epoch 43/50 - Train Loss: 0.2947 - Train Metric: 0.9467
Epoch 43/50 - Val Metric: 0.9418
Epoch 44/50 - Train Loss: 0.2913 - Train Metric: 0.9479
Epoch 44/50 - Val Metric: 0.9384
Epoch 45/50 - Train Loss: 0.2951 - Train Metric: 0.9465
Epoch 45/50 - Val Metric: 0.9408
Epoch 46/50 - Train Loss: 0.2914 - Train Metric: 0.9478
Epoch 46/50 - Val Metric: 0.9394
Epoch 47/50 - Train Loss: 0.2878 - Train Metric: 0.9492
Epoch 47/50 - Val Metric: 0.9401
Epoch 48/50 - Train Loss: 0.2899 - Train Metric: 0.9484
Epoch 48/50 - Val Metric: 0.9394
Epoch 49/50 - Train Loss: 0.2900 - Train Metric: 0.9484
Epoch 49/50 - Val Metric: 0.9406
Epoch 50/50 - Train Loss: 0.2840 - Train Metric: 0.9504
Epoch 50/50 - Val Metric: 0.9417
Best val: 0.9418, Best test: 0.9431
Training set has 10790 instances
Validation set has 1348 instances
Test set has 1350 instances
Training set has 10790 instances
Validation set has 1348 instances
Test set has 1350 instances
Epoch 1/50 - Train Loss: 0.7046 - Train Metric: 0.5004
Epoch 1/50 - Val Metric: 0.7834
Epoch 2/50 - Train Loss: 0.6991 - Train Metric: 0.5076
Epoch 2/50 - Val Metric: 0.7877
Epoch 3/50 - Train Loss: 0.6951 - Train Metric: 0.5069
Epoch 3/50 - Val Metric: 0.7940
Epoch 4/50 - Train Loss: 0.6771 - Train Metric: 0.5823
Epoch 4/50 - Val Metric: 0.8282
Epoch 5/50 - Train Loss: 0.5372 - Train Metric: 0.8064
Epoch 5/50 - Val Metric: 0.8600
Epoch 6/50 - Train Loss: 0.4725 - Train Metric: 0.8547
Epoch 6/50 - Val Metric: 0.8754
Epoch 7/50 - Train Loss: 0.4410 - Train Metric: 0.8748
Epoch 7/50 - Val Metric: 0.8855
Epoch 8/50 - Train Loss: 0.4383 - Train Metric: 0.8765
Epoch 8/50 - Val Metric: 0.8847
Epoch 9/50 - Train Loss: 0.4230 - Train Metric: 0.8848
Epoch 9/50 - Val Metric: 0.8907
Epoch 10/50 - Train Loss: 0.4174 - Train Metric: 0.8881
Epoch 10/50 - Val Metric: 0.8951
Epoch 11/50 - Train Loss: 0.4151 - Train Metric: 0.8895
Epoch 11/50 - Val Metric: 0.9001
Epoch 12/50 - Train Loss: 0.4093 - Train Metric: 0.8922
Epoch 12/50 - Val Metric: 0.8981
Epoch 13/50 - Train Loss: 0.4008 - Train Metric: 0.8966
Epoch 13/50 - Val Metric: 0.9040
Epoch 14/50 - Train Loss: 0.4020 - Train Metric: 0.8957
Epoch 14/50 - Val Metric: 0.8996
Epoch 15/50 - Train Loss: 0.4078 - Train Metric: 0.8935
Epoch 15/50 - Val Metric: 0.9047
Epoch 16/50 - Train Loss: 0.3956 - Train Metric: 0.8997
Epoch 16/50 - Val Metric: 0.9086
Epoch 17/50 - Train Loss: 0.3850 - Train Metric: 0.9054
Epoch 17/50 - Val Metric: 0.9118
Epoch 18/50 - Train Loss: 0.3832 - Train Metric: 0.9063
Epoch 18/50 - Val Metric: 0.9108
Epoch 19/50 - Train Loss: 0.3761 - Train Metric: 0.9104
Epoch 19/50 - Val Metric: 0.9175
Epoch 20/50 - Train Loss: 0.3741 - Train Metric: 0.9114
Epoch 20/50 - Val Metric: 0.9153
Epoch 21/50 - Train Loss: 0.3673 - Train Metric: 0.9145
Epoch 21/50 - Val Metric: 0.9206
Epoch 22/50 - Train Loss: 0.3691 - Train Metric: 0.9142
Epoch 22/50 - Val Metric: 0.9194
Epoch 23/50 - Train Loss: 0.3666 - Train Metric: 0.9154
Epoch 23/50 - Val Metric: 0.9145
Epoch 24/50 - Train Loss: 0.3665 - Train Metric: 0.9158
Epoch 24/50 - Val Metric: 0.9208
Epoch 25/50 - Train Loss: 0.3610 - Train Metric: 0.9182
Epoch 25/50 - Val Metric: 0.9237
Epoch 26/50 - Train Loss: 0.3591 - Train Metric: 0.9190
Epoch 26/50 - Val Metric: 0.9196
Epoch 27/50 - Train Loss: 0.3642 - Train Metric: 0.9168
Epoch 27/50 - Val Metric: 0.9189
Epoch 28/50 - Train Loss: 0.3562 - Train Metric: 0.9204
Epoch 28/50 - Val Metric: 0.9204
Epoch 29/50 - Train Loss: 0.3495 - Train Metric: 0.9239
Epoch 29/50 - Val Metric: 0.9273
Epoch 30/50 - Train Loss: 0.3502 - Train Metric: 0.9237
Epoch 30/50 - Val Metric: 0.9250
Epoch 31/50 - Train Loss: 0.3485 - Train Metric: 0.9245
Epoch 31/50 - Val Metric: 0.9286
Epoch 32/50 - Train Loss: 0.3590 - Train Metric: 0.9193
Epoch 32/50 - Val Metric: 0.9283
Epoch 33/50 - Train Loss: 0.3429 - Train Metric: 0.9271
Epoch 33/50 - Val Metric: 0.9207
Epoch 34/50 - Train Loss: 0.3525 - Train Metric: 0.9227
Epoch 34/50 - Val Metric: 0.9307
Epoch 35/50 - Train Loss: 0.3412 - Train Metric: 0.9278
Epoch 35/50 - Val Metric: 0.9299
Epoch 36/50 - Train Loss: 0.3420 - Train Metric: 0.9277
Epoch 36/50 - Val Metric: 0.9335
Epoch 37/50 - Train Loss: 0.3393 - Train Metric: 0.9289
Epoch 37/50 - Val Metric: 0.9333
Epoch 38/50 - Train Loss: 0.3369 - Train Metric: 0.9296
Epoch 38/50 - Val Metric: 0.9332
Epoch 39/50 - Train Loss: 0.3327 - Train Metric: 0.9315
Epoch 39/50 - Val Metric: 0.9326
Epoch 40/50 - Train Loss: 0.3390 - Train Metric: 0.9288
Epoch 40/50 - Val Metric: 0.9304
Epoch 41/50 - Train Loss: 0.3360 - Train Metric: 0.9300
Epoch 41/50 - Val Metric: 0.9326
Epoch 42/50 - Train Loss: 0.3332 - Train Metric: 0.9313
Epoch 42/50 - Val Metric: 0.9334
Epoch 43/50 - Train Loss: 0.3363 - Train Metric: 0.9300
Epoch 43/50 - Val Metric: 0.9331
Epoch 44/50 - Train Loss: 0.3325 - Train Metric: 0.9317
Epoch 44/50 - Val Metric: 0.9301
Epoch 45/50 - Train Loss: 0.3317 - Train Metric: 0.9318
Epoch 45/50 - Val Metric: 0.9341
Epoch 46/50 - Train Loss: 0.3304 - Train Metric: 0.9325
Epoch 46/50 - Val Metric: 0.9325
Epoch 47/50 - Train Loss: 0.3324 - Train Metric: 0.9318
Epoch 47/50 - Val Metric: 0.9317
Epoch 48/50 - Train Loss: 0.3293 - Train Metric: 0.9330
Epoch 48/50 - Val Metric: 0.9329
Epoch 49/50 - Train Loss: 0.3239 - Train Metric: 0.9353
Epoch 49/50 - Val Metric: 0.9365
Epoch 50/50 - Train Loss: 0.3294 - Train Metric: 0.9330
Epoch 50/50 - Val Metric: 0.9338
Best val: 0.9365, Best test: 0.9324
Training set has 10790 instances
Validation set has 1348 instances
Test set has 1350 instances
Epoch 1/50 - Train Loss: 0.7067 - Train Metric: 0.4964
Epoch 1/50 - Val Metric: 0.7835
Epoch 2/50 - Train Loss: 0.6101 - Train Metric: 0.7099
Epoch 2/50 - Val Metric: 0.8569
Epoch 3/50 - Train Loss: 0.4627 - Train Metric: 0.8626
Epoch 3/50 - Val Metric: 0.8886
Epoch 4/50 - Train Loss: 0.4272 - Train Metric: 0.8836
Epoch 4/50 - Val Metric: 0.8960
Epoch 5/50 - Train Loss: 0.4082 - Train Metric: 0.8938
Epoch 5/50 - Val Metric: 0.9041
Epoch 6/50 - Train Loss: 0.3920 - Train Metric: 0.9019
Epoch 6/50 - Val Metric: 0.9068
Epoch 7/50 - Train Loss: 0.3758 - Train Metric: 0.9098
Epoch 7/50 - Val Metric: 0.9112
Epoch 8/50 - Train Loss: 0.3745 - Train Metric: 0.9114
Epoch 8/50 - Val Metric: 0.9158
Epoch 9/50 - Train Loss: 0.3663 - Train Metric: 0.9153
Epoch 9/50 - Val Metric: 0.9177
Epoch 10/50 - Train Loss: 0.3542 - Train Metric: 0.9212
Epoch 10/50 - Val Metric: 0.9201
Epoch 11/50 - Train Loss: 0.3503 - Train Metric: 0.9228
Epoch 11/50 - Val Metric: 0.9220
Epoch 12/50 - Train Loss: 0.3415 - Train Metric: 0.9271
Epoch 12/50 - Val Metric: 0.9205
Epoch 13/50 - Train Loss: 0.3391 - Train Metric: 0.9282
Epoch 13/50 - Val Metric: 0.9232
Epoch 14/50 - Train Loss: 0.3429 - Train Metric: 0.9263
Epoch 14/50 - Val Metric: 0.9218
Epoch 15/50 - Train Loss: 0.3382 - Train Metric: 0.9288
Epoch 15/50 - Val Metric: 0.9236
Epoch 16/50 - Train Loss: 0.3355 - Train Metric: 0.9301
Epoch 16/50 - Val Metric: 0.9254
Epoch 17/50 - Train Loss: 0.3372 - Train Metric: 0.9293
Epoch 17/50 - Val Metric: 0.9248
Epoch 18/50 - Train Loss: 0.3319 - Train Metric: 0.9316
Epoch 18/50 - Val Metric: 0.9256
Epoch 19/50 - Train Loss: 0.3263 - Train Metric: 0.9340
Epoch 19/50 - Val Metric: 0.9265
Epoch 20/50 - Train Loss: 0.3224 - Train Metric: 0.9356
Epoch 20/50 - Val Metric: 0.9257
Epoch 21/50 - Train Loss: 0.3268 - Train Metric: 0.9339
Epoch 21/50 - Val Metric: 0.9244
Epoch 22/50 - Train Loss: 0.3207 - Train Metric: 0.9363
Epoch 22/50 - Val Metric: 0.9247
Epoch 23/50 - Train Loss: 0.3194 - Train Metric: 0.9370
Epoch 23/50 - Val Metric: 0.9287
Epoch 24/50 - Train Loss: 0.3139 - Train Metric: 0.9393
Epoch 24/50 - Val Metric: 0.9292
Epoch 25/50 - Train Loss: 0.3123 - Train Metric: 0.9399
Epoch 25/50 - Val Metric: 0.9280
Epoch 26/50 - Train Loss: 0.3159 - Train Metric: 0.9384
Epoch 26/50 - Val Metric: 0.9290
Epoch 27/50 - Train Loss: 0.3115 - Train Metric: 0.9402
Epoch 27/50 - Val Metric: 0.9282
Epoch 28/50 - Train Loss: 0.3100 - Train Metric: 0.9409
Epoch 28/50 - Val Metric: 0.9315
Epoch 29/50 - Train Loss: 0.3054 - Train Metric: 0.9427
Epoch 29/50 - Val Metric: 0.9301
Epoch 30/50 - Train Loss: 0.3123 - Train Metric: 0.9399
Epoch 30/50 - Val Metric: 0.9312
Epoch 31/50 - Train Loss: 0.3041 - Train Metric: 0.9433
Epoch 31/50 - Val Metric: 0.9315
Epoch 32/50 - Train Loss: 0.3053 - Train Metric: 0.9429
Epoch 32/50 - Val Metric: 0.9327
Epoch 33/50 - Train Loss: 0.3014 - Train Metric: 0.9443
Epoch 33/50 - Val Metric: 0.9337
Epoch 34/50 - Train Loss: 0.2998 - Train Metric: 0.9449
Epoch 34/50 - Val Metric: 0.9343
Epoch 35/50 - Train Loss: 0.2995 - Train Metric: 0.9452
Epoch 35/50 - Val Metric: 0.9348
Epoch 36/50 - Train Loss: 0.2980 - Train Metric: 0.9457
Epoch 36/50 - Val Metric: 0.9337
Epoch 37/50 - Train Loss: 0.2961 - Train Metric: 0.9463
Epoch 37/50 - Val Metric: 0.9327
Epoch 38/50 - Train Loss: 0.2952 - Train Metric: 0.9466
Epoch 38/50 - Val Metric: 0.9338
Epoch 39/50 - Train Loss: 0.2963 - Train Metric: 0.9463
Epoch 39/50 - Val Metric: 0.9331
Epoch 40/50 - Train Loss: 0.2905 - Train Metric: 0.9484
Epoch 40/50 - Val Metric: 0.9351
Epoch 41/50 - Train Loss: 0.2957 - Train Metric: 0.9464
Epoch 41/50 - Val Metric: 0.9351
Epoch 42/50 - Train Loss: 0.2906 - Train Metric: 0.9483
Epoch 42/50 - Val Metric: 0.9328
Epoch 43/50 - Train Loss: 0.2926 - Train Metric: 0.9476
Epoch 43/50 - Val Metric: 0.9348
Epoch 44/50 - Train Loss: 0.2897 - Train Metric: 0.9487
Epoch 44/50 - Val Metric: 0.9357
Epoch 45/50 - Train Loss: 0.2898 - Train Metric: 0.9486
Epoch 45/50 - Val Metric: 0.9349
Epoch 46/50 - Train Loss: 0.2880 - Train Metric: 0.9493
Epoch 46/50 - Val Metric: 0.9351
Epoch 47/50 - Train Loss: 0.2889 - Train Metric: 0.9490
Epoch 47/50 - Val Metric: 0.9351
Epoch 48/50 - Train Loss: 0.2886 - Train Metric: 0.9491
Epoch 48/50 - Val Metric: 0.9361
Epoch 49/50 - Train Loss: 0.2846 - Train Metric: 0.9505
Epoch 49/50 - Val Metric: 0.9358
Epoch 50/50 - Train Loss: 0.2873 - Train Metric: 0.9496
Epoch 50/50 - Val Metric: 0.9354
Best val: 0.9361, Best test: 0.9531
Training set has 10790 instances
Validation set has 1348 instances
Test set has 1350 instances
Training set has 10790 instances
Validation set has 1348 instances
Test set has 1350 instances
Epoch 1/50 - Train Loss: 0.6946 - Train Metric: 0.4973
Epoch 1/50 - Val Metric: 0.7935
Epoch 2/50 - Train Loss: 0.6438 - Train Metric: 0.6486
Epoch 2/50 - Val Metric: 0.8511
Epoch 3/50 - Train Loss: 0.4666 - Train Metric: 0.8591
Epoch 3/50 - Val Metric: 0.8957
Epoch 4/50 - Train Loss: 0.4136 - Train Metric: 0.8911
Epoch 4/50 - Val Metric: 0.9069
Epoch 5/50 - Train Loss: 0.3979 - Train Metric: 0.8994
Epoch 5/50 - Val Metric: 0.9096
Epoch 6/50 - Train Loss: 0.3919 - Train Metric: 0.9023
Epoch 6/50 - Val Metric: 0.9161
Epoch 7/50 - Train Loss: 0.3757 - Train Metric: 0.9107
Epoch 7/50 - Val Metric: 0.9186
Epoch 8/50 - Train Loss: 0.3633 - Train Metric: 0.9169
Epoch 8/50 - Val Metric: 0.9216
Epoch 9/50 - Train Loss: 0.3576 - Train Metric: 0.9199
Epoch 9/50 - Val Metric: 0.9225
Epoch 10/50 - Train Loss: 0.3496 - Train Metric: 0.9236
Epoch 10/50 - Val Metric: 0.9237
Epoch 11/50 - Train Loss: 0.3505 - Train Metric: 0.9237
Epoch 11/50 - Val Metric: 0.9285
Epoch 12/50 - Train Loss: 0.3503 - Train Metric: 0.9238
Epoch 12/50 - Val Metric: 0.9293
Epoch 13/50 - Train Loss: 0.3461 - Train Metric: 0.9256
Epoch 13/50 - Val Metric: 0.9313
Epoch 14/50 - Train Loss: 0.3358 - Train Metric: 0.9303
Epoch 14/50 - Val Metric: 0.9324
Epoch 15/50 - Train Loss: 0.3322 - Train Metric: 0.9320
Epoch 15/50 - Val Metric: 0.9336
Epoch 16/50 - Train Loss: 0.3322 - Train Metric: 0.9319
Epoch 16/50 - Val Metric: 0.9322
Epoch 17/50 - Train Loss: 0.3344 - Train Metric: 0.9308
Epoch 17/50 - Val Metric: 0.9351
Epoch 18/50 - Train Loss: 0.3314 - Train Metric: 0.9322
Epoch 18/50 - Val Metric: 0.9336
Epoch 19/50 - Train Loss: 0.3310 - Train Metric: 0.9324
Epoch 19/50 - Val Metric: 0.9372
Epoch 20/50 - Train Loss: 0.3305 - Train Metric: 0.9327
Epoch 20/50 - Val Metric: 0.9389
Epoch 21/50 - Train Loss: 0.3226 - Train Metric: 0.9357
Epoch 21/50 - Val Metric: 0.9353
Epoch 22/50 - Train Loss: 0.3223 - Train Metric: 0.9359
Epoch 22/50 - Val Metric: 0.9379
Epoch 23/50 - Train Loss: 0.3219 - Train Metric: 0.9359
Epoch 23/50 - Val Metric: 0.9415
Epoch 24/50 - Train Loss: 0.3195 - Train Metric: 0.9372
Epoch 24/50 - Val Metric: 0.9373
Epoch 25/50 - Train Loss: 0.3144 - Train Metric: 0.9393
Epoch 25/50 - Val Metric: 0.9418
Epoch 26/50 - Train Loss: 0.3098 - Train Metric: 0.9411
Epoch 26/50 - Val Metric: 0.9421
Epoch 27/50 - Train Loss: 0.3196 - Train Metric: 0.9370
Epoch 27/50 - Val Metric: 0.9403
Epoch 28/50 - Train Loss: 0.3124 - Train Metric: 0.9400
Epoch 28/50 - Val Metric: 0.9385
Epoch 29/50 - Train Loss: 0.3067 - Train Metric: 0.9423
Epoch 29/50 - Val Metric: 0.9423
Epoch 30/50 - Train Loss: 0.3064 - Train Metric: 0.9423
Epoch 30/50 - Val Metric: 0.9457
Epoch 31/50 - Train Loss: 0.2983 - Train Metric: 0.9455
Epoch 31/50 - Val Metric: 0.9464
Epoch 32/50 - Train Loss: 0.3031 - Train Metric: 0.9435
Epoch 32/50 - Val Metric: 0.9458
Epoch 33/50 - Train Loss: 0.2932 - Train Metric: 0.9473
Epoch 33/50 - Val Metric: 0.9461
Epoch 34/50 - Train Loss: 0.3046 - Train Metric: 0.9428
Epoch 34/50 - Val Metric: 0.9464
Epoch 35/50 - Train Loss: 0.2987 - Train Metric: 0.9451
Epoch 35/50 - Val Metric: 0.9437
Epoch 36/50 - Train Loss: 0.2997 - Train Metric: 0.9449
Epoch 36/50 - Val Metric: 0.9448
Epoch 37/50 - Train Loss: 0.2986 - Train Metric: 0.9452
Epoch 37/50 - Val Metric: 0.9466
Epoch 38/50 - Train Loss: 0.2942 - Train Metric: 0.9469
Epoch 38/50 - Val Metric: 0.9474
Epoch 39/50 - Train Loss: 0.2908 - Train Metric: 0.9481
Epoch 39/50 - Val Metric: 0.9448
Epoch 40/50 - Train Loss: 0.2975 - Train Metric: 0.9456
Epoch 40/50 - Val Metric: 0.9372
Epoch 41/50 - Train Loss: 0.2946 - Train Metric: 0.9467
Epoch 41/50 - Val Metric: 0.9436
Epoch 42/50 - Train Loss: 0.2902 - Train Metric: 0.9482
Epoch 42/50 - Val Metric: 0.9458
Epoch 43/50 - Train Loss: 0.2874 - Train Metric: 0.9494
Epoch 43/50 - Val Metric: 0.9401
Epoch 44/50 - Train Loss: 0.2884 - Train Metric: 0.9488
Epoch 44/50 - Val Metric: 0.9464
Epoch 45/50 - Train Loss: 0.2854 - Train Metric: 0.9501
Epoch 45/50 - Val Metric: 0.9508
Epoch 46/50 - Train Loss: 0.2963 - Train Metric: 0.9461
Epoch 46/50 - Val Metric: 0.9470
Epoch 47/50 - Train Loss: 0.2807 - Train Metric: 0.9516
Epoch 47/50 - Val Metric: 0.9479
Epoch 48/50 - Train Loss: 0.2811 - Train Metric: 0.9515
Epoch 48/50 - Val Metric: 0.9465
Epoch 49/50 - Train Loss: 0.2863 - Train Metric: 0.9499
Epoch 49/50 - Val Metric: 0.9493
Epoch 50/50 - Train Loss: 0.2796 - Train Metric: 0.9519
Epoch 50/50 - Val Metric: 0.9499
Best val: 0.9508, Best test: 0.9568
Training set has 10790 instances
Validation set has 1348 instances
Test set has 1350 instances
Epoch 1/50 - Train Loss: 0.6982 - Train Metric: 0.5106
Epoch 1/50 - Val Metric: 0.7916
Epoch 2/50 - Train Loss: 0.5400 - Train Metric: 0.8028
Epoch 2/50 - Val Metric: 0.8790
Epoch 3/50 - Train Loss: 0.4476 - Train Metric: 0.8692
Epoch 3/50 - Val Metric: 0.8922
Epoch 4/50 - Train Loss: 0.4355 - Train Metric: 0.8764
Epoch 4/50 - Val Metric: 0.9018
Epoch 5/50 - Train Loss: 0.4093 - Train Metric: 0.8923
Epoch 5/50 - Val Metric: 0.9078
Epoch 6/50 - Train Loss: 0.3907 - Train Metric: 0.9031
Epoch 6/50 - Val Metric: 0.9216
Epoch 7/50 - Train Loss: 0.3860 - Train Metric: 0.9057
Epoch 7/50 - Val Metric: 0.9222
Epoch 8/50 - Train Loss: 0.3761 - Train Metric: 0.9112
Epoch 8/50 - Val Metric: 0.9254
Epoch 9/50 - Train Loss: 0.3664 - Train Metric: 0.9163
Epoch 9/50 - Val Metric: 0.9298
Epoch 10/50 - Train Loss: 0.3707 - Train Metric: 0.9136
Epoch 10/50 - Val Metric: 0.9307
Epoch 11/50 - Train Loss: 0.3705 - Train Metric: 0.9139
Epoch 11/50 - Val Metric: 0.9298
Epoch 12/50 - Train Loss: 0.3676 - Train Metric: 0.9154
Epoch 12/50 - Val Metric: 0.9305
Epoch 13/50 - Train Loss: 0.3607 - Train Metric: 0.9187
Epoch 13/50 - Val Metric: 0.9305
Epoch 14/50 - Train Loss: 0.3573 - Train Metric: 0.9205
Epoch 14/50 - Val Metric: 0.9299
Epoch 15/50 - Train Loss: 0.3520 - Train Metric: 0.9230
Epoch 15/50 - Val Metric: 0.9320
Epoch 16/50 - Train Loss: 0.3543 - Train Metric: 0.9220
Epoch 16/50 - Val Metric: 0.9315
Epoch 17/50 - Train Loss: 0.3479 - Train Metric: 0.9249
Epoch 17/50 - Val Metric: 0.9329
Epoch 18/50 - Train Loss: 0.3554 - Train Metric: 0.9214
Epoch 18/50 - Val Metric: 0.9325
Epoch 19/50 - Train Loss: 0.3545 - Train Metric: 0.9220
Epoch 19/50 - Val Metric: 0.9350
Epoch 20/50 - Train Loss: 0.3516 - Train Metric: 0.9230
Epoch 20/50 - Val Metric: 0.9340
Epoch 21/50 - Train Loss: 0.3476 - Train Metric: 0.9251
Epoch 21/50 - Val Metric: 0.9353
Epoch 22/50 - Train Loss: 0.3445 - Train Metric: 0.9262
Epoch 22/50 - Val Metric: 0.9355
Epoch 23/50 - Train Loss: 0.3447 - Train Metric: 0.9264
Epoch 23/50 - Val Metric: 0.9365
Epoch 24/50 - Train Loss: 0.3434 - Train Metric: 0.9267
Epoch 24/50 - Val Metric: 0.9374
Epoch 25/50 - Train Loss: 0.3440 - Train Metric: 0.9266
Epoch 25/50 - Val Metric: 0.9363
Epoch 26/50 - Train Loss: 0.3411 - Train Metric: 0.9281
Epoch 26/50 - Val Metric: 0.9367
Epoch 27/50 - Train Loss: 0.3388 - Train Metric: 0.9289
Epoch 27/50 - Val Metric: 0.9371
Epoch 28/50 - Train Loss: 0.3410 - Train Metric: 0.9279
Epoch 28/50 - Val Metric: 0.9380
Epoch 29/50 - Train Loss: 0.3429 - Train Metric: 0.9273
Epoch 29/50 - Val Metric: 0.9369
Epoch 30/50 - Train Loss: 0.3380 - Train Metric: 0.9294
Epoch 30/50 - Val Metric: 0.9396
Epoch 31/50 - Train Loss: 0.3362 - Train Metric: 0.9303
Epoch 31/50 - Val Metric: 0.9373
Epoch 32/50 - Train Loss: 0.3376 - Train Metric: 0.9295
Epoch 32/50 - Val Metric: 0.9356
Epoch 33/50 - Train Loss: 0.3429 - Train Metric: 0.9274
Epoch 33/50 - Val Metric: 0.9392
Epoch 34/50 - Train Loss: 0.3375 - Train Metric: 0.9296
Epoch 34/50 - Val Metric: 0.9361
Epoch 35/50 - Train Loss: 0.3292 - Train Metric: 0.9331
Epoch 35/50 - Val Metric: 0.9378
Epoch 36/50 - Train Loss: 0.3334 - Train Metric: 0.9315
Epoch 36/50 - Val Metric: 0.9394
Epoch 37/50 - Train Loss: 0.3343 - Train Metric: 0.9309
Epoch 37/50 - Val Metric: 0.9386
Epoch 38/50 - Train Loss: 0.3337 - Train Metric: 0.9313
Epoch 38/50 - Val Metric: 0.9374
Epoch 39/50 - Train Loss: 0.3282 - Train Metric: 0.9337
Epoch 39/50 - Val Metric: 0.9383
Epoch 40/50 - Train Loss: 0.3304 - Train Metric: 0.9328
Epoch 40/50 - Val Metric: 0.9377
Epoch 41/50 - Train Loss: 0.3276 - Train Metric: 0.9341
Epoch 41/50 - Val Metric: 0.9399
Epoch 42/50 - Train Loss: 0.3266 - Train Metric: 0.9344
Epoch 42/50 - Val Metric: 0.9376
Epoch 43/50 - Train Loss: 0.3283 - Train Metric: 0.9336
Epoch 43/50 - Val Metric: 0.9399
Epoch 44/50 - Train Loss: 0.3285 - Train Metric: 0.9335
Epoch 44/50 - Val Metric: 0.9386
Epoch 45/50 - Train Loss: 0.3280 - Train Metric: 0.9337
Epoch 45/50 - Val Metric: 0.9397
Epoch 46/50 - Train Loss: 0.3243 - Train Metric: 0.9353
Epoch 46/50 - Val Metric: 0.9410
Epoch 47/50 - Train Loss: 0.3258 - Train Metric: 0.9349
Epoch 47/50 - Val Metric: 0.9393
Epoch 48/50 - Train Loss: 0.3257 - Train Metric: 0.9348
Epoch 48/50 - Val Metric: 0.9385
Epoch 49/50 - Train Loss: 0.3236 - Train Metric: 0.9355
Epoch 49/50 - Val Metric: 0.9416
Epoch 50/50 - Train Loss: 0.3240 - Train Metric: 0.9356
Epoch 50/50 - Val Metric: 0.9419
Best val: 0.9419, Best test: 0.9449
Training set has 10790 instances
Validation set has 1348 instances
Test set has 1350 instances
Training set has 10790 instances
Validation set has 1348 instances
Test set has 1350 instances
Epoch 1/50 - Train Loss: 0.6967 - Train Metric: 0.4957
Epoch 1/50 - Val Metric: 0.7862
Training set has 10790 instances
Validation set has 1348 instances
Test set has 1350 instances
Training set has 10790 instances
Validation set has 1348 instances
Test set has 1350 instances
Epoch 1/50 - Train Loss: 0.7011 - Train Metric: 0.5047
Epoch 1/50 - Val Metric: 0.8051
Epoch 2/50 - Train Loss: 0.6987 - Train Metric: 0.4941
Epoch 2/50 - Val Metric: 0.8000
Epoch 3/50 - Train Loss: 0.6950 - Train Metric: 0.5079
Epoch 3/50 - Val Metric: 0.7999
Epoch 4/50 - Train Loss: 0.6587 - Train Metric: 0.6377
Epoch 4/50 - Val Metric: 0.8603
Epoch 5/50 - Train Loss: 0.5035 - Train Metric: 0.8318
Epoch 5/50 - Val Metric: 0.8952
Epoch 6/50 - Train Loss: 0.4401 - Train Metric: 0.8752
Epoch 6/50 - Val Metric: 0.9137
Epoch 7/50 - Train Loss: 0.4100 - Train Metric: 0.8935
Epoch 7/50 - Val Metric: 0.9180
Epoch 8/50 - Train Loss: 0.3877 - Train Metric: 0.9047
Epoch 8/50 - Val Metric: 0.9211
Epoch 9/50 - Train Loss: 0.3743 - Train Metric: 0.9115
Epoch 9/50 - Val Metric: 0.9296
Epoch 10/50 - Train Loss: 0.3613 - Train Metric: 0.9179
Epoch 10/50 - Val Metric: 0.9340
Epoch 11/50 - Train Loss: 0.3657 - Train Metric: 0.9161
Epoch 11/50 - Val Metric: 0.9363
Epoch 12/50 - Train Loss: 0.3604 - Train Metric: 0.9189
Epoch 12/50 - Val Metric: 0.9393
Epoch 13/50 - Train Loss: 0.3545 - Train Metric: 0.9216
Epoch 13/50 - Val Metric: 0.9366
Epoch 14/50 - Train Loss: 0.3441 - Train Metric: 0.9265
Epoch 14/50 - Val Metric: 0.9426
Epoch 15/50 - Train Loss: 0.3435 - Train Metric: 0.9268
Epoch 15/50 - Val Metric: 0.9436
Epoch 16/50 - Train Loss: 0.3460 - Train Metric: 0.9258
Epoch 16/50 - Val Metric: 0.9398
Epoch 17/50 - Train Loss: 0.3348 - Train Metric: 0.9308
Epoch 17/50 - Val Metric: 0.9409
Epoch 18/50 - Train Loss: 0.3345 - Train Metric: 0.9307
Epoch 18/50 - Val Metric: 0.9455
Epoch 19/50 - Train Loss: 0.3285 - Train Metric: 0.9335
Epoch 19/50 - Val Metric: 0.9498
Epoch 20/50 - Train Loss: 0.3305 - Train Metric: 0.9325
Epoch 20/50 - Val Metric: 0.9473
Epoch 21/50 - Train Loss: 0.3249 - Train Metric: 0.9347
Epoch 21/50 - Val Metric: 0.9497
Epoch 22/50 - Train Loss: 0.3232 - Train Metric: 0.9357
Epoch 22/50 - Val Metric: 0.9443
Epoch 23/50 - Train Loss: 0.3224 - Train Metric: 0.9361
Epoch 23/50 - Val Metric: 0.9505
Epoch 24/50 - Train Loss: 0.3265 - Train Metric: 0.9341
Epoch 24/50 - Val Metric: 0.9519
Epoch 25/50 - Train Loss: 0.3218 - Train Metric: 0.9361
Epoch 25/50 - Val Metric: 0.9516
Epoch 26/50 - Train Loss: 0.3157 - Train Metric: 0.9387
Epoch 26/50 - Val Metric: 0.9477
Epoch 27/50 - Train Loss: 0.3186 - Train Metric: 0.9376
Epoch 27/50 - Val Metric: 0.9437
Epoch 28/50 - Train Loss: 0.3214 - Train Metric: 0.9366
Epoch 28/50 - Val Metric: 0.9515
Epoch 29/50 - Train Loss: 0.3212 - Train Metric: 0.9365
Epoch 29/50 - Val Metric: 0.9485
Epoch 30/50 - Train Loss: 0.3236 - Train Metric: 0.9355
Epoch 30/50 - Val Metric: 0.9464
Epoch 31/50 - Train Loss: 0.3232 - Train Metric: 0.9356
Epoch 31/50 - Val Metric: 0.9466
Epoch 32/50 - Train Loss: 0.3211 - Train Metric: 0.9365
Epoch 32/50 - Val Metric: 0.9476
Epoch 33/50 - Train Loss: 0.3140 - Train Metric: 0.9394
Epoch 33/50 - Val Metric: 0.9464
Epoch 34/50 - Train Loss: 0.3174 - Train Metric: 0.9381
Epoch 34/50 - Val Metric: 0.9491
Epoch 35/50 - Train Loss: 0.3151 - Train Metric: 0.9391
Epoch 35/50 - Val Metric: 0.9520
Epoch 36/50 - Train Loss: 0.3119 - Train Metric: 0.9403
Epoch 36/50 - Val Metric: 0.9531
Epoch 37/50 - Train Loss: 0.3121 - Train Metric: 0.9402
Epoch 37/50 - Val Metric: 0.9479
Epoch 38/50 - Train Loss: 0.3069 - Train Metric: 0.9423
Epoch 38/50 - Val Metric: 0.9516
Epoch 39/50 - Train Loss: 0.3078 - Train Metric: 0.9418
Epoch 39/50 - Val Metric: 0.9549
Epoch 40/50 - Train Loss: 0.3107 - Train Metric: 0.9408
Epoch 40/50 - Val Metric: 0.9551
Epoch 41/50 - Train Loss: 0.3084 - Train Metric: 0.9417
Epoch 41/50 - Val Metric: 0.9540
Epoch 42/50 - Train Loss: 0.3111 - Train Metric: 0.9406
Epoch 42/50 - Val Metric: 0.9532
Epoch 43/50 - Train Loss: 0.3055 - Train Metric: 0.9427
Epoch 43/50 - Val Metric: 0.9541
Epoch 44/50 - Train Loss: 0.3048 - Train Metric: 0.9430
Epoch 44/50 - Val Metric: 0.9547
Epoch 45/50 - Train Loss: 0.3048 - Train Metric: 0.9429
Epoch 45/50 - Val Metric: 0.9537
Epoch 46/50 - Train Loss: 0.3062 - Train Metric: 0.9425
Epoch 46/50 - Val Metric: 0.9525
Epoch 47/50 - Train Loss: 0.3100 - Train Metric: 0.9410
Epoch 47/50 - Val Metric: 0.9521
Epoch 48/50 - Train Loss: 0.3096 - Train Metric: 0.9412
Epoch 48/50 - Val Metric: 0.9441
Epoch 49/50 - Train Loss: 0.3174 - Train Metric: 0.9381
Epoch 49/50 - Val Metric: 0.9521
Epoch 50/50 - Train Loss: 0.3053 - Train Metric: 0.9428
Epoch 50/50 - Val Metric: 0.9537
Best val: 0.9551, Best test: 0.9283
Training set has 10790 instances
Validation set has 1348 instances
Test set has 1350 instances
Epoch 1/50 - Train Loss: 0.6967 - Train Metric: 0.4931
Epoch 1/50 - Val Metric: 0.7878
Hyper-parameter search done. Found the best config.
Repeat experiments 5 times with the best train config {'batch_size': 128, 'gamma_rate': 1.0, 'base_lr': 0.001} and model config {'num_heads': 4, 'num_layers': 8, 'num_latents': 32, 'hidden_dim': 64, 'mlp_ratio': 0.5, 'dropout_prob': 0.2, 'top_k': 3}.
Training set has 10790 instances
Validation set has 1348 instances
Test set has 1350 instances
Epoch 1/50 - Train Loss: 0.7017 - Train Metric: 0.4985
Epoch 1/50 - Val Metric: 0.7876
Epoch 2/50 - Train Loss: 0.6944 - Train Metric: 0.5012
Epoch 2/50 - Val Metric: 0.7844
Epoch 3/50 - Train Loss: 0.6949 - Train Metric: 0.4997
Epoch 3/50 - Val Metric: 0.7871
Epoch 4/50 - Train Loss: 0.5575 - Train Metric: 0.7759
Epoch 4/50 - Val Metric: 0.8685
Epoch 5/50 - Train Loss: 0.4297 - Train Metric: 0.8819
Epoch 5/50 - Val Metric: 0.8970
Epoch 6/50 - Train Loss: 0.4145 - Train Metric: 0.8898
Epoch 6/50 - Val Metric: 0.8974
Epoch 7/50 - Train Loss: 0.3994 - Train Metric: 0.8991
Epoch 7/50 - Val Metric: 0.9151
Epoch 8/50 - Train Loss: 0.3780 - Train Metric: 0.9105
Epoch 8/50 - Val Metric: 0.9177
Epoch 9/50 - Train Loss: 0.3700 - Train Metric: 0.9145
Epoch 9/50 - Val Metric: 0.9243
Epoch 10/50 - Train Loss: 0.3632 - Train Metric: 0.9175
Epoch 10/50 - Val Metric: 0.9254
Epoch 11/50 - Train Loss: 0.3605 - Train Metric: 0.9189
Epoch 11/50 - Val Metric: 0.9325
Epoch 12/50 - Train Loss: 0.3583 - Train Metric: 0.9203
Epoch 12/50 - Val Metric: 0.9376
Epoch 13/50 - Train Loss: 0.3483 - Train Metric: 0.9249
Epoch 13/50 - Val Metric: 0.9347
Epoch 14/50 - Train Loss: 0.3491 - Train Metric: 0.9246
Epoch 14/50 - Val Metric: 0.9345
Epoch 15/50 - Train Loss: 0.3432 - Train Metric: 0.9272
Epoch 15/50 - Val Metric: 0.9381
Epoch 16/50 - Train Loss: 0.3455 - Train Metric: 0.9262
Epoch 16/50 - Val Metric: 0.9357
Epoch 17/50 - Train Loss: 0.3355 - Train Metric: 0.9306
Epoch 17/50 - Val Metric: 0.9398
Epoch 18/50 - Train Loss: 0.3300 - Train Metric: 0.9331
Epoch 18/50 - Val Metric: 0.9392
Epoch 19/50 - Train Loss: 0.3330 - Train Metric: 0.9316
Epoch 19/50 - Val Metric: 0.9403
Epoch 20/50 - Train Loss: 0.3258 - Train Metric: 0.9347
Epoch 20/50 - Val Metric: 0.9404
Epoch 21/50 - Train Loss: 0.3323 - Train Metric: 0.9321
Epoch 21/50 - Val Metric: 0.9390
Epoch 22/50 - Train Loss: 0.3333 - Train Metric: 0.9315
Epoch 22/50 - Val Metric: 0.9398
Epoch 23/50 - Train Loss: 0.3338 - Train Metric: 0.9314
Epoch 23/50 - Val Metric: 0.9427
Epoch 24/50 - Train Loss: 0.3242 - Train Metric: 0.9355
Epoch 24/50 - Val Metric: 0.9432
Epoch 25/50 - Train Loss: 0.3189 - Train Metric: 0.9375
Epoch 25/50 - Val Metric: 0.9400
Epoch 26/50 - Train Loss: 0.3190 - Train Metric: 0.9376
Epoch 26/50 - Val Metric: 0.9400
Epoch 27/50 - Train Loss: 0.3281 - Train Metric: 0.9338
Epoch 27/50 - Val Metric: 0.9425
Epoch 28/50 - Train Loss: 0.3191 - Train Metric: 0.9375
Epoch 28/50 - Val Metric: 0.9441
Epoch 29/50 - Train Loss: 0.3174 - Train Metric: 0.9382
Epoch 29/50 - Val Metric: 0.9442
Epoch 30/50 - Train Loss: 0.3162 - Train Metric: 0.9386
Epoch 30/50 - Val Metric: 0.9451
Epoch 31/50 - Train Loss: 0.3162 - Train Metric: 0.9386
Epoch 31/50 - Val Metric: 0.9472
Epoch 32/50 - Train Loss: 0.3126 - Train Metric: 0.9400
Epoch 32/50 - Val Metric: 0.9467
Epoch 33/50 - Train Loss: 0.3174 - Train Metric: 0.9382
Epoch 33/50 - Val Metric: 0.9478
Epoch 34/50 - Train Loss: 0.3148 - Train Metric: 0.9391
Epoch 34/50 - Val Metric: 0.9500
Epoch 35/50 - Train Loss: 0.3055 - Train Metric: 0.9427
Epoch 35/50 - Val Metric: 0.9441
Epoch 36/50 - Train Loss: 0.3100 - Train Metric: 0.9410
Epoch 36/50 - Val Metric: 0.9471
Epoch 37/50 - Train Loss: 0.3055 - Train Metric: 0.9429
Epoch 37/50 - Val Metric: 0.9422
Epoch 38/50 - Train Loss: 0.3051 - Train Metric: 0.9430
Epoch 38/50 - Val Metric: 0.9472
Epoch 39/50 - Train Loss: 0.3005 - Train Metric: 0.9446
Epoch 39/50 - Val Metric: 0.9500
Epoch 40/50 - Train Loss: 0.3044 - Train Metric: 0.9431
Epoch 40/50 - Val Metric: 0.9476
Epoch 41/50 - Train Loss: 0.3005 - Train Metric: 0.9447
Epoch 41/50 - Val Metric: 0.9493
Epoch 42/50 - Train Loss: 0.3056 - Train Metric: 0.9428
Epoch 42/50 - Val Metric: 0.9473
Epoch 43/50 - Train Loss: 0.3050 - Train Metric: 0.9430
Epoch 43/50 - Val Metric: 0.9501
Epoch 44/50 - Train Loss: 0.3033 - Train Metric: 0.9437
Epoch 44/50 - Val Metric: 0.9530
Epoch 45/50 - Train Loss: 0.2981 - Train Metric: 0.9456
Epoch 45/50 - Val Metric: 0.9459
Epoch 46/50 - Train Loss: 0.2997 - Train Metric: 0.9449
Epoch 46/50 - Val Metric: 0.9493
Epoch 47/50 - Train Loss: 0.2980 - Train Metric: 0.9457
Epoch 47/50 - Val Metric: 0.9467
Epoch 48/50 - Train Loss: 0.3009 - Train Metric: 0.9445
Epoch 48/50 - Val Metric: 0.9489
Epoch 49/50 - Train Loss: 0.2961 - Train Metric: 0.9463
Epoch 49/50 - Val Metric: 0.9503
Epoch 50/50 - Train Loss: 0.2956 - Train Metric: 0.9465
Epoch 50/50 - Val Metric: 0.9516
Best val: 0.9530, Best test: 0.9456
Training set has 10790 instances
Validation set has 1348 instances
Test set has 1350 instances
Epoch 1/50 - Train Loss: 0.6988 - Train Metric: 0.4929
Epoch 1/50 - Val Metric: 0.7862
Epoch 2/50 - Train Loss: 0.7000 - Train Metric: 0.5060
Epoch 2/50 - Val Metric: 0.7790
Epoch 3/50 - Train Loss: 0.6908 - Train Metric: 0.5389
Epoch 3/50 - Val Metric: 0.7687
Epoch 4/50 - Train Loss: 0.5205 - Train Metric: 0.8189
Epoch 4/50 - Val Metric: 0.8664
Epoch 5/50 - Train Loss: 0.4529 - Train Metric: 0.8677
Epoch 5/50 - Val Metric: 0.8664
Epoch 6/50 - Train Loss: 0.4182 - Train Metric: 0.8885
Epoch 6/50 - Val Metric: 0.8803
Epoch 7/50 - Train Loss: 0.4010 - Train Metric: 0.8975
Epoch 7/50 - Val Metric: 0.8827
Epoch 8/50 - Train Loss: 0.4008 - Train Metric: 0.8976
Epoch 8/50 - Val Metric: 0.8864
Epoch 9/50 - Train Loss: 0.3989 - Train Metric: 0.8990
Epoch 9/50 - Val Metric: 0.8869
Epoch 10/50 - Train Loss: 0.3851 - Train Metric: 0.9068
Epoch 10/50 - Val Metric: 0.8920
Epoch 11/50 - Train Loss: 0.3800 - Train Metric: 0.9090
Epoch 11/50 - Val Metric: 0.8945
Epoch 12/50 - Train Loss: 0.3704 - Train Metric: 0.9144
Epoch 12/50 - Val Metric: 0.9009
Epoch 13/50 - Train Loss: 0.3659 - Train Metric: 0.9167
Epoch 13/50 - Val Metric: 0.9025
Epoch 14/50 - Train Loss: 0.3597 - Train Metric: 0.9193
Epoch 14/50 - Val Metric: 0.9093
Epoch 15/50 - Train Loss: 0.3503 - Train Metric: 0.9239
Epoch 15/50 - Val Metric: 0.9120
Epoch 16/50 - Train Loss: 0.3476 - Train Metric: 0.9249
Epoch 16/50 - Val Metric: 0.9138
Epoch 17/50 - Train Loss: 0.3395 - Train Metric: 0.9289
Epoch 17/50 - Val Metric: 0.9113
Epoch 18/50 - Train Loss: 0.3465 - Train Metric: 0.9255
Epoch 18/50 - Val Metric: 0.9134
Epoch 19/50 - Train Loss: 0.3447 - Train Metric: 0.9263
Epoch 19/50 - Val Metric: 0.9181
Epoch 20/50 - Train Loss: 0.3336 - Train Metric: 0.9312
Epoch 20/50 - Val Metric: 0.9162
Epoch 21/50 - Train Loss: 0.3353 - Train Metric: 0.9305
Epoch 21/50 - Val Metric: 0.9135
Epoch 22/50 - Train Loss: 0.3326 - Train Metric: 0.9316
Epoch 22/50 - Val Metric: 0.9178
Epoch 23/50 - Train Loss: 0.3314 - Train Metric: 0.9322
Epoch 23/50 - Val Metric: 0.9192
Epoch 24/50 - Train Loss: 0.3235 - Train Metric: 0.9355
Epoch 24/50 - Val Metric: 0.9223
Epoch 25/50 - Train Loss: 0.3245 - Train Metric: 0.9351
Epoch 25/50 - Val Metric: 0.9183
Epoch 26/50 - Train Loss: 0.3212 - Train Metric: 0.9365
Epoch 26/50 - Val Metric: 0.9186
Epoch 27/50 - Train Loss: 0.3192 - Train Metric: 0.9373
Epoch 27/50 - Val Metric: 0.9159
Epoch 28/50 - Train Loss: 0.3190 - Train Metric: 0.9373
Epoch 28/50 - Val Metric: 0.9214
Epoch 29/50 - Train Loss: 0.3205 - Train Metric: 0.9368
Epoch 29/50 - Val Metric: 0.9195
Epoch 30/50 - Train Loss: 0.3216 - Train Metric: 0.9361
Epoch 30/50 - Val Metric: 0.9193
Epoch 31/50 - Train Loss: 0.3155 - Train Metric: 0.9389
Epoch 31/50 - Val Metric: 0.9219
Epoch 32/50 - Train Loss: 0.3099 - Train Metric: 0.9409
Epoch 32/50 - Val Metric: 0.9210
Epoch 33/50 - Train Loss: 0.3135 - Train Metric: 0.9397
Epoch 33/50 - Val Metric: 0.9257
Epoch 34/50 - Train Loss: 0.3154 - Train Metric: 0.9389
Epoch 34/50 - Val Metric: 0.9239
Epoch 35/50 - Train Loss: 0.3144 - Train Metric: 0.9391
Epoch 35/50 - Val Metric: 0.9239
Epoch 36/50 - Train Loss: 0.3070 - Train Metric: 0.9421
Epoch 36/50 - Val Metric: 0.9251
Epoch 37/50 - Train Loss: 0.3050 - Train Metric: 0.9429
Epoch 37/50 - Val Metric: 0.9274
Epoch 38/50 - Train Loss: 0.3062 - Train Metric: 0.9425
Epoch 38/50 - Val Metric: 0.9255
Epoch 39/50 - Train Loss: 0.3077 - Train Metric: 0.9420
Epoch 39/50 - Val Metric: 0.9252
Epoch 40/50 - Train Loss: 0.3067 - Train Metric: 0.9423
Epoch 40/50 - Val Metric: 0.9277
Epoch 41/50 - Train Loss: 0.3031 - Train Metric: 0.9436
Epoch 41/50 - Val Metric: 0.9070
Epoch 42/50 - Train Loss: 0.3336 - Train Metric: 0.9314
Epoch 42/50 - Val Metric: 0.9189
Epoch 43/50 - Train Loss: 0.3176 - Train Metric: 0.9381
Epoch 43/50 - Val Metric: 0.9202
Epoch 44/50 - Train Loss: 0.3265 - Train Metric: 0.9344
Epoch 44/50 - Val Metric: 0.9201
Epoch 45/50 - Train Loss: 0.3185 - Train Metric: 0.9376
Epoch 45/50 - Val Metric: 0.9271
Epoch 46/50 - Train Loss: 0.3090 - Train Metric: 0.9413
Epoch 46/50 - Val Metric: 0.9242
Epoch 47/50 - Train Loss: 0.3033 - Train Metric: 0.9436
Epoch 47/50 - Val Metric: 0.9259
Epoch 48/50 - Train Loss: 0.3031 - Train Metric: 0.9437
Epoch 48/50 - Val Metric: 0.9277
Epoch 49/50 - Train Loss: 0.3035 - Train Metric: 0.9435
Epoch 49/50 - Val Metric: 0.9289
Epoch 50/50 - Train Loss: 0.3020 - Train Metric: 0.9442
Epoch 50/50 - Val Metric: 0.9290
Best val: 0.9290, Best test: 0.9353
Training set has 10790 instances
Validation set has 1348 instances
Test set has 1350 instances
Epoch 1/50 - Train Loss: 0.7009 - Train Metric: 0.5017
Epoch 1/50 - Val Metric: 0.7770
Epoch 2/50 - Train Loss: 0.6917 - Train Metric: 0.5255
Epoch 2/50 - Val Metric: 0.7823
Epoch 3/50 - Train Loss: 0.5677 - Train Metric: 0.7753
Epoch 3/50 - Val Metric: 0.8601
Epoch 4/50 - Train Loss: 0.4454 - Train Metric: 0.8723
Epoch 4/50 - Val Metric: 0.8872
Epoch 5/50 - Train Loss: 0.4195 - Train Metric: 0.8869
Epoch 5/50 - Val Metric: 0.8979
Epoch 6/50 - Train Loss: 0.3959 - Train Metric: 0.9013
Epoch 6/50 - Val Metric: 0.9090
Epoch 7/50 - Train Loss: 0.3855 - Train Metric: 0.9069
Epoch 7/50 - Val Metric: 0.9152
Epoch 8/50 - Train Loss: 0.3758 - Train Metric: 0.9115
Epoch 8/50 - Val Metric: 0.9175
Epoch 9/50 - Train Loss: 0.3523 - Train Metric: 0.9227
Epoch 9/50 - Val Metric: 0.9250
Epoch 10/50 - Train Loss: 0.3493 - Train Metric: 0.9243
Epoch 10/50 - Val Metric: 0.9266
Epoch 11/50 - Train Loss: 0.3567 - Train Metric: 0.9211
Epoch 11/50 - Val Metric: 0.9286
Epoch 12/50 - Train Loss: 0.3452 - Train Metric: 0.9262
Epoch 12/50 - Val Metric: 0.9226
Epoch 13/50 - Train Loss: 0.3443 - Train Metric: 0.9266
Epoch 13/50 - Val Metric: 0.9298
Epoch 14/50 - Train Loss: 0.3433 - Train Metric: 0.9270
Epoch 14/50 - Val Metric: 0.9225
Epoch 15/50 - Train Loss: 0.3346 - Train Metric: 0.9309
Epoch 15/50 - Val Metric: 0.9263
Epoch 16/50 - Train Loss: 0.3310 - Train Metric: 0.9323
Epoch 16/50 - Val Metric: 0.9288
Epoch 17/50 - Train Loss: 0.3261 - Train Metric: 0.9345
Epoch 17/50 - Val Metric: 0.9310
Epoch 18/50 - Train Loss: 0.3275 - Train Metric: 0.9339
Epoch 18/50 - Val Metric: 0.9322
Epoch 19/50 - Train Loss: 0.3308 - Train Metric: 0.9325
Epoch 19/50 - Val Metric: 0.9312
Epoch 20/50 - Train Loss: 0.3354 - Train Metric: 0.9305
Epoch 20/50 - Val Metric: 0.9325
Epoch 21/50 - Train Loss: 0.3278 - Train Metric: 0.9338
Epoch 21/50 - Val Metric: 0.9313
Epoch 22/50 - Train Loss: 0.3218 - Train Metric: 0.9363
Epoch 22/50 - Val Metric: 0.9328
Epoch 23/50 - Train Loss: 0.3237 - Train Metric: 0.9357
Epoch 23/50 - Val Metric: 0.9293
Epoch 24/50 - Train Loss: 0.3192 - Train Metric: 0.9373
Epoch 24/50 - Val Metric: 0.9340
Epoch 25/50 - Train Loss: 0.3171 - Train Metric: 0.9382
Epoch 25/50 - Val Metric: 0.9337
Epoch 26/50 - Train Loss: 0.3134 - Train Metric: 0.9399
Epoch 26/50 - Val Metric: 0.9370
Epoch 27/50 - Train Loss: 0.3208 - Train Metric: 0.9367
Epoch 27/50 - Val Metric: 0.9341
Epoch 28/50 - Train Loss: 0.3124 - Train Metric: 0.9400
Epoch 28/50 - Val Metric: 0.9322
Epoch 29/50 - Train Loss: 0.3078 - Train Metric: 0.9419
Epoch 29/50 - Val Metric: 0.9339
Epoch 30/50 - Train Loss: 0.3129 - Train Metric: 0.9398
Epoch 30/50 - Val Metric: 0.9342
Epoch 31/50 - Train Loss: 0.3099 - Train Metric: 0.9411
Epoch 31/50 - Val Metric: 0.9357
Epoch 32/50 - Train Loss: 0.3067 - Train Metric: 0.9424
Epoch 32/50 - Val Metric: 0.9342
Epoch 33/50 - Train Loss: 0.3117 - Train Metric: 0.9405
Epoch 33/50 - Val Metric: 0.9366
Epoch 34/50 - Train Loss: 0.3042 - Train Metric: 0.9433
Epoch 34/50 - Val Metric: 0.9320
Epoch 35/50 - Train Loss: 0.3044 - Train Metric: 0.9431
Epoch 35/50 - Val Metric: 0.9377
Epoch 36/50 - Train Loss: 0.3048 - Train Metric: 0.9431
Epoch 36/50 - Val Metric: 0.9387
Epoch 37/50 - Train Loss: 0.3000 - Train Metric: 0.9450
Epoch 37/50 - Val Metric: 0.9391
Epoch 38/50 - Train Loss: 0.3009 - Train Metric: 0.9444
Epoch 38/50 - Val Metric: 0.9383
Epoch 39/50 - Train Loss: 0.3011 - Train Metric: 0.9444
Epoch 39/50 - Val Metric: 0.9387
Epoch 40/50 - Train Loss: 0.2970 - Train Metric: 0.9460
Epoch 40/50 - Val Metric: 0.9360
Epoch 41/50 - Train Loss: 0.3034 - Train Metric: 0.9436
Epoch 41/50 - Val Metric: 0.9398
Epoch 42/50 - Train Loss: 0.2995 - Train Metric: 0.9450
Epoch 42/50 - Val Metric: 0.9361
Epoch 43/50 - Train Loss: 0.2974 - Train Metric: 0.9459
Epoch 43/50 - Val Metric: 0.9382
Epoch 44/50 - Train Loss: 0.2929 - Train Metric: 0.9475
Epoch 44/50 - Val Metric: 0.9386
Epoch 45/50 - Train Loss: 0.2948 - Train Metric: 0.9469
Epoch 45/50 - Val Metric: 0.9377
Epoch 46/50 - Train Loss: 0.2936 - Train Metric: 0.9472
Epoch 46/50 - Val Metric: 0.9414
Epoch 47/50 - Train Loss: 0.2904 - Train Metric: 0.9485
Epoch 47/50 - Val Metric: 0.9417
Epoch 48/50 - Train Loss: 0.2920 - Train Metric: 0.9478
Epoch 48/50 - Val Metric: 0.9358
Epoch 49/50 - Train Loss: 0.2955 - Train Metric: 0.9466
Epoch 49/50 - Val Metric: 0.9413
Epoch 50/50 - Train Loss: 0.2899 - Train Metric: 0.9486
Epoch 50/50 - Val Metric: 0.9402
Best val: 0.9417, Best test: 0.9445
Training set has 10790 instances
Validation set has 1348 instances
Test set has 1350 instances
Epoch 1/50 - Train Loss: 0.7020 - Train Metric: 0.4995
Epoch 1/50 - Val Metric: 0.7895
Epoch 2/50 - Train Loss: 0.6944 - Train Metric: 0.5050
Epoch 2/50 - Val Metric: 0.7806
Epoch 3/50 - Train Loss: 0.6953 - Train Metric: 0.4966
Epoch 3/50 - Val Metric: 0.7815
Epoch 4/50 - Train Loss: 0.6956 - Train Metric: 0.5035
Epoch 4/50 - Val Metric: 0.7845
Epoch 5/50 - Train Loss: 0.6906 - Train Metric: 0.5351
Epoch 5/50 - Val Metric: 0.8084
Epoch 6/50 - Train Loss: 0.7013 - Train Metric: 0.5071
Epoch 6/50 - Val Metric: 0.7841
Epoch 7/50 - Train Loss: 0.6929 - Train Metric: 0.5173
Epoch 7/50 - Val Metric: 0.7602
Epoch 8/50 - Train Loss: 0.5834 - Train Metric: 0.7596
Epoch 8/50 - Val Metric: 0.8812
Epoch 9/50 - Train Loss: 0.4309 - Train Metric: 0.8817
Epoch 9/50 - Val Metric: 0.9026
Epoch 10/50 - Train Loss: 0.3973 - Train Metric: 0.9007
Epoch 10/50 - Val Metric: 0.9138
Epoch 11/50 - Train Loss: 0.3790 - Train Metric: 0.9103
Epoch 11/50 - Val Metric: 0.9177
Epoch 12/50 - Train Loss: 0.3761 - Train Metric: 0.9115
Epoch 12/50 - Val Metric: 0.9202
Epoch 13/50 - Train Loss: 0.3625 - Train Metric: 0.9179
Epoch 13/50 - Val Metric: 0.9244
Epoch 14/50 - Train Loss: 0.3658 - Train Metric: 0.9165
Epoch 14/50 - Val Metric: 0.9262
Epoch 15/50 - Train Loss: 0.3569 - Train Metric: 0.9207
Epoch 15/50 - Val Metric: 0.9270
Epoch 16/50 - Train Loss: 0.3376 - Train Metric: 0.9292
Epoch 16/50 - Val Metric: 0.9262
Epoch 17/50 - Train Loss: 0.3471 - Train Metric: 0.9247
Epoch 17/50 - Val Metric: 0.9349
Epoch 18/50 - Train Loss: 0.3344 - Train Metric: 0.9305
Epoch 18/50 - Val Metric: 0.9371
Epoch 19/50 - Train Loss: 0.3334 - Train Metric: 0.9308
Epoch 19/50 - Val Metric: 0.9317
Epoch 20/50 - Train Loss: 0.3248 - Train Metric: 0.9348
Epoch 20/50 - Val Metric: 0.9334
Epoch 21/50 - Train Loss: 0.3258 - Train Metric: 0.9342
Epoch 21/50 - Val Metric: 0.9323
Epoch 22/50 - Train Loss: 0.3183 - Train Metric: 0.9375
Epoch 22/50 - Val Metric: 0.9380
Epoch 23/50 - Train Loss: 0.3248 - Train Metric: 0.9347
Epoch 23/50 - Val Metric: 0.9332
Epoch 24/50 - Train Loss: 0.3215 - Train Metric: 0.9363
Epoch 24/50 - Val Metric: 0.9412
Epoch 25/50 - Train Loss: 0.3228 - Train Metric: 0.9356
Epoch 25/50 - Val Metric: 0.9393
Epoch 26/50 - Train Loss: 0.3162 - Train Metric: 0.9383
Epoch 26/50 - Val Metric: 0.9373
Epoch 27/50 - Train Loss: 0.3237 - Train Metric: 0.9354
Epoch 27/50 - Val Metric: 0.9388
Epoch 28/50 - Train Loss: 0.3178 - Train Metric: 0.9377
Epoch 28/50 - Val Metric: 0.9336
Epoch 29/50 - Train Loss: 0.3162 - Train Metric: 0.9383
Epoch 29/50 - Val Metric: 0.9372
Epoch 30/50 - Train Loss: 0.3160 - Train Metric: 0.9384
Epoch 30/50 - Val Metric: 0.9415
Epoch 31/50 - Train Loss: 0.3113 - Train Metric: 0.9404
Epoch 31/50 - Val Metric: 0.9395
Epoch 32/50 - Train Loss: 0.3102 - Train Metric: 0.9408
Epoch 32/50 - Val Metric: 0.9405
Epoch 33/50 - Train Loss: 0.3078 - Train Metric: 0.9419
Epoch 33/50 - Val Metric: 0.9378
Epoch 34/50 - Train Loss: 0.3100 - Train Metric: 0.9408
Epoch 34/50 - Val Metric: 0.9394
Epoch 35/50 - Train Loss: 0.3065 - Train Metric: 0.9424
Epoch 35/50 - Val Metric: 0.9380
Epoch 36/50 - Train Loss: 0.3067 - Train Metric: 0.9422
Epoch 36/50 - Val Metric: 0.9381
Epoch 37/50 - Train Loss: 0.3031 - Train Metric: 0.9435
Epoch 37/50 - Val Metric: 0.9412
Epoch 38/50 - Train Loss: 0.3011 - Train Metric: 0.9444
Epoch 38/50 - Val Metric: 0.9417
Epoch 39/50 - Train Loss: 0.3077 - Train Metric: 0.9418
Epoch 39/50 - Val Metric: 0.9417
Epoch 40/50 - Train Loss: 0.3054 - Train Metric: 0.9428
Epoch 40/50 - Val Metric: 0.9423
Epoch 41/50 - Train Loss: 0.3045 - Train Metric: 0.9431
Epoch 41/50 - Val Metric: 0.9412
Epoch 42/50 - Train Loss: 0.3072 - Train Metric: 0.9420
Epoch 42/50 - Val Metric: 0.9428
Epoch 43/50 - Train Loss: 0.2978 - Train Metric: 0.9455
Epoch 43/50 - Val Metric: 0.9444
Epoch 44/50 - Train Loss: 0.2989 - Train Metric: 0.9453
Epoch 44/50 - Val Metric: 0.9440
Epoch 45/50 - Train Loss: 0.3071 - Train Metric: 0.9422
Epoch 45/50 - Val Metric: 0.9383
Epoch 46/50 - Train Loss: 0.3844 - Train Metric: 0.9081
Epoch 46/50 - Val Metric: 0.9146
Epoch 47/50 - Train Loss: 0.4696 - Train Metric: 0.8582
Epoch 47/50 - Val Metric: 0.8768
Epoch 48/50 - Train Loss: 0.4282 - Train Metric: 0.8821
Epoch 48/50 - Val Metric: 0.8977
Epoch 49/50 - Train Loss: 0.3983 - Train Metric: 0.8983
Epoch 49/50 - Val Metric: 0.9068
Epoch 50/50 - Train Loss: 0.3939 - Train Metric: 0.9015
Epoch 50/50 - Val Metric: 0.9149
Best val: 0.9444, Best test: 0.9343
Training set has 10790 instances
Validation set has 1348 instances
Test set has 1350 instances
Epoch 1/50 - Train Loss: 0.6974 - Train Metric: 0.5001
Epoch 1/50 - Val Metric: 0.8013
Epoch 2/50 - Train Loss: 0.6956 - Train Metric: 0.5076
Epoch 2/50 - Val Metric: 0.8013
Epoch 3/50 - Train Loss: 0.6949 - Train Metric: 0.5996
Epoch 3/50 - Val Metric: 0.3459
Epoch 4/50 - Train Loss: 0.6067 - Train Metric: 0.7194
Epoch 4/50 - Val Metric: 0.8651
Epoch 5/50 - Train Loss: 0.4628 - Train Metric: 0.8606
Epoch 5/50 - Val Metric: 0.8957
Epoch 6/50 - Train Loss: 0.4435 - Train Metric: 0.8738
Epoch 6/50 - Val Metric: 0.9064
Epoch 7/50 - Train Loss: 0.4318 - Train Metric: 0.8818
Epoch 7/50 - Val Metric: 0.9056
Epoch 8/50 - Train Loss: 0.4232 - Train Metric: 0.8851
Epoch 8/50 - Val Metric: 0.9075
Epoch 9/50 - Train Loss: 0.4023 - Train Metric: 0.8972
Epoch 9/50 - Val Metric: 0.9223
Epoch 10/50 - Train Loss: 0.3811 - Train Metric: 0.9081
Epoch 10/50 - Val Metric: 0.9295
Epoch 11/50 - Train Loss: 0.3698 - Train Metric: 0.9138
Epoch 11/50 - Val Metric: 0.9331
Epoch 12/50 - Train Loss: 0.3678 - Train Metric: 0.9148
Epoch 12/50 - Val Metric: 0.9373
Epoch 13/50 - Train Loss: 0.3673 - Train Metric: 0.9152
Epoch 13/50 - Val Metric: 0.9341
Epoch 14/50 - Train Loss: 0.3650 - Train Metric: 0.9168
Epoch 14/50 - Val Metric: 0.9356
Epoch 15/50 - Train Loss: 0.3666 - Train Metric: 0.9155
Epoch 15/50 - Val Metric: 0.9312
Epoch 16/50 - Train Loss: 0.3704 - Train Metric: 0.9134
Epoch 16/50 - Val Metric: 0.9382
Epoch 17/50 - Train Loss: 0.3539 - Train Metric: 0.9216
Epoch 17/50 - Val Metric: 0.9393
Epoch 18/50 - Train Loss: 0.3514 - Train Metric: 0.9228
Epoch 18/50 - Val Metric: 0.9406
Epoch 19/50 - Train Loss: 0.3480 - Train Metric: 0.9244
Epoch 19/50 - Val Metric: 0.9382
Epoch 20/50 - Train Loss: 0.3453 - Train Metric: 0.9260
Epoch 20/50 - Val Metric: 0.9393
Epoch 21/50 - Train Loss: 0.3573 - Train Metric: 0.9203
Epoch 21/50 - Val Metric: 0.9409
Epoch 22/50 - Train Loss: 0.3510 - Train Metric: 0.9232
Epoch 22/50 - Val Metric: 0.9391
Epoch 23/50 - Train Loss: 0.3513 - Train Metric: 0.9232
Epoch 23/50 - Val Metric: 0.9409
Epoch 24/50 - Train Loss: 0.3495 - Train Metric: 0.9238
Epoch 24/50 - Val Metric: 0.9405
Epoch 25/50 - Train Loss: 0.3457 - Train Metric: 0.9256
Epoch 25/50 - Val Metric: 0.9439
Epoch 26/50 - Train Loss: 0.3403 - Train Metric: 0.9281
Epoch 26/50 - Val Metric: 0.9438
Epoch 27/50 - Train Loss: 0.3358 - Train Metric: 0.9300
Epoch 27/50 - Val Metric: 0.9413
Epoch 28/50 - Train Loss: 0.3359 - Train Metric: 0.9301
Epoch 28/50 - Val Metric: 0.9441
Epoch 29/50 - Train Loss: 0.3384 - Train Metric: 0.9290
Epoch 29/50 - Val Metric: 0.9465
Epoch 30/50 - Train Loss: 0.3327 - Train Metric: 0.9312
Epoch 30/50 - Val Metric: 0.9437
Epoch 31/50 - Train Loss: 0.3291 - Train Metric: 0.9329
Epoch 31/50 - Val Metric: 0.9483
Epoch 32/50 - Train Loss: 0.3272 - Train Metric: 0.9339
Epoch 32/50 - Val Metric: 0.9449
Epoch 33/50 - Train Loss: 0.3266 - Train Metric: 0.9338
Epoch 33/50 - Val Metric: 0.9455
Epoch 34/50 - Train Loss: 0.3288 - Train Metric: 0.9332
Epoch 34/50 - Val Metric: 0.9470
Epoch 35/50 - Train Loss: 0.3209 - Train Metric: 0.9366
Epoch 35/50 - Val Metric: 0.9486
Epoch 36/50 - Train Loss: 0.3249 - Train Metric: 0.9349
Epoch 36/50 - Val Metric: 0.9489
Epoch 37/50 - Train Loss: 0.3259 - Train Metric: 0.9344
Epoch 37/50 - Val Metric: 0.9485
Epoch 38/50 - Train Loss: 0.3286 - Train Metric: 0.9333
Epoch 38/50 - Val Metric: 0.9504
Epoch 39/50 - Train Loss: 0.3242 - Train Metric: 0.9352
Epoch 39/50 - Val Metric: 0.9500
Epoch 40/50 - Train Loss: 0.3257 - Train Metric: 0.9346
Epoch 40/50 - Val Metric: 0.9480
Epoch 41/50 - Train Loss: 0.3241 - Train Metric: 0.9354
Epoch 41/50 - Val Metric: 0.9504
Epoch 42/50 - Train Loss: 0.3217 - Train Metric: 0.9361
Epoch 42/50 - Val Metric: 0.9478
Epoch 43/50 - Train Loss: 0.3250 - Train Metric: 0.9348
Epoch 43/50 - Val Metric: 0.9458
Epoch 44/50 - Train Loss: 0.3278 - Train Metric: 0.9337
Epoch 44/50 - Val Metric: 0.9449
Epoch 45/50 - Train Loss: 0.3236 - Train Metric: 0.9355
Epoch 45/50 - Val Metric: 0.9493
Epoch 46/50 - Train Loss: 0.3215 - Train Metric: 0.9363
Epoch 46/50 - Val Metric: 0.9464
Epoch 47/50 - Train Loss: 0.3160 - Train Metric: 0.9386
Epoch 47/50 - Val Metric: 0.9500
Epoch 48/50 - Train Loss: 0.3170 - Train Metric: 0.9383
Epoch 48/50 - Val Metric: 0.9493
Epoch 49/50 - Train Loss: 0.3174 - Train Metric: 0.9379
Epoch 49/50 - Val Metric: 0.9484
Epoch 50/50 - Train Loss: 0.3174 - Train Metric: 0.9380
Epoch 50/50 - Val Metric: 0.9500
Best val: 0.9504, Best test: 0.9388
[0.94556969 0.93529224 0.94450164 0.93427563 0.93875796]
