Hyper-parameter search via Optuna
Namespace(task_type='binary_classification', scale='small', idx=11, epochs=50, num_trials=20, num_repeats=5, seed=0, exp_name='MemPerceiver', result_path='output/binary_classification/small/11/MemPerceiver.pt')
Device: cuda
Start building binary_classification dataset_small_11
Training set has 10790 instances
Validation set has 1348 instances
Test set has 1350 instances
Epoch 1/50 - Train Loss: 0.6600 - Train Metric: 0.5849
Epoch 1/50 - Val Metric: 0.8433
Epoch 2/50 - Train Loss: 0.4720 - Train Metric: 0.8563
Epoch 2/50 - Val Metric: 0.8933
Epoch 3/50 - Train Loss: 0.4197 - Train Metric: 0.8875
Epoch 3/50 - Val Metric: 0.9032
Epoch 4/50 - Train Loss: 0.4171 - Train Metric: 0.8874
Epoch 4/50 - Val Metric: 0.9081
Epoch 5/50 - Train Loss: 0.3907 - Train Metric: 0.9022
Epoch 5/50 - Val Metric: 0.9109
Epoch 6/50 - Train Loss: 0.3841 - Train Metric: 0.9061
Epoch 6/50 - Val Metric: 0.9153
Epoch 7/50 - Train Loss: 0.3774 - Train Metric: 0.9099
Epoch 7/50 - Val Metric: 0.9211
Epoch 8/50 - Train Loss: 0.3731 - Train Metric: 0.9121
Epoch 8/50 - Val Metric: 0.9246
Epoch 9/50 - Train Loss: 0.3731 - Train Metric: 0.9124
Epoch 9/50 - Val Metric: 0.9248
Epoch 10/50 - Train Loss: 0.3592 - Train Metric: 0.9187
Epoch 10/50 - Val Metric: 0.9299
Epoch 11/50 - Train Loss: 0.3554 - Train Metric: 0.9207
Epoch 11/50 - Val Metric: 0.9292
Epoch 12/50 - Train Loss: 0.3559 - Train Metric: 0.9204
Epoch 12/50 - Val Metric: 0.9281
Epoch 13/50 - Train Loss: 0.3516 - Train Metric: 0.9227
Epoch 13/50 - Val Metric: 0.9322
Epoch 14/50 - Train Loss: 0.3486 - Train Metric: 0.9239
Epoch 14/50 - Val Metric: 0.9330
Epoch 15/50 - Train Loss: 0.3413 - Train Metric: 0.9274
Epoch 15/50 - Val Metric: 0.9341
Epoch 16/50 - Train Loss: 0.3400 - Train Metric: 0.9278
Epoch 16/50 - Val Metric: 0.9337
Epoch 17/50 - Train Loss: 0.3375 - Train Metric: 0.9291
Epoch 17/50 - Val Metric: 0.9368
Epoch 18/50 - Train Loss: 0.3364 - Train Metric: 0.9296
Epoch 18/50 - Val Metric: 0.9368
Epoch 19/50 - Train Loss: 0.3428 - Train Metric: 0.9268
Epoch 19/50 - Val Metric: 0.9356
Epoch 20/50 - Train Loss: 0.3362 - Train Metric: 0.9297
Epoch 20/50 - Val Metric: 0.9373
Epoch 21/50 - Train Loss: 0.3310 - Train Metric: 0.9319
Epoch 21/50 - Val Metric: 0.9388
Epoch 22/50 - Train Loss: 0.3313 - Train Metric: 0.9321
Epoch 22/50 - Val Metric: 0.9394
Epoch 23/50 - Train Loss: 0.3303 - Train Metric: 0.9324
Epoch 23/50 - Val Metric: 0.9401
Epoch 24/50 - Train Loss: 0.3286 - Train Metric: 0.9332
Epoch 24/50 - Val Metric: 0.9386
Epoch 25/50 - Train Loss: 0.3284 - Train Metric: 0.9332
Epoch 25/50 - Val Metric: 0.9377
Epoch 26/50 - Train Loss: 0.3281 - Train Metric: 0.9334
Epoch 26/50 - Val Metric: 0.9408
Epoch 27/50 - Train Loss: 0.3241 - Train Metric: 0.9350
Epoch 27/50 - Val Metric: 0.9409
Epoch 28/50 - Train Loss: 0.3240 - Train Metric: 0.9352
Epoch 28/50 - Val Metric: 0.9413
Epoch 29/50 - Train Loss: 0.3215 - Train Metric: 0.9363
Epoch 29/50 - Val Metric: 0.9382
Epoch 30/50 - Train Loss: 0.3254 - Train Metric: 0.9345
Epoch 30/50 - Val Metric: 0.9422
Epoch 31/50 - Train Loss: 0.3190 - Train Metric: 0.9372
Epoch 31/50 - Val Metric: 0.9413
Epoch 32/50 - Train Loss: 0.3160 - Train Metric: 0.9385
Epoch 32/50 - Val Metric: 0.9415
Epoch 33/50 - Train Loss: 0.3130 - Train Metric: 0.9398
Epoch 33/50 - Val Metric: 0.9421
Epoch 34/50 - Train Loss: 0.3144 - Train Metric: 0.9392
Epoch 34/50 - Val Metric: 0.9433
Epoch 35/50 - Train Loss: 0.3134 - Train Metric: 0.9396
Epoch 35/50 - Val Metric: 0.9441
Epoch 36/50 - Train Loss: 0.3145 - Train Metric: 0.9390
Epoch 36/50 - Val Metric: 0.9435
Epoch 37/50 - Train Loss: 0.3095 - Train Metric: 0.9412
Epoch 37/50 - Val Metric: 0.9426
Epoch 38/50 - Train Loss: 0.3078 - Train Metric: 0.9418
Epoch 38/50 - Val Metric: 0.9432
Epoch 39/50 - Train Loss: 0.3066 - Train Metric: 0.9423
Epoch 39/50 - Val Metric: 0.9423
Epoch 40/50 - Train Loss: 0.3085 - Train Metric: 0.9416
Epoch 40/50 - Val Metric: 0.9436
Epoch 41/50 - Train Loss: 0.3083 - Train Metric: 0.9417
Epoch 41/50 - Val Metric: 0.9443
Epoch 42/50 - Train Loss: 0.3039 - Train Metric: 0.9434
Epoch 42/50 - Val Metric: 0.9441
Epoch 43/50 - Train Loss: 0.3042 - Train Metric: 0.9432
Epoch 43/50 - Val Metric: 0.9409
Epoch 44/50 - Train Loss: 0.3081 - Train Metric: 0.9417
Epoch 44/50 - Val Metric: 0.9444
Epoch 45/50 - Train Loss: 0.3028 - Train Metric: 0.9438
Epoch 45/50 - Val Metric: 0.9461
Epoch 46/50 - Train Loss: 0.2997 - Train Metric: 0.9450
Epoch 46/50 - Val Metric: 0.9450
Epoch 47/50 - Train Loss: 0.2984 - Train Metric: 0.9455
Epoch 47/50 - Val Metric: 0.9448
Epoch 48/50 - Train Loss: 0.2977 - Train Metric: 0.9457
Epoch 48/50 - Val Metric: 0.9455
Epoch 49/50 - Train Loss: 0.3005 - Train Metric: 0.9446
Epoch 49/50 - Val Metric: 0.9451
Epoch 50/50 - Train Loss: 0.2988 - Train Metric: 0.9453
Epoch 50/50 - Val Metric: 0.9452
Best val: 0.9461, Best test: 0.9421
Training set has 10790 instances
Validation set has 1348 instances
Test set has 1350 instances
Epoch 1/50 - Train Loss: 0.7040 - Train Metric: 0.4911
Epoch 1/50 - Val Metric: 0.7657
Epoch 2/50 - Train Loss: 0.6962 - Train Metric: 0.5001
Epoch 2/50 - Val Metric: 0.7708
Epoch 3/50 - Train Loss: 0.6966 - Train Metric: 0.4928
Epoch 3/50 - Val Metric: 0.7741
Epoch 4/50 - Train Loss: 0.6664 - Train Metric: 0.6256
Epoch 4/50 - Val Metric: 0.8137
Epoch 5/50 - Train Loss: 0.4819 - Train Metric: 0.8472
Epoch 5/50 - Val Metric: 0.8449
Epoch 6/50 - Train Loss: 0.4499 - Train Metric: 0.8681
Epoch 6/50 - Val Metric: 0.8558
Epoch 7/50 - Train Loss: 0.4264 - Train Metric: 0.8821
Epoch 7/50 - Val Metric: 0.8735
Epoch 8/50 - Train Loss: 0.4201 - Train Metric: 0.8865
Epoch 8/50 - Val Metric: 0.8742
Epoch 9/50 - Train Loss: 0.3980 - Train Metric: 0.8996
Epoch 9/50 - Val Metric: 0.8825
Epoch 10/50 - Train Loss: 0.3781 - Train Metric: 0.9091
Epoch 10/50 - Val Metric: 0.8920
Epoch 11/50 - Train Loss: 0.3764 - Train Metric: 0.9108
Epoch 11/50 - Val Metric: 0.8960
Epoch 12/50 - Train Loss: 0.3676 - Train Metric: 0.9143
Epoch 12/50 - Val Metric: 0.8973
Epoch 13/50 - Train Loss: 0.3690 - Train Metric: 0.9141
Epoch 13/50 - Val Metric: 0.8996
Epoch 14/50 - Train Loss: 0.3518 - Train Metric: 0.9225
Epoch 14/50 - Val Metric: 0.9062
Epoch 15/50 - Train Loss: 0.3505 - Train Metric: 0.9234
Epoch 15/50 - Val Metric: 0.9067
Epoch 16/50 - Train Loss: 0.3518 - Train Metric: 0.9225
Epoch 16/50 - Val Metric: 0.9065
Epoch 17/50 - Train Loss: 0.3476 - Train Metric: 0.9249
Epoch 17/50 - Val Metric: 0.9107
Epoch 18/50 - Train Loss: 0.3440 - Train Metric: 0.9265
Epoch 18/50 - Val Metric: 0.9131
Epoch 19/50 - Train Loss: 0.3398 - Train Metric: 0.9284
Epoch 19/50 - Val Metric: 0.9133
Epoch 20/50 - Train Loss: 0.3404 - Train Metric: 0.9281
Epoch 20/50 - Val Metric: 0.9160
Epoch 21/50 - Train Loss: 0.3342 - Train Metric: 0.9308
Epoch 21/50 - Val Metric: 0.9138
Epoch 22/50 - Train Loss: 0.3343 - Train Metric: 0.9307
Epoch 22/50 - Val Metric: 0.9150
Epoch 23/50 - Train Loss: 0.3324 - Train Metric: 0.9318
Epoch 23/50 - Val Metric: 0.9145
Epoch 24/50 - Train Loss: 0.3263 - Train Metric: 0.9345
Epoch 24/50 - Val Metric: 0.9174
Epoch 25/50 - Train Loss: 0.3326 - Train Metric: 0.9317
Epoch 25/50 - Val Metric: 0.9172
Epoch 26/50 - Train Loss: 0.3295 - Train Metric: 0.9330
Epoch 26/50 - Val Metric: 0.9203
Epoch 27/50 - Train Loss: 0.3225 - Train Metric: 0.9359
Epoch 27/50 - Val Metric: 0.9226
Epoch 28/50 - Train Loss: 0.3241 - Train Metric: 0.9351
Epoch 28/50 - Val Metric: 0.9210
Epoch 29/50 - Train Loss: 0.3200 - Train Metric: 0.9369
Epoch 29/50 - Val Metric: 0.9226
Epoch 30/50 - Train Loss: 0.3197 - Train Metric: 0.9371
Epoch 30/50 - Val Metric: 0.9211
Epoch 31/50 - Train Loss: 0.3212 - Train Metric: 0.9365
Epoch 31/50 - Val Metric: 0.9249
Epoch 32/50 - Train Loss: 0.3246 - Train Metric: 0.9348
Epoch 32/50 - Val Metric: 0.9246
Epoch 33/50 - Train Loss: 0.3177 - Train Metric: 0.9378
Epoch 33/50 - Val Metric: 0.9258
Epoch 34/50 - Train Loss: 0.3190 - Train Metric: 0.9374
Epoch 34/50 - Val Metric: 0.9232
Epoch 35/50 - Train Loss: 0.3126 - Train Metric: 0.9399
Epoch 35/50 - Val Metric: 0.9272
Epoch 36/50 - Train Loss: 0.3134 - Train Metric: 0.9394
Epoch 36/50 - Val Metric: 0.9248
Epoch 37/50 - Train Loss: 0.3144 - Train Metric: 0.9391
Epoch 37/50 - Val Metric: 0.9249
Epoch 38/50 - Train Loss: 0.3109 - Train Metric: 0.9407
Epoch 38/50 - Val Metric: 0.9259
Epoch 39/50 - Train Loss: 0.3144 - Train Metric: 0.9390
Epoch 39/50 - Val Metric: 0.9261
Epoch 40/50 - Train Loss: 0.3107 - Train Metric: 0.9408
Epoch 40/50 - Val Metric: 0.9288
Epoch 41/50 - Train Loss: 0.3098 - Train Metric: 0.9411
Epoch 41/50 - Val Metric: 0.9287
Epoch 42/50 - Train Loss: 0.3112 - Train Metric: 0.9405
Epoch 42/50 - Val Metric: 0.9280
Epoch 43/50 - Train Loss: 0.3100 - Train Metric: 0.9410
Epoch 43/50 - Val Metric: 0.9276
Epoch 44/50 - Train Loss: 0.3058 - Train Metric: 0.9425
Epoch 44/50 - Val Metric: 0.9275
Epoch 45/50 - Train Loss: 0.3051 - Train Metric: 0.9428
Epoch 45/50 - Val Metric: 0.9279
Epoch 46/50 - Train Loss: 0.3073 - Train Metric: 0.9420
Epoch 46/50 - Val Metric: 0.9294
Epoch 47/50 - Train Loss: 0.3064 - Train Metric: 0.9424
Epoch 47/50 - Val Metric: 0.9294
Epoch 48/50 - Train Loss: 0.3027 - Train Metric: 0.9437
Epoch 48/50 - Val Metric: 0.9312
Epoch 49/50 - Train Loss: 0.3061 - Train Metric: 0.9425
Epoch 49/50 - Val Metric: 0.9297
Epoch 50/50 - Train Loss: 0.3042 - Train Metric: 0.9431
Epoch 50/50 - Val Metric: 0.9295
Best val: 0.9312, Best test: 0.9452
Training set has 10790 instances
Validation set has 1348 instances
Test set has 1350 instances
Epoch 1/50 - Train Loss: 0.6996 - Train Metric: 0.5037
Epoch 1/50 - Val Metric: 0.7965
Epoch 2/50 - Train Loss: 0.6965 - Train Metric: 0.4975
Epoch 2/50 - Val Metric: 0.7967
Epoch 3/50 - Train Loss: 0.5996 - Train Metric: 0.7445
Epoch 3/50 - Val Metric: 0.8480
Epoch 4/50 - Train Loss: 0.4605 - Train Metric: 0.8637
Epoch 4/50 - Val Metric: 0.8783
Epoch 5/50 - Train Loss: 0.4267 - Train Metric: 0.8835
Epoch 5/50 - Val Metric: 0.8870
Epoch 6/50 - Train Loss: 0.4114 - Train Metric: 0.8915
Epoch 6/50 - Val Metric: 0.8956
Epoch 7/50 - Train Loss: 0.3964 - Train Metric: 0.8991
Epoch 7/50 - Val Metric: 0.9033
Epoch 8/50 - Train Loss: 0.3815 - Train Metric: 0.9079
Epoch 8/50 - Val Metric: 0.9052
Epoch 9/50 - Train Loss: 0.3829 - Train Metric: 0.9073
Epoch 9/50 - Val Metric: 0.9122
Epoch 10/50 - Train Loss: 0.3835 - Train Metric: 0.9068
Epoch 10/50 - Val Metric: 0.9122
Epoch 11/50 - Train Loss: 0.3698 - Train Metric: 0.9140
Epoch 11/50 - Val Metric: 0.9149
Epoch 12/50 - Train Loss: 0.3614 - Train Metric: 0.9185
Epoch 12/50 - Val Metric: 0.9181
Epoch 13/50 - Train Loss: 0.3663 - Train Metric: 0.9162
Epoch 13/50 - Val Metric: 0.9195
Epoch 14/50 - Train Loss: 0.3614 - Train Metric: 0.9187
Epoch 14/50 - Val Metric: 0.9232
Epoch 15/50 - Train Loss: 0.3534 - Train Metric: 0.9221
Epoch 15/50 - Val Metric: 0.9215
Epoch 16/50 - Train Loss: 0.3533 - Train Metric: 0.9226
Epoch 16/50 - Val Metric: 0.9209
Epoch 17/50 - Train Loss: 0.3537 - Train Metric: 0.9223
Epoch 17/50 - Val Metric: 0.9271
Epoch 18/50 - Train Loss: 0.3415 - Train Metric: 0.9279
Epoch 18/50 - Val Metric: 0.9307
Epoch 19/50 - Train Loss: 0.3360 - Train Metric: 0.9303
Epoch 19/50 - Val Metric: 0.9293
Epoch 20/50 - Train Loss: 0.3373 - Train Metric: 0.9297
Epoch 20/50 - Val Metric: 0.9327
Epoch 21/50 - Train Loss: 0.3312 - Train Metric: 0.9325
Epoch 21/50 - Val Metric: 0.9345
Epoch 22/50 - Train Loss: 0.3261 - Train Metric: 0.9346
Epoch 22/50 - Val Metric: 0.9347
Epoch 23/50 - Train Loss: 0.3243 - Train Metric: 0.9352
Epoch 23/50 - Val Metric: 0.9363
Epoch 24/50 - Train Loss: 0.3256 - Train Metric: 0.9346
Epoch 24/50 - Val Metric: 0.9364
Epoch 25/50 - Train Loss: 0.3193 - Train Metric: 0.9372
Epoch 25/50 - Val Metric: 0.9384
Epoch 26/50 - Train Loss: 0.3145 - Train Metric: 0.9392
Epoch 26/50 - Val Metric: 0.9325
Epoch 27/50 - Train Loss: 0.3167 - Train Metric: 0.9384
Epoch 27/50 - Val Metric: 0.9372
Epoch 28/50 - Train Loss: 0.3145 - Train Metric: 0.9392
Epoch 28/50 - Val Metric: 0.9399
Epoch 29/50 - Train Loss: 0.3137 - Train Metric: 0.9394
Epoch 29/50 - Val Metric: 0.9359
Epoch 30/50 - Train Loss: 0.3086 - Train Metric: 0.9414
Epoch 30/50 - Val Metric: 0.9368
Epoch 31/50 - Train Loss: 0.3145 - Train Metric: 0.9393
Epoch 31/50 - Val Metric: 0.9393
Epoch 32/50 - Train Loss: 0.3123 - Train Metric: 0.9401
Epoch 32/50 - Val Metric: 0.9378
Epoch 33/50 - Train Loss: 0.3236 - Train Metric: 0.9355
Epoch 33/50 - Val Metric: 0.9343
Epoch 34/50 - Train Loss: 0.3115 - Train Metric: 0.9403
Epoch 34/50 - Val Metric: 0.9376
Epoch 35/50 - Train Loss: 0.3031 - Train Metric: 0.9435
Epoch 35/50 - Val Metric: 0.9405
Epoch 36/50 - Train Loss: 0.3052 - Train Metric: 0.9426
Epoch 36/50 - Val Metric: 0.9415
Epoch 37/50 - Train Loss: 0.3013 - Train Metric: 0.9443
Epoch 37/50 - Val Metric: 0.9404
Epoch 38/50 - Train Loss: 0.2992 - Train Metric: 0.9450
Epoch 38/50 - Val Metric: 0.9369
Epoch 39/50 - Train Loss: 0.3060 - Train Metric: 0.9424
Epoch 39/50 - Val Metric: 0.9371
Epoch 40/50 - Train Loss: 0.3041 - Train Metric: 0.9434
Epoch 40/50 - Val Metric: 0.9408
Epoch 41/50 - Train Loss: 0.3013 - Train Metric: 0.9443
Epoch 41/50 - Val Metric: 0.9393
Epoch 42/50 - Train Loss: 0.3012 - Train Metric: 0.9444
Epoch 42/50 - Val Metric: 0.9398
Epoch 43/50 - Train Loss: 0.2995 - Train Metric: 0.9451
Epoch 43/50 - Val Metric: 0.9386
Epoch 44/50 - Train Loss: 0.2971 - Train Metric: 0.9456
Epoch 44/50 - Val Metric: 0.9426
Epoch 45/50 - Train Loss: 0.3006 - Train Metric: 0.9446
Epoch 45/50 - Val Metric: 0.9396
Epoch 46/50 - Train Loss: 0.3047 - Train Metric: 0.9429
Epoch 46/50 - Val Metric: 0.9405
Epoch 47/50 - Train Loss: 0.2988 - Train Metric: 0.9452
Epoch 47/50 - Val Metric: 0.9411
Epoch 48/50 - Train Loss: 0.2907 - Train Metric: 0.9482
Epoch 48/50 - Val Metric: 0.9397
Epoch 49/50 - Train Loss: 0.3033 - Train Metric: 0.9436
Epoch 49/50 - Val Metric: 0.9382
Epoch 50/50 - Train Loss: 0.2939 - Train Metric: 0.9470
Epoch 50/50 - Val Metric: 0.9387
Best val: 0.9426, Best test: 0.9480
Training set has 10790 instances
Validation set has 1348 instances
Test set has 1350 instances
Epoch 1/50 - Train Loss: 0.7041 - Train Metric: 0.5006
Epoch 1/50 - Val Metric: 0.7958
Epoch 2/50 - Train Loss: 0.6953 - Train Metric: 0.5035
Epoch 2/50 - Val Metric: 0.7971
Epoch 3/50 - Train Loss: 0.6958 - Train Metric: 0.4977
Epoch 3/50 - Val Metric: 0.7978
Epoch 4/50 - Train Loss: 0.6963 - Train Metric: 0.5010
Epoch 4/50 - Val Metric: 0.7988
Epoch 5/50 - Train Loss: 0.6944 - Train Metric: 0.4985
Epoch 5/50 - Val Metric: 0.7974
Epoch 6/50 - Train Loss: 0.6939 - Train Metric: 0.4992
Epoch 6/50 - Val Metric: 0.7991
Epoch 7/50 - Train Loss: 0.6529 - Train Metric: 0.6686
Epoch 7/50 - Val Metric: 0.8447
Epoch 8/50 - Train Loss: 0.4776 - Train Metric: 0.8510
Epoch 8/50 - Val Metric: 0.8749
Epoch 9/50 - Train Loss: 0.4324 - Train Metric: 0.8802
Epoch 9/50 - Val Metric: 0.8759
Epoch 10/50 - Train Loss: 0.4231 - Train Metric: 0.8857
Epoch 10/50 - Val Metric: 0.8857
Epoch 11/50 - Train Loss: 0.4067 - Train Metric: 0.8946
Epoch 11/50 - Val Metric: 0.8902
Epoch 12/50 - Train Loss: 0.3966 - Train Metric: 0.8994
Epoch 12/50 - Val Metric: 0.8978
Epoch 13/50 - Train Loss: 0.3874 - Train Metric: 0.9046
Epoch 13/50 - Val Metric: 0.8995
Epoch 14/50 - Train Loss: 0.3849 - Train Metric: 0.9058
Epoch 14/50 - Val Metric: 0.9022
Epoch 15/50 - Train Loss: 0.3823 - Train Metric: 0.9067
Epoch 15/50 - Val Metric: 0.9001
Epoch 16/50 - Train Loss: 0.3774 - Train Metric: 0.9098
Epoch 16/50 - Val Metric: 0.9063
Epoch 17/50 - Train Loss: 0.3708 - Train Metric: 0.9135
Epoch 17/50 - Val Metric: 0.9052
Epoch 18/50 - Train Loss: 0.3665 - Train Metric: 0.9154
Epoch 18/50 - Val Metric: 0.9077
Epoch 19/50 - Train Loss: 0.3647 - Train Metric: 0.9163
Epoch 19/50 - Val Metric: 0.9077
Epoch 20/50 - Train Loss: 0.3666 - Train Metric: 0.9156
Epoch 20/50 - Val Metric: 0.9095
Epoch 21/50 - Train Loss: 0.3618 - Train Metric: 0.9180
Epoch 21/50 - Val Metric: 0.9107
Epoch 22/50 - Train Loss: 0.3596 - Train Metric: 0.9193
Epoch 22/50 - Val Metric: 0.9124
Epoch 23/50 - Train Loss: 0.3577 - Train Metric: 0.9203
Epoch 23/50 - Val Metric: 0.9122
Epoch 24/50 - Train Loss: 0.3558 - Train Metric: 0.9207
Epoch 24/50 - Val Metric: 0.9127
Epoch 25/50 - Train Loss: 0.3540 - Train Metric: 0.9217
Epoch 25/50 - Val Metric: 0.9136
Epoch 26/50 - Train Loss: 0.3544 - Train Metric: 0.9217
Epoch 26/50 - Val Metric: 0.9139
Epoch 27/50 - Train Loss: 0.3505 - Train Metric: 0.9236
Epoch 27/50 - Val Metric: 0.9138
Epoch 28/50 - Train Loss: 0.3517 - Train Metric: 0.9229
Epoch 28/50 - Val Metric: 0.9156
Epoch 29/50 - Train Loss: 0.3482 - Train Metric: 0.9246
Epoch 29/50 - Val Metric: 0.9148
Epoch 30/50 - Train Loss: 0.3498 - Train Metric: 0.9239
Epoch 30/50 - Val Metric: 0.9164
Epoch 31/50 - Train Loss: 0.3489 - Train Metric: 0.9244
Epoch 31/50 - Val Metric: 0.9168
Epoch 32/50 - Train Loss: 0.3466 - Train Metric: 0.9253
Epoch 32/50 - Val Metric: 0.9169
Epoch 33/50 - Train Loss: 0.3472 - Train Metric: 0.9252
Epoch 33/50 - Val Metric: 0.9163
Epoch 34/50 - Train Loss: 0.3457 - Train Metric: 0.9258
Epoch 34/50 - Val Metric: 0.9167
Epoch 35/50 - Train Loss: 0.3474 - Train Metric: 0.9250
Epoch 35/50 - Val Metric: 0.9165
Epoch 36/50 - Train Loss: 0.3447 - Train Metric: 0.9262
Epoch 36/50 - Val Metric: 0.9163
Epoch 37/50 - Train Loss: 0.3451 - Train Metric: 0.9261
Epoch 37/50 - Val Metric: 0.9167
Epoch 38/50 - Train Loss: 0.3451 - Train Metric: 0.9261
Epoch 38/50 - Val Metric: 0.9160
Epoch 39/50 - Train Loss: 0.3450 - Train Metric: 0.9261
Epoch 39/50 - Val Metric: 0.9173
Epoch 40/50 - Train Loss: 0.3442 - Train Metric: 0.9266
Epoch 40/50 - Val Metric: 0.9173
Epoch 41/50 - Train Loss: 0.3443 - Train Metric: 0.9264
Epoch 41/50 - Val Metric: 0.9175
Epoch 42/50 - Train Loss: 0.3433 - Train Metric: 0.9268
Epoch 42/50 - Val Metric: 0.9172
Epoch 43/50 - Train Loss: 0.3413 - Train Metric: 0.9278
Epoch 43/50 - Val Metric: 0.9171
Epoch 44/50 - Train Loss: 0.3425 - Train Metric: 0.9272
Epoch 44/50 - Val Metric: 0.9175
Epoch 45/50 - Train Loss: 0.3423 - Train Metric: 0.9273
Epoch 45/50 - Val Metric: 0.9172
Epoch 46/50 - Train Loss: 0.3424 - Train Metric: 0.9273
Epoch 46/50 - Val Metric: 0.9173
Epoch 47/50 - Train Loss: 0.3440 - Train Metric: 0.9265
Epoch 47/50 - Val Metric: 0.9179
Epoch 48/50 - Train Loss: 0.3411 - Train Metric: 0.9278
Epoch 48/50 - Val Metric: 0.9175
Epoch 49/50 - Train Loss: 0.3418 - Train Metric: 0.9277
Epoch 49/50 - Val Metric: 0.9181
Epoch 50/50 - Train Loss: 0.3398 - Train Metric: 0.9284
Epoch 50/50 - Val Metric: 0.9175
Best val: 0.9181, Best test: 0.9118
Training set has 10790 instances
Validation set has 1348 instances
Test set has 1350 instances
Epoch 1/50 - Train Loss: 0.7006 - Train Metric: 0.5058
Epoch 1/50 - Val Metric: 0.7635
Epoch 2/50 - Train Loss: 0.6951 - Train Metric: 0.5060
Epoch 2/50 - Val Metric: 0.7469
Epoch 3/50 - Train Loss: 0.6948 - Train Metric: 0.4914
Epoch 3/50 - Val Metric: 0.7637
Epoch 4/50 - Train Loss: 0.6938 - Train Metric: 0.5026
Epoch 4/50 - Val Metric: 0.7722
Epoch 5/50 - Train Loss: 0.6942 - Train Metric: 0.4992
Epoch 5/50 - Val Metric: 0.7860
Epoch 6/50 - Train Loss: 0.6939 - Train Metric: 0.4971
Epoch 6/50 - Val Metric: 0.7866
Epoch 7/50 - Train Loss: 0.6898 - Train Metric: 0.5353
Epoch 7/50 - Val Metric: 0.8036
Epoch 8/50 - Train Loss: 0.6973 - Train Metric: 0.5159
Epoch 8/50 - Val Metric: 0.7657
Epoch 9/50 - Train Loss: 0.6941 - Train Metric: 0.5054
Epoch 9/50 - Val Metric: 0.8159
Epoch 10/50 - Train Loss: 0.6933 - Train Metric: 0.5075
Epoch 10/50 - Val Metric: 0.8226
Epoch 11/50 - Train Loss: 0.6938 - Train Metric: 0.4969
Epoch 11/50 - Val Metric: 0.8233
Epoch 12/50 - Train Loss: 0.6933 - Train Metric: 0.5058
Epoch 12/50 - Val Metric: 0.8226
Epoch 13/50 - Train Loss: 0.6934 - Train Metric: 0.5053
Epoch 13/50 - Val Metric: 0.8216
Epoch 14/50 - Train Loss: 0.6923 - Train Metric: 0.5195
Epoch 14/50 - Val Metric: 0.6502
Epoch 15/50 - Train Loss: 0.5525 - Train Metric: 0.7916
Epoch 15/50 - Val Metric: 0.8774
Epoch 16/50 - Train Loss: 0.4402 - Train Metric: 0.8758
Epoch 16/50 - Val Metric: 0.9023
Epoch 17/50 - Train Loss: 0.4166 - Train Metric: 0.8888
Epoch 17/50 - Val Metric: 0.9073
Epoch 18/50 - Train Loss: 0.3900 - Train Metric: 0.9046
Epoch 18/50 - Val Metric: 0.9179
Epoch 19/50 - Train Loss: 0.3820 - Train Metric: 0.9085
Epoch 19/50 - Val Metric: 0.9195
Epoch 20/50 - Train Loss: 0.3711 - Train Metric: 0.9139
Epoch 20/50 - Val Metric: 0.9223
Epoch 21/50 - Train Loss: 0.3629 - Train Metric: 0.9183
Epoch 21/50 - Val Metric: 0.9235
Epoch 22/50 - Train Loss: 0.3564 - Train Metric: 0.9209
Epoch 22/50 - Val Metric: 0.9263
Epoch 23/50 - Train Loss: 0.3495 - Train Metric: 0.9242
Epoch 23/50 - Val Metric: 0.9268
Epoch 24/50 - Train Loss: 0.3500 - Train Metric: 0.9239
Epoch 24/50 - Val Metric: 0.9290
Epoch 25/50 - Train Loss: 0.3473 - Train Metric: 0.9249
Epoch 25/50 - Val Metric: 0.9279
Epoch 26/50 - Train Loss: 0.3456 - Train Metric: 0.9259
Epoch 26/50 - Val Metric: 0.9300
Epoch 27/50 - Train Loss: 0.3556 - Train Metric: 0.9215
Epoch 27/50 - Val Metric: 0.9313
Epoch 28/50 - Train Loss: 0.3407 - Train Metric: 0.9282
Epoch 28/50 - Val Metric: 0.9330
Epoch 29/50 - Train Loss: 0.3446 - Train Metric: 0.9265
Epoch 29/50 - Val Metric: 0.9358
Epoch 30/50 - Train Loss: 0.3396 - Train Metric: 0.9285
Epoch 30/50 - Val Metric: 0.9346
Epoch 31/50 - Train Loss: 0.3373 - Train Metric: 0.9293
Epoch 31/50 - Val Metric: 0.9341
Epoch 32/50 - Train Loss: 0.3345 - Train Metric: 0.9308
Epoch 32/50 - Val Metric: 0.9349
Epoch 33/50 - Train Loss: 0.3288 - Train Metric: 0.9332
Epoch 33/50 - Val Metric: 0.9374
Epoch 34/50 - Train Loss: 0.3321 - Train Metric: 0.9317
Epoch 34/50 - Val Metric: 0.9381
Epoch 35/50 - Train Loss: 0.3283 - Train Metric: 0.9334
Epoch 35/50 - Val Metric: 0.9360
Epoch 36/50 - Train Loss: 0.3292 - Train Metric: 0.9331
Epoch 36/50 - Val Metric: 0.9414
Epoch 37/50 - Train Loss: 0.3254 - Train Metric: 0.9349
Epoch 37/50 - Val Metric: 0.9385
Epoch 38/50 - Train Loss: 0.3249 - Train Metric: 0.9351
Epoch 38/50 - Val Metric: 0.9418
Epoch 39/50 - Train Loss: 0.3207 - Train Metric: 0.9368
Epoch 39/50 - Val Metric: 0.9415
Epoch 40/50 - Train Loss: 0.3226 - Train Metric: 0.9358
Epoch 40/50 - Val Metric: 0.9410
Epoch 41/50 - Train Loss: 0.3196 - Train Metric: 0.9372
Epoch 41/50 - Val Metric: 0.9422
Epoch 42/50 - Train Loss: 0.3183 - Train Metric: 0.9377
Epoch 42/50 - Val Metric: 0.9415
Epoch 43/50 - Train Loss: 0.3140 - Train Metric: 0.9394
Epoch 43/50 - Val Metric: 0.9438
Epoch 44/50 - Train Loss: 0.3175 - Train Metric: 0.9381
Epoch 44/50 - Val Metric: 0.9437
Epoch 45/50 - Train Loss: 0.3133 - Train Metric: 0.9397
Epoch 45/50 - Val Metric: 0.9444
Epoch 46/50 - Train Loss: 0.3091 - Train Metric: 0.9414
Epoch 46/50 - Val Metric: 0.9438
Epoch 47/50 - Train Loss: 0.3197 - Train Metric: 0.9371
Epoch 47/50 - Val Metric: 0.9432
Epoch 48/50 - Train Loss: 0.3111 - Train Metric: 0.9406
Epoch 48/50 - Val Metric: 0.9435
Epoch 49/50 - Train Loss: 0.3087 - Train Metric: 0.9414
Epoch 49/50 - Val Metric: 0.9440
Epoch 50/50 - Train Loss: 0.3135 - Train Metric: 0.9396
Epoch 50/50 - Val Metric: 0.9444
Best val: 0.9444, Best test: 0.9471
Training set has 10790 instances
Validation set has 1348 instances
Test set has 1350 instances
Training set has 10790 instances
Validation set has 1348 instances
Test set has 1350 instances
Training set has 10790 instances
Validation set has 1348 instances
Test set has 1350 instances
Training set has 10790 instances
Validation set has 1348 instances
Test set has 1350 instances
Epoch 1/50 - Train Loss: 0.6957 - Train Metric: 0.5105
Epoch 1/50 - Val Metric: 0.8001
Epoch 2/50 - Train Loss: 0.6967 - Train Metric: 0.5211
Epoch 2/50 - Val Metric: 0.8000
Epoch 3/50 - Train Loss: 0.6892 - Train Metric: 0.5648
Epoch 3/50 - Val Metric: 0.8068
Training set has 10790 instances
Validation set has 1348 instances
Test set has 1350 instances
Training set has 10790 instances
Validation set has 1348 instances
Test set has 1350 instances
Training set has 10790 instances
Validation set has 1348 instances
Test set has 1350 instances
Training set has 10790 instances
Validation set has 1348 instances
Test set has 1350 instances
Epoch 1/50 - Train Loss: 0.7028 - Train Metric: 0.4951
Epoch 1/50 - Val Metric: 0.8184
Epoch 2/50 - Train Loss: 0.6951 - Train Metric: 0.5026
Epoch 2/50 - Val Metric: 0.8190
Epoch 3/50 - Train Loss: 0.6907 - Train Metric: 0.5343
Epoch 3/50 - Val Metric: 0.8214
Epoch 4/50 - Train Loss: 0.6937 - Train Metric: 0.5209
Epoch 4/50 - Val Metric: 0.8223
Epoch 5/50 - Train Loss: 0.6053 - Train Metric: 0.7201
Epoch 5/50 - Val Metric: 0.8671
Epoch 6/50 - Train Loss: 0.4490 - Train Metric: 0.8707
Epoch 6/50 - Val Metric: 0.9009
Epoch 7/50 - Train Loss: 0.4214 - Train Metric: 0.8874
Epoch 7/50 - Val Metric: 0.9165
Epoch 8/50 - Train Loss: 0.3891 - Train Metric: 0.9052
Epoch 8/50 - Val Metric: 0.9246
Epoch 9/50 - Train Loss: 0.3787 - Train Metric: 0.9100
Epoch 9/50 - Val Metric: 0.9270
Epoch 10/50 - Train Loss: 0.3686 - Train Metric: 0.9149
Epoch 10/50 - Val Metric: 0.9275
Epoch 11/50 - Train Loss: 0.3605 - Train Metric: 0.9192
Epoch 11/50 - Val Metric: 0.9293
Epoch 12/50 - Train Loss: 0.3512 - Train Metric: 0.9237
Epoch 12/50 - Val Metric: 0.9338
Epoch 13/50 - Train Loss: 0.3482 - Train Metric: 0.9248
Epoch 13/50 - Val Metric: 0.9359
Epoch 14/50 - Train Loss: 0.3408 - Train Metric: 0.9280
Epoch 14/50 - Val Metric: 0.9347
Epoch 15/50 - Train Loss: 0.3380 - Train Metric: 0.9297
Epoch 15/50 - Val Metric: 0.9389
Epoch 16/50 - Train Loss: 0.3353 - Train Metric: 0.9307
Epoch 16/50 - Val Metric: 0.9411
Epoch 17/50 - Train Loss: 0.3276 - Train Metric: 0.9338
Epoch 17/50 - Val Metric: 0.9386
Epoch 18/50 - Train Loss: 0.3243 - Train Metric: 0.9354
Epoch 18/50 - Val Metric: 0.9351
Epoch 19/50 - Train Loss: 0.3214 - Train Metric: 0.9366
Epoch 19/50 - Val Metric: 0.9424
Epoch 20/50 - Train Loss: 0.3191 - Train Metric: 0.9374
Epoch 20/50 - Val Metric: 0.9427
Epoch 21/50 - Train Loss: 0.3170 - Train Metric: 0.9384
Epoch 21/50 - Val Metric: 0.9422
Epoch 22/50 - Train Loss: 0.3152 - Train Metric: 0.9391
Epoch 22/50 - Val Metric: 0.9430
Epoch 23/50 - Train Loss: 0.3144 - Train Metric: 0.9393
Epoch 23/50 - Val Metric: 0.9424
Epoch 24/50 - Train Loss: 0.3072 - Train Metric: 0.9422
Epoch 24/50 - Val Metric: 0.9414
Epoch 25/50 - Train Loss: 0.3112 - Train Metric: 0.9407
Epoch 25/50 - Val Metric: 0.9387
Epoch 26/50 - Train Loss: 0.3029 - Train Metric: 0.9439
Epoch 26/50 - Val Metric: 0.9436
Epoch 27/50 - Train Loss: 0.3074 - Train Metric: 0.9420
Epoch 27/50 - Val Metric: 0.9430
Epoch 28/50 - Train Loss: 0.3000 - Train Metric: 0.9448
Epoch 28/50 - Val Metric: 0.9412
Epoch 29/50 - Train Loss: 0.2969 - Train Metric: 0.9461
Epoch 29/50 - Val Metric: 0.9423
Epoch 30/50 - Train Loss: 0.2977 - Train Metric: 0.9458
Epoch 30/50 - Val Metric: 0.9428
Epoch 31/50 - Train Loss: 0.3017 - Train Metric: 0.9443
Epoch 31/50 - Val Metric: 0.9461
Epoch 32/50 - Train Loss: 0.2958 - Train Metric: 0.9463
Epoch 32/50 - Val Metric: 0.9442
Epoch 33/50 - Train Loss: 0.2992 - Train Metric: 0.9451
Epoch 33/50 - Val Metric: 0.9456
Epoch 34/50 - Train Loss: 0.2972 - Train Metric: 0.9457
Epoch 34/50 - Val Metric: 0.9460
Epoch 35/50 - Train Loss: 0.2921 - Train Metric: 0.9478
Epoch 35/50 - Val Metric: 0.9451
Epoch 36/50 - Train Loss: 0.2869 - Train Metric: 0.9497
Epoch 36/50 - Val Metric: 0.9471
Epoch 37/50 - Train Loss: 0.2897 - Train Metric: 0.9486
Epoch 37/50 - Val Metric: 0.9451
Epoch 38/50 - Train Loss: 0.2842 - Train Metric: 0.9507
Epoch 38/50 - Val Metric: 0.9450
Epoch 39/50 - Train Loss: 0.2911 - Train Metric: 0.9481
Epoch 39/50 - Val Metric: 0.9462
Epoch 40/50 - Train Loss: 0.2885 - Train Metric: 0.9491
Epoch 40/50 - Val Metric: 0.9463
Epoch 41/50 - Train Loss: 0.2813 - Train Metric: 0.9518
Epoch 41/50 - Val Metric: 0.9466
Epoch 42/50 - Train Loss: 0.2840 - Train Metric: 0.9507
Epoch 42/50 - Val Metric: 0.9487
Epoch 43/50 - Train Loss: 0.2780 - Train Metric: 0.9528
Epoch 43/50 - Val Metric: 0.9459
Epoch 44/50 - Train Loss: 0.2768 - Train Metric: 0.9531
Epoch 44/50 - Val Metric: 0.9473
Epoch 45/50 - Train Loss: 0.2859 - Train Metric: 0.9499
Epoch 45/50 - Val Metric: 0.9496
Epoch 46/50 - Train Loss: 0.2880 - Train Metric: 0.9491
Epoch 46/50 - Val Metric: 0.9469
Epoch 47/50 - Train Loss: 0.2828 - Train Metric: 0.9510
Epoch 47/50 - Val Metric: 0.9475
Epoch 48/50 - Train Loss: 0.2911 - Train Metric: 0.9480
Epoch 48/50 - Val Metric: 0.9477
Epoch 49/50 - Train Loss: 0.2799 - Train Metric: 0.9521
Epoch 49/50 - Val Metric: 0.9472
Epoch 50/50 - Train Loss: 0.2808 - Train Metric: 0.9518
Epoch 50/50 - Val Metric: 0.9473
Best val: 0.9496, Best test: 0.9392
Training set has 10790 instances
Validation set has 1348 instances
Test set has 1350 instances
Training set has 10790 instances
Validation set has 1348 instances
Test set has 1350 instances
Training set has 10790 instances
Validation set has 1348 instances
Test set has 1350 instances
Epoch 1/50 - Train Loss: 0.6951 - Train Metric: 0.5042
Epoch 1/50 - Val Metric: 0.8221
Epoch 2/50 - Train Loss: 0.5762 - Train Metric: 0.7346
Epoch 2/50 - Val Metric: 0.8838
Epoch 3/50 - Train Loss: 0.4391 - Train Metric: 0.8761
Epoch 3/50 - Val Metric: 0.8964
Epoch 4/50 - Train Loss: 0.4124 - Train Metric: 0.8906
Epoch 4/50 - Val Metric: 0.9022
Epoch 5/50 - Train Loss: 0.3970 - Train Metric: 0.8990
Epoch 5/50 - Val Metric: 0.9106
Epoch 6/50 - Train Loss: 0.3852 - Train Metric: 0.9051
Epoch 6/50 - Val Metric: 0.9153
Epoch 7/50 - Train Loss: 0.3832 - Train Metric: 0.9062
Epoch 7/50 - Val Metric: 0.9200
Epoch 8/50 - Train Loss: 0.3712 - Train Metric: 0.9134
Epoch 8/50 - Val Metric: 0.9239
Epoch 9/50 - Train Loss: 0.3633 - Train Metric: 0.9177
Epoch 9/50 - Val Metric: 0.9283
Epoch 10/50 - Train Loss: 0.3664 - Train Metric: 0.9163
Epoch 10/50 - Val Metric: 0.9312
Epoch 11/50 - Train Loss: 0.3548 - Train Metric: 0.9219
Epoch 11/50 - Val Metric: 0.9313
Epoch 12/50 - Train Loss: 0.3544 - Train Metric: 0.9219
Epoch 12/50 - Val Metric: 0.9351
Epoch 13/50 - Train Loss: 0.3411 - Train Metric: 0.9278
Epoch 13/50 - Val Metric: 0.9367
Epoch 14/50 - Train Loss: 0.3357 - Train Metric: 0.9305
Epoch 14/50 - Val Metric: 0.9373
Epoch 15/50 - Train Loss: 0.3351 - Train Metric: 0.9307
Epoch 15/50 - Val Metric: 0.9357
Epoch 16/50 - Train Loss: 0.3293 - Train Metric: 0.9331
Epoch 16/50 - Val Metric: 0.9391
Epoch 17/50 - Train Loss: 0.3307 - Train Metric: 0.9325
Epoch 17/50 - Val Metric: 0.9370
Epoch 18/50 - Train Loss: 0.3272 - Train Metric: 0.9339
Epoch 18/50 - Val Metric: 0.9391
Epoch 19/50 - Train Loss: 0.3223 - Train Metric: 0.9360
Epoch 19/50 - Val Metric: 0.9400
Epoch 20/50 - Train Loss: 0.3193 - Train Metric: 0.9372
Epoch 20/50 - Val Metric: 0.9421
Epoch 21/50 - Train Loss: 0.3213 - Train Metric: 0.9365
Epoch 21/50 - Val Metric: 0.9418
Epoch 22/50 - Train Loss: 0.3123 - Train Metric: 0.9400
Epoch 22/50 - Val Metric: 0.9412
Epoch 23/50 - Train Loss: 0.3136 - Train Metric: 0.9395
Epoch 23/50 - Val Metric: 0.9413
Epoch 24/50 - Train Loss: 0.3121 - Train Metric: 0.9400
Epoch 24/50 - Val Metric: 0.9399
Epoch 25/50 - Train Loss: 0.3148 - Train Metric: 0.9387
Epoch 25/50 - Val Metric: 0.9415
Epoch 26/50 - Train Loss: 0.3077 - Train Metric: 0.9416
Epoch 26/50 - Val Metric: 0.9430
Epoch 27/50 - Train Loss: 0.3037 - Train Metric: 0.9433
Epoch 27/50 - Val Metric: 0.9426
Epoch 28/50 - Train Loss: 0.3101 - Train Metric: 0.9409
Epoch 28/50 - Val Metric: 0.9414
Epoch 29/50 - Train Loss: 0.3048 - Train Metric: 0.9429
Epoch 29/50 - Val Metric: 0.9404
Epoch 30/50 - Train Loss: 0.3037 - Train Metric: 0.9433
Epoch 30/50 - Val Metric: 0.9434
Epoch 31/50 - Train Loss: 0.3012 - Train Metric: 0.9443
Epoch 31/50 - Val Metric: 0.9417
Epoch 32/50 - Train Loss: 0.3026 - Train Metric: 0.9437
Epoch 32/50 - Val Metric: 0.9416
Epoch 33/50 - Train Loss: 0.2986 - Train Metric: 0.9452
Epoch 33/50 - Val Metric: 0.9413
Epoch 34/50 - Train Loss: 0.2994 - Train Metric: 0.9450
Epoch 34/50 - Val Metric: 0.9411
Epoch 35/50 - Train Loss: 0.2993 - Train Metric: 0.9450
Epoch 35/50 - Val Metric: 0.9426
Epoch 36/50 - Train Loss: 0.2961 - Train Metric: 0.9462
Epoch 36/50 - Val Metric: 0.9433
Epoch 37/50 - Train Loss: 0.2978 - Train Metric: 0.9456
Epoch 37/50 - Val Metric: 0.9427
Epoch 38/50 - Train Loss: 0.2923 - Train Metric: 0.9476
Epoch 38/50 - Val Metric: 0.9428
Epoch 39/50 - Train Loss: 0.2930 - Train Metric: 0.9473
Epoch 39/50 - Val Metric: 0.9423
Epoch 40/50 - Train Loss: 0.2907 - Train Metric: 0.9483
Epoch 40/50 - Val Metric: 0.9420
Epoch 41/50 - Train Loss: 0.2900 - Train Metric: 0.9485
Epoch 41/50 - Val Metric: 0.9425
Epoch 42/50 - Train Loss: 0.2908 - Train Metric: 0.9481
Epoch 42/50 - Val Metric: 0.9420
Epoch 43/50 - Train Loss: 0.2876 - Train Metric: 0.9494
Epoch 43/50 - Val Metric: 0.9440
Epoch 44/50 - Train Loss: 0.2878 - Train Metric: 0.9492
Epoch 44/50 - Val Metric: 0.9423
Epoch 45/50 - Train Loss: 0.2834 - Train Metric: 0.9508
Epoch 45/50 - Val Metric: 0.9413
Epoch 46/50 - Train Loss: 0.2846 - Train Metric: 0.9504
Epoch 46/50 - Val Metric: 0.9438
Epoch 47/50 - Train Loss: 0.2812 - Train Metric: 0.9515
Epoch 47/50 - Val Metric: 0.9431
Epoch 48/50 - Train Loss: 0.2842 - Train Metric: 0.9505
Epoch 48/50 - Val Metric: 0.9442
Epoch 49/50 - Train Loss: 0.2803 - Train Metric: 0.9519
Epoch 49/50 - Val Metric: 0.9417
Epoch 50/50 - Train Loss: 0.2793 - Train Metric: 0.9523
Epoch 50/50 - Val Metric: 0.9458
Best val: 0.9458, Best test: 0.9500
Training set has 10790 instances
Validation set has 1348 instances
Test set has 1350 instances
Training set has 10790 instances
Validation set has 1348 instances
Test set has 1350 instances
Training set has 10790 instances
Validation set has 1348 instances
Test set has 1350 instances
Training set has 10790 instances
Validation set has 1348 instances
Test set has 1350 instances
Epoch 1/50 - Train Loss: 0.7160 - Train Metric: 0.5111
Epoch 1/50 - Val Metric: 0.8177
Epoch 2/50 - Train Loss: 0.7016 - Train Metric: 0.4979
Epoch 2/50 - Val Metric: 0.8073
Hyper-parameter search done. Found the best config.
Repeat experiments 5 times with the best train config {'batch_size': 128, 'gamma_rate': 1.0, 'base_lr': 0.001} and model config {'num_heads': 8, 'num_layers': 8, 'num_latents': 4, 'hidden_dim': 32, 'mlp_ratio': 4, 'dropout_prob': 0, 'top_k': 1}.
Training set has 10790 instances
Validation set has 1348 instances
Test set has 1350 instances
Epoch 1/50 - Train Loss: 0.6975 - Train Metric: 0.4999
Epoch 1/50 - Val Metric: 0.7288
Epoch 2/50 - Train Loss: 0.6935 - Train Metric: 0.5010
Epoch 2/50 - Val Metric: 0.7431
Epoch 3/50 - Train Loss: 0.5948 - Train Metric: 0.7215
Epoch 3/50 - Val Metric: 0.8695
Epoch 4/50 - Train Loss: 0.4280 - Train Metric: 0.8820
Epoch 4/50 - Val Metric: 0.8934
Epoch 5/50 - Train Loss: 0.3949 - Train Metric: 0.9013
Epoch 5/50 - Val Metric: 0.9008
Epoch 6/50 - Train Loss: 0.3829 - Train Metric: 0.9073
Epoch 6/50 - Val Metric: 0.9040
Epoch 7/50 - Train Loss: 0.3688 - Train Metric: 0.9149
Epoch 7/50 - Val Metric: 0.9072
Epoch 8/50 - Train Loss: 0.3562 - Train Metric: 0.9212
Epoch 8/50 - Val Metric: 0.9140
Epoch 9/50 - Train Loss: 0.3582 - Train Metric: 0.9200
Epoch 9/50 - Val Metric: 0.9110
Epoch 10/50 - Train Loss: 0.3482 - Train Metric: 0.9248
Epoch 10/50 - Val Metric: 0.9171
Epoch 11/50 - Train Loss: 0.3537 - Train Metric: 0.9219
Epoch 11/50 - Val Metric: 0.9133
Epoch 12/50 - Train Loss: 0.3405 - Train Metric: 0.9283
Epoch 12/50 - Val Metric: 0.9169
Epoch 13/50 - Train Loss: 0.3472 - Train Metric: 0.9251
Epoch 13/50 - Val Metric: 0.9208
Epoch 14/50 - Train Loss: 0.3321 - Train Metric: 0.9316
Epoch 14/50 - Val Metric: 0.9229
Epoch 15/50 - Train Loss: 0.3291 - Train Metric: 0.9332
Epoch 15/50 - Val Metric: 0.9250
Epoch 16/50 - Train Loss: 0.3241 - Train Metric: 0.9351
Epoch 16/50 - Val Metric: 0.9282
Epoch 17/50 - Train Loss: 0.3259 - Train Metric: 0.9346
Epoch 17/50 - Val Metric: 0.9288
Epoch 18/50 - Train Loss: 0.3204 - Train Metric: 0.9369
Epoch 18/50 - Val Metric: 0.9303
Epoch 19/50 - Train Loss: 0.3160 - Train Metric: 0.9385
Epoch 19/50 - Val Metric: 0.9315
Epoch 20/50 - Train Loss: 0.3120 - Train Metric: 0.9402
Epoch 20/50 - Val Metric: 0.9290
Epoch 21/50 - Train Loss: 0.3135 - Train Metric: 0.9396
Epoch 21/50 - Val Metric: 0.9326
Epoch 22/50 - Train Loss: 0.3097 - Train Metric: 0.9411
Epoch 22/50 - Val Metric: 0.9298
Epoch 23/50 - Train Loss: 0.3106 - Train Metric: 0.9406
Epoch 23/50 - Val Metric: 0.9287
Epoch 24/50 - Train Loss: 0.3057 - Train Metric: 0.9428
Epoch 24/50 - Val Metric: 0.9261
Epoch 25/50 - Train Loss: 0.3033 - Train Metric: 0.9436
Epoch 25/50 - Val Metric: 0.9290
Epoch 26/50 - Train Loss: 0.3101 - Train Metric: 0.9409
Epoch 26/50 - Val Metric: 0.9337
Epoch 27/50 - Train Loss: 0.3063 - Train Metric: 0.9424
Epoch 27/50 - Val Metric: 0.9356
Epoch 28/50 - Train Loss: 0.3073 - Train Metric: 0.9419
Epoch 28/50 - Val Metric: 0.9298
Epoch 29/50 - Train Loss: 0.3031 - Train Metric: 0.9437
Epoch 29/50 - Val Metric: 0.9290
Epoch 30/50 - Train Loss: 0.2985 - Train Metric: 0.9454
Epoch 30/50 - Val Metric: 0.9329
Epoch 31/50 - Train Loss: 0.2966 - Train Metric: 0.9460
Epoch 31/50 - Val Metric: 0.9352
Epoch 32/50 - Train Loss: 0.2971 - Train Metric: 0.9458
Epoch 32/50 - Val Metric: 0.9314
Epoch 33/50 - Train Loss: 0.3032 - Train Metric: 0.9435
Epoch 33/50 - Val Metric: 0.9357
Epoch 34/50 - Train Loss: 0.2956 - Train Metric: 0.9464
Epoch 34/50 - Val Metric: 0.9327
Epoch 35/50 - Train Loss: 0.2961 - Train Metric: 0.9462
Epoch 35/50 - Val Metric: 0.9356
Epoch 36/50 - Train Loss: 0.2917 - Train Metric: 0.9478
Epoch 36/50 - Val Metric: 0.9363
Epoch 37/50 - Train Loss: 0.2949 - Train Metric: 0.9466
Epoch 37/50 - Val Metric: 0.9322
Epoch 38/50 - Train Loss: 0.2894 - Train Metric: 0.9487
Epoch 38/50 - Val Metric: 0.9321
Epoch 39/50 - Train Loss: 0.2896 - Train Metric: 0.9486
Epoch 39/50 - Val Metric: 0.9391
Epoch 40/50 - Train Loss: 0.2912 - Train Metric: 0.9481
Epoch 40/50 - Val Metric: 0.9380
Epoch 41/50 - Train Loss: 0.2865 - Train Metric: 0.9497
Epoch 41/50 - Val Metric: 0.9392
Epoch 42/50 - Train Loss: 0.2876 - Train Metric: 0.9494
Epoch 42/50 - Val Metric: 0.9398
Epoch 43/50 - Train Loss: 0.2889 - Train Metric: 0.9489
Epoch 43/50 - Val Metric: 0.9381
Epoch 44/50 - Train Loss: 0.2842 - Train Metric: 0.9505
Epoch 44/50 - Val Metric: 0.9393
Epoch 45/50 - Train Loss: 0.2839 - Train Metric: 0.9505
Epoch 45/50 - Val Metric: 0.9410
Epoch 46/50 - Train Loss: 0.2814 - Train Metric: 0.9514
Epoch 46/50 - Val Metric: 0.9287
Epoch 47/50 - Train Loss: 0.2891 - Train Metric: 0.9487
Epoch 47/50 - Val Metric: 0.9354
Epoch 48/50 - Train Loss: 0.2864 - Train Metric: 0.9497
Epoch 48/50 - Val Metric: 0.9416
Epoch 49/50 - Train Loss: 0.2846 - Train Metric: 0.9504
Epoch 49/50 - Val Metric: 0.9383
Epoch 50/50 - Train Loss: 0.2825 - Train Metric: 0.9512
Epoch 50/50 - Val Metric: 0.9439
Best val: 0.9439, Best test: 0.9414
Training set has 10790 instances
Validation set has 1348 instances
Test set has 1350 instances
Epoch 1/50 - Train Loss: 0.6975 - Train Metric: 0.5036
Epoch 1/50 - Val Metric: 0.7534
Epoch 2/50 - Train Loss: 0.6939 - Train Metric: 0.5064
Epoch 2/50 - Val Metric: 0.7733
Epoch 3/50 - Train Loss: 0.6883 - Train Metric: 0.5536
Epoch 3/50 - Val Metric: 0.8171
Epoch 4/50 - Train Loss: 0.6530 - Train Metric: 0.5756
Epoch 4/50 - Val Metric: 0.8393
Epoch 5/50 - Train Loss: 0.6572 - Train Metric: 0.5981
Epoch 5/50 - Val Metric: 0.8217
Epoch 6/50 - Train Loss: 0.6724 - Train Metric: 0.5782
Epoch 6/50 - Val Metric: 0.8011
Epoch 7/50 - Train Loss: 0.6355 - Train Metric: 0.6982
Epoch 7/50 - Val Metric: 0.8208
Epoch 8/50 - Train Loss: 0.6173 - Train Metric: 0.7148
Epoch 8/50 - Val Metric: 0.8079
Epoch 9/50 - Train Loss: 0.6573 - Train Metric: 0.6265
Epoch 9/50 - Val Metric: 0.8255
Epoch 10/50 - Train Loss: 0.6527 - Train Metric: 0.6919
Epoch 10/50 - Val Metric: 0.4545
Epoch 11/50 - Train Loss: 0.5603 - Train Metric: 0.7861
Epoch 11/50 - Val Metric: 0.8453
Epoch 12/50 - Train Loss: 0.4598 - Train Metric: 0.8619
Epoch 12/50 - Val Metric: 0.8724
Epoch 13/50 - Train Loss: 0.4343 - Train Metric: 0.8793
Epoch 13/50 - Val Metric: 0.8798
Epoch 14/50 - Train Loss: 0.4211 - Train Metric: 0.8854
Epoch 14/50 - Val Metric: 0.8865
Epoch 15/50 - Train Loss: 0.4121 - Train Metric: 0.8909
Epoch 15/50 - Val Metric: 0.8913
Epoch 16/50 - Train Loss: 0.3999 - Train Metric: 0.8978
Epoch 16/50 - Val Metric: 0.8932
Epoch 17/50 - Train Loss: 0.3942 - Train Metric: 0.9002
Epoch 17/50 - Val Metric: 0.8977
Epoch 18/50 - Train Loss: 0.3895 - Train Metric: 0.9029
Epoch 18/50 - Val Metric: 0.8988
Epoch 19/50 - Train Loss: 0.3763 - Train Metric: 0.9092
Epoch 19/50 - Val Metric: 0.9028
Epoch 20/50 - Train Loss: 0.3720 - Train Metric: 0.9116
Epoch 20/50 - Val Metric: 0.9053
Epoch 21/50 - Train Loss: 0.3645 - Train Metric: 0.9151
Epoch 21/50 - Val Metric: 0.9076
Epoch 22/50 - Train Loss: 0.3609 - Train Metric: 0.9173
Epoch 22/50 - Val Metric: 0.9095
Epoch 23/50 - Train Loss: 0.3594 - Train Metric: 0.9180
Epoch 23/50 - Val Metric: 0.9097
Epoch 24/50 - Train Loss: 0.3579 - Train Metric: 0.9187
Epoch 24/50 - Val Metric: 0.9145
Epoch 25/50 - Train Loss: 0.3557 - Train Metric: 0.9202
Epoch 25/50 - Val Metric: 0.9169
Epoch 26/50 - Train Loss: 0.3505 - Train Metric: 0.9231
Epoch 26/50 - Val Metric: 0.9180
Epoch 27/50 - Train Loss: 0.3426 - Train Metric: 0.9266
Epoch 27/50 - Val Metric: 0.9177
Epoch 28/50 - Train Loss: 0.3445 - Train Metric: 0.9261
Epoch 28/50 - Val Metric: 0.9192
Epoch 29/50 - Train Loss: 0.3422 - Train Metric: 0.9272
Epoch 29/50 - Val Metric: 0.9227
Epoch 30/50 - Train Loss: 0.3406 - Train Metric: 0.9278
Epoch 30/50 - Val Metric: 0.9254
Epoch 31/50 - Train Loss: 0.3282 - Train Metric: 0.9334
Epoch 31/50 - Val Metric: 0.9298
Epoch 32/50 - Train Loss: 0.3350 - Train Metric: 0.9306
Epoch 32/50 - Val Metric: 0.9276
Epoch 33/50 - Train Loss: 0.3276 - Train Metric: 0.9339
Epoch 33/50 - Val Metric: 0.9282
Epoch 34/50 - Train Loss: 0.3304 - Train Metric: 0.9327
Epoch 34/50 - Val Metric: 0.9291
Epoch 35/50 - Train Loss: 0.3239 - Train Metric: 0.9355
Epoch 35/50 - Val Metric: 0.9272
Epoch 36/50 - Train Loss: 0.3215 - Train Metric: 0.9364
Epoch 36/50 - Val Metric: 0.9325
Epoch 37/50 - Train Loss: 0.3175 - Train Metric: 0.9380
Epoch 37/50 - Val Metric: 0.9313
Epoch 38/50 - Train Loss: 0.3170 - Train Metric: 0.9381
Epoch 38/50 - Val Metric: 0.9328
Epoch 39/50 - Train Loss: 0.3194 - Train Metric: 0.9371
Epoch 39/50 - Val Metric: 0.9349
Epoch 40/50 - Train Loss: 0.3151 - Train Metric: 0.9390
Epoch 40/50 - Val Metric: 0.9312
Epoch 41/50 - Train Loss: 0.3176 - Train Metric: 0.9380
Epoch 41/50 - Val Metric: 0.9331
Epoch 42/50 - Train Loss: 0.3116 - Train Metric: 0.9402
Epoch 42/50 - Val Metric: 0.9350
Epoch 43/50 - Train Loss: 0.3115 - Train Metric: 0.9404
Epoch 43/50 - Val Metric: 0.9357
Epoch 44/50 - Train Loss: 0.3086 - Train Metric: 0.9415
Epoch 44/50 - Val Metric: 0.9363
Epoch 45/50 - Train Loss: 0.3183 - Train Metric: 0.9376
Epoch 45/50 - Val Metric: 0.9353
Epoch 46/50 - Train Loss: 0.3235 - Train Metric: 0.9357
Epoch 46/50 - Val Metric: 0.9349
Epoch 47/50 - Train Loss: 0.3316 - Train Metric: 0.9321
Epoch 47/50 - Val Metric: 0.9327
Epoch 48/50 - Train Loss: 0.3310 - Train Metric: 0.9321
Epoch 48/50 - Val Metric: 0.9353
Epoch 49/50 - Train Loss: 0.3153 - Train Metric: 0.9389
Epoch 49/50 - Val Metric: 0.9369
Epoch 50/50 - Train Loss: 0.3113 - Train Metric: 0.9403
Epoch 50/50 - Val Metric: 0.9276
Best val: 0.9369, Best test: 0.9358
Training set has 10790 instances
Validation set has 1348 instances
Test set has 1350 instances
Epoch 1/50 - Train Loss: 0.6977 - Train Metric: 0.5109
Epoch 1/50 - Val Metric: 0.7697
Epoch 2/50 - Train Loss: 0.6948 - Train Metric: 0.5001
Epoch 2/50 - Val Metric: 0.7787
Epoch 3/50 - Train Loss: 0.6889 - Train Metric: 0.5250
Epoch 3/50 - Val Metric: 0.8003
Epoch 4/50 - Train Loss: 0.6091 - Train Metric: 0.7332
Epoch 4/50 - Val Metric: 0.8554
Epoch 5/50 - Train Loss: 0.5294 - Train Metric: 0.8118
Epoch 5/50 - Val Metric: 0.8754
Epoch 6/50 - Train Loss: 0.4410 - Train Metric: 0.8750
Epoch 6/50 - Val Metric: 0.8885
Epoch 7/50 - Train Loss: 0.4079 - Train Metric: 0.8937
Epoch 7/50 - Val Metric: 0.9024
Epoch 8/50 - Train Loss: 0.3992 - Train Metric: 0.8984
Epoch 8/50 - Val Metric: 0.9067
Epoch 9/50 - Train Loss: 0.3826 - Train Metric: 0.9069
Epoch 9/50 - Val Metric: 0.9118
Epoch 10/50 - Train Loss: 0.3838 - Train Metric: 0.9070
Epoch 10/50 - Val Metric: 0.9162
Epoch 11/50 - Train Loss: 0.3698 - Train Metric: 0.9132
Epoch 11/50 - Val Metric: 0.9204
Epoch 12/50 - Train Loss: 0.3674 - Train Metric: 0.9143
Epoch 12/50 - Val Metric: 0.9194
Epoch 13/50 - Train Loss: 0.3566 - Train Metric: 0.9196
Epoch 13/50 - Val Metric: 0.9183
Epoch 14/50 - Train Loss: 0.3587 - Train Metric: 0.9185
Epoch 14/50 - Val Metric: 0.9254
Epoch 15/50 - Train Loss: 0.3606 - Train Metric: 0.9182
Epoch 15/50 - Val Metric: 0.9287
Epoch 16/50 - Train Loss: 0.3549 - Train Metric: 0.9207
Epoch 16/50 - Val Metric: 0.9278
Epoch 17/50 - Train Loss: 0.3469 - Train Metric: 0.9245
Epoch 17/50 - Val Metric: 0.9296
Epoch 18/50 - Train Loss: 0.3498 - Train Metric: 0.9236
Epoch 18/50 - Val Metric: 0.9272
Epoch 19/50 - Train Loss: 0.3461 - Train Metric: 0.9250
Epoch 19/50 - Val Metric: 0.9302
Epoch 20/50 - Train Loss: 0.3356 - Train Metric: 0.9297
Epoch 20/50 - Val Metric: 0.9324
Epoch 21/50 - Train Loss: 0.3389 - Train Metric: 0.9283
Epoch 21/50 - Val Metric: 0.9359
Epoch 22/50 - Train Loss: 0.3382 - Train Metric: 0.9287
Epoch 22/50 - Val Metric: 0.9338
Epoch 23/50 - Train Loss: 0.3383 - Train Metric: 0.9288
Epoch 23/50 - Val Metric: 0.9334
Epoch 24/50 - Train Loss: 0.3280 - Train Metric: 0.9333
Epoch 24/50 - Val Metric: 0.9367
Epoch 25/50 - Train Loss: 0.3256 - Train Metric: 0.9345
Epoch 25/50 - Val Metric: 0.9346
Epoch 26/50 - Train Loss: 0.3285 - Train Metric: 0.9332
Epoch 26/50 - Val Metric: 0.9408
Epoch 27/50 - Train Loss: 0.3207 - Train Metric: 0.9367
Epoch 27/50 - Val Metric: 0.9386
Epoch 28/50 - Train Loss: 0.3233 - Train Metric: 0.9356
Epoch 28/50 - Val Metric: 0.9390
Epoch 29/50 - Train Loss: 0.3167 - Train Metric: 0.9382
Epoch 29/50 - Val Metric: 0.9347
Epoch 30/50 - Train Loss: 0.3190 - Train Metric: 0.9374
Epoch 30/50 - Val Metric: 0.9462
Epoch 31/50 - Train Loss: 0.3106 - Train Metric: 0.9407
Epoch 31/50 - Val Metric: 0.9398
Epoch 32/50 - Train Loss: 0.3093 - Train Metric: 0.9411
Epoch 32/50 - Val Metric: 0.9462
Epoch 33/50 - Train Loss: 0.3083 - Train Metric: 0.9414
Epoch 33/50 - Val Metric: 0.9405
Epoch 34/50 - Train Loss: 0.3120 - Train Metric: 0.9401
Epoch 34/50 - Val Metric: 0.9485
Epoch 35/50 - Train Loss: 0.3079 - Train Metric: 0.9416
Epoch 35/50 - Val Metric: 0.9443
Epoch 36/50 - Train Loss: 0.3012 - Train Metric: 0.9443
Epoch 36/50 - Val Metric: 0.9490
Epoch 37/50 - Train Loss: 0.3010 - Train Metric: 0.9443
Epoch 37/50 - Val Metric: 0.9494
Epoch 38/50 - Train Loss: 0.3035 - Train Metric: 0.9433
Epoch 38/50 - Val Metric: 0.9460
Epoch 39/50 - Train Loss: 0.3012 - Train Metric: 0.9442
Epoch 39/50 - Val Metric: 0.9478
Epoch 40/50 - Train Loss: 0.3008 - Train Metric: 0.9446
Epoch 40/50 - Val Metric: 0.9428
Epoch 41/50 - Train Loss: 0.2975 - Train Metric: 0.9456
Epoch 41/50 - Val Metric: 0.9507
Epoch 42/50 - Train Loss: 0.2969 - Train Metric: 0.9459
Epoch 42/50 - Val Metric: 0.9515
Epoch 43/50 - Train Loss: 0.2924 - Train Metric: 0.9475
Epoch 43/50 - Val Metric: 0.9510
Epoch 44/50 - Train Loss: 0.2999 - Train Metric: 0.9447
Epoch 44/50 - Val Metric: 0.9506
Epoch 45/50 - Train Loss: 0.2920 - Train Metric: 0.9478
Epoch 45/50 - Val Metric: 0.9523
Epoch 46/50 - Train Loss: 0.2966 - Train Metric: 0.9461
Epoch 46/50 - Val Metric: 0.9460
Epoch 47/50 - Train Loss: 0.2980 - Train Metric: 0.9452
Epoch 47/50 - Val Metric: 0.9526
Epoch 48/50 - Train Loss: 0.2929 - Train Metric: 0.9473
Epoch 48/50 - Val Metric: 0.9494
Epoch 49/50 - Train Loss: 0.2911 - Train Metric: 0.9480
Epoch 49/50 - Val Metric: 0.9504
Epoch 50/50 - Train Loss: 0.2960 - Train Metric: 0.9462
Epoch 50/50 - Val Metric: 0.9471
Best val: 0.9526, Best test: 0.9489
Training set has 10790 instances
Validation set has 1348 instances
Test set has 1350 instances
Epoch 1/50 - Train Loss: 0.6999 - Train Metric: 0.5087
Epoch 1/50 - Val Metric: 0.7569
Epoch 2/50 - Train Loss: 0.6925 - Train Metric: 0.5288
Epoch 2/50 - Val Metric: 0.7504
Epoch 3/50 - Train Loss: 0.5013 - Train Metric: 0.8356
Epoch 3/50 - Val Metric: 0.8844
Epoch 4/50 - Train Loss: 0.4139 - Train Metric: 0.8895
Epoch 4/50 - Val Metric: 0.9016
Epoch 5/50 - Train Loss: 0.3907 - Train Metric: 0.9024
Epoch 5/50 - Val Metric: 0.9094
Epoch 6/50 - Train Loss: 0.3811 - Train Metric: 0.9078
Epoch 6/50 - Val Metric: 0.9153
Epoch 7/50 - Train Loss: 0.3823 - Train Metric: 0.9076
Epoch 7/50 - Val Metric: 0.9145
Epoch 8/50 - Train Loss: 0.3737 - Train Metric: 0.9116
Epoch 8/50 - Val Metric: 0.9235
Epoch 9/50 - Train Loss: 0.3584 - Train Metric: 0.9201
Epoch 9/50 - Val Metric: 0.9271
Epoch 10/50 - Train Loss: 0.3454 - Train Metric: 0.9256
Epoch 10/50 - Val Metric: 0.9270
Epoch 11/50 - Train Loss: 0.3403 - Train Metric: 0.9281
Epoch 11/50 - Val Metric: 0.9280
Epoch 12/50 - Train Loss: 0.3384 - Train Metric: 0.9286
Epoch 12/50 - Val Metric: 0.9296
Epoch 13/50 - Train Loss: 0.3367 - Train Metric: 0.9297
Epoch 13/50 - Val Metric: 0.9310
Epoch 14/50 - Train Loss: 0.3334 - Train Metric: 0.9312
Epoch 14/50 - Val Metric: 0.9278
Epoch 15/50 - Train Loss: 0.3313 - Train Metric: 0.9320
Epoch 15/50 - Val Metric: 0.9292
Epoch 16/50 - Train Loss: 0.3330 - Train Metric: 0.9314
Epoch 16/50 - Val Metric: 0.9331
Epoch 17/50 - Train Loss: 0.3308 - Train Metric: 0.9323
Epoch 17/50 - Val Metric: 0.9315
Epoch 18/50 - Train Loss: 0.3312 - Train Metric: 0.9320
Epoch 18/50 - Val Metric: 0.9319
Epoch 19/50 - Train Loss: 0.3275 - Train Metric: 0.9339
Epoch 19/50 - Val Metric: 0.9316
Epoch 20/50 - Train Loss: 0.3218 - Train Metric: 0.9361
Epoch 20/50 - Val Metric: 0.9354
Epoch 21/50 - Train Loss: 0.3182 - Train Metric: 0.9376
Epoch 21/50 - Val Metric: 0.9376
Epoch 22/50 - Train Loss: 0.3235 - Train Metric: 0.9355
Epoch 22/50 - Val Metric: 0.9326
Epoch 23/50 - Train Loss: 0.3198 - Train Metric: 0.9372
Epoch 23/50 - Val Metric: 0.9375
Epoch 24/50 - Train Loss: 0.3160 - Train Metric: 0.9386
Epoch 24/50 - Val Metric: 0.9375
Epoch 25/50 - Train Loss: 0.3198 - Train Metric: 0.9371
Epoch 25/50 - Val Metric: 0.9398
Epoch 26/50 - Train Loss: 0.3133 - Train Metric: 0.9394
Epoch 26/50 - Val Metric: 0.9395
Epoch 27/50 - Train Loss: 0.3108 - Train Metric: 0.9406
Epoch 27/50 - Val Metric: 0.9395
Epoch 28/50 - Train Loss: 0.3080 - Train Metric: 0.9420
Epoch 28/50 - Val Metric: 0.9433
Epoch 29/50 - Train Loss: 0.3102 - Train Metric: 0.9408
Epoch 29/50 - Val Metric: 0.9371
Epoch 30/50 - Train Loss: 0.3057 - Train Metric: 0.9428
Epoch 30/50 - Val Metric: 0.9389
Epoch 31/50 - Train Loss: 0.3044 - Train Metric: 0.9430
Epoch 31/50 - Val Metric: 0.9416
Epoch 32/50 - Train Loss: 0.3026 - Train Metric: 0.9440
Epoch 32/50 - Val Metric: 0.9394
Epoch 33/50 - Train Loss: 0.3050 - Train Metric: 0.9430
Epoch 33/50 - Val Metric: 0.9405
Epoch 34/50 - Train Loss: 0.3062 - Train Metric: 0.9425
Epoch 34/50 - Val Metric: 0.9375
Epoch 35/50 - Train Loss: 0.3072 - Train Metric: 0.9419
Epoch 35/50 - Val Metric: 0.9398
Epoch 36/50 - Train Loss: 0.3037 - Train Metric: 0.9434
Epoch 36/50 - Val Metric: 0.9396
Epoch 37/50 - Train Loss: 0.3021 - Train Metric: 0.9440
Epoch 37/50 - Val Metric: 0.9287
Epoch 38/50 - Train Loss: 0.3034 - Train Metric: 0.9436
Epoch 38/50 - Val Metric: 0.9394
Epoch 39/50 - Train Loss: 0.3025 - Train Metric: 0.9440
Epoch 39/50 - Val Metric: 0.9407
Epoch 40/50 - Train Loss: 0.2999 - Train Metric: 0.9449
Epoch 40/50 - Val Metric: 0.9379
Epoch 41/50 - Train Loss: 0.3043 - Train Metric: 0.9432
Epoch 41/50 - Val Metric: 0.9414
Epoch 42/50 - Train Loss: 0.3000 - Train Metric: 0.9449
Epoch 42/50 - Val Metric: 0.9360
Epoch 43/50 - Train Loss: 0.2924 - Train Metric: 0.9477
Epoch 43/50 - Val Metric: 0.9420
Epoch 44/50 - Train Loss: 0.2893 - Train Metric: 0.9487
Epoch 44/50 - Val Metric: 0.9423
Epoch 45/50 - Train Loss: 0.2945 - Train Metric: 0.9470
Epoch 45/50 - Val Metric: 0.9415
Epoch 46/50 - Train Loss: 0.2912 - Train Metric: 0.9481
Epoch 46/50 - Val Metric: 0.9424
Epoch 47/50 - Train Loss: 0.2925 - Train Metric: 0.9475
Epoch 47/50 - Val Metric: 0.9435
Epoch 48/50 - Train Loss: 0.2890 - Train Metric: 0.9488
Epoch 48/50 - Val Metric: 0.9436
Epoch 49/50 - Train Loss: 0.2852 - Train Metric: 0.9502
Epoch 49/50 - Val Metric: 0.9437
Epoch 50/50 - Train Loss: 0.2892 - Train Metric: 0.9488
Epoch 50/50 - Val Metric: 0.9392
Best val: 0.9437, Best test: 0.9392
Training set has 10790 instances
Validation set has 1348 instances
Test set has 1350 instances
Epoch 1/50 - Train Loss: 0.6993 - Train Metric: 0.4942
Epoch 1/50 - Val Metric: 0.7566
Epoch 2/50 - Train Loss: 0.6941 - Train Metric: 0.5041
Epoch 2/50 - Val Metric: 0.7604
Epoch 3/50 - Train Loss: 0.6945 - Train Metric: 0.5038
Epoch 3/50 - Val Metric: 0.7630
Epoch 4/50 - Train Loss: 0.6951 - Train Metric: 0.5048
Epoch 4/50 - Val Metric: 0.7659
Epoch 5/50 - Train Loss: 0.6937 - Train Metric: 0.5076
Epoch 5/50 - Val Metric: 0.7669
Epoch 6/50 - Train Loss: 0.6937 - Train Metric: 0.5307
Epoch 6/50 - Val Metric: 0.7490
Epoch 7/50 - Train Loss: 0.6936 - Train Metric: 0.4944
Epoch 7/50 - Val Metric: 0.7439
Epoch 8/50 - Train Loss: 0.6934 - Train Metric: 0.5083
Epoch 8/50 - Val Metric: 0.7440
Epoch 9/50 - Train Loss: 0.6940 - Train Metric: 0.5250
Epoch 9/50 - Val Metric: 0.7608
Epoch 10/50 - Train Loss: 0.6834 - Train Metric: 0.5507
Epoch 10/50 - Val Metric: 0.7660
Epoch 11/50 - Train Loss: 0.5999 - Train Metric: 0.7001
Epoch 11/50 - Val Metric: 0.8387
Epoch 12/50 - Train Loss: 0.4219 - Train Metric: 0.8867
Epoch 12/50 - Val Metric: 0.9115
Epoch 13/50 - Train Loss: 0.3842 - Train Metric: 0.9081
Epoch 13/50 - Val Metric: 0.9200
Epoch 14/50 - Train Loss: 0.3626 - Train Metric: 0.9186
Epoch 14/50 - Val Metric: 0.9285
Epoch 15/50 - Train Loss: 0.3578 - Train Metric: 0.9206
Epoch 15/50 - Val Metric: 0.9259
Epoch 16/50 - Train Loss: 0.3552 - Train Metric: 0.9223
Epoch 16/50 - Val Metric: 0.9326
Epoch 17/50 - Train Loss: 0.3398 - Train Metric: 0.9290
Epoch 17/50 - Val Metric: 0.9367
Epoch 18/50 - Train Loss: 0.3344 - Train Metric: 0.9311
Epoch 18/50 - Val Metric: 0.9408
Epoch 19/50 - Train Loss: 0.3363 - Train Metric: 0.9302
Epoch 19/50 - Val Metric: 0.9377
Epoch 20/50 - Train Loss: 0.3376 - Train Metric: 0.9298
Epoch 20/50 - Val Metric: 0.9403
Epoch 21/50 - Train Loss: 0.3344 - Train Metric: 0.9309
Epoch 21/50 - Val Metric: 0.9362
Epoch 22/50 - Train Loss: 0.3287 - Train Metric: 0.9335
Epoch 22/50 - Val Metric: 0.9358
Epoch 23/50 - Train Loss: 0.3253 - Train Metric: 0.9349
Epoch 23/50 - Val Metric: 0.9374
Epoch 24/50 - Train Loss: 0.3275 - Train Metric: 0.9340
Epoch 24/50 - Val Metric: 0.9409
Epoch 25/50 - Train Loss: 0.3288 - Train Metric: 0.9333
Epoch 25/50 - Val Metric: 0.9396
Epoch 26/50 - Train Loss: 0.3242 - Train Metric: 0.9352
Epoch 26/50 - Val Metric: 0.9372
Epoch 27/50 - Train Loss: 0.3240 - Train Metric: 0.9355
Epoch 27/50 - Val Metric: 0.9371
Epoch 28/50 - Train Loss: 0.3149 - Train Metric: 0.9390
Epoch 28/50 - Val Metric: 0.9377
Epoch 29/50 - Train Loss: 0.3180 - Train Metric: 0.9380
Epoch 29/50 - Val Metric: 0.9411
Epoch 30/50 - Train Loss: 0.3122 - Train Metric: 0.9400
Epoch 30/50 - Val Metric: 0.9386
Epoch 31/50 - Train Loss: 0.3139 - Train Metric: 0.9394
Epoch 31/50 - Val Metric: 0.9376
Epoch 32/50 - Train Loss: 0.3083 - Train Metric: 0.9417
Epoch 32/50 - Val Metric: 0.9386
Epoch 33/50 - Train Loss: 0.3181 - Train Metric: 0.9377
Epoch 33/50 - Val Metric: 0.9430
Epoch 34/50 - Train Loss: 0.3116 - Train Metric: 0.9401
Epoch 34/50 - Val Metric: 0.9411
Epoch 35/50 - Train Loss: 0.3058 - Train Metric: 0.9427
Epoch 35/50 - Val Metric: 0.9418
Epoch 36/50 - Train Loss: 0.3210 - Train Metric: 0.9367
Epoch 36/50 - Val Metric: 0.9373
Epoch 37/50 - Train Loss: 0.3138 - Train Metric: 0.9396
Epoch 37/50 - Val Metric: 0.9433
Epoch 38/50 - Train Loss: 0.3052 - Train Metric: 0.9429
Epoch 38/50 - Val Metric: 0.9437
Epoch 39/50 - Train Loss: 0.3044 - Train Metric: 0.9432
Epoch 39/50 - Val Metric: 0.9410
Epoch 40/50 - Train Loss: 0.3068 - Train Metric: 0.9423
Epoch 40/50 - Val Metric: 0.9388
Epoch 41/50 - Train Loss: 0.3108 - Train Metric: 0.9407
Epoch 41/50 - Val Metric: 0.9439
Epoch 42/50 - Train Loss: 0.3062 - Train Metric: 0.9423
Epoch 42/50 - Val Metric: 0.9443
Epoch 43/50 - Train Loss: 0.2995 - Train Metric: 0.9450
Epoch 43/50 - Val Metric: 0.9459
Epoch 44/50 - Train Loss: 0.2992 - Train Metric: 0.9452
Epoch 44/50 - Val Metric: 0.9450
Epoch 45/50 - Train Loss: 0.3045 - Train Metric: 0.9429
Epoch 45/50 - Val Metric: 0.9455
Epoch 46/50 - Train Loss: 0.2957 - Train Metric: 0.9463
Epoch 46/50 - Val Metric: 0.9450
Epoch 47/50 - Train Loss: 0.2953 - Train Metric: 0.9465
Epoch 47/50 - Val Metric: 0.9453
Epoch 48/50 - Train Loss: 0.2940 - Train Metric: 0.9471
Epoch 48/50 - Val Metric: 0.9439
Epoch 49/50 - Train Loss: 0.2943 - Train Metric: 0.9470
Epoch 49/50 - Val Metric: 0.9465
Epoch 50/50 - Train Loss: 0.2910 - Train Metric: 0.9482
Epoch 50/50 - Val Metric: 0.9474
Best val: 0.9474, Best test: 0.9506
[0.94140518 0.93583196 0.94892722 0.93922567 0.95058268]
