Hyper-parameter search via Optuna
Namespace(task_type='binary_classification', scale='small', idx=6, epochs=50, num_trials=20, num_repeats=5, seed=0, exp_name='MemGlovalAvgPool', result_path='output/binary_classification/small/6/MemGlovalAvgPool.pt')
Device: cuda
Start building binary_classification dataset_small_6
Training set has 13371 instances
Validation set has 1671 instances
Test set has 1672 instances
Epoch 1/50 - Train Loss: 0.7012 - Train Metric: 0.5024
Epoch 1/50 - Val Metric: 0.6182
Epoch 2/50 - Train Loss: 0.6944 - Train Metric: 0.4995
Epoch 2/50 - Val Metric: 0.6507
Epoch 3/50 - Train Loss: 0.6947 - Train Metric: 0.5095
Epoch 3/50 - Val Metric: 0.6488
Epoch 4/50 - Train Loss: 0.6885 - Train Metric: 0.5402
Epoch 4/50 - Val Metric: 0.6323
Epoch 5/50 - Train Loss: 0.6629 - Train Metric: 0.6339
Epoch 5/50 - Val Metric: 0.6515
Epoch 6/50 - Train Loss: 0.6164 - Train Metric: 0.7168
Epoch 6/50 - Val Metric: 0.7495
Epoch 7/50 - Train Loss: 0.5741 - Train Metric: 0.7646
Epoch 7/50 - Val Metric: 0.7768
Epoch 8/50 - Train Loss: 0.5471 - Train Metric: 0.7916
Epoch 8/50 - Val Metric: 0.7863
Epoch 9/50 - Train Loss: 0.5363 - Train Metric: 0.7987
Epoch 9/50 - Val Metric: 0.7851
Epoch 10/50 - Train Loss: 0.5315 - Train Metric: 0.8015
Epoch 10/50 - Val Metric: 0.7905
Epoch 11/50 - Train Loss: 0.5264 - Train Metric: 0.8074
Epoch 11/50 - Val Metric: 0.8007
Epoch 12/50 - Train Loss: 0.5209 - Train Metric: 0.8134
Epoch 12/50 - Val Metric: 0.8014
Epoch 13/50 - Train Loss: 0.5198 - Train Metric: 0.8143
Epoch 13/50 - Val Metric: 0.8032
Epoch 14/50 - Train Loss: 0.5170 - Train Metric: 0.8168
Epoch 14/50 - Val Metric: 0.8031
Epoch 15/50 - Train Loss: 0.5145 - Train Metric: 0.8191
Epoch 15/50 - Val Metric: 0.8004
Epoch 16/50 - Train Loss: 0.5135 - Train Metric: 0.8199
Epoch 16/50 - Val Metric: 0.8022
Epoch 17/50 - Train Loss: 0.5144 - Train Metric: 0.8189
Epoch 17/50 - Val Metric: 0.8052
Epoch 18/50 - Train Loss: 0.5146 - Train Metric: 0.8188
Epoch 18/50 - Val Metric: 0.8039
Epoch 19/50 - Train Loss: 0.5130 - Train Metric: 0.8199
Epoch 19/50 - Val Metric: 0.8051
Epoch 20/50 - Train Loss: 0.5122 - Train Metric: 0.8210
Epoch 20/50 - Val Metric: 0.8047
Epoch 21/50 - Train Loss: 0.5120 - Train Metric: 0.8212
Epoch 21/50 - Val Metric: 0.8034
Epoch 22/50 - Train Loss: 0.5113 - Train Metric: 0.8219
Epoch 22/50 - Val Metric: 0.8051
Epoch 23/50 - Train Loss: 0.5123 - Train Metric: 0.8208
Epoch 23/50 - Val Metric: 0.8052
Epoch 24/50 - Train Loss: 0.5112 - Train Metric: 0.8215
Epoch 24/50 - Val Metric: 0.8038
Epoch 25/50 - Train Loss: 0.5133 - Train Metric: 0.8199
Epoch 25/50 - Val Metric: 0.8048
Epoch 26/50 - Train Loss: 0.5112 - Train Metric: 0.8218
Epoch 26/50 - Val Metric: 0.8047
Epoch 27/50 - Train Loss: 0.5111 - Train Metric: 0.8220
Epoch 27/50 - Val Metric: 0.8048
Epoch 28/50 - Train Loss: 0.5118 - Train Metric: 0.8210
Epoch 28/50 - Val Metric: 0.8047
Epoch 29/50 - Train Loss: 0.5115 - Train Metric: 0.8213
Epoch 29/50 - Val Metric: 0.8055
Epoch 30/50 - Train Loss: 0.5113 - Train Metric: 0.8216
Epoch 30/50 - Val Metric: 0.8047
Epoch 31/50 - Train Loss: 0.5119 - Train Metric: 0.8212
Epoch 31/50 - Val Metric: 0.8056
Epoch 32/50 - Train Loss: 0.5099 - Train Metric: 0.8228
Epoch 32/50 - Val Metric: 0.8053
Epoch 33/50 - Train Loss: 0.5108 - Train Metric: 0.8222
Epoch 33/50 - Val Metric: 0.8057
Epoch 34/50 - Train Loss: 0.5098 - Train Metric: 0.8227
Epoch 34/50 - Val Metric: 0.8057
Epoch 35/50 - Train Loss: 0.5104 - Train Metric: 0.8224
Epoch 35/50 - Val Metric: 0.8050
Epoch 36/50 - Train Loss: 0.5108 - Train Metric: 0.8220
Epoch 36/50 - Val Metric: 0.8051
Epoch 37/50 - Train Loss: 0.5101 - Train Metric: 0.8228
Epoch 37/50 - Val Metric: 0.8047
Epoch 38/50 - Train Loss: 0.5096 - Train Metric: 0.8231
Epoch 38/50 - Val Metric: 0.8052
Epoch 39/50 - Train Loss: 0.5101 - Train Metric: 0.8225
Epoch 39/50 - Val Metric: 0.8056
Epoch 40/50 - Train Loss: 0.5097 - Train Metric: 0.8232
Epoch 40/50 - Val Metric: 0.8058
Epoch 41/50 - Train Loss: 0.5098 - Train Metric: 0.8229
Epoch 41/50 - Val Metric: 0.8056
Epoch 42/50 - Train Loss: 0.5101 - Train Metric: 0.8226
Epoch 42/50 - Val Metric: 0.8052
Epoch 43/50 - Train Loss: 0.5099 - Train Metric: 0.8229
Epoch 43/50 - Val Metric: 0.8054
Epoch 44/50 - Train Loss: 0.5100 - Train Metric: 0.8226
Epoch 44/50 - Val Metric: 0.8054
Epoch 45/50 - Train Loss: 0.5098 - Train Metric: 0.8230
Epoch 45/50 - Val Metric: 0.8054
Epoch 46/50 - Train Loss: 0.5095 - Train Metric: 0.8231
Epoch 46/50 - Val Metric: 0.8054
Epoch 47/50 - Train Loss: 0.5101 - Train Metric: 0.8229
Epoch 47/50 - Val Metric: 0.8050
Epoch 48/50 - Train Loss: 0.5097 - Train Metric: 0.8227
Epoch 48/50 - Val Metric: 0.8055
Epoch 49/50 - Train Loss: 0.5093 - Train Metric: 0.8233
Epoch 49/50 - Val Metric: 0.8055
Epoch 50/50 - Train Loss: 0.5085 - Train Metric: 0.8240
Epoch 50/50 - Val Metric: 0.8056
Best val: 0.8058, Best test: 0.8098
Training set has 13371 instances
Validation set has 1671 instances
Test set has 1672 instances
Epoch 1/50 - Train Loss: 0.7635 - Train Metric: 0.4964
Epoch 1/50 - Val Metric: 0.6434
Epoch 2/50 - Train Loss: 0.6932 - Train Metric: 0.5042
Epoch 2/50 - Val Metric: 0.6468
Epoch 3/50 - Train Loss: 0.6937 - Train Metric: 0.5086
Epoch 3/50 - Val Metric: 0.6416
Epoch 4/50 - Train Loss: 0.6902 - Train Metric: 0.5229
Epoch 4/50 - Val Metric: 0.6234
Epoch 5/50 - Train Loss: 0.6707 - Train Metric: 0.6159
Epoch 5/50 - Val Metric: 0.6279
Epoch 6/50 - Train Loss: 0.6624 - Train Metric: 0.6364
Epoch 6/50 - Val Metric: 0.6460
Epoch 7/50 - Train Loss: 0.6562 - Train Metric: 0.6592
Epoch 7/50 - Val Metric: 0.7137
Epoch 8/50 - Train Loss: 0.6239 - Train Metric: 0.7058
Epoch 8/50 - Val Metric: 0.7578
Epoch 9/50 - Train Loss: 0.5833 - Train Metric: 0.7545
Epoch 9/50 - Val Metric: 0.7670
Epoch 10/50 - Train Loss: 0.5631 - Train Metric: 0.7766
Epoch 10/50 - Val Metric: 0.7809
Epoch 11/50 - Train Loss: 0.5628 - Train Metric: 0.7739
Epoch 11/50 - Val Metric: 0.7851
Epoch 12/50 - Train Loss: 0.5449 - Train Metric: 0.7923
Epoch 12/50 - Val Metric: 0.7924
Epoch 13/50 - Train Loss: 0.5377 - Train Metric: 0.7993
Epoch 13/50 - Val Metric: 0.7903
Epoch 14/50 - Train Loss: 0.5425 - Train Metric: 0.7931
Epoch 14/50 - Val Metric: 0.7966
Epoch 15/50 - Train Loss: 0.5375 - Train Metric: 0.7990
Epoch 15/50 - Val Metric: 0.7966
Epoch 16/50 - Train Loss: 0.5337 - Train Metric: 0.8035
Epoch 16/50 - Val Metric: 0.7913
Epoch 17/50 - Train Loss: 0.5388 - Train Metric: 0.7977
Epoch 17/50 - Val Metric: 0.7946
Epoch 18/50 - Train Loss: 0.5285 - Train Metric: 0.8078
Epoch 18/50 - Val Metric: 0.7968
Epoch 19/50 - Train Loss: 0.5278 - Train Metric: 0.8091
Epoch 19/50 - Val Metric: 0.7956
Epoch 20/50 - Train Loss: 0.5265 - Train Metric: 0.8102
Epoch 20/50 - Val Metric: 0.7937
Epoch 21/50 - Train Loss: 0.5252 - Train Metric: 0.8120
Epoch 21/50 - Val Metric: 0.7974
Epoch 22/50 - Train Loss: 0.5240 - Train Metric: 0.8131
Epoch 22/50 - Val Metric: 0.7939
Epoch 23/50 - Train Loss: 0.5225 - Train Metric: 0.8139
Epoch 23/50 - Val Metric: 0.7964
Epoch 24/50 - Train Loss: 0.5210 - Train Metric: 0.8152
Epoch 24/50 - Val Metric: 0.7977
Epoch 25/50 - Train Loss: 0.5227 - Train Metric: 0.8140
Epoch 25/50 - Val Metric: 0.7938
Epoch 26/50 - Train Loss: 0.5181 - Train Metric: 0.8181
Epoch 26/50 - Val Metric: 0.7978
Epoch 27/50 - Train Loss: 0.5178 - Train Metric: 0.8190
Epoch 27/50 - Val Metric: 0.7995
Epoch 28/50 - Train Loss: 0.5165 - Train Metric: 0.8195
Epoch 28/50 - Val Metric: 0.7998
Epoch 29/50 - Train Loss: 0.5165 - Train Metric: 0.8202
Epoch 29/50 - Val Metric: 0.8003
Epoch 30/50 - Train Loss: 0.5144 - Train Metric: 0.8216
Epoch 30/50 - Val Metric: 0.8023
Epoch 31/50 - Train Loss: 0.5138 - Train Metric: 0.8220
Epoch 31/50 - Val Metric: 0.8047
Epoch 32/50 - Train Loss: 0.5134 - Train Metric: 0.8226
Epoch 32/50 - Val Metric: 0.8023
Epoch 33/50 - Train Loss: 0.5120 - Train Metric: 0.8237
Epoch 33/50 - Val Metric: 0.8019
Epoch 34/50 - Train Loss: 0.5099 - Train Metric: 0.8258
Epoch 34/50 - Val Metric: 0.8035
Epoch 35/50 - Train Loss: 0.5112 - Train Metric: 0.8244
Epoch 35/50 - Val Metric: 0.8071
Epoch 36/50 - Train Loss: 0.5128 - Train Metric: 0.8224
Epoch 36/50 - Val Metric: 0.8038
Epoch 37/50 - Train Loss: 0.5118 - Train Metric: 0.8239
Epoch 37/50 - Val Metric: 0.8058
Epoch 38/50 - Train Loss: 0.5121 - Train Metric: 0.8233
Epoch 38/50 - Val Metric: 0.8041
Epoch 39/50 - Train Loss: 0.5080 - Train Metric: 0.8272
Epoch 39/50 - Val Metric: 0.8055
Epoch 40/50 - Train Loss: 0.5091 - Train Metric: 0.8260
Epoch 40/50 - Val Metric: 0.8054
Epoch 41/50 - Train Loss: 0.5080 - Train Metric: 0.8269
Epoch 41/50 - Val Metric: 0.8062
Epoch 42/50 - Train Loss: 0.5087 - Train Metric: 0.8266
Epoch 42/50 - Val Metric: 0.8051
Epoch 43/50 - Train Loss: 0.5079 - Train Metric: 0.8273
Epoch 43/50 - Val Metric: 0.8058
Epoch 44/50 - Train Loss: 0.5066 - Train Metric: 0.8283
Epoch 44/50 - Val Metric: 0.8049
Epoch 45/50 - Train Loss: 0.5089 - Train Metric: 0.8265
Epoch 45/50 - Val Metric: 0.8052
Epoch 46/50 - Train Loss: 0.5080 - Train Metric: 0.8272
Epoch 46/50 - Val Metric: 0.8067
Epoch 47/50 - Train Loss: 0.5069 - Train Metric: 0.8276
Epoch 47/50 - Val Metric: 0.8063
Epoch 48/50 - Train Loss: 0.5073 - Train Metric: 0.8272
Epoch 48/50 - Val Metric: 0.8050
Epoch 49/50 - Train Loss: 0.5071 - Train Metric: 0.8276
Epoch 49/50 - Val Metric: 0.8057
Epoch 50/50 - Train Loss: 0.5075 - Train Metric: 0.8276
Epoch 50/50 - Val Metric: 0.8051
Best val: 0.8071, Best test: 0.8032
Training set has 13371 instances
Validation set has 1671 instances
Test set has 1672 instances
Epoch 1/50 - Train Loss: 0.7211 - Train Metric: 0.5018
Epoch 1/50 - Val Metric: 0.6645
Epoch 2/50 - Train Loss: 0.6934 - Train Metric: 0.5108
Epoch 2/50 - Val Metric: 0.6627
Epoch 3/50 - Train Loss: 0.6940 - Train Metric: 0.5259
Epoch 3/50 - Val Metric: 0.6572
Epoch 4/50 - Train Loss: 0.6804 - Train Metric: 0.5914
Epoch 4/50 - Val Metric: 0.6432
Epoch 5/50 - Train Loss: 0.6646 - Train Metric: 0.6310
Epoch 5/50 - Val Metric: 0.6964
Epoch 6/50 - Train Loss: 0.6214 - Train Metric: 0.7032
Epoch 6/50 - Val Metric: 0.7509
Epoch 7/50 - Train Loss: 0.5692 - Train Metric: 0.7666
Epoch 7/50 - Val Metric: 0.7799
Epoch 8/50 - Train Loss: 0.5435 - Train Metric: 0.7930
Epoch 8/50 - Val Metric: 0.7837
Epoch 9/50 - Train Loss: 0.5400 - Train Metric: 0.7956
Epoch 9/50 - Val Metric: 0.7897
Epoch 10/50 - Train Loss: 0.5307 - Train Metric: 0.8041
Epoch 10/50 - Val Metric: 0.7988
Epoch 11/50 - Train Loss: 0.5406 - Train Metric: 0.7943
Epoch 11/50 - Val Metric: 0.7970
Epoch 12/50 - Train Loss: 0.5264 - Train Metric: 0.8085
Epoch 12/50 - Val Metric: 0.8056
Epoch 13/50 - Train Loss: 0.5203 - Train Metric: 0.8146
Epoch 13/50 - Val Metric: 0.8064
Epoch 14/50 - Train Loss: 0.5170 - Train Metric: 0.8165
Epoch 14/50 - Val Metric: 0.8073
Epoch 15/50 - Train Loss: 0.5169 - Train Metric: 0.8181
Epoch 15/50 - Val Metric: 0.8008
Epoch 16/50 - Train Loss: 0.5209 - Train Metric: 0.8136
Epoch 16/50 - Val Metric: 0.8057
Epoch 17/50 - Train Loss: 0.5130 - Train Metric: 0.8208
Epoch 17/50 - Val Metric: 0.8107
Epoch 18/50 - Train Loss: 0.5197 - Train Metric: 0.8147
Epoch 18/50 - Val Metric: 0.8034
Epoch 19/50 - Train Loss: 0.5139 - Train Metric: 0.8210
Epoch 19/50 - Val Metric: 0.7964
Epoch 20/50 - Train Loss: 0.5084 - Train Metric: 0.8255
Epoch 20/50 - Val Metric: 0.8091
Epoch 21/50 - Train Loss: 0.5119 - Train Metric: 0.8226
Epoch 21/50 - Val Metric: 0.8143
Epoch 22/50 - Train Loss: 0.5107 - Train Metric: 0.8230
Epoch 22/50 - Val Metric: 0.7884
Epoch 23/50 - Train Loss: 0.5165 - Train Metric: 0.8181
Epoch 23/50 - Val Metric: 0.7993
Epoch 24/50 - Train Loss: 0.5099 - Train Metric: 0.8244
Epoch 24/50 - Val Metric: 0.8151
Epoch 25/50 - Train Loss: 0.5080 - Train Metric: 0.8262
Epoch 25/50 - Val Metric: 0.8114
Epoch 26/50 - Train Loss: 0.5087 - Train Metric: 0.8252
Epoch 26/50 - Val Metric: 0.8071
Epoch 27/50 - Train Loss: 0.5127 - Train Metric: 0.8214
Epoch 27/50 - Val Metric: 0.8072
Epoch 28/50 - Train Loss: 0.5074 - Train Metric: 0.8266
Epoch 28/50 - Val Metric: 0.8123
Epoch 29/50 - Train Loss: 0.5064 - Train Metric: 0.8266
Epoch 29/50 - Val Metric: 0.8086
Epoch 30/50 - Train Loss: 0.5082 - Train Metric: 0.8252
Epoch 30/50 - Val Metric: 0.8121
Epoch 31/50 - Train Loss: 0.5070 - Train Metric: 0.8265
Epoch 31/50 - Val Metric: 0.7998
Epoch 32/50 - Train Loss: 0.5054 - Train Metric: 0.8275
Epoch 32/50 - Val Metric: 0.8043
Epoch 33/50 - Train Loss: 0.5075 - Train Metric: 0.8266
Epoch 33/50 - Val Metric: 0.7995
Epoch 34/50 - Train Loss: 0.5055 - Train Metric: 0.8278
Epoch 34/50 - Val Metric: 0.8041
Epoch 35/50 - Train Loss: 0.5070 - Train Metric: 0.8268
Epoch 35/50 - Val Metric: 0.8134
Epoch 36/50 - Train Loss: 0.5105 - Train Metric: 0.8240
Epoch 36/50 - Val Metric: 0.8010
Epoch 37/50 - Train Loss: 0.5051 - Train Metric: 0.8280
Epoch 37/50 - Val Metric: 0.8064
Epoch 38/50 - Train Loss: 0.5062 - Train Metric: 0.8272
Epoch 38/50 - Val Metric: 0.8080
Epoch 39/50 - Train Loss: 0.5073 - Train Metric: 0.8265
Epoch 39/50 - Val Metric: 0.8084
Epoch 40/50 - Train Loss: 0.5085 - Train Metric: 0.8257
Epoch 40/50 - Val Metric: 0.7895
Epoch 41/50 - Train Loss: 0.5037 - Train Metric: 0.8289
Epoch 41/50 - Val Metric: 0.7998
Epoch 42/50 - Train Loss: 0.5070 - Train Metric: 0.8264
Epoch 42/50 - Val Metric: 0.8051
Epoch 43/50 - Train Loss: 0.5141 - Train Metric: 0.8206
Epoch 43/50 - Val Metric: 0.8162
Epoch 44/50 - Train Loss: 0.5059 - Train Metric: 0.8267
Epoch 44/50 - Val Metric: 0.8150
Epoch 45/50 - Train Loss: 0.5061 - Train Metric: 0.8271
Epoch 45/50 - Val Metric: 0.8136
Epoch 46/50 - Train Loss: 0.5055 - Train Metric: 0.8277
Epoch 46/50 - Val Metric: 0.8137
Epoch 47/50 - Train Loss: 0.5065 - Train Metric: 0.8272
Epoch 47/50 - Val Metric: 0.8124
Epoch 48/50 - Train Loss: 0.5086 - Train Metric: 0.8250
Epoch 48/50 - Val Metric: 0.7919
Epoch 49/50 - Train Loss: 0.5118 - Train Metric: 0.8226
Epoch 49/50 - Val Metric: 0.8016
Epoch 50/50 - Train Loss: 0.5088 - Train Metric: 0.8254
Epoch 50/50 - Val Metric: 0.8085
Best val: 0.8162, Best test: 0.8086
Training set has 13371 instances
Validation set has 1671 instances
Test set has 1672 instances
Epoch 1/50 - Train Loss: 0.7267 - Train Metric: 0.4999
Epoch 1/50 - Val Metric: 0.6307
Epoch 2/50 - Train Loss: 0.6945 - Train Metric: 0.5040
Epoch 2/50 - Val Metric: 0.6265
Epoch 3/50 - Train Loss: 0.6943 - Train Metric: 0.5000
Epoch 3/50 - Val Metric: 0.5871
Epoch 4/50 - Train Loss: 0.6836 - Train Metric: 0.5787
Epoch 4/50 - Val Metric: 0.5927
Epoch 5/50 - Train Loss: 0.6729 - Train Metric: 0.6073
Epoch 5/50 - Val Metric: 0.5938
Epoch 6/50 - Train Loss: 0.6689 - Train Metric: 0.6156
Epoch 6/50 - Val Metric: 0.5939
Epoch 7/50 - Train Loss: 0.6693 - Train Metric: 0.6162
Epoch 7/50 - Val Metric: 0.5943
Epoch 8/50 - Train Loss: 0.6680 - Train Metric: 0.6207
Epoch 8/50 - Val Metric: 0.5951
Epoch 9/50 - Train Loss: 0.6681 - Train Metric: 0.6195
Epoch 9/50 - Val Metric: 0.5973
Epoch 10/50 - Train Loss: 0.6646 - Train Metric: 0.6274
Epoch 10/50 - Val Metric: 0.6082
Epoch 11/50 - Train Loss: 0.6611 - Train Metric: 0.6388
Epoch 11/50 - Val Metric: 0.6249
Epoch 12/50 - Train Loss: 0.6454 - Train Metric: 0.6713
Epoch 12/50 - Val Metric: 0.7140
Epoch 13/50 - Train Loss: 0.5954 - Train Metric: 0.7370
Epoch 13/50 - Val Metric: 0.7242
Epoch 14/50 - Train Loss: 0.5755 - Train Metric: 0.7577
Epoch 14/50 - Val Metric: 0.7755
Epoch 15/50 - Train Loss: 0.5598 - Train Metric: 0.7735
Epoch 15/50 - Val Metric: 0.7869
Epoch 16/50 - Train Loss: 0.5470 - Train Metric: 0.7880
Epoch 16/50 - Val Metric: 0.7737
Epoch 17/50 - Train Loss: 0.5463 - Train Metric: 0.7880
Epoch 17/50 - Val Metric: 0.7831
Epoch 18/50 - Train Loss: 0.5405 - Train Metric: 0.7956
Epoch 18/50 - Val Metric: 0.7889
Epoch 19/50 - Train Loss: 0.5443 - Train Metric: 0.7915
Epoch 19/50 - Val Metric: 0.7914
Epoch 20/50 - Train Loss: 0.5368 - Train Metric: 0.7983
Epoch 20/50 - Val Metric: 0.7973
Epoch 21/50 - Train Loss: 0.5359 - Train Metric: 0.8001
Epoch 21/50 - Val Metric: 0.7949
Epoch 22/50 - Train Loss: 0.5377 - Train Metric: 0.7995
Epoch 22/50 - Val Metric: 0.7935
Epoch 23/50 - Train Loss: 0.5426 - Train Metric: 0.7937
Epoch 23/50 - Val Metric: 0.7885
Epoch 24/50 - Train Loss: 0.5399 - Train Metric: 0.7965
Epoch 24/50 - Val Metric: 0.7881
Epoch 25/50 - Train Loss: 0.5396 - Train Metric: 0.7959
Epoch 25/50 - Val Metric: 0.7946
Epoch 26/50 - Train Loss: 0.5394 - Train Metric: 0.7965
Epoch 26/50 - Val Metric: 0.7930
Epoch 27/50 - Train Loss: 0.5365 - Train Metric: 0.7985
Epoch 27/50 - Val Metric: 0.7988
Epoch 28/50 - Train Loss: 0.5398 - Train Metric: 0.7960
Epoch 28/50 - Val Metric: 0.7914
Epoch 29/50 - Train Loss: 0.5425 - Train Metric: 0.7946
Epoch 29/50 - Val Metric: 0.7954
Epoch 30/50 - Train Loss: 0.5356 - Train Metric: 0.8018
Epoch 30/50 - Val Metric: 0.7972
Epoch 31/50 - Train Loss: 0.5374 - Train Metric: 0.7994
Epoch 31/50 - Val Metric: 0.7921
Epoch 32/50 - Train Loss: 0.5356 - Train Metric: 0.8012
Epoch 32/50 - Val Metric: 0.7946
Epoch 33/50 - Train Loss: 0.5359 - Train Metric: 0.8006
Epoch 33/50 - Val Metric: 0.8006
Epoch 34/50 - Train Loss: 0.5357 - Train Metric: 0.8003
Epoch 34/50 - Val Metric: 0.7991
Epoch 35/50 - Train Loss: 0.5316 - Train Metric: 0.8047
Epoch 35/50 - Val Metric: 0.7982
Epoch 36/50 - Train Loss: 0.5320 - Train Metric: 0.8044
Epoch 36/50 - Val Metric: 0.8017
Epoch 37/50 - Train Loss: 0.5336 - Train Metric: 0.8027
Epoch 37/50 - Val Metric: 0.7975
Epoch 38/50 - Train Loss: 0.5344 - Train Metric: 0.8011
Epoch 38/50 - Val Metric: 0.8027
Epoch 39/50 - Train Loss: 0.5375 - Train Metric: 0.7990
Epoch 39/50 - Val Metric: 0.7973
Epoch 40/50 - Train Loss: 0.5361 - Train Metric: 0.8001
Epoch 40/50 - Val Metric: 0.7968
Epoch 41/50 - Train Loss: 0.5366 - Train Metric: 0.7998
Epoch 41/50 - Val Metric: 0.7887
Epoch 42/50 - Train Loss: 0.5367 - Train Metric: 0.7998
Epoch 42/50 - Val Metric: 0.7981
Epoch 43/50 - Train Loss: 0.5332 - Train Metric: 0.8032
Epoch 43/50 - Val Metric: 0.8053
Epoch 44/50 - Train Loss: 0.5330 - Train Metric: 0.8032
Epoch 44/50 - Val Metric: 0.7943
Epoch 45/50 - Train Loss: 0.5341 - Train Metric: 0.8019
Epoch 45/50 - Val Metric: 0.7976
Epoch 46/50 - Train Loss: 0.5343 - Train Metric: 0.8012
Epoch 46/50 - Val Metric: 0.7869
Epoch 47/50 - Train Loss: 0.5331 - Train Metric: 0.8032
Epoch 47/50 - Val Metric: 0.7967
Epoch 48/50 - Train Loss: 0.5331 - Train Metric: 0.8028
Epoch 48/50 - Val Metric: 0.7900
Epoch 49/50 - Train Loss: 0.5345 - Train Metric: 0.8019
Epoch 49/50 - Val Metric: 0.7997
Epoch 50/50 - Train Loss: 0.5249 - Train Metric: 0.8108
Epoch 50/50 - Val Metric: 0.8020
Best val: 0.8053, Best test: 0.8116
Training set has 13371 instances
Validation set has 1671 instances
Test set has 1672 instances
Epoch 1/50 - Train Loss: 0.7764 - Train Metric: 0.5055
Epoch 1/50 - Val Metric: 0.6310
Epoch 2/50 - Train Loss: 0.6959 - Train Metric: 0.4962
Epoch 2/50 - Val Metric: 0.6312
Epoch 3/50 - Train Loss: 0.6943 - Train Metric: 0.5038
Epoch 3/50 - Val Metric: 0.6317
Epoch 4/50 - Train Loss: 0.6945 - Train Metric: 0.5041
Epoch 4/50 - Val Metric: 0.6251
Epoch 5/50 - Train Loss: 0.6946 - Train Metric: 0.5071
Epoch 5/50 - Val Metric: 0.6112
Epoch 6/50 - Train Loss: 0.6861 - Train Metric: 0.5586
Epoch 6/50 - Val Metric: 0.6002
Epoch 7/50 - Train Loss: 0.6699 - Train Metric: 0.6157
Epoch 7/50 - Val Metric: 0.6076
Epoch 8/50 - Train Loss: 0.6661 - Train Metric: 0.6251
Epoch 8/50 - Val Metric: 0.6211
Epoch 9/50 - Train Loss: 0.6547 - Train Metric: 0.6524
Epoch 9/50 - Val Metric: 0.7064
Epoch 10/50 - Train Loss: 0.5990 - Train Metric: 0.7356
Epoch 10/50 - Val Metric: 0.7101
Epoch 11/50 - Train Loss: 0.5839 - Train Metric: 0.7542
Epoch 11/50 - Val Metric: 0.7376
Epoch 12/50 - Train Loss: 0.5656 - Train Metric: 0.7731
Epoch 12/50 - Val Metric: 0.7610
Epoch 13/50 - Train Loss: 0.5529 - Train Metric: 0.7848
Epoch 13/50 - Val Metric: 0.7598
Epoch 14/50 - Train Loss: 0.5411 - Train Metric: 0.7957
Epoch 14/50 - Val Metric: 0.7666
Epoch 15/50 - Train Loss: 0.5379 - Train Metric: 0.7977
Epoch 15/50 - Val Metric: 0.7716
Epoch 16/50 - Train Loss: 0.5525 - Train Metric: 0.7824
Epoch 16/50 - Val Metric: 0.7741
Epoch 17/50 - Train Loss: 0.5357 - Train Metric: 0.7995
Epoch 17/50 - Val Metric: 0.7726
Epoch 18/50 - Train Loss: 0.5325 - Train Metric: 0.8029
Epoch 18/50 - Val Metric: 0.7740
Epoch 19/50 - Train Loss: 0.5405 - Train Metric: 0.7941
Epoch 19/50 - Val Metric: 0.7729
Epoch 20/50 - Train Loss: 0.5306 - Train Metric: 0.8044
Epoch 20/50 - Val Metric: 0.7749
Epoch 21/50 - Train Loss: 0.5295 - Train Metric: 0.8057
Epoch 21/50 - Val Metric: 0.7747
Epoch 22/50 - Train Loss: 0.5296 - Train Metric: 0.8059
Epoch 22/50 - Val Metric: 0.7742
Epoch 23/50 - Train Loss: 0.5285 - Train Metric: 0.8068
Epoch 23/50 - Val Metric: 0.7756
Epoch 24/50 - Train Loss: 0.5314 - Train Metric: 0.8046
Epoch 24/50 - Val Metric: 0.7767
Epoch 25/50 - Train Loss: 0.5273 - Train Metric: 0.8080
Epoch 25/50 - Val Metric: 0.7760
Epoch 26/50 - Train Loss: 0.5258 - Train Metric: 0.8103
Epoch 26/50 - Val Metric: 0.7754
Epoch 27/50 - Train Loss: 0.5307 - Train Metric: 0.8045
Epoch 27/50 - Val Metric: 0.7781
Epoch 28/50 - Train Loss: 0.5238 - Train Metric: 0.8112
Epoch 28/50 - Val Metric: 0.7750
Epoch 29/50 - Train Loss: 0.5252 - Train Metric: 0.8100
Epoch 29/50 - Val Metric: 0.7769
Epoch 30/50 - Train Loss: 0.5234 - Train Metric: 0.8125
Epoch 30/50 - Val Metric: 0.7817
Epoch 31/50 - Train Loss: 0.5300 - Train Metric: 0.8052
Epoch 31/50 - Val Metric: 0.7786
Epoch 32/50 - Train Loss: 0.5214 - Train Metric: 0.8143
Epoch 32/50 - Val Metric: 0.7796
Epoch 33/50 - Train Loss: 0.5267 - Train Metric: 0.8097
Epoch 33/50 - Val Metric: 0.7795
Epoch 34/50 - Train Loss: 0.5215 - Train Metric: 0.8143
Epoch 34/50 - Val Metric: 0.7803
Epoch 35/50 - Train Loss: 0.5194 - Train Metric: 0.8166
Epoch 35/50 - Val Metric: 0.7785
Epoch 36/50 - Train Loss: 0.5274 - Train Metric: 0.8090
Epoch 36/50 - Val Metric: 0.7752
Epoch 37/50 - Train Loss: 0.5224 - Train Metric: 0.8142
Epoch 37/50 - Val Metric: 0.7799
Epoch 38/50 - Train Loss: 0.5235 - Train Metric: 0.8129
Epoch 38/50 - Val Metric: 0.7798
Epoch 39/50 - Train Loss: 0.5236 - Train Metric: 0.8131
Epoch 39/50 - Val Metric: 0.7802
Epoch 40/50 - Train Loss: 0.5196 - Train Metric: 0.8159
Epoch 40/50 - Val Metric: 0.7810
Epoch 41/50 - Train Loss: 0.5180 - Train Metric: 0.8182
Epoch 41/50 - Val Metric: 0.7843
Epoch 42/50 - Train Loss: 0.5206 - Train Metric: 0.8147
Epoch 42/50 - Val Metric: 0.7832
Epoch 43/50 - Train Loss: 0.5186 - Train Metric: 0.8168
Epoch 43/50 - Val Metric: 0.7818
Epoch 44/50 - Train Loss: 0.5176 - Train Metric: 0.8185
Epoch 44/50 - Val Metric: 0.7836
Epoch 45/50 - Train Loss: 0.5139 - Train Metric: 0.8220
Epoch 45/50 - Val Metric: 0.7859
Epoch 46/50 - Train Loss: 0.5164 - Train Metric: 0.8189
Epoch 46/50 - Val Metric: 0.7864
Epoch 47/50 - Train Loss: 0.5148 - Train Metric: 0.8209
Epoch 47/50 - Val Metric: 0.7846
Epoch 48/50 - Train Loss: 0.5113 - Train Metric: 0.8239
Epoch 48/50 - Val Metric: 0.7878
Epoch 49/50 - Train Loss: 0.5100 - Train Metric: 0.8251
Epoch 49/50 - Val Metric: 0.7869
Epoch 50/50 - Train Loss: 0.5096 - Train Metric: 0.8250
Epoch 50/50 - Val Metric: 0.7867
Best val: 0.7878, Best test: 0.8077
Training set has 13371 instances
Validation set has 1671 instances
Test set has 1672 instances
Training set has 13371 instances
Validation set has 1671 instances
Test set has 1672 instances
Training set has 13371 instances
Validation set has 1671 instances
Test set has 1672 instances
Epoch 1/50 - Train Loss: 0.6999 - Train Metric: 0.5101
Epoch 1/50 - Val Metric: 0.6594
Epoch 2/50 - Train Loss: 0.6934 - Train Metric: 0.5104
Epoch 2/50 - Val Metric: 0.6587
Epoch 3/50 - Train Loss: 0.6927 - Train Metric: 0.5198
Epoch 3/50 - Val Metric: 0.5988
Epoch 4/50 - Train Loss: 0.6790 - Train Metric: 0.5847
Epoch 4/50 - Val Metric: 0.6551
Epoch 5/50 - Train Loss: 0.6573 - Train Metric: 0.6504
Epoch 5/50 - Val Metric: 0.6839
Epoch 6/50 - Train Loss: 0.6207 - Train Metric: 0.7081
Epoch 6/50 - Val Metric: 0.7347
Epoch 7/50 - Train Loss: 0.5866 - Train Metric: 0.7414
Epoch 7/50 - Val Metric: 0.7596
Epoch 8/50 - Train Loss: 0.5793 - Train Metric: 0.7523
Epoch 8/50 - Val Metric: 0.7621
Epoch 9/50 - Train Loss: 0.5670 - Train Metric: 0.7697
Epoch 9/50 - Val Metric: 0.7780
Epoch 10/50 - Train Loss: 0.5512 - Train Metric: 0.7852
Epoch 10/50 - Val Metric: 0.7878
Epoch 11/50 - Train Loss: 0.5304 - Train Metric: 0.8039
Epoch 11/50 - Val Metric: 0.7950
Epoch 12/50 - Train Loss: 0.5251 - Train Metric: 0.8089
Epoch 12/50 - Val Metric: 0.8004
Epoch 13/50 - Train Loss: 0.5326 - Train Metric: 0.8027
Epoch 13/50 - Val Metric: 0.8038
Epoch 14/50 - Train Loss: 0.5214 - Train Metric: 0.8132
Epoch 14/50 - Val Metric: 0.8060
Epoch 15/50 - Train Loss: 0.5180 - Train Metric: 0.8168
Epoch 15/50 - Val Metric: 0.8063
Epoch 16/50 - Train Loss: 0.5143 - Train Metric: 0.8211
Epoch 16/50 - Val Metric: 0.8104
Epoch 17/50 - Train Loss: 0.5096 - Train Metric: 0.8240
Epoch 17/50 - Val Metric: 0.8099
Epoch 18/50 - Train Loss: 0.5105 - Train Metric: 0.8239
Epoch 18/50 - Val Metric: 0.8118
Epoch 19/50 - Train Loss: 0.5082 - Train Metric: 0.8256
Epoch 19/50 - Val Metric: 0.8104
Epoch 20/50 - Train Loss: 0.5057 - Train Metric: 0.8284
Epoch 20/50 - Val Metric: 0.8121
Epoch 21/50 - Train Loss: 0.5055 - Train Metric: 0.8279
Epoch 21/50 - Val Metric: 0.8121
Epoch 22/50 - Train Loss: 0.5061 - Train Metric: 0.8277
Epoch 22/50 - Val Metric: 0.8107
Epoch 23/50 - Train Loss: 0.5080 - Train Metric: 0.8261
Epoch 23/50 - Val Metric: 0.8134
Epoch 24/50 - Train Loss: 0.5063 - Train Metric: 0.8274
Epoch 24/50 - Val Metric: 0.8119
Epoch 25/50 - Train Loss: 0.5045 - Train Metric: 0.8292
Epoch 25/50 - Val Metric: 0.8126
Epoch 26/50 - Train Loss: 0.5044 - Train Metric: 0.8289
Epoch 26/50 - Val Metric: 0.8125
Epoch 27/50 - Train Loss: 0.5035 - Train Metric: 0.8292
Epoch 27/50 - Val Metric: 0.8120
Epoch 28/50 - Train Loss: 0.5059 - Train Metric: 0.8276
Epoch 28/50 - Val Metric: 0.8129
Epoch 29/50 - Train Loss: 0.5037 - Train Metric: 0.8297
Epoch 29/50 - Val Metric: 0.8112
Epoch 30/50 - Train Loss: 0.5053 - Train Metric: 0.8279
Epoch 30/50 - Val Metric: 0.8128
Epoch 31/50 - Train Loss: 0.5026 - Train Metric: 0.8302
Epoch 31/50 - Val Metric: 0.8140
Epoch 32/50 - Train Loss: 0.5037 - Train Metric: 0.8296
Epoch 32/50 - Val Metric: 0.8112
Epoch 33/50 - Train Loss: 0.5026 - Train Metric: 0.8300
Epoch 33/50 - Val Metric: 0.8132
Epoch 34/50 - Train Loss: 0.5027 - Train Metric: 0.8301
Epoch 34/50 - Val Metric: 0.8136
Epoch 35/50 - Train Loss: 0.5030 - Train Metric: 0.8299
Epoch 35/50 - Val Metric: 0.8113
Epoch 36/50 - Train Loss: 0.5027 - Train Metric: 0.8301
Epoch 36/50 - Val Metric: 0.8137
Epoch 37/50 - Train Loss: 0.5037 - Train Metric: 0.8293
Epoch 37/50 - Val Metric: 0.8113
Epoch 38/50 - Train Loss: 0.5058 - Train Metric: 0.8277
Epoch 38/50 - Val Metric: 0.8119
Epoch 39/50 - Train Loss: 0.5031 - Train Metric: 0.8298
Epoch 39/50 - Val Metric: 0.8130
Epoch 40/50 - Train Loss: 0.5019 - Train Metric: 0.8309
Epoch 40/50 - Val Metric: 0.8136
Epoch 41/50 - Train Loss: 0.5014 - Train Metric: 0.8311
Epoch 41/50 - Val Metric: 0.8124
Epoch 42/50 - Train Loss: 0.5034 - Train Metric: 0.8297
Epoch 42/50 - Val Metric: 0.8126
Epoch 43/50 - Train Loss: 0.5016 - Train Metric: 0.8309
Epoch 43/50 - Val Metric: 0.8124
Epoch 44/50 - Train Loss: 0.5015 - Train Metric: 0.8310
Epoch 44/50 - Val Metric: 0.8141
Epoch 45/50 - Train Loss: 0.5032 - Train Metric: 0.8294
Epoch 45/50 - Val Metric: 0.8135
Epoch 46/50 - Train Loss: 0.5011 - Train Metric: 0.8314
Epoch 46/50 - Val Metric: 0.8139
Epoch 47/50 - Train Loss: 0.5006 - Train Metric: 0.8317
Epoch 47/50 - Val Metric: 0.8128
Epoch 48/50 - Train Loss: 0.5007 - Train Metric: 0.8318
Epoch 48/50 - Val Metric: 0.8135
Epoch 49/50 - Train Loss: 0.5007 - Train Metric: 0.8317
Epoch 49/50 - Val Metric: 0.8140
Epoch 50/50 - Train Loss: 0.5008 - Train Metric: 0.8318
Epoch 50/50 - Val Metric: 0.8119
Best val: 0.8141, Best test: 0.8123
Training set has 13371 instances
Validation set has 1671 instances
Test set has 1672 instances
Epoch 1/50 - Train Loss: 0.7029 - Train Metric: 0.5041
Epoch 1/50 - Val Metric: 0.6380
Epoch 2/50 - Train Loss: 0.6955 - Train Metric: 0.4939
Epoch 2/50 - Val Metric: 0.6507
Epoch 3/50 - Train Loss: 0.6957 - Train Metric: 0.5129
Epoch 3/50 - Val Metric: 0.6496
Epoch 4/50 - Train Loss: 0.6958 - Train Metric: 0.5009
Epoch 4/50 - Val Metric: 0.6492
Epoch 5/50 - Train Loss: 0.6938 - Train Metric: 0.5107
Epoch 5/50 - Val Metric: 0.6491
Training set has 13371 instances
Validation set has 1671 instances
Test set has 1672 instances
Training set has 13371 instances
Validation set has 1671 instances
Test set has 1672 instances
Epoch 1/50 - Train Loss: 0.6972 - Train Metric: 0.5059
Epoch 1/50 - Val Metric: 0.6617
Epoch 2/50 - Train Loss: 0.6938 - Train Metric: 0.5103
Epoch 2/50 - Val Metric: 0.6597
Epoch 3/50 - Train Loss: 0.6926 - Train Metric: 0.5193
Epoch 3/50 - Val Metric: 0.6319
Epoch 4/50 - Train Loss: 0.6908 - Train Metric: 0.5178
Epoch 4/50 - Val Metric: 0.6458
Epoch 5/50 - Train Loss: 0.6759 - Train Metric: 0.6034
Epoch 5/50 - Val Metric: 0.6435
Training set has 13371 instances
Validation set has 1671 instances
Test set has 1672 instances
Epoch 1/50 - Train Loss: 0.6978 - Train Metric: 0.4981
Epoch 1/50 - Val Metric: 0.6519
Epoch 2/50 - Train Loss: 0.6934 - Train Metric: 0.5127
Epoch 2/50 - Val Metric: 0.6618
Epoch 3/50 - Train Loss: 0.6927 - Train Metric: 0.5166
Epoch 3/50 - Val Metric: 0.6583
Epoch 4/50 - Train Loss: 0.6718 - Train Metric: 0.6010
Epoch 4/50 - Val Metric: 0.7047
Epoch 5/50 - Train Loss: 0.6472 - Train Metric: 0.6695
Epoch 5/50 - Val Metric: 0.7471
Epoch 6/50 - Train Loss: 0.5828 - Train Metric: 0.7518
Epoch 6/50 - Val Metric: 0.8031
Epoch 7/50 - Train Loss: 0.5388 - Train Metric: 0.7986
Epoch 7/50 - Val Metric: 0.8160
Epoch 8/50 - Train Loss: 0.5743 - Train Metric: 0.7574
Epoch 8/50 - Val Metric: 0.8172
Epoch 9/50 - Train Loss: 0.5290 - Train Metric: 0.8079
Epoch 9/50 - Val Metric: 0.8289
Epoch 10/50 - Train Loss: 0.5400 - Train Metric: 0.7932
Epoch 10/50 - Val Metric: 0.8269
Epoch 11/50 - Train Loss: 0.5386 - Train Metric: 0.7954
Epoch 11/50 - Val Metric: 0.8256
Epoch 12/50 - Train Loss: 0.5266 - Train Metric: 0.8071
Epoch 12/50 - Val Metric: 0.8285
Epoch 13/50 - Train Loss: 0.5200 - Train Metric: 0.8150
Epoch 13/50 - Val Metric: 0.8295
Epoch 14/50 - Train Loss: 0.5184 - Train Metric: 0.8153
Epoch 14/50 - Val Metric: 0.8263
Epoch 15/50 - Train Loss: 0.5179 - Train Metric: 0.8166
Epoch 15/50 - Val Metric: 0.8291
Epoch 16/50 - Train Loss: 0.5153 - Train Metric: 0.8189
Epoch 16/50 - Val Metric: 0.8287
Epoch 17/50 - Train Loss: 0.5158 - Train Metric: 0.8180
Epoch 17/50 - Val Metric: 0.8300
Epoch 18/50 - Train Loss: 0.5169 - Train Metric: 0.8174
Epoch 18/50 - Val Metric: 0.8284
Epoch 19/50 - Train Loss: 0.5310 - Train Metric: 0.8054
Epoch 19/50 - Val Metric: 0.8006
Epoch 20/50 - Train Loss: 0.5335 - Train Metric: 0.8025
Epoch 20/50 - Val Metric: 0.8285
Epoch 21/50 - Train Loss: 0.5155 - Train Metric: 0.8190
Epoch 21/50 - Val Metric: 0.8301
Epoch 22/50 - Train Loss: 0.5141 - Train Metric: 0.8198
Epoch 22/50 - Val Metric: 0.8305
Epoch 23/50 - Train Loss: 0.5148 - Train Metric: 0.8189
Epoch 23/50 - Val Metric: 0.8300
Epoch 24/50 - Train Loss: 0.5140 - Train Metric: 0.8200
Epoch 24/50 - Val Metric: 0.8305
Epoch 25/50 - Train Loss: 0.5132 - Train Metric: 0.8208
Epoch 25/50 - Val Metric: 0.8322
Epoch 26/50 - Train Loss: 0.5120 - Train Metric: 0.8220
Epoch 26/50 - Val Metric: 0.8323
Epoch 27/50 - Train Loss: 0.5124 - Train Metric: 0.8217
Epoch 27/50 - Val Metric: 0.8335
Epoch 28/50 - Train Loss: 0.5120 - Train Metric: 0.8220
Epoch 28/50 - Val Metric: 0.8303
Epoch 29/50 - Train Loss: 0.5430 - Train Metric: 0.7935
Epoch 29/50 - Val Metric: 0.8013
Epoch 30/50 - Train Loss: 0.5424 - Train Metric: 0.7941
Epoch 30/50 - Val Metric: 0.8163
Epoch 31/50 - Train Loss: 0.5294 - Train Metric: 0.8071
Epoch 31/50 - Val Metric: 0.8172
Epoch 32/50 - Train Loss: 0.5292 - Train Metric: 0.8061
Epoch 32/50 - Val Metric: 0.8194
Epoch 33/50 - Train Loss: 0.5261 - Train Metric: 0.8095
Epoch 33/50 - Val Metric: 0.8211
Epoch 34/50 - Train Loss: 0.5281 - Train Metric: 0.8078
Epoch 34/50 - Val Metric: 0.8229
Epoch 35/50 - Train Loss: 0.5239 - Train Metric: 0.8123
Epoch 35/50 - Val Metric: 0.8300
Epoch 36/50 - Train Loss: 0.5397 - Train Metric: 0.7948
Epoch 36/50 - Val Metric: 0.8154
Epoch 37/50 - Train Loss: 0.5246 - Train Metric: 0.8109
Epoch 37/50 - Val Metric: 0.8303
Epoch 38/50 - Train Loss: 0.5162 - Train Metric: 0.8190
Epoch 38/50 - Val Metric: 0.8358
Epoch 39/50 - Train Loss: 0.5098 - Train Metric: 0.8238
Epoch 39/50 - Val Metric: 0.8340
Epoch 40/50 - Train Loss: 0.5137 - Train Metric: 0.8202
Epoch 40/50 - Val Metric: 0.8346
Epoch 41/50 - Train Loss: 0.5103 - Train Metric: 0.8234
Epoch 41/50 - Val Metric: 0.8352
Epoch 42/50 - Train Loss: 0.5205 - Train Metric: 0.8146
Epoch 42/50 - Val Metric: 0.8340
Epoch 43/50 - Train Loss: 0.5092 - Train Metric: 0.8244
Epoch 43/50 - Val Metric: 0.8354
Epoch 44/50 - Train Loss: 0.5294 - Train Metric: 0.8046
Epoch 44/50 - Val Metric: 0.8349
Epoch 45/50 - Train Loss: 0.5109 - Train Metric: 0.8231
Epoch 45/50 - Val Metric: 0.8339
Epoch 46/50 - Train Loss: 0.5072 - Train Metric: 0.8260
Epoch 46/50 - Val Metric: 0.8374
Epoch 47/50 - Train Loss: 0.5097 - Train Metric: 0.8238
Epoch 47/50 - Val Metric: 0.8349
Epoch 48/50 - Train Loss: 0.5079 - Train Metric: 0.8256
Epoch 48/50 - Val Metric: 0.8364
Epoch 49/50 - Train Loss: 0.5048 - Train Metric: 0.8277
Epoch 49/50 - Val Metric: 0.8365
Epoch 50/50 - Train Loss: 0.5079 - Train Metric: 0.8253
Epoch 50/50 - Val Metric: 0.8345
Best val: 0.8374, Best test: 0.8215
Training set has 13371 instances
Validation set has 1671 instances
Test set has 1672 instances
Epoch 1/50 - Train Loss: 0.7514 - Train Metric: 0.4978
Epoch 1/50 - Val Metric: 0.6603
Epoch 2/50 - Train Loss: 0.6936 - Train Metric: 0.5006
Epoch 2/50 - Val Metric: 0.6613
Epoch 3/50 - Train Loss: 0.6943 - Train Metric: 0.5170
Epoch 3/50 - Val Metric: 0.6605
Epoch 4/50 - Train Loss: 0.6952 - Train Metric: 0.5101
Epoch 4/50 - Val Metric: 0.6615
Epoch 5/50 - Train Loss: 0.6941 - Train Metric: 0.5137
Epoch 5/50 - Val Metric: 0.6532
Training set has 13371 instances
Validation set has 1671 instances
Test set has 1672 instances
Epoch 1/50 - Train Loss: 0.7040 - Train Metric: 0.5000
Epoch 1/50 - Val Metric: 0.6685
Epoch 2/50 - Train Loss: 0.6930 - Train Metric: 0.5216
Epoch 2/50 - Val Metric: 0.6635
Epoch 3/50 - Train Loss: 0.6905 - Train Metric: 0.5437
Epoch 3/50 - Val Metric: 0.6514
Epoch 4/50 - Train Loss: 0.6702 - Train Metric: 0.6184
Epoch 4/50 - Val Metric: 0.6791
Epoch 5/50 - Train Loss: 0.6346 - Train Metric: 0.6887
Epoch 5/50 - Val Metric: 0.7607
Epoch 6/50 - Train Loss: 0.5811 - Train Metric: 0.7531
Epoch 6/50 - Val Metric: 0.7825
Epoch 7/50 - Train Loss: 0.5432 - Train Metric: 0.7919
Epoch 7/50 - Val Metric: 0.8243
Epoch 8/50 - Train Loss: 0.5635 - Train Metric: 0.7687
Epoch 8/50 - Val Metric: 0.7914
Epoch 9/50 - Train Loss: 0.5522 - Train Metric: 0.7839
Epoch 9/50 - Val Metric: 0.8100
Epoch 10/50 - Train Loss: 0.5377 - Train Metric: 0.7969
Epoch 10/50 - Val Metric: 0.8209
Epoch 11/50 - Train Loss: 0.5291 - Train Metric: 0.8055
Epoch 11/50 - Val Metric: 0.8271
Epoch 12/50 - Train Loss: 0.5278 - Train Metric: 0.8070
Epoch 12/50 - Val Metric: 0.8275
Epoch 13/50 - Train Loss: 0.5205 - Train Metric: 0.8147
Epoch 13/50 - Val Metric: 0.8297
Epoch 14/50 - Train Loss: 0.5204 - Train Metric: 0.8139
Epoch 14/50 - Val Metric: 0.8342
Epoch 15/50 - Train Loss: 0.5220 - Train Metric: 0.8122
Epoch 15/50 - Val Metric: 0.7947
Epoch 16/50 - Train Loss: 0.5343 - Train Metric: 0.8009
Epoch 16/50 - Val Metric: 0.8189
Epoch 17/50 - Train Loss: 0.5279 - Train Metric: 0.8071
Epoch 17/50 - Val Metric: 0.8209
Epoch 18/50 - Train Loss: 0.5228 - Train Metric: 0.8124
Epoch 18/50 - Val Metric: 0.8354
Epoch 19/50 - Train Loss: 0.5166 - Train Metric: 0.8178
Epoch 19/50 - Val Metric: 0.8336
Epoch 20/50 - Train Loss: 0.5121 - Train Metric: 0.8212
Epoch 20/50 - Val Metric: 0.8361
Epoch 21/50 - Train Loss: 0.5152 - Train Metric: 0.8190
Epoch 21/50 - Val Metric: 0.8361
Epoch 22/50 - Train Loss: 0.5108 - Train Metric: 0.8231
Epoch 22/50 - Val Metric: 0.8344
Epoch 23/50 - Train Loss: 0.5141 - Train Metric: 0.8196
Epoch 23/50 - Val Metric: 0.8364
Epoch 24/50 - Train Loss: 0.5128 - Train Metric: 0.8208
Epoch 24/50 - Val Metric: 0.8335
Epoch 25/50 - Train Loss: 0.5102 - Train Metric: 0.8236
Epoch 25/50 - Val Metric: 0.8369
Epoch 26/50 - Train Loss: 0.5127 - Train Metric: 0.8210
Epoch 26/50 - Val Metric: 0.8363
Epoch 27/50 - Train Loss: 0.5116 - Train Metric: 0.8222
Epoch 27/50 - Val Metric: 0.8359
Epoch 28/50 - Train Loss: 0.5098 - Train Metric: 0.8232
Epoch 28/50 - Val Metric: 0.8374
Epoch 29/50 - Train Loss: 0.5102 - Train Metric: 0.8233
Epoch 29/50 - Val Metric: 0.8373
Epoch 30/50 - Train Loss: 0.5098 - Train Metric: 0.8232
Epoch 30/50 - Val Metric: 0.8347
Epoch 31/50 - Train Loss: 0.5103 - Train Metric: 0.8235
Epoch 31/50 - Val Metric: 0.8364
Epoch 32/50 - Train Loss: 0.5105 - Train Metric: 0.8228
Epoch 32/50 - Val Metric: 0.8374
Epoch 33/50 - Train Loss: 0.5112 - Train Metric: 0.8226
Epoch 33/50 - Val Metric: 0.8350
Epoch 34/50 - Train Loss: 0.5093 - Train Metric: 0.8245
Epoch 34/50 - Val Metric: 0.8372
Epoch 35/50 - Train Loss: 0.5108 - Train Metric: 0.8225
Epoch 35/50 - Val Metric: 0.8354
Epoch 36/50 - Train Loss: 0.5099 - Train Metric: 0.8238
Epoch 36/50 - Val Metric: 0.8344
Epoch 37/50 - Train Loss: 0.5087 - Train Metric: 0.8249
Epoch 37/50 - Val Metric: 0.8360
Epoch 38/50 - Train Loss: 0.5104 - Train Metric: 0.8231
Epoch 38/50 - Val Metric: 0.8356
Epoch 39/50 - Train Loss: 0.5076 - Train Metric: 0.8255
Epoch 39/50 - Val Metric: 0.8355
Epoch 40/50 - Train Loss: 0.5096 - Train Metric: 0.8236
Epoch 40/50 - Val Metric: 0.8360
Epoch 41/50 - Train Loss: 0.5106 - Train Metric: 0.8228
Epoch 41/50 - Val Metric: 0.8383
Epoch 42/50 - Train Loss: 0.5277 - Train Metric: 0.8084
Epoch 42/50 - Val Metric: 0.7668
Epoch 43/50 - Train Loss: 0.5502 - Train Metric: 0.7878
Epoch 43/50 - Val Metric: 0.8071
Epoch 44/50 - Train Loss: 0.5371 - Train Metric: 0.7997
Epoch 44/50 - Val Metric: 0.8220
Epoch 45/50 - Train Loss: 0.5264 - Train Metric: 0.8093
Epoch 45/50 - Val Metric: 0.8258
Epoch 46/50 - Train Loss: 0.5186 - Train Metric: 0.8158
Epoch 46/50 - Val Metric: 0.8308
Epoch 47/50 - Train Loss: 0.5180 - Train Metric: 0.8164
Epoch 47/50 - Val Metric: 0.8344
Epoch 48/50 - Train Loss: 0.5169 - Train Metric: 0.8174
Epoch 48/50 - Val Metric: 0.8351
Epoch 49/50 - Train Loss: 0.5157 - Train Metric: 0.8180
Epoch 49/50 - Val Metric: 0.8349
Epoch 50/50 - Train Loss: 0.5193 - Train Metric: 0.8150
Epoch 50/50 - Val Metric: 0.8371
Best val: 0.8383, Best test: 0.8283
Training set has 13371 instances
Validation set has 1671 instances
Test set has 1672 instances
Training set has 13371 instances
Validation set has 1671 instances
Test set has 1672 instances
Epoch 1/50 - Train Loss: 0.6961 - Train Metric: 0.4973
Epoch 1/50 - Val Metric: 0.6504
Training set has 13371 instances
Validation set has 1671 instances
Test set has 1672 instances
Epoch 1/50 - Train Loss: 0.6953 - Train Metric: 0.5002
Epoch 1/50 - Val Metric: 0.6805
Epoch 2/50 - Train Loss: 0.6930 - Train Metric: 0.5129
Epoch 2/50 - Val Metric: 0.6793
Epoch 3/50 - Train Loss: 0.6909 - Train Metric: 0.5252
Epoch 3/50 - Val Metric: 0.6784
Epoch 4/50 - Train Loss: 0.6658 - Train Metric: 0.6305
Epoch 4/50 - Val Metric: 0.7269
Epoch 5/50 - Train Loss: 0.6207 - Train Metric: 0.7103
Epoch 5/50 - Val Metric: 0.7999
Epoch 6/50 - Train Loss: 0.6208 - Train Metric: 0.7047
Epoch 6/50 - Val Metric: 0.7720
Epoch 7/50 - Train Loss: 0.6737 - Train Metric: 0.6344
Epoch 7/50 - Val Metric: 0.7500
Epoch 8/50 - Train Loss: 0.5872 - Train Metric: 0.7456
Epoch 8/50 - Val Metric: 0.8063
Epoch 9/50 - Train Loss: 0.5459 - Train Metric: 0.7873
Epoch 9/50 - Val Metric: 0.8250
Epoch 10/50 - Train Loss: 0.5387 - Train Metric: 0.7955
Epoch 10/50 - Val Metric: 0.8262
Epoch 11/50 - Train Loss: 0.5347 - Train Metric: 0.8002
Epoch 11/50 - Val Metric: 0.8314
Epoch 12/50 - Train Loss: 0.5233 - Train Metric: 0.8121
Epoch 12/50 - Val Metric: 0.8321
Epoch 13/50 - Train Loss: 0.5202 - Train Metric: 0.8157
Epoch 13/50 - Val Metric: 0.8315
Epoch 14/50 - Train Loss: 0.5159 - Train Metric: 0.8188
Epoch 14/50 - Val Metric: 0.8316
Epoch 15/50 - Train Loss: 0.5149 - Train Metric: 0.8201
Epoch 15/50 - Val Metric: 0.8314
Epoch 16/50 - Train Loss: 0.5229 - Train Metric: 0.8116
Epoch 16/50 - Val Metric: 0.8309
Epoch 17/50 - Train Loss: 0.5238 - Train Metric: 0.8111
Epoch 17/50 - Val Metric: 0.8319
Epoch 18/50 - Train Loss: 0.5214 - Train Metric: 0.8139
Epoch 18/50 - Val Metric: 0.8320
Epoch 19/50 - Train Loss: 0.5132 - Train Metric: 0.8219
Epoch 19/50 - Val Metric: 0.8310
Epoch 20/50 - Train Loss: 0.5158 - Train Metric: 0.8186
Epoch 20/50 - Val Metric: 0.8295
Epoch 21/50 - Train Loss: 0.5214 - Train Metric: 0.8127
Epoch 21/50 - Val Metric: 0.8318
Epoch 22/50 - Train Loss: 0.5127 - Train Metric: 0.8217
Epoch 22/50 - Val Metric: 0.8319
Epoch 23/50 - Train Loss: 0.5143 - Train Metric: 0.8208
Epoch 23/50 - Val Metric: 0.8292
Epoch 24/50 - Train Loss: 0.5159 - Train Metric: 0.8188
Epoch 24/50 - Val Metric: 0.8294
Epoch 25/50 - Train Loss: 0.5154 - Train Metric: 0.8191
Epoch 25/50 - Val Metric: 0.8305
Epoch 26/50 - Train Loss: 0.5101 - Train Metric: 0.8241
Epoch 26/50 - Val Metric: 0.8296
Epoch 27/50 - Train Loss: 0.5173 - Train Metric: 0.8172
Epoch 27/50 - Val Metric: 0.8322
Epoch 28/50 - Train Loss: 0.5163 - Train Metric: 0.8183
Epoch 28/50 - Val Metric: 0.8306
Epoch 29/50 - Train Loss: 0.5107 - Train Metric: 0.8234
Epoch 29/50 - Val Metric: 0.8299
Epoch 30/50 - Train Loss: 0.5106 - Train Metric: 0.8240
Epoch 30/50 - Val Metric: 0.8287
Epoch 31/50 - Train Loss: 0.5129 - Train Metric: 0.8210
Epoch 31/50 - Val Metric: 0.8336
Epoch 32/50 - Train Loss: 0.5113 - Train Metric: 0.8229
Epoch 32/50 - Val Metric: 0.8307
Epoch 33/50 - Train Loss: 0.5127 - Train Metric: 0.8217
Epoch 33/50 - Val Metric: 0.8315
Epoch 34/50 - Train Loss: 0.5113 - Train Metric: 0.8231
Epoch 34/50 - Val Metric: 0.8319
Epoch 35/50 - Train Loss: 0.5161 - Train Metric: 0.8187
Epoch 35/50 - Val Metric: 0.8302
Epoch 36/50 - Train Loss: 0.5080 - Train Metric: 0.8258
Epoch 36/50 - Val Metric: 0.8317
Epoch 37/50 - Train Loss: 0.5091 - Train Metric: 0.8245
Epoch 37/50 - Val Metric: 0.8326
Epoch 38/50 - Train Loss: 0.5137 - Train Metric: 0.8200
Epoch 38/50 - Val Metric: 0.8319
Epoch 39/50 - Train Loss: 0.5111 - Train Metric: 0.8225
Epoch 39/50 - Val Metric: 0.8313
Epoch 40/50 - Train Loss: 0.5100 - Train Metric: 0.8243
Epoch 40/50 - Val Metric: 0.8318
Epoch 41/50 - Train Loss: 0.5191 - Train Metric: 0.8160
Epoch 41/50 - Val Metric: 0.8283
Epoch 42/50 - Train Loss: 0.5087 - Train Metric: 0.8251
Epoch 42/50 - Val Metric: 0.8301
Epoch 43/50 - Train Loss: 0.5081 - Train Metric: 0.8254
Epoch 43/50 - Val Metric: 0.8282
Epoch 44/50 - Train Loss: 0.5091 - Train Metric: 0.8248
Epoch 44/50 - Val Metric: 0.8291
Epoch 45/50 - Train Loss: 0.5116 - Train Metric: 0.8225
Epoch 45/50 - Val Metric: 0.8318
Epoch 46/50 - Train Loss: 0.5105 - Train Metric: 0.8234
Epoch 46/50 - Val Metric: 0.8306
Epoch 47/50 - Train Loss: 0.5091 - Train Metric: 0.8248
Epoch 47/50 - Val Metric: 0.8324
Epoch 48/50 - Train Loss: 0.5069 - Train Metric: 0.8266
Epoch 48/50 - Val Metric: 0.8282
Epoch 49/50 - Train Loss: 0.5098 - Train Metric: 0.8240
Epoch 49/50 - Val Metric: 0.8274
Epoch 50/50 - Train Loss: 0.5129 - Train Metric: 0.8211
Epoch 50/50 - Val Metric: 0.8319
Best val: 0.8336, Best test: 0.8137
Training set has 13371 instances
Validation set has 1671 instances
Test set has 1672 instances
Training set has 13371 instances
Validation set has 1671 instances
Test set has 1672 instances
Training set has 13371 instances
Validation set has 1671 instances
Test set has 1672 instances
Hyper-parameter search done. Found the best config.
Repeat experiments 5 times with the best train config {'batch_size': 256, 'gamma_rate': 1.0, 'base_lr': 0.001} and model config {'num_heads': 8, 'num_layers': 6, 'hidden_dim': 32, 'mlp_ratio': 1, 'dropout_prob': 0, 'top_k': 3}.
Training set has 13371 instances
Validation set has 1671 instances
Test set has 1672 instances
Epoch 1/50 - Train Loss: 0.6977 - Train Metric: 0.5022
Epoch 1/50 - Val Metric: 0.5117
Epoch 2/50 - Train Loss: 0.6948 - Train Metric: 0.5072
Epoch 2/50 - Val Metric: 0.6575
Epoch 3/50 - Train Loss: 0.6923 - Train Metric: 0.5238
Epoch 3/50 - Val Metric: 0.6576
Epoch 4/50 - Train Loss: 0.6838 - Train Metric: 0.5898
Epoch 4/50 - Val Metric: 0.6561
Epoch 5/50 - Train Loss: 0.6457 - Train Metric: 0.6713
Epoch 5/50 - Val Metric: 0.7155
Epoch 6/50 - Train Loss: 0.6041 - Train Metric: 0.7296
Epoch 6/50 - Val Metric: 0.7699
Epoch 7/50 - Train Loss: 0.5480 - Train Metric: 0.7894
Epoch 7/50 - Val Metric: 0.7885
Epoch 8/50 - Train Loss: 0.5476 - Train Metric: 0.7892
Epoch 8/50 - Val Metric: 0.7886
Epoch 9/50 - Train Loss: 0.5284 - Train Metric: 0.8065
Epoch 9/50 - Val Metric: 0.7992
Epoch 10/50 - Train Loss: 0.5203 - Train Metric: 0.8141
Epoch 10/50 - Val Metric: 0.8053
Epoch 11/50 - Train Loss: 0.5178 - Train Metric: 0.8167
Epoch 11/50 - Val Metric: 0.8062
Epoch 12/50 - Train Loss: 0.5149 - Train Metric: 0.8189
Epoch 12/50 - Val Metric: 0.8034
Epoch 13/50 - Train Loss: 0.5156 - Train Metric: 0.8181
Epoch 13/50 - Val Metric: 0.8057
Epoch 14/50 - Train Loss: 0.5118 - Train Metric: 0.8219
Epoch 14/50 - Val Metric: 0.7987
Epoch 15/50 - Train Loss: 0.5176 - Train Metric: 0.8172
Epoch 15/50 - Val Metric: 0.8059
Epoch 16/50 - Train Loss: 0.5132 - Train Metric: 0.8200
Epoch 16/50 - Val Metric: 0.8041
Epoch 17/50 - Train Loss: 0.5099 - Train Metric: 0.8234
Epoch 17/50 - Val Metric: 0.8089
Epoch 18/50 - Train Loss: 0.5087 - Train Metric: 0.8247
Epoch 18/50 - Val Metric: 0.8078
Epoch 19/50 - Train Loss: 0.5092 - Train Metric: 0.8242
Epoch 19/50 - Val Metric: 0.8053
Epoch 20/50 - Train Loss: 0.5075 - Train Metric: 0.8254
Epoch 20/50 - Val Metric: 0.8088
Epoch 21/50 - Train Loss: 0.5086 - Train Metric: 0.8246
Epoch 21/50 - Val Metric: 0.8075
Epoch 22/50 - Train Loss: 0.5103 - Train Metric: 0.8236
Epoch 22/50 - Val Metric: 0.8118
Epoch 23/50 - Train Loss: 0.5068 - Train Metric: 0.8258
Epoch 23/50 - Val Metric: 0.8064
Epoch 24/50 - Train Loss: 0.5072 - Train Metric: 0.8259
Epoch 24/50 - Val Metric: 0.8058
Epoch 25/50 - Train Loss: 0.5066 - Train Metric: 0.8264
Epoch 25/50 - Val Metric: 0.8090
Epoch 26/50 - Train Loss: 0.5067 - Train Metric: 0.8261
Epoch 26/50 - Val Metric: 0.8079
Epoch 27/50 - Train Loss: 0.5062 - Train Metric: 0.8269
Epoch 27/50 - Val Metric: 0.8043
Epoch 28/50 - Train Loss: 0.5059 - Train Metric: 0.8271
Epoch 28/50 - Val Metric: 0.8076
Epoch 29/50 - Train Loss: 0.5075 - Train Metric: 0.8257
Epoch 29/50 - Val Metric: 0.8033
Epoch 30/50 - Train Loss: 0.5101 - Train Metric: 0.8239
Epoch 30/50 - Val Metric: 0.8128
Epoch 31/50 - Train Loss: 0.5074 - Train Metric: 0.8255
Epoch 31/50 - Val Metric: 0.8088
Epoch 32/50 - Train Loss: 0.5064 - Train Metric: 0.8267
Epoch 32/50 - Val Metric: 0.8096
Epoch 33/50 - Train Loss: 0.5054 - Train Metric: 0.8272
Epoch 33/50 - Val Metric: 0.8074
Epoch 34/50 - Train Loss: 0.5072 - Train Metric: 0.8260
Epoch 34/50 - Val Metric: 0.8084
Epoch 35/50 - Train Loss: 0.5173 - Train Metric: 0.8171
Epoch 35/50 - Val Metric: 0.8081
Epoch 36/50 - Train Loss: 0.5110 - Train Metric: 0.8234
Epoch 36/50 - Val Metric: 0.8079
Epoch 37/50 - Train Loss: 0.5089 - Train Metric: 0.8249
Epoch 37/50 - Val Metric: 0.8096
Epoch 38/50 - Train Loss: 0.5056 - Train Metric: 0.8273
Epoch 38/50 - Val Metric: 0.8080
Epoch 39/50 - Train Loss: 0.5066 - Train Metric: 0.8267
Epoch 39/50 - Val Metric: 0.8051
Epoch 40/50 - Train Loss: 0.5067 - Train Metric: 0.8265
Epoch 40/50 - Val Metric: 0.8067
Epoch 41/50 - Train Loss: 0.5041 - Train Metric: 0.8286
Epoch 41/50 - Val Metric: 0.8104
Epoch 42/50 - Train Loss: 0.5046 - Train Metric: 0.8285
Epoch 42/50 - Val Metric: 0.8101
Epoch 43/50 - Train Loss: 0.5062 - Train Metric: 0.8278
Epoch 43/50 - Val Metric: 0.8082
Epoch 44/50 - Train Loss: 0.5035 - Train Metric: 0.8294
Epoch 44/50 - Val Metric: 0.8073
Epoch 45/50 - Train Loss: 0.5047 - Train Metric: 0.8283
Epoch 45/50 - Val Metric: 0.8097
Epoch 46/50 - Train Loss: 0.5057 - Train Metric: 0.8267
Epoch 46/50 - Val Metric: 0.8110
Epoch 47/50 - Train Loss: 0.5052 - Train Metric: 0.8275
Epoch 47/50 - Val Metric: 0.8037
Epoch 48/50 - Train Loss: 0.5034 - Train Metric: 0.8290
Epoch 48/50 - Val Metric: 0.8070
Epoch 49/50 - Train Loss: 0.5051 - Train Metric: 0.8275
Epoch 49/50 - Val Metric: 0.8091
Epoch 50/50 - Train Loss: 0.5341 - Train Metric: 0.7981
Epoch 50/50 - Val Metric: 0.8029
Best val: 0.8128, Best test: 0.8316
Training set has 13371 instances
Validation set has 1671 instances
Test set has 1672 instances
Epoch 1/50 - Train Loss: 0.7028 - Train Metric: 0.5040
Epoch 1/50 - Val Metric: 0.6210
Epoch 2/50 - Train Loss: 0.6940 - Train Metric: 0.5146
Epoch 2/50 - Val Metric: 0.5842
Epoch 3/50 - Train Loss: 0.6922 - Train Metric: 0.5190
Epoch 3/50 - Val Metric: 0.5921
Epoch 4/50 - Train Loss: 0.6792 - Train Metric: 0.5872
Epoch 4/50 - Val Metric: 0.6665
Epoch 5/50 - Train Loss: 0.6426 - Train Metric: 0.6766
Epoch 5/50 - Val Metric: 0.7348
Epoch 6/50 - Train Loss: 0.5938 - Train Metric: 0.7385
Epoch 6/50 - Val Metric: 0.7593
Epoch 7/50 - Train Loss: 0.5638 - Train Metric: 0.7703
Epoch 7/50 - Val Metric: 0.7796
Epoch 8/50 - Train Loss: 0.5597 - Train Metric: 0.7786
Epoch 8/50 - Val Metric: 0.7627
Epoch 9/50 - Train Loss: 0.5573 - Train Metric: 0.7805
Epoch 9/50 - Val Metric: 0.7901
Epoch 10/50 - Train Loss: 0.5372 - Train Metric: 0.7968
Epoch 10/50 - Val Metric: 0.7911
Epoch 11/50 - Train Loss: 0.5404 - Train Metric: 0.7936
Epoch 11/50 - Val Metric: 0.8095
Epoch 12/50 - Train Loss: 0.5226 - Train Metric: 0.8118
Epoch 12/50 - Val Metric: 0.7972
Epoch 13/50 - Train Loss: 0.5272 - Train Metric: 0.8065
Epoch 13/50 - Val Metric: 0.8096
Epoch 14/50 - Train Loss: 0.5188 - Train Metric: 0.8156
Epoch 14/50 - Val Metric: 0.8063
Epoch 15/50 - Train Loss: 0.5246 - Train Metric: 0.8085
Epoch 15/50 - Val Metric: 0.8082
Epoch 16/50 - Train Loss: 0.5276 - Train Metric: 0.8063
Epoch 16/50 - Val Metric: 0.8080
Epoch 17/50 - Train Loss: 0.5166 - Train Metric: 0.8181
Epoch 17/50 - Val Metric: 0.8131
Epoch 18/50 - Train Loss: 0.5144 - Train Metric: 0.8199
Epoch 18/50 - Val Metric: 0.8120
Epoch 19/50 - Train Loss: 0.5141 - Train Metric: 0.8195
Epoch 19/50 - Val Metric: 0.8126
Epoch 20/50 - Train Loss: 0.5150 - Train Metric: 0.8184
Epoch 20/50 - Val Metric: 0.8114
Epoch 21/50 - Train Loss: 0.5137 - Train Metric: 0.8199
Epoch 21/50 - Val Metric: 0.8115
Epoch 22/50 - Train Loss: 0.5123 - Train Metric: 0.8209
Epoch 22/50 - Val Metric: 0.8123
Epoch 23/50 - Train Loss: 0.5133 - Train Metric: 0.8201
Epoch 23/50 - Val Metric: 0.8138
Epoch 24/50 - Train Loss: 0.5141 - Train Metric: 0.8195
Epoch 24/50 - Val Metric: 0.8143
Epoch 25/50 - Train Loss: 0.5132 - Train Metric: 0.8204
Epoch 25/50 - Val Metric: 0.8153
Epoch 26/50 - Train Loss: 0.5173 - Train Metric: 0.8163
Epoch 26/50 - Val Metric: 0.8145
Epoch 27/50 - Train Loss: 0.5122 - Train Metric: 0.8212
Epoch 27/50 - Val Metric: 0.8137
Epoch 28/50 - Train Loss: 0.5156 - Train Metric: 0.8182
Epoch 28/50 - Val Metric: 0.8129
Epoch 29/50 - Train Loss: 0.5313 - Train Metric: 0.8042
Epoch 29/50 - Val Metric: 0.8059
Epoch 30/50 - Train Loss: 0.5415 - Train Metric: 0.7943
Epoch 30/50 - Val Metric: 0.8115
Epoch 31/50 - Train Loss: 0.5225 - Train Metric: 0.8105
Epoch 31/50 - Val Metric: 0.8017
Epoch 32/50 - Train Loss: 0.5190 - Train Metric: 0.8145
Epoch 32/50 - Val Metric: 0.8093
Epoch 33/50 - Train Loss: 0.5144 - Train Metric: 0.8189
Epoch 33/50 - Val Metric: 0.8104
Epoch 34/50 - Train Loss: 0.5126 - Train Metric: 0.8208
Epoch 34/50 - Val Metric: 0.8138
Epoch 35/50 - Train Loss: 0.5148 - Train Metric: 0.8187
Epoch 35/50 - Val Metric: 0.7925
Epoch 36/50 - Train Loss: 0.5244 - Train Metric: 0.8070
Epoch 36/50 - Val Metric: 0.8060
Epoch 37/50 - Train Loss: 0.5137 - Train Metric: 0.8198
Epoch 37/50 - Val Metric: 0.8137
Epoch 38/50 - Train Loss: 0.5113 - Train Metric: 0.8219
Epoch 38/50 - Val Metric: 0.8152
Epoch 39/50 - Train Loss: 0.5125 - Train Metric: 0.8207
Epoch 39/50 - Val Metric: 0.8136
Epoch 40/50 - Train Loss: 0.5119 - Train Metric: 0.8214
Epoch 40/50 - Val Metric: 0.8141
Epoch 41/50 - Train Loss: 0.5154 - Train Metric: 0.8182
Epoch 41/50 - Val Metric: 0.8146
Epoch 42/50 - Train Loss: 0.5105 - Train Metric: 0.8226
Epoch 42/50 - Val Metric: 0.8138
Epoch 43/50 - Train Loss: 0.5108 - Train Metric: 0.8225
Epoch 43/50 - Val Metric: 0.8148
Epoch 44/50 - Train Loss: 0.5255 - Train Metric: 0.8093
Epoch 44/50 - Val Metric: 0.7731
Epoch 45/50 - Train Loss: 0.5292 - Train Metric: 0.8053
Epoch 45/50 - Val Metric: 0.8144
Epoch 46/50 - Train Loss: 0.5128 - Train Metric: 0.8214
Epoch 46/50 - Val Metric: 0.8165
Epoch 47/50 - Train Loss: 0.5113 - Train Metric: 0.8218
Epoch 47/50 - Val Metric: 0.8158
Epoch 48/50 - Train Loss: 0.5114 - Train Metric: 0.8220
Epoch 48/50 - Val Metric: 0.8162
Epoch 49/50 - Train Loss: 0.5113 - Train Metric: 0.8222
Epoch 49/50 - Val Metric: 0.8156
Epoch 50/50 - Train Loss: 0.5097 - Train Metric: 0.8236
Epoch 50/50 - Val Metric: 0.8170
Best val: 0.8170, Best test: 0.8283
Training set has 13371 instances
Validation set has 1671 instances
Test set has 1672 instances
Epoch 1/50 - Train Loss: 0.6952 - Train Metric: 0.5037
Epoch 1/50 - Val Metric: 0.6475
Epoch 2/50 - Train Loss: 0.6946 - Train Metric: 0.5069
Epoch 2/50 - Val Metric: 0.6575
Epoch 3/50 - Train Loss: 0.6910 - Train Metric: 0.5362
Epoch 3/50 - Val Metric: 0.6593
Epoch 4/50 - Train Loss: 0.6703 - Train Metric: 0.6178
Epoch 4/50 - Val Metric: 0.6971
Epoch 5/50 - Train Loss: 0.6257 - Train Metric: 0.6997
Epoch 5/50 - Val Metric: 0.7702
Epoch 6/50 - Train Loss: 0.5951 - Train Metric: 0.7334
Epoch 6/50 - Val Metric: 0.7622
Epoch 7/50 - Train Loss: 0.5738 - Train Metric: 0.7619
Epoch 7/50 - Val Metric: 0.8089
Epoch 8/50 - Train Loss: 0.5428 - Train Metric: 0.7936
Epoch 8/50 - Val Metric: 0.8239
Epoch 9/50 - Train Loss: 0.5316 - Train Metric: 0.8036
Epoch 9/50 - Val Metric: 0.8209
Epoch 10/50 - Train Loss: 0.5713 - Train Metric: 0.7673
Epoch 10/50 - Val Metric: 0.7932
Epoch 11/50 - Train Loss: 0.5633 - Train Metric: 0.7769
Epoch 11/50 - Val Metric: 0.8061
Epoch 12/50 - Train Loss: 0.5389 - Train Metric: 0.7979
Epoch 12/50 - Val Metric: 0.8284
Epoch 13/50 - Train Loss: 0.5211 - Train Metric: 0.8144
Epoch 13/50 - Val Metric: 0.8375
Epoch 14/50 - Train Loss: 0.5184 - Train Metric: 0.8157
Epoch 14/50 - Val Metric: 0.8388
Epoch 15/50 - Train Loss: 0.5193 - Train Metric: 0.8157
Epoch 15/50 - Val Metric: 0.8369
Epoch 16/50 - Train Loss: 0.5181 - Train Metric: 0.8180
Epoch 16/50 - Val Metric: 0.8407
Epoch 17/50 - Train Loss: 0.5130 - Train Metric: 0.8225
Epoch 17/50 - Val Metric: 0.8414
Epoch 18/50 - Train Loss: 0.5149 - Train Metric: 0.8203
Epoch 18/50 - Val Metric: 0.8411
Epoch 19/50 - Train Loss: 0.5144 - Train Metric: 0.8205
Epoch 19/50 - Val Metric: 0.8414
Epoch 20/50 - Train Loss: 0.5141 - Train Metric: 0.8214
Epoch 20/50 - Val Metric: 0.8406
Epoch 21/50 - Train Loss: 0.5128 - Train Metric: 0.8224
Epoch 21/50 - Val Metric: 0.8409
Epoch 22/50 - Train Loss: 0.5122 - Train Metric: 0.8222
Epoch 22/50 - Val Metric: 0.8415
Epoch 23/50 - Train Loss: 0.5129 - Train Metric: 0.8217
Epoch 23/50 - Val Metric: 0.8394
Epoch 24/50 - Train Loss: 0.5144 - Train Metric: 0.8213
Epoch 24/50 - Val Metric: 0.8420
Epoch 25/50 - Train Loss: 0.5121 - Train Metric: 0.8229
Epoch 25/50 - Val Metric: 0.8415
Epoch 26/50 - Train Loss: 0.5169 - Train Metric: 0.8180
Epoch 26/50 - Val Metric: 0.7917
Epoch 27/50 - Train Loss: 0.5506 - Train Metric: 0.7854
Epoch 27/50 - Val Metric: 0.8196
Epoch 28/50 - Train Loss: 0.5299 - Train Metric: 0.8067
Epoch 28/50 - Val Metric: 0.8340
Epoch 29/50 - Train Loss: 0.5190 - Train Metric: 0.8170
Epoch 29/50 - Val Metric: 0.8369
Epoch 30/50 - Train Loss: 0.5221 - Train Metric: 0.8138
Epoch 30/50 - Val Metric: 0.7834
Epoch 31/50 - Train Loss: 0.5558 - Train Metric: 0.7822
Epoch 31/50 - Val Metric: 0.8134
Epoch 32/50 - Train Loss: 0.5308 - Train Metric: 0.8059
Epoch 32/50 - Val Metric: 0.8266
Epoch 33/50 - Train Loss: 0.5231 - Train Metric: 0.8132
Epoch 33/50 - Val Metric: 0.8265
Epoch 34/50 - Train Loss: 0.5138 - Train Metric: 0.8213
Epoch 34/50 - Val Metric: 0.8341
Epoch 35/50 - Train Loss: 0.5232 - Train Metric: 0.8119
Epoch 35/50 - Val Metric: 0.8094
Epoch 36/50 - Train Loss: 0.5182 - Train Metric: 0.8171
Epoch 36/50 - Val Metric: 0.8293
Epoch 37/50 - Train Loss: 0.5110 - Train Metric: 0.8239
Epoch 37/50 - Val Metric: 0.8241
Epoch 38/50 - Train Loss: 0.5125 - Train Metric: 0.8227
Epoch 38/50 - Val Metric: 0.8291
Epoch 39/50 - Train Loss: 0.5123 - Train Metric: 0.8231
Epoch 39/50 - Val Metric: 0.8302
Epoch 40/50 - Train Loss: 0.5105 - Train Metric: 0.8244
Epoch 40/50 - Val Metric: 0.8285
Epoch 41/50 - Train Loss: 0.5093 - Train Metric: 0.8251
Epoch 41/50 - Val Metric: 0.8308
Epoch 42/50 - Train Loss: 0.5088 - Train Metric: 0.8255
Epoch 42/50 - Val Metric: 0.8273
Epoch 43/50 - Train Loss: 0.5099 - Train Metric: 0.8248
Epoch 43/50 - Val Metric: 0.8305
Epoch 44/50 - Train Loss: 0.5089 - Train Metric: 0.8256
Epoch 44/50 - Val Metric: 0.8296
Epoch 45/50 - Train Loss: 0.5098 - Train Metric: 0.8247
Epoch 45/50 - Val Metric: 0.8274
Epoch 46/50 - Train Loss: 0.5092 - Train Metric: 0.8257
Epoch 46/50 - Val Metric: 0.8291
Epoch 47/50 - Train Loss: 0.5103 - Train Metric: 0.8249
Epoch 47/50 - Val Metric: 0.8231
Epoch 48/50 - Train Loss: 0.5083 - Train Metric: 0.8260
Epoch 48/50 - Val Metric: 0.8316
Epoch 49/50 - Train Loss: 0.5119 - Train Metric: 0.8231
Epoch 49/50 - Val Metric: 0.8342
Epoch 50/50 - Train Loss: 0.5301 - Train Metric: 0.8045
Epoch 50/50 - Val Metric: 0.8186
Best val: 0.8420, Best test: 0.8298
Training set has 13371 instances
Validation set has 1671 instances
Test set has 1672 instances
Epoch 1/50 - Train Loss: 0.7023 - Train Metric: 0.5054
Epoch 1/50 - Val Metric: 0.6015
Epoch 2/50 - Train Loss: 0.6938 - Train Metric: 0.5173
Epoch 2/50 - Val Metric: 0.6602
Epoch 3/50 - Train Loss: 0.6934 - Train Metric: 0.5196
Epoch 3/50 - Val Metric: 0.6210
Epoch 4/50 - Train Loss: 0.6897 - Train Metric: 0.5409
Epoch 4/50 - Val Metric: 0.6494
Epoch 5/50 - Train Loss: 0.6732 - Train Metric: 0.6090
Epoch 5/50 - Val Metric: 0.6825
Epoch 6/50 - Train Loss: 0.6339 - Train Metric: 0.6932
Epoch 6/50 - Val Metric: 0.7413
Epoch 7/50 - Train Loss: 0.5966 - Train Metric: 0.7397
Epoch 7/50 - Val Metric: 0.7968
Epoch 8/50 - Train Loss: 0.5649 - Train Metric: 0.7757
Epoch 8/50 - Val Metric: 0.8141
Epoch 9/50 - Train Loss: 0.5556 - Train Metric: 0.7826
Epoch 9/50 - Val Metric: 0.8244
Epoch 10/50 - Train Loss: 0.5437 - Train Metric: 0.7933
Epoch 10/50 - Val Metric: 0.8277
Epoch 11/50 - Train Loss: 0.5434 - Train Metric: 0.7933
Epoch 11/50 - Val Metric: 0.8228
Epoch 12/50 - Train Loss: 0.5314 - Train Metric: 0.8044
Epoch 12/50 - Val Metric: 0.8360
Epoch 13/50 - Train Loss: 0.5306 - Train Metric: 0.8043
Epoch 13/50 - Val Metric: 0.8301
Epoch 14/50 - Train Loss: 0.5375 - Train Metric: 0.7978
Epoch 14/50 - Val Metric: 0.8376
Epoch 15/50 - Train Loss: 0.5222 - Train Metric: 0.8139
Epoch 15/50 - Val Metric: 0.8397
Epoch 16/50 - Train Loss: 0.5182 - Train Metric: 0.8163
Epoch 16/50 - Val Metric: 0.8400
Epoch 17/50 - Train Loss: 0.5165 - Train Metric: 0.8178
Epoch 17/50 - Val Metric: 0.8385
Epoch 18/50 - Train Loss: 0.5160 - Train Metric: 0.8187
Epoch 18/50 - Val Metric: 0.8418
Epoch 19/50 - Train Loss: 0.5155 - Train Metric: 0.8185
Epoch 19/50 - Val Metric: 0.8421
Epoch 20/50 - Train Loss: 0.5137 - Train Metric: 0.8204
Epoch 20/50 - Val Metric: 0.8423
Epoch 21/50 - Train Loss: 0.5122 - Train Metric: 0.8219
Epoch 21/50 - Val Metric: 0.8435
Epoch 22/50 - Train Loss: 0.5112 - Train Metric: 0.8233
Epoch 22/50 - Val Metric: 0.8424
Epoch 23/50 - Train Loss: 0.5215 - Train Metric: 0.8131
Epoch 23/50 - Val Metric: 0.8391
Epoch 24/50 - Train Loss: 0.5138 - Train Metric: 0.8207
Epoch 24/50 - Val Metric: 0.8434
Epoch 25/50 - Train Loss: 0.5115 - Train Metric: 0.8226
Epoch 25/50 - Val Metric: 0.8435
Epoch 26/50 - Train Loss: 0.5107 - Train Metric: 0.8230
Epoch 26/50 - Val Metric: 0.8442
Epoch 27/50 - Train Loss: 0.5253 - Train Metric: 0.8088
Epoch 27/50 - Val Metric: 0.8240
Epoch 28/50 - Train Loss: 0.5199 - Train Metric: 0.8156
Epoch 28/50 - Val Metric: 0.8445
Epoch 29/50 - Train Loss: 0.5107 - Train Metric: 0.8233
Epoch 29/50 - Val Metric: 0.8442
Epoch 30/50 - Train Loss: 0.5095 - Train Metric: 0.8242
Epoch 30/50 - Val Metric: 0.8450
Epoch 31/50 - Train Loss: 0.5093 - Train Metric: 0.8243
Epoch 31/50 - Val Metric: 0.8446
Epoch 32/50 - Train Loss: 0.5090 - Train Metric: 0.8243
Epoch 32/50 - Val Metric: 0.8449
Epoch 33/50 - Train Loss: 0.5086 - Train Metric: 0.8245
Epoch 33/50 - Val Metric: 0.8447
Epoch 34/50 - Train Loss: 0.5088 - Train Metric: 0.8247
Epoch 34/50 - Val Metric: 0.8411
Epoch 35/50 - Train Loss: 0.5095 - Train Metric: 0.8242
Epoch 35/50 - Val Metric: 0.8457
Epoch 36/50 - Train Loss: 0.5093 - Train Metric: 0.8243
Epoch 36/50 - Val Metric: 0.8446
Epoch 37/50 - Train Loss: 0.5280 - Train Metric: 0.8063
Epoch 37/50 - Val Metric: 0.8433
Epoch 38/50 - Train Loss: 0.5150 - Train Metric: 0.8194
Epoch 38/50 - Val Metric: 0.8469
Epoch 39/50 - Train Loss: 0.5129 - Train Metric: 0.8215
Epoch 39/50 - Val Metric: 0.8447
Epoch 40/50 - Train Loss: 0.5114 - Train Metric: 0.8230
Epoch 40/50 - Val Metric: 0.8440
Epoch 41/50 - Train Loss: 0.5088 - Train Metric: 0.8250
Epoch 41/50 - Val Metric: 0.8464
Epoch 42/50 - Train Loss: 0.5083 - Train Metric: 0.8251
Epoch 42/50 - Val Metric: 0.8447
Epoch 43/50 - Train Loss: 0.5104 - Train Metric: 0.8229
Epoch 43/50 - Val Metric: 0.8449
Epoch 44/50 - Train Loss: 0.5120 - Train Metric: 0.8213
Epoch 44/50 - Val Metric: 0.8463
Epoch 45/50 - Train Loss: 0.5096 - Train Metric: 0.8241
Epoch 45/50 - Val Metric: 0.8441
Epoch 46/50 - Train Loss: 0.5108 - Train Metric: 0.8233
Epoch 46/50 - Val Metric: 0.8480
Epoch 47/50 - Train Loss: 0.5089 - Train Metric: 0.8242
Epoch 47/50 - Val Metric: 0.8460
Epoch 48/50 - Train Loss: 0.5072 - Train Metric: 0.8260
Epoch 48/50 - Val Metric: 0.8445
Epoch 49/50 - Train Loss: 0.5148 - Train Metric: 0.8191
Epoch 49/50 - Val Metric: 0.8331
Epoch 50/50 - Train Loss: 0.5080 - Train Metric: 0.8258
Epoch 50/50 - Val Metric: 0.8457
Best val: 0.8480, Best test: 0.8251
Training set has 13371 instances
Validation set has 1671 instances
Test set has 1672 instances
Epoch 1/50 - Train Loss: 0.6999 - Train Metric: 0.5099
Epoch 1/50 - Val Metric: 0.6466
Epoch 2/50 - Train Loss: 0.6939 - Train Metric: 0.5099
Epoch 2/50 - Val Metric: 0.6478
Epoch 3/50 - Train Loss: 0.6930 - Train Metric: 0.5143
Epoch 3/50 - Val Metric: 0.6412
Epoch 4/50 - Train Loss: 0.6879 - Train Metric: 0.5553
Epoch 4/50 - Val Metric: 0.6352
Epoch 5/50 - Train Loss: 0.6641 - Train Metric: 0.6352
Epoch 5/50 - Val Metric: 0.6697
Epoch 6/50 - Train Loss: 0.6273 - Train Metric: 0.7013
Epoch 6/50 - Val Metric: 0.7596
Epoch 7/50 - Train Loss: 0.5705 - Train Metric: 0.7629
Epoch 7/50 - Val Metric: 0.7900
Epoch 8/50 - Train Loss: 0.5584 - Train Metric: 0.7722
Epoch 8/50 - Val Metric: 0.8002
Epoch 9/50 - Train Loss: 0.5451 - Train Metric: 0.7883
Epoch 9/50 - Val Metric: 0.8071
Epoch 10/50 - Train Loss: 0.5365 - Train Metric: 0.7984
Epoch 10/50 - Val Metric: 0.8172
Epoch 11/50 - Train Loss: 0.5405 - Train Metric: 0.7935
Epoch 11/50 - Val Metric: 0.8072
Epoch 12/50 - Train Loss: 0.5414 - Train Metric: 0.7937
Epoch 12/50 - Val Metric: 0.8070
Epoch 13/50 - Train Loss: 0.5489 - Train Metric: 0.7863
Epoch 13/50 - Val Metric: 0.8076
Epoch 14/50 - Train Loss: 0.5491 - Train Metric: 0.7872
Epoch 14/50 - Val Metric: 0.8057
Epoch 15/50 - Train Loss: 0.5494 - Train Metric: 0.7831
Epoch 15/50 - Val Metric: 0.8047
Epoch 16/50 - Train Loss: 0.5349 - Train Metric: 0.8005
Epoch 16/50 - Val Metric: 0.8152
Epoch 17/50 - Train Loss: 0.5331 - Train Metric: 0.8007
Epoch 17/50 - Val Metric: 0.8130
Epoch 18/50 - Train Loss: 0.5345 - Train Metric: 0.7987
Epoch 18/50 - Val Metric: 0.8166
Epoch 19/50 - Train Loss: 0.5285 - Train Metric: 0.8066
Epoch 19/50 - Val Metric: 0.8213
Epoch 20/50 - Train Loss: 0.5237 - Train Metric: 0.8108
Epoch 20/50 - Val Metric: 0.8227
Epoch 21/50 - Train Loss: 0.5279 - Train Metric: 0.8062
Epoch 21/50 - Val Metric: 0.8095
Epoch 22/50 - Train Loss: 0.5303 - Train Metric: 0.8045
Epoch 22/50 - Val Metric: 0.8225
Epoch 23/50 - Train Loss: 0.5239 - Train Metric: 0.8112
Epoch 23/50 - Val Metric: 0.8249
Epoch 24/50 - Train Loss: 0.5275 - Train Metric: 0.8061
Epoch 24/50 - Val Metric: 0.8253
Epoch 25/50 - Train Loss: 0.5221 - Train Metric: 0.8121
Epoch 25/50 - Val Metric: 0.8279
Epoch 26/50 - Train Loss: 0.5194 - Train Metric: 0.8147
Epoch 26/50 - Val Metric: 0.8279
Epoch 27/50 - Train Loss: 0.5176 - Train Metric: 0.8161
Epoch 27/50 - Val Metric: 0.8285
Epoch 28/50 - Train Loss: 0.5187 - Train Metric: 0.8154
Epoch 28/50 - Val Metric: 0.8286
Epoch 29/50 - Train Loss: 0.5189 - Train Metric: 0.8145
Epoch 29/50 - Val Metric: 0.8305
Epoch 30/50 - Train Loss: 0.5170 - Train Metric: 0.8165
Epoch 30/50 - Val Metric: 0.8299
Epoch 31/50 - Train Loss: 0.5184 - Train Metric: 0.8152
Epoch 31/50 - Val Metric: 0.8314
Epoch 32/50 - Train Loss: 0.5141 - Train Metric: 0.8189
Epoch 32/50 - Val Metric: 0.8318
Epoch 33/50 - Train Loss: 0.5142 - Train Metric: 0.8194
Epoch 33/50 - Val Metric: 0.8320
Epoch 34/50 - Train Loss: 0.5157 - Train Metric: 0.8180
Epoch 34/50 - Val Metric: 0.8307
Epoch 35/50 - Train Loss: 0.5160 - Train Metric: 0.8171
Epoch 35/50 - Val Metric: 0.8292
Epoch 36/50 - Train Loss: 0.5180 - Train Metric: 0.8158
Epoch 36/50 - Val Metric: 0.8322
Epoch 37/50 - Train Loss: 0.5173 - Train Metric: 0.8162
Epoch 37/50 - Val Metric: 0.8309
Epoch 38/50 - Train Loss: 0.5149 - Train Metric: 0.8181
Epoch 38/50 - Val Metric: 0.8326
Epoch 39/50 - Train Loss: 0.5146 - Train Metric: 0.8187
Epoch 39/50 - Val Metric: 0.8315
Epoch 40/50 - Train Loss: 0.5152 - Train Metric: 0.8183
Epoch 40/50 - Val Metric: 0.8328
Epoch 41/50 - Train Loss: 0.5164 - Train Metric: 0.8169
Epoch 41/50 - Val Metric: 0.8334
Epoch 42/50 - Train Loss: 0.5182 - Train Metric: 0.8153
Epoch 42/50 - Val Metric: 0.8311
Epoch 43/50 - Train Loss: 0.5137 - Train Metric: 0.8201
Epoch 43/50 - Val Metric: 0.8333
Epoch 44/50 - Train Loss: 0.5114 - Train Metric: 0.8226
Epoch 44/50 - Val Metric: 0.8344
Epoch 45/50 - Train Loss: 0.5134 - Train Metric: 0.8203
Epoch 45/50 - Val Metric: 0.8364
Epoch 46/50 - Train Loss: 0.5104 - Train Metric: 0.8231
Epoch 46/50 - Val Metric: 0.8369
Epoch 47/50 - Train Loss: 0.5102 - Train Metric: 0.8231
Epoch 47/50 - Val Metric: 0.8372
Epoch 48/50 - Train Loss: 0.5103 - Train Metric: 0.8230
Epoch 48/50 - Val Metric: 0.8379
Epoch 49/50 - Train Loss: 0.5110 - Train Metric: 0.8229
Epoch 49/50 - Val Metric: 0.8389
Epoch 50/50 - Train Loss: 0.5124 - Train Metric: 0.8207
Epoch 50/50 - Val Metric: 0.8363
Best val: 0.8389, Best test: 0.8220
[0.83158195 0.8282969  0.82976681 0.82506436 0.82199091]
