Hyper-parameter search via Optuna
Namespace(task_type='binary_classification', scale='small', idx=6, epochs=50, num_trials=20, num_repeats=5, seed=0, exp_name='MemPerceiver_ens', result_path='output/binary_classification/small/6/MemPerceiver_ens.pt')
Device: cuda
Start building binary_classification dataset_small_6
Training set has 13371 instances
Validation set has 1671 instances
Test set has 1672 instances
Epoch 1/50 - Train Loss: 0.6956 - Train Metric: 0.5091
Epoch 1/50 - Val Metric: 0.6392
Epoch 2/50 - Train Loss: 0.6929 - Train Metric: 0.5149
Epoch 2/50 - Val Metric: 0.6507
Epoch 3/50 - Train Loss: 0.6935 - Train Metric: 0.5209
Epoch 3/50 - Val Metric: 0.6544
Epoch 4/50 - Train Loss: 0.6904 - Train Metric: 0.5366
Epoch 4/50 - Val Metric: 0.6575
Epoch 5/50 - Train Loss: 0.6796 - Train Metric: 0.5962
Epoch 5/50 - Val Metric: 0.6687
Epoch 6/50 - Train Loss: 0.6656 - Train Metric: 0.6323
Epoch 6/50 - Val Metric: 0.6806
Epoch 7/50 - Train Loss: 0.6515 - Train Metric: 0.6620
Epoch 7/50 - Val Metric: 0.7042
Epoch 8/50 - Train Loss: 0.6406 - Train Metric: 0.6808
Epoch 8/50 - Val Metric: 0.7315
Epoch 9/50 - Train Loss: 0.6355 - Train Metric: 0.6894
Epoch 9/50 - Val Metric: 0.7465
Epoch 10/50 - Train Loss: 0.6102 - Train Metric: 0.7228
Epoch 10/50 - Val Metric: 0.7678
Epoch 11/50 - Train Loss: 0.5987 - Train Metric: 0.7352
Epoch 11/50 - Val Metric: 0.7763
Epoch 12/50 - Train Loss: 0.5783 - Train Metric: 0.7562
Epoch 12/50 - Val Metric: 0.7823
Epoch 13/50 - Train Loss: 0.5605 - Train Metric: 0.7759
Epoch 13/50 - Val Metric: 0.7890
Epoch 14/50 - Train Loss: 0.5564 - Train Metric: 0.7809
Epoch 14/50 - Val Metric: 0.7917
Epoch 15/50 - Train Loss: 0.5563 - Train Metric: 0.7785
Epoch 15/50 - Val Metric: 0.7942
Epoch 16/50 - Train Loss: 0.5517 - Train Metric: 0.7847
Epoch 16/50 - Val Metric: 0.7978
Epoch 17/50 - Train Loss: 0.5487 - Train Metric: 0.7866
Epoch 17/50 - Val Metric: 0.7992
Epoch 18/50 - Train Loss: 0.5524 - Train Metric: 0.7822
Epoch 18/50 - Val Metric: 0.7985
Epoch 19/50 - Train Loss: 0.5472 - Train Metric: 0.7890
Epoch 19/50 - Val Metric: 0.8006
Epoch 20/50 - Train Loss: 0.5422 - Train Metric: 0.7927
Epoch 20/50 - Val Metric: 0.8028
Epoch 21/50 - Train Loss: 0.5521 - Train Metric: 0.7823
Epoch 21/50 - Val Metric: 0.8023
Epoch 22/50 - Train Loss: 0.5392 - Train Metric: 0.7958
Epoch 22/50 - Val Metric: 0.8049
Epoch 23/50 - Train Loss: 0.5510 - Train Metric: 0.7821
Epoch 23/50 - Val Metric: 0.8045
Epoch 24/50 - Train Loss: 0.5454 - Train Metric: 0.7888
Epoch 24/50 - Val Metric: 0.8057
Epoch 25/50 - Train Loss: 0.5374 - Train Metric: 0.7978
Epoch 25/50 - Val Metric: 0.8065
Epoch 26/50 - Train Loss: 0.5321 - Train Metric: 0.8024
Epoch 26/50 - Val Metric: 0.8082
Epoch 27/50 - Train Loss: 0.5370 - Train Metric: 0.7980
Epoch 27/50 - Val Metric: 0.8088
Epoch 28/50 - Train Loss: 0.5345 - Train Metric: 0.8011
Epoch 28/50 - Val Metric: 0.8084
Epoch 29/50 - Train Loss: 0.5267 - Train Metric: 0.8083
Epoch 29/50 - Val Metric: 0.8102
Epoch 30/50 - Train Loss: 0.5357 - Train Metric: 0.7984
Epoch 30/50 - Val Metric: 0.8088
Epoch 31/50 - Train Loss: 0.5331 - Train Metric: 0.8012
Epoch 31/50 - Val Metric: 0.8106
Epoch 32/50 - Train Loss: 0.5381 - Train Metric: 0.7958
Epoch 32/50 - Val Metric: 0.8102
Epoch 33/50 - Train Loss: 0.5417 - Train Metric: 0.7901
Epoch 33/50 - Val Metric: 0.8105
Epoch 34/50 - Train Loss: 0.5343 - Train Metric: 0.7998
Epoch 34/50 - Val Metric: 0.8115
Epoch 35/50 - Train Loss: 0.5278 - Train Metric: 0.8067
Epoch 35/50 - Val Metric: 0.8120
Epoch 36/50 - Train Loss: 0.5318 - Train Metric: 0.8016
Epoch 36/50 - Val Metric: 0.8115
Epoch 37/50 - Train Loss: 0.5344 - Train Metric: 0.7973
Epoch 37/50 - Val Metric: 0.8114
Epoch 38/50 - Train Loss: 0.5289 - Train Metric: 0.8034
Epoch 38/50 - Val Metric: 0.8124
Epoch 39/50 - Train Loss: 0.5236 - Train Metric: 0.8104
Epoch 39/50 - Val Metric: 0.8129
Epoch 40/50 - Train Loss: 0.5227 - Train Metric: 0.8111
Epoch 40/50 - Val Metric: 0.8153
Epoch 41/50 - Train Loss: 0.5360 - Train Metric: 0.7963
Epoch 41/50 - Val Metric: 0.8120
Epoch 42/50 - Train Loss: 0.5367 - Train Metric: 0.7943
Epoch 42/50 - Val Metric: 0.8115
Epoch 43/50 - Train Loss: 0.5334 - Train Metric: 0.8008
Epoch 43/50 - Val Metric: 0.8137
Epoch 44/50 - Train Loss: 0.5269 - Train Metric: 0.8056
Epoch 44/50 - Val Metric: 0.8147
Epoch 45/50 - Train Loss: 0.5259 - Train Metric: 0.8079
Epoch 45/50 - Val Metric: 0.8128
Epoch 46/50 - Train Loss: 0.5357 - Train Metric: 0.7962
Epoch 46/50 - Val Metric: 0.8154
Epoch 47/50 - Train Loss: 0.5232 - Train Metric: 0.8103
Epoch 47/50 - Val Metric: 0.8145
Epoch 48/50 - Train Loss: 0.5271 - Train Metric: 0.8049
Epoch 48/50 - Val Metric: 0.8169
Epoch 49/50 - Train Loss: 0.5265 - Train Metric: 0.8078
Epoch 49/50 - Val Metric: 0.8138
Epoch 50/50 - Train Loss: 0.5323 - Train Metric: 0.8009
Epoch 50/50 - Val Metric: 0.8137
Best val: 0.8169, Best test: 0.8143
Training set has 13371 instances
Validation set has 1671 instances
Test set has 1672 instances
Epoch 1/50 - Train Loss: 0.6958 - Train Metric: 0.4987
Epoch 1/50 - Val Metric: 0.6449
Epoch 2/50 - Train Loss: 0.6895 - Train Metric: 0.5382
Epoch 2/50 - Val Metric: 0.6462
Epoch 3/50 - Train Loss: 0.6410 - Train Metric: 0.6739
Epoch 3/50 - Val Metric: 0.7794
Epoch 4/50 - Train Loss: 0.5583 - Train Metric: 0.7732
Epoch 4/50 - Val Metric: 0.7961
Epoch 5/50 - Train Loss: 0.5354 - Train Metric: 0.7984
Epoch 5/50 - Val Metric: 0.7981
Epoch 6/50 - Train Loss: 0.5301 - Train Metric: 0.8033
Epoch 6/50 - Val Metric: 0.7961
Epoch 7/50 - Train Loss: 0.5306 - Train Metric: 0.8034
Epoch 7/50 - Val Metric: 0.7978
Epoch 8/50 - Train Loss: 0.5261 - Train Metric: 0.8073
Epoch 8/50 - Val Metric: 0.8005
Epoch 9/50 - Train Loss: 0.5221 - Train Metric: 0.8115
Epoch 9/50 - Val Metric: 0.7945
Epoch 10/50 - Train Loss: 0.5182 - Train Metric: 0.8145
Epoch 10/50 - Val Metric: 0.7973
Epoch 11/50 - Train Loss: 0.5178 - Train Metric: 0.8152
Epoch 11/50 - Val Metric: 0.7982
Epoch 12/50 - Train Loss: 0.5185 - Train Metric: 0.8146
Epoch 12/50 - Val Metric: 0.7965
Epoch 13/50 - Train Loss: 0.5165 - Train Metric: 0.8162
Epoch 13/50 - Val Metric: 0.7970
Epoch 14/50 - Train Loss: 0.5151 - Train Metric: 0.8178
Epoch 14/50 - Val Metric: 0.7976
Epoch 15/50 - Train Loss: 0.5179 - Train Metric: 0.8143
Epoch 15/50 - Val Metric: 0.7971
Epoch 16/50 - Train Loss: 0.5146 - Train Metric: 0.8184
Epoch 16/50 - Val Metric: 0.7975
Epoch 17/50 - Train Loss: 0.5159 - Train Metric: 0.8175
Epoch 17/50 - Val Metric: 0.7970
Epoch 18/50 - Train Loss: 0.5138 - Train Metric: 0.8192
Epoch 18/50 - Val Metric: 0.7969
Epoch 19/50 - Train Loss: 0.5146 - Train Metric: 0.8185
Epoch 19/50 - Val Metric: 0.7970
Epoch 20/50 - Train Loss: 0.5143 - Train Metric: 0.8192
Epoch 20/50 - Val Metric: 0.7975
Epoch 21/50 - Train Loss: 0.5148 - Train Metric: 0.8181
Epoch 21/50 - Val Metric: 0.7965
Epoch 22/50 - Train Loss: 0.5118 - Train Metric: 0.8215
Epoch 22/50 - Val Metric: 0.7963
Epoch 23/50 - Train Loss: 0.5141 - Train Metric: 0.8189
Epoch 23/50 - Val Metric: 0.7977
Epoch 24/50 - Train Loss: 0.5110 - Train Metric: 0.8218
Epoch 24/50 - Val Metric: 0.7976
Epoch 25/50 - Train Loss: 0.5121 - Train Metric: 0.8205
Epoch 25/50 - Val Metric: 0.7975
Epoch 26/50 - Train Loss: 0.5116 - Train Metric: 0.8212
Epoch 26/50 - Val Metric: 0.7978
Epoch 27/50 - Train Loss: 0.5119 - Train Metric: 0.8208
Epoch 27/50 - Val Metric: 0.7977
Epoch 28/50 - Train Loss: 0.5118 - Train Metric: 0.8204
Epoch 28/50 - Val Metric: 0.7975
Epoch 29/50 - Train Loss: 0.5145 - Train Metric: 0.8183
Epoch 29/50 - Val Metric: 0.7975
Epoch 30/50 - Train Loss: 0.5119 - Train Metric: 0.8209
Epoch 30/50 - Val Metric: 0.7976
Epoch 31/50 - Train Loss: 0.5110 - Train Metric: 0.8220
Epoch 31/50 - Val Metric: 0.7973
Epoch 32/50 - Train Loss: 0.5113 - Train Metric: 0.8212
Epoch 32/50 - Val Metric: 0.7973
Epoch 33/50 - Train Loss: 0.5112 - Train Metric: 0.8218
Epoch 33/50 - Val Metric: 0.7974
Epoch 34/50 - Train Loss: 0.5099 - Train Metric: 0.8222
Epoch 34/50 - Val Metric: 0.7972
Epoch 35/50 - Train Loss: 0.5107 - Train Metric: 0.8224
Epoch 35/50 - Val Metric: 0.7977
Epoch 36/50 - Train Loss: 0.5122 - Train Metric: 0.8200
Epoch 36/50 - Val Metric: 0.7974
Epoch 37/50 - Train Loss: 0.5121 - Train Metric: 0.8211
Epoch 37/50 - Val Metric: 0.7976
Epoch 38/50 - Train Loss: 0.5099 - Train Metric: 0.8234
Epoch 38/50 - Val Metric: 0.7974
Epoch 39/50 - Train Loss: 0.5110 - Train Metric: 0.8216
Epoch 39/50 - Val Metric: 0.7974
Epoch 40/50 - Train Loss: 0.5118 - Train Metric: 0.8208
Epoch 40/50 - Val Metric: 0.7973
Epoch 41/50 - Train Loss: 0.5107 - Train Metric: 0.8219
Epoch 41/50 - Val Metric: 0.7973
Epoch 42/50 - Train Loss: 0.5112 - Train Metric: 0.8213
Epoch 42/50 - Val Metric: 0.7974
Epoch 43/50 - Train Loss: 0.5109 - Train Metric: 0.8222
Epoch 43/50 - Val Metric: 0.7973
Epoch 44/50 - Train Loss: 0.5121 - Train Metric: 0.8210
Epoch 44/50 - Val Metric: 0.7973
Epoch 45/50 - Train Loss: 0.5119 - Train Metric: 0.8207
Epoch 45/50 - Val Metric: 0.7972
Epoch 46/50 - Train Loss: 0.5117 - Train Metric: 0.8211
Epoch 46/50 - Val Metric: 0.7974
Epoch 47/50 - Train Loss: 0.5104 - Train Metric: 0.8221
Epoch 47/50 - Val Metric: 0.7975
Epoch 48/50 - Train Loss: 0.5112 - Train Metric: 0.8216
Epoch 48/50 - Val Metric: 0.7975
Epoch 49/50 - Train Loss: 0.5098 - Train Metric: 0.8224
Epoch 49/50 - Val Metric: 0.7973
Epoch 50/50 - Train Loss: 0.5117 - Train Metric: 0.8209
Epoch 50/50 - Val Metric: 0.7975
Best val: 0.8005, Best test: 0.8191
Training set has 13371 instances
Validation set has 1671 instances
Test set has 1672 instances
Epoch 1/50 - Train Loss: 0.7092 - Train Metric: 0.4949
Epoch 1/50 - Val Metric: 0.6822
Epoch 2/50 - Train Loss: 0.6973 - Train Metric: 0.5024
Epoch 2/50 - Val Metric: 0.6787
Epoch 3/50 - Train Loss: 0.6954 - Train Metric: 0.4954
Epoch 3/50 - Val Metric: 0.6681
Epoch 4/50 - Train Loss: 0.6951 - Train Metric: 0.5027
Epoch 4/50 - Val Metric: 0.6654
Epoch 5/50 - Train Loss: 0.6953 - Train Metric: 0.4989
Epoch 5/50 - Val Metric: 0.6627
Epoch 6/50 - Train Loss: 0.6945 - Train Metric: 0.5111
Epoch 6/50 - Val Metric: 0.6642
Epoch 7/50 - Train Loss: 0.6947 - Train Metric: 0.5023
Epoch 7/50 - Val Metric: 0.6646
Epoch 8/50 - Train Loss: 0.6935 - Train Metric: 0.5072
Epoch 8/50 - Val Metric: 0.6613
Epoch 9/50 - Train Loss: 0.6946 - Train Metric: 0.5012
Epoch 9/50 - Val Metric: 0.6655
Epoch 10/50 - Train Loss: 0.6937 - Train Metric: 0.5047
Epoch 10/50 - Val Metric: 0.6621
Epoch 11/50 - Train Loss: 0.6937 - Train Metric: 0.5002
Epoch 11/50 - Val Metric: 0.6645
Epoch 12/50 - Train Loss: 0.6940 - Train Metric: 0.4966
Epoch 12/50 - Val Metric: 0.6639
Epoch 13/50 - Train Loss: 0.6945 - Train Metric: 0.4902
Epoch 13/50 - Val Metric: 0.6641
Epoch 14/50 - Train Loss: 0.6940 - Train Metric: 0.5004
Epoch 14/50 - Val Metric: 0.6635
Epoch 15/50 - Train Loss: 0.6937 - Train Metric: 0.5037
Epoch 15/50 - Val Metric: 0.6631
Epoch 16/50 - Train Loss: 0.6927 - Train Metric: 0.5163
Epoch 16/50 - Val Metric: 0.6617
Epoch 17/50 - Train Loss: 0.6848 - Train Metric: 0.5794
Epoch 17/50 - Val Metric: 0.6542
Epoch 18/50 - Train Loss: 0.6663 - Train Metric: 0.6288
Epoch 18/50 - Val Metric: 0.6626
Epoch 19/50 - Train Loss: 0.6558 - Train Metric: 0.6509
Epoch 19/50 - Val Metric: 0.6799
Epoch 20/50 - Train Loss: 0.6516 - Train Metric: 0.6607
Epoch 20/50 - Val Metric: 0.6948
Epoch 21/50 - Train Loss: 0.6441 - Train Metric: 0.6738
Epoch 21/50 - Val Metric: 0.7094
Epoch 22/50 - Train Loss: 0.6270 - Train Metric: 0.7002
Epoch 22/50 - Val Metric: 0.7358
Epoch 23/50 - Train Loss: 0.6129 - Train Metric: 0.7181
Epoch 23/50 - Val Metric: 0.7599
Epoch 24/50 - Train Loss: 0.5892 - Train Metric: 0.7441
Epoch 24/50 - Val Metric: 0.7742
Epoch 25/50 - Train Loss: 0.5821 - Train Metric: 0.7502
Epoch 25/50 - Val Metric: 0.7775
Epoch 26/50 - Train Loss: 0.5768 - Train Metric: 0.7563
Epoch 26/50 - Val Metric: 0.7817
Epoch 27/50 - Train Loss: 0.5691 - Train Metric: 0.7646
Epoch 27/50 - Val Metric: 0.7785
Epoch 28/50 - Train Loss: 0.5675 - Train Metric: 0.7659
Epoch 28/50 - Val Metric: 0.7818
Epoch 29/50 - Train Loss: 0.5649 - Train Metric: 0.7690
Epoch 29/50 - Val Metric: 0.7851
Epoch 30/50 - Train Loss: 0.5613 - Train Metric: 0.7728
Epoch 30/50 - Val Metric: 0.7806
Epoch 31/50 - Train Loss: 0.5593 - Train Metric: 0.7742
Epoch 31/50 - Val Metric: 0.7850
Epoch 32/50 - Train Loss: 0.5593 - Train Metric: 0.7749
Epoch 32/50 - Val Metric: 0.7883
Epoch 33/50 - Train Loss: 0.5565 - Train Metric: 0.7777
Epoch 33/50 - Val Metric: 0.7820
Epoch 34/50 - Train Loss: 0.5573 - Train Metric: 0.7771
Epoch 34/50 - Val Metric: 0.7932
Epoch 35/50 - Train Loss: 0.5573 - Train Metric: 0.7756
Epoch 35/50 - Val Metric: 0.7865
Epoch 36/50 - Train Loss: 0.5533 - Train Metric: 0.7810
Epoch 36/50 - Val Metric: 0.7860
Epoch 37/50 - Train Loss: 0.5543 - Train Metric: 0.7803
Epoch 37/50 - Val Metric: 0.7883
Epoch 38/50 - Train Loss: 0.5525 - Train Metric: 0.7822
Epoch 38/50 - Val Metric: 0.7901
Epoch 39/50 - Train Loss: 0.5527 - Train Metric: 0.7822
Epoch 39/50 - Val Metric: 0.7888
Epoch 40/50 - Train Loss: 0.5543 - Train Metric: 0.7798
Epoch 40/50 - Val Metric: 0.7921
Epoch 41/50 - Train Loss: 0.5531 - Train Metric: 0.7809
Epoch 41/50 - Val Metric: 0.7932
Epoch 42/50 - Train Loss: 0.5521 - Train Metric: 0.7823
Epoch 42/50 - Val Metric: 0.7918
Epoch 43/50 - Train Loss: 0.5517 - Train Metric: 0.7824
Epoch 43/50 - Val Metric: 0.7896
Epoch 44/50 - Train Loss: 0.5519 - Train Metric: 0.7830
Epoch 44/50 - Val Metric: 0.7847
Epoch 45/50 - Train Loss: 0.5506 - Train Metric: 0.7827
Epoch 45/50 - Val Metric: 0.7901
Epoch 46/50 - Train Loss: 0.5509 - Train Metric: 0.7843
Epoch 46/50 - Val Metric: 0.7870
Epoch 47/50 - Train Loss: 0.5486 - Train Metric: 0.7859
Epoch 47/50 - Val Metric: 0.7885
Epoch 48/50 - Train Loss: 0.5488 - Train Metric: 0.7855
Epoch 48/50 - Val Metric: 0.7884
Epoch 49/50 - Train Loss: 0.5485 - Train Metric: 0.7858
Epoch 49/50 - Val Metric: 0.7881
Epoch 50/50 - Train Loss: 0.5487 - Train Metric: 0.7856
Epoch 50/50 - Val Metric: 0.7841
Best val: 0.7932, Best test: 0.8015
Training set has 13371 instances
Validation set has 1671 instances
Test set has 1672 instances
Epoch 1/50 - Train Loss: 0.7576 - Train Metric: 0.4961
Epoch 1/50 - Val Metric: 0.5890
Epoch 2/50 - Train Loss: 0.6959 - Train Metric: 0.5004
Epoch 2/50 - Val Metric: 0.5667
Epoch 3/50 - Train Loss: 0.6950 - Train Metric: 0.4989
Epoch 3/50 - Val Metric: 0.5791
Epoch 4/50 - Train Loss: 0.6951 - Train Metric: 0.5024
Epoch 4/50 - Val Metric: 0.5767
Epoch 5/50 - Train Loss: 0.6969 - Train Metric: 0.4962
Epoch 5/50 - Val Metric: 0.5814
Epoch 6/50 - Train Loss: 0.6988 - Train Metric: 0.5051
Epoch 6/50 - Val Metric: 0.5784
Epoch 7/50 - Train Loss: 0.6950 - Train Metric: 0.5012
Epoch 7/50 - Val Metric: 0.5759
Epoch 8/50 - Train Loss: 0.6972 - Train Metric: 0.5067
Epoch 8/50 - Val Metric: 0.5764
Epoch 9/50 - Train Loss: 0.6947 - Train Metric: 0.4988
Epoch 9/50 - Val Metric: 0.5790
Epoch 10/50 - Train Loss: 0.6965 - Train Metric: 0.5014
Epoch 10/50 - Val Metric: 0.5787
Epoch 11/50 - Train Loss: 0.6950 - Train Metric: 0.5075
Epoch 11/50 - Val Metric: 0.5803
Epoch 12/50 - Train Loss: 0.6942 - Train Metric: 0.5013
Epoch 12/50 - Val Metric: 0.5771
Epoch 13/50 - Train Loss: 0.6941 - Train Metric: 0.5003
Epoch 13/50 - Val Metric: 0.5804
Epoch 14/50 - Train Loss: 0.6955 - Train Metric: 0.5085
Epoch 14/50 - Val Metric: 0.5828
Epoch 15/50 - Train Loss: 0.6944 - Train Metric: 0.5026
Epoch 15/50 - Val Metric: 0.5779
Epoch 16/50 - Train Loss: 0.6937 - Train Metric: 0.5021
Epoch 16/50 - Val Metric: 0.5786
Epoch 17/50 - Train Loss: 0.6941 - Train Metric: 0.4968
Epoch 17/50 - Val Metric: 0.5803
Epoch 18/50 - Train Loss: 0.6939 - Train Metric: 0.5051
Epoch 18/50 - Val Metric: 0.5812
Epoch 19/50 - Train Loss: 0.6936 - Train Metric: 0.4953
Epoch 19/50 - Val Metric: 0.5775
Epoch 20/50 - Train Loss: 0.6934 - Train Metric: 0.5041
Epoch 20/50 - Val Metric: 0.5810
Epoch 21/50 - Train Loss: 0.6937 - Train Metric: 0.5030
Epoch 21/50 - Val Metric: 0.5974
Epoch 22/50 - Train Loss: 0.6944 - Train Metric: 0.4913
Epoch 22/50 - Val Metric: 0.5813
Epoch 23/50 - Train Loss: 0.6934 - Train Metric: 0.5008
Epoch 23/50 - Val Metric: 0.5808
Epoch 24/50 - Train Loss: 0.6944 - Train Metric: 0.4977
Epoch 24/50 - Val Metric: 0.5802
Epoch 25/50 - Train Loss: 0.6940 - Train Metric: 0.5023
Epoch 25/50 - Val Metric: 0.5797
Epoch 26/50 - Train Loss: 0.6940 - Train Metric: 0.5024
Epoch 26/50 - Val Metric: 0.5792
Epoch 27/50 - Train Loss: 0.6938 - Train Metric: 0.4964
Epoch 27/50 - Val Metric: 0.5702
Epoch 28/50 - Train Loss: 0.6940 - Train Metric: 0.4981
Epoch 28/50 - Val Metric: 0.5864
Epoch 29/50 - Train Loss: 0.6949 - Train Metric: 0.5010
Epoch 29/50 - Val Metric: 0.5807
Epoch 30/50 - Train Loss: 0.6940 - Train Metric: 0.4963
Epoch 30/50 - Val Metric: 0.5809
Epoch 31/50 - Train Loss: 0.6940 - Train Metric: 0.5085
Epoch 31/50 - Val Metric: 0.5800
Epoch 32/50 - Train Loss: 0.6937 - Train Metric: 0.5010
Epoch 32/50 - Val Metric: 0.5831
Epoch 33/50 - Train Loss: 0.6934 - Train Metric: 0.5080
Epoch 33/50 - Val Metric: 0.5790
Epoch 34/50 - Train Loss: 0.6932 - Train Metric: 0.4947
Epoch 34/50 - Val Metric: 0.5796
Epoch 35/50 - Train Loss: 0.6934 - Train Metric: 0.5041
Epoch 35/50 - Val Metric: 0.5809
Epoch 36/50 - Train Loss: 0.6935 - Train Metric: 0.5025
Epoch 36/50 - Val Metric: 0.5824
Epoch 37/50 - Train Loss: 0.6934 - Train Metric: 0.4930
Epoch 37/50 - Val Metric: 0.5810
Epoch 38/50 - Train Loss: 0.6939 - Train Metric: 0.4985
Epoch 38/50 - Val Metric: 0.5958
Epoch 39/50 - Train Loss: 0.6933 - Train Metric: 0.5015
Epoch 39/50 - Val Metric: 0.5813
Epoch 40/50 - Train Loss: 0.6935 - Train Metric: 0.5012
Epoch 40/50 - Val Metric: 0.5808
Epoch 41/50 - Train Loss: 0.6938 - Train Metric: 0.4948
Epoch 41/50 - Val Metric: 0.5803
Epoch 42/50 - Train Loss: 0.6932 - Train Metric: 0.5031
Epoch 42/50 - Val Metric: 0.5832
Epoch 43/50 - Train Loss: 0.6935 - Train Metric: 0.5062
Epoch 43/50 - Val Metric: 0.5807
Epoch 44/50 - Train Loss: 0.6937 - Train Metric: 0.4952
Epoch 44/50 - Val Metric: 0.5821
Epoch 45/50 - Train Loss: 0.6939 - Train Metric: 0.4941
Epoch 45/50 - Val Metric: 0.5805
Epoch 46/50 - Train Loss: 0.6937 - Train Metric: 0.5076
Epoch 46/50 - Val Metric: 0.5821
Epoch 47/50 - Train Loss: 0.6933 - Train Metric: 0.4917
Epoch 47/50 - Val Metric: 0.5836
Epoch 48/50 - Train Loss: 0.6938 - Train Metric: 0.4996
Epoch 48/50 - Val Metric: 0.5826
Epoch 49/50 - Train Loss: 0.6935 - Train Metric: 0.5028
Epoch 49/50 - Val Metric: 0.5818
Epoch 50/50 - Train Loss: 0.6938 - Train Metric: 0.4944
Epoch 50/50 - Val Metric: 0.5847
Best val: 0.5974, Best test: 0.6073
Training set has 13371 instances
Validation set has 1671 instances
Test set has 1672 instances
Epoch 1/50 - Train Loss: 0.6980 - Train Metric: 0.5025
Epoch 1/50 - Val Metric: 0.5202
Epoch 2/50 - Train Loss: 0.6947 - Train Metric: 0.5137
Epoch 2/50 - Val Metric: 0.6164
Epoch 3/50 - Train Loss: 0.6962 - Train Metric: 0.4971
Epoch 3/50 - Val Metric: 0.6216
Epoch 4/50 - Train Loss: 0.6936 - Train Metric: 0.5172
Epoch 4/50 - Val Metric: 0.6508
Epoch 5/50 - Train Loss: 0.6956 - Train Metric: 0.4997
Epoch 5/50 - Val Metric: 0.5922
Epoch 6/50 - Train Loss: 0.6932 - Train Metric: 0.5200
Epoch 6/50 - Val Metric: 0.5909
Epoch 7/50 - Train Loss: 0.6914 - Train Metric: 0.5337
Epoch 7/50 - Val Metric: 0.6543
Epoch 8/50 - Train Loss: 0.6877 - Train Metric: 0.5569
Epoch 8/50 - Val Metric: 0.6546
Epoch 9/50 - Train Loss: 0.6812 - Train Metric: 0.5860
Epoch 9/50 - Val Metric: 0.6576
Epoch 10/50 - Train Loss: 0.6720 - Train Metric: 0.6160
Epoch 10/50 - Val Metric: 0.6609
Epoch 11/50 - Train Loss: 0.6686 - Train Metric: 0.6251
Epoch 11/50 - Val Metric: 0.6637
Epoch 12/50 - Train Loss: 0.6616 - Train Metric: 0.6423
Epoch 12/50 - Val Metric: 0.6668
Epoch 13/50 - Train Loss: 0.6608 - Train Metric: 0.6427
Epoch 13/50 - Val Metric: 0.6702
Epoch 14/50 - Train Loss: 0.6577 - Train Metric: 0.6494
Epoch 14/50 - Val Metric: 0.6730
Epoch 15/50 - Train Loss: 0.6562 - Train Metric: 0.6538
Epoch 15/50 - Val Metric: 0.6760
Epoch 16/50 - Train Loss: 0.6508 - Train Metric: 0.6636
Epoch 16/50 - Val Metric: 0.6794
Epoch 17/50 - Train Loss: 0.6508 - Train Metric: 0.6627
Epoch 17/50 - Val Metric: 0.6816
Epoch 18/50 - Train Loss: 0.6512 - Train Metric: 0.6636
Epoch 18/50 - Val Metric: 0.6849
Epoch 19/50 - Train Loss: 0.6496 - Train Metric: 0.6657
Epoch 19/50 - Val Metric: 0.6873
Epoch 20/50 - Train Loss: 0.6473 - Train Metric: 0.6712
Epoch 20/50 - Val Metric: 0.6904
Epoch 21/50 - Train Loss: 0.6454 - Train Metric: 0.6733
Epoch 21/50 - Val Metric: 0.6924
Epoch 22/50 - Train Loss: 0.6426 - Train Metric: 0.6783
Epoch 22/50 - Val Metric: 0.6953
Epoch 23/50 - Train Loss: 0.6421 - Train Metric: 0.6792
Epoch 23/50 - Val Metric: 0.6972
Epoch 24/50 - Train Loss: 0.6435 - Train Metric: 0.6774
Epoch 24/50 - Val Metric: 0.6995
Epoch 25/50 - Train Loss: 0.6435 - Train Metric: 0.6772
Epoch 25/50 - Val Metric: 0.7017
Epoch 26/50 - Train Loss: 0.6412 - Train Metric: 0.6810
Epoch 26/50 - Val Metric: 0.7038
Epoch 27/50 - Train Loss: 0.6396 - Train Metric: 0.6843
Epoch 27/50 - Val Metric: 0.7050
Epoch 28/50 - Train Loss: 0.6400 - Train Metric: 0.6837
Epoch 28/50 - Val Metric: 0.7065
Epoch 29/50 - Train Loss: 0.6389 - Train Metric: 0.6854
Epoch 29/50 - Val Metric: 0.7078
Epoch 30/50 - Train Loss: 0.6354 - Train Metric: 0.6905
Epoch 30/50 - Val Metric: 0.7093
Epoch 31/50 - Train Loss: 0.6378 - Train Metric: 0.6865
Epoch 31/50 - Val Metric: 0.7104
Epoch 32/50 - Train Loss: 0.6382 - Train Metric: 0.6860
Epoch 32/50 - Val Metric: 0.7118
Epoch 33/50 - Train Loss: 0.6365 - Train Metric: 0.6886
Epoch 33/50 - Val Metric: 0.7128
Epoch 34/50 - Train Loss: 0.6366 - Train Metric: 0.6885
Epoch 34/50 - Val Metric: 0.7131
Epoch 35/50 - Train Loss: 0.6343 - Train Metric: 0.6923
Epoch 35/50 - Val Metric: 0.7145
Epoch 36/50 - Train Loss: 0.6348 - Train Metric: 0.6911
Epoch 36/50 - Val Metric: 0.7151
Epoch 37/50 - Train Loss: 0.6331 - Train Metric: 0.6944
Epoch 37/50 - Val Metric: 0.7158
Epoch 38/50 - Train Loss: 0.6340 - Train Metric: 0.6930
Epoch 38/50 - Val Metric: 0.7164
Epoch 39/50 - Train Loss: 0.6325 - Train Metric: 0.6955
Epoch 39/50 - Val Metric: 0.7174
Epoch 40/50 - Train Loss: 0.6330 - Train Metric: 0.6939
Epoch 40/50 - Val Metric: 0.7177
Epoch 41/50 - Train Loss: 0.6323 - Train Metric: 0.6960
Epoch 41/50 - Val Metric: 0.7182
Epoch 42/50 - Train Loss: 0.6336 - Train Metric: 0.6937
Epoch 42/50 - Val Metric: 0.7188
Epoch 43/50 - Train Loss: 0.6305 - Train Metric: 0.6984
Epoch 43/50 - Val Metric: 0.7190
Epoch 44/50 - Train Loss: 0.6313 - Train Metric: 0.6967
Epoch 44/50 - Val Metric: 0.7195
Epoch 45/50 - Train Loss: 0.6320 - Train Metric: 0.6957
Epoch 45/50 - Val Metric: 0.7197
Epoch 46/50 - Train Loss: 0.6331 - Train Metric: 0.6936
Epoch 46/50 - Val Metric: 0.7201
Epoch 47/50 - Train Loss: 0.6301 - Train Metric: 0.6990
Epoch 47/50 - Val Metric: 0.7202
Epoch 48/50 - Train Loss: 0.6332 - Train Metric: 0.6937
Epoch 48/50 - Val Metric: 0.7203
Epoch 49/50 - Train Loss: 0.6308 - Train Metric: 0.6982
Epoch 49/50 - Val Metric: 0.7208
Epoch 50/50 - Train Loss: 0.6290 - Train Metric: 0.7008
Epoch 50/50 - Val Metric: 0.7208
Best val: 0.7208, Best test: 0.7140
Training set has 13371 instances
Validation set has 1671 instances
Test set has 1672 instances
Epoch 1/50 - Train Loss: 0.6989 - Train Metric: 0.4905
Epoch 1/50 - Val Metric: 0.6904
Epoch 2/50 - Train Loss: 0.6961 - Train Metric: 0.5029
Epoch 2/50 - Val Metric: 0.6809
Epoch 3/50 - Train Loss: 0.6791 - Train Metric: 0.5920
Epoch 3/50 - Val Metric: 0.7222
Epoch 4/50 - Train Loss: 0.5912 - Train Metric: 0.7425
Epoch 4/50 - Val Metric: 0.8167
Epoch 5/50 - Train Loss: 0.5550 - Train Metric: 0.7771
Epoch 5/50 - Val Metric: 0.8251
Epoch 6/50 - Train Loss: 0.5419 - Train Metric: 0.7932
Epoch 6/50 - Val Metric: 0.8332
Epoch 7/50 - Train Loss: 0.5387 - Train Metric: 0.7963
Epoch 7/50 - Val Metric: 0.8410
Epoch 8/50 - Train Loss: 0.5371 - Train Metric: 0.7966
Epoch 8/50 - Val Metric: 0.8408
Epoch 9/50 - Train Loss: 0.5274 - Train Metric: 0.8077
Epoch 9/50 - Val Metric: 0.8430
Epoch 10/50 - Train Loss: 0.5288 - Train Metric: 0.8056
Epoch 10/50 - Val Metric: 0.8439
Epoch 11/50 - Train Loss: 0.5277 - Train Metric: 0.8062
Epoch 11/50 - Val Metric: 0.8431
Epoch 12/50 - Train Loss: 0.5278 - Train Metric: 0.8071
Epoch 12/50 - Val Metric: 0.8438
Epoch 13/50 - Train Loss: 0.5285 - Train Metric: 0.8063
Epoch 13/50 - Val Metric: 0.8452
Epoch 14/50 - Train Loss: 0.5273 - Train Metric: 0.8065
Epoch 14/50 - Val Metric: 0.8401
Epoch 15/50 - Train Loss: 0.5276 - Train Metric: 0.8074
Epoch 15/50 - Val Metric: 0.8400
Epoch 16/50 - Train Loss: 0.5268 - Train Metric: 0.8087
Epoch 16/50 - Val Metric: 0.8419
Epoch 17/50 - Train Loss: 0.5256 - Train Metric: 0.8086
Epoch 17/50 - Val Metric: 0.8435
Epoch 18/50 - Train Loss: 0.5263 - Train Metric: 0.8076
Epoch 18/50 - Val Metric: 0.8409
Epoch 19/50 - Train Loss: 0.5271 - Train Metric: 0.8062
Epoch 19/50 - Val Metric: 0.8400
Epoch 20/50 - Train Loss: 0.5238 - Train Metric: 0.8102
Epoch 20/50 - Val Metric: 0.8403
Epoch 21/50 - Train Loss: 0.5293 - Train Metric: 0.8042
Epoch 21/50 - Val Metric: 0.8400
Epoch 22/50 - Train Loss: 0.5267 - Train Metric: 0.8088
Epoch 22/50 - Val Metric: 0.8441
Epoch 23/50 - Train Loss: 0.5269 - Train Metric: 0.8064
Epoch 23/50 - Val Metric: 0.8437
Epoch 24/50 - Train Loss: 0.5365 - Train Metric: 0.7966
Epoch 24/50 - Val Metric: 0.8467
Epoch 25/50 - Train Loss: 0.5259 - Train Metric: 0.8098
Epoch 25/50 - Val Metric: 0.8442
Epoch 26/50 - Train Loss: 0.5256 - Train Metric: 0.8083
Epoch 26/50 - Val Metric: 0.8448
Epoch 27/50 - Train Loss: 0.5227 - Train Metric: 0.8114
Epoch 27/50 - Val Metric: 0.8406
Epoch 28/50 - Train Loss: 0.5232 - Train Metric: 0.8120
Epoch 28/50 - Val Metric: 0.8451
Epoch 29/50 - Train Loss: 0.5230 - Train Metric: 0.8111
Epoch 29/50 - Val Metric: 0.8435
Epoch 30/50 - Train Loss: 0.5203 - Train Metric: 0.8139
Epoch 30/50 - Val Metric: 0.8415
Epoch 31/50 - Train Loss: 0.5225 - Train Metric: 0.8117
Epoch 31/50 - Val Metric: 0.8430
Epoch 32/50 - Train Loss: 0.5204 - Train Metric: 0.8134
Epoch 32/50 - Val Metric: 0.8460
Epoch 33/50 - Train Loss: 0.5219 - Train Metric: 0.8123
Epoch 33/50 - Val Metric: 0.8451
Epoch 34/50 - Train Loss: 0.5217 - Train Metric: 0.8116
Epoch 34/50 - Val Metric: 0.8459
Epoch 35/50 - Train Loss: 0.5231 - Train Metric: 0.8111
Epoch 35/50 - Val Metric: 0.8450
Epoch 36/50 - Train Loss: 0.5231 - Train Metric: 0.8112
Epoch 36/50 - Val Metric: 0.8457
Epoch 37/50 - Train Loss: 0.5277 - Train Metric: 0.8065
Epoch 37/50 - Val Metric: 0.8456
Epoch 38/50 - Train Loss: 0.5198 - Train Metric: 0.8134
Epoch 38/50 - Val Metric: 0.8453
Epoch 39/50 - Train Loss: 0.5190 - Train Metric: 0.8155
Epoch 39/50 - Val Metric: 0.8463
Epoch 40/50 - Train Loss: 0.5216 - Train Metric: 0.8116
Epoch 40/50 - Val Metric: 0.8446
Epoch 41/50 - Train Loss: 0.5202 - Train Metric: 0.8138
Epoch 41/50 - Val Metric: 0.8445
Epoch 42/50 - Train Loss: 0.5211 - Train Metric: 0.8128
Epoch 42/50 - Val Metric: 0.8452
Epoch 43/50 - Train Loss: 0.5208 - Train Metric: 0.8138
Epoch 43/50 - Val Metric: 0.8441
Epoch 44/50 - Train Loss: 0.5225 - Train Metric: 0.8110
Epoch 44/50 - Val Metric: 0.8447
Epoch 45/50 - Train Loss: 0.5254 - Train Metric: 0.8100
Epoch 45/50 - Val Metric: 0.8444
Epoch 46/50 - Train Loss: 0.5196 - Train Metric: 0.8137
Epoch 46/50 - Val Metric: 0.8440
Epoch 47/50 - Train Loss: 0.5216 - Train Metric: 0.8122
Epoch 47/50 - Val Metric: 0.8448
Epoch 48/50 - Train Loss: 0.5196 - Train Metric: 0.8147
Epoch 48/50 - Val Metric: 0.8455
Epoch 49/50 - Train Loss: 0.5206 - Train Metric: 0.8137
Epoch 49/50 - Val Metric: 0.8447
Epoch 50/50 - Train Loss: 0.5235 - Train Metric: 0.8112
Epoch 50/50 - Val Metric: 0.8456
Best val: 0.8467, Best test: 0.8233
Training set has 13371 instances
Validation set has 1671 instances
Test set has 1672 instances
Epoch 1/50 - Train Loss: 0.6994 - Train Metric: 0.4911
Epoch 1/50 - Val Metric: 0.6544
Epoch 2/50 - Train Loss: 0.6956 - Train Metric: 0.4982
Epoch 2/50 - Val Metric: 0.6508
Training set has 13371 instances
Validation set has 1671 instances
Test set has 1672 instances
Training set has 13371 instances
Validation set has 1671 instances
Test set has 1672 instances
Epoch 1/50 - Train Loss: 0.6981 - Train Metric: 0.5097
Epoch 1/50 - Val Metric: 0.6464
Training set has 13371 instances
Validation set has 1671 instances
Test set has 1672 instances
Epoch 1/50 - Train Loss: 0.6980 - Train Metric: 0.5036
Epoch 1/50 - Val Metric: 0.6583
Epoch 2/50 - Train Loss: 0.6942 - Train Metric: 0.5204
Epoch 2/50 - Val Metric: 0.6601
Epoch 3/50 - Train Loss: 0.6830 - Train Metric: 0.5568
Epoch 3/50 - Val Metric: 0.6652
Epoch 4/50 - Train Loss: 0.6586 - Train Metric: 0.6482
Epoch 4/50 - Val Metric: 0.6927
Epoch 5/50 - Train Loss: 0.6458 - Train Metric: 0.6717
Epoch 5/50 - Val Metric: 0.7224
Epoch 6/50 - Train Loss: 0.6308 - Train Metric: 0.6953
Epoch 6/50 - Val Metric: 0.7621
Epoch 7/50 - Train Loss: 0.5903 - Train Metric: 0.7437
Epoch 7/50 - Val Metric: 0.7892
Epoch 8/50 - Train Loss: 0.5606 - Train Metric: 0.7745
Epoch 8/50 - Val Metric: 0.7992
Epoch 9/50 - Train Loss: 0.5528 - Train Metric: 0.7822
Epoch 9/50 - Val Metric: 0.8044
Epoch 10/50 - Train Loss: 0.5551 - Train Metric: 0.7788
Epoch 10/50 - Val Metric: 0.8062
Epoch 11/50 - Train Loss: 0.5507 - Train Metric: 0.7829
Epoch 11/50 - Val Metric: 0.8078
Epoch 12/50 - Train Loss: 0.5408 - Train Metric: 0.7936
Epoch 12/50 - Val Metric: 0.8088
Epoch 13/50 - Train Loss: 0.5463 - Train Metric: 0.7873
Epoch 13/50 - Val Metric: 0.8106
Epoch 14/50 - Train Loss: 0.5361 - Train Metric: 0.7984
Epoch 14/50 - Val Metric: 0.8133
Epoch 15/50 - Train Loss: 0.5422 - Train Metric: 0.7916
Epoch 15/50 - Val Metric: 0.8119
Epoch 16/50 - Train Loss: 0.5378 - Train Metric: 0.7964
Epoch 16/50 - Val Metric: 0.8158
Epoch 17/50 - Train Loss: 0.5388 - Train Metric: 0.7940
Epoch 17/50 - Val Metric: 0.8161
Epoch 18/50 - Train Loss: 0.5357 - Train Metric: 0.7977
Epoch 18/50 - Val Metric: 0.8174
Epoch 19/50 - Train Loss: 0.5335 - Train Metric: 0.8004
Epoch 19/50 - Val Metric: 0.8169
Epoch 20/50 - Train Loss: 0.5338 - Train Metric: 0.7996
Epoch 20/50 - Val Metric: 0.8170
Epoch 21/50 - Train Loss: 0.5318 - Train Metric: 0.8020
Epoch 21/50 - Val Metric: 0.8176
Epoch 22/50 - Train Loss: 0.5362 - Train Metric: 0.7971
Epoch 22/50 - Val Metric: 0.8163
Epoch 23/50 - Train Loss: 0.5340 - Train Metric: 0.8002
Epoch 23/50 - Val Metric: 0.8193
Epoch 24/50 - Train Loss: 0.5338 - Train Metric: 0.7985
Epoch 24/50 - Val Metric: 0.8186
Epoch 25/50 - Train Loss: 0.5339 - Train Metric: 0.7988
Epoch 25/50 - Val Metric: 0.8193
Epoch 26/50 - Train Loss: 0.5345 - Train Metric: 0.7986
Epoch 26/50 - Val Metric: 0.8194
Epoch 27/50 - Train Loss: 0.5307 - Train Metric: 0.8022
Epoch 27/50 - Val Metric: 0.8166
Epoch 28/50 - Train Loss: 0.5310 - Train Metric: 0.8035
Epoch 28/50 - Val Metric: 0.8200
Epoch 29/50 - Train Loss: 0.5246 - Train Metric: 0.8088
Epoch 29/50 - Val Metric: 0.8198
Epoch 30/50 - Train Loss: 0.5398 - Train Metric: 0.7906
Epoch 30/50 - Val Metric: 0.8196
Epoch 31/50 - Train Loss: 0.5256 - Train Metric: 0.8076
Epoch 31/50 - Val Metric: 0.8198
Epoch 32/50 - Train Loss: 0.5328 - Train Metric: 0.8012
Epoch 32/50 - Val Metric: 0.8191
Epoch 33/50 - Train Loss: 0.5265 - Train Metric: 0.8071
Epoch 33/50 - Val Metric: 0.8193
Epoch 34/50 - Train Loss: 0.5316 - Train Metric: 0.8005
Epoch 34/50 - Val Metric: 0.8189
Epoch 35/50 - Train Loss: 0.5309 - Train Metric: 0.8016
Epoch 35/50 - Val Metric: 0.8196
Epoch 36/50 - Train Loss: 0.5277 - Train Metric: 0.8057
Epoch 36/50 - Val Metric: 0.8201
Epoch 37/50 - Train Loss: 0.5297 - Train Metric: 0.8034
Epoch 37/50 - Val Metric: 0.8196
Epoch 38/50 - Train Loss: 0.5280 - Train Metric: 0.8064
Epoch 38/50 - Val Metric: 0.8206
Epoch 39/50 - Train Loss: 0.5274 - Train Metric: 0.8054
Epoch 39/50 - Val Metric: 0.8199
Epoch 40/50 - Train Loss: 0.5282 - Train Metric: 0.8048
Epoch 40/50 - Val Metric: 0.8203
Epoch 41/50 - Train Loss: 0.5230 - Train Metric: 0.8106
Epoch 41/50 - Val Metric: 0.8200
Epoch 42/50 - Train Loss: 0.5252 - Train Metric: 0.8077
Epoch 42/50 - Val Metric: 0.8200
Epoch 43/50 - Train Loss: 0.5244 - Train Metric: 0.8085
Epoch 43/50 - Val Metric: 0.8202
Epoch 44/50 - Train Loss: 0.5222 - Train Metric: 0.8122
Epoch 44/50 - Val Metric: 0.8208
Epoch 45/50 - Train Loss: 0.5231 - Train Metric: 0.8102
Epoch 45/50 - Val Metric: 0.8196
Epoch 46/50 - Train Loss: 0.5336 - Train Metric: 0.7978
Epoch 46/50 - Val Metric: 0.8206
Epoch 47/50 - Train Loss: 0.5252 - Train Metric: 0.8083
Epoch 47/50 - Val Metric: 0.8196
Epoch 48/50 - Train Loss: 0.5244 - Train Metric: 0.8092
Epoch 48/50 - Val Metric: 0.8208
Epoch 49/50 - Train Loss: 0.5221 - Train Metric: 0.8110
Epoch 49/50 - Val Metric: 0.8210
Epoch 50/50 - Train Loss: 0.5199 - Train Metric: 0.8124
Epoch 50/50 - Val Metric: 0.8202
Best val: 0.8210, Best test: 0.8167
Training set has 13371 instances
Validation set has 1671 instances
Test set has 1672 instances
Epoch 1/50 - Train Loss: 0.7032 - Train Metric: 0.5135
Epoch 1/50 - Val Metric: 0.6699
Epoch 2/50 - Train Loss: 0.6963 - Train Metric: 0.4965
Epoch 2/50 - Val Metric: 0.6698
Epoch 3/50 - Train Loss: 0.6952 - Train Metric: 0.4992
Epoch 3/50 - Val Metric: 0.6656
Epoch 4/50 - Train Loss: 0.6956 - Train Metric: 0.4967
Epoch 4/50 - Val Metric: 0.6511
Epoch 5/50 - Train Loss: 0.6954 - Train Metric: 0.4958
Epoch 5/50 - Val Metric: 0.6667
Training set has 13371 instances
Validation set has 1671 instances
Test set has 1672 instances
Epoch 1/50 - Train Loss: 0.6939 - Train Metric: 0.5021
Epoch 1/50 - Val Metric: 0.6591
Epoch 2/50 - Train Loss: 0.6938 - Train Metric: 0.5104
Epoch 2/50 - Val Metric: 0.6644
Epoch 3/50 - Train Loss: 0.6918 - Train Metric: 0.5274
Epoch 3/50 - Val Metric: 0.6654
Epoch 4/50 - Train Loss: 0.6689 - Train Metric: 0.6233
Epoch 4/50 - Val Metric: 0.6895
Epoch 5/50 - Train Loss: 0.6503 - Train Metric: 0.6642
Epoch 5/50 - Val Metric: 0.7202
Epoch 6/50 - Train Loss: 0.6224 - Train Metric: 0.7092
Epoch 6/50 - Val Metric: 0.7621
Epoch 7/50 - Train Loss: 0.5857 - Train Metric: 0.7496
Epoch 7/50 - Val Metric: 0.7869
Epoch 8/50 - Train Loss: 0.5707 - Train Metric: 0.7654
Epoch 8/50 - Val Metric: 0.7942
Epoch 9/50 - Train Loss: 0.5609 - Train Metric: 0.7747
Epoch 9/50 - Val Metric: 0.7978
Epoch 10/50 - Train Loss: 0.5536 - Train Metric: 0.7828
Epoch 10/50 - Val Metric: 0.8035
Epoch 11/50 - Train Loss: 0.5485 - Train Metric: 0.7877
Epoch 11/50 - Val Metric: 0.8062
Epoch 12/50 - Train Loss: 0.5514 - Train Metric: 0.7852
Epoch 12/50 - Val Metric: 0.8086
Epoch 13/50 - Train Loss: 0.5456 - Train Metric: 0.7906
Epoch 13/50 - Val Metric: 0.8110
Epoch 14/50 - Train Loss: 0.5519 - Train Metric: 0.7836
Epoch 14/50 - Val Metric: 0.8093
Epoch 15/50 - Train Loss: 0.5443 - Train Metric: 0.7921
Epoch 15/50 - Val Metric: 0.8130
Epoch 16/50 - Train Loss: 0.5405 - Train Metric: 0.7958
Epoch 16/50 - Val Metric: 0.8153
Epoch 17/50 - Train Loss: 0.5401 - Train Metric: 0.7966
Epoch 17/50 - Val Metric: 0.8157
Epoch 18/50 - Train Loss: 0.5391 - Train Metric: 0.7963
Epoch 18/50 - Val Metric: 0.8155
Epoch 19/50 - Train Loss: 0.5370 - Train Metric: 0.7991
Epoch 19/50 - Val Metric: 0.8164
Epoch 20/50 - Train Loss: 0.5344 - Train Metric: 0.8012
Epoch 20/50 - Val Metric: 0.8191
Epoch 21/50 - Train Loss: 0.5401 - Train Metric: 0.7944
Epoch 21/50 - Val Metric: 0.8184
Epoch 22/50 - Train Loss: 0.5374 - Train Metric: 0.7967
Epoch 22/50 - Val Metric: 0.8175
Epoch 23/50 - Train Loss: 0.5347 - Train Metric: 0.8006
Epoch 23/50 - Val Metric: 0.8177
Epoch 24/50 - Train Loss: 0.5351 - Train Metric: 0.7997
Epoch 24/50 - Val Metric: 0.8186
Epoch 25/50 - Train Loss: 0.5339 - Train Metric: 0.8025
Epoch 25/50 - Val Metric: 0.8213
Epoch 26/50 - Train Loss: 0.5354 - Train Metric: 0.8003
Epoch 26/50 - Val Metric: 0.8184
Epoch 27/50 - Train Loss: 0.5344 - Train Metric: 0.8007
Epoch 27/50 - Val Metric: 0.8205
Epoch 28/50 - Train Loss: 0.5343 - Train Metric: 0.8008
Epoch 28/50 - Val Metric: 0.8204
Epoch 29/50 - Train Loss: 0.5392 - Train Metric: 0.7951
Epoch 29/50 - Val Metric: 0.8190
Epoch 30/50 - Train Loss: 0.5331 - Train Metric: 0.8022
Epoch 30/50 - Val Metric: 0.8213
Epoch 31/50 - Train Loss: 0.5328 - Train Metric: 0.8024
Epoch 31/50 - Val Metric: 0.8211
Epoch 32/50 - Train Loss: 0.5312 - Train Metric: 0.8026
Epoch 32/50 - Val Metric: 0.8197
Epoch 33/50 - Train Loss: 0.5312 - Train Metric: 0.8032
Epoch 33/50 - Val Metric: 0.8223
Epoch 34/50 - Train Loss: 0.5298 - Train Metric: 0.8060
Epoch 34/50 - Val Metric: 0.8222
Epoch 35/50 - Train Loss: 0.5299 - Train Metric: 0.8043
Epoch 35/50 - Val Metric: 0.8249
Epoch 36/50 - Train Loss: 0.5308 - Train Metric: 0.8035
Epoch 36/50 - Val Metric: 0.8222
Epoch 37/50 - Train Loss: 0.5248 - Train Metric: 0.8103
Epoch 37/50 - Val Metric: 0.8237
Epoch 38/50 - Train Loss: 0.5252 - Train Metric: 0.8084
Epoch 38/50 - Val Metric: 0.8225
Epoch 39/50 - Train Loss: 0.5292 - Train Metric: 0.8054
Epoch 39/50 - Val Metric: 0.8245
Epoch 40/50 - Train Loss: 0.5244 - Train Metric: 0.8096
Epoch 40/50 - Val Metric: 0.8243
Epoch 41/50 - Train Loss: 0.5244 - Train Metric: 0.8103
Epoch 41/50 - Val Metric: 0.8230
Epoch 42/50 - Train Loss: 0.5246 - Train Metric: 0.8097
Epoch 42/50 - Val Metric: 0.8239
Epoch 43/50 - Train Loss: 0.5289 - Train Metric: 0.8048
Epoch 43/50 - Val Metric: 0.8246
Epoch 44/50 - Train Loss: 0.5277 - Train Metric: 0.8066
Epoch 44/50 - Val Metric: 0.8252
Epoch 45/50 - Train Loss: 0.5272 - Train Metric: 0.8065
Epoch 45/50 - Val Metric: 0.8260
Epoch 46/50 - Train Loss: 0.5290 - Train Metric: 0.8048
Epoch 46/50 - Val Metric: 0.8248
Epoch 47/50 - Train Loss: 0.5258 - Train Metric: 0.8078
Epoch 47/50 - Val Metric: 0.8272
Epoch 48/50 - Train Loss: 0.5312 - Train Metric: 0.8037
Epoch 48/50 - Val Metric: 0.8224
Epoch 49/50 - Train Loss: 0.5257 - Train Metric: 0.8080
Epoch 49/50 - Val Metric: 0.8245
Epoch 50/50 - Train Loss: 0.5266 - Train Metric: 0.8078
Epoch 50/50 - Val Metric: 0.8260
Best val: 0.8272, Best test: 0.8123
Training set has 13371 instances
Validation set has 1671 instances
Test set has 1672 instances
Training set has 13371 instances
Validation set has 1671 instances
Test set has 1672 instances
Training set has 13371 instances
Validation set has 1671 instances
Test set has 1672 instances
Training set has 13371 instances
Validation set has 1671 instances
Test set has 1672 instances
Training set has 13371 instances
Validation set has 1671 instances
Test set has 1672 instances
Training set has 13371 instances
Validation set has 1671 instances
Test set has 1672 instances
Training set has 13371 instances
Validation set has 1671 instances
Test set has 1672 instances
Training set has 13371 instances
Validation set has 1671 instances
Test set has 1672 instances
Hyper-parameter search done. Found the best config.
Repeat experiments 5 times with the best train config {'batch_size': 128, 'gamma_rate': 1.0, 'base_lr': 0.001} and model config {'num_heads': 8, 'num_layers': 6, 'num_latents': 4, 'hidden_dim': 32, 'mlp_ratio': 1, 'dropout_prob': 0.2, 'top_k': 1}.
Training set has 13371 instances
Validation set has 1671 instances
Test set has 1672 instances
Epoch 1/50 - Train Loss: 0.6983 - Train Metric: 0.5076
Epoch 1/50 - Val Metric: 0.6466
Epoch 2/50 - Train Loss: 0.6957 - Train Metric: 0.4897
Epoch 2/50 - Val Metric: 0.6470
Epoch 3/50 - Train Loss: 0.6953 - Train Metric: 0.4943
Epoch 3/50 - Val Metric: 0.6482
Epoch 4/50 - Train Loss: 0.6936 - Train Metric: 0.5074
Epoch 4/50 - Val Metric: 0.6465
Epoch 5/50 - Train Loss: 0.6858 - Train Metric: 0.5701
Epoch 5/50 - Val Metric: 0.6278
Epoch 6/50 - Train Loss: 0.6892 - Train Metric: 0.5489
Epoch 6/50 - Val Metric: 0.6313
Epoch 7/50 - Train Loss: 0.6762 - Train Metric: 0.6076
Epoch 7/50 - Val Metric: 0.6679
Epoch 8/50 - Train Loss: 0.6210 - Train Metric: 0.7048
Epoch 8/50 - Val Metric: 0.7714
Epoch 9/50 - Train Loss: 0.5624 - Train Metric: 0.7702
Epoch 9/50 - Val Metric: 0.7996
Epoch 10/50 - Train Loss: 0.5377 - Train Metric: 0.7969
Epoch 10/50 - Val Metric: 0.8084
Epoch 11/50 - Train Loss: 0.5292 - Train Metric: 0.8056
Epoch 11/50 - Val Metric: 0.8088
Epoch 12/50 - Train Loss: 0.5251 - Train Metric: 0.8081
Epoch 12/50 - Val Metric: 0.8120
Epoch 13/50 - Train Loss: 0.5224 - Train Metric: 0.8112
Epoch 13/50 - Val Metric: 0.8088
Epoch 14/50 - Train Loss: 0.5223 - Train Metric: 0.8123
Epoch 14/50 - Val Metric: 0.8124
Epoch 15/50 - Train Loss: 0.5216 - Train Metric: 0.8127
Epoch 15/50 - Val Metric: 0.8137
Epoch 16/50 - Train Loss: 0.5201 - Train Metric: 0.8135
Epoch 16/50 - Val Metric: 0.8073
Epoch 17/50 - Train Loss: 0.5213 - Train Metric: 0.8123
Epoch 17/50 - Val Metric: 0.8133
Epoch 18/50 - Train Loss: 0.5208 - Train Metric: 0.8129
Epoch 18/50 - Val Metric: 0.8152
Epoch 19/50 - Train Loss: 0.5175 - Train Metric: 0.8161
Epoch 19/50 - Val Metric: 0.8152
Epoch 20/50 - Train Loss: 0.5181 - Train Metric: 0.8162
Epoch 20/50 - Val Metric: 0.8149
Epoch 21/50 - Train Loss: 0.5172 - Train Metric: 0.8174
Epoch 21/50 - Val Metric: 0.8143
Epoch 22/50 - Train Loss: 0.5212 - Train Metric: 0.8125
Epoch 22/50 - Val Metric: 0.8140
Epoch 23/50 - Train Loss: 0.5168 - Train Metric: 0.8176
Epoch 23/50 - Val Metric: 0.8154
Epoch 24/50 - Train Loss: 0.5198 - Train Metric: 0.8153
Epoch 24/50 - Val Metric: 0.8146
Epoch 25/50 - Train Loss: 0.5648 - Train Metric: 0.7696
Epoch 25/50 - Val Metric: 0.8111
Epoch 26/50 - Train Loss: 0.5239 - Train Metric: 0.8108
Epoch 26/50 - Val Metric: 0.8131
Epoch 27/50 - Train Loss: 0.5187 - Train Metric: 0.8158
Epoch 27/50 - Val Metric: 0.8144
Epoch 28/50 - Train Loss: 0.5154 - Train Metric: 0.8190
Epoch 28/50 - Val Metric: 0.8157
Epoch 29/50 - Train Loss: 0.5145 - Train Metric: 0.8198
Epoch 29/50 - Val Metric: 0.8159
Epoch 30/50 - Train Loss: 0.5177 - Train Metric: 0.8172
Epoch 30/50 - Val Metric: 0.8153
Epoch 31/50 - Train Loss: 0.5174 - Train Metric: 0.8173
Epoch 31/50 - Val Metric: 0.8148
Epoch 32/50 - Train Loss: 0.5163 - Train Metric: 0.8188
Epoch 32/50 - Val Metric: 0.8148
Epoch 33/50 - Train Loss: 0.5142 - Train Metric: 0.8196
Epoch 33/50 - Val Metric: 0.8153
Epoch 34/50 - Train Loss: 0.5167 - Train Metric: 0.8176
Epoch 34/50 - Val Metric: 0.8160
Epoch 35/50 - Train Loss: 0.5132 - Train Metric: 0.8210
Epoch 35/50 - Val Metric: 0.8150
Epoch 36/50 - Train Loss: 0.5157 - Train Metric: 0.8179
Epoch 36/50 - Val Metric: 0.8140
Epoch 37/50 - Train Loss: 0.5141 - Train Metric: 0.8205
Epoch 37/50 - Val Metric: 0.8151
Epoch 38/50 - Train Loss: 0.5168 - Train Metric: 0.8177
Epoch 38/50 - Val Metric: 0.8154
Epoch 39/50 - Train Loss: 0.5126 - Train Metric: 0.8213
Epoch 39/50 - Val Metric: 0.8162
Epoch 40/50 - Train Loss: 0.5143 - Train Metric: 0.8198
Epoch 40/50 - Val Metric: 0.8146
Epoch 41/50 - Train Loss: 0.5128 - Train Metric: 0.8210
Epoch 41/50 - Val Metric: 0.8160
Epoch 42/50 - Train Loss: 0.5143 - Train Metric: 0.8203
Epoch 42/50 - Val Metric: 0.8163
Epoch 43/50 - Train Loss: 0.5126 - Train Metric: 0.8210
Epoch 43/50 - Val Metric: 0.8151
Epoch 44/50 - Train Loss: 0.5132 - Train Metric: 0.8208
Epoch 44/50 - Val Metric: 0.8157
Epoch 45/50 - Train Loss: 0.5133 - Train Metric: 0.8206
Epoch 45/50 - Val Metric: 0.8157
Epoch 46/50 - Train Loss: 0.5132 - Train Metric: 0.8208
Epoch 46/50 - Val Metric: 0.8150
Epoch 47/50 - Train Loss: 0.5134 - Train Metric: 0.8207
Epoch 47/50 - Val Metric: 0.8151
Epoch 48/50 - Train Loss: 0.5147 - Train Metric: 0.8195
Epoch 48/50 - Val Metric: 0.8139
Epoch 49/50 - Train Loss: 0.5143 - Train Metric: 0.8201
Epoch 49/50 - Val Metric: 0.8149
Epoch 50/50 - Train Loss: 0.5202 - Train Metric: 0.8138
Epoch 50/50 - Val Metric: 0.8144
Best val: 0.8163, Best test: 0.8195
Training set has 13371 instances
Validation set has 1671 instances
Test set has 1672 instances
Epoch 1/50 - Train Loss: 0.7007 - Train Metric: 0.4909
Epoch 1/50 - Val Metric: 0.6693
Epoch 2/50 - Train Loss: 0.6955 - Train Metric: 0.4979
Epoch 2/50 - Val Metric: 0.6457
Epoch 3/50 - Train Loss: 0.6796 - Train Metric: 0.5915
Epoch 3/50 - Val Metric: 0.6438
Epoch 4/50 - Train Loss: 0.6108 - Train Metric: 0.7229
Epoch 4/50 - Val Metric: 0.8009
Epoch 5/50 - Train Loss: 0.5617 - Train Metric: 0.7763
Epoch 5/50 - Val Metric: 0.8161
Epoch 6/50 - Train Loss: 0.5380 - Train Metric: 0.7979
Epoch 6/50 - Val Metric: 0.8219
Epoch 7/50 - Train Loss: 0.5365 - Train Metric: 0.8006
Epoch 7/50 - Val Metric: 0.8214
Epoch 8/50 - Train Loss: 0.5263 - Train Metric: 0.8091
Epoch 8/50 - Val Metric: 0.8245
Epoch 9/50 - Train Loss: 0.5282 - Train Metric: 0.8083
Epoch 9/50 - Val Metric: 0.8225
Epoch 10/50 - Train Loss: 0.5287 - Train Metric: 0.8089
Epoch 10/50 - Val Metric: 0.8263
Epoch 11/50 - Train Loss: 0.5240 - Train Metric: 0.8122
Epoch 11/50 - Val Metric: 0.8235
Epoch 12/50 - Train Loss: 0.5239 - Train Metric: 0.8119
Epoch 12/50 - Val Metric: 0.8222
Epoch 13/50 - Train Loss: 0.5252 - Train Metric: 0.8117
Epoch 13/50 - Val Metric: 0.8219
Epoch 14/50 - Train Loss: 0.5225 - Train Metric: 0.8136
Epoch 14/50 - Val Metric: 0.8259
Epoch 15/50 - Train Loss: 0.5204 - Train Metric: 0.8156
Epoch 15/50 - Val Metric: 0.8217
Epoch 16/50 - Train Loss: 0.5228 - Train Metric: 0.8141
Epoch 16/50 - Val Metric: 0.8240
Epoch 17/50 - Train Loss: 0.5226 - Train Metric: 0.8137
Epoch 17/50 - Val Metric: 0.8242
Epoch 18/50 - Train Loss: 0.5227 - Train Metric: 0.8138
Epoch 18/50 - Val Metric: 0.8252
Epoch 19/50 - Train Loss: 0.5227 - Train Metric: 0.8128
Epoch 19/50 - Val Metric: 0.8203
Epoch 20/50 - Train Loss: 0.5209 - Train Metric: 0.8145
Epoch 20/50 - Val Metric: 0.8246
Epoch 21/50 - Train Loss: 0.5188 - Train Metric: 0.8172
Epoch 21/50 - Val Metric: 0.8265
Epoch 22/50 - Train Loss: 0.5199 - Train Metric: 0.8151
Epoch 22/50 - Val Metric: 0.8230
Epoch 23/50 - Train Loss: 0.5176 - Train Metric: 0.8183
Epoch 23/50 - Val Metric: 0.8274
Epoch 24/50 - Train Loss: 0.5185 - Train Metric: 0.8173
Epoch 24/50 - Val Metric: 0.8107
Epoch 25/50 - Train Loss: 0.5211 - Train Metric: 0.8135
Epoch 25/50 - Val Metric: 0.8229
Epoch 26/50 - Train Loss: 0.5232 - Train Metric: 0.8122
Epoch 26/50 - Val Metric: 0.8245
Epoch 27/50 - Train Loss: 0.5167 - Train Metric: 0.8196
Epoch 27/50 - Val Metric: 0.8239
Epoch 28/50 - Train Loss: 0.5176 - Train Metric: 0.8186
Epoch 28/50 - Val Metric: 0.8209
Epoch 29/50 - Train Loss: 0.5171 - Train Metric: 0.8186
Epoch 29/50 - Val Metric: 0.8223
Epoch 30/50 - Train Loss: 0.5175 - Train Metric: 0.8187
Epoch 30/50 - Val Metric: 0.8235
Epoch 31/50 - Train Loss: 0.5157 - Train Metric: 0.8197
Epoch 31/50 - Val Metric: 0.8228
Epoch 32/50 - Train Loss: 0.5161 - Train Metric: 0.8185
Epoch 32/50 - Val Metric: 0.8238
Epoch 33/50 - Train Loss: 0.5147 - Train Metric: 0.8203
Epoch 33/50 - Val Metric: 0.8262
Epoch 34/50 - Train Loss: 0.5154 - Train Metric: 0.8201
Epoch 34/50 - Val Metric: 0.8265
Epoch 35/50 - Train Loss: 0.5171 - Train Metric: 0.8181
Epoch 35/50 - Val Metric: 0.8253
Epoch 36/50 - Train Loss: 0.5154 - Train Metric: 0.8197
Epoch 36/50 - Val Metric: 0.8239
Epoch 37/50 - Train Loss: 0.5175 - Train Metric: 0.8184
Epoch 37/50 - Val Metric: 0.8265
Epoch 38/50 - Train Loss: 0.5174 - Train Metric: 0.8182
Epoch 38/50 - Val Metric: 0.8262
Epoch 39/50 - Train Loss: 0.5148 - Train Metric: 0.8207
Epoch 39/50 - Val Metric: 0.8177
Epoch 40/50 - Train Loss: 0.5161 - Train Metric: 0.8192
Epoch 40/50 - Val Metric: 0.8256
Epoch 41/50 - Train Loss: 0.5158 - Train Metric: 0.8197
Epoch 41/50 - Val Metric: 0.8264
Epoch 42/50 - Train Loss: 0.5160 - Train Metric: 0.8190
Epoch 42/50 - Val Metric: 0.8261
Epoch 43/50 - Train Loss: 0.5148 - Train Metric: 0.8203
Epoch 43/50 - Val Metric: 0.8276
Epoch 44/50 - Train Loss: 0.5141 - Train Metric: 0.8211
Epoch 44/50 - Val Metric: 0.8295
Epoch 45/50 - Train Loss: 0.5260 - Train Metric: 0.8117
Epoch 45/50 - Val Metric: 0.8236
Epoch 46/50 - Train Loss: 0.5171 - Train Metric: 0.8189
Epoch 46/50 - Val Metric: 0.8269
Epoch 47/50 - Train Loss: 0.5159 - Train Metric: 0.8197
Epoch 47/50 - Val Metric: 0.8280
Epoch 48/50 - Train Loss: 0.5152 - Train Metric: 0.8199
Epoch 48/50 - Val Metric: 0.8285
Epoch 49/50 - Train Loss: 0.5158 - Train Metric: 0.8197
Epoch 49/50 - Val Metric: 0.8270
Epoch 50/50 - Train Loss: 0.5144 - Train Metric: 0.8211
Epoch 50/50 - Val Metric: 0.8284
Best val: 0.8295, Best test: 0.8281
Training set has 13371 instances
Validation set has 1671 instances
Test set has 1672 instances
Epoch 1/50 - Train Loss: 0.7018 - Train Metric: 0.5005
Epoch 1/50 - Val Metric: 0.6418
Epoch 2/50 - Train Loss: 0.6954 - Train Metric: 0.5025
Epoch 2/50 - Val Metric: 0.6499
Epoch 3/50 - Train Loss: 0.6957 - Train Metric: 0.4875
Epoch 3/50 - Val Metric: 0.6478
Epoch 4/50 - Train Loss: 0.6945 - Train Metric: 0.4962
Epoch 4/50 - Val Metric: 0.6478
Epoch 5/50 - Train Loss: 0.6897 - Train Metric: 0.5381
Epoch 5/50 - Val Metric: 0.6572
Epoch 6/50 - Train Loss: 0.6272 - Train Metric: 0.6968
Epoch 6/50 - Val Metric: 0.7926
Epoch 7/50 - Train Loss: 0.5542 - Train Metric: 0.7792
Epoch 7/50 - Val Metric: 0.8096
Epoch 8/50 - Train Loss: 0.5340 - Train Metric: 0.7999
Epoch 8/50 - Val Metric: 0.8160
Epoch 9/50 - Train Loss: 0.5297 - Train Metric: 0.8026
Epoch 9/50 - Val Metric: 0.8057
Epoch 10/50 - Train Loss: 0.5256 - Train Metric: 0.8085
Epoch 10/50 - Val Metric: 0.8167
Epoch 11/50 - Train Loss: 0.5226 - Train Metric: 0.8100
Epoch 11/50 - Val Metric: 0.8171
Epoch 12/50 - Train Loss: 0.5225 - Train Metric: 0.8094
Epoch 12/50 - Val Metric: 0.8184
Epoch 13/50 - Train Loss: 0.5238 - Train Metric: 0.8093
Epoch 13/50 - Val Metric: 0.8175
Epoch 14/50 - Train Loss: 0.5204 - Train Metric: 0.8134
Epoch 14/50 - Val Metric: 0.8210
Epoch 15/50 - Train Loss: 0.5244 - Train Metric: 0.8089
Epoch 15/50 - Val Metric: 0.8188
Epoch 16/50 - Train Loss: 0.5215 - Train Metric: 0.8118
Epoch 16/50 - Val Metric: 0.8211
Epoch 17/50 - Train Loss: 0.5150 - Train Metric: 0.8183
Epoch 17/50 - Val Metric: 0.8244
Epoch 18/50 - Train Loss: 0.5153 - Train Metric: 0.8178
Epoch 18/50 - Val Metric: 0.8250
Epoch 19/50 - Train Loss: 0.5171 - Train Metric: 0.8170
Epoch 19/50 - Val Metric: 0.8261
Epoch 20/50 - Train Loss: 0.5157 - Train Metric: 0.8181
Epoch 20/50 - Val Metric: 0.8263
Epoch 21/50 - Train Loss: 0.5147 - Train Metric: 0.8189
Epoch 21/50 - Val Metric: 0.8246
Epoch 22/50 - Train Loss: 0.5144 - Train Metric: 0.8190
Epoch 22/50 - Val Metric: 0.8255
Epoch 23/50 - Train Loss: 0.5151 - Train Metric: 0.8181
Epoch 23/50 - Val Metric: 0.8245
Epoch 24/50 - Train Loss: 0.5154 - Train Metric: 0.8179
Epoch 24/50 - Val Metric: 0.8225
Epoch 25/50 - Train Loss: 0.5151 - Train Metric: 0.8181
Epoch 25/50 - Val Metric: 0.8272
Epoch 26/50 - Train Loss: 0.5156 - Train Metric: 0.8180
Epoch 26/50 - Val Metric: 0.8248
Epoch 27/50 - Train Loss: 0.5144 - Train Metric: 0.8185
Epoch 27/50 - Val Metric: 0.8259
Epoch 28/50 - Train Loss: 0.5156 - Train Metric: 0.8175
Epoch 28/50 - Val Metric: 0.8242
Epoch 29/50 - Train Loss: 0.5142 - Train Metric: 0.8197
Epoch 29/50 - Val Metric: 0.8255
Epoch 30/50 - Train Loss: 0.5134 - Train Metric: 0.8202
Epoch 30/50 - Val Metric: 0.8248
Epoch 31/50 - Train Loss: 0.5152 - Train Metric: 0.8186
Epoch 31/50 - Val Metric: 0.8229
Epoch 32/50 - Train Loss: 0.5140 - Train Metric: 0.8201
Epoch 32/50 - Val Metric: 0.8276
Epoch 33/50 - Train Loss: 0.5129 - Train Metric: 0.8208
Epoch 33/50 - Val Metric: 0.8245
Epoch 34/50 - Train Loss: 0.5094 - Train Metric: 0.8231
Epoch 34/50 - Val Metric: 0.8254
Epoch 35/50 - Train Loss: 0.5113 - Train Metric: 0.8218
Epoch 35/50 - Val Metric: 0.8250
Epoch 36/50 - Train Loss: 0.5110 - Train Metric: 0.8223
Epoch 36/50 - Val Metric: 0.8262
Epoch 37/50 - Train Loss: 0.5103 - Train Metric: 0.8232
Epoch 37/50 - Val Metric: 0.8267
Epoch 38/50 - Train Loss: 0.5117 - Train Metric: 0.8219
Epoch 38/50 - Val Metric: 0.8242
Epoch 39/50 - Train Loss: 0.5103 - Train Metric: 0.8216
Epoch 39/50 - Val Metric: 0.8243
Epoch 40/50 - Train Loss: 0.5119 - Train Metric: 0.8207
Epoch 40/50 - Val Metric: 0.8263
Epoch 41/50 - Train Loss: 0.5109 - Train Metric: 0.8220
Epoch 41/50 - Val Metric: 0.8274
Epoch 42/50 - Train Loss: 0.5122 - Train Metric: 0.8218
Epoch 42/50 - Val Metric: 0.8275
Epoch 43/50 - Train Loss: 0.5111 - Train Metric: 0.8220
Epoch 43/50 - Val Metric: 0.8258
Epoch 44/50 - Train Loss: 0.5103 - Train Metric: 0.8228
Epoch 44/50 - Val Metric: 0.8272
Epoch 45/50 - Train Loss: 0.5113 - Train Metric: 0.8220
Epoch 45/50 - Val Metric: 0.8268
Epoch 46/50 - Train Loss: 0.5119 - Train Metric: 0.8214
Epoch 46/50 - Val Metric: 0.8264
Epoch 47/50 - Train Loss: 0.5094 - Train Metric: 0.8239
Epoch 47/50 - Val Metric: 0.8261
Epoch 48/50 - Train Loss: 0.5108 - Train Metric: 0.8225
Epoch 48/50 - Val Metric: 0.8266
Epoch 49/50 - Train Loss: 0.5097 - Train Metric: 0.8238
Epoch 49/50 - Val Metric: 0.8263
Epoch 50/50 - Train Loss: 0.5108 - Train Metric: 0.8229
Epoch 50/50 - Val Metric: 0.8276
Best val: 0.8276, Best test: 0.8306
Training set has 13371 instances
Validation set has 1671 instances
Test set has 1672 instances
Epoch 1/50 - Train Loss: 0.6996 - Train Metric: 0.4930
Epoch 1/50 - Val Metric: 0.6668
Epoch 2/50 - Train Loss: 0.6954 - Train Metric: 0.4989
Epoch 2/50 - Val Metric: 0.6666
Epoch 3/50 - Train Loss: 0.6939 - Train Metric: 0.5076
Epoch 3/50 - Val Metric: 0.6607
Epoch 4/50 - Train Loss: 0.6903 - Train Metric: 0.5429
Epoch 4/50 - Val Metric: 0.6608
Epoch 5/50 - Train Loss: 0.6174 - Train Metric: 0.7139
Epoch 5/50 - Val Metric: 0.7911
Epoch 6/50 - Train Loss: 0.5502 - Train Metric: 0.7866
Epoch 6/50 - Val Metric: 0.8183
Epoch 7/50 - Train Loss: 0.5469 - Train Metric: 0.7878
Epoch 7/50 - Val Metric: 0.8119
Epoch 8/50 - Train Loss: 0.5336 - Train Metric: 0.8029
Epoch 8/50 - Val Metric: 0.8175
Epoch 9/50 - Train Loss: 0.5360 - Train Metric: 0.8006
Epoch 9/50 - Val Metric: 0.8201
Epoch 10/50 - Train Loss: 0.5311 - Train Metric: 0.8053
Epoch 10/50 - Val Metric: 0.8226
Epoch 11/50 - Train Loss: 0.5286 - Train Metric: 0.8068
Epoch 11/50 - Val Metric: 0.8230
Epoch 12/50 - Train Loss: 0.5306 - Train Metric: 0.8051
Epoch 12/50 - Val Metric: 0.8211
Epoch 13/50 - Train Loss: 0.5252 - Train Metric: 0.8103
Epoch 13/50 - Val Metric: 0.8227
Epoch 14/50 - Train Loss: 0.5274 - Train Metric: 0.8084
Epoch 14/50 - Val Metric: 0.8116
Epoch 15/50 - Train Loss: 0.5274 - Train Metric: 0.8086
Epoch 15/50 - Val Metric: 0.8226
Epoch 16/50 - Train Loss: 0.5254 - Train Metric: 0.8103
Epoch 16/50 - Val Metric: 0.8193
Epoch 17/50 - Train Loss: 0.5272 - Train Metric: 0.8097
Epoch 17/50 - Val Metric: 0.8210
Epoch 18/50 - Train Loss: 0.5300 - Train Metric: 0.8064
Epoch 18/50 - Val Metric: 0.8220
Epoch 19/50 - Train Loss: 0.5249 - Train Metric: 0.8112
Epoch 19/50 - Val Metric: 0.8213
Epoch 20/50 - Train Loss: 0.5245 - Train Metric: 0.8116
Epoch 20/50 - Val Metric: 0.8211
Epoch 21/50 - Train Loss: 0.5248 - Train Metric: 0.8112
Epoch 21/50 - Val Metric: 0.8228
Epoch 22/50 - Train Loss: 0.5284 - Train Metric: 0.8070
Epoch 22/50 - Val Metric: 0.8227
Epoch 23/50 - Train Loss: 0.5288 - Train Metric: 0.8065
Epoch 23/50 - Val Metric: 0.8234
Epoch 24/50 - Train Loss: 0.5230 - Train Metric: 0.8132
Epoch 24/50 - Val Metric: 0.8238
Epoch 25/50 - Train Loss: 0.5207 - Train Metric: 0.8144
Epoch 25/50 - Val Metric: 0.8211
Epoch 26/50 - Train Loss: 0.5214 - Train Metric: 0.8138
Epoch 26/50 - Val Metric: 0.8217
Epoch 27/50 - Train Loss: 0.5233 - Train Metric: 0.8118
Epoch 27/50 - Val Metric: 0.8202
Epoch 28/50 - Train Loss: 0.5213 - Train Metric: 0.8143
Epoch 28/50 - Val Metric: 0.8233
Epoch 29/50 - Train Loss: 0.5221 - Train Metric: 0.8133
Epoch 29/50 - Val Metric: 0.8214
Epoch 30/50 - Train Loss: 0.5225 - Train Metric: 0.8130
Epoch 30/50 - Val Metric: 0.8239
Epoch 31/50 - Train Loss: 0.5211 - Train Metric: 0.8148
Epoch 31/50 - Val Metric: 0.8232
Epoch 32/50 - Train Loss: 0.5205 - Train Metric: 0.8145
Epoch 32/50 - Val Metric: 0.8234
Epoch 33/50 - Train Loss: 0.5276 - Train Metric: 0.8085
Epoch 33/50 - Val Metric: 0.8247
Epoch 34/50 - Train Loss: 0.5217 - Train Metric: 0.8141
Epoch 34/50 - Val Metric: 0.8235
Epoch 35/50 - Train Loss: 0.5191 - Train Metric: 0.8165
Epoch 35/50 - Val Metric: 0.8246
Epoch 36/50 - Train Loss: 0.5228 - Train Metric: 0.8136
Epoch 36/50 - Val Metric: 0.8253
Epoch 37/50 - Train Loss: 0.5224 - Train Metric: 0.8128
Epoch 37/50 - Val Metric: 0.8218
Epoch 38/50 - Train Loss: 0.5198 - Train Metric: 0.8157
Epoch 38/50 - Val Metric: 0.8229
Epoch 39/50 - Train Loss: 0.5198 - Train Metric: 0.8157
Epoch 39/50 - Val Metric: 0.8244
Epoch 40/50 - Train Loss: 0.5197 - Train Metric: 0.8156
Epoch 40/50 - Val Metric: 0.8245
Epoch 41/50 - Train Loss: 0.5181 - Train Metric: 0.8168
Epoch 41/50 - Val Metric: 0.8225
Epoch 42/50 - Train Loss: 0.5189 - Train Metric: 0.8159
Epoch 42/50 - Val Metric: 0.8245
Epoch 43/50 - Train Loss: 0.5178 - Train Metric: 0.8166
Epoch 43/50 - Val Metric: 0.8252
Epoch 44/50 - Train Loss: 0.5192 - Train Metric: 0.8164
Epoch 44/50 - Val Metric: 0.8244
Epoch 45/50 - Train Loss: 0.5197 - Train Metric: 0.8160
Epoch 45/50 - Val Metric: 0.8247
Epoch 46/50 - Train Loss: 0.5170 - Train Metric: 0.8184
Epoch 46/50 - Val Metric: 0.8222
Epoch 47/50 - Train Loss: 0.5173 - Train Metric: 0.8178
Epoch 47/50 - Val Metric: 0.8244
Epoch 48/50 - Train Loss: 0.5194 - Train Metric: 0.8169
Epoch 48/50 - Val Metric: 0.8261
Epoch 49/50 - Train Loss: 0.5198 - Train Metric: 0.8160
Epoch 49/50 - Val Metric: 0.8212
Epoch 50/50 - Train Loss: 0.5187 - Train Metric: 0.8165
Epoch 50/50 - Val Metric: 0.8269
Best val: 0.8269, Best test: 0.8328
Training set has 13371 instances
Validation set has 1671 instances
Test set has 1672 instances
Epoch 1/50 - Train Loss: 0.7010 - Train Metric: 0.5008
Epoch 1/50 - Val Metric: 0.6648
Epoch 2/50 - Train Loss: 0.6949 - Train Metric: 0.5056
Epoch 2/50 - Val Metric: 0.6542
Epoch 3/50 - Train Loss: 0.6963 - Train Metric: 0.4954
Epoch 3/50 - Val Metric: 0.6461
Epoch 4/50 - Train Loss: 0.6938 - Train Metric: 0.5090
Epoch 4/50 - Val Metric: 0.6398
Epoch 5/50 - Train Loss: 0.6799 - Train Metric: 0.5910
Epoch 5/50 - Val Metric: 0.6443
Epoch 6/50 - Train Loss: 0.6295 - Train Metric: 0.6972
Epoch 6/50 - Val Metric: 0.7734
Epoch 7/50 - Train Loss: 0.5653 - Train Metric: 0.7722
Epoch 7/50 - Val Metric: 0.7702
Epoch 8/50 - Train Loss: 0.5569 - Train Metric: 0.7784
Epoch 8/50 - Val Metric: 0.7989
Epoch 9/50 - Train Loss: 0.5300 - Train Metric: 0.8047
Epoch 9/50 - Val Metric: 0.7966
Epoch 10/50 - Train Loss: 0.5294 - Train Metric: 0.8056
Epoch 10/50 - Val Metric: 0.8036
Epoch 11/50 - Train Loss: 0.5256 - Train Metric: 0.8102
Epoch 11/50 - Val Metric: 0.8040
Epoch 12/50 - Train Loss: 0.5249 - Train Metric: 0.8092
Epoch 12/50 - Val Metric: 0.8070
Epoch 13/50 - Train Loss: 0.5224 - Train Metric: 0.8129
Epoch 13/50 - Val Metric: 0.8055
Epoch 14/50 - Train Loss: 0.5203 - Train Metric: 0.8154
Epoch 14/50 - Val Metric: 0.8086
Epoch 15/50 - Train Loss: 0.5191 - Train Metric: 0.8159
Epoch 15/50 - Val Metric: 0.8081
Epoch 16/50 - Train Loss: 0.5198 - Train Metric: 0.8156
Epoch 16/50 - Val Metric: 0.8081
Epoch 17/50 - Train Loss: 0.5180 - Train Metric: 0.8174
Epoch 17/50 - Val Metric: 0.8077
Epoch 18/50 - Train Loss: 0.5156 - Train Metric: 0.8189
Epoch 18/50 - Val Metric: 0.8095
Epoch 19/50 - Train Loss: 0.5174 - Train Metric: 0.8175
Epoch 19/50 - Val Metric: 0.8108
Epoch 20/50 - Train Loss: 0.5174 - Train Metric: 0.8181
Epoch 20/50 - Val Metric: 0.8080
Epoch 21/50 - Train Loss: 0.5147 - Train Metric: 0.8194
Epoch 21/50 - Val Metric: 0.8077
Epoch 22/50 - Train Loss: 0.5169 - Train Metric: 0.8185
Epoch 22/50 - Val Metric: 0.8081
Epoch 23/50 - Train Loss: 0.5170 - Train Metric: 0.8173
Epoch 23/50 - Val Metric: 0.8059
Epoch 24/50 - Train Loss: 0.5159 - Train Metric: 0.8187
Epoch 24/50 - Val Metric: 0.8051
Epoch 25/50 - Train Loss: 0.5144 - Train Metric: 0.8200
Epoch 25/50 - Val Metric: 0.8072
Epoch 26/50 - Train Loss: 0.5120 - Train Metric: 0.8222
Epoch 26/50 - Val Metric: 0.8083
Epoch 27/50 - Train Loss: 0.5169 - Train Metric: 0.8190
Epoch 27/50 - Val Metric: 0.8078
Epoch 28/50 - Train Loss: 0.5174 - Train Metric: 0.8175
Epoch 28/50 - Val Metric: 0.8079
Epoch 29/50 - Train Loss: 0.5170 - Train Metric: 0.8171
Epoch 29/50 - Val Metric: 0.8069
Epoch 30/50 - Train Loss: 0.5153 - Train Metric: 0.8192
Epoch 30/50 - Val Metric: 0.8076
Epoch 31/50 - Train Loss: 0.5133 - Train Metric: 0.8211
Epoch 31/50 - Val Metric: 0.8061
Epoch 32/50 - Train Loss: 0.5137 - Train Metric: 0.8208
Epoch 32/50 - Val Metric: 0.8037
Epoch 33/50 - Train Loss: 0.5133 - Train Metric: 0.8212
Epoch 33/50 - Val Metric: 0.8009
Epoch 34/50 - Train Loss: 0.5127 - Train Metric: 0.8213
Epoch 34/50 - Val Metric: 0.8074
Epoch 35/50 - Train Loss: 0.5127 - Train Metric: 0.8218
Epoch 35/50 - Val Metric: 0.8074
Epoch 36/50 - Train Loss: 0.5163 - Train Metric: 0.8187
Epoch 36/50 - Val Metric: 0.8055
Epoch 37/50 - Train Loss: 0.5142 - Train Metric: 0.8203
Epoch 37/50 - Val Metric: 0.8073
Epoch 38/50 - Train Loss: 0.5203 - Train Metric: 0.8155
Epoch 38/50 - Val Metric: 0.8062
Epoch 39/50 - Train Loss: 0.5140 - Train Metric: 0.8210
Epoch 39/50 - Val Metric: 0.8073
Epoch 40/50 - Train Loss: 0.5132 - Train Metric: 0.8214
Epoch 40/50 - Val Metric: 0.8060
Epoch 41/50 - Train Loss: 0.5134 - Train Metric: 0.8211
Epoch 41/50 - Val Metric: 0.8097
Epoch 42/50 - Train Loss: 0.5121 - Train Metric: 0.8221
Epoch 42/50 - Val Metric: 0.8070
Epoch 43/50 - Train Loss: 0.5125 - Train Metric: 0.8228
Epoch 43/50 - Val Metric: 0.8067
Epoch 44/50 - Train Loss: 0.5151 - Train Metric: 0.8196
Epoch 44/50 - Val Metric: 0.8085
Epoch 45/50 - Train Loss: 0.5125 - Train Metric: 0.8216
Epoch 45/50 - Val Metric: 0.8071
Epoch 46/50 - Train Loss: 0.5113 - Train Metric: 0.8231
Epoch 46/50 - Val Metric: 0.8073
Epoch 47/50 - Train Loss: 0.5116 - Train Metric: 0.8230
Epoch 47/50 - Val Metric: 0.8089
Epoch 48/50 - Train Loss: 0.5107 - Train Metric: 0.8235
Epoch 48/50 - Val Metric: 0.8075
Epoch 49/50 - Train Loss: 0.5128 - Train Metric: 0.8212
Epoch 49/50 - Val Metric: 0.8098
Epoch 50/50 - Train Loss: 0.5119 - Train Metric: 0.8223
Epoch 50/50 - Val Metric: 0.8097
Best val: 0.8108, Best test: 0.8299
[0.81948876 0.82814372 0.83061087 0.83275247 0.82989085]
