Hyper-parameter search via Optuna
Namespace(task_type='binary_classification', scale='small', idx=6, epochs=50, num_trials=20, num_repeats=5, seed=0, exp_name='MemPerceiver_ens_l2', result_path='output/binary_classification/small/6/MemPerceiver_ens_l2.pt')
Device: cuda
Start building binary_classification dataset_small_6
Training set has 13371 instances
Validation set has 1671 instances
Test set has 1672 instances
Epoch 1/50 - Train Loss: 0.7046 - Train Metric: 0.5035
Epoch 1/50 - Val Metric: 0.6401
Epoch 2/50 - Train Loss: 0.6956 - Train Metric: 0.5053
Epoch 2/50 - Val Metric: 0.6437
Epoch 3/50 - Train Loss: 0.6960 - Train Metric: 0.4916
Epoch 3/50 - Val Metric: 0.6434
Epoch 4/50 - Train Loss: 0.6950 - Train Metric: 0.4995
Epoch 4/50 - Val Metric: 0.6428
Epoch 5/50 - Train Loss: 0.6824 - Train Metric: 0.5840
Epoch 5/50 - Val Metric: 0.6344
Epoch 6/50 - Train Loss: 0.6445 - Train Metric: 0.6717
Epoch 6/50 - Val Metric: 0.7657
Epoch 7/50 - Train Loss: 0.5606 - Train Metric: 0.7738
Epoch 7/50 - Val Metric: 0.8018
Epoch 8/50 - Train Loss: 0.5484 - Train Metric: 0.7846
Epoch 8/50 - Val Metric: 0.8129
Epoch 9/50 - Train Loss: 0.5420 - Train Metric: 0.7917
Epoch 9/50 - Val Metric: 0.8115
Epoch 10/50 - Train Loss: 0.5342 - Train Metric: 0.7997
Epoch 10/50 - Val Metric: 0.8174
Epoch 11/50 - Train Loss: 0.5354 - Train Metric: 0.7968
Epoch 11/50 - Val Metric: 0.8178
Epoch 12/50 - Train Loss: 0.5249 - Train Metric: 0.8084
Epoch 12/50 - Val Metric: 0.8142
Epoch 13/50 - Train Loss: 0.5227 - Train Metric: 0.8109
Epoch 13/50 - Val Metric: 0.8220
Epoch 14/50 - Train Loss: 0.5217 - Train Metric: 0.8111
Epoch 14/50 - Val Metric: 0.8207
Epoch 15/50 - Train Loss: 0.5205 - Train Metric: 0.8118
Epoch 15/50 - Val Metric: 0.8213
Epoch 16/50 - Train Loss: 0.5176 - Train Metric: 0.8150
Epoch 16/50 - Val Metric: 0.8213
Epoch 17/50 - Train Loss: 0.5188 - Train Metric: 0.8140
Epoch 17/50 - Val Metric: 0.8212
Epoch 18/50 - Train Loss: 0.5193 - Train Metric: 0.8133
Epoch 18/50 - Val Metric: 0.8217
Epoch 19/50 - Train Loss: 0.5180 - Train Metric: 0.8138
Epoch 19/50 - Val Metric: 0.8218
Epoch 20/50 - Train Loss: 0.5175 - Train Metric: 0.8152
Epoch 20/50 - Val Metric: 0.8227
Epoch 21/50 - Train Loss: 0.5176 - Train Metric: 0.8147
Epoch 21/50 - Val Metric: 0.8220
Epoch 22/50 - Train Loss: 0.5177 - Train Metric: 0.8152
Epoch 22/50 - Val Metric: 0.8226
Epoch 23/50 - Train Loss: 0.5171 - Train Metric: 0.8155
Epoch 23/50 - Val Metric: 0.8229
Epoch 24/50 - Train Loss: 0.5185 - Train Metric: 0.8144
Epoch 24/50 - Val Metric: 0.8227
Epoch 25/50 - Train Loss: 0.5170 - Train Metric: 0.8155
Epoch 25/50 - Val Metric: 0.8224
Epoch 26/50 - Train Loss: 0.5160 - Train Metric: 0.8165
Epoch 26/50 - Val Metric: 0.8216
Epoch 27/50 - Train Loss: 0.5171 - Train Metric: 0.8152
Epoch 27/50 - Val Metric: 0.8228
Epoch 28/50 - Train Loss: 0.5163 - Train Metric: 0.8164
Epoch 28/50 - Val Metric: 0.8229
Epoch 29/50 - Train Loss: 0.5157 - Train Metric: 0.8163
Epoch 29/50 - Val Metric: 0.8232
Epoch 30/50 - Train Loss: 0.5161 - Train Metric: 0.8169
Epoch 30/50 - Val Metric: 0.8229
Epoch 31/50 - Train Loss: 0.5164 - Train Metric: 0.8159
Epoch 31/50 - Val Metric: 0.8229
Epoch 32/50 - Train Loss: 0.5164 - Train Metric: 0.8164
Epoch 32/50 - Val Metric: 0.8222
Epoch 33/50 - Train Loss: 0.5158 - Train Metric: 0.8169
Epoch 33/50 - Val Metric: 0.8229
Epoch 34/50 - Train Loss: 0.5153 - Train Metric: 0.8170
Epoch 34/50 - Val Metric: 0.8230
Epoch 35/50 - Train Loss: 0.5163 - Train Metric: 0.8162
Epoch 35/50 - Val Metric: 0.8237
Epoch 36/50 - Train Loss: 0.5144 - Train Metric: 0.8181
Epoch 36/50 - Val Metric: 0.8233
Epoch 37/50 - Train Loss: 0.5160 - Train Metric: 0.8166
Epoch 37/50 - Val Metric: 0.8235
Epoch 38/50 - Train Loss: 0.5152 - Train Metric: 0.8177
Epoch 38/50 - Val Metric: 0.8235
Epoch 39/50 - Train Loss: 0.5143 - Train Metric: 0.8179
Epoch 39/50 - Val Metric: 0.8233
Epoch 40/50 - Train Loss: 0.5144 - Train Metric: 0.8181
Epoch 40/50 - Val Metric: 0.8237
Epoch 41/50 - Train Loss: 0.5161 - Train Metric: 0.8165
Epoch 41/50 - Val Metric: 0.8236
Epoch 42/50 - Train Loss: 0.5153 - Train Metric: 0.8169
Epoch 42/50 - Val Metric: 0.8233
Epoch 43/50 - Train Loss: 0.5153 - Train Metric: 0.8170
Epoch 43/50 - Val Metric: 0.8237
Epoch 44/50 - Train Loss: 0.5146 - Train Metric: 0.8181
Epoch 44/50 - Val Metric: 0.8237
Epoch 45/50 - Train Loss: 0.5153 - Train Metric: 0.8172
Epoch 45/50 - Val Metric: 0.8236
Epoch 46/50 - Train Loss: 0.5144 - Train Metric: 0.8178
Epoch 46/50 - Val Metric: 0.8238
Epoch 47/50 - Train Loss: 0.5148 - Train Metric: 0.8177
Epoch 47/50 - Val Metric: 0.8237
Epoch 48/50 - Train Loss: 0.5145 - Train Metric: 0.8180
Epoch 48/50 - Val Metric: 0.8236
Epoch 49/50 - Train Loss: 0.5153 - Train Metric: 0.8170
Epoch 49/50 - Val Metric: 0.8235
Epoch 50/50 - Train Loss: 0.5140 - Train Metric: 0.8184
Epoch 50/50 - Val Metric: 0.8236
Best val: 0.8238, Best test: 0.8317
Training set has 13371 instances
Validation set has 1671 instances
Test set has 1672 instances
Epoch 1/50 - Train Loss: 0.7025 - Train Metric: 0.4978
Epoch 1/50 - Val Metric: 0.6577
Epoch 2/50 - Train Loss: 0.6940 - Train Metric: 0.5024
Epoch 2/50 - Val Metric: 0.6535
Epoch 3/50 - Train Loss: 0.6957 - Train Metric: 0.5058
Epoch 3/50 - Val Metric: 0.6497
Epoch 4/50 - Train Loss: 0.6936 - Train Metric: 0.5116
Epoch 4/50 - Val Metric: 0.6099
Epoch 5/50 - Train Loss: 0.6849 - Train Metric: 0.5694
Epoch 5/50 - Val Metric: 0.6439
Epoch 6/50 - Train Loss: 0.6540 - Train Metric: 0.6579
Epoch 6/50 - Val Metric: 0.6839
Epoch 7/50 - Train Loss: 0.6476 - Train Metric: 0.6690
Epoch 7/50 - Val Metric: 0.7149
Epoch 8/50 - Train Loss: 0.6048 - Train Metric: 0.7269
Epoch 8/50 - Val Metric: 0.7648
Epoch 9/50 - Train Loss: 0.5735 - Train Metric: 0.7604
Epoch 9/50 - Val Metric: 0.7703
Epoch 10/50 - Train Loss: 0.5621 - Train Metric: 0.7719
Epoch 10/50 - Val Metric: 0.7824
Epoch 11/50 - Train Loss: 0.5455 - Train Metric: 0.7905
Epoch 11/50 - Val Metric: 0.7871
Epoch 12/50 - Train Loss: 0.5408 - Train Metric: 0.7939
Epoch 12/50 - Val Metric: 0.7941
Epoch 13/50 - Train Loss: 0.5403 - Train Metric: 0.7950
Epoch 13/50 - Val Metric: 0.7957
Epoch 14/50 - Train Loss: 0.5328 - Train Metric: 0.8015
Epoch 14/50 - Val Metric: 0.7979
Epoch 15/50 - Train Loss: 0.5307 - Train Metric: 0.8034
Epoch 15/50 - Val Metric: 0.7993
Epoch 16/50 - Train Loss: 0.5386 - Train Metric: 0.7965
Epoch 16/50 - Val Metric: 0.7983
Epoch 17/50 - Train Loss: 0.5314 - Train Metric: 0.8030
Epoch 17/50 - Val Metric: 0.8006
Epoch 18/50 - Train Loss: 0.5332 - Train Metric: 0.8005
Epoch 18/50 - Val Metric: 0.7998
Epoch 19/50 - Train Loss: 0.5309 - Train Metric: 0.8026
Epoch 19/50 - Val Metric: 0.8005
Epoch 20/50 - Train Loss: 0.5247 - Train Metric: 0.8102
Epoch 20/50 - Val Metric: 0.8025
Epoch 21/50 - Train Loss: 0.5280 - Train Metric: 0.8059
Epoch 21/50 - Val Metric: 0.8028
Epoch 22/50 - Train Loss: 0.5217 - Train Metric: 0.8126
Epoch 22/50 - Val Metric: 0.8037
Epoch 23/50 - Train Loss: 0.5216 - Train Metric: 0.8121
Epoch 23/50 - Val Metric: 0.8042
Epoch 24/50 - Train Loss: 0.5224 - Train Metric: 0.8118
Epoch 24/50 - Val Metric: 0.8044
Epoch 25/50 - Train Loss: 0.5279 - Train Metric: 0.8053
Epoch 25/50 - Val Metric: 0.8021
Epoch 26/50 - Train Loss: 0.5217 - Train Metric: 0.8122
Epoch 26/50 - Val Metric: 0.8038
Epoch 27/50 - Train Loss: 0.5219 - Train Metric: 0.8118
Epoch 27/50 - Val Metric: 0.8047
Epoch 28/50 - Train Loss: 0.5203 - Train Metric: 0.8137
Epoch 28/50 - Val Metric: 0.8050
Epoch 29/50 - Train Loss: 0.5251 - Train Metric: 0.8089
Epoch 29/50 - Val Metric: 0.8053
Epoch 30/50 - Train Loss: 0.5203 - Train Metric: 0.8134
Epoch 30/50 - Val Metric: 0.8047
Epoch 31/50 - Train Loss: 0.5202 - Train Metric: 0.8139
Epoch 31/50 - Val Metric: 0.8053
Epoch 32/50 - Train Loss: 0.5203 - Train Metric: 0.8140
Epoch 32/50 - Val Metric: 0.8054
Epoch 33/50 - Train Loss: 0.5213 - Train Metric: 0.8126
Epoch 33/50 - Val Metric: 0.8047
Epoch 34/50 - Train Loss: 0.5198 - Train Metric: 0.8141
Epoch 34/50 - Val Metric: 0.8056
Epoch 35/50 - Train Loss: 0.5196 - Train Metric: 0.8138
Epoch 35/50 - Val Metric: 0.8057
Epoch 36/50 - Train Loss: 0.5192 - Train Metric: 0.8145
Epoch 36/50 - Val Metric: 0.8061
Epoch 37/50 - Train Loss: 0.5191 - Train Metric: 0.8149
Epoch 37/50 - Val Metric: 0.8048
Epoch 38/50 - Train Loss: 0.5185 - Train Metric: 0.8154
Epoch 38/50 - Val Metric: 0.8057
Epoch 39/50 - Train Loss: 0.5190 - Train Metric: 0.8146
Epoch 39/50 - Val Metric: 0.8052
Epoch 40/50 - Train Loss: 0.5190 - Train Metric: 0.8148
Epoch 40/50 - Val Metric: 0.8061
Epoch 41/50 - Train Loss: 0.5187 - Train Metric: 0.8153
Epoch 41/50 - Val Metric: 0.8062
Epoch 42/50 - Train Loss: 0.5190 - Train Metric: 0.8149
Epoch 42/50 - Val Metric: 0.8061
Epoch 43/50 - Train Loss: 0.5181 - Train Metric: 0.8158
Epoch 43/50 - Val Metric: 0.8056
Epoch 44/50 - Train Loss: 0.5183 - Train Metric: 0.8158
Epoch 44/50 - Val Metric: 0.8065
Epoch 45/50 - Train Loss: 0.5178 - Train Metric: 0.8161
Epoch 45/50 - Val Metric: 0.8062
Epoch 46/50 - Train Loss: 0.5182 - Train Metric: 0.8156
Epoch 46/50 - Val Metric: 0.8065
Epoch 47/50 - Train Loss: 0.5179 - Train Metric: 0.8156
Epoch 47/50 - Val Metric: 0.8059
Epoch 48/50 - Train Loss: 0.5182 - Train Metric: 0.8157
Epoch 48/50 - Val Metric: 0.8065
Epoch 49/50 - Train Loss: 0.5184 - Train Metric: 0.8154
Epoch 49/50 - Val Metric: 0.8064
Epoch 50/50 - Train Loss: 0.5180 - Train Metric: 0.8158
Epoch 50/50 - Val Metric: 0.8062
Best val: 0.8065, Best test: 0.8166
Training set has 13371 instances
Validation set has 1671 instances
Test set has 1672 instances
Epoch 1/50 - Train Loss: 0.6970 - Train Metric: 0.5080
Epoch 1/50 - Val Metric: 0.6337
Epoch 2/50 - Train Loss: 0.6958 - Train Metric: 0.5072
Epoch 2/50 - Val Metric: 0.6383
Epoch 3/50 - Train Loss: 0.6962 - Train Metric: 0.4963
Epoch 3/50 - Val Metric: 0.6235
Epoch 4/50 - Train Loss: 0.6939 - Train Metric: 0.5262
Epoch 4/50 - Val Metric: 0.6409
Epoch 5/50 - Train Loss: 0.6738 - Train Metric: 0.6086
Epoch 5/50 - Val Metric: 0.6516
Epoch 6/50 - Train Loss: 0.6627 - Train Metric: 0.6401
Epoch 6/50 - Val Metric: 0.6663
Epoch 7/50 - Train Loss: 0.6451 - Train Metric: 0.6741
Epoch 7/50 - Val Metric: 0.7181
Epoch 8/50 - Train Loss: 0.6031 - Train Metric: 0.7290
Epoch 8/50 - Val Metric: 0.7779
Epoch 9/50 - Train Loss: 0.5737 - Train Metric: 0.7613
Epoch 9/50 - Val Metric: 0.7900
Epoch 10/50 - Train Loss: 0.5639 - Train Metric: 0.7704
Epoch 10/50 - Val Metric: 0.7952
Epoch 11/50 - Train Loss: 0.5652 - Train Metric: 0.7688
Epoch 11/50 - Val Metric: 0.7998
Epoch 12/50 - Train Loss: 0.5452 - Train Metric: 0.7891
Epoch 12/50 - Val Metric: 0.8041
Epoch 13/50 - Train Loss: 0.5398 - Train Metric: 0.7964
Epoch 13/50 - Val Metric: 0.8055
Epoch 14/50 - Train Loss: 0.5413 - Train Metric: 0.7933
Epoch 14/50 - Val Metric: 0.8006
Epoch 15/50 - Train Loss: 0.5349 - Train Metric: 0.8001
Epoch 15/50 - Val Metric: 0.8042
Epoch 16/50 - Train Loss: 0.5382 - Train Metric: 0.7975
Epoch 16/50 - Val Metric: 0.8101
Epoch 17/50 - Train Loss: 0.5314 - Train Metric: 0.8032
Epoch 17/50 - Val Metric: 0.8089
Epoch 18/50 - Train Loss: 0.5357 - Train Metric: 0.7983
Epoch 18/50 - Val Metric: 0.8018
Epoch 19/50 - Train Loss: 0.5297 - Train Metric: 0.8046
Epoch 19/50 - Val Metric: 0.8097
Epoch 20/50 - Train Loss: 0.5284 - Train Metric: 0.8054
Epoch 20/50 - Val Metric: 0.8022
Epoch 21/50 - Train Loss: 0.5263 - Train Metric: 0.8086
Epoch 21/50 - Val Metric: 0.8085
Epoch 22/50 - Train Loss: 0.5349 - Train Metric: 0.7988
Epoch 22/50 - Val Metric: 0.7977
Epoch 23/50 - Train Loss: 0.5286 - Train Metric: 0.8067
Epoch 23/50 - Val Metric: 0.8112
Epoch 24/50 - Train Loss: 0.5255 - Train Metric: 0.8095
Epoch 24/50 - Val Metric: 0.8021
Epoch 25/50 - Train Loss: 0.5283 - Train Metric: 0.8072
Epoch 25/50 - Val Metric: 0.8134
Epoch 26/50 - Train Loss: 0.5259 - Train Metric: 0.8076
Epoch 26/50 - Val Metric: 0.8119
Epoch 27/50 - Train Loss: 0.5234 - Train Metric: 0.8121
Epoch 27/50 - Val Metric: 0.8140
Epoch 28/50 - Train Loss: 0.5223 - Train Metric: 0.8121
Epoch 28/50 - Val Metric: 0.8004
Epoch 29/50 - Train Loss: 0.5243 - Train Metric: 0.8107
Epoch 29/50 - Val Metric: 0.8045
Epoch 30/50 - Train Loss: 0.5236 - Train Metric: 0.8116
Epoch 30/50 - Val Metric: 0.8055
Epoch 31/50 - Train Loss: 0.5213 - Train Metric: 0.8132
Epoch 31/50 - Val Metric: 0.8099
Epoch 32/50 - Train Loss: 0.5211 - Train Metric: 0.8139
Epoch 32/50 - Val Metric: 0.8133
Epoch 33/50 - Train Loss: 0.5233 - Train Metric: 0.8124
Epoch 33/50 - Val Metric: 0.8148
Epoch 34/50 - Train Loss: 0.5230 - Train Metric: 0.8112
Epoch 34/50 - Val Metric: 0.8143
Epoch 35/50 - Train Loss: 0.5236 - Train Metric: 0.8122
Epoch 35/50 - Val Metric: 0.8101
Epoch 36/50 - Train Loss: 0.5201 - Train Metric: 0.8151
Epoch 36/50 - Val Metric: 0.8096
Epoch 37/50 - Train Loss: 0.5252 - Train Metric: 0.8097
Epoch 37/50 - Val Metric: 0.8102
Epoch 38/50 - Train Loss: 0.5189 - Train Metric: 0.8155
Epoch 38/50 - Val Metric: 0.8105
Epoch 39/50 - Train Loss: 0.5280 - Train Metric: 0.8067
Epoch 39/50 - Val Metric: 0.8121
Epoch 40/50 - Train Loss: 0.5184 - Train Metric: 0.8165
Epoch 40/50 - Val Metric: 0.8138
Epoch 41/50 - Train Loss: 0.5171 - Train Metric: 0.8177
Epoch 41/50 - Val Metric: 0.8142
Epoch 42/50 - Train Loss: 0.5177 - Train Metric: 0.8171
Epoch 42/50 - Val Metric: 0.8117
Epoch 43/50 - Train Loss: 0.5218 - Train Metric: 0.8135
Epoch 43/50 - Val Metric: 0.8140
Epoch 44/50 - Train Loss: 0.5189 - Train Metric: 0.8166
Epoch 44/50 - Val Metric: 0.8117
Epoch 45/50 - Train Loss: 0.5248 - Train Metric: 0.8104
Epoch 45/50 - Val Metric: 0.8042
Epoch 46/50 - Train Loss: 0.5233 - Train Metric: 0.8121
Epoch 46/50 - Val Metric: 0.8154
Epoch 47/50 - Train Loss: 0.5187 - Train Metric: 0.8159
Epoch 47/50 - Val Metric: 0.8134
Epoch 48/50 - Train Loss: 0.5190 - Train Metric: 0.8165
Epoch 48/50 - Val Metric: 0.8139
Epoch 49/50 - Train Loss: 0.5172 - Train Metric: 0.8177
Epoch 49/50 - Val Metric: 0.8142
Epoch 50/50 - Train Loss: 0.5156 - Train Metric: 0.8189
Epoch 50/50 - Val Metric: 0.8175
Best val: 0.8175, Best test: 0.8310
Training set has 13371 instances
Validation set has 1671 instances
Test set has 1672 instances
Epoch 1/50 - Train Loss: 0.7044 - Train Metric: 0.5053
Epoch 1/50 - Val Metric: 0.6219
Epoch 2/50 - Train Loss: 0.6958 - Train Metric: 0.5025
Epoch 2/50 - Val Metric: 0.6272
Epoch 3/50 - Train Loss: 0.6956 - Train Metric: 0.5072
Epoch 3/50 - Val Metric: 0.6191
Epoch 4/50 - Train Loss: 0.6947 - Train Metric: 0.4959
Epoch 4/50 - Val Metric: 0.6261
Epoch 5/50 - Train Loss: 0.6937 - Train Metric: 0.5082
Epoch 5/50 - Val Metric: 0.6236
Epoch 6/50 - Train Loss: 0.6936 - Train Metric: 0.4952
Epoch 6/50 - Val Metric: 0.6219
Epoch 7/50 - Train Loss: 0.6947 - Train Metric: 0.4965
Epoch 7/50 - Val Metric: 0.6234
Epoch 8/50 - Train Loss: 0.6943 - Train Metric: 0.5089
Epoch 8/50 - Val Metric: 0.6190
Epoch 9/50 - Train Loss: 0.6765 - Train Metric: 0.6003
Epoch 9/50 - Val Metric: 0.6113
Epoch 10/50 - Train Loss: 0.6728 - Train Metric: 0.6062
Epoch 10/50 - Val Metric: 0.6149
Epoch 11/50 - Train Loss: 0.6705 - Train Metric: 0.6108
Epoch 11/50 - Val Metric: 0.6240
Epoch 12/50 - Train Loss: 0.6369 - Train Metric: 0.6837
Epoch 12/50 - Val Metric: 0.7785
Epoch 13/50 - Train Loss: 0.5617 - Train Metric: 0.7718
Epoch 13/50 - Val Metric: 0.7835
Epoch 14/50 - Train Loss: 0.5533 - Train Metric: 0.7811
Epoch 14/50 - Val Metric: 0.7861
Epoch 15/50 - Train Loss: 0.5448 - Train Metric: 0.7888
Epoch 15/50 - Val Metric: 0.7876
Epoch 16/50 - Train Loss: 0.5455 - Train Metric: 0.7894
Epoch 16/50 - Val Metric: 0.7878
Epoch 17/50 - Train Loss: 0.5411 - Train Metric: 0.7935
Epoch 17/50 - Val Metric: 0.7872
Epoch 18/50 - Train Loss: 0.5391 - Train Metric: 0.7944
Epoch 18/50 - Val Metric: 0.7891
Epoch 19/50 - Train Loss: 0.5405 - Train Metric: 0.7932
Epoch 19/50 - Val Metric: 0.7888
Epoch 20/50 - Train Loss: 0.5397 - Train Metric: 0.7936
Epoch 20/50 - Val Metric: 0.7925
Epoch 21/50 - Train Loss: 0.5270 - Train Metric: 0.8054
Epoch 21/50 - Val Metric: 0.8017
Epoch 22/50 - Train Loss: 0.5224 - Train Metric: 0.8109
Epoch 22/50 - Val Metric: 0.8023
Epoch 23/50 - Train Loss: 0.5253 - Train Metric: 0.8066
Epoch 23/50 - Val Metric: 0.8022
Epoch 24/50 - Train Loss: 0.5256 - Train Metric: 0.8077
Epoch 24/50 - Val Metric: 0.8019
Epoch 25/50 - Train Loss: 0.5213 - Train Metric: 0.8123
Epoch 25/50 - Val Metric: 0.8083
Epoch 26/50 - Train Loss: 0.5180 - Train Metric: 0.8152
Epoch 26/50 - Val Metric: 0.8100
Epoch 27/50 - Train Loss: 0.5174 - Train Metric: 0.8157
Epoch 27/50 - Val Metric: 0.8087
Epoch 28/50 - Train Loss: 0.5159 - Train Metric: 0.8182
Epoch 28/50 - Val Metric: 0.8106
Epoch 29/50 - Train Loss: 0.5154 - Train Metric: 0.8174
Epoch 29/50 - Val Metric: 0.8069
Epoch 30/50 - Train Loss: 0.5145 - Train Metric: 0.8190
Epoch 30/50 - Val Metric: 0.8106
Epoch 31/50 - Train Loss: 0.5141 - Train Metric: 0.8184
Epoch 31/50 - Val Metric: 0.8084
Epoch 32/50 - Train Loss: 0.5138 - Train Metric: 0.8195
Epoch 32/50 - Val Metric: 0.8122
Epoch 33/50 - Train Loss: 0.5114 - Train Metric: 0.8220
Epoch 33/50 - Val Metric: 0.8121
Epoch 34/50 - Train Loss: 0.5110 - Train Metric: 0.8221
Epoch 34/50 - Val Metric: 0.8106
Epoch 35/50 - Train Loss: 0.5113 - Train Metric: 0.8215
Epoch 35/50 - Val Metric: 0.8129
Epoch 36/50 - Train Loss: 0.5110 - Train Metric: 0.8227
Epoch 36/50 - Val Metric: 0.8139
Epoch 37/50 - Train Loss: 0.5104 - Train Metric: 0.8226
Epoch 37/50 - Val Metric: 0.8153
Epoch 38/50 - Train Loss: 0.5113 - Train Metric: 0.8218
Epoch 38/50 - Val Metric: 0.8128
Epoch 39/50 - Train Loss: 0.5101 - Train Metric: 0.8225
Epoch 39/50 - Val Metric: 0.8161
Epoch 40/50 - Train Loss: 0.5080 - Train Metric: 0.8249
Epoch 40/50 - Val Metric: 0.8161
Epoch 41/50 - Train Loss: 0.5076 - Train Metric: 0.8252
Epoch 41/50 - Val Metric: 0.8155
Epoch 42/50 - Train Loss: 0.5097 - Train Metric: 0.8233
Epoch 42/50 - Val Metric: 0.8158
Epoch 43/50 - Train Loss: 0.5092 - Train Metric: 0.8232
Epoch 43/50 - Val Metric: 0.8157
Epoch 44/50 - Train Loss: 0.5102 - Train Metric: 0.8231
Epoch 44/50 - Val Metric: 0.8155
Epoch 45/50 - Train Loss: 0.5079 - Train Metric: 0.8251
Epoch 45/50 - Val Metric: 0.8148
Epoch 46/50 - Train Loss: 0.5093 - Train Metric: 0.8239
Epoch 46/50 - Val Metric: 0.8153
Epoch 47/50 - Train Loss: 0.5070 - Train Metric: 0.8259
Epoch 47/50 - Val Metric: 0.8157
Epoch 48/50 - Train Loss: 0.5075 - Train Metric: 0.8257
Epoch 48/50 - Val Metric: 0.8159
Epoch 49/50 - Train Loss: 0.5083 - Train Metric: 0.8248
Epoch 49/50 - Val Metric: 0.8160
Epoch 50/50 - Train Loss: 0.5081 - Train Metric: 0.8253
Epoch 50/50 - Val Metric: 0.8157
Best val: 0.8161, Best test: 0.8273
Training set has 13371 instances
Validation set has 1671 instances
Test set has 1672 instances
Epoch 1/50 - Train Loss: 0.7583 - Train Metric: 0.4919
Epoch 1/50 - Val Metric: 0.5490
Epoch 2/50 - Train Loss: 0.6951 - Train Metric: 0.5081
Epoch 2/50 - Val Metric: 0.6036
Epoch 3/50 - Train Loss: 0.6962 - Train Metric: 0.4962
Epoch 3/50 - Val Metric: 0.6479
Epoch 4/50 - Train Loss: 0.6946 - Train Metric: 0.5054
Epoch 4/50 - Val Metric: 0.6594
Epoch 5/50 - Train Loss: 0.6943 - Train Metric: 0.4957
Epoch 5/50 - Val Metric: 0.6673
Epoch 6/50 - Train Loss: 0.6958 - Train Metric: 0.5068
Epoch 6/50 - Val Metric: 0.6740
Epoch 7/50 - Train Loss: 0.6943 - Train Metric: 0.5041
Epoch 7/50 - Val Metric: 0.6724
Epoch 8/50 - Train Loss: 0.6944 - Train Metric: 0.5032
Epoch 8/50 - Val Metric: 0.6770
Epoch 9/50 - Train Loss: 0.6950 - Train Metric: 0.4976
Epoch 9/50 - Val Metric: 0.6776
Epoch 10/50 - Train Loss: 0.6945 - Train Metric: 0.4976
Epoch 10/50 - Val Metric: 0.6754
Epoch 11/50 - Train Loss: 0.6942 - Train Metric: 0.5031
Epoch 11/50 - Val Metric: 0.6752
Epoch 12/50 - Train Loss: 0.6952 - Train Metric: 0.5019
Epoch 12/50 - Val Metric: 0.6375
Epoch 13/50 - Train Loss: 0.6957 - Train Metric: 0.5020
Epoch 13/50 - Val Metric: 0.6765
Epoch 14/50 - Train Loss: 0.6946 - Train Metric: 0.5040
Epoch 14/50 - Val Metric: 0.6777
Epoch 15/50 - Train Loss: 0.6936 - Train Metric: 0.4930
Epoch 15/50 - Val Metric: 0.6730
Epoch 16/50 - Train Loss: 0.6936 - Train Metric: 0.5005
Epoch 16/50 - Val Metric: 0.6836
Epoch 17/50 - Train Loss: 0.6938 - Train Metric: 0.4985
Epoch 17/50 - Val Metric: 0.6841
Epoch 18/50 - Train Loss: 0.6936 - Train Metric: 0.5032
Epoch 18/50 - Val Metric: 0.6848
Epoch 19/50 - Train Loss: 0.6942 - Train Metric: 0.5112
Epoch 19/50 - Val Metric: 0.6776
Epoch 20/50 - Train Loss: 0.6945 - Train Metric: 0.5016
Epoch 20/50 - Val Metric: 0.6831
Epoch 21/50 - Train Loss: 0.6936 - Train Metric: 0.5071
Epoch 21/50 - Val Metric: 0.6848
Epoch 22/50 - Train Loss: 0.6942 - Train Metric: 0.5118
Epoch 22/50 - Val Metric: 0.6844
Epoch 23/50 - Train Loss: 0.6934 - Train Metric: 0.5027
Epoch 23/50 - Val Metric: 0.6802
Epoch 24/50 - Train Loss: 0.6945 - Train Metric: 0.5068
Epoch 24/50 - Val Metric: 0.6845
Epoch 25/50 - Train Loss: 0.6940 - Train Metric: 0.5043
Epoch 25/50 - Val Metric: 0.6873
Epoch 26/50 - Train Loss: 0.6934 - Train Metric: 0.4966
Epoch 26/50 - Val Metric: 0.6836
Epoch 27/50 - Train Loss: 0.6955 - Train Metric: 0.5005
Epoch 27/50 - Val Metric: 0.6824
Epoch 28/50 - Train Loss: 0.6936 - Train Metric: 0.5028
Epoch 28/50 - Val Metric: 0.6825
Epoch 29/50 - Train Loss: 0.6937 - Train Metric: 0.4896
Epoch 29/50 - Val Metric: 0.6822
Epoch 30/50 - Train Loss: 0.6935 - Train Metric: 0.4982
Epoch 30/50 - Val Metric: 0.6873
Epoch 31/50 - Train Loss: 0.6940 - Train Metric: 0.4972
Epoch 31/50 - Val Metric: 0.6874
Epoch 32/50 - Train Loss: 0.6940 - Train Metric: 0.5041
Epoch 32/50 - Val Metric: 0.6844
Epoch 33/50 - Train Loss: 0.6933 - Train Metric: 0.5107
Epoch 33/50 - Val Metric: 0.6879
Epoch 34/50 - Train Loss: 0.6935 - Train Metric: 0.5019
Epoch 34/50 - Val Metric: 0.6888
Epoch 35/50 - Train Loss: 0.6939 - Train Metric: 0.4948
Epoch 35/50 - Val Metric: 0.6878
Epoch 36/50 - Train Loss: 0.6933 - Train Metric: 0.4969
Epoch 36/50 - Val Metric: 0.6922
Epoch 37/50 - Train Loss: 0.6937 - Train Metric: 0.5010
Epoch 37/50 - Val Metric: 0.6909
Epoch 38/50 - Train Loss: 0.6936 - Train Metric: 0.5003
Epoch 38/50 - Val Metric: 0.6896
Epoch 39/50 - Train Loss: 0.6934 - Train Metric: 0.5009
Epoch 39/50 - Val Metric: 0.6937
Epoch 40/50 - Train Loss: 0.6934 - Train Metric: 0.5130
Epoch 40/50 - Val Metric: 0.6946
Epoch 41/50 - Train Loss: 0.6933 - Train Metric: 0.5055
Epoch 41/50 - Val Metric: 0.6941
Epoch 42/50 - Train Loss: 0.6933 - Train Metric: 0.4975
Epoch 42/50 - Val Metric: 0.6951
Epoch 43/50 - Train Loss: 0.6934 - Train Metric: 0.5065
Epoch 43/50 - Val Metric: 0.6961
Epoch 44/50 - Train Loss: 0.6938 - Train Metric: 0.4952
Epoch 44/50 - Val Metric: 0.6991
Epoch 45/50 - Train Loss: 0.6941 - Train Metric: 0.5044
Epoch 45/50 - Val Metric: 0.6991
Epoch 46/50 - Train Loss: 0.6933 - Train Metric: 0.5021
Epoch 46/50 - Val Metric: 0.6996
Epoch 47/50 - Train Loss: 0.6935 - Train Metric: 0.5023
Epoch 47/50 - Val Metric: 0.7021
Epoch 48/50 - Train Loss: 0.6934 - Train Metric: 0.5055
Epoch 48/50 - Val Metric: 0.7007
Epoch 49/50 - Train Loss: 0.6933 - Train Metric: 0.5062
Epoch 49/50 - Val Metric: 0.7020
Epoch 50/50 - Train Loss: 0.6938 - Train Metric: 0.5064
Epoch 50/50 - Val Metric: 0.7020
Best val: 0.7021, Best test: 0.7158
Training set has 13371 instances
Validation set has 1671 instances
Test set has 1672 instances
Training set has 13371 instances
Validation set has 1671 instances
Test set has 1672 instances
Training set has 13371 instances
Validation set has 1671 instances
Test set has 1672 instances
Training set has 13371 instances
Validation set has 1671 instances
Test set has 1672 instances
Training set has 13371 instances
Validation set has 1671 instances
Test set has 1672 instances
Epoch 1/50 - Train Loss: 0.6988 - Train Metric: 0.5007
Epoch 1/50 - Val Metric: 0.6667
Epoch 2/50 - Train Loss: 0.6958 - Train Metric: 0.4946
Epoch 2/50 - Val Metric: 0.6669
Epoch 3/50 - Train Loss: 0.6951 - Train Metric: 0.4989
Epoch 3/50 - Val Metric: 0.6660
Epoch 4/50 - Train Loss: 0.6942 - Train Metric: 0.5069
Epoch 4/50 - Val Metric: 0.6560
Epoch 5/50 - Train Loss: 0.6795 - Train Metric: 0.5949
Epoch 5/50 - Val Metric: 0.6560
Epoch 6/50 - Train Loss: 0.6590 - Train Metric: 0.6434
Epoch 6/50 - Val Metric: 0.7524
Epoch 7/50 - Train Loss: 0.6121 - Train Metric: 0.7233
Epoch 7/50 - Val Metric: 0.7988
Epoch 8/50 - Train Loss: 0.5631 - Train Metric: 0.7703
Epoch 8/50 - Val Metric: 0.8076
Epoch 9/50 - Train Loss: 0.5553 - Train Metric: 0.7806
Epoch 9/50 - Val Metric: 0.8173
Epoch 10/50 - Train Loss: 0.5491 - Train Metric: 0.7865
Epoch 10/50 - Val Metric: 0.8187
Epoch 11/50 - Train Loss: 0.5457 - Train Metric: 0.7905
Epoch 11/50 - Val Metric: 0.8185
Epoch 12/50 - Train Loss: 0.5448 - Train Metric: 0.7910
Epoch 12/50 - Val Metric: 0.8220
Epoch 13/50 - Train Loss: 0.5434 - Train Metric: 0.7921
Epoch 13/50 - Val Metric: 0.8267
Epoch 14/50 - Train Loss: 0.5402 - Train Metric: 0.7935
Epoch 14/50 - Val Metric: 0.8300
Epoch 15/50 - Train Loss: 0.5304 - Train Metric: 0.8042
Epoch 15/50 - Val Metric: 0.8331
Epoch 16/50 - Train Loss: 0.5314 - Train Metric: 0.8033
Epoch 16/50 - Val Metric: 0.8305
Epoch 17/50 - Train Loss: 0.5296 - Train Metric: 0.8045
Epoch 17/50 - Val Metric: 0.8350
Epoch 18/50 - Train Loss: 0.5263 - Train Metric: 0.8074
Epoch 18/50 - Val Metric: 0.8354
Epoch 19/50 - Train Loss: 0.5280 - Train Metric: 0.8063
Epoch 19/50 - Val Metric: 0.8344
Epoch 20/50 - Train Loss: 0.5245 - Train Metric: 0.8094
Epoch 20/50 - Val Metric: 0.8348
Epoch 21/50 - Train Loss: 0.5300 - Train Metric: 0.8045
Epoch 21/50 - Val Metric: 0.8351
Epoch 22/50 - Train Loss: 0.5252 - Train Metric: 0.8098
Epoch 22/50 - Val Metric: 0.8352
Epoch 23/50 - Train Loss: 0.5246 - Train Metric: 0.8111
Epoch 23/50 - Val Metric: 0.8352
Epoch 24/50 - Train Loss: 0.5236 - Train Metric: 0.8114
Epoch 24/50 - Val Metric: 0.8359
Epoch 25/50 - Train Loss: 0.5265 - Train Metric: 0.8093
Epoch 25/50 - Val Metric: 0.8355
Epoch 26/50 - Train Loss: 0.5232 - Train Metric: 0.8113
Epoch 26/50 - Val Metric: 0.8357
Epoch 27/50 - Train Loss: 0.5251 - Train Metric: 0.8096
Epoch 27/50 - Val Metric: 0.8355
Epoch 28/50 - Train Loss: 0.5239 - Train Metric: 0.8106
Epoch 28/50 - Val Metric: 0.8358
Epoch 29/50 - Train Loss: 0.5226 - Train Metric: 0.8121
Epoch 29/50 - Val Metric: 0.8363
Epoch 30/50 - Train Loss: 0.5219 - Train Metric: 0.8128
Epoch 30/50 - Val Metric: 0.8365
Epoch 31/50 - Train Loss: 0.5213 - Train Metric: 0.8135
Epoch 31/50 - Val Metric: 0.8366
Epoch 32/50 - Train Loss: 0.5213 - Train Metric: 0.8127
Epoch 32/50 - Val Metric: 0.8366
Epoch 33/50 - Train Loss: 0.5223 - Train Metric: 0.8119
Epoch 33/50 - Val Metric: 0.8366
Epoch 34/50 - Train Loss: 0.5232 - Train Metric: 0.8110
Epoch 34/50 - Val Metric: 0.8365
Epoch 35/50 - Train Loss: 0.5227 - Train Metric: 0.8116
Epoch 35/50 - Val Metric: 0.8366
Epoch 36/50 - Train Loss: 0.5202 - Train Metric: 0.8149
Epoch 36/50 - Val Metric: 0.8362
Epoch 37/50 - Train Loss: 0.5203 - Train Metric: 0.8146
Epoch 37/50 - Val Metric: 0.8363
Epoch 38/50 - Train Loss: 0.5199 - Train Metric: 0.8136
Epoch 38/50 - Val Metric: 0.8357
Epoch 39/50 - Train Loss: 0.5218 - Train Metric: 0.8126
Epoch 39/50 - Val Metric: 0.8358
Epoch 40/50 - Train Loss: 0.5206 - Train Metric: 0.8139
Epoch 40/50 - Val Metric: 0.8364
Epoch 41/50 - Train Loss: 0.5197 - Train Metric: 0.8149
Epoch 41/50 - Val Metric: 0.8363
Epoch 42/50 - Train Loss: 0.5200 - Train Metric: 0.8142
Epoch 42/50 - Val Metric: 0.8364
Epoch 43/50 - Train Loss: 0.5197 - Train Metric: 0.8143
Epoch 43/50 - Val Metric: 0.8363
Epoch 44/50 - Train Loss: 0.5199 - Train Metric: 0.8144
Epoch 44/50 - Val Metric: 0.8358
Epoch 45/50 - Train Loss: 0.5188 - Train Metric: 0.8156
Epoch 45/50 - Val Metric: 0.8358
Epoch 46/50 - Train Loss: 0.5197 - Train Metric: 0.8143
Epoch 46/50 - Val Metric: 0.8366
Epoch 47/50 - Train Loss: 0.5185 - Train Metric: 0.8159
Epoch 47/50 - Val Metric: 0.8363
Epoch 48/50 - Train Loss: 0.5196 - Train Metric: 0.8143
Epoch 48/50 - Val Metric: 0.8361
Epoch 49/50 - Train Loss: 0.5199 - Train Metric: 0.8140
Epoch 49/50 - Val Metric: 0.8361
Epoch 50/50 - Train Loss: 0.5203 - Train Metric: 0.8134
Epoch 50/50 - Val Metric: 0.8362
Best val: 0.8366, Best test: 0.8276
Training set has 13371 instances
Validation set has 1671 instances
Test set has 1672 instances
Training set has 13371 instances
Validation set has 1671 instances
Test set has 1672 instances
Epoch 1/50 - Train Loss: 0.7014 - Train Metric: 0.4975
Epoch 1/50 - Val Metric: 0.6437
Epoch 2/50 - Train Loss: 0.6975 - Train Metric: 0.4955
Epoch 2/50 - Val Metric: 0.6504
Epoch 3/50 - Train Loss: 0.6936 - Train Metric: 0.5106
Epoch 3/50 - Val Metric: 0.6499
Epoch 4/50 - Train Loss: 0.6941 - Train Metric: 0.5078
Epoch 4/50 - Val Metric: 0.6527
Epoch 5/50 - Train Loss: 0.6945 - Train Metric: 0.4991
Epoch 5/50 - Val Metric: 0.6516
Training set has 13371 instances
Validation set has 1671 instances
Test set has 1672 instances
Training set has 13371 instances
Validation set has 1671 instances
Test set has 1672 instances
Epoch 1/50 - Train Loss: 0.7010 - Train Metric: 0.5052
Epoch 1/50 - Val Metric: 0.6547
Epoch 2/50 - Train Loss: 0.6962 - Train Metric: 0.5020
Epoch 2/50 - Val Metric: 0.6627
Epoch 3/50 - Train Loss: 0.6940 - Train Metric: 0.5058
Epoch 3/50 - Val Metric: 0.6618
Epoch 4/50 - Train Loss: 0.6916 - Train Metric: 0.5277
Epoch 4/50 - Val Metric: 0.6603
Epoch 5/50 - Train Loss: 0.6423 - Train Metric: 0.6763
Epoch 5/50 - Val Metric: 0.7754
Epoch 6/50 - Train Loss: 0.5769 - Train Metric: 0.7560
Epoch 6/50 - Val Metric: 0.7979
Epoch 7/50 - Train Loss: 0.5632 - Train Metric: 0.7681
Epoch 7/50 - Val Metric: 0.7959
Epoch 8/50 - Train Loss: 0.5477 - Train Metric: 0.7851
Epoch 8/50 - Val Metric: 0.8125
Epoch 9/50 - Train Loss: 0.5413 - Train Metric: 0.7911
Epoch 9/50 - Val Metric: 0.8103
Epoch 10/50 - Train Loss: 0.5414 - Train Metric: 0.7914
Epoch 10/50 - Val Metric: 0.8135
Epoch 11/50 - Train Loss: 0.5316 - Train Metric: 0.8019
Epoch 11/50 - Val Metric: 0.8177
Epoch 12/50 - Train Loss: 0.5251 - Train Metric: 0.8091
Epoch 12/50 - Val Metric: 0.8172
Epoch 13/50 - Train Loss: 0.5271 - Train Metric: 0.8070
Epoch 13/50 - Val Metric: 0.8167
Epoch 14/50 - Train Loss: 0.5278 - Train Metric: 0.8048
Epoch 14/50 - Val Metric: 0.8186
Epoch 15/50 - Train Loss: 0.5225 - Train Metric: 0.8114
Epoch 15/50 - Val Metric: 0.8177
Epoch 16/50 - Train Loss: 0.5221 - Train Metric: 0.8109
Epoch 16/50 - Val Metric: 0.8126
Epoch 17/50 - Train Loss: 0.5232 - Train Metric: 0.8098
Epoch 17/50 - Val Metric: 0.8193
Epoch 18/50 - Train Loss: 0.5183 - Train Metric: 0.8149
Epoch 18/50 - Val Metric: 0.8193
Epoch 19/50 - Train Loss: 0.5216 - Train Metric: 0.8114
Epoch 19/50 - Val Metric: 0.8184
Epoch 20/50 - Train Loss: 0.5222 - Train Metric: 0.8100
Epoch 20/50 - Val Metric: 0.8168
Epoch 21/50 - Train Loss: 0.5164 - Train Metric: 0.8165
Epoch 21/50 - Val Metric: 0.8180
Epoch 22/50 - Train Loss: 0.5190 - Train Metric: 0.8142
Epoch 22/50 - Val Metric: 0.8141
Epoch 23/50 - Train Loss: 0.5177 - Train Metric: 0.8164
Epoch 23/50 - Val Metric: 0.8184
Epoch 24/50 - Train Loss: 0.5178 - Train Metric: 0.8155
Epoch 24/50 - Val Metric: 0.8184
Epoch 25/50 - Train Loss: 0.5179 - Train Metric: 0.8157
Epoch 25/50 - Val Metric: 0.8186
Epoch 26/50 - Train Loss: 0.5195 - Train Metric: 0.8138
Epoch 26/50 - Val Metric: 0.8184
Epoch 27/50 - Train Loss: 0.5158 - Train Metric: 0.8167
Epoch 27/50 - Val Metric: 0.8184
Epoch 28/50 - Train Loss: 0.5180 - Train Metric: 0.8152
Epoch 28/50 - Val Metric: 0.8187
Epoch 29/50 - Train Loss: 0.5144 - Train Metric: 0.8182
Epoch 29/50 - Val Metric: 0.8178
Epoch 30/50 - Train Loss: 0.5165 - Train Metric: 0.8167
Epoch 30/50 - Val Metric: 0.8186
Epoch 31/50 - Train Loss: 0.5178 - Train Metric: 0.8152
Epoch 31/50 - Val Metric: 0.8175
Epoch 32/50 - Train Loss: 0.5158 - Train Metric: 0.8167
Epoch 32/50 - Val Metric: 0.8175
Epoch 33/50 - Train Loss: 0.5152 - Train Metric: 0.8179
Epoch 33/50 - Val Metric: 0.8174
Epoch 34/50 - Train Loss: 0.5162 - Train Metric: 0.8165
Epoch 34/50 - Val Metric: 0.8190
Epoch 35/50 - Train Loss: 0.5157 - Train Metric: 0.8172
Epoch 35/50 - Val Metric: 0.8175
Epoch 36/50 - Train Loss: 0.5141 - Train Metric: 0.8179
Epoch 36/50 - Val Metric: 0.8172
Epoch 37/50 - Train Loss: 0.5133 - Train Metric: 0.8198
Epoch 37/50 - Val Metric: 0.8180
Epoch 38/50 - Train Loss: 0.5165 - Train Metric: 0.8158
Epoch 38/50 - Val Metric: 0.8159
Epoch 39/50 - Train Loss: 0.5148 - Train Metric: 0.8180
Epoch 39/50 - Val Metric: 0.8175
Epoch 40/50 - Train Loss: 0.5153 - Train Metric: 0.8177
Epoch 40/50 - Val Metric: 0.8166
Epoch 41/50 - Train Loss: 0.5143 - Train Metric: 0.8189
Epoch 41/50 - Val Metric: 0.8191
Epoch 42/50 - Train Loss: 0.5156 - Train Metric: 0.8168
Epoch 42/50 - Val Metric: 0.8163
Epoch 43/50 - Train Loss: 0.5156 - Train Metric: 0.8171
Epoch 43/50 - Val Metric: 0.8172
Epoch 44/50 - Train Loss: 0.5140 - Train Metric: 0.8187
Epoch 44/50 - Val Metric: 0.8182
Epoch 45/50 - Train Loss: 0.5148 - Train Metric: 0.8181
Epoch 45/50 - Val Metric: 0.8183
Epoch 46/50 - Train Loss: 0.5147 - Train Metric: 0.8181
Epoch 46/50 - Val Metric: 0.8181
Epoch 47/50 - Train Loss: 0.5145 - Train Metric: 0.8185
Epoch 47/50 - Val Metric: 0.8179
Epoch 48/50 - Train Loss: 0.5132 - Train Metric: 0.8195
Epoch 48/50 - Val Metric: 0.8184
Epoch 49/50 - Train Loss: 0.5146 - Train Metric: 0.8179
Epoch 49/50 - Val Metric: 0.8169
Epoch 50/50 - Train Loss: 0.5141 - Train Metric: 0.8186
Epoch 50/50 - Val Metric: 0.8172
Best val: 0.8193, Best test: 0.8320
Training set has 13371 instances
Validation set has 1671 instances
Test set has 1672 instances
Training set has 13371 instances
Validation set has 1671 instances
Test set has 1672 instances
Epoch 1/50 - Train Loss: 0.7085 - Train Metric: 0.4874
Epoch 1/50 - Val Metric: 0.6615
Epoch 2/50 - Train Loss: 0.6960 - Train Metric: 0.5065
Epoch 2/50 - Val Metric: 0.6551
Epoch 3/50 - Train Loss: 0.6949 - Train Metric: 0.5016
Epoch 3/50 - Val Metric: 0.6519
Epoch 4/50 - Train Loss: 0.6944 - Train Metric: 0.5046
Epoch 4/50 - Val Metric: 0.6479
Epoch 5/50 - Train Loss: 0.6959 - Train Metric: 0.4944
Epoch 5/50 - Val Metric: 0.6471
Training set has 13371 instances
Validation set has 1671 instances
Test set has 1672 instances
Training set has 13371 instances
Validation set has 1671 instances
Test set has 1672 instances
Training set has 13371 instances
Validation set has 1671 instances
Test set has 1672 instances
Epoch 1/50 - Train Loss: 0.6944 - Train Metric: 0.4993
Epoch 1/50 - Val Metric: 0.6450
Epoch 2/50 - Train Loss: 0.6944 - Train Metric: 0.5098
Epoch 2/50 - Val Metric: 0.6388
Training set has 13371 instances
Validation set has 1671 instances
Test set has 1672 instances
Epoch 1/50 - Train Loss: 0.7190 - Train Metric: 0.5028
Epoch 1/50 - Val Metric: 0.6624
Epoch 2/50 - Train Loss: 0.6973 - Train Metric: 0.4976
Epoch 2/50 - Val Metric: 0.6587
Epoch 3/50 - Train Loss: 0.6973 - Train Metric: 0.4945
Epoch 3/50 - Val Metric: 0.6629
Epoch 4/50 - Train Loss: 0.6951 - Train Metric: 0.5011
Epoch 4/50 - Val Metric: 0.6600
Epoch 5/50 - Train Loss: 0.6952 - Train Metric: 0.4987
Epoch 5/50 - Val Metric: 0.6592
Hyper-parameter search done. Found the best config.
Repeat experiments 5 times with the best train config {'batch_size': 256, 'gamma_rate': 0.95, 'base_lr': 0.001} and model config {'num_heads': 4, 'num_layers': 6, 'num_latents': 4, 'hidden_dim': 32, 'mlp_ratio': 0.25, 'dropout_prob': 0.2, 'top_k': 1}.
Training set has 13371 instances
Validation set has 1671 instances
Test set has 1672 instances
Epoch 1/50 - Train Loss: 0.7055 - Train Metric: 0.4972
Epoch 1/50 - Val Metric: 0.6299
Epoch 2/50 - Train Loss: 0.6973 - Train Metric: 0.5007
Epoch 2/50 - Val Metric: 0.6328
Epoch 3/50 - Train Loss: 0.6957 - Train Metric: 0.5020
Epoch 3/50 - Val Metric: 0.6327
Epoch 4/50 - Train Loss: 0.6946 - Train Metric: 0.5047
Epoch 4/50 - Val Metric: 0.6326
Epoch 5/50 - Train Loss: 0.6942 - Train Metric: 0.5051
Epoch 5/50 - Val Metric: 0.6351
Epoch 6/50 - Train Loss: 0.6905 - Train Metric: 0.5425
Epoch 6/50 - Val Metric: 0.6264
Epoch 7/50 - Train Loss: 0.6740 - Train Metric: 0.6108
Epoch 7/50 - Val Metric: 0.6512
Epoch 8/50 - Train Loss: 0.6524 - Train Metric: 0.6628
Epoch 8/50 - Val Metric: 0.7579
Epoch 9/50 - Train Loss: 0.6050 - Train Metric: 0.7213
Epoch 9/50 - Val Metric: 0.7849
Epoch 10/50 - Train Loss: 0.5770 - Train Metric: 0.7583
Epoch 10/50 - Val Metric: 0.8010
Epoch 11/50 - Train Loss: 0.5583 - Train Metric: 0.7771
Epoch 11/50 - Val Metric: 0.8127
Epoch 12/50 - Train Loss: 0.5491 - Train Metric: 0.7882
Epoch 12/50 - Val Metric: 0.8161
Epoch 13/50 - Train Loss: 0.5503 - Train Metric: 0.7842
Epoch 13/50 - Val Metric: 0.8236
Epoch 14/50 - Train Loss: 0.5381 - Train Metric: 0.7990
Epoch 14/50 - Val Metric: 0.8247
Epoch 15/50 - Train Loss: 0.5327 - Train Metric: 0.8041
Epoch 15/50 - Val Metric: 0.8297
Epoch 16/50 - Train Loss: 0.5307 - Train Metric: 0.8054
Epoch 16/50 - Val Metric: 0.8326
Epoch 17/50 - Train Loss: 0.5257 - Train Metric: 0.8111
Epoch 17/50 - Val Metric: 0.8345
Epoch 18/50 - Train Loss: 0.5283 - Train Metric: 0.8062
Epoch 18/50 - Val Metric: 0.8303
Epoch 19/50 - Train Loss: 0.5234 - Train Metric: 0.8126
Epoch 19/50 - Val Metric: 0.8349
Epoch 20/50 - Train Loss: 0.5252 - Train Metric: 0.8111
Epoch 20/50 - Val Metric: 0.8360
Epoch 21/50 - Train Loss: 0.5249 - Train Metric: 0.8121
Epoch 21/50 - Val Metric: 0.8329
Epoch 22/50 - Train Loss: 0.5243 - Train Metric: 0.8113
Epoch 22/50 - Val Metric: 0.8369
Epoch 23/50 - Train Loss: 0.5209 - Train Metric: 0.8155
Epoch 23/50 - Val Metric: 0.8354
Epoch 24/50 - Train Loss: 0.5265 - Train Metric: 0.8074
Epoch 24/50 - Val Metric: 0.8349
Epoch 25/50 - Train Loss: 0.5219 - Train Metric: 0.8132
Epoch 25/50 - Val Metric: 0.8334
Epoch 26/50 - Train Loss: 0.5211 - Train Metric: 0.8147
Epoch 26/50 - Val Metric: 0.8334
Epoch 27/50 - Train Loss: 0.5207 - Train Metric: 0.8150
Epoch 27/50 - Val Metric: 0.8336
Epoch 28/50 - Train Loss: 0.5194 - Train Metric: 0.8160
Epoch 28/50 - Val Metric: 0.8336
Epoch 29/50 - Train Loss: 0.5195 - Train Metric: 0.8152
Epoch 29/50 - Val Metric: 0.8351
Epoch 30/50 - Train Loss: 0.5193 - Train Metric: 0.8163
Epoch 30/50 - Val Metric: 0.8345
Epoch 31/50 - Train Loss: 0.5194 - Train Metric: 0.8163
Epoch 31/50 - Val Metric: 0.8356
Epoch 32/50 - Train Loss: 0.5156 - Train Metric: 0.8196
Epoch 32/50 - Val Metric: 0.8363
Epoch 33/50 - Train Loss: 0.5159 - Train Metric: 0.8194
Epoch 33/50 - Val Metric: 0.8345
Epoch 34/50 - Train Loss: 0.5178 - Train Metric: 0.8188
Epoch 34/50 - Val Metric: 0.8347
Epoch 35/50 - Train Loss: 0.5182 - Train Metric: 0.8179
Epoch 35/50 - Val Metric: 0.8346
Epoch 36/50 - Train Loss: 0.5166 - Train Metric: 0.8187
Epoch 36/50 - Val Metric: 0.8358
Epoch 37/50 - Train Loss: 0.5173 - Train Metric: 0.8184
Epoch 37/50 - Val Metric: 0.8343
Epoch 38/50 - Train Loss: 0.5151 - Train Metric: 0.8191
Epoch 38/50 - Val Metric: 0.8334
Epoch 39/50 - Train Loss: 0.5176 - Train Metric: 0.8179
Epoch 39/50 - Val Metric: 0.8345
Epoch 40/50 - Train Loss: 0.5189 - Train Metric: 0.8161
Epoch 40/50 - Val Metric: 0.8318
Epoch 41/50 - Train Loss: 0.5157 - Train Metric: 0.8189
Epoch 41/50 - Val Metric: 0.8346
Epoch 42/50 - Train Loss: 0.5154 - Train Metric: 0.8191
Epoch 42/50 - Val Metric: 0.8322
Epoch 43/50 - Train Loss: 0.5136 - Train Metric: 0.8216
Epoch 43/50 - Val Metric: 0.8351
Epoch 44/50 - Train Loss: 0.5144 - Train Metric: 0.8201
Epoch 44/50 - Val Metric: 0.8347
Epoch 45/50 - Train Loss: 0.5172 - Train Metric: 0.8181
Epoch 45/50 - Val Metric: 0.8345
Epoch 46/50 - Train Loss: 0.5162 - Train Metric: 0.8194
Epoch 46/50 - Val Metric: 0.8339
Epoch 47/50 - Train Loss: 0.5160 - Train Metric: 0.8196
Epoch 47/50 - Val Metric: 0.8333
Epoch 48/50 - Train Loss: 0.5136 - Train Metric: 0.8213
Epoch 48/50 - Val Metric: 0.8340
Epoch 49/50 - Train Loss: 0.5179 - Train Metric: 0.8179
Epoch 49/50 - Val Metric: 0.8356
Epoch 50/50 - Train Loss: 0.5156 - Train Metric: 0.8198
Epoch 50/50 - Val Metric: 0.8354
Best val: 0.8369, Best test: 0.8081
Training set has 13371 instances
Validation set has 1671 instances
Test set has 1672 instances
Epoch 1/50 - Train Loss: 0.7007 - Train Metric: 0.4992
Epoch 1/50 - Val Metric: 0.6537
Epoch 2/50 - Train Loss: 0.6965 - Train Metric: 0.4890
Epoch 2/50 - Val Metric: 0.6572
Epoch 3/50 - Train Loss: 0.6946 - Train Metric: 0.5004
Epoch 3/50 - Val Metric: 0.6550
Epoch 4/50 - Train Loss: 0.6947 - Train Metric: 0.5056
Epoch 4/50 - Val Metric: 0.6434
Epoch 5/50 - Train Loss: 0.6905 - Train Metric: 0.5535
Epoch 5/50 - Val Metric: 0.6306
Epoch 6/50 - Train Loss: 0.6743 - Train Metric: 0.6047
Epoch 6/50 - Val Metric: 0.6548
Epoch 7/50 - Train Loss: 0.6546 - Train Metric: 0.6574
Epoch 7/50 - Val Metric: 0.7349
Epoch 8/50 - Train Loss: 0.6099 - Train Metric: 0.7244
Epoch 8/50 - Val Metric: 0.7777
Epoch 9/50 - Train Loss: 0.5741 - Train Metric: 0.7624
Epoch 9/50 - Val Metric: 0.8010
Epoch 10/50 - Train Loss: 0.5463 - Train Metric: 0.7914
Epoch 10/50 - Val Metric: 0.8014
Epoch 11/50 - Train Loss: 0.5477 - Train Metric: 0.7886
Epoch 11/50 - Val Metric: 0.8053
Epoch 12/50 - Train Loss: 0.5429 - Train Metric: 0.7938
Epoch 12/50 - Val Metric: 0.8105
Epoch 13/50 - Train Loss: 0.5348 - Train Metric: 0.8024
Epoch 13/50 - Val Metric: 0.8129
Epoch 14/50 - Train Loss: 0.5365 - Train Metric: 0.7988
Epoch 14/50 - Val Metric: 0.8128
Epoch 15/50 - Train Loss: 0.5350 - Train Metric: 0.8000
Epoch 15/50 - Val Metric: 0.8116
Epoch 16/50 - Train Loss: 0.5282 - Train Metric: 0.8074
Epoch 16/50 - Val Metric: 0.8113
Epoch 17/50 - Train Loss: 0.5298 - Train Metric: 0.8059
Epoch 17/50 - Val Metric: 0.8129
Epoch 18/50 - Train Loss: 0.5291 - Train Metric: 0.8059
Epoch 18/50 - Val Metric: 0.8098
Epoch 19/50 - Train Loss: 0.5287 - Train Metric: 0.8066
Epoch 19/50 - Val Metric: 0.8089
Epoch 20/50 - Train Loss: 0.5269 - Train Metric: 0.8085
Epoch 20/50 - Val Metric: 0.8139
Epoch 21/50 - Train Loss: 0.5232 - Train Metric: 0.8120
Epoch 21/50 - Val Metric: 0.8145
Epoch 22/50 - Train Loss: 0.5246 - Train Metric: 0.8101
Epoch 22/50 - Val Metric: 0.8151
Epoch 23/50 - Train Loss: 0.5254 - Train Metric: 0.8099
Epoch 23/50 - Val Metric: 0.8153
Epoch 24/50 - Train Loss: 0.5266 - Train Metric: 0.8086
Epoch 24/50 - Val Metric: 0.8119
Epoch 25/50 - Train Loss: 0.5237 - Train Metric: 0.8114
Epoch 25/50 - Val Metric: 0.8148
Epoch 26/50 - Train Loss: 0.5209 - Train Metric: 0.8139
Epoch 26/50 - Val Metric: 0.8151
Epoch 27/50 - Train Loss: 0.5266 - Train Metric: 0.8082
Epoch 27/50 - Val Metric: 0.8154
Epoch 28/50 - Train Loss: 0.5207 - Train Metric: 0.8142
Epoch 28/50 - Val Metric: 0.8159
Epoch 29/50 - Train Loss: 0.5202 - Train Metric: 0.8144
Epoch 29/50 - Val Metric: 0.8163
Epoch 30/50 - Train Loss: 0.5166 - Train Metric: 0.8180
Epoch 30/50 - Val Metric: 0.8167
Epoch 31/50 - Train Loss: 0.5192 - Train Metric: 0.8151
Epoch 31/50 - Val Metric: 0.8169
Epoch 32/50 - Train Loss: 0.5188 - Train Metric: 0.8162
Epoch 32/50 - Val Metric: 0.8173
Epoch 33/50 - Train Loss: 0.5198 - Train Metric: 0.8152
Epoch 33/50 - Val Metric: 0.8176
Epoch 34/50 - Train Loss: 0.5191 - Train Metric: 0.8166
Epoch 34/50 - Val Metric: 0.8163
Epoch 35/50 - Train Loss: 0.5182 - Train Metric: 0.8172
Epoch 35/50 - Val Metric: 0.8187
Epoch 36/50 - Train Loss: 0.5184 - Train Metric: 0.8156
Epoch 36/50 - Val Metric: 0.8183
Epoch 37/50 - Train Loss: 0.5174 - Train Metric: 0.8183
Epoch 37/50 - Val Metric: 0.8190
Epoch 38/50 - Train Loss: 0.5181 - Train Metric: 0.8176
Epoch 38/50 - Val Metric: 0.8188
Epoch 39/50 - Train Loss: 0.5170 - Train Metric: 0.8178
Epoch 39/50 - Val Metric: 0.8198
Epoch 40/50 - Train Loss: 0.5154 - Train Metric: 0.8201
Epoch 40/50 - Val Metric: 0.8198
Epoch 41/50 - Train Loss: 0.5176 - Train Metric: 0.8170
Epoch 41/50 - Val Metric: 0.8211
Epoch 42/50 - Train Loss: 0.5205 - Train Metric: 0.8152
Epoch 42/50 - Val Metric: 0.8196
Epoch 43/50 - Train Loss: 0.5166 - Train Metric: 0.8186
Epoch 43/50 - Val Metric: 0.8204
Epoch 44/50 - Train Loss: 0.5154 - Train Metric: 0.8196
Epoch 44/50 - Val Metric: 0.8210
Epoch 45/50 - Train Loss: 0.5168 - Train Metric: 0.8184
Epoch 45/50 - Val Metric: 0.8201
Epoch 46/50 - Train Loss: 0.5153 - Train Metric: 0.8199
Epoch 46/50 - Val Metric: 0.8204
Epoch 47/50 - Train Loss: 0.5135 - Train Metric: 0.8214
Epoch 47/50 - Val Metric: 0.8208
Epoch 48/50 - Train Loss: 0.5147 - Train Metric: 0.8202
Epoch 48/50 - Val Metric: 0.8202
Epoch 49/50 - Train Loss: 0.5165 - Train Metric: 0.8184
Epoch 49/50 - Val Metric: 0.8209
Epoch 50/50 - Train Loss: 0.5153 - Train Metric: 0.8197
Epoch 50/50 - Val Metric: 0.8209
Best val: 0.8211, Best test: 0.8293
Training set has 13371 instances
Validation set has 1671 instances
Test set has 1672 instances
Epoch 1/50 - Train Loss: 0.6971 - Train Metric: 0.4971
Epoch 1/50 - Val Metric: 0.6027
Epoch 2/50 - Train Loss: 0.6944 - Train Metric: 0.5044
Epoch 2/50 - Val Metric: 0.6507
Epoch 3/50 - Train Loss: 0.6942 - Train Metric: 0.5020
Epoch 3/50 - Val Metric: 0.6434
Epoch 4/50 - Train Loss: 0.6792 - Train Metric: 0.5943
Epoch 4/50 - Val Metric: 0.6356
Epoch 5/50 - Train Loss: 0.6557 - Train Metric: 0.6544
Epoch 5/50 - Val Metric: 0.7377
Epoch 6/50 - Train Loss: 0.6016 - Train Metric: 0.7297
Epoch 6/50 - Val Metric: 0.7755
Epoch 7/50 - Train Loss: 0.5790 - Train Metric: 0.7491
Epoch 7/50 - Val Metric: 0.7854
Epoch 8/50 - Train Loss: 0.5553 - Train Metric: 0.7808
Epoch 8/50 - Val Metric: 0.7904
Epoch 9/50 - Train Loss: 0.5501 - Train Metric: 0.7864
Epoch 9/50 - Val Metric: 0.7920
Epoch 10/50 - Train Loss: 0.5439 - Train Metric: 0.7886
Epoch 10/50 - Val Metric: 0.7945
Epoch 11/50 - Train Loss: 0.5391 - Train Metric: 0.7971
Epoch 11/50 - Val Metric: 0.8001
Epoch 12/50 - Train Loss: 0.5397 - Train Metric: 0.7949
Epoch 12/50 - Val Metric: 0.8034
Epoch 13/50 - Train Loss: 0.5334 - Train Metric: 0.8027
Epoch 13/50 - Val Metric: 0.8109
Epoch 14/50 - Train Loss: 0.5345 - Train Metric: 0.8003
Epoch 14/50 - Val Metric: 0.8128
Epoch 15/50 - Train Loss: 0.5326 - Train Metric: 0.8023
Epoch 15/50 - Val Metric: 0.8155
Epoch 16/50 - Train Loss: 0.5290 - Train Metric: 0.8048
Epoch 16/50 - Val Metric: 0.8143
Epoch 17/50 - Train Loss: 0.5285 - Train Metric: 0.8062
Epoch 17/50 - Val Metric: 0.8157
Epoch 18/50 - Train Loss: 0.5280 - Train Metric: 0.8070
Epoch 18/50 - Val Metric: 0.8166
Epoch 19/50 - Train Loss: 0.5257 - Train Metric: 0.8082
Epoch 19/50 - Val Metric: 0.8126
Epoch 20/50 - Train Loss: 0.5249 - Train Metric: 0.8097
Epoch 20/50 - Val Metric: 0.8170
Epoch 21/50 - Train Loss: 0.5248 - Train Metric: 0.8102
Epoch 21/50 - Val Metric: 0.8150
Epoch 22/50 - Train Loss: 0.5229 - Train Metric: 0.8119
Epoch 22/50 - Val Metric: 0.8186
Epoch 23/50 - Train Loss: 0.5240 - Train Metric: 0.8107
Epoch 23/50 - Val Metric: 0.8170
Epoch 24/50 - Train Loss: 0.5230 - Train Metric: 0.8117
Epoch 24/50 - Val Metric: 0.8188
Epoch 25/50 - Train Loss: 0.5224 - Train Metric: 0.8117
Epoch 25/50 - Val Metric: 0.8175
Epoch 26/50 - Train Loss: 0.5215 - Train Metric: 0.8131
Epoch 26/50 - Val Metric: 0.8178
Epoch 27/50 - Train Loss: 0.5235 - Train Metric: 0.8113
Epoch 27/50 - Val Metric: 0.8171
Epoch 28/50 - Train Loss: 0.5233 - Train Metric: 0.8119
Epoch 28/50 - Val Metric: 0.8183
Epoch 29/50 - Train Loss: 0.5201 - Train Metric: 0.8143
Epoch 29/50 - Val Metric: 0.8182
Epoch 30/50 - Train Loss: 0.5219 - Train Metric: 0.8132
Epoch 30/50 - Val Metric: 0.8185
Epoch 31/50 - Train Loss: 0.5209 - Train Metric: 0.8135
Epoch 31/50 - Val Metric: 0.8178
Epoch 32/50 - Train Loss: 0.5230 - Train Metric: 0.8119
Epoch 32/50 - Val Metric: 0.8158
Epoch 33/50 - Train Loss: 0.5216 - Train Metric: 0.8130
Epoch 33/50 - Val Metric: 0.8181
Epoch 34/50 - Train Loss: 0.5204 - Train Metric: 0.8136
Epoch 34/50 - Val Metric: 0.8171
Epoch 35/50 - Train Loss: 0.5196 - Train Metric: 0.8158
Epoch 35/50 - Val Metric: 0.8184
Epoch 36/50 - Train Loss: 0.5196 - Train Metric: 0.8148
Epoch 36/50 - Val Metric: 0.8184
Epoch 37/50 - Train Loss: 0.5208 - Train Metric: 0.8141
Epoch 37/50 - Val Metric: 0.8181
Epoch 38/50 - Train Loss: 0.5210 - Train Metric: 0.8135
Epoch 38/50 - Val Metric: 0.8180
Epoch 39/50 - Train Loss: 0.5201 - Train Metric: 0.8148
Epoch 39/50 - Val Metric: 0.8181
Epoch 40/50 - Train Loss: 0.5205 - Train Metric: 0.8150
Epoch 40/50 - Val Metric: 0.8180
Epoch 41/50 - Train Loss: 0.5200 - Train Metric: 0.8148
Epoch 41/50 - Val Metric: 0.8182
Epoch 42/50 - Train Loss: 0.5196 - Train Metric: 0.8146
Epoch 42/50 - Val Metric: 0.8173
Epoch 43/50 - Train Loss: 0.5189 - Train Metric: 0.8162
Epoch 43/50 - Val Metric: 0.8181
Epoch 44/50 - Train Loss: 0.5184 - Train Metric: 0.8155
Epoch 44/50 - Val Metric: 0.8182
Epoch 45/50 - Train Loss: 0.5188 - Train Metric: 0.8146
Epoch 45/50 - Val Metric: 0.8179
Epoch 46/50 - Train Loss: 0.5205 - Train Metric: 0.8135
Epoch 46/50 - Val Metric: 0.8180
Epoch 47/50 - Train Loss: 0.5192 - Train Metric: 0.8155
Epoch 47/50 - Val Metric: 0.8183
Epoch 48/50 - Train Loss: 0.5189 - Train Metric: 0.8161
Epoch 48/50 - Val Metric: 0.8185
Epoch 49/50 - Train Loss: 0.5181 - Train Metric: 0.8159
Epoch 49/50 - Val Metric: 0.8185
Epoch 50/50 - Train Loss: 0.5206 - Train Metric: 0.8144
Epoch 50/50 - Val Metric: 0.8180
Best val: 0.8188, Best test: 0.8262
Training set has 13371 instances
Validation set has 1671 instances
Test set has 1672 instances
Epoch 1/50 - Train Loss: 0.6983 - Train Metric: 0.5042
Epoch 1/50 - Val Metric: 0.6704
Epoch 2/50 - Train Loss: 0.6955 - Train Metric: 0.5008
Epoch 2/50 - Val Metric: 0.6795
Epoch 3/50 - Train Loss: 0.6947 - Train Metric: 0.5046
Epoch 3/50 - Val Metric: 0.6897
Epoch 4/50 - Train Loss: 0.6956 - Train Metric: 0.5077
Epoch 4/50 - Val Metric: 0.6655
Epoch 5/50 - Train Loss: 0.6941 - Train Metric: 0.5031
Epoch 5/50 - Val Metric: 0.6642
Epoch 6/50 - Train Loss: 0.6938 - Train Metric: 0.5043
Epoch 6/50 - Val Metric: 0.6661
Epoch 7/50 - Train Loss: 0.6942 - Train Metric: 0.4968
Epoch 7/50 - Val Metric: 0.6633
Epoch 8/50 - Train Loss: 0.6939 - Train Metric: 0.5034
Epoch 8/50 - Val Metric: 0.6646
Epoch 9/50 - Train Loss: 0.6930 - Train Metric: 0.5076
Epoch 9/50 - Val Metric: 0.6542
Epoch 10/50 - Train Loss: 0.6880 - Train Metric: 0.5674
Epoch 10/50 - Val Metric: 0.5525
Epoch 11/50 - Train Loss: 0.6763 - Train Metric: 0.5996
Epoch 11/50 - Val Metric: 0.6100
Epoch 12/50 - Train Loss: 0.6559 - Train Metric: 0.6540
Epoch 12/50 - Val Metric: 0.7337
Epoch 13/50 - Train Loss: 0.6297 - Train Metric: 0.7004
Epoch 13/50 - Val Metric: 0.7729
Epoch 14/50 - Train Loss: 0.5996 - Train Metric: 0.7358
Epoch 14/50 - Val Metric: 0.7915
Epoch 15/50 - Train Loss: 0.5773 - Train Metric: 0.7568
Epoch 15/50 - Val Metric: 0.8032
Epoch 16/50 - Train Loss: 0.5577 - Train Metric: 0.7778
Epoch 16/50 - Val Metric: 0.8161
Epoch 17/50 - Train Loss: 0.5457 - Train Metric: 0.7872
Epoch 17/50 - Val Metric: 0.8203
Epoch 18/50 - Train Loss: 0.5390 - Train Metric: 0.7956
Epoch 18/50 - Val Metric: 0.8219
Epoch 19/50 - Train Loss: 0.5321 - Train Metric: 0.8021
Epoch 19/50 - Val Metric: 0.8209
Epoch 20/50 - Train Loss: 0.5319 - Train Metric: 0.8028
Epoch 20/50 - Val Metric: 0.8204
Epoch 21/50 - Train Loss: 0.5294 - Train Metric: 0.8057
Epoch 21/50 - Val Metric: 0.8240
Epoch 22/50 - Train Loss: 0.5335 - Train Metric: 0.8010
Epoch 22/50 - Val Metric: 0.8240
Epoch 23/50 - Train Loss: 0.5292 - Train Metric: 0.8058
Epoch 23/50 - Val Metric: 0.8244
Epoch 24/50 - Train Loss: 0.5275 - Train Metric: 0.8064
Epoch 24/50 - Val Metric: 0.8248
Epoch 25/50 - Train Loss: 0.5257 - Train Metric: 0.8083
Epoch 25/50 - Val Metric: 0.8251
Epoch 26/50 - Train Loss: 0.5255 - Train Metric: 0.8088
Epoch 26/50 - Val Metric: 0.8249
Epoch 27/50 - Train Loss: 0.5262 - Train Metric: 0.8094
Epoch 27/50 - Val Metric: 0.8240
Epoch 28/50 - Train Loss: 0.5245 - Train Metric: 0.8094
Epoch 28/50 - Val Metric: 0.8255
Epoch 29/50 - Train Loss: 0.5249 - Train Metric: 0.8098
Epoch 29/50 - Val Metric: 0.8253
Epoch 30/50 - Train Loss: 0.5284 - Train Metric: 0.8068
Epoch 30/50 - Val Metric: 0.8251
Epoch 31/50 - Train Loss: 0.5243 - Train Metric: 0.8096
Epoch 31/50 - Val Metric: 0.8262
Epoch 32/50 - Train Loss: 0.5261 - Train Metric: 0.8079
Epoch 32/50 - Val Metric: 0.8255
Epoch 33/50 - Train Loss: 0.5250 - Train Metric: 0.8092
Epoch 33/50 - Val Metric: 0.8258
Epoch 34/50 - Train Loss: 0.5252 - Train Metric: 0.8093
Epoch 34/50 - Val Metric: 0.8253
Epoch 35/50 - Train Loss: 0.5237 - Train Metric: 0.8102
Epoch 35/50 - Val Metric: 0.8253
Epoch 36/50 - Train Loss: 0.5246 - Train Metric: 0.8093
Epoch 36/50 - Val Metric: 0.8260
Epoch 37/50 - Train Loss: 0.5234 - Train Metric: 0.8105
Epoch 37/50 - Val Metric: 0.8256
Epoch 38/50 - Train Loss: 0.5247 - Train Metric: 0.8096
Epoch 38/50 - Val Metric: 0.8254
Epoch 39/50 - Train Loss: 0.5237 - Train Metric: 0.8101
Epoch 39/50 - Val Metric: 0.8254
Epoch 40/50 - Train Loss: 0.5239 - Train Metric: 0.8098
Epoch 40/50 - Val Metric: 0.8251
Epoch 41/50 - Train Loss: 0.5232 - Train Metric: 0.8117
Epoch 41/50 - Val Metric: 0.8262
Epoch 42/50 - Train Loss: 0.5222 - Train Metric: 0.8114
Epoch 42/50 - Val Metric: 0.8261
Epoch 43/50 - Train Loss: 0.5216 - Train Metric: 0.8130
Epoch 43/50 - Val Metric: 0.8261
Epoch 44/50 - Train Loss: 0.5227 - Train Metric: 0.8118
Epoch 44/50 - Val Metric: 0.8263
Epoch 45/50 - Train Loss: 0.5233 - Train Metric: 0.8103
Epoch 45/50 - Val Metric: 0.8263
Epoch 46/50 - Train Loss: 0.5222 - Train Metric: 0.8121
Epoch 46/50 - Val Metric: 0.8264
Epoch 47/50 - Train Loss: 0.5230 - Train Metric: 0.8115
Epoch 47/50 - Val Metric: 0.8260
Epoch 48/50 - Train Loss: 0.5209 - Train Metric: 0.8134
Epoch 48/50 - Val Metric: 0.8265
Epoch 49/50 - Train Loss: 0.5226 - Train Metric: 0.8114
Epoch 49/50 - Val Metric: 0.8255
Epoch 50/50 - Train Loss: 0.5203 - Train Metric: 0.8144
Epoch 50/50 - Val Metric: 0.8261
Best val: 0.8265, Best test: 0.8166
Training set has 13371 instances
Validation set has 1671 instances
Test set has 1672 instances
Epoch 1/50 - Train Loss: 0.7020 - Train Metric: 0.4863
Epoch 1/50 - Val Metric: 0.6855
Epoch 2/50 - Train Loss: 0.6959 - Train Metric: 0.4865
Epoch 2/50 - Val Metric: 0.6576
Epoch 3/50 - Train Loss: 0.6942 - Train Metric: 0.5037
Epoch 3/50 - Val Metric: 0.6444
Epoch 4/50 - Train Loss: 0.6941 - Train Metric: 0.4972
Epoch 4/50 - Val Metric: 0.6422
Epoch 5/50 - Train Loss: 0.6939 - Train Metric: 0.5036
Epoch 5/50 - Val Metric: 0.6330
Epoch 6/50 - Train Loss: 0.6832 - Train Metric: 0.5806
Epoch 6/50 - Val Metric: 0.6201
Epoch 7/50 - Train Loss: 0.6537 - Train Metric: 0.6576
Epoch 7/50 - Val Metric: 0.7603
Epoch 8/50 - Train Loss: 0.5811 - Train Metric: 0.7548
Epoch 8/50 - Val Metric: 0.8033
Epoch 9/50 - Train Loss: 0.5644 - Train Metric: 0.7722
Epoch 9/50 - Val Metric: 0.8031
Epoch 10/50 - Train Loss: 0.5551 - Train Metric: 0.7810
Epoch 10/50 - Val Metric: 0.8024
Epoch 11/50 - Train Loss: 0.5438 - Train Metric: 0.7933
Epoch 11/50 - Val Metric: 0.8059
Epoch 12/50 - Train Loss: 0.5403 - Train Metric: 0.7982
Epoch 12/50 - Val Metric: 0.8086
Epoch 13/50 - Train Loss: 0.5381 - Train Metric: 0.7984
Epoch 13/50 - Val Metric: 0.8103
Epoch 14/50 - Train Loss: 0.5348 - Train Metric: 0.8005
Epoch 14/50 - Val Metric: 0.8112
Epoch 15/50 - Train Loss: 0.5265 - Train Metric: 0.8098
Epoch 15/50 - Val Metric: 0.8148
Epoch 16/50 - Train Loss: 0.5281 - Train Metric: 0.8076
Epoch 16/50 - Val Metric: 0.8121
Epoch 17/50 - Train Loss: 0.5275 - Train Metric: 0.8082
Epoch 17/50 - Val Metric: 0.8142
Epoch 18/50 - Train Loss: 0.5230 - Train Metric: 0.8121
Epoch 18/50 - Val Metric: 0.8127
Epoch 19/50 - Train Loss: 0.5220 - Train Metric: 0.8135
Epoch 19/50 - Val Metric: 0.8153
Epoch 20/50 - Train Loss: 0.5211 - Train Metric: 0.8134
Epoch 20/50 - Val Metric: 0.8150
Epoch 21/50 - Train Loss: 0.5210 - Train Metric: 0.8141
Epoch 21/50 - Val Metric: 0.8133
Epoch 22/50 - Train Loss: 0.5195 - Train Metric: 0.8158
Epoch 22/50 - Val Metric: 0.8144
Epoch 23/50 - Train Loss: 0.5188 - Train Metric: 0.8169
Epoch 23/50 - Val Metric: 0.8161
Epoch 24/50 - Train Loss: 0.5231 - Train Metric: 0.8115
Epoch 24/50 - Val Metric: 0.8159
Epoch 25/50 - Train Loss: 0.5224 - Train Metric: 0.8133
Epoch 25/50 - Val Metric: 0.8146
Epoch 26/50 - Train Loss: 0.5186 - Train Metric: 0.8163
Epoch 26/50 - Val Metric: 0.8151
Epoch 27/50 - Train Loss: 0.5184 - Train Metric: 0.8167
Epoch 27/50 - Val Metric: 0.8160
Epoch 28/50 - Train Loss: 0.5177 - Train Metric: 0.8165
Epoch 28/50 - Val Metric: 0.8152
Epoch 29/50 - Train Loss: 0.5185 - Train Metric: 0.8161
Epoch 29/50 - Val Metric: 0.8153
Epoch 30/50 - Train Loss: 0.5185 - Train Metric: 0.8149
Epoch 30/50 - Val Metric: 0.8156
Epoch 31/50 - Train Loss: 0.5187 - Train Metric: 0.8156
Epoch 31/50 - Val Metric: 0.8149
Epoch 32/50 - Train Loss: 0.5182 - Train Metric: 0.8166
Epoch 32/50 - Val Metric: 0.8155
Epoch 33/50 - Train Loss: 0.5183 - Train Metric: 0.8167
Epoch 33/50 - Val Metric: 0.8158
Epoch 34/50 - Train Loss: 0.5182 - Train Metric: 0.8170
Epoch 34/50 - Val Metric: 0.8155
Epoch 35/50 - Train Loss: 0.5194 - Train Metric: 0.8156
Epoch 35/50 - Val Metric: 0.8159
Epoch 36/50 - Train Loss: 0.5172 - Train Metric: 0.8172
Epoch 36/50 - Val Metric: 0.8160
Epoch 37/50 - Train Loss: 0.5175 - Train Metric: 0.8179
Epoch 37/50 - Val Metric: 0.8158
Epoch 38/50 - Train Loss: 0.5172 - Train Metric: 0.8169
Epoch 38/50 - Val Metric: 0.8157
Epoch 39/50 - Train Loss: 0.5164 - Train Metric: 0.8186
Epoch 39/50 - Val Metric: 0.8166
Epoch 40/50 - Train Loss: 0.5185 - Train Metric: 0.8169
Epoch 40/50 - Val Metric: 0.8163
Epoch 41/50 - Train Loss: 0.5180 - Train Metric: 0.8164
Epoch 41/50 - Val Metric: 0.8164
Epoch 42/50 - Train Loss: 0.5185 - Train Metric: 0.8160
Epoch 42/50 - Val Metric: 0.8161
Epoch 43/50 - Train Loss: 0.5173 - Train Metric: 0.8181
Epoch 43/50 - Val Metric: 0.8162
Epoch 44/50 - Train Loss: 0.5166 - Train Metric: 0.8186
Epoch 44/50 - Val Metric: 0.8159
Epoch 45/50 - Train Loss: 0.5174 - Train Metric: 0.8176
Epoch 45/50 - Val Metric: 0.8160
Epoch 46/50 - Train Loss: 0.5159 - Train Metric: 0.8182
Epoch 46/50 - Val Metric: 0.8160
Epoch 47/50 - Train Loss: 0.5170 - Train Metric: 0.8181
Epoch 47/50 - Val Metric: 0.8161
Epoch 48/50 - Train Loss: 0.5165 - Train Metric: 0.8185
Epoch 48/50 - Val Metric: 0.8159
Epoch 49/50 - Train Loss: 0.5172 - Train Metric: 0.8175
Epoch 49/50 - Val Metric: 0.8162
Epoch 50/50 - Train Loss: 0.5155 - Train Metric: 0.8193
Epoch 50/50 - Val Metric: 0.8162
Best val: 0.8166, Best test: 0.8175
[0.80808747 0.82934272 0.82621723 0.81662154 0.81747025]
