Hyper-parameter search via Optuna
Namespace(task_type='binary_classification', scale='small', idx=5, epochs=50, num_trials=20, num_repeats=5, seed=0, exp_name='MemGlovalAvgPool', result_path='output/binary_classification/small/5/MemGlovalAvgPool.pt')
Device: cuda
Start building binary_classification dataset_small_5
Training set has 16507 instances
Validation set has 2063 instances
Test set has 2064 instances
Epoch 1/50 - Train Loss: 0.6824 - Train Metric: 0.5582
Epoch 1/50 - Val Metric: 0.7863
Epoch 2/50 - Train Loss: 0.6143 - Train Metric: 0.6816
Epoch 2/50 - Val Metric: 0.8430
Epoch 3/50 - Train Loss: 0.4471 - Train Metric: 0.8708
Epoch 3/50 - Val Metric: 0.8795
Epoch 4/50 - Train Loss: 0.3935 - Train Metric: 0.9028
Epoch 4/50 - Val Metric: 0.9051
Epoch 5/50 - Train Loss: 0.3534 - Train Metric: 0.9227
Epoch 5/50 - Val Metric: 0.9183
Epoch 6/50 - Train Loss: 0.3365 - Train Metric: 0.9302
Epoch 6/50 - Val Metric: 0.9240
Epoch 7/50 - Train Loss: 0.3203 - Train Metric: 0.9369
Epoch 7/50 - Val Metric: 0.9256
Epoch 8/50 - Train Loss: 0.3178 - Train Metric: 0.9379
Epoch 8/50 - Val Metric: 0.9307
Epoch 9/50 - Train Loss: 0.3117 - Train Metric: 0.9403
Epoch 9/50 - Val Metric: 0.9361
Epoch 10/50 - Train Loss: 0.3034 - Train Metric: 0.9434
Epoch 10/50 - Val Metric: 0.9345
Epoch 11/50 - Train Loss: 0.2996 - Train Metric: 0.9448
Epoch 11/50 - Val Metric: 0.9394
Epoch 12/50 - Train Loss: 0.2951 - Train Metric: 0.9465
Epoch 12/50 - Val Metric: 0.9384
Epoch 13/50 - Train Loss: 0.2929 - Train Metric: 0.9472
Epoch 13/50 - Val Metric: 0.9388
Epoch 14/50 - Train Loss: 0.2894 - Train Metric: 0.9486
Epoch 14/50 - Val Metric: 0.9386
Epoch 15/50 - Train Loss: 0.2849 - Train Metric: 0.9502
Epoch 15/50 - Val Metric: 0.9409
Epoch 16/50 - Train Loss: 0.2846 - Train Metric: 0.9502
Epoch 16/50 - Val Metric: 0.9413
Epoch 17/50 - Train Loss: 0.2787 - Train Metric: 0.9523
Epoch 17/50 - Val Metric: 0.9434
Epoch 18/50 - Train Loss: 0.2785 - Train Metric: 0.9525
Epoch 18/50 - Val Metric: 0.9425
Epoch 19/50 - Train Loss: 0.2724 - Train Metric: 0.9544
Epoch 19/50 - Val Metric: 0.9459
Epoch 20/50 - Train Loss: 0.2710 - Train Metric: 0.9549
Epoch 20/50 - Val Metric: 0.9436
Epoch 21/50 - Train Loss: 0.2739 - Train Metric: 0.9540
Epoch 21/50 - Val Metric: 0.9469
Epoch 22/50 - Train Loss: 0.2665 - Train Metric: 0.9565
Epoch 22/50 - Val Metric: 0.9473
Epoch 23/50 - Train Loss: 0.2652 - Train Metric: 0.9569
Epoch 23/50 - Val Metric: 0.9464
Epoch 24/50 - Train Loss: 0.2633 - Train Metric: 0.9575
Epoch 24/50 - Val Metric: 0.9477
Epoch 25/50 - Train Loss: 0.2604 - Train Metric: 0.9585
Epoch 25/50 - Val Metric: 0.9479
Epoch 26/50 - Train Loss: 0.2596 - Train Metric: 0.9586
Epoch 26/50 - Val Metric: 0.9476
Epoch 27/50 - Train Loss: 0.2600 - Train Metric: 0.9586
Epoch 27/50 - Val Metric: 0.9487
Epoch 28/50 - Train Loss: 0.2568 - Train Metric: 0.9596
Epoch 28/50 - Val Metric: 0.9494
Epoch 29/50 - Train Loss: 0.2541 - Train Metric: 0.9604
Epoch 29/50 - Val Metric: 0.9492
Epoch 30/50 - Train Loss: 0.2539 - Train Metric: 0.9605
Epoch 30/50 - Val Metric: 0.9496
Epoch 31/50 - Train Loss: 0.2517 - Train Metric: 0.9612
Epoch 31/50 - Val Metric: 0.9493
Epoch 32/50 - Train Loss: 0.2515 - Train Metric: 0.9613
Epoch 32/50 - Val Metric: 0.9494
Epoch 33/50 - Train Loss: 0.2506 - Train Metric: 0.9616
Epoch 33/50 - Val Metric: 0.9490
Epoch 34/50 - Train Loss: 0.2512 - Train Metric: 0.9614
Epoch 34/50 - Val Metric: 0.9505
Epoch 35/50 - Train Loss: 0.2477 - Train Metric: 0.9624
Epoch 35/50 - Val Metric: 0.9511
Epoch 36/50 - Train Loss: 0.2492 - Train Metric: 0.9620
Epoch 36/50 - Val Metric: 0.9509
Epoch 37/50 - Train Loss: 0.2482 - Train Metric: 0.9623
Epoch 37/50 - Val Metric: 0.9505
Epoch 38/50 - Train Loss: 0.2469 - Train Metric: 0.9627
Epoch 38/50 - Val Metric: 0.9506
Epoch 39/50 - Train Loss: 0.2467 - Train Metric: 0.9628
Epoch 39/50 - Val Metric: 0.9515
Epoch 40/50 - Train Loss: 0.2463 - Train Metric: 0.9629
Epoch 40/50 - Val Metric: 0.9517
Epoch 41/50 - Train Loss: 0.2456 - Train Metric: 0.9631
Epoch 41/50 - Val Metric: 0.9515
Epoch 42/50 - Train Loss: 0.2450 - Train Metric: 0.9633
Epoch 42/50 - Val Metric: 0.9508
Epoch 43/50 - Train Loss: 0.2446 - Train Metric: 0.9634
Epoch 43/50 - Val Metric: 0.9513
Epoch 44/50 - Train Loss: 0.2445 - Train Metric: 0.9634
Epoch 44/50 - Val Metric: 0.9514
Epoch 45/50 - Train Loss: 0.2442 - Train Metric: 0.9635
Epoch 45/50 - Val Metric: 0.9514
Epoch 46/50 - Train Loss: 0.2438 - Train Metric: 0.9636
Epoch 46/50 - Val Metric: 0.9516
Epoch 47/50 - Train Loss: 0.2433 - Train Metric: 0.9638
Epoch 47/50 - Val Metric: 0.9518
Epoch 48/50 - Train Loss: 0.2431 - Train Metric: 0.9639
Epoch 48/50 - Val Metric: 0.9518
Epoch 49/50 - Train Loss: 0.2423 - Train Metric: 0.9641
Epoch 49/50 - Val Metric: 0.9515
Epoch 50/50 - Train Loss: 0.2419 - Train Metric: 0.9642
Epoch 50/50 - Val Metric: 0.9513
Best val: 0.9518, Best test: 0.9548
Training set has 16507 instances
Validation set has 2063 instances
Test set has 2064 instances
Epoch 1/50 - Train Loss: 0.6962 - Train Metric: 0.4987
Epoch 1/50 - Val Metric: 0.6998
Epoch 2/50 - Train Loss: 0.6947 - Train Metric: 0.4984
Epoch 2/50 - Val Metric: 0.7971
Epoch 3/50 - Train Loss: 0.6932 - Train Metric: 0.5083
Epoch 3/50 - Val Metric: 0.8188
Epoch 4/50 - Train Loss: 0.6935 - Train Metric: 0.5013
Epoch 4/50 - Val Metric: 0.8319
Epoch 5/50 - Train Loss: 0.6929 - Train Metric: 0.5154
Epoch 5/50 - Val Metric: 0.8382
Epoch 6/50 - Train Loss: 0.6913 - Train Metric: 0.5324
Epoch 6/50 - Val Metric: 0.8451
Epoch 7/50 - Train Loss: 0.6671 - Train Metric: 0.6254
Epoch 7/50 - Val Metric: 0.8534
Epoch 8/50 - Train Loss: 0.5592 - Train Metric: 0.7826
Epoch 8/50 - Val Metric: 0.8526
Epoch 9/50 - Train Loss: 0.5232 - Train Metric: 0.8176
Epoch 9/50 - Val Metric: 0.8545
Epoch 10/50 - Train Loss: 0.5058 - Train Metric: 0.8300
Epoch 10/50 - Val Metric: 0.8567
Epoch 11/50 - Train Loss: 0.5035 - Train Metric: 0.8331
Epoch 11/50 - Val Metric: 0.8589
Epoch 12/50 - Train Loss: 0.4958 - Train Metric: 0.8386
Epoch 12/50 - Val Metric: 0.8600
Epoch 13/50 - Train Loss: 0.4887 - Train Metric: 0.8442
Epoch 13/50 - Val Metric: 0.8612
Epoch 14/50 - Train Loss: 0.4883 - Train Metric: 0.8451
Epoch 14/50 - Val Metric: 0.8626
Epoch 15/50 - Train Loss: 0.4822 - Train Metric: 0.8494
Epoch 15/50 - Val Metric: 0.8638
Epoch 16/50 - Train Loss: 0.4821 - Train Metric: 0.8496
Epoch 16/50 - Val Metric: 0.8656
Epoch 17/50 - Train Loss: 0.4791 - Train Metric: 0.8512
Epoch 17/50 - Val Metric: 0.8664
Epoch 18/50 - Train Loss: 0.4779 - Train Metric: 0.8525
Epoch 18/50 - Val Metric: 0.8672
Epoch 19/50 - Train Loss: 0.4771 - Train Metric: 0.8526
Epoch 19/50 - Val Metric: 0.8679
Epoch 20/50 - Train Loss: 0.4735 - Train Metric: 0.8552
Epoch 20/50 - Val Metric: 0.8683
Epoch 21/50 - Train Loss: 0.4761 - Train Metric: 0.8535
Epoch 21/50 - Val Metric: 0.8688
Epoch 22/50 - Train Loss: 0.4698 - Train Metric: 0.8577
Epoch 22/50 - Val Metric: 0.8694
Epoch 23/50 - Train Loss: 0.4722 - Train Metric: 0.8563
Epoch 23/50 - Val Metric: 0.8704
Epoch 24/50 - Train Loss: 0.4692 - Train Metric: 0.8583
Epoch 24/50 - Val Metric: 0.8707
Epoch 25/50 - Train Loss: 0.4719 - Train Metric: 0.8569
Epoch 25/50 - Val Metric: 0.8706
Epoch 26/50 - Train Loss: 0.4709 - Train Metric: 0.8573
Epoch 26/50 - Val Metric: 0.8709
Epoch 27/50 - Train Loss: 0.4675 - Train Metric: 0.8597
Epoch 27/50 - Val Metric: 0.8715
Epoch 28/50 - Train Loss: 0.4715 - Train Metric: 0.8568
Epoch 28/50 - Val Metric: 0.8715
Epoch 29/50 - Train Loss: 0.4693 - Train Metric: 0.8576
Epoch 29/50 - Val Metric: 0.8719
Epoch 30/50 - Train Loss: 0.4698 - Train Metric: 0.8575
Epoch 30/50 - Val Metric: 0.8721
Epoch 31/50 - Train Loss: 0.4682 - Train Metric: 0.8584
Epoch 31/50 - Val Metric: 0.8723
Epoch 32/50 - Train Loss: 0.4647 - Train Metric: 0.8610
Epoch 32/50 - Val Metric: 0.8724
Epoch 33/50 - Train Loss: 0.4655 - Train Metric: 0.8606
Epoch 33/50 - Val Metric: 0.8730
Epoch 34/50 - Train Loss: 0.4663 - Train Metric: 0.8599
Epoch 34/50 - Val Metric: 0.8729
Epoch 35/50 - Train Loss: 0.4647 - Train Metric: 0.8611
Epoch 35/50 - Val Metric: 0.8731
Epoch 36/50 - Train Loss: 0.4626 - Train Metric: 0.8626
Epoch 36/50 - Val Metric: 0.8733
Epoch 37/50 - Train Loss: 0.4659 - Train Metric: 0.8597
Epoch 37/50 - Val Metric: 0.8734
Epoch 38/50 - Train Loss: 0.4661 - Train Metric: 0.8597
Epoch 38/50 - Val Metric: 0.8735
Epoch 39/50 - Train Loss: 0.4641 - Train Metric: 0.8616
Epoch 39/50 - Val Metric: 0.8736
Epoch 40/50 - Train Loss: 0.4636 - Train Metric: 0.8617
Epoch 40/50 - Val Metric: 0.8738
Epoch 41/50 - Train Loss: 0.4644 - Train Metric: 0.8615
Epoch 41/50 - Val Metric: 0.8738
Epoch 42/50 - Train Loss: 0.4663 - Train Metric: 0.8599
Epoch 42/50 - Val Metric: 0.8739
Epoch 43/50 - Train Loss: 0.4631 - Train Metric: 0.8620
Epoch 43/50 - Val Metric: 0.8740
Epoch 44/50 - Train Loss: 0.4634 - Train Metric: 0.8617
Epoch 44/50 - Val Metric: 0.8741
Epoch 45/50 - Train Loss: 0.4625 - Train Metric: 0.8624
Epoch 45/50 - Val Metric: 0.8741
Epoch 46/50 - Train Loss: 0.4660 - Train Metric: 0.8601
Epoch 46/50 - Val Metric: 0.8742
Epoch 47/50 - Train Loss: 0.4646 - Train Metric: 0.8614
Epoch 47/50 - Val Metric: 0.8742
Epoch 48/50 - Train Loss: 0.4653 - Train Metric: 0.8606
Epoch 48/50 - Val Metric: 0.8743
Epoch 49/50 - Train Loss: 0.4640 - Train Metric: 0.8611
Epoch 49/50 - Val Metric: 0.8743
Epoch 50/50 - Train Loss: 0.4660 - Train Metric: 0.8600
Epoch 50/50 - Val Metric: 0.8743
Best val: 0.8743, Best test: 0.8790
Training set has 16507 instances
Validation set has 2063 instances
Test set has 2064 instances
Epoch 1/50 - Train Loss: 0.6974 - Train Metric: 0.4945
Epoch 1/50 - Val Metric: 0.6549
Epoch 2/50 - Train Loss: 0.6949 - Train Metric: 0.4966
Epoch 2/50 - Val Metric: 0.7215
Epoch 3/50 - Train Loss: 0.6930 - Train Metric: 0.5142
Epoch 3/50 - Val Metric: 0.7309
Epoch 4/50 - Train Loss: 0.6934 - Train Metric: 0.5091
Epoch 4/50 - Val Metric: 0.8042
Epoch 5/50 - Train Loss: 0.6930 - Train Metric: 0.5171
Epoch 5/50 - Val Metric: 0.7396
Epoch 6/50 - Train Loss: 0.6928 - Train Metric: 0.5178
Epoch 6/50 - Val Metric: 0.8115
Epoch 7/50 - Train Loss: 0.6910 - Train Metric: 0.5365
Epoch 7/50 - Val Metric: 0.8155
Epoch 8/50 - Train Loss: 0.6875 - Train Metric: 0.5687
Epoch 8/50 - Val Metric: 0.8169
Epoch 9/50 - Train Loss: 0.6790 - Train Metric: 0.5967
Epoch 9/50 - Val Metric: 0.8291
Epoch 10/50 - Train Loss: 0.6352 - Train Metric: 0.6920
Epoch 10/50 - Val Metric: 0.8320
Epoch 11/50 - Train Loss: 0.5852 - Train Metric: 0.7560
Epoch 11/50 - Val Metric: 0.8390
Epoch 12/50 - Train Loss: 0.5522 - Train Metric: 0.7900
Epoch 12/50 - Val Metric: 0.8423
Epoch 13/50 - Train Loss: 0.5443 - Train Metric: 0.7942
Epoch 13/50 - Val Metric: 0.8449
Epoch 14/50 - Train Loss: 0.5330 - Train Metric: 0.8052
Epoch 14/50 - Val Metric: 0.8466
Epoch 15/50 - Train Loss: 0.5276 - Train Metric: 0.8112
Epoch 15/50 - Val Metric: 0.8483
Epoch 16/50 - Train Loss: 0.5184 - Train Metric: 0.8199
Epoch 16/50 - Val Metric: 0.8494
Epoch 17/50 - Train Loss: 0.5162 - Train Metric: 0.8218
Epoch 17/50 - Val Metric: 0.8510
Epoch 18/50 - Train Loss: 0.5135 - Train Metric: 0.8229
Epoch 18/50 - Val Metric: 0.8523
Epoch 19/50 - Train Loss: 0.5116 - Train Metric: 0.8249
Epoch 19/50 - Val Metric: 0.8534
Epoch 20/50 - Train Loss: 0.5047 - Train Metric: 0.8305
Epoch 20/50 - Val Metric: 0.8549
Epoch 21/50 - Train Loss: 0.5012 - Train Metric: 0.8329
Epoch 21/50 - Val Metric: 0.8559
Epoch 22/50 - Train Loss: 0.5047 - Train Metric: 0.8303
Epoch 22/50 - Val Metric: 0.8569
Epoch 23/50 - Train Loss: 0.4988 - Train Metric: 0.8356
Epoch 23/50 - Val Metric: 0.8578
Epoch 24/50 - Train Loss: 0.4950 - Train Metric: 0.8389
Epoch 24/50 - Val Metric: 0.8585
Epoch 25/50 - Train Loss: 0.4967 - Train Metric: 0.8371
Epoch 25/50 - Val Metric: 0.8591
Epoch 26/50 - Train Loss: 0.4891 - Train Metric: 0.8427
Epoch 26/50 - Val Metric: 0.8600
Epoch 27/50 - Train Loss: 0.4906 - Train Metric: 0.8414
Epoch 27/50 - Val Metric: 0.8608
Epoch 28/50 - Train Loss: 0.4889 - Train Metric: 0.8432
Epoch 28/50 - Val Metric: 0.8614
Epoch 29/50 - Train Loss: 0.4868 - Train Metric: 0.8439
Epoch 29/50 - Val Metric: 0.8619
Epoch 30/50 - Train Loss: 0.4879 - Train Metric: 0.8433
Epoch 30/50 - Val Metric: 0.8625
Epoch 31/50 - Train Loss: 0.4869 - Train Metric: 0.8439
Epoch 31/50 - Val Metric: 0.8631
Epoch 32/50 - Train Loss: 0.4833 - Train Metric: 0.8468
Epoch 32/50 - Val Metric: 0.8635
Epoch 33/50 - Train Loss: 0.4789 - Train Metric: 0.8491
Epoch 33/50 - Val Metric: 0.8641
Epoch 34/50 - Train Loss: 0.4831 - Train Metric: 0.8468
Epoch 34/50 - Val Metric: 0.8645
Epoch 35/50 - Train Loss: 0.4807 - Train Metric: 0.8484
Epoch 35/50 - Val Metric: 0.8649
Epoch 36/50 - Train Loss: 0.4784 - Train Metric: 0.8501
Epoch 36/50 - Val Metric: 0.8651
Epoch 37/50 - Train Loss: 0.4753 - Train Metric: 0.8529
Epoch 37/50 - Val Metric: 0.8655
Epoch 38/50 - Train Loss: 0.4783 - Train Metric: 0.8508
Epoch 38/50 - Val Metric: 0.8658
Epoch 39/50 - Train Loss: 0.4790 - Train Metric: 0.8492
Epoch 39/50 - Val Metric: 0.8663
Epoch 40/50 - Train Loss: 0.4791 - Train Metric: 0.8501
Epoch 40/50 - Val Metric: 0.8667
Epoch 41/50 - Train Loss: 0.4775 - Train Metric: 0.8506
Epoch 41/50 - Val Metric: 0.8668
Epoch 42/50 - Train Loss: 0.4762 - Train Metric: 0.8515
Epoch 42/50 - Val Metric: 0.8670
Epoch 43/50 - Train Loss: 0.4742 - Train Metric: 0.8534
Epoch 43/50 - Val Metric: 0.8672
Epoch 44/50 - Train Loss: 0.4743 - Train Metric: 0.8530
Epoch 44/50 - Val Metric: 0.8675
Epoch 45/50 - Train Loss: 0.4709 - Train Metric: 0.8557
Epoch 45/50 - Val Metric: 0.8676
Epoch 46/50 - Train Loss: 0.4746 - Train Metric: 0.8530
Epoch 46/50 - Val Metric: 0.8677
Epoch 47/50 - Train Loss: 0.4721 - Train Metric: 0.8550
Epoch 47/50 - Val Metric: 0.8680
Epoch 48/50 - Train Loss: 0.4738 - Train Metric: 0.8535
Epoch 48/50 - Val Metric: 0.8682
Epoch 49/50 - Train Loss: 0.4726 - Train Metric: 0.8540
Epoch 49/50 - Val Metric: 0.8683
Epoch 50/50 - Train Loss: 0.4711 - Train Metric: 0.8549
Epoch 50/50 - Val Metric: 0.8687
Best val: 0.8687, Best test: 0.8694
Training set has 16507 instances
Validation set has 2063 instances
Test set has 2064 instances
Epoch 1/50 - Train Loss: 0.6554 - Train Metric: 0.6494
Epoch 1/50 - Val Metric: 0.8296
Epoch 2/50 - Train Loss: 0.6985 - Train Metric: 0.5076
Epoch 2/50 - Val Metric: 0.8145
Epoch 3/50 - Train Loss: 0.6195 - Train Metric: 0.6968
Epoch 3/50 - Val Metric: 0.8344
Epoch 4/50 - Train Loss: 0.4975 - Train Metric: 0.8337
Epoch 4/50 - Val Metric: 0.8670
Epoch 5/50 - Train Loss: 0.4543 - Train Metric: 0.8660
Epoch 5/50 - Val Metric: 0.8871
Epoch 6/50 - Train Loss: 0.4293 - Train Metric: 0.8817
Epoch 6/50 - Val Metric: 0.9076
Epoch 7/50 - Train Loss: 0.3982 - Train Metric: 0.8994
Epoch 7/50 - Val Metric: 0.9162
Epoch 8/50 - Train Loss: 0.3865 - Train Metric: 0.9062
Epoch 8/50 - Val Metric: 0.9236
Epoch 9/50 - Train Loss: 0.3830 - Train Metric: 0.9082
Epoch 9/50 - Val Metric: 0.9257
Epoch 10/50 - Train Loss: 0.3660 - Train Metric: 0.9165
Epoch 10/50 - Val Metric: 0.9311
Epoch 11/50 - Train Loss: 0.3609 - Train Metric: 0.9193
Epoch 11/50 - Val Metric: 0.9274
Epoch 12/50 - Train Loss: 0.3627 - Train Metric: 0.9181
Epoch 12/50 - Val Metric: 0.9280
Epoch 13/50 - Train Loss: 0.3504 - Train Metric: 0.9240
Epoch 13/50 - Val Metric: 0.9284
Epoch 14/50 - Train Loss: 0.3445 - Train Metric: 0.9265
Epoch 14/50 - Val Metric: 0.9308
Epoch 15/50 - Train Loss: 0.3432 - Train Metric: 0.9270
Epoch 15/50 - Val Metric: 0.9331
Epoch 16/50 - Train Loss: 0.3422 - Train Metric: 0.9276
Epoch 16/50 - Val Metric: 0.9348
Epoch 17/50 - Train Loss: 0.3365 - Train Metric: 0.9301
Epoch 17/50 - Val Metric: 0.9340
Epoch 18/50 - Train Loss: 0.3314 - Train Metric: 0.9324
Epoch 18/50 - Val Metric: 0.9353
Epoch 19/50 - Train Loss: 0.3236 - Train Metric: 0.9355
Epoch 19/50 - Val Metric: 0.9358
Epoch 20/50 - Train Loss: 0.3211 - Train Metric: 0.9365
Epoch 20/50 - Val Metric: 0.9378
Epoch 21/50 - Train Loss: 0.3248 - Train Metric: 0.9350
Epoch 21/50 - Val Metric: 0.9387
Epoch 22/50 - Train Loss: 0.3229 - Train Metric: 0.9358
Epoch 22/50 - Val Metric: 0.9397
Epoch 23/50 - Train Loss: 0.3168 - Train Metric: 0.9382
Epoch 23/50 - Val Metric: 0.9395
Epoch 24/50 - Train Loss: 0.3185 - Train Metric: 0.9376
Epoch 24/50 - Val Metric: 0.9406
Epoch 25/50 - Train Loss: 0.3152 - Train Metric: 0.9389
Epoch 25/50 - Val Metric: 0.9411
Epoch 26/50 - Train Loss: 0.3139 - Train Metric: 0.9395
Epoch 26/50 - Val Metric: 0.9413
Epoch 27/50 - Train Loss: 0.3172 - Train Metric: 0.9382
Epoch 27/50 - Val Metric: 0.9405
Epoch 28/50 - Train Loss: 0.3110 - Train Metric: 0.9406
Epoch 28/50 - Val Metric: 0.9411
Epoch 29/50 - Train Loss: 0.3100 - Train Metric: 0.9409
Epoch 29/50 - Val Metric: 0.9415
Epoch 30/50 - Train Loss: 0.3102 - Train Metric: 0.9408
Epoch 30/50 - Val Metric: 0.9413
Epoch 31/50 - Train Loss: 0.3090 - Train Metric: 0.9413
Epoch 31/50 - Val Metric: 0.9424
Epoch 32/50 - Train Loss: 0.3111 - Train Metric: 0.9405
Epoch 32/50 - Val Metric: 0.9418
Epoch 33/50 - Train Loss: 0.3093 - Train Metric: 0.9412
Epoch 33/50 - Val Metric: 0.9421
Epoch 34/50 - Train Loss: 0.3075 - Train Metric: 0.9418
Epoch 34/50 - Val Metric: 0.9428
Epoch 35/50 - Train Loss: 0.3086 - Train Metric: 0.9415
Epoch 35/50 - Val Metric: 0.9426
Epoch 36/50 - Train Loss: 0.3047 - Train Metric: 0.9430
Epoch 36/50 - Val Metric: 0.9432
Epoch 37/50 - Train Loss: 0.3050 - Train Metric: 0.9428
Epoch 37/50 - Val Metric: 0.9432
Epoch 38/50 - Train Loss: 0.3043 - Train Metric: 0.9430
Epoch 38/50 - Val Metric: 0.9431
Epoch 39/50 - Train Loss: 0.3047 - Train Metric: 0.9429
Epoch 39/50 - Val Metric: 0.9428
Epoch 40/50 - Train Loss: 0.3015 - Train Metric: 0.9441
Epoch 40/50 - Val Metric: 0.9434
Epoch 41/50 - Train Loss: 0.3006 - Train Metric: 0.9445
Epoch 41/50 - Val Metric: 0.9433
Epoch 42/50 - Train Loss: 0.3025 - Train Metric: 0.9437
Epoch 42/50 - Val Metric: 0.9433
Epoch 43/50 - Train Loss: 0.3021 - Train Metric: 0.9439
Epoch 43/50 - Val Metric: 0.9429
Epoch 44/50 - Train Loss: 0.3010 - Train Metric: 0.9443
Epoch 44/50 - Val Metric: 0.9437
Epoch 45/50 - Train Loss: 0.3004 - Train Metric: 0.9445
Epoch 45/50 - Val Metric: 0.9438
Epoch 46/50 - Train Loss: 0.2995 - Train Metric: 0.9448
Epoch 46/50 - Val Metric: 0.9439
Epoch 47/50 - Train Loss: 0.2997 - Train Metric: 0.9449
Epoch 47/50 - Val Metric: 0.9441
Epoch 48/50 - Train Loss: 0.3005 - Train Metric: 0.9445
Epoch 48/50 - Val Metric: 0.9443
Epoch 49/50 - Train Loss: 0.2988 - Train Metric: 0.9452
Epoch 49/50 - Val Metric: 0.9443
Epoch 50/50 - Train Loss: 0.3000 - Train Metric: 0.9447
Epoch 50/50 - Val Metric: 0.9447
Best val: 0.9447, Best test: 0.9515
Training set has 16507 instances
Validation set has 2063 instances
Test set has 2064 instances
Epoch 1/50 - Train Loss: 0.6955 - Train Metric: 0.5096
Epoch 1/50 - Val Metric: 0.8130
Epoch 2/50 - Train Loss: 0.6933 - Train Metric: 0.5133
Epoch 2/50 - Val Metric: 0.8279
Epoch 3/50 - Train Loss: 0.6923 - Train Metric: 0.5288
Epoch 3/50 - Val Metric: 0.8371
Epoch 4/50 - Train Loss: 0.6370 - Train Metric: 0.6699
Epoch 4/50 - Val Metric: 0.8416
Epoch 5/50 - Train Loss: 0.5106 - Train Metric: 0.8244
Epoch 5/50 - Val Metric: 0.8482
Epoch 6/50 - Train Loss: 0.4911 - Train Metric: 0.8386
Epoch 6/50 - Val Metric: 0.8591
Epoch 7/50 - Train Loss: 0.4687 - Train Metric: 0.8547
Epoch 7/50 - Val Metric: 0.8722
Epoch 8/50 - Train Loss: 0.4465 - Train Metric: 0.8702
Epoch 8/50 - Val Metric: 0.8815
Epoch 9/50 - Train Loss: 0.4262 - Train Metric: 0.8833
Epoch 9/50 - Val Metric: 0.8935
Epoch 10/50 - Train Loss: 0.4304 - Train Metric: 0.8814
Epoch 10/50 - Val Metric: 0.8938
Epoch 11/50 - Train Loss: 0.4081 - Train Metric: 0.8944
Epoch 11/50 - Val Metric: 0.9021
Epoch 12/50 - Train Loss: 0.4098 - Train Metric: 0.8935
Epoch 12/50 - Val Metric: 0.9055
Epoch 13/50 - Train Loss: 0.4011 - Train Metric: 0.8985
Epoch 13/50 - Val Metric: 0.9082
Epoch 14/50 - Train Loss: 0.3898 - Train Metric: 0.9044
Epoch 14/50 - Val Metric: 0.9103
Epoch 15/50 - Train Loss: 0.3892 - Train Metric: 0.9050
Epoch 15/50 - Val Metric: 0.9135
Epoch 16/50 - Train Loss: 0.3876 - Train Metric: 0.9056
Epoch 16/50 - Val Metric: 0.9149
Epoch 17/50 - Train Loss: 0.3719 - Train Metric: 0.9138
Epoch 17/50 - Val Metric: 0.9222
Epoch 18/50 - Train Loss: 0.3604 - Train Metric: 0.9194
Epoch 18/50 - Val Metric: 0.9279
Epoch 19/50 - Train Loss: 0.3529 - Train Metric: 0.9230
Epoch 19/50 - Val Metric: 0.9330
Epoch 20/50 - Train Loss: 0.3603 - Train Metric: 0.9195
Epoch 20/50 - Val Metric: 0.9338
Epoch 21/50 - Train Loss: 0.3502 - Train Metric: 0.9242
Epoch 21/50 - Val Metric: 0.9269
Epoch 22/50 - Train Loss: 0.3493 - Train Metric: 0.9245
Epoch 22/50 - Val Metric: 0.9362
Epoch 23/50 - Train Loss: 0.3378 - Train Metric: 0.9295
Epoch 23/50 - Val Metric: 0.9362
Epoch 24/50 - Train Loss: 0.3379 - Train Metric: 0.9295
Epoch 24/50 - Val Metric: 0.9360
Epoch 25/50 - Train Loss: 0.3400 - Train Metric: 0.9286
Epoch 25/50 - Val Metric: 0.9369
Epoch 26/50 - Train Loss: 0.3386 - Train Metric: 0.9292
Epoch 26/50 - Val Metric: 0.9384
Epoch 27/50 - Train Loss: 0.3379 - Train Metric: 0.9296
Epoch 27/50 - Val Metric: 0.9374
Epoch 28/50 - Train Loss: 0.3357 - Train Metric: 0.9304
Epoch 28/50 - Val Metric: 0.9391
Epoch 29/50 - Train Loss: 0.3352 - Train Metric: 0.9307
Epoch 29/50 - Val Metric: 0.9378
Epoch 30/50 - Train Loss: 0.3246 - Train Metric: 0.9350
Epoch 30/50 - Val Metric: 0.9399
Epoch 31/50 - Train Loss: 0.3326 - Train Metric: 0.9318
Epoch 31/50 - Val Metric: 0.9397
Epoch 32/50 - Train Loss: 0.3298 - Train Metric: 0.9330
Epoch 32/50 - Val Metric: 0.9385
Epoch 33/50 - Train Loss: 0.3331 - Train Metric: 0.9316
Epoch 33/50 - Val Metric: 0.9404
Epoch 34/50 - Train Loss: 0.3282 - Train Metric: 0.9337
Epoch 34/50 - Val Metric: 0.9404
Epoch 35/50 - Train Loss: 0.3313 - Train Metric: 0.9324
Epoch 35/50 - Val Metric: 0.9403
Epoch 36/50 - Train Loss: 0.3231 - Train Metric: 0.9358
Epoch 36/50 - Val Metric: 0.9409
Epoch 37/50 - Train Loss: 0.3333 - Train Metric: 0.9316
Epoch 37/50 - Val Metric: 0.9410
Epoch 38/50 - Train Loss: 0.3269 - Train Metric: 0.9342
Epoch 38/50 - Val Metric: 0.9416
Epoch 39/50 - Train Loss: 0.3211 - Train Metric: 0.9365
Epoch 39/50 - Val Metric: 0.9404
Epoch 40/50 - Train Loss: 0.3220 - Train Metric: 0.9362
Epoch 40/50 - Val Metric: 0.9414
Epoch 41/50 - Train Loss: 0.3220 - Train Metric: 0.9362
Epoch 41/50 - Val Metric: 0.9420
Epoch 42/50 - Train Loss: 0.3239 - Train Metric: 0.9354
Epoch 42/50 - Val Metric: 0.9416
Epoch 43/50 - Train Loss: 0.3227 - Train Metric: 0.9359
Epoch 43/50 - Val Metric: 0.9421
Epoch 44/50 - Train Loss: 0.3186 - Train Metric: 0.9375
Epoch 44/50 - Val Metric: 0.9419
Epoch 45/50 - Train Loss: 0.3181 - Train Metric: 0.9378
Epoch 45/50 - Val Metric: 0.9421
Epoch 46/50 - Train Loss: 0.3165 - Train Metric: 0.9383
Epoch 46/50 - Val Metric: 0.9420
Epoch 47/50 - Train Loss: 0.3215 - Train Metric: 0.9364
Epoch 47/50 - Val Metric: 0.9426
Epoch 48/50 - Train Loss: 0.3173 - Train Metric: 0.9380
Epoch 48/50 - Val Metric: 0.9424
Epoch 49/50 - Train Loss: 0.3183 - Train Metric: 0.9377
Epoch 49/50 - Val Metric: 0.9426
Epoch 50/50 - Train Loss: 0.3191 - Train Metric: 0.9373
Epoch 50/50 - Val Metric: 0.9425
Best val: 0.9426, Best test: 0.9289
Training set has 16507 instances
Validation set has 2063 instances
Test set has 2064 instances
Epoch 1/50 - Train Loss: 0.7058 - Train Metric: 0.5127
Epoch 1/50 - Val Metric: 0.7871
Epoch 2/50 - Train Loss: 0.6942 - Train Metric: 0.5042
Epoch 2/50 - Val Metric: 0.8449
Epoch 3/50 - Train Loss: 0.6955 - Train Metric: 0.5074
Epoch 3/50 - Val Metric: 0.8509
Epoch 4/50 - Train Loss: 0.6933 - Train Metric: 0.5055
Epoch 4/50 - Val Metric: 0.8502
Epoch 5/50 - Train Loss: 0.6397 - Train Metric: 0.6548
Epoch 5/50 - Val Metric: 0.8412
Epoch 6/50 - Train Loss: 0.4798 - Train Metric: 0.8455
Epoch 6/50 - Val Metric: 0.8636
Epoch 7/50 - Train Loss: 0.4550 - Train Metric: 0.8645
Epoch 7/50 - Val Metric: 0.8843
Epoch 8/50 - Train Loss: 0.4285 - Train Metric: 0.8820
Epoch 8/50 - Val Metric: 0.8922
Epoch 9/50 - Train Loss: 0.4148 - Train Metric: 0.8902
Epoch 9/50 - Val Metric: 0.9020
Epoch 10/50 - Train Loss: 0.3920 - Train Metric: 0.9032
Epoch 10/50 - Val Metric: 0.9121
Epoch 11/50 - Train Loss: 0.3777 - Train Metric: 0.9108
Epoch 11/50 - Val Metric: 0.9124
Epoch 12/50 - Train Loss: 0.3585 - Train Metric: 0.9203
Epoch 12/50 - Val Metric: 0.9230
Epoch 13/50 - Train Loss: 0.3577 - Train Metric: 0.9207
Epoch 13/50 - Val Metric: 0.9260
Epoch 14/50 - Train Loss: 0.3414 - Train Metric: 0.9279
Epoch 14/50 - Val Metric: 0.9289
Epoch 15/50 - Train Loss: 0.3372 - Train Metric: 0.9299
Epoch 15/50 - Val Metric: 0.9290
Epoch 16/50 - Train Loss: 0.3248 - Train Metric: 0.9350
Epoch 16/50 - Val Metric: 0.9311
Epoch 17/50 - Train Loss: 0.3255 - Train Metric: 0.9348
Epoch 17/50 - Val Metric: 0.9326
Epoch 18/50 - Train Loss: 0.3241 - Train Metric: 0.9353
Epoch 18/50 - Val Metric: 0.9321
Epoch 19/50 - Train Loss: 0.3223 - Train Metric: 0.9361
Epoch 19/50 - Val Metric: 0.9330
Training set has 16507 instances
Validation set has 2063 instances
Test set has 2064 instances
Epoch 1/50 - Train Loss: 0.6961 - Train Metric: 0.5035
Epoch 1/50 - Val Metric: 0.8179
Epoch 2/50 - Train Loss: 0.6929 - Train Metric: 0.5163
Epoch 2/50 - Val Metric: 0.8319
Training set has 16507 instances
Validation set has 2063 instances
Test set has 2064 instances
Epoch 1/50 - Train Loss: 0.7382 - Train Metric: 0.5059
Epoch 1/50 - Val Metric: 0.8239
Epoch 2/50 - Train Loss: 0.6940 - Train Metric: 0.5035
Epoch 2/50 - Val Metric: 0.8280
Epoch 3/50 - Train Loss: 0.6943 - Train Metric: 0.5099
Epoch 3/50 - Val Metric: 0.8378
Training set has 16507 instances
Validation set has 2063 instances
Test set has 2064 instances
Epoch 1/50 - Train Loss: 0.7288 - Train Metric: 0.5036
Epoch 1/50 - Val Metric: 0.7936
Epoch 2/50 - Train Loss: 0.6941 - Train Metric: 0.5022
Epoch 2/50 - Val Metric: 0.8389
Epoch 3/50 - Train Loss: 0.5867 - Train Metric: 0.7445
Epoch 3/50 - Val Metric: 0.8376
Epoch 4/50 - Train Loss: 0.4791 - Train Metric: 0.8466
Epoch 4/50 - Val Metric: 0.8571
Epoch 5/50 - Train Loss: 0.4450 - Train Metric: 0.8714
Epoch 5/50 - Val Metric: 0.8890
Epoch 6/50 - Train Loss: 0.4177 - Train Metric: 0.8885
Epoch 6/50 - Val Metric: 0.8976
Epoch 7/50 - Train Loss: 0.4013 - Train Metric: 0.8976
Epoch 7/50 - Val Metric: 0.9014
Epoch 8/50 - Train Loss: 0.3905 - Train Metric: 0.9038
Epoch 8/50 - Val Metric: 0.9078
Epoch 9/50 - Train Loss: 0.3765 - Train Metric: 0.9115
Epoch 9/50 - Val Metric: 0.9199
Epoch 10/50 - Train Loss: 0.3676 - Train Metric: 0.9160
Epoch 10/50 - Val Metric: 0.9227
Epoch 11/50 - Train Loss: 0.3510 - Train Metric: 0.9237
Epoch 11/50 - Val Metric: 0.9220
Epoch 12/50 - Train Loss: 0.3393 - Train Metric: 0.9289
Epoch 12/50 - Val Metric: 0.9276
Epoch 13/50 - Train Loss: 0.3391 - Train Metric: 0.9290
Epoch 13/50 - Val Metric: 0.9290
Epoch 14/50 - Train Loss: 0.3297 - Train Metric: 0.9330
Epoch 14/50 - Val Metric: 0.9310
Epoch 15/50 - Train Loss: 0.3308 - Train Metric: 0.9325
Epoch 15/50 - Val Metric: 0.9278
Epoch 16/50 - Train Loss: 0.3304 - Train Metric: 0.9327
Epoch 16/50 - Val Metric: 0.9279
Epoch 17/50 - Train Loss: 0.3283 - Train Metric: 0.9336
Epoch 17/50 - Val Metric: 0.9329
Epoch 18/50 - Train Loss: 0.3260 - Train Metric: 0.9346
Epoch 18/50 - Val Metric: 0.9310
Training set has 16507 instances
Validation set has 2063 instances
Test set has 2064 instances
Training set has 16507 instances
Validation set has 2063 instances
Test set has 2064 instances
Training set has 16507 instances
Validation set has 2063 instances
Test set has 2064 instances
Training set has 16507 instances
Validation set has 2063 instances
Test set has 2064 instances
Epoch 1/50 - Train Loss: 0.6408 - Train Metric: 0.7034
Epoch 1/50 - Val Metric: 0.8373
Epoch 2/50 - Train Loss: 0.6396 - Train Metric: 0.6506
Epoch 2/50 - Val Metric: 0.8385
Epoch 3/50 - Train Loss: 0.5042 - Train Metric: 0.8275
Epoch 3/50 - Val Metric: 0.8525
Epoch 4/50 - Train Loss: 0.4761 - Train Metric: 0.8478
Epoch 4/50 - Val Metric: 0.8650
Epoch 5/50 - Train Loss: 0.4505 - Train Metric: 0.8672
Epoch 5/50 - Val Metric: 0.8728
Epoch 6/50 - Train Loss: 0.4264 - Train Metric: 0.8832
Epoch 6/50 - Val Metric: 0.9067
Epoch 7/50 - Train Loss: 0.4169 - Train Metric: 0.8884
Epoch 7/50 - Val Metric: 0.9031
Epoch 8/50 - Train Loss: 0.4069 - Train Metric: 0.8944
Epoch 8/50 - Val Metric: 0.9041
Epoch 9/50 - Train Loss: 0.4033 - Train Metric: 0.8957
Epoch 9/50 - Val Metric: 0.9098
Epoch 10/50 - Train Loss: 0.4016 - Train Metric: 0.8968
Epoch 10/50 - Val Metric: 0.9149
Epoch 11/50 - Train Loss: 0.3964 - Train Metric: 0.9004
Epoch 11/50 - Val Metric: 0.9101
Epoch 12/50 - Train Loss: 0.4113 - Train Metric: 0.8917
Epoch 12/50 - Val Metric: 0.9061
Epoch 13/50 - Train Loss: 0.4055 - Train Metric: 0.8949
Epoch 13/50 - Val Metric: 0.9097
Epoch 14/50 - Train Loss: 0.3922 - Train Metric: 0.9024
Epoch 14/50 - Val Metric: 0.9117
Epoch 15/50 - Train Loss: 0.3891 - Train Metric: 0.9037
Epoch 15/50 - Val Metric: 0.9140
Training set has 16507 instances
Validation set has 2063 instances
Test set has 2064 instances
Training set has 16507 instances
Validation set has 2063 instances
Test set has 2064 instances
Training set has 16507 instances
Validation set has 2063 instances
Test set has 2064 instances
Epoch 1/50 - Train Loss: 0.7328 - Train Metric: 0.5023
Epoch 1/50 - Val Metric: 0.8088
Epoch 2/50 - Train Loss: 0.6968 - Train Metric: 0.5067
Epoch 2/50 - Val Metric: 0.8193
Training set has 16507 instances
Validation set has 2063 instances
Test set has 2064 instances
Training set has 16507 instances
Validation set has 2063 instances
Test set has 2064 instances
Epoch 1/50 - Train Loss: 0.6176 - Train Metric: 0.6886
Epoch 1/50 - Val Metric: 0.8441
Epoch 2/50 - Train Loss: 0.4827 - Train Metric: 0.8456
Epoch 2/50 - Val Metric: 0.8871
Epoch 3/50 - Train Loss: 0.4196 - Train Metric: 0.8870
Epoch 3/50 - Val Metric: 0.9096
Epoch 4/50 - Train Loss: 0.3809 - Train Metric: 0.9091
Epoch 4/50 - Val Metric: 0.9293
Epoch 5/50 - Train Loss: 0.3464 - Train Metric: 0.9260
Epoch 5/50 - Val Metric: 0.9358
Epoch 6/50 - Train Loss: 0.3323 - Train Metric: 0.9320
Epoch 6/50 - Val Metric: 0.9380
Epoch 7/50 - Train Loss: 0.3229 - Train Metric: 0.9359
Epoch 7/50 - Val Metric: 0.9425
Epoch 8/50 - Train Loss: 0.3112 - Train Metric: 0.9405
Epoch 8/50 - Val Metric: 0.9429
Epoch 9/50 - Train Loss: 0.3133 - Train Metric: 0.9396
Epoch 9/50 - Val Metric: 0.9439
Epoch 10/50 - Train Loss: 0.3045 - Train Metric: 0.9430
Epoch 10/50 - Val Metric: 0.9476
Epoch 11/50 - Train Loss: 0.3020 - Train Metric: 0.9439
Epoch 11/50 - Val Metric: 0.9464
Epoch 12/50 - Train Loss: 0.2975 - Train Metric: 0.9456
Epoch 12/50 - Val Metric: 0.9487
Epoch 13/50 - Train Loss: 0.2943 - Train Metric: 0.9468
Epoch 13/50 - Val Metric: 0.9515
Epoch 14/50 - Train Loss: 0.2893 - Train Metric: 0.9486
Epoch 14/50 - Val Metric: 0.9465
Epoch 15/50 - Train Loss: 0.2880 - Train Metric: 0.9490
Epoch 15/50 - Val Metric: 0.9509
Epoch 16/50 - Train Loss: 0.2880 - Train Metric: 0.9491
Epoch 16/50 - Val Metric: 0.9469
Epoch 17/50 - Train Loss: 0.2804 - Train Metric: 0.9517
Epoch 17/50 - Val Metric: 0.9511
Epoch 18/50 - Train Loss: 0.2776 - Train Metric: 0.9527
Epoch 18/50 - Val Metric: 0.9528
Epoch 19/50 - Train Loss: 0.2765 - Train Metric: 0.9531
Epoch 19/50 - Val Metric: 0.9540
Epoch 20/50 - Train Loss: 0.2730 - Train Metric: 0.9543
Epoch 20/50 - Val Metric: 0.9554
Epoch 21/50 - Train Loss: 0.2693 - Train Metric: 0.9556
Epoch 21/50 - Val Metric: 0.9542
Epoch 22/50 - Train Loss: 0.2672 - Train Metric: 0.9562
Epoch 22/50 - Val Metric: 0.9551
Epoch 23/50 - Train Loss: 0.2633 - Train Metric: 0.9575
Epoch 23/50 - Val Metric: 0.9556
Epoch 24/50 - Train Loss: 0.2624 - Train Metric: 0.9579
Epoch 24/50 - Val Metric: 0.9549
Epoch 25/50 - Train Loss: 0.2630 - Train Metric: 0.9576
Epoch 25/50 - Val Metric: 0.9562
Epoch 26/50 - Train Loss: 0.2602 - Train Metric: 0.9585
Epoch 26/50 - Val Metric: 0.9569
Epoch 27/50 - Train Loss: 0.2588 - Train Metric: 0.9590
Epoch 27/50 - Val Metric: 0.9558
Epoch 28/50 - Train Loss: 0.2572 - Train Metric: 0.9595
Epoch 28/50 - Val Metric: 0.9568
Epoch 29/50 - Train Loss: 0.2563 - Train Metric: 0.9598
Epoch 29/50 - Val Metric: 0.9572
Epoch 30/50 - Train Loss: 0.2544 - Train Metric: 0.9604
Epoch 30/50 - Val Metric: 0.9560
Epoch 31/50 - Train Loss: 0.2525 - Train Metric: 0.9610
Epoch 31/50 - Val Metric: 0.9553
Epoch 32/50 - Train Loss: 0.2534 - Train Metric: 0.9607
Epoch 32/50 - Val Metric: 0.9572
Epoch 33/50 - Train Loss: 0.2513 - Train Metric: 0.9614
Epoch 33/50 - Val Metric: 0.9562
Epoch 34/50 - Train Loss: 0.2505 - Train Metric: 0.9617
Epoch 34/50 - Val Metric: 0.9573
Epoch 35/50 - Train Loss: 0.2501 - Train Metric: 0.9618
Epoch 35/50 - Val Metric: 0.9570
Epoch 36/50 - Train Loss: 0.2498 - Train Metric: 0.9618
Epoch 36/50 - Val Metric: 0.9572
Epoch 37/50 - Train Loss: 0.2489 - Train Metric: 0.9621
Epoch 37/50 - Val Metric: 0.9562
Epoch 38/50 - Train Loss: 0.2480 - Train Metric: 0.9624
Epoch 38/50 - Val Metric: 0.9571
Epoch 39/50 - Train Loss: 0.2479 - Train Metric: 0.9624
Epoch 39/50 - Val Metric: 0.9556
Epoch 40/50 - Train Loss: 0.2461 - Train Metric: 0.9630
Epoch 40/50 - Val Metric: 0.9572
Epoch 41/50 - Train Loss: 0.2465 - Train Metric: 0.9629
Epoch 41/50 - Val Metric: 0.9570
Epoch 42/50 - Train Loss: 0.2461 - Train Metric: 0.9630
Epoch 42/50 - Val Metric: 0.9569
Epoch 43/50 - Train Loss: 0.2458 - Train Metric: 0.9631
Epoch 43/50 - Val Metric: 0.9561
Epoch 44/50 - Train Loss: 0.2451 - Train Metric: 0.9633
Epoch 44/50 - Val Metric: 0.9569
Epoch 45/50 - Train Loss: 0.2450 - Train Metric: 0.9633
Epoch 45/50 - Val Metric: 0.9564
Epoch 46/50 - Train Loss: 0.2447 - Train Metric: 0.9634
Epoch 46/50 - Val Metric: 0.9569
Epoch 47/50 - Train Loss: 0.2446 - Train Metric: 0.9635
Epoch 47/50 - Val Metric: 0.9571
Epoch 48/50 - Train Loss: 0.2448 - Train Metric: 0.9634
Epoch 48/50 - Val Metric: 0.9569
Epoch 49/50 - Train Loss: 0.2445 - Train Metric: 0.9635
Epoch 49/50 - Val Metric: 0.9569
Epoch 50/50 - Train Loss: 0.2437 - Train Metric: 0.9637
Epoch 50/50 - Val Metric: 0.9569
Best val: 0.9573, Best test: 0.9552
Training set has 16507 instances
Validation set has 2063 instances
Test set has 2064 instances
Training set has 16507 instances
Validation set has 2063 instances
Test set has 2064 instances
Epoch 1/50 - Train Loss: 0.6854 - Train Metric: 0.5496
Epoch 1/50 - Val Metric: 0.8470
Epoch 2/50 - Train Loss: 0.5126 - Train Metric: 0.8233
Epoch 2/50 - Val Metric: 0.8693
Epoch 3/50 - Train Loss: 0.4263 - Train Metric: 0.8825
Epoch 3/50 - Val Metric: 0.8950
Epoch 4/50 - Train Loss: 0.3772 - Train Metric: 0.9112
Epoch 4/50 - Val Metric: 0.9230
Epoch 5/50 - Train Loss: 0.3342 - Train Metric: 0.9314
Epoch 5/50 - Val Metric: 0.9273
Epoch 6/50 - Train Loss: 0.3311 - Train Metric: 0.9326
Epoch 6/50 - Val Metric: 0.9352
Epoch 7/50 - Train Loss: 0.3162 - Train Metric: 0.9386
Epoch 7/50 - Val Metric: 0.9373
Epoch 8/50 - Train Loss: 0.3036 - Train Metric: 0.9433
Epoch 8/50 - Val Metric: 0.9370
Epoch 9/50 - Train Loss: 0.3049 - Train Metric: 0.9427
Epoch 9/50 - Val Metric: 0.9354
Epoch 10/50 - Train Loss: 0.3100 - Train Metric: 0.9408
Epoch 10/50 - Val Metric: 0.9405
Epoch 11/50 - Train Loss: 0.3024 - Train Metric: 0.9435
Epoch 11/50 - Val Metric: 0.9371
Epoch 12/50 - Train Loss: 0.3011 - Train Metric: 0.9442
Epoch 12/50 - Val Metric: 0.9390
Epoch 13/50 - Train Loss: 0.3009 - Train Metric: 0.9443
Epoch 13/50 - Val Metric: 0.9423
Epoch 14/50 - Train Loss: 0.2967 - Train Metric: 0.9459
Epoch 14/50 - Val Metric: 0.9412
Epoch 15/50 - Train Loss: 0.2896 - Train Metric: 0.9485
Epoch 15/50 - Val Metric: 0.9422
Epoch 16/50 - Train Loss: 0.2890 - Train Metric: 0.9487
Epoch 16/50 - Val Metric: 0.9415
Epoch 17/50 - Train Loss: 0.2826 - Train Metric: 0.9509
Epoch 17/50 - Val Metric: 0.9389
Epoch 18/50 - Train Loss: 0.2920 - Train Metric: 0.9476
Epoch 18/50 - Val Metric: 0.9390
Epoch 19/50 - Train Loss: 0.2860 - Train Metric: 0.9495
Epoch 19/50 - Val Metric: 0.9421
Epoch 20/50 - Train Loss: 0.2819 - Train Metric: 0.9511
Epoch 20/50 - Val Metric: 0.9457
Epoch 21/50 - Train Loss: 0.2783 - Train Metric: 0.9524
Epoch 21/50 - Val Metric: 0.9419
Epoch 22/50 - Train Loss: 0.2816 - Train Metric: 0.9511
Epoch 22/50 - Val Metric: 0.9447
Epoch 23/50 - Train Loss: 0.2777 - Train Metric: 0.9525
Epoch 23/50 - Val Metric: 0.9441
Epoch 24/50 - Train Loss: 0.2775 - Train Metric: 0.9527
Epoch 24/50 - Val Metric: 0.9478
Epoch 25/50 - Train Loss: 0.2753 - Train Metric: 0.9533
Epoch 25/50 - Val Metric: 0.9485
Epoch 26/50 - Train Loss: 0.2767 - Train Metric: 0.9528
Epoch 26/50 - Val Metric: 0.9455
Epoch 27/50 - Train Loss: 0.2779 - Train Metric: 0.9526
Epoch 27/50 - Val Metric: 0.9429
Epoch 28/50 - Train Loss: 0.2774 - Train Metric: 0.9526
Epoch 28/50 - Val Metric: 0.9452
Epoch 29/50 - Train Loss: 0.2730 - Train Metric: 0.9541
Epoch 29/50 - Val Metric: 0.9468
Epoch 30/50 - Train Loss: 0.2769 - Train Metric: 0.9529
Epoch 30/50 - Val Metric: 0.9441
Epoch 31/50 - Train Loss: 0.2838 - Train Metric: 0.9504
Epoch 31/50 - Val Metric: 0.9432
Epoch 32/50 - Train Loss: 0.2692 - Train Metric: 0.9555
Epoch 32/50 - Val Metric: 0.9478
Epoch 33/50 - Train Loss: 0.2795 - Train Metric: 0.9520
Epoch 33/50 - Val Metric: 0.9428
Epoch 34/50 - Train Loss: 0.2790 - Train Metric: 0.9522
Epoch 34/50 - Val Metric: 0.9455
Epoch 35/50 - Train Loss: 0.2737 - Train Metric: 0.9539
Epoch 35/50 - Val Metric: 0.9491
Epoch 36/50 - Train Loss: 0.2690 - Train Metric: 0.9555
Epoch 36/50 - Val Metric: 0.9460
Epoch 37/50 - Train Loss: 0.2691 - Train Metric: 0.9555
Epoch 37/50 - Val Metric: 0.9451
Epoch 38/50 - Train Loss: 0.2692 - Train Metric: 0.9556
Epoch 38/50 - Val Metric: 0.9489
Epoch 39/50 - Train Loss: 0.2629 - Train Metric: 0.9575
Epoch 39/50 - Val Metric: 0.9453
Epoch 40/50 - Train Loss: 0.2669 - Train Metric: 0.9562
Epoch 40/50 - Val Metric: 0.9465
Epoch 41/50 - Train Loss: 0.2639 - Train Metric: 0.9572
Epoch 41/50 - Val Metric: 0.9467
Epoch 42/50 - Train Loss: 0.2668 - Train Metric: 0.9563
Epoch 42/50 - Val Metric: 0.9433
Epoch 43/50 - Train Loss: 0.2697 - Train Metric: 0.9553
Epoch 43/50 - Val Metric: 0.9424
Epoch 44/50 - Train Loss: 0.2619 - Train Metric: 0.9579
Epoch 44/50 - Val Metric: 0.9437
Epoch 45/50 - Train Loss: 0.2659 - Train Metric: 0.9566
Epoch 45/50 - Val Metric: 0.9460
Epoch 46/50 - Train Loss: 0.2619 - Train Metric: 0.9579
Epoch 46/50 - Val Metric: 0.9463
Epoch 47/50 - Train Loss: 0.2668 - Train Metric: 0.9562
Epoch 47/50 - Val Metric: 0.9452
Epoch 48/50 - Train Loss: 0.2696 - Train Metric: 0.9553
Epoch 48/50 - Val Metric: 0.9422
Epoch 49/50 - Train Loss: 0.2642 - Train Metric: 0.9570
Epoch 49/50 - Val Metric: 0.9440
Epoch 50/50 - Train Loss: 0.2601 - Train Metric: 0.9584
Epoch 50/50 - Val Metric: 0.9448
Best val: 0.9491, Best test: 0.9482
Hyper-parameter search done. Found the best config.
Repeat experiments 5 times with the best train config {'batch_size': 128, 'gamma_rate': 0.9, 'base_lr': 0.001} and model config {'num_heads': 4, 'num_layers': 4, 'hidden_dim': 64, 'mlp_ratio': 0.25, 'dropout_prob': 0, 'top_k': 5}.
Training set has 16507 instances
Validation set has 2063 instances
Test set has 2064 instances
Epoch 1/50 - Train Loss: 0.6731 - Train Metric: 0.5788
Epoch 1/50 - Val Metric: 0.7551
Epoch 2/50 - Train Loss: 0.5189 - Train Metric: 0.8141
Epoch 2/50 - Val Metric: 0.8604
Epoch 3/50 - Train Loss: 0.4371 - Train Metric: 0.8765
Epoch 3/50 - Val Metric: 0.9064
Epoch 4/50 - Train Loss: 0.3993 - Train Metric: 0.8995
Epoch 4/50 - Val Metric: 0.9159
Epoch 5/50 - Train Loss: 0.3600 - Train Metric: 0.9198
Epoch 5/50 - Val Metric: 0.9335
Epoch 6/50 - Train Loss: 0.3344 - Train Metric: 0.9311
Epoch 6/50 - Val Metric: 0.9358
Epoch 7/50 - Train Loss: 0.3226 - Train Metric: 0.9359
Epoch 7/50 - Val Metric: 0.9410
Epoch 8/50 - Train Loss: 0.3197 - Train Metric: 0.9372
Epoch 8/50 - Val Metric: 0.9420
Epoch 9/50 - Train Loss: 0.3084 - Train Metric: 0.9414
Epoch 9/50 - Val Metric: 0.9427
Epoch 10/50 - Train Loss: 0.3058 - Train Metric: 0.9425
Epoch 10/50 - Val Metric: 0.9438
Epoch 11/50 - Train Loss: 0.3012 - Train Metric: 0.9443
Epoch 11/50 - Val Metric: 0.9367
Epoch 12/50 - Train Loss: 0.2996 - Train Metric: 0.9449
Epoch 12/50 - Val Metric: 0.9454
Epoch 13/50 - Train Loss: 0.2905 - Train Metric: 0.9482
Epoch 13/50 - Val Metric: 0.9461
Epoch 14/50 - Train Loss: 0.2902 - Train Metric: 0.9483
Epoch 14/50 - Val Metric: 0.9455
Epoch 15/50 - Train Loss: 0.2831 - Train Metric: 0.9508
Epoch 15/50 - Val Metric: 0.9473
Epoch 16/50 - Train Loss: 0.2793 - Train Metric: 0.9522
Epoch 16/50 - Val Metric: 0.9466
Epoch 17/50 - Train Loss: 0.2770 - Train Metric: 0.9529
Epoch 17/50 - Val Metric: 0.9470
Epoch 18/50 - Train Loss: 0.2725 - Train Metric: 0.9545
Epoch 18/50 - Val Metric: 0.9461
Epoch 19/50 - Train Loss: 0.2715 - Train Metric: 0.9548
Epoch 19/50 - Val Metric: 0.9480
Epoch 20/50 - Train Loss: 0.2683 - Train Metric: 0.9559
Epoch 20/50 - Val Metric: 0.9501
Epoch 21/50 - Train Loss: 0.2655 - Train Metric: 0.9568
Epoch 21/50 - Val Metric: 0.9500
Epoch 22/50 - Train Loss: 0.2639 - Train Metric: 0.9573
Epoch 22/50 - Val Metric: 0.9487
Epoch 23/50 - Train Loss: 0.2625 - Train Metric: 0.9578
Epoch 23/50 - Val Metric: 0.9482
Epoch 24/50 - Train Loss: 0.2581 - Train Metric: 0.9592
Epoch 24/50 - Val Metric: 0.9471
Epoch 25/50 - Train Loss: 0.2571 - Train Metric: 0.9595
Epoch 25/50 - Val Metric: 0.9501
Epoch 26/50 - Train Loss: 0.2542 - Train Metric: 0.9604
Epoch 26/50 - Val Metric: 0.9495
Epoch 27/50 - Train Loss: 0.2533 - Train Metric: 0.9607
Epoch 27/50 - Val Metric: 0.9500
Epoch 28/50 - Train Loss: 0.2520 - Train Metric: 0.9611
Epoch 28/50 - Val Metric: 0.9515
Epoch 29/50 - Train Loss: 0.2502 - Train Metric: 0.9617
Epoch 29/50 - Val Metric: 0.9500
Epoch 30/50 - Train Loss: 0.2495 - Train Metric: 0.9619
Epoch 30/50 - Val Metric: 0.9506
Epoch 31/50 - Train Loss: 0.2467 - Train Metric: 0.9628
Epoch 31/50 - Val Metric: 0.9507
Epoch 32/50 - Train Loss: 0.2449 - Train Metric: 0.9633
Epoch 32/50 - Val Metric: 0.9517
Epoch 33/50 - Train Loss: 0.2442 - Train Metric: 0.9636
Epoch 33/50 - Val Metric: 0.9518
Epoch 34/50 - Train Loss: 0.2438 - Train Metric: 0.9637
Epoch 34/50 - Val Metric: 0.9518
Epoch 35/50 - Train Loss: 0.2428 - Train Metric: 0.9640
Epoch 35/50 - Val Metric: 0.9506
Epoch 36/50 - Train Loss: 0.2412 - Train Metric: 0.9644
Epoch 36/50 - Val Metric: 0.9519
Epoch 37/50 - Train Loss: 0.2417 - Train Metric: 0.9643
Epoch 37/50 - Val Metric: 0.9521
Epoch 38/50 - Train Loss: 0.2398 - Train Metric: 0.9649
Epoch 38/50 - Val Metric: 0.9522
Epoch 39/50 - Train Loss: 0.2392 - Train Metric: 0.9651
Epoch 39/50 - Val Metric: 0.9520
Epoch 40/50 - Train Loss: 0.2390 - Train Metric: 0.9651
Epoch 40/50 - Val Metric: 0.9524
Epoch 41/50 - Train Loss: 0.2385 - Train Metric: 0.9653
Epoch 41/50 - Val Metric: 0.9521
Epoch 42/50 - Train Loss: 0.2381 - Train Metric: 0.9654
Epoch 42/50 - Val Metric: 0.9514
Epoch 43/50 - Train Loss: 0.2371 - Train Metric: 0.9657
Epoch 43/50 - Val Metric: 0.9515
Epoch 44/50 - Train Loss: 0.2379 - Train Metric: 0.9655
Epoch 44/50 - Val Metric: 0.9525
Epoch 45/50 - Train Loss: 0.2369 - Train Metric: 0.9657
Epoch 45/50 - Val Metric: 0.9524
Epoch 46/50 - Train Loss: 0.2371 - Train Metric: 0.9657
Epoch 46/50 - Val Metric: 0.9526
Epoch 47/50 - Train Loss: 0.2363 - Train Metric: 0.9659
Epoch 47/50 - Val Metric: 0.9520
Epoch 48/50 - Train Loss: 0.2360 - Train Metric: 0.9660
Epoch 48/50 - Val Metric: 0.9521
Epoch 49/50 - Train Loss: 0.2354 - Train Metric: 0.9662
Epoch 49/50 - Val Metric: 0.9522
Epoch 50/50 - Train Loss: 0.2358 - Train Metric: 0.9661
Epoch 50/50 - Val Metric: 0.9522
Best val: 0.9526, Best test: 0.9545
Training set has 16507 instances
Validation set has 2063 instances
Test set has 2064 instances
Epoch 1/50 - Train Loss: 0.6176 - Train Metric: 0.6844
Epoch 1/50 - Val Metric: 0.7968
Epoch 2/50 - Train Loss: 0.4930 - Train Metric: 0.8379
Epoch 2/50 - Val Metric: 0.8861
Epoch 3/50 - Train Loss: 0.3990 - Train Metric: 0.9005
Epoch 3/50 - Val Metric: 0.9311
Epoch 4/50 - Train Loss: 0.3720 - Train Metric: 0.9145
Epoch 4/50 - Val Metric: 0.9400
Epoch 5/50 - Train Loss: 0.3501 - Train Metric: 0.9246
Epoch 5/50 - Val Metric: 0.9349
Epoch 6/50 - Train Loss: 0.3371 - Train Metric: 0.9303
Epoch 6/50 - Val Metric: 0.9450
Epoch 7/50 - Train Loss: 0.3254 - Train Metric: 0.9351
Epoch 7/50 - Val Metric: 0.9378
Epoch 8/50 - Train Loss: 0.3154 - Train Metric: 0.9390
Epoch 8/50 - Val Metric: 0.9354
Epoch 9/50 - Train Loss: 0.3091 - Train Metric: 0.9414
Epoch 9/50 - Val Metric: 0.9510
Epoch 10/50 - Train Loss: 0.3015 - Train Metric: 0.9443
Epoch 10/50 - Val Metric: 0.9512
Epoch 11/50 - Train Loss: 0.3019 - Train Metric: 0.9441
Epoch 11/50 - Val Metric: 0.9523
Epoch 12/50 - Train Loss: 0.2913 - Train Metric: 0.9481
Epoch 12/50 - Val Metric: 0.9539
Epoch 13/50 - Train Loss: 0.2894 - Train Metric: 0.9487
Epoch 13/50 - Val Metric: 0.9544
Epoch 14/50 - Train Loss: 0.2884 - Train Metric: 0.9490
Epoch 14/50 - Val Metric: 0.9559
Epoch 15/50 - Train Loss: 0.2864 - Train Metric: 0.9498
Epoch 15/50 - Val Metric: 0.9557
Epoch 16/50 - Train Loss: 0.2799 - Train Metric: 0.9520
Epoch 16/50 - Val Metric: 0.9580
Epoch 17/50 - Train Loss: 0.2793 - Train Metric: 0.9522
Epoch 17/50 - Val Metric: 0.9480
Epoch 18/50 - Train Loss: 0.2777 - Train Metric: 0.9527
Epoch 18/50 - Val Metric: 0.9571
Epoch 19/50 - Train Loss: 0.2729 - Train Metric: 0.9544
Epoch 19/50 - Val Metric: 0.9566
Epoch 20/50 - Train Loss: 0.2680 - Train Metric: 0.9560
Epoch 20/50 - Val Metric: 0.9575
Epoch 21/50 - Train Loss: 0.2650 - Train Metric: 0.9570
Epoch 21/50 - Val Metric: 0.9568
Epoch 22/50 - Train Loss: 0.2649 - Train Metric: 0.9570
Epoch 22/50 - Val Metric: 0.9595
Epoch 23/50 - Train Loss: 0.2615 - Train Metric: 0.9581
Epoch 23/50 - Val Metric: 0.9578
Epoch 24/50 - Train Loss: 0.2608 - Train Metric: 0.9584
Epoch 24/50 - Val Metric: 0.9573
Epoch 25/50 - Train Loss: 0.2599 - Train Metric: 0.9587
Epoch 25/50 - Val Metric: 0.9591
Epoch 26/50 - Train Loss: 0.2592 - Train Metric: 0.9588
Epoch 26/50 - Val Metric: 0.9570
Epoch 27/50 - Train Loss: 0.2566 - Train Metric: 0.9597
Epoch 27/50 - Val Metric: 0.9587
Epoch 28/50 - Train Loss: 0.2531 - Train Metric: 0.9608
Epoch 28/50 - Val Metric: 0.9597
Epoch 29/50 - Train Loss: 0.2536 - Train Metric: 0.9607
Epoch 29/50 - Val Metric: 0.9600
Epoch 30/50 - Train Loss: 0.2539 - Train Metric: 0.9606
Epoch 30/50 - Val Metric: 0.9597
Epoch 31/50 - Train Loss: 0.2506 - Train Metric: 0.9616
Epoch 31/50 - Val Metric: 0.9604
Epoch 32/50 - Train Loss: 0.2493 - Train Metric: 0.9620
Epoch 32/50 - Val Metric: 0.9600
Epoch 33/50 - Train Loss: 0.2493 - Train Metric: 0.9620
Epoch 33/50 - Val Metric: 0.9605
Epoch 34/50 - Train Loss: 0.2476 - Train Metric: 0.9625
Epoch 34/50 - Val Metric: 0.9604
Epoch 35/50 - Train Loss: 0.2476 - Train Metric: 0.9625
Epoch 35/50 - Val Metric: 0.9601
Epoch 36/50 - Train Loss: 0.2467 - Train Metric: 0.9628
Epoch 36/50 - Val Metric: 0.9595
Epoch 37/50 - Train Loss: 0.2469 - Train Metric: 0.9627
Epoch 37/50 - Val Metric: 0.9605
Epoch 38/50 - Train Loss: 0.2455 - Train Metric: 0.9631
Epoch 38/50 - Val Metric: 0.9602
Epoch 39/50 - Train Loss: 0.2456 - Train Metric: 0.9631
Epoch 39/50 - Val Metric: 0.9601
Epoch 40/50 - Train Loss: 0.2442 - Train Metric: 0.9635
Epoch 40/50 - Val Metric: 0.9606
Epoch 41/50 - Train Loss: 0.2444 - Train Metric: 0.9634
Epoch 41/50 - Val Metric: 0.9603
Epoch 42/50 - Train Loss: 0.2432 - Train Metric: 0.9638
Epoch 42/50 - Val Metric: 0.9604
Epoch 43/50 - Train Loss: 0.2433 - Train Metric: 0.9638
Epoch 43/50 - Val Metric: 0.9603
Epoch 44/50 - Train Loss: 0.2427 - Train Metric: 0.9640
Epoch 44/50 - Val Metric: 0.9599
Epoch 45/50 - Train Loss: 0.2427 - Train Metric: 0.9640
Epoch 45/50 - Val Metric: 0.9604
Epoch 46/50 - Train Loss: 0.2416 - Train Metric: 0.9643
Epoch 46/50 - Val Metric: 0.9605
Epoch 47/50 - Train Loss: 0.2423 - Train Metric: 0.9641
Epoch 47/50 - Val Metric: 0.9603
Epoch 48/50 - Train Loss: 0.2422 - Train Metric: 0.9641
Epoch 48/50 - Val Metric: 0.9601
Epoch 49/50 - Train Loss: 0.2415 - Train Metric: 0.9643
Epoch 49/50 - Val Metric: 0.9604
Epoch 50/50 - Train Loss: 0.2412 - Train Metric: 0.9644
Epoch 50/50 - Val Metric: 0.9604
Best val: 0.9606, Best test: 0.9530
Training set has 16507 instances
Validation set has 2063 instances
Test set has 2064 instances
Epoch 1/50 - Train Loss: 0.6375 - Train Metric: 0.6328
Epoch 1/50 - Val Metric: 0.8322
Epoch 2/50 - Train Loss: 0.5088 - Train Metric: 0.8243
Epoch 2/50 - Val Metric: 0.8650
Epoch 3/50 - Train Loss: 0.4453 - Train Metric: 0.8704
Epoch 3/50 - Val Metric: 0.9067
Epoch 4/50 - Train Loss: 0.4131 - Train Metric: 0.8913
Epoch 4/50 - Val Metric: 0.9093
Epoch 5/50 - Train Loss: 0.3868 - Train Metric: 0.9056
Epoch 5/50 - Val Metric: 0.9130
Epoch 6/50 - Train Loss: 0.3758 - Train Metric: 0.9115
Epoch 6/50 - Val Metric: 0.9228
Epoch 7/50 - Train Loss: 0.3706 - Train Metric: 0.9142
Epoch 7/50 - Val Metric: 0.9169
Epoch 8/50 - Train Loss: 0.3490 - Train Metric: 0.9245
Epoch 8/50 - Val Metric: 0.9383
Epoch 9/50 - Train Loss: 0.3311 - Train Metric: 0.9325
Epoch 9/50 - Val Metric: 0.9407
Epoch 10/50 - Train Loss: 0.3277 - Train Metric: 0.9338
Epoch 10/50 - Val Metric: 0.9395
Epoch 11/50 - Train Loss: 0.3169 - Train Metric: 0.9381
Epoch 11/50 - Val Metric: 0.9471
Epoch 12/50 - Train Loss: 0.3130 - Train Metric: 0.9397
Epoch 12/50 - Val Metric: 0.9448
Epoch 13/50 - Train Loss: 0.2995 - Train Metric: 0.9449
Epoch 13/50 - Val Metric: 0.9445
Epoch 14/50 - Train Loss: 0.2950 - Train Metric: 0.9465
Epoch 14/50 - Val Metric: 0.9500
Epoch 15/50 - Train Loss: 0.2866 - Train Metric: 0.9495
Epoch 15/50 - Val Metric: 0.9495
Epoch 16/50 - Train Loss: 0.2857 - Train Metric: 0.9499
Epoch 16/50 - Val Metric: 0.9504
Epoch 17/50 - Train Loss: 0.2789 - Train Metric: 0.9522
Epoch 17/50 - Val Metric: 0.9525
Epoch 18/50 - Train Loss: 0.2782 - Train Metric: 0.9524
Epoch 18/50 - Val Metric: 0.9524
Epoch 19/50 - Train Loss: 0.2750 - Train Metric: 0.9535
Epoch 19/50 - Val Metric: 0.9504
Epoch 20/50 - Train Loss: 0.2689 - Train Metric: 0.9556
Epoch 20/50 - Val Metric: 0.9546
Epoch 21/50 - Train Loss: 0.2689 - Train Metric: 0.9557
Epoch 21/50 - Val Metric: 0.9512
Epoch 22/50 - Train Loss: 0.2686 - Train Metric: 0.9557
Epoch 22/50 - Val Metric: 0.9539
Epoch 23/50 - Train Loss: 0.2640 - Train Metric: 0.9573
Epoch 23/50 - Val Metric: 0.9524
Epoch 24/50 - Train Loss: 0.2638 - Train Metric: 0.9573
Epoch 24/50 - Val Metric: 0.9529
Epoch 25/50 - Train Loss: 0.2612 - Train Metric: 0.9582
Epoch 25/50 - Val Metric: 0.9537
Epoch 26/50 - Train Loss: 0.2582 - Train Metric: 0.9591
Epoch 26/50 - Val Metric: 0.9553
Epoch 27/50 - Train Loss: 0.2568 - Train Metric: 0.9596
Epoch 27/50 - Val Metric: 0.9554
Epoch 28/50 - Train Loss: 0.2548 - Train Metric: 0.9603
Epoch 28/50 - Val Metric: 0.9531
Epoch 29/50 - Train Loss: 0.2527 - Train Metric: 0.9609
Epoch 29/50 - Val Metric: 0.9551
Epoch 30/50 - Train Loss: 0.2548 - Train Metric: 0.9603
Epoch 30/50 - Val Metric: 0.9558
Epoch 31/50 - Train Loss: 0.2530 - Train Metric: 0.9608
Epoch 31/50 - Val Metric: 0.9557
Epoch 32/50 - Train Loss: 0.2503 - Train Metric: 0.9617
Epoch 32/50 - Val Metric: 0.9557
Epoch 33/50 - Train Loss: 0.2500 - Train Metric: 0.9618
Epoch 33/50 - Val Metric: 0.9562
Epoch 34/50 - Train Loss: 0.2470 - Train Metric: 0.9627
Epoch 34/50 - Val Metric: 0.9561
Epoch 35/50 - Train Loss: 0.2480 - Train Metric: 0.9624
Epoch 35/50 - Val Metric: 0.9547
Epoch 36/50 - Train Loss: 0.2460 - Train Metric: 0.9630
Epoch 36/50 - Val Metric: 0.9558
Epoch 37/50 - Train Loss: 0.2447 - Train Metric: 0.9634
Epoch 37/50 - Val Metric: 0.9566
Epoch 38/50 - Train Loss: 0.2446 - Train Metric: 0.9634
Epoch 38/50 - Val Metric: 0.9561
Epoch 39/50 - Train Loss: 0.2441 - Train Metric: 0.9635
Epoch 39/50 - Val Metric: 0.9568
Epoch 40/50 - Train Loss: 0.2431 - Train Metric: 0.9639
Epoch 40/50 - Val Metric: 0.9568
Epoch 41/50 - Train Loss: 0.2427 - Train Metric: 0.9640
Epoch 41/50 - Val Metric: 0.9561
Epoch 42/50 - Train Loss: 0.2428 - Train Metric: 0.9640
Epoch 42/50 - Val Metric: 0.9569
Epoch 43/50 - Train Loss: 0.2411 - Train Metric: 0.9645
Epoch 43/50 - Val Metric: 0.9565
Epoch 44/50 - Train Loss: 0.2414 - Train Metric: 0.9644
Epoch 44/50 - Val Metric: 0.9566
Epoch 45/50 - Train Loss: 0.2409 - Train Metric: 0.9645
Epoch 45/50 - Val Metric: 0.9562
Epoch 46/50 - Train Loss: 0.2410 - Train Metric: 0.9645
Epoch 46/50 - Val Metric: 0.9567
Epoch 47/50 - Train Loss: 0.2404 - Train Metric: 0.9647
Epoch 47/50 - Val Metric: 0.9564
Epoch 48/50 - Train Loss: 0.2394 - Train Metric: 0.9650
Epoch 48/50 - Val Metric: 0.9563
Epoch 49/50 - Train Loss: 0.2397 - Train Metric: 0.9649
Epoch 49/50 - Val Metric: 0.9569
Epoch 50/50 - Train Loss: 0.2385 - Train Metric: 0.9653
Epoch 50/50 - Val Metric: 0.9566
Best val: 0.9569, Best test: 0.9474
Training set has 16507 instances
Validation set has 2063 instances
Test set has 2064 instances
Epoch 1/50 - Train Loss: 0.6585 - Train Metric: 0.6079
Epoch 1/50 - Val Metric: 0.8061
Epoch 2/50 - Train Loss: 0.5566 - Train Metric: 0.7799
Epoch 2/50 - Val Metric: 0.8479
Epoch 3/50 - Train Loss: 0.4618 - Train Metric: 0.8598
Epoch 3/50 - Val Metric: 0.8898
Epoch 4/50 - Train Loss: 0.4101 - Train Metric: 0.8932
Epoch 4/50 - Val Metric: 0.9046
Epoch 5/50 - Train Loss: 0.3871 - Train Metric: 0.9058
Epoch 5/50 - Val Metric: 0.9191
Epoch 6/50 - Train Loss: 0.3608 - Train Metric: 0.9192
Epoch 6/50 - Val Metric: 0.9345
Epoch 7/50 - Train Loss: 0.3342 - Train Metric: 0.9313
Epoch 7/50 - Val Metric: 0.9321
Epoch 8/50 - Train Loss: 0.3244 - Train Metric: 0.9353
Epoch 8/50 - Val Metric: 0.9374
Epoch 9/50 - Train Loss: 0.3139 - Train Metric: 0.9394
Epoch 9/50 - Val Metric: 0.9394
Epoch 10/50 - Train Loss: 0.3128 - Train Metric: 0.9399
Epoch 10/50 - Val Metric: 0.9402
Epoch 11/50 - Train Loss: 0.3102 - Train Metric: 0.9410
Epoch 11/50 - Val Metric: 0.9425
Epoch 12/50 - Train Loss: 0.3026 - Train Metric: 0.9438
Epoch 12/50 - Val Metric: 0.9428
Epoch 13/50 - Train Loss: 0.3029 - Train Metric: 0.9437
Epoch 13/50 - Val Metric: 0.9443
Epoch 14/50 - Train Loss: 0.2976 - Train Metric: 0.9457
Epoch 14/50 - Val Metric: 0.9453
Epoch 15/50 - Train Loss: 0.2910 - Train Metric: 0.9482
Epoch 15/50 - Val Metric: 0.9433
Epoch 16/50 - Train Loss: 0.2897 - Train Metric: 0.9487
Epoch 16/50 - Val Metric: 0.9464
Epoch 17/50 - Train Loss: 0.2823 - Train Metric: 0.9512
Epoch 17/50 - Val Metric: 0.9481
Epoch 18/50 - Train Loss: 0.2851 - Train Metric: 0.9502
Epoch 18/50 - Val Metric: 0.9462
Epoch 19/50 - Train Loss: 0.2796 - Train Metric: 0.9522
Epoch 19/50 - Val Metric: 0.9469
Epoch 20/50 - Train Loss: 0.2766 - Train Metric: 0.9532
Epoch 20/50 - Val Metric: 0.9469
Epoch 21/50 - Train Loss: 0.2758 - Train Metric: 0.9535
Epoch 21/50 - Val Metric: 0.9480
Epoch 22/50 - Train Loss: 0.2717 - Train Metric: 0.9549
Epoch 22/50 - Val Metric: 0.9503
Epoch 23/50 - Train Loss: 0.2710 - Train Metric: 0.9551
Epoch 23/50 - Val Metric: 0.9470
Epoch 24/50 - Train Loss: 0.2689 - Train Metric: 0.9557
Epoch 24/50 - Val Metric: 0.9484
Epoch 25/50 - Train Loss: 0.2677 - Train Metric: 0.9562
Epoch 25/50 - Val Metric: 0.9480
Epoch 26/50 - Train Loss: 0.2649 - Train Metric: 0.9571
Epoch 26/50 - Val Metric: 0.9500
Epoch 27/50 - Train Loss: 0.2643 - Train Metric: 0.9573
Epoch 27/50 - Val Metric: 0.9499
Epoch 28/50 - Train Loss: 0.2627 - Train Metric: 0.9578
Epoch 28/50 - Val Metric: 0.9496
Epoch 29/50 - Train Loss: 0.2619 - Train Metric: 0.9581
Epoch 29/50 - Val Metric: 0.9499
Epoch 30/50 - Train Loss: 0.2610 - Train Metric: 0.9583
Epoch 30/50 - Val Metric: 0.9502
Epoch 31/50 - Train Loss: 0.2582 - Train Metric: 0.9592
Epoch 31/50 - Val Metric: 0.9504
Epoch 32/50 - Train Loss: 0.2564 - Train Metric: 0.9598
Epoch 32/50 - Val Metric: 0.9516
Epoch 33/50 - Train Loss: 0.2564 - Train Metric: 0.9598
Epoch 33/50 - Val Metric: 0.9499
Epoch 34/50 - Train Loss: 0.2560 - Train Metric: 0.9599
Epoch 34/50 - Val Metric: 0.9511
Epoch 35/50 - Train Loss: 0.2543 - Train Metric: 0.9604
Epoch 35/50 - Val Metric: 0.9509
Epoch 36/50 - Train Loss: 0.2538 - Train Metric: 0.9606
Epoch 36/50 - Val Metric: 0.9514
Epoch 37/50 - Train Loss: 0.2536 - Train Metric: 0.9607
Epoch 37/50 - Val Metric: 0.9508
Epoch 38/50 - Train Loss: 0.2529 - Train Metric: 0.9609
Epoch 38/50 - Val Metric: 0.9514
Epoch 39/50 - Train Loss: 0.2518 - Train Metric: 0.9612
Epoch 39/50 - Val Metric: 0.9514
Epoch 40/50 - Train Loss: 0.2514 - Train Metric: 0.9614
Epoch 40/50 - Val Metric: 0.9516
Epoch 41/50 - Train Loss: 0.2504 - Train Metric: 0.9617
Epoch 41/50 - Val Metric: 0.9513
Epoch 42/50 - Train Loss: 0.2497 - Train Metric: 0.9619
Epoch 42/50 - Val Metric: 0.9507
Epoch 43/50 - Train Loss: 0.2489 - Train Metric: 0.9622
Epoch 43/50 - Val Metric: 0.9510
Epoch 44/50 - Train Loss: 0.2497 - Train Metric: 0.9619
Epoch 44/50 - Val Metric: 0.9511
Epoch 45/50 - Train Loss: 0.2494 - Train Metric: 0.9620
Epoch 45/50 - Val Metric: 0.9512
Epoch 46/50 - Train Loss: 0.2494 - Train Metric: 0.9620
Epoch 46/50 - Val Metric: 0.9517
Epoch 47/50 - Train Loss: 0.2487 - Train Metric: 0.9622
Epoch 47/50 - Val Metric: 0.9518
Epoch 48/50 - Train Loss: 0.2479 - Train Metric: 0.9625
Epoch 48/50 - Val Metric: 0.9514
Epoch 49/50 - Train Loss: 0.2477 - Train Metric: 0.9625
Epoch 49/50 - Val Metric: 0.9513
Epoch 50/50 - Train Loss: 0.2477 - Train Metric: 0.9625
Epoch 50/50 - Val Metric: 0.9516
Best val: 0.9518, Best test: 0.9490
Training set has 16507 instances
Validation set has 2063 instances
Test set has 2064 instances
Epoch 1/50 - Train Loss: 0.6343 - Train Metric: 0.6576
Epoch 1/50 - Val Metric: 0.8540
Epoch 2/50 - Train Loss: 0.5021 - Train Metric: 0.8286
Epoch 2/50 - Val Metric: 0.8702
Epoch 3/50 - Train Loss: 0.4288 - Train Metric: 0.8818
Epoch 3/50 - Val Metric: 0.9108
Epoch 4/50 - Train Loss: 0.3846 - Train Metric: 0.9075
Epoch 4/50 - Val Metric: 0.9244
Epoch 5/50 - Train Loss: 0.3559 - Train Metric: 0.9216
Epoch 5/50 - Val Metric: 0.9308
Epoch 6/50 - Train Loss: 0.3472 - Train Metric: 0.9257
Epoch 6/50 - Val Metric: 0.9342
Epoch 7/50 - Train Loss: 0.3303 - Train Metric: 0.9330
Epoch 7/50 - Val Metric: 0.9389
Epoch 8/50 - Train Loss: 0.3268 - Train Metric: 0.9344
Epoch 8/50 - Val Metric: 0.9372
Epoch 9/50 - Train Loss: 0.3213 - Train Metric: 0.9366
Epoch 9/50 - Val Metric: 0.9410
Epoch 10/50 - Train Loss: 0.3188 - Train Metric: 0.9375
Epoch 10/50 - Val Metric: 0.9387
Epoch 11/50 - Train Loss: 0.3143 - Train Metric: 0.9392
Epoch 11/50 - Val Metric: 0.9426
Epoch 12/50 - Train Loss: 0.3152 - Train Metric: 0.9390
Epoch 12/50 - Val Metric: 0.9407
Epoch 13/50 - Train Loss: 0.3037 - Train Metric: 0.9435
Epoch 13/50 - Val Metric: 0.9467
Epoch 14/50 - Train Loss: 0.3013 - Train Metric: 0.9443
Epoch 14/50 - Val Metric: 0.9471
Epoch 15/50 - Train Loss: 0.2986 - Train Metric: 0.9452
Epoch 15/50 - Val Metric: 0.9447
Epoch 16/50 - Train Loss: 0.2925 - Train Metric: 0.9476
Epoch 16/50 - Val Metric: 0.9458
Epoch 17/50 - Train Loss: 0.2902 - Train Metric: 0.9483
Epoch 17/50 - Val Metric: 0.9463
Epoch 18/50 - Train Loss: 0.2866 - Train Metric: 0.9496
Epoch 18/50 - Val Metric: 0.9476
Epoch 19/50 - Train Loss: 0.2837 - Train Metric: 0.9507
Epoch 19/50 - Val Metric: 0.9506
Epoch 20/50 - Train Loss: 0.2813 - Train Metric: 0.9515
Epoch 20/50 - Val Metric: 0.9480
Epoch 21/50 - Train Loss: 0.2811 - Train Metric: 0.9515
Epoch 21/50 - Val Metric: 0.9496
Epoch 22/50 - Train Loss: 0.2739 - Train Metric: 0.9541
Epoch 22/50 - Val Metric: 0.9511
Epoch 23/50 - Train Loss: 0.2687 - Train Metric: 0.9558
Epoch 23/50 - Val Metric: 0.9507
Epoch 24/50 - Train Loss: 0.2710 - Train Metric: 0.9550
Epoch 24/50 - Val Metric: 0.9497
Epoch 25/50 - Train Loss: 0.2634 - Train Metric: 0.9576
Epoch 25/50 - Val Metric: 0.9502
Epoch 26/50 - Train Loss: 0.2615 - Train Metric: 0.9582
Epoch 26/50 - Val Metric: 0.9474
Epoch 27/50 - Train Loss: 0.2612 - Train Metric: 0.9583
Epoch 27/50 - Val Metric: 0.9518
Epoch 28/50 - Train Loss: 0.2591 - Train Metric: 0.9590
Epoch 28/50 - Val Metric: 0.9528
Epoch 29/50 - Train Loss: 0.2551 - Train Metric: 0.9602
Epoch 29/50 - Val Metric: 0.9517
Epoch 30/50 - Train Loss: 0.2544 - Train Metric: 0.9605
Epoch 30/50 - Val Metric: 0.9531
Epoch 31/50 - Train Loss: 0.2535 - Train Metric: 0.9607
Epoch 31/50 - Val Metric: 0.9524
Epoch 32/50 - Train Loss: 0.2531 - Train Metric: 0.9608
Epoch 32/50 - Val Metric: 0.9517
Epoch 33/50 - Train Loss: 0.2527 - Train Metric: 0.9610
Epoch 33/50 - Val Metric: 0.9534
Epoch 34/50 - Train Loss: 0.2494 - Train Metric: 0.9620
Epoch 34/50 - Val Metric: 0.9534
Epoch 35/50 - Train Loss: 0.2501 - Train Metric: 0.9618
Epoch 35/50 - Val Metric: 0.9511
Epoch 36/50 - Train Loss: 0.2482 - Train Metric: 0.9623
Epoch 36/50 - Val Metric: 0.9526
Epoch 37/50 - Train Loss: 0.2470 - Train Metric: 0.9627
Epoch 37/50 - Val Metric: 0.9527
Epoch 38/50 - Train Loss: 0.2470 - Train Metric: 0.9627
Epoch 38/50 - Val Metric: 0.9528
Epoch 39/50 - Train Loss: 0.2470 - Train Metric: 0.9627
Epoch 39/50 - Val Metric: 0.9528
Epoch 40/50 - Train Loss: 0.2465 - Train Metric: 0.9628
Epoch 40/50 - Val Metric: 0.9517
Epoch 41/50 - Train Loss: 0.2458 - Train Metric: 0.9631
Epoch 41/50 - Val Metric: 0.9535
Epoch 42/50 - Train Loss: 0.2449 - Train Metric: 0.9633
Epoch 42/50 - Val Metric: 0.9524
Epoch 43/50 - Train Loss: 0.2450 - Train Metric: 0.9633
Epoch 43/50 - Val Metric: 0.9524
Epoch 44/50 - Train Loss: 0.2449 - Train Metric: 0.9633
Epoch 44/50 - Val Metric: 0.9524
Epoch 45/50 - Train Loss: 0.2444 - Train Metric: 0.9635
Epoch 45/50 - Val Metric: 0.9531
Epoch 46/50 - Train Loss: 0.2441 - Train Metric: 0.9636
Epoch 46/50 - Val Metric: 0.9528
Epoch 47/50 - Train Loss: 0.2432 - Train Metric: 0.9639
Epoch 47/50 - Val Metric: 0.9532
Epoch 48/50 - Train Loss: 0.2442 - Train Metric: 0.9635
Epoch 48/50 - Val Metric: 0.9532
Epoch 49/50 - Train Loss: 0.2423 - Train Metric: 0.9641
Epoch 49/50 - Val Metric: 0.9530
Epoch 50/50 - Train Loss: 0.2426 - Train Metric: 0.9640
Epoch 50/50 - Val Metric: 0.9531
Best val: 0.9535, Best test: 0.9569
[0.95445484 0.95302677 0.94738317 0.94897771 0.95689291]
