Hyper-parameter search via Optuna
Namespace(task_type='binary_classification', scale='small', idx=5, epochs=50, num_trials=20, num_repeats=5, seed=0, exp_name='MemPerceiver_ens', result_path='output/binary_classification/small/5/MemPerceiver_ens.pt')
Device: cuda
Start building binary_classification dataset_small_5
Training set has 16507 instances
Validation set has 2063 instances
Test set has 2064 instances
Epoch 1/50 - Train Loss: 0.7291 - Train Metric: 0.5006
Epoch 1/50 - Val Metric: 0.5120
Epoch 2/50 - Train Loss: 0.6972 - Train Metric: 0.4973
Epoch 2/50 - Val Metric: 0.5365
Epoch 3/50 - Train Loss: 0.6958 - Train Metric: 0.4964
Epoch 3/50 - Val Metric: 0.5512
Epoch 4/50 - Train Loss: 0.6944 - Train Metric: 0.5038
Epoch 4/50 - Val Metric: 0.5565
Epoch 5/50 - Train Loss: 0.6992 - Train Metric: 0.4956
Epoch 5/50 - Val Metric: 0.5632
Epoch 6/50 - Train Loss: 0.6953 - Train Metric: 0.4955
Epoch 6/50 - Val Metric: 0.5587
Epoch 7/50 - Train Loss: 0.6945 - Train Metric: 0.5019
Epoch 7/50 - Val Metric: 0.5636
Epoch 8/50 - Train Loss: 0.6951 - Train Metric: 0.4967
Epoch 8/50 - Val Metric: 0.5670
Epoch 9/50 - Train Loss: 0.6960 - Train Metric: 0.5034
Epoch 9/50 - Val Metric: 0.5679
Epoch 10/50 - Train Loss: 0.6934 - Train Metric: 0.5019
Epoch 10/50 - Val Metric: 0.5686
Epoch 11/50 - Train Loss: 0.6940 - Train Metric: 0.4939
Epoch 11/50 - Val Metric: 0.5675
Epoch 12/50 - Train Loss: 0.6947 - Train Metric: 0.4933
Epoch 12/50 - Val Metric: 0.5687
Epoch 13/50 - Train Loss: 0.6937 - Train Metric: 0.5005
Epoch 13/50 - Val Metric: 0.5724
Epoch 14/50 - Train Loss: 0.6950 - Train Metric: 0.5035
Epoch 14/50 - Val Metric: 0.5724
Epoch 15/50 - Train Loss: 0.6940 - Train Metric: 0.4966
Epoch 15/50 - Val Metric: 0.5741
Epoch 16/50 - Train Loss: 0.6951 - Train Metric: 0.4914
Epoch 16/50 - Val Metric: 0.5735
Epoch 17/50 - Train Loss: 0.6938 - Train Metric: 0.4970
Epoch 17/50 - Val Metric: 0.5751
Epoch 18/50 - Train Loss: 0.6953 - Train Metric: 0.5042
Epoch 18/50 - Val Metric: 0.5734
Epoch 19/50 - Train Loss: 0.6946 - Train Metric: 0.5011
Epoch 19/50 - Val Metric: 0.5720
Epoch 20/50 - Train Loss: 0.6944 - Train Metric: 0.5094
Epoch 20/50 - Val Metric: 0.5758
Epoch 21/50 - Train Loss: 0.6941 - Train Metric: 0.4988
Epoch 21/50 - Val Metric: 0.5757
Epoch 22/50 - Train Loss: 0.6942 - Train Metric: 0.5042
Epoch 22/50 - Val Metric: 0.5795
Epoch 23/50 - Train Loss: 0.6935 - Train Metric: 0.5052
Epoch 23/50 - Val Metric: 0.5804
Epoch 24/50 - Train Loss: 0.6951 - Train Metric: 0.4975
Epoch 24/50 - Val Metric: 0.5823
Epoch 25/50 - Train Loss: 0.6945 - Train Metric: 0.5125
Epoch 25/50 - Val Metric: 0.5823
Epoch 26/50 - Train Loss: 0.6947 - Train Metric: 0.5024
Epoch 26/50 - Val Metric: 0.5823
Epoch 27/50 - Train Loss: 0.6939 - Train Metric: 0.5021
Epoch 27/50 - Val Metric: 0.5864
Epoch 28/50 - Train Loss: 0.6939 - Train Metric: 0.5018
Epoch 28/50 - Val Metric: 0.5843
Epoch 29/50 - Train Loss: 0.6940 - Train Metric: 0.5018
Epoch 29/50 - Val Metric: 0.5889
Epoch 30/50 - Train Loss: 0.6937 - Train Metric: 0.4973
Epoch 30/50 - Val Metric: 0.5913
Epoch 31/50 - Train Loss: 0.6938 - Train Metric: 0.5030
Epoch 31/50 - Val Metric: 0.5929
Epoch 32/50 - Train Loss: 0.6938 - Train Metric: 0.4969
Epoch 32/50 - Val Metric: 0.5958
Epoch 33/50 - Train Loss: 0.6938 - Train Metric: 0.4972
Epoch 33/50 - Val Metric: 0.5980
Epoch 34/50 - Train Loss: 0.6936 - Train Metric: 0.4971
Epoch 34/50 - Val Metric: 0.6043
Epoch 35/50 - Train Loss: 0.6936 - Train Metric: 0.4977
Epoch 35/50 - Val Metric: 0.6097
Epoch 36/50 - Train Loss: 0.6935 - Train Metric: 0.4969
Epoch 36/50 - Val Metric: 0.6161
Epoch 37/50 - Train Loss: 0.6937 - Train Metric: 0.5102
Epoch 37/50 - Val Metric: 0.6276
Epoch 38/50 - Train Loss: 0.6933 - Train Metric: 0.4980
Epoch 38/50 - Val Metric: 0.6414
Epoch 39/50 - Train Loss: 0.6934 - Train Metric: 0.5074
Epoch 39/50 - Val Metric: 0.6663
Epoch 40/50 - Train Loss: 0.6933 - Train Metric: 0.5060
Epoch 40/50 - Val Metric: 0.7120
Epoch 41/50 - Train Loss: 0.6933 - Train Metric: 0.5078
Epoch 41/50 - Val Metric: 0.7743
Epoch 42/50 - Train Loss: 0.6938 - Train Metric: 0.5015
Epoch 42/50 - Val Metric: 0.8202
Epoch 43/50 - Train Loss: 0.6934 - Train Metric: 0.5033
Epoch 43/50 - Val Metric: 0.8372
Epoch 44/50 - Train Loss: 0.6933 - Train Metric: 0.4992
Epoch 44/50 - Val Metric: 0.8333
Epoch 45/50 - Train Loss: 0.6931 - Train Metric: 0.5112
Epoch 45/50 - Val Metric: 0.8215
Epoch 46/50 - Train Loss: 0.6890 - Train Metric: 0.5459
Epoch 46/50 - Val Metric: 0.8314
Epoch 47/50 - Train Loss: 0.5619 - Train Metric: 0.7571
Epoch 47/50 - Val Metric: 0.8317
Epoch 48/50 - Train Loss: 0.5076 - Train Metric: 0.8241
Epoch 48/50 - Val Metric: 0.8320
Epoch 49/50 - Train Loss: 0.5042 - Train Metric: 0.8264
Epoch 49/50 - Val Metric: 0.8316
Epoch 50/50 - Train Loss: 0.5043 - Train Metric: 0.8262
Epoch 50/50 - Val Metric: 0.8319
Best val: 0.8372, Best test: 0.8390
Training set has 16507 instances
Validation set has 2063 instances
Test set has 2064 instances
Epoch 1/50 - Train Loss: 0.6954 - Train Metric: 0.5030
Epoch 1/50 - Val Metric: 0.5228
Epoch 2/50 - Train Loss: 0.6950 - Train Metric: 0.5051
Epoch 2/50 - Val Metric: 0.8523
Epoch 3/50 - Train Loss: 0.6848 - Train Metric: 0.5678
Epoch 3/50 - Val Metric: 0.8482
Epoch 4/50 - Train Loss: 0.5808 - Train Metric: 0.7624
Epoch 4/50 - Val Metric: 0.8540
Epoch 5/50 - Train Loss: 0.5264 - Train Metric: 0.8157
Epoch 5/50 - Val Metric: 0.8551
Epoch 6/50 - Train Loss: 0.5041 - Train Metric: 0.8328
Epoch 6/50 - Val Metric: 0.8583
Epoch 7/50 - Train Loss: 0.4950 - Train Metric: 0.8390
Epoch 7/50 - Val Metric: 0.8597
Epoch 8/50 - Train Loss: 0.4880 - Train Metric: 0.8437
Epoch 8/50 - Val Metric: 0.8640
Epoch 9/50 - Train Loss: 0.4776 - Train Metric: 0.8509
Epoch 9/50 - Val Metric: 0.8666
Epoch 10/50 - Train Loss: 0.4766 - Train Metric: 0.8518
Epoch 10/50 - Val Metric: 0.8693
Epoch 11/50 - Train Loss: 0.4722 - Train Metric: 0.8547
Epoch 11/50 - Val Metric: 0.8731
Epoch 12/50 - Train Loss: 0.4696 - Train Metric: 0.8565
Epoch 12/50 - Val Metric: 0.8759
Epoch 13/50 - Train Loss: 0.4651 - Train Metric: 0.8594
Epoch 13/50 - Val Metric: 0.8777
Epoch 14/50 - Train Loss: 0.4601 - Train Metric: 0.8627
Epoch 14/50 - Val Metric: 0.8804
Epoch 15/50 - Train Loss: 0.4592 - Train Metric: 0.8639
Epoch 15/50 - Val Metric: 0.8807
Epoch 16/50 - Train Loss: 0.4535 - Train Metric: 0.8672
Epoch 16/50 - Val Metric: 0.8839
Epoch 17/50 - Train Loss: 0.4535 - Train Metric: 0.8674
Epoch 17/50 - Val Metric: 0.8863
Epoch 18/50 - Train Loss: 0.4486 - Train Metric: 0.8705
Epoch 18/50 - Val Metric: 0.8867
Epoch 19/50 - Train Loss: 0.4484 - Train Metric: 0.8709
Epoch 19/50 - Val Metric: 0.8880
Epoch 20/50 - Train Loss: 0.4472 - Train Metric: 0.8713
Epoch 20/50 - Val Metric: 0.8894
Epoch 21/50 - Train Loss: 0.4434 - Train Metric: 0.8740
Epoch 21/50 - Val Metric: 0.8910
Epoch 22/50 - Train Loss: 0.4411 - Train Metric: 0.8756
Epoch 22/50 - Val Metric: 0.8915
Epoch 23/50 - Train Loss: 0.4429 - Train Metric: 0.8746
Epoch 23/50 - Val Metric: 0.8925
Epoch 24/50 - Train Loss: 0.4405 - Train Metric: 0.8759
Epoch 24/50 - Val Metric: 0.8926
Epoch 25/50 - Train Loss: 0.4398 - Train Metric: 0.8762
Epoch 25/50 - Val Metric: 0.8935
Epoch 26/50 - Train Loss: 0.4403 - Train Metric: 0.8756
Epoch 26/50 - Val Metric: 0.8947
Epoch 27/50 - Train Loss: 0.4375 - Train Metric: 0.8776
Epoch 27/50 - Val Metric: 0.8944
Epoch 28/50 - Train Loss: 0.4357 - Train Metric: 0.8788
Epoch 28/50 - Val Metric: 0.8950
Epoch 29/50 - Train Loss: 0.4390 - Train Metric: 0.8770
Epoch 29/50 - Val Metric: 0.8959
Epoch 30/50 - Train Loss: 0.4385 - Train Metric: 0.8770
Epoch 30/50 - Val Metric: 0.8961
Epoch 31/50 - Train Loss: 0.4390 - Train Metric: 0.8766
Epoch 31/50 - Val Metric: 0.8964
Epoch 32/50 - Train Loss: 0.4331 - Train Metric: 0.8809
Epoch 32/50 - Val Metric: 0.8966
Epoch 33/50 - Train Loss: 0.4335 - Train Metric: 0.8804
Epoch 33/50 - Val Metric: 0.8970
Epoch 34/50 - Train Loss: 0.4365 - Train Metric: 0.8783
Epoch 34/50 - Val Metric: 0.8972
Epoch 35/50 - Train Loss: 0.4342 - Train Metric: 0.8797
Epoch 35/50 - Val Metric: 0.8975
Epoch 36/50 - Train Loss: 0.4331 - Train Metric: 0.8805
Epoch 36/50 - Val Metric: 0.8977
Epoch 37/50 - Train Loss: 0.4341 - Train Metric: 0.8798
Epoch 37/50 - Val Metric: 0.8978
Epoch 38/50 - Train Loss: 0.4334 - Train Metric: 0.8802
Epoch 38/50 - Val Metric: 0.8978
Epoch 39/50 - Train Loss: 0.4301 - Train Metric: 0.8823
Epoch 39/50 - Val Metric: 0.8978
Epoch 40/50 - Train Loss: 0.4326 - Train Metric: 0.8807
Epoch 40/50 - Val Metric: 0.8979
Epoch 41/50 - Train Loss: 0.4303 - Train Metric: 0.8821
Epoch 41/50 - Val Metric: 0.8982
Epoch 42/50 - Train Loss: 0.4302 - Train Metric: 0.8822
Epoch 42/50 - Val Metric: 0.8983
Epoch 43/50 - Train Loss: 0.4322 - Train Metric: 0.8811
Epoch 43/50 - Val Metric: 0.8983
Epoch 44/50 - Train Loss: 0.4344 - Train Metric: 0.8798
Epoch 44/50 - Val Metric: 0.8983
Epoch 45/50 - Train Loss: 0.4331 - Train Metric: 0.8806
Epoch 45/50 - Val Metric: 0.8986
Epoch 46/50 - Train Loss: 0.4335 - Train Metric: 0.8802
Epoch 46/50 - Val Metric: 0.8986
Epoch 47/50 - Train Loss: 0.4323 - Train Metric: 0.8812
Epoch 47/50 - Val Metric: 0.8986
Epoch 48/50 - Train Loss: 0.4299 - Train Metric: 0.8825
Epoch 48/50 - Val Metric: 0.8987
Epoch 49/50 - Train Loss: 0.4332 - Train Metric: 0.8804
Epoch 49/50 - Val Metric: 0.8987
Epoch 50/50 - Train Loss: 0.4315 - Train Metric: 0.8818
Epoch 50/50 - Val Metric: 0.8988
Best val: 0.8988, Best test: 0.8945
Training set has 16507 instances
Validation set has 2063 instances
Test set has 2064 instances
Epoch 1/50 - Train Loss: 0.6963 - Train Metric: 0.5063
Epoch 1/50 - Val Metric: 0.8142
Epoch 2/50 - Train Loss: 0.6692 - Train Metric: 0.5760
Epoch 2/50 - Val Metric: 0.8531
Epoch 3/50 - Train Loss: 0.4802 - Train Metric: 0.8459
Epoch 3/50 - Val Metric: 0.8774
Epoch 4/50 - Train Loss: 0.4420 - Train Metric: 0.8728
Epoch 4/50 - Val Metric: 0.8949
Epoch 5/50 - Train Loss: 0.4007 - Train Metric: 0.8977
Epoch 5/50 - Val Metric: 0.9097
Epoch 6/50 - Train Loss: 0.4028 - Train Metric: 0.8974
Epoch 6/50 - Val Metric: 0.9117
Epoch 7/50 - Train Loss: 0.3822 - Train Metric: 0.9084
Epoch 7/50 - Val Metric: 0.9136
Epoch 8/50 - Train Loss: 0.3732 - Train Metric: 0.9130
Epoch 8/50 - Val Metric: 0.9146
Epoch 9/50 - Train Loss: 0.3634 - Train Metric: 0.9176
Epoch 9/50 - Val Metric: 0.9146
Epoch 10/50 - Train Loss: 0.3632 - Train Metric: 0.9179
Epoch 10/50 - Val Metric: 0.9156
Epoch 11/50 - Train Loss: 0.3677 - Train Metric: 0.9156
Epoch 11/50 - Val Metric: 0.9155
Epoch 12/50 - Train Loss: 0.3551 - Train Metric: 0.9215
Epoch 12/50 - Val Metric: 0.9156
Epoch 13/50 - Train Loss: 0.3633 - Train Metric: 0.9178
Epoch 13/50 - Val Metric: 0.9166
Epoch 14/50 - Train Loss: 0.3509 - Train Metric: 0.9234
Epoch 14/50 - Val Metric: 0.9164
Epoch 15/50 - Train Loss: 0.3565 - Train Metric: 0.9209
Epoch 15/50 - Val Metric: 0.9179
Epoch 16/50 - Train Loss: 0.3511 - Train Metric: 0.9234
Epoch 16/50 - Val Metric: 0.9183
Epoch 17/50 - Train Loss: 0.3514 - Train Metric: 0.9233
Epoch 17/50 - Val Metric: 0.9196
Epoch 18/50 - Train Loss: 0.3461 - Train Metric: 0.9257
Epoch 18/50 - Val Metric: 0.9212
Epoch 19/50 - Train Loss: 0.3444 - Train Metric: 0.9265
Epoch 19/50 - Val Metric: 0.9224
Epoch 20/50 - Train Loss: 0.3397 - Train Metric: 0.9284
Epoch 20/50 - Val Metric: 0.9220
Epoch 21/50 - Train Loss: 0.3445 - Train Metric: 0.9263
Epoch 21/50 - Val Metric: 0.9227
Epoch 22/50 - Train Loss: 0.3360 - Train Metric: 0.9300
Epoch 22/50 - Val Metric: 0.9199
Epoch 23/50 - Train Loss: 0.3363 - Train Metric: 0.9298
Epoch 23/50 - Val Metric: 0.9263
Epoch 24/50 - Train Loss: 0.3373 - Train Metric: 0.9294
Epoch 24/50 - Val Metric: 0.9272
Epoch 25/50 - Train Loss: 0.3342 - Train Metric: 0.9307
Epoch 25/50 - Val Metric: 0.9250
Epoch 26/50 - Train Loss: 0.3280 - Train Metric: 0.9334
Epoch 26/50 - Val Metric: 0.9289
Epoch 27/50 - Train Loss: 0.3229 - Train Metric: 0.9356
Epoch 27/50 - Val Metric: 0.9283
Epoch 28/50 - Train Loss: 0.3243 - Train Metric: 0.9349
Epoch 28/50 - Val Metric: 0.9315
Epoch 29/50 - Train Loss: 0.3206 - Train Metric: 0.9364
Epoch 29/50 - Val Metric: 0.9330
Epoch 30/50 - Train Loss: 0.3181 - Train Metric: 0.9375
Epoch 30/50 - Val Metric: 0.9311
Epoch 31/50 - Train Loss: 0.3202 - Train Metric: 0.9367
Epoch 31/50 - Val Metric: 0.9338
Epoch 32/50 - Train Loss: 0.3174 - Train Metric: 0.9380
Epoch 32/50 - Val Metric: 0.9350
Epoch 33/50 - Train Loss: 0.3135 - Train Metric: 0.9394
Epoch 33/50 - Val Metric: 0.9365
Epoch 34/50 - Train Loss: 0.3106 - Train Metric: 0.9406
Epoch 34/50 - Val Metric: 0.9389
Epoch 35/50 - Train Loss: 0.3098 - Train Metric: 0.9409
Epoch 35/50 - Val Metric: 0.9364
Epoch 36/50 - Train Loss: 0.3083 - Train Metric: 0.9415
Epoch 36/50 - Val Metric: 0.9353
Epoch 37/50 - Train Loss: 0.3097 - Train Metric: 0.9408
Epoch 37/50 - Val Metric: 0.9382
Epoch 38/50 - Train Loss: 0.3080 - Train Metric: 0.9416
Epoch 38/50 - Val Metric: 0.9391
Epoch 39/50 - Train Loss: 0.3072 - Train Metric: 0.9418
Epoch 39/50 - Val Metric: 0.9401
Epoch 40/50 - Train Loss: 0.3059 - Train Metric: 0.9424
Epoch 40/50 - Val Metric: 0.9414
Epoch 41/50 - Train Loss: 0.2999 - Train Metric: 0.9446
Epoch 41/50 - Val Metric: 0.9420
Epoch 42/50 - Train Loss: 0.2977 - Train Metric: 0.9454
Epoch 42/50 - Val Metric: 0.9435
Epoch 43/50 - Train Loss: 0.2969 - Train Metric: 0.9457
Epoch 43/50 - Val Metric: 0.9421
Epoch 44/50 - Train Loss: 0.2975 - Train Metric: 0.9455
Epoch 44/50 - Val Metric: 0.9439
Epoch 45/50 - Train Loss: 0.2937 - Train Metric: 0.9469
Epoch 45/50 - Val Metric: 0.9423
Epoch 46/50 - Train Loss: 0.2916 - Train Metric: 0.9477
Epoch 46/50 - Val Metric: 0.9421
Epoch 47/50 - Train Loss: 0.2930 - Train Metric: 0.9470
Epoch 47/50 - Val Metric: 0.9445
Epoch 48/50 - Train Loss: 0.2932 - Train Metric: 0.9471
Epoch 48/50 - Val Metric: 0.9433
Epoch 49/50 - Train Loss: 0.2922 - Train Metric: 0.9475
Epoch 49/50 - Val Metric: 0.9437
Epoch 50/50 - Train Loss: 0.2885 - Train Metric: 0.9487
Epoch 50/50 - Val Metric: 0.9368
Best val: 0.9445, Best test: 0.9474
Training set has 16507 instances
Validation set has 2063 instances
Test set has 2064 instances
Epoch 1/50 - Train Loss: 0.6982 - Train Metric: 0.5007
Epoch 1/50 - Val Metric: 0.8038
Epoch 2/50 - Train Loss: 0.6930 - Train Metric: 0.5140
Epoch 2/50 - Val Metric: 0.8062
Epoch 3/50 - Train Loss: 0.6878 - Train Metric: 0.5752
Epoch 3/50 - Val Metric: 0.7819
Epoch 4/50 - Train Loss: 0.5838 - Train Metric: 0.7598
Epoch 4/50 - Val Metric: 0.8778
Epoch 5/50 - Train Loss: 0.4658 - Train Metric: 0.8594
Epoch 5/50 - Val Metric: 0.8947
Epoch 6/50 - Train Loss: 0.4209 - Train Metric: 0.8874
Epoch 6/50 - Val Metric: 0.9082
Epoch 7/50 - Train Loss: 0.4131 - Train Metric: 0.8920
Epoch 7/50 - Val Metric: 0.9164
Epoch 8/50 - Train Loss: 0.4013 - Train Metric: 0.8986
Epoch 8/50 - Val Metric: 0.9211
Epoch 9/50 - Train Loss: 0.3721 - Train Metric: 0.9138
Epoch 9/50 - Val Metric: 0.9242
Epoch 10/50 - Train Loss: 0.3848 - Train Metric: 0.9077
Epoch 10/50 - Val Metric: 0.9252
Epoch 11/50 - Train Loss: 0.3803 - Train Metric: 0.9100
Epoch 11/50 - Val Metric: 0.9260
Epoch 12/50 - Train Loss: 0.3648 - Train Metric: 0.9174
Epoch 12/50 - Val Metric: 0.9264
Epoch 13/50 - Train Loss: 0.3649 - Train Metric: 0.9174
Epoch 13/50 - Val Metric: 0.9264
Epoch 14/50 - Train Loss: 0.3622 - Train Metric: 0.9187
Epoch 14/50 - Val Metric: 0.9271
Epoch 15/50 - Train Loss: 0.3665 - Train Metric: 0.9168
Epoch 15/50 - Val Metric: 0.9271
Epoch 16/50 - Train Loss: 0.3627 - Train Metric: 0.9185
Epoch 16/50 - Val Metric: 0.9273
Epoch 17/50 - Train Loss: 0.3617 - Train Metric: 0.9190
Epoch 17/50 - Val Metric: 0.9273
Epoch 18/50 - Train Loss: 0.3603 - Train Metric: 0.9196
Epoch 18/50 - Val Metric: 0.9273
Epoch 19/50 - Train Loss: 0.3608 - Train Metric: 0.9194
Epoch 19/50 - Val Metric: 0.9274
Epoch 20/50 - Train Loss: 0.3621 - Train Metric: 0.9188
Epoch 20/50 - Val Metric: 0.9278
Epoch 21/50 - Train Loss: 0.3591 - Train Metric: 0.9202
Epoch 21/50 - Val Metric: 0.9277
Epoch 22/50 - Train Loss: 0.3606 - Train Metric: 0.9195
Epoch 22/50 - Val Metric: 0.9280
Epoch 23/50 - Train Loss: 0.3574 - Train Metric: 0.9210
Epoch 23/50 - Val Metric: 0.9278
Epoch 24/50 - Train Loss: 0.3575 - Train Metric: 0.9209
Epoch 24/50 - Val Metric: 0.9281
Epoch 25/50 - Train Loss: 0.3573 - Train Metric: 0.9210
Epoch 25/50 - Val Metric: 0.9282
Epoch 26/50 - Train Loss: 0.3572 - Train Metric: 0.9210
Epoch 26/50 - Val Metric: 0.9281
Epoch 27/50 - Train Loss: 0.3569 - Train Metric: 0.9212
Epoch 27/50 - Val Metric: 0.9282
Epoch 28/50 - Train Loss: 0.3568 - Train Metric: 0.9212
Epoch 28/50 - Val Metric: 0.9283
Epoch 29/50 - Train Loss: 0.3568 - Train Metric: 0.9212
Epoch 29/50 - Val Metric: 0.9282
Epoch 30/50 - Train Loss: 0.3561 - Train Metric: 0.9216
Epoch 30/50 - Val Metric: 0.9286
Epoch 31/50 - Train Loss: 0.3564 - Train Metric: 0.9214
Epoch 31/50 - Val Metric: 0.9282
Epoch 32/50 - Train Loss: 0.3568 - Train Metric: 0.9213
Epoch 32/50 - Val Metric: 0.9285
Epoch 33/50 - Train Loss: 0.3567 - Train Metric: 0.9213
Epoch 33/50 - Val Metric: 0.9283
Epoch 34/50 - Train Loss: 0.3562 - Train Metric: 0.9215
Epoch 34/50 - Val Metric: 0.9285
Epoch 35/50 - Train Loss: 0.3552 - Train Metric: 0.9219
Epoch 35/50 - Val Metric: 0.9287
Epoch 36/50 - Train Loss: 0.3556 - Train Metric: 0.9218
Epoch 36/50 - Val Metric: 0.9284
Epoch 37/50 - Train Loss: 0.3552 - Train Metric: 0.9220
Epoch 37/50 - Val Metric: 0.9286
Epoch 38/50 - Train Loss: 0.3560 - Train Metric: 0.9216
Epoch 38/50 - Val Metric: 0.9285
Epoch 39/50 - Train Loss: 0.3555 - Train Metric: 0.9218
Epoch 39/50 - Val Metric: 0.9287
Epoch 40/50 - Train Loss: 0.3555 - Train Metric: 0.9219
Epoch 40/50 - Val Metric: 0.9285
Epoch 41/50 - Train Loss: 0.3558 - Train Metric: 0.9217
Epoch 41/50 - Val Metric: 0.9283
Epoch 42/50 - Train Loss: 0.3560 - Train Metric: 0.9217
Epoch 42/50 - Val Metric: 0.9287
Epoch 43/50 - Train Loss: 0.3547 - Train Metric: 0.9222
Epoch 43/50 - Val Metric: 0.9288
Epoch 44/50 - Train Loss: 0.3554 - Train Metric: 0.9219
Epoch 44/50 - Val Metric: 0.9288
Epoch 45/50 - Train Loss: 0.3552 - Train Metric: 0.9220
Epoch 45/50 - Val Metric: 0.9290
Epoch 46/50 - Train Loss: 0.3546 - Train Metric: 0.9223
Epoch 46/50 - Val Metric: 0.9285
Epoch 47/50 - Train Loss: 0.3560 - Train Metric: 0.9216
Epoch 47/50 - Val Metric: 0.9287
Epoch 48/50 - Train Loss: 0.3549 - Train Metric: 0.9221
Epoch 48/50 - Val Metric: 0.9288
Epoch 49/50 - Train Loss: 0.3555 - Train Metric: 0.9218
Epoch 49/50 - Val Metric: 0.9286
Epoch 50/50 - Train Loss: 0.3554 - Train Metric: 0.9219
Epoch 50/50 - Val Metric: 0.9288
Best val: 0.9290, Best test: 0.9204
Training set has 16507 instances
Validation set has 2063 instances
Test set has 2064 instances
Epoch 1/50 - Train Loss: 0.7028 - Train Metric: 0.5060
Epoch 1/50 - Val Metric: 0.7600
Epoch 2/50 - Train Loss: 0.6935 - Train Metric: 0.4948
Epoch 2/50 - Val Metric: 0.7690
Epoch 3/50 - Train Loss: 0.6812 - Train Metric: 0.5355
Epoch 3/50 - Val Metric: 0.8331
Epoch 4/50 - Train Loss: 0.4666 - Train Metric: 0.8578
Epoch 4/50 - Val Metric: 0.8954
Epoch 5/50 - Train Loss: 0.3891 - Train Metric: 0.9048
Epoch 5/50 - Val Metric: 0.9172
Epoch 6/50 - Train Loss: 0.3676 - Train Metric: 0.9163
Epoch 6/50 - Val Metric: 0.9231
Epoch 7/50 - Train Loss: 0.3443 - Train Metric: 0.9269
Epoch 7/50 - Val Metric: 0.9232
Epoch 8/50 - Train Loss: 0.3362 - Train Metric: 0.9303
Epoch 8/50 - Val Metric: 0.9267
Epoch 9/50 - Train Loss: 0.3348 - Train Metric: 0.9307
Epoch 9/50 - Val Metric: 0.9276
Epoch 10/50 - Train Loss: 0.3317 - Train Metric: 0.9320
Epoch 10/50 - Val Metric: 0.9262
Epoch 11/50 - Train Loss: 0.3301 - Train Metric: 0.9326
Epoch 11/50 - Val Metric: 0.9275
Epoch 12/50 - Train Loss: 0.3230 - Train Metric: 0.9354
Epoch 12/50 - Val Metric: 0.9285
Epoch 13/50 - Train Loss: 0.3202 - Train Metric: 0.9368
Epoch 13/50 - Val Metric: 0.9325
Epoch 14/50 - Train Loss: 0.3109 - Train Metric: 0.9404
Epoch 14/50 - Val Metric: 0.9363
Epoch 15/50 - Train Loss: 0.3061 - Train Metric: 0.9422
Epoch 15/50 - Val Metric: 0.9358
Epoch 16/50 - Train Loss: 0.3017 - Train Metric: 0.9438
Epoch 16/50 - Val Metric: 0.9382
Epoch 17/50 - Train Loss: 0.2965 - Train Metric: 0.9460
Epoch 17/50 - Val Metric: 0.9376
Epoch 18/50 - Train Loss: 0.2951 - Train Metric: 0.9464
Epoch 18/50 - Val Metric: 0.9356
Epoch 19/50 - Train Loss: 0.2950 - Train Metric: 0.9464
Epoch 19/50 - Val Metric: 0.9381
Epoch 20/50 - Train Loss: 0.2943 - Train Metric: 0.9468
Epoch 20/50 - Val Metric: 0.9392
Epoch 21/50 - Train Loss: 0.2884 - Train Metric: 0.9488
Epoch 21/50 - Val Metric: 0.9384
Epoch 22/50 - Train Loss: 0.2849 - Train Metric: 0.9501
Epoch 22/50 - Val Metric: 0.9400
Epoch 23/50 - Train Loss: 0.2775 - Train Metric: 0.9527
Epoch 23/50 - Val Metric: 0.9416
Epoch 24/50 - Train Loss: 0.2781 - Train Metric: 0.9525
Epoch 24/50 - Val Metric: 0.9421
Epoch 25/50 - Train Loss: 0.2756 - Train Metric: 0.9533
Epoch 25/50 - Val Metric: 0.9417
Epoch 26/50 - Train Loss: 0.2715 - Train Metric: 0.9547
Epoch 26/50 - Val Metric: 0.9423
Epoch 27/50 - Train Loss: 0.2702 - Train Metric: 0.9552
Epoch 27/50 - Val Metric: 0.9416
Epoch 28/50 - Train Loss: 0.2704 - Train Metric: 0.9551
Epoch 28/50 - Val Metric: 0.9435
Epoch 29/50 - Train Loss: 0.2652 - Train Metric: 0.9568
Epoch 29/50 - Val Metric: 0.9418
Epoch 30/50 - Train Loss: 0.2656 - Train Metric: 0.9568
Epoch 30/50 - Val Metric: 0.9424
Epoch 31/50 - Train Loss: 0.2644 - Train Metric: 0.9571
Epoch 31/50 - Val Metric: 0.9435
Epoch 32/50 - Train Loss: 0.2620 - Train Metric: 0.9579
Epoch 32/50 - Val Metric: 0.9437
Epoch 33/50 - Train Loss: 0.2612 - Train Metric: 0.9582
Epoch 33/50 - Val Metric: 0.9432
Epoch 34/50 - Train Loss: 0.2599 - Train Metric: 0.9586
Epoch 34/50 - Val Metric: 0.9436
Epoch 35/50 - Train Loss: 0.2582 - Train Metric: 0.9592
Epoch 35/50 - Val Metric: 0.9427
Epoch 36/50 - Train Loss: 0.2576 - Train Metric: 0.9594
Epoch 36/50 - Val Metric: 0.9441
Epoch 37/50 - Train Loss: 0.2563 - Train Metric: 0.9597
Epoch 37/50 - Val Metric: 0.9441
Epoch 38/50 - Train Loss: 0.2560 - Train Metric: 0.9598
Epoch 38/50 - Val Metric: 0.9438
Epoch 39/50 - Train Loss: 0.2551 - Train Metric: 0.9601
Epoch 39/50 - Val Metric: 0.9443
Epoch 40/50 - Train Loss: 0.2548 - Train Metric: 0.9602
Epoch 40/50 - Val Metric: 0.9437
Epoch 41/50 - Train Loss: 0.2540 - Train Metric: 0.9605
Epoch 41/50 - Val Metric: 0.9437
Epoch 42/50 - Train Loss: 0.2541 - Train Metric: 0.9604
Epoch 42/50 - Val Metric: 0.9440
Epoch 43/50 - Train Loss: 0.2534 - Train Metric: 0.9607
Epoch 43/50 - Val Metric: 0.9433
Epoch 44/50 - Train Loss: 0.2539 - Train Metric: 0.9605
Epoch 44/50 - Val Metric: 0.9437
Epoch 45/50 - Train Loss: 0.2524 - Train Metric: 0.9609
Epoch 45/50 - Val Metric: 0.9440
Epoch 46/50 - Train Loss: 0.2526 - Train Metric: 0.9609
Epoch 46/50 - Val Metric: 0.9441
Epoch 47/50 - Train Loss: 0.2527 - Train Metric: 0.9608
Epoch 47/50 - Val Metric: 0.9441
Epoch 48/50 - Train Loss: 0.2516 - Train Metric: 0.9612
Epoch 48/50 - Val Metric: 0.9442
Epoch 49/50 - Train Loss: 0.2517 - Train Metric: 0.9612
Epoch 49/50 - Val Metric: 0.9441
Epoch 50/50 - Train Loss: 0.2514 - Train Metric: 0.9613
Epoch 50/50 - Val Metric: 0.9436
Best val: 0.9443, Best test: 0.9525
Training set has 16507 instances
Validation set has 2063 instances
Test set has 2064 instances
Epoch 1/50 - Train Loss: 0.7000 - Train Metric: 0.5022
Epoch 1/50 - Val Metric: 0.7960
Training set has 16507 instances
Validation set has 2063 instances
Test set has 2064 instances
Epoch 1/50 - Train Loss: 0.6979 - Train Metric: 0.4964
Epoch 1/50 - Val Metric: 0.8438
Epoch 2/50 - Train Loss: 0.5894 - Train Metric: 0.7454
Epoch 2/50 - Val Metric: 0.8904
Epoch 3/50 - Train Loss: 0.4159 - Train Metric: 0.8899
Epoch 3/50 - Val Metric: 0.9300
Epoch 4/50 - Train Loss: 0.3728 - Train Metric: 0.9138
Epoch 4/50 - Val Metric: 0.9306
Epoch 5/50 - Train Loss: 0.3621 - Train Metric: 0.9185
Epoch 5/50 - Val Metric: 0.9342
Epoch 6/50 - Train Loss: 0.3551 - Train Metric: 0.9219
Epoch 6/50 - Val Metric: 0.9368
Epoch 7/50 - Train Loss: 0.3461 - Train Metric: 0.9261
Epoch 7/50 - Val Metric: 0.9353
Epoch 8/50 - Train Loss: 0.3466 - Train Metric: 0.9258
Epoch 8/50 - Val Metric: 0.9380
Epoch 9/50 - Train Loss: 0.3398 - Train Metric: 0.9286
Epoch 9/50 - Val Metric: 0.9372
Epoch 10/50 - Train Loss: 0.3361 - Train Metric: 0.9301
Epoch 10/50 - Val Metric: 0.9374
Epoch 11/50 - Train Loss: 0.3328 - Train Metric: 0.9316
Epoch 11/50 - Val Metric: 0.9388
Epoch 12/50 - Train Loss: 0.3278 - Train Metric: 0.9337
Epoch 12/50 - Val Metric: 0.9400
Epoch 13/50 - Train Loss: 0.3227 - Train Metric: 0.9358
Epoch 13/50 - Val Metric: 0.9400
Epoch 14/50 - Train Loss: 0.3177 - Train Metric: 0.9379
Epoch 14/50 - Val Metric: 0.9409
Epoch 15/50 - Train Loss: 0.3207 - Train Metric: 0.9366
Epoch 15/50 - Val Metric: 0.9425
Epoch 16/50 - Train Loss: 0.3113 - Train Metric: 0.9403
Epoch 16/50 - Val Metric: 0.9423
Epoch 17/50 - Train Loss: 0.3127 - Train Metric: 0.9397
Epoch 17/50 - Val Metric: 0.9415
Epoch 18/50 - Train Loss: 0.3114 - Train Metric: 0.9403
Epoch 18/50 - Val Metric: 0.9409
Epoch 19/50 - Train Loss: 0.3110 - Train Metric: 0.9403
Epoch 19/50 - Val Metric: 0.9404
Epoch 20/50 - Train Loss: 0.3104 - Train Metric: 0.9406
Epoch 20/50 - Val Metric: 0.9437
Epoch 21/50 - Train Loss: 0.3044 - Train Metric: 0.9430
Epoch 21/50 - Val Metric: 0.9419
Epoch 22/50 - Train Loss: 0.3040 - Train Metric: 0.9430
Epoch 22/50 - Val Metric: 0.9457
Epoch 23/50 - Train Loss: 0.2995 - Train Metric: 0.9447
Epoch 23/50 - Val Metric: 0.9434
Epoch 24/50 - Train Loss: 0.3007 - Train Metric: 0.9444
Epoch 24/50 - Val Metric: 0.9444
Epoch 25/50 - Train Loss: 0.2967 - Train Metric: 0.9458
Epoch 25/50 - Val Metric: 0.9442
Epoch 26/50 - Train Loss: 0.2981 - Train Metric: 0.9453
Epoch 26/50 - Val Metric: 0.9428
Epoch 27/50 - Train Loss: 0.2947 - Train Metric: 0.9465
Epoch 27/50 - Val Metric: 0.9458
Epoch 28/50 - Train Loss: 0.2945 - Train Metric: 0.9468
Epoch 28/50 - Val Metric: 0.9472
Epoch 29/50 - Train Loss: 0.2902 - Train Metric: 0.9482
Epoch 29/50 - Val Metric: 0.9473
Epoch 30/50 - Train Loss: 0.2894 - Train Metric: 0.9485
Epoch 30/50 - Val Metric: 0.9481
Epoch 31/50 - Train Loss: 0.2881 - Train Metric: 0.9490
Epoch 31/50 - Val Metric: 0.9448
Epoch 32/50 - Train Loss: 0.2906 - Train Metric: 0.9481
Epoch 32/50 - Val Metric: 0.9454
Epoch 33/50 - Train Loss: 0.2864 - Train Metric: 0.9496
Epoch 33/50 - Val Metric: 0.9471
Epoch 34/50 - Train Loss: 0.2863 - Train Metric: 0.9496
Epoch 34/50 - Val Metric: 0.9488
Epoch 35/50 - Train Loss: 0.2869 - Train Metric: 0.9494
Epoch 35/50 - Val Metric: 0.9479
Epoch 36/50 - Train Loss: 0.2829 - Train Metric: 0.9509
Epoch 36/50 - Val Metric: 0.9473
Epoch 37/50 - Train Loss: 0.2812 - Train Metric: 0.9514
Epoch 37/50 - Val Metric: 0.9481
Epoch 38/50 - Train Loss: 0.2801 - Train Metric: 0.9517
Epoch 38/50 - Val Metric: 0.9497
Epoch 39/50 - Train Loss: 0.2788 - Train Metric: 0.9523
Epoch 39/50 - Val Metric: 0.9463
Epoch 40/50 - Train Loss: 0.2805 - Train Metric: 0.9517
Epoch 40/50 - Val Metric: 0.9477
Epoch 41/50 - Train Loss: 0.2796 - Train Metric: 0.9519
Epoch 41/50 - Val Metric: 0.9489
Epoch 42/50 - Train Loss: 0.2772 - Train Metric: 0.9527
Epoch 42/50 - Val Metric: 0.9451
Epoch 43/50 - Train Loss: 0.2786 - Train Metric: 0.9522
Epoch 43/50 - Val Metric: 0.9490
Epoch 44/50 - Train Loss: 0.2770 - Train Metric: 0.9528
Epoch 44/50 - Val Metric: 0.9484
Epoch 45/50 - Train Loss: 0.2761 - Train Metric: 0.9532
Epoch 45/50 - Val Metric: 0.9492
Epoch 46/50 - Train Loss: 0.2757 - Train Metric: 0.9534
Epoch 46/50 - Val Metric: 0.9491
Epoch 47/50 - Train Loss: 0.2745 - Train Metric: 0.9538
Epoch 47/50 - Val Metric: 0.9487
Epoch 48/50 - Train Loss: 0.2727 - Train Metric: 0.9544
Epoch 48/50 - Val Metric: 0.9493
Epoch 49/50 - Train Loss: 0.2727 - Train Metric: 0.9543
Epoch 49/50 - Val Metric: 0.9498
Epoch 50/50 - Train Loss: 0.2722 - Train Metric: 0.9545
Epoch 50/50 - Val Metric: 0.9490
Best val: 0.9498, Best test: 0.9441
Training set has 16507 instances
Validation set has 2063 instances
Test set has 2064 instances
Epoch 1/50 - Train Loss: 0.6928 - Train Metric: 0.5169
Epoch 1/50 - Val Metric: 0.8287
Epoch 2/50 - Train Loss: 0.4855 - Train Metric: 0.8453
Epoch 2/50 - Val Metric: 0.8950
Epoch 3/50 - Train Loss: 0.3887 - Train Metric: 0.9061
Epoch 3/50 - Val Metric: 0.9280
Epoch 4/50 - Train Loss: 0.3635 - Train Metric: 0.9185
Epoch 4/50 - Val Metric: 0.9266
Epoch 5/50 - Train Loss: 0.3496 - Train Metric: 0.9248
Epoch 5/50 - Val Metric: 0.9372
Epoch 6/50 - Train Loss: 0.3452 - Train Metric: 0.9266
Epoch 6/50 - Val Metric: 0.9367
Epoch 7/50 - Train Loss: 0.3347 - Train Metric: 0.9312
Epoch 7/50 - Val Metric: 0.9408
Epoch 8/50 - Train Loss: 0.3317 - Train Metric: 0.9325
Epoch 8/50 - Val Metric: 0.9376
Epoch 9/50 - Train Loss: 0.3260 - Train Metric: 0.9347
Epoch 9/50 - Val Metric: 0.9396
Epoch 10/50 - Train Loss: 0.3187 - Train Metric: 0.9377
Epoch 10/50 - Val Metric: 0.9362
Epoch 11/50 - Train Loss: 0.3192 - Train Metric: 0.9375
Epoch 11/50 - Val Metric: 0.9413
Epoch 12/50 - Train Loss: 0.3100 - Train Metric: 0.9411
Epoch 12/50 - Val Metric: 0.9403
Epoch 13/50 - Train Loss: 0.3111 - Train Metric: 0.9406
Epoch 13/50 - Val Metric: 0.9425
Epoch 14/50 - Train Loss: 0.3043 - Train Metric: 0.9432
Epoch 14/50 - Val Metric: 0.9438
Epoch 15/50 - Train Loss: 0.3038 - Train Metric: 0.9434
Epoch 15/50 - Val Metric: 0.9456
Epoch 16/50 - Train Loss: 0.2989 - Train Metric: 0.9452
Epoch 16/50 - Val Metric: 0.9455
Epoch 17/50 - Train Loss: 0.2966 - Train Metric: 0.9459
Epoch 17/50 - Val Metric: 0.9460
Epoch 18/50 - Train Loss: 0.2926 - Train Metric: 0.9476
Epoch 18/50 - Val Metric: 0.9455
Epoch 19/50 - Train Loss: 0.2911 - Train Metric: 0.9480
Epoch 19/50 - Val Metric: 0.9457
Epoch 20/50 - Train Loss: 0.2901 - Train Metric: 0.9484
Epoch 20/50 - Val Metric: 0.9449
Epoch 21/50 - Train Loss: 0.2879 - Train Metric: 0.9492
Epoch 21/50 - Val Metric: 0.9448
Epoch 22/50 - Train Loss: 0.2866 - Train Metric: 0.9497
Epoch 22/50 - Val Metric: 0.9470
Epoch 23/50 - Train Loss: 0.2842 - Train Metric: 0.9505
Epoch 23/50 - Val Metric: 0.9461
Epoch 24/50 - Train Loss: 0.2834 - Train Metric: 0.9508
Epoch 24/50 - Val Metric: 0.9475
Epoch 25/50 - Train Loss: 0.2811 - Train Metric: 0.9516
Epoch 25/50 - Val Metric: 0.9477
Epoch 26/50 - Train Loss: 0.2807 - Train Metric: 0.9518
Epoch 26/50 - Val Metric: 0.9468
Epoch 27/50 - Train Loss: 0.2794 - Train Metric: 0.9522
Epoch 27/50 - Val Metric: 0.9473
Epoch 28/50 - Train Loss: 0.2798 - Train Metric: 0.9521
Epoch 28/50 - Val Metric: 0.9469
Epoch 29/50 - Train Loss: 0.2779 - Train Metric: 0.9527
Epoch 29/50 - Val Metric: 0.9473
Epoch 30/50 - Train Loss: 0.2774 - Train Metric: 0.9529
Epoch 30/50 - Val Metric: 0.9478
Epoch 31/50 - Train Loss: 0.2766 - Train Metric: 0.9532
Epoch 31/50 - Val Metric: 0.9478
Epoch 32/50 - Train Loss: 0.2768 - Train Metric: 0.9531
Epoch 32/50 - Val Metric: 0.9479
Epoch 33/50 - Train Loss: 0.2761 - Train Metric: 0.9534
Epoch 33/50 - Val Metric: 0.9477
Epoch 34/50 - Train Loss: 0.2747 - Train Metric: 0.9538
Epoch 34/50 - Val Metric: 0.9479
Epoch 35/50 - Train Loss: 0.2737 - Train Metric: 0.9541
Epoch 35/50 - Val Metric: 0.9475
Epoch 36/50 - Train Loss: 0.2745 - Train Metric: 0.9539
Epoch 36/50 - Val Metric: 0.9474
Epoch 37/50 - Train Loss: 0.2741 - Train Metric: 0.9540
Epoch 37/50 - Val Metric: 0.9483
Epoch 38/50 - Train Loss: 0.2726 - Train Metric: 0.9545
Epoch 38/50 - Val Metric: 0.9475
Epoch 39/50 - Train Loss: 0.2733 - Train Metric: 0.9543
Epoch 39/50 - Val Metric: 0.9477
Epoch 40/50 - Train Loss: 0.2727 - Train Metric: 0.9544
Epoch 40/50 - Val Metric: 0.9480
Epoch 41/50 - Train Loss: 0.2725 - Train Metric: 0.9546
Epoch 41/50 - Val Metric: 0.9481
Epoch 42/50 - Train Loss: 0.2723 - Train Metric: 0.9546
Epoch 42/50 - Val Metric: 0.9482
Epoch 43/50 - Train Loss: 0.2721 - Train Metric: 0.9547
Epoch 43/50 - Val Metric: 0.9484
Epoch 44/50 - Train Loss: 0.2717 - Train Metric: 0.9548
Epoch 44/50 - Val Metric: 0.9484
Epoch 45/50 - Train Loss: 0.2721 - Train Metric: 0.9547
Epoch 45/50 - Val Metric: 0.9484
Epoch 46/50 - Train Loss: 0.2720 - Train Metric: 0.9548
Epoch 46/50 - Val Metric: 0.9482
Epoch 47/50 - Train Loss: 0.2716 - Train Metric: 0.9549
Epoch 47/50 - Val Metric: 0.9485
Epoch 48/50 - Train Loss: 0.2715 - Train Metric: 0.9549
Epoch 48/50 - Val Metric: 0.9485
Epoch 49/50 - Train Loss: 0.2716 - Train Metric: 0.9549
Epoch 49/50 - Val Metric: 0.9484
Epoch 50/50 - Train Loss: 0.2709 - Train Metric: 0.9551
Epoch 50/50 - Val Metric: 0.9483
Best val: 0.9485, Best test: 0.9510
Training set has 16507 instances
Validation set has 2063 instances
Test set has 2064 instances
Training set has 16507 instances
Validation set has 2063 instances
Test set has 2064 instances
Training set has 16507 instances
Validation set has 2063 instances
Test set has 2064 instances
Training set has 16507 instances
Validation set has 2063 instances
Test set has 2064 instances
Epoch 1/50 - Train Loss: 0.6415 - Train Metric: 0.6511
Epoch 1/50 - Val Metric: 0.8455
Epoch 2/50 - Train Loss: 0.4794 - Train Metric: 0.8500
Epoch 2/50 - Val Metric: 0.8933
Epoch 3/50 - Train Loss: 0.4155 - Train Metric: 0.8910
Epoch 3/50 - Val Metric: 0.9155
Epoch 4/50 - Train Loss: 0.3893 - Train Metric: 0.9049
Epoch 4/50 - Val Metric: 0.9205
Epoch 5/50 - Train Loss: 0.3745 - Train Metric: 0.9125
Epoch 5/50 - Val Metric: 0.9225
Epoch 6/50 - Train Loss: 0.3767 - Train Metric: 0.9116
Epoch 6/50 - Val Metric: 0.9205
Epoch 7/50 - Train Loss: 0.3692 - Train Metric: 0.9155
Epoch 7/50 - Val Metric: 0.9234
Epoch 8/50 - Train Loss: 0.3675 - Train Metric: 0.9162
Epoch 8/50 - Val Metric: 0.9235
Training set has 16507 instances
Validation set has 2063 instances
Test set has 2064 instances
Epoch 1/50 - Train Loss: 0.7023 - Train Metric: 0.4990
Epoch 1/50 - Val Metric: 0.8292
Training set has 16507 instances
Validation set has 2063 instances
Test set has 2064 instances
Training set has 16507 instances
Validation set has 2063 instances
Test set has 2064 instances
Training set has 16507 instances
Validation set has 2063 instances
Test set has 2064 instances
Epoch 1/50 - Train Loss: 0.6544 - Train Metric: 0.6336
Epoch 1/50 - Val Metric: 0.8592
Epoch 2/50 - Train Loss: 0.4659 - Train Metric: 0.8598
Epoch 2/50 - Val Metric: 0.9090
Epoch 3/50 - Train Loss: 0.3999 - Train Metric: 0.8998
Epoch 3/50 - Val Metric: 0.9204
Epoch 4/50 - Train Loss: 0.3836 - Train Metric: 0.9082
Epoch 4/50 - Val Metric: 0.9223
Epoch 5/50 - Train Loss: 0.3689 - Train Metric: 0.9155
Epoch 5/50 - Val Metric: 0.9273
Epoch 6/50 - Train Loss: 0.3654 - Train Metric: 0.9171
Epoch 6/50 - Val Metric: 0.9258
Epoch 7/50 - Train Loss: 0.3626 - Train Metric: 0.9186
Epoch 7/50 - Val Metric: 0.9252
Epoch 8/50 - Train Loss: 0.3599 - Train Metric: 0.9197
Epoch 8/50 - Val Metric: 0.9271
Epoch 9/50 - Train Loss: 0.3576 - Train Metric: 0.9209
Epoch 9/50 - Val Metric: 0.9260
Epoch 10/50 - Train Loss: 0.3562 - Train Metric: 0.9212
Epoch 10/50 - Val Metric: 0.9302
Epoch 11/50 - Train Loss: 0.3507 - Train Metric: 0.9238
Epoch 11/50 - Val Metric: 0.9288
Epoch 12/50 - Train Loss: 0.3491 - Train Metric: 0.9244
Epoch 12/50 - Val Metric: 0.9294
Epoch 13/50 - Train Loss: 0.3473 - Train Metric: 0.9255
Epoch 13/50 - Val Metric: 0.9290
Epoch 14/50 - Train Loss: 0.3479 - Train Metric: 0.9251
Epoch 14/50 - Val Metric: 0.9293
Epoch 15/50 - Train Loss: 0.3455 - Train Metric: 0.9262
Epoch 15/50 - Val Metric: 0.9314
Epoch 16/50 - Train Loss: 0.3475 - Train Metric: 0.9254
Epoch 16/50 - Val Metric: 0.9295
Epoch 17/50 - Train Loss: 0.3468 - Train Metric: 0.9256
Epoch 17/50 - Val Metric: 0.9276
Epoch 18/50 - Train Loss: 0.3464 - Train Metric: 0.9259
Epoch 18/50 - Val Metric: 0.9311
Epoch 19/50 - Train Loss: 0.3444 - Train Metric: 0.9268
Epoch 19/50 - Val Metric: 0.9309
Epoch 20/50 - Train Loss: 0.3413 - Train Metric: 0.9281
Epoch 20/50 - Val Metric: 0.9312
Epoch 21/50 - Train Loss: 0.3401 - Train Metric: 0.9285
Epoch 21/50 - Val Metric: 0.9308
Epoch 22/50 - Train Loss: 0.3390 - Train Metric: 0.9290
Epoch 22/50 - Val Metric: 0.9333
Epoch 23/50 - Train Loss: 0.3426 - Train Metric: 0.9274
Epoch 23/50 - Val Metric: 0.9334
Epoch 24/50 - Train Loss: 0.3406 - Train Metric: 0.9282
Epoch 24/50 - Val Metric: 0.9334
Epoch 25/50 - Train Loss: 0.3378 - Train Metric: 0.9295
Epoch 25/50 - Val Metric: 0.9339
Epoch 26/50 - Train Loss: 0.3348 - Train Metric: 0.9308
Epoch 26/50 - Val Metric: 0.9342
Epoch 27/50 - Train Loss: 0.3333 - Train Metric: 0.9314
Epoch 27/50 - Val Metric: 0.9363
Epoch 28/50 - Train Loss: 0.3321 - Train Metric: 0.9320
Epoch 28/50 - Val Metric: 0.9358
Epoch 29/50 - Train Loss: 0.3307 - Train Metric: 0.9326
Epoch 29/50 - Val Metric: 0.9350
Epoch 30/50 - Train Loss: 0.3305 - Train Metric: 0.9327
Epoch 30/50 - Val Metric: 0.9357
Epoch 31/50 - Train Loss: 0.3315 - Train Metric: 0.9322
Epoch 31/50 - Val Metric: 0.9351
Epoch 32/50 - Train Loss: 0.3294 - Train Metric: 0.9331
Epoch 32/50 - Val Metric: 0.9367
Epoch 33/50 - Train Loss: 0.3273 - Train Metric: 0.9340
Epoch 33/50 - Val Metric: 0.9352
Training set has 16507 instances
Validation set has 2063 instances
Test set has 2064 instances
Training set has 16507 instances
Validation set has 2063 instances
Test set has 2064 instances
Training set has 16507 instances
Validation set has 2063 instances
Test set has 2064 instances
Training set has 16507 instances
Validation set has 2063 instances
Test set has 2064 instances
Hyper-parameter search done. Found the best config.
Repeat experiments 5 times with the best train config {'batch_size': 128, 'gamma_rate': 0.95, 'base_lr': 0.001} and model config {'num_heads': 8, 'num_layers': 6, 'num_latents': 64, 'hidden_dim': 64, 'mlp_ratio': 0.25, 'dropout_prob': 0.2, 'top_k': 5}.
Training set has 16507 instances
Validation set has 2063 instances
Test set has 2064 instances
Epoch 1/50 - Train Loss: 0.6971 - Train Metric: 0.5087
Epoch 1/50 - Val Metric: 0.8450
Epoch 2/50 - Train Loss: 0.6951 - Train Metric: 0.4966
Epoch 2/50 - Val Metric: 0.8381
Epoch 3/50 - Train Loss: 0.6956 - Train Metric: 0.4945
Epoch 3/50 - Val Metric: 0.8404
Epoch 4/50 - Train Loss: 0.6563 - Train Metric: 0.6506
Epoch 4/50 - Val Metric: 0.8303
Epoch 5/50 - Train Loss: 0.5403 - Train Metric: 0.7915
Epoch 5/50 - Val Metric: 0.8422
Epoch 6/50 - Train Loss: 0.4601 - Train Metric: 0.8614
Epoch 6/50 - Val Metric: 0.9136
Epoch 7/50 - Train Loss: 0.3851 - Train Metric: 0.9073
Epoch 7/50 - Val Metric: 0.9220
Epoch 8/50 - Train Loss: 0.3716 - Train Metric: 0.9139
Epoch 8/50 - Val Metric: 0.9232
Epoch 9/50 - Train Loss: 0.3556 - Train Metric: 0.9217
Epoch 9/50 - Val Metric: 0.9265
Epoch 10/50 - Train Loss: 0.3478 - Train Metric: 0.9251
Epoch 10/50 - Val Metric: 0.9316
Epoch 11/50 - Train Loss: 0.3386 - Train Metric: 0.9292
Epoch 11/50 - Val Metric: 0.9327
Epoch 12/50 - Train Loss: 0.3417 - Train Metric: 0.9278
Epoch 12/50 - Val Metric: 0.9329
Epoch 13/50 - Train Loss: 0.3317 - Train Metric: 0.9321
Epoch 13/50 - Val Metric: 0.9364
Epoch 14/50 - Train Loss: 0.3244 - Train Metric: 0.9352
Epoch 14/50 - Val Metric: 0.9384
Epoch 15/50 - Train Loss: 0.3241 - Train Metric: 0.9351
Epoch 15/50 - Val Metric: 0.9374
Epoch 16/50 - Train Loss: 0.3196 - Train Metric: 0.9369
Epoch 16/50 - Val Metric: 0.9335
Epoch 17/50 - Train Loss: 0.3202 - Train Metric: 0.9367
Epoch 17/50 - Val Metric: 0.9386
Epoch 18/50 - Train Loss: 0.3153 - Train Metric: 0.9387
Epoch 18/50 - Val Metric: 0.9399
Epoch 19/50 - Train Loss: 0.3156 - Train Metric: 0.9386
Epoch 19/50 - Val Metric: 0.9428
Epoch 20/50 - Train Loss: 0.3131 - Train Metric: 0.9395
Epoch 20/50 - Val Metric: 0.9384
Epoch 21/50 - Train Loss: 0.3175 - Train Metric: 0.9376
Epoch 21/50 - Val Metric: 0.9398
Epoch 22/50 - Train Loss: 0.3105 - Train Metric: 0.9405
Epoch 22/50 - Val Metric: 0.9453
Epoch 23/50 - Train Loss: 0.3046 - Train Metric: 0.9428
Epoch 23/50 - Val Metric: 0.9410
Epoch 24/50 - Train Loss: 0.3037 - Train Metric: 0.9433
Epoch 24/50 - Val Metric: 0.9448
Epoch 25/50 - Train Loss: 0.3052 - Train Metric: 0.9427
Epoch 25/50 - Val Metric: 0.9423
Epoch 26/50 - Train Loss: 0.2997 - Train Metric: 0.9445
Epoch 26/50 - Val Metric: 0.9455
Epoch 27/50 - Train Loss: 0.3010 - Train Metric: 0.9442
Epoch 27/50 - Val Metric: 0.9420
Epoch 28/50 - Train Loss: 0.3012 - Train Metric: 0.9442
Epoch 28/50 - Val Metric: 0.9379
Epoch 29/50 - Train Loss: 0.2942 - Train Metric: 0.9467
Epoch 29/50 - Val Metric: 0.9451
Epoch 30/50 - Train Loss: 0.2964 - Train Metric: 0.9459
Epoch 30/50 - Val Metric: 0.9468
Epoch 31/50 - Train Loss: 0.2918 - Train Metric: 0.9476
Epoch 31/50 - Val Metric: 0.9483
Epoch 32/50 - Train Loss: 0.2934 - Train Metric: 0.9470
Epoch 32/50 - Val Metric: 0.9433
Epoch 33/50 - Train Loss: 0.2890 - Train Metric: 0.9485
Epoch 33/50 - Val Metric: 0.9498
Epoch 34/50 - Train Loss: 0.2899 - Train Metric: 0.9483
Epoch 34/50 - Val Metric: 0.9452
Epoch 35/50 - Train Loss: 0.2878 - Train Metric: 0.9489
Epoch 35/50 - Val Metric: 0.9490
Epoch 36/50 - Train Loss: 0.2845 - Train Metric: 0.9501
Epoch 36/50 - Val Metric: 0.9466
Epoch 37/50 - Train Loss: 0.2858 - Train Metric: 0.9497
Epoch 37/50 - Val Metric: 0.9482
Epoch 38/50 - Train Loss: 0.2866 - Train Metric: 0.9495
Epoch 38/50 - Val Metric: 0.9491
Epoch 39/50 - Train Loss: 0.2849 - Train Metric: 0.9500
Epoch 39/50 - Val Metric: 0.9483
Epoch 40/50 - Train Loss: 0.2874 - Train Metric: 0.9492
Epoch 40/50 - Val Metric: 0.9498
Epoch 41/50 - Train Loss: 0.2839 - Train Metric: 0.9504
Epoch 41/50 - Val Metric: 0.9468
Epoch 42/50 - Train Loss: 0.2808 - Train Metric: 0.9514
Epoch 42/50 - Val Metric: 0.9529
Epoch 43/50 - Train Loss: 0.2795 - Train Metric: 0.9520
Epoch 43/50 - Val Metric: 0.9494
Epoch 44/50 - Train Loss: 0.2808 - Train Metric: 0.9514
Epoch 44/50 - Val Metric: 0.9494
Epoch 45/50 - Train Loss: 0.2772 - Train Metric: 0.9528
Epoch 45/50 - Val Metric: 0.9517
Epoch 46/50 - Train Loss: 0.2819 - Train Metric: 0.9511
Epoch 46/50 - Val Metric: 0.9509
Epoch 47/50 - Train Loss: 0.2776 - Train Metric: 0.9526
Epoch 47/50 - Val Metric: 0.9517
Epoch 48/50 - Train Loss: 0.2790 - Train Metric: 0.9522
Epoch 48/50 - Val Metric: 0.9516
Epoch 49/50 - Train Loss: 0.2754 - Train Metric: 0.9534
Epoch 49/50 - Val Metric: 0.9529
Epoch 50/50 - Train Loss: 0.2747 - Train Metric: 0.9536
Epoch 50/50 - Val Metric: 0.9532
Best val: 0.9532, Best test: 0.9502
Training set has 16507 instances
Validation set has 2063 instances
Test set has 2064 instances
Epoch 1/50 - Train Loss: 0.6994 - Train Metric: 0.5039
Epoch 1/50 - Val Metric: 0.8261
Epoch 2/50 - Train Loss: 0.6966 - Train Metric: 0.5012
Epoch 2/50 - Val Metric: 0.8338
Epoch 3/50 - Train Loss: 0.6390 - Train Metric: 0.6568
Epoch 3/50 - Val Metric: 0.8346
Epoch 4/50 - Train Loss: 0.4849 - Train Metric: 0.8467
Epoch 4/50 - Val Metric: 0.9065
Epoch 5/50 - Train Loss: 0.3935 - Train Metric: 0.9028
Epoch 5/50 - Val Metric: 0.9258
Epoch 6/50 - Train Loss: 0.3611 - Train Metric: 0.9192
Epoch 6/50 - Val Metric: 0.9324
Epoch 7/50 - Train Loss: 0.3676 - Train Metric: 0.9161
Epoch 7/50 - Val Metric: 0.9343
Epoch 8/50 - Train Loss: 0.3545 - Train Metric: 0.9223
Epoch 8/50 - Val Metric: 0.9340
Epoch 9/50 - Train Loss: 0.3519 - Train Metric: 0.9235
Epoch 9/50 - Val Metric: 0.9328
Epoch 10/50 - Train Loss: 0.3619 - Train Metric: 0.9186
Epoch 10/50 - Val Metric: 0.9325
Epoch 11/50 - Train Loss: 0.3521 - Train Metric: 0.9229
Epoch 11/50 - Val Metric: 0.9357
Epoch 12/50 - Train Loss: 0.3415 - Train Metric: 0.9279
Epoch 12/50 - Val Metric: 0.9376
Epoch 13/50 - Train Loss: 0.3356 - Train Metric: 0.9304
Epoch 13/50 - Val Metric: 0.9392
Epoch 14/50 - Train Loss: 0.3371 - Train Metric: 0.9297
Epoch 14/50 - Val Metric: 0.9369
Epoch 15/50 - Train Loss: 0.3335 - Train Metric: 0.9312
Epoch 15/50 - Val Metric: 0.9379
Epoch 16/50 - Train Loss: 0.3288 - Train Metric: 0.9331
Epoch 16/50 - Val Metric: 0.9414
Epoch 17/50 - Train Loss: 0.3305 - Train Metric: 0.9326
Epoch 17/50 - Val Metric: 0.9391
Epoch 18/50 - Train Loss: 0.3305 - Train Metric: 0.9324
Epoch 18/50 - Val Metric: 0.9386
Epoch 19/50 - Train Loss: 0.3272 - Train Metric: 0.9339
Epoch 19/50 - Val Metric: 0.9408
Epoch 20/50 - Train Loss: 0.3196 - Train Metric: 0.9369
Epoch 20/50 - Val Metric: 0.9417
Epoch 21/50 - Train Loss: 0.3209 - Train Metric: 0.9365
Epoch 21/50 - Val Metric: 0.9408
Epoch 22/50 - Train Loss: 0.3199 - Train Metric: 0.9369
Epoch 22/50 - Val Metric: 0.9440
Epoch 23/50 - Train Loss: 0.3176 - Train Metric: 0.9378
Epoch 23/50 - Val Metric: 0.9461
Epoch 24/50 - Train Loss: 0.3142 - Train Metric: 0.9391
Epoch 24/50 - Val Metric: 0.9449
Epoch 25/50 - Train Loss: 0.3132 - Train Metric: 0.9394
Epoch 25/50 - Val Metric: 0.9473
Epoch 26/50 - Train Loss: 0.3084 - Train Metric: 0.9415
Epoch 26/50 - Val Metric: 0.9481
Epoch 27/50 - Train Loss: 0.3096 - Train Metric: 0.9410
Epoch 27/50 - Val Metric: 0.9447
Epoch 28/50 - Train Loss: 0.3047 - Train Metric: 0.9428
Epoch 28/50 - Val Metric: 0.9464
Epoch 29/50 - Train Loss: 0.3037 - Train Metric: 0.9433
Epoch 29/50 - Val Metric: 0.9476
Epoch 30/50 - Train Loss: 0.2989 - Train Metric: 0.9451
Epoch 30/50 - Val Metric: 0.9484
Epoch 31/50 - Train Loss: 0.2979 - Train Metric: 0.9454
Epoch 31/50 - Val Metric: 0.9488
Epoch 32/50 - Train Loss: 0.2996 - Train Metric: 0.9448
Epoch 32/50 - Val Metric: 0.9469
Epoch 33/50 - Train Loss: 0.2974 - Train Metric: 0.9456
Epoch 33/50 - Val Metric: 0.9511
Epoch 34/50 - Train Loss: 0.2961 - Train Metric: 0.9460
Epoch 34/50 - Val Metric: 0.9463
Epoch 35/50 - Train Loss: 0.2980 - Train Metric: 0.9453
Epoch 35/50 - Val Metric: 0.9469
Epoch 36/50 - Train Loss: 0.2988 - Train Metric: 0.9449
Epoch 36/50 - Val Metric: 0.9509
Epoch 37/50 - Train Loss: 0.2925 - Train Metric: 0.9473
Epoch 37/50 - Val Metric: 0.9500
Epoch 38/50 - Train Loss: 0.2937 - Train Metric: 0.9469
Epoch 38/50 - Val Metric: 0.9497
Epoch 39/50 - Train Loss: 0.2917 - Train Metric: 0.9477
Epoch 39/50 - Val Metric: 0.9516
Epoch 40/50 - Train Loss: 0.2899 - Train Metric: 0.9484
Epoch 40/50 - Val Metric: 0.9497
Epoch 41/50 - Train Loss: 0.2885 - Train Metric: 0.9488
Epoch 41/50 - Val Metric: 0.9477
Epoch 42/50 - Train Loss: 0.2903 - Train Metric: 0.9482
Epoch 42/50 - Val Metric: 0.9512
Epoch 43/50 - Train Loss: 0.2864 - Train Metric: 0.9496
Epoch 43/50 - Val Metric: 0.9517
Epoch 44/50 - Train Loss: 0.2882 - Train Metric: 0.9489
Epoch 44/50 - Val Metric: 0.9497
Epoch 45/50 - Train Loss: 0.2852 - Train Metric: 0.9501
Epoch 45/50 - Val Metric: 0.9497
Epoch 46/50 - Train Loss: 0.2875 - Train Metric: 0.9492
Epoch 46/50 - Val Metric: 0.9506
Epoch 47/50 - Train Loss: 0.2840 - Train Metric: 0.9504
Epoch 47/50 - Val Metric: 0.9479
Epoch 48/50 - Train Loss: 0.2834 - Train Metric: 0.9506
Epoch 48/50 - Val Metric: 0.9505
Epoch 49/50 - Train Loss: 0.2842 - Train Metric: 0.9504
Epoch 49/50 - Val Metric: 0.9522
Epoch 50/50 - Train Loss: 0.2828 - Train Metric: 0.9508
Epoch 50/50 - Val Metric: 0.9534
Best val: 0.9534, Best test: 0.9519
Training set has 16507 instances
Validation set has 2063 instances
Test set has 2064 instances
Epoch 1/50 - Train Loss: 0.6970 - Train Metric: 0.5111
Epoch 1/50 - Val Metric: 0.8490
Epoch 2/50 - Train Loss: 0.5573 - Train Metric: 0.7891
Epoch 2/50 - Val Metric: 0.8759
Epoch 3/50 - Train Loss: 0.4195 - Train Metric: 0.8882
Epoch 3/50 - Val Metric: 0.9300
Epoch 4/50 - Train Loss: 0.3695 - Train Metric: 0.9151
Epoch 4/50 - Val Metric: 0.9339
Epoch 5/50 - Train Loss: 0.3567 - Train Metric: 0.9213
Epoch 5/50 - Val Metric: 0.9297
Epoch 6/50 - Train Loss: 0.3539 - Train Metric: 0.9222
Epoch 6/50 - Val Metric: 0.9396
Epoch 7/50 - Train Loss: 0.3563 - Train Metric: 0.9213
Epoch 7/50 - Val Metric: 0.9387
Epoch 8/50 - Train Loss: 0.3526 - Train Metric: 0.9229
Epoch 8/50 - Val Metric: 0.9404
Epoch 9/50 - Train Loss: 0.3483 - Train Metric: 0.9247
Epoch 9/50 - Val Metric: 0.9418
Epoch 10/50 - Train Loss: 0.3426 - Train Metric: 0.9274
Epoch 10/50 - Val Metric: 0.9434
Epoch 11/50 - Train Loss: 0.3331 - Train Metric: 0.9315
Epoch 11/50 - Val Metric: 0.9457
Epoch 12/50 - Train Loss: 0.3355 - Train Metric: 0.9305
Epoch 12/50 - Val Metric: 0.9463
Epoch 13/50 - Train Loss: 0.3313 - Train Metric: 0.9322
Epoch 13/50 - Val Metric: 0.9450
Epoch 14/50 - Train Loss: 0.3284 - Train Metric: 0.9334
Epoch 14/50 - Val Metric: 0.9460
Epoch 15/50 - Train Loss: 0.3245 - Train Metric: 0.9350
Epoch 15/50 - Val Metric: 0.9487
Epoch 16/50 - Train Loss: 0.3195 - Train Metric: 0.9372
Epoch 16/50 - Val Metric: 0.9404
Epoch 17/50 - Train Loss: 0.3197 - Train Metric: 0.9370
Epoch 17/50 - Val Metric: 0.9512
Epoch 18/50 - Train Loss: 0.3166 - Train Metric: 0.9383
Epoch 18/50 - Val Metric: 0.9433
Epoch 19/50 - Train Loss: 0.3198 - Train Metric: 0.9369
Epoch 19/50 - Val Metric: 0.9510
Epoch 20/50 - Train Loss: 0.3120 - Train Metric: 0.9400
Epoch 20/50 - Val Metric: 0.9519
Epoch 21/50 - Train Loss: 0.3105 - Train Metric: 0.9405
Epoch 21/50 - Val Metric: 0.9517
Epoch 22/50 - Train Loss: 0.3095 - Train Metric: 0.9409
Epoch 22/50 - Val Metric: 0.9487
Epoch 23/50 - Train Loss: 0.3054 - Train Metric: 0.9426
Epoch 23/50 - Val Metric: 0.9527
Epoch 24/50 - Train Loss: 0.3044 - Train Metric: 0.9428
Epoch 24/50 - Val Metric: 0.9527
Epoch 25/50 - Train Loss: 0.3030 - Train Metric: 0.9434
Epoch 25/50 - Val Metric: 0.9536
Epoch 26/50 - Train Loss: 0.3012 - Train Metric: 0.9442
Epoch 26/50 - Val Metric: 0.9541
Epoch 27/50 - Train Loss: 0.3003 - Train Metric: 0.9445
Epoch 27/50 - Val Metric: 0.9539
Epoch 28/50 - Train Loss: 0.3002 - Train Metric: 0.9445
Epoch 28/50 - Val Metric: 0.9559
Epoch 29/50 - Train Loss: 0.2954 - Train Metric: 0.9463
Epoch 29/50 - Val Metric: 0.9563
Epoch 30/50 - Train Loss: 0.2949 - Train Metric: 0.9465
Epoch 30/50 - Val Metric: 0.9542
Epoch 31/50 - Train Loss: 0.2935 - Train Metric: 0.9471
Epoch 31/50 - Val Metric: 0.9528
Epoch 32/50 - Train Loss: 0.2927 - Train Metric: 0.9473
Epoch 32/50 - Val Metric: 0.9515
Epoch 33/50 - Train Loss: 0.2910 - Train Metric: 0.9480
Epoch 33/50 - Val Metric: 0.9552
Epoch 34/50 - Train Loss: 0.2893 - Train Metric: 0.9485
Epoch 34/50 - Val Metric: 0.9535
Epoch 35/50 - Train Loss: 0.2892 - Train Metric: 0.9485
Epoch 35/50 - Val Metric: 0.9562
Epoch 36/50 - Train Loss: 0.2902 - Train Metric: 0.9482
Epoch 36/50 - Val Metric: 0.9563
Epoch 37/50 - Train Loss: 0.2861 - Train Metric: 0.9497
Epoch 37/50 - Val Metric: 0.9534
Epoch 38/50 - Train Loss: 0.2818 - Train Metric: 0.9512
Epoch 38/50 - Val Metric: 0.9556
Epoch 39/50 - Train Loss: 0.2825 - Train Metric: 0.9509
Epoch 39/50 - Val Metric: 0.9570
Epoch 40/50 - Train Loss: 0.2817 - Train Metric: 0.9513
Epoch 40/50 - Val Metric: 0.9542
Epoch 41/50 - Train Loss: 0.2812 - Train Metric: 0.9514
Epoch 41/50 - Val Metric: 0.9557
Epoch 42/50 - Train Loss: 0.2805 - Train Metric: 0.9516
Epoch 42/50 - Val Metric: 0.9524
Epoch 43/50 - Train Loss: 0.2790 - Train Metric: 0.9521
Epoch 43/50 - Val Metric: 0.9565
Epoch 44/50 - Train Loss: 0.2770 - Train Metric: 0.9529
Epoch 44/50 - Val Metric: 0.9561
Epoch 45/50 - Train Loss: 0.2764 - Train Metric: 0.9531
Epoch 45/50 - Val Metric: 0.9573
Epoch 46/50 - Train Loss: 0.2766 - Train Metric: 0.9530
Epoch 46/50 - Val Metric: 0.9572
Epoch 47/50 - Train Loss: 0.2746 - Train Metric: 0.9537
Epoch 47/50 - Val Metric: 0.9563
Epoch 48/50 - Train Loss: 0.2735 - Train Metric: 0.9541
Epoch 48/50 - Val Metric: 0.9565
Epoch 49/50 - Train Loss: 0.2734 - Train Metric: 0.9541
Epoch 49/50 - Val Metric: 0.9552
Epoch 50/50 - Train Loss: 0.2715 - Train Metric: 0.9548
Epoch 50/50 - Val Metric: 0.9574
Best val: 0.9574, Best test: 0.9392
Training set has 16507 instances
Validation set has 2063 instances
Test set has 2064 instances
Epoch 1/50 - Train Loss: 0.6975 - Train Metric: 0.4917
Epoch 1/50 - Val Metric: 0.8509
Epoch 2/50 - Train Loss: 0.6034 - Train Metric: 0.7312
Epoch 2/50 - Val Metric: 0.8685
Epoch 3/50 - Train Loss: 0.4455 - Train Metric: 0.8713
Epoch 3/50 - Val Metric: 0.9202
Epoch 4/50 - Train Loss: 0.3764 - Train Metric: 0.9117
Epoch 4/50 - Val Metric: 0.9377
Epoch 5/50 - Train Loss: 0.3660 - Train Metric: 0.9172
Epoch 5/50 - Val Metric: 0.9434
Epoch 6/50 - Train Loss: 0.3448 - Train Metric: 0.9266
Epoch 6/50 - Val Metric: 0.9408
Epoch 7/50 - Train Loss: 0.3392 - Train Metric: 0.9290
Epoch 7/50 - Val Metric: 0.9424
Epoch 8/50 - Train Loss: 0.3309 - Train Metric: 0.9327
Epoch 8/50 - Val Metric: 0.9463
Epoch 9/50 - Train Loss: 0.3293 - Train Metric: 0.9332
Epoch 9/50 - Val Metric: 0.9421
Epoch 10/50 - Train Loss: 0.3287 - Train Metric: 0.9335
Epoch 10/50 - Val Metric: 0.9494
Epoch 11/50 - Train Loss: 0.3245 - Train Metric: 0.9352
Epoch 11/50 - Val Metric: 0.9460
Epoch 12/50 - Train Loss: 0.3273 - Train Metric: 0.9340
Epoch 12/50 - Val Metric: 0.9464
Epoch 13/50 - Train Loss: 0.3246 - Train Metric: 0.9351
Epoch 13/50 - Val Metric: 0.9496
Epoch 14/50 - Train Loss: 0.3213 - Train Metric: 0.9365
Epoch 14/50 - Val Metric: 0.9523
Epoch 15/50 - Train Loss: 0.3204 - Train Metric: 0.9368
Epoch 15/50 - Val Metric: 0.9508
Epoch 16/50 - Train Loss: 0.3193 - Train Metric: 0.9373
Epoch 16/50 - Val Metric: 0.9513
Epoch 17/50 - Train Loss: 0.3131 - Train Metric: 0.9398
Epoch 17/50 - Val Metric: 0.9531
Epoch 18/50 - Train Loss: 0.3157 - Train Metric: 0.9387
Epoch 18/50 - Val Metric: 0.9519
Epoch 19/50 - Train Loss: 0.3162 - Train Metric: 0.9384
Epoch 19/50 - Val Metric: 0.9505
Epoch 20/50 - Train Loss: 0.3121 - Train Metric: 0.9400
Epoch 20/50 - Val Metric: 0.9512
Epoch 21/50 - Train Loss: 0.3101 - Train Metric: 0.9408
Epoch 21/50 - Val Metric: 0.9534
Epoch 22/50 - Train Loss: 0.3086 - Train Metric: 0.9414
Epoch 22/50 - Val Metric: 0.9543
Epoch 23/50 - Train Loss: 0.3104 - Train Metric: 0.9409
Epoch 23/50 - Val Metric: 0.9507
Epoch 24/50 - Train Loss: 0.3081 - Train Metric: 0.9416
Epoch 24/50 - Val Metric: 0.9532
Epoch 25/50 - Train Loss: 0.3059 - Train Metric: 0.9424
Epoch 25/50 - Val Metric: 0.9535
Epoch 26/50 - Train Loss: 0.3051 - Train Metric: 0.9428
Epoch 26/50 - Val Metric: 0.9555
Epoch 27/50 - Train Loss: 0.3022 - Train Metric: 0.9439
Epoch 27/50 - Val Metric: 0.9525
Epoch 28/50 - Train Loss: 0.3041 - Train Metric: 0.9431
Epoch 28/50 - Val Metric: 0.9512
Epoch 29/50 - Train Loss: 0.3014 - Train Metric: 0.9441
Epoch 29/50 - Val Metric: 0.9567
Epoch 30/50 - Train Loss: 0.3008 - Train Metric: 0.9443
Epoch 30/50 - Val Metric: 0.9568
Epoch 31/50 - Train Loss: 0.2990 - Train Metric: 0.9450
Epoch 31/50 - Val Metric: 0.9567
Epoch 32/50 - Train Loss: 0.2951 - Train Metric: 0.9466
Epoch 32/50 - Val Metric: 0.9562
Epoch 33/50 - Train Loss: 0.2938 - Train Metric: 0.9470
Epoch 33/50 - Val Metric: 0.9563
Epoch 34/50 - Train Loss: 0.2944 - Train Metric: 0.9468
Epoch 34/50 - Val Metric: 0.9579
Epoch 35/50 - Train Loss: 0.2905 - Train Metric: 0.9483
Epoch 35/50 - Val Metric: 0.9576
Epoch 36/50 - Train Loss: 0.2920 - Train Metric: 0.9476
Epoch 36/50 - Val Metric: 0.9556
Epoch 37/50 - Train Loss: 0.2918 - Train Metric: 0.9477
Epoch 37/50 - Val Metric: 0.9583
Epoch 38/50 - Train Loss: 0.2889 - Train Metric: 0.9487
Epoch 38/50 - Val Metric: 0.9576
Epoch 39/50 - Train Loss: 0.2914 - Train Metric: 0.9478
Epoch 39/50 - Val Metric: 0.9578
Epoch 40/50 - Train Loss: 0.2847 - Train Metric: 0.9502
Epoch 40/50 - Val Metric: 0.9594
Epoch 41/50 - Train Loss: 0.2859 - Train Metric: 0.9498
Epoch 41/50 - Val Metric: 0.9596
Epoch 42/50 - Train Loss: 0.2878 - Train Metric: 0.9491
Epoch 42/50 - Val Metric: 0.9592
Epoch 43/50 - Train Loss: 0.2841 - Train Metric: 0.9506
Epoch 43/50 - Val Metric: 0.9580
Epoch 44/50 - Train Loss: 0.2855 - Train Metric: 0.9500
Epoch 44/50 - Val Metric: 0.9608
Epoch 45/50 - Train Loss: 0.2830 - Train Metric: 0.9509
Epoch 45/50 - Val Metric: 0.9605
Epoch 46/50 - Train Loss: 0.2812 - Train Metric: 0.9515
Epoch 46/50 - Val Metric: 0.9594
Epoch 47/50 - Train Loss: 0.2818 - Train Metric: 0.9512
Epoch 47/50 - Val Metric: 0.9604
Epoch 48/50 - Train Loss: 0.2800 - Train Metric: 0.9519
Epoch 48/50 - Val Metric: 0.9592
Epoch 49/50 - Train Loss: 0.2822 - Train Metric: 0.9511
Epoch 49/50 - Val Metric: 0.9604
Epoch 50/50 - Train Loss: 0.2802 - Train Metric: 0.9519
Epoch 50/50 - Val Metric: 0.9607
Best val: 0.9608, Best test: 0.9477
Training set has 16507 instances
Validation set has 2063 instances
Test set has 2064 instances
Epoch 1/50 - Train Loss: 0.6970 - Train Metric: 0.5011
Epoch 1/50 - Val Metric: 0.8335
Epoch 2/50 - Train Loss: 0.6783 - Train Metric: 0.5671
Epoch 2/50 - Val Metric: 0.8424
Epoch 3/50 - Train Loss: 0.4945 - Train Metric: 0.8369
Epoch 3/50 - Val Metric: 0.8763
Epoch 4/50 - Train Loss: 0.4309 - Train Metric: 0.8800
Epoch 4/50 - Val Metric: 0.9046
Epoch 5/50 - Train Loss: 0.3972 - Train Metric: 0.9009
Epoch 5/50 - Val Metric: 0.9267
Epoch 6/50 - Train Loss: 0.3840 - Train Metric: 0.9076
Epoch 6/50 - Val Metric: 0.9238
Epoch 7/50 - Train Loss: 0.3806 - Train Metric: 0.9091
Epoch 7/50 - Val Metric: 0.9293
Epoch 8/50 - Train Loss: 0.3810 - Train Metric: 0.9095
Epoch 8/50 - Val Metric: 0.9177
Epoch 9/50 - Train Loss: 0.3674 - Train Metric: 0.9159
Epoch 9/50 - Val Metric: 0.9282
Epoch 10/50 - Train Loss: 0.3564 - Train Metric: 0.9209
Epoch 10/50 - Val Metric: 0.9319
Epoch 11/50 - Train Loss: 0.3501 - Train Metric: 0.9240
Epoch 11/50 - Val Metric: 0.9384
Epoch 12/50 - Train Loss: 0.3471 - Train Metric: 0.9254
Epoch 12/50 - Val Metric: 0.9374
Epoch 13/50 - Train Loss: 0.3406 - Train Metric: 0.9280
Epoch 13/50 - Val Metric: 0.9405
Epoch 14/50 - Train Loss: 0.3382 - Train Metric: 0.9291
Epoch 14/50 - Val Metric: 0.9431
Epoch 15/50 - Train Loss: 0.3333 - Train Metric: 0.9313
Epoch 15/50 - Val Metric: 0.9379
Epoch 16/50 - Train Loss: 0.3324 - Train Metric: 0.9317
Epoch 16/50 - Val Metric: 0.9422
Epoch 17/50 - Train Loss: 0.3292 - Train Metric: 0.9331
Epoch 17/50 - Val Metric: 0.9480
Epoch 18/50 - Train Loss: 0.3262 - Train Metric: 0.9343
Epoch 18/50 - Val Metric: 0.9452
Epoch 19/50 - Train Loss: 0.3254 - Train Metric: 0.9347
Epoch 19/50 - Val Metric: 0.9441
Epoch 20/50 - Train Loss: 0.3262 - Train Metric: 0.9343
Epoch 20/50 - Val Metric: 0.9449
Epoch 21/50 - Train Loss: 0.3235 - Train Metric: 0.9354
Epoch 21/50 - Val Metric: 0.9444
Epoch 22/50 - Train Loss: 0.3246 - Train Metric: 0.9348
Epoch 22/50 - Val Metric: 0.9464
Epoch 23/50 - Train Loss: 0.3218 - Train Metric: 0.9360
Epoch 23/50 - Val Metric: 0.9452
Epoch 24/50 - Train Loss: 0.3187 - Train Metric: 0.9372
Epoch 24/50 - Val Metric: 0.9478
Epoch 25/50 - Train Loss: 0.3169 - Train Metric: 0.9379
Epoch 25/50 - Val Metric: 0.9477
Epoch 26/50 - Train Loss: 0.3176 - Train Metric: 0.9378
Epoch 26/50 - Val Metric: 0.9467
Epoch 27/50 - Train Loss: 0.3139 - Train Metric: 0.9392
Epoch 27/50 - Val Metric: 0.9458
Epoch 28/50 - Train Loss: 0.3148 - Train Metric: 0.9389
Epoch 28/50 - Val Metric: 0.9478
Epoch 29/50 - Train Loss: 0.3127 - Train Metric: 0.9397
Epoch 29/50 - Val Metric: 0.9489
Epoch 30/50 - Train Loss: 0.3105 - Train Metric: 0.9407
Epoch 30/50 - Val Metric: 0.9480
Epoch 31/50 - Train Loss: 0.3084 - Train Metric: 0.9413
Epoch 31/50 - Val Metric: 0.9462
Epoch 32/50 - Train Loss: 0.3106 - Train Metric: 0.9406
Epoch 32/50 - Val Metric: 0.9467
Epoch 33/50 - Train Loss: 0.3107 - Train Metric: 0.9405
Epoch 33/50 - Val Metric: 0.9481
Epoch 34/50 - Train Loss: 0.3088 - Train Metric: 0.9412
Epoch 34/50 - Val Metric: 0.9475
Epoch 35/50 - Train Loss: 0.3107 - Train Metric: 0.9406
Epoch 35/50 - Val Metric: 0.9414
Epoch 36/50 - Train Loss: 0.3115 - Train Metric: 0.9401
Epoch 36/50 - Val Metric: 0.9453
Epoch 37/50 - Train Loss: 0.3062 - Train Metric: 0.9421
Epoch 37/50 - Val Metric: 0.9498
Epoch 38/50 - Train Loss: 0.3075 - Train Metric: 0.9418
Epoch 38/50 - Val Metric: 0.9506
Epoch 39/50 - Train Loss: 0.3038 - Train Metric: 0.9429
Epoch 39/50 - Val Metric: 0.9474
Epoch 40/50 - Train Loss: 0.3049 - Train Metric: 0.9428
Epoch 40/50 - Val Metric: 0.9505
Epoch 41/50 - Train Loss: 0.3044 - Train Metric: 0.9429
Epoch 41/50 - Val Metric: 0.9473
Epoch 42/50 - Train Loss: 0.3033 - Train Metric: 0.9433
Epoch 42/50 - Val Metric: 0.9507
Epoch 43/50 - Train Loss: 0.3027 - Train Metric: 0.9437
Epoch 43/50 - Val Metric: 0.9511
Epoch 44/50 - Train Loss: 0.3024 - Train Metric: 0.9437
Epoch 44/50 - Val Metric: 0.9476
Epoch 45/50 - Train Loss: 0.3018 - Train Metric: 0.9437
Epoch 45/50 - Val Metric: 0.9498
Epoch 46/50 - Train Loss: 0.3022 - Train Metric: 0.9438
Epoch 46/50 - Val Metric: 0.9511
Epoch 47/50 - Train Loss: 0.2992 - Train Metric: 0.9449
Epoch 47/50 - Val Metric: 0.9489
Epoch 48/50 - Train Loss: 0.3005 - Train Metric: 0.9444
Epoch 48/50 - Val Metric: 0.9496
Epoch 49/50 - Train Loss: 0.2991 - Train Metric: 0.9449
Epoch 49/50 - Val Metric: 0.9487
Epoch 50/50 - Train Loss: 0.2980 - Train Metric: 0.9453
Epoch 50/50 - Val Metric: 0.9520
Best val: 0.9520, Best test: 0.9454
[0.9501704  0.9519158  0.93921369 0.94771636 0.94539267]
