Hyper-parameter search via Optuna
Namespace(task_type='binary_classification', scale='small', idx=5, epochs=50, num_trials=20, num_repeats=5, seed=0, exp_name='MemPerceiver_ens_l2', result_path='output/binary_classification/small/5/MemPerceiver_ens_l2.pt')
Device: cuda
Start building binary_classification dataset_small_5
Training set has 16507 instances
Validation set has 2063 instances
Test set has 2064 instances
Epoch 1/50 - Train Loss: 0.6975 - Train Metric: 0.5155
Epoch 1/50 - Val Metric: 0.8516
Epoch 2/50 - Train Loss: 0.6937 - Train Metric: 0.5160
Epoch 2/50 - Val Metric: 0.8482
Epoch 3/50 - Train Loss: 0.6569 - Train Metric: 0.6083
Epoch 3/50 - Val Metric: 0.8569
Epoch 4/50 - Train Loss: 0.4731 - Train Metric: 0.8519
Epoch 4/50 - Val Metric: 0.8724
Epoch 5/50 - Train Loss: 0.4666 - Train Metric: 0.8559
Epoch 5/50 - Val Metric: 0.8797
Epoch 6/50 - Train Loss: 0.4306 - Train Metric: 0.8793
Epoch 6/50 - Val Metric: 0.8906
Epoch 7/50 - Train Loss: 0.4156 - Train Metric: 0.8891
Epoch 7/50 - Val Metric: 0.9017
Epoch 8/50 - Train Loss: 0.4074 - Train Metric: 0.8942
Epoch 8/50 - Val Metric: 0.9097
Epoch 9/50 - Train Loss: 0.3909 - Train Metric: 0.9034
Epoch 9/50 - Val Metric: 0.9147
Epoch 10/50 - Train Loss: 0.3877 - Train Metric: 0.9051
Epoch 10/50 - Val Metric: 0.9178
Epoch 11/50 - Train Loss: 0.3953 - Train Metric: 0.9014
Epoch 11/50 - Val Metric: 0.9187
Epoch 12/50 - Train Loss: 0.3736 - Train Metric: 0.9127
Epoch 12/50 - Val Metric: 0.9206
Epoch 13/50 - Train Loss: 0.3701 - Train Metric: 0.9145
Epoch 13/50 - Val Metric: 0.9217
Epoch 14/50 - Train Loss: 0.3661 - Train Metric: 0.9165
Epoch 14/50 - Val Metric: 0.9224
Epoch 15/50 - Train Loss: 0.3713 - Train Metric: 0.9142
Epoch 15/50 - Val Metric: 0.9228
Epoch 16/50 - Train Loss: 0.3721 - Train Metric: 0.9136
Epoch 16/50 - Val Metric: 0.9228
Epoch 17/50 - Train Loss: 0.3642 - Train Metric: 0.9174
Epoch 17/50 - Val Metric: 0.9235
Epoch 18/50 - Train Loss: 0.3659 - Train Metric: 0.9167
Epoch 18/50 - Val Metric: 0.9234
Epoch 19/50 - Train Loss: 0.3684 - Train Metric: 0.9155
Epoch 19/50 - Val Metric: 0.9238
Epoch 20/50 - Train Loss: 0.3654 - Train Metric: 0.9169
Epoch 20/50 - Val Metric: 0.9239
Epoch 21/50 - Train Loss: 0.3622 - Train Metric: 0.9184
Epoch 21/50 - Val Metric: 0.9242
Epoch 22/50 - Train Loss: 0.3628 - Train Metric: 0.9182
Epoch 22/50 - Val Metric: 0.9241
Epoch 23/50 - Train Loss: 0.3597 - Train Metric: 0.9194
Epoch 23/50 - Val Metric: 0.9244
Epoch 24/50 - Train Loss: 0.3603 - Train Metric: 0.9192
Epoch 24/50 - Val Metric: 0.9245
Epoch 25/50 - Train Loss: 0.3592 - Train Metric: 0.9197
Epoch 25/50 - Val Metric: 0.9246
Epoch 26/50 - Train Loss: 0.3584 - Train Metric: 0.9201
Epoch 26/50 - Val Metric: 0.9247
Epoch 27/50 - Train Loss: 0.3584 - Train Metric: 0.9202
Epoch 27/50 - Val Metric: 0.9248
Epoch 28/50 - Train Loss: 0.3619 - Train Metric: 0.9186
Epoch 28/50 - Val Metric: 0.9248
Epoch 29/50 - Train Loss: 0.3577 - Train Metric: 0.9204
Epoch 29/50 - Val Metric: 0.9249
Epoch 30/50 - Train Loss: 0.3591 - Train Metric: 0.9198
Epoch 30/50 - Val Metric: 0.9250
Epoch 31/50 - Train Loss: 0.3586 - Train Metric: 0.9200
Epoch 31/50 - Val Metric: 0.9251
Epoch 32/50 - Train Loss: 0.3576 - Train Metric: 0.9206
Epoch 32/50 - Val Metric: 0.9250
Epoch 33/50 - Train Loss: 0.3576 - Train Metric: 0.9205
Epoch 33/50 - Val Metric: 0.9252
Epoch 34/50 - Train Loss: 0.3568 - Train Metric: 0.9209
Epoch 34/50 - Val Metric: 0.9250
Epoch 35/50 - Train Loss: 0.3568 - Train Metric: 0.9209
Epoch 35/50 - Val Metric: 0.9251
Epoch 36/50 - Train Loss: 0.3574 - Train Metric: 0.9206
Epoch 36/50 - Val Metric: 0.9251
Epoch 37/50 - Train Loss: 0.3563 - Train Metric: 0.9211
Epoch 37/50 - Val Metric: 0.9253
Epoch 38/50 - Train Loss: 0.3582 - Train Metric: 0.9203
Epoch 38/50 - Val Metric: 0.9253
Epoch 39/50 - Train Loss: 0.3567 - Train Metric: 0.9209
Epoch 39/50 - Val Metric: 0.9253
Epoch 40/50 - Train Loss: 0.3571 - Train Metric: 0.9208
Epoch 40/50 - Val Metric: 0.9253
Epoch 41/50 - Train Loss: 0.3569 - Train Metric: 0.9208
Epoch 41/50 - Val Metric: 0.9253
Epoch 42/50 - Train Loss: 0.3566 - Train Metric: 0.9210
Epoch 42/50 - Val Metric: 0.9253
Epoch 43/50 - Train Loss: 0.3568 - Train Metric: 0.9209
Epoch 43/50 - Val Metric: 0.9253
Epoch 44/50 - Train Loss: 0.3573 - Train Metric: 0.9207
Epoch 44/50 - Val Metric: 0.9254
Epoch 45/50 - Train Loss: 0.3560 - Train Metric: 0.9213
Epoch 45/50 - Val Metric: 0.9254
Epoch 46/50 - Train Loss: 0.3575 - Train Metric: 0.9206
Epoch 46/50 - Val Metric: 0.9254
Epoch 47/50 - Train Loss: 0.3569 - Train Metric: 0.9208
Epoch 47/50 - Val Metric: 0.9253
Epoch 48/50 - Train Loss: 0.3556 - Train Metric: 0.9215
Epoch 48/50 - Val Metric: 0.9253
Epoch 49/50 - Train Loss: 0.3564 - Train Metric: 0.9211
Epoch 49/50 - Val Metric: 0.9252
Epoch 50/50 - Train Loss: 0.3562 - Train Metric: 0.9212
Epoch 50/50 - Val Metric: 0.9253
Best val: 0.9254, Best test: 0.9190
Training set has 16507 instances
Validation set has 2063 instances
Test set has 2064 instances
Epoch 1/50 - Train Loss: 0.7070 - Train Metric: 0.5008
Epoch 1/50 - Val Metric: 0.8060
Epoch 2/50 - Train Loss: 0.6953 - Train Metric: 0.5051
Epoch 2/50 - Val Metric: 0.8121
Epoch 3/50 - Train Loss: 0.6942 - Train Metric: 0.5128
Epoch 3/50 - Val Metric: 0.8365
Epoch 4/50 - Train Loss: 0.6698 - Train Metric: 0.5848
Epoch 4/50 - Val Metric: 0.8309
Epoch 5/50 - Train Loss: 0.5230 - Train Metric: 0.8172
Epoch 5/50 - Val Metric: 0.8484
Epoch 6/50 - Train Loss: 0.4728 - Train Metric: 0.8509
Epoch 6/50 - Val Metric: 0.8672
Epoch 7/50 - Train Loss: 0.4367 - Train Metric: 0.8758
Epoch 7/50 - Val Metric: 0.8880
Epoch 8/50 - Train Loss: 0.3822 - Train Metric: 0.9087
Epoch 8/50 - Val Metric: 0.9196
Epoch 9/50 - Train Loss: 0.3508 - Train Metric: 0.9236
Epoch 9/50 - Val Metric: 0.9258
Epoch 10/50 - Train Loss: 0.3377 - Train Metric: 0.9295
Epoch 10/50 - Val Metric: 0.9310
Epoch 11/50 - Train Loss: 0.3351 - Train Metric: 0.9305
Epoch 11/50 - Val Metric: 0.9359
Epoch 12/50 - Train Loss: 0.3232 - Train Metric: 0.9355
Epoch 12/50 - Val Metric: 0.9362
Epoch 13/50 - Train Loss: 0.3194 - Train Metric: 0.9371
Epoch 13/50 - Val Metric: 0.9413
Epoch 14/50 - Train Loss: 0.3166 - Train Metric: 0.9383
Epoch 14/50 - Val Metric: 0.9405
Epoch 15/50 - Train Loss: 0.3157 - Train Metric: 0.9386
Epoch 15/50 - Val Metric: 0.9427
Epoch 16/50 - Train Loss: 0.3046 - Train Metric: 0.9430
Epoch 16/50 - Val Metric: 0.9433
Epoch 17/50 - Train Loss: 0.3028 - Train Metric: 0.9436
Epoch 17/50 - Val Metric: 0.9441
Epoch 18/50 - Train Loss: 0.3031 - Train Metric: 0.9434
Epoch 18/50 - Val Metric: 0.9458
Epoch 19/50 - Train Loss: 0.2981 - Train Metric: 0.9453
Epoch 19/50 - Val Metric: 0.9467
Epoch 20/50 - Train Loss: 0.3005 - Train Metric: 0.9444
Epoch 20/50 - Val Metric: 0.9452
Epoch 21/50 - Train Loss: 0.2928 - Train Metric: 0.9472
Epoch 21/50 - Val Metric: 0.9462
Epoch 22/50 - Train Loss: 0.2906 - Train Metric: 0.9480
Epoch 22/50 - Val Metric: 0.9442
Epoch 23/50 - Train Loss: 0.2892 - Train Metric: 0.9486
Epoch 23/50 - Val Metric: 0.9484
Epoch 24/50 - Train Loss: 0.2863 - Train Metric: 0.9497
Epoch 24/50 - Val Metric: 0.9491
Epoch 25/50 - Train Loss: 0.2894 - Train Metric: 0.9484
Epoch 25/50 - Val Metric: 0.9484
Epoch 26/50 - Train Loss: 0.2855 - Train Metric: 0.9499
Epoch 26/50 - Val Metric: 0.9489
Epoch 27/50 - Train Loss: 0.2841 - Train Metric: 0.9504
Epoch 27/50 - Val Metric: 0.9469
Epoch 28/50 - Train Loss: 0.2834 - Train Metric: 0.9507
Epoch 28/50 - Val Metric: 0.9488
Epoch 29/50 - Train Loss: 0.2798 - Train Metric: 0.9519
Epoch 29/50 - Val Metric: 0.9501
Epoch 30/50 - Train Loss: 0.2784 - Train Metric: 0.9524
Epoch 30/50 - Val Metric: 0.9517
Epoch 31/50 - Train Loss: 0.2775 - Train Metric: 0.9528
Epoch 31/50 - Val Metric: 0.9506
Epoch 32/50 - Train Loss: 0.2754 - Train Metric: 0.9535
Epoch 32/50 - Val Metric: 0.9512
Epoch 33/50 - Train Loss: 0.2745 - Train Metric: 0.9538
Epoch 33/50 - Val Metric: 0.9473
Epoch 34/50 - Train Loss: 0.2768 - Train Metric: 0.9529
Epoch 34/50 - Val Metric: 0.9517
Epoch 35/50 - Train Loss: 0.2719 - Train Metric: 0.9546
Epoch 35/50 - Val Metric: 0.9522
Epoch 36/50 - Train Loss: 0.2707 - Train Metric: 0.9549
Epoch 36/50 - Val Metric: 0.9527
Epoch 37/50 - Train Loss: 0.2700 - Train Metric: 0.9552
Epoch 37/50 - Val Metric: 0.9521
Epoch 38/50 - Train Loss: 0.2703 - Train Metric: 0.9552
Epoch 38/50 - Val Metric: 0.9530
Epoch 39/50 - Train Loss: 0.2694 - Train Metric: 0.9555
Epoch 39/50 - Val Metric: 0.9532
Epoch 40/50 - Train Loss: 0.2677 - Train Metric: 0.9560
Epoch 40/50 - Val Metric: 0.9536
Epoch 41/50 - Train Loss: 0.2662 - Train Metric: 0.9565
Epoch 41/50 - Val Metric: 0.9536
Epoch 42/50 - Train Loss: 0.2656 - Train Metric: 0.9567
Epoch 42/50 - Val Metric: 0.9540
Epoch 43/50 - Train Loss: 0.2653 - Train Metric: 0.9568
Epoch 43/50 - Val Metric: 0.9537
Epoch 44/50 - Train Loss: 0.2650 - Train Metric: 0.9569
Epoch 44/50 - Val Metric: 0.9539
Epoch 45/50 - Train Loss: 0.2639 - Train Metric: 0.9573
Epoch 45/50 - Val Metric: 0.9537
Epoch 46/50 - Train Loss: 0.2641 - Train Metric: 0.9572
Epoch 46/50 - Val Metric: 0.9539
Epoch 47/50 - Train Loss: 0.2640 - Train Metric: 0.9572
Epoch 47/50 - Val Metric: 0.9541
Epoch 48/50 - Train Loss: 0.2631 - Train Metric: 0.9575
Epoch 48/50 - Val Metric: 0.9536
Epoch 49/50 - Train Loss: 0.2623 - Train Metric: 0.9578
Epoch 49/50 - Val Metric: 0.9538
Epoch 50/50 - Train Loss: 0.2627 - Train Metric: 0.9576
Epoch 50/50 - Val Metric: 0.9544
Best val: 0.9544, Best test: 0.9569
Training set has 16507 instances
Validation set has 2063 instances
Test set has 2064 instances
Epoch 1/50 - Train Loss: 0.7162 - Train Metric: 0.5090
Epoch 1/50 - Val Metric: 0.7685
Epoch 2/50 - Train Loss: 0.6912 - Train Metric: 0.5431
Epoch 2/50 - Val Metric: 0.7919
Epoch 3/50 - Train Loss: 0.6869 - Train Metric: 0.6124
Epoch 3/50 - Val Metric: 0.8047
Epoch 4/50 - Train Loss: 0.6089 - Train Metric: 0.7567
Epoch 4/50 - Val Metric: 0.8513
Epoch 5/50 - Train Loss: 0.4867 - Train Metric: 0.8493
Epoch 5/50 - Val Metric: 0.8702
Epoch 6/50 - Train Loss: 0.4426 - Train Metric: 0.8781
Epoch 6/50 - Val Metric: 0.8829
Epoch 7/50 - Train Loss: 0.4409 - Train Metric: 0.8784
Epoch 7/50 - Val Metric: 0.8910
Epoch 8/50 - Train Loss: 0.4163 - Train Metric: 0.8932
Epoch 8/50 - Val Metric: 0.8977
Epoch 9/50 - Train Loss: 0.4045 - Train Metric: 0.8996
Epoch 9/50 - Val Metric: 0.9036
Epoch 10/50 - Train Loss: 0.3952 - Train Metric: 0.9045
Epoch 10/50 - Val Metric: 0.9067
Epoch 11/50 - Train Loss: 0.3891 - Train Metric: 0.9076
Epoch 11/50 - Val Metric: 0.9105
Epoch 12/50 - Train Loss: 0.3890 - Train Metric: 0.9074
Epoch 12/50 - Val Metric: 0.9114
Epoch 13/50 - Train Loss: 0.3793 - Train Metric: 0.9120
Epoch 13/50 - Val Metric: 0.9132
Epoch 14/50 - Train Loss: 0.3748 - Train Metric: 0.9143
Epoch 14/50 - Val Metric: 0.9154
Epoch 15/50 - Train Loss: 0.3758 - Train Metric: 0.9138
Epoch 15/50 - Val Metric: 0.9160
Epoch 16/50 - Train Loss: 0.3740 - Train Metric: 0.9146
Epoch 16/50 - Val Metric: 0.9163
Epoch 17/50 - Train Loss: 0.3704 - Train Metric: 0.9161
Epoch 17/50 - Val Metric: 0.9165
Epoch 18/50 - Train Loss: 0.3701 - Train Metric: 0.9162
Epoch 18/50 - Val Metric: 0.9171
Epoch 19/50 - Train Loss: 0.3684 - Train Metric: 0.9171
Epoch 19/50 - Val Metric: 0.9179
Epoch 20/50 - Train Loss: 0.3677 - Train Metric: 0.9173
Epoch 20/50 - Val Metric: 0.9180
Epoch 21/50 - Train Loss: 0.3671 - Train Metric: 0.9176
Epoch 21/50 - Val Metric: 0.9182
Epoch 22/50 - Train Loss: 0.3663 - Train Metric: 0.9180
Epoch 22/50 - Val Metric: 0.9181
Epoch 23/50 - Train Loss: 0.3643 - Train Metric: 0.9189
Epoch 23/50 - Val Metric: 0.9179
Epoch 24/50 - Train Loss: 0.3650 - Train Metric: 0.9185
Epoch 24/50 - Val Metric: 0.9181
Epoch 25/50 - Train Loss: 0.3650 - Train Metric: 0.9185
Epoch 25/50 - Val Metric: 0.9187
Epoch 26/50 - Train Loss: 0.3653 - Train Metric: 0.9183
Epoch 26/50 - Val Metric: 0.9189
Epoch 27/50 - Train Loss: 0.3641 - Train Metric: 0.9189
Epoch 27/50 - Val Metric: 0.9187
Epoch 28/50 - Train Loss: 0.3656 - Train Metric: 0.9181
Epoch 28/50 - Val Metric: 0.9194
Epoch 29/50 - Train Loss: 0.3625 - Train Metric: 0.9196
Epoch 29/50 - Val Metric: 0.9188
Epoch 30/50 - Train Loss: 0.3658 - Train Metric: 0.9180
Epoch 30/50 - Val Metric: 0.9189
Epoch 31/50 - Train Loss: 0.3640 - Train Metric: 0.9189
Epoch 31/50 - Val Metric: 0.9193
Epoch 32/50 - Train Loss: 0.3638 - Train Metric: 0.9190
Epoch 32/50 - Val Metric: 0.9190
Epoch 33/50 - Train Loss: 0.3629 - Train Metric: 0.9194
Epoch 33/50 - Val Metric: 0.9191
Epoch 34/50 - Train Loss: 0.3625 - Train Metric: 0.9196
Epoch 34/50 - Val Metric: 0.9192
Epoch 35/50 - Train Loss: 0.3627 - Train Metric: 0.9194
Epoch 35/50 - Val Metric: 0.9195
Epoch 36/50 - Train Loss: 0.3623 - Train Metric: 0.9197
Epoch 36/50 - Val Metric: 0.9192
Epoch 37/50 - Train Loss: 0.3616 - Train Metric: 0.9200
Epoch 37/50 - Val Metric: 0.9192
Epoch 38/50 - Train Loss: 0.3618 - Train Metric: 0.9198
Epoch 38/50 - Val Metric: 0.9193
Epoch 39/50 - Train Loss: 0.3620 - Train Metric: 0.9198
Epoch 39/50 - Val Metric: 0.9194
Epoch 40/50 - Train Loss: 0.3619 - Train Metric: 0.9198
Epoch 40/50 - Val Metric: 0.9193
Epoch 41/50 - Train Loss: 0.3612 - Train Metric: 0.9202
Epoch 41/50 - Val Metric: 0.9192
Epoch 42/50 - Train Loss: 0.3614 - Train Metric: 0.9200
Epoch 42/50 - Val Metric: 0.9196
Epoch 43/50 - Train Loss: 0.3608 - Train Metric: 0.9203
Epoch 43/50 - Val Metric: 0.9194
Epoch 44/50 - Train Loss: 0.3614 - Train Metric: 0.9200
Epoch 44/50 - Val Metric: 0.9194
Epoch 45/50 - Train Loss: 0.3608 - Train Metric: 0.9203
Epoch 45/50 - Val Metric: 0.9195
Epoch 46/50 - Train Loss: 0.3620 - Train Metric: 0.9198
Epoch 46/50 - Val Metric: 0.9195
Epoch 47/50 - Train Loss: 0.3616 - Train Metric: 0.9200
Epoch 47/50 - Val Metric: 0.9198
Epoch 48/50 - Train Loss: 0.3608 - Train Metric: 0.9204
Epoch 48/50 - Val Metric: 0.9194
Epoch 49/50 - Train Loss: 0.3613 - Train Metric: 0.9201
Epoch 49/50 - Val Metric: 0.9194
Epoch 50/50 - Train Loss: 0.3614 - Train Metric: 0.9201
Epoch 50/50 - Val Metric: 0.9195
Best val: 0.9198, Best test: 0.9245
Training set has 16507 instances
Validation set has 2063 instances
Test set has 2064 instances
Epoch 1/50 - Train Loss: 0.7053 - Train Metric: 0.4959
Epoch 1/50 - Val Metric: 0.6118
Epoch 2/50 - Train Loss: 0.6963 - Train Metric: 0.4957
Epoch 2/50 - Val Metric: 0.7496
Epoch 3/50 - Train Loss: 0.6950 - Train Metric: 0.4983
Epoch 3/50 - Val Metric: 0.7789
Epoch 4/50 - Train Loss: 0.6952 - Train Metric: 0.5090
Epoch 4/50 - Val Metric: 0.7666
Epoch 5/50 - Train Loss: 0.6944 - Train Metric: 0.4971
Epoch 5/50 - Val Metric: 0.7425
Epoch 6/50 - Train Loss: 0.6949 - Train Metric: 0.4980
Epoch 6/50 - Val Metric: 0.7192
Epoch 7/50 - Train Loss: 0.6945 - Train Metric: 0.5027
Epoch 7/50 - Val Metric: 0.7428
Epoch 8/50 - Train Loss: 0.6944 - Train Metric: 0.4962
Epoch 8/50 - Val Metric: 0.7367
Epoch 9/50 - Train Loss: 0.6942 - Train Metric: 0.5031
Epoch 9/50 - Val Metric: 0.7872
Epoch 10/50 - Train Loss: 0.6942 - Train Metric: 0.5012
Epoch 10/50 - Val Metric: 0.7743
Epoch 11/50 - Train Loss: 0.6938 - Train Metric: 0.5065
Epoch 11/50 - Val Metric: 0.7593
Epoch 12/50 - Train Loss: 0.6951 - Train Metric: 0.5040
Epoch 12/50 - Val Metric: 0.7701
Epoch 13/50 - Train Loss: 0.6946 - Train Metric: 0.4923
Epoch 13/50 - Val Metric: 0.7807
Epoch 14/50 - Train Loss: 0.6936 - Train Metric: 0.4946
Epoch 14/50 - Val Metric: 0.7808
Epoch 15/50 - Train Loss: 0.6936 - Train Metric: 0.5006
Epoch 15/50 - Val Metric: 0.8072
Epoch 16/50 - Train Loss: 0.6942 - Train Metric: 0.4971
Epoch 16/50 - Val Metric: 0.8070
Epoch 17/50 - Train Loss: 0.6937 - Train Metric: 0.4972
Epoch 17/50 - Val Metric: 0.8013
Epoch 18/50 - Train Loss: 0.6943 - Train Metric: 0.5041
Epoch 18/50 - Val Metric: 0.8242
Epoch 19/50 - Train Loss: 0.6939 - Train Metric: 0.4980
Epoch 19/50 - Val Metric: 0.8231
Epoch 20/50 - Train Loss: 0.6936 - Train Metric: 0.4983
Epoch 20/50 - Val Metric: 0.8325
Epoch 21/50 - Train Loss: 0.6940 - Train Metric: 0.5136
Epoch 21/50 - Val Metric: 0.8191
Epoch 22/50 - Train Loss: 0.6946 - Train Metric: 0.5000
Epoch 22/50 - Val Metric: 0.6381
Epoch 23/50 - Train Loss: 0.6935 - Train Metric: 0.4973
Epoch 23/50 - Val Metric: 0.3468
Epoch 24/50 - Train Loss: 0.6933 - Train Metric: 0.4981
Epoch 24/50 - Val Metric: 0.7788
Epoch 25/50 - Train Loss: 0.6896 - Train Metric: 0.5324
Epoch 25/50 - Val Metric: 0.8205
Epoch 26/50 - Train Loss: 0.6759 - Train Metric: 0.5989
Epoch 26/50 - Val Metric: 0.8246
Epoch 27/50 - Train Loss: 0.5832 - Train Metric: 0.7477
Epoch 27/50 - Val Metric: 0.8319
Epoch 28/50 - Train Loss: 0.5821 - Train Metric: 0.7377
Epoch 28/50 - Val Metric: 0.8185
Epoch 29/50 - Train Loss: 0.5574 - Train Metric: 0.7780
Epoch 29/50 - Val Metric: 0.8292
Epoch 30/50 - Train Loss: 0.5636 - Train Metric: 0.7674
Epoch 30/50 - Val Metric: 0.8284
Epoch 31/50 - Train Loss: 0.5376 - Train Metric: 0.7969
Epoch 31/50 - Val Metric: 0.8280
Epoch 32/50 - Train Loss: 0.5296 - Train Metric: 0.8048
Epoch 32/50 - Val Metric: 0.8256
Epoch 33/50 - Train Loss: 0.5200 - Train Metric: 0.8139
Epoch 33/50 - Val Metric: 0.8285
Epoch 34/50 - Train Loss: 0.5133 - Train Metric: 0.8201
Epoch 34/50 - Val Metric: 0.8330
Epoch 35/50 - Train Loss: 0.5342 - Train Metric: 0.7995
Epoch 35/50 - Val Metric: 0.8327
Epoch 36/50 - Train Loss: 0.5448 - Train Metric: 0.7893
Epoch 36/50 - Val Metric: 0.8197
Epoch 37/50 - Train Loss: 0.5370 - Train Metric: 0.8006
Epoch 37/50 - Val Metric: 0.8343
Epoch 38/50 - Train Loss: 0.5294 - Train Metric: 0.8077
Epoch 38/50 - Val Metric: 0.8332
Epoch 39/50 - Train Loss: 0.5476 - Train Metric: 0.7946
Epoch 39/50 - Val Metric: 0.8346
Epoch 40/50 - Train Loss: 0.5264 - Train Metric: 0.8112
Epoch 40/50 - Val Metric: 0.8411
Epoch 41/50 - Train Loss: 0.5116 - Train Metric: 0.8234
Epoch 41/50 - Val Metric: 0.8436
Epoch 42/50 - Train Loss: 0.5029 - Train Metric: 0.8306
Epoch 42/50 - Val Metric: 0.8419
Epoch 43/50 - Train Loss: 0.4951 - Train Metric: 0.8362
Epoch 43/50 - Val Metric: 0.8449
Epoch 44/50 - Train Loss: 0.4937 - Train Metric: 0.8367
Epoch 44/50 - Val Metric: 0.8470
Epoch 45/50 - Train Loss: 0.4888 - Train Metric: 0.8402
Epoch 45/50 - Val Metric: 0.8482
Epoch 46/50 - Train Loss: 0.4908 - Train Metric: 0.8390
Epoch 46/50 - Val Metric: 0.8492
Epoch 47/50 - Train Loss: 0.4869 - Train Metric: 0.8423
Epoch 47/50 - Val Metric: 0.8509
Epoch 48/50 - Train Loss: 0.4786 - Train Metric: 0.8486
Epoch 48/50 - Val Metric: 0.8529
Epoch 49/50 - Train Loss: 0.4757 - Train Metric: 0.8503
Epoch 49/50 - Val Metric: 0.8447
Epoch 50/50 - Train Loss: 0.4705 - Train Metric: 0.8531
Epoch 50/50 - Val Metric: 0.8580
Best val: 0.8580, Best test: 0.8676
Training set has 16507 instances
Validation set has 2063 instances
Test set has 2064 instances
Epoch 1/50 - Train Loss: 0.6973 - Train Metric: 0.4995
Epoch 1/50 - Val Metric: 0.8437
Epoch 2/50 - Train Loss: 0.5409 - Train Metric: 0.7966
Epoch 2/50 - Val Metric: 0.8874
Epoch 3/50 - Train Loss: 0.4115 - Train Metric: 0.8936
Epoch 3/50 - Val Metric: 0.9249
Epoch 4/50 - Train Loss: 0.3806 - Train Metric: 0.9100
Epoch 4/50 - Val Metric: 0.9236
Epoch 5/50 - Train Loss: 0.3864 - Train Metric: 0.9070
Epoch 5/50 - Val Metric: 0.9267
Epoch 6/50 - Train Loss: 0.3643 - Train Metric: 0.9179
Epoch 6/50 - Val Metric: 0.9295
Epoch 7/50 - Train Loss: 0.3610 - Train Metric: 0.9195
Epoch 7/50 - Val Metric: 0.9299
Epoch 8/50 - Train Loss: 0.3590 - Train Metric: 0.9204
Epoch 8/50 - Val Metric: 0.9300
Epoch 9/50 - Train Loss: 0.3579 - Train Metric: 0.9207
Epoch 9/50 - Val Metric: 0.9316
Epoch 10/50 - Train Loss: 0.3543 - Train Metric: 0.9223
Epoch 10/50 - Val Metric: 0.9316
Epoch 11/50 - Train Loss: 0.3504 - Train Metric: 0.9242
Epoch 11/50 - Val Metric: 0.9315
Epoch 12/50 - Train Loss: 0.3507 - Train Metric: 0.9241
Epoch 12/50 - Val Metric: 0.9325
Epoch 13/50 - Train Loss: 0.3490 - Train Metric: 0.9248
Epoch 13/50 - Val Metric: 0.9328
Epoch 14/50 - Train Loss: 0.3499 - Train Metric: 0.9245
Epoch 14/50 - Val Metric: 0.9336
Epoch 15/50 - Train Loss: 0.3505 - Train Metric: 0.9242
Epoch 15/50 - Val Metric: 0.9329
Epoch 16/50 - Train Loss: 0.3475 - Train Metric: 0.9255
Epoch 16/50 - Val Metric: 0.9333
Epoch 17/50 - Train Loss: 0.3483 - Train Metric: 0.9251
Epoch 17/50 - Val Metric: 0.9356
Epoch 18/50 - Train Loss: 0.3423 - Train Metric: 0.9276
Epoch 18/50 - Val Metric: 0.9350
Epoch 19/50 - Train Loss: 0.3423 - Train Metric: 0.9278
Epoch 19/50 - Val Metric: 0.9345
Epoch 20/50 - Train Loss: 0.3428 - Train Metric: 0.9275
Epoch 20/50 - Val Metric: 0.9361
Epoch 21/50 - Train Loss: 0.3405 - Train Metric: 0.9284
Epoch 21/50 - Val Metric: 0.9354
Epoch 22/50 - Train Loss: 0.3400 - Train Metric: 0.9288
Epoch 22/50 - Val Metric: 0.9352
Epoch 23/50 - Train Loss: 0.3389 - Train Metric: 0.9292
Epoch 23/50 - Val Metric: 0.9361
Epoch 24/50 - Train Loss: 0.3412 - Train Metric: 0.9282
Epoch 24/50 - Val Metric: 0.9352
Epoch 25/50 - Train Loss: 0.3392 - Train Metric: 0.9289
Epoch 25/50 - Val Metric: 0.9367
Epoch 26/50 - Train Loss: 0.3364 - Train Metric: 0.9301
Epoch 26/50 - Val Metric: 0.9363
Epoch 27/50 - Train Loss: 0.3372 - Train Metric: 0.9298
Epoch 27/50 - Val Metric: 0.9365
Epoch 28/50 - Train Loss: 0.3356 - Train Metric: 0.9306
Epoch 28/50 - Val Metric: 0.9372
Epoch 29/50 - Train Loss: 0.3374 - Train Metric: 0.9298
Epoch 29/50 - Val Metric: 0.9376
Epoch 30/50 - Train Loss: 0.3346 - Train Metric: 0.9309
Epoch 30/50 - Val Metric: 0.9368
Epoch 31/50 - Train Loss: 0.3355 - Train Metric: 0.9305
Epoch 31/50 - Val Metric: 0.9374
Epoch 32/50 - Train Loss: 0.3347 - Train Metric: 0.9309
Epoch 32/50 - Val Metric: 0.9375
Epoch 33/50 - Train Loss: 0.3363 - Train Metric: 0.9302
Epoch 33/50 - Val Metric: 0.9371
Epoch 34/50 - Train Loss: 0.3357 - Train Metric: 0.9304
Epoch 34/50 - Val Metric: 0.9375
Epoch 35/50 - Train Loss: 0.3313 - Train Metric: 0.9322
Epoch 35/50 - Val Metric: 0.9376
Epoch 36/50 - Train Loss: 0.3350 - Train Metric: 0.9307
Epoch 36/50 - Val Metric: 0.9376
Epoch 37/50 - Train Loss: 0.3356 - Train Metric: 0.9304
Epoch 37/50 - Val Metric: 0.9383
Epoch 38/50 - Train Loss: 0.3345 - Train Metric: 0.9310
Epoch 38/50 - Val Metric: 0.9382
Epoch 39/50 - Train Loss: 0.3337 - Train Metric: 0.9313
Epoch 39/50 - Val Metric: 0.9381
Epoch 40/50 - Train Loss: 0.3362 - Train Metric: 0.9301
Epoch 40/50 - Val Metric: 0.9381
Epoch 41/50 - Train Loss: 0.3328 - Train Metric: 0.9316
Epoch 41/50 - Val Metric: 0.9385
Epoch 42/50 - Train Loss: 0.3358 - Train Metric: 0.9304
Epoch 42/50 - Val Metric: 0.9385
Epoch 43/50 - Train Loss: 0.3315 - Train Metric: 0.9322
Epoch 43/50 - Val Metric: 0.9383
Epoch 44/50 - Train Loss: 0.3319 - Train Metric: 0.9320
Epoch 44/50 - Val Metric: 0.9383
Epoch 45/50 - Train Loss: 0.3332 - Train Metric: 0.9316
Epoch 45/50 - Val Metric: 0.9381
Epoch 46/50 - Train Loss: 0.3335 - Train Metric: 0.9314
Epoch 46/50 - Val Metric: 0.9384
Epoch 47/50 - Train Loss: 0.3336 - Train Metric: 0.9313
Epoch 47/50 - Val Metric: 0.9382
Epoch 48/50 - Train Loss: 0.3306 - Train Metric: 0.9326
Epoch 48/50 - Val Metric: 0.9385
Epoch 49/50 - Train Loss: 0.3317 - Train Metric: 0.9322
Epoch 49/50 - Val Metric: 0.9384
Epoch 50/50 - Train Loss: 0.3326 - Train Metric: 0.9318
Epoch 50/50 - Val Metric: 0.9382
Best val: 0.9385, Best test: 0.9380
Training set has 16507 instances
Validation set has 2063 instances
Test set has 2064 instances
Training set has 16507 instances
Validation set has 2063 instances
Test set has 2064 instances
Training set has 16507 instances
Validation set has 2063 instances
Test set has 2064 instances
Training set has 16507 instances
Validation set has 2063 instances
Test set has 2064 instances
Epoch 1/50 - Train Loss: 0.6977 - Train Metric: 0.4951
Epoch 1/50 - Val Metric: 0.8226
Epoch 2/50 - Train Loss: 0.6949 - Train Metric: 0.4996
Epoch 2/50 - Val Metric: 0.8393
Epoch 3/50 - Train Loss: 0.6435 - Train Metric: 0.6959
Epoch 3/50 - Val Metric: 0.8360
Training set has 16507 instances
Validation set has 2063 instances
Test set has 2064 instances
Training set has 16507 instances
Validation set has 2063 instances
Test set has 2064 instances
Training set has 16507 instances
Validation set has 2063 instances
Test set has 2064 instances
Epoch 1/50 - Train Loss: 0.7080 - Train Metric: 0.4996
Epoch 1/50 - Val Metric: 0.8351
Epoch 2/50 - Train Loss: 0.6970 - Train Metric: 0.5050
Epoch 2/50 - Val Metric: 0.8303
Epoch 3/50 - Train Loss: 0.6955 - Train Metric: 0.5024
Epoch 3/50 - Val Metric: 0.8381
Training set has 16507 instances
Validation set has 2063 instances
Test set has 2064 instances
Training set has 16507 instances
Validation set has 2063 instances
Test set has 2064 instances
Training set has 16507 instances
Validation set has 2063 instances
Test set has 2064 instances
Epoch 1/50 - Train Loss: 0.7004 - Train Metric: 0.5296
Epoch 1/50 - Val Metric: 0.8326
Epoch 2/50 - Train Loss: 0.6986 - Train Metric: 0.5447
Epoch 2/50 - Val Metric: 0.7574
Epoch 3/50 - Train Loss: 0.5706 - Train Metric: 0.7681
Epoch 3/50 - Val Metric: 0.8372
Training set has 16507 instances
Validation set has 2063 instances
Test set has 2064 instances
Epoch 1/50 - Train Loss: 0.7000 - Train Metric: 0.4967
Epoch 1/50 - Val Metric: 0.8087
Training set has 16507 instances
Validation set has 2063 instances
Test set has 2064 instances
Epoch 1/50 - Train Loss: 0.7003 - Train Metric: 0.5081
Epoch 1/50 - Val Metric: 0.8163
Epoch 2/50 - Train Loss: 0.6965 - Train Metric: 0.4965
Epoch 2/50 - Val Metric: 0.8134
Training set has 16507 instances
Validation set has 2063 instances
Test set has 2064 instances
Training set has 16507 instances
Validation set has 2063 instances
Test set has 2064 instances
Training set has 16507 instances
Validation set has 2063 instances
Test set has 2064 instances
Epoch 1/50 - Train Loss: 0.7022 - Train Metric: 0.5025
Epoch 1/50 - Val Metric: 0.8106
Epoch 2/50 - Train Loss: 0.6963 - Train Metric: 0.5042
Epoch 2/50 - Val Metric: 0.8370
Epoch 3/50 - Train Loss: 0.6423 - Train Metric: 0.6174
Epoch 3/50 - Val Metric: 0.8497
Epoch 4/50 - Train Loss: 0.4931 - Train Metric: 0.8369
Epoch 4/50 - Val Metric: 0.8643
Epoch 5/50 - Train Loss: 0.4342 - Train Metric: 0.8786
Epoch 5/50 - Val Metric: 0.8999
Epoch 6/50 - Train Loss: 0.3910 - Train Metric: 0.9033
Epoch 6/50 - Val Metric: 0.9235
Epoch 7/50 - Train Loss: 0.3632 - Train Metric: 0.9176
Epoch 7/50 - Val Metric: 0.9275
Epoch 8/50 - Train Loss: 0.3565 - Train Metric: 0.9210
Epoch 8/50 - Val Metric: 0.9264
Epoch 9/50 - Train Loss: 0.3332 - Train Metric: 0.9316
Epoch 9/50 - Val Metric: 0.9391
Epoch 10/50 - Train Loss: 0.3249 - Train Metric: 0.9350
Epoch 10/50 - Val Metric: 0.9402
Epoch 11/50 - Train Loss: 0.3268 - Train Metric: 0.9344
Epoch 11/50 - Val Metric: 0.9354
Epoch 12/50 - Train Loss: 0.3234 - Train Metric: 0.9357
Epoch 12/50 - Val Metric: 0.9320
Epoch 13/50 - Train Loss: 0.3262 - Train Metric: 0.9345
Epoch 13/50 - Val Metric: 0.9421
Epoch 14/50 - Train Loss: 0.3151 - Train Metric: 0.9390
Epoch 14/50 - Val Metric: 0.9388
Epoch 15/50 - Train Loss: 0.3187 - Train Metric: 0.9374
Epoch 15/50 - Val Metric: 0.9351
Epoch 16/50 - Train Loss: 0.3206 - Train Metric: 0.9367
Epoch 16/50 - Val Metric: 0.9409
Epoch 17/50 - Train Loss: 0.3114 - Train Metric: 0.9405
Epoch 17/50 - Val Metric: 0.9442
Epoch 18/50 - Train Loss: 0.3110 - Train Metric: 0.9407
Epoch 18/50 - Val Metric: 0.9355
Epoch 19/50 - Train Loss: 0.3163 - Train Metric: 0.9385
Epoch 19/50 - Val Metric: 0.9445
Epoch 20/50 - Train Loss: 0.3093 - Train Metric: 0.9413
Epoch 20/50 - Val Metric: 0.9459
Epoch 21/50 - Train Loss: 0.3056 - Train Metric: 0.9426
Epoch 21/50 - Val Metric: 0.9489
Epoch 22/50 - Train Loss: 0.3005 - Train Metric: 0.9445
Epoch 22/50 - Val Metric: 0.9462
Epoch 23/50 - Train Loss: 0.3019 - Train Metric: 0.9440
Epoch 23/50 - Val Metric: 0.9466
Epoch 24/50 - Train Loss: 0.3015 - Train Metric: 0.9443
Epoch 24/50 - Val Metric: 0.9462
Epoch 25/50 - Train Loss: 0.2954 - Train Metric: 0.9463
Epoch 25/50 - Val Metric: 0.9463
Epoch 26/50 - Train Loss: 0.2981 - Train Metric: 0.9454
Epoch 26/50 - Val Metric: 0.9412
Epoch 27/50 - Train Loss: 0.2994 - Train Metric: 0.9450
Epoch 27/50 - Val Metric: 0.9421
Epoch 28/50 - Train Loss: 0.2989 - Train Metric: 0.9451
Epoch 28/50 - Val Metric: 0.9463
Epoch 29/50 - Train Loss: 0.2956 - Train Metric: 0.9463
Epoch 29/50 - Val Metric: 0.9419
Epoch 30/50 - Train Loss: 0.3059 - Train Metric: 0.9424
Epoch 30/50 - Val Metric: 0.9467
Epoch 31/50 - Train Loss: 0.2999 - Train Metric: 0.9447
Epoch 31/50 - Val Metric: 0.9474
Epoch 32/50 - Train Loss: 0.2973 - Train Metric: 0.9458
Epoch 32/50 - Val Metric: 0.9438
Epoch 33/50 - Train Loss: 0.2962 - Train Metric: 0.9462
Epoch 33/50 - Val Metric: 0.9403
Epoch 34/50 - Train Loss: 0.3010 - Train Metric: 0.9443
Epoch 34/50 - Val Metric: 0.9476
Epoch 35/50 - Train Loss: 0.2951 - Train Metric: 0.9465
Epoch 35/50 - Val Metric: 0.9473
Epoch 36/50 - Train Loss: 0.2941 - Train Metric: 0.9468
Epoch 36/50 - Val Metric: 0.9506
Epoch 37/50 - Train Loss: 0.3034 - Train Metric: 0.9432
Epoch 37/50 - Val Metric: 0.9487
Epoch 38/50 - Train Loss: 0.2968 - Train Metric: 0.9460
Epoch 38/50 - Val Metric: 0.9510
Epoch 39/50 - Train Loss: 0.2899 - Train Metric: 0.9483
Epoch 39/50 - Val Metric: 0.9473
Epoch 40/50 - Train Loss: 0.2868 - Train Metric: 0.9495
Epoch 40/50 - Val Metric: 0.9514
Epoch 41/50 - Train Loss: 0.2896 - Train Metric: 0.9483
Epoch 41/50 - Val Metric: 0.9461
Epoch 42/50 - Train Loss: 0.3015 - Train Metric: 0.9442
Epoch 42/50 - Val Metric: 0.9492
Epoch 43/50 - Train Loss: 0.2904 - Train Metric: 0.9484
Epoch 43/50 - Val Metric: 0.9528
Epoch 44/50 - Train Loss: 0.2842 - Train Metric: 0.9504
Epoch 44/50 - Val Metric: 0.9529
Epoch 45/50 - Train Loss: 0.2877 - Train Metric: 0.9492
Epoch 45/50 - Val Metric: 0.9529
Epoch 46/50 - Train Loss: 0.2804 - Train Metric: 0.9518
Epoch 46/50 - Val Metric: 0.9508
Epoch 47/50 - Train Loss: 0.2867 - Train Metric: 0.9494
Epoch 47/50 - Val Metric: 0.9493
Epoch 48/50 - Train Loss: 0.2937 - Train Metric: 0.9471
Epoch 48/50 - Val Metric: 0.9513
Epoch 49/50 - Train Loss: 0.2862 - Train Metric: 0.9498
Epoch 49/50 - Val Metric: 0.9470
Epoch 50/50 - Train Loss: 0.2887 - Train Metric: 0.9488
Epoch 50/50 - Val Metric: 0.9491
Best val: 0.9529, Best test: 0.9505
Hyper-parameter search done. Found the best config.
Repeat experiments 5 times with the best train config {'batch_size': 256, 'gamma_rate': 0.9, 'base_lr': 0.001} and model config {'num_heads': 8, 'num_layers': 4, 'num_latents': 4, 'hidden_dim': 128, 'mlp_ratio': 0.25, 'dropout_prob': 0, 'top_k': 5}.
Training set has 16507 instances
Validation set has 2063 instances
Test set has 2064 instances
Epoch 1/50 - Train Loss: 0.7068 - Train Metric: 0.5074
Epoch 1/50 - Val Metric: 0.7379
Epoch 2/50 - Train Loss: 0.6970 - Train Metric: 0.5076
Epoch 2/50 - Val Metric: 0.7601
Epoch 3/50 - Train Loss: 0.6968 - Train Metric: 0.5040
Epoch 3/50 - Val Metric: 0.7960
Epoch 4/50 - Train Loss: 0.6940 - Train Metric: 0.5079
Epoch 4/50 - Val Metric: 0.8186
Epoch 5/50 - Train Loss: 0.6939 - Train Metric: 0.5035
Epoch 5/50 - Val Metric: 0.8412
Epoch 6/50 - Train Loss: 0.6953 - Train Metric: 0.5364
Epoch 6/50 - Val Metric: 0.8379
Epoch 7/50 - Train Loss: 0.6947 - Train Metric: 0.4975
Epoch 7/50 - Val Metric: 0.8388
Epoch 8/50 - Train Loss: 0.6886 - Train Metric: 0.5813
Epoch 8/50 - Val Metric: 0.8372
Epoch 9/50 - Train Loss: 0.5610 - Train Metric: 0.7778
Epoch 9/50 - Val Metric: 0.8390
Epoch 10/50 - Train Loss: 0.4899 - Train Metric: 0.8408
Epoch 10/50 - Val Metric: 0.8564
Epoch 11/50 - Train Loss: 0.4690 - Train Metric: 0.8542
Epoch 11/50 - Val Metric: 0.8792
Epoch 12/50 - Train Loss: 0.4347 - Train Metric: 0.8778
Epoch 12/50 - Val Metric: 0.9049
Epoch 13/50 - Train Loss: 0.4106 - Train Metric: 0.8929
Epoch 13/50 - Val Metric: 0.9109
Epoch 14/50 - Train Loss: 0.3950 - Train Metric: 0.9017
Epoch 14/50 - Val Metric: 0.9148
Epoch 15/50 - Train Loss: 0.3959 - Train Metric: 0.9011
Epoch 15/50 - Val Metric: 0.9187
Epoch 16/50 - Train Loss: 0.3745 - Train Metric: 0.9125
Epoch 16/50 - Val Metric: 0.9237
Epoch 17/50 - Train Loss: 0.3640 - Train Metric: 0.9176
Epoch 17/50 - Val Metric: 0.9282
Epoch 18/50 - Train Loss: 0.3536 - Train Metric: 0.9223
Epoch 18/50 - Val Metric: 0.9304
Epoch 19/50 - Train Loss: 0.3463 - Train Metric: 0.9256
Epoch 19/50 - Val Metric: 0.9331
Epoch 20/50 - Train Loss: 0.3437 - Train Metric: 0.9268
Epoch 20/50 - Val Metric: 0.9355
Epoch 21/50 - Train Loss: 0.3364 - Train Metric: 0.9300
Epoch 21/50 - Val Metric: 0.9362
Epoch 22/50 - Train Loss: 0.3395 - Train Metric: 0.9285
Epoch 22/50 - Val Metric: 0.9369
Epoch 23/50 - Train Loss: 0.3325 - Train Metric: 0.9315
Epoch 23/50 - Val Metric: 0.9366
Epoch 24/50 - Train Loss: 0.3284 - Train Metric: 0.9333
Epoch 24/50 - Val Metric: 0.9382
Epoch 25/50 - Train Loss: 0.3291 - Train Metric: 0.9331
Epoch 25/50 - Val Metric: 0.9380
Epoch 26/50 - Train Loss: 0.3307 - Train Metric: 0.9324
Epoch 26/50 - Val Metric: 0.9386
Epoch 27/50 - Train Loss: 0.3275 - Train Metric: 0.9336
Epoch 27/50 - Val Metric: 0.9398
Epoch 28/50 - Train Loss: 0.3290 - Train Metric: 0.9331
Epoch 28/50 - Val Metric: 0.9399
Epoch 29/50 - Train Loss: 0.3242 - Train Metric: 0.9352
Epoch 29/50 - Val Metric: 0.9401
Epoch 30/50 - Train Loss: 0.3240 - Train Metric: 0.9352
Epoch 30/50 - Val Metric: 0.9398
Epoch 31/50 - Train Loss: 0.3249 - Train Metric: 0.9348
Epoch 31/50 - Val Metric: 0.9404
Epoch 32/50 - Train Loss: 0.3202 - Train Metric: 0.9367
Epoch 32/50 - Val Metric: 0.9403
Epoch 33/50 - Train Loss: 0.3231 - Train Metric: 0.9355
Epoch 33/50 - Val Metric: 0.9412
Epoch 34/50 - Train Loss: 0.3227 - Train Metric: 0.9358
Epoch 34/50 - Val Metric: 0.9415
Epoch 35/50 - Train Loss: 0.3208 - Train Metric: 0.9365
Epoch 35/50 - Val Metric: 0.9415
Epoch 36/50 - Train Loss: 0.3202 - Train Metric: 0.9368
Epoch 36/50 - Val Metric: 0.9412
Epoch 37/50 - Train Loss: 0.3195 - Train Metric: 0.9370
Epoch 37/50 - Val Metric: 0.9418
Epoch 38/50 - Train Loss: 0.3193 - Train Metric: 0.9370
Epoch 38/50 - Val Metric: 0.9420
Epoch 39/50 - Train Loss: 0.3181 - Train Metric: 0.9376
Epoch 39/50 - Val Metric: 0.9416
Epoch 40/50 - Train Loss: 0.3180 - Train Metric: 0.9376
Epoch 40/50 - Val Metric: 0.9419
Epoch 41/50 - Train Loss: 0.3187 - Train Metric: 0.9373
Epoch 41/50 - Val Metric: 0.9420
Epoch 42/50 - Train Loss: 0.3181 - Train Metric: 0.9376
Epoch 42/50 - Val Metric: 0.9423
Epoch 43/50 - Train Loss: 0.3175 - Train Metric: 0.9379
Epoch 43/50 - Val Metric: 0.9421
Epoch 44/50 - Train Loss: 0.3171 - Train Metric: 0.9380
Epoch 44/50 - Val Metric: 0.9421
Epoch 45/50 - Train Loss: 0.3169 - Train Metric: 0.9381
Epoch 45/50 - Val Metric: 0.9420
Epoch 46/50 - Train Loss: 0.3164 - Train Metric: 0.9383
Epoch 46/50 - Val Metric: 0.9423
Epoch 47/50 - Train Loss: 0.3164 - Train Metric: 0.9382
Epoch 47/50 - Val Metric: 0.9424
Epoch 48/50 - Train Loss: 0.3160 - Train Metric: 0.9383
Epoch 48/50 - Val Metric: 0.9422
Epoch 49/50 - Train Loss: 0.3162 - Train Metric: 0.9383
Epoch 49/50 - Val Metric: 0.9423
Epoch 50/50 - Train Loss: 0.3168 - Train Metric: 0.9381
Epoch 50/50 - Val Metric: 0.9422
Best val: 0.9424, Best test: 0.9396
Training set has 16507 instances
Validation set has 2063 instances
Test set has 2064 instances
Epoch 1/50 - Train Loss: 0.7028 - Train Metric: 0.4965
Epoch 1/50 - Val Metric: 0.8516
Epoch 2/50 - Train Loss: 0.6948 - Train Metric: 0.5040
Epoch 2/50 - Val Metric: 0.8474
Epoch 3/50 - Train Loss: 0.6956 - Train Metric: 0.5132
Epoch 3/50 - Val Metric: 0.8523
Epoch 4/50 - Train Loss: 0.6945 - Train Metric: 0.5173
Epoch 4/50 - Val Metric: 0.8342
Epoch 5/50 - Train Loss: 0.6041 - Train Metric: 0.7072
Epoch 5/50 - Val Metric: 0.8321
Epoch 6/50 - Train Loss: 0.4872 - Train Metric: 0.8404
Epoch 6/50 - Val Metric: 0.8603
Epoch 7/50 - Train Loss: 0.4397 - Train Metric: 0.8745
Epoch 7/50 - Val Metric: 0.9091
Epoch 8/50 - Train Loss: 0.4029 - Train Metric: 0.8964
Epoch 8/50 - Val Metric: 0.9117
Epoch 9/50 - Train Loss: 0.3894 - Train Metric: 0.9039
Epoch 9/50 - Val Metric: 0.9190
Epoch 10/50 - Train Loss: 0.3910 - Train Metric: 0.9029
Epoch 10/50 - Val Metric: 0.9110
Epoch 11/50 - Train Loss: 0.3824 - Train Metric: 0.9076
Epoch 11/50 - Val Metric: 0.9193
Epoch 12/50 - Train Loss: 0.3731 - Train Metric: 0.9119
Epoch 12/50 - Val Metric: 0.9199
Epoch 13/50 - Train Loss: 0.3722 - Train Metric: 0.9125
Epoch 13/50 - Val Metric: 0.9229
Epoch 14/50 - Train Loss: 0.3693 - Train Metric: 0.9135
Epoch 14/50 - Val Metric: 0.9246
Epoch 15/50 - Train Loss: 0.3661 - Train Metric: 0.9150
Epoch 15/50 - Val Metric: 0.9200
Epoch 16/50 - Train Loss: 0.3645 - Train Metric: 0.9159
Epoch 16/50 - Val Metric: 0.9249
Epoch 17/50 - Train Loss: 0.3589 - Train Metric: 0.9189
Epoch 17/50 - Val Metric: 0.9251
Epoch 18/50 - Train Loss: 0.3607 - Train Metric: 0.9178
Epoch 18/50 - Val Metric: 0.9262
Epoch 19/50 - Train Loss: 0.3600 - Train Metric: 0.9184
Epoch 19/50 - Val Metric: 0.9270
Epoch 20/50 - Train Loss: 0.3548 - Train Metric: 0.9205
Epoch 20/50 - Val Metric: 0.9294
Epoch 21/50 - Train Loss: 0.3507 - Train Metric: 0.9227
Epoch 21/50 - Val Metric: 0.9285
Epoch 22/50 - Train Loss: 0.3482 - Train Metric: 0.9237
Epoch 22/50 - Val Metric: 0.9303
Epoch 23/50 - Train Loss: 0.3485 - Train Metric: 0.9236
Epoch 23/50 - Val Metric: 0.9297
Epoch 24/50 - Train Loss: 0.3473 - Train Metric: 0.9241
Epoch 24/50 - Val Metric: 0.9318
Epoch 25/50 - Train Loss: 0.3438 - Train Metric: 0.9258
Epoch 25/50 - Val Metric: 0.9306
Epoch 26/50 - Train Loss: 0.3407 - Train Metric: 0.9272
Epoch 26/50 - Val Metric: 0.9315
Epoch 27/50 - Train Loss: 0.3406 - Train Metric: 0.9272
Epoch 27/50 - Val Metric: 0.9320
Epoch 28/50 - Train Loss: 0.3416 - Train Metric: 0.9268
Epoch 28/50 - Val Metric: 0.9328
Epoch 29/50 - Train Loss: 0.3344 - Train Metric: 0.9301
Epoch 29/50 - Val Metric: 0.9345
Epoch 30/50 - Train Loss: 0.3324 - Train Metric: 0.9310
Epoch 30/50 - Val Metric: 0.9363
Epoch 31/50 - Train Loss: 0.3305 - Train Metric: 0.9319
Epoch 31/50 - Val Metric: 0.9333
Epoch 32/50 - Train Loss: 0.3243 - Train Metric: 0.9346
Epoch 32/50 - Val Metric: 0.9380
Epoch 33/50 - Train Loss: 0.3235 - Train Metric: 0.9350
Epoch 33/50 - Val Metric: 0.9394
Epoch 34/50 - Train Loss: 0.3158 - Train Metric: 0.9383
Epoch 34/50 - Val Metric: 0.9426
Epoch 35/50 - Train Loss: 0.3104 - Train Metric: 0.9406
Epoch 35/50 - Val Metric: 0.9425
Epoch 36/50 - Train Loss: 0.3064 - Train Metric: 0.9422
Epoch 36/50 - Val Metric: 0.9454
Epoch 37/50 - Train Loss: 0.3021 - Train Metric: 0.9438
Epoch 37/50 - Val Metric: 0.9476
Epoch 38/50 - Train Loss: 0.2958 - Train Metric: 0.9463
Epoch 38/50 - Val Metric: 0.9498
Epoch 39/50 - Train Loss: 0.2906 - Train Metric: 0.9482
Epoch 39/50 - Val Metric: 0.9494
Epoch 40/50 - Train Loss: 0.2879 - Train Metric: 0.9492
Epoch 40/50 - Val Metric: 0.9500
Epoch 41/50 - Train Loss: 0.2839 - Train Metric: 0.9507
Epoch 41/50 - Val Metric: 0.9513
Epoch 42/50 - Train Loss: 0.2816 - Train Metric: 0.9515
Epoch 42/50 - Val Metric: 0.9531
Epoch 43/50 - Train Loss: 0.2783 - Train Metric: 0.9527
Epoch 43/50 - Val Metric: 0.9522
Epoch 44/50 - Train Loss: 0.2780 - Train Metric: 0.9528
Epoch 44/50 - Val Metric: 0.9534
Epoch 45/50 - Train Loss: 0.2784 - Train Metric: 0.9526
Epoch 45/50 - Val Metric: 0.9539
Epoch 46/50 - Train Loss: 0.2749 - Train Metric: 0.9538
Epoch 46/50 - Val Metric: 0.9533
Epoch 47/50 - Train Loss: 0.2742 - Train Metric: 0.9540
Epoch 47/50 - Val Metric: 0.9545
Epoch 48/50 - Train Loss: 0.2731 - Train Metric: 0.9544
Epoch 48/50 - Val Metric: 0.9551
Epoch 49/50 - Train Loss: 0.2724 - Train Metric: 0.9547
Epoch 49/50 - Val Metric: 0.9538
Epoch 50/50 - Train Loss: 0.2723 - Train Metric: 0.9546
Epoch 50/50 - Val Metric: 0.9550
Best val: 0.9551, Best test: 0.9524
Training set has 16507 instances
Validation set has 2063 instances
Test set has 2064 instances
Epoch 1/50 - Train Loss: 0.7102 - Train Metric: 0.4990
Epoch 1/50 - Val Metric: 0.6775
Epoch 2/50 - Train Loss: 0.6951 - Train Metric: 0.4987
Epoch 2/50 - Val Metric: 0.7147
Epoch 3/50 - Train Loss: 0.6941 - Train Metric: 0.5015
Epoch 3/50 - Val Metric: 0.7372
Epoch 4/50 - Train Loss: 0.6938 - Train Metric: 0.4989
Epoch 4/50 - Val Metric: 0.7391
Epoch 5/50 - Train Loss: 0.6945 - Train Metric: 0.5042
Epoch 5/50 - Val Metric: 0.7584
Epoch 6/50 - Train Loss: 0.6940 - Train Metric: 0.5179
Epoch 6/50 - Val Metric: 0.8081
Epoch 7/50 - Train Loss: 0.6501 - Train Metric: 0.6440
Epoch 7/50 - Val Metric: 0.8430
Epoch 8/50 - Train Loss: 0.5163 - Train Metric: 0.8171
Epoch 8/50 - Val Metric: 0.8535
Epoch 9/50 - Train Loss: 0.4716 - Train Metric: 0.8509
Epoch 9/50 - Val Metric: 0.8671
Epoch 10/50 - Train Loss: 0.4337 - Train Metric: 0.8781
Epoch 10/50 - Val Metric: 0.9105
Epoch 11/50 - Train Loss: 0.3940 - Train Metric: 0.9018
Epoch 11/50 - Val Metric: 0.9189
Epoch 12/50 - Train Loss: 0.3741 - Train Metric: 0.9127
Epoch 12/50 - Val Metric: 0.9288
Epoch 13/50 - Train Loss: 0.3557 - Train Metric: 0.9217
Epoch 13/50 - Val Metric: 0.9319
Epoch 14/50 - Train Loss: 0.3482 - Train Metric: 0.9250
Epoch 14/50 - Val Metric: 0.9341
Epoch 15/50 - Train Loss: 0.3348 - Train Metric: 0.9309
Epoch 15/50 - Val Metric: 0.9342
Epoch 16/50 - Train Loss: 0.3358 - Train Metric: 0.9304
Epoch 16/50 - Val Metric: 0.9373
Epoch 17/50 - Train Loss: 0.3238 - Train Metric: 0.9354
Epoch 17/50 - Val Metric: 0.9374
Epoch 18/50 - Train Loss: 0.3194 - Train Metric: 0.9372
Epoch 18/50 - Val Metric: 0.9387
Epoch 19/50 - Train Loss: 0.3204 - Train Metric: 0.9369
Epoch 19/50 - Val Metric: 0.9393
Epoch 20/50 - Train Loss: 0.3163 - Train Metric: 0.9384
Epoch 20/50 - Val Metric: 0.9361
Epoch 21/50 - Train Loss: 0.3117 - Train Metric: 0.9403
Epoch 21/50 - Val Metric: 0.9395
Epoch 22/50 - Train Loss: 0.3090 - Train Metric: 0.9413
Epoch 22/50 - Val Metric: 0.9412
Epoch 23/50 - Train Loss: 0.3020 - Train Metric: 0.9440
Epoch 23/50 - Val Metric: 0.9427
Epoch 24/50 - Train Loss: 0.3026 - Train Metric: 0.9437
Epoch 24/50 - Val Metric: 0.9394
Epoch 25/50 - Train Loss: 0.3021 - Train Metric: 0.9439
Epoch 25/50 - Val Metric: 0.9428
Epoch 26/50 - Train Loss: 0.2962 - Train Metric: 0.9460
Epoch 26/50 - Val Metric: 0.9446
Epoch 27/50 - Train Loss: 0.2921 - Train Metric: 0.9475
Epoch 27/50 - Val Metric: 0.9451
Epoch 28/50 - Train Loss: 0.2894 - Train Metric: 0.9485
Epoch 28/50 - Val Metric: 0.9455
Epoch 29/50 - Train Loss: 0.2873 - Train Metric: 0.9492
Epoch 29/50 - Val Metric: 0.9413
Epoch 30/50 - Train Loss: 0.2885 - Train Metric: 0.9488
Epoch 30/50 - Val Metric: 0.9459
Epoch 31/50 - Train Loss: 0.2858 - Train Metric: 0.9497
Epoch 31/50 - Val Metric: 0.9467
Epoch 32/50 - Train Loss: 0.2845 - Train Metric: 0.9502
Epoch 32/50 - Val Metric: 0.9438
Epoch 33/50 - Train Loss: 0.2857 - Train Metric: 0.9498
Epoch 33/50 - Val Metric: 0.9470
Epoch 34/50 - Train Loss: 0.2795 - Train Metric: 0.9519
Epoch 34/50 - Val Metric: 0.9460
Epoch 35/50 - Train Loss: 0.2796 - Train Metric: 0.9519
Epoch 35/50 - Val Metric: 0.9475
Epoch 36/50 - Train Loss: 0.2765 - Train Metric: 0.9529
Epoch 36/50 - Val Metric: 0.9482
Epoch 37/50 - Train Loss: 0.2781 - Train Metric: 0.9524
Epoch 37/50 - Val Metric: 0.9478
Epoch 38/50 - Train Loss: 0.2779 - Train Metric: 0.9524
Epoch 38/50 - Val Metric: 0.9481
Epoch 39/50 - Train Loss: 0.2748 - Train Metric: 0.9536
Epoch 39/50 - Val Metric: 0.9482
Epoch 40/50 - Train Loss: 0.2750 - Train Metric: 0.9535
Epoch 40/50 - Val Metric: 0.9482
Epoch 41/50 - Train Loss: 0.2750 - Train Metric: 0.9534
Epoch 41/50 - Val Metric: 0.9490
Epoch 42/50 - Train Loss: 0.2742 - Train Metric: 0.9537
Epoch 42/50 - Val Metric: 0.9488
Epoch 43/50 - Train Loss: 0.2738 - Train Metric: 0.9539
Epoch 43/50 - Val Metric: 0.9492
Epoch 44/50 - Train Loss: 0.2733 - Train Metric: 0.9540
Epoch 44/50 - Val Metric: 0.9489
Epoch 45/50 - Train Loss: 0.2717 - Train Metric: 0.9545
Epoch 45/50 - Val Metric: 0.9493
Epoch 46/50 - Train Loss: 0.2724 - Train Metric: 0.9543
Epoch 46/50 - Val Metric: 0.9491
Epoch 47/50 - Train Loss: 0.2716 - Train Metric: 0.9545
Epoch 47/50 - Val Metric: 0.9488
Epoch 48/50 - Train Loss: 0.2712 - Train Metric: 0.9547
Epoch 48/50 - Val Metric: 0.9489
Epoch 49/50 - Train Loss: 0.2722 - Train Metric: 0.9543
Epoch 49/50 - Val Metric: 0.9494
Epoch 50/50 - Train Loss: 0.2708 - Train Metric: 0.9548
Epoch 50/50 - Val Metric: 0.9492
Best val: 0.9494, Best test: 0.9513
Training set has 16507 instances
Validation set has 2063 instances
Test set has 2064 instances
Epoch 1/50 - Train Loss: 0.7022 - Train Metric: 0.5066
Epoch 1/50 - Val Metric: 0.6912
Epoch 2/50 - Train Loss: 0.6954 - Train Metric: 0.5057
Epoch 2/50 - Val Metric: 0.7495
Epoch 3/50 - Train Loss: 0.6940 - Train Metric: 0.5027
Epoch 3/50 - Val Metric: 0.7514
Epoch 4/50 - Train Loss: 0.6943 - Train Metric: 0.5006
Epoch 4/50 - Val Metric: 0.7786
Epoch 5/50 - Train Loss: 0.6936 - Train Metric: 0.5096
Epoch 5/50 - Val Metric: 0.8446
Epoch 6/50 - Train Loss: 0.6415 - Train Metric: 0.6683
Epoch 6/50 - Val Metric: 0.8311
Epoch 7/50 - Train Loss: 0.4862 - Train Metric: 0.8414
Epoch 7/50 - Val Metric: 0.8521
Epoch 8/50 - Train Loss: 0.4513 - Train Metric: 0.8661
Epoch 8/50 - Val Metric: 0.8899
Epoch 9/50 - Train Loss: 0.3971 - Train Metric: 0.9006
Epoch 9/50 - Val Metric: 0.9126
Epoch 10/50 - Train Loss: 0.3595 - Train Metric: 0.9196
Epoch 10/50 - Val Metric: 0.9152
Epoch 11/50 - Train Loss: 0.3380 - Train Metric: 0.9294
Epoch 11/50 - Val Metric: 0.9344
Epoch 12/50 - Train Loss: 0.3296 - Train Metric: 0.9330
Epoch 12/50 - Val Metric: 0.9336
Epoch 13/50 - Train Loss: 0.3176 - Train Metric: 0.9378
Epoch 13/50 - Val Metric: 0.9377
Epoch 14/50 - Train Loss: 0.3150 - Train Metric: 0.9388
Epoch 14/50 - Val Metric: 0.9403
Epoch 15/50 - Train Loss: 0.3039 - Train Metric: 0.9432
Epoch 15/50 - Val Metric: 0.9389
Epoch 16/50 - Train Loss: 0.3011 - Train Metric: 0.9442
Epoch 16/50 - Val Metric: 0.9415
Epoch 17/50 - Train Loss: 0.2968 - Train Metric: 0.9460
Epoch 17/50 - Val Metric: 0.9445
Epoch 18/50 - Train Loss: 0.2942 - Train Metric: 0.9469
Epoch 18/50 - Val Metric: 0.9447
Epoch 19/50 - Train Loss: 0.2876 - Train Metric: 0.9492
Epoch 19/50 - Val Metric: 0.9448
Epoch 20/50 - Train Loss: 0.2854 - Train Metric: 0.9500
Epoch 20/50 - Val Metric: 0.9447
Epoch 21/50 - Train Loss: 0.2917 - Train Metric: 0.9477
Epoch 21/50 - Val Metric: 0.9442
Epoch 22/50 - Train Loss: 0.2826 - Train Metric: 0.9510
Epoch 22/50 - Val Metric: 0.9480
Epoch 23/50 - Train Loss: 0.2818 - Train Metric: 0.9512
Epoch 23/50 - Val Metric: 0.9490
Epoch 24/50 - Train Loss: 0.2780 - Train Metric: 0.9526
Epoch 24/50 - Val Metric: 0.9489
Epoch 25/50 - Train Loss: 0.2782 - Train Metric: 0.9526
Epoch 25/50 - Val Metric: 0.9499
Epoch 26/50 - Train Loss: 0.2745 - Train Metric: 0.9538
Epoch 26/50 - Val Metric: 0.9498
Epoch 27/50 - Train Loss: 0.2735 - Train Metric: 0.9542
Epoch 27/50 - Val Metric: 0.9502
Epoch 28/50 - Train Loss: 0.2713 - Train Metric: 0.9549
Epoch 28/50 - Val Metric: 0.9508
Epoch 29/50 - Train Loss: 0.2689 - Train Metric: 0.9558
Epoch 29/50 - Val Metric: 0.9513
Epoch 30/50 - Train Loss: 0.2688 - Train Metric: 0.9556
Epoch 30/50 - Val Metric: 0.9511
Epoch 31/50 - Train Loss: 0.2679 - Train Metric: 0.9560
Epoch 31/50 - Val Metric: 0.9515
Epoch 32/50 - Train Loss: 0.2651 - Train Metric: 0.9569
Epoch 32/50 - Val Metric: 0.9517
Epoch 33/50 - Train Loss: 0.2649 - Train Metric: 0.9570
Epoch 33/50 - Val Metric: 0.9515
Epoch 34/50 - Train Loss: 0.2645 - Train Metric: 0.9571
Epoch 34/50 - Val Metric: 0.9519
Epoch 35/50 - Train Loss: 0.2635 - Train Metric: 0.9575
Epoch 35/50 - Val Metric: 0.9521
Epoch 36/50 - Train Loss: 0.2638 - Train Metric: 0.9574
Epoch 36/50 - Val Metric: 0.9518
Epoch 37/50 - Train Loss: 0.2628 - Train Metric: 0.9576
Epoch 37/50 - Val Metric: 0.9525
Epoch 38/50 - Train Loss: 0.2626 - Train Metric: 0.9577
Epoch 38/50 - Val Metric: 0.9519
Epoch 39/50 - Train Loss: 0.2604 - Train Metric: 0.9584
Epoch 39/50 - Val Metric: 0.9526
Epoch 40/50 - Train Loss: 0.2601 - Train Metric: 0.9585
Epoch 40/50 - Val Metric: 0.9527
Epoch 41/50 - Train Loss: 0.2597 - Train Metric: 0.9587
Epoch 41/50 - Val Metric: 0.9524
Epoch 42/50 - Train Loss: 0.2586 - Train Metric: 0.9590
Epoch 42/50 - Val Metric: 0.9522
Epoch 43/50 - Train Loss: 0.2590 - Train Metric: 0.9588
Epoch 43/50 - Val Metric: 0.9522
Epoch 44/50 - Train Loss: 0.2586 - Train Metric: 0.9590
Epoch 44/50 - Val Metric: 0.9528
Epoch 45/50 - Train Loss: 0.2580 - Train Metric: 0.9592
Epoch 45/50 - Val Metric: 0.9528
Epoch 46/50 - Train Loss: 0.2578 - Train Metric: 0.9593
Epoch 46/50 - Val Metric: 0.9532
Epoch 47/50 - Train Loss: 0.2575 - Train Metric: 0.9593
Epoch 47/50 - Val Metric: 0.9531
Epoch 48/50 - Train Loss: 0.2567 - Train Metric: 0.9596
Epoch 48/50 - Val Metric: 0.9531
Epoch 49/50 - Train Loss: 0.2574 - Train Metric: 0.9594
Epoch 49/50 - Val Metric: 0.9531
Epoch 50/50 - Train Loss: 0.2560 - Train Metric: 0.9598
Epoch 50/50 - Val Metric: 0.9528
Best val: 0.9532, Best test: 0.9574
Training set has 16507 instances
Validation set has 2063 instances
Test set has 2064 instances
Epoch 1/50 - Train Loss: 0.7052 - Train Metric: 0.5059
Epoch 1/50 - Val Metric: 0.7990
Epoch 2/50 - Train Loss: 0.6945 - Train Metric: 0.5092
Epoch 2/50 - Val Metric: 0.7972
Epoch 3/50 - Train Loss: 0.6937 - Train Metric: 0.5071
Epoch 3/50 - Val Metric: 0.8346
Epoch 4/50 - Train Loss: 0.6355 - Train Metric: 0.6222
Epoch 4/50 - Val Metric: 0.8460
Epoch 5/50 - Train Loss: 0.5027 - Train Metric: 0.8305
Epoch 5/50 - Val Metric: 0.8661
Epoch 6/50 - Train Loss: 0.4271 - Train Metric: 0.8823
Epoch 6/50 - Val Metric: 0.8945
Epoch 7/50 - Train Loss: 0.3994 - Train Metric: 0.8988
Epoch 7/50 - Val Metric: 0.9046
Epoch 8/50 - Train Loss: 0.3746 - Train Metric: 0.9124
Epoch 8/50 - Val Metric: 0.9193
Epoch 9/50 - Train Loss: 0.3659 - Train Metric: 0.9168
Epoch 9/50 - Val Metric: 0.9213
Epoch 10/50 - Train Loss: 0.3349 - Train Metric: 0.9308
Epoch 10/50 - Val Metric: 0.9265
Epoch 11/50 - Train Loss: 0.3277 - Train Metric: 0.9337
Epoch 11/50 - Val Metric: 0.9203
Epoch 12/50 - Train Loss: 0.3301 - Train Metric: 0.9330
Epoch 12/50 - Val Metric: 0.9299
Epoch 13/50 - Train Loss: 0.3201 - Train Metric: 0.9370
Epoch 13/50 - Val Metric: 0.9326
Epoch 14/50 - Train Loss: 0.3131 - Train Metric: 0.9398
Epoch 14/50 - Val Metric: 0.9333
Epoch 15/50 - Train Loss: 0.3121 - Train Metric: 0.9402
Epoch 15/50 - Val Metric: 0.9336
Epoch 16/50 - Train Loss: 0.3063 - Train Metric: 0.9423
Epoch 16/50 - Val Metric: 0.9350
Epoch 17/50 - Train Loss: 0.3039 - Train Metric: 0.9432
Epoch 17/50 - Val Metric: 0.9317
Epoch 18/50 - Train Loss: 0.3081 - Train Metric: 0.9417
Epoch 18/50 - Val Metric: 0.9345
Epoch 19/50 - Train Loss: 0.3033 - Train Metric: 0.9435
Epoch 19/50 - Val Metric: 0.9356
Epoch 20/50 - Train Loss: 0.3006 - Train Metric: 0.9445
Epoch 20/50 - Val Metric: 0.9350
Epoch 21/50 - Train Loss: 0.2952 - Train Metric: 0.9465
Epoch 21/50 - Val Metric: 0.9376
Epoch 22/50 - Train Loss: 0.2917 - Train Metric: 0.9478
Epoch 22/50 - Val Metric: 0.9384
Epoch 23/50 - Train Loss: 0.2906 - Train Metric: 0.9482
Epoch 23/50 - Val Metric: 0.9366
Epoch 24/50 - Train Loss: 0.2897 - Train Metric: 0.9485
Epoch 24/50 - Val Metric: 0.9388
Epoch 25/50 - Train Loss: 0.2889 - Train Metric: 0.9488
Epoch 25/50 - Val Metric: 0.9380
Epoch 26/50 - Train Loss: 0.2862 - Train Metric: 0.9497
Epoch 26/50 - Val Metric: 0.9402
Epoch 27/50 - Train Loss: 0.2846 - Train Metric: 0.9503
Epoch 27/50 - Val Metric: 0.9389
Epoch 28/50 - Train Loss: 0.2829 - Train Metric: 0.9508
Epoch 28/50 - Val Metric: 0.9396
Epoch 29/50 - Train Loss: 0.2827 - Train Metric: 0.9509
Epoch 29/50 - Val Metric: 0.9408
Epoch 30/50 - Train Loss: 0.2808 - Train Metric: 0.9517
Epoch 30/50 - Val Metric: 0.9409
Epoch 31/50 - Train Loss: 0.2800 - Train Metric: 0.9518
Epoch 31/50 - Val Metric: 0.9377
Epoch 32/50 - Train Loss: 0.2788 - Train Metric: 0.9522
Epoch 32/50 - Val Metric: 0.9417
Epoch 33/50 - Train Loss: 0.2762 - Train Metric: 0.9532
Epoch 33/50 - Val Metric: 0.9410
Epoch 34/50 - Train Loss: 0.2766 - Train Metric: 0.9530
Epoch 34/50 - Val Metric: 0.9422
Epoch 35/50 - Train Loss: 0.2749 - Train Metric: 0.9537
Epoch 35/50 - Val Metric: 0.9406
Epoch 36/50 - Train Loss: 0.2752 - Train Metric: 0.9535
Epoch 36/50 - Val Metric: 0.9428
Epoch 37/50 - Train Loss: 0.2722 - Train Metric: 0.9545
Epoch 37/50 - Val Metric: 0.9426
Epoch 38/50 - Train Loss: 0.2715 - Train Metric: 0.9547
Epoch 38/50 - Val Metric: 0.9435
Epoch 39/50 - Train Loss: 0.2697 - Train Metric: 0.9554
Epoch 39/50 - Val Metric: 0.9435
Epoch 40/50 - Train Loss: 0.2701 - Train Metric: 0.9552
Epoch 40/50 - Val Metric: 0.9436
Epoch 41/50 - Train Loss: 0.2688 - Train Metric: 0.9557
Epoch 41/50 - Val Metric: 0.9434
Epoch 42/50 - Train Loss: 0.2690 - Train Metric: 0.9556
Epoch 42/50 - Val Metric: 0.9438
Epoch 43/50 - Train Loss: 0.2683 - Train Metric: 0.9558
Epoch 43/50 - Val Metric: 0.9443
Epoch 44/50 - Train Loss: 0.2671 - Train Metric: 0.9563
Epoch 44/50 - Val Metric: 0.9438
Epoch 45/50 - Train Loss: 0.2673 - Train Metric: 0.9561
Epoch 45/50 - Val Metric: 0.9447
Epoch 46/50 - Train Loss: 0.2668 - Train Metric: 0.9563
Epoch 46/50 - Val Metric: 0.9444
Epoch 47/50 - Train Loss: 0.2663 - Train Metric: 0.9565
Epoch 47/50 - Val Metric: 0.9444
Epoch 48/50 - Train Loss: 0.2658 - Train Metric: 0.9567
Epoch 48/50 - Val Metric: 0.9444
Epoch 49/50 - Train Loss: 0.2659 - Train Metric: 0.9566
Epoch 49/50 - Val Metric: 0.9451
Epoch 50/50 - Train Loss: 0.2655 - Train Metric: 0.9567
Epoch 50/50 - Val Metric: 0.9449
Best val: 0.9451, Best test: 0.9542
[0.93955326 0.95235026 0.95131254 0.95736992 0.95417404]
