Hyper-parameter search via Optuna
Namespace(task_type='binary_classification', scale='small', idx=5, epochs=50, num_trials=20, num_repeats=5, seed=0, exp_name='MemPerceiver_Ens_Attn', result_path='output/binary_classification/small/5/MemPerceiver_Ens_Attn.pt')
Device: cuda
Start building binary_classification dataset_small_5
Training set has 16507 instances
Validation set has 2063 instances
Test set has 2064 instances
Epoch 1/50 - Train Loss: 0.7104 - Train Metric: 0.5039
Epoch 1/50 - Val Metric: 0.7668
Epoch 2/50 - Train Loss: 0.6955 - Train Metric: 0.5040
Epoch 2/50 - Val Metric: 0.8064
Epoch 3/50 - Train Loss: 0.6939 - Train Metric: 0.5034
Epoch 3/50 - Val Metric: 0.8071
Epoch 4/50 - Train Loss: 0.6946 - Train Metric: 0.4979
Epoch 4/50 - Val Metric: 0.8037
Epoch 5/50 - Train Loss: 0.6959 - Train Metric: 0.5030
Epoch 5/50 - Val Metric: 0.8161
Epoch 6/50 - Train Loss: 0.6943 - Train Metric: 0.4907
Epoch 6/50 - Val Metric: 0.8149
Epoch 7/50 - Train Loss: 0.6945 - Train Metric: 0.4990
Epoch 7/50 - Val Metric: 0.8164
Epoch 8/50 - Train Loss: 0.6934 - Train Metric: 0.5008
Epoch 8/50 - Val Metric: 0.8149
Epoch 9/50 - Train Loss: 0.6941 - Train Metric: 0.4979
Epoch 9/50 - Val Metric: 0.8192
Epoch 10/50 - Train Loss: 0.6941 - Train Metric: 0.4923
Epoch 10/50 - Val Metric: 0.8208
Epoch 11/50 - Train Loss: 0.6940 - Train Metric: 0.4962
Epoch 11/50 - Val Metric: 0.8224
Epoch 12/50 - Train Loss: 0.6935 - Train Metric: 0.5053
Epoch 12/50 - Val Metric: 0.8227
Epoch 13/50 - Train Loss: 0.6933 - Train Metric: 0.5016
Epoch 13/50 - Val Metric: 0.8219
Epoch 14/50 - Train Loss: 0.6840 - Train Metric: 0.5748
Epoch 14/50 - Val Metric: 0.8217
Epoch 15/50 - Train Loss: 0.6758 - Train Metric: 0.5530
Epoch 15/50 - Val Metric: 0.8221
Epoch 16/50 - Train Loss: 0.6505 - Train Metric: 0.6477
Epoch 16/50 - Val Metric: 0.6823
Epoch 17/50 - Train Loss: 0.6702 - Train Metric: 0.6024
Epoch 17/50 - Val Metric: 0.8197
Epoch 18/50 - Train Loss: 0.5630 - Train Metric: 0.7769
Epoch 18/50 - Val Metric: 0.8242
Epoch 19/50 - Train Loss: 0.5269 - Train Metric: 0.8081
Epoch 19/50 - Val Metric: 0.8267
Epoch 20/50 - Train Loss: 0.5124 - Train Metric: 0.8214
Epoch 20/50 - Val Metric: 0.8321
Epoch 21/50 - Train Loss: 0.5048 - Train Metric: 0.8262
Epoch 21/50 - Val Metric: 0.8332
Epoch 22/50 - Train Loss: 0.5270 - Train Metric: 0.8073
Epoch 22/50 - Val Metric: 0.8336
Epoch 23/50 - Train Loss: 0.5013 - Train Metric: 0.8300
Epoch 23/50 - Val Metric: 0.8359
Epoch 24/50 - Train Loss: 0.4970 - Train Metric: 0.8340
Epoch 24/50 - Val Metric: 0.8360
Epoch 25/50 - Train Loss: 0.4951 - Train Metric: 0.8355
Epoch 25/50 - Val Metric: 0.8376
Epoch 26/50 - Train Loss: 0.4882 - Train Metric: 0.8403
Epoch 26/50 - Val Metric: 0.8394
Epoch 27/50 - Train Loss: 0.4857 - Train Metric: 0.8416
Epoch 27/50 - Val Metric: 0.8404
Epoch 28/50 - Train Loss: 0.4838 - Train Metric: 0.8432
Epoch 28/50 - Val Metric: 0.8424
Epoch 29/50 - Train Loss: 0.4834 - Train Metric: 0.8435
Epoch 29/50 - Val Metric: 0.8440
Epoch 30/50 - Train Loss: 0.4800 - Train Metric: 0.8451
Epoch 30/50 - Val Metric: 0.8459
Epoch 31/50 - Train Loss: 0.4807 - Train Metric: 0.8453
Epoch 31/50 - Val Metric: 0.8468
Epoch 32/50 - Train Loss: 0.4773 - Train Metric: 0.8480
Epoch 32/50 - Val Metric: 0.8483
Epoch 33/50 - Train Loss: 0.4772 - Train Metric: 0.8482
Epoch 33/50 - Val Metric: 0.8493
Epoch 34/50 - Train Loss: 0.4742 - Train Metric: 0.8504
Epoch 34/50 - Val Metric: 0.8505
Epoch 35/50 - Train Loss: 0.4730 - Train Metric: 0.8512
Epoch 35/50 - Val Metric: 0.8519
Epoch 36/50 - Train Loss: 0.4732 - Train Metric: 0.8506
Epoch 36/50 - Val Metric: 0.8530
Epoch 37/50 - Train Loss: 0.4711 - Train Metric: 0.8528
Epoch 37/50 - Val Metric: 0.8531
Epoch 38/50 - Train Loss: 0.4699 - Train Metric: 0.8538
Epoch 38/50 - Val Metric: 0.8549
Epoch 39/50 - Train Loss: 0.4694 - Train Metric: 0.8544
Epoch 39/50 - Val Metric: 0.8562
Epoch 40/50 - Train Loss: 0.4664 - Train Metric: 0.8563
Epoch 40/50 - Val Metric: 0.8586
Epoch 41/50 - Train Loss: 0.4675 - Train Metric: 0.8557
Epoch 41/50 - Val Metric: 0.8598
Epoch 42/50 - Train Loss: 0.4637 - Train Metric: 0.8581
Epoch 42/50 - Val Metric: 0.8605
Epoch 43/50 - Train Loss: 0.4630 - Train Metric: 0.8585
Epoch 43/50 - Val Metric: 0.8616
Epoch 44/50 - Train Loss: 0.4644 - Train Metric: 0.8580
Epoch 44/50 - Val Metric: 0.8631
Epoch 45/50 - Train Loss: 0.4603 - Train Metric: 0.8606
Epoch 45/50 - Val Metric: 0.8629
Epoch 46/50 - Train Loss: 0.4599 - Train Metric: 0.8612
Epoch 46/50 - Val Metric: 0.8647
Epoch 47/50 - Train Loss: 0.4616 - Train Metric: 0.8598
Epoch 47/50 - Val Metric: 0.8649
Epoch 48/50 - Train Loss: 0.4601 - Train Metric: 0.8608
Epoch 48/50 - Val Metric: 0.8653
Epoch 49/50 - Train Loss: 0.4586 - Train Metric: 0.8623
Epoch 49/50 - Val Metric: 0.8665
Epoch 50/50 - Train Loss: 0.4583 - Train Metric: 0.8624
Epoch 50/50 - Val Metric: 0.8666
Best val: 0.8666, Best test: 0.8805
Training set has 16507 instances
Validation set has 2063 instances
Test set has 2064 instances
Epoch 1/50 - Train Loss: 0.6947 - Train Metric: 0.5099
Epoch 1/50 - Val Metric: 0.8351
Epoch 2/50 - Train Loss: 0.6939 - Train Metric: 0.5132
Epoch 2/50 - Val Metric: 0.8326
Epoch 3/50 - Train Loss: 0.6108 - Train Metric: 0.6953
Epoch 3/50 - Val Metric: 0.8479
Epoch 4/50 - Train Loss: 0.4531 - Train Metric: 0.8677
Epoch 4/50 - Val Metric: 0.9028
Epoch 5/50 - Train Loss: 0.3944 - Train Metric: 0.9027
Epoch 5/50 - Val Metric: 0.9194
Epoch 6/50 - Train Loss: 0.3534 - Train Metric: 0.9226
Epoch 6/50 - Val Metric: 0.9218
Epoch 7/50 - Train Loss: 0.3642 - Train Metric: 0.9178
Epoch 7/50 - Val Metric: 0.9216
Epoch 8/50 - Train Loss: 0.3475 - Train Metric: 0.9254
Epoch 8/50 - Val Metric: 0.9222
Epoch 9/50 - Train Loss: 0.3413 - Train Metric: 0.9281
Epoch 9/50 - Val Metric: 0.9257
Epoch 10/50 - Train Loss: 0.3387 - Train Metric: 0.9293
Epoch 10/50 - Val Metric: 0.9267
Epoch 11/50 - Train Loss: 0.3417 - Train Metric: 0.9278
Epoch 11/50 - Val Metric: 0.9282
Epoch 12/50 - Train Loss: 0.3413 - Train Metric: 0.9281
Epoch 12/50 - Val Metric: 0.9248
Epoch 13/50 - Train Loss: 0.3374 - Train Metric: 0.9298
Epoch 13/50 - Val Metric: 0.9276
Epoch 14/50 - Train Loss: 0.3475 - Train Metric: 0.9252
Epoch 14/50 - Val Metric: 0.9283
Epoch 15/50 - Train Loss: 0.3322 - Train Metric: 0.9319
Epoch 15/50 - Val Metric: 0.9316
Epoch 16/50 - Train Loss: 0.3302 - Train Metric: 0.9326
Epoch 16/50 - Val Metric: 0.9299
Epoch 17/50 - Train Loss: 0.3353 - Train Metric: 0.9304
Epoch 17/50 - Val Metric: 0.9322
Epoch 18/50 - Train Loss: 0.3258 - Train Metric: 0.9345
Epoch 18/50 - Val Metric: 0.9319
Epoch 19/50 - Train Loss: 0.3301 - Train Metric: 0.9326
Epoch 19/50 - Val Metric: 0.9330
Epoch 20/50 - Train Loss: 0.3192 - Train Metric: 0.9372
Epoch 20/50 - Val Metric: 0.9377
Epoch 21/50 - Train Loss: 0.3218 - Train Metric: 0.9361
Epoch 21/50 - Val Metric: 0.9309
Epoch 22/50 - Train Loss: 0.3209 - Train Metric: 0.9364
Epoch 22/50 - Val Metric: 0.9356
Epoch 23/50 - Train Loss: 0.3155 - Train Metric: 0.9386
Epoch 23/50 - Val Metric: 0.9377
Epoch 24/50 - Train Loss: 0.3135 - Train Metric: 0.9391
Epoch 24/50 - Val Metric: 0.9376
Epoch 25/50 - Train Loss: 0.3154 - Train Metric: 0.9386
Epoch 25/50 - Val Metric: 0.9333
Epoch 26/50 - Train Loss: 0.3208 - Train Metric: 0.9363
Epoch 26/50 - Val Metric: 0.9407
Epoch 27/50 - Train Loss: 0.3027 - Train Metric: 0.9435
Epoch 27/50 - Val Metric: 0.9399
Epoch 28/50 - Train Loss: 0.3074 - Train Metric: 0.9417
Epoch 28/50 - Val Metric: 0.9401
Epoch 29/50 - Train Loss: 0.3050 - Train Metric: 0.9424
Epoch 29/50 - Val Metric: 0.9435
Epoch 30/50 - Train Loss: 0.3038 - Train Metric: 0.9431
Epoch 30/50 - Val Metric: 0.9432
Epoch 31/50 - Train Loss: 0.2997 - Train Metric: 0.9447
Epoch 31/50 - Val Metric: 0.9459
Epoch 32/50 - Train Loss: 0.2956 - Train Metric: 0.9462
Epoch 32/50 - Val Metric: 0.9415
Epoch 33/50 - Train Loss: 0.2981 - Train Metric: 0.9452
Epoch 33/50 - Val Metric: 0.9407
Epoch 34/50 - Train Loss: 0.2981 - Train Metric: 0.9453
Epoch 34/50 - Val Metric: 0.9477
Epoch 35/50 - Train Loss: 0.2959 - Train Metric: 0.9459
Epoch 35/50 - Val Metric: 0.9478
Epoch 36/50 - Train Loss: 0.2881 - Train Metric: 0.9489
Epoch 36/50 - Val Metric: 0.9427
Epoch 37/50 - Train Loss: 0.2935 - Train Metric: 0.9469
Epoch 37/50 - Val Metric: 0.9469
Epoch 38/50 - Train Loss: 0.2952 - Train Metric: 0.9463
Epoch 38/50 - Val Metric: 0.9439
Epoch 39/50 - Train Loss: 0.2947 - Train Metric: 0.9466
Epoch 39/50 - Val Metric: 0.9453
Epoch 40/50 - Train Loss: 0.2885 - Train Metric: 0.9489
Epoch 40/50 - Val Metric: 0.9468
Epoch 41/50 - Train Loss: 0.2957 - Train Metric: 0.9463
Epoch 41/50 - Val Metric: 0.9455
Epoch 42/50 - Train Loss: 0.2892 - Train Metric: 0.9485
Epoch 42/50 - Val Metric: 0.9394
Epoch 43/50 - Train Loss: 0.2890 - Train Metric: 0.9486
Epoch 43/50 - Val Metric: 0.9483
Epoch 44/50 - Train Loss: 0.2799 - Train Metric: 0.9518
Epoch 44/50 - Val Metric: 0.9458
Epoch 45/50 - Train Loss: 0.2883 - Train Metric: 0.9489
Epoch 45/50 - Val Metric: 0.9457
Epoch 46/50 - Train Loss: 0.2838 - Train Metric: 0.9504
Epoch 46/50 - Val Metric: 0.9444
Epoch 47/50 - Train Loss: 0.2867 - Train Metric: 0.9495
Epoch 47/50 - Val Metric: 0.9466
Epoch 48/50 - Train Loss: 0.2776 - Train Metric: 0.9526
Epoch 48/50 - Val Metric: 0.9491
Epoch 49/50 - Train Loss: 0.2856 - Train Metric: 0.9499
Epoch 49/50 - Val Metric: 0.9441
Epoch 50/50 - Train Loss: 0.2838 - Train Metric: 0.9505
Epoch 50/50 - Val Metric: 0.9451
Best val: 0.9491, Best test: 0.9579
Training set has 16507 instances
Validation set has 2063 instances
Test set has 2064 instances
Epoch 1/50 - Train Loss: 0.8315 - Train Metric: 0.5085
Epoch 1/50 - Val Metric: 0.7599
Epoch 2/50 - Train Loss: 0.6965 - Train Metric: 0.5030
Epoch 2/50 - Val Metric: 0.7875
Epoch 3/50 - Train Loss: 0.6952 - Train Metric: 0.5100
Epoch 3/50 - Val Metric: 0.8210
Epoch 4/50 - Train Loss: 0.6947 - Train Metric: 0.4987
Epoch 4/50 - Val Metric: 0.8191
Epoch 5/50 - Train Loss: 0.6957 - Train Metric: 0.5073
Epoch 5/50 - Val Metric: 0.8197
Epoch 6/50 - Train Loss: 0.6940 - Train Metric: 0.5111
Epoch 6/50 - Val Metric: 0.8204
Epoch 7/50 - Train Loss: 0.6948 - Train Metric: 0.5046
Epoch 7/50 - Val Metric: 0.8181
Epoch 8/50 - Train Loss: 0.6949 - Train Metric: 0.5132
Epoch 8/50 - Val Metric: 0.8187
Epoch 9/50 - Train Loss: 0.6948 - Train Metric: 0.5067
Epoch 9/50 - Val Metric: 0.8186
Epoch 10/50 - Train Loss: 0.6946 - Train Metric: 0.5041
Epoch 10/50 - Val Metric: 0.8197
Epoch 11/50 - Train Loss: 0.6952 - Train Metric: 0.5049
Epoch 11/50 - Val Metric: 0.8168
Epoch 12/50 - Train Loss: 0.6938 - Train Metric: 0.5099
Epoch 12/50 - Val Metric: 0.8185
Epoch 13/50 - Train Loss: 0.6957 - Train Metric: 0.5086
Epoch 13/50 - Val Metric: 0.8182
Epoch 14/50 - Train Loss: 0.6951 - Train Metric: 0.5156
Epoch 14/50 - Val Metric: 0.8177
Epoch 15/50 - Train Loss: 0.6945 - Train Metric: 0.5177
Epoch 15/50 - Val Metric: 0.8182
Epoch 16/50 - Train Loss: 0.6942 - Train Metric: 0.4963
Epoch 16/50 - Val Metric: 0.8178
Epoch 17/50 - Train Loss: 0.6939 - Train Metric: 0.5030
Epoch 17/50 - Val Metric: 0.8204
Epoch 18/50 - Train Loss: 0.6936 - Train Metric: 0.5088
Epoch 18/50 - Val Metric: 0.8183
Epoch 19/50 - Train Loss: 0.6934 - Train Metric: 0.4986
Epoch 19/50 - Val Metric: 0.8200
Epoch 20/50 - Train Loss: 0.6936 - Train Metric: 0.5013
Epoch 20/50 - Val Metric: 0.8149
Epoch 21/50 - Train Loss: 0.6944 - Train Metric: 0.5012
Epoch 21/50 - Val Metric: 0.8200
Epoch 22/50 - Train Loss: 0.6945 - Train Metric: 0.4989
Epoch 22/50 - Val Metric: 0.8199
Epoch 23/50 - Train Loss: 0.6936 - Train Metric: 0.4943
Epoch 23/50 - Val Metric: 0.8206
Epoch 24/50 - Train Loss: 0.6938 - Train Metric: 0.5093
Epoch 24/50 - Val Metric: 0.8211
Epoch 25/50 - Train Loss: 0.6942 - Train Metric: 0.5067
Epoch 25/50 - Val Metric: 0.8211
Epoch 26/50 - Train Loss: 0.6940 - Train Metric: 0.5002
Epoch 26/50 - Val Metric: 0.8215
Epoch 27/50 - Train Loss: 0.6937 - Train Metric: 0.5001
Epoch 27/50 - Val Metric: 0.8220
Epoch 28/50 - Train Loss: 0.6939 - Train Metric: 0.5036
Epoch 28/50 - Val Metric: 0.8211
Epoch 29/50 - Train Loss: 0.6937 - Train Metric: 0.5038
Epoch 29/50 - Val Metric: 0.8222
Epoch 30/50 - Train Loss: 0.6937 - Train Metric: 0.5124
Epoch 30/50 - Val Metric: 0.8219
Epoch 31/50 - Train Loss: 0.6938 - Train Metric: 0.5039
Epoch 31/50 - Val Metric: 0.8219
Epoch 32/50 - Train Loss: 0.6935 - Train Metric: 0.4975
Epoch 32/50 - Val Metric: 0.8227
Epoch 33/50 - Train Loss: 0.6935 - Train Metric: 0.5146
Epoch 33/50 - Val Metric: 0.8226
Epoch 34/50 - Train Loss: 0.6934 - Train Metric: 0.5145
Epoch 34/50 - Val Metric: 0.8228
Epoch 35/50 - Train Loss: 0.6935 - Train Metric: 0.4972
Epoch 35/50 - Val Metric: 0.8224
Epoch 36/50 - Train Loss: 0.6932 - Train Metric: 0.5077
Epoch 36/50 - Val Metric: 0.8234
Epoch 37/50 - Train Loss: 0.6934 - Train Metric: 0.4992
Epoch 37/50 - Val Metric: 0.8233
Epoch 38/50 - Train Loss: 0.6935 - Train Metric: 0.5036
Epoch 38/50 - Val Metric: 0.8228
Epoch 39/50 - Train Loss: 0.6935 - Train Metric: 0.5051
Epoch 39/50 - Val Metric: 0.8235
Epoch 40/50 - Train Loss: 0.6934 - Train Metric: 0.5129
Epoch 40/50 - Val Metric: 0.8239
Epoch 41/50 - Train Loss: 0.6936 - Train Metric: 0.5026
Epoch 41/50 - Val Metric: 0.8240
Epoch 42/50 - Train Loss: 0.6934 - Train Metric: 0.4985
Epoch 42/50 - Val Metric: 0.8240
Epoch 43/50 - Train Loss: 0.6934 - Train Metric: 0.5193
Epoch 43/50 - Val Metric: 0.8243
Epoch 44/50 - Train Loss: 0.6933 - Train Metric: 0.5031
Epoch 44/50 - Val Metric: 0.8247
Epoch 45/50 - Train Loss: 0.6931 - Train Metric: 0.5022
Epoch 45/50 - Val Metric: 0.8245
Epoch 46/50 - Train Loss: 0.6932 - Train Metric: 0.5028
Epoch 46/50 - Val Metric: 0.8242
Epoch 47/50 - Train Loss: 0.6935 - Train Metric: 0.5031
Epoch 47/50 - Val Metric: 0.8245
Epoch 48/50 - Train Loss: 0.6935 - Train Metric: 0.5092
Epoch 48/50 - Val Metric: 0.8246
Epoch 49/50 - Train Loss: 0.6931 - Train Metric: 0.5013
Epoch 49/50 - Val Metric: 0.8245
Epoch 50/50 - Train Loss: 0.6934 - Train Metric: 0.5026
Epoch 50/50 - Val Metric: 0.8244
Best val: 0.8247, Best test: 0.8402
Training set has 16507 instances
Validation set has 2063 instances
Test set has 2064 instances
Epoch 1/50 - Train Loss: 0.6977 - Train Metric: 0.4949
Epoch 1/50 - Val Metric: 0.8161
Epoch 2/50 - Train Loss: 0.6943 - Train Metric: 0.5081
Epoch 2/50 - Val Metric: 0.8274
Epoch 3/50 - Train Loss: 0.6574 - Train Metric: 0.6358
Epoch 3/50 - Val Metric: 0.8481
Epoch 4/50 - Train Loss: 0.5176 - Train Metric: 0.8180
Epoch 4/50 - Val Metric: 0.8668
Epoch 5/50 - Train Loss: 0.4759 - Train Metric: 0.8491
Epoch 5/50 - Val Metric: 0.8778
Epoch 6/50 - Train Loss: 0.4686 - Train Metric: 0.8545
Epoch 6/50 - Val Metric: 0.8866
Epoch 7/50 - Train Loss: 0.4432 - Train Metric: 0.8725
Epoch 7/50 - Val Metric: 0.8975
Epoch 8/50 - Train Loss: 0.4227 - Train Metric: 0.8852
Epoch 8/50 - Val Metric: 0.9080
Epoch 9/50 - Train Loss: 0.4103 - Train Metric: 0.8926
Epoch 9/50 - Val Metric: 0.9137
Epoch 10/50 - Train Loss: 0.3960 - Train Metric: 0.9012
Epoch 10/50 - Val Metric: 0.9204
Epoch 11/50 - Train Loss: 0.3887 - Train Metric: 0.9054
Epoch 11/50 - Val Metric: 0.9205
Epoch 12/50 - Train Loss: 0.3912 - Train Metric: 0.9042
Epoch 12/50 - Val Metric: 0.9220
Epoch 13/50 - Train Loss: 0.3960 - Train Metric: 0.9016
Epoch 13/50 - Val Metric: 0.9212
Epoch 14/50 - Train Loss: 0.3788 - Train Metric: 0.9107
Epoch 14/50 - Val Metric: 0.9234
Epoch 15/50 - Train Loss: 0.3784 - Train Metric: 0.9105
Epoch 15/50 - Val Metric: 0.9238
Epoch 16/50 - Train Loss: 0.3767 - Train Metric: 0.9116
Epoch 16/50 - Val Metric: 0.9247
Epoch 17/50 - Train Loss: 0.3855 - Train Metric: 0.9074
Epoch 17/50 - Val Metric: 0.9233
Epoch 18/50 - Train Loss: 0.3797 - Train Metric: 0.9101
Epoch 18/50 - Val Metric: 0.9243
Epoch 19/50 - Train Loss: 0.3668 - Train Metric: 0.9163
Epoch 19/50 - Val Metric: 0.9247
Epoch 20/50 - Train Loss: 0.3715 - Train Metric: 0.9142
Epoch 20/50 - Val Metric: 0.9255
Epoch 21/50 - Train Loss: 0.3661 - Train Metric: 0.9167
Epoch 21/50 - Val Metric: 0.9255
Epoch 22/50 - Train Loss: 0.3693 - Train Metric: 0.9152
Epoch 22/50 - Val Metric: 0.9251
Epoch 23/50 - Train Loss: 0.3700 - Train Metric: 0.9147
Epoch 23/50 - Val Metric: 0.9260
Epoch 24/50 - Train Loss: 0.3699 - Train Metric: 0.9150
Epoch 24/50 - Val Metric: 0.9247
Epoch 25/50 - Train Loss: 0.3678 - Train Metric: 0.9158
Epoch 25/50 - Val Metric: 0.9261
Epoch 26/50 - Train Loss: 0.3686 - Train Metric: 0.9155
Epoch 26/50 - Val Metric: 0.9261
Epoch 27/50 - Train Loss: 0.3643 - Train Metric: 0.9175
Epoch 27/50 - Val Metric: 0.9268
Epoch 28/50 - Train Loss: 0.3668 - Train Metric: 0.9163
Epoch 28/50 - Val Metric: 0.9272
Epoch 29/50 - Train Loss: 0.3610 - Train Metric: 0.9190
Epoch 29/50 - Val Metric: 0.9274
Epoch 30/50 - Train Loss: 0.3668 - Train Metric: 0.9165
Epoch 30/50 - Val Metric: 0.9260
Epoch 31/50 - Train Loss: 0.3630 - Train Metric: 0.9182
Epoch 31/50 - Val Metric: 0.9282
Epoch 32/50 - Train Loss: 0.3618 - Train Metric: 0.9187
Epoch 32/50 - Val Metric: 0.9291
Epoch 33/50 - Train Loss: 0.3612 - Train Metric: 0.9190
Epoch 33/50 - Val Metric: 0.9304
Epoch 34/50 - Train Loss: 0.3560 - Train Metric: 0.9215
Epoch 34/50 - Val Metric: 0.9292
Epoch 35/50 - Train Loss: 0.3588 - Train Metric: 0.9200
Epoch 35/50 - Val Metric: 0.9318
Epoch 36/50 - Train Loss: 0.3563 - Train Metric: 0.9213
Epoch 36/50 - Val Metric: 0.9310
Epoch 37/50 - Train Loss: 0.3575 - Train Metric: 0.9207
Epoch 37/50 - Val Metric: 0.9285
Epoch 38/50 - Train Loss: 0.3526 - Train Metric: 0.9230
Epoch 38/50 - Val Metric: 0.9294
Epoch 39/50 - Train Loss: 0.3482 - Train Metric: 0.9250
Epoch 39/50 - Val Metric: 0.9303
Epoch 40/50 - Train Loss: 0.3452 - Train Metric: 0.9263
Epoch 40/50 - Val Metric: 0.9341
Epoch 41/50 - Train Loss: 0.3516 - Train Metric: 0.9234
Epoch 41/50 - Val Metric: 0.9364
Epoch 42/50 - Train Loss: 0.3428 - Train Metric: 0.9273
Epoch 42/50 - Val Metric: 0.9370
Epoch 43/50 - Train Loss: 0.3428 - Train Metric: 0.9273
Epoch 43/50 - Val Metric: 0.9365
Epoch 44/50 - Train Loss: 0.3376 - Train Metric: 0.9296
Epoch 44/50 - Val Metric: 0.9367
Epoch 45/50 - Train Loss: 0.3369 - Train Metric: 0.9301
Epoch 45/50 - Val Metric: 0.9371
Epoch 46/50 - Train Loss: 0.3355 - Train Metric: 0.9305
Epoch 46/50 - Val Metric: 0.9382
Epoch 47/50 - Train Loss: 0.3354 - Train Metric: 0.9305
Epoch 47/50 - Val Metric: 0.9405
Epoch 48/50 - Train Loss: 0.3335 - Train Metric: 0.9314
Epoch 48/50 - Val Metric: 0.9398
Epoch 49/50 - Train Loss: 0.3316 - Train Metric: 0.9321
Epoch 49/50 - Val Metric: 0.9410
Epoch 50/50 - Train Loss: 0.3315 - Train Metric: 0.9322
Epoch 50/50 - Val Metric: 0.9398
Best val: 0.9410, Best test: 0.9402
Training set has 16507 instances
Validation set has 2063 instances
Test set has 2064 instances
Epoch 1/50 - Train Loss: 0.7043 - Train Metric: 0.4976
Epoch 1/50 - Val Metric: 0.8555
Epoch 2/50 - Train Loss: 0.6987 - Train Metric: 0.5029
Epoch 2/50 - Val Metric: 0.8496
Epoch 3/50 - Train Loss: 0.6945 - Train Metric: 0.5221
Epoch 3/50 - Val Metric: 0.8511
Epoch 4/50 - Train Loss: 0.6164 - Train Metric: 0.7115
Epoch 4/50 - Val Metric: 0.8513
Epoch 5/50 - Train Loss: 0.5029 - Train Metric: 0.8301
Epoch 5/50 - Val Metric: 0.8663
Epoch 6/50 - Train Loss: 0.4799 - Train Metric: 0.8476
Epoch 6/50 - Val Metric: 0.8794
Epoch 7/50 - Train Loss: 0.4636 - Train Metric: 0.8587
Epoch 7/50 - Val Metric: 0.8924
Epoch 8/50 - Train Loss: 0.4267 - Train Metric: 0.8836
Epoch 8/50 - Val Metric: 0.9097
Epoch 9/50 - Train Loss: 0.4151 - Train Metric: 0.8899
Epoch 9/50 - Val Metric: 0.9190
Epoch 10/50 - Train Loss: 0.4050 - Train Metric: 0.8965
Epoch 10/50 - Val Metric: 0.9217
Epoch 11/50 - Train Loss: 0.3898 - Train Metric: 0.9049
Epoch 11/50 - Val Metric: 0.9290
Epoch 12/50 - Train Loss: 0.3852 - Train Metric: 0.9072
Epoch 12/50 - Val Metric: 0.9285
Epoch 13/50 - Train Loss: 0.3809 - Train Metric: 0.9094
Epoch 13/50 - Val Metric: 0.9281
Epoch 14/50 - Train Loss: 0.3771 - Train Metric: 0.9114
Epoch 14/50 - Val Metric: 0.9299
Epoch 15/50 - Train Loss: 0.3710 - Train Metric: 0.9144
Epoch 15/50 - Val Metric: 0.9311
Epoch 16/50 - Train Loss: 0.3705 - Train Metric: 0.9145
Epoch 16/50 - Val Metric: 0.9321
Epoch 17/50 - Train Loss: 0.3723 - Train Metric: 0.9137
Epoch 17/50 - Val Metric: 0.9309
Epoch 18/50 - Train Loss: 0.3694 - Train Metric: 0.9151
Epoch 18/50 - Val Metric: 0.9322
Epoch 19/50 - Train Loss: 0.3721 - Train Metric: 0.9138
Epoch 19/50 - Val Metric: 0.9331
Epoch 20/50 - Train Loss: 0.3678 - Train Metric: 0.9158
Epoch 20/50 - Val Metric: 0.9341
Epoch 21/50 - Train Loss: 0.3667 - Train Metric: 0.9164
Epoch 21/50 - Val Metric: 0.9340
Epoch 22/50 - Train Loss: 0.3658 - Train Metric: 0.9169
Epoch 22/50 - Val Metric: 0.9344
Epoch 23/50 - Train Loss: 0.3760 - Train Metric: 0.9117
Epoch 23/50 - Val Metric: 0.9337
Epoch 24/50 - Train Loss: 0.3669 - Train Metric: 0.9162
Epoch 24/50 - Val Metric: 0.9334
Epoch 25/50 - Train Loss: 0.3657 - Train Metric: 0.9168
Epoch 25/50 - Val Metric: 0.9366
Epoch 26/50 - Train Loss: 0.3613 - Train Metric: 0.9192
Epoch 26/50 - Val Metric: 0.9353
Epoch 27/50 - Train Loss: 0.3638 - Train Metric: 0.9179
Epoch 27/50 - Val Metric: 0.9362
Epoch 28/50 - Train Loss: 0.3549 - Train Metric: 0.9220
Epoch 28/50 - Val Metric: 0.9381
Epoch 29/50 - Train Loss: 0.3557 - Train Metric: 0.9217
Epoch 29/50 - Val Metric: 0.9371
Epoch 30/50 - Train Loss: 0.3606 - Train Metric: 0.9194
Epoch 30/50 - Val Metric: 0.9345
Epoch 31/50 - Train Loss: 0.3543 - Train Metric: 0.9223
Epoch 31/50 - Val Metric: 0.9373
Epoch 32/50 - Train Loss: 0.3572 - Train Metric: 0.9209
Epoch 32/50 - Val Metric: 0.9360
Epoch 33/50 - Train Loss: 0.3539 - Train Metric: 0.9223
Epoch 33/50 - Val Metric: 0.9380
Epoch 34/50 - Train Loss: 0.3601 - Train Metric: 0.9195
Epoch 34/50 - Val Metric: 0.9334
Epoch 35/50 - Train Loss: 0.3523 - Train Metric: 0.9230
Epoch 35/50 - Val Metric: 0.9391
Epoch 36/50 - Train Loss: 0.3547 - Train Metric: 0.9219
Epoch 36/50 - Val Metric: 0.9385
Epoch 37/50 - Train Loss: 0.3458 - Train Metric: 0.9260
Epoch 37/50 - Val Metric: 0.9397
Epoch 38/50 - Train Loss: 0.3602 - Train Metric: 0.9195
Epoch 38/50 - Val Metric: 0.9390
Epoch 39/50 - Train Loss: 0.3467 - Train Metric: 0.9255
Epoch 39/50 - Val Metric: 0.9382
Epoch 40/50 - Train Loss: 0.3460 - Train Metric: 0.9259
Epoch 40/50 - Val Metric: 0.9435
Epoch 41/50 - Train Loss: 0.3438 - Train Metric: 0.9267
Epoch 41/50 - Val Metric: 0.9394
Epoch 42/50 - Train Loss: 0.3433 - Train Metric: 0.9270
Epoch 42/50 - Val Metric: 0.9417
Epoch 43/50 - Train Loss: 0.3431 - Train Metric: 0.9271
Epoch 43/50 - Val Metric: 0.9473
Epoch 44/50 - Train Loss: 0.3496 - Train Metric: 0.9242
Epoch 44/50 - Val Metric: 0.9439
Epoch 45/50 - Train Loss: 0.3485 - Train Metric: 0.9246
Epoch 45/50 - Val Metric: 0.9459
Epoch 46/50 - Train Loss: 0.3450 - Train Metric: 0.9263
Epoch 46/50 - Val Metric: 0.9428
Epoch 47/50 - Train Loss: 0.3413 - Train Metric: 0.9279
Epoch 47/50 - Val Metric: 0.9444
Epoch 48/50 - Train Loss: 0.3422 - Train Metric: 0.9274
Epoch 48/50 - Val Metric: 0.9431
Epoch 49/50 - Train Loss: 0.3422 - Train Metric: 0.9275
Epoch 49/50 - Val Metric: 0.9406
Epoch 50/50 - Train Loss: 0.3337 - Train Metric: 0.9311
Epoch 50/50 - Val Metric: 0.9461
Best val: 0.9473, Best test: 0.9327
Training set has 16507 instances
Validation set has 2063 instances
Test set has 2064 instances
Training set has 16507 instances
Validation set has 2063 instances
Test set has 2064 instances
Epoch 1/50 - Train Loss: 0.6957 - Train Metric: 0.5124
Epoch 1/50 - Val Metric: 0.8330
Epoch 2/50 - Train Loss: 0.5239 - Train Metric: 0.8099
Epoch 2/50 - Val Metric: 0.8957
Epoch 3/50 - Train Loss: 0.4038 - Train Metric: 0.8971
Epoch 3/50 - Val Metric: 0.9223
Epoch 4/50 - Train Loss: 0.3741 - Train Metric: 0.9132
Epoch 4/50 - Val Metric: 0.9302
Epoch 5/50 - Train Loss: 0.3697 - Train Metric: 0.9149
Epoch 5/50 - Val Metric: 0.9312
Epoch 6/50 - Train Loss: 0.3486 - Train Metric: 0.9251
Epoch 6/50 - Val Metric: 0.9227
Epoch 7/50 - Train Loss: 0.3444 - Train Metric: 0.9266
Epoch 7/50 - Val Metric: 0.9367
Epoch 8/50 - Train Loss: 0.3362 - Train Metric: 0.9304
Epoch 8/50 - Val Metric: 0.9371
Epoch 9/50 - Train Loss: 0.3371 - Train Metric: 0.9299
Epoch 9/50 - Val Metric: 0.9356
Epoch 10/50 - Train Loss: 0.3425 - Train Metric: 0.9275
Epoch 10/50 - Val Metric: 0.9370
Epoch 11/50 - Train Loss: 0.3362 - Train Metric: 0.9304
Epoch 11/50 - Val Metric: 0.9379
Epoch 12/50 - Train Loss: 0.3315 - Train Metric: 0.9323
Epoch 12/50 - Val Metric: 0.9417
Epoch 13/50 - Train Loss: 0.3237 - Train Metric: 0.9356
Epoch 13/50 - Val Metric: 0.9417
Epoch 14/50 - Train Loss: 0.3272 - Train Metric: 0.9341
Epoch 14/50 - Val Metric: 0.9380
Epoch 15/50 - Train Loss: 0.3223 - Train Metric: 0.9362
Epoch 15/50 - Val Metric: 0.9402
Epoch 16/50 - Train Loss: 0.3174 - Train Metric: 0.9381
Epoch 16/50 - Val Metric: 0.9437
Epoch 17/50 - Train Loss: 0.3118 - Train Metric: 0.9402
Epoch 17/50 - Val Metric: 0.9402
Epoch 18/50 - Train Loss: 0.3148 - Train Metric: 0.9390
Epoch 18/50 - Val Metric: 0.9394
Epoch 19/50 - Train Loss: 0.3164 - Train Metric: 0.9383
Epoch 19/50 - Val Metric: 0.9408
Epoch 20/50 - Train Loss: 0.3157 - Train Metric: 0.9388
Epoch 20/50 - Val Metric: 0.9448
Epoch 21/50 - Train Loss: 0.3081 - Train Metric: 0.9418
Epoch 21/50 - Val Metric: 0.9443
Epoch 22/50 - Train Loss: 0.3040 - Train Metric: 0.9432
Epoch 22/50 - Val Metric: 0.9400
Epoch 23/50 - Train Loss: 0.3076 - Train Metric: 0.9418
Epoch 23/50 - Val Metric: 0.9455
Epoch 24/50 - Train Loss: 0.3004 - Train Metric: 0.9446
Epoch 24/50 - Val Metric: 0.9471
Epoch 25/50 - Train Loss: 0.2972 - Train Metric: 0.9458
Epoch 25/50 - Val Metric: 0.9474
Epoch 26/50 - Train Loss: 0.2984 - Train Metric: 0.9453
Epoch 26/50 - Val Metric: 0.9433
Epoch 27/50 - Train Loss: 0.2983 - Train Metric: 0.9453
Epoch 27/50 - Val Metric: 0.9463
Epoch 28/50 - Train Loss: 0.2915 - Train Metric: 0.9479
Epoch 28/50 - Val Metric: 0.9479
Epoch 29/50 - Train Loss: 0.2938 - Train Metric: 0.9470
Epoch 29/50 - Val Metric: 0.9480
Epoch 30/50 - Train Loss: 0.2900 - Train Metric: 0.9483
Epoch 30/50 - Val Metric: 0.9499
Epoch 31/50 - Train Loss: 0.2876 - Train Metric: 0.9492
Epoch 31/50 - Val Metric: 0.9469
Epoch 32/50 - Train Loss: 0.2888 - Train Metric: 0.9487
Epoch 32/50 - Val Metric: 0.9501
Epoch 33/50 - Train Loss: 0.2828 - Train Metric: 0.9508
Epoch 33/50 - Val Metric: 0.9497
Epoch 34/50 - Train Loss: 0.2804 - Train Metric: 0.9517
Epoch 34/50 - Val Metric: 0.9518
Epoch 35/50 - Train Loss: 0.2770 - Train Metric: 0.9529
Epoch 35/50 - Val Metric: 0.9492
Epoch 36/50 - Train Loss: 0.2761 - Train Metric: 0.9533
Epoch 36/50 - Val Metric: 0.9511
Epoch 37/50 - Train Loss: 0.2761 - Train Metric: 0.9531
Epoch 37/50 - Val Metric: 0.9516
Epoch 38/50 - Train Loss: 0.2722 - Train Metric: 0.9545
Epoch 38/50 - Val Metric: 0.9539
Epoch 39/50 - Train Loss: 0.2707 - Train Metric: 0.9550
Epoch 39/50 - Val Metric: 0.9546
Epoch 40/50 - Train Loss: 0.2707 - Train Metric: 0.9550
Epoch 40/50 - Val Metric: 0.9532
Epoch 41/50 - Train Loss: 0.2681 - Train Metric: 0.9559
Epoch 41/50 - Val Metric: 0.9549
Epoch 42/50 - Train Loss: 0.2669 - Train Metric: 0.9563
Epoch 42/50 - Val Metric: 0.9534
Epoch 43/50 - Train Loss: 0.2672 - Train Metric: 0.9562
Epoch 43/50 - Val Metric: 0.9556
Epoch 44/50 - Train Loss: 0.2638 - Train Metric: 0.9573
Epoch 44/50 - Val Metric: 0.9556
Epoch 45/50 - Train Loss: 0.2629 - Train Metric: 0.9576
Epoch 45/50 - Val Metric: 0.9549
Epoch 46/50 - Train Loss: 0.2603 - Train Metric: 0.9584
Epoch 46/50 - Val Metric: 0.9563
Epoch 47/50 - Train Loss: 0.2567 - Train Metric: 0.9595
Epoch 47/50 - Val Metric: 0.9562
Epoch 48/50 - Train Loss: 0.2557 - Train Metric: 0.9599
Epoch 48/50 - Val Metric: 0.9563
Epoch 49/50 - Train Loss: 0.2561 - Train Metric: 0.9597
Epoch 49/50 - Val Metric: 0.9572
Epoch 50/50 - Train Loss: 0.2532 - Train Metric: 0.9607
Epoch 50/50 - Val Metric: 0.9540
Best val: 0.9572, Best test: 0.9526
Training set has 16507 instances
Validation set has 2063 instances
Test set has 2064 instances
Epoch 1/50 - Train Loss: 0.7035 - Train Metric: 0.5033
Epoch 1/50 - Val Metric: 0.8350
Epoch 2/50 - Train Loss: 0.6957 - Train Metric: 0.4970
Epoch 2/50 - Val Metric: 0.8540
Epoch 3/50 - Train Loss: 0.6957 - Train Metric: 0.4970
Epoch 3/50 - Val Metric: 0.8515
Training set has 16507 instances
Validation set has 2063 instances
Test set has 2064 instances
Training set has 16507 instances
Validation set has 2063 instances
Test set has 2064 instances
Training set has 16507 instances
Validation set has 2063 instances
Test set has 2064 instances
Epoch 1/50 - Train Loss: 0.6928 - Train Metric: 0.5206
Epoch 1/50 - Val Metric: 0.8519
Epoch 2/50 - Train Loss: 0.6458 - Train Metric: 0.6629
Epoch 2/50 - Val Metric: 0.8655
Epoch 3/50 - Train Loss: 0.4663 - Train Metric: 0.8624
Epoch 3/50 - Val Metric: 0.8956
Epoch 4/50 - Train Loss: 0.4279 - Train Metric: 0.8844
Epoch 4/50 - Val Metric: 0.9139
Epoch 5/50 - Train Loss: 0.4043 - Train Metric: 0.8979
Epoch 5/50 - Val Metric: 0.9250
Epoch 6/50 - Train Loss: 0.3854 - Train Metric: 0.9084
Epoch 6/50 - Val Metric: 0.9299
Epoch 7/50 - Train Loss: 0.3816 - Train Metric: 0.9102
Epoch 7/50 - Val Metric: 0.9309
Epoch 8/50 - Train Loss: 0.3732 - Train Metric: 0.9144
Epoch 8/50 - Val Metric: 0.9321
Epoch 9/50 - Train Loss: 0.3668 - Train Metric: 0.9173
Epoch 9/50 - Val Metric: 0.9329
Epoch 10/50 - Train Loss: 0.3686 - Train Metric: 0.9164
Epoch 10/50 - Val Metric: 0.9329
Epoch 11/50 - Train Loss: 0.3652 - Train Metric: 0.9181
Epoch 11/50 - Val Metric: 0.9327
Epoch 12/50 - Train Loss: 0.3740 - Train Metric: 0.9138
Epoch 12/50 - Val Metric: 0.9332
Epoch 13/50 - Train Loss: 0.3651 - Train Metric: 0.9180
Epoch 13/50 - Val Metric: 0.9335
Epoch 14/50 - Train Loss: 0.3628 - Train Metric: 0.9190
Epoch 14/50 - Val Metric: 0.9332
Epoch 15/50 - Train Loss: 0.3608 - Train Metric: 0.9199
Epoch 15/50 - Val Metric: 0.9338
Epoch 16/50 - Train Loss: 0.3596 - Train Metric: 0.9203
Epoch 16/50 - Val Metric: 0.9339
Epoch 17/50 - Train Loss: 0.3653 - Train Metric: 0.9179
Epoch 17/50 - Val Metric: 0.9342
Epoch 18/50 - Train Loss: 0.3588 - Train Metric: 0.9209
Epoch 18/50 - Val Metric: 0.9336
Epoch 19/50 - Train Loss: 0.3569 - Train Metric: 0.9216
Epoch 19/50 - Val Metric: 0.9349
Epoch 20/50 - Train Loss: 0.3593 - Train Metric: 0.9204
Epoch 20/50 - Val Metric: 0.9342
Epoch 21/50 - Train Loss: 0.3546 - Train Metric: 0.9226
Epoch 21/50 - Val Metric: 0.9344
Epoch 22/50 - Train Loss: 0.3555 - Train Metric: 0.9222
Epoch 22/50 - Val Metric: 0.9342
Epoch 23/50 - Train Loss: 0.3573 - Train Metric: 0.9212
Epoch 23/50 - Val Metric: 0.9355
Epoch 24/50 - Train Loss: 0.3558 - Train Metric: 0.9221
Epoch 24/50 - Val Metric: 0.9351
Epoch 25/50 - Train Loss: 0.3520 - Train Metric: 0.9239
Epoch 25/50 - Val Metric: 0.9354
Epoch 26/50 - Train Loss: 0.3535 - Train Metric: 0.9231
Epoch 26/50 - Val Metric: 0.9357
Epoch 27/50 - Train Loss: 0.3522 - Train Metric: 0.9237
Epoch 27/50 - Val Metric: 0.9358
Epoch 28/50 - Train Loss: 0.3495 - Train Metric: 0.9247
Epoch 28/50 - Val Metric: 0.9361
Epoch 29/50 - Train Loss: 0.3501 - Train Metric: 0.9247
Epoch 29/50 - Val Metric: 0.9363
Epoch 30/50 - Train Loss: 0.3520 - Train Metric: 0.9236
Epoch 30/50 - Val Metric: 0.9335
Epoch 31/50 - Train Loss: 0.3489 - Train Metric: 0.9250
Epoch 31/50 - Val Metric: 0.9372
Epoch 32/50 - Train Loss: 0.3494 - Train Metric: 0.9249
Epoch 32/50 - Val Metric: 0.9372
Epoch 33/50 - Train Loss: 0.3507 - Train Metric: 0.9244
Epoch 33/50 - Val Metric: 0.9372
Epoch 34/50 - Train Loss: 0.3490 - Train Metric: 0.9251
Epoch 34/50 - Val Metric: 0.9367
Epoch 35/50 - Train Loss: 0.3459 - Train Metric: 0.9263
Epoch 35/50 - Val Metric: 0.9340
Epoch 36/50 - Train Loss: 0.3447 - Train Metric: 0.9270
Epoch 36/50 - Val Metric: 0.9373
Epoch 37/50 - Train Loss: 0.3455 - Train Metric: 0.9266
Epoch 37/50 - Val Metric: 0.9366
Epoch 38/50 - Train Loss: 0.3442 - Train Metric: 0.9272
Epoch 38/50 - Val Metric: 0.9369
Epoch 39/50 - Train Loss: 0.3423 - Train Metric: 0.9278
Epoch 39/50 - Val Metric: 0.9378
Training set has 16507 instances
Validation set has 2063 instances
Test set has 2064 instances
Epoch 1/50 - Train Loss: 0.6260 - Train Metric: 0.6298
Epoch 1/50 - Val Metric: 0.8804
Epoch 2/50 - Train Loss: 0.4334 - Train Metric: 0.8791
Epoch 2/50 - Val Metric: 0.9205
Epoch 3/50 - Train Loss: 0.4027 - Train Metric: 0.8979
Epoch 3/50 - Val Metric: 0.9290
Epoch 4/50 - Train Loss: 0.3735 - Train Metric: 0.9134
Epoch 4/50 - Val Metric: 0.9373
Epoch 5/50 - Train Loss: 0.3585 - Train Metric: 0.9207
Epoch 5/50 - Val Metric: 0.9407
Epoch 6/50 - Train Loss: 0.3564 - Train Metric: 0.9215
Epoch 6/50 - Val Metric: 0.9417
Epoch 7/50 - Train Loss: 0.3525 - Train Metric: 0.9232
Epoch 7/50 - Val Metric: 0.9426
Epoch 8/50 - Train Loss: 0.3487 - Train Metric: 0.9250
Epoch 8/50 - Val Metric: 0.9428
Epoch 9/50 - Train Loss: 0.3476 - Train Metric: 0.9254
Epoch 9/50 - Val Metric: 0.9429
Epoch 10/50 - Train Loss: 0.3462 - Train Metric: 0.9259
Epoch 10/50 - Val Metric: 0.9446
Epoch 11/50 - Train Loss: 0.3394 - Train Metric: 0.9288
Epoch 11/50 - Val Metric: 0.9457
Epoch 12/50 - Train Loss: 0.3365 - Train Metric: 0.9301
Epoch 12/50 - Val Metric: 0.9477
Epoch 13/50 - Train Loss: 0.3283 - Train Metric: 0.9334
Epoch 13/50 - Val Metric: 0.9466
Epoch 14/50 - Train Loss: 0.3327 - Train Metric: 0.9316
Epoch 14/50 - Val Metric: 0.9474
Epoch 15/50 - Train Loss: 0.3230 - Train Metric: 0.9356
Epoch 15/50 - Val Metric: 0.9449
Epoch 16/50 - Train Loss: 0.3209 - Train Metric: 0.9366
Epoch 16/50 - Val Metric: 0.9503
Epoch 17/50 - Train Loss: 0.3163 - Train Metric: 0.9383
Epoch 17/50 - Val Metric: 0.9500
Epoch 18/50 - Train Loss: 0.3122 - Train Metric: 0.9400
Epoch 18/50 - Val Metric: 0.9513
Epoch 19/50 - Train Loss: 0.3064 - Train Metric: 0.9422
Epoch 19/50 - Val Metric: 0.9530
Epoch 20/50 - Train Loss: 0.3110 - Train Metric: 0.9405
Epoch 20/50 - Val Metric: 0.9532
Epoch 21/50 - Train Loss: 0.3086 - Train Metric: 0.9412
Epoch 21/50 - Val Metric: 0.9539
Epoch 22/50 - Train Loss: 0.3009 - Train Metric: 0.9442
Epoch 22/50 - Val Metric: 0.9546
Epoch 23/50 - Train Loss: 0.3030 - Train Metric: 0.9433
Epoch 23/50 - Val Metric: 0.9530
Epoch 24/50 - Train Loss: 0.2995 - Train Metric: 0.9448
Epoch 24/50 - Val Metric: 0.9536
Epoch 25/50 - Train Loss: 0.3010 - Train Metric: 0.9441
Epoch 25/50 - Val Metric: 0.9474
Epoch 26/50 - Train Loss: 0.3006 - Train Metric: 0.9443
Epoch 26/50 - Val Metric: 0.9527
Epoch 27/50 - Train Loss: 0.2949 - Train Metric: 0.9462
Epoch 27/50 - Val Metric: 0.9548
Epoch 28/50 - Train Loss: 0.2906 - Train Metric: 0.9479
Epoch 28/50 - Val Metric: 0.9565
Epoch 29/50 - Train Loss: 0.2898 - Train Metric: 0.9483
Epoch 29/50 - Val Metric: 0.9579
Epoch 30/50 - Train Loss: 0.2894 - Train Metric: 0.9484
Epoch 30/50 - Val Metric: 0.9581
Epoch 31/50 - Train Loss: 0.2839 - Train Metric: 0.9502
Epoch 31/50 - Val Metric: 0.9507
Epoch 32/50 - Train Loss: 0.2873 - Train Metric: 0.9491
Epoch 32/50 - Val Metric: 0.9551
Epoch 33/50 - Train Loss: 0.2826 - Train Metric: 0.9507
Epoch 33/50 - Val Metric: 0.9592
Epoch 34/50 - Train Loss: 0.2758 - Train Metric: 0.9530
Epoch 34/50 - Val Metric: 0.9586
Epoch 35/50 - Train Loss: 0.2765 - Train Metric: 0.9527
Epoch 35/50 - Val Metric: 0.9601
Epoch 36/50 - Train Loss: 0.2752 - Train Metric: 0.9532
Epoch 36/50 - Val Metric: 0.9600
Epoch 37/50 - Train Loss: 0.2737 - Train Metric: 0.9536
Epoch 37/50 - Val Metric: 0.9557
Epoch 38/50 - Train Loss: 0.2719 - Train Metric: 0.9542
Epoch 38/50 - Val Metric: 0.9611
Epoch 39/50 - Train Loss: 0.2687 - Train Metric: 0.9554
Epoch 39/50 - Val Metric: 0.9611
Epoch 40/50 - Train Loss: 0.2649 - Train Metric: 0.9566
Epoch 40/50 - Val Metric: 0.9619
Epoch 41/50 - Train Loss: 0.2644 - Train Metric: 0.9568
Epoch 41/50 - Val Metric: 0.9623
Epoch 42/50 - Train Loss: 0.2621 - Train Metric: 0.9576
Epoch 42/50 - Val Metric: 0.9609
Epoch 43/50 - Train Loss: 0.2621 - Train Metric: 0.9576
Epoch 43/50 - Val Metric: 0.9625
Epoch 44/50 - Train Loss: 0.2592 - Train Metric: 0.9585
Epoch 44/50 - Val Metric: 0.9642
Epoch 45/50 - Train Loss: 0.2573 - Train Metric: 0.9592
Epoch 45/50 - Val Metric: 0.9645
Epoch 46/50 - Train Loss: 0.2560 - Train Metric: 0.9596
Epoch 46/50 - Val Metric: 0.9632
Epoch 47/50 - Train Loss: 0.2547 - Train Metric: 0.9600
Epoch 47/50 - Val Metric: 0.9655
Epoch 48/50 - Train Loss: 0.2515 - Train Metric: 0.9610
Epoch 48/50 - Val Metric: 0.9641
Epoch 49/50 - Train Loss: 0.2503 - Train Metric: 0.9614
Epoch 49/50 - Val Metric: 0.9640
Epoch 50/50 - Train Loss: 0.2507 - Train Metric: 0.9611
Epoch 50/50 - Val Metric: 0.9658
Best val: 0.9658, Best test: 0.9532
Training set has 16507 instances
Validation set has 2063 instances
Test set has 2064 instances
Training set has 16507 instances
Validation set has 2063 instances
Test set has 2064 instances
Epoch 1/50 - Train Loss: 0.6948 - Train Metric: 0.4991
Epoch 1/50 - Val Metric: 0.8392
Epoch 2/50 - Train Loss: 0.5935 - Train Metric: 0.6554
Epoch 2/50 - Val Metric: 0.8597
Epoch 3/50 - Train Loss: 0.4274 - Train Metric: 0.8831
Epoch 3/50 - Val Metric: 0.9206
Epoch 4/50 - Train Loss: 0.3696 - Train Metric: 0.9153
Epoch 4/50 - Val Metric: 0.9284
Epoch 5/50 - Train Loss: 0.3616 - Train Metric: 0.9189
Epoch 5/50 - Val Metric: 0.9305
Epoch 6/50 - Train Loss: 0.3512 - Train Metric: 0.9237
Epoch 6/50 - Val Metric: 0.9330
Epoch 7/50 - Train Loss: 0.3520 - Train Metric: 0.9234
Epoch 7/50 - Val Metric: 0.9341
Epoch 8/50 - Train Loss: 0.3546 - Train Metric: 0.9219
Epoch 8/50 - Val Metric: 0.9324
Epoch 9/50 - Train Loss: 0.3466 - Train Metric: 0.9256
Epoch 9/50 - Val Metric: 0.9324
Epoch 10/50 - Train Loss: 0.3367 - Train Metric: 0.9301
Epoch 10/50 - Val Metric: 0.9348
Epoch 11/50 - Train Loss: 0.3344 - Train Metric: 0.9311
Epoch 11/50 - Val Metric: 0.9388
Epoch 12/50 - Train Loss: 0.3297 - Train Metric: 0.9330
Epoch 12/50 - Val Metric: 0.9383
Epoch 13/50 - Train Loss: 0.3274 - Train Metric: 0.9340
Epoch 13/50 - Val Metric: 0.9404
Epoch 14/50 - Train Loss: 0.3263 - Train Metric: 0.9343
Epoch 14/50 - Val Metric: 0.9417
Epoch 15/50 - Train Loss: 0.3191 - Train Metric: 0.9374
Epoch 15/50 - Val Metric: 0.9420
Epoch 16/50 - Train Loss: 0.3171 - Train Metric: 0.9382
Epoch 16/50 - Val Metric: 0.9425
Epoch 17/50 - Train Loss: 0.3134 - Train Metric: 0.9396
Epoch 17/50 - Val Metric: 0.9421
Epoch 18/50 - Train Loss: 0.3152 - Train Metric: 0.9387
Epoch 18/50 - Val Metric: 0.9450
Epoch 19/50 - Train Loss: 0.3117 - Train Metric: 0.9402
Epoch 19/50 - Val Metric: 0.9426
Epoch 20/50 - Train Loss: 0.3104 - Train Metric: 0.9406
Epoch 20/50 - Val Metric: 0.9436
Epoch 21/50 - Train Loss: 0.3059 - Train Metric: 0.9424
Epoch 21/50 - Val Metric: 0.9448
Epoch 22/50 - Train Loss: 0.3007 - Train Metric: 0.9443
Epoch 22/50 - Val Metric: 0.9449
Epoch 23/50 - Train Loss: 0.2995 - Train Metric: 0.9449
Epoch 23/50 - Val Metric: 0.9471
Epoch 24/50 - Train Loss: 0.3013 - Train Metric: 0.9441
Epoch 24/50 - Val Metric: 0.9480
Epoch 25/50 - Train Loss: 0.3031 - Train Metric: 0.9434
Epoch 25/50 - Val Metric: 0.9472
Epoch 26/50 - Train Loss: 0.2979 - Train Metric: 0.9454
Epoch 26/50 - Val Metric: 0.9484
Epoch 27/50 - Train Loss: 0.2947 - Train Metric: 0.9466
Epoch 27/50 - Val Metric: 0.9484
Epoch 28/50 - Train Loss: 0.2908 - Train Metric: 0.9480
Epoch 28/50 - Val Metric: 0.9488
Epoch 29/50 - Train Loss: 0.2911 - Train Metric: 0.9478
Epoch 29/50 - Val Metric: 0.9474
Epoch 30/50 - Train Loss: 0.2910 - Train Metric: 0.9480
Epoch 30/50 - Val Metric: 0.9454
Epoch 31/50 - Train Loss: 0.2867 - Train Metric: 0.9494
Epoch 31/50 - Val Metric: 0.9493
Epoch 32/50 - Train Loss: 0.2848 - Train Metric: 0.9502
Epoch 32/50 - Val Metric: 0.9500
Epoch 33/50 - Train Loss: 0.2839 - Train Metric: 0.9504
Epoch 33/50 - Val Metric: 0.9505
Epoch 34/50 - Train Loss: 0.2792 - Train Metric: 0.9521
Epoch 34/50 - Val Metric: 0.9533
Epoch 35/50 - Train Loss: 0.2795 - Train Metric: 0.9520
Epoch 35/50 - Val Metric: 0.9504
Epoch 36/50 - Train Loss: 0.2779 - Train Metric: 0.9526
Epoch 36/50 - Val Metric: 0.9535
Epoch 37/50 - Train Loss: 0.2745 - Train Metric: 0.9537
Epoch 37/50 - Val Metric: 0.9544
Epoch 38/50 - Train Loss: 0.2786 - Train Metric: 0.9524
Epoch 38/50 - Val Metric: 0.9527
Epoch 39/50 - Train Loss: 0.2734 - Train Metric: 0.9540
Epoch 39/50 - Val Metric: 0.9543
Epoch 40/50 - Train Loss: 0.2713 - Train Metric: 0.9548
Epoch 40/50 - Val Metric: 0.9537
Epoch 41/50 - Train Loss: 0.2684 - Train Metric: 0.9557
Epoch 41/50 - Val Metric: 0.9551
Epoch 42/50 - Train Loss: 0.2673 - Train Metric: 0.9560
Epoch 42/50 - Val Metric: 0.9534
Epoch 43/50 - Train Loss: 0.2658 - Train Metric: 0.9566
Epoch 43/50 - Val Metric: 0.9540
Epoch 44/50 - Train Loss: 0.2669 - Train Metric: 0.9562
Epoch 44/50 - Val Metric: 0.9557
Epoch 45/50 - Train Loss: 0.2616 - Train Metric: 0.9579
Epoch 45/50 - Val Metric: 0.9533
Epoch 46/50 - Train Loss: 0.2657 - Train Metric: 0.9568
Epoch 46/50 - Val Metric: 0.9550
Epoch 47/50 - Train Loss: 0.2604 - Train Metric: 0.9584
Epoch 47/50 - Val Metric: 0.9558
Epoch 48/50 - Train Loss: 0.2612 - Train Metric: 0.9581
Epoch 48/50 - Val Metric: 0.9552
Epoch 49/50 - Train Loss: 0.2586 - Train Metric: 0.9589
Epoch 49/50 - Val Metric: 0.9554
Epoch 50/50 - Train Loss: 0.2589 - Train Metric: 0.9589
Epoch 50/50 - Val Metric: 0.9554
Best val: 0.9558, Best test: 0.9524
Training set has 16507 instances
Validation set has 2063 instances
Test set has 2064 instances
Training set has 16507 instances
Validation set has 2063 instances
Test set has 2064 instances
Training set has 16507 instances
Validation set has 2063 instances
Test set has 2064 instances
Epoch 1/50 - Train Loss: 0.6070 - Train Metric: 0.6488
Epoch 1/50 - Val Metric: 0.8692
Epoch 2/50 - Train Loss: 0.4377 - Train Metric: 0.8768
Epoch 2/50 - Val Metric: 0.9111
Epoch 3/50 - Train Loss: 0.3771 - Train Metric: 0.9118
Epoch 3/50 - Val Metric: 0.9201
Epoch 4/50 - Train Loss: 0.3637 - Train Metric: 0.9181
Epoch 4/50 - Val Metric: 0.9215
Epoch 5/50 - Train Loss: 0.3624 - Train Metric: 0.9186
Epoch 5/50 - Val Metric: 0.9235
Epoch 6/50 - Train Loss: 0.3625 - Train Metric: 0.9186
Epoch 6/50 - Val Metric: 0.9255
Epoch 7/50 - Train Loss: 0.3440 - Train Metric: 0.9271
Epoch 7/50 - Val Metric: 0.9278
Epoch 8/50 - Train Loss: 0.3492 - Train Metric: 0.9247
Epoch 8/50 - Val Metric: 0.9308
Epoch 9/50 - Train Loss: 0.3379 - Train Metric: 0.9295
Epoch 9/50 - Val Metric: 0.9313
Epoch 10/50 - Train Loss: 0.3325 - Train Metric: 0.9319
Epoch 10/50 - Val Metric: 0.9297
Epoch 11/50 - Train Loss: 0.3312 - Train Metric: 0.9325
Epoch 11/50 - Val Metric: 0.9309
Epoch 12/50 - Train Loss: 0.3340 - Train Metric: 0.9311
Epoch 12/50 - Val Metric: 0.9347
Epoch 13/50 - Train Loss: 0.3269 - Train Metric: 0.9342
Epoch 13/50 - Val Metric: 0.9366
Epoch 14/50 - Train Loss: 0.3207 - Train Metric: 0.9368
Epoch 14/50 - Val Metric: 0.9379
Epoch 15/50 - Train Loss: 0.3250 - Train Metric: 0.9349
Epoch 15/50 - Val Metric: 0.9362
Epoch 16/50 - Train Loss: 0.3185 - Train Metric: 0.9375
Epoch 16/50 - Val Metric: 0.9400
Epoch 17/50 - Train Loss: 0.3155 - Train Metric: 0.9389
Epoch 17/50 - Val Metric: 0.9402
Epoch 18/50 - Train Loss: 0.3145 - Train Metric: 0.9392
Epoch 18/50 - Val Metric: 0.9384
Epoch 19/50 - Train Loss: 0.3148 - Train Metric: 0.9390
Epoch 19/50 - Val Metric: 0.9314
Epoch 20/50 - Train Loss: 0.3127 - Train Metric: 0.9398
Epoch 20/50 - Val Metric: 0.9338
Epoch 21/50 - Train Loss: 0.3099 - Train Metric: 0.9409
Epoch 21/50 - Val Metric: 0.9393
Epoch 22/50 - Train Loss: 0.3038 - Train Metric: 0.9433
Epoch 22/50 - Val Metric: 0.9426
Epoch 23/50 - Train Loss: 0.2975 - Train Metric: 0.9456
Epoch 23/50 - Val Metric: 0.9477
Epoch 24/50 - Train Loss: 0.2928 - Train Metric: 0.9473
Epoch 24/50 - Val Metric: 0.9470
Epoch 25/50 - Train Loss: 0.2904 - Train Metric: 0.9482
Epoch 25/50 - Val Metric: 0.9505
Epoch 26/50 - Train Loss: 0.2916 - Train Metric: 0.9477
Epoch 26/50 - Val Metric: 0.9496
Epoch 27/50 - Train Loss: 0.2901 - Train Metric: 0.9482
Epoch 27/50 - Val Metric: 0.9487
Epoch 28/50 - Train Loss: 0.2891 - Train Metric: 0.9486
Epoch 28/50 - Val Metric: 0.9516
Epoch 29/50 - Train Loss: 0.2826 - Train Metric: 0.9510
Epoch 29/50 - Val Metric: 0.9498
Epoch 30/50 - Train Loss: 0.2818 - Train Metric: 0.9512
Epoch 30/50 - Val Metric: 0.9510
Epoch 31/50 - Train Loss: 0.2787 - Train Metric: 0.9522
Epoch 31/50 - Val Metric: 0.9529
Epoch 32/50 - Train Loss: 0.2755 - Train Metric: 0.9534
Epoch 32/50 - Val Metric: 0.9527
Epoch 33/50 - Train Loss: 0.2754 - Train Metric: 0.9533
Epoch 33/50 - Val Metric: 0.9531
Epoch 34/50 - Train Loss: 0.2733 - Train Metric: 0.9541
Epoch 34/50 - Val Metric: 0.9517
Epoch 35/50 - Train Loss: 0.2737 - Train Metric: 0.9539
Epoch 35/50 - Val Metric: 0.9507
Epoch 36/50 - Train Loss: 0.2689 - Train Metric: 0.9556
Epoch 36/50 - Val Metric: 0.9547
Epoch 37/50 - Train Loss: 0.2697 - Train Metric: 0.9553
Epoch 37/50 - Val Metric: 0.9525
Epoch 38/50 - Train Loss: 0.2698 - Train Metric: 0.9553
Epoch 38/50 - Val Metric: 0.9550
Epoch 39/50 - Train Loss: 0.2640 - Train Metric: 0.9572
Epoch 39/50 - Val Metric: 0.9514
Epoch 40/50 - Train Loss: 0.2666 - Train Metric: 0.9564
Epoch 40/50 - Val Metric: 0.9532
Epoch 41/50 - Train Loss: 0.2635 - Train Metric: 0.9574
Epoch 41/50 - Val Metric: 0.9542
Epoch 42/50 - Train Loss: 0.2599 - Train Metric: 0.9586
Epoch 42/50 - Val Metric: 0.9542
Epoch 43/50 - Train Loss: 0.2575 - Train Metric: 0.9593
Epoch 43/50 - Val Metric: 0.9549
Epoch 44/50 - Train Loss: 0.2580 - Train Metric: 0.9591
Epoch 44/50 - Val Metric: 0.9547
Epoch 45/50 - Train Loss: 0.2555 - Train Metric: 0.9599
Epoch 45/50 - Val Metric: 0.9544
Epoch 46/50 - Train Loss: 0.2541 - Train Metric: 0.9603
Epoch 46/50 - Val Metric: 0.9551
Epoch 47/50 - Train Loss: 0.2531 - Train Metric: 0.9607
Epoch 47/50 - Val Metric: 0.9550
Epoch 48/50 - Train Loss: 0.2543 - Train Metric: 0.9603
Epoch 48/50 - Val Metric: 0.9550
Epoch 49/50 - Train Loss: 0.2519 - Train Metric: 0.9610
Epoch 49/50 - Val Metric: 0.9558
Epoch 50/50 - Train Loss: 0.2481 - Train Metric: 0.9621
Epoch 50/50 - Val Metric: 0.9547
Best val: 0.9558, Best test: 0.9576
Training set has 16507 instances
Validation set has 2063 instances
Test set has 2064 instances
Epoch 1/50 - Train Loss: 0.6947 - Train Metric: 0.5212
Epoch 1/50 - Val Metric: 0.8387
Epoch 2/50 - Train Loss: 0.5530 - Train Metric: 0.7486
Epoch 2/50 - Val Metric: 0.8974
Epoch 3/50 - Train Loss: 0.3962 - Train Metric: 0.9018
Epoch 3/50 - Val Metric: 0.9231
Epoch 4/50 - Train Loss: 0.3699 - Train Metric: 0.9151
Epoch 4/50 - Val Metric: 0.9275
Epoch 5/50 - Train Loss: 0.3595 - Train Metric: 0.9200
Epoch 5/50 - Val Metric: 0.9245
Epoch 6/50 - Train Loss: 0.3585 - Train Metric: 0.9205
Epoch 6/50 - Val Metric: 0.9303
Epoch 7/50 - Train Loss: 0.3582 - Train Metric: 0.9205
Epoch 7/50 - Val Metric: 0.9284
Epoch 8/50 - Train Loss: 0.3532 - Train Metric: 0.9228
Epoch 8/50 - Val Metric: 0.9325
Epoch 9/50 - Train Loss: 0.3507 - Train Metric: 0.9238
Epoch 9/50 - Val Metric: 0.9332
Epoch 10/50 - Train Loss: 0.3489 - Train Metric: 0.9247
Epoch 10/50 - Val Metric: 0.9347
Epoch 11/50 - Train Loss: 0.3443 - Train Metric: 0.9268
Epoch 11/50 - Val Metric: 0.9350
Epoch 12/50 - Train Loss: 0.3364 - Train Metric: 0.9300
Epoch 12/50 - Val Metric: 0.9370
Epoch 13/50 - Train Loss: 0.3342 - Train Metric: 0.9312
Epoch 13/50 - Val Metric: 0.9395
Epoch 14/50 - Train Loss: 0.3338 - Train Metric: 0.9313
Epoch 14/50 - Val Metric: 0.9390
Epoch 15/50 - Train Loss: 0.3281 - Train Metric: 0.9337
Epoch 15/50 - Val Metric: 0.9404
Epoch 16/50 - Train Loss: 0.3214 - Train Metric: 0.9363
Epoch 16/50 - Val Metric: 0.9421
Epoch 17/50 - Train Loss: 0.3137 - Train Metric: 0.9394
Epoch 17/50 - Val Metric: 0.9385
Epoch 18/50 - Train Loss: 0.3108 - Train Metric: 0.9405
Epoch 18/50 - Val Metric: 0.9428
Epoch 19/50 - Train Loss: 0.3118 - Train Metric: 0.9402
Epoch 19/50 - Val Metric: 0.9442
Epoch 20/50 - Train Loss: 0.3050 - Train Metric: 0.9427
Epoch 20/50 - Val Metric: 0.9433
Epoch 21/50 - Train Loss: 0.3029 - Train Metric: 0.9436
Epoch 21/50 - Val Metric: 0.9449
Epoch 22/50 - Train Loss: 0.3017 - Train Metric: 0.9439
Epoch 22/50 - Val Metric: 0.9452
Epoch 23/50 - Train Loss: 0.2948 - Train Metric: 0.9465
Epoch 23/50 - Val Metric: 0.9482
Epoch 24/50 - Train Loss: 0.2947 - Train Metric: 0.9466
Epoch 24/50 - Val Metric: 0.9466
Epoch 25/50 - Train Loss: 0.2920 - Train Metric: 0.9475
Epoch 25/50 - Val Metric: 0.9469
Epoch 26/50 - Train Loss: 0.2920 - Train Metric: 0.9475
Epoch 26/50 - Val Metric: 0.9463
Epoch 27/50 - Train Loss: 0.2913 - Train Metric: 0.9476
Epoch 27/50 - Val Metric: 0.9506
Epoch 28/50 - Train Loss: 0.2932 - Train Metric: 0.9470
Epoch 28/50 - Val Metric: 0.9468
Epoch 29/50 - Train Loss: 0.2876 - Train Metric: 0.9491
Epoch 29/50 - Val Metric: 0.9468
Epoch 30/50 - Train Loss: 0.2827 - Train Metric: 0.9508
Epoch 30/50 - Val Metric: 0.9490
Epoch 31/50 - Train Loss: 0.2780 - Train Metric: 0.9524
Epoch 31/50 - Val Metric: 0.9481
Epoch 32/50 - Train Loss: 0.2781 - Train Metric: 0.9525
Epoch 32/50 - Val Metric: 0.9528
Epoch 33/50 - Train Loss: 0.2735 - Train Metric: 0.9540
Epoch 33/50 - Val Metric: 0.9483
Epoch 34/50 - Train Loss: 0.2752 - Train Metric: 0.9535
Epoch 34/50 - Val Metric: 0.9526
Epoch 35/50 - Train Loss: 0.2705 - Train Metric: 0.9550
Epoch 35/50 - Val Metric: 0.9522
Epoch 36/50 - Train Loss: 0.2681 - Train Metric: 0.9558
Epoch 36/50 - Val Metric: 0.9534
Epoch 37/50 - Train Loss: 0.2653 - Train Metric: 0.9567
Epoch 37/50 - Val Metric: 0.9527
Epoch 38/50 - Train Loss: 0.2650 - Train Metric: 0.9567
Epoch 38/50 - Val Metric: 0.9537
Epoch 39/50 - Train Loss: 0.2629 - Train Metric: 0.9575
Epoch 39/50 - Val Metric: 0.9537
Epoch 40/50 - Train Loss: 0.2620 - Train Metric: 0.9578
Epoch 40/50 - Val Metric: 0.9524
Epoch 41/50 - Train Loss: 0.2601 - Train Metric: 0.9584
Epoch 41/50 - Val Metric: 0.9539
Epoch 42/50 - Train Loss: 0.2590 - Train Metric: 0.9588
Epoch 42/50 - Val Metric: 0.9551
Epoch 43/50 - Train Loss: 0.2573 - Train Metric: 0.9593
Epoch 43/50 - Val Metric: 0.9542
Epoch 44/50 - Train Loss: 0.2563 - Train Metric: 0.9596
Epoch 44/50 - Val Metric: 0.9541
Epoch 45/50 - Train Loss: 0.2536 - Train Metric: 0.9605
Epoch 45/50 - Val Metric: 0.9548
Epoch 46/50 - Train Loss: 0.2500 - Train Metric: 0.9616
Epoch 46/50 - Val Metric: 0.9547
Epoch 47/50 - Train Loss: 0.2501 - Train Metric: 0.9615
Epoch 47/50 - Val Metric: 0.9549
Epoch 48/50 - Train Loss: 0.2508 - Train Metric: 0.9613
Epoch 48/50 - Val Metric: 0.9549
Epoch 49/50 - Train Loss: 0.2480 - Train Metric: 0.9622
Epoch 49/50 - Val Metric: 0.9560
Epoch 50/50 - Train Loss: 0.2499 - Train Metric: 0.9616
Epoch 50/50 - Val Metric: 0.9557
Best val: 0.9560, Best test: 0.9565
Training set has 16507 instances
Validation set has 2063 instances
Test set has 2064 instances
Training set has 16507 instances
Validation set has 2063 instances
Test set has 2064 instances
Hyper-parameter search done. Found the best config.
Repeat experiments 5 times with the best train config {'batch_size': 128, 'gamma_rate': 0.95, 'base_lr': 0.001} and model config {'num_heads': 8, 'num_layers': 6, 'num_latents': 64, 'hidden_dim': 32, 'mlp_ratio': 0.25, 'dropout_prob': 0, 'top_k': 3}.
Training set has 16507 instances
Validation set has 2063 instances
Test set has 2064 instances
Epoch 1/50 - Train Loss: 0.6177 - Train Metric: 0.6440
Epoch 1/50 - Val Metric: 0.8810
Epoch 2/50 - Train Loss: 0.4188 - Train Metric: 0.8884
Epoch 2/50 - Val Metric: 0.9240
Epoch 3/50 - Train Loss: 0.3890 - Train Metric: 0.9053
Epoch 3/50 - Val Metric: 0.9255
Epoch 4/50 - Train Loss: 0.3785 - Train Metric: 0.9107
Epoch 4/50 - Val Metric: 0.9336
Epoch 5/50 - Train Loss: 0.3608 - Train Metric: 0.9194
Epoch 5/50 - Val Metric: 0.9357
Epoch 6/50 - Train Loss: 0.3654 - Train Metric: 0.9172
Epoch 6/50 - Val Metric: 0.9354
Epoch 7/50 - Train Loss: 0.3515 - Train Metric: 0.9233
Epoch 7/50 - Val Metric: 0.9362
Epoch 8/50 - Train Loss: 0.3545 - Train Metric: 0.9221
Epoch 8/50 - Val Metric: 0.9386
Epoch 9/50 - Train Loss: 0.3448 - Train Metric: 0.9266
Epoch 9/50 - Val Metric: 0.9387
Epoch 10/50 - Train Loss: 0.3486 - Train Metric: 0.9248
Epoch 10/50 - Val Metric: 0.9397
Epoch 11/50 - Train Loss: 0.3387 - Train Metric: 0.9291
Epoch 11/50 - Val Metric: 0.9408
Epoch 12/50 - Train Loss: 0.3351 - Train Metric: 0.9306
Epoch 12/50 - Val Metric: 0.9418
Epoch 13/50 - Train Loss: 0.3348 - Train Metric: 0.9308
Epoch 13/50 - Val Metric: 0.9412
Epoch 14/50 - Train Loss: 0.3332 - Train Metric: 0.9314
Epoch 14/50 - Val Metric: 0.9436
Epoch 15/50 - Train Loss: 0.3315 - Train Metric: 0.9321
Epoch 15/50 - Val Metric: 0.9441
Epoch 16/50 - Train Loss: 0.3304 - Train Metric: 0.9325
Epoch 16/50 - Val Metric: 0.9422
Epoch 17/50 - Train Loss: 0.3244 - Train Metric: 0.9351
Epoch 17/50 - Val Metric: 0.9443
Epoch 18/50 - Train Loss: 0.3209 - Train Metric: 0.9366
Epoch 18/50 - Val Metric: 0.9438
Epoch 19/50 - Train Loss: 0.3231 - Train Metric: 0.9356
Epoch 19/50 - Val Metric: 0.9432
Epoch 20/50 - Train Loss: 0.3172 - Train Metric: 0.9380
Epoch 20/50 - Val Metric: 0.9453
Epoch 21/50 - Train Loss: 0.3193 - Train Metric: 0.9372
Epoch 21/50 - Val Metric: 0.9471
Epoch 22/50 - Train Loss: 0.3164 - Train Metric: 0.9383
Epoch 22/50 - Val Metric: 0.9471
Epoch 23/50 - Train Loss: 0.3160 - Train Metric: 0.9385
Epoch 23/50 - Val Metric: 0.9479
Epoch 24/50 - Train Loss: 0.3115 - Train Metric: 0.9404
Epoch 24/50 - Val Metric: 0.9464
Epoch 25/50 - Train Loss: 0.3138 - Train Metric: 0.9394
Epoch 25/50 - Val Metric: 0.9479
Epoch 26/50 - Train Loss: 0.3094 - Train Metric: 0.9410
Epoch 26/50 - Val Metric: 0.9485
Epoch 27/50 - Train Loss: 0.3043 - Train Metric: 0.9431
Epoch 27/50 - Val Metric: 0.9491
Epoch 28/50 - Train Loss: 0.3036 - Train Metric: 0.9434
Epoch 28/50 - Val Metric: 0.9503
Epoch 29/50 - Train Loss: 0.2994 - Train Metric: 0.9450
Epoch 29/50 - Val Metric: 0.9501
Epoch 30/50 - Train Loss: 0.2996 - Train Metric: 0.9449
Epoch 30/50 - Val Metric: 0.9482
Epoch 31/50 - Train Loss: 0.2961 - Train Metric: 0.9462
Epoch 31/50 - Val Metric: 0.9490
Epoch 32/50 - Train Loss: 0.2965 - Train Metric: 0.9461
Epoch 32/50 - Val Metric: 0.9497
Epoch 33/50 - Train Loss: 0.2915 - Train Metric: 0.9479
Epoch 33/50 - Val Metric: 0.9482
Epoch 34/50 - Train Loss: 0.2919 - Train Metric: 0.9477
Epoch 34/50 - Val Metric: 0.9523
Epoch 35/50 - Train Loss: 0.2880 - Train Metric: 0.9491
Epoch 35/50 - Val Metric: 0.9488
Epoch 36/50 - Train Loss: 0.2879 - Train Metric: 0.9491
Epoch 36/50 - Val Metric: 0.9521
Epoch 37/50 - Train Loss: 0.2901 - Train Metric: 0.9484
Epoch 37/50 - Val Metric: 0.9514
Epoch 38/50 - Train Loss: 0.2833 - Train Metric: 0.9508
Epoch 38/50 - Val Metric: 0.9531
Epoch 39/50 - Train Loss: 0.2826 - Train Metric: 0.9511
Epoch 39/50 - Val Metric: 0.9539
Epoch 40/50 - Train Loss: 0.2800 - Train Metric: 0.9519
Epoch 40/50 - Val Metric: 0.9555
Epoch 41/50 - Train Loss: 0.2762 - Train Metric: 0.9533
Epoch 41/50 - Val Metric: 0.9548
Epoch 42/50 - Train Loss: 0.2771 - Train Metric: 0.9530
Epoch 42/50 - Val Metric: 0.9510
Epoch 43/50 - Train Loss: 0.2748 - Train Metric: 0.9538
Epoch 43/50 - Val Metric: 0.9544
Epoch 44/50 - Train Loss: 0.2695 - Train Metric: 0.9555
Epoch 44/50 - Val Metric: 0.9551
Epoch 45/50 - Train Loss: 0.2718 - Train Metric: 0.9548
Epoch 45/50 - Val Metric: 0.9541
Epoch 46/50 - Train Loss: 0.2720 - Train Metric: 0.9547
Epoch 46/50 - Val Metric: 0.9535
Epoch 47/50 - Train Loss: 0.2679 - Train Metric: 0.9561
Epoch 47/50 - Val Metric: 0.9565
Epoch 48/50 - Train Loss: 0.2667 - Train Metric: 0.9565
Epoch 48/50 - Val Metric: 0.9551
Epoch 49/50 - Train Loss: 0.2631 - Train Metric: 0.9578
Epoch 49/50 - Val Metric: 0.9563
Epoch 50/50 - Train Loss: 0.2611 - Train Metric: 0.9584
Epoch 50/50 - Val Metric: 0.9568
Best val: 0.9568, Best test: 0.9627
Training set has 16507 instances
Validation set has 2063 instances
Test set has 2064 instances
Epoch 1/50 - Train Loss: 0.6985 - Train Metric: 0.5020
Epoch 1/50 - Val Metric: 0.7129
Epoch 2/50 - Train Loss: 0.6262 - Train Metric: 0.6387
Epoch 2/50 - Val Metric: 0.8678
Epoch 3/50 - Train Loss: 0.4074 - Train Metric: 0.8949
Epoch 3/50 - Val Metric: 0.9241
Epoch 4/50 - Train Loss: 0.3725 - Train Metric: 0.9138
Epoch 4/50 - Val Metric: 0.9257
Epoch 5/50 - Train Loss: 0.3453 - Train Metric: 0.9265
Epoch 5/50 - Val Metric: 0.9261
Epoch 6/50 - Train Loss: 0.3483 - Train Metric: 0.9250
Epoch 6/50 - Val Metric: 0.9288
Epoch 7/50 - Train Loss: 0.3453 - Train Metric: 0.9263
Epoch 7/50 - Val Metric: 0.9309
Epoch 8/50 - Train Loss: 0.3360 - Train Metric: 0.9302
Epoch 8/50 - Val Metric: 0.9318
Epoch 9/50 - Train Loss: 0.3317 - Train Metric: 0.9321
Epoch 9/50 - Val Metric: 0.9324
Epoch 10/50 - Train Loss: 0.3322 - Train Metric: 0.9318
Epoch 10/50 - Val Metric: 0.9352
Epoch 11/50 - Train Loss: 0.3247 - Train Metric: 0.9349
Epoch 11/50 - Val Metric: 0.9348
Epoch 12/50 - Train Loss: 0.3232 - Train Metric: 0.9356
Epoch 12/50 - Val Metric: 0.9406
Epoch 13/50 - Train Loss: 0.3196 - Train Metric: 0.9372
Epoch 13/50 - Val Metric: 0.9398
Epoch 14/50 - Train Loss: 0.3141 - Train Metric: 0.9393
Epoch 14/50 - Val Metric: 0.9421
Epoch 15/50 - Train Loss: 0.3136 - Train Metric: 0.9395
Epoch 15/50 - Val Metric: 0.9414
Epoch 16/50 - Train Loss: 0.3118 - Train Metric: 0.9400
Epoch 16/50 - Val Metric: 0.9423
Epoch 17/50 - Train Loss: 0.3114 - Train Metric: 0.9404
Epoch 17/50 - Val Metric: 0.9379
Epoch 18/50 - Train Loss: 0.3130 - Train Metric: 0.9396
Epoch 18/50 - Val Metric: 0.9404
Epoch 19/50 - Train Loss: 0.3053 - Train Metric: 0.9426
Epoch 19/50 - Val Metric: 0.9416
Epoch 20/50 - Train Loss: 0.3115 - Train Metric: 0.9403
Epoch 20/50 - Val Metric: 0.9408
Epoch 21/50 - Train Loss: 0.3039 - Train Metric: 0.9432
Epoch 21/50 - Val Metric: 0.9443
Epoch 22/50 - Train Loss: 0.3084 - Train Metric: 0.9414
Epoch 22/50 - Val Metric: 0.9439
Epoch 23/50 - Train Loss: 0.3026 - Train Metric: 0.9437
Epoch 23/50 - Val Metric: 0.9427
Epoch 24/50 - Train Loss: 0.2993 - Train Metric: 0.9448
Epoch 24/50 - Val Metric: 0.9429
Epoch 25/50 - Train Loss: 0.2965 - Train Metric: 0.9458
Epoch 25/50 - Val Metric: 0.9471
Epoch 26/50 - Train Loss: 0.2949 - Train Metric: 0.9464
Epoch 26/50 - Val Metric: 0.9474
Epoch 27/50 - Train Loss: 0.2931 - Train Metric: 0.9471
Epoch 27/50 - Val Metric: 0.9479
Epoch 28/50 - Train Loss: 0.2907 - Train Metric: 0.9481
Epoch 28/50 - Val Metric: 0.9471
Epoch 29/50 - Train Loss: 0.2898 - Train Metric: 0.9484
Epoch 29/50 - Val Metric: 0.9478
Epoch 30/50 - Train Loss: 0.2872 - Train Metric: 0.9492
Epoch 30/50 - Val Metric: 0.9491
Epoch 31/50 - Train Loss: 0.2842 - Train Metric: 0.9503
Epoch 31/50 - Val Metric: 0.9484
Epoch 32/50 - Train Loss: 0.2834 - Train Metric: 0.9507
Epoch 32/50 - Val Metric: 0.9517
Epoch 33/50 - Train Loss: 0.2775 - Train Metric: 0.9526
Epoch 33/50 - Val Metric: 0.9523
Epoch 34/50 - Train Loss: 0.2783 - Train Metric: 0.9524
Epoch 34/50 - Val Metric: 0.9487
Epoch 35/50 - Train Loss: 0.2748 - Train Metric: 0.9536
Epoch 35/50 - Val Metric: 0.9501
Epoch 36/50 - Train Loss: 0.2719 - Train Metric: 0.9546
Epoch 36/50 - Val Metric: 0.9510
Epoch 37/50 - Train Loss: 0.2700 - Train Metric: 0.9552
Epoch 37/50 - Val Metric: 0.9536
Epoch 38/50 - Train Loss: 0.2656 - Train Metric: 0.9567
Epoch 38/50 - Val Metric: 0.9512
Epoch 39/50 - Train Loss: 0.2647 - Train Metric: 0.9569
Epoch 39/50 - Val Metric: 0.9513
Epoch 40/50 - Train Loss: 0.2636 - Train Metric: 0.9573
Epoch 40/50 - Val Metric: 0.9547
Epoch 41/50 - Train Loss: 0.2579 - Train Metric: 0.9593
Epoch 41/50 - Val Metric: 0.9545
Epoch 42/50 - Train Loss: 0.2580 - Train Metric: 0.9592
Epoch 42/50 - Val Metric: 0.9558
Epoch 43/50 - Train Loss: 0.2567 - Train Metric: 0.9595
Epoch 43/50 - Val Metric: 0.9518
Epoch 44/50 - Train Loss: 0.2546 - Train Metric: 0.9602
Epoch 44/50 - Val Metric: 0.9529
Epoch 45/50 - Train Loss: 0.2536 - Train Metric: 0.9605
Epoch 45/50 - Val Metric: 0.9552
Epoch 46/50 - Train Loss: 0.2503 - Train Metric: 0.9615
Epoch 46/50 - Val Metric: 0.9535
Epoch 47/50 - Train Loss: 0.2488 - Train Metric: 0.9620
Epoch 47/50 - Val Metric: 0.9528
Epoch 48/50 - Train Loss: 0.2489 - Train Metric: 0.9619
Epoch 48/50 - Val Metric: 0.9548
Epoch 49/50 - Train Loss: 0.2480 - Train Metric: 0.9623
Epoch 49/50 - Val Metric: 0.9563
Epoch 50/50 - Train Loss: 0.2459 - Train Metric: 0.9629
Epoch 50/50 - Val Metric: 0.9555
Best val: 0.9563, Best test: 0.9608
Training set has 16507 instances
Validation set has 2063 instances
Test set has 2064 instances
Epoch 1/50 - Train Loss: 0.6948 - Train Metric: 0.5033
Epoch 1/50 - Val Metric: 0.7612
Epoch 2/50 - Train Loss: 0.5285 - Train Metric: 0.7874
Epoch 2/50 - Val Metric: 0.9027
Epoch 3/50 - Train Loss: 0.3856 - Train Metric: 0.9071
Epoch 3/50 - Val Metric: 0.9231
Epoch 4/50 - Train Loss: 0.3551 - Train Metric: 0.9220
Epoch 4/50 - Val Metric: 0.9208
Epoch 5/50 - Train Loss: 0.3606 - Train Metric: 0.9192
Epoch 5/50 - Val Metric: 0.9262
Epoch 6/50 - Train Loss: 0.3553 - Train Metric: 0.9215
Epoch 6/50 - Val Metric: 0.9267
Epoch 7/50 - Train Loss: 0.3382 - Train Metric: 0.9293
Epoch 7/50 - Val Metric: 0.9295
Epoch 8/50 - Train Loss: 0.3374 - Train Metric: 0.9297
Epoch 8/50 - Val Metric: 0.9283
Epoch 9/50 - Train Loss: 0.3274 - Train Metric: 0.9341
Epoch 9/50 - Val Metric: 0.9320
Epoch 10/50 - Train Loss: 0.3288 - Train Metric: 0.9332
Epoch 10/50 - Val Metric: 0.9304
Epoch 11/50 - Train Loss: 0.3337 - Train Metric: 0.9312
Epoch 11/50 - Val Metric: 0.9355
Epoch 12/50 - Train Loss: 0.3318 - Train Metric: 0.9321
Epoch 12/50 - Val Metric: 0.9362
Epoch 13/50 - Train Loss: 0.3182 - Train Metric: 0.9375
Epoch 13/50 - Val Metric: 0.9367
Epoch 14/50 - Train Loss: 0.3177 - Train Metric: 0.9379
Epoch 14/50 - Val Metric: 0.9363
Epoch 15/50 - Train Loss: 0.3181 - Train Metric: 0.9376
Epoch 15/50 - Val Metric: 0.9409
Epoch 16/50 - Train Loss: 0.3076 - Train Metric: 0.9418
Epoch 16/50 - Val Metric: 0.9418
Epoch 17/50 - Train Loss: 0.3088 - Train Metric: 0.9412
Epoch 17/50 - Val Metric: 0.9415
Epoch 18/50 - Train Loss: 0.3065 - Train Metric: 0.9422
Epoch 18/50 - Val Metric: 0.9428
Epoch 19/50 - Train Loss: 0.3090 - Train Metric: 0.9411
Epoch 19/50 - Val Metric: 0.9402
Epoch 20/50 - Train Loss: 0.2995 - Train Metric: 0.9446
Epoch 20/50 - Val Metric: 0.9442
Epoch 21/50 - Train Loss: 0.2950 - Train Metric: 0.9464
Epoch 21/50 - Val Metric: 0.9431
Epoch 22/50 - Train Loss: 0.2968 - Train Metric: 0.9458
Epoch 22/50 - Val Metric: 0.9466
Epoch 23/50 - Train Loss: 0.2939 - Train Metric: 0.9468
Epoch 23/50 - Val Metric: 0.9471
Epoch 24/50 - Train Loss: 0.2963 - Train Metric: 0.9457
Epoch 24/50 - Val Metric: 0.9450
Epoch 25/50 - Train Loss: 0.2912 - Train Metric: 0.9478
Epoch 25/50 - Val Metric: 0.9486
Epoch 26/50 - Train Loss: 0.2869 - Train Metric: 0.9493
Epoch 26/50 - Val Metric: 0.9452
Epoch 27/50 - Train Loss: 0.2862 - Train Metric: 0.9496
Epoch 27/50 - Val Metric: 0.9501
Epoch 28/50 - Train Loss: 0.2829 - Train Metric: 0.9507
Epoch 28/50 - Val Metric: 0.9511
Epoch 29/50 - Train Loss: 0.2796 - Train Metric: 0.9518
Epoch 29/50 - Val Metric: 0.9522
Epoch 30/50 - Train Loss: 0.2793 - Train Metric: 0.9520
Epoch 30/50 - Val Metric: 0.9502
Epoch 31/50 - Train Loss: 0.2810 - Train Metric: 0.9513
Epoch 31/50 - Val Metric: 0.9517
Epoch 32/50 - Train Loss: 0.2744 - Train Metric: 0.9536
Epoch 32/50 - Val Metric: 0.9550
Epoch 33/50 - Train Loss: 0.2753 - Train Metric: 0.9533
Epoch 33/50 - Val Metric: 0.9441
Epoch 34/50 - Train Loss: 0.2762 - Train Metric: 0.9532
Epoch 34/50 - Val Metric: 0.9531
Epoch 35/50 - Train Loss: 0.2729 - Train Metric: 0.9541
Epoch 35/50 - Val Metric: 0.9544
Epoch 36/50 - Train Loss: 0.2728 - Train Metric: 0.9541
Epoch 36/50 - Val Metric: 0.9541
Epoch 37/50 - Train Loss: 0.2695 - Train Metric: 0.9553
Epoch 37/50 - Val Metric: 0.9519
Epoch 38/50 - Train Loss: 0.2703 - Train Metric: 0.9551
Epoch 38/50 - Val Metric: 0.9546
Epoch 39/50 - Train Loss: 0.2650 - Train Metric: 0.9567
Epoch 39/50 - Val Metric: 0.9558
Epoch 40/50 - Train Loss: 0.2657 - Train Metric: 0.9566
Epoch 40/50 - Val Metric: 0.9532
Epoch 41/50 - Train Loss: 0.2725 - Train Metric: 0.9543
Epoch 41/50 - Val Metric: 0.9529
Epoch 42/50 - Train Loss: 0.2660 - Train Metric: 0.9564
Epoch 42/50 - Val Metric: 0.9491
Epoch 43/50 - Train Loss: 0.2662 - Train Metric: 0.9563
Epoch 43/50 - Val Metric: 0.9511
Epoch 44/50 - Train Loss: 0.2611 - Train Metric: 0.9580
Epoch 44/50 - Val Metric: 0.9550
Epoch 45/50 - Train Loss: 0.2602 - Train Metric: 0.9583
Epoch 45/50 - Val Metric: 0.9565
Epoch 46/50 - Train Loss: 0.2574 - Train Metric: 0.9593
Epoch 46/50 - Val Metric: 0.9554
Epoch 47/50 - Train Loss: 0.2603 - Train Metric: 0.9582
Epoch 47/50 - Val Metric: 0.9558
Epoch 48/50 - Train Loss: 0.2572 - Train Metric: 0.9593
Epoch 48/50 - Val Metric: 0.9571
Epoch 49/50 - Train Loss: 0.2555 - Train Metric: 0.9598
Epoch 49/50 - Val Metric: 0.9569
Epoch 50/50 - Train Loss: 0.2551 - Train Metric: 0.9600
Epoch 50/50 - Val Metric: 0.9568
Best val: 0.9571, Best test: 0.9624
Training set has 16507 instances
Validation set has 2063 instances
Test set has 2064 instances
Epoch 1/50 - Train Loss: 0.6450 - Train Metric: 0.5921
Epoch 1/50 - Val Metric: 0.8476
Epoch 2/50 - Train Loss: 0.4427 - Train Metric: 0.8728
Epoch 2/50 - Val Metric: 0.9113
Epoch 3/50 - Train Loss: 0.3824 - Train Metric: 0.9085
Epoch 3/50 - Val Metric: 0.9178
Epoch 4/50 - Train Loss: 0.3651 - Train Metric: 0.9173
Epoch 4/50 - Val Metric: 0.9187
Epoch 5/50 - Train Loss: 0.3512 - Train Metric: 0.9238
Epoch 5/50 - Val Metric: 0.9230
Epoch 6/50 - Train Loss: 0.3483 - Train Metric: 0.9250
Epoch 6/50 - Val Metric: 0.9209
Epoch 7/50 - Train Loss: 0.3509 - Train Metric: 0.9237
Epoch 7/50 - Val Metric: 0.9229
Epoch 8/50 - Train Loss: 0.3428 - Train Metric: 0.9273
Epoch 8/50 - Val Metric: 0.9232
Epoch 9/50 - Train Loss: 0.3423 - Train Metric: 0.9276
Epoch 9/50 - Val Metric: 0.9266
Epoch 10/50 - Train Loss: 0.3357 - Train Metric: 0.9305
Epoch 10/50 - Val Metric: 0.9235
Epoch 11/50 - Train Loss: 0.3319 - Train Metric: 0.9319
Epoch 11/50 - Val Metric: 0.9289
Epoch 12/50 - Train Loss: 0.3287 - Train Metric: 0.9334
Epoch 12/50 - Val Metric: 0.9305
Epoch 13/50 - Train Loss: 0.3237 - Train Metric: 0.9354
Epoch 13/50 - Val Metric: 0.9314
Epoch 14/50 - Train Loss: 0.3276 - Train Metric: 0.9338
Epoch 14/50 - Val Metric: 0.9303
Epoch 15/50 - Train Loss: 0.3205 - Train Metric: 0.9367
Epoch 15/50 - Val Metric: 0.9339
Epoch 16/50 - Train Loss: 0.3157 - Train Metric: 0.9387
Epoch 16/50 - Val Metric: 0.9356
Epoch 17/50 - Train Loss: 0.3151 - Train Metric: 0.9389
Epoch 17/50 - Val Metric: 0.9361
Epoch 18/50 - Train Loss: 0.3123 - Train Metric: 0.9400
Epoch 18/50 - Val Metric: 0.9382
Epoch 19/50 - Train Loss: 0.3085 - Train Metric: 0.9414
Epoch 19/50 - Val Metric: 0.9343
Epoch 20/50 - Train Loss: 0.3114 - Train Metric: 0.9403
Epoch 20/50 - Val Metric: 0.9398
Epoch 21/50 - Train Loss: 0.3076 - Train Metric: 0.9418
Epoch 21/50 - Val Metric: 0.9360
Epoch 22/50 - Train Loss: 0.3064 - Train Metric: 0.9421
Epoch 22/50 - Val Metric: 0.9365
Epoch 23/50 - Train Loss: 0.2984 - Train Metric: 0.9452
Epoch 23/50 - Val Metric: 0.9377
Epoch 24/50 - Train Loss: 0.3031 - Train Metric: 0.9434
Epoch 24/50 - Val Metric: 0.9401
Epoch 25/50 - Train Loss: 0.2983 - Train Metric: 0.9451
Epoch 25/50 - Val Metric: 0.9407
Epoch 26/50 - Train Loss: 0.3002 - Train Metric: 0.9444
Epoch 26/50 - Val Metric: 0.9382
Epoch 27/50 - Train Loss: 0.2978 - Train Metric: 0.9453
Epoch 27/50 - Val Metric: 0.9411
Epoch 28/50 - Train Loss: 0.2922 - Train Metric: 0.9475
Epoch 28/50 - Val Metric: 0.9422
Epoch 29/50 - Train Loss: 0.2886 - Train Metric: 0.9488
Epoch 29/50 - Val Metric: 0.9442
Epoch 30/50 - Train Loss: 0.2827 - Train Metric: 0.9510
Epoch 30/50 - Val Metric: 0.9430
Epoch 31/50 - Train Loss: 0.2799 - Train Metric: 0.9519
Epoch 31/50 - Val Metric: 0.9446
Epoch 32/50 - Train Loss: 0.2799 - Train Metric: 0.9519
Epoch 32/50 - Val Metric: 0.9454
Epoch 33/50 - Train Loss: 0.2773 - Train Metric: 0.9529
Epoch 33/50 - Val Metric: 0.9435
Epoch 34/50 - Train Loss: 0.2790 - Train Metric: 0.9522
Epoch 34/50 - Val Metric: 0.9461
Epoch 35/50 - Train Loss: 0.2732 - Train Metric: 0.9542
Epoch 35/50 - Val Metric: 0.9475
Epoch 36/50 - Train Loss: 0.2708 - Train Metric: 0.9551
Epoch 36/50 - Val Metric: 0.9457
Epoch 37/50 - Train Loss: 0.2699 - Train Metric: 0.9553
Epoch 37/50 - Val Metric: 0.9470
Epoch 38/50 - Train Loss: 0.2660 - Train Metric: 0.9567
Epoch 38/50 - Val Metric: 0.9476
Epoch 39/50 - Train Loss: 0.2660 - Train Metric: 0.9566
Epoch 39/50 - Val Metric: 0.9482
Epoch 40/50 - Train Loss: 0.2621 - Train Metric: 0.9580
Epoch 40/50 - Val Metric: 0.9489
Epoch 41/50 - Train Loss: 0.2582 - Train Metric: 0.9592
Epoch 41/50 - Val Metric: 0.9471
Epoch 42/50 - Train Loss: 0.2577 - Train Metric: 0.9593
Epoch 42/50 - Val Metric: 0.9461
Epoch 43/50 - Train Loss: 0.2577 - Train Metric: 0.9592
Epoch 43/50 - Val Metric: 0.9496
Epoch 44/50 - Train Loss: 0.2546 - Train Metric: 0.9603
Epoch 44/50 - Val Metric: 0.9478
Epoch 45/50 - Train Loss: 0.2552 - Train Metric: 0.9600
Epoch 45/50 - Val Metric: 0.9474
Epoch 46/50 - Train Loss: 0.2533 - Train Metric: 0.9607
Epoch 46/50 - Val Metric: 0.9511
Epoch 47/50 - Train Loss: 0.2495 - Train Metric: 0.9619
Epoch 47/50 - Val Metric: 0.9506
Epoch 48/50 - Train Loss: 0.2489 - Train Metric: 0.9620
Epoch 48/50 - Val Metric: 0.9496
Epoch 49/50 - Train Loss: 0.2491 - Train Metric: 0.9621
Epoch 49/50 - Val Metric: 0.9495
Epoch 50/50 - Train Loss: 0.2458 - Train Metric: 0.9630
Epoch 50/50 - Val Metric: 0.9483
Best val: 0.9511, Best test: 0.9581
Training set has 16507 instances
Validation set has 2063 instances
Test set has 2064 instances
Epoch 1/50 - Train Loss: 0.6566 - Train Metric: 0.5687
Epoch 1/50 - Val Metric: 0.8540
Epoch 2/50 - Train Loss: 0.4666 - Train Metric: 0.8577
Epoch 2/50 - Val Metric: 0.8902
Epoch 3/50 - Train Loss: 0.3864 - Train Metric: 0.9069
Epoch 3/50 - Val Metric: 0.9205
Epoch 4/50 - Train Loss: 0.3662 - Train Metric: 0.9171
Epoch 4/50 - Val Metric: 0.9236
Epoch 5/50 - Train Loss: 0.3550 - Train Metric: 0.9221
Epoch 5/50 - Val Metric: 0.9244
Epoch 6/50 - Train Loss: 0.3507 - Train Metric: 0.9241
Epoch 6/50 - Val Metric: 0.9276
Epoch 7/50 - Train Loss: 0.3427 - Train Metric: 0.9275
Epoch 7/50 - Val Metric: 0.9281
Epoch 8/50 - Train Loss: 0.3449 - Train Metric: 0.9265
Epoch 8/50 - Val Metric: 0.9274
Epoch 9/50 - Train Loss: 0.3399 - Train Metric: 0.9287
Epoch 9/50 - Val Metric: 0.9286
Epoch 10/50 - Train Loss: 0.3352 - Train Metric: 0.9308
Epoch 10/50 - Val Metric: 0.9287
Epoch 11/50 - Train Loss: 0.3308 - Train Metric: 0.9326
Epoch 11/50 - Val Metric: 0.9334
Epoch 12/50 - Train Loss: 0.3338 - Train Metric: 0.9314
Epoch 12/50 - Val Metric: 0.9338
Epoch 13/50 - Train Loss: 0.3244 - Train Metric: 0.9355
Epoch 13/50 - Val Metric: 0.9351
Epoch 14/50 - Train Loss: 0.3233 - Train Metric: 0.9357
Epoch 14/50 - Val Metric: 0.9364
Epoch 15/50 - Train Loss: 0.3190 - Train Metric: 0.9376
Epoch 15/50 - Val Metric: 0.9390
Epoch 16/50 - Train Loss: 0.3096 - Train Metric: 0.9411
Epoch 16/50 - Val Metric: 0.9381
Epoch 17/50 - Train Loss: 0.3140 - Train Metric: 0.9394
Epoch 17/50 - Val Metric: 0.9366
Epoch 18/50 - Train Loss: 0.3147 - Train Metric: 0.9391
Epoch 18/50 - Val Metric: 0.9374
Epoch 19/50 - Train Loss: 0.3094 - Train Metric: 0.9412
Epoch 19/50 - Val Metric: 0.9405
Epoch 20/50 - Train Loss: 0.3036 - Train Metric: 0.9434
Epoch 20/50 - Val Metric: 0.9385
Epoch 21/50 - Train Loss: 0.3003 - Train Metric: 0.9446
Epoch 21/50 - Val Metric: 0.9416
Epoch 22/50 - Train Loss: 0.2964 - Train Metric: 0.9461
Epoch 22/50 - Val Metric: 0.9417
Epoch 23/50 - Train Loss: 0.2983 - Train Metric: 0.9454
Epoch 23/50 - Val Metric: 0.9428
Epoch 24/50 - Train Loss: 0.2958 - Train Metric: 0.9464
Epoch 24/50 - Val Metric: 0.9449
Epoch 25/50 - Train Loss: 0.2894 - Train Metric: 0.9486
Epoch 25/50 - Val Metric: 0.9421
Epoch 26/50 - Train Loss: 0.2903 - Train Metric: 0.9482
Epoch 26/50 - Val Metric: 0.9440
Epoch 27/50 - Train Loss: 0.2850 - Train Metric: 0.9501
Epoch 27/50 - Val Metric: 0.9419
Epoch 28/50 - Train Loss: 0.2904 - Train Metric: 0.9483
Epoch 28/50 - Val Metric: 0.9446
Epoch 29/50 - Train Loss: 0.2879 - Train Metric: 0.9491
Epoch 29/50 - Val Metric: 0.9454
Epoch 30/50 - Train Loss: 0.2853 - Train Metric: 0.9500
Epoch 30/50 - Val Metric: 0.9471
Epoch 31/50 - Train Loss: 0.2812 - Train Metric: 0.9514
Epoch 31/50 - Val Metric: 0.9461
Epoch 32/50 - Train Loss: 0.2789 - Train Metric: 0.9523
Epoch 32/50 - Val Metric: 0.9443
Epoch 33/50 - Train Loss: 0.2768 - Train Metric: 0.9530
Epoch 33/50 - Val Metric: 0.9474
Epoch 34/50 - Train Loss: 0.2805 - Train Metric: 0.9518
Epoch 34/50 - Val Metric: 0.9477
Epoch 35/50 - Train Loss: 0.2743 - Train Metric: 0.9538
Epoch 35/50 - Val Metric: 0.9460
Epoch 36/50 - Train Loss: 0.2734 - Train Metric: 0.9543
Epoch 36/50 - Val Metric: 0.9467
Epoch 37/50 - Train Loss: 0.2706 - Train Metric: 0.9551
Epoch 37/50 - Val Metric: 0.9475
Epoch 38/50 - Train Loss: 0.2698 - Train Metric: 0.9554
Epoch 38/50 - Val Metric: 0.9488
Epoch 39/50 - Train Loss: 0.2666 - Train Metric: 0.9564
Epoch 39/50 - Val Metric: 0.9453
Epoch 40/50 - Train Loss: 0.2695 - Train Metric: 0.9555
Epoch 40/50 - Val Metric: 0.9497
Epoch 41/50 - Train Loss: 0.2656 - Train Metric: 0.9568
Epoch 41/50 - Val Metric: 0.9480
Epoch 42/50 - Train Loss: 0.2637 - Train Metric: 0.9574
Epoch 42/50 - Val Metric: 0.9483
Epoch 43/50 - Train Loss: 0.2621 - Train Metric: 0.9579
Epoch 43/50 - Val Metric: 0.9473
Epoch 44/50 - Train Loss: 0.2585 - Train Metric: 0.9590
Epoch 44/50 - Val Metric: 0.9475
Epoch 45/50 - Train Loss: 0.2611 - Train Metric: 0.9582
Epoch 45/50 - Val Metric: 0.9496
Epoch 46/50 - Train Loss: 0.2558 - Train Metric: 0.9599
Epoch 46/50 - Val Metric: 0.9490
Epoch 47/50 - Train Loss: 0.2564 - Train Metric: 0.9597
Epoch 47/50 - Val Metric: 0.9514
Epoch 48/50 - Train Loss: 0.2552 - Train Metric: 0.9601
Epoch 48/50 - Val Metric: 0.9510
Epoch 49/50 - Train Loss: 0.2545 - Train Metric: 0.9603
Epoch 49/50 - Val Metric: 0.9494
Epoch 50/50 - Train Loss: 0.2539 - Train Metric: 0.9605
Epoch 50/50 - Val Metric: 0.9501
Best val: 0.9514, Best test: 0.9563
[0.96269006 0.9607842  0.96241492 0.95806164 0.95628166]
