Hyper-parameter search via Optuna
Namespace(task_type='binary_classification', scale='small', idx=5, epochs=50, num_trials=20, num_repeats=5, seed=0, exp_name='MemPerceiver', result_path='output/binary_classification/small/5/MemPerceiver.pt')
Device: cuda
Start building binary_classification dataset_small_5
Training set has 16507 instances
Validation set has 2063 instances
Test set has 2064 instances
Epoch 1/50 - Train Loss: 0.6971 - Train Metric: 0.5016
Epoch 1/50 - Val Metric: 0.8330
Epoch 2/50 - Train Loss: 0.6938 - Train Metric: 0.5133
Epoch 2/50 - Val Metric: 0.8246
Epoch 3/50 - Train Loss: 0.6913 - Train Metric: 0.5342
Epoch 3/50 - Val Metric: 0.8159
Epoch 4/50 - Train Loss: 0.5733 - Train Metric: 0.7535
Epoch 4/50 - Val Metric: 0.8773
Epoch 5/50 - Train Loss: 0.4662 - Train Metric: 0.8574
Epoch 5/50 - Val Metric: 0.8901
Epoch 6/50 - Train Loss: 0.4397 - Train Metric: 0.8753
Epoch 6/50 - Val Metric: 0.9027
Epoch 7/50 - Train Loss: 0.4173 - Train Metric: 0.8888
Epoch 7/50 - Val Metric: 0.9128
Epoch 8/50 - Train Loss: 0.4020 - Train Metric: 0.8974
Epoch 8/50 - Val Metric: 0.9192
Epoch 9/50 - Train Loss: 0.3928 - Train Metric: 0.9031
Epoch 9/50 - Val Metric: 0.9223
Epoch 10/50 - Train Loss: 0.3898 - Train Metric: 0.9045
Epoch 10/50 - Val Metric: 0.9214
Epoch 11/50 - Train Loss: 0.3794 - Train Metric: 0.9103
Epoch 11/50 - Val Metric: 0.9248
Epoch 12/50 - Train Loss: 0.3842 - Train Metric: 0.9079
Epoch 12/50 - Val Metric: 0.9258
Epoch 13/50 - Train Loss: 0.3793 - Train Metric: 0.9104
Epoch 13/50 - Val Metric: 0.9261
Epoch 14/50 - Train Loss: 0.3653 - Train Metric: 0.9172
Epoch 14/50 - Val Metric: 0.9270
Epoch 15/50 - Train Loss: 0.3668 - Train Metric: 0.9165
Epoch 15/50 - Val Metric: 0.9272
Epoch 16/50 - Train Loss: 0.3680 - Train Metric: 0.9160
Epoch 16/50 - Val Metric: 0.9275
Epoch 17/50 - Train Loss: 0.3791 - Train Metric: 0.9105
Epoch 17/50 - Val Metric: 0.9278
Epoch 18/50 - Train Loss: 0.3636 - Train Metric: 0.9179
Epoch 18/50 - Val Metric: 0.9275
Epoch 19/50 - Train Loss: 0.3645 - Train Metric: 0.9177
Epoch 19/50 - Val Metric: 0.9270
Epoch 20/50 - Train Loss: 0.3620 - Train Metric: 0.9188
Epoch 20/50 - Val Metric: 0.9283
Epoch 21/50 - Train Loss: 0.3620 - Train Metric: 0.9189
Epoch 21/50 - Val Metric: 0.9274
Epoch 22/50 - Train Loss: 0.3607 - Train Metric: 0.9194
Epoch 22/50 - Val Metric: 0.9284
Epoch 23/50 - Train Loss: 0.3612 - Train Metric: 0.9192
Epoch 23/50 - Val Metric: 0.9283
Epoch 24/50 - Train Loss: 0.3590 - Train Metric: 0.9202
Epoch 24/50 - Val Metric: 0.9284
Epoch 25/50 - Train Loss: 0.3586 - Train Metric: 0.9203
Epoch 25/50 - Val Metric: 0.9282
Epoch 26/50 - Train Loss: 0.3583 - Train Metric: 0.9204
Epoch 26/50 - Val Metric: 0.9284
Epoch 27/50 - Train Loss: 0.3593 - Train Metric: 0.9200
Epoch 27/50 - Val Metric: 0.9288
Epoch 28/50 - Train Loss: 0.3615 - Train Metric: 0.9190
Epoch 28/50 - Val Metric: 0.9287
Epoch 29/50 - Train Loss: 0.3612 - Train Metric: 0.9190
Epoch 29/50 - Val Metric: 0.9291
Epoch 30/50 - Train Loss: 0.3596 - Train Metric: 0.9198
Epoch 30/50 - Val Metric: 0.9293
Epoch 31/50 - Train Loss: 0.3598 - Train Metric: 0.9196
Epoch 31/50 - Val Metric: 0.9286
Epoch 32/50 - Train Loss: 0.3580 - Train Metric: 0.9207
Epoch 32/50 - Val Metric: 0.9287
Epoch 33/50 - Train Loss: 0.3567 - Train Metric: 0.9211
Epoch 33/50 - Val Metric: 0.9285
Epoch 34/50 - Train Loss: 0.3607 - Train Metric: 0.9193
Epoch 34/50 - Val Metric: 0.9288
Epoch 35/50 - Train Loss: 0.3554 - Train Metric: 0.9216
Epoch 35/50 - Val Metric: 0.9289
Epoch 36/50 - Train Loss: 0.3565 - Train Metric: 0.9212
Epoch 36/50 - Val Metric: 0.9294
Epoch 37/50 - Train Loss: 0.3558 - Train Metric: 0.9216
Epoch 37/50 - Val Metric: 0.9291
Epoch 38/50 - Train Loss: 0.3556 - Train Metric: 0.9215
Epoch 38/50 - Val Metric: 0.9292
Epoch 39/50 - Train Loss: 0.3581 - Train Metric: 0.9204
Epoch 39/50 - Val Metric: 0.9291
Epoch 40/50 - Train Loss: 0.3570 - Train Metric: 0.9210
Epoch 40/50 - Val Metric: 0.9294
Epoch 41/50 - Train Loss: 0.3552 - Train Metric: 0.9217
Epoch 41/50 - Val Metric: 0.9294
Epoch 42/50 - Train Loss: 0.3531 - Train Metric: 0.9228
Epoch 42/50 - Val Metric: 0.9297
Epoch 43/50 - Train Loss: 0.3535 - Train Metric: 0.9225
Epoch 43/50 - Val Metric: 0.9298
Epoch 44/50 - Train Loss: 0.3529 - Train Metric: 0.9229
Epoch 44/50 - Val Metric: 0.9298
Epoch 45/50 - Train Loss: 0.3542 - Train Metric: 0.9222
Epoch 45/50 - Val Metric: 0.9296
Epoch 46/50 - Train Loss: 0.3529 - Train Metric: 0.9228
Epoch 46/50 - Val Metric: 0.9299
Epoch 47/50 - Train Loss: 0.3533 - Train Metric: 0.9226
Epoch 47/50 - Val Metric: 0.9302
Epoch 48/50 - Train Loss: 0.3541 - Train Metric: 0.9223
Epoch 48/50 - Val Metric: 0.9300
Epoch 49/50 - Train Loss: 0.3537 - Train Metric: 0.9224
Epoch 49/50 - Val Metric: 0.9301
Epoch 50/50 - Train Loss: 0.3536 - Train Metric: 0.9224
Epoch 50/50 - Val Metric: 0.9305
Best val: 0.9305, Best test: 0.9267
Training set has 16507 instances
Validation set has 2063 instances
Test set has 2064 instances
Epoch 1/50 - Train Loss: 0.6967 - Train Metric: 0.5029
Epoch 1/50 - Val Metric: 0.7522
Epoch 2/50 - Train Loss: 0.5810 - Train Metric: 0.7228
Epoch 2/50 - Val Metric: 0.8671
Epoch 3/50 - Train Loss: 0.4184 - Train Metric: 0.8890
Epoch 3/50 - Val Metric: 0.9253
Epoch 4/50 - Train Loss: 0.3931 - Train Metric: 0.9028
Epoch 4/50 - Val Metric: 0.9288
Epoch 5/50 - Train Loss: 0.3606 - Train Metric: 0.9193
Epoch 5/50 - Val Metric: 0.9348
Epoch 6/50 - Train Loss: 0.3561 - Train Metric: 0.9215
Epoch 6/50 - Val Metric: 0.9344
Epoch 7/50 - Train Loss: 0.3561 - Train Metric: 0.9215
Epoch 7/50 - Val Metric: 0.9329
Epoch 8/50 - Train Loss: 0.3520 - Train Metric: 0.9233
Epoch 8/50 - Val Metric: 0.9371
Epoch 9/50 - Train Loss: 0.3422 - Train Metric: 0.9277
Epoch 9/50 - Val Metric: 0.9316
Epoch 10/50 - Train Loss: 0.3488 - Train Metric: 0.9246
Epoch 10/50 - Val Metric: 0.9379
Epoch 11/50 - Train Loss: 0.3376 - Train Metric: 0.9298
Epoch 11/50 - Val Metric: 0.9388
Epoch 12/50 - Train Loss: 0.3346 - Train Metric: 0.9309
Epoch 12/50 - Val Metric: 0.9383
Epoch 13/50 - Train Loss: 0.3377 - Train Metric: 0.9297
Epoch 13/50 - Val Metric: 0.9352
Epoch 14/50 - Train Loss: 0.3432 - Train Metric: 0.9271
Epoch 14/50 - Val Metric: 0.9347
Epoch 15/50 - Train Loss: 0.3267 - Train Metric: 0.9344
Epoch 15/50 - Val Metric: 0.9390
Epoch 16/50 - Train Loss: 0.3259 - Train Metric: 0.9346
Epoch 16/50 - Val Metric: 0.9398
Epoch 17/50 - Train Loss: 0.3234 - Train Metric: 0.9356
Epoch 17/50 - Val Metric: 0.9406
Epoch 18/50 - Train Loss: 0.3205 - Train Metric: 0.9368
Epoch 18/50 - Val Metric: 0.9429
Epoch 19/50 - Train Loss: 0.3183 - Train Metric: 0.9377
Epoch 19/50 - Val Metric: 0.9451
Epoch 20/50 - Train Loss: 0.3225 - Train Metric: 0.9361
Epoch 20/50 - Val Metric: 0.9445
Epoch 21/50 - Train Loss: 0.3192 - Train Metric: 0.9375
Epoch 21/50 - Val Metric: 0.9420
Epoch 22/50 - Train Loss: 0.3181 - Train Metric: 0.9378
Epoch 22/50 - Val Metric: 0.9442
Epoch 23/50 - Train Loss: 0.3122 - Train Metric: 0.9402
Epoch 23/50 - Val Metric: 0.9452
Epoch 24/50 - Train Loss: 0.3161 - Train Metric: 0.9386
Epoch 24/50 - Val Metric: 0.9416
Epoch 25/50 - Train Loss: 0.3126 - Train Metric: 0.9400
Epoch 25/50 - Val Metric: 0.9445
Epoch 26/50 - Train Loss: 0.3044 - Train Metric: 0.9431
Epoch 26/50 - Val Metric: 0.9465
Epoch 27/50 - Train Loss: 0.3061 - Train Metric: 0.9425
Epoch 27/50 - Val Metric: 0.9449
Epoch 28/50 - Train Loss: 0.3053 - Train Metric: 0.9428
Epoch 28/50 - Val Metric: 0.9474
Epoch 29/50 - Train Loss: 0.3066 - Train Metric: 0.9423
Epoch 29/50 - Val Metric: 0.9483
Epoch 30/50 - Train Loss: 0.3036 - Train Metric: 0.9434
Epoch 30/50 - Val Metric: 0.9454
Epoch 31/50 - Train Loss: 0.3057 - Train Metric: 0.9426
Epoch 31/50 - Val Metric: 0.9483
Epoch 32/50 - Train Loss: 0.2985 - Train Metric: 0.9453
Epoch 32/50 - Val Metric: 0.9505
Epoch 33/50 - Train Loss: 0.2964 - Train Metric: 0.9461
Epoch 33/50 - Val Metric: 0.9508
Epoch 34/50 - Train Loss: 0.2971 - Train Metric: 0.9459
Epoch 34/50 - Val Metric: 0.9475
Epoch 35/50 - Train Loss: 0.2969 - Train Metric: 0.9459
Epoch 35/50 - Val Metric: 0.9486
Epoch 36/50 - Train Loss: 0.2978 - Train Metric: 0.9457
Epoch 36/50 - Val Metric: 0.9353
Epoch 37/50 - Train Loss: 0.3103 - Train Metric: 0.9408
Epoch 37/50 - Val Metric: 0.9431
Epoch 38/50 - Train Loss: 0.3017 - Train Metric: 0.9442
Epoch 38/50 - Val Metric: 0.9495
Epoch 39/50 - Train Loss: 0.3010 - Train Metric: 0.9444
Epoch 39/50 - Val Metric: 0.9478
Epoch 40/50 - Train Loss: 0.2980 - Train Metric: 0.9456
Epoch 40/50 - Val Metric: 0.9503
Epoch 41/50 - Train Loss: 0.2920 - Train Metric: 0.9477
Epoch 41/50 - Val Metric: 0.9505
Epoch 42/50 - Train Loss: 0.2924 - Train Metric: 0.9477
Epoch 42/50 - Val Metric: 0.9483
Epoch 43/50 - Train Loss: 0.2914 - Train Metric: 0.9479
Epoch 43/50 - Val Metric: 0.9529
Epoch 44/50 - Train Loss: 0.2898 - Train Metric: 0.9485
Epoch 44/50 - Val Metric: 0.9495
Epoch 45/50 - Train Loss: 0.2899 - Train Metric: 0.9485
Epoch 45/50 - Val Metric: 0.9506
Epoch 46/50 - Train Loss: 0.2899 - Train Metric: 0.9484
Epoch 46/50 - Val Metric: 0.9495
Epoch 47/50 - Train Loss: 0.2827 - Train Metric: 0.9509
Epoch 47/50 - Val Metric: 0.9538
Epoch 48/50 - Train Loss: 0.2799 - Train Metric: 0.9520
Epoch 48/50 - Val Metric: 0.9537
Epoch 49/50 - Train Loss: 0.2779 - Train Metric: 0.9526
Epoch 49/50 - Val Metric: 0.9537
Epoch 50/50 - Train Loss: 0.2790 - Train Metric: 0.9523
Epoch 50/50 - Val Metric: 0.9528
Best val: 0.9538, Best test: 0.9594
Training set has 16507 instances
Validation set has 2063 instances
Test set has 2064 instances
Epoch 1/50 - Train Loss: 0.7040 - Train Metric: 0.4970
Epoch 1/50 - Val Metric: 0.8434
Epoch 2/50 - Train Loss: 0.6971 - Train Metric: 0.5017
Epoch 2/50 - Val Metric: 0.8344
Epoch 3/50 - Train Loss: 0.6940 - Train Metric: 0.5229
Epoch 3/50 - Val Metric: 0.8539
Epoch 4/50 - Train Loss: 0.5357 - Train Metric: 0.8031
Epoch 4/50 - Val Metric: 0.8767
Epoch 5/50 - Train Loss: 0.4551 - Train Metric: 0.8635
Epoch 5/50 - Val Metric: 0.8990
Epoch 6/50 - Train Loss: 0.4313 - Train Metric: 0.8800
Epoch 6/50 - Val Metric: 0.9138
Epoch 7/50 - Train Loss: 0.4099 - Train Metric: 0.8931
Epoch 7/50 - Val Metric: 0.9216
Epoch 8/50 - Train Loss: 0.3975 - Train Metric: 0.9004
Epoch 8/50 - Val Metric: 0.9278
Epoch 9/50 - Train Loss: 0.3867 - Train Metric: 0.9060
Epoch 9/50 - Val Metric: 0.9304
Epoch 10/50 - Train Loss: 0.3828 - Train Metric: 0.9084
Epoch 10/50 - Val Metric: 0.9318
Epoch 11/50 - Train Loss: 0.3744 - Train Metric: 0.9126
Epoch 11/50 - Val Metric: 0.9331
Epoch 12/50 - Train Loss: 0.3740 - Train Metric: 0.9129
Epoch 12/50 - Val Metric: 0.9339
Epoch 13/50 - Train Loss: 0.3724 - Train Metric: 0.9137
Epoch 13/50 - Val Metric: 0.9346
Epoch 14/50 - Train Loss: 0.3757 - Train Metric: 0.9121
Epoch 14/50 - Val Metric: 0.9345
Epoch 15/50 - Train Loss: 0.3703 - Train Metric: 0.9146
Epoch 15/50 - Val Metric: 0.9349
Epoch 16/50 - Train Loss: 0.3656 - Train Metric: 0.9168
Epoch 16/50 - Val Metric: 0.9355
Epoch 17/50 - Train Loss: 0.3623 - Train Metric: 0.9185
Epoch 17/50 - Val Metric: 0.9358
Epoch 18/50 - Train Loss: 0.3650 - Train Metric: 0.9173
Epoch 18/50 - Val Metric: 0.9356
Epoch 19/50 - Train Loss: 0.3643 - Train Metric: 0.9174
Epoch 19/50 - Val Metric: 0.9356
Epoch 20/50 - Train Loss: 0.3606 - Train Metric: 0.9192
Epoch 20/50 - Val Metric: 0.9359
Epoch 21/50 - Train Loss: 0.3614 - Train Metric: 0.9189
Epoch 21/50 - Val Metric: 0.9349
Epoch 22/50 - Train Loss: 0.3621 - Train Metric: 0.9186
Epoch 22/50 - Val Metric: 0.9358
Epoch 23/50 - Train Loss: 0.3622 - Train Metric: 0.9185
Epoch 23/50 - Val Metric: 0.9357
Epoch 24/50 - Train Loss: 0.3606 - Train Metric: 0.9192
Epoch 24/50 - Val Metric: 0.9362
Epoch 25/50 - Train Loss: 0.3583 - Train Metric: 0.9203
Epoch 25/50 - Val Metric: 0.9360
Epoch 26/50 - Train Loss: 0.3610 - Train Metric: 0.9191
Epoch 26/50 - Val Metric: 0.9363
Epoch 27/50 - Train Loss: 0.3593 - Train Metric: 0.9198
Epoch 27/50 - Val Metric: 0.9361
Epoch 28/50 - Train Loss: 0.3620 - Train Metric: 0.9187
Epoch 28/50 - Val Metric: 0.9364
Epoch 29/50 - Train Loss: 0.3606 - Train Metric: 0.9191
Epoch 29/50 - Val Metric: 0.9361
Epoch 30/50 - Train Loss: 0.3566 - Train Metric: 0.9211
Epoch 30/50 - Val Metric: 0.9363
Epoch 31/50 - Train Loss: 0.3584 - Train Metric: 0.9203
Epoch 31/50 - Val Metric: 0.9360
Epoch 32/50 - Train Loss: 0.3599 - Train Metric: 0.9196
Epoch 32/50 - Val Metric: 0.9368
Epoch 33/50 - Train Loss: 0.3586 - Train Metric: 0.9202
Epoch 33/50 - Val Metric: 0.9365
Epoch 34/50 - Train Loss: 0.3591 - Train Metric: 0.9200
Epoch 34/50 - Val Metric: 0.9363
Epoch 35/50 - Train Loss: 0.3577 - Train Metric: 0.9205
Epoch 35/50 - Val Metric: 0.9364
Epoch 36/50 - Train Loss: 0.3578 - Train Metric: 0.9205
Epoch 36/50 - Val Metric: 0.9363
Epoch 37/50 - Train Loss: 0.3577 - Train Metric: 0.9205
Epoch 37/50 - Val Metric: 0.9364
Epoch 38/50 - Train Loss: 0.3566 - Train Metric: 0.9210
Epoch 38/50 - Val Metric: 0.9366
Epoch 39/50 - Train Loss: 0.3596 - Train Metric: 0.9198
Epoch 39/50 - Val Metric: 0.9368
Epoch 40/50 - Train Loss: 0.3580 - Train Metric: 0.9204
Epoch 40/50 - Val Metric: 0.9365
Epoch 41/50 - Train Loss: 0.3568 - Train Metric: 0.9209
Epoch 41/50 - Val Metric: 0.9368
Epoch 42/50 - Train Loss: 0.3591 - Train Metric: 0.9199
Epoch 42/50 - Val Metric: 0.9365
Epoch 43/50 - Train Loss: 0.3573 - Train Metric: 0.9208
Epoch 43/50 - Val Metric: 0.9363
Epoch 44/50 - Train Loss: 0.3561 - Train Metric: 0.9212
Epoch 44/50 - Val Metric: 0.9366
Epoch 45/50 - Train Loss: 0.3581 - Train Metric: 0.9204
Epoch 45/50 - Val Metric: 0.9365
Epoch 46/50 - Train Loss: 0.3573 - Train Metric: 0.9207
Epoch 46/50 - Val Metric: 0.9366
Epoch 47/50 - Train Loss: 0.3564 - Train Metric: 0.9212
Epoch 47/50 - Val Metric: 0.9369
Epoch 48/50 - Train Loss: 0.3568 - Train Metric: 0.9209
Epoch 48/50 - Val Metric: 0.9364
Epoch 49/50 - Train Loss: 0.3551 - Train Metric: 0.9219
Epoch 49/50 - Val Metric: 0.9368
Epoch 50/50 - Train Loss: 0.3570 - Train Metric: 0.9208
Epoch 50/50 - Val Metric: 0.9364
Best val: 0.9369, Best test: 0.9264
Training set has 16507 instances
Validation set has 2063 instances
Test set has 2064 instances
Epoch 1/50 - Train Loss: 0.6964 - Train Metric: 0.5043
Epoch 1/50 - Val Metric: 0.8232
Epoch 2/50 - Train Loss: 0.6954 - Train Metric: 0.5032
Epoch 2/50 - Val Metric: 0.8218
Epoch 3/50 - Train Loss: 0.6917 - Train Metric: 0.5459
Epoch 3/50 - Val Metric: 0.8321
Epoch 4/50 - Train Loss: 0.6364 - Train Metric: 0.6898
Epoch 4/50 - Val Metric: 0.8486
Epoch 5/50 - Train Loss: 0.4840 - Train Metric: 0.8516
Epoch 5/50 - Val Metric: 0.8788
Epoch 6/50 - Train Loss: 0.4437 - Train Metric: 0.8756
Epoch 6/50 - Val Metric: 0.8975
Epoch 7/50 - Train Loss: 0.4093 - Train Metric: 0.8954
Epoch 7/50 - Val Metric: 0.9123
Epoch 8/50 - Train Loss: 0.3954 - Train Metric: 0.9031
Epoch 8/50 - Val Metric: 0.9198
Epoch 9/50 - Train Loss: 0.3877 - Train Metric: 0.9071
Epoch 9/50 - Val Metric: 0.9225
Epoch 10/50 - Train Loss: 0.3776 - Train Metric: 0.9120
Epoch 10/50 - Val Metric: 0.9243
Epoch 11/50 - Train Loss: 0.3721 - Train Metric: 0.9148
Epoch 11/50 - Val Metric: 0.9253
Epoch 12/50 - Train Loss: 0.3702 - Train Metric: 0.9154
Epoch 12/50 - Val Metric: 0.9264
Epoch 13/50 - Train Loss: 0.3645 - Train Metric: 0.9181
Epoch 13/50 - Val Metric: 0.9265
Epoch 14/50 - Train Loss: 0.3626 - Train Metric: 0.9191
Epoch 14/50 - Val Metric: 0.9270
Epoch 15/50 - Train Loss: 0.3631 - Train Metric: 0.9188
Epoch 15/50 - Val Metric: 0.9272
Epoch 16/50 - Train Loss: 0.3711 - Train Metric: 0.9148
Epoch 16/50 - Val Metric: 0.9273
Epoch 17/50 - Train Loss: 0.3680 - Train Metric: 0.9163
Epoch 17/50 - Val Metric: 0.9273
Epoch 18/50 - Train Loss: 0.3627 - Train Metric: 0.9189
Epoch 18/50 - Val Metric: 0.9280
Epoch 19/50 - Train Loss: 0.3634 - Train Metric: 0.9184
Epoch 19/50 - Val Metric: 0.9282
Epoch 20/50 - Train Loss: 0.3586 - Train Metric: 0.9207
Epoch 20/50 - Val Metric: 0.9286
Epoch 21/50 - Train Loss: 0.3626 - Train Metric: 0.9188
Epoch 21/50 - Val Metric: 0.9283
Epoch 22/50 - Train Loss: 0.3606 - Train Metric: 0.9198
Epoch 22/50 - Val Metric: 0.9287
Epoch 23/50 - Train Loss: 0.3664 - Train Metric: 0.9168
Epoch 23/50 - Val Metric: 0.9282
Epoch 24/50 - Train Loss: 0.3572 - Train Metric: 0.9213
Epoch 24/50 - Val Metric: 0.9287
Epoch 25/50 - Train Loss: 0.3581 - Train Metric: 0.9210
Epoch 25/50 - Val Metric: 0.9294
Epoch 26/50 - Train Loss: 0.3630 - Train Metric: 0.9184
Epoch 26/50 - Val Metric: 0.9291
Epoch 27/50 - Train Loss: 0.3592 - Train Metric: 0.9202
Epoch 27/50 - Val Metric: 0.9297
Epoch 28/50 - Train Loss: 0.3560 - Train Metric: 0.9216
Epoch 28/50 - Val Metric: 0.9301
Epoch 29/50 - Train Loss: 0.3574 - Train Metric: 0.9209
Epoch 29/50 - Val Metric: 0.9305
Epoch 30/50 - Train Loss: 0.3543 - Train Metric: 0.9225
Epoch 30/50 - Val Metric: 0.9300
Epoch 31/50 - Train Loss: 0.3641 - Train Metric: 0.9181
Epoch 31/50 - Val Metric: 0.9296
Epoch 32/50 - Train Loss: 0.3524 - Train Metric: 0.9233
Epoch 32/50 - Val Metric: 0.9291
Epoch 33/50 - Train Loss: 0.3573 - Train Metric: 0.9210
Epoch 33/50 - Val Metric: 0.9299
Epoch 34/50 - Train Loss: 0.3537 - Train Metric: 0.9226
Epoch 34/50 - Val Metric: 0.9295
Epoch 35/50 - Train Loss: 0.3573 - Train Metric: 0.9210
Epoch 35/50 - Val Metric: 0.9310
Epoch 36/50 - Train Loss: 0.3498 - Train Metric: 0.9244
Epoch 36/50 - Val Metric: 0.9311
Epoch 37/50 - Train Loss: 0.3515 - Train Metric: 0.9236
Epoch 37/50 - Val Metric: 0.9304
Epoch 38/50 - Train Loss: 0.3519 - Train Metric: 0.9234
Epoch 38/50 - Val Metric: 0.9283
Epoch 39/50 - Train Loss: 0.3505 - Train Metric: 0.9239
Epoch 39/50 - Val Metric: 0.9317
Epoch 40/50 - Train Loss: 0.3493 - Train Metric: 0.9246
Epoch 40/50 - Val Metric: 0.9308
Epoch 41/50 - Train Loss: 0.3486 - Train Metric: 0.9249
Epoch 41/50 - Val Metric: 0.9290
Epoch 42/50 - Train Loss: 0.3454 - Train Metric: 0.9263
Epoch 42/50 - Val Metric: 0.9321
Epoch 43/50 - Train Loss: 0.3458 - Train Metric: 0.9262
Epoch 43/50 - Val Metric: 0.9324
Epoch 44/50 - Train Loss: 0.3455 - Train Metric: 0.9262
Epoch 44/50 - Val Metric: 0.9317
Epoch 45/50 - Train Loss: 0.3437 - Train Metric: 0.9271
Epoch 45/50 - Val Metric: 0.9326
Epoch 46/50 - Train Loss: 0.3471 - Train Metric: 0.9255
Epoch 46/50 - Val Metric: 0.9290
Epoch 47/50 - Train Loss: 0.3484 - Train Metric: 0.9249
Epoch 47/50 - Val Metric: 0.9289
Epoch 48/50 - Train Loss: 0.3478 - Train Metric: 0.9251
Epoch 48/50 - Val Metric: 0.9329
Epoch 49/50 - Train Loss: 0.3501 - Train Metric: 0.9239
Epoch 49/50 - Val Metric: 0.9328
Epoch 50/50 - Train Loss: 0.3460 - Train Metric: 0.9260
Epoch 50/50 - Val Metric: 0.9336
Best val: 0.9336, Best test: 0.9307
Training set has 16507 instances
Validation set has 2063 instances
Test set has 2064 instances
Epoch 1/50 - Train Loss: 0.7295 - Train Metric: 0.5029
Epoch 1/50 - Val Metric: 0.8077
Epoch 2/50 - Train Loss: 0.6943 - Train Metric: 0.4990
Epoch 2/50 - Val Metric: 0.7504
Epoch 3/50 - Train Loss: 0.6961 - Train Metric: 0.5045
Epoch 3/50 - Val Metric: 0.7848
Epoch 4/50 - Train Loss: 0.6944 - Train Metric: 0.5039
Epoch 4/50 - Val Metric: 0.8116
Epoch 5/50 - Train Loss: 0.6947 - Train Metric: 0.5104
Epoch 5/50 - Val Metric: 0.8247
Epoch 6/50 - Train Loss: 0.6933 - Train Metric: 0.5074
Epoch 6/50 - Val Metric: 0.8295
Epoch 7/50 - Train Loss: 0.6937 - Train Metric: 0.5065
Epoch 7/50 - Val Metric: 0.8321
Epoch 8/50 - Train Loss: 0.6934 - Train Metric: 0.5085
Epoch 8/50 - Val Metric: 0.8334
Epoch 9/50 - Train Loss: 0.6941 - Train Metric: 0.5037
Epoch 9/50 - Val Metric: 0.8307
Epoch 10/50 - Train Loss: 0.6939 - Train Metric: 0.5085
Epoch 10/50 - Val Metric: 0.8311
Epoch 11/50 - Train Loss: 0.6936 - Train Metric: 0.5107
Epoch 11/50 - Val Metric: 0.8333
Epoch 12/50 - Train Loss: 0.6926 - Train Metric: 0.5264
Epoch 12/50 - Val Metric: 0.8340
Epoch 13/50 - Train Loss: 0.6922 - Train Metric: 0.5332
Epoch 13/50 - Val Metric: 0.8376
Epoch 14/50 - Train Loss: 0.6745 - Train Metric: 0.6096
Epoch 14/50 - Val Metric: 0.8597
Epoch 15/50 - Train Loss: 0.5045 - Train Metric: 0.8271
Epoch 15/50 - Val Metric: 0.8701
Epoch 16/50 - Train Loss: 0.4693 - Train Metric: 0.8540
Epoch 16/50 - Val Metric: 0.8787
Epoch 17/50 - Train Loss: 0.4592 - Train Metric: 0.8606
Epoch 17/50 - Val Metric: 0.8873
Epoch 18/50 - Train Loss: 0.4407 - Train Metric: 0.8720
Epoch 18/50 - Val Metric: 0.8953
Epoch 19/50 - Train Loss: 0.4408 - Train Metric: 0.8732
Epoch 19/50 - Val Metric: 0.9015
Epoch 20/50 - Train Loss: 0.4229 - Train Metric: 0.8839
Epoch 20/50 - Val Metric: 0.9072
Epoch 21/50 - Train Loss: 0.4205 - Train Metric: 0.8865
Epoch 21/50 - Val Metric: 0.9109
Epoch 22/50 - Train Loss: 0.4158 - Train Metric: 0.8889
Epoch 22/50 - Val Metric: 0.9144
Epoch 23/50 - Train Loss: 0.4032 - Train Metric: 0.8962
Epoch 23/50 - Val Metric: 0.9169
Epoch 24/50 - Train Loss: 0.3981 - Train Metric: 0.8992
Epoch 24/50 - Val Metric: 0.9191
Epoch 25/50 - Train Loss: 0.3924 - Train Metric: 0.9026
Epoch 25/50 - Val Metric: 0.9217
Epoch 26/50 - Train Loss: 0.3906 - Train Metric: 0.9034
Epoch 26/50 - Val Metric: 0.9230
Epoch 27/50 - Train Loss: 0.3865 - Train Metric: 0.9058
Epoch 27/50 - Val Metric: 0.9236
Epoch 28/50 - Train Loss: 0.3852 - Train Metric: 0.9067
Epoch 28/50 - Val Metric: 0.9252
Epoch 29/50 - Train Loss: 0.3858 - Train Metric: 0.9066
Epoch 29/50 - Val Metric: 0.9259
Epoch 30/50 - Train Loss: 0.3806 - Train Metric: 0.9090
Epoch 30/50 - Val Metric: 0.9271
Epoch 31/50 - Train Loss: 0.3777 - Train Metric: 0.9106
Epoch 31/50 - Val Metric: 0.9282
Epoch 32/50 - Train Loss: 0.3764 - Train Metric: 0.9112
Epoch 32/50 - Val Metric: 0.9286
Epoch 33/50 - Train Loss: 0.3746 - Train Metric: 0.9122
Epoch 33/50 - Val Metric: 0.9288
Epoch 34/50 - Train Loss: 0.3729 - Train Metric: 0.9130
Epoch 34/50 - Val Metric: 0.9291
Epoch 35/50 - Train Loss: 0.3766 - Train Metric: 0.9111
Epoch 35/50 - Val Metric: 0.9293
Epoch 36/50 - Train Loss: 0.3725 - Train Metric: 0.9133
Epoch 36/50 - Val Metric: 0.9293
Epoch 37/50 - Train Loss: 0.3714 - Train Metric: 0.9138
Epoch 37/50 - Val Metric: 0.9300
Epoch 38/50 - Train Loss: 0.3686 - Train Metric: 0.9152
Epoch 38/50 - Val Metric: 0.9304
Epoch 39/50 - Train Loss: 0.3687 - Train Metric: 0.9153
Epoch 39/50 - Val Metric: 0.9309
Epoch 40/50 - Train Loss: 0.3680 - Train Metric: 0.9155
Epoch 40/50 - Val Metric: 0.9311
Epoch 41/50 - Train Loss: 0.3684 - Train Metric: 0.9153
Epoch 41/50 - Val Metric: 0.9310
Epoch 42/50 - Train Loss: 0.3670 - Train Metric: 0.9159
Epoch 42/50 - Val Metric: 0.9312
Epoch 43/50 - Train Loss: 0.3658 - Train Metric: 0.9165
Epoch 43/50 - Val Metric: 0.9315
Epoch 44/50 - Train Loss: 0.3672 - Train Metric: 0.9159
Epoch 44/50 - Val Metric: 0.9314
Epoch 45/50 - Train Loss: 0.3655 - Train Metric: 0.9166
Epoch 45/50 - Val Metric: 0.9317
Epoch 46/50 - Train Loss: 0.3649 - Train Metric: 0.9169
Epoch 46/50 - Val Metric: 0.9315
Epoch 47/50 - Train Loss: 0.3648 - Train Metric: 0.9169
Epoch 47/50 - Val Metric: 0.9318
Epoch 48/50 - Train Loss: 0.3650 - Train Metric: 0.9168
Epoch 48/50 - Val Metric: 0.9318
Epoch 49/50 - Train Loss: 0.3628 - Train Metric: 0.9179
Epoch 49/50 - Val Metric: 0.9319
Epoch 50/50 - Train Loss: 0.3636 - Train Metric: 0.9175
Epoch 50/50 - Val Metric: 0.9318
Best val: 0.9319, Best test: 0.9200
Training set has 16507 instances
Validation set has 2063 instances
Test set has 2064 instances
Training set has 16507 instances
Validation set has 2063 instances
Test set has 2064 instances
Training set has 16507 instances
Validation set has 2063 instances
Test set has 2064 instances
Epoch 1/50 - Train Loss: 0.7008 - Train Metric: 0.4970
Epoch 1/50 - Val Metric: 0.8583
Epoch 2/50 - Train Loss: 0.6927 - Train Metric: 0.5289
Epoch 2/50 - Val Metric: 0.8378
Epoch 3/50 - Train Loss: 0.6686 - Train Metric: 0.5984
Epoch 3/50 - Val Metric: 0.8370
Epoch 4/50 - Train Loss: 0.4938 - Train Metric: 0.8364
Epoch 4/50 - Val Metric: 0.8806
Epoch 5/50 - Train Loss: 0.4302 - Train Metric: 0.8814
Epoch 5/50 - Val Metric: 0.9165
Epoch 6/50 - Train Loss: 0.3732 - Train Metric: 0.9129
Epoch 6/50 - Val Metric: 0.9247
Epoch 7/50 - Train Loss: 0.3609 - Train Metric: 0.9190
Epoch 7/50 - Val Metric: 0.9286
Epoch 8/50 - Train Loss: 0.3433 - Train Metric: 0.9270
Epoch 8/50 - Val Metric: 0.9331
Epoch 9/50 - Train Loss: 0.3426 - Train Metric: 0.9274
Epoch 9/50 - Val Metric: 0.9360
Epoch 10/50 - Train Loss: 0.3361 - Train Metric: 0.9303
Epoch 10/50 - Val Metric: 0.9319
Epoch 11/50 - Train Loss: 0.3295 - Train Metric: 0.9330
Epoch 11/50 - Val Metric: 0.9353
Epoch 12/50 - Train Loss: 0.3279 - Train Metric: 0.9337
Epoch 12/50 - Val Metric: 0.9343
Epoch 13/50 - Train Loss: 0.3254 - Train Metric: 0.9349
Epoch 13/50 - Val Metric: 0.9367
Epoch 14/50 - Train Loss: 0.3202 - Train Metric: 0.9370
Epoch 14/50 - Val Metric: 0.9415
Epoch 15/50 - Train Loss: 0.3220 - Train Metric: 0.9363
Epoch 15/50 - Val Metric: 0.9409
Epoch 16/50 - Train Loss: 0.3211 - Train Metric: 0.9366
Epoch 16/50 - Val Metric: 0.9394
Epoch 17/50 - Train Loss: 0.3168 - Train Metric: 0.9384
Epoch 17/50 - Val Metric: 0.9369
Epoch 18/50 - Train Loss: 0.3144 - Train Metric: 0.9393
Epoch 18/50 - Val Metric: 0.9392
Epoch 19/50 - Train Loss: 0.3145 - Train Metric: 0.9392
Epoch 19/50 - Val Metric: 0.9375
Epoch 20/50 - Train Loss: 0.3112 - Train Metric: 0.9406
Epoch 20/50 - Val Metric: 0.9397
Epoch 21/50 - Train Loss: 0.3099 - Train Metric: 0.9411
Epoch 21/50 - Val Metric: 0.9395
Epoch 22/50 - Train Loss: 0.3093 - Train Metric: 0.9413
Epoch 22/50 - Val Metric: 0.9403
Epoch 23/50 - Train Loss: 0.3108 - Train Metric: 0.9407
Epoch 23/50 - Val Metric: 0.9382
Epoch 24/50 - Train Loss: 0.3102 - Train Metric: 0.9410
Epoch 24/50 - Val Metric: 0.9391
Epoch 25/50 - Train Loss: 0.3093 - Train Metric: 0.9413
Epoch 25/50 - Val Metric: 0.9367
Epoch 26/50 - Train Loss: 0.3100 - Train Metric: 0.9410
Epoch 26/50 - Val Metric: 0.9394
Epoch 27/50 - Train Loss: 0.3077 - Train Metric: 0.9419
Epoch 27/50 - Val Metric: 0.9390
Epoch 28/50 - Train Loss: 0.3076 - Train Metric: 0.9419
Epoch 28/50 - Val Metric: 0.9371
Epoch 29/50 - Train Loss: 0.3073 - Train Metric: 0.9420
Epoch 29/50 - Val Metric: 0.9402
Epoch 30/50 - Train Loss: 0.3078 - Train Metric: 0.9419
Epoch 30/50 - Val Metric: 0.9383
Epoch 31/50 - Train Loss: 0.3066 - Train Metric: 0.9424
Epoch 31/50 - Val Metric: 0.9395
Epoch 32/50 - Train Loss: 0.3056 - Train Metric: 0.9427
Epoch 32/50 - Val Metric: 0.9389
Epoch 33/50 - Train Loss: 0.3042 - Train Metric: 0.9433
Epoch 33/50 - Val Metric: 0.9389
Epoch 34/50 - Train Loss: 0.3047 - Train Metric: 0.9430
Epoch 34/50 - Val Metric: 0.9404
Epoch 35/50 - Train Loss: 0.3034 - Train Metric: 0.9435
Epoch 35/50 - Val Metric: 0.9389
Epoch 36/50 - Train Loss: 0.3034 - Train Metric: 0.9435
Epoch 36/50 - Val Metric: 0.9394
Epoch 37/50 - Train Loss: 0.3039 - Train Metric: 0.9434
Epoch 37/50 - Val Metric: 0.9397
Epoch 38/50 - Train Loss: 0.3038 - Train Metric: 0.9434
Epoch 38/50 - Val Metric: 0.9399
Epoch 39/50 - Train Loss: 0.3045 - Train Metric: 0.9431
Epoch 39/50 - Val Metric: 0.9396
Epoch 40/50 - Train Loss: 0.3046 - Train Metric: 0.9430
Epoch 40/50 - Val Metric: 0.9404
Epoch 41/50 - Train Loss: 0.3026 - Train Metric: 0.9439
Epoch 41/50 - Val Metric: 0.9402
Epoch 42/50 - Train Loss: 0.3034 - Train Metric: 0.9435
Epoch 42/50 - Val Metric: 0.9403
Epoch 43/50 - Train Loss: 0.3029 - Train Metric: 0.9437
Epoch 43/50 - Val Metric: 0.9396
Epoch 44/50 - Train Loss: 0.3033 - Train Metric: 0.9436
Epoch 44/50 - Val Metric: 0.9398
Epoch 45/50 - Train Loss: 0.3023 - Train Metric: 0.9440
Epoch 45/50 - Val Metric: 0.9393
Epoch 46/50 - Train Loss: 0.3028 - Train Metric: 0.9438
Epoch 46/50 - Val Metric: 0.9399
Epoch 47/50 - Train Loss: 0.3024 - Train Metric: 0.9439
Epoch 47/50 - Val Metric: 0.9395
Epoch 48/50 - Train Loss: 0.3027 - Train Metric: 0.9438
Epoch 48/50 - Val Metric: 0.9399
Epoch 49/50 - Train Loss: 0.3026 - Train Metric: 0.9438
Epoch 49/50 - Val Metric: 0.9398
Epoch 50/50 - Train Loss: 0.3035 - Train Metric: 0.9435
Epoch 50/50 - Val Metric: 0.9394
Best val: 0.9415, Best test: 0.9392
Training set has 16507 instances
Validation set has 2063 instances
Test set has 2064 instances
Training set has 16507 instances
Validation set has 2063 instances
Test set has 2064 instances
Training set has 16507 instances
Validation set has 2063 instances
Test set has 2064 instances
Epoch 1/50 - Train Loss: 0.6709 - Train Metric: 0.5878
Epoch 1/50 - Val Metric: 0.8405
Epoch 2/50 - Train Loss: 0.4967 - Train Metric: 0.8329
Epoch 2/50 - Val Metric: 0.8604
Epoch 3/50 - Train Loss: 0.4447 - Train Metric: 0.8727
Epoch 3/50 - Val Metric: 0.9099
Epoch 4/50 - Train Loss: 0.3907 - Train Metric: 0.9045
Epoch 4/50 - Val Metric: 0.9216
Epoch 5/50 - Train Loss: 0.3836 - Train Metric: 0.9081
Epoch 5/50 - Val Metric: 0.9216
Epoch 6/50 - Train Loss: 0.3737 - Train Metric: 0.9126
Epoch 6/50 - Val Metric: 0.9256
Epoch 7/50 - Train Loss: 0.3689 - Train Metric: 0.9151
Epoch 7/50 - Val Metric: 0.9267
Epoch 8/50 - Train Loss: 0.3697 - Train Metric: 0.9149
Epoch 8/50 - Val Metric: 0.9246
Epoch 9/50 - Train Loss: 0.3631 - Train Metric: 0.9182
Epoch 9/50 - Val Metric: 0.9305
Epoch 10/50 - Train Loss: 0.3620 - Train Metric: 0.9187
Epoch 10/50 - Val Metric: 0.9305
Epoch 11/50 - Train Loss: 0.3602 - Train Metric: 0.9194
Epoch 11/50 - Val Metric: 0.9303
Epoch 12/50 - Train Loss: 0.3610 - Train Metric: 0.9193
Epoch 12/50 - Val Metric: 0.9307
Epoch 13/50 - Train Loss: 0.3563 - Train Metric: 0.9213
Epoch 13/50 - Val Metric: 0.9314
Epoch 14/50 - Train Loss: 0.3576 - Train Metric: 0.9207
Epoch 14/50 - Val Metric: 0.9310
Epoch 15/50 - Train Loss: 0.3541 - Train Metric: 0.9224
Epoch 15/50 - Val Metric: 0.9330
Epoch 16/50 - Train Loss: 0.3529 - Train Metric: 0.9229
Epoch 16/50 - Val Metric: 0.9333
Epoch 17/50 - Train Loss: 0.3560 - Train Metric: 0.9213
Epoch 17/50 - Val Metric: 0.9337
Epoch 18/50 - Train Loss: 0.3534 - Train Metric: 0.9227
Epoch 18/50 - Val Metric: 0.9338
Epoch 19/50 - Train Loss: 0.3492 - Train Metric: 0.9246
Epoch 19/50 - Val Metric: 0.9334
Epoch 20/50 - Train Loss: 0.3488 - Train Metric: 0.9247
Epoch 20/50 - Val Metric: 0.9331
Epoch 21/50 - Train Loss: 0.3506 - Train Metric: 0.9238
Epoch 21/50 - Val Metric: 0.9338
Epoch 22/50 - Train Loss: 0.3482 - Train Metric: 0.9249
Epoch 22/50 - Val Metric: 0.9337
Epoch 23/50 - Train Loss: 0.3465 - Train Metric: 0.9258
Epoch 23/50 - Val Metric: 0.9356
Epoch 24/50 - Train Loss: 0.3470 - Train Metric: 0.9254
Epoch 24/50 - Val Metric: 0.9331
Epoch 25/50 - Train Loss: 0.3484 - Train Metric: 0.9249
Epoch 25/50 - Val Metric: 0.9351
Epoch 26/50 - Train Loss: 0.3507 - Train Metric: 0.9237
Epoch 26/50 - Val Metric: 0.9328
Epoch 27/50 - Train Loss: 0.3467 - Train Metric: 0.9255
Epoch 27/50 - Val Metric: 0.9343
Epoch 28/50 - Train Loss: 0.3430 - Train Metric: 0.9271
Epoch 28/50 - Val Metric: 0.9359
Epoch 29/50 - Train Loss: 0.3426 - Train Metric: 0.9273
Epoch 29/50 - Val Metric: 0.9371
Epoch 30/50 - Train Loss: 0.3396 - Train Metric: 0.9286
Epoch 30/50 - Val Metric: 0.9376
Epoch 31/50 - Train Loss: 0.3390 - Train Metric: 0.9289
Epoch 31/50 - Val Metric: 0.9381
Epoch 32/50 - Train Loss: 0.3422 - Train Metric: 0.9275
Epoch 32/50 - Val Metric: 0.9374
Epoch 33/50 - Train Loss: 0.3365 - Train Metric: 0.9300
Epoch 33/50 - Val Metric: 0.9386
Epoch 34/50 - Train Loss: 0.3353 - Train Metric: 0.9304
Epoch 34/50 - Val Metric: 0.9391
Epoch 35/50 - Train Loss: 0.3325 - Train Metric: 0.9317
Epoch 35/50 - Val Metric: 0.9398
Epoch 36/50 - Train Loss: 0.3312 - Train Metric: 0.9321
Epoch 36/50 - Val Metric: 0.9401
Epoch 37/50 - Train Loss: 0.3325 - Train Metric: 0.9316
Epoch 37/50 - Val Metric: 0.9386
Epoch 38/50 - Train Loss: 0.3304 - Train Metric: 0.9324
Epoch 38/50 - Val Metric: 0.9393
Epoch 39/50 - Train Loss: 0.3311 - Train Metric: 0.9321
Epoch 39/50 - Val Metric: 0.9397
Epoch 40/50 - Train Loss: 0.3323 - Train Metric: 0.9317
Epoch 40/50 - Val Metric: 0.9392
Epoch 41/50 - Train Loss: 0.3316 - Train Metric: 0.9320
Epoch 41/50 - Val Metric: 0.9413
Epoch 42/50 - Train Loss: 0.3284 - Train Metric: 0.9333
Epoch 42/50 - Val Metric: 0.9411
Epoch 43/50 - Train Loss: 0.3320 - Train Metric: 0.9317
Epoch 43/50 - Val Metric: 0.9408
Epoch 44/50 - Train Loss: 0.3288 - Train Metric: 0.9330
Epoch 44/50 - Val Metric: 0.9416
Epoch 45/50 - Train Loss: 0.3273 - Train Metric: 0.9337
Epoch 45/50 - Val Metric: 0.9420
Epoch 46/50 - Train Loss: 0.3288 - Train Metric: 0.9329
Epoch 46/50 - Val Metric: 0.9413
Epoch 47/50 - Train Loss: 0.3257 - Train Metric: 0.9343
Epoch 47/50 - Val Metric: 0.9424
Epoch 48/50 - Train Loss: 0.3254 - Train Metric: 0.9345
Epoch 48/50 - Val Metric: 0.9421
Epoch 49/50 - Train Loss: 0.3261 - Train Metric: 0.9341
Epoch 49/50 - Val Metric: 0.9421
Epoch 50/50 - Train Loss: 0.3236 - Train Metric: 0.9351
Epoch 50/50 - Val Metric: 0.9421
Best val: 0.9424, Best test: 0.9339
Training set has 16507 instances
Validation set has 2063 instances
Test set has 2064 instances
Training set has 16507 instances
Validation set has 2063 instances
Test set has 2064 instances
Training set has 16507 instances
Validation set has 2063 instances
Test set has 2064 instances
Training set has 16507 instances
Validation set has 2063 instances
Test set has 2064 instances
Epoch 1/50 - Train Loss: 0.6900 - Train Metric: 0.5283
Epoch 1/50 - Val Metric: 0.8357
Epoch 2/50 - Train Loss: 0.4783 - Train Metric: 0.8488
Epoch 2/50 - Val Metric: 0.8838
Epoch 3/50 - Train Loss: 0.4184 - Train Metric: 0.8892
Epoch 3/50 - Val Metric: 0.8980
Epoch 4/50 - Train Loss: 0.3771 - Train Metric: 0.9114
Epoch 4/50 - Val Metric: 0.9237
Epoch 5/50 - Train Loss: 0.3570 - Train Metric: 0.9210
Epoch 5/50 - Val Metric: 0.9227
Epoch 6/50 - Train Loss: 0.3461 - Train Metric: 0.9260
Epoch 6/50 - Val Metric: 0.9293
Epoch 7/50 - Train Loss: 0.3432 - Train Metric: 0.9272
Epoch 7/50 - Val Metric: 0.9264
Epoch 8/50 - Train Loss: 0.3383 - Train Metric: 0.9295
Epoch 8/50 - Val Metric: 0.9295
Epoch 9/50 - Train Loss: 0.3366 - Train Metric: 0.9301
Epoch 9/50 - Val Metric: 0.9340
Epoch 10/50 - Train Loss: 0.3324 - Train Metric: 0.9319
Epoch 10/50 - Val Metric: 0.9351
Epoch 11/50 - Train Loss: 0.3312 - Train Metric: 0.9324
Epoch 11/50 - Val Metric: 0.9351
Epoch 12/50 - Train Loss: 0.3261 - Train Metric: 0.9345
Epoch 12/50 - Val Metric: 0.9365
Epoch 13/50 - Train Loss: 0.3224 - Train Metric: 0.9358
Epoch 13/50 - Val Metric: 0.9365
Epoch 14/50 - Train Loss: 0.3211 - Train Metric: 0.9364
Epoch 14/50 - Val Metric: 0.9354
Epoch 15/50 - Train Loss: 0.3171 - Train Metric: 0.9379
Epoch 15/50 - Val Metric: 0.9383
Epoch 16/50 - Train Loss: 0.3200 - Train Metric: 0.9367
Epoch 16/50 - Val Metric: 0.9397
Epoch 17/50 - Train Loss: 0.3170 - Train Metric: 0.9378
Epoch 17/50 - Val Metric: 0.9402
Epoch 18/50 - Train Loss: 0.3098 - Train Metric: 0.9409
Epoch 18/50 - Val Metric: 0.9362
Epoch 19/50 - Train Loss: 0.3193 - Train Metric: 0.9371
Epoch 19/50 - Val Metric: 0.9373
Epoch 20/50 - Train Loss: 0.3131 - Train Metric: 0.9394
Epoch 20/50 - Val Metric: 0.9393
Epoch 21/50 - Train Loss: 0.3079 - Train Metric: 0.9415
Epoch 21/50 - Val Metric: 0.9391
Epoch 22/50 - Train Loss: 0.3043 - Train Metric: 0.9429
Epoch 22/50 - Val Metric: 0.9432
Epoch 23/50 - Train Loss: 0.3011 - Train Metric: 0.9440
Epoch 23/50 - Val Metric: 0.9431
Epoch 24/50 - Train Loss: 0.3043 - Train Metric: 0.9429
Epoch 24/50 - Val Metric: 0.9441
Epoch 25/50 - Train Loss: 0.3039 - Train Metric: 0.9429
Epoch 25/50 - Val Metric: 0.9439
Epoch 26/50 - Train Loss: 0.2982 - Train Metric: 0.9450
Epoch 26/50 - Val Metric: 0.9431
Epoch 27/50 - Train Loss: 0.3009 - Train Metric: 0.9442
Epoch 27/50 - Val Metric: 0.9445
Epoch 28/50 - Train Loss: 0.2987 - Train Metric: 0.9449
Epoch 28/50 - Val Metric: 0.9442
Epoch 29/50 - Train Loss: 0.2958 - Train Metric: 0.9459
Epoch 29/50 - Val Metric: 0.9455
Epoch 30/50 - Train Loss: 0.2917 - Train Metric: 0.9474
Epoch 30/50 - Val Metric: 0.9456
Epoch 31/50 - Train Loss: 0.2917 - Train Metric: 0.9474
Epoch 31/50 - Val Metric: 0.9419
Epoch 32/50 - Train Loss: 0.2904 - Train Metric: 0.9479
Epoch 32/50 - Val Metric: 0.9466
Epoch 33/50 - Train Loss: 0.2866 - Train Metric: 0.9492
Epoch 33/50 - Val Metric: 0.9463
Epoch 34/50 - Train Loss: 0.2905 - Train Metric: 0.9478
Epoch 34/50 - Val Metric: 0.9436
Epoch 35/50 - Train Loss: 0.2873 - Train Metric: 0.9489
Epoch 35/50 - Val Metric: 0.9471
Epoch 36/50 - Train Loss: 0.2843 - Train Metric: 0.9500
Epoch 36/50 - Val Metric: 0.9409
Epoch 37/50 - Train Loss: 0.2928 - Train Metric: 0.9469
Epoch 37/50 - Val Metric: 0.9463
Epoch 38/50 - Train Loss: 0.2818 - Train Metric: 0.9509
Epoch 38/50 - Val Metric: 0.9459
Epoch 39/50 - Train Loss: 0.2825 - Train Metric: 0.9508
Epoch 39/50 - Val Metric: 0.9489
Epoch 40/50 - Train Loss: 0.2785 - Train Metric: 0.9521
Epoch 40/50 - Val Metric: 0.9474
Epoch 41/50 - Train Loss: 0.2793 - Train Metric: 0.9518
Epoch 41/50 - Val Metric: 0.9479
Epoch 42/50 - Train Loss: 0.2799 - Train Metric: 0.9516
Epoch 42/50 - Val Metric: 0.9476
Epoch 43/50 - Train Loss: 0.2815 - Train Metric: 0.9509
Epoch 43/50 - Val Metric: 0.9485
Epoch 44/50 - Train Loss: 0.2781 - Train Metric: 0.9521
Epoch 44/50 - Val Metric: 0.9475
Epoch 45/50 - Train Loss: 0.2802 - Train Metric: 0.9514
Epoch 45/50 - Val Metric: 0.9493
Epoch 46/50 - Train Loss: 0.2754 - Train Metric: 0.9530
Epoch 46/50 - Val Metric: 0.9484
Epoch 47/50 - Train Loss: 0.2735 - Train Metric: 0.9536
Epoch 47/50 - Val Metric: 0.9487
Epoch 48/50 - Train Loss: 0.2764 - Train Metric: 0.9529
Epoch 48/50 - Val Metric: 0.9498
Epoch 49/50 - Train Loss: 0.2745 - Train Metric: 0.9533
Epoch 49/50 - Val Metric: 0.9475
Epoch 50/50 - Train Loss: 0.2739 - Train Metric: 0.9536
Epoch 50/50 - Val Metric: 0.9492
Best val: 0.9498, Best test: 0.9541
Training set has 16507 instances
Validation set has 2063 instances
Test set has 2064 instances
Training set has 16507 instances
Validation set has 2063 instances
Test set has 2064 instances
Training set has 16507 instances
Validation set has 2063 instances
Test set has 2064 instances
Training set has 16507 instances
Validation set has 2063 instances
Test set has 2064 instances
Epoch 1/50 - Train Loss: 0.6745 - Train Metric: 0.5552
Epoch 1/50 - Val Metric: 0.8525
Epoch 2/50 - Train Loss: 0.4523 - Train Metric: 0.8685
Epoch 2/50 - Val Metric: 0.9154
Epoch 3/50 - Train Loss: 0.3785 - Train Metric: 0.9110
Epoch 3/50 - Val Metric: 0.9219
Epoch 4/50 - Train Loss: 0.3681 - Train Metric: 0.9159
Epoch 4/50 - Val Metric: 0.9293
Epoch 5/50 - Train Loss: 0.3503 - Train Metric: 0.9240
Epoch 5/50 - Val Metric: 0.9318
Epoch 6/50 - Train Loss: 0.3497 - Train Metric: 0.9242
Epoch 6/50 - Val Metric: 0.9349
Epoch 7/50 - Train Loss: 0.3495 - Train Metric: 0.9242
Epoch 7/50 - Val Metric: 0.9342
Epoch 8/50 - Train Loss: 0.3472 - Train Metric: 0.9254
Epoch 8/50 - Val Metric: 0.9352
Epoch 9/50 - Train Loss: 0.3392 - Train Metric: 0.9288
Epoch 9/50 - Val Metric: 0.9355
Epoch 10/50 - Train Loss: 0.3342 - Train Metric: 0.9311
Epoch 10/50 - Val Metric: 0.9347
Epoch 11/50 - Train Loss: 0.3320 - Train Metric: 0.9318
Epoch 11/50 - Val Metric: 0.9388
Epoch 12/50 - Train Loss: 0.3320 - Train Metric: 0.9318
Epoch 12/50 - Val Metric: 0.9375
Epoch 13/50 - Train Loss: 0.3246 - Train Metric: 0.9352
Epoch 13/50 - Val Metric: 0.9403
Epoch 14/50 - Train Loss: 0.3269 - Train Metric: 0.9339
Epoch 14/50 - Val Metric: 0.9408
Epoch 15/50 - Train Loss: 0.3212 - Train Metric: 0.9364
Epoch 15/50 - Val Metric: 0.9429
Epoch 16/50 - Train Loss: 0.3194 - Train Metric: 0.9371
Epoch 16/50 - Val Metric: 0.9430
Epoch 17/50 - Train Loss: 0.3145 - Train Metric: 0.9391
Epoch 17/50 - Val Metric: 0.9444
Epoch 18/50 - Train Loss: 0.3098 - Train Metric: 0.9409
Epoch 18/50 - Val Metric: 0.9362
Epoch 19/50 - Train Loss: 0.3143 - Train Metric: 0.9392
Epoch 19/50 - Val Metric: 0.9477
Epoch 20/50 - Train Loss: 0.3058 - Train Metric: 0.9425
Epoch 20/50 - Val Metric: 0.9463
Epoch 21/50 - Train Loss: 0.3052 - Train Metric: 0.9427
Epoch 21/50 - Val Metric: 0.9459
Epoch 22/50 - Train Loss: 0.3025 - Train Metric: 0.9437
Epoch 22/50 - Val Metric: 0.9501
Epoch 23/50 - Train Loss: 0.3034 - Train Metric: 0.9433
Epoch 23/50 - Val Metric: 0.9499
Epoch 24/50 - Train Loss: 0.2977 - Train Metric: 0.9454
Epoch 24/50 - Val Metric: 0.9508
Epoch 25/50 - Train Loss: 0.2910 - Train Metric: 0.9478
Epoch 25/50 - Val Metric: 0.9519
Epoch 26/50 - Train Loss: 0.2916 - Train Metric: 0.9477
Epoch 26/50 - Val Metric: 0.9525
Epoch 27/50 - Train Loss: 0.2873 - Train Metric: 0.9492
Epoch 27/50 - Val Metric: 0.9520
Epoch 28/50 - Train Loss: 0.2920 - Train Metric: 0.9475
Epoch 28/50 - Val Metric: 0.9539
Epoch 29/50 - Train Loss: 0.2882 - Train Metric: 0.9488
Epoch 29/50 - Val Metric: 0.9544
Epoch 30/50 - Train Loss: 0.2832 - Train Metric: 0.9507
Epoch 30/50 - Val Metric: 0.9536
Epoch 31/50 - Train Loss: 0.2810 - Train Metric: 0.9514
Epoch 31/50 - Val Metric: 0.9565
Epoch 32/50 - Train Loss: 0.2791 - Train Metric: 0.9523
Epoch 32/50 - Val Metric: 0.9518
Epoch 33/50 - Train Loss: 0.2827 - Train Metric: 0.9509
Epoch 33/50 - Val Metric: 0.9535
Epoch 34/50 - Train Loss: 0.2732 - Train Metric: 0.9541
Epoch 34/50 - Val Metric: 0.9573
Epoch 35/50 - Train Loss: 0.2737 - Train Metric: 0.9539
Epoch 35/50 - Val Metric: 0.9571
Epoch 36/50 - Train Loss: 0.2734 - Train Metric: 0.9542
Epoch 36/50 - Val Metric: 0.9559
Epoch 37/50 - Train Loss: 0.2685 - Train Metric: 0.9557
Epoch 37/50 - Val Metric: 0.9553
Epoch 38/50 - Train Loss: 0.2705 - Train Metric: 0.9551
Epoch 38/50 - Val Metric: 0.9576
Epoch 39/50 - Train Loss: 0.2648 - Train Metric: 0.9570
Epoch 39/50 - Val Metric: 0.9581
Epoch 40/50 - Train Loss: 0.2639 - Train Metric: 0.9573
Epoch 40/50 - Val Metric: 0.9572
Epoch 41/50 - Train Loss: 0.2630 - Train Metric: 0.9575
Epoch 41/50 - Val Metric: 0.9583
Epoch 42/50 - Train Loss: 0.2613 - Train Metric: 0.9581
Epoch 42/50 - Val Metric: 0.9589
Epoch 43/50 - Train Loss: 0.2590 - Train Metric: 0.9588
Epoch 43/50 - Val Metric: 0.9577
Epoch 44/50 - Train Loss: 0.2588 - Train Metric: 0.9589
Epoch 44/50 - Val Metric: 0.9592
Epoch 45/50 - Train Loss: 0.2558 - Train Metric: 0.9599
Epoch 45/50 - Val Metric: 0.9570
Epoch 46/50 - Train Loss: 0.2573 - Train Metric: 0.9593
Epoch 46/50 - Val Metric: 0.9597
Epoch 47/50 - Train Loss: 0.2553 - Train Metric: 0.9600
Epoch 47/50 - Val Metric: 0.9575
Epoch 48/50 - Train Loss: 0.2520 - Train Metric: 0.9610
Epoch 48/50 - Val Metric: 0.9603
Epoch 49/50 - Train Loss: 0.2537 - Train Metric: 0.9605
Epoch 49/50 - Val Metric: 0.9542
Epoch 50/50 - Train Loss: 0.2518 - Train Metric: 0.9611
Epoch 50/50 - Val Metric: 0.9594
Best val: 0.9603, Best test: 0.9519
Training set has 16507 instances
Validation set has 2063 instances
Test set has 2064 instances
Hyper-parameter search done. Found the best config.
Repeat experiments 5 times with the best train config {'batch_size': 128, 'gamma_rate': 0.95, 'base_lr': 0.001} and model config {'num_heads': 4, 'num_layers': 8, 'num_latents': 8, 'hidden_dim': 32, 'mlp_ratio': 0.5, 'dropout_prob': 0, 'top_k': 1}.
Training set has 16507 instances
Validation set has 2063 instances
Test set has 2064 instances
Epoch 1/50 - Train Loss: 0.6946 - Train Metric: 0.5038
Epoch 1/50 - Val Metric: 0.8346
Epoch 2/50 - Train Loss: 0.6958 - Train Metric: 0.5164
Epoch 2/50 - Val Metric: 0.8566
Epoch 3/50 - Train Loss: 0.5664 - Train Metric: 0.7400
Epoch 3/50 - Val Metric: 0.9078
Epoch 4/50 - Train Loss: 0.4045 - Train Metric: 0.8978
Epoch 4/50 - Val Metric: 0.9264
Epoch 5/50 - Train Loss: 0.3711 - Train Metric: 0.9147
Epoch 5/50 - Val Metric: 0.9281
Epoch 6/50 - Train Loss: 0.3587 - Train Metric: 0.9205
Epoch 6/50 - Val Metric: 0.9320
Epoch 7/50 - Train Loss: 0.3482 - Train Metric: 0.9252
Epoch 7/50 - Val Metric: 0.9292
Epoch 8/50 - Train Loss: 0.3482 - Train Metric: 0.9251
Epoch 8/50 - Val Metric: 0.9338
Epoch 9/50 - Train Loss: 0.3388 - Train Metric: 0.9292
Epoch 9/50 - Val Metric: 0.9371
Epoch 10/50 - Train Loss: 0.3318 - Train Metric: 0.9321
Epoch 10/50 - Val Metric: 0.9398
Epoch 11/50 - Train Loss: 0.3312 - Train Metric: 0.9323
Epoch 11/50 - Val Metric: 0.9333
Epoch 12/50 - Train Loss: 0.3265 - Train Metric: 0.9344
Epoch 12/50 - Val Metric: 0.9418
Epoch 13/50 - Train Loss: 0.3208 - Train Metric: 0.9366
Epoch 13/50 - Val Metric: 0.9375
Epoch 14/50 - Train Loss: 0.3203 - Train Metric: 0.9368
Epoch 14/50 - Val Metric: 0.9456
Epoch 15/50 - Train Loss: 0.3181 - Train Metric: 0.9378
Epoch 15/50 - Val Metric: 0.9420
Epoch 16/50 - Train Loss: 0.3187 - Train Metric: 0.9376
Epoch 16/50 - Val Metric: 0.9408
Epoch 17/50 - Train Loss: 0.3088 - Train Metric: 0.9414
Epoch 17/50 - Val Metric: 0.9457
Epoch 18/50 - Train Loss: 0.3075 - Train Metric: 0.9419
Epoch 18/50 - Val Metric: 0.9468
Epoch 19/50 - Train Loss: 0.3062 - Train Metric: 0.9423
Epoch 19/50 - Val Metric: 0.9425
Epoch 20/50 - Train Loss: 0.3077 - Train Metric: 0.9417
Epoch 20/50 - Val Metric: 0.9472
Epoch 21/50 - Train Loss: 0.3028 - Train Metric: 0.9436
Epoch 21/50 - Val Metric: 0.9503
Epoch 22/50 - Train Loss: 0.3019 - Train Metric: 0.9437
Epoch 22/50 - Val Metric: 0.9507
Epoch 23/50 - Train Loss: 0.2990 - Train Metric: 0.9450
Epoch 23/50 - Val Metric: 0.9507
Epoch 24/50 - Train Loss: 0.2990 - Train Metric: 0.9450
Epoch 24/50 - Val Metric: 0.9467
Epoch 25/50 - Train Loss: 0.2958 - Train Metric: 0.9463
Epoch 25/50 - Val Metric: 0.9471
Epoch 26/50 - Train Loss: 0.2949 - Train Metric: 0.9462
Epoch 26/50 - Val Metric: 0.9517
Epoch 27/50 - Train Loss: 0.2894 - Train Metric: 0.9485
Epoch 27/50 - Val Metric: 0.9533
Epoch 28/50 - Train Loss: 0.2887 - Train Metric: 0.9487
Epoch 28/50 - Val Metric: 0.9531
Epoch 29/50 - Train Loss: 0.2880 - Train Metric: 0.9491
Epoch 29/50 - Val Metric: 0.9521
Epoch 30/50 - Train Loss: 0.2893 - Train Metric: 0.9484
Epoch 30/50 - Val Metric: 0.9512
Epoch 31/50 - Train Loss: 0.2862 - Train Metric: 0.9495
Epoch 31/50 - Val Metric: 0.9495
Epoch 32/50 - Train Loss: 0.2848 - Train Metric: 0.9500
Epoch 32/50 - Val Metric: 0.9525
Epoch 33/50 - Train Loss: 0.2796 - Train Metric: 0.9519
Epoch 33/50 - Val Metric: 0.9540
Epoch 34/50 - Train Loss: 0.2766 - Train Metric: 0.9529
Epoch 34/50 - Val Metric: 0.9541
Epoch 35/50 - Train Loss: 0.2798 - Train Metric: 0.9517
Epoch 35/50 - Val Metric: 0.9531
Epoch 36/50 - Train Loss: 0.2789 - Train Metric: 0.9521
Epoch 36/50 - Val Metric: 0.9508
Epoch 37/50 - Train Loss: 0.2749 - Train Metric: 0.9535
Epoch 37/50 - Val Metric: 0.9548
Epoch 38/50 - Train Loss: 0.2764 - Train Metric: 0.9530
Epoch 38/50 - Val Metric: 0.9519
Epoch 39/50 - Train Loss: 0.2771 - Train Metric: 0.9527
Epoch 39/50 - Val Metric: 0.9517
Epoch 40/50 - Train Loss: 0.2731 - Train Metric: 0.9541
Epoch 40/50 - Val Metric: 0.9528
Epoch 41/50 - Train Loss: 0.2715 - Train Metric: 0.9548
Epoch 41/50 - Val Metric: 0.9556
Epoch 42/50 - Train Loss: 0.2672 - Train Metric: 0.9562
Epoch 42/50 - Val Metric: 0.9534
Epoch 43/50 - Train Loss: 0.2734 - Train Metric: 0.9541
Epoch 43/50 - Val Metric: 0.9547
Epoch 44/50 - Train Loss: 0.2710 - Train Metric: 0.9547
Epoch 44/50 - Val Metric: 0.9544
Epoch 45/50 - Train Loss: 0.2656 - Train Metric: 0.9567
Epoch 45/50 - Val Metric: 0.9546
Epoch 46/50 - Train Loss: 0.2672 - Train Metric: 0.9561
Epoch 46/50 - Val Metric: 0.9543
Epoch 47/50 - Train Loss: 0.2635 - Train Metric: 0.9574
Epoch 47/50 - Val Metric: 0.9553
Epoch 48/50 - Train Loss: 0.2642 - Train Metric: 0.9571
Epoch 48/50 - Val Metric: 0.9547
Epoch 49/50 - Train Loss: 0.2622 - Train Metric: 0.9578
Epoch 49/50 - Val Metric: 0.9563
Epoch 50/50 - Train Loss: 0.2617 - Train Metric: 0.9579
Epoch 50/50 - Val Metric: 0.9549
Best val: 0.9563, Best test: 0.9572
Training set has 16507 instances
Validation set has 2063 instances
Test set has 2064 instances
Epoch 1/50 - Train Loss: 0.6972 - Train Metric: 0.5078
Epoch 1/50 - Val Metric: 0.8468
Epoch 2/50 - Train Loss: 0.6721 - Train Metric: 0.5754
Epoch 2/50 - Val Metric: 0.8284
Epoch 3/50 - Train Loss: 0.5074 - Train Metric: 0.8267
Epoch 3/50 - Val Metric: 0.8605
Epoch 4/50 - Train Loss: 0.4123 - Train Metric: 0.8924
Epoch 4/50 - Val Metric: 0.9275
Epoch 5/50 - Train Loss: 0.3541 - Train Metric: 0.9223
Epoch 5/50 - Val Metric: 0.9251
Epoch 6/50 - Train Loss: 0.3460 - Train Metric: 0.9261
Epoch 6/50 - Val Metric: 0.9349
Epoch 7/50 - Train Loss: 0.3370 - Train Metric: 0.9301
Epoch 7/50 - Val Metric: 0.9361
Epoch 8/50 - Train Loss: 0.3252 - Train Metric: 0.9351
Epoch 8/50 - Val Metric: 0.9373
Epoch 9/50 - Train Loss: 0.3190 - Train Metric: 0.9374
Epoch 9/50 - Val Metric: 0.9382
Epoch 10/50 - Train Loss: 0.3144 - Train Metric: 0.9391
Epoch 10/50 - Val Metric: 0.9354
Epoch 11/50 - Train Loss: 0.3117 - Train Metric: 0.9399
Epoch 11/50 - Val Metric: 0.9418
Epoch 12/50 - Train Loss: 0.3041 - Train Metric: 0.9432
Epoch 12/50 - Val Metric: 0.9412
Epoch 13/50 - Train Loss: 0.3029 - Train Metric: 0.9436
Epoch 13/50 - Val Metric: 0.9402
Epoch 14/50 - Train Loss: 0.3027 - Train Metric: 0.9434
Epoch 14/50 - Val Metric: 0.9439
Epoch 15/50 - Train Loss: 0.2959 - Train Metric: 0.9460
Epoch 15/50 - Val Metric: 0.9405
Epoch 16/50 - Train Loss: 0.2982 - Train Metric: 0.9452
Epoch 16/50 - Val Metric: 0.9484
Epoch 17/50 - Train Loss: 0.2927 - Train Metric: 0.9474
Epoch 17/50 - Val Metric: 0.9457
Epoch 18/50 - Train Loss: 0.2926 - Train Metric: 0.9473
Epoch 18/50 - Val Metric: 0.9466
Epoch 19/50 - Train Loss: 0.2888 - Train Metric: 0.9487
Epoch 19/50 - Val Metric: 0.9458
Epoch 20/50 - Train Loss: 0.2890 - Train Metric: 0.9487
Epoch 20/50 - Val Metric: 0.9460
Epoch 21/50 - Train Loss: 0.2855 - Train Metric: 0.9498
Epoch 21/50 - Val Metric: 0.9497
Epoch 22/50 - Train Loss: 0.2874 - Train Metric: 0.9492
Epoch 22/50 - Val Metric: 0.9508
Epoch 23/50 - Train Loss: 0.2831 - Train Metric: 0.9506
Epoch 23/50 - Val Metric: 0.9496
Epoch 24/50 - Train Loss: 0.2820 - Train Metric: 0.9511
Epoch 24/50 - Val Metric: 0.9497
Epoch 25/50 - Train Loss: 0.2815 - Train Metric: 0.9512
Epoch 25/50 - Val Metric: 0.9450
Epoch 26/50 - Train Loss: 0.2801 - Train Metric: 0.9518
Epoch 26/50 - Val Metric: 0.9469
Epoch 27/50 - Train Loss: 0.2775 - Train Metric: 0.9527
Epoch 27/50 - Val Metric: 0.9509
Epoch 28/50 - Train Loss: 0.2746 - Train Metric: 0.9536
Epoch 28/50 - Val Metric: 0.9517
Epoch 29/50 - Train Loss: 0.2737 - Train Metric: 0.9539
Epoch 29/50 - Val Metric: 0.9494
Epoch 30/50 - Train Loss: 0.2718 - Train Metric: 0.9545
Epoch 30/50 - Val Metric: 0.9526
Epoch 31/50 - Train Loss: 0.2684 - Train Metric: 0.9555
Epoch 31/50 - Val Metric: 0.9516
Epoch 32/50 - Train Loss: 0.2652 - Train Metric: 0.9565
Epoch 32/50 - Val Metric: 0.9524
Epoch 33/50 - Train Loss: 0.2679 - Train Metric: 0.9558
Epoch 33/50 - Val Metric: 0.9525
Epoch 34/50 - Train Loss: 0.2669 - Train Metric: 0.9561
Epoch 34/50 - Val Metric: 0.9452
Epoch 35/50 - Train Loss: 0.2699 - Train Metric: 0.9551
Epoch 35/50 - Val Metric: 0.9536
Epoch 36/50 - Train Loss: 0.2629 - Train Metric: 0.9575
Epoch 36/50 - Val Metric: 0.9543
Epoch 37/50 - Train Loss: 0.2606 - Train Metric: 0.9581
Epoch 37/50 - Val Metric: 0.9550
Epoch 38/50 - Train Loss: 0.2619 - Train Metric: 0.9577
Epoch 38/50 - Val Metric: 0.9547
Epoch 39/50 - Train Loss: 0.2618 - Train Metric: 0.9577
Epoch 39/50 - Val Metric: 0.9536
Epoch 40/50 - Train Loss: 0.2595 - Train Metric: 0.9585
Epoch 40/50 - Val Metric: 0.9537
Epoch 41/50 - Train Loss: 0.2589 - Train Metric: 0.9586
Epoch 41/50 - Val Metric: 0.9564
Epoch 42/50 - Train Loss: 0.2555 - Train Metric: 0.9598
Epoch 42/50 - Val Metric: 0.9553
Epoch 43/50 - Train Loss: 0.2548 - Train Metric: 0.9599
Epoch 43/50 - Val Metric: 0.9561
Epoch 44/50 - Train Loss: 0.2555 - Train Metric: 0.9598
Epoch 44/50 - Val Metric: 0.9550
Epoch 45/50 - Train Loss: 0.2542 - Train Metric: 0.9601
Epoch 45/50 - Val Metric: 0.9545
Epoch 46/50 - Train Loss: 0.2531 - Train Metric: 0.9605
Epoch 46/50 - Val Metric: 0.9567
Epoch 47/50 - Train Loss: 0.2526 - Train Metric: 0.9607
Epoch 47/50 - Val Metric: 0.9562
Epoch 48/50 - Train Loss: 0.2508 - Train Metric: 0.9612
Epoch 48/50 - Val Metric: 0.9556
Epoch 49/50 - Train Loss: 0.2512 - Train Metric: 0.9611
Epoch 49/50 - Val Metric: 0.9569
Epoch 50/50 - Train Loss: 0.2503 - Train Metric: 0.9613
Epoch 50/50 - Val Metric: 0.9560
Best val: 0.9569, Best test: 0.9453
Training set has 16507 instances
Validation set has 2063 instances
Test set has 2064 instances
Epoch 1/50 - Train Loss: 0.6911 - Train Metric: 0.5215
Epoch 1/50 - Val Metric: 0.8476
Epoch 2/50 - Train Loss: 0.4728 - Train Metric: 0.8536
Epoch 2/50 - Val Metric: 0.9116
Epoch 3/50 - Train Loss: 0.3904 - Train Metric: 0.9047
Epoch 3/50 - Val Metric: 0.9273
Epoch 4/50 - Train Loss: 0.3637 - Train Metric: 0.9182
Epoch 4/50 - Val Metric: 0.9328
Epoch 5/50 - Train Loss: 0.3482 - Train Metric: 0.9253
Epoch 5/50 - Val Metric: 0.9354
Epoch 6/50 - Train Loss: 0.3516 - Train Metric: 0.9238
Epoch 6/50 - Val Metric: 0.9378
Epoch 7/50 - Train Loss: 0.3415 - Train Metric: 0.9281
Epoch 7/50 - Val Metric: 0.9385
Epoch 8/50 - Train Loss: 0.3292 - Train Metric: 0.9334
Epoch 8/50 - Val Metric: 0.9407
Epoch 9/50 - Train Loss: 0.3296 - Train Metric: 0.9330
Epoch 9/50 - Val Metric: 0.9427
Epoch 10/50 - Train Loss: 0.3230 - Train Metric: 0.9358
Epoch 10/50 - Val Metric: 0.9438
Epoch 11/50 - Train Loss: 0.3233 - Train Metric: 0.9355
Epoch 11/50 - Val Metric: 0.9434
Epoch 12/50 - Train Loss: 0.3218 - Train Metric: 0.9362
Epoch 12/50 - Val Metric: 0.9415
Epoch 13/50 - Train Loss: 0.3121 - Train Metric: 0.9399
Epoch 13/50 - Val Metric: 0.9449
Epoch 14/50 - Train Loss: 0.3114 - Train Metric: 0.9403
Epoch 14/50 - Val Metric: 0.9468
Epoch 15/50 - Train Loss: 0.3079 - Train Metric: 0.9416
Epoch 15/50 - Val Metric: 0.9482
Epoch 16/50 - Train Loss: 0.3051 - Train Metric: 0.9426
Epoch 16/50 - Val Metric: 0.9494
Epoch 17/50 - Train Loss: 0.3040 - Train Metric: 0.9430
Epoch 17/50 - Val Metric: 0.9474
Epoch 18/50 - Train Loss: 0.3048 - Train Metric: 0.9427
Epoch 18/50 - Val Metric: 0.9501
Epoch 19/50 - Train Loss: 0.2969 - Train Metric: 0.9456
Epoch 19/50 - Val Metric: 0.9444
Epoch 20/50 - Train Loss: 0.3021 - Train Metric: 0.9437
Epoch 20/50 - Val Metric: 0.9509
Epoch 21/50 - Train Loss: 0.2958 - Train Metric: 0.9461
Epoch 21/50 - Val Metric: 0.9504
Epoch 22/50 - Train Loss: 0.2955 - Train Metric: 0.9462
Epoch 22/50 - Val Metric: 0.9453
Epoch 23/50 - Train Loss: 0.2911 - Train Metric: 0.9477
Epoch 23/50 - Val Metric: 0.9515
Epoch 24/50 - Train Loss: 0.2880 - Train Metric: 0.9488
Epoch 24/50 - Val Metric: 0.9527
Epoch 25/50 - Train Loss: 0.2861 - Train Metric: 0.9496
Epoch 25/50 - Val Metric: 0.9521
Epoch 26/50 - Train Loss: 0.2856 - Train Metric: 0.9499
Epoch 26/50 - Val Metric: 0.9475
Epoch 27/50 - Train Loss: 0.2841 - Train Metric: 0.9503
Epoch 27/50 - Val Metric: 0.9538
Epoch 28/50 - Train Loss: 0.2839 - Train Metric: 0.9506
Epoch 28/50 - Val Metric: 0.9517
Epoch 29/50 - Train Loss: 0.2865 - Train Metric: 0.9495
Epoch 29/50 - Val Metric: 0.9517
Epoch 30/50 - Train Loss: 0.2825 - Train Metric: 0.9508
Epoch 30/50 - Val Metric: 0.9532
Epoch 31/50 - Train Loss: 0.2792 - Train Metric: 0.9520
Epoch 31/50 - Val Metric: 0.9549
Epoch 32/50 - Train Loss: 0.2782 - Train Metric: 0.9525
Epoch 32/50 - Val Metric: 0.9566
Epoch 33/50 - Train Loss: 0.2788 - Train Metric: 0.9521
Epoch 33/50 - Val Metric: 0.9546
Epoch 34/50 - Train Loss: 0.2790 - Train Metric: 0.9520
Epoch 34/50 - Val Metric: 0.9573
Epoch 35/50 - Train Loss: 0.2722 - Train Metric: 0.9543
Epoch 35/50 - Val Metric: 0.9554
Epoch 36/50 - Train Loss: 0.2713 - Train Metric: 0.9547
Epoch 36/50 - Val Metric: 0.9577
Epoch 37/50 - Train Loss: 0.2687 - Train Metric: 0.9555
Epoch 37/50 - Val Metric: 0.9541
Epoch 38/50 - Train Loss: 0.2711 - Train Metric: 0.9547
Epoch 38/50 - Val Metric: 0.9578
Epoch 39/50 - Train Loss: 0.2673 - Train Metric: 0.9560
Epoch 39/50 - Val Metric: 0.9573
Epoch 40/50 - Train Loss: 0.2659 - Train Metric: 0.9563
Epoch 40/50 - Val Metric: 0.9574
Epoch 41/50 - Train Loss: 0.2625 - Train Metric: 0.9573
Epoch 41/50 - Val Metric: 0.9599
Epoch 42/50 - Train Loss: 0.2602 - Train Metric: 0.9581
Epoch 42/50 - Val Metric: 0.9602
Epoch 43/50 - Train Loss: 0.2619 - Train Metric: 0.9578
Epoch 43/50 - Val Metric: 0.9603
Epoch 44/50 - Train Loss: 0.2594 - Train Metric: 0.9585
Epoch 44/50 - Val Metric: 0.9559
Epoch 45/50 - Train Loss: 0.2605 - Train Metric: 0.9581
Epoch 45/50 - Val Metric: 0.9592
Epoch 46/50 - Train Loss: 0.2552 - Train Metric: 0.9598
Epoch 46/50 - Val Metric: 0.9598
Epoch 47/50 - Train Loss: 0.2554 - Train Metric: 0.9597
Epoch 47/50 - Val Metric: 0.9598
Epoch 48/50 - Train Loss: 0.2539 - Train Metric: 0.9602
Epoch 48/50 - Val Metric: 0.9592
Epoch 49/50 - Train Loss: 0.2544 - Train Metric: 0.9601
Epoch 49/50 - Val Metric: 0.9596
Epoch 50/50 - Train Loss: 0.2521 - Train Metric: 0.9607
Epoch 50/50 - Val Metric: 0.9601
Best val: 0.9603, Best test: 0.9547
Training set has 16507 instances
Validation set has 2063 instances
Test set has 2064 instances
Epoch 1/50 - Train Loss: 0.6950 - Train Metric: 0.5072
Epoch 1/50 - Val Metric: 0.8029
Epoch 2/50 - Train Loss: 0.6368 - Train Metric: 0.5917
Epoch 2/50 - Val Metric: 0.8609
Epoch 3/50 - Train Loss: 0.4265 - Train Metric: 0.8843
Epoch 3/50 - Val Metric: 0.9061
Epoch 4/50 - Train Loss: 0.3744 - Train Metric: 0.9134
Epoch 4/50 - Val Metric: 0.9222
Epoch 5/50 - Train Loss: 0.3556 - Train Metric: 0.9221
Epoch 5/50 - Val Metric: 0.9271
Epoch 6/50 - Train Loss: 0.3469 - Train Metric: 0.9259
Epoch 6/50 - Val Metric: 0.9287
Epoch 7/50 - Train Loss: 0.3361 - Train Metric: 0.9303
Epoch 7/50 - Val Metric: 0.9275
Epoch 8/50 - Train Loss: 0.3369 - Train Metric: 0.9301
Epoch 8/50 - Val Metric: 0.9329
Epoch 9/50 - Train Loss: 0.3299 - Train Metric: 0.9330
Epoch 9/50 - Val Metric: 0.9346
Epoch 10/50 - Train Loss: 0.3259 - Train Metric: 0.9348
Epoch 10/50 - Val Metric: 0.9301
Epoch 11/50 - Train Loss: 0.3237 - Train Metric: 0.9354
Epoch 11/50 - Val Metric: 0.9373
Epoch 12/50 - Train Loss: 0.3183 - Train Metric: 0.9375
Epoch 12/50 - Val Metric: 0.9377
Epoch 13/50 - Train Loss: 0.3151 - Train Metric: 0.9389
Epoch 13/50 - Val Metric: 0.9358
Epoch 14/50 - Train Loss: 0.3105 - Train Metric: 0.9407
Epoch 14/50 - Val Metric: 0.9383
Epoch 15/50 - Train Loss: 0.3121 - Train Metric: 0.9400
Epoch 15/50 - Val Metric: 0.9375
Epoch 16/50 - Train Loss: 0.3119 - Train Metric: 0.9401
Epoch 16/50 - Val Metric: 0.9357
Epoch 17/50 - Train Loss: 0.3053 - Train Metric: 0.9426
Epoch 17/50 - Val Metric: 0.9397
Epoch 18/50 - Train Loss: 0.3036 - Train Metric: 0.9431
Epoch 18/50 - Val Metric: 0.9412
Epoch 19/50 - Train Loss: 0.3028 - Train Metric: 0.9434
Epoch 19/50 - Val Metric: 0.9406
Epoch 20/50 - Train Loss: 0.3019 - Train Metric: 0.9438
Epoch 20/50 - Val Metric: 0.9406
Epoch 21/50 - Train Loss: 0.2928 - Train Metric: 0.9472
Epoch 21/50 - Val Metric: 0.9402
Epoch 22/50 - Train Loss: 0.2946 - Train Metric: 0.9466
Epoch 22/50 - Val Metric: 0.9421
Epoch 23/50 - Train Loss: 0.2928 - Train Metric: 0.9471
Epoch 23/50 - Val Metric: 0.9395
Epoch 24/50 - Train Loss: 0.2896 - Train Metric: 0.9483
Epoch 24/50 - Val Metric: 0.9421
Epoch 25/50 - Train Loss: 0.2895 - Train Metric: 0.9484
Epoch 25/50 - Val Metric: 0.9461
Epoch 26/50 - Train Loss: 0.2833 - Train Metric: 0.9505
Epoch 26/50 - Val Metric: 0.9465
Epoch 27/50 - Train Loss: 0.2908 - Train Metric: 0.9479
Epoch 27/50 - Val Metric: 0.9447
Epoch 28/50 - Train Loss: 0.2865 - Train Metric: 0.9493
Epoch 28/50 - Val Metric: 0.9466
Epoch 29/50 - Train Loss: 0.2815 - Train Metric: 0.9512
Epoch 29/50 - Val Metric: 0.9476
Epoch 30/50 - Train Loss: 0.2774 - Train Metric: 0.9525
Epoch 30/50 - Val Metric: 0.9475
Epoch 31/50 - Train Loss: 0.2789 - Train Metric: 0.9519
Epoch 31/50 - Val Metric: 0.9471
Epoch 32/50 - Train Loss: 0.2784 - Train Metric: 0.9522
Epoch 32/50 - Val Metric: 0.9470
Epoch 33/50 - Train Loss: 0.2772 - Train Metric: 0.9527
Epoch 33/50 - Val Metric: 0.9488
Epoch 34/50 - Train Loss: 0.2736 - Train Metric: 0.9539
Epoch 34/50 - Val Metric: 0.9492
Epoch 35/50 - Train Loss: 0.2758 - Train Metric: 0.9531
Epoch 35/50 - Val Metric: 0.9488
Epoch 36/50 - Train Loss: 0.2725 - Train Metric: 0.9542
Epoch 36/50 - Val Metric: 0.9483
Epoch 37/50 - Train Loss: 0.2803 - Train Metric: 0.9516
Epoch 37/50 - Val Metric: 0.9466
Epoch 38/50 - Train Loss: 0.2750 - Train Metric: 0.9534
Epoch 38/50 - Val Metric: 0.9495
Epoch 39/50 - Train Loss: 0.2701 - Train Metric: 0.9550
Epoch 39/50 - Val Metric: 0.9488
Epoch 40/50 - Train Loss: 0.2689 - Train Metric: 0.9555
Epoch 40/50 - Val Metric: 0.9498
Epoch 41/50 - Train Loss: 0.2667 - Train Metric: 0.9561
Epoch 41/50 - Val Metric: 0.9496
Epoch 42/50 - Train Loss: 0.2670 - Train Metric: 0.9560
Epoch 42/50 - Val Metric: 0.9492
Epoch 43/50 - Train Loss: 0.2624 - Train Metric: 0.9575
Epoch 43/50 - Val Metric: 0.9499
Epoch 44/50 - Train Loss: 0.2644 - Train Metric: 0.9569
Epoch 44/50 - Val Metric: 0.9498
Epoch 45/50 - Train Loss: 0.2627 - Train Metric: 0.9574
Epoch 45/50 - Val Metric: 0.9509
Epoch 46/50 - Train Loss: 0.2605 - Train Metric: 0.9581
Epoch 46/50 - Val Metric: 0.9511
Epoch 47/50 - Train Loss: 0.2594 - Train Metric: 0.9585
Epoch 47/50 - Val Metric: 0.9516
Epoch 48/50 - Train Loss: 0.2572 - Train Metric: 0.9591
Epoch 48/50 - Val Metric: 0.9497
Epoch 49/50 - Train Loss: 0.2565 - Train Metric: 0.9593
Epoch 49/50 - Val Metric: 0.9522
Epoch 50/50 - Train Loss: 0.2553 - Train Metric: 0.9597
Epoch 50/50 - Val Metric: 0.9523
Best val: 0.9523, Best test: 0.9549
Training set has 16507 instances
Validation set has 2063 instances
Test set has 2064 instances
Epoch 1/50 - Train Loss: 0.6900 - Train Metric: 0.5255
Epoch 1/50 - Val Metric: 0.7901
Epoch 2/50 - Train Loss: 0.4763 - Train Metric: 0.8509
Epoch 2/50 - Val Metric: 0.9168
Epoch 3/50 - Train Loss: 0.3938 - Train Metric: 0.9029
Epoch 3/50 - Val Metric: 0.9330
Epoch 4/50 - Train Loss: 0.3700 - Train Metric: 0.9152
Epoch 4/50 - Val Metric: 0.9273
Epoch 5/50 - Train Loss: 0.3676 - Train Metric: 0.9161
Epoch 5/50 - Val Metric: 0.9360
Epoch 6/50 - Train Loss: 0.3582 - Train Metric: 0.9203
Epoch 6/50 - Val Metric: 0.9388
Epoch 7/50 - Train Loss: 0.3486 - Train Metric: 0.9248
Epoch 7/50 - Val Metric: 0.9397
Epoch 8/50 - Train Loss: 0.3464 - Train Metric: 0.9257
Epoch 8/50 - Val Metric: 0.9368
Epoch 9/50 - Train Loss: 0.3425 - Train Metric: 0.9275
Epoch 9/50 - Val Metric: 0.9388
Epoch 10/50 - Train Loss: 0.3401 - Train Metric: 0.9286
Epoch 10/50 - Val Metric: 0.9398
Epoch 11/50 - Train Loss: 0.3335 - Train Metric: 0.9313
Epoch 11/50 - Val Metric: 0.9403
Epoch 12/50 - Train Loss: 0.3286 - Train Metric: 0.9333
Epoch 12/50 - Val Metric: 0.9438
Epoch 13/50 - Train Loss: 0.3256 - Train Metric: 0.9346
Epoch 13/50 - Val Metric: 0.9464
Epoch 14/50 - Train Loss: 0.3293 - Train Metric: 0.9331
Epoch 14/50 - Val Metric: 0.9462
Epoch 15/50 - Train Loss: 0.3211 - Train Metric: 0.9364
Epoch 15/50 - Val Metric: 0.9493
Epoch 16/50 - Train Loss: 0.3182 - Train Metric: 0.9376
Epoch 16/50 - Val Metric: 0.9476
Epoch 17/50 - Train Loss: 0.3174 - Train Metric: 0.9380
Epoch 17/50 - Val Metric: 0.9484
Epoch 18/50 - Train Loss: 0.3112 - Train Metric: 0.9404
Epoch 18/50 - Val Metric: 0.9491
Epoch 19/50 - Train Loss: 0.3057 - Train Metric: 0.9425
Epoch 19/50 - Val Metric: 0.9509
Epoch 20/50 - Train Loss: 0.3049 - Train Metric: 0.9428
Epoch 20/50 - Val Metric: 0.9530
Epoch 21/50 - Train Loss: 0.3003 - Train Metric: 0.9445
Epoch 21/50 - Val Metric: 0.9522
Epoch 22/50 - Train Loss: 0.2974 - Train Metric: 0.9456
Epoch 22/50 - Val Metric: 0.9520
Epoch 23/50 - Train Loss: 0.2952 - Train Metric: 0.9463
Epoch 23/50 - Val Metric: 0.9542
Epoch 24/50 - Train Loss: 0.2936 - Train Metric: 0.9469
Epoch 24/50 - Val Metric: 0.9511
Epoch 25/50 - Train Loss: 0.2887 - Train Metric: 0.9486
Epoch 25/50 - Val Metric: 0.9548
Epoch 26/50 - Train Loss: 0.2877 - Train Metric: 0.9493
Epoch 26/50 - Val Metric: 0.9543
Epoch 27/50 - Train Loss: 0.2829 - Train Metric: 0.9508
Epoch 27/50 - Val Metric: 0.9533
Epoch 28/50 - Train Loss: 0.2830 - Train Metric: 0.9509
Epoch 28/50 - Val Metric: 0.9559
Epoch 29/50 - Train Loss: 0.2747 - Train Metric: 0.9537
Epoch 29/50 - Val Metric: 0.9569
Epoch 30/50 - Train Loss: 0.2748 - Train Metric: 0.9537
Epoch 30/50 - Val Metric: 0.9537
Epoch 31/50 - Train Loss: 0.2701 - Train Metric: 0.9553
Epoch 31/50 - Val Metric: 0.9577
Epoch 32/50 - Train Loss: 0.2686 - Train Metric: 0.9558
Epoch 32/50 - Val Metric: 0.9563
Epoch 33/50 - Train Loss: 0.2723 - Train Metric: 0.9546
Epoch 33/50 - Val Metric: 0.9570
Epoch 34/50 - Train Loss: 0.2680 - Train Metric: 0.9560
Epoch 34/50 - Val Metric: 0.9552
Epoch 35/50 - Train Loss: 0.2617 - Train Metric: 0.9580
Epoch 35/50 - Val Metric: 0.9576
Epoch 36/50 - Train Loss: 0.2628 - Train Metric: 0.9577
Epoch 36/50 - Val Metric: 0.9582
Epoch 37/50 - Train Loss: 0.2599 - Train Metric: 0.9586
Epoch 37/50 - Val Metric: 0.9582
Epoch 38/50 - Train Loss: 0.2562 - Train Metric: 0.9598
Epoch 38/50 - Val Metric: 0.9575
Epoch 39/50 - Train Loss: 0.2573 - Train Metric: 0.9595
Epoch 39/50 - Val Metric: 0.9580
Epoch 40/50 - Train Loss: 0.2537 - Train Metric: 0.9606
Epoch 40/50 - Val Metric: 0.9581
Epoch 41/50 - Train Loss: 0.2512 - Train Metric: 0.9613
Epoch 41/50 - Val Metric: 0.9566
Epoch 42/50 - Train Loss: 0.2543 - Train Metric: 0.9604
Epoch 42/50 - Val Metric: 0.9554
Epoch 43/50 - Train Loss: 0.2515 - Train Metric: 0.9612
Epoch 43/50 - Val Metric: 0.9581
Epoch 44/50 - Train Loss: 0.2506 - Train Metric: 0.9615
Epoch 44/50 - Val Metric: 0.9579
Epoch 45/50 - Train Loss: 0.2519 - Train Metric: 0.9611
Epoch 45/50 - Val Metric: 0.9579
Epoch 46/50 - Train Loss: 0.2444 - Train Metric: 0.9633
Epoch 46/50 - Val Metric: 0.9589
Epoch 47/50 - Train Loss: 0.2460 - Train Metric: 0.9629
Epoch 47/50 - Val Metric: 0.9581
Epoch 48/50 - Train Loss: 0.2428 - Train Metric: 0.9638
Epoch 48/50 - Val Metric: 0.9601
Epoch 49/50 - Train Loss: 0.2411 - Train Metric: 0.9644
Epoch 49/50 - Val Metric: 0.9561
Epoch 50/50 - Train Loss: 0.2430 - Train Metric: 0.9638
Epoch 50/50 - Val Metric: 0.9594
Best val: 0.9601, Best test: 0.9606
[0.95719635 0.94534796 0.95474803 0.95489645 0.96063805]
