Hyper-parameter search via Optuna
Namespace(task_type='binary_classification', scale='small', idx=12, epochs=50, num_trials=20, num_repeats=5, seed=0, exp_name='MemGlovalAvgPool', result_path='output/binary_classification/small/12/MemGlovalAvgPool.pt')
Device: cuda
Start building binary_classification dataset_small_12
Training set has 8065 instances
Validation set has 1008 instances
Test set has 1009 instances
Epoch 1/50 - Train Loss: 0.7544 - Train Metric: 0.4947
Epoch 1/50 - Val Metric: 0.7291
Epoch 2/50 - Train Loss: 0.6939 - Train Metric: 0.4999
Epoch 2/50 - Val Metric: 0.9086
Epoch 3/50 - Train Loss: 0.6940 - Train Metric: 0.5091
Epoch 3/50 - Val Metric: 0.9108
Epoch 4/50 - Train Loss: 0.6935 - Train Metric: 0.4965
Epoch 4/50 - Val Metric: 0.9116
Epoch 5/50 - Train Loss: 0.6932 - Train Metric: 0.5006
Epoch 5/50 - Val Metric: 0.9125
Epoch 6/50 - Train Loss: 0.6946 - Train Metric: 0.4997
Epoch 6/50 - Val Metric: 0.9124
Epoch 7/50 - Train Loss: 0.6946 - Train Metric: 0.5074
Epoch 7/50 - Val Metric: 0.9122
Epoch 8/50 - Train Loss: 0.6926 - Train Metric: 0.5164
Epoch 8/50 - Val Metric: 0.9125
Epoch 9/50 - Train Loss: 0.6936 - Train Metric: 0.5064
Epoch 9/50 - Val Metric: 0.9126
Epoch 10/50 - Train Loss: 0.6942 - Train Metric: 0.5170
Epoch 10/50 - Val Metric: 0.9128
Epoch 11/50 - Train Loss: 0.6939 - Train Metric: 0.5099
Epoch 11/50 - Val Metric: 0.9132
Epoch 12/50 - Train Loss: 0.6938 - Train Metric: 0.5067
Epoch 12/50 - Val Metric: 0.9128
Epoch 13/50 - Train Loss: 0.6927 - Train Metric: 0.5335
Epoch 13/50 - Val Metric: 0.9126
Epoch 14/50 - Train Loss: 0.6911 - Train Metric: 0.5429
Epoch 14/50 - Val Metric: 0.9124
Epoch 15/50 - Train Loss: 0.6902 - Train Metric: 0.5399
Epoch 15/50 - Val Metric: 0.9125
Epoch 16/50 - Train Loss: 0.6876 - Train Metric: 0.5545
Epoch 16/50 - Val Metric: 0.9126
Epoch 17/50 - Train Loss: 0.6716 - Train Metric: 0.6700
Epoch 17/50 - Val Metric: 0.9105
Epoch 18/50 - Train Loss: 0.5791 - Train Metric: 0.7616
Epoch 18/50 - Val Metric: 0.9367
Epoch 19/50 - Train Loss: 0.3540 - Train Metric: 0.9231
Epoch 19/50 - Val Metric: 0.9714
Epoch 20/50 - Train Loss: 0.2376 - Train Metric: 0.9668
Epoch 20/50 - Val Metric: 0.9817
Epoch 21/50 - Train Loss: 0.2150 - Train Metric: 0.9730
Epoch 21/50 - Val Metric: 0.9842
Epoch 22/50 - Train Loss: 0.2044 - Train Metric: 0.9757
Epoch 22/50 - Val Metric: 0.9839
Epoch 23/50 - Train Loss: 0.1892 - Train Metric: 0.9792
Epoch 23/50 - Val Metric: 0.9843
Epoch 24/50 - Train Loss: 0.1853 - Train Metric: 0.9799
Epoch 24/50 - Val Metric: 0.9849
Epoch 25/50 - Train Loss: 0.1786 - Train Metric: 0.9811
Epoch 25/50 - Val Metric: 0.9827
Epoch 26/50 - Train Loss: 0.1709 - Train Metric: 0.9827
Epoch 26/50 - Val Metric: 0.9832
Epoch 27/50 - Train Loss: 0.1717 - Train Metric: 0.9824
Epoch 27/50 - Val Metric: 0.9857
Epoch 28/50 - Train Loss: 0.1606 - Train Metric: 0.9846
Epoch 28/50 - Val Metric: 0.9841
Epoch 29/50 - Train Loss: 0.1570 - Train Metric: 0.9852
Epoch 29/50 - Val Metric: 0.9845
Epoch 30/50 - Train Loss: 0.1500 - Train Metric: 0.9865
Epoch 30/50 - Val Metric: 0.9860
Epoch 31/50 - Train Loss: 0.1482 - Train Metric: 0.9866
Epoch 31/50 - Val Metric: 0.9870
Epoch 32/50 - Train Loss: 0.1430 - Train Metric: 0.9876
Epoch 32/50 - Val Metric: 0.9898
Epoch 33/50 - Train Loss: 0.1374 - Train Metric: 0.9885
Epoch 33/50 - Val Metric: 0.9896
Epoch 34/50 - Train Loss: 0.1398 - Train Metric: 0.9883
Epoch 34/50 - Val Metric: 0.9900
Epoch 35/50 - Train Loss: 0.1334 - Train Metric: 0.9893
Epoch 35/50 - Val Metric: 0.9879
Epoch 36/50 - Train Loss: 0.1265 - Train Metric: 0.9903
Epoch 36/50 - Val Metric: 0.9885
Epoch 37/50 - Train Loss: 0.1288 - Train Metric: 0.9900
Epoch 37/50 - Val Metric: 0.9911
Epoch 38/50 - Train Loss: 0.1223 - Train Metric: 0.9910
Epoch 38/50 - Val Metric: 0.9908
Epoch 39/50 - Train Loss: 0.1213 - Train Metric: 0.9912
Epoch 39/50 - Val Metric: 0.9914
Epoch 40/50 - Train Loss: 0.1125 - Train Metric: 0.9924
Epoch 40/50 - Val Metric: 0.9911
Epoch 41/50 - Train Loss: 0.1170 - Train Metric: 0.9918
Epoch 41/50 - Val Metric: 0.9924
Epoch 42/50 - Train Loss: 0.1102 - Train Metric: 0.9927
Epoch 42/50 - Val Metric: 0.9923
Epoch 43/50 - Train Loss: 0.1063 - Train Metric: 0.9932
Epoch 43/50 - Val Metric: 0.9918
Epoch 44/50 - Train Loss: 0.1134 - Train Metric: 0.9923
Epoch 44/50 - Val Metric: 0.9918
Epoch 45/50 - Train Loss: 0.1097 - Train Metric: 0.9927
Epoch 45/50 - Val Metric: 0.9926
Epoch 46/50 - Train Loss: 0.1058 - Train Metric: 0.9933
Epoch 46/50 - Val Metric: 0.9918
Epoch 47/50 - Train Loss: 0.1034 - Train Metric: 0.9936
Epoch 47/50 - Val Metric: 0.9930
Epoch 48/50 - Train Loss: 0.0993 - Train Metric: 0.9941
Epoch 48/50 - Val Metric: 0.9921
Epoch 49/50 - Train Loss: 0.0971 - Train Metric: 0.9943
Epoch 49/50 - Val Metric: 0.9931
Epoch 50/50 - Train Loss: 0.0968 - Train Metric: 0.9944
Epoch 50/50 - Val Metric: 0.9924
Best val: 0.9931, Best test: 0.9962
Training set has 8065 instances
Validation set has 1008 instances
Test set has 1009 instances
Epoch 1/50 - Train Loss: 0.7333 - Train Metric: 0.5050
Epoch 1/50 - Val Metric: 0.9116
Epoch 2/50 - Train Loss: 0.6961 - Train Metric: 0.5130
Epoch 2/50 - Val Metric: 0.9097
Epoch 3/50 - Train Loss: 0.6936 - Train Metric: 0.5129
Epoch 3/50 - Val Metric: 0.9120
Epoch 4/50 - Train Loss: 0.4461 - Train Metric: 0.8593
Epoch 4/50 - Val Metric: 0.9846
Epoch 5/50 - Train Loss: 0.1682 - Train Metric: 0.9827
Epoch 5/50 - Val Metric: 0.9872
Epoch 6/50 - Train Loss: 0.1421 - Train Metric: 0.9874
Epoch 6/50 - Val Metric: 0.9913
Epoch 7/50 - Train Loss: 0.1397 - Train Metric: 0.9876
Epoch 7/50 - Val Metric: 0.9930
Epoch 8/50 - Train Loss: 0.1161 - Train Metric: 0.9916
Epoch 8/50 - Val Metric: 0.9944
Epoch 9/50 - Train Loss: 0.1090 - Train Metric: 0.9925
Epoch 9/50 - Val Metric: 0.9936
Epoch 10/50 - Train Loss: 0.1060 - Train Metric: 0.9931
Epoch 10/50 - Val Metric: 0.9941
Epoch 11/50 - Train Loss: 0.0972 - Train Metric: 0.9942
Epoch 11/50 - Val Metric: 0.9977
Epoch 12/50 - Train Loss: 0.0847 - Train Metric: 0.9957
Epoch 12/50 - Val Metric: 0.9968
Epoch 13/50 - Train Loss: 0.0759 - Train Metric: 0.9965
Epoch 13/50 - Val Metric: 0.9977
Epoch 14/50 - Train Loss: 0.0700 - Train Metric: 0.9971
Epoch 14/50 - Val Metric: 0.9975
Epoch 15/50 - Train Loss: 0.0796 - Train Metric: 0.9961
Epoch 15/50 - Val Metric: 0.9973
Epoch 16/50 - Train Loss: 0.0649 - Train Metric: 0.9974
Epoch 16/50 - Val Metric: 0.9975
Epoch 17/50 - Train Loss: 0.0592 - Train Metric: 0.9978
Epoch 17/50 - Val Metric: 0.9983
Epoch 18/50 - Train Loss: 0.0539 - Train Metric: 0.9982
Epoch 18/50 - Val Metric: 0.9977
Epoch 19/50 - Train Loss: 0.0520 - Train Metric: 0.9983
Epoch 19/50 - Val Metric: 0.9977
Epoch 20/50 - Train Loss: 0.0552 - Train Metric: 0.9981
Epoch 20/50 - Val Metric: 0.9972
Epoch 21/50 - Train Loss: 0.0571 - Train Metric: 0.9981
Epoch 21/50 - Val Metric: 0.9977
Epoch 22/50 - Train Loss: 0.0497 - Train Metric: 0.9981
Epoch 22/50 - Val Metric: 0.9969
Epoch 23/50 - Train Loss: 0.0561 - Train Metric: 0.9980
Epoch 23/50 - Val Metric: 0.9980
Epoch 24/50 - Train Loss: 0.0509 - Train Metric: 0.9984
Epoch 24/50 - Val Metric: 0.9981
Epoch 25/50 - Train Loss: 0.0589 - Train Metric: 0.9979
Epoch 25/50 - Val Metric: 0.9980
Epoch 26/50 - Train Loss: 0.0502 - Train Metric: 0.9984
Epoch 26/50 - Val Metric: 0.9985
Epoch 27/50 - Train Loss: 0.0526 - Train Metric: 0.9983
Epoch 27/50 - Val Metric: 0.9989
Epoch 28/50 - Train Loss: 0.0447 - Train Metric: 0.9988
Epoch 28/50 - Val Metric: 0.9984
Epoch 29/50 - Train Loss: 0.0528 - Train Metric: 0.9983
Epoch 29/50 - Val Metric: 0.9987
Epoch 30/50 - Train Loss: 0.0420 - Train Metric: 0.9989
Epoch 30/50 - Val Metric: 0.9989
Epoch 31/50 - Train Loss: 0.0465 - Train Metric: 0.9986
Epoch 31/50 - Val Metric: 0.9988
Epoch 32/50 - Train Loss: 0.0568 - Train Metric: 0.9980
Epoch 32/50 - Val Metric: 0.9983
Epoch 33/50 - Train Loss: 0.0526 - Train Metric: 0.9983
Epoch 33/50 - Val Metric: 0.9984
Epoch 34/50 - Train Loss: 0.0460 - Train Metric: 0.9987
Epoch 34/50 - Val Metric: 0.9974
Epoch 35/50 - Train Loss: 0.0595 - Train Metric: 0.9978
Epoch 35/50 - Val Metric: 0.9984
Epoch 36/50 - Train Loss: 0.0466 - Train Metric: 0.9987
Epoch 36/50 - Val Metric: 0.9985
Epoch 37/50 - Train Loss: 0.0786 - Train Metric: 0.9961
Epoch 37/50 - Val Metric: 0.9968
Epoch 38/50 - Train Loss: 0.0701 - Train Metric: 0.9970
Epoch 38/50 - Val Metric: 0.9968
Epoch 39/50 - Train Loss: 0.0649 - Train Metric: 0.9974
Epoch 39/50 - Val Metric: 0.9981
Epoch 40/50 - Train Loss: 0.0439 - Train Metric: 0.9988
Epoch 40/50 - Val Metric: 0.9985
Epoch 41/50 - Train Loss: 0.0512 - Train Metric: 0.9984
Epoch 41/50 - Val Metric: 0.9987
Epoch 42/50 - Train Loss: 0.0467 - Train Metric: 0.9987
Epoch 42/50 - Val Metric: 0.9977
Epoch 43/50 - Train Loss: 0.0444 - Train Metric: 0.9988
Epoch 43/50 - Val Metric: 0.9983
Epoch 44/50 - Train Loss: 0.0471 - Train Metric: 0.9986
Epoch 44/50 - Val Metric: 0.9982
Epoch 45/50 - Train Loss: 0.0462 - Train Metric: 0.9987
Epoch 45/50 - Val Metric: 0.9978
Epoch 46/50 - Train Loss: 0.0498 - Train Metric: 0.9985
Epoch 46/50 - Val Metric: 0.9972
Epoch 47/50 - Train Loss: 0.0547 - Train Metric: 0.9980
Epoch 47/50 - Val Metric: 0.9979
Epoch 48/50 - Train Loss: 0.0556 - Train Metric: 0.9980
Epoch 48/50 - Val Metric: 0.9987
Epoch 49/50 - Train Loss: 0.0554 - Train Metric: 0.9981
Epoch 49/50 - Val Metric: 0.9986
Epoch 50/50 - Train Loss: 0.0476 - Train Metric: 0.9986
Epoch 50/50 - Val Metric: 0.9984
Best val: 0.9989, Best test: 0.9988
Training set has 8065 instances
Validation set has 1008 instances
Test set has 1009 instances
Epoch 1/50 - Train Loss: 0.6980 - Train Metric: 0.5181
Epoch 1/50 - Val Metric: 0.9138
Epoch 2/50 - Train Loss: 0.6946 - Train Metric: 0.5086
Epoch 2/50 - Val Metric: 0.9179
Epoch 3/50 - Train Loss: 0.6955 - Train Metric: 0.5112
Epoch 3/50 - Val Metric: 0.9208
Epoch 4/50 - Train Loss: 0.6935 - Train Metric: 0.5155
Epoch 4/50 - Val Metric: 0.9219
Epoch 5/50 - Train Loss: 0.6929 - Train Metric: 0.5397
Epoch 5/50 - Val Metric: 0.9214
Epoch 6/50 - Train Loss: 0.6565 - Train Metric: 0.6508
Epoch 6/50 - Val Metric: 0.9364
Epoch 7/50 - Train Loss: 0.4246 - Train Metric: 0.8893
Epoch 7/50 - Val Metric: 0.9674
Epoch 8/50 - Train Loss: 0.2686 - Train Metric: 0.9532
Epoch 8/50 - Val Metric: 0.9755
Epoch 9/50 - Train Loss: 0.2377 - Train Metric: 0.9655
Epoch 9/50 - Val Metric: 0.9825
Epoch 10/50 - Train Loss: 0.1958 - Train Metric: 0.9784
Epoch 10/50 - Val Metric: 0.9822
Epoch 11/50 - Train Loss: 0.1736 - Train Metric: 0.9829
Epoch 11/50 - Val Metric: 0.9844
Epoch 12/50 - Train Loss: 0.1735 - Train Metric: 0.9826
Epoch 12/50 - Val Metric: 0.9892
Epoch 13/50 - Train Loss: 0.1504 - Train Metric: 0.9869
Epoch 13/50 - Val Metric: 0.9887
Epoch 14/50 - Train Loss: 0.1377 - Train Metric: 0.9892
Epoch 14/50 - Val Metric: 0.9905
Epoch 15/50 - Train Loss: 0.1361 - Train Metric: 0.9893
Epoch 15/50 - Val Metric: 0.9928
Epoch 16/50 - Train Loss: 0.1246 - Train Metric: 0.9910
Epoch 16/50 - Val Metric: 0.9921
Epoch 17/50 - Train Loss: 0.1172 - Train Metric: 0.9920
Epoch 17/50 - Val Metric: 0.9941
Epoch 18/50 - Train Loss: 0.1113 - Train Metric: 0.9929
Epoch 18/50 - Val Metric: 0.9937
Epoch 19/50 - Train Loss: 0.0981 - Train Metric: 0.9945
Epoch 19/50 - Val Metric: 0.9920
Epoch 20/50 - Train Loss: 0.1055 - Train Metric: 0.9935
Epoch 20/50 - Val Metric: 0.9930
Epoch 21/50 - Train Loss: 0.1072 - Train Metric: 0.9933
Epoch 21/50 - Val Metric: 0.9941
Epoch 22/50 - Train Loss: 0.0943 - Train Metric: 0.9948
Epoch 22/50 - Val Metric: 0.9921
Epoch 23/50 - Train Loss: 0.0995 - Train Metric: 0.9942
Epoch 23/50 - Val Metric: 0.9967
Epoch 24/50 - Train Loss: 0.0837 - Train Metric: 0.9960
Epoch 24/50 - Val Metric: 0.9965
Epoch 25/50 - Train Loss: 0.0848 - Train Metric: 0.9958
Epoch 25/50 - Val Metric: 0.9961
Epoch 26/50 - Train Loss: 0.0903 - Train Metric: 0.9952
Epoch 26/50 - Val Metric: 0.9967
Epoch 27/50 - Train Loss: 0.0793 - Train Metric: 0.9963
Epoch 27/50 - Val Metric: 0.9959
Epoch 28/50 - Train Loss: 0.0897 - Train Metric: 0.9953
Epoch 28/50 - Val Metric: 0.9972
Epoch 29/50 - Train Loss: 0.0845 - Train Metric: 0.9958
Epoch 29/50 - Val Metric: 0.9963
Epoch 30/50 - Train Loss: 0.0755 - Train Metric: 0.9966
Epoch 30/50 - Val Metric: 0.9976
Epoch 31/50 - Train Loss: 0.0672 - Train Metric: 0.9974
Epoch 31/50 - Val Metric: 0.9979
Epoch 32/50 - Train Loss: 0.0706 - Train Metric: 0.9971
Epoch 32/50 - Val Metric: 0.9973
Epoch 33/50 - Train Loss: 0.0784 - Train Metric: 0.9964
Epoch 33/50 - Val Metric: 0.9971
Epoch 34/50 - Train Loss: 0.0711 - Train Metric: 0.9970
Epoch 34/50 - Val Metric: 0.9976
Epoch 35/50 - Train Loss: 0.0697 - Train Metric: 0.9971
Epoch 35/50 - Val Metric: 0.9979
Epoch 36/50 - Train Loss: 0.0623 - Train Metric: 0.9977
Epoch 36/50 - Val Metric: 0.9980
Epoch 37/50 - Train Loss: 0.0706 - Train Metric: 0.9970
Epoch 37/50 - Val Metric: 0.9975
Epoch 38/50 - Train Loss: 0.0639 - Train Metric: 0.9975
Epoch 38/50 - Val Metric: 0.9978
Epoch 39/50 - Train Loss: 0.0590 - Train Metric: 0.9979
Epoch 39/50 - Val Metric: 0.9981
Epoch 40/50 - Train Loss: 0.0708 - Train Metric: 0.9970
Epoch 40/50 - Val Metric: 0.9979
Epoch 41/50 - Train Loss: 0.0597 - Train Metric: 0.9979
Epoch 41/50 - Val Metric: 0.9978
Epoch 42/50 - Train Loss: 0.0549 - Train Metric: 0.9982
Epoch 42/50 - Val Metric: 0.9980
Epoch 43/50 - Train Loss: 0.0568 - Train Metric: 0.9981
Epoch 43/50 - Val Metric: 0.9980
Epoch 44/50 - Train Loss: 0.0580 - Train Metric: 0.9980
Epoch 44/50 - Val Metric: 0.9983
Epoch 45/50 - Train Loss: 0.0529 - Train Metric: 0.9983
Epoch 45/50 - Val Metric: 0.9982
Epoch 46/50 - Train Loss: 0.0568 - Train Metric: 0.9981
Epoch 46/50 - Val Metric: 0.9974
Epoch 47/50 - Train Loss: 0.0592 - Train Metric: 0.9979
Epoch 47/50 - Val Metric: 0.9984
Epoch 48/50 - Train Loss: 0.0549 - Train Metric: 0.9982
Epoch 48/50 - Val Metric: 0.9983
Epoch 49/50 - Train Loss: 0.0550 - Train Metric: 0.9982
Epoch 49/50 - Val Metric: 0.9973
Epoch 50/50 - Train Loss: 0.0543 - Train Metric: 0.9982
Epoch 50/50 - Val Metric: 0.9984
Best val: 0.9984, Best test: 0.9979
Training set has 8065 instances
Validation set has 1008 instances
Test set has 1009 instances
Epoch 1/50 - Train Loss: 0.6955 - Train Metric: 0.5099
Epoch 1/50 - Val Metric: 0.7349
Epoch 2/50 - Train Loss: 0.6936 - Train Metric: 0.5112
Epoch 2/50 - Val Metric: 0.8648
Epoch 3/50 - Train Loss: 0.6931 - Train Metric: 0.5312
Epoch 3/50 - Val Metric: 0.8869
Epoch 4/50 - Train Loss: 0.6939 - Train Metric: 0.5168
Epoch 4/50 - Val Metric: 0.8959
Epoch 5/50 - Train Loss: 0.6930 - Train Metric: 0.5391
Epoch 5/50 - Val Metric: 0.8980
Epoch 6/50 - Train Loss: 0.6919 - Train Metric: 0.5398
Epoch 6/50 - Val Metric: 0.9005
Epoch 7/50 - Train Loss: 0.6917 - Train Metric: 0.5605
Epoch 7/50 - Val Metric: 0.9017
Epoch 8/50 - Train Loss: 0.6907 - Train Metric: 0.5477
Epoch 8/50 - Val Metric: 0.9006
Epoch 9/50 - Train Loss: 0.6904 - Train Metric: 0.5480
Epoch 9/50 - Val Metric: 0.9014
Epoch 10/50 - Train Loss: 0.6874 - Train Metric: 0.5778
Epoch 10/50 - Val Metric: 0.8957
Epoch 11/50 - Train Loss: 0.6689 - Train Metric: 0.7085
Epoch 11/50 - Val Metric: 0.8838
Epoch 12/50 - Train Loss: 0.5831 - Train Metric: 0.7724
Epoch 12/50 - Val Metric: 0.8886
Epoch 13/50 - Train Loss: 0.4909 - Train Metric: 0.8416
Epoch 13/50 - Val Metric: 0.9066
Epoch 14/50 - Train Loss: 0.4064 - Train Metric: 0.9041
Epoch 14/50 - Val Metric: 0.9272
Epoch 15/50 - Train Loss: 0.3659 - Train Metric: 0.9222
Epoch 15/50 - Val Metric: 0.9399
Epoch 16/50 - Train Loss: 0.3002 - Train Metric: 0.9468
Epoch 16/50 - Val Metric: 0.9474
Epoch 17/50 - Train Loss: 0.2728 - Train Metric: 0.9557
Epoch 17/50 - Val Metric: 0.9522
Epoch 18/50 - Train Loss: 0.2610 - Train Metric: 0.9602
Epoch 18/50 - Val Metric: 0.9569
Epoch 19/50 - Train Loss: 0.2553 - Train Metric: 0.9628
Epoch 19/50 - Val Metric: 0.9594
Epoch 20/50 - Train Loss: 0.2456 - Train Metric: 0.9664
Epoch 20/50 - Val Metric: 0.9640
Epoch 21/50 - Train Loss: 0.2441 - Train Metric: 0.9675
Epoch 21/50 - Val Metric: 0.9643
Epoch 22/50 - Train Loss: 0.2359 - Train Metric: 0.9705
Epoch 22/50 - Val Metric: 0.9654
Epoch 23/50 - Train Loss: 0.2325 - Train Metric: 0.9717
Epoch 23/50 - Val Metric: 0.9696
Epoch 24/50 - Train Loss: 0.2310 - Train Metric: 0.9726
Epoch 24/50 - Val Metric: 0.9634
Epoch 25/50 - Train Loss: 0.2274 - Train Metric: 0.9736
Epoch 25/50 - Val Metric: 0.9703
Epoch 26/50 - Train Loss: 0.2255 - Train Metric: 0.9742
Epoch 26/50 - Val Metric: 0.9707
Epoch 27/50 - Train Loss: 0.2250 - Train Metric: 0.9746
Epoch 27/50 - Val Metric: 0.9717
Epoch 28/50 - Train Loss: 0.2213 - Train Metric: 0.9760
Epoch 28/50 - Val Metric: 0.9727
Epoch 29/50 - Train Loss: 0.2198 - Train Metric: 0.9763
Epoch 29/50 - Val Metric: 0.9732
Epoch 30/50 - Train Loss: 0.2230 - Train Metric: 0.9755
Epoch 30/50 - Val Metric: 0.9736
Epoch 31/50 - Train Loss: 0.2191 - Train Metric: 0.9767
Epoch 31/50 - Val Metric: 0.9708
Epoch 32/50 - Train Loss: 0.2180 - Train Metric: 0.9770
Epoch 32/50 - Val Metric: 0.9736
Epoch 33/50 - Train Loss: 0.2191 - Train Metric: 0.9763
Epoch 33/50 - Val Metric: 0.9730
Epoch 34/50 - Train Loss: 0.2155 - Train Metric: 0.9776
Epoch 34/50 - Val Metric: 0.9739
Epoch 35/50 - Train Loss: 0.2156 - Train Metric: 0.9777
Epoch 35/50 - Val Metric: 0.9736
Epoch 36/50 - Train Loss: 0.2146 - Train Metric: 0.9777
Epoch 36/50 - Val Metric: 0.9747
Epoch 37/50 - Train Loss: 0.2136 - Train Metric: 0.9780
Epoch 37/50 - Val Metric: 0.9752
Epoch 38/50 - Train Loss: 0.2152 - Train Metric: 0.9775
Epoch 38/50 - Val Metric: 0.9748
Epoch 39/50 - Train Loss: 0.2131 - Train Metric: 0.9781
Epoch 39/50 - Val Metric: 0.9752
Epoch 40/50 - Train Loss: 0.2127 - Train Metric: 0.9785
Epoch 40/50 - Val Metric: 0.9745
Epoch 41/50 - Train Loss: 0.2122 - Train Metric: 0.9783
Epoch 41/50 - Val Metric: 0.9752
Epoch 42/50 - Train Loss: 0.2121 - Train Metric: 0.9786
Epoch 42/50 - Val Metric: 0.9752
Epoch 43/50 - Train Loss: 0.2113 - Train Metric: 0.9789
Epoch 43/50 - Val Metric: 0.9752
Epoch 44/50 - Train Loss: 0.2114 - Train Metric: 0.9787
Epoch 44/50 - Val Metric: 0.9756
Epoch 45/50 - Train Loss: 0.2106 - Train Metric: 0.9788
Epoch 45/50 - Val Metric: 0.9751
Epoch 46/50 - Train Loss: 0.2106 - Train Metric: 0.9788
Epoch 46/50 - Val Metric: 0.9753
Epoch 47/50 - Train Loss: 0.2113 - Train Metric: 0.9787
Epoch 47/50 - Val Metric: 0.9756
Epoch 48/50 - Train Loss: 0.2103 - Train Metric: 0.9790
Epoch 48/50 - Val Metric: 0.9755
Epoch 49/50 - Train Loss: 0.2117 - Train Metric: 0.9788
Epoch 49/50 - Val Metric: 0.9752
Epoch 50/50 - Train Loss: 0.2101 - Train Metric: 0.9789
Epoch 50/50 - Val Metric: 0.9759
Best val: 0.9759, Best test: 0.9802
Training set has 8065 instances
Validation set has 1008 instances
Test set has 1009 instances
Epoch 1/50 - Train Loss: 0.6967 - Train Metric: 0.5052
Epoch 1/50 - Val Metric: 0.8987
Epoch 2/50 - Train Loss: 0.6953 - Train Metric: 0.5075
Epoch 2/50 - Val Metric: 0.8978
Epoch 3/50 - Train Loss: 0.6952 - Train Metric: 0.5041
Epoch 3/50 - Val Metric: 0.9005
Epoch 4/50 - Train Loss: 0.6955 - Train Metric: 0.5069
Epoch 4/50 - Val Metric: 0.8995
Epoch 5/50 - Train Loss: 0.6942 - Train Metric: 0.5074
Epoch 5/50 - Val Metric: 0.8995
Epoch 6/50 - Train Loss: 0.6929 - Train Metric: 0.5145
Epoch 6/50 - Val Metric: 0.8980
Epoch 7/50 - Train Loss: 0.6922 - Train Metric: 0.5213
Epoch 7/50 - Val Metric: 0.7008
Epoch 8/50 - Train Loss: 0.6931 - Train Metric: 0.5234
Epoch 8/50 - Val Metric: 0.8964
Epoch 9/50 - Train Loss: 0.6904 - Train Metric: 0.5486
Epoch 9/50 - Val Metric: 0.8957
Epoch 10/50 - Train Loss: 0.6866 - Train Metric: 0.5717
Epoch 10/50 - Val Metric: 0.8927
Epoch 11/50 - Train Loss: 0.5830 - Train Metric: 0.7692
Epoch 11/50 - Val Metric: 0.9283
Epoch 12/50 - Train Loss: 0.4126 - Train Metric: 0.8945
Epoch 12/50 - Val Metric: 0.9435
Epoch 13/50 - Train Loss: 0.3643 - Train Metric: 0.9178
Epoch 13/50 - Val Metric: 0.9382
Epoch 14/50 - Train Loss: 0.2991 - Train Metric: 0.9425
Epoch 14/50 - Val Metric: 0.9517
Epoch 15/50 - Train Loss: 0.2742 - Train Metric: 0.9527
Epoch 15/50 - Val Metric: 0.9541
Epoch 16/50 - Train Loss: 0.2721 - Train Metric: 0.9509
Epoch 16/50 - Val Metric: 0.9582
Epoch 17/50 - Train Loss: 0.2606 - Train Metric: 0.9557
Epoch 17/50 - Val Metric: 0.9551
Epoch 18/50 - Train Loss: 0.2593 - Train Metric: 0.9577
Epoch 18/50 - Val Metric: 0.9639
Epoch 19/50 - Train Loss: 0.2525 - Train Metric: 0.9598
Epoch 19/50 - Val Metric: 0.9638
Epoch 20/50 - Train Loss: 0.2488 - Train Metric: 0.9608
Epoch 20/50 - Val Metric: 0.9541
Epoch 21/50 - Train Loss: 0.2456 - Train Metric: 0.9610
Epoch 21/50 - Val Metric: 0.9699
Epoch 22/50 - Train Loss: 0.2434 - Train Metric: 0.9628
Epoch 22/50 - Val Metric: 0.9660
Epoch 23/50 - Train Loss: 0.2447 - Train Metric: 0.9616
Epoch 23/50 - Val Metric: 0.9672
Epoch 24/50 - Train Loss: 0.2328 - Train Metric: 0.9678
Epoch 24/50 - Val Metric: 0.9727
Epoch 25/50 - Train Loss: 0.2300 - Train Metric: 0.9672
Epoch 25/50 - Val Metric: 0.9719
Epoch 26/50 - Train Loss: 0.2257 - Train Metric: 0.9698
Epoch 26/50 - Val Metric: 0.9571
Epoch 27/50 - Train Loss: 0.2242 - Train Metric: 0.9698
Epoch 27/50 - Val Metric: 0.9587
Epoch 28/50 - Train Loss: 0.2299 - Train Metric: 0.9690
Epoch 28/50 - Val Metric: 0.9637
Epoch 29/50 - Train Loss: 0.2136 - Train Metric: 0.9734
Epoch 29/50 - Val Metric: 0.9632
Epoch 30/50 - Train Loss: 0.2193 - Train Metric: 0.9719
Epoch 30/50 - Val Metric: 0.9632
Epoch 31/50 - Train Loss: 0.2130 - Train Metric: 0.9737
Epoch 31/50 - Val Metric: 0.9721
Epoch 32/50 - Train Loss: 0.2126 - Train Metric: 0.9737
Epoch 32/50 - Val Metric: 0.9724
Epoch 33/50 - Train Loss: 0.2078 - Train Metric: 0.9754
Epoch 33/50 - Val Metric: 0.9588
Epoch 34/50 - Train Loss: 0.2103 - Train Metric: 0.9742
Epoch 34/50 - Val Metric: 0.9648
Epoch 35/50 - Train Loss: 0.2035 - Train Metric: 0.9763
Epoch 35/50 - Val Metric: 0.9679
Epoch 36/50 - Train Loss: 0.2079 - Train Metric: 0.9749
Epoch 36/50 - Val Metric: 0.9625
Epoch 37/50 - Train Loss: 0.2001 - Train Metric: 0.9769
Epoch 37/50 - Val Metric: 0.9683
Epoch 38/50 - Train Loss: 0.1984 - Train Metric: 0.9780
Epoch 38/50 - Val Metric: 0.9636
Epoch 39/50 - Train Loss: 0.1979 - Train Metric: 0.9776
Epoch 39/50 - Val Metric: 0.9606
Epoch 40/50 - Train Loss: 0.2009 - Train Metric: 0.9773
Epoch 40/50 - Val Metric: 0.9628
Epoch 41/50 - Train Loss: 0.1953 - Train Metric: 0.9785
Epoch 41/50 - Val Metric: 0.9614
Epoch 42/50 - Train Loss: 0.1914 - Train Metric: 0.9791
Epoch 42/50 - Val Metric: 0.9632
Epoch 43/50 - Train Loss: 0.1946 - Train Metric: 0.9779
Epoch 43/50 - Val Metric: 0.9693
Epoch 44/50 - Train Loss: 0.1880 - Train Metric: 0.9800
Epoch 44/50 - Val Metric: 0.9628
Epoch 45/50 - Train Loss: 0.1901 - Train Metric: 0.9795
Epoch 45/50 - Val Metric: 0.9658
Epoch 46/50 - Train Loss: 0.1890 - Train Metric: 0.9795
Epoch 46/50 - Val Metric: 0.9684
Epoch 47/50 - Train Loss: 0.1856 - Train Metric: 0.9803
Epoch 47/50 - Val Metric: 0.9672
Epoch 48/50 - Train Loss: 0.1934 - Train Metric: 0.9781
Epoch 48/50 - Val Metric: 0.9669
Epoch 49/50 - Train Loss: 0.1872 - Train Metric: 0.9800
Epoch 49/50 - Val Metric: 0.9677
Epoch 50/50 - Train Loss: 0.1873 - Train Metric: 0.9800
Epoch 50/50 - Val Metric: 0.9688
Best val: 0.9727, Best test: 0.9711
Training set has 8065 instances
Validation set has 1008 instances
Test set has 1009 instances
Training set has 8065 instances
Validation set has 1008 instances
Test set has 1009 instances
Training set has 8065 instances
Validation set has 1008 instances
Test set has 1009 instances
Training set has 8065 instances
Validation set has 1008 instances
Test set has 1009 instances
Epoch 1/50 - Train Loss: 0.7147 - Train Metric: 0.5023
Epoch 1/50 - Val Metric: 0.9061
Epoch 2/50 - Train Loss: 0.6940 - Train Metric: 0.4994
Epoch 2/50 - Val Metric: 0.9097
Training set has 8065 instances
Validation set has 1008 instances
Test set has 1009 instances
Training set has 8065 instances
Validation set has 1008 instances
Test set has 1009 instances
Epoch 1/50 - Train Loss: 0.7619 - Train Metric: 0.5133
Epoch 1/50 - Val Metric: 0.9047
Training set has 8065 instances
Validation set has 1008 instances
Test set has 1009 instances
Training set has 8065 instances
Validation set has 1008 instances
Test set has 1009 instances
Epoch 1/50 - Train Loss: 0.6986 - Train Metric: 0.5231
Epoch 1/50 - Val Metric: 0.9256
Epoch 2/50 - Train Loss: 0.6936 - Train Metric: 0.5269
Epoch 2/50 - Val Metric: 0.9210
Epoch 3/50 - Train Loss: 0.6946 - Train Metric: 0.5190
Epoch 3/50 - Val Metric: 0.9208
Epoch 4/50 - Train Loss: 0.6912 - Train Metric: 0.5405
Epoch 4/50 - Val Metric: 0.9203
Epoch 5/50 - Train Loss: 0.6826 - Train Metric: 0.6157
Epoch 5/50 - Val Metric: 0.9193
Epoch 6/50 - Train Loss: 0.5222 - Train Metric: 0.8189
Epoch 6/50 - Val Metric: 0.9612
Epoch 7/50 - Train Loss: 0.2736 - Train Metric: 0.9549
Epoch 7/50 - Val Metric: 0.9793
Epoch 8/50 - Train Loss: 0.2277 - Train Metric: 0.9709
Epoch 8/50 - Val Metric: 0.9847
Epoch 9/50 - Train Loss: 0.1871 - Train Metric: 0.9801
Epoch 9/50 - Val Metric: 0.9867
Epoch 10/50 - Train Loss: 0.1603 - Train Metric: 0.9857
Epoch 10/50 - Val Metric: 0.9848
Epoch 11/50 - Train Loss: 0.1450 - Train Metric: 0.9879
Epoch 11/50 - Val Metric: 0.9915
Epoch 12/50 - Train Loss: 0.1306 - Train Metric: 0.9902
Epoch 12/50 - Val Metric: 0.9925
Epoch 13/50 - Train Loss: 0.1197 - Train Metric: 0.9916
Epoch 13/50 - Val Metric: 0.9953
Epoch 14/50 - Train Loss: 0.1289 - Train Metric: 0.9902
Epoch 14/50 - Val Metric: 0.9910
Epoch 15/50 - Train Loss: 0.1151 - Train Metric: 0.9922
Epoch 15/50 - Val Metric: 0.9963
Epoch 16/50 - Train Loss: 0.0898 - Train Metric: 0.9952
Epoch 16/50 - Val Metric: 0.9967
Epoch 17/50 - Train Loss: 0.0933 - Train Metric: 0.9948
Epoch 17/50 - Val Metric: 0.9951
Epoch 18/50 - Train Loss: 0.0871 - Train Metric: 0.9955
Epoch 18/50 - Val Metric: 0.9976
Epoch 19/50 - Train Loss: 0.0919 - Train Metric: 0.9950
Epoch 19/50 - Val Metric: 0.9948
Epoch 20/50 - Train Loss: 0.0843 - Train Metric: 0.9958
Epoch 20/50 - Val Metric: 0.9975
Epoch 21/50 - Train Loss: 0.0871 - Train Metric: 0.9955
Epoch 21/50 - Val Metric: 0.9958
Epoch 22/50 - Train Loss: 0.0735 - Train Metric: 0.9968
Epoch 22/50 - Val Metric: 0.9978
Epoch 23/50 - Train Loss: 0.0728 - Train Metric: 0.9969
Epoch 23/50 - Val Metric: 0.9979
Epoch 24/50 - Train Loss: 0.0727 - Train Metric: 0.9969
Epoch 24/50 - Val Metric: 0.9953
Epoch 25/50 - Train Loss: 0.1001 - Train Metric: 0.9940
Epoch 25/50 - Val Metric: 0.9962
Epoch 26/50 - Train Loss: 0.0734 - Train Metric: 0.9968
Epoch 26/50 - Val Metric: 0.9954
Epoch 27/50 - Train Loss: 0.0667 - Train Metric: 0.9974
Epoch 27/50 - Val Metric: 0.9983
Epoch 28/50 - Train Loss: 0.0693 - Train Metric: 0.9971
Epoch 28/50 - Val Metric: 0.9977
Epoch 29/50 - Train Loss: 0.0675 - Train Metric: 0.9973
Epoch 29/50 - Val Metric: 0.9981
Epoch 30/50 - Train Loss: 0.0659 - Train Metric: 0.9974
Epoch 30/50 - Val Metric: 0.9968
Epoch 31/50 - Train Loss: 0.0710 - Train Metric: 0.9970
Epoch 31/50 - Val Metric: 0.9952
Epoch 32/50 - Train Loss: 0.0619 - Train Metric: 0.9977
Epoch 32/50 - Val Metric: 0.9987
Epoch 33/50 - Train Loss: 0.0572 - Train Metric: 0.9980
Epoch 33/50 - Val Metric: 0.9988
Epoch 34/50 - Train Loss: 0.0588 - Train Metric: 0.9979
Epoch 34/50 - Val Metric: 0.9986
Epoch 35/50 - Train Loss: 0.0509 - Train Metric: 0.9984
Epoch 35/50 - Val Metric: 0.9987
Epoch 36/50 - Train Loss: 0.0651 - Train Metric: 0.9975
Epoch 36/50 - Val Metric: 0.9954
Epoch 37/50 - Train Loss: 0.0800 - Train Metric: 0.9958
Epoch 37/50 - Val Metric: 0.9988
Epoch 38/50 - Train Loss: 0.0526 - Train Metric: 0.9983
Epoch 38/50 - Val Metric: 0.9993
Epoch 39/50 - Train Loss: 0.0600 - Train Metric: 0.9979
Epoch 39/50 - Val Metric: 0.9962
Epoch 40/50 - Train Loss: 0.0601 - Train Metric: 0.9978
Epoch 40/50 - Val Metric: 0.9989
Epoch 41/50 - Train Loss: 0.0519 - Train Metric: 0.9984
Epoch 41/50 - Val Metric: 0.9979
Epoch 42/50 - Train Loss: 0.0567 - Train Metric: 0.9981
Epoch 42/50 - Val Metric: 0.9991
Epoch 43/50 - Train Loss: 0.0481 - Train Metric: 0.9986
Epoch 43/50 - Val Metric: 0.9990
Epoch 44/50 - Train Loss: 0.0476 - Train Metric: 0.9986
Epoch 44/50 - Val Metric: 0.9986
Epoch 45/50 - Train Loss: 0.0503 - Train Metric: 0.9985
Epoch 45/50 - Val Metric: 0.9985
Epoch 46/50 - Train Loss: 0.0459 - Train Metric: 0.9987
Epoch 46/50 - Val Metric: 0.9983
Epoch 47/50 - Train Loss: 0.0478 - Train Metric: 0.9987
Epoch 47/50 - Val Metric: 0.9985
Epoch 48/50 - Train Loss: 0.0409 - Train Metric: 0.9990
Epoch 48/50 - Val Metric: 0.9990
Epoch 49/50 - Train Loss: 0.0417 - Train Metric: 0.9989
Epoch 49/50 - Val Metric: 0.9991
Epoch 50/50 - Train Loss: 0.0383 - Train Metric: 0.9991
Epoch 50/50 - Val Metric: 0.9991
Best val: 0.9993, Best test: 0.9991
Training set has 8065 instances
Validation set has 1008 instances
Test set has 1009 instances
Training set has 8065 instances
Validation set has 1008 instances
Test set has 1009 instances
Training set has 8065 instances
Validation set has 1008 instances
Test set has 1009 instances
Training set has 8065 instances
Validation set has 1008 instances
Test set has 1009 instances
Training set has 8065 instances
Validation set has 1008 instances
Test set has 1009 instances
Training set has 8065 instances
Validation set has 1008 instances
Test set has 1009 instances
Training set has 8065 instances
Validation set has 1008 instances
Test set has 1009 instances
Epoch 1/50 - Train Loss: 0.7133 - Train Metric: 0.5081
Epoch 1/50 - Val Metric: 0.9099
Epoch 2/50 - Train Loss: 0.6960 - Train Metric: 0.5121
Epoch 2/50 - Val Metric: 0.9096
Hyper-parameter search done. Found the best config.
Repeat experiments 5 times with the best train config {'batch_size': 128, 'gamma_rate': 1.0, 'base_lr': 0.0001} and model config {'num_heads': 8, 'num_layers': 8, 'hidden_dim': 128, 'mlp_ratio': 0.5, 'dropout_prob': 0, 'top_k': 5}.
Training set has 8065 instances
Validation set has 1008 instances
Test set has 1009 instances
Epoch 1/50 - Train Loss: 0.6666 - Train Metric: 0.6281
Epoch 1/50 - Val Metric: 0.9445
Epoch 2/50 - Train Loss: 0.7170 - Train Metric: 0.5136
Epoch 2/50 - Val Metric: 0.9261
Epoch 3/50 - Train Loss: 0.6911 - Train Metric: 0.5514
Epoch 3/50 - Val Metric: 0.9224
Epoch 4/50 - Train Loss: 0.6901 - Train Metric: 0.5646
Epoch 4/50 - Val Metric: 0.9155
Epoch 5/50 - Train Loss: 0.6853 - Train Metric: 0.5686
Epoch 5/50 - Val Metric: 0.8988
Epoch 6/50 - Train Loss: 0.6300 - Train Metric: 0.7079
Epoch 6/50 - Val Metric: 0.9084
Epoch 7/50 - Train Loss: 0.4513 - Train Metric: 0.8703
Epoch 7/50 - Val Metric: 0.9516
Epoch 8/50 - Train Loss: 0.3260 - Train Metric: 0.9331
Epoch 8/50 - Val Metric: 0.9636
Epoch 9/50 - Train Loss: 0.2285 - Train Metric: 0.9695
Epoch 9/50 - Val Metric: 0.9861
Epoch 10/50 - Train Loss: 0.1938 - Train Metric: 0.9789
Epoch 10/50 - Val Metric: 0.9773
Epoch 11/50 - Train Loss: 0.1758 - Train Metric: 0.9823
Epoch 11/50 - Val Metric: 0.9884
Epoch 12/50 - Train Loss: 0.1535 - Train Metric: 0.9862
Epoch 12/50 - Val Metric: 0.9900
Epoch 13/50 - Train Loss: 0.1408 - Train Metric: 0.9883
Epoch 13/50 - Val Metric: 0.9915
Epoch 14/50 - Train Loss: 0.1379 - Train Metric: 0.9888
Epoch 14/50 - Val Metric: 0.9917
Epoch 15/50 - Train Loss: 0.1478 - Train Metric: 0.9871
Epoch 15/50 - Val Metric: 0.9928
Epoch 16/50 - Train Loss: 0.1243 - Train Metric: 0.9909
Epoch 16/50 - Val Metric: 0.9924
Epoch 17/50 - Train Loss: 0.1178 - Train Metric: 0.9918
Epoch 17/50 - Val Metric: 0.9946
Epoch 18/50 - Train Loss: 0.1214 - Train Metric: 0.9912
Epoch 18/50 - Val Metric: 0.9935
Epoch 19/50 - Train Loss: 0.1138 - Train Metric: 0.9924
Epoch 19/50 - Val Metric: 0.9952
Epoch 20/50 - Train Loss: 0.1076 - Train Metric: 0.9932
Epoch 20/50 - Val Metric: 0.9934
Epoch 21/50 - Train Loss: 0.1046 - Train Metric: 0.9936
Epoch 21/50 - Val Metric: 0.9964
Epoch 22/50 - Train Loss: 0.0979 - Train Metric: 0.9943
Epoch 22/50 - Val Metric: 0.9969
Epoch 23/50 - Train Loss: 0.1129 - Train Metric: 0.9926
Epoch 23/50 - Val Metric: 0.9961
Epoch 24/50 - Train Loss: 0.0819 - Train Metric: 0.9960
Epoch 24/50 - Val Metric: 0.9977
Epoch 25/50 - Train Loss: 0.0910 - Train Metric: 0.9952
Epoch 25/50 - Val Metric: 0.9977
Epoch 26/50 - Train Loss: 0.0716 - Train Metric: 0.9970
Epoch 26/50 - Val Metric: 0.9972
Epoch 27/50 - Train Loss: 0.1024 - Train Metric: 0.9939
Epoch 27/50 - Val Metric: 0.9975
Epoch 28/50 - Train Loss: 0.0774 - Train Metric: 0.9965
Epoch 28/50 - Val Metric: 0.9967
Epoch 29/50 - Train Loss: 0.0726 - Train Metric: 0.9969
Epoch 29/50 - Val Metric: 0.9974
Epoch 30/50 - Train Loss: 0.1015 - Train Metric: 0.9938
Epoch 30/50 - Val Metric: 0.9939
Epoch 31/50 - Train Loss: 0.0807 - Train Metric: 0.9960
Epoch 31/50 - Val Metric: 0.9981
Epoch 32/50 - Train Loss: 0.0718 - Train Metric: 0.9970
Epoch 32/50 - Val Metric: 0.9983
Epoch 33/50 - Train Loss: 0.0681 - Train Metric: 0.9972
Epoch 33/50 - Val Metric: 0.9982
Epoch 34/50 - Train Loss: 0.0671 - Train Metric: 0.9973
Epoch 34/50 - Val Metric: 0.9978
Epoch 35/50 - Train Loss: 0.0739 - Train Metric: 0.9968
Epoch 35/50 - Val Metric: 0.9983
Epoch 36/50 - Train Loss: 0.0678 - Train Metric: 0.9971
Epoch 36/50 - Val Metric: 0.9974
Epoch 37/50 - Train Loss: 0.0599 - Train Metric: 0.9979
Epoch 37/50 - Val Metric: 0.9985
Epoch 38/50 - Train Loss: 0.0690 - Train Metric: 0.9973
Epoch 38/50 - Val Metric: 0.9980
Epoch 39/50 - Train Loss: 0.0663 - Train Metric: 0.9974
Epoch 39/50 - Val Metric: 0.9984
Epoch 40/50 - Train Loss: 0.0586 - Train Metric: 0.9980
Epoch 40/50 - Val Metric: 0.9933
Epoch 41/50 - Train Loss: 0.0656 - Train Metric: 0.9974
Epoch 41/50 - Val Metric: 0.9984
Epoch 42/50 - Train Loss: 0.0579 - Train Metric: 0.9980
Epoch 42/50 - Val Metric: 0.9988
Epoch 43/50 - Train Loss: 0.0589 - Train Metric: 0.9980
Epoch 43/50 - Val Metric: 0.9990
Epoch 44/50 - Train Loss: 0.0630 - Train Metric: 0.9977
Epoch 44/50 - Val Metric: 0.9983
Epoch 45/50 - Train Loss: 0.0661 - Train Metric: 0.9973
Epoch 45/50 - Val Metric: 0.9983
Epoch 46/50 - Train Loss: 0.0524 - Train Metric: 0.9984
Epoch 46/50 - Val Metric: 0.9990
Epoch 47/50 - Train Loss: 0.0512 - Train Metric: 0.9984
Epoch 47/50 - Val Metric: 0.9980
Epoch 48/50 - Train Loss: 0.0571 - Train Metric: 0.9981
Epoch 48/50 - Val Metric: 0.9969
Epoch 49/50 - Train Loss: 0.0475 - Train Metric: 0.9986
Epoch 49/50 - Val Metric: 0.9987
Epoch 50/50 - Train Loss: 0.0494 - Train Metric: 0.9985
Epoch 50/50 - Val Metric: 0.9992
Best val: 0.9992, Best test: 0.9995
Training set has 8065 instances
Validation set has 1008 instances
Test set has 1009 instances
Epoch 1/50 - Train Loss: 0.6940 - Train Metric: 0.5257
Epoch 1/50 - Val Metric: 0.8449
Epoch 2/50 - Train Loss: 0.6942 - Train Metric: 0.5157
Epoch 2/50 - Val Metric: 0.9029
Epoch 3/50 - Train Loss: 0.6919 - Train Metric: 0.5118
Epoch 3/50 - Val Metric: 0.9090
Epoch 4/50 - Train Loss: 0.6912 - Train Metric: 0.5425
Epoch 4/50 - Val Metric: 0.9094
Epoch 5/50 - Train Loss: 0.6413 - Train Metric: 0.6638
Epoch 5/50 - Val Metric: 0.8948
Epoch 6/50 - Train Loss: 0.3578 - Train Metric: 0.9220
Epoch 6/50 - Val Metric: 0.9845
Epoch 7/50 - Train Loss: 0.2143 - Train Metric: 0.9738
Epoch 7/50 - Val Metric: 0.9893
Epoch 8/50 - Train Loss: 0.1868 - Train Metric: 0.9799
Epoch 8/50 - Val Metric: 0.9922
Epoch 9/50 - Train Loss: 0.1467 - Train Metric: 0.9873
Epoch 9/50 - Val Metric: 0.9876
Epoch 10/50 - Train Loss: 0.1456 - Train Metric: 0.9873
Epoch 10/50 - Val Metric: 0.9932
Epoch 11/50 - Train Loss: 0.1521 - Train Metric: 0.9863
Epoch 11/50 - Val Metric: 0.9901
Epoch 12/50 - Train Loss: 0.1509 - Train Metric: 0.9865
Epoch 12/50 - Val Metric: 0.9832
Epoch 13/50 - Train Loss: 0.1160 - Train Metric: 0.9921
Epoch 13/50 - Val Metric: 0.9925
Epoch 14/50 - Train Loss: 0.1172 - Train Metric: 0.9919
Epoch 14/50 - Val Metric: 0.9883
Epoch 15/50 - Train Loss: 0.1158 - Train Metric: 0.9921
Epoch 15/50 - Val Metric: 0.9911
Epoch 16/50 - Train Loss: 0.1143 - Train Metric: 0.9922
Epoch 16/50 - Val Metric: 0.9953
Epoch 17/50 - Train Loss: 0.1024 - Train Metric: 0.9938
Epoch 17/50 - Val Metric: 0.9932
Epoch 18/50 - Train Loss: 0.1109 - Train Metric: 0.9927
Epoch 18/50 - Val Metric: 0.9958
Epoch 19/50 - Train Loss: 0.0939 - Train Metric: 0.9947
Epoch 19/50 - Val Metric: 0.9955
Epoch 20/50 - Train Loss: 0.0941 - Train Metric: 0.9947
Epoch 20/50 - Val Metric: 0.9946
Epoch 21/50 - Train Loss: 0.0923 - Train Metric: 0.9949
Epoch 21/50 - Val Metric: 0.9913
Epoch 22/50 - Train Loss: 0.0892 - Train Metric: 0.9952
Epoch 22/50 - Val Metric: 0.9968
Epoch 23/50 - Train Loss: 0.0758 - Train Metric: 0.9967
Epoch 23/50 - Val Metric: 0.9975
Epoch 24/50 - Train Loss: 0.0922 - Train Metric: 0.9950
Epoch 24/50 - Val Metric: 0.9977
Epoch 25/50 - Train Loss: 0.0991 - Train Metric: 0.9940
Epoch 25/50 - Val Metric: 0.9966
Epoch 26/50 - Train Loss: 0.0684 - Train Metric: 0.9972
Epoch 26/50 - Val Metric: 0.9978
Epoch 27/50 - Train Loss: 0.0617 - Train Metric: 0.9978
Epoch 27/50 - Val Metric: 0.9980
Epoch 28/50 - Train Loss: 0.0829 - Train Metric: 0.9959
Epoch 28/50 - Val Metric: 0.9950
Epoch 29/50 - Train Loss: 0.0618 - Train Metric: 0.9977
Epoch 29/50 - Val Metric: 0.9927
Epoch 30/50 - Train Loss: 0.0620 - Train Metric: 0.9977
Epoch 30/50 - Val Metric: 0.9958
Epoch 31/50 - Train Loss: 0.0644 - Train Metric: 0.9976
Epoch 31/50 - Val Metric: 0.9983
Epoch 32/50 - Train Loss: 0.0712 - Train Metric: 0.9969
Epoch 32/50 - Val Metric: 0.9973
Epoch 33/50 - Train Loss: 0.0699 - Train Metric: 0.9971
Epoch 33/50 - Val Metric: 0.9974
Epoch 34/50 - Train Loss: 0.0693 - Train Metric: 0.9971
Epoch 34/50 - Val Metric: 0.9979
Epoch 35/50 - Train Loss: 0.0534 - Train Metric: 0.9983
Epoch 35/50 - Val Metric: 0.9983
Epoch 36/50 - Train Loss: 0.0812 - Train Metric: 0.9957
Epoch 36/50 - Val Metric: 0.9979
Epoch 37/50 - Train Loss: 0.0569 - Train Metric: 0.9981
Epoch 37/50 - Val Metric: 0.9975
Epoch 38/50 - Train Loss: 0.0528 - Train Metric: 0.9984
Epoch 38/50 - Val Metric: 0.9978
Epoch 39/50 - Train Loss: 0.0448 - Train Metric: 0.9988
Epoch 39/50 - Val Metric: 0.9986
Epoch 40/50 - Train Loss: 0.0604 - Train Metric: 0.9978
Epoch 40/50 - Val Metric: 0.9968
Epoch 41/50 - Train Loss: 0.0474 - Train Metric: 0.9986
Epoch 41/50 - Val Metric: 0.9982
Epoch 42/50 - Train Loss: 0.0494 - Train Metric: 0.9985
Epoch 42/50 - Val Metric: 0.9987
Epoch 43/50 - Train Loss: 0.0595 - Train Metric: 0.9979
Epoch 43/50 - Val Metric: 0.9981
Epoch 44/50 - Train Loss: 0.0480 - Train Metric: 0.9986
Epoch 44/50 - Val Metric: 0.9984
Epoch 45/50 - Train Loss: 0.0557 - Train Metric: 0.9981
Epoch 45/50 - Val Metric: 0.9987
Epoch 46/50 - Train Loss: 0.0565 - Train Metric: 0.9981
Epoch 46/50 - Val Metric: 0.9979
Epoch 47/50 - Train Loss: 0.0529 - Train Metric: 0.9983
Epoch 47/50 - Val Metric: 0.9975
Epoch 48/50 - Train Loss: 0.0491 - Train Metric: 0.9985
Epoch 48/50 - Val Metric: 0.9979
Epoch 49/50 - Train Loss: 0.0429 - Train Metric: 0.9989
Epoch 49/50 - Val Metric: 0.9977
Epoch 50/50 - Train Loss: 0.0465 - Train Metric: 0.9987
Epoch 50/50 - Val Metric: 0.9981
Best val: 0.9987, Best test: 0.9995
Training set has 8065 instances
Validation set has 1008 instances
Test set has 1009 instances
Epoch 1/50 - Train Loss: 0.6953 - Train Metric: 0.5091
Epoch 1/50 - Val Metric: 0.6906
Epoch 2/50 - Train Loss: 0.6945 - Train Metric: 0.5123
Epoch 2/50 - Val Metric: 0.8934
Epoch 3/50 - Train Loss: 0.6968 - Train Metric: 0.5270
Epoch 3/50 - Val Metric: 0.9015
Epoch 4/50 - Train Loss: 0.6941 - Train Metric: 0.5164
Epoch 4/50 - Val Metric: 0.9053
Epoch 5/50 - Train Loss: 0.6932 - Train Metric: 0.5195
Epoch 5/50 - Val Metric: 0.9098
Epoch 6/50 - Train Loss: 0.6877 - Train Metric: 0.5581
Epoch 6/50 - Val Metric: 0.9108
Epoch 7/50 - Train Loss: 0.6311 - Train Metric: 0.6959
Epoch 7/50 - Val Metric: 0.9206
Epoch 8/50 - Train Loss: 0.3601 - Train Metric: 0.9207
Epoch 8/50 - Val Metric: 0.9783
Epoch 9/50 - Train Loss: 0.1958 - Train Metric: 0.9792
Epoch 9/50 - Val Metric: 0.9844
Epoch 10/50 - Train Loss: 0.1528 - Train Metric: 0.9867
Epoch 10/50 - Val Metric: 0.9880
Epoch 11/50 - Train Loss: 0.1428 - Train Metric: 0.9880
Epoch 11/50 - Val Metric: 0.9912
Epoch 12/50 - Train Loss: 0.1347 - Train Metric: 0.9893
Epoch 12/50 - Val Metric: 0.9919
Epoch 13/50 - Train Loss: 0.1213 - Train Metric: 0.9912
Epoch 13/50 - Val Metric: 0.9920
Epoch 14/50 - Train Loss: 0.1129 - Train Metric: 0.9924
Epoch 14/50 - Val Metric: 0.9948
Epoch 15/50 - Train Loss: 0.0971 - Train Metric: 0.9944
Epoch 15/50 - Val Metric: 0.9928
Epoch 16/50 - Train Loss: 0.1044 - Train Metric: 0.9935
Epoch 16/50 - Val Metric: 0.9946
Epoch 17/50 - Train Loss: 0.1076 - Train Metric: 0.9931
Epoch 17/50 - Val Metric: 0.9932
Epoch 18/50 - Train Loss: 0.0867 - Train Metric: 0.9955
Epoch 18/50 - Val Metric: 0.9950
Epoch 19/50 - Train Loss: 0.1019 - Train Metric: 0.9938
Epoch 19/50 - Val Metric: 0.9951
Epoch 20/50 - Train Loss: 0.0853 - Train Metric: 0.9956
Epoch 20/50 - Val Metric: 0.9959
Epoch 21/50 - Train Loss: 0.0882 - Train Metric: 0.9953
Epoch 21/50 - Val Metric: 0.9968
Epoch 22/50 - Train Loss: 0.0714 - Train Metric: 0.9970
Epoch 22/50 - Val Metric: 0.9967
Epoch 23/50 - Train Loss: 0.0636 - Train Metric: 0.9976
Epoch 23/50 - Val Metric: 0.9948
Epoch 24/50 - Train Loss: 0.0790 - Train Metric: 0.9962
Epoch 24/50 - Val Metric: 0.9967
Epoch 25/50 - Train Loss: 0.0667 - Train Metric: 0.9974
Epoch 25/50 - Val Metric: 0.9962
Epoch 26/50 - Train Loss: 0.0799 - Train Metric: 0.9962
Epoch 26/50 - Val Metric: 0.9960
Epoch 27/50 - Train Loss: 0.0819 - Train Metric: 0.9959
Epoch 27/50 - Val Metric: 0.9975
Epoch 28/50 - Train Loss: 0.0561 - Train Metric: 0.9980
Epoch 28/50 - Val Metric: 0.9971
Epoch 29/50 - Train Loss: 0.0587 - Train Metric: 0.9980
Epoch 29/50 - Val Metric: 0.9977
Epoch 30/50 - Train Loss: 0.0482 - Train Metric: 0.9986
Epoch 30/50 - Val Metric: 0.9976
Epoch 31/50 - Train Loss: 0.0690 - Train Metric: 0.9972
Epoch 31/50 - Val Metric: 0.9969
Epoch 32/50 - Train Loss: 0.0524 - Train Metric: 0.9984
Epoch 32/50 - Val Metric: 0.9978
Epoch 33/50 - Train Loss: 0.0443 - Train Metric: 0.9988
Epoch 33/50 - Val Metric: 0.9982
Epoch 34/50 - Train Loss: 0.0630 - Train Metric: 0.9976
Epoch 34/50 - Val Metric: 0.9980
Epoch 35/50 - Train Loss: 0.0575 - Train Metric: 0.9980
Epoch 35/50 - Val Metric: 0.9971
Epoch 36/50 - Train Loss: 0.0511 - Train Metric: 0.9984
Epoch 36/50 - Val Metric: 0.9978
Epoch 37/50 - Train Loss: 0.0503 - Train Metric: 0.9984
Epoch 37/50 - Val Metric: 0.9971
Epoch 38/50 - Train Loss: 0.0427 - Train Metric: 0.9989
Epoch 38/50 - Val Metric: 0.9976
Epoch 39/50 - Train Loss: 0.0501 - Train Metric: 0.9984
Epoch 39/50 - Val Metric: 0.9978
Epoch 40/50 - Train Loss: 0.0426 - Train Metric: 0.9989
Epoch 40/50 - Val Metric: 0.9980
Epoch 41/50 - Train Loss: 0.0450 - Train Metric: 0.9988
Epoch 41/50 - Val Metric: 0.9974
Epoch 42/50 - Train Loss: 0.0437 - Train Metric: 0.9988
Epoch 42/50 - Val Metric: 0.9979
Epoch 43/50 - Train Loss: 0.0351 - Train Metric: 0.9992
Epoch 43/50 - Val Metric: 0.9983
Epoch 44/50 - Train Loss: 0.0391 - Train Metric: 0.9991
Epoch 44/50 - Val Metric: 0.9980
Epoch 45/50 - Train Loss: 0.0390 - Train Metric: 0.9991
Epoch 45/50 - Val Metric: 0.9984
Epoch 46/50 - Train Loss: 0.0693 - Train Metric: 0.9971
Epoch 46/50 - Val Metric: 0.9968
Epoch 47/50 - Train Loss: 0.0443 - Train Metric: 0.9988
Epoch 47/50 - Val Metric: 0.9983
Epoch 48/50 - Train Loss: 0.0352 - Train Metric: 0.9993
Epoch 48/50 - Val Metric: 0.9983
Epoch 49/50 - Train Loss: 0.0447 - Train Metric: 0.9988
Epoch 49/50 - Val Metric: 0.9973
Epoch 50/50 - Train Loss: 0.0392 - Train Metric: 0.9991
Epoch 50/50 - Val Metric: 0.9961
Best val: 0.9984, Best test: 0.9991
Training set has 8065 instances
Validation set has 1008 instances
Test set has 1009 instances
Epoch 1/50 - Train Loss: 0.6962 - Train Metric: 0.5122
Epoch 1/50 - Val Metric: 0.9036
Epoch 2/50 - Train Loss: 0.6966 - Train Metric: 0.5183
Epoch 2/50 - Val Metric: 0.9171
Epoch 3/50 - Train Loss: 0.6939 - Train Metric: 0.5278
Epoch 3/50 - Val Metric: 0.9124
Epoch 4/50 - Train Loss: 0.6898 - Train Metric: 0.5385
Epoch 4/50 - Val Metric: 0.9052
Epoch 5/50 - Train Loss: 0.6701 - Train Metric: 0.6261
Epoch 5/50 - Val Metric: 0.9159
Epoch 6/50 - Train Loss: 0.5157 - Train Metric: 0.8219
Epoch 6/50 - Val Metric: 0.9664
Epoch 7/50 - Train Loss: 0.2732 - Train Metric: 0.9539
Epoch 7/50 - Val Metric: 0.9674
Epoch 8/50 - Train Loss: 0.2418 - Train Metric: 0.9654
Epoch 8/50 - Val Metric: 0.9812
Epoch 9/50 - Train Loss: 0.1790 - Train Metric: 0.9823
Epoch 9/50 - Val Metric: 0.9838
Epoch 10/50 - Train Loss: 0.1610 - Train Metric: 0.9849
Epoch 10/50 - Val Metric: 0.9869
Epoch 11/50 - Train Loss: 0.1566 - Train Metric: 0.9855
Epoch 11/50 - Val Metric: 0.9878
Epoch 12/50 - Train Loss: 0.1558 - Train Metric: 0.9854
Epoch 12/50 - Val Metric: 0.9901
Epoch 13/50 - Train Loss: 0.1429 - Train Metric: 0.9877
Epoch 13/50 - Val Metric: 0.9899
Epoch 14/50 - Train Loss: 0.1295 - Train Metric: 0.9899
Epoch 14/50 - Val Metric: 0.9914
Epoch 15/50 - Train Loss: 0.1091 - Train Metric: 0.9928
Epoch 15/50 - Val Metric: 0.9923
Epoch 16/50 - Train Loss: 0.1212 - Train Metric: 0.9912
Epoch 16/50 - Val Metric: 0.9916
Epoch 17/50 - Train Loss: 0.1026 - Train Metric: 0.9937
Epoch 17/50 - Val Metric: 0.9941
Epoch 18/50 - Train Loss: 0.0936 - Train Metric: 0.9948
Epoch 18/50 - Val Metric: 0.9937
Epoch 19/50 - Train Loss: 0.0986 - Train Metric: 0.9941
Epoch 19/50 - Val Metric: 0.9905
Epoch 20/50 - Train Loss: 0.1132 - Train Metric: 0.9922
Epoch 20/50 - Val Metric: 0.9939
Epoch 21/50 - Train Loss: 0.0793 - Train Metric: 0.9962
Epoch 21/50 - Val Metric: 0.9945
Epoch 22/50 - Train Loss: 0.0769 - Train Metric: 0.9965
Epoch 22/50 - Val Metric: 0.9911
Epoch 23/50 - Train Loss: 0.1018 - Train Metric: 0.9938
Epoch 23/50 - Val Metric: 0.9945
Epoch 24/50 - Train Loss: 0.0659 - Train Metric: 0.9973
Epoch 24/50 - Val Metric: 0.9967
Epoch 25/50 - Train Loss: 0.0658 - Train Metric: 0.9975
Epoch 25/50 - Val Metric: 0.9956
Epoch 26/50 - Train Loss: 0.0654 - Train Metric: 0.9975
Epoch 26/50 - Val Metric: 0.9966
Epoch 27/50 - Train Loss: 0.0639 - Train Metric: 0.9975
Epoch 27/50 - Val Metric: 0.9960
Epoch 28/50 - Train Loss: 0.0633 - Train Metric: 0.9976
Epoch 28/50 - Val Metric: 0.9961
Epoch 29/50 - Train Loss: 0.0752 - Train Metric: 0.9967
Epoch 29/50 - Val Metric: 0.9953
Epoch 30/50 - Train Loss: 0.0671 - Train Metric: 0.9973
Epoch 30/50 - Val Metric: 0.9979
Epoch 31/50 - Train Loss: 0.0557 - Train Metric: 0.9981
Epoch 31/50 - Val Metric: 0.9967
Epoch 32/50 - Train Loss: 0.0508 - Train Metric: 0.9984
Epoch 32/50 - Val Metric: 0.9971
Epoch 33/50 - Train Loss: 0.0570 - Train Metric: 0.9980
Epoch 33/50 - Val Metric: 0.9950
Epoch 34/50 - Train Loss: 0.0566 - Train Metric: 0.9981
Epoch 34/50 - Val Metric: 0.9972
Epoch 35/50 - Train Loss: 0.0558 - Train Metric: 0.9982
Epoch 35/50 - Val Metric: 0.9976
Epoch 36/50 - Train Loss: 0.0432 - Train Metric: 0.9989
Epoch 36/50 - Val Metric: 0.9980
Epoch 37/50 - Train Loss: 0.0438 - Train Metric: 0.9989
Epoch 37/50 - Val Metric: 0.9966
Epoch 38/50 - Train Loss: 0.0635 - Train Metric: 0.9976
Epoch 38/50 - Val Metric: 0.9967
Epoch 39/50 - Train Loss: 0.0615 - Train Metric: 0.9977
Epoch 39/50 - Val Metric: 0.9972
Epoch 40/50 - Train Loss: 0.0569 - Train Metric: 0.9981
Epoch 40/50 - Val Metric: 0.9970
Epoch 41/50 - Train Loss: 0.0529 - Train Metric: 0.9983
Epoch 41/50 - Val Metric: 0.9971
Epoch 42/50 - Train Loss: 0.0531 - Train Metric: 0.9983
Epoch 42/50 - Val Metric: 0.9980
Epoch 43/50 - Train Loss: 0.0387 - Train Metric: 0.9991
Epoch 43/50 - Val Metric: 0.9974
Epoch 44/50 - Train Loss: 0.0578 - Train Metric: 0.9980
Epoch 44/50 - Val Metric: 0.9979
Epoch 45/50 - Train Loss: 0.0431 - Train Metric: 0.9989
Epoch 45/50 - Val Metric: 0.9980
Epoch 46/50 - Train Loss: 0.0429 - Train Metric: 0.9989
Epoch 46/50 - Val Metric: 0.9981
Epoch 47/50 - Train Loss: 0.0417 - Train Metric: 0.9989
Epoch 47/50 - Val Metric: 0.9977
Epoch 48/50 - Train Loss: 0.0398 - Train Metric: 0.9990
Epoch 48/50 - Val Metric: 0.9976
Epoch 49/50 - Train Loss: 0.0499 - Train Metric: 0.9985
Epoch 49/50 - Val Metric: 0.9981
Epoch 50/50 - Train Loss: 0.0438 - Train Metric: 0.9989
Epoch 50/50 - Val Metric: 0.9979
Best val: 0.9981, Best test: 0.9991
Training set has 8065 instances
Validation set has 1008 instances
Test set has 1009 instances
Epoch 1/50 - Train Loss: 0.7001 - Train Metric: 0.5125
Epoch 1/50 - Val Metric: 0.8718
Epoch 2/50 - Train Loss: 0.6943 - Train Metric: 0.5023
Epoch 2/50 - Val Metric: 0.8919
Epoch 3/50 - Train Loss: 0.6961 - Train Metric: 0.5120
Epoch 3/50 - Val Metric: 0.8995
Epoch 4/50 - Train Loss: 0.6940 - Train Metric: 0.5146
Epoch 4/50 - Val Metric: 0.9028
Epoch 5/50 - Train Loss: 0.6951 - Train Metric: 0.5223
Epoch 5/50 - Val Metric: 0.9048
Epoch 6/50 - Train Loss: 0.6931 - Train Metric: 0.5235
Epoch 6/50 - Val Metric: 0.9061
Epoch 7/50 - Train Loss: 0.6865 - Train Metric: 0.5748
Epoch 7/50 - Val Metric: 0.9022
Epoch 8/50 - Train Loss: 0.5021 - Train Metric: 0.8336
Epoch 8/50 - Val Metric: 0.9790
Epoch 9/50 - Train Loss: 0.2277 - Train Metric: 0.9714
Epoch 9/50 - Val Metric: 0.9846
Epoch 10/50 - Train Loss: 0.1702 - Train Metric: 0.9841
Epoch 10/50 - Val Metric: 0.9895
Epoch 11/50 - Train Loss: 0.1312 - Train Metric: 0.9901
Epoch 11/50 - Val Metric: 0.9908
Epoch 12/50 - Train Loss: 0.1176 - Train Metric: 0.9919
Epoch 12/50 - Val Metric: 0.9910
Epoch 13/50 - Train Loss: 0.1386 - Train Metric: 0.9888
Epoch 13/50 - Val Metric: 0.9895
Epoch 14/50 - Train Loss: 0.1258 - Train Metric: 0.9907
Epoch 14/50 - Val Metric: 0.9943
Epoch 15/50 - Train Loss: 0.0877 - Train Metric: 0.9955
Epoch 15/50 - Val Metric: 0.9924
Epoch 16/50 - Train Loss: 0.0906 - Train Metric: 0.9951
Epoch 16/50 - Val Metric: 0.9957
Epoch 17/50 - Train Loss: 0.0802 - Train Metric: 0.9962
Epoch 17/50 - Val Metric: 0.9956
Epoch 18/50 - Train Loss: 0.0843 - Train Metric: 0.9958
Epoch 18/50 - Val Metric: 0.9963
Epoch 19/50 - Train Loss: 0.0781 - Train Metric: 0.9964
Epoch 19/50 - Val Metric: 0.9963
Epoch 20/50 - Train Loss: 0.0806 - Train Metric: 0.9962
Epoch 20/50 - Val Metric: 0.9945
Epoch 21/50 - Train Loss: 0.0753 - Train Metric: 0.9966
Epoch 21/50 - Val Metric: 0.9970
Epoch 22/50 - Train Loss: 0.0730 - Train Metric: 0.9968
Epoch 22/50 - Val Metric: 0.9967
Epoch 23/50 - Train Loss: 0.0798 - Train Metric: 0.9961
Epoch 23/50 - Val Metric: 0.9944
Epoch 24/50 - Train Loss: 0.0723 - Train Metric: 0.9969
Epoch 24/50 - Val Metric: 0.9970
Epoch 25/50 - Train Loss: 0.0631 - Train Metric: 0.9976
Epoch 25/50 - Val Metric: 0.9975
Epoch 26/50 - Train Loss: 0.0558 - Train Metric: 0.9981
Epoch 26/50 - Val Metric: 0.9980
Epoch 27/50 - Train Loss: 0.0578 - Train Metric: 0.9980
Epoch 27/50 - Val Metric: 0.9976
Epoch 28/50 - Train Loss: 0.0507 - Train Metric: 0.9985
Epoch 28/50 - Val Metric: 0.9969
Epoch 29/50 - Train Loss: 0.0559 - Train Metric: 0.9981
Epoch 29/50 - Val Metric: 0.9974
Epoch 30/50 - Train Loss: 0.0549 - Train Metric: 0.9982
Epoch 30/50 - Val Metric: 0.9975
Epoch 31/50 - Train Loss: 0.0554 - Train Metric: 0.9982
Epoch 31/50 - Val Metric: 0.9981
Epoch 32/50 - Train Loss: 0.0509 - Train Metric: 0.9984
Epoch 32/50 - Val Metric: 0.9980
Epoch 33/50 - Train Loss: 0.0596 - Train Metric: 0.9977
Epoch 33/50 - Val Metric: 0.9979
Epoch 34/50 - Train Loss: 0.0518 - Train Metric: 0.9984
Epoch 34/50 - Val Metric: 0.9979
Epoch 35/50 - Train Loss: 0.0499 - Train Metric: 0.9985
Epoch 35/50 - Val Metric: 0.9980
Epoch 36/50 - Train Loss: 0.0464 - Train Metric: 0.9987
Epoch 36/50 - Val Metric: 0.9980
Epoch 37/50 - Train Loss: 0.0503 - Train Metric: 0.9985
Epoch 37/50 - Val Metric: 0.9980
Epoch 38/50 - Train Loss: 0.0491 - Train Metric: 0.9985
Epoch 38/50 - Val Metric: 0.9981
Epoch 39/50 - Train Loss: 0.0474 - Train Metric: 0.9987
Epoch 39/50 - Val Metric: 0.9962
Epoch 40/50 - Train Loss: 0.0594 - Train Metric: 0.9978
Epoch 40/50 - Val Metric: 0.9984
Epoch 41/50 - Train Loss: 0.0371 - Train Metric: 0.9992
Epoch 41/50 - Val Metric: 0.9985
Epoch 42/50 - Train Loss: 0.0373 - Train Metric: 0.9991
Epoch 42/50 - Val Metric: 0.9986
Epoch 43/50 - Train Loss: 0.0488 - Train Metric: 0.9986
Epoch 43/50 - Val Metric: 0.9981
Epoch 44/50 - Train Loss: 0.0448 - Train Metric: 0.9988
Epoch 44/50 - Val Metric: 0.9987
Epoch 45/50 - Train Loss: 0.0464 - Train Metric: 0.9987
Epoch 45/50 - Val Metric: 0.9981
Epoch 46/50 - Train Loss: 0.0429 - Train Metric: 0.9989
Epoch 46/50 - Val Metric: 0.9981
Epoch 47/50 - Train Loss: 0.0508 - Train Metric: 0.9985
Epoch 47/50 - Val Metric: 0.9982
Epoch 48/50 - Train Loss: 0.0373 - Train Metric: 0.9992
Epoch 48/50 - Val Metric: 0.9971
Epoch 49/50 - Train Loss: 0.0436 - Train Metric: 0.9989
Epoch 49/50 - Val Metric: 0.9980
Epoch 50/50 - Train Loss: 0.0451 - Train Metric: 0.9987
Epoch 50/50 - Val Metric: 0.9979
Best val: 0.9987, Best test: 0.9985
[0.99952036 0.99952066 0.99912292 0.99907637 0.9984833 ]
