Hyper-parameter search via Optuna
Namespace(task_type='binary_classification', scale='small', idx=12, epochs=50, num_trials=20, num_repeats=5, seed=0, exp_name='MemPerceiver', result_path='output/binary_classification/small/12/MemPerceiver.pt')
Device: cuda
Start building binary_classification dataset_small_12
Training set has 8065 instances
Validation set has 1008 instances
Test set has 1009 instances
Epoch 1/50 - Train Loss: 0.7016 - Train Metric: 0.5061
Epoch 1/50 - Val Metric: 0.9353
Epoch 2/50 - Train Loss: 0.6974 - Train Metric: 0.5050
Epoch 2/50 - Val Metric: 0.9331
Epoch 3/50 - Train Loss: 0.6527 - Train Metric: 0.6662
Epoch 3/50 - Val Metric: 0.9455
Epoch 4/50 - Train Loss: 0.4746 - Train Metric: 0.8494
Epoch 4/50 - Val Metric: 0.9598
Epoch 5/50 - Train Loss: 0.3744 - Train Metric: 0.9131
Epoch 5/50 - Val Metric: 0.9678
Epoch 6/50 - Train Loss: 0.3209 - Train Metric: 0.9344
Epoch 6/50 - Val Metric: 0.9748
Epoch 7/50 - Train Loss: 0.2707 - Train Metric: 0.9529
Epoch 7/50 - Val Metric: 0.9774
Epoch 8/50 - Train Loss: 0.2483 - Train Metric: 0.9620
Epoch 8/50 - Val Metric: 0.9770
Epoch 9/50 - Train Loss: 0.2301 - Train Metric: 0.9675
Epoch 9/50 - Val Metric: 0.9843
Epoch 10/50 - Train Loss: 0.2177 - Train Metric: 0.9722
Epoch 10/50 - Val Metric: 0.9841
Epoch 11/50 - Train Loss: 0.2042 - Train Metric: 0.9761
Epoch 11/50 - Val Metric: 0.9859
Epoch 12/50 - Train Loss: 0.1928 - Train Metric: 0.9785
Epoch 12/50 - Val Metric: 0.9899
Epoch 13/50 - Train Loss: 0.1822 - Train Metric: 0.9808
Epoch 13/50 - Val Metric: 0.9902
Epoch 14/50 - Train Loss: 0.1740 - Train Metric: 0.9824
Epoch 14/50 - Val Metric: 0.9906
Epoch 15/50 - Train Loss: 0.1752 - Train Metric: 0.9823
Epoch 15/50 - Val Metric: 0.9916
Epoch 16/50 - Train Loss: 0.1655 - Train Metric: 0.9841
Epoch 16/50 - Val Metric: 0.9923
Epoch 17/50 - Train Loss: 0.1598 - Train Metric: 0.9853
Epoch 17/50 - Val Metric: 0.9923
Epoch 18/50 - Train Loss: 0.1559 - Train Metric: 0.9855
Epoch 18/50 - Val Metric: 0.9928
Epoch 19/50 - Train Loss: 0.1498 - Train Metric: 0.9868
Epoch 19/50 - Val Metric: 0.9930
Epoch 20/50 - Train Loss: 0.1466 - Train Metric: 0.9874
Epoch 20/50 - Val Metric: 0.9931
Epoch 21/50 - Train Loss: 0.1448 - Train Metric: 0.9878
Epoch 21/50 - Val Metric: 0.9934
Epoch 22/50 - Train Loss: 0.1420 - Train Metric: 0.9879
Epoch 22/50 - Val Metric: 0.9931
Epoch 23/50 - Train Loss: 0.1379 - Train Metric: 0.9887
Epoch 23/50 - Val Metric: 0.9934
Epoch 24/50 - Train Loss: 0.1410 - Train Metric: 0.9884
Epoch 24/50 - Val Metric: 0.9935
Epoch 25/50 - Train Loss: 0.1377 - Train Metric: 0.9889
Epoch 25/50 - Val Metric: 0.9933
Epoch 26/50 - Train Loss: 0.1344 - Train Metric: 0.9891
Epoch 26/50 - Val Metric: 0.9934
Epoch 27/50 - Train Loss: 0.1372 - Train Metric: 0.9889
Epoch 27/50 - Val Metric: 0.9935
Epoch 28/50 - Train Loss: 0.1361 - Train Metric: 0.9890
Epoch 28/50 - Val Metric: 0.9935
Epoch 29/50 - Train Loss: 0.1313 - Train Metric: 0.9900
Epoch 29/50 - Val Metric: 0.9937
Epoch 30/50 - Train Loss: 0.1339 - Train Metric: 0.9893
Epoch 30/50 - Val Metric: 0.9935
Epoch 31/50 - Train Loss: 0.1299 - Train Metric: 0.9901
Epoch 31/50 - Val Metric: 0.9938
Epoch 32/50 - Train Loss: 0.1314 - Train Metric: 0.9900
Epoch 32/50 - Val Metric: 0.9936
Epoch 33/50 - Train Loss: 0.1296 - Train Metric: 0.9901
Epoch 33/50 - Val Metric: 0.9938
Epoch 34/50 - Train Loss: 0.1293 - Train Metric: 0.9902
Epoch 34/50 - Val Metric: 0.9936
Epoch 35/50 - Train Loss: 0.1306 - Train Metric: 0.9899
Epoch 35/50 - Val Metric: 0.9937
Epoch 36/50 - Train Loss: 0.1346 - Train Metric: 0.9894
Epoch 36/50 - Val Metric: 0.9937
Epoch 37/50 - Train Loss: 0.1319 - Train Metric: 0.9896
Epoch 37/50 - Val Metric: 0.9937
Epoch 38/50 - Train Loss: 0.1285 - Train Metric: 0.9903
Epoch 38/50 - Val Metric: 0.9938
Epoch 39/50 - Train Loss: 0.1332 - Train Metric: 0.9891
Epoch 39/50 - Val Metric: 0.9937
Epoch 40/50 - Train Loss: 0.1326 - Train Metric: 0.9896
Epoch 40/50 - Val Metric: 0.9938
Epoch 41/50 - Train Loss: 0.1333 - Train Metric: 0.9895
Epoch 41/50 - Val Metric: 0.9939
Epoch 42/50 - Train Loss: 0.1337 - Train Metric: 0.9894
Epoch 42/50 - Val Metric: 0.9938
Epoch 43/50 - Train Loss: 0.1286 - Train Metric: 0.9904
Epoch 43/50 - Val Metric: 0.9938
Epoch 44/50 - Train Loss: 0.1328 - Train Metric: 0.9897
Epoch 44/50 - Val Metric: 0.9937
Epoch 45/50 - Train Loss: 0.1302 - Train Metric: 0.9901
Epoch 45/50 - Val Metric: 0.9938
Epoch 46/50 - Train Loss: 0.1292 - Train Metric: 0.9901
Epoch 46/50 - Val Metric: 0.9938
Epoch 47/50 - Train Loss: 0.1285 - Train Metric: 0.9903
Epoch 47/50 - Val Metric: 0.9938
Epoch 48/50 - Train Loss: 0.1309 - Train Metric: 0.9899
Epoch 48/50 - Val Metric: 0.9938
Epoch 49/50 - Train Loss: 0.1349 - Train Metric: 0.9892
Epoch 49/50 - Val Metric: 0.9938
Epoch 50/50 - Train Loss: 0.1323 - Train Metric: 0.9896
Epoch 50/50 - Val Metric: 0.9939
Best val: 0.9939, Best test: 0.9952
Training set has 8065 instances
Validation set has 1008 instances
Test set has 1009 instances
Epoch 1/50 - Train Loss: 0.7295 - Train Metric: 0.4926
Epoch 1/50 - Val Metric: 0.5701
Epoch 2/50 - Train Loss: 0.6973 - Train Metric: 0.4901
Epoch 2/50 - Val Metric: 0.3244
Epoch 3/50 - Train Loss: 0.6977 - Train Metric: 0.4939
Epoch 3/50 - Val Metric: 0.6968
Epoch 4/50 - Train Loss: 0.7008 - Train Metric: 0.5121
Epoch 4/50 - Val Metric: 0.8248
Epoch 5/50 - Train Loss: 0.6935 - Train Metric: 0.4948
Epoch 5/50 - Val Metric: 0.8785
Epoch 6/50 - Train Loss: 0.6992 - Train Metric: 0.5143
Epoch 6/50 - Val Metric: 0.8940
Epoch 7/50 - Train Loss: 0.6999 - Train Metric: 0.5025
Epoch 7/50 - Val Metric: 0.8898
Epoch 8/50 - Train Loss: 0.6971 - Train Metric: 0.5131
Epoch 8/50 - Val Metric: 0.8994
Epoch 9/50 - Train Loss: 0.6953 - Train Metric: 0.5212
Epoch 9/50 - Val Metric: 0.9023
Epoch 10/50 - Train Loss: 0.6950 - Train Metric: 0.5164
Epoch 10/50 - Val Metric: 0.9036
Epoch 11/50 - Train Loss: 0.6948 - Train Metric: 0.5132
Epoch 11/50 - Val Metric: 0.8978
Epoch 12/50 - Train Loss: 0.6951 - Train Metric: 0.5246
Epoch 12/50 - Val Metric: 0.9051
Epoch 13/50 - Train Loss: 0.6995 - Train Metric: 0.5275
Epoch 13/50 - Val Metric: 0.8979
Epoch 14/50 - Train Loss: 0.6978 - Train Metric: 0.5037
Epoch 14/50 - Val Metric: 0.8927
Epoch 15/50 - Train Loss: 0.6957 - Train Metric: 0.5213
Epoch 15/50 - Val Metric: 0.8977
Epoch 16/50 - Train Loss: 0.6939 - Train Metric: 0.5083
Epoch 16/50 - Val Metric: 0.8968
Epoch 17/50 - Train Loss: 0.6945 - Train Metric: 0.5084
Epoch 17/50 - Val Metric: 0.8997
Epoch 18/50 - Train Loss: 0.6942 - Train Metric: 0.5181
Epoch 18/50 - Val Metric: 0.9018
Epoch 19/50 - Train Loss: 0.6938 - Train Metric: 0.5108
Epoch 19/50 - Val Metric: 0.9014
Epoch 20/50 - Train Loss: 0.6944 - Train Metric: 0.5057
Epoch 20/50 - Val Metric: 0.9022
Epoch 21/50 - Train Loss: 0.6940 - Train Metric: 0.5188
Epoch 21/50 - Val Metric: 0.8962
Epoch 22/50 - Train Loss: 0.6946 - Train Metric: 0.5187
Epoch 22/50 - Val Metric: 0.8711
Epoch 23/50 - Train Loss: 0.6951 - Train Metric: 0.5106
Epoch 23/50 - Val Metric: 0.8928
Epoch 24/50 - Train Loss: 0.6958 - Train Metric: 0.5126
Epoch 24/50 - Val Metric: 0.8909
Epoch 25/50 - Train Loss: 0.6943 - Train Metric: 0.5218
Epoch 25/50 - Val Metric: 0.8908
Epoch 26/50 - Train Loss: 0.6934 - Train Metric: 0.5002
Epoch 26/50 - Val Metric: 0.8962
Epoch 27/50 - Train Loss: 0.6976 - Train Metric: 0.5150
Epoch 27/50 - Val Metric: 0.8892
Epoch 28/50 - Train Loss: 0.6943 - Train Metric: 0.5096
Epoch 28/50 - Val Metric: 0.8916
Epoch 29/50 - Train Loss: 0.6944 - Train Metric: 0.5137
Epoch 29/50 - Val Metric: 0.8942
Epoch 30/50 - Train Loss: 0.6937 - Train Metric: 0.5085
Epoch 30/50 - Val Metric: 0.8975
Epoch 31/50 - Train Loss: 0.6936 - Train Metric: 0.5113
Epoch 31/50 - Val Metric: 0.8965
Epoch 32/50 - Train Loss: 0.6946 - Train Metric: 0.5051
Epoch 32/50 - Val Metric: 0.8860
Epoch 33/50 - Train Loss: 0.6939 - Train Metric: 0.5007
Epoch 33/50 - Val Metric: 0.8957
Epoch 34/50 - Train Loss: 0.6939 - Train Metric: 0.5047
Epoch 34/50 - Val Metric: 0.8909
Epoch 35/50 - Train Loss: 0.6936 - Train Metric: 0.5221
Epoch 35/50 - Val Metric: 0.8913
Epoch 36/50 - Train Loss: 0.6942 - Train Metric: 0.5132
Epoch 36/50 - Val Metric: 0.8912
Epoch 37/50 - Train Loss: 0.6944 - Train Metric: 0.5227
Epoch 37/50 - Val Metric: 0.8895
Epoch 38/50 - Train Loss: 0.6940 - Train Metric: 0.5150
Epoch 38/50 - Val Metric: 0.8901
Epoch 39/50 - Train Loss: 0.6954 - Train Metric: 0.5086
Epoch 39/50 - Val Metric: 0.8872
Epoch 40/50 - Train Loss: 0.6962 - Train Metric: 0.5193
Epoch 40/50 - Val Metric: 0.8922
Epoch 41/50 - Train Loss: 0.6942 - Train Metric: 0.5141
Epoch 41/50 - Val Metric: 0.8803
Epoch 42/50 - Train Loss: 0.6950 - Train Metric: 0.4990
Epoch 42/50 - Val Metric: 0.8874
Epoch 43/50 - Train Loss: 0.6943 - Train Metric: 0.5083
Epoch 43/50 - Val Metric: 0.8833
Epoch 44/50 - Train Loss: 0.6952 - Train Metric: 0.5081
Epoch 44/50 - Val Metric: 0.8818
Epoch 45/50 - Train Loss: 0.6947 - Train Metric: 0.5268
Epoch 45/50 - Val Metric: 0.8838
Epoch 46/50 - Train Loss: 0.6932 - Train Metric: 0.4958
Epoch 46/50 - Val Metric: 0.8900
Epoch 47/50 - Train Loss: 0.6934 - Train Metric: 0.5136
Epoch 47/50 - Val Metric: 0.8922
Epoch 48/50 - Train Loss: 0.6937 - Train Metric: 0.5077
Epoch 48/50 - Val Metric: 0.8904
Epoch 49/50 - Train Loss: 0.6934 - Train Metric: 0.5183
Epoch 49/50 - Val Metric: 0.8908
Epoch 50/50 - Train Loss: 0.6939 - Train Metric: 0.5134
Epoch 50/50 - Val Metric: 0.8913
Best val: 0.9051, Best test: 0.8932
Training set has 8065 instances
Validation set has 1008 instances
Test set has 1009 instances
Epoch 1/50 - Train Loss: 0.7178 - Train Metric: 0.4961
Epoch 1/50 - Val Metric: 0.8441
Epoch 2/50 - Train Loss: 0.6939 - Train Metric: 0.5099
Epoch 2/50 - Val Metric: 0.8627
Epoch 3/50 - Train Loss: 0.6962 - Train Metric: 0.5147
Epoch 3/50 - Val Metric: 0.8893
Epoch 4/50 - Train Loss: 0.6991 - Train Metric: 0.5222
Epoch 4/50 - Val Metric: 0.8898
Epoch 5/50 - Train Loss: 0.6937 - Train Metric: 0.5261
Epoch 5/50 - Val Metric: 0.9036
Epoch 6/50 - Train Loss: 0.6934 - Train Metric: 0.5356
Epoch 6/50 - Val Metric: 0.8973
Epoch 7/50 - Train Loss: 0.6923 - Train Metric: 0.5361
Epoch 7/50 - Val Metric: 0.8965
Epoch 8/50 - Train Loss: 0.6901 - Train Metric: 0.5510
Epoch 8/50 - Val Metric: 0.9060
Epoch 9/50 - Train Loss: 0.6691 - Train Metric: 0.6443
Epoch 9/50 - Val Metric: 0.9136
Epoch 10/50 - Train Loss: 0.6731 - Train Metric: 0.6206
Epoch 10/50 - Val Metric: 0.9189
Epoch 11/50 - Train Loss: 0.5111 - Train Metric: 0.8318
Epoch 11/50 - Val Metric: 0.9363
Epoch 12/50 - Train Loss: 0.5830 - Train Metric: 0.7492
Epoch 12/50 - Val Metric: 0.9385
Epoch 13/50 - Train Loss: 0.3922 - Train Metric: 0.9185
Epoch 13/50 - Val Metric: 0.9424
Epoch 14/50 - Train Loss: 0.3410 - Train Metric: 0.9307
Epoch 14/50 - Val Metric: 0.9470
Epoch 15/50 - Train Loss: 0.3476 - Train Metric: 0.9255
Epoch 15/50 - Val Metric: 0.9476
Epoch 16/50 - Train Loss: 0.3039 - Train Metric: 0.9389
Epoch 16/50 - Val Metric: 0.9477
Epoch 17/50 - Train Loss: 0.2965 - Train Metric: 0.9390
Epoch 17/50 - Val Metric: 0.9475
Epoch 18/50 - Train Loss: 0.2948 - Train Metric: 0.9386
Epoch 18/50 - Val Metric: 0.9466
Epoch 19/50 - Train Loss: 0.2897 - Train Metric: 0.9390
Epoch 19/50 - Val Metric: 0.9466
Epoch 20/50 - Train Loss: 0.2915 - Train Metric: 0.9380
Epoch 20/50 - Val Metric: 0.9461
Epoch 21/50 - Train Loss: 0.2842 - Train Metric: 0.9392
Epoch 21/50 - Val Metric: 0.9461
Epoch 22/50 - Train Loss: 0.2850 - Train Metric: 0.9384
Epoch 22/50 - Val Metric: 0.9453
Epoch 23/50 - Train Loss: 0.2852 - Train Metric: 0.9384
Epoch 23/50 - Val Metric: 0.9458
Epoch 24/50 - Train Loss: 0.2873 - Train Metric: 0.9379
Epoch 24/50 - Val Metric: 0.9453
Epoch 25/50 - Train Loss: 0.2904 - Train Metric: 0.9372
Epoch 25/50 - Val Metric: 0.9450
Epoch 26/50 - Train Loss: 0.2828 - Train Metric: 0.9381
Epoch 26/50 - Val Metric: 0.9449
Epoch 27/50 - Train Loss: 0.2796 - Train Metric: 0.9394
Epoch 27/50 - Val Metric: 0.9449
Epoch 28/50 - Train Loss: 0.2791 - Train Metric: 0.9391
Epoch 28/50 - Val Metric: 0.9449
Epoch 29/50 - Train Loss: 0.2799 - Train Metric: 0.9387
Epoch 29/50 - Val Metric: 0.9451
Epoch 30/50 - Train Loss: 0.2789 - Train Metric: 0.9387
Epoch 30/50 - Val Metric: 0.9449
Epoch 31/50 - Train Loss: 0.2792 - Train Metric: 0.9394
Epoch 31/50 - Val Metric: 0.9448
Epoch 32/50 - Train Loss: 0.2818 - Train Metric: 0.9384
Epoch 32/50 - Val Metric: 0.9452
Epoch 33/50 - Train Loss: 0.2780 - Train Metric: 0.9390
Epoch 33/50 - Val Metric: 0.9451
Epoch 34/50 - Train Loss: 0.2797 - Train Metric: 0.9390
Epoch 34/50 - Val Metric: 0.9448
Epoch 35/50 - Train Loss: 0.2813 - Train Metric: 0.9385
Epoch 35/50 - Val Metric: 0.9452
Epoch 36/50 - Train Loss: 0.2761 - Train Metric: 0.9397
Epoch 36/50 - Val Metric: 0.9449
Epoch 37/50 - Train Loss: 0.2774 - Train Metric: 0.9390
Epoch 37/50 - Val Metric: 0.9449
Epoch 38/50 - Train Loss: 0.2757 - Train Metric: 0.9395
Epoch 38/50 - Val Metric: 0.9448
Epoch 39/50 - Train Loss: 0.2754 - Train Metric: 0.9397
Epoch 39/50 - Val Metric: 0.9450
Epoch 40/50 - Train Loss: 0.2771 - Train Metric: 0.9389
Epoch 40/50 - Val Metric: 0.9449
Epoch 41/50 - Train Loss: 0.2766 - Train Metric: 0.9392
Epoch 41/50 - Val Metric: 0.9447
Epoch 42/50 - Train Loss: 0.2769 - Train Metric: 0.9389
Epoch 42/50 - Val Metric: 0.9448
Epoch 43/50 - Train Loss: 0.2785 - Train Metric: 0.9386
Epoch 43/50 - Val Metric: 0.9449
Epoch 44/50 - Train Loss: 0.2758 - Train Metric: 0.9394
Epoch 44/50 - Val Metric: 0.9450
Epoch 45/50 - Train Loss: 0.2760 - Train Metric: 0.9392
Epoch 45/50 - Val Metric: 0.9451
Epoch 46/50 - Train Loss: 0.2751 - Train Metric: 0.9396
Epoch 46/50 - Val Metric: 0.9451
Epoch 47/50 - Train Loss: 0.2761 - Train Metric: 0.9392
Epoch 47/50 - Val Metric: 0.9448
Epoch 48/50 - Train Loss: 0.2775 - Train Metric: 0.9390
Epoch 48/50 - Val Metric: 0.9449
Epoch 49/50 - Train Loss: 0.2770 - Train Metric: 0.9387
Epoch 49/50 - Val Metric: 0.9447
Epoch 50/50 - Train Loss: 0.2770 - Train Metric: 0.9390
Epoch 50/50 - Val Metric: 0.9450
Best val: 0.9477, Best test: 0.9370
Training set has 8065 instances
Validation set has 1008 instances
Test set has 1009 instances
Epoch 1/50 - Train Loss: 0.7077 - Train Metric: 0.4993
Epoch 1/50 - Val Metric: 0.9037
Epoch 2/50 - Train Loss: 0.6980 - Train Metric: 0.4974
Epoch 2/50 - Val Metric: 0.9075
Epoch 3/50 - Train Loss: 0.6970 - Train Metric: 0.4922
Epoch 3/50 - Val Metric: 0.9172
Epoch 4/50 - Train Loss: 0.6958 - Train Metric: 0.5041
Epoch 4/50 - Val Metric: 0.9194
Epoch 5/50 - Train Loss: 0.6953 - Train Metric: 0.5025
Epoch 5/50 - Val Metric: 0.9211
Epoch 6/50 - Train Loss: 0.6963 - Train Metric: 0.5004
Epoch 6/50 - Val Metric: 0.9295
Epoch 7/50 - Train Loss: 0.6938 - Train Metric: 0.5087
Epoch 7/50 - Val Metric: 0.9266
Epoch 8/50 - Train Loss: 0.6936 - Train Metric: 0.5150
Epoch 8/50 - Val Metric: 0.9299
Epoch 9/50 - Train Loss: 0.6923 - Train Metric: 0.5657
Epoch 9/50 - Val Metric: 0.9318
Epoch 10/50 - Train Loss: 0.6990 - Train Metric: 0.5042
Epoch 10/50 - Val Metric: 0.9264
Epoch 11/50 - Train Loss: 0.6953 - Train Metric: 0.4937
Epoch 11/50 - Val Metric: 0.9283
Epoch 12/50 - Train Loss: 0.6948 - Train Metric: 0.4933
Epoch 12/50 - Val Metric: 0.9299
Epoch 13/50 - Train Loss: 0.6941 - Train Metric: 0.5022
Epoch 13/50 - Val Metric: 0.9308
Epoch 14/50 - Train Loss: 0.6933 - Train Metric: 0.5100
Epoch 14/50 - Val Metric: 0.9311
Epoch 15/50 - Train Loss: 0.6940 - Train Metric: 0.4993
Epoch 15/50 - Val Metric: 0.9313
Epoch 16/50 - Train Loss: 0.6937 - Train Metric: 0.5004
Epoch 16/50 - Val Metric: 0.9301
Epoch 17/50 - Train Loss: 0.6937 - Train Metric: 0.5053
Epoch 17/50 - Val Metric: 0.9315
Epoch 18/50 - Train Loss: 0.6935 - Train Metric: 0.5042
Epoch 18/50 - Val Metric: 0.9306
Epoch 19/50 - Train Loss: 0.6935 - Train Metric: 0.5037
Epoch 19/50 - Val Metric: 0.9316
Epoch 20/50 - Train Loss: 0.6938 - Train Metric: 0.4983
Epoch 20/50 - Val Metric: 0.9310
Epoch 21/50 - Train Loss: 0.6940 - Train Metric: 0.4970
Epoch 21/50 - Val Metric: 0.9320
Epoch 22/50 - Train Loss: 0.6937 - Train Metric: 0.5025
Epoch 22/50 - Val Metric: 0.9311
Epoch 23/50 - Train Loss: 0.6940 - Train Metric: 0.4947
Epoch 23/50 - Val Metric: 0.9313
Epoch 24/50 - Train Loss: 0.6938 - Train Metric: 0.4966
Epoch 24/50 - Val Metric: 0.9312
Epoch 25/50 - Train Loss: 0.6935 - Train Metric: 0.5038
Epoch 25/50 - Val Metric: 0.9323
Epoch 26/50 - Train Loss: 0.6932 - Train Metric: 0.5109
Epoch 26/50 - Val Metric: 0.9307
Epoch 27/50 - Train Loss: 0.6932 - Train Metric: 0.5071
Epoch 27/50 - Val Metric: 0.9313
Epoch 28/50 - Train Loss: 0.6939 - Train Metric: 0.4944
Epoch 28/50 - Val Metric: 0.9322
Epoch 29/50 - Train Loss: 0.6934 - Train Metric: 0.5046
Epoch 29/50 - Val Metric: 0.9311
Epoch 30/50 - Train Loss: 0.6935 - Train Metric: 0.5017
Epoch 30/50 - Val Metric: 0.9316
Epoch 31/50 - Train Loss: 0.6939 - Train Metric: 0.4932
Epoch 31/50 - Val Metric: 0.9316
Epoch 32/50 - Train Loss: 0.6942 - Train Metric: 0.4911
Epoch 32/50 - Val Metric: 0.9317
Epoch 33/50 - Train Loss: 0.6936 - Train Metric: 0.5010
Epoch 33/50 - Val Metric: 0.9314
Epoch 34/50 - Train Loss: 0.6938 - Train Metric: 0.4988
Epoch 34/50 - Val Metric: 0.9311
Epoch 35/50 - Train Loss: 0.6933 - Train Metric: 0.5058
Epoch 35/50 - Val Metric: 0.9318
Epoch 36/50 - Train Loss: 0.6934 - Train Metric: 0.5059
Epoch 36/50 - Val Metric: 0.9314
Epoch 37/50 - Train Loss: 0.6929 - Train Metric: 0.5156
Epoch 37/50 - Val Metric: 0.9315
Epoch 38/50 - Train Loss: 0.6931 - Train Metric: 0.5101
Epoch 38/50 - Val Metric: 0.9317
Epoch 39/50 - Train Loss: 0.6928 - Train Metric: 0.5148
Epoch 39/50 - Val Metric: 0.9316
Epoch 40/50 - Train Loss: 0.6943 - Train Metric: 0.4864
Epoch 40/50 - Val Metric: 0.7750
Epoch 41/50 - Train Loss: 0.6929 - Train Metric: 0.5182
Epoch 41/50 - Val Metric: 0.9314
Epoch 42/50 - Train Loss: 0.6932 - Train Metric: 0.5072
Epoch 42/50 - Val Metric: 0.9311
Epoch 43/50 - Train Loss: 0.6930 - Train Metric: 0.5116
Epoch 43/50 - Val Metric: 0.9314
Epoch 44/50 - Train Loss: 0.6932 - Train Metric: 0.5054
Epoch 44/50 - Val Metric: 0.9310
Epoch 45/50 - Train Loss: 0.6932 - Train Metric: 0.5106
Epoch 45/50 - Val Metric: 0.9314
Epoch 46/50 - Train Loss: 0.6933 - Train Metric: 0.5053
Epoch 46/50 - Val Metric: 0.9313
Epoch 47/50 - Train Loss: 0.6932 - Train Metric: 0.5062
Epoch 47/50 - Val Metric: 0.9309
Epoch 48/50 - Train Loss: 0.6932 - Train Metric: 0.5068
Epoch 48/50 - Val Metric: 0.9311
Epoch 49/50 - Train Loss: 0.6934 - Train Metric: 0.5048
Epoch 49/50 - Val Metric: 0.9314
Epoch 50/50 - Train Loss: 0.6932 - Train Metric: 0.5080
Epoch 50/50 - Val Metric: 0.9313
Best val: 0.9323, Best test: 0.9196
Training set has 8065 instances
Validation set has 1008 instances
Test set has 1009 instances
Epoch 1/50 - Train Loss: 0.6975 - Train Metric: 0.5010
Epoch 1/50 - Val Metric: 0.8732
Epoch 2/50 - Train Loss: 0.6927 - Train Metric: 0.5043
Epoch 2/50 - Val Metric: 0.8961
Epoch 3/50 - Train Loss: 0.6822 - Train Metric: 0.6133
Epoch 3/50 - Val Metric: 0.9149
Epoch 4/50 - Train Loss: 0.6918 - Train Metric: 0.5464
Epoch 4/50 - Val Metric: 0.9309
Epoch 5/50 - Train Loss: 0.6917 - Train Metric: 0.5448
Epoch 5/50 - Val Metric: 0.9329
Epoch 6/50 - Train Loss: 0.6892 - Train Metric: 0.6345
Epoch 6/50 - Val Metric: 0.9331
Epoch 7/50 - Train Loss: 0.6817 - Train Metric: 0.6637
Epoch 7/50 - Val Metric: 0.9293
Epoch 8/50 - Train Loss: 0.5486 - Train Metric: 0.8275
Epoch 8/50 - Val Metric: 0.9383
Epoch 9/50 - Train Loss: 0.3756 - Train Metric: 0.9072
Epoch 9/50 - Val Metric: 0.9411
Epoch 10/50 - Train Loss: 0.3291 - Train Metric: 0.9360
Epoch 10/50 - Val Metric: 0.9428
Epoch 11/50 - Train Loss: 0.3119 - Train Metric: 0.9386
Epoch 11/50 - Val Metric: 0.9369
Epoch 12/50 - Train Loss: 0.3164 - Train Metric: 0.9359
Epoch 12/50 - Val Metric: 0.9433
Epoch 13/50 - Train Loss: 0.3082 - Train Metric: 0.9377
Epoch 13/50 - Val Metric: 0.9440
Epoch 14/50 - Train Loss: 0.3029 - Train Metric: 0.9376
Epoch 14/50 - Val Metric: 0.9436
Epoch 15/50 - Train Loss: 0.3017 - Train Metric: 0.9375
Epoch 15/50 - Val Metric: 0.9444
Epoch 16/50 - Train Loss: 0.2976 - Train Metric: 0.9385
Epoch 16/50 - Val Metric: 0.9437
Epoch 17/50 - Train Loss: 0.2937 - Train Metric: 0.9392
Epoch 17/50 - Val Metric: 0.9443
Epoch 18/50 - Train Loss: 0.2943 - Train Metric: 0.9387
Epoch 18/50 - Val Metric: 0.9444
Epoch 19/50 - Train Loss: 0.2945 - Train Metric: 0.9383
Epoch 19/50 - Val Metric: 0.9438
Epoch 20/50 - Train Loss: 0.2936 - Train Metric: 0.9381
Epoch 20/50 - Val Metric: 0.9440
Epoch 21/50 - Train Loss: 0.2917 - Train Metric: 0.9380
Epoch 21/50 - Val Metric: 0.9439
Epoch 22/50 - Train Loss: 0.2952 - Train Metric: 0.9375
Epoch 22/50 - Val Metric: 0.9440
Epoch 23/50 - Train Loss: 0.2895 - Train Metric: 0.9388
Epoch 23/50 - Val Metric: 0.9444
Epoch 24/50 - Train Loss: 0.2886 - Train Metric: 0.9385
Epoch 24/50 - Val Metric: 0.9443
Epoch 25/50 - Train Loss: 0.2881 - Train Metric: 0.9388
Epoch 25/50 - Val Metric: 0.9445
Epoch 26/50 - Train Loss: 0.2887 - Train Metric: 0.9382
Epoch 26/50 - Val Metric: 0.9442
Epoch 27/50 - Train Loss: 0.2864 - Train Metric: 0.9392
Epoch 27/50 - Val Metric: 0.9448
Epoch 28/50 - Train Loss: 0.2863 - Train Metric: 0.9387
Epoch 28/50 - Val Metric: 0.9450
Epoch 29/50 - Train Loss: 0.2877 - Train Metric: 0.9383
Epoch 29/50 - Val Metric: 0.9447
Epoch 30/50 - Train Loss: 0.2835 - Train Metric: 0.9394
Epoch 30/50 - Val Metric: 0.9449
Epoch 31/50 - Train Loss: 0.2854 - Train Metric: 0.9390
Epoch 31/50 - Val Metric: 0.9451
Epoch 32/50 - Train Loss: 0.2857 - Train Metric: 0.9388
Epoch 32/50 - Val Metric: 0.9450
Epoch 33/50 - Train Loss: 0.2823 - Train Metric: 0.9392
Epoch 33/50 - Val Metric: 0.9446
Epoch 34/50 - Train Loss: 0.2859 - Train Metric: 0.9387
Epoch 34/50 - Val Metric: 0.9453
Epoch 35/50 - Train Loss: 0.2812 - Train Metric: 0.9392
Epoch 35/50 - Val Metric: 0.9452
Epoch 36/50 - Train Loss: 0.2810 - Train Metric: 0.9394
Epoch 36/50 - Val Metric: 0.9450
Epoch 37/50 - Train Loss: 0.2843 - Train Metric: 0.9392
Epoch 37/50 - Val Metric: 0.9455
Epoch 38/50 - Train Loss: 0.2807 - Train Metric: 0.9397
Epoch 38/50 - Val Metric: 0.9457
Epoch 39/50 - Train Loss: 0.2822 - Train Metric: 0.9393
Epoch 39/50 - Val Metric: 0.9450
Epoch 40/50 - Train Loss: 0.2781 - Train Metric: 0.9398
Epoch 40/50 - Val Metric: 0.9455
Epoch 41/50 - Train Loss: 0.2781 - Train Metric: 0.9401
Epoch 41/50 - Val Metric: 0.9454
Epoch 42/50 - Train Loss: 0.2758 - Train Metric: 0.9404
Epoch 42/50 - Val Metric: 0.9453
Epoch 43/50 - Train Loss: 0.2768 - Train Metric: 0.9401
Epoch 43/50 - Val Metric: 0.9456
Epoch 44/50 - Train Loss: 0.2771 - Train Metric: 0.9400
Epoch 44/50 - Val Metric: 0.9459
Epoch 45/50 - Train Loss: 0.2757 - Train Metric: 0.9403
Epoch 45/50 - Val Metric: 0.9457
Epoch 46/50 - Train Loss: 0.2756 - Train Metric: 0.9403
Epoch 46/50 - Val Metric: 0.9458
Epoch 47/50 - Train Loss: 0.2763 - Train Metric: 0.9401
Epoch 47/50 - Val Metric: 0.9457
Epoch 48/50 - Train Loss: 0.2770 - Train Metric: 0.9399
Epoch 48/50 - Val Metric: 0.9461
Epoch 49/50 - Train Loss: 0.2754 - Train Metric: 0.9402
Epoch 49/50 - Val Metric: 0.9460
Epoch 50/50 - Train Loss: 0.2749 - Train Metric: 0.9404
Epoch 50/50 - Val Metric: 0.9461
Best val: 0.9461, Best test: 0.9418
Training set has 8065 instances
Validation set has 1008 instances
Test set has 1009 instances
Training set has 8065 instances
Validation set has 1008 instances
Test set has 1009 instances
Training set has 8065 instances
Validation set has 1008 instances
Test set has 1009 instances
Training set has 8065 instances
Validation set has 1008 instances
Test set has 1009 instances
Training set has 8065 instances
Validation set has 1008 instances
Test set has 1009 instances
Training set has 8065 instances
Validation set has 1008 instances
Test set has 1009 instances
Training set has 8065 instances
Validation set has 1008 instances
Test set has 1009 instances
Training set has 8065 instances
Validation set has 1008 instances
Test set has 1009 instances
Training set has 8065 instances
Validation set has 1008 instances
Test set has 1009 instances
Training set has 8065 instances
Validation set has 1008 instances
Test set has 1009 instances
Training set has 8065 instances
Validation set has 1008 instances
Test set has 1009 instances
Training set has 8065 instances
Validation set has 1008 instances
Test set has 1009 instances
Epoch 1/50 - Train Loss: 0.7065 - Train Metric: 0.5043
Epoch 1/50 - Val Metric: 0.9066
Epoch 2/50 - Train Loss: 0.6941 - Train Metric: 0.5072
Epoch 2/50 - Val Metric: 0.9186
Epoch 3/50 - Train Loss: 0.6938 - Train Metric: 0.5123
Epoch 3/50 - Val Metric: 0.9216
Epoch 4/50 - Train Loss: 0.6802 - Train Metric: 0.5936
Epoch 4/50 - Val Metric: 0.9267
Epoch 5/50 - Train Loss: 0.4720 - Train Metric: 0.8570
Epoch 5/50 - Val Metric: 0.9389
Epoch 6/50 - Train Loss: 0.2999 - Train Metric: 0.9393
Epoch 6/50 - Val Metric: 0.9509
Epoch 7/50 - Train Loss: 0.2527 - Train Metric: 0.9559
Epoch 7/50 - Val Metric: 0.9726
Epoch 8/50 - Train Loss: 0.1978 - Train Metric: 0.9763
Epoch 8/50 - Val Metric: 0.9842
Epoch 9/50 - Train Loss: 0.1782 - Train Metric: 0.9811
Epoch 9/50 - Val Metric: 0.9824
Epoch 10/50 - Train Loss: 0.1588 - Train Metric: 0.9850
Epoch 10/50 - Val Metric: 0.9890
Epoch 11/50 - Train Loss: 0.1404 - Train Metric: 0.9881
Epoch 11/50 - Val Metric: 0.9879
Epoch 12/50 - Train Loss: 0.1313 - Train Metric: 0.9898
Epoch 12/50 - Val Metric: 0.9935
Epoch 13/50 - Train Loss: 0.1120 - Train Metric: 0.9926
Epoch 13/50 - Val Metric: 0.9942
Epoch 14/50 - Train Loss: 0.1001 - Train Metric: 0.9942
Epoch 14/50 - Val Metric: 0.9923
Epoch 15/50 - Train Loss: 0.0940 - Train Metric: 0.9948
Epoch 15/50 - Val Metric: 0.9957
Epoch 16/50 - Train Loss: 0.0908 - Train Metric: 0.9952
Epoch 16/50 - Val Metric: 0.9947
Epoch 17/50 - Train Loss: 0.0748 - Train Metric: 0.9967
Epoch 17/50 - Val Metric: 0.9964
Epoch 18/50 - Train Loss: 0.0847 - Train Metric: 0.9957
Epoch 18/50 - Val Metric: 0.9962
Epoch 19/50 - Train Loss: 0.0808 - Train Metric: 0.9961
Epoch 19/50 - Val Metric: 0.9965
Epoch 20/50 - Train Loss: 0.0770 - Train Metric: 0.9964
Epoch 20/50 - Val Metric: 0.9960
Epoch 21/50 - Train Loss: 0.0790 - Train Metric: 0.9963
Epoch 21/50 - Val Metric: 0.9971
Epoch 22/50 - Train Loss: 0.0648 - Train Metric: 0.9973
Epoch 22/50 - Val Metric: 0.9969
Epoch 23/50 - Train Loss: 0.0656 - Train Metric: 0.9972
Epoch 23/50 - Val Metric: 0.9971
Epoch 24/50 - Train Loss: 0.0587 - Train Metric: 0.9977
Epoch 24/50 - Val Metric: 0.9976
Epoch 25/50 - Train Loss: 0.0578 - Train Metric: 0.9978
Epoch 25/50 - Val Metric: 0.9973
Epoch 26/50 - Train Loss: 0.0587 - Train Metric: 0.9977
Epoch 26/50 - Val Metric: 0.9977
Epoch 27/50 - Train Loss: 0.0528 - Train Metric: 0.9981
Epoch 27/50 - Val Metric: 0.9968
Epoch 28/50 - Train Loss: 0.0573 - Train Metric: 0.9978
Epoch 28/50 - Val Metric: 0.9978
Epoch 29/50 - Train Loss: 0.0501 - Train Metric: 0.9982
Epoch 29/50 - Val Metric: 0.9978
Epoch 30/50 - Train Loss: 0.0521 - Train Metric: 0.9981
Epoch 30/50 - Val Metric: 0.9979
Epoch 31/50 - Train Loss: 0.0493 - Train Metric: 0.9982
Epoch 31/50 - Val Metric: 0.9981
Epoch 32/50 - Train Loss: 0.0484 - Train Metric: 0.9983
Epoch 32/50 - Val Metric: 0.9977
Epoch 33/50 - Train Loss: 0.0505 - Train Metric: 0.9983
Epoch 33/50 - Val Metric: 0.9976
Epoch 34/50 - Train Loss: 0.0487 - Train Metric: 0.9982
Epoch 34/50 - Val Metric: 0.9979
Epoch 35/50 - Train Loss: 0.0477 - Train Metric: 0.9983
Epoch 35/50 - Val Metric: 0.9977
Epoch 36/50 - Train Loss: 0.0480 - Train Metric: 0.9982
Epoch 36/50 - Val Metric: 0.9977
Epoch 37/50 - Train Loss: 0.0477 - Train Metric: 0.9983
Epoch 37/50 - Val Metric: 0.9981
Epoch 38/50 - Train Loss: 0.0474 - Train Metric: 0.9983
Epoch 38/50 - Val Metric: 0.9978
Epoch 39/50 - Train Loss: 0.0452 - Train Metric: 0.9984
Epoch 39/50 - Val Metric: 0.9978
Epoch 40/50 - Train Loss: 0.0445 - Train Metric: 0.9984
Epoch 40/50 - Val Metric: 0.9982
Epoch 41/50 - Train Loss: 0.0445 - Train Metric: 0.9984
Epoch 41/50 - Val Metric: 0.9978
Epoch 42/50 - Train Loss: 0.0458 - Train Metric: 0.9983
Epoch 42/50 - Val Metric: 0.9980
Epoch 43/50 - Train Loss: 0.0442 - Train Metric: 0.9984
Epoch 43/50 - Val Metric: 0.9979
Epoch 44/50 - Train Loss: 0.0445 - Train Metric: 0.9984
Epoch 44/50 - Val Metric: 0.9979
Epoch 45/50 - Train Loss: 0.0436 - Train Metric: 0.9984
Epoch 45/50 - Val Metric: 0.9979
Epoch 46/50 - Train Loss: 0.0442 - Train Metric: 0.9984
Epoch 46/50 - Val Metric: 0.9979
Epoch 47/50 - Train Loss: 0.0430 - Train Metric: 0.9985
Epoch 47/50 - Val Metric: 0.9982
Epoch 48/50 - Train Loss: 0.0437 - Train Metric: 0.9985
Epoch 48/50 - Val Metric: 0.9978
Epoch 49/50 - Train Loss: 0.0431 - Train Metric: 0.9985
Epoch 49/50 - Val Metric: 0.9977
Epoch 50/50 - Train Loss: 0.0429 - Train Metric: 0.9985
Epoch 50/50 - Val Metric: 0.9980
Best val: 0.9982, Best test: 0.9986
Training set has 8065 instances
Validation set has 1008 instances
Test set has 1009 instances
Epoch 1/50 - Train Loss: 0.7046 - Train Metric: 0.4943
Epoch 1/50 - Val Metric: 0.9350
Epoch 2/50 - Train Loss: 0.6976 - Train Metric: 0.4935
Epoch 2/50 - Val Metric: 0.9371
Epoch 3/50 - Train Loss: 0.6962 - Train Metric: 0.5035
Epoch 3/50 - Val Metric: 0.9365
Epoch 4/50 - Train Loss: 0.6954 - Train Metric: 0.5004
Epoch 4/50 - Val Metric: 0.9435
Epoch 5/50 - Train Loss: 0.5909 - Train Metric: 0.7583
Epoch 5/50 - Val Metric: 0.8985
Epoch 6/50 - Train Loss: 0.3337 - Train Metric: 0.9183
Epoch 6/50 - Val Metric: 0.9732
Epoch 7/50 - Train Loss: 0.2398 - Train Metric: 0.9602
Epoch 7/50 - Val Metric: 0.9864
Epoch 8/50 - Train Loss: 0.1837 - Train Metric: 0.9795
Epoch 8/50 - Val Metric: 0.9902
Epoch 9/50 - Train Loss: 0.1603 - Train Metric: 0.9842
Epoch 9/50 - Val Metric: 0.9908
Epoch 10/50 - Train Loss: 0.1448 - Train Metric: 0.9872
Epoch 10/50 - Val Metric: 0.9930
Epoch 11/50 - Train Loss: 0.1320 - Train Metric: 0.9896
Epoch 11/50 - Val Metric: 0.9947
Epoch 12/50 - Train Loss: 0.1360 - Train Metric: 0.9888
Epoch 12/50 - Val Metric: 0.9927
Epoch 13/50 - Train Loss: 0.1094 - Train Metric: 0.9928
Epoch 13/50 - Val Metric: 0.9962
Epoch 14/50 - Train Loss: 0.0986 - Train Metric: 0.9942
Epoch 14/50 - Val Metric: 0.9974
Epoch 15/50 - Train Loss: 0.0941 - Train Metric: 0.9947
Epoch 15/50 - Val Metric: 0.9962
Epoch 16/50 - Train Loss: 0.1051 - Train Metric: 0.9932
Epoch 16/50 - Val Metric: 0.9941
Epoch 17/50 - Train Loss: 0.0923 - Train Metric: 0.9946
Epoch 17/50 - Val Metric: 0.9972
Epoch 18/50 - Train Loss: 0.0815 - Train Metric: 0.9961
Epoch 18/50 - Val Metric: 0.9906
Epoch 19/50 - Train Loss: 0.0825 - Train Metric: 0.9952
Epoch 19/50 - Val Metric: 0.9981
Epoch 20/50 - Train Loss: 0.0738 - Train Metric: 0.9964
Epoch 20/50 - Val Metric: 0.9978
Epoch 21/50 - Train Loss: 0.0660 - Train Metric: 0.9973
Epoch 21/50 - Val Metric: 0.9983
Epoch 22/50 - Train Loss: 0.0602 - Train Metric: 0.9979
Epoch 22/50 - Val Metric: 0.9983
Epoch 23/50 - Train Loss: 0.0646 - Train Metric: 0.9975
Epoch 23/50 - Val Metric: 0.9986
Epoch 24/50 - Train Loss: 0.0640 - Train Metric: 0.9975
Epoch 24/50 - Val Metric: 0.9978
Epoch 25/50 - Train Loss: 0.0608 - Train Metric: 0.9978
Epoch 25/50 - Val Metric: 0.9984
Epoch 26/50 - Train Loss: 0.0620 - Train Metric: 0.9976
Epoch 26/50 - Val Metric: 0.9982
Epoch 27/50 - Train Loss: 0.0558 - Train Metric: 0.9978
Epoch 27/50 - Val Metric: 0.9987
Epoch 28/50 - Train Loss: 0.0567 - Train Metric: 0.9979
Epoch 28/50 - Val Metric: 0.9984
Epoch 29/50 - Train Loss: 0.0535 - Train Metric: 0.9983
Epoch 29/50 - Val Metric: 0.9989
Epoch 30/50 - Train Loss: 0.0522 - Train Metric: 0.9982
Epoch 30/50 - Val Metric: 0.9987
Epoch 31/50 - Train Loss: 0.0576 - Train Metric: 0.9980
Epoch 31/50 - Val Metric: 0.9991
Epoch 32/50 - Train Loss: 0.0697 - Train Metric: 0.9970
Epoch 32/50 - Val Metric: 0.9968
Epoch 33/50 - Train Loss: 0.0761 - Train Metric: 0.9962
Epoch 33/50 - Val Metric: 0.9989
Epoch 34/50 - Train Loss: 0.0655 - Train Metric: 0.9972
Epoch 34/50 - Val Metric: 0.9982
Epoch 35/50 - Train Loss: 0.0560 - Train Metric: 0.9980
Epoch 35/50 - Val Metric: 0.9989
Epoch 36/50 - Train Loss: 0.0475 - Train Metric: 0.9986
Epoch 36/50 - Val Metric: 0.9990
Epoch 37/50 - Train Loss: 0.0492 - Train Metric: 0.9985
Epoch 37/50 - Val Metric: 0.9977
Epoch 38/50 - Train Loss: 0.0550 - Train Metric: 0.9981
Epoch 38/50 - Val Metric: 0.9983
Epoch 39/50 - Train Loss: 0.0524 - Train Metric: 0.9982
Epoch 39/50 - Val Metric: 0.9982
Epoch 40/50 - Train Loss: 0.0554 - Train Metric: 0.9981
Epoch 40/50 - Val Metric: 0.9985
Epoch 41/50 - Train Loss: 0.0544 - Train Metric: 0.9980
Epoch 41/50 - Val Metric: 0.9982
Epoch 42/50 - Train Loss: 0.0518 - Train Metric: 0.9984
Epoch 42/50 - Val Metric: 0.9991
Epoch 43/50 - Train Loss: 0.0469 - Train Metric: 0.9985
Epoch 43/50 - Val Metric: 0.9989
Epoch 44/50 - Train Loss: 0.0450 - Train Metric: 0.9988
Epoch 44/50 - Val Metric: 0.9989
Epoch 45/50 - Train Loss: 0.0534 - Train Metric: 0.9982
Epoch 45/50 - Val Metric: 0.9989
Epoch 46/50 - Train Loss: 0.0530 - Train Metric: 0.9981
Epoch 46/50 - Val Metric: 0.9979
Epoch 47/50 - Train Loss: 0.0482 - Train Metric: 0.9985
Epoch 47/50 - Val Metric: 0.9989
Epoch 48/50 - Train Loss: 0.0501 - Train Metric: 0.9984
Epoch 48/50 - Val Metric: 0.9988
Epoch 49/50 - Train Loss: 0.0527 - Train Metric: 0.9983
Epoch 49/50 - Val Metric: 0.9990
Epoch 50/50 - Train Loss: 0.0435 - Train Metric: 0.9985
Epoch 50/50 - Val Metric: 0.9986
Best val: 0.9991, Best test: 0.9990
Training set has 8065 instances
Validation set has 1008 instances
Test set has 1009 instances
Training set has 8065 instances
Validation set has 1008 instances
Test set has 1009 instances
Epoch 1/50 - Train Loss: 0.6987 - Train Metric: 0.5050
Epoch 1/50 - Val Metric: 0.9164
Epoch 2/50 - Train Loss: 0.6935 - Train Metric: 0.5093
Epoch 2/50 - Val Metric: 0.9131
Hyper-parameter search done. Found the best config.
Repeat experiments 5 times with the best train config {'batch_size': 256, 'gamma_rate': 1.0, 'base_lr': 0.001} and model config {'num_heads': 8, 'num_layers': 6, 'num_latents': 4, 'hidden_dim': 64, 'mlp_ratio': 0.25, 'dropout_prob': 0.2, 'top_k': 1}.
Training set has 8065 instances
Validation set has 1008 instances
Test set has 1009 instances
Epoch 1/50 - Train Loss: 0.7061 - Train Metric: 0.4865
Epoch 1/50 - Val Metric: 0.8991
Epoch 2/50 - Train Loss: 0.6946 - Train Metric: 0.5131
Epoch 2/50 - Val Metric: 0.9151
Epoch 3/50 - Train Loss: 0.6965 - Train Metric: 0.5053
Epoch 3/50 - Val Metric: 0.9187
Epoch 4/50 - Train Loss: 0.6954 - Train Metric: 0.4998
Epoch 4/50 - Val Metric: 0.9214
Epoch 5/50 - Train Loss: 0.6939 - Train Metric: 0.5128
Epoch 5/50 - Val Metric: 0.9213
Epoch 6/50 - Train Loss: 0.6049 - Train Metric: 0.7308
Epoch 6/50 - Val Metric: 0.9423
Epoch 7/50 - Train Loss: 0.3656 - Train Metric: 0.9120
Epoch 7/50 - Val Metric: 0.9657
Epoch 8/50 - Train Loss: 0.2353 - Train Metric: 0.9660
Epoch 8/50 - Val Metric: 0.9848
Epoch 9/50 - Train Loss: 0.1811 - Train Metric: 0.9805
Epoch 9/50 - Val Metric: 0.9879
Epoch 10/50 - Train Loss: 0.1718 - Train Metric: 0.9824
Epoch 10/50 - Val Metric: 0.9879
Epoch 11/50 - Train Loss: 0.1502 - Train Metric: 0.9861
Epoch 11/50 - Val Metric: 0.9894
Epoch 12/50 - Train Loss: 0.1512 - Train Metric: 0.9862
Epoch 12/50 - Val Metric: 0.9908
Epoch 13/50 - Train Loss: 0.1403 - Train Metric: 0.9882
Epoch 13/50 - Val Metric: 0.9924
Epoch 14/50 - Train Loss: 0.1400 - Train Metric: 0.9882
Epoch 14/50 - Val Metric: 0.9918
Epoch 15/50 - Train Loss: 0.1202 - Train Metric: 0.9911
Epoch 15/50 - Val Metric: 0.9952
Epoch 16/50 - Train Loss: 0.1078 - Train Metric: 0.9929
Epoch 16/50 - Val Metric: 0.9947
Epoch 17/50 - Train Loss: 0.1082 - Train Metric: 0.9928
Epoch 17/50 - Val Metric: 0.9965
Epoch 18/50 - Train Loss: 0.0944 - Train Metric: 0.9947
Epoch 18/50 - Val Metric: 0.9981
Epoch 19/50 - Train Loss: 0.0878 - Train Metric: 0.9950
Epoch 19/50 - Val Metric: 0.9979
Epoch 20/50 - Train Loss: 0.0732 - Train Metric: 0.9968
Epoch 20/50 - Val Metric: 0.9983
Epoch 21/50 - Train Loss: 0.0825 - Train Metric: 0.9959
Epoch 21/50 - Val Metric: 0.9967
Epoch 22/50 - Train Loss: 0.0740 - Train Metric: 0.9967
Epoch 22/50 - Val Metric: 0.9983
Epoch 23/50 - Train Loss: 0.0772 - Train Metric: 0.9964
Epoch 23/50 - Val Metric: 0.9986
Epoch 24/50 - Train Loss: 0.0702 - Train Metric: 0.9971
Epoch 24/50 - Val Metric: 0.9980
Epoch 25/50 - Train Loss: 0.0656 - Train Metric: 0.9974
Epoch 25/50 - Val Metric: 0.9990
Epoch 26/50 - Train Loss: 0.0639 - Train Metric: 0.9975
Epoch 26/50 - Val Metric: 0.9986
Epoch 27/50 - Train Loss: 0.0630 - Train Metric: 0.9976
Epoch 27/50 - Val Metric: 0.9976
Epoch 28/50 - Train Loss: 0.0600 - Train Metric: 0.9976
Epoch 28/50 - Val Metric: 0.9965
Epoch 29/50 - Train Loss: 0.0805 - Train Metric: 0.9958
Epoch 29/50 - Val Metric: 0.9965
Epoch 30/50 - Train Loss: 0.0770 - Train Metric: 0.9963
Epoch 30/50 - Val Metric: 0.9984
Epoch 31/50 - Train Loss: 0.0618 - Train Metric: 0.9975
Epoch 31/50 - Val Metric: 0.9989
Epoch 32/50 - Train Loss: 0.0606 - Train Metric: 0.9977
Epoch 32/50 - Val Metric: 0.9983
Epoch 33/50 - Train Loss: 0.0695 - Train Metric: 0.9969
Epoch 33/50 - Val Metric: 0.9985
Epoch 34/50 - Train Loss: 0.0624 - Train Metric: 0.9975
Epoch 34/50 - Val Metric: 0.9984
Epoch 35/50 - Train Loss: 0.0563 - Train Metric: 0.9981
Epoch 35/50 - Val Metric: 0.9979
Epoch 36/50 - Train Loss: 0.0587 - Train Metric: 0.9979
Epoch 36/50 - Val Metric: 0.9987
Epoch 37/50 - Train Loss: 0.0596 - Train Metric: 0.9978
Epoch 37/50 - Val Metric: 0.9989
Epoch 38/50 - Train Loss: 0.0534 - Train Metric: 0.9980
Epoch 38/50 - Val Metric: 0.9986
Epoch 39/50 - Train Loss: 0.0531 - Train Metric: 0.9980
Epoch 39/50 - Val Metric: 0.9990
Epoch 40/50 - Train Loss: 0.0514 - Train Metric: 0.9983
Epoch 40/50 - Val Metric: 0.9981
Epoch 41/50 - Train Loss: 0.0566 - Train Metric: 0.9980
Epoch 41/50 - Val Metric: 0.9991
Epoch 42/50 - Train Loss: 0.0555 - Train Metric: 0.9980
Epoch 42/50 - Val Metric: 0.9992
Epoch 43/50 - Train Loss: 0.0584 - Train Metric: 0.9979
Epoch 43/50 - Val Metric: 0.9987
Epoch 44/50 - Train Loss: 0.0506 - Train Metric: 0.9984
Epoch 44/50 - Val Metric: 0.9988
Epoch 45/50 - Train Loss: 0.0563 - Train Metric: 0.9981
Epoch 45/50 - Val Metric: 0.9988
Epoch 46/50 - Train Loss: 0.0509 - Train Metric: 0.9983
Epoch 46/50 - Val Metric: 0.9991
Epoch 47/50 - Train Loss: 0.0488 - Train Metric: 0.9986
Epoch 47/50 - Val Metric: 0.9989
Epoch 48/50 - Train Loss: 0.0526 - Train Metric: 0.9981
Epoch 48/50 - Val Metric: 0.9990
Epoch 49/50 - Train Loss: 0.0496 - Train Metric: 0.9983
Epoch 49/50 - Val Metric: 0.9990
Epoch 50/50 - Train Loss: 0.0461 - Train Metric: 0.9986
Epoch 50/50 - Val Metric: 0.9985
Best val: 0.9992, Best test: 0.9990
Training set has 8065 instances
Validation set has 1008 instances
Test set has 1009 instances
Epoch 1/50 - Train Loss: 0.7053 - Train Metric: 0.4939
Epoch 1/50 - Val Metric: 0.6764
Epoch 2/50 - Train Loss: 0.6952 - Train Metric: 0.5033
Epoch 2/50 - Val Metric: 0.9051
Epoch 3/50 - Train Loss: 0.6953 - Train Metric: 0.5034
Epoch 3/50 - Val Metric: 0.9025
Epoch 4/50 - Train Loss: 0.6963 - Train Metric: 0.5017
Epoch 4/50 - Val Metric: 0.9054
Epoch 5/50 - Train Loss: 0.6943 - Train Metric: 0.4990
Epoch 5/50 - Val Metric: 0.9040
Epoch 6/50 - Train Loss: 0.6807 - Train Metric: 0.5645
Epoch 6/50 - Val Metric: 0.8958
Epoch 7/50 - Train Loss: 0.6710 - Train Metric: 0.6059
Epoch 7/50 - Val Metric: 0.8394
Epoch 8/50 - Train Loss: 0.4046 - Train Metric: 0.8896
Epoch 8/50 - Val Metric: 0.9464
Epoch 9/50 - Train Loss: 0.2540 - Train Metric: 0.9588
Epoch 9/50 - Val Metric: 0.9779
Epoch 10/50 - Train Loss: 0.1962 - Train Metric: 0.9772
Epoch 10/50 - Val Metric: 0.9824
Epoch 11/50 - Train Loss: 0.1704 - Train Metric: 0.9823
Epoch 11/50 - Val Metric: 0.9858
Epoch 12/50 - Train Loss: 0.1592 - Train Metric: 0.9845
Epoch 12/50 - Val Metric: 0.9890
Epoch 13/50 - Train Loss: 0.1483 - Train Metric: 0.9868
Epoch 13/50 - Val Metric: 0.9884
Epoch 14/50 - Train Loss: 0.1336 - Train Metric: 0.9891
Epoch 14/50 - Val Metric: 0.9904
Epoch 15/50 - Train Loss: 0.1330 - Train Metric: 0.9889
Epoch 15/50 - Val Metric: 0.9902
Epoch 16/50 - Train Loss: 0.1204 - Train Metric: 0.9907
Epoch 16/50 - Val Metric: 0.9919
Epoch 17/50 - Train Loss: 0.1176 - Train Metric: 0.9917
Epoch 17/50 - Val Metric: 0.9931
Epoch 18/50 - Train Loss: 0.1080 - Train Metric: 0.9929
Epoch 18/50 - Val Metric: 0.9941
Epoch 19/50 - Train Loss: 0.0944 - Train Metric: 0.9946
Epoch 19/50 - Val Metric: 0.9973
Epoch 20/50 - Train Loss: 0.0883 - Train Metric: 0.9953
Epoch 20/50 - Val Metric: 0.9960
Epoch 21/50 - Train Loss: 0.0665 - Train Metric: 0.9973
Epoch 21/50 - Val Metric: 0.9984
Epoch 22/50 - Train Loss: 0.0752 - Train Metric: 0.9966
Epoch 22/50 - Val Metric: 0.9978
Epoch 23/50 - Train Loss: 0.0799 - Train Metric: 0.9962
Epoch 23/50 - Val Metric: 0.9961
Epoch 24/50 - Train Loss: 0.0697 - Train Metric: 0.9971
Epoch 24/50 - Val Metric: 0.9981
Epoch 25/50 - Train Loss: 0.0759 - Train Metric: 0.9962
Epoch 25/50 - Val Metric: 0.9973
Epoch 26/50 - Train Loss: 0.0644 - Train Metric: 0.9974
Epoch 26/50 - Val Metric: 0.9982
Epoch 27/50 - Train Loss: 0.0627 - Train Metric: 0.9976
Epoch 27/50 - Val Metric: 0.9962
Epoch 28/50 - Train Loss: 0.0601 - Train Metric: 0.9978
Epoch 28/50 - Val Metric: 0.9985
Epoch 29/50 - Train Loss: 0.0552 - Train Metric: 0.9982
Epoch 29/50 - Val Metric: 0.9987
Epoch 30/50 - Train Loss: 0.0574 - Train Metric: 0.9980
Epoch 30/50 - Val Metric: 0.9981
Epoch 31/50 - Train Loss: 0.0551 - Train Metric: 0.9982
Epoch 31/50 - Val Metric: 0.9980
Epoch 32/50 - Train Loss: 0.0533 - Train Metric: 0.9983
Epoch 32/50 - Val Metric: 0.9987
Epoch 33/50 - Train Loss: 0.0501 - Train Metric: 0.9984
Epoch 33/50 - Val Metric: 0.9985
Epoch 34/50 - Train Loss: 0.0539 - Train Metric: 0.9982
Epoch 34/50 - Val Metric: 0.9984
Epoch 35/50 - Train Loss: 0.0646 - Train Metric: 0.9974
Epoch 35/50 - Val Metric: 0.9978
Epoch 36/50 - Train Loss: 0.0631 - Train Metric: 0.9977
Epoch 36/50 - Val Metric: 0.9988
Epoch 37/50 - Train Loss: 0.0529 - Train Metric: 0.9983
Epoch 37/50 - Val Metric: 0.9984
Epoch 38/50 - Train Loss: 0.0531 - Train Metric: 0.9983
Epoch 38/50 - Val Metric: 0.9980
Epoch 39/50 - Train Loss: 0.0512 - Train Metric: 0.9984
Epoch 39/50 - Val Metric: 0.9984
Epoch 40/50 - Train Loss: 0.0496 - Train Metric: 0.9985
Epoch 40/50 - Val Metric: 0.9985
Epoch 41/50 - Train Loss: 0.0475 - Train Metric: 0.9986
Epoch 41/50 - Val Metric: 0.9984
Epoch 42/50 - Train Loss: 0.0528 - Train Metric: 0.9983
Epoch 42/50 - Val Metric: 0.9979
Epoch 43/50 - Train Loss: 0.0483 - Train Metric: 0.9986
Epoch 43/50 - Val Metric: 0.9987
Epoch 44/50 - Train Loss: 0.0505 - Train Metric: 0.9984
Epoch 44/50 - Val Metric: 0.9985
Epoch 45/50 - Train Loss: 0.0436 - Train Metric: 0.9988
Epoch 45/50 - Val Metric: 0.9990
Epoch 46/50 - Train Loss: 0.0442 - Train Metric: 0.9988
Epoch 46/50 - Val Metric: 0.9983
Epoch 47/50 - Train Loss: 0.0479 - Train Metric: 0.9986
Epoch 47/50 - Val Metric: 0.9978
Epoch 48/50 - Train Loss: 0.0471 - Train Metric: 0.9985
Epoch 48/50 - Val Metric: 0.9973
Epoch 49/50 - Train Loss: 0.0510 - Train Metric: 0.9984
Epoch 49/50 - Val Metric: 0.9971
Epoch 50/50 - Train Loss: 0.0496 - Train Metric: 0.9985
Epoch 50/50 - Val Metric: 0.9985
Best val: 0.9990, Best test: 0.9994
Training set has 8065 instances
Validation set has 1008 instances
Test set has 1009 instances
Epoch 1/50 - Train Loss: 0.7075 - Train Metric: 0.4989
Epoch 1/50 - Val Metric: 0.8696
Epoch 2/50 - Train Loss: 0.6979 - Train Metric: 0.5001
Epoch 2/50 - Val Metric: 0.8926
Epoch 3/50 - Train Loss: 0.6972 - Train Metric: 0.4913
Epoch 3/50 - Val Metric: 0.8976
Epoch 4/50 - Train Loss: 0.6969 - Train Metric: 0.4930
Epoch 4/50 - Val Metric: 0.9028
Epoch 5/50 - Train Loss: 0.6925 - Train Metric: 0.5256
Epoch 5/50 - Val Metric: 0.9121
Epoch 6/50 - Train Loss: 0.5092 - Train Metric: 0.8233
Epoch 6/50 - Val Metric: 0.9680
Epoch 7/50 - Train Loss: 0.2673 - Train Metric: 0.9558
Epoch 7/50 - Val Metric: 0.9831
Epoch 8/50 - Train Loss: 0.1977 - Train Metric: 0.9754
Epoch 8/50 - Val Metric: 0.9756
Epoch 9/50 - Train Loss: 0.1570 - Train Metric: 0.9853
Epoch 9/50 - Val Metric: 0.9829
Epoch 10/50 - Train Loss: 0.1504 - Train Metric: 0.9861
Epoch 10/50 - Val Metric: 0.9937
Epoch 11/50 - Train Loss: 0.1341 - Train Metric: 0.9894
Epoch 11/50 - Val Metric: 0.9934
Epoch 12/50 - Train Loss: 0.1259 - Train Metric: 0.9904
Epoch 12/50 - Val Metric: 0.9943
Epoch 13/50 - Train Loss: 0.1137 - Train Metric: 0.9921
Epoch 13/50 - Val Metric: 0.9935
Epoch 14/50 - Train Loss: 0.0992 - Train Metric: 0.9939
Epoch 14/50 - Val Metric: 0.9971
Epoch 15/50 - Train Loss: 0.1014 - Train Metric: 0.9936
Epoch 15/50 - Val Metric: 0.9957
Epoch 16/50 - Train Loss: 0.0796 - Train Metric: 0.9958
Epoch 16/50 - Val Metric: 0.9973
Epoch 17/50 - Train Loss: 0.0719 - Train Metric: 0.9969
Epoch 17/50 - Val Metric: 0.9987
Epoch 18/50 - Train Loss: 0.0781 - Train Metric: 0.9962
Epoch 18/50 - Val Metric: 0.9988
Epoch 19/50 - Train Loss: 0.0707 - Train Metric: 0.9969
Epoch 19/50 - Val Metric: 0.9970
Epoch 20/50 - Train Loss: 0.0645 - Train Metric: 0.9972
Epoch 20/50 - Val Metric: 0.9989
Epoch 21/50 - Train Loss: 0.0587 - Train Metric: 0.9976
Epoch 21/50 - Val Metric: 0.9984
Epoch 22/50 - Train Loss: 0.0672 - Train Metric: 0.9971
Epoch 22/50 - Val Metric: 0.9985
Epoch 23/50 - Train Loss: 0.0591 - Train Metric: 0.9979
Epoch 23/50 - Val Metric: 0.9990
Epoch 24/50 - Train Loss: 0.0616 - Train Metric: 0.9975
Epoch 24/50 - Val Metric: 0.9983
Epoch 25/50 - Train Loss: 0.0588 - Train Metric: 0.9977
Epoch 25/50 - Val Metric: 0.9993
Epoch 26/50 - Train Loss: 0.0679 - Train Metric: 0.9970
Epoch 26/50 - Val Metric: 0.9986
Epoch 27/50 - Train Loss: 0.0606 - Train Metric: 0.9977
Epoch 27/50 - Val Metric: 0.9989
Epoch 28/50 - Train Loss: 0.0672 - Train Metric: 0.9972
Epoch 28/50 - Val Metric: 0.9988
Epoch 29/50 - Train Loss: 0.0649 - Train Metric: 0.9967
Epoch 29/50 - Val Metric: 0.9991
Epoch 30/50 - Train Loss: 0.0658 - Train Metric: 0.9974
Epoch 30/50 - Val Metric: 0.9966
Epoch 31/50 - Train Loss: 0.0893 - Train Metric: 0.9950
Epoch 31/50 - Val Metric: 0.9980
Epoch 32/50 - Train Loss: 0.0629 - Train Metric: 0.9972
Epoch 32/50 - Val Metric: 0.9951
Epoch 33/50 - Train Loss: 0.0591 - Train Metric: 0.9979
Epoch 33/50 - Val Metric: 0.9980
Epoch 34/50 - Train Loss: 0.0539 - Train Metric: 0.9981
Epoch 34/50 - Val Metric: 0.9990
Epoch 35/50 - Train Loss: 0.0515 - Train Metric: 0.9983
Epoch 35/50 - Val Metric: 0.9995
Epoch 36/50 - Train Loss: 0.0487 - Train Metric: 0.9986
Epoch 36/50 - Val Metric: 0.9991
Epoch 37/50 - Train Loss: 0.0493 - Train Metric: 0.9985
Epoch 37/50 - Val Metric: 0.9989
Epoch 38/50 - Train Loss: 0.0686 - Train Metric: 0.9966
Epoch 38/50 - Val Metric: 0.9962
Epoch 39/50 - Train Loss: 0.2771 - Train Metric: 0.9538
Epoch 39/50 - Val Metric: 0.9881
Epoch 40/50 - Train Loss: 0.1452 - Train Metric: 0.9873
Epoch 40/50 - Val Metric: 0.9935
Epoch 41/50 - Train Loss: 0.1127 - Train Metric: 0.9922
Epoch 41/50 - Val Metric: 0.9944
Epoch 42/50 - Train Loss: 0.1104 - Train Metric: 0.9928
Epoch 42/50 - Val Metric: 0.9962
Epoch 43/50 - Train Loss: 0.0983 - Train Metric: 0.9941
Epoch 43/50 - Val Metric: 0.9959
Epoch 44/50 - Train Loss: 0.0931 - Train Metric: 0.9947
Epoch 44/50 - Val Metric: 0.9950
Epoch 45/50 - Train Loss: 0.0860 - Train Metric: 0.9955
Epoch 45/50 - Val Metric: 0.9969
Epoch 46/50 - Train Loss: 0.0882 - Train Metric: 0.9953
Epoch 46/50 - Val Metric: 0.9973
Epoch 47/50 - Train Loss: 0.0802 - Train Metric: 0.9961
Epoch 47/50 - Val Metric: 0.9973
Epoch 48/50 - Train Loss: 0.0745 - Train Metric: 0.9966
Epoch 48/50 - Val Metric: 0.9974
Epoch 49/50 - Train Loss: 0.0698 - Train Metric: 0.9971
Epoch 49/50 - Val Metric: 0.9976
Epoch 50/50 - Train Loss: 0.0772 - Train Metric: 0.9964
Epoch 50/50 - Val Metric: 0.9975
Best val: 0.9995, Best test: 0.9992
Training set has 8065 instances
Validation set has 1008 instances
Test set has 1009 instances
Epoch 1/50 - Train Loss: 0.7051 - Train Metric: 0.5038
Epoch 1/50 - Val Metric: 0.8767
Epoch 2/50 - Train Loss: 0.6963 - Train Metric: 0.5015
Epoch 2/50 - Val Metric: 0.8963
Epoch 3/50 - Train Loss: 0.6967 - Train Metric: 0.5001
Epoch 3/50 - Val Metric: 0.9048
Epoch 4/50 - Train Loss: 0.6967 - Train Metric: 0.5041
Epoch 4/50 - Val Metric: 0.9006
Epoch 5/50 - Train Loss: 0.6936 - Train Metric: 0.5131
Epoch 5/50 - Val Metric: 0.8970
Epoch 6/50 - Train Loss: 0.6944 - Train Metric: 0.5027
Epoch 6/50 - Val Metric: 0.8919
Epoch 7/50 - Train Loss: 0.6316 - Train Metric: 0.6870
Epoch 7/50 - Val Metric: 0.8490
Epoch 8/50 - Train Loss: 0.4060 - Train Metric: 0.8912
Epoch 8/50 - Val Metric: 0.9643
Epoch 9/50 - Train Loss: 0.2544 - Train Metric: 0.9610
Epoch 9/50 - Val Metric: 0.9845
Epoch 10/50 - Train Loss: 0.1836 - Train Metric: 0.9801
Epoch 10/50 - Val Metric: 0.9902
Epoch 11/50 - Train Loss: 0.1761 - Train Metric: 0.9807
Epoch 11/50 - Val Metric: 0.9904
Epoch 12/50 - Train Loss: 0.1574 - Train Metric: 0.9848
Epoch 12/50 - Val Metric: 0.9938
Epoch 13/50 - Train Loss: 0.1385 - Train Metric: 0.9884
Epoch 13/50 - Val Metric: 0.9951
Epoch 14/50 - Train Loss: 0.1219 - Train Metric: 0.9909
Epoch 14/50 - Val Metric: 0.9961
Epoch 15/50 - Train Loss: 0.1136 - Train Metric: 0.9918
Epoch 15/50 - Val Metric: 0.9977
Epoch 16/50 - Train Loss: 0.1053 - Train Metric: 0.9930
Epoch 16/50 - Val Metric: 0.9988
Epoch 17/50 - Train Loss: 0.1110 - Train Metric: 0.9926
Epoch 17/50 - Val Metric: 0.9986
Epoch 18/50 - Train Loss: 0.0863 - Train Metric: 0.9955
Epoch 18/50 - Val Metric: 0.9986
Epoch 19/50 - Train Loss: 0.0919 - Train Metric: 0.9948
Epoch 19/50 - Val Metric: 0.9982
Epoch 20/50 - Train Loss: 0.1091 - Train Metric: 0.9928
Epoch 20/50 - Val Metric: 0.9980
Epoch 21/50 - Train Loss: 0.0970 - Train Metric: 0.9942
Epoch 21/50 - Val Metric: 0.9989
Epoch 22/50 - Train Loss: 0.0852 - Train Metric: 0.9957
Epoch 22/50 - Val Metric: 0.9976
Epoch 23/50 - Train Loss: 0.0823 - Train Metric: 0.9960
Epoch 23/50 - Val Metric: 0.9963
Epoch 24/50 - Train Loss: 0.0801 - Train Metric: 0.9962
Epoch 24/50 - Val Metric: 0.9989
Epoch 25/50 - Train Loss: 0.0749 - Train Metric: 0.9965
Epoch 25/50 - Val Metric: 0.9983
Epoch 26/50 - Train Loss: 0.0720 - Train Metric: 0.9968
Epoch 26/50 - Val Metric: 0.9991
Epoch 27/50 - Train Loss: 0.0710 - Train Metric: 0.9969
Epoch 27/50 - Val Metric: 0.9994
Epoch 28/50 - Train Loss: 0.0646 - Train Metric: 0.9975
Epoch 28/50 - Val Metric: 0.9993
Epoch 29/50 - Train Loss: 0.0933 - Train Metric: 0.9944
Epoch 29/50 - Val Metric: 0.9996
Epoch 30/50 - Train Loss: 0.0806 - Train Metric: 0.9958
Epoch 30/50 - Val Metric: 0.9990
Epoch 31/50 - Train Loss: 0.0648 - Train Metric: 0.9975
Epoch 31/50 - Val Metric: 0.9992
Epoch 32/50 - Train Loss: 0.0623 - Train Metric: 0.9976
Epoch 32/50 - Val Metric: 0.9988
Epoch 33/50 - Train Loss: 0.0602 - Train Metric: 0.9978
Epoch 33/50 - Val Metric: 0.9990
Epoch 34/50 - Train Loss: 0.0698 - Train Metric: 0.9969
Epoch 34/50 - Val Metric: 0.9992
Epoch 35/50 - Train Loss: 0.0636 - Train Metric: 0.9976
Epoch 35/50 - Val Metric: 0.9995
Epoch 36/50 - Train Loss: 0.0614 - Train Metric: 0.9977
Epoch 36/50 - Val Metric: 0.9988
Epoch 37/50 - Train Loss: 0.0609 - Train Metric: 0.9977
Epoch 37/50 - Val Metric: 0.9995
Epoch 38/50 - Train Loss: 0.0560 - Train Metric: 0.9981
Epoch 38/50 - Val Metric: 0.9995
Epoch 39/50 - Train Loss: 0.0597 - Train Metric: 0.9976
Epoch 39/50 - Val Metric: 0.9994
Epoch 40/50 - Train Loss: 0.0662 - Train Metric: 0.9968
Epoch 40/50 - Val Metric: 0.9988
Epoch 41/50 - Train Loss: 0.0713 - Train Metric: 0.9969
Epoch 41/50 - Val Metric: 0.9991
Epoch 42/50 - Train Loss: 0.0613 - Train Metric: 0.9977
Epoch 42/50 - Val Metric: 0.9994
Epoch 43/50 - Train Loss: 0.0529 - Train Metric: 0.9983
Epoch 43/50 - Val Metric: 0.9996
Epoch 44/50 - Train Loss: 0.0594 - Train Metric: 0.9978
Epoch 44/50 - Val Metric: 0.9993
Epoch 45/50 - Train Loss: 0.0490 - Train Metric: 0.9985
Epoch 45/50 - Val Metric: 0.9995
Epoch 46/50 - Train Loss: 0.0539 - Train Metric: 0.9981
Epoch 46/50 - Val Metric: 0.9993
Epoch 47/50 - Train Loss: 0.0587 - Train Metric: 0.9979
Epoch 47/50 - Val Metric: 0.9993
Epoch 48/50 - Train Loss: 0.0543 - Train Metric: 0.9982
Epoch 48/50 - Val Metric: 0.9992
Epoch 49/50 - Train Loss: 0.0620 - Train Metric: 0.9976
Epoch 49/50 - Val Metric: 0.9995
Epoch 50/50 - Train Loss: 0.0509 - Train Metric: 0.9984
Epoch 50/50 - Val Metric: 0.9976
Best val: 0.9996, Best test: 0.9991
Training set has 8065 instances
Validation set has 1008 instances
Test set has 1009 instances
Epoch 1/50 - Train Loss: 0.7018 - Train Metric: 0.4966
Epoch 1/50 - Val Metric: 0.8359
Epoch 2/50 - Train Loss: 0.6970 - Train Metric: 0.5001
Epoch 2/50 - Val Metric: 0.8818
Epoch 3/50 - Train Loss: 0.6939 - Train Metric: 0.5096
Epoch 3/50 - Val Metric: 0.8873
Epoch 4/50 - Train Loss: 0.6959 - Train Metric: 0.4949
Epoch 4/50 - Val Metric: 0.8957
Epoch 5/50 - Train Loss: 0.6262 - Train Metric: 0.7013
Epoch 5/50 - Val Metric: 0.9347
Epoch 6/50 - Train Loss: 0.3365 - Train Metric: 0.9169
Epoch 6/50 - Val Metric: 0.9658
Epoch 7/50 - Train Loss: 0.2457 - Train Metric: 0.9623
Epoch 7/50 - Val Metric: 0.9780
Epoch 8/50 - Train Loss: 0.1947 - Train Metric: 0.9771
Epoch 8/50 - Val Metric: 0.9824
Epoch 9/50 - Train Loss: 0.1656 - Train Metric: 0.9831
Epoch 9/50 - Val Metric: 0.9843
Epoch 10/50 - Train Loss: 0.1575 - Train Metric: 0.9838
Epoch 10/50 - Val Metric: 0.9866
Epoch 11/50 - Train Loss: 0.1564 - Train Metric: 0.9849
Epoch 11/50 - Val Metric: 0.9860
Epoch 12/50 - Train Loss: 0.1515 - Train Metric: 0.9857
Epoch 12/50 - Val Metric: 0.9876
Epoch 13/50 - Train Loss: 0.1480 - Train Metric: 0.9867
Epoch 13/50 - Val Metric: 0.9864
Epoch 14/50 - Train Loss: 0.1429 - Train Metric: 0.9877
Epoch 14/50 - Val Metric: 0.9879
Epoch 15/50 - Train Loss: 0.1313 - Train Metric: 0.9896
Epoch 15/50 - Val Metric: 0.9858
Epoch 16/50 - Train Loss: 0.1275 - Train Metric: 0.9900
Epoch 16/50 - Val Metric: 0.9915
Epoch 17/50 - Train Loss: 0.1308 - Train Metric: 0.9891
Epoch 17/50 - Val Metric: 0.9852
Epoch 18/50 - Train Loss: 0.1665 - Train Metric: 0.9818
Epoch 18/50 - Val Metric: 0.9882
Epoch 19/50 - Train Loss: 0.1363 - Train Metric: 0.9889
Epoch 19/50 - Val Metric: 0.9892
Epoch 20/50 - Train Loss: 0.3298 - Train Metric: 0.9362
Epoch 20/50 - Val Metric: 0.9510
Epoch 21/50 - Train Loss: 0.4186 - Train Metric: 0.8796
Epoch 21/50 - Val Metric: 0.9777
Epoch 22/50 - Train Loss: 0.2422 - Train Metric: 0.9678
Epoch 22/50 - Val Metric: 0.9807
Epoch 23/50 - Train Loss: 0.1967 - Train Metric: 0.9762
Epoch 23/50 - Val Metric: 0.9854
Epoch 24/50 - Train Loss: 0.1600 - Train Metric: 0.9839
Epoch 24/50 - Val Metric: 0.9873
Epoch 25/50 - Train Loss: 0.1479 - Train Metric: 0.9862
Epoch 25/50 - Val Metric: 0.9884
Epoch 26/50 - Train Loss: 0.1496 - Train Metric: 0.9859
Epoch 26/50 - Val Metric: 0.9893
Epoch 27/50 - Train Loss: 0.1416 - Train Metric: 0.9871
Epoch 27/50 - Val Metric: 0.9901
Epoch 28/50 - Train Loss: 0.1396 - Train Metric: 0.9874
Epoch 28/50 - Val Metric: 0.9897
Epoch 29/50 - Train Loss: 0.1380 - Train Metric: 0.9882
Epoch 29/50 - Val Metric: 0.9910
Epoch 30/50 - Train Loss: 0.1337 - Train Metric: 0.9888
Epoch 30/50 - Val Metric: 0.9912
Epoch 31/50 - Train Loss: 0.1347 - Train Metric: 0.9885
Epoch 31/50 - Val Metric: 0.9924
Epoch 32/50 - Train Loss: 0.1227 - Train Metric: 0.9904
Epoch 32/50 - Val Metric: 0.9931
Epoch 33/50 - Train Loss: 0.1234 - Train Metric: 0.9905
Epoch 33/50 - Val Metric: 0.9939
Epoch 34/50 - Train Loss: 0.1169 - Train Metric: 0.9915
Epoch 34/50 - Val Metric: 0.9944
Epoch 35/50 - Train Loss: 0.1117 - Train Metric: 0.9920
Epoch 35/50 - Val Metric: 0.9945
Epoch 36/50 - Train Loss: 0.1109 - Train Metric: 0.9925
Epoch 36/50 - Val Metric: 0.9947
Epoch 37/50 - Train Loss: 0.1045 - Train Metric: 0.9933
Epoch 37/50 - Val Metric: 0.9950
Epoch 38/50 - Train Loss: 0.1009 - Train Metric: 0.9939
Epoch 38/50 - Val Metric: 0.9949
Epoch 39/50 - Train Loss: 0.0973 - Train Metric: 0.9942
Epoch 39/50 - Val Metric: 0.9967
Epoch 40/50 - Train Loss: 0.0978 - Train Metric: 0.9942
Epoch 40/50 - Val Metric: 0.9963
Epoch 41/50 - Train Loss: 0.0880 - Train Metric: 0.9953
Epoch 41/50 - Val Metric: 0.9970
Epoch 42/50 - Train Loss: 0.0841 - Train Metric: 0.9957
Epoch 42/50 - Val Metric: 0.9968
Epoch 43/50 - Train Loss: 0.0827 - Train Metric: 0.9958
Epoch 43/50 - Val Metric: 0.9970
Epoch 44/50 - Train Loss: 0.0852 - Train Metric: 0.9955
Epoch 44/50 - Val Metric: 0.9969
Epoch 45/50 - Train Loss: 0.0844 - Train Metric: 0.9957
Epoch 45/50 - Val Metric: 0.9963
Epoch 46/50 - Train Loss: 0.0774 - Train Metric: 0.9964
Epoch 46/50 - Val Metric: 0.9965
Epoch 47/50 - Train Loss: 0.0758 - Train Metric: 0.9965
Epoch 47/50 - Val Metric: 0.9974
Epoch 48/50 - Train Loss: 0.0702 - Train Metric: 0.9970
Epoch 48/50 - Val Metric: 0.9973
Epoch 49/50 - Train Loss: 0.0835 - Train Metric: 0.9958
Epoch 49/50 - Val Metric: 0.9978
Epoch 50/50 - Train Loss: 0.0722 - Train Metric: 0.9968
Epoch 50/50 - Val Metric: 0.9980
Best val: 0.9980, Best test: 0.9989
[0.99902952 0.99938154 0.99918669 0.99908036 0.9989391 ]
