Hyper-parameter search via Optuna
Namespace(task_type='binary_classification', scale='small', idx=12, epochs=50, num_trials=20, num_repeats=5, seed=0, exp_name='MemPerceiver_ens', result_path='output/binary_classification/small/12/MemPerceiver_ens.pt')
Device: cuda
Start building binary_classification dataset_small_12
Training set has 8065 instances
Validation set has 1008 instances
Test set has 1009 instances
Epoch 1/50 - Train Loss: 0.7503 - Train Metric: 0.5080
Epoch 1/50 - Val Metric: 0.8753
Epoch 2/50 - Train Loss: 0.6956 - Train Metric: 0.5029
Epoch 2/50 - Val Metric: 0.8809
Epoch 3/50 - Train Loss: 0.6957 - Train Metric: 0.4993
Epoch 3/50 - Val Metric: 0.8781
Epoch 4/50 - Train Loss: 0.6955 - Train Metric: 0.4969
Epoch 4/50 - Val Metric: 0.8798
Epoch 5/50 - Train Loss: 0.6960 - Train Metric: 0.5111
Epoch 5/50 - Val Metric: 0.8779
Epoch 6/50 - Train Loss: 0.6957 - Train Metric: 0.4987
Epoch 6/50 - Val Metric: 0.8702
Epoch 7/50 - Train Loss: 0.6946 - Train Metric: 0.5073
Epoch 7/50 - Val Metric: 0.8714
Epoch 8/50 - Train Loss: 0.6941 - Train Metric: 0.5079
Epoch 8/50 - Val Metric: 0.8653
Epoch 9/50 - Train Loss: 0.6948 - Train Metric: 0.5016
Epoch 9/50 - Val Metric: 0.8619
Epoch 10/50 - Train Loss: 0.6942 - Train Metric: 0.5042
Epoch 10/50 - Val Metric: 0.8629
Epoch 11/50 - Train Loss: 0.6936 - Train Metric: 0.5007
Epoch 11/50 - Val Metric: 0.8538
Epoch 12/50 - Train Loss: 0.6942 - Train Metric: 0.4943
Epoch 12/50 - Val Metric: 0.8580
Epoch 13/50 - Train Loss: 0.6960 - Train Metric: 0.5018
Epoch 13/50 - Val Metric: 0.8540
Epoch 14/50 - Train Loss: 0.6941 - Train Metric: 0.5003
Epoch 14/50 - Val Metric: 0.8523
Epoch 15/50 - Train Loss: 0.6954 - Train Metric: 0.5084
Epoch 15/50 - Val Metric: 0.8424
Epoch 16/50 - Train Loss: 0.6931 - Train Metric: 0.5029
Epoch 16/50 - Val Metric: 0.8452
Epoch 17/50 - Train Loss: 0.6943 - Train Metric: 0.5043
Epoch 17/50 - Val Metric: 0.8399
Epoch 18/50 - Train Loss: 0.6936 - Train Metric: 0.5037
Epoch 18/50 - Val Metric: 0.8318
Epoch 19/50 - Train Loss: 0.6937 - Train Metric: 0.5047
Epoch 19/50 - Val Metric: 0.8334
Epoch 20/50 - Train Loss: 0.6932 - Train Metric: 0.4975
Epoch 20/50 - Val Metric: 0.8287
Epoch 21/50 - Train Loss: 0.6936 - Train Metric: 0.5090
Epoch 21/50 - Val Metric: 0.8232
Epoch 22/50 - Train Loss: 0.6940 - Train Metric: 0.5057
Epoch 22/50 - Val Metric: 0.8154
Epoch 23/50 - Train Loss: 0.6931 - Train Metric: 0.5080
Epoch 23/50 - Val Metric: 0.8118
Epoch 24/50 - Train Loss: 0.6926 - Train Metric: 0.5234
Epoch 24/50 - Val Metric: 0.8092
Epoch 25/50 - Train Loss: 0.6928 - Train Metric: 0.5143
Epoch 25/50 - Val Metric: 0.8064
Epoch 26/50 - Train Loss: 0.6918 - Train Metric: 0.5425
Epoch 26/50 - Val Metric: 0.8022
Epoch 27/50 - Train Loss: 0.6370 - Train Metric: 0.7124
Epoch 27/50 - Val Metric: 0.7999
Epoch 28/50 - Train Loss: 0.5264 - Train Metric: 0.7802
Epoch 28/50 - Val Metric: 0.8552
Epoch 29/50 - Train Loss: 0.3873 - Train Metric: 0.9081
Epoch 29/50 - Val Metric: 0.9561
Epoch 30/50 - Train Loss: 0.2502 - Train Metric: 0.9612
Epoch 30/50 - Val Metric: 0.9805
Epoch 31/50 - Train Loss: 0.1745 - Train Metric: 0.9812
Epoch 31/50 - Val Metric: 0.9809
Epoch 32/50 - Train Loss: 0.1433 - Train Metric: 0.9873
Epoch 32/50 - Val Metric: 0.9865
Epoch 33/50 - Train Loss: 0.1277 - Train Metric: 0.9898
Epoch 33/50 - Val Metric: 0.9897
Epoch 34/50 - Train Loss: 0.1291 - Train Metric: 0.9896
Epoch 34/50 - Val Metric: 0.9883
Epoch 35/50 - Train Loss: 0.1232 - Train Metric: 0.9907
Epoch 35/50 - Val Metric: 0.9900
Epoch 36/50 - Train Loss: 0.1255 - Train Metric: 0.9901
Epoch 36/50 - Val Metric: 0.9859
Epoch 37/50 - Train Loss: 0.1184 - Train Metric: 0.9913
Epoch 37/50 - Val Metric: 0.9919
Epoch 38/50 - Train Loss: 0.1060 - Train Metric: 0.9929
Epoch 38/50 - Val Metric: 0.9907
Epoch 39/50 - Train Loss: 0.1038 - Train Metric: 0.9933
Epoch 39/50 - Val Metric: 0.9929
Epoch 40/50 - Train Loss: 0.0989 - Train Metric: 0.9938
Epoch 40/50 - Val Metric: 0.9919
Epoch 41/50 - Train Loss: 0.0953 - Train Metric: 0.9941
Epoch 41/50 - Val Metric: 0.9939
Epoch 42/50 - Train Loss: 0.0889 - Train Metric: 0.9949
Epoch 42/50 - Val Metric: 0.9952
Epoch 43/50 - Train Loss: 0.0854 - Train Metric: 0.9953
Epoch 43/50 - Val Metric: 0.9950
Epoch 44/50 - Train Loss: 0.0846 - Train Metric: 0.9953
Epoch 44/50 - Val Metric: 0.9948
Epoch 45/50 - Train Loss: 0.0797 - Train Metric: 0.9959
Epoch 45/50 - Val Metric: 0.9954
Epoch 46/50 - Train Loss: 0.0801 - Train Metric: 0.9958
Epoch 46/50 - Val Metric: 0.9945
Epoch 47/50 - Train Loss: 0.0800 - Train Metric: 0.9959
Epoch 47/50 - Val Metric: 0.9954
Epoch 48/50 - Train Loss: 0.0754 - Train Metric: 0.9963
Epoch 48/50 - Val Metric: 0.9952
Epoch 49/50 - Train Loss: 0.0730 - Train Metric: 0.9965
Epoch 49/50 - Val Metric: 0.9949
Epoch 50/50 - Train Loss: 0.0747 - Train Metric: 0.9964
Epoch 50/50 - Val Metric: 0.9952
Best val: 0.9954, Best test: 0.9977
Training set has 8065 instances
Validation set has 1008 instances
Test set has 1009 instances
