Hyper-parameter search via Optuna
Namespace(task_type='binary_classification', scale='small', idx=12, epochs=50, num_trials=20, num_repeats=5, seed=0, exp_name='MemPerceiver_Ens_Attn', result_path='output/binary_classification/small/12/MemPerceiver_Ens_Attn.pt')
Device: cuda
Start building binary_classification dataset_small_12
Training set has 8065 instances
Validation set has 1008 instances
Test set has 1009 instances
Epoch 1/50 - Train Loss: 0.7049 - Train Metric: 0.4966
Epoch 1/50 - Val Metric: 0.8810
Epoch 2/50 - Train Loss: 0.6943 - Train Metric: 0.5004
Epoch 2/50 - Val Metric: 0.8788
Epoch 3/50 - Train Loss: 0.6994 - Train Metric: 0.5174
Epoch 3/50 - Val Metric: 0.8532
Epoch 4/50 - Train Loss: 0.6950 - Train Metric: 0.5171
Epoch 4/50 - Val Metric: 0.8576
Epoch 5/50 - Train Loss: 0.6949 - Train Metric: 0.5164
Epoch 5/50 - Val Metric: 0.8584
Epoch 6/50 - Train Loss: 0.6946 - Train Metric: 0.5114
Epoch 6/50 - Val Metric: 0.8518
Epoch 7/50 - Train Loss: 0.6908 - Train Metric: 0.5519
Epoch 7/50 - Val Metric: 0.8359
Epoch 8/50 - Train Loss: 0.5948 - Train Metric: 0.7205
Epoch 8/50 - Val Metric: 0.9576
Epoch 9/50 - Train Loss: 0.2291 - Train Metric: 0.9681
Epoch 9/50 - Val Metric: 0.9842
Epoch 10/50 - Train Loss: 0.1861 - Train Metric: 0.9784
Epoch 10/50 - Val Metric: 0.9824
Epoch 11/50 - Train Loss: 0.1779 - Train Metric: 0.9800
Epoch 11/50 - Val Metric: 0.9843
Epoch 12/50 - Train Loss: 0.1714 - Train Metric: 0.9818
Epoch 12/50 - Val Metric: 0.9889
Epoch 13/50 - Train Loss: 0.1603 - Train Metric: 0.9839
Epoch 13/50 - Val Metric: 0.9879
Epoch 14/50 - Train Loss: 0.1644 - Train Metric: 0.9828
Epoch 14/50 - Val Metric: 0.9907
Epoch 15/50 - Train Loss: 0.1439 - Train Metric: 0.9865
Epoch 15/50 - Val Metric: 0.9904
Epoch 16/50 - Train Loss: 0.1315 - Train Metric: 0.9889
Epoch 16/50 - Val Metric: 0.9940
Epoch 17/50 - Train Loss: 0.1122 - Train Metric: 0.9923
Epoch 17/50 - Val Metric: 0.9954
Epoch 18/50 - Train Loss: 0.1076 - Train Metric: 0.9927
Epoch 18/50 - Val Metric: 0.9955
Epoch 19/50 - Train Loss: 0.1085 - Train Metric: 0.9925
Epoch 19/50 - Val Metric: 0.9957
Epoch 20/50 - Train Loss: 0.0922 - Train Metric: 0.9948
Epoch 20/50 - Val Metric: 0.9960
Epoch 21/50 - Train Loss: 0.0885 - Train Metric: 0.9951
Epoch 21/50 - Val Metric: 0.9971
Epoch 22/50 - Train Loss: 0.0877 - Train Metric: 0.9952
Epoch 22/50 - Val Metric: 0.9974
Epoch 23/50 - Train Loss: 0.0780 - Train Metric: 0.9962
Epoch 23/50 - Val Metric: 0.9982
Epoch 24/50 - Train Loss: 0.0776 - Train Metric: 0.9963
Epoch 24/50 - Val Metric: 0.9986
Epoch 25/50 - Train Loss: 0.0728 - Train Metric: 0.9964
Epoch 25/50 - Val Metric: 0.9983
Epoch 26/50 - Train Loss: 0.1014 - Train Metric: 0.9929
Epoch 26/50 - Val Metric: 0.9977
Epoch 27/50 - Train Loss: 0.0711 - Train Metric: 0.9969
Epoch 27/50 - Val Metric: 0.9991
Epoch 28/50 - Train Loss: 0.0820 - Train Metric: 0.9956
Epoch 28/50 - Val Metric: 0.9975
Epoch 29/50 - Train Loss: 0.0697 - Train Metric: 0.9970
Epoch 29/50 - Val Metric: 0.9979
Epoch 30/50 - Train Loss: 0.0733 - Train Metric: 0.9967
Epoch 30/50 - Val Metric: 0.9988
Epoch 31/50 - Train Loss: 0.0546 - Train Metric: 0.9982
Epoch 31/50 - Val Metric: 0.9989
Epoch 32/50 - Train Loss: 0.0556 - Train Metric: 0.9981
Epoch 32/50 - Val Metric: 0.9993
Epoch 33/50 - Train Loss: 0.0516 - Train Metric: 0.9984
Epoch 33/50 - Val Metric: 0.9992
Epoch 34/50 - Train Loss: 0.0506 - Train Metric: 0.9984
Epoch 34/50 - Val Metric: 0.9995
Epoch 35/50 - Train Loss: 0.0466 - Train Metric: 0.9985
Epoch 35/50 - Val Metric: 0.9991
Epoch 36/50 - Train Loss: 0.0446 - Train Metric: 0.9988
Epoch 36/50 - Val Metric: 0.9994
Epoch 37/50 - Train Loss: 0.0472 - Train Metric: 0.9987
Epoch 37/50 - Val Metric: 0.9993
Epoch 38/50 - Train Loss: 0.0566 - Train Metric: 0.9981
Epoch 38/50 - Val Metric: 0.9993
Epoch 39/50 - Train Loss: 0.0537 - Train Metric: 0.9982
Epoch 39/50 - Val Metric: 0.9991
Epoch 40/50 - Train Loss: 0.0403 - Train Metric: 0.9990
Epoch 40/50 - Val Metric: 0.9996
Epoch 41/50 - Train Loss: 0.0363 - Train Metric: 0.9991
Epoch 41/50 - Val Metric: 0.9996
Epoch 42/50 - Train Loss: 0.0389 - Train Metric: 0.9991
Epoch 42/50 - Val Metric: 0.9998
Epoch 43/50 - Train Loss: 0.0448 - Train Metric: 0.9987
Epoch 43/50 - Val Metric: 0.9987
Epoch 44/50 - Train Loss: 0.0381 - Train Metric: 0.9991
Epoch 44/50 - Val Metric: 0.9996
Epoch 45/50 - Train Loss: 0.0425 - Train Metric: 0.9989
Epoch 45/50 - Val Metric: 0.9996
Epoch 46/50 - Train Loss: 0.0378 - Train Metric: 0.9991
Epoch 46/50 - Val Metric: 0.9994
Epoch 47/50 - Train Loss: 0.0445 - Train Metric: 0.9988
Epoch 47/50 - Val Metric: 0.9992
Epoch 48/50 - Train Loss: 0.0406 - Train Metric: 0.9990
Epoch 48/50 - Val Metric: 0.9992
Epoch 49/50 - Train Loss: 0.0513 - Train Metric: 0.9982
Epoch 49/50 - Val Metric: 0.9992
Epoch 50/50 - Train Loss: 0.0426 - Train Metric: 0.9989
Epoch 50/50 - Val Metric: 0.9993
Best val: 0.9998, Best test: 0.9984
Training set has 8065 instances
Validation set has 1008 instances
Test set has 1009 instances
Epoch 1/50 - Train Loss: 0.6940 - Train Metric: 0.5081
Epoch 1/50 - Val Metric: 0.8965
Epoch 2/50 - Train Loss: 0.6945 - Train Metric: 0.5161
Epoch 2/50 - Val Metric: 0.8984
Epoch 3/50 - Train Loss: 0.6939 - Train Metric: 0.5165
Epoch 3/50 - Val Metric: 0.8766
Epoch 4/50 - Train Loss: 0.6941 - Train Metric: 0.5194
Epoch 4/50 - Val Metric: 0.9160
Epoch 5/50 - Train Loss: 0.6925 - Train Metric: 0.5304
Epoch 5/50 - Val Metric: 0.8995
Epoch 6/50 - Train Loss: 0.6921 - Train Metric: 0.5473
Epoch 6/50 - Val Metric: 0.9088
Epoch 7/50 - Train Loss: 0.6423 - Train Metric: 0.6918
Epoch 7/50 - Val Metric: 0.9144
Epoch 8/50 - Train Loss: 0.4404 - Train Metric: 0.8894
Epoch 8/50 - Val Metric: 0.9396
Epoch 9/50 - Train Loss: 0.3901 - Train Metric: 0.9086
Epoch 9/50 - Val Metric: 0.9436
Epoch 10/50 - Train Loss: 0.3433 - Train Metric: 0.9317
Epoch 10/50 - Val Metric: 0.9467
Epoch 11/50 - Train Loss: 0.3134 - Train Metric: 0.9369
Epoch 11/50 - Val Metric: 0.9469
Epoch 12/50 - Train Loss: 0.3360 - Train Metric: 0.9299
Epoch 12/50 - Val Metric: 0.9468
Epoch 13/50 - Train Loss: 0.3254 - Train Metric: 0.9330
Epoch 13/50 - Val Metric: 0.9465
Epoch 14/50 - Train Loss: 0.3114 - Train Metric: 0.9365
Epoch 14/50 - Val Metric: 0.9423
Epoch 15/50 - Train Loss: 0.3062 - Train Metric: 0.9360
Epoch 15/50 - Val Metric: 0.9463
Epoch 16/50 - Train Loss: 0.2975 - Train Metric: 0.9381
Epoch 16/50 - Val Metric: 0.9455
Epoch 17/50 - Train Loss: 0.2904 - Train Metric: 0.9391
Epoch 17/50 - Val Metric: 0.9453
Epoch 18/50 - Train Loss: 0.2959 - Train Metric: 0.9369
Epoch 18/50 - Val Metric: 0.9454
Epoch 19/50 - Train Loss: 0.2916 - Train Metric: 0.9374
Epoch 19/50 - Val Metric: 0.9452
Epoch 20/50 - Train Loss: 0.2929 - Train Metric: 0.9374
Epoch 20/50 - Val Metric: 0.9449
Epoch 21/50 - Train Loss: 0.2934 - Train Metric: 0.9372
Epoch 21/50 - Val Metric: 0.9457
Epoch 22/50 - Train Loss: 0.2967 - Train Metric: 0.9358
Epoch 22/50 - Val Metric: 0.9461
Epoch 23/50 - Train Loss: 0.2901 - Train Metric: 0.9385
Epoch 23/50 - Val Metric: 0.9458
Epoch 24/50 - Train Loss: 0.3025 - Train Metric: 0.9349
Epoch 24/50 - Val Metric: 0.9467
Epoch 25/50 - Train Loss: 0.2903 - Train Metric: 0.9392
Epoch 25/50 - Val Metric: 0.9488
Epoch 26/50 - Train Loss: 0.2934 - Train Metric: 0.9381
Epoch 26/50 - Val Metric: 0.9482
Epoch 27/50 - Train Loss: 0.2874 - Train Metric: 0.9394
Epoch 27/50 - Val Metric: 0.9501
Epoch 28/50 - Train Loss: 0.2924 - Train Metric: 0.9385
Epoch 28/50 - Val Metric: 0.9503
Epoch 29/50 - Train Loss: 0.2798 - Train Metric: 0.9411
Epoch 29/50 - Val Metric: 0.9551
Epoch 30/50 - Train Loss: 0.2813 - Train Metric: 0.9435
Epoch 30/50 - Val Metric: 0.9566
Epoch 31/50 - Train Loss: 0.2785 - Train Metric: 0.9449
Epoch 31/50 - Val Metric: 0.9598
Epoch 32/50 - Train Loss: 0.2777 - Train Metric: 0.9440
Epoch 32/50 - Val Metric: 0.9598
Epoch 33/50 - Train Loss: 0.2699 - Train Metric: 0.9491
Epoch 33/50 - Val Metric: 0.9608
Epoch 34/50 - Train Loss: 0.2708 - Train Metric: 0.9493
Epoch 34/50 - Val Metric: 0.9649
Epoch 35/50 - Train Loss: 0.2641 - Train Metric: 0.9521
Epoch 35/50 - Val Metric: 0.9651
Epoch 36/50 - Train Loss: 0.2617 - Train Metric: 0.9525
Epoch 36/50 - Val Metric: 0.9618
Epoch 37/50 - Train Loss: 0.2579 - Train Metric: 0.9544
Epoch 37/50 - Val Metric: 0.9644
Epoch 38/50 - Train Loss: 0.2686 - Train Metric: 0.9510
Epoch 38/50 - Val Metric: 0.9641
Epoch 39/50 - Train Loss: 0.2524 - Train Metric: 0.9577
Epoch 39/50 - Val Metric: 0.9672
Epoch 40/50 - Train Loss: 0.2533 - Train Metric: 0.9564
Epoch 40/50 - Val Metric: 0.9670
Epoch 41/50 - Train Loss: 0.2593 - Train Metric: 0.9536
Epoch 41/50 - Val Metric: 0.9646
Epoch 42/50 - Train Loss: 0.2791 - Train Metric: 0.9501
Epoch 42/50 - Val Metric: 0.9654
Epoch 43/50 - Train Loss: 0.2551 - Train Metric: 0.9562
Epoch 43/50 - Val Metric: 0.9654
Epoch 44/50 - Train Loss: 0.2494 - Train Metric: 0.9591
Epoch 44/50 - Val Metric: 0.9689
Epoch 45/50 - Train Loss: 0.2428 - Train Metric: 0.9606
Epoch 45/50 - Val Metric: 0.9672
Epoch 46/50 - Train Loss: 0.2459 - Train Metric: 0.9597
Epoch 46/50 - Val Metric: 0.9680
Epoch 47/50 - Train Loss: 0.2323 - Train Metric: 0.9636
Epoch 47/50 - Val Metric: 0.9679
Epoch 48/50 - Train Loss: 0.2422 - Train Metric: 0.9602
Epoch 48/50 - Val Metric: 0.9678
Epoch 49/50 - Train Loss: 0.2413 - Train Metric: 0.9623
Epoch 49/50 - Val Metric: 0.9603
Epoch 50/50 - Train Loss: 0.2435 - Train Metric: 0.9618
Epoch 50/50 - Val Metric: 0.9651
Best val: 0.9689, Best test: 0.9652
Training set has 8065 instances
Validation set has 1008 instances
Test set has 1009 instances
Epoch 1/50 - Train Loss: 0.7299 - Train Metric: 0.5135
Epoch 1/50 - Val Metric: 0.8627
Epoch 2/50 - Train Loss: 0.6960 - Train Metric: 0.5181
Epoch 2/50 - Val Metric: 0.9117
Epoch 3/50 - Train Loss: 0.6986 - Train Metric: 0.5101
Epoch 3/50 - Val Metric: 0.9093
Epoch 4/50 - Train Loss: 0.6937 - Train Metric: 0.5153
Epoch 4/50 - Val Metric: 0.9173
Epoch 5/50 - Train Loss: 0.6951 - Train Metric: 0.5170
Epoch 5/50 - Val Metric: 0.9143
Epoch 6/50 - Train Loss: 0.6940 - Train Metric: 0.5160
Epoch 6/50 - Val Metric: 0.9080
Epoch 7/50 - Train Loss: 0.6943 - Train Metric: 0.5154
Epoch 7/50 - Val Metric: 0.9110
Epoch 8/50 - Train Loss: 0.6956 - Train Metric: 0.5239
Epoch 8/50 - Val Metric: 0.9105
Epoch 9/50 - Train Loss: 0.6943 - Train Metric: 0.5055
Epoch 9/50 - Val Metric: 0.9043
Epoch 10/50 - Train Loss: 0.6937 - Train Metric: 0.5128
Epoch 10/50 - Val Metric: 0.9092
Epoch 11/50 - Train Loss: 0.6935 - Train Metric: 0.5172
Epoch 11/50 - Val Metric: 0.9085
Epoch 12/50 - Train Loss: 0.6938 - Train Metric: 0.5256
Epoch 12/50 - Val Metric: 0.9068
Epoch 13/50 - Train Loss: 0.6934 - Train Metric: 0.5285
Epoch 13/50 - Val Metric: 0.9037
Epoch 14/50 - Train Loss: 0.6933 - Train Metric: 0.5370
Epoch 14/50 - Val Metric: 0.9018
Epoch 15/50 - Train Loss: 0.6910 - Train Metric: 0.5630
Epoch 15/50 - Val Metric: 0.8643
Epoch 16/50 - Train Loss: 0.5579 - Train Metric: 0.7903
Epoch 16/50 - Val Metric: 0.9437
Epoch 17/50 - Train Loss: 0.3845 - Train Metric: 0.9066
Epoch 17/50 - Val Metric: 0.9498
Epoch 18/50 - Train Loss: 0.2931 - Train Metric: 0.9421
Epoch 18/50 - Val Metric: 0.9557
Epoch 19/50 - Train Loss: 0.2630 - Train Metric: 0.9515
Epoch 19/50 - Val Metric: 0.9628
Epoch 20/50 - Train Loss: 0.2249 - Train Metric: 0.9643
Epoch 20/50 - Val Metric: 0.9778
Epoch 21/50 - Train Loss: 0.1743 - Train Metric: 0.9809
Epoch 21/50 - Val Metric: 0.9877
Epoch 22/50 - Train Loss: 0.1434 - Train Metric: 0.9871
Epoch 22/50 - Val Metric: 0.9914
Epoch 23/50 - Train Loss: 0.1334 - Train Metric: 0.9892
Epoch 23/50 - Val Metric: 0.9929
Epoch 24/50 - Train Loss: 0.1113 - Train Metric: 0.9924
Epoch 24/50 - Val Metric: 0.9926
Epoch 25/50 - Train Loss: 0.1157 - Train Metric: 0.9921
Epoch 25/50 - Val Metric: 0.9954
Epoch 26/50 - Train Loss: 0.0949 - Train Metric: 0.9946
Epoch 26/50 - Val Metric: 0.9967
Epoch 27/50 - Train Loss: 0.0832 - Train Metric: 0.9958
Epoch 27/50 - Val Metric: 0.9960
Epoch 28/50 - Train Loss: 0.0783 - Train Metric: 0.9963
Epoch 28/50 - Val Metric: 0.9964
Epoch 29/50 - Train Loss: 0.0688 - Train Metric: 0.9972
Epoch 29/50 - Val Metric: 0.9973
Epoch 30/50 - Train Loss: 0.0613 - Train Metric: 0.9979
Epoch 30/50 - Val Metric: 0.9990
Epoch 31/50 - Train Loss: 0.0524 - Train Metric: 0.9985
Epoch 31/50 - Val Metric: 0.9979
Epoch 32/50 - Train Loss: 0.0519 - Train Metric: 0.9984
Epoch 32/50 - Val Metric: 0.9985
Epoch 33/50 - Train Loss: 0.0605 - Train Metric: 0.9980
Epoch 33/50 - Val Metric: 0.9986
Epoch 34/50 - Train Loss: 0.0487 - Train Metric: 0.9987
Epoch 34/50 - Val Metric: 0.9991
Epoch 35/50 - Train Loss: 0.0399 - Train Metric: 0.9992
Epoch 35/50 - Val Metric: 0.9988
Epoch 36/50 - Train Loss: 0.0410 - Train Metric: 0.9990
Epoch 36/50 - Val Metric: 0.9987
Epoch 37/50 - Train Loss: 0.0412 - Train Metric: 0.9990
Epoch 37/50 - Val Metric: 0.9987
Epoch 38/50 - Train Loss: 0.0389 - Train Metric: 0.9991
Epoch 38/50 - Val Metric: 0.9990
Epoch 39/50 - Train Loss: 0.0352 - Train Metric: 0.9993
Epoch 39/50 - Val Metric: 0.9989
Epoch 40/50 - Train Loss: 0.0344 - Train Metric: 0.9993
Epoch 40/50 - Val Metric: 0.9988
Epoch 41/50 - Train Loss: 0.0326 - Train Metric: 0.9994
Epoch 41/50 - Val Metric: 0.9986
Epoch 42/50 - Train Loss: 0.0382 - Train Metric: 0.9992
Epoch 42/50 - Val Metric: 0.9990
Epoch 43/50 - Train Loss: 0.0387 - Train Metric: 0.9991
Epoch 43/50 - Val Metric: 0.9988
Epoch 44/50 - Train Loss: 0.0301 - Train Metric: 0.9995
Epoch 44/50 - Val Metric: 0.9990
Epoch 45/50 - Train Loss: 0.0282 - Train Metric: 0.9995
Epoch 45/50 - Val Metric: 0.9991
Epoch 46/50 - Train Loss: 0.0310 - Train Metric: 0.9995
Epoch 46/50 - Val Metric: 0.9989
Epoch 47/50 - Train Loss: 0.0270 - Train Metric: 0.9996
Epoch 47/50 - Val Metric: 0.9989
Epoch 48/50 - Train Loss: 0.0274 - Train Metric: 0.9996
Epoch 48/50 - Val Metric: 0.9990
Epoch 49/50 - Train Loss: 0.0279 - Train Metric: 0.9996
Epoch 49/50 - Val Metric: 0.9990
Epoch 50/50 - Train Loss: 0.0254 - Train Metric: 0.9996
Epoch 50/50 - Val Metric: 0.9989
Best val: 0.9991, Best test: 0.9988
Training set has 8065 instances
Validation set has 1008 instances
Test set has 1009 instances
Epoch 1/50 - Train Loss: 0.7799 - Train Metric: 0.4905
Epoch 1/50 - Val Metric: 0.5256
Epoch 2/50 - Train Loss: 0.6946 - Train Metric: 0.5075
Epoch 2/50 - Val Metric: 0.7063
Epoch 3/50 - Train Loss: 0.6942 - Train Metric: 0.5190
Epoch 3/50 - Val Metric: 0.6489
Epoch 4/50 - Train Loss: 0.6968 - Train Metric: 0.5114
Epoch 4/50 - Val Metric: 0.7581
Epoch 5/50 - Train Loss: 0.6940 - Train Metric: 0.5025
Epoch 5/50 - Val Metric: 0.6861
Epoch 6/50 - Train Loss: 0.6935 - Train Metric: 0.5085
Epoch 6/50 - Val Metric: 0.7535
Epoch 7/50 - Train Loss: 0.6950 - Train Metric: 0.5034
Epoch 7/50 - Val Metric: 0.7470
Epoch 8/50 - Train Loss: 0.6950 - Train Metric: 0.5182
Epoch 8/50 - Val Metric: 0.7139
Epoch 9/50 - Train Loss: 0.6947 - Train Metric: 0.4994
Epoch 9/50 - Val Metric: 0.7435
Epoch 10/50 - Train Loss: 0.6960 - Train Metric: 0.4979
Epoch 10/50 - Val Metric: 0.7203
Epoch 11/50 - Train Loss: 0.6938 - Train Metric: 0.5007
Epoch 11/50 - Val Metric: 0.7323
Epoch 12/50 - Train Loss: 0.6941 - Train Metric: 0.5011
Epoch 12/50 - Val Metric: 0.7091
Epoch 13/50 - Train Loss: 0.6934 - Train Metric: 0.5033
Epoch 13/50 - Val Metric: 0.7081
Epoch 14/50 - Train Loss: 0.6937 - Train Metric: 0.5054
Epoch 14/50 - Val Metric: 0.7185
Epoch 15/50 - Train Loss: 0.6935 - Train Metric: 0.5024
Epoch 15/50 - Val Metric: 0.6975
Epoch 16/50 - Train Loss: 0.6936 - Train Metric: 0.5056
Epoch 16/50 - Val Metric: 0.7017
Epoch 17/50 - Train Loss: 0.6945 - Train Metric: 0.4998
Epoch 17/50 - Val Metric: 0.7072
Epoch 18/50 - Train Loss: 0.6938 - Train Metric: 0.5105
Epoch 18/50 - Val Metric: 0.7009
Epoch 19/50 - Train Loss: 0.6931 - Train Metric: 0.5047
Epoch 19/50 - Val Metric: 0.6909
Epoch 20/50 - Train Loss: 0.6938 - Train Metric: 0.5080
Epoch 20/50 - Val Metric: 0.6962
Epoch 21/50 - Train Loss: 0.6930 - Train Metric: 0.5110
Epoch 21/50 - Val Metric: 0.6859
Epoch 22/50 - Train Loss: 0.6935 - Train Metric: 0.5195
Epoch 22/50 - Val Metric: 0.6918
Epoch 23/50 - Train Loss: 0.6930 - Train Metric: 0.5235
Epoch 23/50 - Val Metric: 0.6863
Epoch 24/50 - Train Loss: 0.6932 - Train Metric: 0.5244
Epoch 24/50 - Val Metric: 0.6846
Epoch 25/50 - Train Loss: 0.6926 - Train Metric: 0.4969
Epoch 25/50 - Val Metric: 0.6876
Epoch 26/50 - Train Loss: 0.6924 - Train Metric: 0.5111
Epoch 26/50 - Val Metric: 0.6835
Epoch 27/50 - Train Loss: 0.6932 - Train Metric: 0.5188
Epoch 27/50 - Val Metric: 0.6796
Epoch 28/50 - Train Loss: 0.6922 - Train Metric: 0.5360
Epoch 28/50 - Val Metric: 0.6832
Epoch 29/50 - Train Loss: 0.6921 - Train Metric: 0.5288
Epoch 29/50 - Val Metric: 0.6808
Epoch 30/50 - Train Loss: 0.6917 - Train Metric: 0.5391
Epoch 30/50 - Val Metric: 0.6795
Epoch 31/50 - Train Loss: 0.6911 - Train Metric: 0.5449
Epoch 31/50 - Val Metric: 0.6780
Epoch 32/50 - Train Loss: 0.6902 - Train Metric: 0.5397
Epoch 32/50 - Val Metric: 0.6699
Epoch 33/50 - Train Loss: 0.6784 - Train Metric: 0.5657
Epoch 33/50 - Val Metric: 0.5862
Epoch 34/50 - Train Loss: 0.6810 - Train Metric: 0.5635
Epoch 34/50 - Val Metric: 0.6814
Epoch 35/50 - Train Loss: 0.6685 - Train Metric: 0.5631
Epoch 35/50 - Val Metric: 0.6731
Epoch 36/50 - Train Loss: 0.6594 - Train Metric: 0.5719
Epoch 36/50 - Val Metric: 0.6905
Epoch 37/50 - Train Loss: 0.6558 - Train Metric: 0.5809
Epoch 37/50 - Val Metric: 0.6842
Epoch 38/50 - Train Loss: 0.6534 - Train Metric: 0.5788
Epoch 38/50 - Val Metric: 0.6978
Epoch 39/50 - Train Loss: 0.6516 - Train Metric: 0.6007
Epoch 39/50 - Val Metric: 0.6906
Epoch 40/50 - Train Loss: 0.6517 - Train Metric: 0.5944
Epoch 40/50 - Val Metric: 0.7000
Epoch 41/50 - Train Loss: 0.6512 - Train Metric: 0.5923
Epoch 41/50 - Val Metric: 0.6966
Epoch 42/50 - Train Loss: 0.6506 - Train Metric: 0.6055
Epoch 42/50 - Val Metric: 0.7033
Epoch 43/50 - Train Loss: 0.6508 - Train Metric: 0.5862
Epoch 43/50 - Val Metric: 0.7011
Epoch 44/50 - Train Loss: 0.6496 - Train Metric: 0.5987
Epoch 44/50 - Val Metric: 0.6982
Epoch 45/50 - Train Loss: 0.6490 - Train Metric: 0.6262
Epoch 45/50 - Val Metric: 0.7038
Epoch 46/50 - Train Loss: 0.6491 - Train Metric: 0.6263
Epoch 46/50 - Val Metric: 0.7042
Epoch 47/50 - Train Loss: 0.6481 - Train Metric: 0.6226
Epoch 47/50 - Val Metric: 0.7046
Epoch 48/50 - Train Loss: 0.6474 - Train Metric: 0.6225
Epoch 48/50 - Val Metric: 0.7050
Epoch 49/50 - Train Loss: 0.6460 - Train Metric: 0.6513
Epoch 49/50 - Val Metric: 0.7028
Epoch 50/50 - Train Loss: 0.6440 - Train Metric: 0.6472
Epoch 50/50 - Val Metric: 0.7001
Best val: 0.7581, Best test: 0.7504
Training set has 8065 instances
Validation set has 1008 instances
Test set has 1009 instances
Epoch 1/50 - Train Loss: 0.7121 - Train Metric: 0.5088
Epoch 1/50 - Val Metric: 0.8988
Epoch 2/50 - Train Loss: 0.6940 - Train Metric: 0.5059
Epoch 2/50 - Val Metric: 0.9036
Epoch 3/50 - Train Loss: 0.6946 - Train Metric: 0.5164
Epoch 3/50 - Val Metric: 0.9105
Epoch 4/50 - Train Loss: 0.6704 - Train Metric: 0.6130
Epoch 4/50 - Val Metric: 0.9172
Epoch 5/50 - Train Loss: 0.7103 - Train Metric: 0.5587
Epoch 5/50 - Val Metric: 0.9145
Epoch 6/50 - Train Loss: 0.5466 - Train Metric: 0.8101
Epoch 6/50 - Val Metric: 0.9444
Epoch 7/50 - Train Loss: 0.3447 - Train Metric: 0.9240
Epoch 7/50 - Val Metric: 0.9493
Epoch 8/50 - Train Loss: 0.2968 - Train Metric: 0.9395
Epoch 8/50 - Val Metric: 0.9509
Epoch 9/50 - Train Loss: 0.2755 - Train Metric: 0.9436
Epoch 9/50 - Val Metric: 0.9604
Epoch 10/50 - Train Loss: 0.2541 - Train Metric: 0.9578
Epoch 10/50 - Val Metric: 0.9763
Epoch 11/50 - Train Loss: 0.1792 - Train Metric: 0.9805
Epoch 11/50 - Val Metric: 0.9847
Epoch 12/50 - Train Loss: 0.1591 - Train Metric: 0.9844
Epoch 12/50 - Val Metric: 0.9930
Epoch 13/50 - Train Loss: 0.1313 - Train Metric: 0.9893
Epoch 13/50 - Val Metric: 0.9938
Epoch 14/50 - Train Loss: 0.1053 - Train Metric: 0.9931
Epoch 14/50 - Val Metric: 0.9887
Epoch 15/50 - Train Loss: 0.1105 - Train Metric: 0.9925
Epoch 15/50 - Val Metric: 0.9954
Epoch 16/50 - Train Loss: 0.1069 - Train Metric: 0.9931
Epoch 16/50 - Val Metric: 0.9971
Epoch 17/50 - Train Loss: 0.0828 - Train Metric: 0.9958
Epoch 17/50 - Val Metric: 0.9968
Epoch 18/50 - Train Loss: 0.0874 - Train Metric: 0.9953
Epoch 18/50 - Val Metric: 0.9969
Epoch 19/50 - Train Loss: 0.0918 - Train Metric: 0.9947
Epoch 19/50 - Val Metric: 0.9979
Epoch 20/50 - Train Loss: 0.0822 - Train Metric: 0.9959
Epoch 20/50 - Val Metric: 0.9942
Epoch 21/50 - Train Loss: 0.0890 - Train Metric: 0.9950
Epoch 21/50 - Val Metric: 0.9985
Epoch 22/50 - Train Loss: 0.0820 - Train Metric: 0.9957
Epoch 22/50 - Val Metric: 0.9973
Epoch 23/50 - Train Loss: 0.0798 - Train Metric: 0.9961
Epoch 23/50 - Val Metric: 0.9978
Epoch 24/50 - Train Loss: 0.0662 - Train Metric: 0.9973
Epoch 24/50 - Val Metric: 0.9981
Epoch 25/50 - Train Loss: 0.0660 - Train Metric: 0.9973
Epoch 25/50 - Val Metric: 0.9983
Epoch 26/50 - Train Loss: 0.0563 - Train Metric: 0.9980
Epoch 26/50 - Val Metric: 0.9978
Epoch 27/50 - Train Loss: 0.0739 - Train Metric: 0.9965
Epoch 27/50 - Val Metric: 0.9988
Epoch 28/50 - Train Loss: 0.0625 - Train Metric: 0.9974
Epoch 28/50 - Val Metric: 0.9977
Epoch 29/50 - Train Loss: 0.0596 - Train Metric: 0.9978
Epoch 29/50 - Val Metric: 0.9989
Epoch 30/50 - Train Loss: 0.0565 - Train Metric: 0.9980
Epoch 30/50 - Val Metric: 0.9988
Epoch 31/50 - Train Loss: 0.0535 - Train Metric: 0.9983
Epoch 31/50 - Val Metric: 0.9960
Epoch 32/50 - Train Loss: 0.0493 - Train Metric: 0.9985
Epoch 32/50 - Val Metric: 0.9984
Epoch 33/50 - Train Loss: 0.0548 - Train Metric: 0.9982
Epoch 33/50 - Val Metric: 0.9982
Epoch 34/50 - Train Loss: 0.0443 - Train Metric: 0.9988
Epoch 34/50 - Val Metric: 0.9995
Epoch 35/50 - Train Loss: 0.0524 - Train Metric: 0.9983
Epoch 35/50 - Val Metric: 0.9987
Epoch 36/50 - Train Loss: 0.0534 - Train Metric: 0.9983
Epoch 36/50 - Val Metric: 0.9993
Epoch 37/50 - Train Loss: 0.0563 - Train Metric: 0.9980
Epoch 37/50 - Val Metric: 0.9990
Epoch 38/50 - Train Loss: 0.0628 - Train Metric: 0.9976
Epoch 38/50 - Val Metric: 0.9974
Epoch 39/50 - Train Loss: 0.0556 - Train Metric: 0.9981
Epoch 39/50 - Val Metric: 0.9991
Epoch 40/50 - Train Loss: 0.0505 - Train Metric: 0.9985
Epoch 40/50 - Val Metric: 0.9970
Epoch 41/50 - Train Loss: 0.0480 - Train Metric: 0.9986
Epoch 41/50 - Val Metric: 0.9980
Epoch 42/50 - Train Loss: 0.0567 - Train Metric: 0.9981
Epoch 42/50 - Val Metric: 0.9985
Epoch 43/50 - Train Loss: 0.0421 - Train Metric: 0.9989
Epoch 43/50 - Val Metric: 0.9990
Epoch 44/50 - Train Loss: 0.0490 - Train Metric: 0.9985
Epoch 44/50 - Val Metric: 0.9991
Epoch 45/50 - Train Loss: 0.0506 - Train Metric: 0.9984
Epoch 45/50 - Val Metric: 0.9992
Epoch 46/50 - Train Loss: 0.0468 - Train Metric: 0.9987
Epoch 46/50 - Val Metric: 0.9990
Epoch 47/50 - Train Loss: 0.0411 - Train Metric: 0.9989
Epoch 47/50 - Val Metric: 0.9987
Epoch 48/50 - Train Loss: 0.0423 - Train Metric: 0.9989
Epoch 48/50 - Val Metric: 0.9992
Epoch 49/50 - Train Loss: 0.0491 - Train Metric: 0.9985
Epoch 49/50 - Val Metric: 0.9992
Epoch 50/50 - Train Loss: 0.0515 - Train Metric: 0.9980
Epoch 50/50 - Val Metric: 0.9991
Best val: 0.9995, Best test: 0.9994
Training set has 8065 instances
Validation set has 1008 instances
Test set has 1009 instances
Training set has 8065 instances
Validation set has 1008 instances
Test set has 1009 instances
Epoch 1/50 - Train Loss: 0.6998 - Train Metric: 0.4941
Epoch 1/50 - Val Metric: 0.9170
Epoch 2/50 - Train Loss: 0.6956 - Train Metric: 0.4956
Epoch 2/50 - Val Metric: 0.9257
Epoch 3/50 - Train Loss: 0.6963 - Train Metric: 0.5005
Epoch 3/50 - Val Metric: 0.9218
Epoch 4/50 - Train Loss: 0.6942 - Train Metric: 0.5058
Epoch 4/50 - Val Metric: 0.9156
Epoch 5/50 - Train Loss: 0.5112 - Train Metric: 0.8213
Epoch 5/50 - Val Metric: 0.9695
Epoch 6/50 - Train Loss: 0.2156 - Train Metric: 0.9719
Epoch 6/50 - Val Metric: 0.9872
Epoch 7/50 - Train Loss: 0.1558 - Train Metric: 0.9856
Epoch 7/50 - Val Metric: 0.9906
Epoch 8/50 - Train Loss: 0.1450 - Train Metric: 0.9865
Epoch 8/50 - Val Metric: 0.9897
Epoch 9/50 - Train Loss: 0.1352 - Train Metric: 0.9884
Epoch 9/50 - Val Metric: 0.9925
Epoch 10/50 - Train Loss: 0.1316 - Train Metric: 0.9895
Epoch 10/50 - Val Metric: 0.9921
Epoch 11/50 - Train Loss: 0.1192 - Train Metric: 0.9910
Epoch 11/50 - Val Metric: 0.9935
Epoch 12/50 - Train Loss: 0.1121 - Train Metric: 0.9923
Epoch 12/50 - Val Metric: 0.9955
Epoch 13/50 - Train Loss: 0.1007 - Train Metric: 0.9938
Epoch 13/50 - Val Metric: 0.9958
Epoch 14/50 - Train Loss: 0.0985 - Train Metric: 0.9942
Epoch 14/50 - Val Metric: 0.9955
Epoch 15/50 - Train Loss: 0.0876 - Train Metric: 0.9954
Epoch 15/50 - Val Metric: 0.9973
Epoch 16/50 - Train Loss: 0.0806 - Train Metric: 0.9961
Epoch 16/50 - Val Metric: 0.9976
Epoch 17/50 - Train Loss: 0.0713 - Train Metric: 0.9969
Epoch 17/50 - Val Metric: 0.9979
Epoch 18/50 - Train Loss: 0.0672 - Train Metric: 0.9973
Epoch 18/50 - Val Metric: 0.9984
Epoch 19/50 - Train Loss: 0.0629 - Train Metric: 0.9976
Epoch 19/50 - Val Metric: 0.9983
Epoch 20/50 - Train Loss: 0.0637 - Train Metric: 0.9976
Epoch 20/50 - Val Metric: 0.9977
Epoch 21/50 - Train Loss: 0.0580 - Train Metric: 0.9980
Epoch 21/50 - Val Metric: 0.9982
Epoch 22/50 - Train Loss: 0.0583 - Train Metric: 0.9979
Epoch 22/50 - Val Metric: 0.9935
Epoch 23/50 - Train Loss: 0.0574 - Train Metric: 0.9980
Epoch 23/50 - Val Metric: 0.9974
Epoch 24/50 - Train Loss: 0.0515 - Train Metric: 0.9984
Epoch 24/50 - Val Metric: 0.9984
Epoch 25/50 - Train Loss: 0.0525 - Train Metric: 0.9983
Epoch 25/50 - Val Metric: 0.9983
Epoch 26/50 - Train Loss: 0.0540 - Train Metric: 0.9982
Epoch 26/50 - Val Metric: 0.9985
Epoch 27/50 - Train Loss: 0.0490 - Train Metric: 0.9985
Epoch 27/50 - Val Metric: 0.9971
Epoch 28/50 - Train Loss: 0.0504 - Train Metric: 0.9985
Epoch 28/50 - Val Metric: 0.9978
Epoch 29/50 - Train Loss: 0.0462 - Train Metric: 0.9987
Epoch 29/50 - Val Metric: 0.9967
Training set has 8065 instances
Validation set has 1008 instances
Test set has 1009 instances
Training set has 8065 instances
Validation set has 1008 instances
Test set has 1009 instances
Training set has 8065 instances
Validation set has 1008 instances
Test set has 1009 instances
Epoch 1/50 - Train Loss: 0.6978 - Train Metric: 0.5075
Epoch 1/50 - Val Metric: 0.9225
Epoch 2/50 - Train Loss: 0.6918 - Train Metric: 0.5267
Epoch 2/50 - Val Metric: 0.8997
Epoch 3/50 - Train Loss: 0.4026 - Train Metric: 0.8993
Epoch 3/50 - Val Metric: 0.9743
Epoch 4/50 - Train Loss: 0.2032 - Train Metric: 0.9739
Epoch 4/50 - Val Metric: 0.9893
Epoch 5/50 - Train Loss: 0.1643 - Train Metric: 0.9830
Epoch 5/50 - Val Metric: 0.9915
Epoch 6/50 - Train Loss: 0.1452 - Train Metric: 0.9867
Epoch 6/50 - Val Metric: 0.9906
Epoch 7/50 - Train Loss: 0.1463 - Train Metric: 0.9871
Epoch 7/50 - Val Metric: 0.9955
Epoch 8/50 - Train Loss: 0.1104 - Train Metric: 0.9928
Epoch 8/50 - Val Metric: 0.9908
Epoch 9/50 - Train Loss: 0.1137 - Train Metric: 0.9920
Epoch 9/50 - Val Metric: 0.9951
Epoch 10/50 - Train Loss: 0.0943 - Train Metric: 0.9946
Epoch 10/50 - Val Metric: 0.9948
Epoch 11/50 - Train Loss: 0.0826 - Train Metric: 0.9958
Epoch 11/50 - Val Metric: 0.9966
Epoch 12/50 - Train Loss: 0.0930 - Train Metric: 0.9947
Epoch 12/50 - Val Metric: 0.9976
Epoch 13/50 - Train Loss: 0.0851 - Train Metric: 0.9956
Epoch 13/50 - Val Metric: 0.9951
Epoch 14/50 - Train Loss: 0.0754 - Train Metric: 0.9965
Epoch 14/50 - Val Metric: 0.9971
Epoch 15/50 - Train Loss: 0.0730 - Train Metric: 0.9967
Epoch 15/50 - Val Metric: 0.9984
Epoch 16/50 - Train Loss: 0.0662 - Train Metric: 0.9974
Epoch 16/50 - Val Metric: 0.9985
Epoch 17/50 - Train Loss: 0.0675 - Train Metric: 0.9972
Epoch 17/50 - Val Metric: 0.9969
Epoch 18/50 - Train Loss: 0.0610 - Train Metric: 0.9978
Epoch 18/50 - Val Metric: 0.9986
Epoch 19/50 - Train Loss: 0.0573 - Train Metric: 0.9980
Epoch 19/50 - Val Metric: 0.9988
Epoch 20/50 - Train Loss: 0.0555 - Train Metric: 0.9982
Epoch 20/50 - Val Metric: 0.9981
Epoch 21/50 - Train Loss: 0.0534 - Train Metric: 0.9982
Epoch 21/50 - Val Metric: 0.9982
Epoch 22/50 - Train Loss: 0.0527 - Train Metric: 0.9984
Epoch 22/50 - Val Metric: 0.9983
Epoch 23/50 - Train Loss: 0.0498 - Train Metric: 0.9985
Epoch 23/50 - Val Metric: 0.9986
Epoch 24/50 - Train Loss: 0.0491 - Train Metric: 0.9984
Epoch 24/50 - Val Metric: 0.9986
Epoch 25/50 - Train Loss: 0.0525 - Train Metric: 0.9983
Epoch 25/50 - Val Metric: 0.9985
Epoch 26/50 - Train Loss: 0.0526 - Train Metric: 0.9983
Epoch 26/50 - Val Metric: 0.9986
Epoch 27/50 - Train Loss: 0.0462 - Train Metric: 0.9987
Epoch 27/50 - Val Metric: 0.9987
Epoch 28/50 - Train Loss: 0.0433 - Train Metric: 0.9989
Epoch 28/50 - Val Metric: 0.9992
Epoch 29/50 - Train Loss: 0.0429 - Train Metric: 0.9989
Epoch 29/50 - Val Metric: 0.9993
Epoch 30/50 - Train Loss: 0.0427 - Train Metric: 0.9989
Epoch 30/50 - Val Metric: 0.9996
Epoch 31/50 - Train Loss: 0.0454 - Train Metric: 0.9987
Epoch 31/50 - Val Metric: 0.9995
Epoch 32/50 - Train Loss: 0.0432 - Train Metric: 0.9989
Epoch 32/50 - Val Metric: 0.9997
Epoch 33/50 - Train Loss: 0.0395 - Train Metric: 0.9990
Epoch 33/50 - Val Metric: 0.9988
Epoch 34/50 - Train Loss: 0.0531 - Train Metric: 0.9983
Epoch 34/50 - Val Metric: 0.9977
Epoch 35/50 - Train Loss: 0.0429 - Train Metric: 0.9989
Epoch 35/50 - Val Metric: 0.9993
Epoch 36/50 - Train Loss: 0.0384 - Train Metric: 0.9991
Epoch 36/50 - Val Metric: 0.9993
Epoch 37/50 - Train Loss: 0.0390 - Train Metric: 0.9991
Epoch 37/50 - Val Metric: 0.9994
Epoch 38/50 - Train Loss: 0.0406 - Train Metric: 0.9990
Epoch 38/50 - Val Metric: 0.9994
Epoch 39/50 - Train Loss: 0.0431 - Train Metric: 0.9989
Epoch 39/50 - Val Metric: 0.9995
Epoch 40/50 - Train Loss: 0.0371 - Train Metric: 0.9992
Epoch 40/50 - Val Metric: 0.9994
Epoch 41/50 - Train Loss: 0.0382 - Train Metric: 0.9991
Epoch 41/50 - Val Metric: 0.9983
Epoch 42/50 - Train Loss: 0.0396 - Train Metric: 0.9990
Epoch 42/50 - Val Metric: 0.9996
Epoch 43/50 - Train Loss: 0.0352 - Train Metric: 0.9992
Epoch 43/50 - Val Metric: 0.9994
Epoch 44/50 - Train Loss: 0.0372 - Train Metric: 0.9991
Epoch 44/50 - Val Metric: 0.9996
Epoch 45/50 - Train Loss: 0.0390 - Train Metric: 0.9991
Epoch 45/50 - Val Metric: 0.9997
Epoch 46/50 - Train Loss: 0.0356 - Train Metric: 0.9993
Epoch 46/50 - Val Metric: 0.9996
Epoch 47/50 - Train Loss: 0.0379 - Train Metric: 0.9991
Epoch 47/50 - Val Metric: 0.9996
Epoch 48/50 - Train Loss: 0.0344 - Train Metric: 0.9993
Epoch 48/50 - Val Metric: 0.9993
Epoch 49/50 - Train Loss: 0.0349 - Train Metric: 0.9993
Epoch 49/50 - Val Metric: 0.9995
Epoch 50/50 - Train Loss: 0.0357 - Train Metric: 0.9992
Epoch 50/50 - Val Metric: 0.9996
Best val: 0.9997, Best test: 0.9991
Training set has 8065 instances
Validation set has 1008 instances
Test set has 1009 instances
Epoch 1/50 - Train Loss: 0.7015 - Train Metric: 0.5022
Epoch 1/50 - Val Metric: 0.9043
Epoch 2/50 - Train Loss: 0.6950 - Train Metric: 0.4992
Epoch 2/50 - Val Metric: 0.8998
Epoch 3/50 - Train Loss: 0.6947 - Train Metric: 0.5038
Epoch 3/50 - Val Metric: 0.8970
Training set has 8065 instances
Validation set has 1008 instances
Test set has 1009 instances
Epoch 1/50 - Train Loss: 0.7017 - Train Metric: 0.4984
Epoch 1/50 - Val Metric: 0.8981
Epoch 2/50 - Train Loss: 0.6954 - Train Metric: 0.4961
Epoch 2/50 - Val Metric: 0.9025
Epoch 3/50 - Train Loss: 0.6954 - Train Metric: 0.5003
Epoch 3/50 - Val Metric: 0.9017
Training set has 8065 instances
Validation set has 1008 instances
Test set has 1009 instances
Epoch 1/50 - Train Loss: 0.7035 - Train Metric: 0.5105
Epoch 1/50 - Val Metric: 0.9064
Epoch 2/50 - Train Loss: 0.6941 - Train Metric: 0.5048
Epoch 2/50 - Val Metric: 0.9045
Epoch 3/50 - Train Loss: 0.6963 - Train Metric: 0.5063
Epoch 3/50 - Val Metric: 0.8977
Training set has 8065 instances
Validation set has 1008 instances
Test set has 1009 instances
Training set has 8065 instances
Validation set has 1008 instances
Test set has 1009 instances
Epoch 1/50 - Train Loss: 0.7039 - Train Metric: 0.4897
Epoch 1/50 - Val Metric: 0.8894
Epoch 2/50 - Train Loss: 0.6974 - Train Metric: 0.5024
Epoch 2/50 - Val Metric: 0.9170
Epoch 3/50 - Train Loss: 0.6959 - Train Metric: 0.4889
Epoch 3/50 - Val Metric: 0.8949
Epoch 4/50 - Train Loss: 0.6957 - Train Metric: 0.5092
Epoch 4/50 - Val Metric: 0.9204
Epoch 5/50 - Train Loss: 0.6963 - Train Metric: 0.5033
Epoch 5/50 - Val Metric: 0.9038
Epoch 6/50 - Train Loss: 0.6941 - Train Metric: 0.4923
Epoch 6/50 - Val Metric: 0.9139
Epoch 7/50 - Train Loss: 0.6959 - Train Metric: 0.5038
Epoch 7/50 - Val Metric: 0.9247
Training set has 8065 instances
Validation set has 1008 instances
Test set has 1009 instances
Training set has 8065 instances
Validation set has 1008 instances
Test set has 1009 instances
Training set has 8065 instances
Validation set has 1008 instances
Test set has 1009 instances
Epoch 1/50 - Train Loss: 0.7058 - Train Metric: 0.5013
Epoch 1/50 - Val Metric: 0.8903
Training set has 8065 instances
Validation set has 1008 instances
Test set has 1009 instances
Training set has 8065 instances
Validation set has 1008 instances
Test set has 1009 instances
Epoch 1/50 - Train Loss: 0.6993 - Train Metric: 0.5042
Epoch 1/50 - Val Metric: 0.9255
Epoch 2/50 - Train Loss: 0.6940 - Train Metric: 0.5179
Epoch 2/50 - Val Metric: 0.9295
Epoch 3/50 - Train Loss: 0.6953 - Train Metric: 0.5544
Epoch 3/50 - Val Metric: 0.8723
Epoch 4/50 - Train Loss: 0.5466 - Train Metric: 0.7719
Epoch 4/50 - Val Metric: 0.9449
Epoch 5/50 - Train Loss: 0.2792 - Train Metric: 0.9510
Epoch 5/50 - Val Metric: 0.9840
Epoch 6/50 - Train Loss: 0.2000 - Train Metric: 0.9765
Epoch 6/50 - Val Metric: 0.9923
Epoch 7/50 - Train Loss: 0.1434 - Train Metric: 0.9874
Epoch 7/50 - Val Metric: 0.9957
Epoch 8/50 - Train Loss: 0.1289 - Train Metric: 0.9894
Epoch 8/50 - Val Metric: 0.9956
Epoch 9/50 - Train Loss: 0.1005 - Train Metric: 0.9933
Epoch 9/50 - Val Metric: 0.9977
Epoch 10/50 - Train Loss: 0.0867 - Train Metric: 0.9949
Epoch 10/50 - Val Metric: 0.9986
Epoch 11/50 - Train Loss: 0.0710 - Train Metric: 0.9962
Epoch 11/50 - Val Metric: 0.9988
Epoch 12/50 - Train Loss: 0.0652 - Train Metric: 0.9967
Epoch 12/50 - Val Metric: 0.9983
Epoch 13/50 - Train Loss: 0.0645 - Train Metric: 0.9965
Epoch 13/50 - Val Metric: 0.9986
Epoch 14/50 - Train Loss: 0.0564 - Train Metric: 0.9974
Epoch 14/50 - Val Metric: 0.9993
Epoch 15/50 - Train Loss: 0.0511 - Train Metric: 0.9975
Epoch 15/50 - Val Metric: 0.9995
Epoch 16/50 - Train Loss: 0.0526 - Train Metric: 0.9973
Epoch 16/50 - Val Metric: 0.9992
Epoch 17/50 - Train Loss: 0.0482 - Train Metric: 0.9976
Epoch 17/50 - Val Metric: 0.9989
Epoch 18/50 - Train Loss: 0.0456 - Train Metric: 0.9977
Epoch 18/50 - Val Metric: 0.9995
Epoch 19/50 - Train Loss: 0.0429 - Train Metric: 0.9976
Epoch 19/50 - Val Metric: 0.9991
Epoch 20/50 - Train Loss: 0.0400 - Train Metric: 0.9978
Epoch 20/50 - Val Metric: 0.9996
Epoch 21/50 - Train Loss: 0.0402 - Train Metric: 0.9979
Epoch 21/50 - Val Metric: 0.9995
Epoch 22/50 - Train Loss: 0.0384 - Train Metric: 0.9981
Epoch 22/50 - Val Metric: 0.9995
Epoch 23/50 - Train Loss: 0.0391 - Train Metric: 0.9980
Epoch 23/50 - Val Metric: 0.9996
Epoch 24/50 - Train Loss: 0.0367 - Train Metric: 0.9982
Epoch 24/50 - Val Metric: 0.9994
Epoch 25/50 - Train Loss: 0.0383 - Train Metric: 0.9982
Epoch 25/50 - Val Metric: 0.9995
Epoch 26/50 - Train Loss: 0.0368 - Train Metric: 0.9982
Epoch 26/50 - Val Metric: 0.9997
Epoch 27/50 - Train Loss: 0.0355 - Train Metric: 0.9982
Epoch 27/50 - Val Metric: 0.9995
Epoch 28/50 - Train Loss: 0.0365 - Train Metric: 0.9982
Epoch 28/50 - Val Metric: 0.9996
Epoch 29/50 - Train Loss: 0.0342 - Train Metric: 0.9985
Epoch 29/50 - Val Metric: 0.9994
Epoch 30/50 - Train Loss: 0.0335 - Train Metric: 0.9984
Epoch 30/50 - Val Metric: 0.9995
Epoch 31/50 - Train Loss: 0.0360 - Train Metric: 0.9983
Epoch 31/50 - Val Metric: 0.9996
Epoch 32/50 - Train Loss: 0.0327 - Train Metric: 0.9985
Epoch 32/50 - Val Metric: 0.9996
Epoch 33/50 - Train Loss: 0.0326 - Train Metric: 0.9985
Epoch 33/50 - Val Metric: 0.9996
Epoch 34/50 - Train Loss: 0.0330 - Train Metric: 0.9984
Epoch 34/50 - Val Metric: 0.9996
Epoch 35/50 - Train Loss: 0.0331 - Train Metric: 0.9984
Epoch 35/50 - Val Metric: 0.9995
Epoch 36/50 - Train Loss: 0.0322 - Train Metric: 0.9984
Epoch 36/50 - Val Metric: 0.9996
Epoch 37/50 - Train Loss: 0.0326 - Train Metric: 0.9985
Epoch 37/50 - Val Metric: 0.9996
Epoch 38/50 - Train Loss: 0.0323 - Train Metric: 0.9985
Epoch 38/50 - Val Metric: 0.9996
Epoch 39/50 - Train Loss: 0.0313 - Train Metric: 0.9985
Epoch 39/50 - Val Metric: 0.9996
Epoch 40/50 - Train Loss: 0.0313 - Train Metric: 0.9985
Epoch 40/50 - Val Metric: 0.9997
Epoch 41/50 - Train Loss: 0.0312 - Train Metric: 0.9986
Epoch 41/50 - Val Metric: 0.9997
Epoch 42/50 - Train Loss: 0.0313 - Train Metric: 0.9985
Epoch 42/50 - Val Metric: 0.9997
Epoch 43/50 - Train Loss: 0.0311 - Train Metric: 0.9985
Epoch 43/50 - Val Metric: 0.9996
Epoch 44/50 - Train Loss: 0.0307 - Train Metric: 0.9985
Epoch 44/50 - Val Metric: 0.9996
Epoch 45/50 - Train Loss: 0.0310 - Train Metric: 0.9985
Epoch 45/50 - Val Metric: 0.9997
Epoch 46/50 - Train Loss: 0.0302 - Train Metric: 0.9986
Epoch 46/50 - Val Metric: 0.9996
Epoch 47/50 - Train Loss: 0.0306 - Train Metric: 0.9986
Epoch 47/50 - Val Metric: 0.9997
Epoch 48/50 - Train Loss: 0.0305 - Train Metric: 0.9986
Epoch 48/50 - Val Metric: 0.9997
Epoch 49/50 - Train Loss: 0.0307 - Train Metric: 0.9986
Epoch 49/50 - Val Metric: 0.9996
Epoch 50/50 - Train Loss: 0.0305 - Train Metric: 0.9986
Epoch 50/50 - Val Metric: 0.9996
Best val: 0.9997, Best test: 0.9970
Hyper-parameter search done. Found the best config.
Repeat experiments 5 times with the best train config {'batch_size': 128, 'gamma_rate': 1.0, 'base_lr': 0.001} and model config {'num_heads': 4, 'num_layers': 6, 'num_latents': 4, 'hidden_dim': 64, 'mlp_ratio': 2, 'dropout_prob': 0, 'top_k': 1}.
Training set has 8065 instances
Validation set has 1008 instances
Test set has 1009 instances
Epoch 1/50 - Train Loss: 0.7042 - Train Metric: 0.5141
Epoch 1/50 - Val Metric: 0.8692
Epoch 2/50 - Train Loss: 0.6948 - Train Metric: 0.5043
Epoch 2/50 - Val Metric: 0.8691
Epoch 3/50 - Train Loss: 0.6968 - Train Metric: 0.5132
Epoch 3/50 - Val Metric: 0.8737
Epoch 4/50 - Train Loss: 0.6951 - Train Metric: 0.5161
Epoch 4/50 - Val Metric: 0.8875
Epoch 5/50 - Train Loss: 0.6936 - Train Metric: 0.5423
Epoch 5/50 - Val Metric: 0.9419
Epoch 6/50 - Train Loss: 0.6925 - Train Metric: 0.5262
Epoch 6/50 - Val Metric: 0.9404
Epoch 7/50 - Train Loss: 0.2966 - Train Metric: 0.9466
Epoch 7/50 - Val Metric: 0.9868
Epoch 8/50 - Train Loss: 0.1552 - Train Metric: 0.9856
Epoch 8/50 - Val Metric: 0.9904
Epoch 9/50 - Train Loss: 0.1307 - Train Metric: 0.9896
Epoch 9/50 - Val Metric: 0.9916
Epoch 10/50 - Train Loss: 0.1284 - Train Metric: 0.9898
Epoch 10/50 - Val Metric: 0.9896
Epoch 11/50 - Train Loss: 0.1232 - Train Metric: 0.9906
Epoch 11/50 - Val Metric: 0.9928
Epoch 12/50 - Train Loss: 0.1102 - Train Metric: 0.9927
Epoch 12/50 - Val Metric: 0.9940
Epoch 13/50 - Train Loss: 0.1163 - Train Metric: 0.9918
Epoch 13/50 - Val Metric: 0.9962
Epoch 14/50 - Train Loss: 0.1067 - Train Metric: 0.9932
Epoch 14/50 - Val Metric: 0.9959
Epoch 15/50 - Train Loss: 0.0841 - Train Metric: 0.9956
Epoch 15/50 - Val Metric: 0.9964
Epoch 16/50 - Train Loss: 0.0882 - Train Metric: 0.9953
Epoch 16/50 - Val Metric: 0.9974
Epoch 17/50 - Train Loss: 0.0821 - Train Metric: 0.9958
Epoch 17/50 - Val Metric: 0.9981
Epoch 18/50 - Train Loss: 0.0740 - Train Metric: 0.9967
Epoch 18/50 - Val Metric: 0.9979
Epoch 19/50 - Train Loss: 0.0915 - Train Metric: 0.9948
Epoch 19/50 - Val Metric: 0.9951
Epoch 20/50 - Train Loss: 0.0817 - Train Metric: 0.9959
Epoch 20/50 - Val Metric: 0.9974
Epoch 21/50 - Train Loss: 0.0743 - Train Metric: 0.9966
Epoch 21/50 - Val Metric: 0.9979
Epoch 22/50 - Train Loss: 0.0697 - Train Metric: 0.9970
Epoch 22/50 - Val Metric: 0.9983
Epoch 23/50 - Train Loss: 0.0625 - Train Metric: 0.9976
Epoch 23/50 - Val Metric: 0.9974
Epoch 24/50 - Train Loss: 0.0770 - Train Metric: 0.9963
Epoch 24/50 - Val Metric: 0.9968
Epoch 25/50 - Train Loss: 0.0637 - Train Metric: 0.9975
Epoch 25/50 - Val Metric: 0.9978
Epoch 26/50 - Train Loss: 0.0730 - Train Metric: 0.9968
Epoch 26/50 - Val Metric: 0.9974
Epoch 27/50 - Train Loss: 0.0620 - Train Metric: 0.9975
Epoch 27/50 - Val Metric: 0.9980
Epoch 28/50 - Train Loss: 0.0619 - Train Metric: 0.9976
Epoch 28/50 - Val Metric: 0.9977
Epoch 29/50 - Train Loss: 0.0693 - Train Metric: 0.9970
Epoch 29/50 - Val Metric: 0.9973
Epoch 30/50 - Train Loss: 0.0644 - Train Metric: 0.9974
Epoch 30/50 - Val Metric: 0.9983
Epoch 31/50 - Train Loss: 0.0657 - Train Metric: 0.9974
Epoch 31/50 - Val Metric: 0.9980
Epoch 32/50 - Train Loss: 0.0589 - Train Metric: 0.9979
Epoch 32/50 - Val Metric: 0.9981
Epoch 33/50 - Train Loss: 0.0600 - Train Metric: 0.9977
Epoch 33/50 - Val Metric: 0.9980
Epoch 34/50 - Train Loss: 0.0598 - Train Metric: 0.9978
Epoch 34/50 - Val Metric: 0.9978
Epoch 35/50 - Train Loss: 0.0618 - Train Metric: 0.9976
Epoch 35/50 - Val Metric: 0.9982
Epoch 36/50 - Train Loss: 0.0688 - Train Metric: 0.9970
Epoch 36/50 - Val Metric: 0.9981
Epoch 37/50 - Train Loss: 0.0622 - Train Metric: 0.9976
Epoch 37/50 - Val Metric: 0.9984
Epoch 38/50 - Train Loss: 0.0619 - Train Metric: 0.9976
Epoch 38/50 - Val Metric: 0.9986
Epoch 39/50 - Train Loss: 0.0579 - Train Metric: 0.9979
Epoch 39/50 - Val Metric: 0.9984
Epoch 40/50 - Train Loss: 0.0530 - Train Metric: 0.9982
Epoch 40/50 - Val Metric: 0.9987
Epoch 41/50 - Train Loss: 0.0498 - Train Metric: 0.9985
Epoch 41/50 - Val Metric: 0.9972
Epoch 42/50 - Train Loss: 0.0641 - Train Metric: 0.9975
Epoch 42/50 - Val Metric: 0.9987
Epoch 43/50 - Train Loss: 0.0494 - Train Metric: 0.9985
Epoch 43/50 - Val Metric: 0.9982
Epoch 44/50 - Train Loss: 0.0538 - Train Metric: 0.9982
Epoch 44/50 - Val Metric: 0.9987
Epoch 45/50 - Train Loss: 0.0478 - Train Metric: 0.9986
Epoch 45/50 - Val Metric: 0.9988
Epoch 46/50 - Train Loss: 0.0507 - Train Metric: 0.9984
Epoch 46/50 - Val Metric: 0.9988
Epoch 47/50 - Train Loss: 0.0540 - Train Metric: 0.9982
Epoch 47/50 - Val Metric: 0.9984
Epoch 48/50 - Train Loss: 0.0535 - Train Metric: 0.9982
Epoch 48/50 - Val Metric: 0.9987
Epoch 49/50 - Train Loss: 0.0434 - Train Metric: 0.9988
Epoch 49/50 - Val Metric: 0.9985
Epoch 50/50 - Train Loss: 0.0482 - Train Metric: 0.9985
Epoch 50/50 - Val Metric: 0.9977
Best val: 0.9988, Best test: 0.9990
Training set has 8065 instances
Validation set has 1008 instances
Test set has 1009 instances
Epoch 1/50 - Train Loss: 0.7009 - Train Metric: 0.5030
Epoch 1/50 - Val Metric: 0.8292
Epoch 2/50 - Train Loss: 0.6959 - Train Metric: 0.4976
Epoch 2/50 - Val Metric: 0.8545
Epoch 3/50 - Train Loss: 0.6944 - Train Metric: 0.5070
Epoch 3/50 - Val Metric: 0.8489
Epoch 4/50 - Train Loss: 0.6948 - Train Metric: 0.5109
Epoch 4/50 - Val Metric: 0.8434
Epoch 5/50 - Train Loss: 0.6835 - Train Metric: 0.5567
Epoch 5/50 - Val Metric: 0.8596
Epoch 6/50 - Train Loss: 0.3973 - Train Metric: 0.8981
Epoch 6/50 - Val Metric: 0.9828
Epoch 7/50 - Train Loss: 0.1698 - Train Metric: 0.9815
Epoch 7/50 - Val Metric: 0.9907
Epoch 8/50 - Train Loss: 0.1567 - Train Metric: 0.9843
Epoch 8/50 - Val Metric: 0.9909
Epoch 9/50 - Train Loss: 0.1367 - Train Metric: 0.9873
Epoch 9/50 - Val Metric: 0.9902
Epoch 10/50 - Train Loss: 0.1160 - Train Metric: 0.9916
Epoch 10/50 - Val Metric: 0.9956
Epoch 11/50 - Train Loss: 0.1535 - Train Metric: 0.9855
Epoch 11/50 - Val Metric: 0.9920
Epoch 12/50 - Train Loss: 0.1292 - Train Metric: 0.9894
Epoch 12/50 - Val Metric: 0.9920
Epoch 13/50 - Train Loss: 0.1253 - Train Metric: 0.9903
Epoch 13/50 - Val Metric: 0.9938
Epoch 14/50 - Train Loss: 0.1171 - Train Metric: 0.9914
Epoch 14/50 - Val Metric: 0.9949
Epoch 15/50 - Train Loss: 0.0953 - Train Metric: 0.9944
Epoch 15/50 - Val Metric: 0.9958
Epoch 16/50 - Train Loss: 0.0922 - Train Metric: 0.9948
Epoch 16/50 - Val Metric: 0.9964
Epoch 17/50 - Train Loss: 0.0901 - Train Metric: 0.9951
Epoch 17/50 - Val Metric: 0.9975
Epoch 18/50 - Train Loss: 0.0812 - Train Metric: 0.9959
Epoch 18/50 - Val Metric: 0.9973
Epoch 19/50 - Train Loss: 0.0747 - Train Metric: 0.9966
Epoch 19/50 - Val Metric: 0.9984
Epoch 20/50 - Train Loss: 0.0871 - Train Metric: 0.9952
Epoch 20/50 - Val Metric: 0.9962
Epoch 21/50 - Train Loss: 0.0749 - Train Metric: 0.9962
Epoch 21/50 - Val Metric: 0.9964
Epoch 22/50 - Train Loss: 0.0711 - Train Metric: 0.9968
Epoch 22/50 - Val Metric: 0.9977
Epoch 23/50 - Train Loss: 0.0631 - Train Metric: 0.9975
Epoch 23/50 - Val Metric: 0.9980
Epoch 24/50 - Train Loss: 0.0661 - Train Metric: 0.9972
Epoch 24/50 - Val Metric: 0.9989
Epoch 25/50 - Train Loss: 0.0566 - Train Metric: 0.9980
Epoch 25/50 - Val Metric: 0.9991
Epoch 26/50 - Train Loss: 0.0598 - Train Metric: 0.9978
Epoch 26/50 - Val Metric: 0.9981
Epoch 27/50 - Train Loss: 0.0554 - Train Metric: 0.9981
Epoch 27/50 - Val Metric: 0.9973
Epoch 28/50 - Train Loss: 0.0604 - Train Metric: 0.9977
Epoch 28/50 - Val Metric: 0.9985
Epoch 29/50 - Train Loss: 0.0540 - Train Metric: 0.9982
Epoch 29/50 - Val Metric: 0.9993
Epoch 30/50 - Train Loss: 0.0523 - Train Metric: 0.9982
Epoch 30/50 - Val Metric: 0.9987
Epoch 31/50 - Train Loss: 0.0518 - Train Metric: 0.9983
Epoch 31/50 - Val Metric: 0.9989
Epoch 32/50 - Train Loss: 0.0494 - Train Metric: 0.9985
Epoch 32/50 - Val Metric: 0.9977
Epoch 33/50 - Train Loss: 0.0529 - Train Metric: 0.9982
Epoch 33/50 - Val Metric: 0.9990
Epoch 34/50 - Train Loss: 0.0463 - Train Metric: 0.9986
Epoch 34/50 - Val Metric: 0.9989
Epoch 35/50 - Train Loss: 0.0427 - Train Metric: 0.9989
Epoch 35/50 - Val Metric: 0.9978
Epoch 36/50 - Train Loss: 0.0513 - Train Metric: 0.9984
Epoch 36/50 - Val Metric: 0.9983
Epoch 37/50 - Train Loss: 0.0451 - Train Metric: 0.9986
Epoch 37/50 - Val Metric: 0.9990
Epoch 38/50 - Train Loss: 0.0454 - Train Metric: 0.9987
Epoch 38/50 - Val Metric: 0.9988
Epoch 39/50 - Train Loss: 0.0513 - Train Metric: 0.9984
Epoch 39/50 - Val Metric: 0.9973
Epoch 40/50 - Train Loss: 0.0462 - Train Metric: 0.9987
Epoch 40/50 - Val Metric: 0.9988
Epoch 41/50 - Train Loss: 0.0536 - Train Metric: 0.9981
Epoch 41/50 - Val Metric: 0.9988
Epoch 42/50 - Train Loss: 0.0414 - Train Metric: 0.9990
Epoch 42/50 - Val Metric: 0.9990
Epoch 43/50 - Train Loss: 0.0434 - Train Metric: 0.9988
Epoch 43/50 - Val Metric: 0.9991
Epoch 44/50 - Train Loss: 0.0414 - Train Metric: 0.9989
Epoch 44/50 - Val Metric: 0.9988
Epoch 45/50 - Train Loss: 0.0351 - Train Metric: 0.9992
Epoch 45/50 - Val Metric: 0.9992
Epoch 46/50 - Train Loss: 0.0354 - Train Metric: 0.9992
Epoch 46/50 - Val Metric: 0.9984
Epoch 47/50 - Train Loss: 0.0427 - Train Metric: 0.9989
Epoch 47/50 - Val Metric: 0.9989
Epoch 48/50 - Train Loss: 0.0384 - Train Metric: 0.9990
Epoch 48/50 - Val Metric: 0.9993
Epoch 49/50 - Train Loss: 0.0392 - Train Metric: 0.9991
Epoch 49/50 - Val Metric: 0.9990
Epoch 50/50 - Train Loss: 0.0473 - Train Metric: 0.9986
Epoch 50/50 - Val Metric: 0.9982
Best val: 0.9993, Best test: 0.9994
Training set has 8065 instances
Validation set has 1008 instances
Test set has 1009 instances
Epoch 1/50 - Train Loss: 0.7133 - Train Metric: 0.5041
Epoch 1/50 - Val Metric: 0.8458
Epoch 2/50 - Train Loss: 0.6936 - Train Metric: 0.4959
Epoch 2/50 - Val Metric: 0.8849
Epoch 3/50 - Train Loss: 0.6943 - Train Metric: 0.5087
Epoch 3/50 - Val Metric: 0.8942
Epoch 4/50 - Train Loss: 0.6941 - Train Metric: 0.5119
Epoch 4/50 - Val Metric: 0.8970
Epoch 5/50 - Train Loss: 0.6959 - Train Metric: 0.5105
Epoch 5/50 - Val Metric: 0.8938
Epoch 6/50 - Train Loss: 0.6944 - Train Metric: 0.5066
Epoch 6/50 - Val Metric: 0.8974
Epoch 7/50 - Train Loss: 0.6940 - Train Metric: 0.5047
Epoch 7/50 - Val Metric: 0.8944
Epoch 8/50 - Train Loss: 0.6945 - Train Metric: 0.5107
Epoch 8/50 - Val Metric: 0.8811
Epoch 9/50 - Train Loss: 0.6868 - Train Metric: 0.5986
Epoch 9/50 - Val Metric: 0.8325
Epoch 10/50 - Train Loss: 0.6616 - Train Metric: 0.6246
Epoch 10/50 - Val Metric: 0.8275
Epoch 11/50 - Train Loss: 0.5592 - Train Metric: 0.7674
Epoch 11/50 - Val Metric: 0.8428
Epoch 12/50 - Train Loss: 0.3768 - Train Metric: 0.9095
Epoch 12/50 - Val Metric: 0.9791
Epoch 13/50 - Train Loss: 0.1595 - Train Metric: 0.9847
Epoch 13/50 - Val Metric: 0.9869
Epoch 14/50 - Train Loss: 0.1402 - Train Metric: 0.9871
Epoch 14/50 - Val Metric: 0.9888
Epoch 15/50 - Train Loss: 0.1246 - Train Metric: 0.9904
Epoch 15/50 - Val Metric: 0.9898
Epoch 16/50 - Train Loss: 0.1083 - Train Metric: 0.9927
Epoch 16/50 - Val Metric: 0.9896
Epoch 17/50 - Train Loss: 0.1153 - Train Metric: 0.9919
Epoch 17/50 - Val Metric: 0.9912
Epoch 18/50 - Train Loss: 0.1041 - Train Metric: 0.9933
Epoch 18/50 - Val Metric: 0.9932
Epoch 19/50 - Train Loss: 0.0983 - Train Metric: 0.9942
Epoch 19/50 - Val Metric: 0.9918
Epoch 20/50 - Train Loss: 0.0935 - Train Metric: 0.9946
Epoch 20/50 - Val Metric: 0.9937
Epoch 21/50 - Train Loss: 0.0807 - Train Metric: 0.9960
Epoch 21/50 - Val Metric: 0.9949
Epoch 22/50 - Train Loss: 0.0894 - Train Metric: 0.9951
Epoch 22/50 - Val Metric: 0.9940
Epoch 23/50 - Train Loss: 0.0832 - Train Metric: 0.9959
Epoch 23/50 - Val Metric: 0.9955
Epoch 24/50 - Train Loss: 0.1116 - Train Metric: 0.9915
Epoch 24/50 - Val Metric: 0.9929
Epoch 25/50 - Train Loss: 0.0900 - Train Metric: 0.9952
Epoch 25/50 - Val Metric: 0.9958
Epoch 26/50 - Train Loss: 0.0877 - Train Metric: 0.9953
Epoch 26/50 - Val Metric: 0.9913
Epoch 27/50 - Train Loss: 0.0853 - Train Metric: 0.9956
Epoch 27/50 - Val Metric: 0.9955
Epoch 28/50 - Train Loss: 0.0699 - Train Metric: 0.9968
Epoch 28/50 - Val Metric: 0.9944
Epoch 29/50 - Train Loss: 0.0728 - Train Metric: 0.9967
Epoch 29/50 - Val Metric: 0.9945
Epoch 30/50 - Train Loss: 0.0748 - Train Metric: 0.9966
Epoch 30/50 - Val Metric: 0.9940
Epoch 31/50 - Train Loss: 0.0684 - Train Metric: 0.9972
Epoch 31/50 - Val Metric: 0.9972
Epoch 32/50 - Train Loss: 0.0816 - Train Metric: 0.9960
Epoch 32/50 - Val Metric: 0.9946
Epoch 33/50 - Train Loss: 0.0635 - Train Metric: 0.9975
Epoch 33/50 - Val Metric: 0.9967
Epoch 34/50 - Train Loss: 0.0573 - Train Metric: 0.9980
Epoch 34/50 - Val Metric: 0.9971
Epoch 35/50 - Train Loss: 0.0539 - Train Metric: 0.9983
Epoch 35/50 - Val Metric: 0.9960
Epoch 36/50 - Train Loss: 0.0593 - Train Metric: 0.9978
Epoch 36/50 - Val Metric: 0.9966
Epoch 37/50 - Train Loss: 0.0607 - Train Metric: 0.9977
Epoch 37/50 - Val Metric: 0.9975
Epoch 38/50 - Train Loss: 0.0547 - Train Metric: 0.9981
Epoch 38/50 - Val Metric: 0.9961
Epoch 39/50 - Train Loss: 0.0499 - Train Metric: 0.9983
Epoch 39/50 - Val Metric: 0.9973
Epoch 40/50 - Train Loss: 0.0513 - Train Metric: 0.9984
Epoch 40/50 - Val Metric: 0.9963
Epoch 41/50 - Train Loss: 0.0505 - Train Metric: 0.9985
Epoch 41/50 - Val Metric: 0.9978
Epoch 42/50 - Train Loss: 0.0575 - Train Metric: 0.9978
Epoch 42/50 - Val Metric: 0.9968
Epoch 43/50 - Train Loss: 0.0576 - Train Metric: 0.9979
Epoch 43/50 - Val Metric: 0.9968
Epoch 44/50 - Train Loss: 0.0596 - Train Metric: 0.9978
Epoch 44/50 - Val Metric: 0.9960
Epoch 45/50 - Train Loss: 0.0558 - Train Metric: 0.9981
Epoch 45/50 - Val Metric: 0.9972
Epoch 46/50 - Train Loss: 0.0483 - Train Metric: 0.9986
Epoch 46/50 - Val Metric: 0.9971
Epoch 47/50 - Train Loss: 0.0432 - Train Metric: 0.9988
Epoch 47/50 - Val Metric: 0.9968
Epoch 48/50 - Train Loss: 0.0477 - Train Metric: 0.9986
Epoch 48/50 - Val Metric: 0.9967
Epoch 49/50 - Train Loss: 0.0557 - Train Metric: 0.9981
Epoch 49/50 - Val Metric: 0.9968
Epoch 50/50 - Train Loss: 0.0509 - Train Metric: 0.9984
Epoch 50/50 - Val Metric: 0.9951
Best val: 0.9978, Best test: 0.9989
Training set has 8065 instances
Validation set has 1008 instances
Test set has 1009 instances
Epoch 1/50 - Train Loss: 0.7082 - Train Metric: 0.4959
Epoch 1/50 - Val Metric: 0.8833
Epoch 2/50 - Train Loss: 0.6943 - Train Metric: 0.5016
Epoch 2/50 - Val Metric: 0.8896
Epoch 3/50 - Train Loss: 0.6948 - Train Metric: 0.5053
Epoch 3/50 - Val Metric: 0.8978
Epoch 4/50 - Train Loss: 0.6475 - Train Metric: 0.6324
Epoch 4/50 - Val Metric: 0.9286
Epoch 5/50 - Train Loss: 0.2808 - Train Metric: 0.9521
Epoch 5/50 - Val Metric: 0.9788
Epoch 6/50 - Train Loss: 0.1729 - Train Metric: 0.9821
Epoch 6/50 - Val Metric: 0.9889
Epoch 7/50 - Train Loss: 0.1255 - Train Metric: 0.9901
Epoch 7/50 - Val Metric: 0.9915
Epoch 8/50 - Train Loss: 0.1225 - Train Metric: 0.9905
Epoch 8/50 - Val Metric: 0.9903
Epoch 9/50 - Train Loss: 0.1194 - Train Metric: 0.9911
Epoch 9/50 - Val Metric: 0.9920
Epoch 10/50 - Train Loss: 0.1064 - Train Metric: 0.9923
Epoch 10/50 - Val Metric: 0.9944
Epoch 11/50 - Train Loss: 0.0949 - Train Metric: 0.9946
Epoch 11/50 - Val Metric: 0.9943
Epoch 12/50 - Train Loss: 0.0832 - Train Metric: 0.9959
Epoch 12/50 - Val Metric: 0.9974
Epoch 13/50 - Train Loss: 0.0847 - Train Metric: 0.9957
Epoch 13/50 - Val Metric: 0.9949
Epoch 14/50 - Train Loss: 0.0693 - Train Metric: 0.9972
Epoch 14/50 - Val Metric: 0.9965
Epoch 15/50 - Train Loss: 0.0606 - Train Metric: 0.9978
Epoch 15/50 - Val Metric: 0.9967
Epoch 16/50 - Train Loss: 0.0739 - Train Metric: 0.9967
Epoch 16/50 - Val Metric: 0.9972
Epoch 17/50 - Train Loss: 0.0559 - Train Metric: 0.9980
Epoch 17/50 - Val Metric: 0.9990
Epoch 18/50 - Train Loss: 0.0534 - Train Metric: 0.9983
Epoch 18/50 - Val Metric: 0.9986
Epoch 19/50 - Train Loss: 0.0585 - Train Metric: 0.9979
Epoch 19/50 - Val Metric: 0.9990
Epoch 20/50 - Train Loss: 0.0554 - Train Metric: 0.9979
Epoch 20/50 - Val Metric: 0.9979
Epoch 21/50 - Train Loss: 0.0716 - Train Metric: 0.9966
Epoch 21/50 - Val Metric: 0.9991
Epoch 22/50 - Train Loss: 0.0539 - Train Metric: 0.9981
Epoch 22/50 - Val Metric: 0.9991
Epoch 23/50 - Train Loss: 0.0574 - Train Metric: 0.9979
Epoch 23/50 - Val Metric: 0.9987
Epoch 24/50 - Train Loss: 0.0576 - Train Metric: 0.9980
Epoch 24/50 - Val Metric: 0.9991
Epoch 25/50 - Train Loss: 0.0488 - Train Metric: 0.9985
Epoch 25/50 - Val Metric: 0.9974
Epoch 26/50 - Train Loss: 0.0517 - Train Metric: 0.9984
Epoch 26/50 - Val Metric: 0.9989
Epoch 27/50 - Train Loss: 0.0471 - Train Metric: 0.9986
Epoch 27/50 - Val Metric: 0.9991
Epoch 28/50 - Train Loss: 0.0586 - Train Metric: 0.9979
Epoch 28/50 - Val Metric: 0.9990
Epoch 29/50 - Train Loss: 0.0407 - Train Metric: 0.9990
Epoch 29/50 - Val Metric: 0.9998
Epoch 30/50 - Train Loss: 0.0424 - Train Metric: 0.9989
Epoch 30/50 - Val Metric: 0.9995
Epoch 31/50 - Train Loss: 0.0418 - Train Metric: 0.9989
Epoch 31/50 - Val Metric: 0.9992
Epoch 32/50 - Train Loss: 0.0436 - Train Metric: 0.9988
Epoch 32/50 - Val Metric: 0.9980
Epoch 33/50 - Train Loss: 0.0530 - Train Metric: 0.9980
Epoch 33/50 - Val Metric: 0.9973
Epoch 34/50 - Train Loss: 0.0553 - Train Metric: 0.9976
Epoch 34/50 - Val Metric: 0.9982
Epoch 35/50 - Train Loss: 0.0453 - Train Metric: 0.9987
Epoch 35/50 - Val Metric: 0.9990
Epoch 36/50 - Train Loss: 0.0421 - Train Metric: 0.9987
Epoch 36/50 - Val Metric: 0.9985
Epoch 37/50 - Train Loss: 0.0444 - Train Metric: 0.9988
Epoch 37/50 - Val Metric: 0.9982
Epoch 38/50 - Train Loss: 0.0372 - Train Metric: 0.9990
Epoch 38/50 - Val Metric: 0.9993
Epoch 39/50 - Train Loss: 0.0486 - Train Metric: 0.9982
Epoch 39/50 - Val Metric: 0.9983
Epoch 40/50 - Train Loss: 0.0481 - Train Metric: 0.9981
Epoch 40/50 - Val Metric: 0.9976
Epoch 41/50 - Train Loss: 0.0479 - Train Metric: 0.9984
Epoch 41/50 - Val Metric: 0.9990
Epoch 42/50 - Train Loss: 0.0400 - Train Metric: 0.9990
Epoch 42/50 - Val Metric: 0.9988
Epoch 43/50 - Train Loss: 0.0528 - Train Metric: 0.9982
Epoch 43/50 - Val Metric: 0.9988
Epoch 44/50 - Train Loss: 0.0619 - Train Metric: 0.9977
Epoch 44/50 - Val Metric: 0.9982
Epoch 45/50 - Train Loss: 0.0367 - Train Metric: 0.9992
Epoch 45/50 - Val Metric: 0.9989
Epoch 46/50 - Train Loss: 0.0373 - Train Metric: 0.9992
Epoch 46/50 - Val Metric: 0.9983
Epoch 47/50 - Train Loss: 0.0453 - Train Metric: 0.9988
Epoch 47/50 - Val Metric: 0.9992
Epoch 48/50 - Train Loss: 0.0409 - Train Metric: 0.9990
Epoch 48/50 - Val Metric: 0.9993
Epoch 49/50 - Train Loss: 0.0391 - Train Metric: 0.9989
Epoch 49/50 - Val Metric: 0.9990
Epoch 50/50 - Train Loss: 0.0399 - Train Metric: 0.9990
Epoch 50/50 - Val Metric: 0.9994
Best val: 0.9998, Best test: 0.9991
Training set has 8065 instances
Validation set has 1008 instances
Test set has 1009 instances
Epoch 1/50 - Train Loss: 0.6985 - Train Metric: 0.5045
Epoch 1/50 - Val Metric: 0.9241
Epoch 2/50 - Train Loss: 0.6991 - Train Metric: 0.5085
Epoch 2/50 - Val Metric: 0.9271
Epoch 3/50 - Train Loss: 0.6940 - Train Metric: 0.5106
Epoch 3/50 - Val Metric: 0.9338
Epoch 4/50 - Train Loss: 0.6956 - Train Metric: 0.5232
Epoch 4/50 - Val Metric: 0.8767
Epoch 5/50 - Train Loss: 0.6943 - Train Metric: 0.4908
Epoch 5/50 - Val Metric: 0.8810
Epoch 6/50 - Train Loss: 0.6942 - Train Metric: 0.5116
Epoch 6/50 - Val Metric: 0.8779
Epoch 7/50 - Train Loss: 0.6944 - Train Metric: 0.5165
Epoch 7/50 - Val Metric: 0.8685
Epoch 8/50 - Train Loss: 0.6911 - Train Metric: 0.5403
Epoch 8/50 - Val Metric: 0.9066
Epoch 9/50 - Train Loss: 0.6923 - Train Metric: 0.5564
Epoch 9/50 - Val Metric: 0.6742
Epoch 10/50 - Train Loss: 0.6908 - Train Metric: 0.5416
Epoch 10/50 - Val Metric: 0.8064
Epoch 11/50 - Train Loss: 0.5880 - Train Metric: 0.7416
Epoch 11/50 - Val Metric: 0.7999
Epoch 12/50 - Train Loss: 0.6319 - Train Metric: 0.6351
Epoch 12/50 - Val Metric: 0.7596
Epoch 13/50 - Train Loss: 0.6343 - Train Metric: 0.7059
Epoch 13/50 - Val Metric: 0.8353
Epoch 14/50 - Train Loss: 0.5644 - Train Metric: 0.7435
Epoch 14/50 - Val Metric: 0.8250
Epoch 15/50 - Train Loss: 0.5560 - Train Metric: 0.7498
Epoch 15/50 - Val Metric: 0.8313
Epoch 16/50 - Train Loss: 0.5552 - Train Metric: 0.7404
Epoch 16/50 - Val Metric: 0.8345
Epoch 17/50 - Train Loss: 0.5499 - Train Metric: 0.7481
Epoch 17/50 - Val Metric: 0.8341
Epoch 18/50 - Train Loss: 0.5749 - Train Metric: 0.7450
Epoch 18/50 - Val Metric: 0.7482
Epoch 19/50 - Train Loss: 0.5743 - Train Metric: 0.7326
Epoch 19/50 - Val Metric: 0.7725
Epoch 20/50 - Train Loss: 0.5619 - Train Metric: 0.7355
Epoch 20/50 - Val Metric: 0.8126
Epoch 21/50 - Train Loss: 0.5208 - Train Metric: 0.7808
Epoch 21/50 - Val Metric: 0.8537
Epoch 22/50 - Train Loss: 0.4352 - Train Metric: 0.8738
Epoch 22/50 - Val Metric: 0.9466
Epoch 23/50 - Train Loss: 0.2537 - Train Metric: 0.9572
Epoch 23/50 - Val Metric: 0.9794
Epoch 24/50 - Train Loss: 0.2070 - Train Metric: 0.9723
Epoch 24/50 - Val Metric: 0.9826
Epoch 25/50 - Train Loss: 0.1975 - Train Metric: 0.9756
Epoch 25/50 - Val Metric: 0.9845
Epoch 26/50 - Train Loss: 0.1687 - Train Metric: 0.9825
Epoch 26/50 - Val Metric: 0.9863
Epoch 27/50 - Train Loss: 0.1517 - Train Metric: 0.9855
Epoch 27/50 - Val Metric: 0.9894
Epoch 28/50 - Train Loss: 0.1400 - Train Metric: 0.9876
Epoch 28/50 - Val Metric: 0.9916
Epoch 29/50 - Train Loss: 0.1303 - Train Metric: 0.9893
Epoch 29/50 - Val Metric: 0.9903
Epoch 30/50 - Train Loss: 0.1204 - Train Metric: 0.9907
Epoch 30/50 - Val Metric: 0.9941
Epoch 31/50 - Train Loss: 0.1166 - Train Metric: 0.9913
Epoch 31/50 - Val Metric: 0.9950
Epoch 32/50 - Train Loss: 0.1052 - Train Metric: 0.9928
Epoch 32/50 - Val Metric: 0.9952
Epoch 33/50 - Train Loss: 0.1079 - Train Metric: 0.9925
Epoch 33/50 - Val Metric: 0.9957
Epoch 34/50 - Train Loss: 0.0910 - Train Metric: 0.9947
Epoch 34/50 - Val Metric: 0.9946
Epoch 35/50 - Train Loss: 0.0876 - Train Metric: 0.9947
Epoch 35/50 - Val Metric: 0.9961
Epoch 36/50 - Train Loss: 0.0780 - Train Metric: 0.9961
Epoch 36/50 - Val Metric: 0.9973
Epoch 37/50 - Train Loss: 0.0809 - Train Metric: 0.9957
Epoch 37/50 - Val Metric: 0.9972
Epoch 38/50 - Train Loss: 0.0724 - Train Metric: 0.9965
Epoch 38/50 - Val Metric: 0.9967
Epoch 39/50 - Train Loss: 0.0775 - Train Metric: 0.9961
Epoch 39/50 - Val Metric: 0.9971
Epoch 40/50 - Train Loss: 0.0729 - Train Metric: 0.9963
Epoch 40/50 - Val Metric: 0.9967
Epoch 41/50 - Train Loss: 0.0649 - Train Metric: 0.9973
Epoch 41/50 - Val Metric: 0.9973
Epoch 42/50 - Train Loss: 0.0619 - Train Metric: 0.9971
Epoch 42/50 - Val Metric: 0.9981
Epoch 43/50 - Train Loss: 0.0750 - Train Metric: 0.9963
Epoch 43/50 - Val Metric: 0.9924
Epoch 44/50 - Train Loss: 0.0851 - Train Metric: 0.9951
Epoch 44/50 - Val Metric: 0.9982
Epoch 45/50 - Train Loss: 0.0628 - Train Metric: 0.9970
Epoch 45/50 - Val Metric: 0.9974
Epoch 46/50 - Train Loss: 0.0553 - Train Metric: 0.9978
Epoch 46/50 - Val Metric: 0.9980
Epoch 47/50 - Train Loss: 0.0535 - Train Metric: 0.9980
Epoch 47/50 - Val Metric: 0.9974
Epoch 48/50 - Train Loss: 0.0530 - Train Metric: 0.9982
Epoch 48/50 - Val Metric: 0.9987
Epoch 49/50 - Train Loss: 0.0560 - Train Metric: 0.9980
Epoch 49/50 - Val Metric: 0.9987
Epoch 50/50 - Train Loss: 0.0553 - Train Metric: 0.9981
Epoch 50/50 - Val Metric: 0.9985
Best val: 0.9987, Best test: 0.9951
[0.99901253 0.99935526 0.99886447 0.99912775 0.99514568]
