Hyper-parameter search via Optuna
Namespace(task_type='binary_classification', scale='small', idx=12, epochs=50, num_trials=20, num_repeats=5, seed=0, exp_name='MemPerceiver_ens_l2', result_path='output/binary_classification/small/12/MemPerceiver_ens_l2.pt')
Device: cuda
Start building binary_classification dataset_small_12
Training set has 8065 instances
Validation set has 1008 instances
Test set has 1009 instances
Epoch 1/50 - Train Loss: 0.7052 - Train Metric: 0.5027
Epoch 1/50 - Val Metric: 0.8991
Epoch 2/50 - Train Loss: 0.6945 - Train Metric: 0.5152
Epoch 2/50 - Val Metric: 0.8639
Epoch 3/50 - Train Loss: 0.6949 - Train Metric: 0.5106
Epoch 3/50 - Val Metric: 0.8984
Epoch 4/50 - Train Loss: 0.6930 - Train Metric: 0.5064
Epoch 4/50 - Val Metric: 0.9075
Epoch 5/50 - Train Loss: 0.6899 - Train Metric: 0.5652
Epoch 5/50 - Val Metric: 0.9027
Epoch 6/50 - Train Loss: 0.4902 - Train Metric: 0.8447
Epoch 6/50 - Val Metric: 0.9479
Epoch 7/50 - Train Loss: 0.2940 - Train Metric: 0.9475
Epoch 7/50 - Val Metric: 0.9592
Epoch 8/50 - Train Loss: 0.2235 - Train Metric: 0.9666
Epoch 8/50 - Val Metric: 0.9700
Epoch 9/50 - Train Loss: 0.1768 - Train Metric: 0.9809
Epoch 9/50 - Val Metric: 0.9878
Epoch 10/50 - Train Loss: 0.1363 - Train Metric: 0.9890
Epoch 10/50 - Val Metric: 0.9920
Epoch 11/50 - Train Loss: 0.1113 - Train Metric: 0.9928
Epoch 11/50 - Val Metric: 0.9939
Epoch 12/50 - Train Loss: 0.0951 - Train Metric: 0.9947
Epoch 12/50 - Val Metric: 0.9943
Epoch 13/50 - Train Loss: 0.0777 - Train Metric: 0.9965
Epoch 13/50 - Val Metric: 0.9957
Epoch 14/50 - Train Loss: 0.0737 - Train Metric: 0.9968
Epoch 14/50 - Val Metric: 0.9969
Epoch 15/50 - Train Loss: 0.0702 - Train Metric: 0.9971
Epoch 15/50 - Val Metric: 0.9959
Epoch 16/50 - Train Loss: 0.0704 - Train Metric: 0.9971
Epoch 16/50 - Val Metric: 0.9946
Epoch 17/50 - Train Loss: 0.0667 - Train Metric: 0.9974
Epoch 17/50 - Val Metric: 0.9970
Epoch 18/50 - Train Loss: 0.0609 - Train Metric: 0.9979
Epoch 18/50 - Val Metric: 0.9969
Epoch 19/50 - Train Loss: 0.0496 - Train Metric: 0.9985
Epoch 19/50 - Val Metric: 0.9969
Epoch 20/50 - Train Loss: 0.0523 - Train Metric: 0.9984
Epoch 20/50 - Val Metric: 0.9976
Epoch 21/50 - Train Loss: 0.0448 - Train Metric: 0.9988
Epoch 21/50 - Val Metric: 0.9972
Epoch 22/50 - Train Loss: 0.0431 - Train Metric: 0.9988
Epoch 22/50 - Val Metric: 0.9976
Epoch 23/50 - Train Loss: 0.0393 - Train Metric: 0.9990
Epoch 23/50 - Val Metric: 0.9977
Epoch 24/50 - Train Loss: 0.0367 - Train Metric: 0.9992
Epoch 24/50 - Val Metric: 0.9974
Epoch 25/50 - Train Loss: 0.0450 - Train Metric: 0.9987
Epoch 25/50 - Val Metric: 0.9979
Epoch 26/50 - Train Loss: 0.0370 - Train Metric: 0.9991
Epoch 26/50 - Val Metric: 0.9976
Epoch 27/50 - Train Loss: 0.0349 - Train Metric: 0.9992
Epoch 27/50 - Val Metric: 0.9977
Epoch 28/50 - Train Loss: 0.0317 - Train Metric: 0.9993
Epoch 28/50 - Val Metric: 0.9980
Epoch 29/50 - Train Loss: 0.0348 - Train Metric: 0.9992
Epoch 29/50 - Val Metric: 0.9978
Epoch 30/50 - Train Loss: 0.0337 - Train Metric: 0.9993
Epoch 30/50 - Val Metric: 0.9981
Epoch 31/50 - Train Loss: 0.0324 - Train Metric: 0.9993
Epoch 31/50 - Val Metric: 0.9981
Epoch 32/50 - Train Loss: 0.0296 - Train Metric: 0.9994
Epoch 32/50 - Val Metric: 0.9982
Epoch 33/50 - Train Loss: 0.0299 - Train Metric: 0.9994
Epoch 33/50 - Val Metric: 0.9980
Epoch 34/50 - Train Loss: 0.0287 - Train Metric: 0.9994
Epoch 34/50 - Val Metric: 0.9982
Epoch 35/50 - Train Loss: 0.0313 - Train Metric: 0.9994
Epoch 35/50 - Val Metric: 0.9981
Epoch 36/50 - Train Loss: 0.0270 - Train Metric: 0.9995
Epoch 36/50 - Val Metric: 0.9982
Epoch 37/50 - Train Loss: 0.0270 - Train Metric: 0.9995
Epoch 37/50 - Val Metric: 0.9981
Epoch 38/50 - Train Loss: 0.0309 - Train Metric: 0.9994
Epoch 38/50 - Val Metric: 0.9983
Epoch 39/50 - Train Loss: 0.0287 - Train Metric: 0.9994
Epoch 39/50 - Val Metric: 0.9980
Epoch 40/50 - Train Loss: 0.0257 - Train Metric: 0.9995
Epoch 40/50 - Val Metric: 0.9983
Epoch 41/50 - Train Loss: 0.0273 - Train Metric: 0.9995
Epoch 41/50 - Val Metric: 0.9980
Epoch 42/50 - Train Loss: 0.0264 - Train Metric: 0.9995
Epoch 42/50 - Val Metric: 0.9982
Epoch 43/50 - Train Loss: 0.0262 - Train Metric: 0.9995
Epoch 43/50 - Val Metric: 0.9980
Epoch 44/50 - Train Loss: 0.0249 - Train Metric: 0.9996
Epoch 44/50 - Val Metric: 0.9982
Epoch 45/50 - Train Loss: 0.0252 - Train Metric: 0.9995
Epoch 45/50 - Val Metric: 0.9983
Epoch 46/50 - Train Loss: 0.0256 - Train Metric: 0.9995
Epoch 46/50 - Val Metric: 0.9981
Epoch 47/50 - Train Loss: 0.0244 - Train Metric: 0.9996
Epoch 47/50 - Val Metric: 0.9983
Epoch 48/50 - Train Loss: 0.0253 - Train Metric: 0.9995
Epoch 48/50 - Val Metric: 0.9982
Epoch 49/50 - Train Loss: 0.0248 - Train Metric: 0.9995
Epoch 49/50 - Val Metric: 0.9981
Epoch 50/50 - Train Loss: 0.0245 - Train Metric: 0.9996
Epoch 50/50 - Val Metric: 0.9983
Best val: 0.9983, Best test: 0.9966
Training set has 8065 instances
Validation set has 1008 instances
Test set has 1009 instances
Epoch 1/50 - Train Loss: 0.7057 - Train Metric: 0.4939
Epoch 1/50 - Val Metric: 0.8466
Epoch 2/50 - Train Loss: 0.6956 - Train Metric: 0.5092
Epoch 2/50 - Val Metric: 0.8566
Epoch 3/50 - Train Loss: 0.6936 - Train Metric: 0.5160
Epoch 3/50 - Val Metric: 0.8751
Epoch 4/50 - Train Loss: 0.6952 - Train Metric: 0.5103
Epoch 4/50 - Val Metric: 0.8819
Epoch 5/50 - Train Loss: 0.6915 - Train Metric: 0.5265
Epoch 5/50 - Val Metric: 0.8930
Epoch 6/50 - Train Loss: 0.6319 - Train Metric: 0.6817
Epoch 6/50 - Val Metric: 0.9159
Epoch 7/50 - Train Loss: 0.4654 - Train Metric: 0.8626
Epoch 7/50 - Val Metric: 0.9349
Epoch 8/50 - Train Loss: 0.3420 - Train Metric: 0.9252
Epoch 8/50 - Val Metric: 0.9405
Epoch 9/50 - Train Loss: 0.3510 - Train Metric: 0.9214
Epoch 9/50 - Val Metric: 0.9413
Epoch 10/50 - Train Loss: 0.2996 - Train Metric: 0.9368
Epoch 10/50 - Val Metric: 0.9413
Epoch 11/50 - Train Loss: 0.2927 - Train Metric: 0.9375
Epoch 11/50 - Val Metric: 0.9408
Epoch 12/50 - Train Loss: 0.2857 - Train Metric: 0.9375
Epoch 12/50 - Val Metric: 0.9427
Epoch 13/50 - Train Loss: 0.2773 - Train Metric: 0.9396
Epoch 13/50 - Val Metric: 0.9426
Epoch 14/50 - Train Loss: 0.2824 - Train Metric: 0.9382
Epoch 14/50 - Val Metric: 0.9460
Epoch 15/50 - Train Loss: 0.2825 - Train Metric: 0.9377
Epoch 15/50 - Val Metric: 0.9460
Epoch 16/50 - Train Loss: 0.2780 - Train Metric: 0.9406
Epoch 16/50 - Val Metric: 0.9481
Epoch 17/50 - Train Loss: 0.2768 - Train Metric: 0.9408
Epoch 17/50 - Val Metric: 0.9433
Epoch 18/50 - Train Loss: 0.2701 - Train Metric: 0.9431
Epoch 18/50 - Val Metric: 0.9432
Epoch 19/50 - Train Loss: 0.2691 - Train Metric: 0.9441
Epoch 19/50 - Val Metric: 0.9493
Epoch 20/50 - Train Loss: 0.2751 - Train Metric: 0.9415
Epoch 20/50 - Val Metric: 0.9488
Epoch 21/50 - Train Loss: 0.2672 - Train Metric: 0.9445
Epoch 21/50 - Val Metric: 0.9505
Epoch 22/50 - Train Loss: 0.2669 - Train Metric: 0.9442
Epoch 22/50 - Val Metric: 0.9508
Epoch 23/50 - Train Loss: 0.2672 - Train Metric: 0.9458
Epoch 23/50 - Val Metric: 0.9492
Epoch 24/50 - Train Loss: 0.2654 - Train Metric: 0.9435
Epoch 24/50 - Val Metric: 0.9498
Epoch 25/50 - Train Loss: 0.2640 - Train Metric: 0.9481
Epoch 25/50 - Val Metric: 0.9496
Epoch 26/50 - Train Loss: 0.2611 - Train Metric: 0.9478
Epoch 26/50 - Val Metric: 0.9472
Epoch 27/50 - Train Loss: 0.2604 - Train Metric: 0.9502
Epoch 27/50 - Val Metric: 0.9507
Epoch 28/50 - Train Loss: 0.2606 - Train Metric: 0.9503
Epoch 28/50 - Val Metric: 0.9503
Epoch 29/50 - Train Loss: 0.2571 - Train Metric: 0.9508
Epoch 29/50 - Val Metric: 0.9517
Epoch 30/50 - Train Loss: 0.2553 - Train Metric: 0.9509
Epoch 30/50 - Val Metric: 0.9509
Epoch 31/50 - Train Loss: 0.2540 - Train Metric: 0.9522
Epoch 31/50 - Val Metric: 0.9533
Epoch 32/50 - Train Loss: 0.2542 - Train Metric: 0.9521
Epoch 32/50 - Val Metric: 0.9559
Epoch 33/50 - Train Loss: 0.2513 - Train Metric: 0.9537
Epoch 33/50 - Val Metric: 0.9546
Epoch 34/50 - Train Loss: 0.2493 - Train Metric: 0.9547
Epoch 34/50 - Val Metric: 0.9570
Epoch 35/50 - Train Loss: 0.2476 - Train Metric: 0.9553
Epoch 35/50 - Val Metric: 0.9570
Epoch 36/50 - Train Loss: 0.2477 - Train Metric: 0.9558
Epoch 36/50 - Val Metric: 0.9578
Epoch 37/50 - Train Loss: 0.2452 - Train Metric: 0.9566
Epoch 37/50 - Val Metric: 0.9577
Epoch 38/50 - Train Loss: 0.2449 - Train Metric: 0.9568
Epoch 38/50 - Val Metric: 0.9576
Epoch 39/50 - Train Loss: 0.2434 - Train Metric: 0.9571
Epoch 39/50 - Val Metric: 0.9570
Epoch 40/50 - Train Loss: 0.2424 - Train Metric: 0.9577
Epoch 40/50 - Val Metric: 0.9571
Epoch 41/50 - Train Loss: 0.2420 - Train Metric: 0.9578
Epoch 41/50 - Val Metric: 0.9584
Epoch 42/50 - Train Loss: 0.2421 - Train Metric: 0.9580
Epoch 42/50 - Val Metric: 0.9578
Epoch 43/50 - Train Loss: 0.2405 - Train Metric: 0.9582
Epoch 43/50 - Val Metric: 0.9574
Epoch 44/50 - Train Loss: 0.2411 - Train Metric: 0.9583
Epoch 44/50 - Val Metric: 0.9585
Epoch 45/50 - Train Loss: 0.2420 - Train Metric: 0.9577
Epoch 45/50 - Val Metric: 0.9584
Epoch 46/50 - Train Loss: 0.2402 - Train Metric: 0.9587
Epoch 46/50 - Val Metric: 0.9580
Epoch 47/50 - Train Loss: 0.2390 - Train Metric: 0.9590
Epoch 47/50 - Val Metric: 0.9587
Epoch 48/50 - Train Loss: 0.2384 - Train Metric: 0.9593
Epoch 48/50 - Val Metric: 0.9590
Epoch 49/50 - Train Loss: 0.2378 - Train Metric: 0.9598
Epoch 49/50 - Val Metric: 0.9589
Epoch 50/50 - Train Loss: 0.2381 - Train Metric: 0.9597
Epoch 50/50 - Val Metric: 0.9591
Best val: 0.9591, Best test: 0.9621
Training set has 8065 instances
Validation set has 1008 instances
Test set has 1009 instances
Epoch 1/50 - Train Loss: 0.6974 - Train Metric: 0.5010
Epoch 1/50 - Val Metric: 0.8914
Epoch 2/50 - Train Loss: 0.6932 - Train Metric: 0.5329
Epoch 2/50 - Val Metric: 0.9085
Epoch 3/50 - Train Loss: 0.6849 - Train Metric: 0.5738
Epoch 3/50 - Val Metric: 0.9128
Epoch 4/50 - Train Loss: 0.4657 - Train Metric: 0.8615
Epoch 4/50 - Val Metric: 0.9392
Epoch 5/50 - Train Loss: 0.3400 - Train Metric: 0.9277
Epoch 5/50 - Val Metric: 0.9400
Epoch 6/50 - Train Loss: 0.3159 - Train Metric: 0.9338
Epoch 6/50 - Val Metric: 0.9398
Epoch 7/50 - Train Loss: 0.3013 - Train Metric: 0.9371
Epoch 7/50 - Val Metric: 0.9402
Epoch 8/50 - Train Loss: 0.2969 - Train Metric: 0.9378
Epoch 8/50 - Val Metric: 0.9407
Epoch 9/50 - Train Loss: 0.3048 - Train Metric: 0.9352
Epoch 9/50 - Val Metric: 0.9420
Epoch 10/50 - Train Loss: 0.2855 - Train Metric: 0.9411
Epoch 10/50 - Val Metric: 0.9423
Epoch 11/50 - Train Loss: 0.2853 - Train Metric: 0.9392
Epoch 11/50 - Val Metric: 0.9430
Epoch 12/50 - Train Loss: 0.2709 - Train Metric: 0.9424
Epoch 12/50 - Val Metric: 0.9443
Epoch 13/50 - Train Loss: 0.2681 - Train Metric: 0.9444
Epoch 13/50 - Val Metric: 0.9457
Epoch 14/50 - Train Loss: 0.2756 - Train Metric: 0.9424
Epoch 14/50 - Val Metric: 0.9476
Epoch 15/50 - Train Loss: 0.2687 - Train Metric: 0.9455
Epoch 15/50 - Val Metric: 0.9538
Epoch 16/50 - Train Loss: 0.2600 - Train Metric: 0.9512
Epoch 16/50 - Val Metric: 0.9553
Epoch 17/50 - Train Loss: 0.2585 - Train Metric: 0.9514
Epoch 17/50 - Val Metric: 0.9557
Epoch 18/50 - Train Loss: 0.2562 - Train Metric: 0.9530
Epoch 18/50 - Val Metric: 0.9569
Epoch 19/50 - Train Loss: 0.2570 - Train Metric: 0.9523
Epoch 19/50 - Val Metric: 0.9578
Epoch 20/50 - Train Loss: 0.2462 - Train Metric: 0.9570
Epoch 20/50 - Val Metric: 0.9600
Epoch 21/50 - Train Loss: 0.2416 - Train Metric: 0.9592
Epoch 21/50 - Val Metric: 0.9618
Epoch 22/50 - Train Loss: 0.2334 - Train Metric: 0.9624
Epoch 22/50 - Val Metric: 0.9662
Epoch 23/50 - Train Loss: 0.2195 - Train Metric: 0.9681
Epoch 23/50 - Val Metric: 0.9708
Epoch 24/50 - Train Loss: 0.2040 - Train Metric: 0.9732
Epoch 24/50 - Val Metric: 0.9745
Epoch 25/50 - Train Loss: 0.2012 - Train Metric: 0.9746
Epoch 25/50 - Val Metric: 0.9727
Epoch 26/50 - Train Loss: 0.1857 - Train Metric: 0.9789
Epoch 26/50 - Val Metric: 0.9807
Epoch 27/50 - Train Loss: 0.1716 - Train Metric: 0.9823
Epoch 27/50 - Val Metric: 0.9810
Epoch 28/50 - Train Loss: 0.1685 - Train Metric: 0.9829
Epoch 28/50 - Val Metric: 0.9820
Epoch 29/50 - Train Loss: 0.1624 - Train Metric: 0.9842
Epoch 29/50 - Val Metric: 0.9828
Epoch 30/50 - Train Loss: 0.1564 - Train Metric: 0.9855
Epoch 30/50 - Val Metric: 0.9839
Epoch 31/50 - Train Loss: 0.1600 - Train Metric: 0.9846
Epoch 31/50 - Val Metric: 0.9864
Epoch 32/50 - Train Loss: 0.1496 - Train Metric: 0.9867
Epoch 32/50 - Val Metric: 0.9873
Epoch 33/50 - Train Loss: 0.1451 - Train Metric: 0.9876
Epoch 33/50 - Val Metric: 0.9877
Epoch 34/50 - Train Loss: 0.1417 - Train Metric: 0.9883
Epoch 34/50 - Val Metric: 0.9890
Epoch 35/50 - Train Loss: 0.1395 - Train Metric: 0.9885
Epoch 35/50 - Val Metric: 0.9887
Epoch 36/50 - Train Loss: 0.1367 - Train Metric: 0.9891
Epoch 36/50 - Val Metric: 0.9881
Epoch 37/50 - Train Loss: 0.1349 - Train Metric: 0.9894
Epoch 37/50 - Val Metric: 0.9899
Epoch 38/50 - Train Loss: 0.1345 - Train Metric: 0.9894
Epoch 38/50 - Val Metric: 0.9889
Epoch 39/50 - Train Loss: 0.1324 - Train Metric: 0.9898
Epoch 39/50 - Val Metric: 0.9903
Epoch 40/50 - Train Loss: 0.1315 - Train Metric: 0.9899
Epoch 40/50 - Val Metric: 0.9903
Epoch 41/50 - Train Loss: 0.1313 - Train Metric: 0.9899
Epoch 41/50 - Val Metric: 0.9899
Epoch 42/50 - Train Loss: 0.1300 - Train Metric: 0.9901
Epoch 42/50 - Val Metric: 0.9908
Epoch 43/50 - Train Loss: 0.1275 - Train Metric: 0.9906
Epoch 43/50 - Val Metric: 0.9903
Epoch 44/50 - Train Loss: 0.1262 - Train Metric: 0.9907
Epoch 44/50 - Val Metric: 0.9908
Epoch 45/50 - Train Loss: 0.1258 - Train Metric: 0.9908
Epoch 45/50 - Val Metric: 0.9911
Epoch 46/50 - Train Loss: 0.1252 - Train Metric: 0.9909
Epoch 46/50 - Val Metric: 0.9912
Epoch 47/50 - Train Loss: 0.1243 - Train Metric: 0.9910
Epoch 47/50 - Val Metric: 0.9914
Epoch 48/50 - Train Loss: 0.1234 - Train Metric: 0.9911
Epoch 48/50 - Val Metric: 0.9913
Epoch 49/50 - Train Loss: 0.1232 - Train Metric: 0.9911
Epoch 49/50 - Val Metric: 0.9910
Epoch 50/50 - Train Loss: 0.1236 - Train Metric: 0.9911
Epoch 50/50 - Val Metric: 0.9910
Best val: 0.9914, Best test: 0.9900
Training set has 8065 instances
Validation set has 1008 instances
Test set has 1009 instances
Epoch 1/50 - Train Loss: 0.6924 - Train Metric: 0.5362
Epoch 1/50 - Val Metric: 0.8639
Epoch 2/50 - Train Loss: 0.6600 - Train Metric: 0.6561
Epoch 2/50 - Val Metric: 0.9089
Epoch 3/50 - Train Loss: 0.4884 - Train Metric: 0.8592
Epoch 3/50 - Val Metric: 0.9272
Epoch 4/50 - Train Loss: 0.3879 - Train Metric: 0.9127
Epoch 4/50 - Val Metric: 0.9319
Epoch 5/50 - Train Loss: 0.3185 - Train Metric: 0.9374
Epoch 5/50 - Val Metric: 0.9321
Epoch 6/50 - Train Loss: 0.3102 - Train Metric: 0.9372
Epoch 6/50 - Val Metric: 0.9316
Epoch 7/50 - Train Loss: 0.2996 - Train Metric: 0.9379
Epoch 7/50 - Val Metric: 0.9318
Epoch 8/50 - Train Loss: 0.3105 - Train Metric: 0.9360
Epoch 8/50 - Val Metric: 0.9317
Epoch 9/50 - Train Loss: 0.2964 - Train Metric: 0.9381
Epoch 9/50 - Val Metric: 0.9314
Epoch 10/50 - Train Loss: 0.2976 - Train Metric: 0.9375
Epoch 10/50 - Val Metric: 0.9308
Epoch 11/50 - Train Loss: 0.3060 - Train Metric: 0.9362
Epoch 11/50 - Val Metric: 0.9320
Epoch 12/50 - Train Loss: 0.2906 - Train Metric: 0.9390
Epoch 12/50 - Val Metric: 0.9322
Epoch 13/50 - Train Loss: 0.2954 - Train Metric: 0.9379
Epoch 13/50 - Val Metric: 0.9332
Epoch 14/50 - Train Loss: 0.2973 - Train Metric: 0.9377
Epoch 14/50 - Val Metric: 0.9320
Epoch 15/50 - Train Loss: 0.2916 - Train Metric: 0.9381
Epoch 15/50 - Val Metric: 0.9326
Epoch 16/50 - Train Loss: 0.2826 - Train Metric: 0.9400
Epoch 16/50 - Val Metric: 0.9323
Epoch 17/50 - Train Loss: 0.2815 - Train Metric: 0.9398
Epoch 17/50 - Val Metric: 0.9323
Epoch 18/50 - Train Loss: 0.2817 - Train Metric: 0.9398
Epoch 18/50 - Val Metric: 0.9324
Epoch 19/50 - Train Loss: 0.2841 - Train Metric: 0.9391
Epoch 19/50 - Val Metric: 0.9321
Epoch 20/50 - Train Loss: 0.2881 - Train Metric: 0.9382
Epoch 20/50 - Val Metric: 0.9329
Epoch 21/50 - Train Loss: 0.2792 - Train Metric: 0.9401
Epoch 21/50 - Val Metric: 0.9325
Epoch 22/50 - Train Loss: 0.2768 - Train Metric: 0.9407
Epoch 22/50 - Val Metric: 0.9324
Epoch 23/50 - Train Loss: 0.2827 - Train Metric: 0.9391
Epoch 23/50 - Val Metric: 0.9332
Epoch 24/50 - Train Loss: 0.2768 - Train Metric: 0.9403
Epoch 24/50 - Val Metric: 0.9326
Epoch 25/50 - Train Loss: 0.2747 - Train Metric: 0.9404
Epoch 25/50 - Val Metric: 0.9329
Epoch 26/50 - Train Loss: 0.2768 - Train Metric: 0.9403
Epoch 26/50 - Val Metric: 0.9325
Epoch 27/50 - Train Loss: 0.2768 - Train Metric: 0.9397
Epoch 27/50 - Val Metric: 0.9332
Epoch 28/50 - Train Loss: 0.2742 - Train Metric: 0.9400
Epoch 28/50 - Val Metric: 0.9334
Epoch 29/50 - Train Loss: 0.2746 - Train Metric: 0.9406
Epoch 29/50 - Val Metric: 0.9326
Epoch 30/50 - Train Loss: 0.2781 - Train Metric: 0.9398
Epoch 30/50 - Val Metric: 0.9331
Epoch 31/50 - Train Loss: 0.2762 - Train Metric: 0.9409
Epoch 31/50 - Val Metric: 0.9330
Epoch 32/50 - Train Loss: 0.2727 - Train Metric: 0.9409
Epoch 32/50 - Val Metric: 0.9328
Epoch 33/50 - Train Loss: 0.2742 - Train Metric: 0.9405
Epoch 33/50 - Val Metric: 0.9329
Epoch 34/50 - Train Loss: 0.2745 - Train Metric: 0.9401
Epoch 34/50 - Val Metric: 0.9333
Epoch 35/50 - Train Loss: 0.2759 - Train Metric: 0.9404
Epoch 35/50 - Val Metric: 0.9339
Epoch 36/50 - Train Loss: 0.2700 - Train Metric: 0.9419
Epoch 36/50 - Val Metric: 0.9333
Epoch 37/50 - Train Loss: 0.2710 - Train Metric: 0.9415
Epoch 37/50 - Val Metric: 0.9332
Epoch 38/50 - Train Loss: 0.2725 - Train Metric: 0.9410
Epoch 38/50 - Val Metric: 0.9332
Epoch 39/50 - Train Loss: 0.2719 - Train Metric: 0.9412
Epoch 39/50 - Val Metric: 0.9338
Epoch 40/50 - Train Loss: 0.2715 - Train Metric: 0.9413
Epoch 40/50 - Val Metric: 0.9337
Epoch 41/50 - Train Loss: 0.2714 - Train Metric: 0.9419
Epoch 41/50 - Val Metric: 0.9344
Epoch 42/50 - Train Loss: 0.2708 - Train Metric: 0.9416
Epoch 42/50 - Val Metric: 0.9337
Epoch 43/50 - Train Loss: 0.2714 - Train Metric: 0.9416
Epoch 43/50 - Val Metric: 0.9346
Epoch 44/50 - Train Loss: 0.2709 - Train Metric: 0.9416
Epoch 44/50 - Val Metric: 0.9337
Epoch 45/50 - Train Loss: 0.2705 - Train Metric: 0.9419
Epoch 45/50 - Val Metric: 0.9339
Epoch 46/50 - Train Loss: 0.2710 - Train Metric: 0.9421
Epoch 46/50 - Val Metric: 0.9341
Epoch 47/50 - Train Loss: 0.2739 - Train Metric: 0.9413
Epoch 47/50 - Val Metric: 0.9351
Epoch 48/50 - Train Loss: 0.2705 - Train Metric: 0.9421
Epoch 48/50 - Val Metric: 0.9342
Epoch 49/50 - Train Loss: 0.2713 - Train Metric: 0.9420
Epoch 49/50 - Val Metric: 0.9339
Epoch 50/50 - Train Loss: 0.2702 - Train Metric: 0.9423
Epoch 50/50 - Val Metric: 0.9343
Best val: 0.9351, Best test: 0.9475
Training set has 8065 instances
Validation set has 1008 instances
Test set has 1009 instances
Epoch 1/50 - Train Loss: 0.6972 - Train Metric: 0.4983
Epoch 1/50 - Val Metric: 0.8861
Epoch 2/50 - Train Loss: 0.6933 - Train Metric: 0.5256
Epoch 2/50 - Val Metric: 0.8802
Epoch 3/50 - Train Loss: 0.6874 - Train Metric: 0.5736
Epoch 3/50 - Val Metric: 0.8879
Epoch 4/50 - Train Loss: 0.6110 - Train Metric: 0.7130
Epoch 4/50 - Val Metric: 0.9098
Epoch 5/50 - Train Loss: 0.4106 - Train Metric: 0.9002
Epoch 5/50 - Val Metric: 0.9410
Epoch 6/50 - Train Loss: 0.3271 - Train Metric: 0.9334
Epoch 6/50 - Val Metric: 0.9435
Epoch 7/50 - Train Loss: 0.2881 - Train Metric: 0.9414
Epoch 7/50 - Val Metric: 0.9468
Epoch 8/50 - Train Loss: 0.2880 - Train Metric: 0.9416
Epoch 8/50 - Val Metric: 0.9490
Epoch 9/50 - Train Loss: 0.2716 - Train Metric: 0.9460
Epoch 9/50 - Val Metric: 0.9517
Epoch 10/50 - Train Loss: 0.2760 - Train Metric: 0.9470
Epoch 10/50 - Val Metric: 0.9544
Epoch 11/50 - Train Loss: 0.2590 - Train Metric: 0.9521
Epoch 11/50 - Val Metric: 0.9591
Epoch 12/50 - Train Loss: 0.2338 - Train Metric: 0.9609
Epoch 12/50 - Val Metric: 0.9687
Epoch 13/50 - Train Loss: 0.2051 - Train Metric: 0.9732
Epoch 13/50 - Val Metric: 0.9804
Epoch 14/50 - Train Loss: 0.1756 - Train Metric: 0.9814
Epoch 14/50 - Val Metric: 0.9834
Epoch 15/50 - Train Loss: 0.1531 - Train Metric: 0.9862
Epoch 15/50 - Val Metric: 0.9876
Epoch 16/50 - Train Loss: 0.1345 - Train Metric: 0.9901
Epoch 16/50 - Val Metric: 0.9902
Epoch 17/50 - Train Loss: 0.1290 - Train Metric: 0.9907
Epoch 17/50 - Val Metric: 0.9926
Epoch 18/50 - Train Loss: 0.1490 - Train Metric: 0.9873
Epoch 18/50 - Val Metric: 0.9918
Epoch 19/50 - Train Loss: 0.1219 - Train Metric: 0.9918
Epoch 19/50 - Val Metric: 0.9934
Epoch 20/50 - Train Loss: 0.0994 - Train Metric: 0.9949
Epoch 20/50 - Val Metric: 0.9945
Epoch 21/50 - Train Loss: 0.0950 - Train Metric: 0.9952
Epoch 21/50 - Val Metric: 0.9949
Epoch 22/50 - Train Loss: 0.0900 - Train Metric: 0.9957
Epoch 22/50 - Val Metric: 0.9955
Epoch 23/50 - Train Loss: 0.0816 - Train Metric: 0.9966
Epoch 23/50 - Val Metric: 0.9958
Epoch 24/50 - Train Loss: 0.0800 - Train Metric: 0.9967
Epoch 24/50 - Val Metric: 0.9958
Epoch 25/50 - Train Loss: 0.0762 - Train Metric: 0.9970
Epoch 25/50 - Val Metric: 0.9966
Epoch 26/50 - Train Loss: 0.0799 - Train Metric: 0.9965
Epoch 26/50 - Val Metric: 0.9967
Epoch 27/50 - Train Loss: 0.0695 - Train Metric: 0.9974
Epoch 27/50 - Val Metric: 0.9968
Epoch 28/50 - Train Loss: 0.0672 - Train Metric: 0.9976
Epoch 28/50 - Val Metric: 0.9968
Epoch 29/50 - Train Loss: 0.0640 - Train Metric: 0.9978
Epoch 29/50 - Val Metric: 0.9972
Epoch 30/50 - Train Loss: 0.0638 - Train Metric: 0.9979
Epoch 30/50 - Val Metric: 0.9974
Epoch 31/50 - Train Loss: 0.0607 - Train Metric: 0.9980
Epoch 31/50 - Val Metric: 0.9975
Epoch 32/50 - Train Loss: 0.0608 - Train Metric: 0.9980
Epoch 32/50 - Val Metric: 0.9977
Epoch 33/50 - Train Loss: 0.0588 - Train Metric: 0.9981
Epoch 33/50 - Val Metric: 0.9978
Epoch 34/50 - Train Loss: 0.0582 - Train Metric: 0.9981
Epoch 34/50 - Val Metric: 0.9980
Epoch 35/50 - Train Loss: 0.0578 - Train Metric: 0.9981
Epoch 35/50 - Val Metric: 0.9979
Epoch 36/50 - Train Loss: 0.0552 - Train Metric: 0.9985
Epoch 36/50 - Val Metric: 0.9983
Epoch 37/50 - Train Loss: 0.0552 - Train Metric: 0.9984
Epoch 37/50 - Val Metric: 0.9980
Epoch 38/50 - Train Loss: 0.0549 - Train Metric: 0.9984
Epoch 38/50 - Val Metric: 0.9983
Epoch 39/50 - Train Loss: 0.0542 - Train Metric: 0.9984
Epoch 39/50 - Val Metric: 0.9981
Epoch 40/50 - Train Loss: 0.0557 - Train Metric: 0.9983
Epoch 40/50 - Val Metric: 0.9983
Epoch 41/50 - Train Loss: 0.0560 - Train Metric: 0.9983
Epoch 41/50 - Val Metric: 0.9981
Epoch 42/50 - Train Loss: 0.0523 - Train Metric: 0.9985
Epoch 42/50 - Val Metric: 0.9982
Epoch 43/50 - Train Loss: 0.0523 - Train Metric: 0.9985
Epoch 43/50 - Val Metric: 0.9982
Epoch 44/50 - Train Loss: 0.0521 - Train Metric: 0.9985
Epoch 44/50 - Val Metric: 0.9983
Epoch 45/50 - Train Loss: 0.0520 - Train Metric: 0.9985
Epoch 45/50 - Val Metric: 0.9982
Epoch 46/50 - Train Loss: 0.0518 - Train Metric: 0.9985
Epoch 46/50 - Val Metric: 0.9984
Epoch 47/50 - Train Loss: 0.0511 - Train Metric: 0.9985
Epoch 47/50 - Val Metric: 0.9983
Epoch 48/50 - Train Loss: 0.0510 - Train Metric: 0.9986
Epoch 48/50 - Val Metric: 0.9982
Epoch 49/50 - Train Loss: 0.0505 - Train Metric: 0.9986
Epoch 49/50 - Val Metric: 0.9983
Epoch 50/50 - Train Loss: 0.0506 - Train Metric: 0.9986
Epoch 50/50 - Val Metric: 0.9982
Best val: 0.9984, Best test: 0.9986
Training set has 8065 instances
Validation set has 1008 instances
Test set has 1009 instances
Training set has 8065 instances
Validation set has 1008 instances
Test set has 1009 instances
Training set has 8065 instances
Validation set has 1008 instances
Test set has 1009 instances
Training set has 8065 instances
Validation set has 1008 instances
Test set has 1009 instances
Training set has 8065 instances
Validation set has 1008 instances
Test set has 1009 instances
Training set has 8065 instances
Validation set has 1008 instances
Test set has 1009 instances
Training set has 8065 instances
Validation set has 1008 instances
Test set has 1009 instances
Epoch 1/50 - Train Loss: 0.7023 - Train Metric: 0.5121
Epoch 1/50 - Val Metric: 0.8980
Epoch 2/50 - Train Loss: 0.6951 - Train Metric: 0.5096
Epoch 2/50 - Val Metric: 0.8913
Epoch 3/50 - Train Loss: 0.6935 - Train Metric: 0.5110
Epoch 3/50 - Val Metric: 0.8987
Epoch 4/50 - Train Loss: 0.6936 - Train Metric: 0.5351
Epoch 4/50 - Val Metric: 0.9118
Training set has 8065 instances
Validation set has 1008 instances
Test set has 1009 instances
Epoch 1/50 - Train Loss: 0.7034 - Train Metric: 0.5082
Epoch 1/50 - Val Metric: 0.9012
Epoch 2/50 - Train Loss: 0.6935 - Train Metric: 0.5039
Epoch 2/50 - Val Metric: 0.8840
Epoch 3/50 - Train Loss: 0.6941 - Train Metric: 0.5180
Epoch 3/50 - Val Metric: 0.8960
Training set has 8065 instances
Validation set has 1008 instances
Test set has 1009 instances
Training set has 8065 instances
Validation set has 1008 instances
Test set has 1009 instances
Training set has 8065 instances
Validation set has 1008 instances
Test set has 1009 instances
Training set has 8065 instances
Validation set has 1008 instances
Test set has 1009 instances
Epoch 1/50 - Train Loss: 0.6961 - Train Metric: 0.5051
Epoch 1/50 - Val Metric: 0.9145
Epoch 2/50 - Train Loss: 0.6937 - Train Metric: 0.5288
Epoch 2/50 - Val Metric: 0.9025
Epoch 3/50 - Train Loss: 0.6694 - Train Metric: 0.6148
Epoch 3/50 - Val Metric: 0.9090
Epoch 4/50 - Train Loss: 0.4328 - Train Metric: 0.8837
Epoch 4/50 - Val Metric: 0.9495
Epoch 5/50 - Train Loss: 0.2956 - Train Metric: 0.9457
Epoch 5/50 - Val Metric: 0.9599
Epoch 6/50 - Train Loss: 0.2481 - Train Metric: 0.9617
Epoch 6/50 - Val Metric: 0.9727
Epoch 7/50 - Train Loss: 0.2006 - Train Metric: 0.9770
Epoch 7/50 - Val Metric: 0.9814
Epoch 8/50 - Train Loss: 0.1677 - Train Metric: 0.9841
Epoch 8/50 - Val Metric: 0.9866
Epoch 9/50 - Train Loss: 0.1513 - Train Metric: 0.9867
Epoch 9/50 - Val Metric: 0.9873
Epoch 10/50 - Train Loss: 0.1308 - Train Metric: 0.9900
Epoch 10/50 - Val Metric: 0.9923
Epoch 11/50 - Train Loss: 0.1130 - Train Metric: 0.9927
Epoch 11/50 - Val Metric: 0.9945
Epoch 12/50 - Train Loss: 0.0942 - Train Metric: 0.9951
Epoch 12/50 - Val Metric: 0.9965
Epoch 13/50 - Train Loss: 0.0833 - Train Metric: 0.9961
Epoch 13/50 - Val Metric: 0.9956
Epoch 14/50 - Train Loss: 0.0785 - Train Metric: 0.9965
Epoch 14/50 - Val Metric: 0.9972
Epoch 15/50 - Train Loss: 0.0702 - Train Metric: 0.9973
Epoch 15/50 - Val Metric: 0.9980
Epoch 16/50 - Train Loss: 0.0676 - Train Metric: 0.9974
Epoch 16/50 - Val Metric: 0.9975
Epoch 17/50 - Train Loss: 0.0744 - Train Metric: 0.9968
Epoch 17/50 - Val Metric: 0.9986
Epoch 18/50 - Train Loss: 0.0603 - Train Metric: 0.9979
Epoch 18/50 - Val Metric: 0.9986
Epoch 19/50 - Train Loss: 0.0542 - Train Metric: 0.9984
Epoch 19/50 - Val Metric: 0.9989
Epoch 20/50 - Train Loss: 0.0492 - Train Metric: 0.9986
Epoch 20/50 - Val Metric: 0.9992
Epoch 21/50 - Train Loss: 0.0495 - Train Metric: 0.9986
Epoch 21/50 - Val Metric: 0.9993
Epoch 22/50 - Train Loss: 0.0530 - Train Metric: 0.9984
Epoch 22/50 - Val Metric: 0.9992
Epoch 23/50 - Train Loss: 0.0420 - Train Metric: 0.9990
Epoch 23/50 - Val Metric: 0.9992
Epoch 24/50 - Train Loss: 0.0457 - Train Metric: 0.9988
Epoch 24/50 - Val Metric: 0.9995
Epoch 25/50 - Train Loss: 0.0422 - Train Metric: 0.9990
Epoch 25/50 - Val Metric: 0.9996
Epoch 26/50 - Train Loss: 0.0415 - Train Metric: 0.9990
Epoch 26/50 - Val Metric: 0.9996
Epoch 27/50 - Train Loss: 0.0349 - Train Metric: 0.9993
Epoch 27/50 - Val Metric: 0.9994
Epoch 28/50 - Train Loss: 0.0416 - Train Metric: 0.9990
Epoch 28/50 - Val Metric: 0.9996
Epoch 29/50 - Train Loss: 0.0377 - Train Metric: 0.9992
Epoch 29/50 - Val Metric: 0.9994
Epoch 30/50 - Train Loss: 0.0308 - Train Metric: 0.9995
Epoch 30/50 - Val Metric: 0.9995
Epoch 31/50 - Train Loss: 0.0347 - Train Metric: 0.9993
Epoch 31/50 - Val Metric: 0.9997
Epoch 32/50 - Train Loss: 0.0371 - Train Metric: 0.9992
Epoch 32/50 - Val Metric: 0.9994
Epoch 33/50 - Train Loss: 0.0381 - Train Metric: 0.9992
Epoch 33/50 - Val Metric: 0.9997
Epoch 34/50 - Train Loss: 0.0310 - Train Metric: 0.9994
Epoch 34/50 - Val Metric: 0.9998
Epoch 35/50 - Train Loss: 0.0337 - Train Metric: 0.9993
Epoch 35/50 - Val Metric: 0.9998
Epoch 36/50 - Train Loss: 0.0352 - Train Metric: 0.9993
Epoch 36/50 - Val Metric: 0.9996
Epoch 37/50 - Train Loss: 0.0279 - Train Metric: 0.9996
Epoch 37/50 - Val Metric: 0.9998
Epoch 38/50 - Train Loss: 0.0246 - Train Metric: 0.9997
Epoch 38/50 - Val Metric: 0.9998
Epoch 39/50 - Train Loss: 0.0262 - Train Metric: 0.9996
Epoch 39/50 - Val Metric: 0.9998
Epoch 40/50 - Train Loss: 0.0274 - Train Metric: 0.9996
Epoch 40/50 - Val Metric: 0.9995
Epoch 41/50 - Train Loss: 0.0289 - Train Metric: 0.9995
Epoch 41/50 - Val Metric: 0.9999
Epoch 42/50 - Train Loss: 0.0227 - Train Metric: 0.9997
Epoch 42/50 - Val Metric: 0.9998
Epoch 43/50 - Train Loss: 0.0250 - Train Metric: 0.9996
Epoch 43/50 - Val Metric: 1.0000
Epoch 44/50 - Train Loss: 0.0248 - Train Metric: 0.9997
Epoch 44/50 - Val Metric: 0.9998
Epoch 45/50 - Train Loss: 0.0259 - Train Metric: 0.9996
Epoch 45/50 - Val Metric: 0.9999
Epoch 46/50 - Train Loss: 0.0239 - Train Metric: 0.9997
Epoch 46/50 - Val Metric: 0.9999
Epoch 47/50 - Train Loss: 0.0238 - Train Metric: 0.9997
Epoch 47/50 - Val Metric: 0.9999
Epoch 48/50 - Train Loss: 0.0206 - Train Metric: 0.9998
Epoch 48/50 - Val Metric: 0.9999
Epoch 49/50 - Train Loss: 0.0270 - Train Metric: 0.9996
Epoch 49/50 - Val Metric: 0.9999
Epoch 50/50 - Train Loss: 0.0228 - Train Metric: 0.9997
Epoch 50/50 - Val Metric: 0.9998
Best val: 1.0000, Best test: 0.9997
Training set has 8065 instances
Validation set has 1008 instances
Test set has 1009 instances
Training set has 8065 instances
Validation set has 1008 instances
Test set has 1009 instances
Epoch 1/50 - Train Loss: 0.6983 - Train Metric: 0.4997
Epoch 1/50 - Val Metric: 0.9241
Epoch 2/50 - Train Loss: 0.6941 - Train Metric: 0.5051
Epoch 2/50 - Val Metric: 0.9232
Epoch 3/50 - Train Loss: 0.5216 - Train Metric: 0.8169
Epoch 3/50 - Val Metric: 0.8959
Epoch 4/50 - Train Loss: 0.2757 - Train Metric: 0.9534
Epoch 4/50 - Val Metric: 0.9687
Epoch 5/50 - Train Loss: 0.1982 - Train Metric: 0.9772
Epoch 5/50 - Val Metric: 0.9807
Epoch 6/50 - Train Loss: 0.1675 - Train Metric: 0.9830
Epoch 6/50 - Val Metric: 0.9865
Epoch 7/50 - Train Loss: 0.1513 - Train Metric: 0.9859
Epoch 7/50 - Val Metric: 0.9882
Epoch 8/50 - Train Loss: 0.1388 - Train Metric: 0.9887
Epoch 8/50 - Val Metric: 0.9818
Epoch 9/50 - Train Loss: 0.1224 - Train Metric: 0.9908
Epoch 9/50 - Val Metric: 0.9932
Epoch 10/50 - Train Loss: 0.1195 - Train Metric: 0.9914
Epoch 10/50 - Val Metric: 0.9933
Epoch 11/50 - Train Loss: 0.1079 - Train Metric: 0.9930
Epoch 11/50 - Val Metric: 0.9940
Epoch 12/50 - Train Loss: 0.1045 - Train Metric: 0.9935
Epoch 12/50 - Val Metric: 0.9954
Epoch 13/50 - Train Loss: 0.0869 - Train Metric: 0.9956
Epoch 13/50 - Val Metric: 0.9970
Epoch 14/50 - Train Loss: 0.0882 - Train Metric: 0.9953
Epoch 14/50 - Val Metric: 0.9970
Epoch 15/50 - Train Loss: 0.0852 - Train Metric: 0.9957
Epoch 15/50 - Val Metric: 0.9979
Epoch 16/50 - Train Loss: 0.0768 - Train Metric: 0.9965
Epoch 16/50 - Val Metric: 0.9971
Epoch 17/50 - Train Loss: 0.0689 - Train Metric: 0.9970
Epoch 17/50 - Val Metric: 0.9981
Epoch 18/50 - Train Loss: 0.0677 - Train Metric: 0.9971
Epoch 18/50 - Val Metric: 0.9977
Epoch 19/50 - Train Loss: 0.0618 - Train Metric: 0.9977
Epoch 19/50 - Val Metric: 0.9981
Epoch 20/50 - Train Loss: 0.0639 - Train Metric: 0.9974
Epoch 20/50 - Val Metric: 0.9981
Epoch 21/50 - Train Loss: 0.0677 - Train Metric: 0.9973
Epoch 21/50 - Val Metric: 0.9980
Epoch 22/50 - Train Loss: 0.0584 - Train Metric: 0.9979
Epoch 22/50 - Val Metric: 0.9982
Epoch 23/50 - Train Loss: 0.0584 - Train Metric: 0.9980
Epoch 23/50 - Val Metric: 0.9986
Epoch 24/50 - Train Loss: 0.0607 - Train Metric: 0.9978
Epoch 24/50 - Val Metric: 0.9980
Epoch 25/50 - Train Loss: 0.0634 - Train Metric: 0.9976
Epoch 25/50 - Val Metric: 0.9978
Epoch 26/50 - Train Loss: 0.0614 - Train Metric: 0.9976
Epoch 26/50 - Val Metric: 0.9984
Epoch 27/50 - Train Loss: 0.0643 - Train Metric: 0.9975
Epoch 27/50 - Val Metric: 0.9982
Epoch 28/50 - Train Loss: 0.0605 - Train Metric: 0.9978
Epoch 28/50 - Val Metric: 0.9985
Epoch 29/50 - Train Loss: 0.0583 - Train Metric: 0.9979
Epoch 29/50 - Val Metric: 0.9981
Epoch 30/50 - Train Loss: 0.0573 - Train Metric: 0.9979
Epoch 30/50 - Val Metric: 0.9986
Epoch 31/50 - Train Loss: 0.0530 - Train Metric: 0.9983
Epoch 31/50 - Val Metric: 0.9986
Epoch 32/50 - Train Loss: 0.0570 - Train Metric: 0.9980
Epoch 32/50 - Val Metric: 0.9985
Epoch 33/50 - Train Loss: 0.0554 - Train Metric: 0.9981
Epoch 33/50 - Val Metric: 0.9984
Epoch 34/50 - Train Loss: 0.0549 - Train Metric: 0.9982
Epoch 34/50 - Val Metric: 0.9983
Epoch 35/50 - Train Loss: 0.0539 - Train Metric: 0.9982
Epoch 35/50 - Val Metric: 0.9983
Epoch 36/50 - Train Loss: 0.0524 - Train Metric: 0.9983
Epoch 36/50 - Val Metric: 0.9988
Epoch 37/50 - Train Loss: 0.0551 - Train Metric: 0.9981
Epoch 37/50 - Val Metric: 0.9985
Epoch 38/50 - Train Loss: 0.0531 - Train Metric: 0.9983
Epoch 38/50 - Val Metric: 0.9987
Epoch 39/50 - Train Loss: 0.0523 - Train Metric: 0.9984
Epoch 39/50 - Val Metric: 0.9988
Epoch 40/50 - Train Loss: 0.0479 - Train Metric: 0.9985
Epoch 40/50 - Val Metric: 0.9984
Epoch 41/50 - Train Loss: 0.0500 - Train Metric: 0.9985
Epoch 41/50 - Val Metric: 0.9983
Epoch 42/50 - Train Loss: 0.0499 - Train Metric: 0.9985
Epoch 42/50 - Val Metric: 0.9987
Epoch 43/50 - Train Loss: 0.0486 - Train Metric: 0.9985
Epoch 43/50 - Val Metric: 0.9982
Epoch 44/50 - Train Loss: 0.0466 - Train Metric: 0.9987
Epoch 44/50 - Val Metric: 0.9984
Epoch 45/50 - Train Loss: 0.0490 - Train Metric: 0.9986
Epoch 45/50 - Val Metric: 0.9986
Epoch 46/50 - Train Loss: 0.0470 - Train Metric: 0.9987
Epoch 46/50 - Val Metric: 0.9986
Epoch 47/50 - Train Loss: 0.0490 - Train Metric: 0.9986
Epoch 47/50 - Val Metric: 0.9989
Epoch 48/50 - Train Loss: 0.0490 - Train Metric: 0.9985
Epoch 48/50 - Val Metric: 0.9988
Epoch 49/50 - Train Loss: 0.0456 - Train Metric: 0.9988
Epoch 49/50 - Val Metric: 0.9989
Epoch 50/50 - Train Loss: 0.0427 - Train Metric: 0.9989
Epoch 50/50 - Val Metric: 0.9987
Best val: 0.9989, Best test: 0.9972
Training set has 8065 instances
Validation set has 1008 instances
Test set has 1009 instances
Epoch 1/50 - Train Loss: 0.6980 - Train Metric: 0.4931
Epoch 1/50 - Val Metric: 0.9051
Epoch 2/50 - Train Loss: 0.6429 - Train Metric: 0.6647
Epoch 2/50 - Val Metric: 0.9343
Epoch 3/50 - Train Loss: 0.3532 - Train Metric: 0.9242
Epoch 3/50 - Val Metric: 0.9650
Epoch 4/50 - Train Loss: 0.2211 - Train Metric: 0.9719
Epoch 4/50 - Val Metric: 0.9854
Epoch 5/50 - Train Loss: 0.1796 - Train Metric: 0.9810
Epoch 5/50 - Val Metric: 0.9861
Epoch 6/50 - Train Loss: 0.1678 - Train Metric: 0.9827
Epoch 6/50 - Val Metric: 0.9862
Epoch 7/50 - Train Loss: 0.1671 - Train Metric: 0.9826
Epoch 7/50 - Val Metric: 0.9823
Epoch 8/50 - Train Loss: 0.1449 - Train Metric: 0.9868
Epoch 8/50 - Val Metric: 0.9796
Epoch 9/50 - Train Loss: 0.1480 - Train Metric: 0.9854
Epoch 9/50 - Val Metric: 0.9823
Epoch 10/50 - Train Loss: 0.1391 - Train Metric: 0.9872
Epoch 10/50 - Val Metric: 0.9860
Epoch 11/50 - Train Loss: 0.1293 - Train Metric: 0.9896
Epoch 11/50 - Val Metric: 0.9904
Epoch 12/50 - Train Loss: 0.1340 - Train Metric: 0.9889
Epoch 12/50 - Val Metric: 0.9858
Epoch 13/50 - Train Loss: 0.1241 - Train Metric: 0.9904
Epoch 13/50 - Val Metric: 0.9895
Epoch 14/50 - Train Loss: 0.1244 - Train Metric: 0.9902
Epoch 14/50 - Val Metric: 0.9892
Epoch 15/50 - Train Loss: 0.1229 - Train Metric: 0.9906
Epoch 15/50 - Val Metric: 0.9904
Epoch 16/50 - Train Loss: 0.1193 - Train Metric: 0.9910
Epoch 16/50 - Val Metric: 0.9874
Hyper-parameter search done. Found the best config.
Repeat experiments 5 times with the best train config {'batch_size': 256, 'gamma_rate': 0.95, 'base_lr': 0.001} and model config {'num_heads': 4, 'num_layers': 4, 'num_latents': 8, 'hidden_dim': 32, 'mlp_ratio': 0.5, 'dropout_prob': 0, 'top_k': 3}.
Training set has 8065 instances
Validation set has 1008 instances
Test set has 1009 instances
Epoch 1/50 - Train Loss: 0.6970 - Train Metric: 0.5183
Epoch 1/50 - Val Metric: 0.8980
Epoch 2/50 - Train Loss: 0.6925 - Train Metric: 0.5339
Epoch 2/50 - Val Metric: 0.9076
Epoch 3/50 - Train Loss: 0.4967 - Train Metric: 0.8467
Epoch 3/50 - Val Metric: 0.9414
Epoch 4/50 - Train Loss: 0.3147 - Train Metric: 0.9352
Epoch 4/50 - Val Metric: 0.9476
Epoch 5/50 - Train Loss: 0.2916 - Train Metric: 0.9420
Epoch 5/50 - Val Metric: 0.9543
Epoch 6/50 - Train Loss: 0.2638 - Train Metric: 0.9511
Epoch 6/50 - Val Metric: 0.9575
Epoch 7/50 - Train Loss: 0.2586 - Train Metric: 0.9540
Epoch 7/50 - Val Metric: 0.9647
Epoch 8/50 - Train Loss: 0.2322 - Train Metric: 0.9632
Epoch 8/50 - Val Metric: 0.9715
Epoch 9/50 - Train Loss: 0.2102 - Train Metric: 0.9711
Epoch 9/50 - Val Metric: 0.9801
Epoch 10/50 - Train Loss: 0.1833 - Train Metric: 0.9793
Epoch 10/50 - Val Metric: 0.9859
Epoch 11/50 - Train Loss: 0.1686 - Train Metric: 0.9822
Epoch 11/50 - Val Metric: 0.9871
Epoch 12/50 - Train Loss: 0.1457 - Train Metric: 0.9871
Epoch 12/50 - Val Metric: 0.9910
Epoch 13/50 - Train Loss: 0.1348 - Train Metric: 0.9891
Epoch 13/50 - Val Metric: 0.9904
Epoch 14/50 - Train Loss: 0.1210 - Train Metric: 0.9913
Epoch 14/50 - Val Metric: 0.9923
Epoch 15/50 - Train Loss: 0.1038 - Train Metric: 0.9937
Epoch 15/50 - Val Metric: 0.9958
Epoch 16/50 - Train Loss: 0.0826 - Train Metric: 0.9960
Epoch 16/50 - Val Metric: 0.9977
Epoch 17/50 - Train Loss: 0.1145 - Train Metric: 0.9923
Epoch 17/50 - Val Metric: 0.9970
Epoch 18/50 - Train Loss: 0.0854 - Train Metric: 0.9957
Epoch 18/50 - Val Metric: 0.9980
Epoch 19/50 - Train Loss: 0.0659 - Train Metric: 0.9975
Epoch 19/50 - Val Metric: 0.9957
Epoch 20/50 - Train Loss: 0.0607 - Train Metric: 0.9979
Epoch 20/50 - Val Metric: 0.9987
Epoch 21/50 - Train Loss: 0.0559 - Train Metric: 0.9982
Epoch 21/50 - Val Metric: 0.9989
Epoch 22/50 - Train Loss: 0.0456 - Train Metric: 0.9988
Epoch 22/50 - Val Metric: 0.9986
Epoch 23/50 - Train Loss: 0.0793 - Train Metric: 0.9967
Epoch 23/50 - Val Metric: 0.9922
Epoch 24/50 - Train Loss: 0.0831 - Train Metric: 0.9961
Epoch 24/50 - Val Metric: 0.9977
Epoch 25/50 - Train Loss: 0.0470 - Train Metric: 0.9988
Epoch 25/50 - Val Metric: 0.9984
Epoch 26/50 - Train Loss: 0.0523 - Train Metric: 0.9983
Epoch 26/50 - Val Metric: 0.9987
Epoch 27/50 - Train Loss: 0.0457 - Train Metric: 0.9988
Epoch 27/50 - Val Metric: 0.9992
Epoch 28/50 - Train Loss: 0.0462 - Train Metric: 0.9987
Epoch 28/50 - Val Metric: 0.9982
Epoch 29/50 - Train Loss: 0.0403 - Train Metric: 0.9991
Epoch 29/50 - Val Metric: 0.9991
Epoch 30/50 - Train Loss: 0.0443 - Train Metric: 0.9988
Epoch 30/50 - Val Metric: 0.9992
Epoch 31/50 - Train Loss: 0.0349 - Train Metric: 0.9993
Epoch 31/50 - Val Metric: 0.9987
Epoch 32/50 - Train Loss: 0.0345 - Train Metric: 0.9993
Epoch 32/50 - Val Metric: 0.9990
Epoch 33/50 - Train Loss: 0.0346 - Train Metric: 0.9993
Epoch 33/50 - Val Metric: 0.9987
Epoch 34/50 - Train Loss: 0.0316 - Train Metric: 0.9994
Epoch 34/50 - Val Metric: 0.9993
Epoch 35/50 - Train Loss: 0.0390 - Train Metric: 0.9992
Epoch 35/50 - Val Metric: 0.9991
Epoch 36/50 - Train Loss: 0.0369 - Train Metric: 0.9992
Epoch 36/50 - Val Metric: 0.9987
Epoch 37/50 - Train Loss: 0.0338 - Train Metric: 0.9993
Epoch 37/50 - Val Metric: 0.9994
Epoch 38/50 - Train Loss: 0.0462 - Train Metric: 0.9988
Epoch 38/50 - Val Metric: 0.9984
Epoch 39/50 - Train Loss: 0.0351 - Train Metric: 0.9993
Epoch 39/50 - Val Metric: 0.9989
Epoch 40/50 - Train Loss: 0.0306 - Train Metric: 0.9995
Epoch 40/50 - Val Metric: 0.9973
Epoch 41/50 - Train Loss: 0.0379 - Train Metric: 0.9992
Epoch 41/50 - Val Metric: 0.9983
Epoch 42/50 - Train Loss: 0.0301 - Train Metric: 0.9995
Epoch 42/50 - Val Metric: 0.9987
Epoch 43/50 - Train Loss: 0.0344 - Train Metric: 0.9993
Epoch 43/50 - Val Metric: 0.9989
Epoch 44/50 - Train Loss: 0.0268 - Train Metric: 0.9996
Epoch 44/50 - Val Metric: 0.9991
Epoch 45/50 - Train Loss: 0.0259 - Train Metric: 0.9996
Epoch 45/50 - Val Metric: 0.9987
Epoch 46/50 - Train Loss: 0.0324 - Train Metric: 0.9994
Epoch 46/50 - Val Metric: 0.9991
Epoch 47/50 - Train Loss: 0.0237 - Train Metric: 0.9997
Epoch 47/50 - Val Metric: 0.9989
Epoch 48/50 - Train Loss: 0.0267 - Train Metric: 0.9996
Epoch 48/50 - Val Metric: 0.9991
Epoch 49/50 - Train Loss: 0.0268 - Train Metric: 0.9996
Epoch 49/50 - Val Metric: 0.9992
Epoch 50/50 - Train Loss: 0.0285 - Train Metric: 0.9995
Epoch 50/50 - Val Metric: 0.9990
Best val: 0.9994, Best test: 0.9995
Training set has 8065 instances
Validation set has 1008 instances
Test set has 1009 instances
Epoch 1/50 - Train Loss: 0.6960 - Train Metric: 0.5128
Epoch 1/50 - Val Metric: 0.9010
Epoch 2/50 - Train Loss: 0.6775 - Train Metric: 0.6385
Epoch 2/50 - Val Metric: 0.9159
Epoch 3/50 - Train Loss: 0.4546 - Train Metric: 0.8670
Epoch 3/50 - Val Metric: 0.9404
Epoch 4/50 - Train Loss: 0.3516 - Train Metric: 0.9269
Epoch 4/50 - Val Metric: 0.9431
Epoch 5/50 - Train Loss: 0.2871 - Train Metric: 0.9440
Epoch 5/50 - Val Metric: 0.9430
Epoch 6/50 - Train Loss: 0.2919 - Train Metric: 0.9430
Epoch 6/50 - Val Metric: 0.9455
Epoch 7/50 - Train Loss: 0.2786 - Train Metric: 0.9464
Epoch 7/50 - Val Metric: 0.9492
Epoch 8/50 - Train Loss: 0.2623 - Train Metric: 0.9523
Epoch 8/50 - Val Metric: 0.9549
Epoch 9/50 - Train Loss: 0.2383 - Train Metric: 0.9615
Epoch 9/50 - Val Metric: 0.9660
Epoch 10/50 - Train Loss: 0.1963 - Train Metric: 0.9770
Epoch 10/50 - Val Metric: 0.9850
Epoch 11/50 - Train Loss: 0.1731 - Train Metric: 0.9826
Epoch 11/50 - Val Metric: 0.9905
Epoch 12/50 - Train Loss: 0.1513 - Train Metric: 0.9869
Epoch 12/50 - Val Metric: 0.9920
Epoch 13/50 - Train Loss: 0.1334 - Train Metric: 0.9898
Epoch 13/50 - Val Metric: 0.9926
Epoch 14/50 - Train Loss: 0.1306 - Train Metric: 0.9900
Epoch 14/50 - Val Metric: 0.9931
Epoch 15/50 - Train Loss: 0.1214 - Train Metric: 0.9914
Epoch 15/50 - Val Metric: 0.9935
Epoch 16/50 - Train Loss: 0.1127 - Train Metric: 0.9927
Epoch 16/50 - Val Metric: 0.9950
Epoch 17/50 - Train Loss: 0.1034 - Train Metric: 0.9938
Epoch 17/50 - Val Metric: 0.9942
Epoch 18/50 - Train Loss: 0.1062 - Train Metric: 0.9934
Epoch 18/50 - Val Metric: 0.9959
Epoch 19/50 - Train Loss: 0.0868 - Train Metric: 0.9957
Epoch 19/50 - Val Metric: 0.9972
Epoch 20/50 - Train Loss: 0.0843 - Train Metric: 0.9959
Epoch 20/50 - Val Metric: 0.9969
Epoch 21/50 - Train Loss: 0.0738 - Train Metric: 0.9969
Epoch 21/50 - Val Metric: 0.9981
Epoch 22/50 - Train Loss: 0.0686 - Train Metric: 0.9974
Epoch 22/50 - Val Metric: 0.9987
Epoch 23/50 - Train Loss: 0.0699 - Train Metric: 0.9972
Epoch 23/50 - Val Metric: 0.9950
Epoch 24/50 - Train Loss: 0.0764 - Train Metric: 0.9967
Epoch 24/50 - Val Metric: 0.9980
Epoch 25/50 - Train Loss: 0.0699 - Train Metric: 0.9972
Epoch 25/50 - Val Metric: 0.9975
Epoch 26/50 - Train Loss: 0.0603 - Train Metric: 0.9980
Epoch 26/50 - Val Metric: 0.9984
Epoch 27/50 - Train Loss: 0.0489 - Train Metric: 0.9987
Epoch 27/50 - Val Metric: 0.9974
Epoch 28/50 - Train Loss: 0.0556 - Train Metric: 0.9983
Epoch 28/50 - Val Metric: 0.9989
Epoch 29/50 - Train Loss: 0.0538 - Train Metric: 0.9983
Epoch 29/50 - Val Metric: 0.9989
Epoch 30/50 - Train Loss: 0.0550 - Train Metric: 0.9984
Epoch 30/50 - Val Metric: 0.9990
Epoch 31/50 - Train Loss: 0.0462 - Train Metric: 0.9988
Epoch 31/50 - Val Metric: 0.9992
Epoch 32/50 - Train Loss: 0.0442 - Train Metric: 0.9989
Epoch 32/50 - Val Metric: 0.9989
Epoch 33/50 - Train Loss: 0.0423 - Train Metric: 0.9990
Epoch 33/50 - Val Metric: 0.9986
Epoch 34/50 - Train Loss: 0.0415 - Train Metric: 0.9991
Epoch 34/50 - Val Metric: 0.9990
Epoch 35/50 - Train Loss: 0.0422 - Train Metric: 0.9990
Epoch 35/50 - Val Metric: 0.9990
Epoch 36/50 - Train Loss: 0.0464 - Train Metric: 0.9988
Epoch 36/50 - Val Metric: 0.9992
Epoch 37/50 - Train Loss: 0.0367 - Train Metric: 0.9993
Epoch 37/50 - Val Metric: 0.9989
Epoch 38/50 - Train Loss: 0.0372 - Train Metric: 0.9993
Epoch 38/50 - Val Metric: 0.9990
Epoch 39/50 - Train Loss: 0.0373 - Train Metric: 0.9992
Epoch 39/50 - Val Metric: 0.9987
Epoch 40/50 - Train Loss: 0.0485 - Train Metric: 0.9986
Epoch 40/50 - Val Metric: 0.9985
Epoch 41/50 - Train Loss: 0.0366 - Train Metric: 0.9993
Epoch 41/50 - Val Metric: 0.9992
Epoch 42/50 - Train Loss: 0.0406 - Train Metric: 0.9991
Epoch 42/50 - Val Metric: 0.9986
Epoch 43/50 - Train Loss: 0.0344 - Train Metric: 0.9994
Epoch 43/50 - Val Metric: 0.9990
Epoch 44/50 - Train Loss: 0.0305 - Train Metric: 0.9995
Epoch 44/50 - Val Metric: 0.9994
Epoch 45/50 - Train Loss: 0.0324 - Train Metric: 0.9994
Epoch 45/50 - Val Metric: 0.9992
Epoch 46/50 - Train Loss: 0.0339 - Train Metric: 0.9994
Epoch 46/50 - Val Metric: 0.9993
Epoch 47/50 - Train Loss: 0.0353 - Train Metric: 0.9993
Epoch 47/50 - Val Metric: 0.9987
Epoch 48/50 - Train Loss: 0.0326 - Train Metric: 0.9994
Epoch 48/50 - Val Metric: 0.9991
Epoch 49/50 - Train Loss: 0.0289 - Train Metric: 0.9996
Epoch 49/50 - Val Metric: 0.9993
Epoch 50/50 - Train Loss: 0.0353 - Train Metric: 0.9993
Epoch 50/50 - Val Metric: 0.9990
Best val: 0.9994, Best test: 0.9988
Training set has 8065 instances
Validation set has 1008 instances
Test set has 1009 instances
Epoch 1/50 - Train Loss: 0.6950 - Train Metric: 0.5113
Epoch 1/50 - Val Metric: 0.9184
Epoch 2/50 - Train Loss: 0.6892 - Train Metric: 0.5574
Epoch 2/50 - Val Metric: 0.9297
Epoch 3/50 - Train Loss: 0.7039 - Train Metric: 0.5236
Epoch 3/50 - Val Metric: 0.9155
Epoch 4/50 - Train Loss: 0.6712 - Train Metric: 0.6530
Epoch 4/50 - Val Metric: 0.9192
Epoch 5/50 - Train Loss: 0.4474 - Train Metric: 0.8786
Epoch 5/50 - Val Metric: 0.9543
Epoch 6/50 - Train Loss: 0.3084 - Train Metric: 0.9394
Epoch 6/50 - Val Metric: 0.9604
Epoch 7/50 - Train Loss: 0.2703 - Train Metric: 0.9491
Epoch 7/50 - Val Metric: 0.9702
Epoch 8/50 - Train Loss: 0.2173 - Train Metric: 0.9704
Epoch 8/50 - Val Metric: 0.9889
Epoch 9/50 - Train Loss: 0.1600 - Train Metric: 0.9864
Epoch 9/50 - Val Metric: 0.9856
Epoch 10/50 - Train Loss: 0.1448 - Train Metric: 0.9886
Epoch 10/50 - Val Metric: 0.9974
Epoch 11/50 - Train Loss: 0.1170 - Train Metric: 0.9924
Epoch 11/50 - Val Metric: 0.9945
Epoch 12/50 - Train Loss: 0.0981 - Train Metric: 0.9944
Epoch 12/50 - Val Metric: 0.9987
Epoch 13/50 - Train Loss: 0.0830 - Train Metric: 0.9963
Epoch 13/50 - Val Metric: 0.9990
Epoch 14/50 - Train Loss: 0.0752 - Train Metric: 0.9968
Epoch 14/50 - Val Metric: 0.9991
Epoch 15/50 - Train Loss: 0.0608 - Train Metric: 0.9980
Epoch 15/50 - Val Metric: 0.9995
Epoch 16/50 - Train Loss: 0.0631 - Train Metric: 0.9978
Epoch 16/50 - Val Metric: 0.9995
Epoch 17/50 - Train Loss: 0.0481 - Train Metric: 0.9988
Epoch 17/50 - Val Metric: 0.9990
Epoch 18/50 - Train Loss: 0.0584 - Train Metric: 0.9982
Epoch 18/50 - Val Metric: 0.9995
Epoch 19/50 - Train Loss: 0.0543 - Train Metric: 0.9984
Epoch 19/50 - Val Metric: 0.9997
Epoch 20/50 - Train Loss: 0.0488 - Train Metric: 0.9987
Epoch 20/50 - Val Metric: 0.9992
Epoch 21/50 - Train Loss: 0.0464 - Train Metric: 0.9987
Epoch 21/50 - Val Metric: 0.9998
Epoch 22/50 - Train Loss: 0.0485 - Train Metric: 0.9987
Epoch 22/50 - Val Metric: 0.9995
Epoch 23/50 - Train Loss: 0.0450 - Train Metric: 0.9989
Epoch 23/50 - Val Metric: 0.9996
Epoch 24/50 - Train Loss: 0.0418 - Train Metric: 0.9989
Epoch 24/50 - Val Metric: 0.9998
Epoch 25/50 - Train Loss: 0.0403 - Train Metric: 0.9991
Epoch 25/50 - Val Metric: 0.9997
Epoch 26/50 - Train Loss: 0.0431 - Train Metric: 0.9990
Epoch 26/50 - Val Metric: 0.9997
Epoch 27/50 - Train Loss: 0.0384 - Train Metric: 0.9992
Epoch 27/50 - Val Metric: 0.9991
Epoch 28/50 - Train Loss: 0.0404 - Train Metric: 0.9991
Epoch 28/50 - Val Metric: 0.9998
Epoch 29/50 - Train Loss: 0.0285 - Train Metric: 0.9994
Epoch 29/50 - Val Metric: 0.9999
Epoch 30/50 - Train Loss: 0.0341 - Train Metric: 0.9994
Epoch 30/50 - Val Metric: 0.9998
Epoch 31/50 - Train Loss: 0.0305 - Train Metric: 0.9993
Epoch 31/50 - Val Metric: 0.9996
Epoch 32/50 - Train Loss: 0.0277 - Train Metric: 0.9996
Epoch 32/50 - Val Metric: 0.9996
Epoch 33/50 - Train Loss: 0.0328 - Train Metric: 0.9992
Epoch 33/50 - Val Metric: 0.9996
Epoch 34/50 - Train Loss: 0.0285 - Train Metric: 0.9993
Epoch 34/50 - Val Metric: 0.9997
Epoch 35/50 - Train Loss: 0.0287 - Train Metric: 0.9995
Epoch 35/50 - Val Metric: 0.9996
Epoch 36/50 - Train Loss: 0.0301 - Train Metric: 0.9995
Epoch 36/50 - Val Metric: 0.9998
Epoch 37/50 - Train Loss: 0.0256 - Train Metric: 0.9995
Epoch 37/50 - Val Metric: 0.9996
Epoch 38/50 - Train Loss: 0.0303 - Train Metric: 0.9995
Epoch 38/50 - Val Metric: 0.9994
Epoch 39/50 - Train Loss: 0.0285 - Train Metric: 0.9995
Epoch 39/50 - Val Metric: 0.9997
Epoch 40/50 - Train Loss: 0.0250 - Train Metric: 0.9995
Epoch 40/50 - Val Metric: 0.9997
Epoch 41/50 - Train Loss: 0.0307 - Train Metric: 0.9994
Epoch 41/50 - Val Metric: 0.9997
Epoch 42/50 - Train Loss: 0.0238 - Train Metric: 0.9995
Epoch 42/50 - Val Metric: 0.9999
Epoch 43/50 - Train Loss: 0.0212 - Train Metric: 0.9996
Epoch 43/50 - Val Metric: 0.9997
Epoch 44/50 - Train Loss: 0.0248 - Train Metric: 0.9995
Epoch 44/50 - Val Metric: 0.9998
Epoch 45/50 - Train Loss: 0.0218 - Train Metric: 0.9996
Epoch 45/50 - Val Metric: 0.9999
Epoch 46/50 - Train Loss: 0.0222 - Train Metric: 0.9996
Epoch 46/50 - Val Metric: 0.9998
Epoch 47/50 - Train Loss: 0.0212 - Train Metric: 0.9997
Epoch 47/50 - Val Metric: 0.9998
Epoch 48/50 - Train Loss: 0.0214 - Train Metric: 0.9995
Epoch 48/50 - Val Metric: 0.9997
Epoch 49/50 - Train Loss: 0.0237 - Train Metric: 0.9996
Epoch 49/50 - Val Metric: 0.9998
Epoch 50/50 - Train Loss: 0.0249 - Train Metric: 0.9996
Epoch 50/50 - Val Metric: 0.9998
Best val: 0.9999, Best test: 0.9992
Training set has 8065 instances
Validation set has 1008 instances
Test set has 1009 instances
Epoch 1/50 - Train Loss: 0.6954 - Train Metric: 0.5162
Epoch 1/50 - Val Metric: 0.9004
Epoch 2/50 - Train Loss: 0.6923 - Train Metric: 0.5329
Epoch 2/50 - Val Metric: 0.9016
Epoch 3/50 - Train Loss: 0.6963 - Train Metric: 0.5935
Epoch 3/50 - Val Metric: 0.9083
Epoch 4/50 - Train Loss: 0.6519 - Train Metric: 0.7026
Epoch 4/50 - Val Metric: 0.8268
Epoch 5/50 - Train Loss: 0.4590 - Train Metric: 0.8706
Epoch 5/50 - Val Metric: 0.9479
Epoch 6/50 - Train Loss: 0.3239 - Train Metric: 0.9338
Epoch 6/50 - Val Metric: 0.9535
Epoch 7/50 - Train Loss: 0.2999 - Train Metric: 0.9401
Epoch 7/50 - Val Metric: 0.9567
Epoch 8/50 - Train Loss: 0.2869 - Train Metric: 0.9430
Epoch 8/50 - Val Metric: 0.9577
Epoch 9/50 - Train Loss: 0.2843 - Train Metric: 0.9460
Epoch 9/50 - Val Metric: 0.9626
Epoch 10/50 - Train Loss: 0.2570 - Train Metric: 0.9543
Epoch 10/50 - Val Metric: 0.9660
Epoch 11/50 - Train Loss: 0.2559 - Train Metric: 0.9572
Epoch 11/50 - Val Metric: 0.9718
Epoch 12/50 - Train Loss: 0.2239 - Train Metric: 0.9669
Epoch 12/50 - Val Metric: 0.9780
Epoch 13/50 - Train Loss: 0.1894 - Train Metric: 0.9773
Epoch 13/50 - Val Metric: 0.9828
Epoch 14/50 - Train Loss: 0.1687 - Train Metric: 0.9818
Epoch 14/50 - Val Metric: 0.9869
Epoch 15/50 - Train Loss: 0.1529 - Train Metric: 0.9857
Epoch 15/50 - Val Metric: 0.9888
Epoch 16/50 - Train Loss: 0.1397 - Train Metric: 0.9883
Epoch 16/50 - Val Metric: 0.9906
Epoch 17/50 - Train Loss: 0.1310 - Train Metric: 0.9897
Epoch 17/50 - Val Metric: 0.9910
Epoch 18/50 - Train Loss: 0.1256 - Train Metric: 0.9907
Epoch 18/50 - Val Metric: 0.9945
Epoch 19/50 - Train Loss: 0.1113 - Train Metric: 0.9929
Epoch 19/50 - Val Metric: 0.9964
Epoch 20/50 - Train Loss: 0.0976 - Train Metric: 0.9943
Epoch 20/50 - Val Metric: 0.9958
Epoch 21/50 - Train Loss: 0.1025 - Train Metric: 0.9940
Epoch 21/50 - Val Metric: 0.9973
Epoch 22/50 - Train Loss: 0.0888 - Train Metric: 0.9956
Epoch 22/50 - Val Metric: 0.9973
Epoch 23/50 - Train Loss: 0.0781 - Train Metric: 0.9966
Epoch 23/50 - Val Metric: 0.9974
Epoch 24/50 - Train Loss: 0.0741 - Train Metric: 0.9971
Epoch 24/50 - Val Metric: 0.9990
Epoch 25/50 - Train Loss: 0.0747 - Train Metric: 0.9968
Epoch 25/50 - Val Metric: 0.9992
Epoch 26/50 - Train Loss: 0.0596 - Train Metric: 0.9981
Epoch 26/50 - Val Metric: 0.9993
Epoch 27/50 - Train Loss: 0.0599 - Train Metric: 0.9980
Epoch 27/50 - Val Metric: 0.9992
Epoch 28/50 - Train Loss: 0.0568 - Train Metric: 0.9982
Epoch 28/50 - Val Metric: 0.9990
Epoch 29/50 - Train Loss: 0.0624 - Train Metric: 0.9978
Epoch 29/50 - Val Metric: 0.9994
Epoch 30/50 - Train Loss: 0.0480 - Train Metric: 0.9987
Epoch 30/50 - Val Metric: 0.9988
Epoch 31/50 - Train Loss: 0.0513 - Train Metric: 0.9986
Epoch 31/50 - Val Metric: 0.9989
Epoch 32/50 - Train Loss: 0.0443 - Train Metric: 0.9990
Epoch 32/50 - Val Metric: 0.9996
Epoch 33/50 - Train Loss: 0.0489 - Train Metric: 0.9987
Epoch 33/50 - Val Metric: 0.9996
Epoch 34/50 - Train Loss: 0.0526 - Train Metric: 0.9985
Epoch 34/50 - Val Metric: 0.9991
Epoch 35/50 - Train Loss: 0.0452 - Train Metric: 0.9989
Epoch 35/50 - Val Metric: 0.9996
Epoch 36/50 - Train Loss: 0.0423 - Train Metric: 0.9990
Epoch 36/50 - Val Metric: 0.9997
Epoch 37/50 - Train Loss: 0.0493 - Train Metric: 0.9986
Epoch 37/50 - Val Metric: 0.9995
Epoch 38/50 - Train Loss: 0.0415 - Train Metric: 0.9990
Epoch 38/50 - Val Metric: 0.9992
Epoch 39/50 - Train Loss: 0.0394 - Train Metric: 0.9991
Epoch 39/50 - Val Metric: 0.9996
Epoch 40/50 - Train Loss: 0.0334 - Train Metric: 0.9994
Epoch 40/50 - Val Metric: 0.9997
Epoch 41/50 - Train Loss: 0.0350 - Train Metric: 0.9993
Epoch 41/50 - Val Metric: 0.9996
Epoch 42/50 - Train Loss: 0.0342 - Train Metric: 0.9994
Epoch 42/50 - Val Metric: 0.9998
Epoch 43/50 - Train Loss: 0.0334 - Train Metric: 0.9994
Epoch 43/50 - Val Metric: 0.9998
Epoch 44/50 - Train Loss: 0.0372 - Train Metric: 0.9993
Epoch 44/50 - Val Metric: 0.9999
Epoch 45/50 - Train Loss: 0.0408 - Train Metric: 0.9990
Epoch 45/50 - Val Metric: 0.9998
Epoch 46/50 - Train Loss: 0.0322 - Train Metric: 0.9994
Epoch 46/50 - Val Metric: 0.9999
Epoch 47/50 - Train Loss: 0.0319 - Train Metric: 0.9995
Epoch 47/50 - Val Metric: 0.9999
Epoch 48/50 - Train Loss: 0.0347 - Train Metric: 0.9993
Epoch 48/50 - Val Metric: 0.9998
Epoch 49/50 - Train Loss: 0.0316 - Train Metric: 0.9994
Epoch 49/50 - Val Metric: 0.9998
Epoch 50/50 - Train Loss: 0.0314 - Train Metric: 0.9995
Epoch 50/50 - Val Metric: 0.9999
Best val: 0.9999, Best test: 0.9989
Training set has 8065 instances
Validation set has 1008 instances
Test set has 1009 instances
Epoch 1/50 - Train Loss: 0.6984 - Train Metric: 0.5195
Epoch 1/50 - Val Metric: 0.8971
Epoch 2/50 - Train Loss: 0.6939 - Train Metric: 0.5293
Epoch 2/50 - Val Metric: 0.9093
Epoch 3/50 - Train Loss: 0.6945 - Train Metric: 0.5291
Epoch 3/50 - Val Metric: 0.9080
Epoch 4/50 - Train Loss: 0.6785 - Train Metric: 0.5929
Epoch 4/50 - Val Metric: 0.9218
Epoch 5/50 - Train Loss: 0.3928 - Train Metric: 0.9044
Epoch 5/50 - Val Metric: 0.9444
Epoch 6/50 - Train Loss: 0.2859 - Train Metric: 0.9455
Epoch 6/50 - Val Metric: 0.9516
Epoch 7/50 - Train Loss: 0.2666 - Train Metric: 0.9493
Epoch 7/50 - Val Metric: 0.9557
Epoch 8/50 - Train Loss: 0.2420 - Train Metric: 0.9604
Epoch 8/50 - Val Metric: 0.9667
Epoch 9/50 - Train Loss: 0.2256 - Train Metric: 0.9676
Epoch 9/50 - Val Metric: 0.9699
Epoch 10/50 - Train Loss: 0.2016 - Train Metric: 0.9748
Epoch 10/50 - Val Metric: 0.9764
Epoch 11/50 - Train Loss: 0.1838 - Train Metric: 0.9788
Epoch 11/50 - Val Metric: 0.9798
Epoch 12/50 - Train Loss: 0.1649 - Train Metric: 0.9836
Epoch 12/50 - Val Metric: 0.9838
Epoch 13/50 - Train Loss: 0.1475 - Train Metric: 0.9867
Epoch 13/50 - Val Metric: 0.9849
Epoch 14/50 - Train Loss: 0.1320 - Train Metric: 0.9902
Epoch 14/50 - Val Metric: 0.9906
Epoch 15/50 - Train Loss: 0.1172 - Train Metric: 0.9922
Epoch 15/50 - Val Metric: 0.9924
Epoch 16/50 - Train Loss: 0.1165 - Train Metric: 0.9919
Epoch 16/50 - Val Metric: 0.9892
Epoch 17/50 - Train Loss: 0.1107 - Train Metric: 0.9929
Epoch 17/50 - Val Metric: 0.9938
Epoch 18/50 - Train Loss: 0.0937 - Train Metric: 0.9947
Epoch 18/50 - Val Metric: 0.9919
Epoch 19/50 - Train Loss: 0.0925 - Train Metric: 0.9950
Epoch 19/50 - Val Metric: 0.9944
Epoch 20/50 - Train Loss: 0.0808 - Train Metric: 0.9962
Epoch 20/50 - Val Metric: 0.9974
Epoch 21/50 - Train Loss: 0.0605 - Train Metric: 0.9979
Epoch 21/50 - Val Metric: 0.9978
Epoch 22/50 - Train Loss: 0.0579 - Train Metric: 0.9978
Epoch 22/50 - Val Metric: 0.9973
Epoch 23/50 - Train Loss: 0.0561 - Train Metric: 0.9982
Epoch 23/50 - Val Metric: 0.9985
Epoch 24/50 - Train Loss: 0.0499 - Train Metric: 0.9983
Epoch 24/50 - Val Metric: 0.9991
Epoch 25/50 - Train Loss: 0.0529 - Train Metric: 0.9982
Epoch 25/50 - Val Metric: 0.9969
Epoch 26/50 - Train Loss: 0.0523 - Train Metric: 0.9983
Epoch 26/50 - Val Metric: 0.9985
Epoch 27/50 - Train Loss: 0.0419 - Train Metric: 0.9989
Epoch 27/50 - Val Metric: 0.9990
Epoch 28/50 - Train Loss: 0.0444 - Train Metric: 0.9987
Epoch 28/50 - Val Metric: 0.9992
Epoch 29/50 - Train Loss: 0.0516 - Train Metric: 0.9982
Epoch 29/50 - Val Metric: 0.9993
Epoch 30/50 - Train Loss: 0.0409 - Train Metric: 0.9989
Epoch 30/50 - Val Metric: 0.9992
Epoch 31/50 - Train Loss: 0.0364 - Train Metric: 0.9989
Epoch 31/50 - Val Metric: 0.9991
Epoch 32/50 - Train Loss: 0.0490 - Train Metric: 0.9984
Epoch 32/50 - Val Metric: 0.9992
Epoch 33/50 - Train Loss: 0.0386 - Train Metric: 0.9990
Epoch 33/50 - Val Metric: 0.9994
Epoch 34/50 - Train Loss: 0.0376 - Train Metric: 0.9988
Epoch 34/50 - Val Metric: 0.9996
Epoch 35/50 - Train Loss: 0.0365 - Train Metric: 0.9989
Epoch 35/50 - Val Metric: 0.9981
Epoch 36/50 - Train Loss: 0.0386 - Train Metric: 0.9989
Epoch 36/50 - Val Metric: 0.9995
Epoch 37/50 - Train Loss: 0.0305 - Train Metric: 0.9991
Epoch 37/50 - Val Metric: 0.9995
Epoch 38/50 - Train Loss: 0.0360 - Train Metric: 0.9989
Epoch 38/50 - Val Metric: 0.9989
Epoch 39/50 - Train Loss: 0.0463 - Train Metric: 0.9986
Epoch 39/50 - Val Metric: 0.9996
Epoch 40/50 - Train Loss: 0.0323 - Train Metric: 0.9991
Epoch 40/50 - Val Metric: 0.9996
Epoch 41/50 - Train Loss: 0.0294 - Train Metric: 0.9991
Epoch 41/50 - Val Metric: 0.9996
Epoch 42/50 - Train Loss: 0.0296 - Train Metric: 0.9991
Epoch 42/50 - Val Metric: 0.9996
Epoch 43/50 - Train Loss: 0.0326 - Train Metric: 0.9990
Epoch 43/50 - Val Metric: 0.9996
Epoch 44/50 - Train Loss: 0.0335 - Train Metric: 0.9990
Epoch 44/50 - Val Metric: 0.9995
Epoch 45/50 - Train Loss: 0.0286 - Train Metric: 0.9992
Epoch 45/50 - Val Metric: 0.9996
Epoch 46/50 - Train Loss: 0.0282 - Train Metric: 0.9992
Epoch 46/50 - Val Metric: 0.9992
Epoch 47/50 - Train Loss: 0.0287 - Train Metric: 0.9991
Epoch 47/50 - Val Metric: 0.9986
Epoch 48/50 - Train Loss: 0.0293 - Train Metric: 0.9991
Epoch 48/50 - Val Metric: 0.9994
Epoch 49/50 - Train Loss: 0.0260 - Train Metric: 0.9992
Epoch 49/50 - Val Metric: 0.9995
Epoch 50/50 - Train Loss: 0.0248 - Train Metric: 0.9992
Epoch 50/50 - Val Metric: 0.9998
Best val: 0.9998, Best test: 0.9977
[0.99946964 0.99880922 0.99919438 0.99886447 0.99767643]
