Start building binary_classification dataset_small_0
Start building binary_classification dataset_small_1
Start building binary_classification dataset_small_2
Start building binary_classification dataset_small_3
Start building binary_classification dataset_small_4
Start building binary_classification dataset_small_5
Start building binary_classification dataset_small_6
Start building binary_classification dataset_small_7
Start building binary_classification dataset_small_8
Start building binary_classification dataset_small_9
Start building binary_classification dataset_small_10
Start building binary_classification dataset_small_11
Start building binary_classification dataset_small_12
Start building binary_classification dataset_small_13
Original dataset:
C_feature_0
{<StatType.COUNT: 'COUNT'>: (['Private', 'Self-emp-not-inc', 'Local-gov', 'nan', 'State-gov', 'Self-emp-inc', 'Federal-gov', 'Without-pay', 'Never-worked'], [33906, 3862, 3136, 2799, 1981, 1695, 1432, 21, 10])}
C_feature_1
{<StatType.COUNT: 'COUNT'>: (['HS-grad', 'Some-college', 'Bachelors', 'Masters', 'Assoc-voc', '11th', 'Assoc-acdm', '10th', '7th-8th', 'Prof-school', '9th', '12th', 'Doctorate', '5th-6th', '1st-4th', 'Preschool'], [15784, 10878, 8025, 2657, 2061, 1812, 1601, 1389, 955, 834, 756, 657, 594, 509, 247, 83])}
C_feature_2
{<StatType.COUNT: 'COUNT'>: (['Married-civ-spouse', 'Never-married', 'Divorced', 'Separated', 'Widowed', 'Married-spouse-absent', 'Married-AF-spouse'], [22379, 16117, 6633, 1530, 1518, 628, 37])}
C_feature_3
{<StatType.COUNT: 'COUNT'>: (['Prof-specialty', 'Craft-repair', 'Exec-managerial', 'Adm-clerical', 'Sales', 'Other-service', 'Machine-op-inspct', 'nan', 'Transport-moving', 'Handlers-cleaners', 'Farming-fishing', 'Tech-support', 'Protective-serv', 'Priv-house-serv', 'Armed-Forces'], [6172, 6112, 6086, 5611, 5504, 4923, 3022, 2809, 2355, 2072, 1490, 1446, 983, 242, 15])}
C_feature_4
{<StatType.COUNT: 'COUNT'>: (['Husband', 'Not-in-family', 'Own-child', 'Unmarried', 'Wife', 'Other-relative'], [19716, 12583, 7581, 5125, 2331, 1506])}
C_feature_5
{<StatType.COUNT: 'COUNT'>: (['White', 'Black', 'Asian-Pac-Islander', 'Amer-Indian-Eskimo', 'Other'], [41762, 4685, 1519, 470, 406])}
C_feature_6
{<StatType.COUNT: 'COUNT'>: (['Male', 'Female'], [32650, 16192])}
C_feature_7
{<StatType.COUNT: 'COUNT'>: (['United-States', 'Mexico', 'nan', 'Philippines', 'Germany', 'Puerto-Rico', 'Canada', 'El-Salvador', 'India', 'Cuba', 'England', 'China', 'South', 'Jamaica', 'Italy', 'Dominican-Republic', 'Japan', 'Guatemala', 'Poland', 'Vietnam', 'Columbia', 'Haiti', 'Portugal', 'Taiwan', 'Iran', 'Greece', 'Nicaragua', 'Peru', 'Ecuador', 'France', 'Ireland', 'Thailand', 'Hong', 'Cambodia', 'Trinadad&Tobago', 'Yugoslavia', 'Outlying-US(Guam-USVI-etc)', 'Laos', 'Scotland', 'Honduras', 'Hungary', 'Holand-Netherlands'], [43832, 951, 857, 295, 206, 184, 182, 155, 151, 138, 127, 122, 115, 106, 105, 103, 92, 88, 87, 86, 85, 75, 67, 65, 59, 49, 49, 46, 45, 38, 37, 30, 30, 28, 27, 23, 23, 23, 21, 20, 19, 1])}
N_feature_0
{<StatType.MEAN: 'MEAN'>: 38.64358543876172, <StatType.STD: 'STD'>: 13.71036957798689, <StatType.QUANTILES: 'QUANTILES'>: [17.0, 28.0, 37.0, 48.0, 90.0]}
N_feature_1
{<StatType.MEAN: 'MEAN'>: 189664.13459727284, <StatType.STD: 'STD'>: 105602.94433960247, <StatType.QUANTILES: 'QUANTILES'>: [12285.0, 117550.5, 178144.5, 237642.0, 1490400.0]}
N_feature_2
{<StatType.MEAN: 'MEAN'>: 10.078088530363212, <StatType.STD: 'STD'>: 2.5709464361754084, <StatType.QUANTILES: 'QUANTILES'>: [1.0, 9.0, 10.0, 12.0, 16.0]}
N_feature_3
{<StatType.MEAN: 'MEAN'>: 1079.0676262233324, <StatType.STD: 'STD'>: 7451.942770267475, <StatType.QUANTILES: 'QUANTILES'>: [0.0, 0.0, 0.0, 0.0, 99999.0]}
N_feature_4
{<StatType.MEAN: 'MEAN'>: 87.50231358257237, <StatType.STD: 'STD'>: 403.0004265089569, <StatType.QUANTILES: 'QUANTILES'>: [0.0, 0.0, 0.0, 0.0, 4356.0]}
N_feature_5
{<StatType.MEAN: 'MEAN'>: 40.422382375824085, <StatType.STD: 'STD'>: 12.391317171262553, <StatType.QUANTILES: 'QUANTILES'>: [1.0, 40.0, 40.0, 45.0, 99.0]}
target_col
{<StatType.COUNT: 'COUNT'>: ([0, 1], [37155, 11687])}


Sampled dataset:
C_feature_0
{<StatType.COUNT: 'COUNT'>: (['Private'], [2])}
C_feature_1
{<StatType.COUNT: 'COUNT'>: (['HS-grad', 'Bachelors'], [1, 1])}
C_feature_2
{<StatType.COUNT: 'COUNT'>: (['Divorced', 'Married-civ-spouse'], [1, 1])}
C_feature_3
{<StatType.COUNT: 'COUNT'>: (['Other-service', 'Transport-moving'], [1, 1])}
C_feature_4
{<StatType.COUNT: 'COUNT'>: (['Not-in-family', 'Husband'], [1, 1])}
C_feature_5
{<StatType.COUNT: 'COUNT'>: (['White'], [2])}
C_feature_6
{<StatType.COUNT: 'COUNT'>: (['Male'], [2])}
C_feature_7
{<StatType.COUNT: 'COUNT'>: (['Portugal', 'United-States'], [1, 1])}
N_feature_0
{<StatType.MEAN: 'MEAN'>: 50.0, <StatType.STD: 'STD'>: 1.0, <StatType.QUANTILES: 'QUANTILES'>: [49.0, 49.5, 50.0, 50.5, 51.0]}
N_feature_1
{<StatType.MEAN: 'MEAN'>: 135465.0, <StatType.STD: 'STD'>: 28456.0, <StatType.QUANTILES: 'QUANTILES'>: [107009.0, 121237.0, 135465.0, 149693.0, 163921.0]}
N_feature_2
{<StatType.MEAN: 'MEAN'>: 11.0, <StatType.STD: 'STD'>: 2.0, <StatType.QUANTILES: 'QUANTILES'>: [9.0, 10.0, 11.0, 12.0, 13.0]}
N_feature_3
{<StatType.MEAN: 'MEAN'>: 0.0, <StatType.STD: 'STD'>: 0.0, <StatType.QUANTILES: 'QUANTILES'>: [0.0, 0.0, 0.0, 0.0, 0.0]}
N_feature_4
{<StatType.MEAN: 'MEAN'>: 0.0, <StatType.STD: 'STD'>: 0.0, <StatType.QUANTILES: 'QUANTILES'>: [0.0, 0.0, 0.0, 0.0, 0.0]}
N_feature_5
{<StatType.MEAN: 'MEAN'>: 48.0, <StatType.STD: 'STD'>: 8.0, <StatType.QUANTILES: 'QUANTILES'>: [40.0, 44.0, 48.0, 52.0, 56.0]}
target_col
{<StatType.COUNT: 'COUNT'>: ([0, 1], [1, 1])}
Train dataset has 2 instances.
34370    0
23674    1
Name: target_col, dtype: int64
Debug: 
            C_feature_0 C_feature_1  ...      C_feature_3     C_feature_4
45383           Private     HS-grad  ...            Sales  Other-relative
41356  Self-emp-not-inc   Assoc-voc  ...  Farming-fishing         Husband
41829         Local-gov   Bachelors  ...     Adm-clerical       Own-child
38773           Private   Bachelors  ...     Tech-support       Unmarried
1923            Private        10th  ...            Sales       Own-child

[5 rows x 5 columns]
      C_feature_5 C_feature_6    C_feature_7  N_feature_0  N_feature_1
45383       White      Female  United-States         43.0     175943.0
41356       White        Male  United-States         28.0     169460.0
41829       White      Female  United-States         22.0     111697.0
38773       Black      Female  United-States         44.0      39581.0
1923        White        Male  United-States         17.0     327434.0
Debug: 
      C_feature_0 C_feature_1         C_feature_2 C_feature_3 C_feature_4
45383     Private     HS-grad  Married-civ-spouse          -1          -1
41356          -1          -1  Married-civ-spouse          -1     Husband
41829          -1   Bachelors                  -1          -1          -1
38773     Private   Bachelors                  -1          -1          -1
1923      Private          -1                  -1          -1          -1
      C_feature_5 C_feature_6    C_feature_7  N_feature_0  N_feature_1
45383       White          -1  United-States         43.0     175943.0
41356       White        Male  United-States         28.0     169460.0
41829       White          -1  United-States         22.0     111697.0
38773          -1          -1  United-States         44.0      39581.0
1923        White        Male  United-States         17.0     327434.0
Training set has 2 instances
Validation set has 4884 instances
Test set has 4885 instances
Freeze Transformer Blocks
Add new task, now model has 14 tasks
