Hyper-parameter search via Optuna
Namespace(task_type='binary_classification', scale='small', idx=0, epochs=50, num_trials=20, num_repeats=5, seed=0, exp_name='MemPerceiver_ens', result_path='output/binary_classification/small/0/MemPerceiver_ens.pt')
Device: cuda
Start building binary_classification dataset_small_0
Training set has 26048 instances
Validation set has 3256 instances
Test set has 3257 instances
Epoch 1/50 - Train Loss: 0.4890 - Train Metric: 0.7436
Epoch 1/50 - Val Metric: 0.8528
Epoch 2/50 - Train Loss: 0.4032 - Train Metric: 0.8479
Epoch 2/50 - Val Metric: 0.8662
Epoch 3/50 - Train Loss: 0.3829 - Train Metric: 0.8628
Epoch 3/50 - Val Metric: 0.8791
Epoch 4/50 - Train Loss: 0.3691 - Train Metric: 0.8738
Epoch 4/50 - Val Metric: 0.8860
Epoch 5/50 - Train Loss: 0.3566 - Train Metric: 0.8838
Epoch 5/50 - Val Metric: 0.8958
Epoch 6/50 - Train Loss: 0.3502 - Train Metric: 0.8880
Epoch 6/50 - Val Metric: 0.8994
Epoch 7/50 - Train Loss: 0.3430 - Train Metric: 0.8934
Epoch 7/50 - Val Metric: 0.9032
Epoch 8/50 - Train Loss: 0.3393 - Train Metric: 0.8955
Epoch 8/50 - Val Metric: 0.9060
Epoch 9/50 - Train Loss: 0.3337 - Train Metric: 0.8992
Epoch 9/50 - Val Metric: 0.9071
Epoch 10/50 - Train Loss: 0.3293 - Train Metric: 0.9017
Epoch 10/50 - Val Metric: 0.9081
Epoch 11/50 - Train Loss: 0.3252 - Train Metric: 0.9043
Epoch 11/50 - Val Metric: 0.9084
Epoch 12/50 - Train Loss: 0.3242 - Train Metric: 0.9048
Epoch 12/50 - Val Metric: 0.9094
Epoch 13/50 - Train Loss: 0.3241 - Train Metric: 0.9046
Epoch 13/50 - Val Metric: 0.9101
Epoch 14/50 - Train Loss: 0.3232 - Train Metric: 0.9051
Epoch 14/50 - Val Metric: 0.9101
Epoch 15/50 - Train Loss: 0.3232 - Train Metric: 0.9048
Epoch 15/50 - Val Metric: 0.9105
Epoch 16/50 - Train Loss: 0.3205 - Train Metric: 0.9066
Epoch 16/50 - Val Metric: 0.9118
Epoch 17/50 - Train Loss: 0.3193 - Train Metric: 0.9073
Epoch 17/50 - Val Metric: 0.9119
Epoch 18/50 - Train Loss: 0.3201 - Train Metric: 0.9067
Epoch 18/50 - Val Metric: 0.9125
Epoch 19/50 - Train Loss: 0.3199 - Train Metric: 0.9069
Epoch 19/50 - Val Metric: 0.9111
Epoch 20/50 - Train Loss: 0.3186 - Train Metric: 0.9076
Epoch 20/50 - Val Metric: 0.9127
Epoch 21/50 - Train Loss: 0.3192 - Train Metric: 0.9070
Epoch 21/50 - Val Metric: 0.9118
Epoch 22/50 - Train Loss: 0.3183 - Train Metric: 0.9076
Epoch 22/50 - Val Metric: 0.9125
Epoch 23/50 - Train Loss: 0.3178 - Train Metric: 0.9080
Epoch 23/50 - Val Metric: 0.9127
Epoch 24/50 - Train Loss: 0.3178 - Train Metric: 0.9078
Epoch 24/50 - Val Metric: 0.9128
Epoch 25/50 - Train Loss: 0.3169 - Train Metric: 0.9085
Epoch 25/50 - Val Metric: 0.9130
Epoch 26/50 - Train Loss: 0.3171 - Train Metric: 0.9083
Epoch 26/50 - Val Metric: 0.9130
Epoch 27/50 - Train Loss: 0.3167 - Train Metric: 0.9084
Epoch 27/50 - Val Metric: 0.9133
Epoch 28/50 - Train Loss: 0.3171 - Train Metric: 0.9083
Epoch 28/50 - Val Metric: 0.9131
Epoch 29/50 - Train Loss: 0.3160 - Train Metric: 0.9090
Epoch 29/50 - Val Metric: 0.9134
Epoch 30/50 - Train Loss: 0.3164 - Train Metric: 0.9086
Epoch 30/50 - Val Metric: 0.9133
Epoch 31/50 - Train Loss: 0.3155 - Train Metric: 0.9092
Epoch 31/50 - Val Metric: 0.9133
Epoch 32/50 - Train Loss: 0.3161 - Train Metric: 0.9088
Epoch 32/50 - Val Metric: 0.9135
Epoch 33/50 - Train Loss: 0.3156 - Train Metric: 0.9092
Epoch 33/50 - Val Metric: 0.9137
Epoch 34/50 - Train Loss: 0.3156 - Train Metric: 0.9091
Epoch 34/50 - Val Metric: 0.9137
Epoch 35/50 - Train Loss: 0.3152 - Train Metric: 0.9092
Epoch 35/50 - Val Metric: 0.9136
Epoch 36/50 - Train Loss: 0.3151 - Train Metric: 0.9096
Epoch 36/50 - Val Metric: 0.9139
Epoch 37/50 - Train Loss: 0.3150 - Train Metric: 0.9095
Epoch 37/50 - Val Metric: 0.9135
Epoch 38/50 - Train Loss: 0.3140 - Train Metric: 0.9100
Epoch 38/50 - Val Metric: 0.9136
Epoch 39/50 - Train Loss: 0.3147 - Train Metric: 0.9096
Epoch 39/50 - Val Metric: 0.9137
Epoch 40/50 - Train Loss: 0.3146 - Train Metric: 0.9096
Epoch 40/50 - Val Metric: 0.9139
Epoch 41/50 - Train Loss: 0.3144 - Train Metric: 0.9096
Epoch 41/50 - Val Metric: 0.9138
Epoch 42/50 - Train Loss: 0.3146 - Train Metric: 0.9098
Epoch 42/50 - Val Metric: 0.9142
Epoch 43/50 - Train Loss: 0.3135 - Train Metric: 0.9103
Epoch 43/50 - Val Metric: 0.9141
Epoch 44/50 - Train Loss: 0.3140 - Train Metric: 0.9099
Epoch 44/50 - Val Metric: 0.9140
Epoch 45/50 - Train Loss: 0.3144 - Train Metric: 0.9097
Epoch 45/50 - Val Metric: 0.9141
Epoch 46/50 - Train Loss: 0.3140 - Train Metric: 0.9099
Epoch 46/50 - Val Metric: 0.9141
Epoch 47/50 - Train Loss: 0.3135 - Train Metric: 0.9103
Epoch 47/50 - Val Metric: 0.9141
Epoch 48/50 - Train Loss: 0.3133 - Train Metric: 0.9103
Epoch 48/50 - Val Metric: 0.9141
Epoch 49/50 - Train Loss: 0.3141 - Train Metric: 0.9098
Epoch 49/50 - Val Metric: 0.9143
Epoch 50/50 - Train Loss: 0.3134 - Train Metric: 0.9102
Epoch 50/50 - Val Metric: 0.9138
Best val: 0.9143, Best test: 0.9009
Training set has 26048 instances
Validation set has 3256 instances
Test set has 3257 instances
Epoch 1/50 - Train Loss: 0.4076 - Train Metric: 0.8330
Epoch 1/50 - Val Metric: 0.8997
Epoch 2/50 - Train Loss: 0.3237 - Train Metric: 0.9023
Epoch 2/50 - Val Metric: 0.8979
Epoch 3/50 - Train Loss: 0.3141 - Train Metric: 0.9079
Epoch 3/50 - Val Metric: 0.9092
Epoch 4/50 - Train Loss: 0.3108 - Train Metric: 0.9098
Epoch 4/50 - Val Metric: 0.9084
Epoch 5/50 - Train Loss: 0.3036 - Train Metric: 0.9137
Epoch 5/50 - Val Metric: 0.9119
Epoch 6/50 - Train Loss: 0.2984 - Train Metric: 0.9170
Epoch 6/50 - Val Metric: 0.9100
Epoch 7/50 - Train Loss: 0.3002 - Train Metric: 0.9161
Epoch 7/50 - Val Metric: 0.9114
Epoch 8/50 - Train Loss: 0.2993 - Train Metric: 0.9164
Epoch 8/50 - Val Metric: 0.9113
Epoch 9/50 - Train Loss: 0.2959 - Train Metric: 0.9181
Epoch 9/50 - Val Metric: 0.9102
Epoch 10/50 - Train Loss: 0.2945 - Train Metric: 0.9191
Epoch 10/50 - Val Metric: 0.9115
Epoch 11/50 - Train Loss: 0.2945 - Train Metric: 0.9193
Epoch 11/50 - Val Metric: 0.9138
Epoch 12/50 - Train Loss: 0.2899 - Train Metric: 0.9220
Epoch 12/50 - Val Metric: 0.9126
Epoch 13/50 - Train Loss: 0.2885 - Train Metric: 0.9226
Epoch 13/50 - Val Metric: 0.9111
Epoch 14/50 - Train Loss: 0.2883 - Train Metric: 0.9231
Epoch 14/50 - Val Metric: 0.9149
Epoch 15/50 - Train Loss: 0.2869 - Train Metric: 0.9237
Epoch 15/50 - Val Metric: 0.9131
Epoch 16/50 - Train Loss: 0.2852 - Train Metric: 0.9246
Epoch 16/50 - Val Metric: 0.9092
Epoch 17/50 - Train Loss: 0.2879 - Train Metric: 0.9234
Epoch 17/50 - Val Metric: 0.9112
Epoch 18/50 - Train Loss: 0.2820 - Train Metric: 0.9262
Epoch 18/50 - Val Metric: 0.9107
Epoch 19/50 - Train Loss: 0.2788 - Train Metric: 0.9281
Epoch 19/50 - Val Metric: 0.9120
Epoch 20/50 - Train Loss: 0.2767 - Train Metric: 0.9291
Epoch 20/50 - Val Metric: 0.9128
Epoch 21/50 - Train Loss: 0.2721 - Train Metric: 0.9315
Epoch 21/50 - Val Metric: 0.9109
Epoch 22/50 - Train Loss: 0.2722 - Train Metric: 0.9316
Epoch 22/50 - Val Metric: 0.9118
Epoch 23/50 - Train Loss: 0.2688 - Train Metric: 0.9333
Epoch 23/50 - Val Metric: 0.9117
Epoch 24/50 - Train Loss: 0.2670 - Train Metric: 0.9342
Epoch 24/50 - Val Metric: 0.9119
Epoch 25/50 - Train Loss: 0.2619 - Train Metric: 0.9368
Epoch 25/50 - Val Metric: 0.9107
Epoch 26/50 - Train Loss: 0.2615 - Train Metric: 0.9375
Epoch 26/50 - Val Metric: 0.9081
Epoch 27/50 - Train Loss: 0.2579 - Train Metric: 0.9391
Epoch 27/50 - Val Metric: 0.9108
Epoch 28/50 - Train Loss: 0.2566 - Train Metric: 0.9398
Epoch 28/50 - Val Metric: 0.9084
Epoch 29/50 - Train Loss: 0.2533 - Train Metric: 0.9412
Epoch 29/50 - Val Metric: 0.9080
Epoch 30/50 - Train Loss: 0.2507 - Train Metric: 0.9427
Epoch 30/50 - Val Metric: 0.9066
Epoch 31/50 - Train Loss: 0.2477 - Train Metric: 0.9441
Epoch 31/50 - Val Metric: 0.9047
Epoch 32/50 - Train Loss: 0.2450 - Train Metric: 0.9454
Epoch 32/50 - Val Metric: 0.9067
Epoch 33/50 - Train Loss: 0.2437 - Train Metric: 0.9459
Epoch 33/50 - Val Metric: 0.9057
Epoch 34/50 - Train Loss: 0.2417 - Train Metric: 0.9471
Epoch 34/50 - Val Metric: 0.9037
Epoch 35/50 - Train Loss: 0.2381 - Train Metric: 0.9487
Epoch 35/50 - Val Metric: 0.9039
Epoch 36/50 - Train Loss: 0.2359 - Train Metric: 0.9496
Epoch 36/50 - Val Metric: 0.9051
Epoch 37/50 - Train Loss: 0.2345 - Train Metric: 0.9502
Epoch 37/50 - Val Metric: 0.9030
Epoch 38/50 - Train Loss: 0.2321 - Train Metric: 0.9512
Epoch 38/50 - Val Metric: 0.9037
Epoch 39/50 - Train Loss: 0.2300 - Train Metric: 0.9521
Epoch 39/50 - Val Metric: 0.9014
Epoch 40/50 - Train Loss: 0.2276 - Train Metric: 0.9530
Epoch 40/50 - Val Metric: 0.9006
Epoch 41/50 - Train Loss: 0.2261 - Train Metric: 0.9536
Epoch 41/50 - Val Metric: 0.9008
Epoch 42/50 - Train Loss: 0.2255 - Train Metric: 0.9539
Epoch 42/50 - Val Metric: 0.8972
Epoch 43/50 - Train Loss: 0.2243 - Train Metric: 0.9543
Epoch 43/50 - Val Metric: 0.8995
Epoch 44/50 - Train Loss: 0.2217 - Train Metric: 0.9553
Epoch 44/50 - Val Metric: 0.8984
Epoch 45/50 - Train Loss: 0.2205 - Train Metric: 0.9558
Epoch 45/50 - Val Metric: 0.8976
Epoch 46/50 - Train Loss: 0.2190 - Train Metric: 0.9564
Epoch 46/50 - Val Metric: 0.8987
Epoch 47/50 - Train Loss: 0.2183 - Train Metric: 0.9568
Epoch 47/50 - Val Metric: 0.8972
Epoch 48/50 - Train Loss: 0.2176 - Train Metric: 0.9569
Epoch 48/50 - Val Metric: 0.8974
Epoch 49/50 - Train Loss: 0.2154 - Train Metric: 0.9577
Epoch 49/50 - Val Metric: 0.8967
Epoch 50/50 - Train Loss: 0.2150 - Train Metric: 0.9578
Epoch 50/50 - Val Metric: 0.8972
Best val: 0.9149, Best test: 0.9110
Training set has 26048 instances
Validation set has 3256 instances
Test set has 3257 instances
Epoch 1/50 - Train Loss: 0.4381 - Train Metric: 0.8022
Epoch 1/50 - Val Metric: 0.8981
Epoch 2/50 - Train Loss: 0.3430 - Train Metric: 0.8923
Epoch 2/50 - Val Metric: 0.9091
Epoch 3/50 - Train Loss: 0.3266 - Train Metric: 0.9026
Epoch 3/50 - Val Metric: 0.9110
Epoch 4/50 - Train Loss: 0.3243 - Train Metric: 0.9034
Epoch 4/50 - Val Metric: 0.9132
Epoch 5/50 - Train Loss: 0.3191 - Train Metric: 0.9068
Epoch 5/50 - Val Metric: 0.9156
Epoch 6/50 - Train Loss: 0.3182 - Train Metric: 0.9074
Epoch 6/50 - Val Metric: 0.9164
Epoch 7/50 - Train Loss: 0.3143 - Train Metric: 0.9094
Epoch 7/50 - Val Metric: 0.9143
Epoch 8/50 - Train Loss: 0.3128 - Train Metric: 0.9096
Epoch 8/50 - Val Metric: 0.9141
Epoch 9/50 - Train Loss: 0.3097 - Train Metric: 0.9121
Epoch 9/50 - Val Metric: 0.9148
Epoch 10/50 - Train Loss: 0.3090 - Train Metric: 0.9118
Epoch 10/50 - Val Metric: 0.9165
Epoch 11/50 - Train Loss: 0.3079 - Train Metric: 0.9131
Epoch 11/50 - Val Metric: 0.9084
Epoch 12/50 - Train Loss: 0.3112 - Train Metric: 0.9113
Epoch 12/50 - Val Metric: 0.9178
Epoch 13/50 - Train Loss: 0.3067 - Train Metric: 0.9135
Epoch 13/50 - Val Metric: 0.9133
Epoch 14/50 - Train Loss: 0.3052 - Train Metric: 0.9146
Epoch 14/50 - Val Metric: 0.9112
Epoch 15/50 - Train Loss: 0.3053 - Train Metric: 0.9150
Epoch 15/50 - Val Metric: 0.9173
Epoch 16/50 - Train Loss: 0.3041 - Train Metric: 0.9152
Epoch 16/50 - Val Metric: 0.9173
Epoch 17/50 - Train Loss: 0.3034 - Train Metric: 0.9160
Epoch 17/50 - Val Metric: 0.9144
Epoch 18/50 - Train Loss: 0.3031 - Train Metric: 0.9159
Epoch 18/50 - Val Metric: 0.9170
Epoch 19/50 - Train Loss: 0.3017 - Train Metric: 0.9166
Epoch 19/50 - Val Metric: 0.9165
Epoch 20/50 - Train Loss: 0.2993 - Train Metric: 0.9179
Epoch 20/50 - Val Metric: 0.9171
Epoch 21/50 - Train Loss: 0.3006 - Train Metric: 0.9173
Epoch 21/50 - Val Metric: 0.9159
Epoch 22/50 - Train Loss: 0.3000 - Train Metric: 0.9171
Epoch 22/50 - Val Metric: 0.9174
Epoch 23/50 - Train Loss: 0.2987 - Train Metric: 0.9181
Epoch 23/50 - Val Metric: 0.9161
Epoch 24/50 - Train Loss: 0.2987 - Train Metric: 0.9179
Epoch 24/50 - Val Metric: 0.9167
Epoch 25/50 - Train Loss: 0.2983 - Train Metric: 0.9184
Epoch 25/50 - Val Metric: 0.9169
Epoch 26/50 - Train Loss: 0.3000 - Train Metric: 0.9179
Epoch 26/50 - Val Metric: 0.9152
Epoch 27/50 - Train Loss: 0.2974 - Train Metric: 0.9192
Epoch 27/50 - Val Metric: 0.9166
Epoch 28/50 - Train Loss: 0.2940 - Train Metric: 0.9206
Epoch 28/50 - Val Metric: 0.9166
Epoch 29/50 - Train Loss: 0.2961 - Train Metric: 0.9194
Epoch 29/50 - Val Metric: 0.9161
Epoch 30/50 - Train Loss: 0.2951 - Train Metric: 0.9201
Epoch 30/50 - Val Metric: 0.9147
Epoch 31/50 - Train Loss: 0.2949 - Train Metric: 0.9205
Epoch 31/50 - Val Metric: 0.9151
Epoch 32/50 - Train Loss: 0.2945 - Train Metric: 0.9205
Epoch 32/50 - Val Metric: 0.9160
Epoch 33/50 - Train Loss: 0.2915 - Train Metric: 0.9224
Epoch 33/50 - Val Metric: 0.9163
Epoch 34/50 - Train Loss: 0.2912 - Train Metric: 0.9223
Epoch 34/50 - Val Metric: 0.9145
Epoch 35/50 - Train Loss: 0.2917 - Train Metric: 0.9219
Epoch 35/50 - Val Metric: 0.9171
Epoch 36/50 - Train Loss: 0.2906 - Train Metric: 0.9224
Epoch 36/50 - Val Metric: 0.9163
Epoch 37/50 - Train Loss: 0.2899 - Train Metric: 0.9226
Epoch 37/50 - Val Metric: 0.9147
Epoch 38/50 - Train Loss: 0.2897 - Train Metric: 0.9228
Epoch 38/50 - Val Metric: 0.9158
Epoch 39/50 - Train Loss: 0.2880 - Train Metric: 0.9240
Epoch 39/50 - Val Metric: 0.9115
Epoch 40/50 - Train Loss: 0.2927 - Train Metric: 0.9217
Epoch 40/50 - Val Metric: 0.9163
Epoch 41/50 - Train Loss: 0.2909 - Train Metric: 0.9224
Epoch 41/50 - Val Metric: 0.9159
Epoch 42/50 - Train Loss: 0.2919 - Train Metric: 0.9224
Epoch 42/50 - Val Metric: 0.9135
Epoch 43/50 - Train Loss: 0.2893 - Train Metric: 0.9233
Epoch 43/50 - Val Metric: 0.9136
Epoch 44/50 - Train Loss: 0.2889 - Train Metric: 0.9236
Epoch 44/50 - Val Metric: 0.9149
Epoch 45/50 - Train Loss: 0.2865 - Train Metric: 0.9250
Epoch 45/50 - Val Metric: 0.9128
Epoch 46/50 - Train Loss: 0.2885 - Train Metric: 0.9234
Epoch 46/50 - Val Metric: 0.9154
Epoch 47/50 - Train Loss: 0.2872 - Train Metric: 0.9244
Epoch 47/50 - Val Metric: 0.9140
Epoch 48/50 - Train Loss: 0.2861 - Train Metric: 0.9252
Epoch 48/50 - Val Metric: 0.9140
Epoch 49/50 - Train Loss: 0.2887 - Train Metric: 0.9236
Epoch 49/50 - Val Metric: 0.9140
Epoch 50/50 - Train Loss: 0.2891 - Train Metric: 0.9235
Epoch 50/50 - Val Metric: 0.9135
Best val: 0.9178, Best test: 0.9258
Training set has 26048 instances
Validation set has 3256 instances
Test set has 3257 instances
Epoch 1/50 - Train Loss: 0.3901 - Train Metric: 0.8515
Epoch 1/50 - Val Metric: 0.9143
Epoch 2/50 - Train Loss: 0.3233 - Train Metric: 0.9024
Epoch 2/50 - Val Metric: 0.9150
Epoch 3/50 - Train Loss: 0.3187 - Train Metric: 0.9054
Epoch 3/50 - Val Metric: 0.9152
Epoch 4/50 - Train Loss: 0.3145 - Train Metric: 0.9073
Epoch 4/50 - Val Metric: 0.9153
Epoch 5/50 - Train Loss: 0.3131 - Train Metric: 0.9087
Epoch 5/50 - Val Metric: 0.9186
Epoch 6/50 - Train Loss: 0.3091 - Train Metric: 0.9109
Epoch 6/50 - Val Metric: 0.9151
Epoch 7/50 - Train Loss: 0.3069 - Train Metric: 0.9117
Epoch 7/50 - Val Metric: 0.9189
Epoch 8/50 - Train Loss: 0.3039 - Train Metric: 0.9134
Epoch 8/50 - Val Metric: 0.9185
Epoch 9/50 - Train Loss: 0.3026 - Train Metric: 0.9139
Epoch 9/50 - Val Metric: 0.9148
Epoch 10/50 - Train Loss: 0.3021 - Train Metric: 0.9146
Epoch 10/50 - Val Metric: 0.9186
Epoch 11/50 - Train Loss: 0.3016 - Train Metric: 0.9148
Epoch 11/50 - Val Metric: 0.9199
Epoch 12/50 - Train Loss: 0.2992 - Train Metric: 0.9157
Epoch 12/50 - Val Metric: 0.9187
Epoch 13/50 - Train Loss: 0.2992 - Train Metric: 0.9165
Epoch 13/50 - Val Metric: 0.9201
Epoch 14/50 - Train Loss: 0.2973 - Train Metric: 0.9171
Epoch 14/50 - Val Metric: 0.9184
Epoch 15/50 - Train Loss: 0.2949 - Train Metric: 0.9184
Epoch 15/50 - Val Metric: 0.9183
Epoch 16/50 - Train Loss: 0.2946 - Train Metric: 0.9189
Epoch 16/50 - Val Metric: 0.9181
Epoch 17/50 - Train Loss: 0.2934 - Train Metric: 0.9195
Epoch 17/50 - Val Metric: 0.9185
Epoch 18/50 - Train Loss: 0.2935 - Train Metric: 0.9195
Epoch 18/50 - Val Metric: 0.9190
Epoch 19/50 - Train Loss: 0.2913 - Train Metric: 0.9206
Epoch 19/50 - Val Metric: 0.9191
Epoch 20/50 - Train Loss: 0.2911 - Train Metric: 0.9208
Epoch 20/50 - Val Metric: 0.9188
Epoch 21/50 - Train Loss: 0.2881 - Train Metric: 0.9225
Epoch 21/50 - Val Metric: 0.9188
Epoch 22/50 - Train Loss: 0.2874 - Train Metric: 0.9231
Epoch 22/50 - Val Metric: 0.9173
Epoch 23/50 - Train Loss: 0.2859 - Train Metric: 0.9238
Epoch 23/50 - Val Metric: 0.9161
Epoch 24/50 - Train Loss: 0.2858 - Train Metric: 0.9237
Epoch 24/50 - Val Metric: 0.9173
Epoch 25/50 - Train Loss: 0.2846 - Train Metric: 0.9247
Epoch 25/50 - Val Metric: 0.9185
Epoch 26/50 - Train Loss: 0.2829 - Train Metric: 0.9256
Epoch 26/50 - Val Metric: 0.9175
Epoch 27/50 - Train Loss: 0.2812 - Train Metric: 0.9266
Epoch 27/50 - Val Metric: 0.9154
Epoch 28/50 - Train Loss: 0.2798 - Train Metric: 0.9274
Epoch 28/50 - Val Metric: 0.9171
Epoch 29/50 - Train Loss: 0.2787 - Train Metric: 0.9279
Epoch 29/50 - Val Metric: 0.9156
Epoch 30/50 - Train Loss: 0.2767 - Train Metric: 0.9291
Epoch 30/50 - Val Metric: 0.9158
Epoch 31/50 - Train Loss: 0.2753 - Train Metric: 0.9299
Epoch 31/50 - Val Metric: 0.9147
Epoch 32/50 - Train Loss: 0.2746 - Train Metric: 0.9302
Epoch 32/50 - Val Metric: 0.9149
Epoch 33/50 - Train Loss: 0.2741 - Train Metric: 0.9305
Epoch 33/50 - Val Metric: 0.9150
Epoch 34/50 - Train Loss: 0.2723 - Train Metric: 0.9316
Epoch 34/50 - Val Metric: 0.9150
Epoch 35/50 - Train Loss: 0.2717 - Train Metric: 0.9319
Epoch 35/50 - Val Metric: 0.9141
Epoch 36/50 - Train Loss: 0.2702 - Train Metric: 0.9327
Epoch 36/50 - Val Metric: 0.9146
Epoch 37/50 - Train Loss: 0.2697 - Train Metric: 0.9329
Epoch 37/50 - Val Metric: 0.9144
Epoch 38/50 - Train Loss: 0.2693 - Train Metric: 0.9331
Epoch 38/50 - Val Metric: 0.9144
Epoch 39/50 - Train Loss: 0.2680 - Train Metric: 0.9339
Epoch 39/50 - Val Metric: 0.9144
Epoch 40/50 - Train Loss: 0.2676 - Train Metric: 0.9341
Epoch 40/50 - Val Metric: 0.9146
Epoch 41/50 - Train Loss: 0.2667 - Train Metric: 0.9347
Epoch 41/50 - Val Metric: 0.9142
Epoch 42/50 - Train Loss: 0.2667 - Train Metric: 0.9347
Epoch 42/50 - Val Metric: 0.9141
Epoch 43/50 - Train Loss: 0.2659 - Train Metric: 0.9350
Epoch 43/50 - Val Metric: 0.9141
Epoch 44/50 - Train Loss: 0.2653 - Train Metric: 0.9355
Epoch 44/50 - Val Metric: 0.9136
Epoch 45/50 - Train Loss: 0.2651 - Train Metric: 0.9355
Epoch 45/50 - Val Metric: 0.9134
Epoch 46/50 - Train Loss: 0.2649 - Train Metric: 0.9356
Epoch 46/50 - Val Metric: 0.9136
Epoch 47/50 - Train Loss: 0.2647 - Train Metric: 0.9357
Epoch 47/50 - Val Metric: 0.9137
Epoch 48/50 - Train Loss: 0.2641 - Train Metric: 0.9360
Epoch 48/50 - Val Metric: 0.9134
Epoch 49/50 - Train Loss: 0.2641 - Train Metric: 0.9360
Epoch 49/50 - Val Metric: 0.9136
Epoch 50/50 - Train Loss: 0.2638 - Train Metric: 0.9362
Epoch 50/50 - Val Metric: 0.9132
Best val: 0.9201, Best test: 0.9198
Training set has 26048 instances
Validation set has 3256 instances
Test set has 3257 instances
Epoch 1/50 - Train Loss: 0.5655 - Train Metric: 0.5036
Epoch 1/50 - Val Metric: 0.8231
Epoch 2/50 - Train Loss: 0.4301 - Train Metric: 0.8122
Epoch 2/50 - Val Metric: 0.8835
Epoch 3/50 - Train Loss: 0.3432 - Train Metric: 0.8908
Epoch 3/50 - Val Metric: 0.9004
Epoch 4/50 - Train Loss: 0.3259 - Train Metric: 0.9017
Epoch 4/50 - Val Metric: 0.9053
Epoch 5/50 - Train Loss: 0.3177 - Train Metric: 0.9062
Epoch 5/50 - Val Metric: 0.9094
Epoch 6/50 - Train Loss: 0.3117 - Train Metric: 0.9098
Epoch 6/50 - Val Metric: 0.9102
Epoch 7/50 - Train Loss: 0.3098 - Train Metric: 0.9108
Epoch 7/50 - Val Metric: 0.9111
Epoch 8/50 - Train Loss: 0.3119 - Train Metric: 0.9096
Epoch 8/50 - Val Metric: 0.9104
Epoch 9/50 - Train Loss: 0.3060 - Train Metric: 0.9131
Epoch 9/50 - Val Metric: 0.9108
Epoch 10/50 - Train Loss: 0.3060 - Train Metric: 0.9126
Epoch 10/50 - Val Metric: 0.9122
Epoch 11/50 - Train Loss: 0.3045 - Train Metric: 0.9143
Epoch 11/50 - Val Metric: 0.9108
Epoch 12/50 - Train Loss: 0.3030 - Train Metric: 0.9146
Epoch 12/50 - Val Metric: 0.9124
Epoch 13/50 - Train Loss: 0.3016 - Train Metric: 0.9155
Epoch 13/50 - Val Metric: 0.9120
Epoch 14/50 - Train Loss: 0.2999 - Train Metric: 0.9165
Epoch 14/50 - Val Metric: 0.9115
Epoch 15/50 - Train Loss: 0.2987 - Train Metric: 0.9170
Epoch 15/50 - Val Metric: 0.9133
Epoch 16/50 - Train Loss: 0.2981 - Train Metric: 0.9174
Epoch 16/50 - Val Metric: 0.9130
Epoch 17/50 - Train Loss: 0.2975 - Train Metric: 0.9178
Epoch 17/50 - Val Metric: 0.9119
Epoch 18/50 - Train Loss: 0.2982 - Train Metric: 0.9174
Epoch 18/50 - Val Metric: 0.9133
Epoch 19/50 - Train Loss: 0.2974 - Train Metric: 0.9177
Epoch 19/50 - Val Metric: 0.9112
Epoch 20/50 - Train Loss: 0.2957 - Train Metric: 0.9187
Epoch 20/50 - Val Metric: 0.9134
Epoch 21/50 - Train Loss: 0.2946 - Train Metric: 0.9193
Epoch 21/50 - Val Metric: 0.9124
Epoch 22/50 - Train Loss: 0.2937 - Train Metric: 0.9197
Epoch 22/50 - Val Metric: 0.9129
Epoch 23/50 - Train Loss: 0.2934 - Train Metric: 0.9198
Epoch 23/50 - Val Metric: 0.9128
Epoch 24/50 - Train Loss: 0.2931 - Train Metric: 0.9203
Epoch 24/50 - Val Metric: 0.9128
Epoch 25/50 - Train Loss: 0.2934 - Train Metric: 0.9198
Epoch 25/50 - Val Metric: 0.9133
Epoch 26/50 - Train Loss: 0.2916 - Train Metric: 0.9209
Epoch 26/50 - Val Metric: 0.9127
Epoch 27/50 - Train Loss: 0.2931 - Train Metric: 0.9201
Epoch 27/50 - Val Metric: 0.9132
Epoch 28/50 - Train Loss: 0.2926 - Train Metric: 0.9203
Epoch 28/50 - Val Metric: 0.9127
Epoch 29/50 - Train Loss: 0.2918 - Train Metric: 0.9209
Epoch 29/50 - Val Metric: 0.9131
Epoch 30/50 - Train Loss: 0.2901 - Train Metric: 0.9217
Epoch 30/50 - Val Metric: 0.9131
Epoch 31/50 - Train Loss: 0.2908 - Train Metric: 0.9211
Epoch 31/50 - Val Metric: 0.9133
Epoch 32/50 - Train Loss: 0.2909 - Train Metric: 0.9213
Epoch 32/50 - Val Metric: 0.9132
Epoch 33/50 - Train Loss: 0.2911 - Train Metric: 0.9213
Epoch 33/50 - Val Metric: 0.9131
Epoch 34/50 - Train Loss: 0.2904 - Train Metric: 0.9216
Epoch 34/50 - Val Metric: 0.9138
Epoch 35/50 - Train Loss: 0.2898 - Train Metric: 0.9216
Epoch 35/50 - Val Metric: 0.9141
Epoch 36/50 - Train Loss: 0.2894 - Train Metric: 0.9220
Epoch 36/50 - Val Metric: 0.9134
Epoch 37/50 - Train Loss: 0.2891 - Train Metric: 0.9223
Epoch 37/50 - Val Metric: 0.9130
Epoch 38/50 - Train Loss: 0.2891 - Train Metric: 0.9222
Epoch 38/50 - Val Metric: 0.9141
Epoch 39/50 - Train Loss: 0.2886 - Train Metric: 0.9224
Epoch 39/50 - Val Metric: 0.9137
Epoch 40/50 - Train Loss: 0.2883 - Train Metric: 0.9228
Epoch 40/50 - Val Metric: 0.9131
Epoch 41/50 - Train Loss: 0.2874 - Train Metric: 0.9231
Epoch 41/50 - Val Metric: 0.9130
Epoch 42/50 - Train Loss: 0.2883 - Train Metric: 0.9225
Epoch 42/50 - Val Metric: 0.9135
Epoch 43/50 - Train Loss: 0.2888 - Train Metric: 0.9224
Epoch 43/50 - Val Metric: 0.9137
Epoch 44/50 - Train Loss: 0.2878 - Train Metric: 0.9227
Epoch 44/50 - Val Metric: 0.9135
Epoch 45/50 - Train Loss: 0.2875 - Train Metric: 0.9229
Epoch 45/50 - Val Metric: 0.9133
Epoch 46/50 - Train Loss: 0.2864 - Train Metric: 0.9236
Epoch 46/50 - Val Metric: 0.9132
Epoch 47/50 - Train Loss: 0.2873 - Train Metric: 0.9230
Epoch 47/50 - Val Metric: 0.9131
Epoch 48/50 - Train Loss: 0.2874 - Train Metric: 0.9232
Epoch 48/50 - Val Metric: 0.9137
Epoch 49/50 - Train Loss: 0.2877 - Train Metric: 0.9228
Epoch 49/50 - Val Metric: 0.9134
Epoch 50/50 - Train Loss: 0.2874 - Train Metric: 0.9228
Epoch 50/50 - Val Metric: 0.9139
Best val: 0.9141, Best test: 0.9213
Training set has 26048 instances
Validation set has 3256 instances
Test set has 3257 instances
Training set has 26048 instances
Validation set has 3256 instances
Test set has 3257 instances
Training set has 26048 instances
Validation set has 3256 instances
Test set has 3257 instances
Training set has 26048 instances
Validation set has 3256 instances
Test set has 3257 instances
Training set has 26048 instances
Validation set has 3256 instances
Test set has 3257 instances
Training set has 26048 instances
Validation set has 3256 instances
Test set has 3257 instances
Epoch 1/50 - Train Loss: 0.3937 - Train Metric: 0.8507
Epoch 1/50 - Val Metric: 0.8982
Epoch 2/50 - Train Loss: 0.3283 - Train Metric: 0.9003
Epoch 2/50 - Val Metric: 0.9136
Epoch 3/50 - Train Loss: 0.3223 - Train Metric: 0.9041
Epoch 3/50 - Val Metric: 0.9183
Epoch 4/50 - Train Loss: 0.3160 - Train Metric: 0.9080
Epoch 4/50 - Val Metric: 0.9164
Epoch 5/50 - Train Loss: 0.3134 - Train Metric: 0.9099
Epoch 5/50 - Val Metric: 0.9178
Epoch 6/50 - Train Loss: 0.3087 - Train Metric: 0.9119
Epoch 6/50 - Val Metric: 0.9188
Epoch 7/50 - Train Loss: 0.3070 - Train Metric: 0.9130
Epoch 7/50 - Val Metric: 0.9173
Epoch 8/50 - Train Loss: 0.3039 - Train Metric: 0.9146
Epoch 8/50 - Val Metric: 0.9189
Epoch 9/50 - Train Loss: 0.3034 - Train Metric: 0.9147
Epoch 9/50 - Val Metric: 0.9194
Epoch 10/50 - Train Loss: 0.3008 - Train Metric: 0.9165
Epoch 10/50 - Val Metric: 0.9193
Epoch 11/50 - Train Loss: 0.3037 - Train Metric: 0.9147
Epoch 11/50 - Val Metric: 0.9207
Epoch 12/50 - Train Loss: 0.2997 - Train Metric: 0.9170
Epoch 12/50 - Val Metric: 0.9207
Epoch 13/50 - Train Loss: 0.3018 - Train Metric: 0.9158
Epoch 13/50 - Val Metric: 0.9185
Epoch 14/50 - Train Loss: 0.2985 - Train Metric: 0.9177
Epoch 14/50 - Val Metric: 0.9201
Epoch 15/50 - Train Loss: 0.2962 - Train Metric: 0.9186
Epoch 15/50 - Val Metric: 0.9225
Epoch 16/50 - Train Loss: 0.2955 - Train Metric: 0.9194
Epoch 16/50 - Val Metric: 0.9193
Epoch 17/50 - Train Loss: 0.2940 - Train Metric: 0.9204
Epoch 17/50 - Val Metric: 0.9217
Epoch 18/50 - Train Loss: 0.2944 - Train Metric: 0.9203
Epoch 18/50 - Val Metric: 0.9223
Epoch 19/50 - Train Loss: 0.2921 - Train Metric: 0.9213
Epoch 19/50 - Val Metric: 0.9203
Epoch 20/50 - Train Loss: 0.2903 - Train Metric: 0.9221
Epoch 20/50 - Val Metric: 0.9208
Epoch 21/50 - Train Loss: 0.2900 - Train Metric: 0.9221
Epoch 21/50 - Val Metric: 0.9126
Epoch 22/50 - Train Loss: 0.2932 - Train Metric: 0.9207
Epoch 22/50 - Val Metric: 0.9207
Epoch 23/50 - Train Loss: 0.2882 - Train Metric: 0.9235
Epoch 23/50 - Val Metric: 0.9192
Epoch 24/50 - Train Loss: 0.2864 - Train Metric: 0.9247
Epoch 24/50 - Val Metric: 0.9224
Epoch 25/50 - Train Loss: 0.2842 - Train Metric: 0.9257
Epoch 25/50 - Val Metric: 0.9225
Epoch 26/50 - Train Loss: 0.2820 - Train Metric: 0.9271
Epoch 26/50 - Val Metric: 0.9205
Epoch 27/50 - Train Loss: 0.2826 - Train Metric: 0.9267
Epoch 27/50 - Val Metric: 0.9221
Epoch 28/50 - Train Loss: 0.2797 - Train Metric: 0.9280
Epoch 28/50 - Val Metric: 0.9224
Epoch 29/50 - Train Loss: 0.2789 - Train Metric: 0.9285
Epoch 29/50 - Val Metric: 0.9229
Epoch 30/50 - Train Loss: 0.2755 - Train Metric: 0.9304
Epoch 30/50 - Val Metric: 0.9238
Epoch 31/50 - Train Loss: 0.2742 - Train Metric: 0.9310
Epoch 31/50 - Val Metric: 0.9218
Epoch 32/50 - Train Loss: 0.2728 - Train Metric: 0.9318
Epoch 32/50 - Val Metric: 0.9240
Epoch 33/50 - Train Loss: 0.2708 - Train Metric: 0.9329
Epoch 33/50 - Val Metric: 0.9221
Epoch 34/50 - Train Loss: 0.2690 - Train Metric: 0.9341
Epoch 34/50 - Val Metric: 0.9213
Epoch 35/50 - Train Loss: 0.2676 - Train Metric: 0.9347
Epoch 35/50 - Val Metric: 0.9219
Epoch 36/50 - Train Loss: 0.2658 - Train Metric: 0.9356
Epoch 36/50 - Val Metric: 0.9233
Epoch 37/50 - Train Loss: 0.2648 - Train Metric: 0.9362
Epoch 37/50 - Val Metric: 0.9233
Epoch 38/50 - Train Loss: 0.2638 - Train Metric: 0.9366
Epoch 38/50 - Val Metric: 0.9200
Epoch 39/50 - Train Loss: 0.2624 - Train Metric: 0.9373
Epoch 39/50 - Val Metric: 0.9226
Epoch 40/50 - Train Loss: 0.2609 - Train Metric: 0.9382
Epoch 40/50 - Val Metric: 0.9217
Epoch 41/50 - Train Loss: 0.2582 - Train Metric: 0.9397
Epoch 41/50 - Val Metric: 0.9180
Epoch 42/50 - Train Loss: 0.2565 - Train Metric: 0.9403
Epoch 42/50 - Val Metric: 0.9191
Epoch 43/50 - Train Loss: 0.2547 - Train Metric: 0.9414
Epoch 43/50 - Val Metric: 0.9182
Epoch 44/50 - Train Loss: 0.2526 - Train Metric: 0.9425
Epoch 44/50 - Val Metric: 0.9185
Epoch 45/50 - Train Loss: 0.2505 - Train Metric: 0.9432
Epoch 45/50 - Val Metric: 0.9186
Epoch 46/50 - Train Loss: 0.2480 - Train Metric: 0.9446
Epoch 46/50 - Val Metric: 0.9182
Epoch 47/50 - Train Loss: 0.2456 - Train Metric: 0.9458
Epoch 47/50 - Val Metric: 0.9183
Epoch 48/50 - Train Loss: 0.2450 - Train Metric: 0.9459
Epoch 48/50 - Val Metric: 0.9165
Epoch 49/50 - Train Loss: 0.2412 - Train Metric: 0.9478
Epoch 49/50 - Val Metric: 0.9169
Epoch 50/50 - Train Loss: 0.2390 - Train Metric: 0.9486
Epoch 50/50 - Val Metric: 0.9140
Best val: 0.9240, Best test: 0.9125
Training set has 26048 instances
Validation set has 3256 instances
Test set has 3257 instances
Epoch 1/50 - Train Loss: 0.3919 - Train Metric: 0.8506
Epoch 1/50 - Val Metric: 0.9031
Epoch 2/50 - Train Loss: 0.3329 - Train Metric: 0.8962
Epoch 2/50 - Val Metric: 0.9098
Epoch 3/50 - Train Loss: 0.3181 - Train Metric: 0.9066
Epoch 3/50 - Val Metric: 0.9126
Epoch 4/50 - Train Loss: 0.3140 - Train Metric: 0.9091
Epoch 4/50 - Val Metric: 0.9135
Training set has 26048 instances
Validation set has 3256 instances
Test set has 3257 instances
Training set has 26048 instances
Validation set has 3256 instances
Test set has 3257 instances
Epoch 1/50 - Train Loss: 0.3952 - Train Metric: 0.8453
Epoch 1/50 - Val Metric: 0.9102
Epoch 2/50 - Train Loss: 0.3368 - Train Metric: 0.8928
Epoch 2/50 - Val Metric: 0.9156
Epoch 3/50 - Train Loss: 0.3183 - Train Metric: 0.9054
Epoch 3/50 - Val Metric: 0.9157
Epoch 4/50 - Train Loss: 0.3153 - Train Metric: 0.9072
Epoch 4/50 - Val Metric: 0.9185
Epoch 5/50 - Train Loss: 0.3133 - Train Metric: 0.9087
Epoch 5/50 - Val Metric: 0.9182
Epoch 6/50 - Train Loss: 0.3100 - Train Metric: 0.9104
Epoch 6/50 - Val Metric: 0.9166
Epoch 7/50 - Train Loss: 0.3081 - Train Metric: 0.9116
Epoch 7/50 - Val Metric: 0.9193
Epoch 8/50 - Train Loss: 0.3063 - Train Metric: 0.9121
Epoch 8/50 - Val Metric: 0.9204
Epoch 9/50 - Train Loss: 0.3048 - Train Metric: 0.9130
Epoch 9/50 - Val Metric: 0.9224
Epoch 10/50 - Train Loss: 0.3049 - Train Metric: 0.9133
Epoch 10/50 - Val Metric: 0.9184
Epoch 11/50 - Train Loss: 0.3086 - Train Metric: 0.9113
Epoch 11/50 - Val Metric: 0.9186
Epoch 12/50 - Train Loss: 0.3040 - Train Metric: 0.9138
Epoch 12/50 - Val Metric: 0.9214
Epoch 13/50 - Train Loss: 0.3030 - Train Metric: 0.9147
Epoch 13/50 - Val Metric: 0.9223
Epoch 14/50 - Train Loss: 0.3017 - Train Metric: 0.9152
Epoch 14/50 - Val Metric: 0.9199
Epoch 15/50 - Train Loss: 0.2979 - Train Metric: 0.9171
Epoch 15/50 - Val Metric: 0.9209
Epoch 16/50 - Train Loss: 0.2982 - Train Metric: 0.9169
Epoch 16/50 - Val Metric: 0.9228
Epoch 17/50 - Train Loss: 0.2970 - Train Metric: 0.9173
Epoch 17/50 - Val Metric: 0.9233
Epoch 18/50 - Train Loss: 0.2967 - Train Metric: 0.9179
Epoch 18/50 - Val Metric: 0.9228
Epoch 19/50 - Train Loss: 0.2971 - Train Metric: 0.9179
Epoch 19/50 - Val Metric: 0.9225
Epoch 20/50 - Train Loss: 0.2940 - Train Metric: 0.9193
Epoch 20/50 - Val Metric: 0.9218
Epoch 21/50 - Train Loss: 0.2932 - Train Metric: 0.9200
Epoch 21/50 - Val Metric: 0.9237
Epoch 22/50 - Train Loss: 0.2919 - Train Metric: 0.9206
Epoch 22/50 - Val Metric: 0.9235
Epoch 23/50 - Train Loss: 0.2900 - Train Metric: 0.9215
Epoch 23/50 - Val Metric: 0.9243
Epoch 24/50 - Train Loss: 0.2961 - Train Metric: 0.9186
Epoch 24/50 - Val Metric: 0.9199
Epoch 25/50 - Train Loss: 0.2946 - Train Metric: 0.9192
Epoch 25/50 - Val Metric: 0.9202
Epoch 26/50 - Train Loss: 0.2924 - Train Metric: 0.9205
Epoch 26/50 - Val Metric: 0.9216
Epoch 27/50 - Train Loss: 0.2910 - Train Metric: 0.9215
Epoch 27/50 - Val Metric: 0.9204
Epoch 28/50 - Train Loss: 0.2903 - Train Metric: 0.9217
Epoch 28/50 - Val Metric: 0.9211
Epoch 29/50 - Train Loss: 0.2901 - Train Metric: 0.9217
Epoch 29/50 - Val Metric: 0.9199
Epoch 30/50 - Train Loss: 0.2889 - Train Metric: 0.9225
Epoch 30/50 - Val Metric: 0.9204
Epoch 31/50 - Train Loss: 0.2887 - Train Metric: 0.9225
Epoch 31/50 - Val Metric: 0.9195
Epoch 32/50 - Train Loss: 0.2883 - Train Metric: 0.9229
Epoch 32/50 - Val Metric: 0.9223
Epoch 33/50 - Train Loss: 0.2863 - Train Metric: 0.9239
Epoch 33/50 - Val Metric: 0.9225
Epoch 34/50 - Train Loss: 0.2858 - Train Metric: 0.9241
Epoch 34/50 - Val Metric: 0.9228
Epoch 35/50 - Train Loss: 0.2834 - Train Metric: 0.9255
Epoch 35/50 - Val Metric: 0.9228
Epoch 36/50 - Train Loss: 0.2822 - Train Metric: 0.9261
Epoch 36/50 - Val Metric: 0.9223
Epoch 37/50 - Train Loss: 0.2822 - Train Metric: 0.9262
Epoch 37/50 - Val Metric: 0.9230
Epoch 38/50 - Train Loss: 0.2810 - Train Metric: 0.9267
Epoch 38/50 - Val Metric: 0.9225
Epoch 39/50 - Train Loss: 0.2796 - Train Metric: 0.9276
Epoch 39/50 - Val Metric: 0.9231
Epoch 40/50 - Train Loss: 0.2784 - Train Metric: 0.9282
Epoch 40/50 - Val Metric: 0.9208
Epoch 41/50 - Train Loss: 0.2767 - Train Metric: 0.9290
Epoch 41/50 - Val Metric: 0.9230
Epoch 42/50 - Train Loss: 0.2790 - Train Metric: 0.9277
Epoch 42/50 - Val Metric: 0.9227
Epoch 43/50 - Train Loss: 0.2765 - Train Metric: 0.9291
Epoch 43/50 - Val Metric: 0.9221
Epoch 44/50 - Train Loss: 0.2750 - Train Metric: 0.9296
Epoch 44/50 - Val Metric: 0.9218
Epoch 45/50 - Train Loss: 0.2738 - Train Metric: 0.9305
Epoch 45/50 - Val Metric: 0.9213
Epoch 46/50 - Train Loss: 0.2730 - Train Metric: 0.9309
Epoch 46/50 - Val Metric: 0.9231
Epoch 47/50 - Train Loss: 0.2721 - Train Metric: 0.9314
Epoch 47/50 - Val Metric: 0.9216
Epoch 48/50 - Train Loss: 0.2709 - Train Metric: 0.9323
Epoch 48/50 - Val Metric: 0.9227
Epoch 49/50 - Train Loss: 0.2708 - Train Metric: 0.9320
Epoch 49/50 - Val Metric: 0.9213
Epoch 50/50 - Train Loss: 0.2694 - Train Metric: 0.9329
Epoch 50/50 - Val Metric: 0.9223
Best val: 0.9243, Best test: 0.9179
Training set has 26048 instances
Validation set has 3256 instances
Test set has 3257 instances
Training set has 26048 instances
Validation set has 3256 instances
Test set has 3257 instances
Epoch 1/50 - Train Loss: 0.3787 - Train Metric: 0.8615
Epoch 1/50 - Val Metric: 0.8987
Training set has 26048 instances
Validation set has 3256 instances
Test set has 3257 instances
Epoch 1/50 - Train Loss: 0.3818 - Train Metric: 0.8593
Epoch 1/50 - Val Metric: 0.8986
Training set has 26048 instances
Validation set has 3256 instances
Test set has 3257 instances
Epoch 1/50 - Train Loss: 0.4049 - Train Metric: 0.8386
Epoch 1/50 - Val Metric: 0.9061
Training set has 26048 instances
Validation set has 3256 instances
Test set has 3257 instances
Training set has 26048 instances
Validation set has 3256 instances
Test set has 3257 instances
Hyper-parameter search done. Found the best config.
Repeat experiments 5 times with the best train config {'batch_size': 128, 'gamma_rate': 0.95, 'base_lr': 0.001} and model config {'num_heads': 4, 'num_layers': 8, 'num_latents': 4, 'hidden_dim': 64, 'mlp_ratio': 2, 'dropout_prob': 0, 'top_k': 3}.
Training set has 26048 instances
Validation set has 3256 instances
Test set has 3257 instances
Epoch 1/50 - Train Loss: 0.4061 - Train Metric: 0.8337
Epoch 1/50 - Val Metric: 0.9003
Epoch 2/50 - Train Loss: 0.3260 - Train Metric: 0.9016
Epoch 2/50 - Val Metric: 0.9065
Epoch 3/50 - Train Loss: 0.3281 - Train Metric: 0.9004
Epoch 3/50 - Val Metric: 0.8853
Epoch 4/50 - Train Loss: 0.3695 - Train Metric: 0.8717
Epoch 4/50 - Val Metric: 0.8948
Epoch 5/50 - Train Loss: 0.3228 - Train Metric: 0.9042
Epoch 5/50 - Val Metric: 0.9084
Epoch 6/50 - Train Loss: 0.3189 - Train Metric: 0.9068
Epoch 6/50 - Val Metric: 0.9066
Epoch 7/50 - Train Loss: 0.3131 - Train Metric: 0.9096
Epoch 7/50 - Val Metric: 0.9093
Epoch 8/50 - Train Loss: 0.3097 - Train Metric: 0.9120
Epoch 8/50 - Val Metric: 0.9106
Epoch 9/50 - Train Loss: 0.3073 - Train Metric: 0.9129
Epoch 9/50 - Val Metric: 0.9113
Epoch 10/50 - Train Loss: 0.3055 - Train Metric: 0.9144
Epoch 10/50 - Val Metric: 0.9126
Epoch 11/50 - Train Loss: 0.3052 - Train Metric: 0.9136
Epoch 11/50 - Val Metric: 0.9125
Epoch 12/50 - Train Loss: 0.3026 - Train Metric: 0.9152
Epoch 12/50 - Val Metric: 0.9125
Epoch 13/50 - Train Loss: 0.3022 - Train Metric: 0.9159
Epoch 13/50 - Val Metric: 0.9131
Epoch 14/50 - Train Loss: 0.3013 - Train Metric: 0.9161
Epoch 14/50 - Val Metric: 0.9127
Epoch 15/50 - Train Loss: 0.3037 - Train Metric: 0.9151
Epoch 15/50 - Val Metric: 0.9058
Epoch 16/50 - Train Loss: 0.3023 - Train Metric: 0.9160
Epoch 16/50 - Val Metric: 0.9133
Epoch 17/50 - Train Loss: 0.2968 - Train Metric: 0.9183
Epoch 17/50 - Val Metric: 0.9111
Epoch 18/50 - Train Loss: 0.2964 - Train Metric: 0.9189
Epoch 18/50 - Val Metric: 0.9121
Epoch 19/50 - Train Loss: 0.2954 - Train Metric: 0.9193
Epoch 19/50 - Val Metric: 0.9131
Epoch 20/50 - Train Loss: 0.2942 - Train Metric: 0.9199
Epoch 20/50 - Val Metric: 0.9140
Epoch 21/50 - Train Loss: 0.2938 - Train Metric: 0.9201
Epoch 21/50 - Val Metric: 0.9115
Epoch 22/50 - Train Loss: 0.2979 - Train Metric: 0.9177
Epoch 22/50 - Val Metric: 0.9118
Epoch 23/50 - Train Loss: 0.2938 - Train Metric: 0.9201
Epoch 23/50 - Val Metric: 0.9142
Epoch 24/50 - Train Loss: 0.2924 - Train Metric: 0.9209
Epoch 24/50 - Val Metric: 0.9141
Epoch 25/50 - Train Loss: 0.2918 - Train Metric: 0.9211
Epoch 25/50 - Val Metric: 0.9140
Epoch 26/50 - Train Loss: 0.2921 - Train Metric: 0.9210
Epoch 26/50 - Val Metric: 0.9138
Epoch 27/50 - Train Loss: 0.2940 - Train Metric: 0.9197
Epoch 27/50 - Val Metric: 0.9116
Epoch 28/50 - Train Loss: 0.2908 - Train Metric: 0.9214
Epoch 28/50 - Val Metric: 0.9135
Epoch 29/50 - Train Loss: 0.2894 - Train Metric: 0.9222
Epoch 29/50 - Val Metric: 0.9149
Epoch 30/50 - Train Loss: 0.2897 - Train Metric: 0.9222
Epoch 30/50 - Val Metric: 0.9136
Epoch 31/50 - Train Loss: 0.2962 - Train Metric: 0.9189
Epoch 31/50 - Val Metric: 0.9115
Epoch 32/50 - Train Loss: 0.2967 - Train Metric: 0.9186
Epoch 32/50 - Val Metric: 0.9125
Epoch 33/50 - Train Loss: 0.2931 - Train Metric: 0.9207
Epoch 33/50 - Val Metric: 0.9136
Epoch 34/50 - Train Loss: 0.2923 - Train Metric: 0.9208
Epoch 34/50 - Val Metric: 0.9139
Epoch 35/50 - Train Loss: 0.2910 - Train Metric: 0.9218
Epoch 35/50 - Val Metric: 0.9149
Epoch 36/50 - Train Loss: 0.2896 - Train Metric: 0.9227
Epoch 36/50 - Val Metric: 0.9133
Epoch 37/50 - Train Loss: 0.2891 - Train Metric: 0.9230
Epoch 37/50 - Val Metric: 0.9141
Epoch 38/50 - Train Loss: 0.2887 - Train Metric: 0.9231
Epoch 38/50 - Val Metric: 0.9148
Epoch 39/50 - Train Loss: 0.2877 - Train Metric: 0.9236
Epoch 39/50 - Val Metric: 0.9148
Epoch 40/50 - Train Loss: 0.2865 - Train Metric: 0.9243
Epoch 40/50 - Val Metric: 0.9132
Epoch 41/50 - Train Loss: 0.2866 - Train Metric: 0.9242
Epoch 41/50 - Val Metric: 0.9147
Epoch 42/50 - Train Loss: 0.2863 - Train Metric: 0.9242
Epoch 42/50 - Val Metric: 0.9147
Epoch 43/50 - Train Loss: 0.2863 - Train Metric: 0.9243
Epoch 43/50 - Val Metric: 0.9150
Epoch 44/50 - Train Loss: 0.2844 - Train Metric: 0.9253
Epoch 44/50 - Val Metric: 0.9127
Epoch 45/50 - Train Loss: 0.2841 - Train Metric: 0.9256
Epoch 45/50 - Val Metric: 0.9147
Epoch 46/50 - Train Loss: 0.2837 - Train Metric: 0.9256
Epoch 46/50 - Val Metric: 0.9125
Epoch 47/50 - Train Loss: 0.2833 - Train Metric: 0.9261
Epoch 47/50 - Val Metric: 0.9128
Epoch 48/50 - Train Loss: 0.2819 - Train Metric: 0.9266
Epoch 48/50 - Val Metric: 0.9133
Epoch 49/50 - Train Loss: 0.2823 - Train Metric: 0.9265
Epoch 49/50 - Val Metric: 0.9146
Epoch 50/50 - Train Loss: 0.2815 - Train Metric: 0.9268
Epoch 50/50 - Val Metric: 0.9128
Best val: 0.9150, Best test: 0.9110
Training set has 26048 instances
Validation set has 3256 instances
Test set has 3257 instances
Epoch 1/50 - Train Loss: 0.3861 - Train Metric: 0.8576
Epoch 1/50 - Val Metric: 0.9060
Epoch 2/50 - Train Loss: 0.3294 - Train Metric: 0.8994
Epoch 2/50 - Val Metric: 0.9089
Epoch 3/50 - Train Loss: 0.3214 - Train Metric: 0.9049
Epoch 3/50 - Val Metric: 0.9124
Epoch 4/50 - Train Loss: 0.3141 - Train Metric: 0.9096
Epoch 4/50 - Val Metric: 0.9110
Epoch 5/50 - Train Loss: 0.3185 - Train Metric: 0.9069
Epoch 5/50 - Val Metric: 0.9104
Epoch 6/50 - Train Loss: 0.3137 - Train Metric: 0.9093
Epoch 6/50 - Val Metric: 0.9105
Epoch 7/50 - Train Loss: 0.3079 - Train Metric: 0.9128
Epoch 7/50 - Val Metric: 0.9128
Epoch 8/50 - Train Loss: 0.3076 - Train Metric: 0.9133
Epoch 8/50 - Val Metric: 0.9137
Epoch 9/50 - Train Loss: 0.3043 - Train Metric: 0.9147
Epoch 9/50 - Val Metric: 0.9147
Epoch 10/50 - Train Loss: 0.3065 - Train Metric: 0.9139
Epoch 10/50 - Val Metric: 0.9159
Epoch 11/50 - Train Loss: 0.3038 - Train Metric: 0.9149
Epoch 11/50 - Val Metric: 0.9141
Epoch 12/50 - Train Loss: 0.3015 - Train Metric: 0.9164
Epoch 12/50 - Val Metric: 0.9149
Epoch 13/50 - Train Loss: 0.3017 - Train Metric: 0.9159
Epoch 13/50 - Val Metric: 0.9144
Epoch 14/50 - Train Loss: 0.2986 - Train Metric: 0.9178
Epoch 14/50 - Val Metric: 0.9147
Epoch 15/50 - Train Loss: 0.3053 - Train Metric: 0.9148
Epoch 15/50 - Val Metric: 0.9159
Epoch 16/50 - Train Loss: 0.2996 - Train Metric: 0.9180
Epoch 16/50 - Val Metric: 0.9143
Epoch 17/50 - Train Loss: 0.2966 - Train Metric: 0.9192
Epoch 17/50 - Val Metric: 0.9145
Epoch 18/50 - Train Loss: 0.2949 - Train Metric: 0.9199
Epoch 18/50 - Val Metric: 0.9164
Epoch 19/50 - Train Loss: 0.2998 - Train Metric: 0.9177
Epoch 19/50 - Val Metric: 0.9120
Epoch 20/50 - Train Loss: 0.2996 - Train Metric: 0.9181
Epoch 20/50 - Val Metric: 0.9147
Epoch 21/50 - Train Loss: 0.2948 - Train Metric: 0.9205
Epoch 21/50 - Val Metric: 0.9158
Epoch 22/50 - Train Loss: 0.2926 - Train Metric: 0.9217
Epoch 22/50 - Val Metric: 0.9147
Epoch 23/50 - Train Loss: 0.2925 - Train Metric: 0.9220
Epoch 23/50 - Val Metric: 0.9140
Epoch 24/50 - Train Loss: 0.2915 - Train Metric: 0.9222
Epoch 24/50 - Val Metric: 0.9140
Epoch 25/50 - Train Loss: 0.2894 - Train Metric: 0.9235
Epoch 25/50 - Val Metric: 0.9142
Epoch 26/50 - Train Loss: 0.2888 - Train Metric: 0.9239
Epoch 26/50 - Val Metric: 0.9135
Epoch 27/50 - Train Loss: 0.2885 - Train Metric: 0.9242
Epoch 27/50 - Val Metric: 0.9140
Epoch 28/50 - Train Loss: 0.2862 - Train Metric: 0.9251
Epoch 28/50 - Val Metric: 0.9136
Epoch 29/50 - Train Loss: 0.2868 - Train Metric: 0.9249
Epoch 29/50 - Val Metric: 0.9165
Epoch 30/50 - Train Loss: 0.2879 - Train Metric: 0.9247
Epoch 30/50 - Val Metric: 0.9145
Epoch 31/50 - Train Loss: 0.2861 - Train Metric: 0.9255
Epoch 31/50 - Val Metric: 0.9106
Epoch 32/50 - Train Loss: 0.2843 - Train Metric: 0.9264
Epoch 32/50 - Val Metric: 0.9122
Epoch 33/50 - Train Loss: 0.2838 - Train Metric: 0.9266
Epoch 33/50 - Val Metric: 0.9124
Epoch 34/50 - Train Loss: 0.2815 - Train Metric: 0.9278
Epoch 34/50 - Val Metric: 0.9135
Epoch 35/50 - Train Loss: 0.2799 - Train Metric: 0.9285
Epoch 35/50 - Val Metric: 0.9127
Epoch 36/50 - Train Loss: 0.2793 - Train Metric: 0.9288
Epoch 36/50 - Val Metric: 0.9141
Epoch 37/50 - Train Loss: 0.2792 - Train Metric: 0.9290
Epoch 37/50 - Val Metric: 0.9105
Epoch 38/50 - Train Loss: 0.2796 - Train Metric: 0.9290
Epoch 38/50 - Val Metric: 0.9138
Epoch 39/50 - Train Loss: 0.2768 - Train Metric: 0.9301
Epoch 39/50 - Val Metric: 0.9129
Epoch 40/50 - Train Loss: 0.2757 - Train Metric: 0.9307
Epoch 40/50 - Val Metric: 0.9132
Epoch 41/50 - Train Loss: 0.2745 - Train Metric: 0.9313
Epoch 41/50 - Val Metric: 0.9127
Epoch 42/50 - Train Loss: 0.2734 - Train Metric: 0.9319
Epoch 42/50 - Val Metric: 0.9131
Epoch 43/50 - Train Loss: 0.2716 - Train Metric: 0.9327
Epoch 43/50 - Val Metric: 0.9127
Epoch 44/50 - Train Loss: 0.2715 - Train Metric: 0.9330
Epoch 44/50 - Val Metric: 0.9114
Epoch 45/50 - Train Loss: 0.2707 - Train Metric: 0.9334
Epoch 45/50 - Val Metric: 0.9128
Epoch 46/50 - Train Loss: 0.2704 - Train Metric: 0.9336
Epoch 46/50 - Val Metric: 0.9120
Epoch 47/50 - Train Loss: 0.2699 - Train Metric: 0.9338
Epoch 47/50 - Val Metric: 0.9110
Epoch 48/50 - Train Loss: 0.2680 - Train Metric: 0.9347
Epoch 48/50 - Val Metric: 0.9108
Epoch 49/50 - Train Loss: 0.2678 - Train Metric: 0.9350
Epoch 49/50 - Val Metric: 0.9123
Epoch 50/50 - Train Loss: 0.2673 - Train Metric: 0.9352
Epoch 50/50 - Val Metric: 0.9097
Best val: 0.9165, Best test: 0.9087
Training set has 26048 instances
Validation set has 3256 instances
Test set has 3257 instances
Epoch 1/50 - Train Loss: 0.3896 - Train Metric: 0.8556
Epoch 1/50 - Val Metric: 0.9108
Epoch 2/50 - Train Loss: 0.3262 - Train Metric: 0.9031
Epoch 2/50 - Val Metric: 0.9149
Epoch 3/50 - Train Loss: 0.3218 - Train Metric: 0.9054
Epoch 3/50 - Val Metric: 0.9144
Epoch 4/50 - Train Loss: 0.3161 - Train Metric: 0.9091
Epoch 4/50 - Val Metric: 0.9176
Epoch 5/50 - Train Loss: 0.3168 - Train Metric: 0.9082
Epoch 5/50 - Val Metric: 0.9175
Epoch 6/50 - Train Loss: 0.3145 - Train Metric: 0.9093
Epoch 6/50 - Val Metric: 0.9188
Epoch 7/50 - Train Loss: 0.3095 - Train Metric: 0.9125
Epoch 7/50 - Val Metric: 0.9183
Epoch 8/50 - Train Loss: 0.3131 - Train Metric: 0.9105
Epoch 8/50 - Val Metric: 0.9186
Epoch 9/50 - Train Loss: 0.3088 - Train Metric: 0.9129
Epoch 9/50 - Val Metric: 0.9192
Epoch 10/50 - Train Loss: 0.3083 - Train Metric: 0.9136
Epoch 10/50 - Val Metric: 0.9192
Epoch 11/50 - Train Loss: 0.3075 - Train Metric: 0.9144
Epoch 11/50 - Val Metric: 0.9194
Epoch 12/50 - Train Loss: 0.3050 - Train Metric: 0.9150
Epoch 12/50 - Val Metric: 0.9189
Epoch 13/50 - Train Loss: 0.3044 - Train Metric: 0.9154
Epoch 13/50 - Val Metric: 0.9186
Epoch 14/50 - Train Loss: 0.3027 - Train Metric: 0.9161
Epoch 14/50 - Val Metric: 0.9199
Epoch 15/50 - Train Loss: 0.3027 - Train Metric: 0.9161
Epoch 15/50 - Val Metric: 0.9171
Epoch 16/50 - Train Loss: 0.3011 - Train Metric: 0.9170
Epoch 16/50 - Val Metric: 0.9192
Epoch 17/50 - Train Loss: 0.3001 - Train Metric: 0.9176
Epoch 17/50 - Val Metric: 0.9199
Epoch 18/50 - Train Loss: 0.3001 - Train Metric: 0.9175
Epoch 18/50 - Val Metric: 0.9186
Epoch 19/50 - Train Loss: 0.3000 - Train Metric: 0.9180
Epoch 19/50 - Val Metric: 0.9197
Epoch 20/50 - Train Loss: 0.2978 - Train Metric: 0.9190
Epoch 20/50 - Val Metric: 0.9182
Epoch 21/50 - Train Loss: 0.2987 - Train Metric: 0.9186
Epoch 21/50 - Val Metric: 0.9196
Epoch 22/50 - Train Loss: 0.2957 - Train Metric: 0.9202
Epoch 22/50 - Val Metric: 0.9157
Epoch 23/50 - Train Loss: 0.2955 - Train Metric: 0.9203
Epoch 23/50 - Val Metric: 0.9194
Epoch 24/50 - Train Loss: 0.2945 - Train Metric: 0.9209
Epoch 24/50 - Val Metric: 0.9152
Epoch 25/50 - Train Loss: 0.2949 - Train Metric: 0.9208
Epoch 25/50 - Val Metric: 0.9184
Epoch 26/50 - Train Loss: 0.2963 - Train Metric: 0.9202
Epoch 26/50 - Val Metric: 0.9203
Epoch 27/50 - Train Loss: 0.2938 - Train Metric: 0.9215
Epoch 27/50 - Val Metric: 0.9185
Epoch 28/50 - Train Loss: 0.2949 - Train Metric: 0.9211
Epoch 28/50 - Val Metric: 0.9194
Epoch 29/50 - Train Loss: 0.2949 - Train Metric: 0.9213
Epoch 29/50 - Val Metric: 0.9192
Epoch 30/50 - Train Loss: 0.2923 - Train Metric: 0.9223
Epoch 30/50 - Val Metric: 0.9185
Epoch 31/50 - Train Loss: 0.2897 - Train Metric: 0.9236
Epoch 31/50 - Val Metric: 0.9175
Epoch 32/50 - Train Loss: 0.2899 - Train Metric: 0.9236
Epoch 32/50 - Val Metric: 0.9171
Epoch 33/50 - Train Loss: 0.2881 - Train Metric: 0.9243
Epoch 33/50 - Val Metric: 0.9188
Epoch 34/50 - Train Loss: 0.2872 - Train Metric: 0.9250
Epoch 34/50 - Val Metric: 0.9166
Epoch 35/50 - Train Loss: 0.2850 - Train Metric: 0.9259
Epoch 35/50 - Val Metric: 0.9183
Epoch 36/50 - Train Loss: 0.2844 - Train Metric: 0.9264
Epoch 36/50 - Val Metric: 0.9168
Epoch 37/50 - Train Loss: 0.2835 - Train Metric: 0.9268
Epoch 37/50 - Val Metric: 0.9175
Epoch 38/50 - Train Loss: 0.2830 - Train Metric: 0.9270
Epoch 38/50 - Val Metric: 0.9157
Epoch 39/50 - Train Loss: 0.2837 - Train Metric: 0.9268
Epoch 39/50 - Val Metric: 0.9152
Epoch 40/50 - Train Loss: 0.2805 - Train Metric: 0.9284
Epoch 40/50 - Val Metric: 0.9150
Epoch 41/50 - Train Loss: 0.2791 - Train Metric: 0.9289
Epoch 41/50 - Val Metric: 0.9163
Epoch 42/50 - Train Loss: 0.2791 - Train Metric: 0.9291
Epoch 42/50 - Val Metric: 0.9160
Epoch 43/50 - Train Loss: 0.2770 - Train Metric: 0.9300
Epoch 43/50 - Val Metric: 0.9155
Epoch 44/50 - Train Loss: 0.2768 - Train Metric: 0.9303
Epoch 44/50 - Val Metric: 0.9161
Epoch 45/50 - Train Loss: 0.2763 - Train Metric: 0.9305
Epoch 45/50 - Val Metric: 0.9140
Epoch 46/50 - Train Loss: 0.2745 - Train Metric: 0.9316
Epoch 46/50 - Val Metric: 0.9159
Epoch 47/50 - Train Loss: 0.2733 - Train Metric: 0.9321
Epoch 47/50 - Val Metric: 0.9156
Epoch 48/50 - Train Loss: 0.2727 - Train Metric: 0.9325
Epoch 48/50 - Val Metric: 0.9140
Epoch 49/50 - Train Loss: 0.2719 - Train Metric: 0.9328
Epoch 49/50 - Val Metric: 0.9122
Epoch 50/50 - Train Loss: 0.2704 - Train Metric: 0.9337
Epoch 50/50 - Val Metric: 0.9140
Best val: 0.9203, Best test: 0.9113
Training set has 26048 instances
Validation set has 3256 instances
Test set has 3257 instances
Epoch 1/50 - Train Loss: 0.4084 - Train Metric: 0.8333
Epoch 1/50 - Val Metric: 0.8921
Epoch 2/50 - Train Loss: 0.3314 - Train Metric: 0.8985
Epoch 2/50 - Val Metric: 0.9008
Epoch 3/50 - Train Loss: 0.3218 - Train Metric: 0.9044
Epoch 3/50 - Val Metric: 0.9021
Epoch 4/50 - Train Loss: 0.3151 - Train Metric: 0.9085
Epoch 4/50 - Val Metric: 0.9051
Epoch 5/50 - Train Loss: 0.3121 - Train Metric: 0.9101
Epoch 5/50 - Val Metric: 0.9061
Epoch 6/50 - Train Loss: 0.3097 - Train Metric: 0.9113
Epoch 6/50 - Val Metric: 0.9052
Epoch 7/50 - Train Loss: 0.3066 - Train Metric: 0.9130
Epoch 7/50 - Val Metric: 0.9043
Epoch 8/50 - Train Loss: 0.3059 - Train Metric: 0.9136
Epoch 8/50 - Val Metric: 0.9080
Epoch 9/50 - Train Loss: 0.3057 - Train Metric: 0.9137
Epoch 9/50 - Val Metric: 0.9070
Epoch 10/50 - Train Loss: 0.3022 - Train Metric: 0.9155
Epoch 10/50 - Val Metric: 0.9077
Epoch 11/50 - Train Loss: 0.3019 - Train Metric: 0.9154
Epoch 11/50 - Val Metric: 0.9087
Epoch 12/50 - Train Loss: 0.3014 - Train Metric: 0.9158
Epoch 12/50 - Val Metric: 0.9073
Epoch 13/50 - Train Loss: 0.2993 - Train Metric: 0.9173
Epoch 13/50 - Val Metric: 0.9089
Epoch 14/50 - Train Loss: 0.2994 - Train Metric: 0.9170
Epoch 14/50 - Val Metric: 0.9069
Epoch 15/50 - Train Loss: 0.2991 - Train Metric: 0.9174
Epoch 15/50 - Val Metric: 0.9088
Epoch 16/50 - Train Loss: 0.2963 - Train Metric: 0.9187
Epoch 16/50 - Val Metric: 0.9106
Epoch 17/50 - Train Loss: 0.2940 - Train Metric: 0.9200
Epoch 17/50 - Val Metric: 0.9102
Epoch 18/50 - Train Loss: 0.2951 - Train Metric: 0.9196
Epoch 18/50 - Val Metric: 0.9102
Epoch 19/50 - Train Loss: 0.2920 - Train Metric: 0.9212
Epoch 19/50 - Val Metric: 0.9111
Epoch 20/50 - Train Loss: 0.2909 - Train Metric: 0.9217
Epoch 20/50 - Val Metric: 0.9110
Epoch 21/50 - Train Loss: 0.2914 - Train Metric: 0.9214
Epoch 21/50 - Val Metric: 0.9104
Epoch 22/50 - Train Loss: 0.2918 - Train Metric: 0.9213
Epoch 22/50 - Val Metric: 0.9111
Epoch 23/50 - Train Loss: 0.2883 - Train Metric: 0.9234
Epoch 23/50 - Val Metric: 0.9119
Epoch 24/50 - Train Loss: 0.2880 - Train Metric: 0.9231
Epoch 24/50 - Val Metric: 0.9117
Epoch 25/50 - Train Loss: 0.2885 - Train Metric: 0.9229
Epoch 25/50 - Val Metric: 0.9100
Epoch 26/50 - Train Loss: 0.2871 - Train Metric: 0.9238
Epoch 26/50 - Val Metric: 0.9118
Epoch 27/50 - Train Loss: 0.2852 - Train Metric: 0.9248
Epoch 27/50 - Val Metric: 0.9132
Epoch 28/50 - Train Loss: 0.2852 - Train Metric: 0.9249
Epoch 28/50 - Val Metric: 0.9122
Epoch 29/50 - Train Loss: 0.2846 - Train Metric: 0.9252
Epoch 29/50 - Val Metric: 0.9127
Epoch 30/50 - Train Loss: 0.2823 - Train Metric: 0.9262
Epoch 30/50 - Val Metric: 0.9135
Epoch 31/50 - Train Loss: 0.2831 - Train Metric: 0.9260
Epoch 31/50 - Val Metric: 0.9118
Epoch 32/50 - Train Loss: 0.2796 - Train Metric: 0.9276
Epoch 32/50 - Val Metric: 0.9124
Epoch 33/50 - Train Loss: 0.2802 - Train Metric: 0.9274
Epoch 33/50 - Val Metric: 0.9122
Epoch 34/50 - Train Loss: 0.2823 - Train Metric: 0.9267
Epoch 34/50 - Val Metric: 0.9107
Epoch 35/50 - Train Loss: 0.2839 - Train Metric: 0.9262
Epoch 35/50 - Val Metric: 0.9098
Epoch 36/50 - Train Loss: 0.2812 - Train Metric: 0.9273
Epoch 36/50 - Val Metric: 0.9115
Epoch 37/50 - Train Loss: 0.2771 - Train Metric: 0.9292
Epoch 37/50 - Val Metric: 0.9119
Epoch 38/50 - Train Loss: 0.2756 - Train Metric: 0.9300
Epoch 38/50 - Val Metric: 0.9110
Epoch 39/50 - Train Loss: 0.2741 - Train Metric: 0.9306
Epoch 39/50 - Val Metric: 0.9123
Epoch 40/50 - Train Loss: 0.2739 - Train Metric: 0.9309
Epoch 40/50 - Val Metric: 0.9129
Epoch 41/50 - Train Loss: 0.2734 - Train Metric: 0.9311
Epoch 41/50 - Val Metric: 0.9126
Epoch 42/50 - Train Loss: 0.2715 - Train Metric: 0.9319
Epoch 42/50 - Val Metric: 0.9115
Epoch 43/50 - Train Loss: 0.2698 - Train Metric: 0.9328
Epoch 43/50 - Val Metric: 0.9111
Epoch 44/50 - Train Loss: 0.2698 - Train Metric: 0.9330
Epoch 44/50 - Val Metric: 0.9114
Epoch 45/50 - Train Loss: 0.2689 - Train Metric: 0.9333
Epoch 45/50 - Val Metric: 0.9088
Epoch 46/50 - Train Loss: 0.2676 - Train Metric: 0.9340
Epoch 46/50 - Val Metric: 0.9106
Epoch 47/50 - Train Loss: 0.2659 - Train Metric: 0.9349
Epoch 47/50 - Val Metric: 0.9085
Epoch 48/50 - Train Loss: 0.2652 - Train Metric: 0.9351
Epoch 48/50 - Val Metric: 0.9096
Epoch 49/50 - Train Loss: 0.2638 - Train Metric: 0.9360
Epoch 49/50 - Val Metric: 0.9079
Epoch 50/50 - Train Loss: 0.2626 - Train Metric: 0.9367
Epoch 50/50 - Val Metric: 0.9090
Best val: 0.9135, Best test: 0.9154
Training set has 26048 instances
Validation set has 3256 instances
Test set has 3257 instances
Epoch 1/50 - Train Loss: 0.3965 - Train Metric: 0.8467
Epoch 1/50 - Val Metric: 0.9019
Epoch 2/50 - Train Loss: 0.3250 - Train Metric: 0.9027
Epoch 2/50 - Val Metric: 0.9066
Epoch 3/50 - Train Loss: 0.3179 - Train Metric: 0.9073
Epoch 3/50 - Val Metric: 0.9068
Epoch 4/50 - Train Loss: 0.3150 - Train Metric: 0.9091
Epoch 4/50 - Val Metric: 0.9085
Epoch 5/50 - Train Loss: 0.3186 - Train Metric: 0.9070
Epoch 5/50 - Val Metric: 0.9080
Epoch 6/50 - Train Loss: 0.3141 - Train Metric: 0.9096
Epoch 6/50 - Val Metric: 0.9095
Epoch 7/50 - Train Loss: 0.3092 - Train Metric: 0.9122
Epoch 7/50 - Val Metric: 0.9074
Epoch 8/50 - Train Loss: 0.3051 - Train Metric: 0.9145
Epoch 8/50 - Val Metric: 0.9106
Epoch 9/50 - Train Loss: 0.3060 - Train Metric: 0.9139
Epoch 9/50 - Val Metric: 0.9087
Epoch 10/50 - Train Loss: 0.3045 - Train Metric: 0.9148
Epoch 10/50 - Val Metric: 0.9099
Epoch 11/50 - Train Loss: 0.3044 - Train Metric: 0.9150
Epoch 11/50 - Val Metric: 0.9111
Epoch 12/50 - Train Loss: 0.3008 - Train Metric: 0.9166
Epoch 12/50 - Val Metric: 0.9115
Epoch 13/50 - Train Loss: 0.3009 - Train Metric: 0.9171
Epoch 13/50 - Val Metric: 0.9103
Epoch 14/50 - Train Loss: 0.3006 - Train Metric: 0.9168
Epoch 14/50 - Val Metric: 0.9096
Epoch 15/50 - Train Loss: 0.2997 - Train Metric: 0.9176
Epoch 15/50 - Val Metric: 0.9106
Epoch 16/50 - Train Loss: 0.3001 - Train Metric: 0.9175
Epoch 16/50 - Val Metric: 0.9110
Epoch 17/50 - Train Loss: 0.2977 - Train Metric: 0.9186
Epoch 17/50 - Val Metric: 0.9118
Epoch 18/50 - Train Loss: 0.2977 - Train Metric: 0.9187
Epoch 18/50 - Val Metric: 0.9117
Epoch 19/50 - Train Loss: 0.2943 - Train Metric: 0.9203
Epoch 19/50 - Val Metric: 0.9115
Epoch 20/50 - Train Loss: 0.2965 - Train Metric: 0.9194
Epoch 20/50 - Val Metric: 0.9091
Epoch 21/50 - Train Loss: 0.2950 - Train Metric: 0.9199
Epoch 21/50 - Val Metric: 0.9095
Epoch 22/50 - Train Loss: 0.2966 - Train Metric: 0.9193
Epoch 22/50 - Val Metric: 0.9104
Epoch 23/50 - Train Loss: 0.2985 - Train Metric: 0.9186
Epoch 23/50 - Val Metric: 0.9104
Epoch 24/50 - Train Loss: 0.2962 - Train Metric: 0.9197
Epoch 24/50 - Val Metric: 0.9110
Epoch 25/50 - Train Loss: 0.2909 - Train Metric: 0.9222
Epoch 25/50 - Val Metric: 0.9107
Epoch 26/50 - Train Loss: 0.2906 - Train Metric: 0.9225
Epoch 26/50 - Val Metric: 0.9099
Epoch 27/50 - Train Loss: 0.2924 - Train Metric: 0.9213
Epoch 27/50 - Val Metric: 0.9095
Epoch 28/50 - Train Loss: 0.2918 - Train Metric: 0.9218
Epoch 28/50 - Val Metric: 0.9113
Epoch 29/50 - Train Loss: 0.2908 - Train Metric: 0.9223
Epoch 29/50 - Val Metric: 0.9114
Epoch 30/50 - Train Loss: 0.2894 - Train Metric: 0.9230
Epoch 30/50 - Val Metric: 0.9109
Epoch 31/50 - Train Loss: 0.2875 - Train Metric: 0.9241
Epoch 31/50 - Val Metric: 0.9116
Epoch 32/50 - Train Loss: 0.2867 - Train Metric: 0.9244
Epoch 32/50 - Val Metric: 0.9103
Epoch 33/50 - Train Loss: 0.2862 - Train Metric: 0.9250
Epoch 33/50 - Val Metric: 0.9112
Epoch 34/50 - Train Loss: 0.2852 - Train Metric: 0.9255
Epoch 34/50 - Val Metric: 0.9106
Epoch 35/50 - Train Loss: 0.2853 - Train Metric: 0.9254
Epoch 35/50 - Val Metric: 0.9105
Epoch 36/50 - Train Loss: 0.2845 - Train Metric: 0.9256
Epoch 36/50 - Val Metric: 0.9108
Epoch 37/50 - Train Loss: 0.2838 - Train Metric: 0.9262
Epoch 37/50 - Val Metric: 0.9106
Epoch 38/50 - Train Loss: 0.2827 - Train Metric: 0.9267
Epoch 38/50 - Val Metric: 0.9109
Epoch 39/50 - Train Loss: 0.2812 - Train Metric: 0.9277
Epoch 39/50 - Val Metric: 0.9114
Epoch 40/50 - Train Loss: 0.2811 - Train Metric: 0.9277
Epoch 40/50 - Val Metric: 0.9109
Epoch 41/50 - Train Loss: 0.2803 - Train Metric: 0.9279
Epoch 41/50 - Val Metric: 0.9092
Epoch 42/50 - Train Loss: 0.2784 - Train Metric: 0.9290
Epoch 42/50 - Val Metric: 0.9113
Epoch 43/50 - Train Loss: 0.2781 - Train Metric: 0.9292
Epoch 43/50 - Val Metric: 0.9099
Epoch 44/50 - Train Loss: 0.2774 - Train Metric: 0.9297
Epoch 44/50 - Val Metric: 0.9101
Epoch 45/50 - Train Loss: 0.2770 - Train Metric: 0.9299
Epoch 45/50 - Val Metric: 0.9079
Epoch 46/50 - Train Loss: 0.2752 - Train Metric: 0.9308
Epoch 46/50 - Val Metric: 0.9095
Epoch 47/50 - Train Loss: 0.2763 - Train Metric: 0.9301
Epoch 47/50 - Val Metric: 0.9090
Epoch 48/50 - Train Loss: 0.2746 - Train Metric: 0.9310
Epoch 48/50 - Val Metric: 0.9081
Epoch 49/50 - Train Loss: 0.2744 - Train Metric: 0.9311
Epoch 49/50 - Val Metric: 0.9091
Epoch 50/50 - Train Loss: 0.2729 - Train Metric: 0.9321
Epoch 50/50 - Val Metric: 0.9072
Best val: 0.9118, Best test: 0.9148
[0.9109956  0.90872598 0.91130257 0.91538364 0.91483748]
