Hyper-parameter search via Optuna
Namespace(task_type='binary_classification', scale='small', idx=0, epochs=50, num_trials=20, num_repeats=5, seed=0, exp_name='MemPerceiver', result_path='output/binary_classification/small/0/MemPerceiver.pt')
Device: cuda
Start building binary_classification dataset_small_0
Training set has 26048 instances
Validation set has 3256 instances
Test set has 3257 instances
Epoch 1/50 - Train Loss: 0.4094 - Train Metric: 0.8348
Epoch 1/50 - Val Metric: 0.8665
Epoch 2/50 - Train Loss: 0.3658 - Train Metric: 0.8738
Epoch 2/50 - Val Metric: 0.8732
Epoch 3/50 - Train Loss: 0.3492 - Train Metric: 0.8867
Epoch 3/50 - Val Metric: 0.8854
Epoch 4/50 - Train Loss: 0.3372 - Train Metric: 0.8951
Epoch 4/50 - Val Metric: 0.8936
Epoch 5/50 - Train Loss: 0.3308 - Train Metric: 0.8988
Epoch 5/50 - Val Metric: 0.8962
Epoch 6/50 - Train Loss: 0.3245 - Train Metric: 0.9026
Epoch 6/50 - Val Metric: 0.8997
Epoch 7/50 - Train Loss: 0.3198 - Train Metric: 0.9055
Epoch 7/50 - Val Metric: 0.9023
Epoch 8/50 - Train Loss: 0.3168 - Train Metric: 0.9073
Epoch 8/50 - Val Metric: 0.9020
Epoch 9/50 - Train Loss: 0.3175 - Train Metric: 0.9068
Epoch 9/50 - Val Metric: 0.9017
Epoch 10/50 - Train Loss: 0.3135 - Train Metric: 0.9091
Epoch 10/50 - Val Metric: 0.9030
Epoch 11/50 - Train Loss: 0.3129 - Train Metric: 0.9091
Epoch 11/50 - Val Metric: 0.9026
Epoch 12/50 - Train Loss: 0.3112 - Train Metric: 0.9101
Epoch 12/50 - Val Metric: 0.9026
Epoch 13/50 - Train Loss: 0.3090 - Train Metric: 0.9114
Epoch 13/50 - Val Metric: 0.9038
Epoch 14/50 - Train Loss: 0.3063 - Train Metric: 0.9129
Epoch 14/50 - Val Metric: 0.9060
Epoch 15/50 - Train Loss: 0.3053 - Train Metric: 0.9133
Epoch 15/50 - Val Metric: 0.9067
Epoch 16/50 - Train Loss: 0.3025 - Train Metric: 0.9149
Epoch 16/50 - Val Metric: 0.9046
Epoch 17/50 - Train Loss: 0.3016 - Train Metric: 0.9154
Epoch 17/50 - Val Metric: 0.9059
Epoch 18/50 - Train Loss: 0.2985 - Train Metric: 0.9171
Epoch 18/50 - Val Metric: 0.9039
Epoch 19/50 - Train Loss: 0.2973 - Train Metric: 0.9181
Epoch 19/50 - Val Metric: 0.9048
Epoch 20/50 - Train Loss: 0.2960 - Train Metric: 0.9186
Epoch 20/50 - Val Metric: 0.9037
Epoch 21/50 - Train Loss: 0.2942 - Train Metric: 0.9194
Epoch 21/50 - Val Metric: 0.9034
Epoch 22/50 - Train Loss: 0.2943 - Train Metric: 0.9194
Epoch 22/50 - Val Metric: 0.9075
Epoch 23/50 - Train Loss: 0.2894 - Train Metric: 0.9223
Epoch 23/50 - Val Metric: 0.9045
Epoch 24/50 - Train Loss: 0.2875 - Train Metric: 0.9235
Epoch 24/50 - Val Metric: 0.9028
Epoch 25/50 - Train Loss: 0.2856 - Train Metric: 0.9245
Epoch 25/50 - Val Metric: 0.9025
Epoch 26/50 - Train Loss: 0.2851 - Train Metric: 0.9249
Epoch 26/50 - Val Metric: 0.9024
Epoch 27/50 - Train Loss: 0.2824 - Train Metric: 0.9263
Epoch 27/50 - Val Metric: 0.9043
Epoch 28/50 - Train Loss: 0.2800 - Train Metric: 0.9277
Epoch 28/50 - Val Metric: 0.9032
Epoch 29/50 - Train Loss: 0.2776 - Train Metric: 0.9291
Epoch 29/50 - Val Metric: 0.9037
Epoch 30/50 - Train Loss: 0.2724 - Train Metric: 0.9320
Epoch 30/50 - Val Metric: 0.8997
Epoch 31/50 - Train Loss: 0.2727 - Train Metric: 0.9317
Epoch 31/50 - Val Metric: 0.9016
Epoch 32/50 - Train Loss: 0.2684 - Train Metric: 0.9338
Epoch 32/50 - Val Metric: 0.8974
Epoch 33/50 - Train Loss: 0.2678 - Train Metric: 0.9345
Epoch 33/50 - Val Metric: 0.8986
Epoch 34/50 - Train Loss: 0.2686 - Train Metric: 0.9340
Epoch 34/50 - Val Metric: 0.9025
Epoch 35/50 - Train Loss: 0.2610 - Train Metric: 0.9377
Epoch 35/50 - Val Metric: 0.8989
Epoch 36/50 - Train Loss: 0.2571 - Train Metric: 0.9399
Epoch 36/50 - Val Metric: 0.8940
Epoch 37/50 - Train Loss: 0.2543 - Train Metric: 0.9413
Epoch 37/50 - Val Metric: 0.8978
Epoch 38/50 - Train Loss: 0.2518 - Train Metric: 0.9423
Epoch 38/50 - Val Metric: 0.8923
Epoch 39/50 - Train Loss: 0.2461 - Train Metric: 0.9453
Epoch 39/50 - Val Metric: 0.8951
Epoch 40/50 - Train Loss: 0.2435 - Train Metric: 0.9464
Epoch 40/50 - Val Metric: 0.8914
Epoch 41/50 - Train Loss: 0.2420 - Train Metric: 0.9472
Epoch 41/50 - Val Metric: 0.8927
Epoch 42/50 - Train Loss: 0.2364 - Train Metric: 0.9497
Epoch 42/50 - Val Metric: 0.8897
Epoch 43/50 - Train Loss: 0.2362 - Train Metric: 0.9498
Epoch 43/50 - Val Metric: 0.8915
Epoch 44/50 - Train Loss: 0.2335 - Train Metric: 0.9510
Epoch 44/50 - Val Metric: 0.8919
Epoch 45/50 - Train Loss: 0.2298 - Train Metric: 0.9526
Epoch 45/50 - Val Metric: 0.8886
Epoch 46/50 - Train Loss: 0.2273 - Train Metric: 0.9538
Epoch 46/50 - Val Metric: 0.8838
Epoch 47/50 - Train Loss: 0.2267 - Train Metric: 0.9541
Epoch 47/50 - Val Metric: 0.8872
Epoch 48/50 - Train Loss: 0.2232 - Train Metric: 0.9555
Epoch 48/50 - Val Metric: 0.8892
Epoch 49/50 - Train Loss: 0.2215 - Train Metric: 0.9562
Epoch 49/50 - Val Metric: 0.8855
Epoch 50/50 - Train Loss: 0.2166 - Train Metric: 0.9582
Epoch 50/50 - Val Metric: 0.8866
Best val: 0.9075, Best test: 0.9119
Training set has 26048 instances
Validation set has 3256 instances
Test set has 3257 instances
Epoch 1/50 - Train Loss: 0.4395 - Train Metric: 0.8012
Epoch 1/50 - Val Metric: 0.8705
Epoch 2/50 - Train Loss: 0.3752 - Train Metric: 0.8658
Epoch 2/50 - Val Metric: 0.8788
Epoch 3/50 - Train Loss: 0.3684 - Train Metric: 0.8716
Epoch 3/50 - Val Metric: 0.8821
Epoch 4/50 - Train Loss: 0.3636 - Train Metric: 0.8753
Epoch 4/50 - Val Metric: 0.8867
Epoch 5/50 - Train Loss: 0.3600 - Train Metric: 0.8781
Epoch 5/50 - Val Metric: 0.8879
Epoch 6/50 - Train Loss: 0.3547 - Train Metric: 0.8818
Epoch 6/50 - Val Metric: 0.8916
Epoch 7/50 - Train Loss: 0.3521 - Train Metric: 0.8839
Epoch 7/50 - Val Metric: 0.8926
Epoch 8/50 - Train Loss: 0.3495 - Train Metric: 0.8862
Epoch 8/50 - Val Metric: 0.8946
Epoch 9/50 - Train Loss: 0.3444 - Train Metric: 0.8890
Epoch 9/50 - Val Metric: 0.8967
Epoch 10/50 - Train Loss: 0.3418 - Train Metric: 0.8916
Epoch 10/50 - Val Metric: 0.8971
Epoch 11/50 - Train Loss: 0.3370 - Train Metric: 0.8945
Epoch 11/50 - Val Metric: 0.9002
Epoch 12/50 - Train Loss: 0.3329 - Train Metric: 0.8973
Epoch 12/50 - Val Metric: 0.9008
Epoch 13/50 - Train Loss: 0.3305 - Train Metric: 0.8986
Epoch 13/50 - Val Metric: 0.9018
Epoch 14/50 - Train Loss: 0.3294 - Train Metric: 0.8993
Epoch 14/50 - Val Metric: 0.9032
Epoch 15/50 - Train Loss: 0.3246 - Train Metric: 0.9025
Epoch 15/50 - Val Metric: 0.9036
Epoch 16/50 - Train Loss: 0.3278 - Train Metric: 0.9004
Epoch 16/50 - Val Metric: 0.9055
Epoch 17/50 - Train Loss: 0.3249 - Train Metric: 0.9020
Epoch 17/50 - Val Metric: 0.9043
Epoch 18/50 - Train Loss: 0.3248 - Train Metric: 0.9025
Epoch 18/50 - Val Metric: 0.9054
Epoch 19/50 - Train Loss: 0.3246 - Train Metric: 0.9020
Epoch 19/50 - Val Metric: 0.9058
Epoch 20/50 - Train Loss: 0.3257 - Train Metric: 0.9013
Epoch 20/50 - Val Metric: 0.9051
Epoch 21/50 - Train Loss: 0.3226 - Train Metric: 0.9035
Epoch 21/50 - Val Metric: 0.9056
Epoch 22/50 - Train Loss: 0.3232 - Train Metric: 0.9031
Epoch 22/50 - Val Metric: 0.9060
Epoch 23/50 - Train Loss: 0.3223 - Train Metric: 0.9037
Epoch 23/50 - Val Metric: 0.9062
Epoch 24/50 - Train Loss: 0.3226 - Train Metric: 0.9035
Epoch 24/50 - Val Metric: 0.9055
Epoch 25/50 - Train Loss: 0.3205 - Train Metric: 0.9046
Epoch 25/50 - Val Metric: 0.9056
Epoch 26/50 - Train Loss: 0.3205 - Train Metric: 0.9044
Epoch 26/50 - Val Metric: 0.9056
Epoch 27/50 - Train Loss: 0.3206 - Train Metric: 0.9046
Epoch 27/50 - Val Metric: 0.9066
Epoch 28/50 - Train Loss: 0.3210 - Train Metric: 0.9041
Epoch 28/50 - Val Metric: 0.9058
Epoch 29/50 - Train Loss: 0.3217 - Train Metric: 0.9042
Epoch 29/50 - Val Metric: 0.9062
Epoch 30/50 - Train Loss: 0.3210 - Train Metric: 0.9045
Epoch 30/50 - Val Metric: 0.9058
Epoch 31/50 - Train Loss: 0.3213 - Train Metric: 0.9044
Epoch 31/50 - Val Metric: 0.9061
Epoch 32/50 - Train Loss: 0.3216 - Train Metric: 0.9040
Epoch 32/50 - Val Metric: 0.9063
Epoch 33/50 - Train Loss: 0.3210 - Train Metric: 0.9042
Epoch 33/50 - Val Metric: 0.9063
Epoch 34/50 - Train Loss: 0.3198 - Train Metric: 0.9054
Epoch 34/50 - Val Metric: 0.9060
Epoch 35/50 - Train Loss: 0.3198 - Train Metric: 0.9052
Epoch 35/50 - Val Metric: 0.9070
Epoch 36/50 - Train Loss: 0.3204 - Train Metric: 0.9049
Epoch 36/50 - Val Metric: 0.9062
Epoch 37/50 - Train Loss: 0.3205 - Train Metric: 0.9048
Epoch 37/50 - Val Metric: 0.9061
Epoch 38/50 - Train Loss: 0.3194 - Train Metric: 0.9054
Epoch 38/50 - Val Metric: 0.9063
Epoch 39/50 - Train Loss: 0.3194 - Train Metric: 0.9055
Epoch 39/50 - Val Metric: 0.9063
Epoch 40/50 - Train Loss: 0.3193 - Train Metric: 0.9056
Epoch 40/50 - Val Metric: 0.9064
Epoch 41/50 - Train Loss: 0.3197 - Train Metric: 0.9054
Epoch 41/50 - Val Metric: 0.9064
Epoch 42/50 - Train Loss: 0.3196 - Train Metric: 0.9052
Epoch 42/50 - Val Metric: 0.9063
Epoch 43/50 - Train Loss: 0.3200 - Train Metric: 0.9050
Epoch 43/50 - Val Metric: 0.9064
Epoch 44/50 - Train Loss: 0.3200 - Train Metric: 0.9050
Epoch 44/50 - Val Metric: 0.9063
Epoch 45/50 - Train Loss: 0.3211 - Train Metric: 0.9042
Epoch 45/50 - Val Metric: 0.9062
Epoch 46/50 - Train Loss: 0.3199 - Train Metric: 0.9053
Epoch 46/50 - Val Metric: 0.9062
Epoch 47/50 - Train Loss: 0.3201 - Train Metric: 0.9050
Epoch 47/50 - Val Metric: 0.9062
Epoch 48/50 - Train Loss: 0.3198 - Train Metric: 0.9053
Epoch 48/50 - Val Metric: 0.9063
Epoch 49/50 - Train Loss: 0.3201 - Train Metric: 0.9047
Epoch 49/50 - Val Metric: 0.9063
Epoch 50/50 - Train Loss: 0.3211 - Train Metric: 0.9046
Epoch 50/50 - Val Metric: 0.9062
Best val: 0.9070, Best test: 0.9149
Training set has 26048 instances
Validation set has 3256 instances
Test set has 3257 instances
Epoch 1/50 - Train Loss: 0.4528 - Train Metric: 0.7804
Epoch 1/50 - Val Metric: 0.8702
Epoch 2/50 - Train Loss: 0.3577 - Train Metric: 0.8782
Epoch 2/50 - Val Metric: 0.8959
Epoch 3/50 - Train Loss: 0.3390 - Train Metric: 0.8909
Epoch 3/50 - Val Metric: 0.9006
Epoch 4/50 - Train Loss: 0.3316 - Train Metric: 0.8958
Epoch 4/50 - Val Metric: 0.9030
Epoch 5/50 - Train Loss: 0.3315 - Train Metric: 0.8959
Epoch 5/50 - Val Metric: 0.9066
Epoch 6/50 - Train Loss: 0.3239 - Train Metric: 0.9013
Epoch 6/50 - Val Metric: 0.9082
Epoch 7/50 - Train Loss: 0.3292 - Train Metric: 0.8992
Epoch 7/50 - Val Metric: 0.8950
Epoch 8/50 - Train Loss: 0.3395 - Train Metric: 0.8908
Epoch 8/50 - Val Metric: 0.9062
Epoch 9/50 - Train Loss: 0.3296 - Train Metric: 0.8974
Epoch 9/50 - Val Metric: 0.9039
Epoch 10/50 - Train Loss: 0.3246 - Train Metric: 0.9011
Epoch 10/50 - Val Metric: 0.9086
Epoch 11/50 - Train Loss: 0.3234 - Train Metric: 0.9012
Epoch 11/50 - Val Metric: 0.9062
Epoch 12/50 - Train Loss: 0.3235 - Train Metric: 0.9021
Epoch 12/50 - Val Metric: 0.9021
Epoch 13/50 - Train Loss: 0.3257 - Train Metric: 0.9003
Epoch 13/50 - Val Metric: 0.9033
Epoch 14/50 - Train Loss: 0.3322 - Train Metric: 0.8962
Epoch 14/50 - Val Metric: 0.9011
Epoch 15/50 - Train Loss: 0.3317 - Train Metric: 0.8960
Epoch 15/50 - Val Metric: 0.9054
Epoch 16/50 - Train Loss: 0.3225 - Train Metric: 0.9022
Epoch 16/50 - Val Metric: 0.9072
Epoch 17/50 - Train Loss: 0.3244 - Train Metric: 0.9009
Epoch 17/50 - Val Metric: 0.9075
Epoch 18/50 - Train Loss: 0.3224 - Train Metric: 0.9025
Epoch 18/50 - Val Metric: 0.9059
Epoch 19/50 - Train Loss: 0.3257 - Train Metric: 0.9010
Epoch 19/50 - Val Metric: 0.9078
Epoch 20/50 - Train Loss: 0.3241 - Train Metric: 0.9011
Epoch 20/50 - Val Metric: 0.9026
Epoch 21/50 - Train Loss: 0.3235 - Train Metric: 0.9008
Epoch 21/50 - Val Metric: 0.9031
Epoch 22/50 - Train Loss: 0.3244 - Train Metric: 0.9002
Epoch 22/50 - Val Metric: 0.9059
Epoch 23/50 - Train Loss: 0.3335 - Train Metric: 0.8951
Epoch 23/50 - Val Metric: 0.8998
Epoch 24/50 - Train Loss: 0.3320 - Train Metric: 0.8959
Epoch 24/50 - Val Metric: 0.9048
Epoch 25/50 - Train Loss: 0.3279 - Train Metric: 0.8992
Epoch 25/50 - Val Metric: 0.9043
Epoch 26/50 - Train Loss: 0.3279 - Train Metric: 0.8994
Epoch 26/50 - Val Metric: 0.9044
Epoch 27/50 - Train Loss: 0.3256 - Train Metric: 0.9002
Epoch 27/50 - Val Metric: 0.9035
Epoch 28/50 - Train Loss: 0.3246 - Train Metric: 0.9008
Epoch 28/50 - Val Metric: 0.9074
Epoch 29/50 - Train Loss: 0.3218 - Train Metric: 0.9027
Epoch 29/50 - Val Metric: 0.9039
Epoch 30/50 - Train Loss: 0.3222 - Train Metric: 0.9024
Epoch 30/50 - Val Metric: 0.9062
Epoch 31/50 - Train Loss: 0.3210 - Train Metric: 0.9030
Epoch 31/50 - Val Metric: 0.9052
Epoch 32/50 - Train Loss: 0.3201 - Train Metric: 0.9036
Epoch 32/50 - Val Metric: 0.9059
Epoch 33/50 - Train Loss: 0.3214 - Train Metric: 0.9027
Epoch 33/50 - Val Metric: 0.9082
Epoch 34/50 - Train Loss: 0.3211 - Train Metric: 0.9030
Epoch 34/50 - Val Metric: 0.9076
Epoch 35/50 - Train Loss: 0.3203 - Train Metric: 0.9036
Epoch 35/50 - Val Metric: 0.9088
Epoch 36/50 - Train Loss: 0.3177 - Train Metric: 0.9051
Epoch 36/50 - Val Metric: 0.9082
Epoch 37/50 - Train Loss: 0.3191 - Train Metric: 0.9043
Epoch 37/50 - Val Metric: 0.9084
Epoch 38/50 - Train Loss: 0.3179 - Train Metric: 0.9050
Epoch 38/50 - Val Metric: 0.9084
Epoch 39/50 - Train Loss: 0.3205 - Train Metric: 0.9035
Epoch 39/50 - Val Metric: 0.9068
Epoch 40/50 - Train Loss: 0.3190 - Train Metric: 0.9045
Epoch 40/50 - Val Metric: 0.9075
Epoch 41/50 - Train Loss: 0.3186 - Train Metric: 0.9047
Epoch 41/50 - Val Metric: 0.9084
Epoch 42/50 - Train Loss: 0.3171 - Train Metric: 0.9058
Epoch 42/50 - Val Metric: 0.9088
Epoch 43/50 - Train Loss: 0.3179 - Train Metric: 0.9049
Epoch 43/50 - Val Metric: 0.9080
Epoch 44/50 - Train Loss: 0.3175 - Train Metric: 0.9053
Epoch 44/50 - Val Metric: 0.9078
Epoch 45/50 - Train Loss: 0.3188 - Train Metric: 0.9044
Epoch 45/50 - Val Metric: 0.9078
Epoch 46/50 - Train Loss: 0.3143 - Train Metric: 0.9075
Epoch 46/50 - Val Metric: 0.9079
Epoch 47/50 - Train Loss: 0.3154 - Train Metric: 0.9067
Epoch 47/50 - Val Metric: 0.9087
Epoch 48/50 - Train Loss: 0.3174 - Train Metric: 0.9055
Epoch 48/50 - Val Metric: 0.9090
Epoch 49/50 - Train Loss: 0.3148 - Train Metric: 0.9066
Epoch 49/50 - Val Metric: 0.9089
Epoch 50/50 - Train Loss: 0.3150 - Train Metric: 0.9068
Epoch 50/50 - Val Metric: 0.9097
Best val: 0.9097, Best test: 0.9068
Training set has 26048 instances
Validation set has 3256 instances
Test set has 3257 instances
Epoch 1/50 - Train Loss: 0.5145 - Train Metric: 0.6546
Epoch 1/50 - Val Metric: 0.8729
Epoch 2/50 - Train Loss: 0.3746 - Train Metric: 0.8664
Epoch 2/50 - Val Metric: 0.8930
Epoch 3/50 - Train Loss: 0.3579 - Train Metric: 0.8807
Epoch 3/50 - Val Metric: 0.9040
Epoch 4/50 - Train Loss: 0.3539 - Train Metric: 0.8831
Epoch 4/50 - Val Metric: 0.9043
Epoch 5/50 - Train Loss: 0.3478 - Train Metric: 0.8870
Epoch 5/50 - Val Metric: 0.9071
Epoch 6/50 - Train Loss: 0.3455 - Train Metric: 0.8880
Epoch 6/50 - Val Metric: 0.9065
Epoch 7/50 - Train Loss: 0.3396 - Train Metric: 0.8918
Epoch 7/50 - Val Metric: 0.9039
Epoch 8/50 - Train Loss: 0.3325 - Train Metric: 0.8966
Epoch 8/50 - Val Metric: 0.9088
Epoch 9/50 - Train Loss: 0.3290 - Train Metric: 0.8990
Epoch 9/50 - Val Metric: 0.9094
Epoch 10/50 - Train Loss: 0.3309 - Train Metric: 0.8981
Epoch 10/50 - Val Metric: 0.9080
Epoch 11/50 - Train Loss: 0.3289 - Train Metric: 0.8994
Epoch 11/50 - Val Metric: 0.9102
Epoch 12/50 - Train Loss: 0.3250 - Train Metric: 0.9024
Epoch 12/50 - Val Metric: 0.9110
Epoch 13/50 - Train Loss: 0.3219 - Train Metric: 0.9040
Epoch 13/50 - Val Metric: 0.9139
Epoch 14/50 - Train Loss: 0.3199 - Train Metric: 0.9052
Epoch 14/50 - Val Metric: 0.9146
Epoch 15/50 - Train Loss: 0.3189 - Train Metric: 0.9061
Epoch 15/50 - Val Metric: 0.9148
Epoch 16/50 - Train Loss: 0.3193 - Train Metric: 0.9057
Epoch 16/50 - Val Metric: 0.9141
Epoch 17/50 - Train Loss: 0.3200 - Train Metric: 0.9052
Epoch 17/50 - Val Metric: 0.9138
Epoch 18/50 - Train Loss: 0.3198 - Train Metric: 0.9056
Epoch 18/50 - Val Metric: 0.9152
Epoch 19/50 - Train Loss: 0.3161 - Train Metric: 0.9080
Epoch 19/50 - Val Metric: 0.9143
Epoch 20/50 - Train Loss: 0.3181 - Train Metric: 0.9068
Epoch 20/50 - Val Metric: 0.9162
Epoch 21/50 - Train Loss: 0.3167 - Train Metric: 0.9071
Epoch 21/50 - Val Metric: 0.9169
Epoch 22/50 - Train Loss: 0.3134 - Train Metric: 0.9093
Epoch 22/50 - Val Metric: 0.9157
Epoch 23/50 - Train Loss: 0.3140 - Train Metric: 0.9088
Epoch 23/50 - Val Metric: 0.9160
Epoch 24/50 - Train Loss: 0.3138 - Train Metric: 0.9082
Epoch 24/50 - Val Metric: 0.9161
Epoch 25/50 - Train Loss: 0.3128 - Train Metric: 0.9098
Epoch 25/50 - Val Metric: 0.9169
Epoch 26/50 - Train Loss: 0.3145 - Train Metric: 0.9088
Epoch 26/50 - Val Metric: 0.9158
Epoch 27/50 - Train Loss: 0.3131 - Train Metric: 0.9093
Epoch 27/50 - Val Metric: 0.9164
Epoch 28/50 - Train Loss: 0.3125 - Train Metric: 0.9097
Epoch 28/50 - Val Metric: 0.9158
Epoch 29/50 - Train Loss: 0.3106 - Train Metric: 0.9108
Epoch 29/50 - Val Metric: 0.9168
Epoch 30/50 - Train Loss: 0.3108 - Train Metric: 0.9107
Epoch 30/50 - Val Metric: 0.9160
Epoch 31/50 - Train Loss: 0.3108 - Train Metric: 0.9108
Epoch 31/50 - Val Metric: 0.9166
Epoch 32/50 - Train Loss: 0.3108 - Train Metric: 0.9106
Epoch 32/50 - Val Metric: 0.9168
Epoch 33/50 - Train Loss: 0.3106 - Train Metric: 0.9107
Epoch 33/50 - Val Metric: 0.9171
Epoch 34/50 - Train Loss: 0.3093 - Train Metric: 0.9114
Epoch 34/50 - Val Metric: 0.9175
Epoch 35/50 - Train Loss: 0.3095 - Train Metric: 0.9114
Epoch 35/50 - Val Metric: 0.9171
Epoch 36/50 - Train Loss: 0.3099 - Train Metric: 0.9112
Epoch 36/50 - Val Metric: 0.9163
Epoch 37/50 - Train Loss: 0.3087 - Train Metric: 0.9119
Epoch 37/50 - Val Metric: 0.9168
Epoch 38/50 - Train Loss: 0.3108 - Train Metric: 0.9108
Epoch 38/50 - Val Metric: 0.9164
Epoch 39/50 - Train Loss: 0.3107 - Train Metric: 0.9106
Epoch 39/50 - Val Metric: 0.9168
Epoch 40/50 - Train Loss: 0.3086 - Train Metric: 0.9119
Epoch 40/50 - Val Metric: 0.9167
Epoch 41/50 - Train Loss: 0.3097 - Train Metric: 0.9116
Epoch 41/50 - Val Metric: 0.9167
Epoch 42/50 - Train Loss: 0.3096 - Train Metric: 0.9115
Epoch 42/50 - Val Metric: 0.9169
Epoch 43/50 - Train Loss: 0.3089 - Train Metric: 0.9119
Epoch 43/50 - Val Metric: 0.9170
Epoch 44/50 - Train Loss: 0.3102 - Train Metric: 0.9112
Epoch 44/50 - Val Metric: 0.9173
Epoch 45/50 - Train Loss: 0.3083 - Train Metric: 0.9121
Epoch 45/50 - Val Metric: 0.9172
Epoch 46/50 - Train Loss: 0.3106 - Train Metric: 0.9110
Epoch 46/50 - Val Metric: 0.9175
Epoch 47/50 - Train Loss: 0.3088 - Train Metric: 0.9118
Epoch 47/50 - Val Metric: 0.9172
Epoch 48/50 - Train Loss: 0.3089 - Train Metric: 0.9120
Epoch 48/50 - Val Metric: 0.9171
Epoch 49/50 - Train Loss: 0.3106 - Train Metric: 0.9108
Epoch 49/50 - Val Metric: 0.9173
Epoch 50/50 - Train Loss: 0.3091 - Train Metric: 0.9114
Epoch 50/50 - Val Metric: 0.9173
Best val: 0.9175, Best test: 0.9036
Training set has 26048 instances
Validation set has 3256 instances
Test set has 3257 instances
Epoch 1/50 - Train Loss: 0.4785 - Train Metric: 0.7518
Epoch 1/50 - Val Metric: 0.8498
Epoch 2/50 - Train Loss: 0.3999 - Train Metric: 0.8457
Epoch 2/50 - Val Metric: 0.8696
Epoch 3/50 - Train Loss: 0.3859 - Train Metric: 0.8575
Epoch 3/50 - Val Metric: 0.8766
Epoch 4/50 - Train Loss: 0.3763 - Train Metric: 0.8655
Epoch 4/50 - Val Metric: 0.8819
Epoch 5/50 - Train Loss: 0.3665 - Train Metric: 0.8744
Epoch 5/50 - Val Metric: 0.8879
Epoch 6/50 - Train Loss: 0.3607 - Train Metric: 0.8783
Epoch 6/50 - Val Metric: 0.8915
Epoch 7/50 - Train Loss: 0.3549 - Train Metric: 0.8830
Epoch 7/50 - Val Metric: 0.8969
Epoch 8/50 - Train Loss: 0.3491 - Train Metric: 0.8869
Epoch 8/50 - Val Metric: 0.9011
Epoch 9/50 - Train Loss: 0.3433 - Train Metric: 0.8912
Epoch 9/50 - Val Metric: 0.9044
Epoch 10/50 - Train Loss: 0.3378 - Train Metric: 0.8949
Epoch 10/50 - Val Metric: 0.9044
Epoch 11/50 - Train Loss: 0.3346 - Train Metric: 0.8963
Epoch 11/50 - Val Metric: 0.9068
Epoch 12/50 - Train Loss: 0.3335 - Train Metric: 0.8976
Epoch 12/50 - Val Metric: 0.9067
Epoch 13/50 - Train Loss: 0.3318 - Train Metric: 0.8981
Epoch 13/50 - Val Metric: 0.9066
Epoch 14/50 - Train Loss: 0.3323 - Train Metric: 0.8980
Epoch 14/50 - Val Metric: 0.9066
Epoch 15/50 - Train Loss: 0.3296 - Train Metric: 0.9000
Epoch 15/50 - Val Metric: 0.9075
Epoch 16/50 - Train Loss: 0.3278 - Train Metric: 0.9012
Epoch 16/50 - Val Metric: 0.9079
Epoch 17/50 - Train Loss: 0.3301 - Train Metric: 0.8993
Epoch 17/50 - Val Metric: 0.9073
Epoch 18/50 - Train Loss: 0.3285 - Train Metric: 0.9005
Epoch 18/50 - Val Metric: 0.9079
Epoch 19/50 - Train Loss: 0.3268 - Train Metric: 0.9014
Epoch 19/50 - Val Metric: 0.9081
Epoch 20/50 - Train Loss: 0.3254 - Train Metric: 0.9029
Epoch 20/50 - Val Metric: 0.9079
Epoch 21/50 - Train Loss: 0.3264 - Train Metric: 0.9022
Epoch 21/50 - Val Metric: 0.9087
Epoch 22/50 - Train Loss: 0.3256 - Train Metric: 0.9023
Epoch 22/50 - Val Metric: 0.9086
Epoch 23/50 - Train Loss: 0.3255 - Train Metric: 0.9024
Epoch 23/50 - Val Metric: 0.9089
Epoch 24/50 - Train Loss: 0.3285 - Train Metric: 0.9005
Epoch 24/50 - Val Metric: 0.9088
Epoch 25/50 - Train Loss: 0.3260 - Train Metric: 0.9022
Epoch 25/50 - Val Metric: 0.9089
Epoch 26/50 - Train Loss: 0.3246 - Train Metric: 0.9032
Epoch 26/50 - Val Metric: 0.9089
Epoch 27/50 - Train Loss: 0.3238 - Train Metric: 0.9037
Epoch 27/50 - Val Metric: 0.9085
Epoch 28/50 - Train Loss: 0.3259 - Train Metric: 0.9023
Epoch 28/50 - Val Metric: 0.9086
Epoch 29/50 - Train Loss: 0.3244 - Train Metric: 0.9033
Epoch 29/50 - Val Metric: 0.9089
Epoch 30/50 - Train Loss: 0.3257 - Train Metric: 0.9025
Epoch 30/50 - Val Metric: 0.9090
Epoch 31/50 - Train Loss: 0.3250 - Train Metric: 0.9031
Epoch 31/50 - Val Metric: 0.9089
Epoch 32/50 - Train Loss: 0.3251 - Train Metric: 0.9029
Epoch 32/50 - Val Metric: 0.9089
Epoch 33/50 - Train Loss: 0.3231 - Train Metric: 0.9041
Epoch 33/50 - Val Metric: 0.9089
Epoch 34/50 - Train Loss: 0.3235 - Train Metric: 0.9042
Epoch 34/50 - Val Metric: 0.9090
Epoch 35/50 - Train Loss: 0.3251 - Train Metric: 0.9028
Epoch 35/50 - Val Metric: 0.9091
Epoch 36/50 - Train Loss: 0.3258 - Train Metric: 0.9025
Epoch 36/50 - Val Metric: 0.9092
Epoch 37/50 - Train Loss: 0.3249 - Train Metric: 0.9029
Epoch 37/50 - Val Metric: 0.9092
Epoch 38/50 - Train Loss: 0.3240 - Train Metric: 0.9035
Epoch 38/50 - Val Metric: 0.9091
Epoch 39/50 - Train Loss: 0.3239 - Train Metric: 0.9038
Epoch 39/50 - Val Metric: 0.9088
Epoch 40/50 - Train Loss: 0.3218 - Train Metric: 0.9050
Epoch 40/50 - Val Metric: 0.9088
Epoch 41/50 - Train Loss: 0.3239 - Train Metric: 0.9035
Epoch 41/50 - Val Metric: 0.9090
Epoch 42/50 - Train Loss: 0.3244 - Train Metric: 0.9035
Epoch 42/50 - Val Metric: 0.9090
Epoch 43/50 - Train Loss: 0.3223 - Train Metric: 0.9047
Epoch 43/50 - Val Metric: 0.9090
Epoch 44/50 - Train Loss: 0.3243 - Train Metric: 0.9033
Epoch 44/50 - Val Metric: 0.9089
Epoch 45/50 - Train Loss: 0.3241 - Train Metric: 0.9034
Epoch 45/50 - Val Metric: 0.9090
Epoch 46/50 - Train Loss: 0.3246 - Train Metric: 0.9028
Epoch 46/50 - Val Metric: 0.9090
Epoch 47/50 - Train Loss: 0.3233 - Train Metric: 0.9040
Epoch 47/50 - Val Metric: 0.9090
Epoch 48/50 - Train Loss: 0.3244 - Train Metric: 0.9034
Epoch 48/50 - Val Metric: 0.9091
Epoch 49/50 - Train Loss: 0.3243 - Train Metric: 0.9036
Epoch 49/50 - Val Metric: 0.9090
Epoch 50/50 - Train Loss: 0.3236 - Train Metric: 0.9036
Epoch 50/50 - Val Metric: 0.9089
Best val: 0.9092, Best test: 0.9092
Training set has 26048 instances
Validation set has 3256 instances
Test set has 3257 instances
Training set has 26048 instances
Validation set has 3256 instances
Test set has 3257 instances
Epoch 1/50 - Train Loss: 0.3965 - Train Metric: 0.8482
Epoch 1/50 - Val Metric: 0.8927
Epoch 2/50 - Train Loss: 0.3363 - Train Metric: 0.8951
Epoch 2/50 - Val Metric: 0.9003
Epoch 3/50 - Train Loss: 0.3264 - Train Metric: 0.9009
Epoch 3/50 - Val Metric: 0.9048
Epoch 4/50 - Train Loss: 0.3211 - Train Metric: 0.9039
Epoch 4/50 - Val Metric: 0.9059
Epoch 5/50 - Train Loss: 0.3165 - Train Metric: 0.9069
Epoch 5/50 - Val Metric: 0.9096
Epoch 6/50 - Train Loss: 0.3142 - Train Metric: 0.9080
Epoch 6/50 - Val Metric: 0.9093
Epoch 7/50 - Train Loss: 0.3119 - Train Metric: 0.9097
Epoch 7/50 - Val Metric: 0.9094
Epoch 8/50 - Train Loss: 0.3115 - Train Metric: 0.9098
Epoch 8/50 - Val Metric: 0.9104
Epoch 9/50 - Train Loss: 0.3081 - Train Metric: 0.9121
Epoch 9/50 - Val Metric: 0.9125
Epoch 10/50 - Train Loss: 0.3063 - Train Metric: 0.9130
Epoch 10/50 - Val Metric: 0.9127
Epoch 11/50 - Train Loss: 0.3040 - Train Metric: 0.9145
Epoch 11/50 - Val Metric: 0.9132
Epoch 12/50 - Train Loss: 0.3030 - Train Metric: 0.9150
Epoch 12/50 - Val Metric: 0.9131
Epoch 13/50 - Train Loss: 0.3014 - Train Metric: 0.9159
Epoch 13/50 - Val Metric: 0.9149
Epoch 14/50 - Train Loss: 0.3003 - Train Metric: 0.9166
Epoch 14/50 - Val Metric: 0.9145
Epoch 15/50 - Train Loss: 0.2999 - Train Metric: 0.9168
Epoch 15/50 - Val Metric: 0.9137
Epoch 16/50 - Train Loss: 0.2996 - Train Metric: 0.9168
Epoch 16/50 - Val Metric: 0.9128
Epoch 17/50 - Train Loss: 0.2997 - Train Metric: 0.9169
Epoch 17/50 - Val Metric: 0.9146
Epoch 18/50 - Train Loss: 0.2978 - Train Metric: 0.9181
Epoch 18/50 - Val Metric: 0.9154
Epoch 19/50 - Train Loss: 0.2986 - Train Metric: 0.9179
Epoch 19/50 - Val Metric: 0.9145
Epoch 20/50 - Train Loss: 0.2987 - Train Metric: 0.9174
Epoch 20/50 - Val Metric: 0.9143
Epoch 21/50 - Train Loss: 0.2974 - Train Metric: 0.9181
Epoch 21/50 - Val Metric: 0.9138
Epoch 22/50 - Train Loss: 0.2967 - Train Metric: 0.9186
Epoch 22/50 - Val Metric: 0.9146
Epoch 23/50 - Train Loss: 0.2955 - Train Metric: 0.9192
Epoch 23/50 - Val Metric: 0.9154
Epoch 24/50 - Train Loss: 0.2956 - Train Metric: 0.9192
Epoch 24/50 - Val Metric: 0.9149
Epoch 25/50 - Train Loss: 0.2948 - Train Metric: 0.9197
Epoch 25/50 - Val Metric: 0.9151
Epoch 26/50 - Train Loss: 0.2938 - Train Metric: 0.9200
Epoch 26/50 - Val Metric: 0.9148
Epoch 27/50 - Train Loss: 0.2937 - Train Metric: 0.9202
Epoch 27/50 - Val Metric: 0.9150
Epoch 28/50 - Train Loss: 0.2934 - Train Metric: 0.9205
Epoch 28/50 - Val Metric: 0.9147
Epoch 29/50 - Train Loss: 0.2931 - Train Metric: 0.9205
Epoch 29/50 - Val Metric: 0.9147
Epoch 30/50 - Train Loss: 0.2932 - Train Metric: 0.9205
Epoch 30/50 - Val Metric: 0.9149
Epoch 31/50 - Train Loss: 0.2920 - Train Metric: 0.9212
Epoch 31/50 - Val Metric: 0.9150
Epoch 32/50 - Train Loss: 0.2917 - Train Metric: 0.9213
Epoch 32/50 - Val Metric: 0.9156
Epoch 33/50 - Train Loss: 0.2914 - Train Metric: 0.9214
Epoch 33/50 - Val Metric: 0.9144
Epoch 34/50 - Train Loss: 0.2908 - Train Metric: 0.9217
Epoch 34/50 - Val Metric: 0.9152
Epoch 35/50 - Train Loss: 0.2912 - Train Metric: 0.9215
Epoch 35/50 - Val Metric: 0.9148
Epoch 36/50 - Train Loss: 0.2901 - Train Metric: 0.9221
Epoch 36/50 - Val Metric: 0.9144
Epoch 37/50 - Train Loss: 0.2902 - Train Metric: 0.9221
Epoch 37/50 - Val Metric: 0.9143
Epoch 38/50 - Train Loss: 0.2899 - Train Metric: 0.9222
Epoch 38/50 - Val Metric: 0.9141
Epoch 39/50 - Train Loss: 0.2897 - Train Metric: 0.9223
Epoch 39/50 - Val Metric: 0.9144
Epoch 40/50 - Train Loss: 0.2895 - Train Metric: 0.9226
Epoch 40/50 - Val Metric: 0.9139
Epoch 41/50 - Train Loss: 0.2889 - Train Metric: 0.9229
Epoch 41/50 - Val Metric: 0.9141
Epoch 42/50 - Train Loss: 0.2887 - Train Metric: 0.9229
Epoch 42/50 - Val Metric: 0.9140
Epoch 43/50 - Train Loss: 0.2887 - Train Metric: 0.9229
Epoch 43/50 - Val Metric: 0.9133
Epoch 44/50 - Train Loss: 0.2886 - Train Metric: 0.9229
Epoch 44/50 - Val Metric: 0.9138
Epoch 45/50 - Train Loss: 0.2878 - Train Metric: 0.9234
Epoch 45/50 - Val Metric: 0.9135
Epoch 46/50 - Train Loss: 0.2877 - Train Metric: 0.9235
Epoch 46/50 - Val Metric: 0.9135
Epoch 47/50 - Train Loss: 0.2874 - Train Metric: 0.9237
Epoch 47/50 - Val Metric: 0.9135
Epoch 48/50 - Train Loss: 0.2870 - Train Metric: 0.9238
Epoch 48/50 - Val Metric: 0.9132
Epoch 49/50 - Train Loss: 0.2868 - Train Metric: 0.9241
Epoch 49/50 - Val Metric: 0.9135
Epoch 50/50 - Train Loss: 0.2863 - Train Metric: 0.9243
Epoch 50/50 - Val Metric: 0.9133
Best val: 0.9156, Best test: 0.9149
Training set has 26048 instances
Validation set has 3256 instances
Test set has 3257 instances
Training set has 26048 instances
Validation set has 3256 instances
Test set has 3257 instances
Training set has 26048 instances
Validation set has 3256 instances
Test set has 3257 instances
Training set has 26048 instances
Validation set has 3256 instances
Test set has 3257 instances
Training set has 26048 instances
Validation set has 3256 instances
Test set has 3257 instances
Epoch 1/50 - Train Loss: 0.4067 - Train Metric: 0.8368
Epoch 1/50 - Val Metric: 0.8914
Epoch 2/50 - Train Loss: 0.3436 - Train Metric: 0.8906
Epoch 2/50 - Val Metric: 0.9083
Epoch 3/50 - Train Loss: 0.3260 - Train Metric: 0.9010
Epoch 3/50 - Val Metric: 0.9127
Epoch 4/50 - Train Loss: 0.3174 - Train Metric: 0.9062
Epoch 4/50 - Val Metric: 0.9165
Epoch 5/50 - Train Loss: 0.3124 - Train Metric: 0.9089
Epoch 5/50 - Val Metric: 0.9175
Epoch 6/50 - Train Loss: 0.3100 - Train Metric: 0.9107
Epoch 6/50 - Val Metric: 0.9181
Epoch 7/50 - Train Loss: 0.3074 - Train Metric: 0.9119
Epoch 7/50 - Val Metric: 0.9188
Epoch 8/50 - Train Loss: 0.3061 - Train Metric: 0.9127
Epoch 8/50 - Val Metric: 0.9194
Epoch 9/50 - Train Loss: 0.3060 - Train Metric: 0.9132
Epoch 9/50 - Val Metric: 0.9195
Epoch 10/50 - Train Loss: 0.3051 - Train Metric: 0.9138
Epoch 10/50 - Val Metric: 0.9189
Epoch 11/50 - Train Loss: 0.3026 - Train Metric: 0.9148
Epoch 11/50 - Val Metric: 0.9198
Epoch 12/50 - Train Loss: 0.3009 - Train Metric: 0.9157
Epoch 12/50 - Val Metric: 0.9203
Epoch 13/50 - Train Loss: 0.2989 - Train Metric: 0.9169
Epoch 13/50 - Val Metric: 0.9206
Epoch 14/50 - Train Loss: 0.2984 - Train Metric: 0.9172
Epoch 14/50 - Val Metric: 0.9206
Epoch 15/50 - Train Loss: 0.2975 - Train Metric: 0.9176
Epoch 15/50 - Val Metric: 0.9198
Epoch 16/50 - Train Loss: 0.2974 - Train Metric: 0.9176
Epoch 16/50 - Val Metric: 0.9205
Epoch 17/50 - Train Loss: 0.2967 - Train Metric: 0.9180
Epoch 17/50 - Val Metric: 0.9211
Epoch 18/50 - Train Loss: 0.2957 - Train Metric: 0.9185
Epoch 18/50 - Val Metric: 0.9209
Epoch 19/50 - Train Loss: 0.2954 - Train Metric: 0.9189
Epoch 19/50 - Val Metric: 0.9203
Epoch 20/50 - Train Loss: 0.2946 - Train Metric: 0.9190
Epoch 20/50 - Val Metric: 0.9206
Epoch 21/50 - Train Loss: 0.2939 - Train Metric: 0.9195
Epoch 21/50 - Val Metric: 0.9205
Epoch 22/50 - Train Loss: 0.2938 - Train Metric: 0.9197
Epoch 22/50 - Val Metric: 0.9198
Epoch 23/50 - Train Loss: 0.2929 - Train Metric: 0.9201
Epoch 23/50 - Val Metric: 0.9204
Epoch 24/50 - Train Loss: 0.2926 - Train Metric: 0.9203
Epoch 24/50 - Val Metric: 0.9203
Epoch 25/50 - Train Loss: 0.2922 - Train Metric: 0.9204
Epoch 25/50 - Val Metric: 0.9195
Epoch 26/50 - Train Loss: 0.2913 - Train Metric: 0.9210
Epoch 26/50 - Val Metric: 0.9196
Epoch 27/50 - Train Loss: 0.2915 - Train Metric: 0.9208
Epoch 27/50 - Val Metric: 0.9198
Epoch 28/50 - Train Loss: 0.2914 - Train Metric: 0.9210
Epoch 28/50 - Val Metric: 0.9207
Epoch 29/50 - Train Loss: 0.2908 - Train Metric: 0.9212
Epoch 29/50 - Val Metric: 0.9195
Epoch 30/50 - Train Loss: 0.2903 - Train Metric: 0.9216
Epoch 30/50 - Val Metric: 0.9204
Epoch 31/50 - Train Loss: 0.2900 - Train Metric: 0.9215
Epoch 31/50 - Val Metric: 0.9197
Epoch 32/50 - Train Loss: 0.2895 - Train Metric: 0.9220
Epoch 32/50 - Val Metric: 0.9191
Epoch 33/50 - Train Loss: 0.2892 - Train Metric: 0.9221
Epoch 33/50 - Val Metric: 0.9199
Epoch 34/50 - Train Loss: 0.2887 - Train Metric: 0.9224
Epoch 34/50 - Val Metric: 0.9199
Epoch 35/50 - Train Loss: 0.2889 - Train Metric: 0.9223
Epoch 35/50 - Val Metric: 0.9193
Epoch 36/50 - Train Loss: 0.2885 - Train Metric: 0.9224
Epoch 36/50 - Val Metric: 0.9194
Epoch 37/50 - Train Loss: 0.2881 - Train Metric: 0.9227
Epoch 37/50 - Val Metric: 0.9193
Epoch 38/50 - Train Loss: 0.2883 - Train Metric: 0.9226
Epoch 38/50 - Val Metric: 0.9188
Epoch 39/50 - Train Loss: 0.2881 - Train Metric: 0.9227
Epoch 39/50 - Val Metric: 0.9189
Epoch 40/50 - Train Loss: 0.2879 - Train Metric: 0.9228
Epoch 40/50 - Val Metric: 0.9187
Epoch 41/50 - Train Loss: 0.2877 - Train Metric: 0.9230
Epoch 41/50 - Val Metric: 0.9185
Epoch 42/50 - Train Loss: 0.2877 - Train Metric: 0.9228
Epoch 42/50 - Val Metric: 0.9186
Epoch 43/50 - Train Loss: 0.2874 - Train Metric: 0.9230
Epoch 43/50 - Val Metric: 0.9182
Epoch 44/50 - Train Loss: 0.2871 - Train Metric: 0.9232
Epoch 44/50 - Val Metric: 0.9185
Epoch 45/50 - Train Loss: 0.2872 - Train Metric: 0.9233
Epoch 45/50 - Val Metric: 0.9182
Epoch 46/50 - Train Loss: 0.2870 - Train Metric: 0.9232
Epoch 46/50 - Val Metric: 0.9183
Epoch 47/50 - Train Loss: 0.2872 - Train Metric: 0.9232
Epoch 47/50 - Val Metric: 0.9182
Epoch 48/50 - Train Loss: 0.2870 - Train Metric: 0.9233
Epoch 48/50 - Val Metric: 0.9181
Epoch 49/50 - Train Loss: 0.2869 - Train Metric: 0.9234
Epoch 49/50 - Val Metric: 0.9184
Epoch 50/50 - Train Loss: 0.2868 - Train Metric: 0.9233
Epoch 50/50 - Val Metric: 0.9180
Best val: 0.9211, Best test: 0.9158
Training set has 26048 instances
Validation set has 3256 instances
Test set has 3257 instances
Epoch 1/50 - Train Loss: 0.4014 - Train Metric: 0.8439
Epoch 1/50 - Val Metric: 0.8796
Training set has 26048 instances
Validation set has 3256 instances
Test set has 3257 instances
Epoch 1/50 - Train Loss: 0.4139 - Train Metric: 0.8318
Epoch 1/50 - Val Metric: 0.9032
Epoch 2/50 - Train Loss: 0.3358 - Train Metric: 0.8956
Epoch 2/50 - Val Metric: 0.9108
Epoch 3/50 - Train Loss: 0.3262 - Train Metric: 0.9018
Epoch 3/50 - Val Metric: 0.9058
Epoch 4/50 - Train Loss: 0.3232 - Train Metric: 0.9034
Epoch 4/50 - Val Metric: 0.9086
Epoch 5/50 - Train Loss: 0.3181 - Train Metric: 0.9070
Epoch 5/50 - Val Metric: 0.9143
Epoch 6/50 - Train Loss: 0.3168 - Train Metric: 0.9077
Epoch 6/50 - Val Metric: 0.9142
Epoch 7/50 - Train Loss: 0.3126 - Train Metric: 0.9100
Epoch 7/50 - Val Metric: 0.9150
Epoch 8/50 - Train Loss: 0.3098 - Train Metric: 0.9116
Epoch 8/50 - Val Metric: 0.9151
Epoch 9/50 - Train Loss: 0.3084 - Train Metric: 0.9123
Epoch 9/50 - Val Metric: 0.9166
Epoch 10/50 - Train Loss: 0.3055 - Train Metric: 0.9140
Epoch 10/50 - Val Metric: 0.9138
Epoch 11/50 - Train Loss: 0.3064 - Train Metric: 0.9135
Epoch 11/50 - Val Metric: 0.9169
Epoch 12/50 - Train Loss: 0.3027 - Train Metric: 0.9156
Epoch 12/50 - Val Metric: 0.9170
Epoch 13/50 - Train Loss: 0.3011 - Train Metric: 0.9164
Epoch 13/50 - Val Metric: 0.9174
Epoch 14/50 - Train Loss: 0.2998 - Train Metric: 0.9170
Epoch 14/50 - Val Metric: 0.9172
Epoch 15/50 - Train Loss: 0.3015 - Train Metric: 0.9161
Epoch 15/50 - Val Metric: 0.9175
Epoch 16/50 - Train Loss: 0.2990 - Train Metric: 0.9174
Epoch 16/50 - Val Metric: 0.9179
Epoch 17/50 - Train Loss: 0.3002 - Train Metric: 0.9169
Epoch 17/50 - Val Metric: 0.9182
Epoch 18/50 - Train Loss: 0.2995 - Train Metric: 0.9171
Epoch 18/50 - Val Metric: 0.9171
Epoch 19/50 - Train Loss: 0.2968 - Train Metric: 0.9188
Epoch 19/50 - Val Metric: 0.9179
Epoch 20/50 - Train Loss: 0.2962 - Train Metric: 0.9191
Epoch 20/50 - Val Metric: 0.9186
Epoch 21/50 - Train Loss: 0.2941 - Train Metric: 0.9204
Epoch 21/50 - Val Metric: 0.9179
Epoch 22/50 - Train Loss: 0.2955 - Train Metric: 0.9196
Epoch 22/50 - Val Metric: 0.9189
Epoch 23/50 - Train Loss: 0.2950 - Train Metric: 0.9200
Epoch 23/50 - Val Metric: 0.9184
Epoch 24/50 - Train Loss: 0.2939 - Train Metric: 0.9205
Epoch 24/50 - Val Metric: 0.9177
Epoch 25/50 - Train Loss: 0.2929 - Train Metric: 0.9213
Epoch 25/50 - Val Metric: 0.9179
Epoch 26/50 - Train Loss: 0.2920 - Train Metric: 0.9216
Epoch 26/50 - Val Metric: 0.9189
Epoch 27/50 - Train Loss: 0.2926 - Train Metric: 0.9213
Epoch 27/50 - Val Metric: 0.9183
Epoch 28/50 - Train Loss: 0.2913 - Train Metric: 0.9221
Epoch 28/50 - Val Metric: 0.9178
Epoch 29/50 - Train Loss: 0.2912 - Train Metric: 0.9222
Epoch 29/50 - Val Metric: 0.9182
Epoch 30/50 - Train Loss: 0.2900 - Train Metric: 0.9228
Epoch 30/50 - Val Metric: 0.9175
Epoch 31/50 - Train Loss: 0.2903 - Train Metric: 0.9226
Epoch 31/50 - Val Metric: 0.9164
Epoch 32/50 - Train Loss: 0.2897 - Train Metric: 0.9230
Epoch 32/50 - Val Metric: 0.9177
Epoch 33/50 - Train Loss: 0.2897 - Train Metric: 0.9232
Epoch 33/50 - Val Metric: 0.9176
Epoch 34/50 - Train Loss: 0.2891 - Train Metric: 0.9233
Epoch 34/50 - Val Metric: 0.9178
Epoch 35/50 - Train Loss: 0.2895 - Train Metric: 0.9233
Epoch 35/50 - Val Metric: 0.9171
Epoch 36/50 - Train Loss: 0.2887 - Train Metric: 0.9238
Epoch 36/50 - Val Metric: 0.9173
Epoch 37/50 - Train Loss: 0.2886 - Train Metric: 0.9238
Epoch 37/50 - Val Metric: 0.9170
Epoch 38/50 - Train Loss: 0.2884 - Train Metric: 0.9239
Epoch 38/50 - Val Metric: 0.9167
Epoch 39/50 - Train Loss: 0.2878 - Train Metric: 0.9242
Epoch 39/50 - Val Metric: 0.9169
Epoch 40/50 - Train Loss: 0.2877 - Train Metric: 0.9242
Epoch 40/50 - Val Metric: 0.9178
Epoch 41/50 - Train Loss: 0.2875 - Train Metric: 0.9245
Epoch 41/50 - Val Metric: 0.9163
Epoch 42/50 - Train Loss: 0.2874 - Train Metric: 0.9245
Epoch 42/50 - Val Metric: 0.9178
Epoch 43/50 - Train Loss: 0.2877 - Train Metric: 0.9243
Epoch 43/50 - Val Metric: 0.9163
Epoch 44/50 - Train Loss: 0.2874 - Train Metric: 0.9245
Epoch 44/50 - Val Metric: 0.9172
Epoch 45/50 - Train Loss: 0.2872 - Train Metric: 0.9245
Epoch 45/50 - Val Metric: 0.9169
Epoch 46/50 - Train Loss: 0.2871 - Train Metric: 0.9246
Epoch 46/50 - Val Metric: 0.9168
Epoch 47/50 - Train Loss: 0.2872 - Train Metric: 0.9246
Epoch 47/50 - Val Metric: 0.9170
Epoch 48/50 - Train Loss: 0.2868 - Train Metric: 0.9248
Epoch 48/50 - Val Metric: 0.9163
Epoch 49/50 - Train Loss: 0.2866 - Train Metric: 0.9250
Epoch 49/50 - Val Metric: 0.9168
Epoch 50/50 - Train Loss: 0.2869 - Train Metric: 0.9247
Epoch 50/50 - Val Metric: 0.9165
Best val: 0.9189, Best test: 0.9127
Training set has 26048 instances
Validation set has 3256 instances
Test set has 3257 instances
Epoch 1/50 - Train Loss: 0.4068 - Train Metric: 0.8357
Epoch 1/50 - Val Metric: 0.8954
Epoch 2/50 - Train Loss: 0.3357 - Train Metric: 0.8949
Epoch 2/50 - Val Metric: 0.9013
Epoch 3/50 - Train Loss: 0.3226 - Train Metric: 0.9033
Epoch 3/50 - Val Metric: 0.9102
Epoch 4/50 - Train Loss: 0.3246 - Train Metric: 0.9022
Epoch 4/50 - Val Metric: 0.9129
Epoch 5/50 - Train Loss: 0.3108 - Train Metric: 0.9105
Epoch 5/50 - Val Metric: 0.9122
Epoch 6/50 - Train Loss: 0.3134 - Train Metric: 0.9091
Epoch 6/50 - Val Metric: 0.9149
Epoch 7/50 - Train Loss: 0.3072 - Train Metric: 0.9123
Epoch 7/50 - Val Metric: 0.9141
Epoch 8/50 - Train Loss: 0.3068 - Train Metric: 0.9129
Epoch 8/50 - Val Metric: 0.9144
Epoch 9/50 - Train Loss: 0.3048 - Train Metric: 0.9141
Epoch 9/50 - Val Metric: 0.9154
Epoch 10/50 - Train Loss: 0.3047 - Train Metric: 0.9142
Epoch 10/50 - Val Metric: 0.9159
Epoch 11/50 - Train Loss: 0.3038 - Train Metric: 0.9143
Epoch 11/50 - Val Metric: 0.9150
Epoch 12/50 - Train Loss: 0.3065 - Train Metric: 0.9128
Epoch 12/50 - Val Metric: 0.9127
Epoch 13/50 - Train Loss: 0.3029 - Train Metric: 0.9149
Epoch 13/50 - Val Metric: 0.9147
Epoch 14/50 - Train Loss: 0.3039 - Train Metric: 0.9144
Epoch 14/50 - Val Metric: 0.9153
Epoch 15/50 - Train Loss: 0.3054 - Train Metric: 0.9138
Epoch 15/50 - Val Metric: 0.9142
Epoch 16/50 - Train Loss: 0.3000 - Train Metric: 0.9168
Epoch 16/50 - Val Metric: 0.9168
Epoch 17/50 - Train Loss: 0.3013 - Train Metric: 0.9159
Epoch 17/50 - Val Metric: 0.9148
Epoch 18/50 - Train Loss: 0.3001 - Train Metric: 0.9167
Epoch 18/50 - Val Metric: 0.9148
Epoch 19/50 - Train Loss: 0.3000 - Train Metric: 0.9171
Epoch 19/50 - Val Metric: 0.9169
Epoch 20/50 - Train Loss: 0.2970 - Train Metric: 0.9186
Epoch 20/50 - Val Metric: 0.9153
Epoch 21/50 - Train Loss: 0.2972 - Train Metric: 0.9186
Epoch 21/50 - Val Metric: 0.9164
Epoch 22/50 - Train Loss: 0.2976 - Train Metric: 0.9183
Epoch 22/50 - Val Metric: 0.9138
Epoch 23/50 - Train Loss: 0.2971 - Train Metric: 0.9186
Epoch 23/50 - Val Metric: 0.9166
Epoch 24/50 - Train Loss: 0.2970 - Train Metric: 0.9188
Epoch 24/50 - Val Metric: 0.9154
Epoch 25/50 - Train Loss: 0.2951 - Train Metric: 0.9195
Epoch 25/50 - Val Metric: 0.9145
Epoch 26/50 - Train Loss: 0.2963 - Train Metric: 0.9191
Epoch 26/50 - Val Metric: 0.9165
Epoch 27/50 - Train Loss: 0.2974 - Train Metric: 0.9185
Epoch 27/50 - Val Metric: 0.9142
Epoch 28/50 - Train Loss: 0.2963 - Train Metric: 0.9188
Epoch 28/50 - Val Metric: 0.9164
Epoch 29/50 - Train Loss: 0.2961 - Train Metric: 0.9190
Epoch 29/50 - Val Metric: 0.9137
Epoch 30/50 - Train Loss: 0.2962 - Train Metric: 0.9190
Epoch 30/50 - Val Metric: 0.9167
Epoch 31/50 - Train Loss: 0.2956 - Train Metric: 0.9192
Epoch 31/50 - Val Metric: 0.9136
Epoch 32/50 - Train Loss: 0.2940 - Train Metric: 0.9203
Epoch 32/50 - Val Metric: 0.9161
Epoch 33/50 - Train Loss: 0.2927 - Train Metric: 0.9208
Epoch 33/50 - Val Metric: 0.9159
Epoch 34/50 - Train Loss: 0.2955 - Train Metric: 0.9196
Epoch 34/50 - Val Metric: 0.9159
Epoch 35/50 - Train Loss: 0.2933 - Train Metric: 0.9207
Epoch 35/50 - Val Metric: 0.9170
Epoch 36/50 - Train Loss: 0.2935 - Train Metric: 0.9206
Epoch 36/50 - Val Metric: 0.9157
Epoch 37/50 - Train Loss: 0.2915 - Train Metric: 0.9217
Epoch 37/50 - Val Metric: 0.9133
Epoch 38/50 - Train Loss: 0.2944 - Train Metric: 0.9206
Epoch 38/50 - Val Metric: 0.9145
Epoch 39/50 - Train Loss: 0.2937 - Train Metric: 0.9206
Epoch 39/50 - Val Metric: 0.9163
Epoch 40/50 - Train Loss: 0.2940 - Train Metric: 0.9202
Epoch 40/50 - Val Metric: 0.9160
Epoch 41/50 - Train Loss: 0.2932 - Train Metric: 0.9207
Epoch 41/50 - Val Metric: 0.9153
Epoch 42/50 - Train Loss: 0.2909 - Train Metric: 0.9220
Epoch 42/50 - Val Metric: 0.9134
Epoch 43/50 - Train Loss: 0.2921 - Train Metric: 0.9214
Epoch 43/50 - Val Metric: 0.9130
Epoch 44/50 - Train Loss: 0.2926 - Train Metric: 0.9212
Epoch 44/50 - Val Metric: 0.9163
Epoch 45/50 - Train Loss: 0.2898 - Train Metric: 0.9225
Epoch 45/50 - Val Metric: 0.9158
Epoch 46/50 - Train Loss: 0.2899 - Train Metric: 0.9227
Epoch 46/50 - Val Metric: 0.9153
Epoch 47/50 - Train Loss: 0.2896 - Train Metric: 0.9227
Epoch 47/50 - Val Metric: 0.9159
Epoch 48/50 - Train Loss: 0.2906 - Train Metric: 0.9224
Epoch 48/50 - Val Metric: 0.9146
Epoch 49/50 - Train Loss: 0.2880 - Train Metric: 0.9236
Epoch 49/50 - Val Metric: 0.9136
Epoch 50/50 - Train Loss: 0.2892 - Train Metric: 0.9230
Epoch 50/50 - Val Metric: 0.9167
Best val: 0.9170, Best test: 0.9117
Training set has 26048 instances
Validation set has 3256 instances
Test set has 3257 instances
Epoch 1/50 - Train Loss: 0.4111 - Train Metric: 0.8323
Epoch 1/50 - Val Metric: 0.8908
Epoch 2/50 - Train Loss: 0.3307 - Train Metric: 0.8989
Epoch 2/50 - Val Metric: 0.8997
Epoch 3/50 - Train Loss: 0.3206 - Train Metric: 0.9043
Epoch 3/50 - Val Metric: 0.9042
Training set has 26048 instances
Validation set has 3256 instances
Test set has 3257 instances
Epoch 1/50 - Train Loss: 0.4061 - Train Metric: 0.8362
Epoch 1/50 - Val Metric: 0.8997
Epoch 2/50 - Train Loss: 0.3332 - Train Metric: 0.8968
Epoch 2/50 - Val Metric: 0.9047
Epoch 3/50 - Train Loss: 0.3212 - Train Metric: 0.9042
Epoch 3/50 - Val Metric: 0.9094
Epoch 4/50 - Train Loss: 0.3172 - Train Metric: 0.9064
Epoch 4/50 - Val Metric: 0.9089
Epoch 5/50 - Train Loss: 0.3134 - Train Metric: 0.9083
Epoch 5/50 - Val Metric: 0.9129
Epoch 6/50 - Train Loss: 0.3112 - Train Metric: 0.9100
Epoch 6/50 - Val Metric: 0.9135
Epoch 7/50 - Train Loss: 0.3098 - Train Metric: 0.9105
Epoch 7/50 - Val Metric: 0.9148
Epoch 8/50 - Train Loss: 0.3122 - Train Metric: 0.9099
Epoch 8/50 - Val Metric: 0.9135
Epoch 9/50 - Train Loss: 0.3080 - Train Metric: 0.9123
Epoch 9/50 - Val Metric: 0.9150
Epoch 10/50 - Train Loss: 0.3052 - Train Metric: 0.9135
Epoch 10/50 - Val Metric: 0.9158
Epoch 11/50 - Train Loss: 0.3037 - Train Metric: 0.9142
Epoch 11/50 - Val Metric: 0.9171
Epoch 12/50 - Train Loss: 0.3026 - Train Metric: 0.9146
Epoch 12/50 - Val Metric: 0.9175
Epoch 13/50 - Train Loss: 0.3014 - Train Metric: 0.9154
Epoch 13/50 - Val Metric: 0.9173
Epoch 14/50 - Train Loss: 0.3011 - Train Metric: 0.9154
Epoch 14/50 - Val Metric: 0.9138
Epoch 15/50 - Train Loss: 0.3012 - Train Metric: 0.9156
Epoch 15/50 - Val Metric: 0.9176
Epoch 16/50 - Train Loss: 0.2997 - Train Metric: 0.9162
Epoch 16/50 - Val Metric: 0.9173
Epoch 17/50 - Train Loss: 0.2993 - Train Metric: 0.9166
Epoch 17/50 - Val Metric: 0.9175
Epoch 18/50 - Train Loss: 0.2989 - Train Metric: 0.9170
Epoch 18/50 - Val Metric: 0.9175
Epoch 19/50 - Train Loss: 0.2980 - Train Metric: 0.9173
Epoch 19/50 - Val Metric: 0.9184
Epoch 20/50 - Train Loss: 0.2978 - Train Metric: 0.9174
Epoch 20/50 - Val Metric: 0.9181
Epoch 21/50 - Train Loss: 0.2971 - Train Metric: 0.9178
Epoch 21/50 - Val Metric: 0.9179
Epoch 22/50 - Train Loss: 0.2963 - Train Metric: 0.9184
Epoch 22/50 - Val Metric: 0.9186
Epoch 23/50 - Train Loss: 0.2963 - Train Metric: 0.9182
Epoch 23/50 - Val Metric: 0.9187
Epoch 24/50 - Train Loss: 0.2954 - Train Metric: 0.9189
Epoch 24/50 - Val Metric: 0.9188
Epoch 25/50 - Train Loss: 0.2955 - Train Metric: 0.9188
Epoch 25/50 - Val Metric: 0.9186
Epoch 26/50 - Train Loss: 0.2948 - Train Metric: 0.9193
Epoch 26/50 - Val Metric: 0.9189
Epoch 27/50 - Train Loss: 0.2946 - Train Metric: 0.9193
Epoch 27/50 - Val Metric: 0.9181
Epoch 28/50 - Train Loss: 0.2944 - Train Metric: 0.9194
Epoch 28/50 - Val Metric: 0.9187
Epoch 29/50 - Train Loss: 0.2937 - Train Metric: 0.9197
Epoch 29/50 - Val Metric: 0.9188
Epoch 30/50 - Train Loss: 0.2937 - Train Metric: 0.9199
Epoch 30/50 - Val Metric: 0.9187
Epoch 31/50 - Train Loss: 0.2932 - Train Metric: 0.9200
Epoch 31/50 - Val Metric: 0.9192
Epoch 32/50 - Train Loss: 0.2937 - Train Metric: 0.9198
Epoch 32/50 - Val Metric: 0.9188
Epoch 33/50 - Train Loss: 0.2935 - Train Metric: 0.9199
Epoch 33/50 - Val Metric: 0.9187
Epoch 34/50 - Train Loss: 0.2931 - Train Metric: 0.9202
Epoch 34/50 - Val Metric: 0.9190
Epoch 35/50 - Train Loss: 0.2927 - Train Metric: 0.9206
Epoch 35/50 - Val Metric: 0.9189
Epoch 36/50 - Train Loss: 0.2923 - Train Metric: 0.9206
Epoch 36/50 - Val Metric: 0.9189
Epoch 37/50 - Train Loss: 0.2926 - Train Metric: 0.9205
Epoch 37/50 - Val Metric: 0.9190
Epoch 38/50 - Train Loss: 0.2923 - Train Metric: 0.9207
Epoch 38/50 - Val Metric: 0.9188
Epoch 39/50 - Train Loss: 0.2924 - Train Metric: 0.9206
Epoch 39/50 - Val Metric: 0.9189
Epoch 40/50 - Train Loss: 0.2918 - Train Metric: 0.9210
Epoch 40/50 - Val Metric: 0.9189
Epoch 41/50 - Train Loss: 0.2924 - Train Metric: 0.9206
Epoch 41/50 - Val Metric: 0.9186
Epoch 42/50 - Train Loss: 0.2920 - Train Metric: 0.9209
Epoch 42/50 - Val Metric: 0.9187
Epoch 43/50 - Train Loss: 0.2920 - Train Metric: 0.9209
Epoch 43/50 - Val Metric: 0.9188
Epoch 44/50 - Train Loss: 0.2918 - Train Metric: 0.9210
Epoch 44/50 - Val Metric: 0.9188
Epoch 45/50 - Train Loss: 0.2916 - Train Metric: 0.9211
Epoch 45/50 - Val Metric: 0.9187
Epoch 46/50 - Train Loss: 0.2918 - Train Metric: 0.9210
Epoch 46/50 - Val Metric: 0.9188
Epoch 47/50 - Train Loss: 0.2913 - Train Metric: 0.9212
Epoch 47/50 - Val Metric: 0.9188
Epoch 48/50 - Train Loss: 0.2916 - Train Metric: 0.9210
Epoch 48/50 - Val Metric: 0.9189
Epoch 49/50 - Train Loss: 0.2917 - Train Metric: 0.9211
Epoch 49/50 - Val Metric: 0.9188
Epoch 50/50 - Train Loss: 0.2914 - Train Metric: 0.9212
Epoch 50/50 - Val Metric: 0.9187
Best val: 0.9192, Best test: 0.9180
Training set has 26048 instances
Validation set has 3256 instances
Test set has 3257 instances
Epoch 1/50 - Train Loss: 0.3973 - Train Metric: 0.8451
Epoch 1/50 - Val Metric: 0.9010
Epoch 2/50 - Train Loss: 0.3364 - Train Metric: 0.8955
Epoch 2/50 - Val Metric: 0.9117
Epoch 3/50 - Train Loss: 0.3215 - Train Metric: 0.9038
Epoch 3/50 - Val Metric: 0.9147
Epoch 4/50 - Train Loss: 0.3160 - Train Metric: 0.9073
Epoch 4/50 - Val Metric: 0.9156
Epoch 5/50 - Train Loss: 0.3158 - Train Metric: 0.9071
Epoch 5/50 - Val Metric: 0.9169
Epoch 6/50 - Train Loss: 0.3115 - Train Metric: 0.9096
Epoch 6/50 - Val Metric: 0.9169
Epoch 7/50 - Train Loss: 0.3096 - Train Metric: 0.9110
Epoch 7/50 - Val Metric: 0.9155
Epoch 8/50 - Train Loss: 0.3075 - Train Metric: 0.9125
Epoch 8/50 - Val Metric: 0.9160
Epoch 9/50 - Train Loss: 0.3054 - Train Metric: 0.9132
Epoch 9/50 - Val Metric: 0.9173
Epoch 10/50 - Train Loss: 0.3054 - Train Metric: 0.9133
Epoch 10/50 - Val Metric: 0.9173
Epoch 11/50 - Train Loss: 0.3033 - Train Metric: 0.9146
Epoch 11/50 - Val Metric: 0.9180
Epoch 12/50 - Train Loss: 0.3029 - Train Metric: 0.9147
Epoch 12/50 - Val Metric: 0.9165
Epoch 13/50 - Train Loss: 0.3022 - Train Metric: 0.9148
Epoch 13/50 - Val Metric: 0.9180
Epoch 14/50 - Train Loss: 0.3003 - Train Metric: 0.9162
Epoch 14/50 - Val Metric: 0.9171
Epoch 15/50 - Train Loss: 0.2985 - Train Metric: 0.9170
Epoch 15/50 - Val Metric: 0.9176
Epoch 16/50 - Train Loss: 0.2981 - Train Metric: 0.9175
Epoch 16/50 - Val Metric: 0.9178
Epoch 17/50 - Train Loss: 0.2976 - Train Metric: 0.9181
Epoch 17/50 - Val Metric: 0.9170
Epoch 18/50 - Train Loss: 0.2973 - Train Metric: 0.9178
Epoch 18/50 - Val Metric: 0.9169
Epoch 19/50 - Train Loss: 0.2964 - Train Metric: 0.9183
Epoch 19/50 - Val Metric: 0.9163
Epoch 20/50 - Train Loss: 0.2957 - Train Metric: 0.9186
Epoch 20/50 - Val Metric: 0.9177
Epoch 21/50 - Train Loss: 0.2951 - Train Metric: 0.9192
Epoch 21/50 - Val Metric: 0.9174
Epoch 22/50 - Train Loss: 0.2948 - Train Metric: 0.9193
Epoch 22/50 - Val Metric: 0.9165
Epoch 23/50 - Train Loss: 0.2941 - Train Metric: 0.9197
Epoch 23/50 - Val Metric: 0.9162
Epoch 24/50 - Train Loss: 0.2935 - Train Metric: 0.9199
Epoch 24/50 - Val Metric: 0.9173
Epoch 25/50 - Train Loss: 0.2936 - Train Metric: 0.9201
Epoch 25/50 - Val Metric: 0.9164
Epoch 26/50 - Train Loss: 0.2934 - Train Metric: 0.9200
Epoch 26/50 - Val Metric: 0.9174
Epoch 27/50 - Train Loss: 0.2926 - Train Metric: 0.9207
Epoch 27/50 - Val Metric: 0.9168
Epoch 28/50 - Train Loss: 0.2920 - Train Metric: 0.9208
Epoch 28/50 - Val Metric: 0.9164
Epoch 29/50 - Train Loss: 0.2919 - Train Metric: 0.9209
Epoch 29/50 - Val Metric: 0.9167
Epoch 30/50 - Train Loss: 0.2913 - Train Metric: 0.9213
Epoch 30/50 - Val Metric: 0.9163
Epoch 31/50 - Train Loss: 0.2914 - Train Metric: 0.9213
Epoch 31/50 - Val Metric: 0.9158
Epoch 32/50 - Train Loss: 0.2912 - Train Metric: 0.9213
Epoch 32/50 - Val Metric: 0.9175
Epoch 33/50 - Train Loss: 0.2918 - Train Metric: 0.9212
Epoch 33/50 - Val Metric: 0.9161
Epoch 34/50 - Train Loss: 0.2913 - Train Metric: 0.9214
Epoch 34/50 - Val Metric: 0.9165
Epoch 35/50 - Train Loss: 0.2905 - Train Metric: 0.9216
Epoch 35/50 - Val Metric: 0.9160
Epoch 36/50 - Train Loss: 0.2909 - Train Metric: 0.9215
Epoch 36/50 - Val Metric: 0.9167
Epoch 37/50 - Train Loss: 0.2907 - Train Metric: 0.9217
Epoch 37/50 - Val Metric: 0.9163
Epoch 38/50 - Train Loss: 0.2903 - Train Metric: 0.9218
Epoch 38/50 - Val Metric: 0.9165
Epoch 39/50 - Train Loss: 0.2899 - Train Metric: 0.9221
Epoch 39/50 - Val Metric: 0.9163
Epoch 40/50 - Train Loss: 0.2897 - Train Metric: 0.9221
Epoch 40/50 - Val Metric: 0.9162
Epoch 41/50 - Train Loss: 0.2902 - Train Metric: 0.9220
Epoch 41/50 - Val Metric: 0.9161
Epoch 42/50 - Train Loss: 0.2901 - Train Metric: 0.9220
Epoch 42/50 - Val Metric: 0.9159
Epoch 43/50 - Train Loss: 0.2896 - Train Metric: 0.9223
Epoch 43/50 - Val Metric: 0.9163
Epoch 44/50 - Train Loss: 0.2896 - Train Metric: 0.9223
Epoch 44/50 - Val Metric: 0.9161
Epoch 45/50 - Train Loss: 0.2895 - Train Metric: 0.9224
Epoch 45/50 - Val Metric: 0.9161
Epoch 46/50 - Train Loss: 0.2894 - Train Metric: 0.9225
Epoch 46/50 - Val Metric: 0.9161
Epoch 47/50 - Train Loss: 0.2895 - Train Metric: 0.9224
Epoch 47/50 - Val Metric: 0.9160
Epoch 48/50 - Train Loss: 0.2892 - Train Metric: 0.9225
Epoch 48/50 - Val Metric: 0.9159
Epoch 49/50 - Train Loss: 0.2890 - Train Metric: 0.9226
Epoch 49/50 - Val Metric: 0.9159
Epoch 50/50 - Train Loss: 0.2895 - Train Metric: 0.9223
Epoch 50/50 - Val Metric: 0.9158
Best val: 0.9180, Best test: 0.9157
Training set has 26048 instances
Validation set has 3256 instances
Test set has 3257 instances
Training set has 26048 instances
Validation set has 3256 instances
Test set has 3257 instances
Epoch 1/50 - Train Loss: 0.3796 - Train Metric: 0.8620
Epoch 1/50 - Val Metric: 0.9101
Epoch 2/50 - Train Loss: 0.3272 - Train Metric: 0.9000
Epoch 2/50 - Val Metric: 0.9048
Epoch 3/50 - Train Loss: 0.3259 - Train Metric: 0.9008
Epoch 3/50 - Val Metric: 0.9160
Epoch 4/50 - Train Loss: 0.3213 - Train Metric: 0.9044
Epoch 4/50 - Val Metric: 0.9169
Epoch 5/50 - Train Loss: 0.3131 - Train Metric: 0.9090
Epoch 5/50 - Val Metric: 0.9183
Epoch 6/50 - Train Loss: 0.3132 - Train Metric: 0.9084
Epoch 6/50 - Val Metric: 0.9198
Epoch 7/50 - Train Loss: 0.3117 - Train Metric: 0.9092
Epoch 7/50 - Val Metric: 0.9177
Epoch 8/50 - Train Loss: 0.3154 - Train Metric: 0.9083
Epoch 8/50 - Val Metric: 0.9188
Epoch 9/50 - Train Loss: 0.3086 - Train Metric: 0.9112
Epoch 9/50 - Val Metric: 0.9190
Epoch 10/50 - Train Loss: 0.3088 - Train Metric: 0.9116
Epoch 10/50 - Val Metric: 0.9170
Epoch 11/50 - Train Loss: 0.3098 - Train Metric: 0.9112
Epoch 11/50 - Val Metric: 0.9156
Epoch 12/50 - Train Loss: 0.3130 - Train Metric: 0.9094
Epoch 12/50 - Val Metric: 0.9197
Epoch 13/50 - Train Loss: 0.3055 - Train Metric: 0.9135
Epoch 13/50 - Val Metric: 0.9209
Epoch 14/50 - Train Loss: 0.3013 - Train Metric: 0.9157
Epoch 14/50 - Val Metric: 0.9204
Epoch 15/50 - Train Loss: 0.3049 - Train Metric: 0.9138
Epoch 15/50 - Val Metric: 0.9197
Epoch 16/50 - Train Loss: 0.3085 - Train Metric: 0.9118
Epoch 16/50 - Val Metric: 0.9220
Epoch 17/50 - Train Loss: 0.3045 - Train Metric: 0.9140
Epoch 17/50 - Val Metric: 0.9190
Epoch 18/50 - Train Loss: 0.3056 - Train Metric: 0.9132
Epoch 18/50 - Val Metric: 0.9190
Epoch 19/50 - Train Loss: 0.3043 - Train Metric: 0.9144
Epoch 19/50 - Val Metric: 0.9199
Epoch 20/50 - Train Loss: 0.3015 - Train Metric: 0.9157
Epoch 20/50 - Val Metric: 0.9222
Epoch 21/50 - Train Loss: 0.3008 - Train Metric: 0.9160
Epoch 21/50 - Val Metric: 0.9225
Epoch 22/50 - Train Loss: 0.3004 - Train Metric: 0.9164
Epoch 22/50 - Val Metric: 0.9201
Epoch 23/50 - Train Loss: 0.3060 - Train Metric: 0.9133
Epoch 23/50 - Val Metric: 0.9178
Epoch 24/50 - Train Loss: 0.3011 - Train Metric: 0.9159
Epoch 24/50 - Val Metric: 0.9201
Epoch 25/50 - Train Loss: 0.3003 - Train Metric: 0.9166
Epoch 25/50 - Val Metric: 0.9175
Epoch 26/50 - Train Loss: 0.3002 - Train Metric: 0.9164
Epoch 26/50 - Val Metric: 0.9216
Epoch 27/50 - Train Loss: 0.2979 - Train Metric: 0.9176
Epoch 27/50 - Val Metric: 0.9231
Epoch 28/50 - Train Loss: 0.2962 - Train Metric: 0.9184
Epoch 28/50 - Val Metric: 0.9213
Epoch 29/50 - Train Loss: 0.2972 - Train Metric: 0.9183
Epoch 29/50 - Val Metric: 0.9215
Epoch 30/50 - Train Loss: 0.2971 - Train Metric: 0.9182
Epoch 30/50 - Val Metric: 0.9190
Epoch 31/50 - Train Loss: 0.2959 - Train Metric: 0.9188
Epoch 31/50 - Val Metric: 0.9214
Epoch 32/50 - Train Loss: 0.2957 - Train Metric: 0.9189
Epoch 32/50 - Val Metric: 0.9213
Epoch 33/50 - Train Loss: 0.2944 - Train Metric: 0.9198
Epoch 33/50 - Val Metric: 0.9231
Epoch 34/50 - Train Loss: 0.2916 - Train Metric: 0.9212
Epoch 34/50 - Val Metric: 0.9200
Epoch 35/50 - Train Loss: 0.2935 - Train Metric: 0.9202
Epoch 35/50 - Val Metric: 0.9214
Epoch 36/50 - Train Loss: 0.2959 - Train Metric: 0.9190
Epoch 36/50 - Val Metric: 0.9173
Epoch 37/50 - Train Loss: 0.3016 - Train Metric: 0.9168
Epoch 37/50 - Val Metric: 0.9199
Epoch 38/50 - Train Loss: 0.2954 - Train Metric: 0.9191
Epoch 38/50 - Val Metric: 0.9228
Epoch 39/50 - Train Loss: 0.2911 - Train Metric: 0.9213
Epoch 39/50 - Val Metric: 0.9234
Epoch 40/50 - Train Loss: 0.2946 - Train Metric: 0.9198
Epoch 40/50 - Val Metric: 0.9210
Epoch 41/50 - Train Loss: 0.2930 - Train Metric: 0.9205
Epoch 41/50 - Val Metric: 0.9197
Epoch 42/50 - Train Loss: 0.2943 - Train Metric: 0.9198
Epoch 42/50 - Val Metric: 0.9202
Epoch 43/50 - Train Loss: 0.2917 - Train Metric: 0.9210
Epoch 43/50 - Val Metric: 0.9244
Epoch 44/50 - Train Loss: 0.2914 - Train Metric: 0.9209
Epoch 44/50 - Val Metric: 0.9223
Epoch 45/50 - Train Loss: 0.2913 - Train Metric: 0.9210
Epoch 45/50 - Val Metric: 0.9195
Epoch 46/50 - Train Loss: 0.2960 - Train Metric: 0.9191
Epoch 46/50 - Val Metric: 0.9217
Epoch 47/50 - Train Loss: 0.2926 - Train Metric: 0.9208
Epoch 47/50 - Val Metric: 0.9232
Epoch 48/50 - Train Loss: 0.2889 - Train Metric: 0.9229
Epoch 48/50 - Val Metric: 0.9243
Epoch 49/50 - Train Loss: 0.2905 - Train Metric: 0.9217
Epoch 49/50 - Val Metric: 0.9219
Epoch 50/50 - Train Loss: 0.2899 - Train Metric: 0.9220
Epoch 50/50 - Val Metric: 0.9249
Best val: 0.9249, Best test: 0.9153
Hyper-parameter search done. Found the best config.
Repeat experiments 5 times with the best train config {'batch_size': 128, 'gamma_rate': 1.0, 'base_lr': 0.001} and model config {'num_heads': 4, 'num_layers': 6, 'num_latents': 16, 'hidden_dim': 64, 'mlp_ratio': 0.25, 'dropout_prob': 0, 'top_k': 3}.
Training set has 26048 instances
Validation set has 3256 instances
Test set has 3257 instances
Epoch 1/50 - Train Loss: 0.3852 - Train Metric: 0.8570
Epoch 1/50 - Val Metric: 0.8968
Epoch 2/50 - Train Loss: 0.3248 - Train Metric: 0.9024
Epoch 2/50 - Val Metric: 0.9017
Epoch 3/50 - Train Loss: 0.3188 - Train Metric: 0.9059
Epoch 3/50 - Val Metric: 0.9056
Epoch 4/50 - Train Loss: 0.3151 - Train Metric: 0.9083
Epoch 4/50 - Val Metric: 0.9051
Epoch 5/50 - Train Loss: 0.3121 - Train Metric: 0.9102
Epoch 5/50 - Val Metric: 0.9063
Epoch 6/50 - Train Loss: 0.3098 - Train Metric: 0.9110
Epoch 6/50 - Val Metric: 0.9081
Epoch 7/50 - Train Loss: 0.3069 - Train Metric: 0.9128
Epoch 7/50 - Val Metric: 0.9073
Epoch 8/50 - Train Loss: 0.3091 - Train Metric: 0.9115
Epoch 8/50 - Val Metric: 0.9056
Epoch 9/50 - Train Loss: 0.3116 - Train Metric: 0.9102
Epoch 9/50 - Val Metric: 0.8979
Epoch 10/50 - Train Loss: 0.3085 - Train Metric: 0.9120
Epoch 10/50 - Val Metric: 0.9048
Epoch 11/50 - Train Loss: 0.3065 - Train Metric: 0.9130
Epoch 11/50 - Val Metric: 0.9074
Epoch 12/50 - Train Loss: 0.3042 - Train Metric: 0.9145
Epoch 12/50 - Val Metric: 0.9069
Epoch 13/50 - Train Loss: 0.3014 - Train Metric: 0.9162
Epoch 13/50 - Val Metric: 0.9085
Epoch 14/50 - Train Loss: 0.3017 - Train Metric: 0.9161
Epoch 14/50 - Val Metric: 0.9092
Epoch 15/50 - Train Loss: 0.3014 - Train Metric: 0.9161
Epoch 15/50 - Val Metric: 0.9085
Epoch 16/50 - Train Loss: 0.3006 - Train Metric: 0.9171
Epoch 16/50 - Val Metric: 0.9065
Epoch 17/50 - Train Loss: 0.3011 - Train Metric: 0.9163
Epoch 17/50 - Val Metric: 0.9066
Epoch 18/50 - Train Loss: 0.3020 - Train Metric: 0.9157
Epoch 18/50 - Val Metric: 0.9095
Epoch 19/50 - Train Loss: 0.2969 - Train Metric: 0.9185
Epoch 19/50 - Val Metric: 0.9086
Epoch 20/50 - Train Loss: 0.2971 - Train Metric: 0.9187
Epoch 20/50 - Val Metric: 0.9067
Epoch 21/50 - Train Loss: 0.3011 - Train Metric: 0.9166
Epoch 21/50 - Val Metric: 0.9076
Epoch 22/50 - Train Loss: 0.2984 - Train Metric: 0.9181
Epoch 22/50 - Val Metric: 0.9075
Epoch 23/50 - Train Loss: 0.2980 - Train Metric: 0.9179
Epoch 23/50 - Val Metric: 0.9097
Epoch 24/50 - Train Loss: 0.2971 - Train Metric: 0.9185
Epoch 24/50 - Val Metric: 0.9076
Epoch 25/50 - Train Loss: 0.2964 - Train Metric: 0.9188
Epoch 25/50 - Val Metric: 0.9077
Epoch 26/50 - Train Loss: 0.2989 - Train Metric: 0.9176
Epoch 26/50 - Val Metric: 0.9048
Epoch 27/50 - Train Loss: 0.2965 - Train Metric: 0.9189
Epoch 27/50 - Val Metric: 0.9062
Epoch 28/50 - Train Loss: 0.2968 - Train Metric: 0.9190
Epoch 28/50 - Val Metric: 0.9064
Epoch 29/50 - Train Loss: 0.2928 - Train Metric: 0.9212
Epoch 29/50 - Val Metric: 0.9041
Epoch 30/50 - Train Loss: 0.2940 - Train Metric: 0.9204
Epoch 30/50 - Val Metric: 0.9067
Epoch 31/50 - Train Loss: 0.2933 - Train Metric: 0.9207
Epoch 31/50 - Val Metric: 0.9053
Epoch 32/50 - Train Loss: 0.2928 - Train Metric: 0.9208
Epoch 32/50 - Val Metric: 0.9078
Epoch 33/50 - Train Loss: 0.2918 - Train Metric: 0.9215
Epoch 33/50 - Val Metric: 0.9065
Epoch 34/50 - Train Loss: 0.2965 - Train Metric: 0.9185
Epoch 34/50 - Val Metric: 0.9091
Epoch 35/50 - Train Loss: 0.2926 - Train Metric: 0.9209
Epoch 35/50 - Val Metric: 0.9086
Epoch 36/50 - Train Loss: 0.2924 - Train Metric: 0.9209
Epoch 36/50 - Val Metric: 0.9052
Epoch 37/50 - Train Loss: 0.2912 - Train Metric: 0.9218
Epoch 37/50 - Val Metric: 0.9095
Epoch 38/50 - Train Loss: 0.2905 - Train Metric: 0.9222
Epoch 38/50 - Val Metric: 0.9050
Epoch 39/50 - Train Loss: 0.2917 - Train Metric: 0.9214
Epoch 39/50 - Val Metric: 0.9094
Epoch 40/50 - Train Loss: 0.2901 - Train Metric: 0.9224
Epoch 40/50 - Val Metric: 0.9083
Epoch 41/50 - Train Loss: 0.2897 - Train Metric: 0.9227
Epoch 41/50 - Val Metric: 0.9068
Epoch 42/50 - Train Loss: 0.2885 - Train Metric: 0.9234
Epoch 42/50 - Val Metric: 0.9059
Epoch 43/50 - Train Loss: 0.2889 - Train Metric: 0.9228
Epoch 43/50 - Val Metric: 0.9063
Epoch 44/50 - Train Loss: 0.2893 - Train Metric: 0.9231
Epoch 44/50 - Val Metric: 0.9090
Epoch 45/50 - Train Loss: 0.2919 - Train Metric: 0.9214
Epoch 45/50 - Val Metric: 0.9085
Epoch 46/50 - Train Loss: 0.2878 - Train Metric: 0.9236
Epoch 46/50 - Val Metric: 0.9056
Epoch 47/50 - Train Loss: 0.2866 - Train Metric: 0.9242
Epoch 47/50 - Val Metric: 0.9073
Epoch 48/50 - Train Loss: 0.2848 - Train Metric: 0.9251
Epoch 48/50 - Val Metric: 0.9065
Epoch 49/50 - Train Loss: 0.2863 - Train Metric: 0.9242
Epoch 49/50 - Val Metric: 0.9086
Epoch 50/50 - Train Loss: 0.2854 - Train Metric: 0.9248
Epoch 50/50 - Val Metric: 0.9054
Best val: 0.9097, Best test: 0.9133
Training set has 26048 instances
Validation set has 3256 instances
Test set has 3257 instances
Epoch 1/50 - Train Loss: 0.3837 - Train Metric: 0.8569
Epoch 1/50 - Val Metric: 0.9065
Epoch 2/50 - Train Loss: 0.3287 - Train Metric: 0.8992
Epoch 2/50 - Val Metric: 0.9089
Epoch 3/50 - Train Loss: 0.3182 - Train Metric: 0.9052
Epoch 3/50 - Val Metric: 0.9115
Epoch 4/50 - Train Loss: 0.3156 - Train Metric: 0.9066
Epoch 4/50 - Val Metric: 0.9113
Epoch 5/50 - Train Loss: 0.3155 - Train Metric: 0.9069
Epoch 5/50 - Val Metric: 0.9134
Epoch 6/50 - Train Loss: 0.3109 - Train Metric: 0.9088
Epoch 6/50 - Val Metric: 0.9137
Epoch 7/50 - Train Loss: 0.3092 - Train Metric: 0.9098
Epoch 7/50 - Val Metric: 0.9105
Epoch 8/50 - Train Loss: 0.3114 - Train Metric: 0.9090
Epoch 8/50 - Val Metric: 0.9123
Epoch 9/50 - Train Loss: 0.3162 - Train Metric: 0.9064
Epoch 9/50 - Val Metric: 0.9078
Epoch 10/50 - Train Loss: 0.3110 - Train Metric: 0.9092
Epoch 10/50 - Val Metric: 0.9152
Epoch 11/50 - Train Loss: 0.3062 - Train Metric: 0.9118
Epoch 11/50 - Val Metric: 0.9156
Epoch 12/50 - Train Loss: 0.3087 - Train Metric: 0.9104
Epoch 12/50 - Val Metric: 0.9143
Epoch 13/50 - Train Loss: 0.3051 - Train Metric: 0.9127
Epoch 13/50 - Val Metric: 0.9169
Epoch 14/50 - Train Loss: 0.3025 - Train Metric: 0.9141
Epoch 14/50 - Val Metric: 0.9155
Epoch 15/50 - Train Loss: 0.3024 - Train Metric: 0.9143
Epoch 15/50 - Val Metric: 0.9146
Epoch 16/50 - Train Loss: 0.2991 - Train Metric: 0.9161
Epoch 16/50 - Val Metric: 0.9175
Epoch 17/50 - Train Loss: 0.3038 - Train Metric: 0.9134
Epoch 17/50 - Val Metric: 0.9155
Epoch 18/50 - Train Loss: 0.3020 - Train Metric: 0.9150
Epoch 18/50 - Val Metric: 0.9080
Epoch 19/50 - Train Loss: 0.3114 - Train Metric: 0.9096
Epoch 19/50 - Val Metric: 0.9131
Epoch 20/50 - Train Loss: 0.3044 - Train Metric: 0.9131
Epoch 20/50 - Val Metric: 0.9168
Epoch 21/50 - Train Loss: 0.3060 - Train Metric: 0.9121
Epoch 21/50 - Val Metric: 0.9158
Epoch 22/50 - Train Loss: 0.3014 - Train Metric: 0.9148
Epoch 22/50 - Val Metric: 0.9163
Epoch 23/50 - Train Loss: 0.3000 - Train Metric: 0.9156
Epoch 23/50 - Val Metric: 0.9178
Epoch 24/50 - Train Loss: 0.3030 - Train Metric: 0.9137
Epoch 24/50 - Val Metric: 0.9160
Epoch 25/50 - Train Loss: 0.2997 - Train Metric: 0.9156
Epoch 25/50 - Val Metric: 0.9152
Epoch 26/50 - Train Loss: 0.3005 - Train Metric: 0.9153
Epoch 26/50 - Val Metric: 0.9160
Epoch 27/50 - Train Loss: 0.2986 - Train Metric: 0.9163
Epoch 27/50 - Val Metric: 0.9164
Epoch 28/50 - Train Loss: 0.2997 - Train Metric: 0.9158
Epoch 28/50 - Val Metric: 0.9165
Epoch 29/50 - Train Loss: 0.2952 - Train Metric: 0.9183
Epoch 29/50 - Val Metric: 0.9171
Epoch 30/50 - Train Loss: 0.2966 - Train Metric: 0.9173
Epoch 30/50 - Val Metric: 0.9181
Epoch 31/50 - Train Loss: 0.2966 - Train Metric: 0.9174
Epoch 31/50 - Val Metric: 0.9172
Epoch 32/50 - Train Loss: 0.2961 - Train Metric: 0.9175
Epoch 32/50 - Val Metric: 0.9137
Epoch 33/50 - Train Loss: 0.2987 - Train Metric: 0.9167
Epoch 33/50 - Val Metric: 0.9149
Epoch 34/50 - Train Loss: 0.2948 - Train Metric: 0.9186
Epoch 34/50 - Val Metric: 0.9162
Epoch 35/50 - Train Loss: 0.2961 - Train Metric: 0.9180
Epoch 35/50 - Val Metric: 0.9169
Epoch 36/50 - Train Loss: 0.2941 - Train Metric: 0.9188
Epoch 36/50 - Val Metric: 0.9176
Epoch 37/50 - Train Loss: 0.3031 - Train Metric: 0.9142
Epoch 37/50 - Val Metric: 0.9156
Epoch 38/50 - Train Loss: 0.2978 - Train Metric: 0.9169
Epoch 38/50 - Val Metric: 0.9160
Epoch 39/50 - Train Loss: 0.2936 - Train Metric: 0.9192
Epoch 39/50 - Val Metric: 0.9175
Epoch 40/50 - Train Loss: 0.2914 - Train Metric: 0.9205
Epoch 40/50 - Val Metric: 0.9176
Epoch 41/50 - Train Loss: 0.2966 - Train Metric: 0.9170
Epoch 41/50 - Val Metric: 0.9145
Epoch 42/50 - Train Loss: 0.2944 - Train Metric: 0.9183
Epoch 42/50 - Val Metric: 0.9156
Epoch 43/50 - Train Loss: 0.2948 - Train Metric: 0.9185
Epoch 43/50 - Val Metric: 0.9102
Epoch 44/50 - Train Loss: 0.2951 - Train Metric: 0.9183
Epoch 44/50 - Val Metric: 0.9166
Epoch 45/50 - Train Loss: 0.2909 - Train Metric: 0.9205
Epoch 45/50 - Val Metric: 0.9182
Epoch 46/50 - Train Loss: 0.2914 - Train Metric: 0.9202
Epoch 46/50 - Val Metric: 0.9164
Epoch 47/50 - Train Loss: 0.2920 - Train Metric: 0.9199
Epoch 47/50 - Val Metric: 0.9165
Epoch 48/50 - Train Loss: 0.2896 - Train Metric: 0.9211
Epoch 48/50 - Val Metric: 0.9171
Epoch 49/50 - Train Loss: 0.2937 - Train Metric: 0.9190
Epoch 49/50 - Val Metric: 0.9153
Epoch 50/50 - Train Loss: 0.2941 - Train Metric: 0.9189
Epoch 50/50 - Val Metric: 0.9163
Best val: 0.9182, Best test: 0.9202
Training set has 26048 instances
Validation set has 3256 instances
Test set has 3257 instances
Epoch 1/50 - Train Loss: 0.3816 - Train Metric: 0.8602
Epoch 1/50 - Val Metric: 0.8972
Epoch 2/50 - Train Loss: 0.3266 - Train Metric: 0.9013
Epoch 2/50 - Val Metric: 0.9000
Epoch 3/50 - Train Loss: 0.3175 - Train Metric: 0.9066
Epoch 3/50 - Val Metric: 0.9017
Epoch 4/50 - Train Loss: 0.3145 - Train Metric: 0.9088
Epoch 4/50 - Val Metric: 0.9064
Epoch 5/50 - Train Loss: 0.3131 - Train Metric: 0.9095
Epoch 5/50 - Val Metric: 0.9101
Epoch 6/50 - Train Loss: 0.3080 - Train Metric: 0.9125
Epoch 6/50 - Val Metric: 0.9090
Epoch 7/50 - Train Loss: 0.3116 - Train Metric: 0.9103
Epoch 7/50 - Val Metric: 0.9072
Epoch 8/50 - Train Loss: 0.3103 - Train Metric: 0.9113
Epoch 8/50 - Val Metric: 0.9089
Epoch 9/50 - Train Loss: 0.3092 - Train Metric: 0.9119
Epoch 9/50 - Val Metric: 0.9104
Epoch 10/50 - Train Loss: 0.3073 - Train Metric: 0.9129
Epoch 10/50 - Val Metric: 0.9088
Epoch 11/50 - Train Loss: 0.3059 - Train Metric: 0.9136
Epoch 11/50 - Val Metric: 0.9089
Epoch 12/50 - Train Loss: 0.3056 - Train Metric: 0.9141
Epoch 12/50 - Val Metric: 0.9076
Epoch 13/50 - Train Loss: 0.3074 - Train Metric: 0.9133
Epoch 13/50 - Val Metric: 0.9098
Epoch 14/50 - Train Loss: 0.3058 - Train Metric: 0.9135
Epoch 14/50 - Val Metric: 0.9096
Epoch 15/50 - Train Loss: 0.3040 - Train Metric: 0.9147
Epoch 15/50 - Val Metric: 0.9066
Epoch 16/50 - Train Loss: 0.3040 - Train Metric: 0.9145
Epoch 16/50 - Val Metric: 0.9108
Epoch 17/50 - Train Loss: 0.3015 - Train Metric: 0.9163
Epoch 17/50 - Val Metric: 0.9071
Epoch 18/50 - Train Loss: 0.3017 - Train Metric: 0.9162
Epoch 18/50 - Val Metric: 0.9089
Epoch 19/50 - Train Loss: 0.3021 - Train Metric: 0.9157
Epoch 19/50 - Val Metric: 0.9094
Epoch 20/50 - Train Loss: 0.3017 - Train Metric: 0.9160
Epoch 20/50 - Val Metric: 0.9072
Epoch 21/50 - Train Loss: 0.3009 - Train Metric: 0.9160
Epoch 21/50 - Val Metric: 0.9099
Epoch 22/50 - Train Loss: 0.3017 - Train Metric: 0.9165
Epoch 22/50 - Val Metric: 0.9097
Epoch 23/50 - Train Loss: 0.2995 - Train Metric: 0.9172
Epoch 23/50 - Val Metric: 0.9135
Epoch 24/50 - Train Loss: 0.3005 - Train Metric: 0.9170
Epoch 24/50 - Val Metric: 0.9061
Epoch 25/50 - Train Loss: 0.3035 - Train Metric: 0.9159
Epoch 25/50 - Val Metric: 0.9090
Epoch 26/50 - Train Loss: 0.3038 - Train Metric: 0.9150
Epoch 26/50 - Val Metric: 0.9088
Epoch 27/50 - Train Loss: 0.3008 - Train Metric: 0.9165
Epoch 27/50 - Val Metric: 0.9064
Epoch 28/50 - Train Loss: 0.2979 - Train Metric: 0.9180
Epoch 28/50 - Val Metric: 0.9097
Epoch 29/50 - Train Loss: 0.2989 - Train Metric: 0.9175
Epoch 29/50 - Val Metric: 0.9086
Epoch 30/50 - Train Loss: 0.2957 - Train Metric: 0.9196
Epoch 30/50 - Val Metric: 0.9064
Epoch 31/50 - Train Loss: 0.2980 - Train Metric: 0.9181
Epoch 31/50 - Val Metric: 0.9092
Epoch 32/50 - Train Loss: 0.2956 - Train Metric: 0.9194
Epoch 32/50 - Val Metric: 0.9103
Epoch 33/50 - Train Loss: 0.2973 - Train Metric: 0.9184
Epoch 33/50 - Val Metric: 0.9124
Epoch 34/50 - Train Loss: 0.2948 - Train Metric: 0.9197
Epoch 34/50 - Val Metric: 0.9108
Epoch 35/50 - Train Loss: 0.2936 - Train Metric: 0.9204
Epoch 35/50 - Val Metric: 0.9105
Epoch 36/50 - Train Loss: 0.2956 - Train Metric: 0.9197
Epoch 36/50 - Val Metric: 0.9085
Epoch 37/50 - Train Loss: 0.2991 - Train Metric: 0.9175
Epoch 37/50 - Val Metric: 0.9084
Epoch 38/50 - Train Loss: 0.2967 - Train Metric: 0.9186
Epoch 38/50 - Val Metric: 0.9091
Epoch 39/50 - Train Loss: 0.2942 - Train Metric: 0.9202
Epoch 39/50 - Val Metric: 0.9108
Epoch 40/50 - Train Loss: 0.2949 - Train Metric: 0.9198
Epoch 40/50 - Val Metric: 0.9097
Epoch 41/50 - Train Loss: 0.2950 - Train Metric: 0.9198
Epoch 41/50 - Val Metric: 0.9100
Epoch 42/50 - Train Loss: 0.2929 - Train Metric: 0.9206
Epoch 42/50 - Val Metric: 0.9112
Epoch 43/50 - Train Loss: 0.2922 - Train Metric: 0.9213
Epoch 43/50 - Val Metric: 0.9127
Epoch 44/50 - Train Loss: 0.2896 - Train Metric: 0.9228
Epoch 44/50 - Val Metric: 0.9133
Epoch 45/50 - Train Loss: 0.2876 - Train Metric: 0.9236
Epoch 45/50 - Val Metric: 0.9127
Epoch 46/50 - Train Loss: 0.2902 - Train Metric: 0.9217
Epoch 46/50 - Val Metric: 0.9128
Epoch 47/50 - Train Loss: 0.2934 - Train Metric: 0.9206
Epoch 47/50 - Val Metric: 0.9107
Epoch 48/50 - Train Loss: 0.2913 - Train Metric: 0.9215
Epoch 48/50 - Val Metric: 0.9115
Epoch 49/50 - Train Loss: 0.2925 - Train Metric: 0.9209
Epoch 49/50 - Val Metric: 0.9109
Epoch 50/50 - Train Loss: 0.2912 - Train Metric: 0.9219
Epoch 50/50 - Val Metric: 0.9111
Best val: 0.9135, Best test: 0.9184
Training set has 26048 instances
Validation set has 3256 instances
Test set has 3257 instances
Epoch 1/50 - Train Loss: 0.3883 - Train Metric: 0.8537
Epoch 1/50 - Val Metric: 0.8979
Epoch 2/50 - Train Loss: 0.3239 - Train Metric: 0.9034
Epoch 2/50 - Val Metric: 0.9053
Epoch 3/50 - Train Loss: 0.3192 - Train Metric: 0.9066
Epoch 3/50 - Val Metric: 0.9048
Epoch 4/50 - Train Loss: 0.3171 - Train Metric: 0.9073
Epoch 4/50 - Val Metric: 0.9043
Epoch 5/50 - Train Loss: 0.3145 - Train Metric: 0.9087
Epoch 5/50 - Val Metric: 0.9090
Epoch 6/50 - Train Loss: 0.3098 - Train Metric: 0.9115
Epoch 6/50 - Val Metric: 0.9087
Epoch 7/50 - Train Loss: 0.3119 - Train Metric: 0.9104
Epoch 7/50 - Val Metric: 0.9089
Epoch 8/50 - Train Loss: 0.3091 - Train Metric: 0.9117
Epoch 8/50 - Val Metric: 0.9050
Epoch 9/50 - Train Loss: 0.3100 - Train Metric: 0.9113
Epoch 9/50 - Val Metric: 0.9083
Epoch 10/50 - Train Loss: 0.3088 - Train Metric: 0.9117
Epoch 10/50 - Val Metric: 0.9080
Epoch 11/50 - Train Loss: 0.3040 - Train Metric: 0.9149
Epoch 11/50 - Val Metric: 0.9124
Epoch 12/50 - Train Loss: 0.3037 - Train Metric: 0.9147
Epoch 12/50 - Val Metric: 0.9092
Epoch 13/50 - Train Loss: 0.3042 - Train Metric: 0.9146
Epoch 13/50 - Val Metric: 0.9100
Epoch 14/50 - Train Loss: 0.3051 - Train Metric: 0.9135
Epoch 14/50 - Val Metric: 0.9106
Epoch 15/50 - Train Loss: 0.3051 - Train Metric: 0.9139
Epoch 15/50 - Val Metric: 0.9090
Epoch 16/50 - Train Loss: 0.3049 - Train Metric: 0.9138
Epoch 16/50 - Val Metric: 0.9130
Epoch 17/50 - Train Loss: 0.3016 - Train Metric: 0.9159
Epoch 17/50 - Val Metric: 0.9089
Epoch 18/50 - Train Loss: 0.3028 - Train Metric: 0.9150
Epoch 18/50 - Val Metric: 0.9100
Epoch 19/50 - Train Loss: 0.3053 - Train Metric: 0.9139
Epoch 19/50 - Val Metric: 0.9041
Epoch 20/50 - Train Loss: 0.3069 - Train Metric: 0.9137
Epoch 20/50 - Val Metric: 0.9110
Epoch 21/50 - Train Loss: 0.3022 - Train Metric: 0.9159
Epoch 21/50 - Val Metric: 0.9100
Epoch 22/50 - Train Loss: 0.3001 - Train Metric: 0.9168
Epoch 22/50 - Val Metric: 0.9121
Epoch 23/50 - Train Loss: 0.2993 - Train Metric: 0.9171
Epoch 23/50 - Val Metric: 0.9127
Epoch 24/50 - Train Loss: 0.3003 - Train Metric: 0.9168
Epoch 24/50 - Val Metric: 0.9115
Epoch 25/50 - Train Loss: 0.2978 - Train Metric: 0.9182
Epoch 25/50 - Val Metric: 0.9099
Epoch 26/50 - Train Loss: 0.2974 - Train Metric: 0.9185
Epoch 26/50 - Val Metric: 0.9113
Epoch 27/50 - Train Loss: 0.3004 - Train Metric: 0.9168
Epoch 27/50 - Val Metric: 0.9137
Epoch 28/50 - Train Loss: 0.2977 - Train Metric: 0.9182
Epoch 28/50 - Val Metric: 0.9108
Epoch 29/50 - Train Loss: 0.2972 - Train Metric: 0.9185
Epoch 29/50 - Val Metric: 0.9091
Epoch 30/50 - Train Loss: 0.2984 - Train Metric: 0.9177
Epoch 30/50 - Val Metric: 0.9131
Epoch 31/50 - Train Loss: 0.2988 - Train Metric: 0.9176
Epoch 31/50 - Val Metric: 0.9092
Epoch 32/50 - Train Loss: 0.3008 - Train Metric: 0.9160
Epoch 32/50 - Val Metric: 0.9086
Epoch 33/50 - Train Loss: 0.2984 - Train Metric: 0.9174
Epoch 33/50 - Val Metric: 0.9105
Epoch 34/50 - Train Loss: 0.2959 - Train Metric: 0.9188
Epoch 34/50 - Val Metric: 0.9118
Epoch 35/50 - Train Loss: 0.2965 - Train Metric: 0.9188
Epoch 35/50 - Val Metric: 0.9092
Epoch 36/50 - Train Loss: 0.2981 - Train Metric: 0.9181
Epoch 36/50 - Val Metric: 0.9107
Epoch 37/50 - Train Loss: 0.2966 - Train Metric: 0.9189
Epoch 37/50 - Val Metric: 0.9112
Epoch 38/50 - Train Loss: 0.2943 - Train Metric: 0.9202
Epoch 38/50 - Val Metric: 0.9095
Epoch 39/50 - Train Loss: 0.2941 - Train Metric: 0.9203
Epoch 39/50 - Val Metric: 0.9128
Epoch 40/50 - Train Loss: 0.2941 - Train Metric: 0.9199
Epoch 40/50 - Val Metric: 0.9125
Epoch 41/50 - Train Loss: 0.2922 - Train Metric: 0.9211
Epoch 41/50 - Val Metric: 0.9113
Epoch 42/50 - Train Loss: 0.2915 - Train Metric: 0.9217
Epoch 42/50 - Val Metric: 0.9121
Epoch 43/50 - Train Loss: 0.2927 - Train Metric: 0.9207
Epoch 43/50 - Val Metric: 0.9116
Epoch 44/50 - Train Loss: 0.2916 - Train Metric: 0.9218
Epoch 44/50 - Val Metric: 0.9126
Epoch 45/50 - Train Loss: 0.2932 - Train Metric: 0.9205
Epoch 45/50 - Val Metric: 0.9130
Epoch 46/50 - Train Loss: 0.2917 - Train Metric: 0.9215
Epoch 46/50 - Val Metric: 0.9100
Epoch 47/50 - Train Loss: 0.2901 - Train Metric: 0.9224
Epoch 47/50 - Val Metric: 0.9120
Epoch 48/50 - Train Loss: 0.2896 - Train Metric: 0.9226
Epoch 48/50 - Val Metric: 0.9126
Epoch 49/50 - Train Loss: 0.2883 - Train Metric: 0.9235
Epoch 49/50 - Val Metric: 0.9105
Epoch 50/50 - Train Loss: 0.2891 - Train Metric: 0.9230
Epoch 50/50 - Val Metric: 0.9091
Best val: 0.9137, Best test: 0.9206
Training set has 26048 instances
Validation set has 3256 instances
Test set has 3257 instances
Epoch 1/50 - Train Loss: 0.3807 - Train Metric: 0.8618
Epoch 1/50 - Val Metric: 0.9036
Epoch 2/50 - Train Loss: 0.3273 - Train Metric: 0.9003
Epoch 2/50 - Val Metric: 0.9101
Epoch 3/50 - Train Loss: 0.3200 - Train Metric: 0.9054
Epoch 3/50 - Val Metric: 0.9119
Epoch 4/50 - Train Loss: 0.3148 - Train Metric: 0.9082
Epoch 4/50 - Val Metric: 0.9137
Epoch 5/50 - Train Loss: 0.3103 - Train Metric: 0.9104
Epoch 5/50 - Val Metric: 0.9147
Epoch 6/50 - Train Loss: 0.3066 - Train Metric: 0.9123
Epoch 6/50 - Val Metric: 0.9145
Epoch 7/50 - Train Loss: 0.3138 - Train Metric: 0.9095
Epoch 7/50 - Val Metric: 0.9160
Epoch 8/50 - Train Loss: 0.3075 - Train Metric: 0.9123
Epoch 8/50 - Val Metric: 0.9143
Epoch 9/50 - Train Loss: 0.3081 - Train Metric: 0.9120
Epoch 9/50 - Val Metric: 0.9171
Epoch 10/50 - Train Loss: 0.3045 - Train Metric: 0.9142
Epoch 10/50 - Val Metric: 0.9161
Epoch 11/50 - Train Loss: 0.3057 - Train Metric: 0.9137
Epoch 11/50 - Val Metric: 0.9160
Epoch 12/50 - Train Loss: 0.3052 - Train Metric: 0.9137
Epoch 12/50 - Val Metric: 0.9129
Epoch 13/50 - Train Loss: 0.3012 - Train Metric: 0.9157
Epoch 13/50 - Val Metric: 0.9164
Epoch 14/50 - Train Loss: 0.3025 - Train Metric: 0.9150
Epoch 14/50 - Val Metric: 0.9162
Epoch 15/50 - Train Loss: 0.3063 - Train Metric: 0.9133
Epoch 15/50 - Val Metric: 0.9152
Epoch 16/50 - Train Loss: 0.3033 - Train Metric: 0.9145
Epoch 16/50 - Val Metric: 0.9140
Epoch 17/50 - Train Loss: 0.3055 - Train Metric: 0.9137
Epoch 17/50 - Val Metric: 0.9149
Epoch 18/50 - Train Loss: 0.3020 - Train Metric: 0.9158
Epoch 18/50 - Val Metric: 0.9142
Epoch 19/50 - Train Loss: 0.3021 - Train Metric: 0.9160
Epoch 19/50 - Val Metric: 0.9156
Epoch 20/50 - Train Loss: 0.3006 - Train Metric: 0.9164
Epoch 20/50 - Val Metric: 0.9147
Epoch 21/50 - Train Loss: 0.2987 - Train Metric: 0.9176
Epoch 21/50 - Val Metric: 0.9160
Epoch 22/50 - Train Loss: 0.2986 - Train Metric: 0.9178
Epoch 22/50 - Val Metric: 0.9159
Epoch 23/50 - Train Loss: 0.3002 - Train Metric: 0.9168
Epoch 23/50 - Val Metric: 0.9151
Epoch 24/50 - Train Loss: 0.2997 - Train Metric: 0.9171
Epoch 24/50 - Val Metric: 0.9178
Epoch 25/50 - Train Loss: 0.2958 - Train Metric: 0.9191
Epoch 25/50 - Val Metric: 0.9178
Epoch 26/50 - Train Loss: 0.2932 - Train Metric: 0.9205
Epoch 26/50 - Val Metric: 0.9160
Epoch 27/50 - Train Loss: 0.2945 - Train Metric: 0.9195
Epoch 27/50 - Val Metric: 0.9183
Epoch 28/50 - Train Loss: 0.2960 - Train Metric: 0.9187
Epoch 28/50 - Val Metric: 0.9155
Epoch 29/50 - Train Loss: 0.2930 - Train Metric: 0.9205
Epoch 29/50 - Val Metric: 0.9171
Epoch 30/50 - Train Loss: 0.2955 - Train Metric: 0.9190
Epoch 30/50 - Val Metric: 0.9133
Epoch 31/50 - Train Loss: 0.2941 - Train Metric: 0.9200
Epoch 31/50 - Val Metric: 0.9169
Epoch 32/50 - Train Loss: 0.2927 - Train Metric: 0.9206
Epoch 32/50 - Val Metric: 0.9144
Epoch 33/50 - Train Loss: 0.2892 - Train Metric: 0.9225
Epoch 33/50 - Val Metric: 0.9155
Epoch 34/50 - Train Loss: 0.2915 - Train Metric: 0.9215
Epoch 34/50 - Val Metric: 0.9181
Epoch 35/50 - Train Loss: 0.2942 - Train Metric: 0.9201
Epoch 35/50 - Val Metric: 0.9131
Epoch 36/50 - Train Loss: 0.2958 - Train Metric: 0.9195
Epoch 36/50 - Val Metric: 0.9125
Epoch 37/50 - Train Loss: 0.2949 - Train Metric: 0.9195
Epoch 37/50 - Val Metric: 0.9129
Epoch 38/50 - Train Loss: 0.2938 - Train Metric: 0.9203
Epoch 38/50 - Val Metric: 0.9138
Epoch 39/50 - Train Loss: 0.2955 - Train Metric: 0.9194
Epoch 39/50 - Val Metric: 0.9152
Epoch 40/50 - Train Loss: 0.2908 - Train Metric: 0.9220
Epoch 40/50 - Val Metric: 0.9161
Epoch 41/50 - Train Loss: 0.2897 - Train Metric: 0.9224
Epoch 41/50 - Val Metric: 0.9140
Epoch 42/50 - Train Loss: 0.2893 - Train Metric: 0.9227
Epoch 42/50 - Val Metric: 0.9155
Epoch 43/50 - Train Loss: 0.2911 - Train Metric: 0.9216
Epoch 43/50 - Val Metric: 0.9136
Epoch 44/50 - Train Loss: 0.2929 - Train Metric: 0.9204
Epoch 44/50 - Val Metric: 0.9149
Epoch 45/50 - Train Loss: 0.2891 - Train Metric: 0.9231
Epoch 45/50 - Val Metric: 0.9155
Epoch 46/50 - Train Loss: 0.2913 - Train Metric: 0.9219
Epoch 46/50 - Val Metric: 0.9163
Epoch 47/50 - Train Loss: 0.2894 - Train Metric: 0.9225
Epoch 47/50 - Val Metric: 0.9152
Epoch 48/50 - Train Loss: 0.2878 - Train Metric: 0.9235
Epoch 48/50 - Val Metric: 0.9147
Epoch 49/50 - Train Loss: 0.2877 - Train Metric: 0.9232
Epoch 49/50 - Val Metric: 0.9146
Epoch 50/50 - Train Loss: 0.2862 - Train Metric: 0.9246
Epoch 50/50 - Val Metric: 0.9132
Best val: 0.9183, Best test: 0.9088
[0.9133358  0.92020327 0.91838455 0.92055076 0.90884018]
