Start building regression dataset_small_0
Start building regression dataset_small_1
Start building regression dataset_small_2
Start building regression dataset_small_3
Start building regression dataset_small_4
Start building regression dataset_small_5
Start building regression dataset_small_6
Start building regression dataset_small_7
Start building regression dataset_small_8
Start building regression dataset_small_9
Start building regression dataset_small_10
Start building regression dataset_small_11
Start building regression dataset_small_12
Training set has 13903 instances
Validation set has 1737 instances
Test set has 1739 instances
Training set has 8553 instances
Validation set has 1069 instances
Test set has 1070 instances
Training set has 6553 instances
Validation set has 819 instances
Test set has 820 instances
Training set has 13279 instances
Validation set has 1659 instances
Test set has 1661 instances
Training set has 17290 instances
Validation set has 2161 instances
Test set has 2162 instances
Training set has 16512 instances
Validation set has 2064 instances
Test set has 2064 instances
Training set has 8064 instances
Validation set has 1008 instances
Test set has 1009 instances
Training set has 17010 instances
Validation set has 2126 instances
Test set has 2127 instances
Training set has 7108 instances
Validation set has 888 instances
Test set has 889 instances
Training set has 6912 instances
Validation set has 864 instances
Test set has 865 instances
Training set has 5197 instances
Validation set has 649 instances
Test set has 651 instances
Training set has 7108 instances
Validation set has 888 instances
Test set has 889 instances
Training set has 16512 instances
Validation set has 2064 instances
Test set has 2064 instances
Train Loss: 1.0802136
Train Loss: 0.9141412
Train Loss: 0.6667833
Train Loss: 0.4838016
Train Loss: 0.4267279
Train Loss: 0.3840642
Train Loss: 0.3761384
Train Loss: 0.3299093
Train Loss: 0.3363098
Train Loss: 0.3237248
Train Loss: 0.3128878
Train Loss: 0.3068210
Train Loss: 0.3015980
Train Loss: 0.2940232
Train Loss: 0.2921208
Train Loss: 0.2864815
Train Loss: 0.2845752
Train Loss: 0.2806028
Train Loss: 0.2769388
Train Loss: 0.2744111
Train Loss: 0.2710239
Train Loss: 0.2702712
Train Loss: 0.2675049
Train Loss: 0.2652911
Train Loss: 0.2646700
Train Loss: 0.2617553
Train Loss: 0.2612770
Train Loss: 0.2589174
Train Loss: 0.2575882
Train Loss: 0.2561487
Train Loss: 0.2545832
Train Loss: 0.2538255
Train Loss: 0.2520486
Train Loss: 0.2488594
Train Loss: 0.2476267
Train Loss: 0.2467764
Train Loss: 0.2462114
Train Loss: 0.2449294
Train Loss: 0.2447745
Train Loss: 0.2436614
Train Loss: 0.2437433
Train Loss: 0.2427025
Train Loss: 0.2424199
Train Loss: 0.2419704
Train Loss: 0.2417774
Train Loss: 0.2411944
Train Loss: 0.2411486
Train Loss: 0.2407932
Train Loss: 0.2402734
Train Loss: 0.2399534
[Task 0]
Test metric: 0.517933
Result is saved into output/regression/small/0/TabPerceiverMultiTaskMOE_2.pt
[Task 1]
Test metric: 0.198466
Result is saved into output/regression/small/1/TabPerceiverMultiTaskMOE_2.pt
[Task 2]
Test metric: 0.159182
Result is saved into output/regression/small/2/TabPerceiverMultiTaskMOE_2.pt
[Task 3]
Test metric: 0.282628
Result is saved into output/regression/small/3/TabPerceiverMultiTaskMOE_2.pt
[Task 4]
Test metric: 0.353142
Result is saved into output/regression/small/4/TabPerceiverMultiTaskMOE_2.pt
[Task 5]
Test metric: 0.450011
Result is saved into output/regression/small/5/TabPerceiverMultiTaskMOE_2.pt
[Task 6]
Test metric: 0.332026
Result is saved into output/regression/small/6/TabPerceiverMultiTaskMOE_2.pt
[Task 7]
Test metric: 0.394235
Result is saved into output/regression/small/7/TabPerceiverMultiTaskMOE_2.pt
[Task 8]
Test metric: 0.909239
Result is saved into output/regression/small/8/TabPerceiverMultiTaskMOE_2.pt
[Task 9]
Test metric: 0.084208
Result is saved into output/regression/small/9/TabPerceiverMultiTaskMOE_2.pt
[Task 10]
Test metric: 0.806969
Result is saved into output/regression/small/10/TabPerceiverMultiTaskMOE_2.pt
[Task 11]
Test metric: 0.945347
Result is saved into output/regression/small/11/TabPerceiverMultiTaskMOE_2.pt
[Task 12]
Test metric: 0.493698
Result is saved into output/regression/small/12/TabPerceiverMultiTaskMOE_2.pt
