Start building regression dataset_small_0
Start building regression dataset_small_1
Start building regression dataset_small_2
Start building regression dataset_small_3
Start building regression dataset_small_4
Start building regression dataset_small_5
Start building regression dataset_small_6
Start building regression dataset_small_7
Start building regression dataset_small_8
Start building regression dataset_small_9
Start building regression dataset_small_10
Start building regression dataset_small_11
Start building regression dataset_small_12
Training set has 13903 instances
Validation set has 1737 instances
Test set has 1739 instances
Training set has 8553 instances
Validation set has 1069 instances
Test set has 1070 instances
Training set has 6553 instances
Validation set has 819 instances
Test set has 820 instances
Training set has 13279 instances
Validation set has 1659 instances
Test set has 1661 instances
Training set has 17290 instances
Validation set has 2161 instances
Test set has 2162 instances
Training set has 16512 instances
Validation set has 2064 instances
Test set has 2064 instances
Training set has 8064 instances
Validation set has 1008 instances
Test set has 1009 instances
Training set has 17010 instances
Validation set has 2126 instances
Test set has 2127 instances
Training set has 7108 instances
Validation set has 888 instances
Test set has 889 instances
Training set has 6912 instances
Validation set has 864 instances
Test set has 865 instances
Training set has 5197 instances
Validation set has 649 instances
Test set has 651 instances
Training set has 7108 instances
Validation set has 888 instances
Test set has 889 instances
Training set has 16512 instances
Validation set has 2064 instances
Test set has 2064 instances
Epoch 1/50 - Train Loss: 1.0939
Epoch 2/50 - Train Loss: 0.9173
Epoch 3/50 - Train Loss: 0.6481
Epoch 4/50 - Train Loss: 0.4901
Epoch 5/50 - Train Loss: 0.4351
Epoch 6/50 - Train Loss: 0.4150
Epoch 7/50 - Train Loss: 0.3720
Epoch 8/50 - Train Loss: 0.3468
Epoch 9/50 - Train Loss: 0.3239
Epoch 10/50 - Train Loss: 0.3209
Epoch 11/50 - Train Loss: 0.3083
Epoch 12/50 - Train Loss: 0.2866
Epoch 13/50 - Train Loss: 0.2870
Epoch 14/50 - Train Loss: 0.2803
Epoch 15/50 - Train Loss: 0.2718
Epoch 16/50 - Train Loss: 0.2746
Epoch 17/50 - Train Loss: 0.2648
Epoch 18/50 - Train Loss: 0.2652
Epoch 19/50 - Train Loss: 0.2589
Epoch 20/50 - Train Loss: 0.2580
Epoch 21/50 - Train Loss: 0.2521
Epoch 22/50 - Train Loss: 0.2527
Epoch 23/50 - Train Loss: 0.2515
Epoch 24/50 - Train Loss: 0.2453
Epoch 25/50 - Train Loss: 0.2432
Epoch 26/50 - Train Loss: 0.2416
Epoch 27/50 - Train Loss: 0.2381
Epoch 28/50 - Train Loss: 0.2363
Epoch 29/50 - Train Loss: 0.2360
Epoch 30/50 - Train Loss: 0.2322
Epoch 31/50 - Train Loss: 0.2266
Epoch 32/50 - Train Loss: 0.2292
Epoch 33/50 - Train Loss: 0.2279
Epoch 34/50 - Train Loss: 0.2265
Epoch 35/50 - Train Loss: 0.2261
Epoch 36/50 - Train Loss: 0.2234
Epoch 37/50 - Train Loss: 0.2219
Epoch 38/50 - Train Loss: 0.2192
Epoch 39/50 - Train Loss: 0.2185
Epoch 40/50 - Train Loss: 0.2171
Epoch 41/50 - Train Loss: 0.2183
Epoch 42/50 - Train Loss: 0.2151
Epoch 43/50 - Train Loss: 0.2129
Epoch 44/50 - Train Loss: 0.2122
Epoch 45/50 - Train Loss: 0.2103
Epoch 46/50 - Train Loss: 0.2030
Epoch 47/50 - Train Loss: 0.2078
Epoch 48/50 - Train Loss: 0.2070
Epoch 49/50 - Train Loss: 0.2052
Epoch 50/50 - Train Loss: 0.2038
[Task 0] Best test metric (before finetune): 0.302103, Best test metric (after finetune):  0.292814
[Task 1] Best test metric (before finetune): 0.213087, Best test metric (after finetune):  0.198135
[Task 2] Best test metric (before finetune): 0.177137, Best test metric (after finetune):  0.177137
[Task 3] Best test metric (before finetune): 0.288769, Best test metric (after finetune):  0.288769
[Task 4] Best test metric (before finetune): 0.345047, Best test metric (after finetune):  0.336420
[Task 5] Best test metric (before finetune): 0.445269, Best test metric (after finetune):  0.438098
[Task 6] Best test metric (before finetune): 0.333753, Best test metric (after finetune):  0.333753
[Task 7] Best test metric (before finetune): 0.371556, Best test metric (after finetune):  0.357353
[Task 8] Best test metric (before finetune): 0.890200, Best test metric (after finetune):  0.890200
[Task 9] Best test metric (before finetune): 0.075908, Best test metric (after finetune):  0.072044
[Task 10] Best test metric (before finetune): 0.780910, Best test metric (after finetune):  0.780910
[Task 11] Best test metric (before finetune): 0.930923, Best test metric (after finetune):  0.930923
[Task 12] Best test metric (before finetune): 0.473861, Best test metric (after finetune):  0.476155
Saved results to output/regression/small/0/TabPerceiverMultiTask_3.pt
Saved results to output/regression/small/1/TabPerceiverMultiTask_3.pt
Saved results to output/regression/small/2/TabPerceiverMultiTask_3.pt
Saved results to output/regression/small/3/TabPerceiverMultiTask_3.pt
Saved results to output/regression/small/4/TabPerceiverMultiTask_3.pt
Saved results to output/regression/small/5/TabPerceiverMultiTask_3.pt
Saved results to output/regression/small/6/TabPerceiverMultiTask_3.pt
Saved results to output/regression/small/7/TabPerceiverMultiTask_3.pt
Saved results to output/regression/small/8/TabPerceiverMultiTask_3.pt
Saved results to output/regression/small/9/TabPerceiverMultiTask_3.pt
Saved results to output/regression/small/10/TabPerceiverMultiTask_3.pt
Saved results to output/regression/small/11/TabPerceiverMultiTask_3.pt
Saved results to output/regression/small/12/TabPerceiverMultiTask_3.pt
