Hyper-parameter search via Optuna
Namespace(task_type='binary_classification', scale='small', idx=1, epochs=50, num_trials=20, num_repeats=5, seed=0, exp_name='MemPerceiver_ens_l2', result_path='output/binary_classification/small/1/MemPerceiver_ens_l2.pt')
Device: cuda
Start building binary_classification dataset_small_1
Training set has 6499 instances
Validation set has 812 instances
Test set has 813 instances
Epoch 1/50 - Train Loss: 0.7462 - Train Metric: 0.5519
Epoch 1/50 - Val Metric: 0.9516
Epoch 2/50 - Train Loss: 0.2036 - Train Metric: 0.9733
Epoch 2/50 - Val Metric: 0.9941
Epoch 3/50 - Train Loss: 0.0681 - Train Metric: 0.9881
Epoch 3/50 - Val Metric: 0.9982
Epoch 4/50 - Train Loss: 0.0711 - Train Metric: 0.9852
Epoch 4/50 - Val Metric: 0.9987
Epoch 5/50 - Train Loss: 0.0676 - Train Metric: 0.9879
Epoch 5/50 - Val Metric: 0.9988
Epoch 6/50 - Train Loss: 0.0639 - Train Metric: 0.9923
Epoch 6/50 - Val Metric: 0.9984
Epoch 7/50 - Train Loss: 0.0424 - Train Metric: 0.9972
Epoch 7/50 - Val Metric: 0.9867
Epoch 8/50 - Train Loss: 0.0349 - Train Metric: 0.9950
Epoch 8/50 - Val Metric: 1.0000
Epoch 9/50 - Train Loss: 0.0289 - Train Metric: 0.9976
Epoch 9/50 - Val Metric: 1.0000
Epoch 10/50 - Train Loss: 0.0130 - Train Metric: 0.9990
Epoch 10/50 - Val Metric: 1.0000
Epoch 11/50 - Train Loss: 0.0092 - Train Metric: 0.9992
Epoch 11/50 - Val Metric: 1.0000
Epoch 12/50 - Train Loss: 0.0077 - Train Metric: 0.9997
Epoch 12/50 - Val Metric: 1.0000
Epoch 13/50 - Train Loss: 0.0061 - Train Metric: 0.9999
Epoch 13/50 - Val Metric: 1.0000
Epoch 14/50 - Train Loss: 0.0017 - Train Metric: 1.0000
Epoch 14/50 - Val Metric: 0.9998
Epoch 15/50 - Train Loss: 0.0117 - Train Metric: 0.9997
Epoch 15/50 - Val Metric: 1.0000
Epoch 16/50 - Train Loss: 0.0083 - Train Metric: 0.9998
Epoch 16/50 - Val Metric: 1.0000
Epoch 17/50 - Train Loss: 0.0041 - Train Metric: 1.0000
Epoch 17/50 - Val Metric: 1.0000
Epoch 18/50 - Train Loss: 0.0024 - Train Metric: 1.0000
Epoch 18/50 - Val Metric: 1.0000
Epoch 19/50 - Train Loss: 0.0007 - Train Metric: 1.0000
Epoch 19/50 - Val Metric: 1.0000
Epoch 20/50 - Train Loss: 0.0003 - Train Metric: 1.0000
Epoch 20/50 - Val Metric: 1.0000
Epoch 21/50 - Train Loss: 0.0004 - Train Metric: 1.0000
Epoch 21/50 - Val Metric: 1.0000
Epoch 22/50 - Train Loss: 0.0001 - Train Metric: 1.0000
Epoch 22/50 - Val Metric: 1.0000
Epoch 23/50 - Train Loss: 0.0001 - Train Metric: 1.0000
Epoch 23/50 - Val Metric: 1.0000
Epoch 24/50 - Train Loss: 0.0001 - Train Metric: 1.0000
Epoch 24/50 - Val Metric: 1.0000
Epoch 25/50 - Train Loss: 0.0001 - Train Metric: 1.0000
Epoch 25/50 - Val Metric: 1.0000
Epoch 26/50 - Train Loss: 0.0001 - Train Metric: 1.0000
Epoch 26/50 - Val Metric: 1.0000
Epoch 27/50 - Train Loss: 0.0001 - Train Metric: 1.0000
Epoch 27/50 - Val Metric: 1.0000
Epoch 28/50 - Train Loss: 0.0001 - Train Metric: 1.0000
Epoch 28/50 - Val Metric: 1.0000
Epoch 29/50 - Train Loss: 0.0001 - Train Metric: 1.0000
Epoch 29/50 - Val Metric: 1.0000
Epoch 30/50 - Train Loss: 0.0001 - Train Metric: 1.0000
Epoch 30/50 - Val Metric: 1.0000
Epoch 31/50 - Train Loss: 0.0001 - Train Metric: 1.0000
Epoch 31/50 - Val Metric: 1.0000
Epoch 32/50 - Train Loss: 0.0001 - Train Metric: 1.0000
Epoch 32/50 - Val Metric: 1.0000
Epoch 33/50 - Train Loss: 0.0001 - Train Metric: 1.0000
Epoch 33/50 - Val Metric: 1.0000
Epoch 34/50 - Train Loss: 0.0001 - Train Metric: 1.0000
Epoch 34/50 - Val Metric: 1.0000
Epoch 35/50 - Train Loss: 0.0001 - Train Metric: 1.0000
Epoch 35/50 - Val Metric: 1.0000
Epoch 36/50 - Train Loss: 0.0001 - Train Metric: 1.0000
Epoch 36/50 - Val Metric: 1.0000
Epoch 37/50 - Train Loss: 0.0001 - Train Metric: 1.0000
Epoch 37/50 - Val Metric: 1.0000
Epoch 38/50 - Train Loss: 0.0001 - Train Metric: 1.0000
Epoch 38/50 - Val Metric: 1.0000
Epoch 39/50 - Train Loss: 0.0001 - Train Metric: 1.0000
Epoch 39/50 - Val Metric: 1.0000
Epoch 40/50 - Train Loss: 0.0000 - Train Metric: 1.0000
Epoch 40/50 - Val Metric: 1.0000
Epoch 41/50 - Train Loss: 0.0000 - Train Metric: 1.0000
Epoch 41/50 - Val Metric: 1.0000
Epoch 42/50 - Train Loss: 0.0000 - Train Metric: 1.0000
Epoch 42/50 - Val Metric: 1.0000
Epoch 43/50 - Train Loss: 0.0000 - Train Metric: 1.0000
Epoch 43/50 - Val Metric: 1.0000
Epoch 44/50 - Train Loss: 0.0000 - Train Metric: 1.0000
Epoch 44/50 - Val Metric: 1.0000
Epoch 45/50 - Train Loss: 0.0000 - Train Metric: 1.0000
Epoch 45/50 - Val Metric: 1.0000
Epoch 46/50 - Train Loss: 0.0000 - Train Metric: 1.0000
Epoch 46/50 - Val Metric: 1.0000
Epoch 47/50 - Train Loss: 0.0000 - Train Metric: 1.0000
Epoch 47/50 - Val Metric: 1.0000
Epoch 48/50 - Train Loss: 0.0000 - Train Metric: 1.0000
Epoch 48/50 - Val Metric: 1.0000
Epoch 49/50 - Train Loss: 0.0000 - Train Metric: 1.0000
Epoch 49/50 - Val Metric: 1.0000
Epoch 50/50 - Train Loss: 0.0000 - Train Metric: 1.0000
Epoch 50/50 - Val Metric: 1.0000
Best val: 1.0000, Best test: 0.9992
Training set has 6499 instances
Validation set has 812 instances
Test set has 813 instances
Epoch 1/50 - Train Loss: 0.6807 - Train Metric: 0.6359
Epoch 1/50 - Val Metric: 0.8673
Epoch 2/50 - Train Loss: 0.5253 - Train Metric: 0.9028
Epoch 2/50 - Val Metric: 0.9764
Epoch 3/50 - Train Loss: 0.2921 - Train Metric: 0.9766
Epoch 3/50 - Val Metric: 0.9874
Epoch 4/50 - Train Loss: 0.1906 - Train Metric: 0.9899
Epoch 4/50 - Val Metric: 0.9955
Epoch 5/50 - Train Loss: 0.1431 - Train Metric: 0.9964
Epoch 5/50 - Val Metric: 0.9988
Epoch 6/50 - Train Loss: 0.1084 - Train Metric: 0.9986
Epoch 6/50 - Val Metric: 0.9993
Epoch 7/50 - Train Loss: 0.0856 - Train Metric: 0.9992
Epoch 7/50 - Val Metric: 0.9995
Epoch 8/50 - Train Loss: 0.0711 - Train Metric: 0.9995
Epoch 8/50 - Val Metric: 0.9994
Epoch 9/50 - Train Loss: 0.0617 - Train Metric: 0.9994
Epoch 9/50 - Val Metric: 0.9991
Epoch 10/50 - Train Loss: 0.0550 - Train Metric: 0.9996
Epoch 10/50 - Val Metric: 0.9994
Epoch 11/50 - Train Loss: 0.0472 - Train Metric: 0.9996
Epoch 11/50 - Val Metric: 0.9996
Epoch 12/50 - Train Loss: 0.0434 - Train Metric: 0.9996
Epoch 12/50 - Val Metric: 0.9996
Epoch 13/50 - Train Loss: 0.0410 - Train Metric: 0.9997
Epoch 13/50 - Val Metric: 0.9996
Epoch 14/50 - Train Loss: 0.0389 - Train Metric: 0.9998
Epoch 14/50 - Val Metric: 0.9997
Epoch 15/50 - Train Loss: 0.0372 - Train Metric: 0.9998
Epoch 15/50 - Val Metric: 0.9997
Epoch 16/50 - Train Loss: 0.0358 - Train Metric: 0.9998
Epoch 16/50 - Val Metric: 0.9997
Epoch 17/50 - Train Loss: 0.0347 - Train Metric: 0.9998
Epoch 17/50 - Val Metric: 0.9998
Epoch 18/50 - Train Loss: 0.0336 - Train Metric: 0.9999
Epoch 18/50 - Val Metric: 0.9998
Epoch 19/50 - Train Loss: 0.0327 - Train Metric: 0.9999
Epoch 19/50 - Val Metric: 0.9998
Epoch 20/50 - Train Loss: 0.0319 - Train Metric: 0.9999
Epoch 20/50 - Val Metric: 0.9998
Epoch 21/50 - Train Loss: 0.0312 - Train Metric: 0.9999
Epoch 21/50 - Val Metric: 0.9998
Epoch 22/50 - Train Loss: 0.0306 - Train Metric: 0.9999
Epoch 22/50 - Val Metric: 0.9998
Epoch 23/50 - Train Loss: 0.0300 - Train Metric: 0.9999
Epoch 23/50 - Val Metric: 0.9999
Epoch 24/50 - Train Loss: 0.0295 - Train Metric: 0.9999
Epoch 24/50 - Val Metric: 0.9999
Epoch 25/50 - Train Loss: 0.0290 - Train Metric: 0.9999
Epoch 25/50 - Val Metric: 0.9999
Epoch 26/50 - Train Loss: 0.0286 - Train Metric: 0.9999
Epoch 26/50 - Val Metric: 0.9999
Epoch 27/50 - Train Loss: 0.0282 - Train Metric: 0.9999
Epoch 27/50 - Val Metric: 0.9999
Epoch 28/50 - Train Loss: 0.0278 - Train Metric: 0.9999
Epoch 28/50 - Val Metric: 0.9999
Epoch 29/50 - Train Loss: 0.0274 - Train Metric: 0.9999
Epoch 29/50 - Val Metric: 0.9999
Epoch 30/50 - Train Loss: 0.0271 - Train Metric: 1.0000
Epoch 30/50 - Val Metric: 0.9999
Epoch 31/50 - Train Loss: 0.0268 - Train Metric: 1.0000
Epoch 31/50 - Val Metric: 0.9999
Epoch 32/50 - Train Loss: 0.0264 - Train Metric: 1.0000
Epoch 32/50 - Val Metric: 0.9999
Epoch 33/50 - Train Loss: 0.0262 - Train Metric: 1.0000
Epoch 33/50 - Val Metric: 0.9999
Epoch 34/50 - Train Loss: 0.0259 - Train Metric: 1.0000
Epoch 34/50 - Val Metric: 0.9999
Epoch 35/50 - Train Loss: 0.0256 - Train Metric: 1.0000
Epoch 35/50 - Val Metric: 1.0000
Epoch 36/50 - Train Loss: 0.0249 - Train Metric: 1.0000
Epoch 36/50 - Val Metric: 1.0000
Epoch 37/50 - Train Loss: 0.0251 - Train Metric: 1.0000
Epoch 37/50 - Val Metric: 1.0000
Epoch 38/50 - Train Loss: 0.0249 - Train Metric: 1.0000
Epoch 38/50 - Val Metric: 1.0000
Epoch 39/50 - Train Loss: 0.0246 - Train Metric: 1.0000
Epoch 39/50 - Val Metric: 1.0000
Epoch 40/50 - Train Loss: 0.0245 - Train Metric: 1.0000
Epoch 40/50 - Val Metric: 1.0000
Epoch 41/50 - Train Loss: 0.0242 - Train Metric: 1.0000
Epoch 41/50 - Val Metric: 1.0000
Epoch 42/50 - Train Loss: 0.0240 - Train Metric: 1.0000
Epoch 42/50 - Val Metric: 1.0000
Epoch 43/50 - Train Loss: 0.0238 - Train Metric: 1.0000
Epoch 43/50 - Val Metric: 1.0000
Epoch 44/50 - Train Loss: 0.0236 - Train Metric: 1.0000
Epoch 44/50 - Val Metric: 1.0000
Epoch 45/50 - Train Loss: 0.0234 - Train Metric: 1.0000
Epoch 45/50 - Val Metric: 1.0000
Epoch 46/50 - Train Loss: 0.0232 - Train Metric: 1.0000
Epoch 46/50 - Val Metric: 1.0000
Epoch 47/50 - Train Loss: 0.0230 - Train Metric: 1.0000
Epoch 47/50 - Val Metric: 1.0000
Epoch 48/50 - Train Loss: 0.0228 - Train Metric: 1.0000
Epoch 48/50 - Val Metric: 1.0000
Epoch 49/50 - Train Loss: 0.0227 - Train Metric: 1.0000
Epoch 49/50 - Val Metric: 1.0000
Epoch 50/50 - Train Loss: 0.0225 - Train Metric: 1.0000
Epoch 50/50 - Val Metric: 1.0000
Best val: 1.0000, Best test: 1.0000
Training set has 6499 instances
Validation set has 812 instances
Test set has 813 instances
Epoch 1/50 - Train Loss: 0.4000 - Train Metric: 0.8996
Epoch 1/50 - Val Metric: 0.9958
Epoch 2/50 - Train Loss: 0.0743 - Train Metric: 0.9835
Epoch 2/50 - Val Metric: 0.9969
Epoch 3/50 - Train Loss: 0.0688 - Train Metric: 0.9873
Epoch 3/50 - Val Metric: 0.9973
Epoch 4/50 - Train Loss: 0.0584 - Train Metric: 0.9912
Epoch 4/50 - Val Metric: 0.9980
Epoch 5/50 - Train Loss: 0.0566 - Train Metric: 0.9923
Epoch 5/50 - Val Metric: 0.9988
Epoch 6/50 - Train Loss: 0.0596 - Train Metric: 0.9893
Epoch 6/50 - Val Metric: 0.9992
Epoch 7/50 - Train Loss: 0.0537 - Train Metric: 0.9944
Epoch 7/50 - Val Metric: 0.9992
Epoch 8/50 - Train Loss: 0.0188 - Train Metric: 0.9994
Epoch 8/50 - Val Metric: 1.0000
Epoch 9/50 - Train Loss: 0.0067 - Train Metric: 0.9999
Epoch 9/50 - Val Metric: 1.0000
Epoch 10/50 - Train Loss: 0.0021 - Train Metric: 1.0000
Epoch 10/50 - Val Metric: 1.0000
Epoch 11/50 - Train Loss: 0.0012 - Train Metric: 1.0000
Epoch 11/50 - Val Metric: 1.0000
Epoch 12/50 - Train Loss: 0.0010 - Train Metric: 1.0000
Epoch 12/50 - Val Metric: 1.0000
Epoch 13/50 - Train Loss: 0.0009 - Train Metric: 1.0000
Epoch 13/50 - Val Metric: 1.0000
Epoch 14/50 - Train Loss: 0.0008 - Train Metric: 1.0000
Epoch 14/50 - Val Metric: 1.0000
Epoch 15/50 - Train Loss: 0.0008 - Train Metric: 1.0000
Epoch 15/50 - Val Metric: 1.0000
Epoch 16/50 - Train Loss: 0.0008 - Train Metric: 1.0000
Epoch 16/50 - Val Metric: 1.0000
Epoch 17/50 - Train Loss: 0.0007 - Train Metric: 1.0000
Epoch 17/50 - Val Metric: 1.0000
Epoch 18/50 - Train Loss: 0.0007 - Train Metric: 1.0000
Epoch 18/50 - Val Metric: 1.0000
Epoch 19/50 - Train Loss: 0.0007 - Train Metric: 1.0000
Epoch 19/50 - Val Metric: 1.0000
Epoch 20/50 - Train Loss: 0.0007 - Train Metric: 1.0000
Epoch 20/50 - Val Metric: 1.0000
Epoch 21/50 - Train Loss: 0.0006 - Train Metric: 1.0000
Epoch 21/50 - Val Metric: 1.0000
Epoch 22/50 - Train Loss: 0.0006 - Train Metric: 1.0000
Epoch 22/50 - Val Metric: 1.0000
Epoch 23/50 - Train Loss: 0.0006 - Train Metric: 1.0000
Epoch 23/50 - Val Metric: 1.0000
Epoch 24/50 - Train Loss: 0.0006 - Train Metric: 1.0000
Epoch 24/50 - Val Metric: 1.0000
Epoch 25/50 - Train Loss: 0.0006 - Train Metric: 1.0000
Epoch 25/50 - Val Metric: 1.0000
Epoch 26/50 - Train Loss: 0.0006 - Train Metric: 1.0000
Epoch 26/50 - Val Metric: 1.0000
Epoch 27/50 - Train Loss: 0.0006 - Train Metric: 1.0000
Epoch 27/50 - Val Metric: 1.0000
Epoch 28/50 - Train Loss: 0.0006 - Train Metric: 1.0000
Epoch 28/50 - Val Metric: 1.0000
Epoch 29/50 - Train Loss: 0.0006 - Train Metric: 1.0000
Epoch 29/50 - Val Metric: 1.0000
Epoch 30/50 - Train Loss: 0.0005 - Train Metric: 1.0000
Epoch 30/50 - Val Metric: 1.0000
Epoch 31/50 - Train Loss: 0.0005 - Train Metric: 1.0000
Epoch 31/50 - Val Metric: 1.0000
Epoch 32/50 - Train Loss: 0.0005 - Train Metric: 1.0000
Epoch 32/50 - Val Metric: 1.0000
Epoch 33/50 - Train Loss: 0.0005 - Train Metric: 1.0000
Epoch 33/50 - Val Metric: 1.0000
Epoch 34/50 - Train Loss: 0.0005 - Train Metric: 1.0000
Epoch 34/50 - Val Metric: 1.0000
Epoch 35/50 - Train Loss: 0.0005 - Train Metric: 1.0000
Epoch 35/50 - Val Metric: 1.0000
Epoch 36/50 - Train Loss: 0.0005 - Train Metric: 1.0000
Epoch 36/50 - Val Metric: 1.0000
Epoch 37/50 - Train Loss: 0.0005 - Train Metric: 1.0000
Epoch 37/50 - Val Metric: 1.0000
Epoch 38/50 - Train Loss: 0.0005 - Train Metric: 1.0000
Epoch 38/50 - Val Metric: 1.0000
Epoch 39/50 - Train Loss: 0.0005 - Train Metric: 1.0000
Epoch 39/50 - Val Metric: 1.0000
Epoch 40/50 - Train Loss: 0.0005 - Train Metric: 1.0000
Epoch 40/50 - Val Metric: 1.0000
Epoch 41/50 - Train Loss: 0.0005 - Train Metric: 1.0000
Epoch 41/50 - Val Metric: 1.0000
Epoch 42/50 - Train Loss: 0.0005 - Train Metric: 1.0000
Epoch 42/50 - Val Metric: 1.0000
Epoch 43/50 - Train Loss: 0.0005 - Train Metric: 1.0000
Epoch 43/50 - Val Metric: 1.0000
Epoch 44/50 - Train Loss: 0.0005 - Train Metric: 1.0000
Epoch 44/50 - Val Metric: 1.0000
Epoch 45/50 - Train Loss: 0.0005 - Train Metric: 1.0000
Epoch 45/50 - Val Metric: 1.0000
Epoch 46/50 - Train Loss: 0.0005 - Train Metric: 1.0000
Epoch 46/50 - Val Metric: 1.0000
Epoch 47/50 - Train Loss: 0.0005 - Train Metric: 1.0000
Epoch 47/50 - Val Metric: 1.0000
Epoch 48/50 - Train Loss: 0.0005 - Train Metric: 1.0000
Epoch 48/50 - Val Metric: 1.0000
Epoch 49/50 - Train Loss: 0.0005 - Train Metric: 1.0000
Epoch 49/50 - Val Metric: 1.0000
Epoch 50/50 - Train Loss: 0.0005 - Train Metric: 1.0000
Epoch 50/50 - Val Metric: 1.0000
Best val: 1.0000, Best test: 1.0000
Training set has 6499 instances
Validation set has 812 instances
Test set has 813 instances
Epoch 1/50 - Train Loss: 0.7866 - Train Metric: 0.5243
Epoch 1/50 - Val Metric: 0.9282
Epoch 2/50 - Train Loss: 0.4896 - Train Metric: 0.8261
Epoch 2/50 - Val Metric: 0.9978
Epoch 3/50 - Train Loss: 0.0534 - Train Metric: 0.9946
Epoch 3/50 - Val Metric: 0.9986
Epoch 4/50 - Train Loss: 0.0293 - Train Metric: 0.9972
Epoch 4/50 - Val Metric: 0.9995
Epoch 5/50 - Train Loss: 0.0199 - Train Metric: 0.9980
Epoch 5/50 - Val Metric: 0.9997
Epoch 6/50 - Train Loss: 0.0104 - Train Metric: 0.9997
Epoch 6/50 - Val Metric: 1.0000
Epoch 7/50 - Train Loss: 0.0226 - Train Metric: 0.9989
Epoch 7/50 - Val Metric: 1.0000
Epoch 8/50 - Train Loss: 0.0166 - Train Metric: 0.9998
Epoch 8/50 - Val Metric: 1.0000
Epoch 9/50 - Train Loss: 0.0138 - Train Metric: 0.9999
Epoch 9/50 - Val Metric: 1.0000
Epoch 10/50 - Train Loss: 0.0066 - Train Metric: 1.0000
Epoch 10/50 - Val Metric: 1.0000
Epoch 11/50 - Train Loss: 0.0016 - Train Metric: 1.0000
Epoch 11/50 - Val Metric: 1.0000
Epoch 12/50 - Train Loss: 0.0003 - Train Metric: 1.0000
Epoch 12/50 - Val Metric: 1.0000
Epoch 13/50 - Train Loss: 0.0003 - Train Metric: 1.0000
Epoch 13/50 - Val Metric: 1.0000
Epoch 14/50 - Train Loss: 0.0002 - Train Metric: 1.0000
Epoch 14/50 - Val Metric: 1.0000
Epoch 15/50 - Train Loss: 0.0002 - Train Metric: 1.0000
Epoch 15/50 - Val Metric: 1.0000
Epoch 16/50 - Train Loss: 0.0002 - Train Metric: 1.0000
Epoch 16/50 - Val Metric: 1.0000
Epoch 17/50 - Train Loss: 0.0002 - Train Metric: 1.0000
Epoch 17/50 - Val Metric: 1.0000
Epoch 18/50 - Train Loss: 0.0002 - Train Metric: 1.0000
Epoch 18/50 - Val Metric: 1.0000
Epoch 19/50 - Train Loss: 0.0002 - Train Metric: 1.0000
Epoch 19/50 - Val Metric: 1.0000
Epoch 20/50 - Train Loss: 0.0002 - Train Metric: 1.0000
Epoch 20/50 - Val Metric: 1.0000
Epoch 21/50 - Train Loss: 0.0001 - Train Metric: 1.0000
Epoch 21/50 - Val Metric: 1.0000
Epoch 22/50 - Train Loss: 0.0001 - Train Metric: 1.0000
Epoch 22/50 - Val Metric: 1.0000
Epoch 23/50 - Train Loss: 0.0001 - Train Metric: 1.0000
Epoch 23/50 - Val Metric: 1.0000
Epoch 24/50 - Train Loss: 0.0001 - Train Metric: 1.0000
Epoch 24/50 - Val Metric: 1.0000
Epoch 25/50 - Train Loss: 0.0001 - Train Metric: 1.0000
Epoch 25/50 - Val Metric: 1.0000
Epoch 26/50 - Train Loss: 0.0001 - Train Metric: 1.0000
Epoch 26/50 - Val Metric: 1.0000
Epoch 27/50 - Train Loss: 0.0001 - Train Metric: 1.0000
Epoch 27/50 - Val Metric: 1.0000
Epoch 28/50 - Train Loss: 0.0001 - Train Metric: 1.0000
Epoch 28/50 - Val Metric: 1.0000
Epoch 29/50 - Train Loss: 0.0001 - Train Metric: 1.0000
Epoch 29/50 - Val Metric: 1.0000
Epoch 30/50 - Train Loss: 0.0001 - Train Metric: 1.0000
Epoch 30/50 - Val Metric: 1.0000
Epoch 31/50 - Train Loss: 0.0001 - Train Metric: 1.0000
Epoch 31/50 - Val Metric: 1.0000
Epoch 32/50 - Train Loss: 0.0001 - Train Metric: 1.0000
Epoch 32/50 - Val Metric: 1.0000
Epoch 33/50 - Train Loss: 0.0001 - Train Metric: 1.0000
Epoch 33/50 - Val Metric: 1.0000
Epoch 34/50 - Train Loss: 0.0001 - Train Metric: 1.0000
Epoch 34/50 - Val Metric: 1.0000
Epoch 35/50 - Train Loss: 0.0001 - Train Metric: 1.0000
Epoch 35/50 - Val Metric: 1.0000
Epoch 36/50 - Train Loss: 0.0001 - Train Metric: 1.0000
Epoch 36/50 - Val Metric: 1.0000
Epoch 37/50 - Train Loss: 0.0001 - Train Metric: 1.0000
Epoch 37/50 - Val Metric: 1.0000
Epoch 38/50 - Train Loss: 0.0001 - Train Metric: 1.0000
Epoch 38/50 - Val Metric: 1.0000
Epoch 39/50 - Train Loss: 0.0001 - Train Metric: 1.0000
Epoch 39/50 - Val Metric: 1.0000
Epoch 40/50 - Train Loss: 0.0001 - Train Metric: 1.0000
Epoch 40/50 - Val Metric: 1.0000
Epoch 41/50 - Train Loss: 0.0001 - Train Metric: 1.0000
Epoch 41/50 - Val Metric: 1.0000
Epoch 42/50 - Train Loss: 0.0001 - Train Metric: 1.0000
Epoch 42/50 - Val Metric: 1.0000
Epoch 43/50 - Train Loss: 0.0001 - Train Metric: 1.0000
Epoch 43/50 - Val Metric: 1.0000
Epoch 44/50 - Train Loss: 0.0001 - Train Metric: 1.0000
Epoch 44/50 - Val Metric: 1.0000
Epoch 45/50 - Train Loss: 0.0001 - Train Metric: 1.0000
Epoch 45/50 - Val Metric: 1.0000
Epoch 46/50 - Train Loss: 0.0001 - Train Metric: 1.0000
Epoch 46/50 - Val Metric: 1.0000
Epoch 47/50 - Train Loss: 0.0001 - Train Metric: 1.0000
Epoch 47/50 - Val Metric: 1.0000
Epoch 48/50 - Train Loss: 0.0001 - Train Metric: 1.0000
Epoch 48/50 - Val Metric: 1.0000
Epoch 49/50 - Train Loss: 0.0001 - Train Metric: 1.0000
Epoch 49/50 - Val Metric: 1.0000
Epoch 50/50 - Train Loss: 0.0001 - Train Metric: 1.0000
Epoch 50/50 - Val Metric: 1.0000
Best val: 1.0000, Best test: 1.0000
Training set has 6499 instances
Validation set has 812 instances
Test set has 813 instances
Epoch 1/50 - Train Loss: 0.3224 - Train Metric: 0.9341
Epoch 1/50 - Val Metric: 0.9932
Epoch 2/50 - Train Loss: 0.1092 - Train Metric: 0.9907
Epoch 2/50 - Val Metric: 0.9979
Epoch 3/50 - Train Loss: 0.0591 - Train Metric: 0.9965
Epoch 3/50 - Val Metric: 0.9992
Epoch 4/50 - Train Loss: 0.0360 - Train Metric: 0.9994
Epoch 4/50 - Val Metric: 0.9998
Epoch 5/50 - Train Loss: 0.0156 - Train Metric: 0.9999
Epoch 5/50 - Val Metric: 1.0000
Epoch 6/50 - Train Loss: 0.0067 - Train Metric: 1.0000
Epoch 6/50 - Val Metric: 1.0000
Epoch 7/50 - Train Loss: 0.0167 - Train Metric: 0.9999
Epoch 7/50 - Val Metric: 1.0000
Epoch 8/50 - Train Loss: 0.0049 - Train Metric: 1.0000
Epoch 8/50 - Val Metric: 1.0000
Epoch 9/50 - Train Loss: 0.0033 - Train Metric: 1.0000
Epoch 9/50 - Val Metric: 1.0000
Epoch 10/50 - Train Loss: 0.0023 - Train Metric: 1.0000
Epoch 10/50 - Val Metric: 1.0000
Epoch 11/50 - Train Loss: 0.0022 - Train Metric: 1.0000
Epoch 11/50 - Val Metric: 1.0000
Epoch 12/50 - Train Loss: 0.0062 - Train Metric: 1.0000
Epoch 12/50 - Val Metric: 1.0000
Epoch 13/50 - Train Loss: 0.0109 - Train Metric: 0.9999
Epoch 13/50 - Val Metric: 1.0000
Epoch 14/50 - Train Loss: 0.0039 - Train Metric: 1.0000
Epoch 14/50 - Val Metric: 1.0000
Epoch 15/50 - Train Loss: 0.0020 - Train Metric: 1.0000
Epoch 15/50 - Val Metric: 1.0000
Epoch 16/50 - Train Loss: 0.0014 - Train Metric: 1.0000
Epoch 16/50 - Val Metric: 1.0000
Epoch 17/50 - Train Loss: 0.0013 - Train Metric: 1.0000
Epoch 17/50 - Val Metric: 1.0000
Epoch 18/50 - Train Loss: 0.0012 - Train Metric: 1.0000
Epoch 18/50 - Val Metric: 1.0000
Epoch 19/50 - Train Loss: 0.0012 - Train Metric: 1.0000
Epoch 19/50 - Val Metric: 1.0000
Epoch 20/50 - Train Loss: 0.0011 - Train Metric: 1.0000
Epoch 20/50 - Val Metric: 1.0000
Epoch 21/50 - Train Loss: 0.0011 - Train Metric: 1.0000
Epoch 21/50 - Val Metric: 1.0000
Epoch 22/50 - Train Loss: 0.0010 - Train Metric: 1.0000
Epoch 22/50 - Val Metric: 1.0000
Epoch 23/50 - Train Loss: 0.0009 - Train Metric: 1.0000
Epoch 23/50 - Val Metric: 1.0000
Epoch 24/50 - Train Loss: 0.0009 - Train Metric: 1.0000
Epoch 24/50 - Val Metric: 1.0000
Epoch 25/50 - Train Loss: 0.0009 - Train Metric: 1.0000
Epoch 25/50 - Val Metric: 1.0000
Epoch 26/50 - Train Loss: 0.0008 - Train Metric: 1.0000
Epoch 26/50 - Val Metric: 1.0000
Epoch 27/50 - Train Loss: 0.0008 - Train Metric: 1.0000
Epoch 27/50 - Val Metric: 1.0000
Epoch 28/50 - Train Loss: 0.0008 - Train Metric: 1.0000
Epoch 28/50 - Val Metric: 1.0000
Epoch 29/50 - Train Loss: 0.0007 - Train Metric: 1.0000
Epoch 29/50 - Val Metric: 1.0000
Epoch 30/50 - Train Loss: 0.0007 - Train Metric: 1.0000
Epoch 30/50 - Val Metric: 1.0000
Epoch 31/50 - Train Loss: 0.0007 - Train Metric: 1.0000
Epoch 31/50 - Val Metric: 1.0000
Epoch 32/50 - Train Loss: 0.0006 - Train Metric: 1.0000
Epoch 32/50 - Val Metric: 1.0000
Epoch 33/50 - Train Loss: 0.0006 - Train Metric: 1.0000
Epoch 33/50 - Val Metric: 1.0000
Epoch 34/50 - Train Loss: 0.0006 - Train Metric: 1.0000
Epoch 34/50 - Val Metric: 1.0000
Epoch 35/50 - Train Loss: 0.0006 - Train Metric: 1.0000
Epoch 35/50 - Val Metric: 1.0000
Epoch 36/50 - Train Loss: 0.0006 - Train Metric: 1.0000
Epoch 36/50 - Val Metric: 1.0000
Epoch 37/50 - Train Loss: 0.0005 - Train Metric: 1.0000
Epoch 37/50 - Val Metric: 1.0000
Epoch 38/50 - Train Loss: 0.0005 - Train Metric: 1.0000
Epoch 38/50 - Val Metric: 1.0000
Epoch 39/50 - Train Loss: 0.0005 - Train Metric: 1.0000
Epoch 39/50 - Val Metric: 1.0000
Epoch 40/50 - Train Loss: 0.0005 - Train Metric: 1.0000
Epoch 40/50 - Val Metric: 1.0000
Epoch 41/50 - Train Loss: 0.0005 - Train Metric: 1.0000
Epoch 41/50 - Val Metric: 1.0000
Epoch 42/50 - Train Loss: 0.0004 - Train Metric: 1.0000
Epoch 42/50 - Val Metric: 1.0000
Epoch 43/50 - Train Loss: 0.0004 - Train Metric: 1.0000
Epoch 43/50 - Val Metric: 1.0000
Epoch 44/50 - Train Loss: 0.0004 - Train Metric: 1.0000
Epoch 44/50 - Val Metric: 1.0000
Epoch 45/50 - Train Loss: 0.0004 - Train Metric: 1.0000
Epoch 45/50 - Val Metric: 1.0000
Epoch 46/50 - Train Loss: 0.0004 - Train Metric: 1.0000
Epoch 46/50 - Val Metric: 1.0000
Epoch 47/50 - Train Loss: 0.0004 - Train Metric: 1.0000
Epoch 47/50 - Val Metric: 1.0000
Epoch 48/50 - Train Loss: 0.0004 - Train Metric: 1.0000
Epoch 48/50 - Val Metric: 1.0000
Epoch 49/50 - Train Loss: 0.0004 - Train Metric: 1.0000
Epoch 49/50 - Val Metric: 1.0000
Epoch 50/50 - Train Loss: 0.0004 - Train Metric: 1.0000
Epoch 50/50 - Val Metric: 1.0000
Best val: 1.0000, Best test: 1.0000
Training set has 6499 instances
Validation set has 812 instances
Test set has 813 instances
Training set has 6499 instances
Validation set has 812 instances
Test set has 813 instances
Epoch 1/50 - Train Loss: 0.2997 - Train Metric: 0.9487
Epoch 1/50 - Val Metric: 0.9834
Training set has 6499 instances
Validation set has 812 instances
Test set has 813 instances
Epoch 1/50 - Train Loss: 0.3150 - Train Metric: 0.9437
Epoch 1/50 - Val Metric: 0.9923
Training set has 6499 instances
Validation set has 812 instances
Test set has 813 instances
Epoch 1/50 - Train Loss: 0.2084 - Train Metric: 0.9719
Epoch 1/50 - Val Metric: 0.9963
Epoch 2/50 - Train Loss: 0.0384 - Train Metric: 0.9984
Epoch 2/50 - Val Metric: 0.9997
Epoch 3/50 - Train Loss: 0.0082 - Train Metric: 1.0000
Epoch 3/50 - Val Metric: 1.0000
Epoch 4/50 - Train Loss: 0.0025 - Train Metric: 1.0000
Epoch 4/50 - Val Metric: 1.0000
Epoch 5/50 - Train Loss: 0.0011 - Train Metric: 1.0000
Epoch 5/50 - Val Metric: 1.0000
Epoch 6/50 - Train Loss: 0.0009 - Train Metric: 1.0000
Epoch 6/50 - Val Metric: 1.0000
Epoch 7/50 - Train Loss: 0.0008 - Train Metric: 1.0000
Epoch 7/50 - Val Metric: 1.0000
Epoch 8/50 - Train Loss: 0.0007 - Train Metric: 1.0000
Epoch 8/50 - Val Metric: 1.0000
Epoch 9/50 - Train Loss: 0.0006 - Train Metric: 1.0000
Epoch 9/50 - Val Metric: 1.0000
Epoch 10/50 - Train Loss: 0.0006 - Train Metric: 1.0000
Epoch 10/50 - Val Metric: 1.0000
Epoch 11/50 - Train Loss: 0.0005 - Train Metric: 1.0000
Epoch 11/50 - Val Metric: 1.0000
Epoch 12/50 - Train Loss: 0.0005 - Train Metric: 1.0000
Epoch 12/50 - Val Metric: 1.0000
Epoch 13/50 - Train Loss: 0.0005 - Train Metric: 1.0000
Epoch 13/50 - Val Metric: 1.0000
Epoch 14/50 - Train Loss: 0.0005 - Train Metric: 1.0000
Epoch 14/50 - Val Metric: 1.0000
Epoch 15/50 - Train Loss: 0.0004 - Train Metric: 1.0000
Epoch 15/50 - Val Metric: 1.0000
Epoch 16/50 - Train Loss: 0.0004 - Train Metric: 1.0000
Epoch 16/50 - Val Metric: 1.0000
Epoch 17/50 - Train Loss: 0.0004 - Train Metric: 1.0000
Epoch 17/50 - Val Metric: 1.0000
Epoch 18/50 - Train Loss: 0.0004 - Train Metric: 1.0000
Epoch 18/50 - Val Metric: 1.0000
Epoch 19/50 - Train Loss: 0.0004 - Train Metric: 1.0000
Epoch 19/50 - Val Metric: 1.0000
Epoch 20/50 - Train Loss: 0.0004 - Train Metric: 1.0000
Epoch 20/50 - Val Metric: 1.0000
Epoch 21/50 - Train Loss: 0.0004 - Train Metric: 1.0000
Epoch 21/50 - Val Metric: 1.0000
Epoch 22/50 - Train Loss: 0.0004 - Train Metric: 1.0000
Epoch 22/50 - Val Metric: 1.0000
Epoch 23/50 - Train Loss: 0.0004 - Train Metric: 1.0000
Epoch 23/50 - Val Metric: 1.0000
Epoch 24/50 - Train Loss: 0.0004 - Train Metric: 1.0000
Epoch 24/50 - Val Metric: 1.0000
Epoch 25/50 - Train Loss: 0.0004 - Train Metric: 1.0000
Epoch 25/50 - Val Metric: 1.0000
Epoch 26/50 - Train Loss: 0.0004 - Train Metric: 1.0000
Epoch 26/50 - Val Metric: 1.0000
Epoch 27/50 - Train Loss: 0.0003 - Train Metric: 1.0000
Epoch 27/50 - Val Metric: 1.0000
Epoch 28/50 - Train Loss: 0.0003 - Train Metric: 1.0000
Epoch 28/50 - Val Metric: 1.0000
Epoch 29/50 - Train Loss: 0.0003 - Train Metric: 1.0000
Epoch 29/50 - Val Metric: 1.0000
Epoch 30/50 - Train Loss: 0.0003 - Train Metric: 1.0000
Epoch 30/50 - Val Metric: 1.0000
Epoch 31/50 - Train Loss: 0.0003 - Train Metric: 1.0000
Epoch 31/50 - Val Metric: 1.0000
Epoch 32/50 - Train Loss: 0.0003 - Train Metric: 1.0000
Epoch 32/50 - Val Metric: 1.0000
Epoch 33/50 - Train Loss: 0.0003 - Train Metric: 1.0000
Epoch 33/50 - Val Metric: 1.0000
Epoch 34/50 - Train Loss: 0.0003 - Train Metric: 1.0000
Epoch 34/50 - Val Metric: 1.0000
Epoch 35/50 - Train Loss: 0.0003 - Train Metric: 1.0000
Epoch 35/50 - Val Metric: 1.0000
Epoch 36/50 - Train Loss: 0.0003 - Train Metric: 1.0000
Epoch 36/50 - Val Metric: 1.0000
Epoch 37/50 - Train Loss: 0.0003 - Train Metric: 1.0000
Epoch 37/50 - Val Metric: 1.0000
Epoch 38/50 - Train Loss: 0.0003 - Train Metric: 1.0000
Epoch 38/50 - Val Metric: 1.0000
Epoch 39/50 - Train Loss: 0.0003 - Train Metric: 1.0000
Epoch 39/50 - Val Metric: 1.0000
Epoch 40/50 - Train Loss: 0.0003 - Train Metric: 1.0000
Epoch 40/50 - Val Metric: 1.0000
Epoch 41/50 - Train Loss: 0.0003 - Train Metric: 1.0000
Epoch 41/50 - Val Metric: 1.0000
Epoch 42/50 - Train Loss: 0.0003 - Train Metric: 1.0000
Epoch 42/50 - Val Metric: 1.0000
Epoch 43/50 - Train Loss: 0.0003 - Train Metric: 1.0000
Epoch 43/50 - Val Metric: 1.0000
Epoch 44/50 - Train Loss: 0.0003 - Train Metric: 1.0000
Epoch 44/50 - Val Metric: 1.0000
Epoch 45/50 - Train Loss: 0.0003 - Train Metric: 1.0000
Epoch 45/50 - Val Metric: 1.0000
Epoch 46/50 - Train Loss: 0.0003 - Train Metric: 1.0000
Epoch 46/50 - Val Metric: 1.0000
Epoch 47/50 - Train Loss: 0.0003 - Train Metric: 1.0000
Epoch 47/50 - Val Metric: 1.0000
Epoch 48/50 - Train Loss: 0.0003 - Train Metric: 1.0000
Epoch 48/50 - Val Metric: 1.0000
Epoch 49/50 - Train Loss: 0.0003 - Train Metric: 1.0000
Epoch 49/50 - Val Metric: 1.0000
Epoch 50/50 - Train Loss: 0.0003 - Train Metric: 1.0000
Epoch 50/50 - Val Metric: 1.0000
Best val: 1.0000, Best test: 1.0000
Training set has 6499 instances
Validation set has 812 instances
Test set has 813 instances
Epoch 1/50 - Train Loss: 0.4210 - Train Metric: 0.8752
Epoch 1/50 - Val Metric: 0.9983
Epoch 2/50 - Train Loss: 0.0339 - Train Metric: 0.9993
Epoch 2/50 - Val Metric: 0.9999
Epoch 3/50 - Train Loss: 0.0098 - Train Metric: 1.0000
Epoch 3/50 - Val Metric: 1.0000
Epoch 4/50 - Train Loss: 0.0051 - Train Metric: 1.0000
Epoch 4/50 - Val Metric: 1.0000
Epoch 5/50 - Train Loss: 0.0028 - Train Metric: 1.0000
Epoch 5/50 - Val Metric: 1.0000
Epoch 6/50 - Train Loss: 0.0016 - Train Metric: 1.0000
Epoch 6/50 - Val Metric: 1.0000
Epoch 7/50 - Train Loss: 0.0012 - Train Metric: 1.0000
Epoch 7/50 - Val Metric: 1.0000
Epoch 8/50 - Train Loss: 0.0010 - Train Metric: 1.0000
Epoch 8/50 - Val Metric: 1.0000
Epoch 9/50 - Train Loss: 0.0008 - Train Metric: 1.0000
Epoch 9/50 - Val Metric: 1.0000
Epoch 10/50 - Train Loss: 0.0007 - Train Metric: 1.0000
Epoch 10/50 - Val Metric: 1.0000
Epoch 11/50 - Train Loss: 0.0006 - Train Metric: 1.0000
Epoch 11/50 - Val Metric: 1.0000
Epoch 12/50 - Train Loss: 0.0005 - Train Metric: 1.0000
Epoch 12/50 - Val Metric: 1.0000
Epoch 13/50 - Train Loss: 0.0004 - Train Metric: 1.0000
Epoch 13/50 - Val Metric: 1.0000
Epoch 14/50 - Train Loss: 0.0004 - Train Metric: 1.0000
Epoch 14/50 - Val Metric: 1.0000
Epoch 15/50 - Train Loss: 0.0003 - Train Metric: 1.0000
Epoch 15/50 - Val Metric: 1.0000
Epoch 16/50 - Train Loss: 0.0003 - Train Metric: 1.0000
Epoch 16/50 - Val Metric: 1.0000
Epoch 17/50 - Train Loss: 0.0002 - Train Metric: 1.0000
Epoch 17/50 - Val Metric: 1.0000
Epoch 18/50 - Train Loss: 0.0002 - Train Metric: 1.0000
Epoch 18/50 - Val Metric: 1.0000
Epoch 19/50 - Train Loss: 0.0002 - Train Metric: 1.0000
Epoch 19/50 - Val Metric: 1.0000
Epoch 20/50 - Train Loss: 0.0002 - Train Metric: 1.0000
Epoch 20/50 - Val Metric: 1.0000
Epoch 21/50 - Train Loss: 0.0002 - Train Metric: 1.0000
Epoch 21/50 - Val Metric: 1.0000
Epoch 22/50 - Train Loss: 0.0001 - Train Metric: 1.0000
Epoch 22/50 - Val Metric: 1.0000
Epoch 23/50 - Train Loss: 0.0001 - Train Metric: 1.0000
Epoch 23/50 - Val Metric: 1.0000
Epoch 24/50 - Train Loss: 0.0001 - Train Metric: 1.0000
Epoch 24/50 - Val Metric: 1.0000
Epoch 25/50 - Train Loss: 0.0001 - Train Metric: 1.0000
Epoch 25/50 - Val Metric: 1.0000
Epoch 26/50 - Train Loss: 0.0001 - Train Metric: 1.0000
Epoch 26/50 - Val Metric: 1.0000
Epoch 27/50 - Train Loss: 0.0001 - Train Metric: 1.0000
Epoch 27/50 - Val Metric: 1.0000
Epoch 28/50 - Train Loss: 0.0001 - Train Metric: 1.0000
Epoch 28/50 - Val Metric: 1.0000
Epoch 29/50 - Train Loss: 0.0001 - Train Metric: 1.0000
Epoch 29/50 - Val Metric: 1.0000
Epoch 30/50 - Train Loss: 0.0001 - Train Metric: 1.0000
Epoch 30/50 - Val Metric: 1.0000
Epoch 31/50 - Train Loss: 0.0001 - Train Metric: 1.0000
Epoch 31/50 - Val Metric: 1.0000
Epoch 32/50 - Train Loss: 0.0001 - Train Metric: 1.0000
Epoch 32/50 - Val Metric: 1.0000
Epoch 33/50 - Train Loss: 0.0001 - Train Metric: 1.0000
Epoch 33/50 - Val Metric: 1.0000
Epoch 34/50 - Train Loss: 0.0001 - Train Metric: 1.0000
Epoch 34/50 - Val Metric: 1.0000
Epoch 35/50 - Train Loss: 0.0001 - Train Metric: 1.0000
Epoch 35/50 - Val Metric: 1.0000
Epoch 36/50 - Train Loss: 0.0001 - Train Metric: 1.0000
Epoch 36/50 - Val Metric: 1.0000
Epoch 37/50 - Train Loss: 0.0000 - Train Metric: 1.0000
Epoch 37/50 - Val Metric: 1.0000
Epoch 38/50 - Train Loss: 0.0000 - Train Metric: 1.0000
Epoch 38/50 - Val Metric: 1.0000
Epoch 39/50 - Train Loss: 0.0000 - Train Metric: 1.0000
Epoch 39/50 - Val Metric: 1.0000
Epoch 40/50 - Train Loss: 0.0000 - Train Metric: 1.0000
Epoch 40/50 - Val Metric: 1.0000
Epoch 41/50 - Train Loss: 0.0000 - Train Metric: 1.0000
Epoch 41/50 - Val Metric: 1.0000
Epoch 42/50 - Train Loss: 0.0000 - Train Metric: 1.0000
Epoch 42/50 - Val Metric: 1.0000
Epoch 43/50 - Train Loss: 0.0000 - Train Metric: 1.0000
Epoch 43/50 - Val Metric: 1.0000
Epoch 44/50 - Train Loss: 0.0000 - Train Metric: 1.0000
Epoch 44/50 - Val Metric: 1.0000
Epoch 45/50 - Train Loss: 0.0000 - Train Metric: 1.0000
Epoch 45/50 - Val Metric: 1.0000
Epoch 46/50 - Train Loss: 0.0000 - Train Metric: 1.0000
Epoch 46/50 - Val Metric: 1.0000
Epoch 47/50 - Train Loss: 0.0000 - Train Metric: 1.0000
Epoch 47/50 - Val Metric: 1.0000
Epoch 48/50 - Train Loss: 0.0000 - Train Metric: 1.0000
Epoch 48/50 - Val Metric: 1.0000
Epoch 49/50 - Train Loss: 0.0000 - Train Metric: 1.0000
Epoch 49/50 - Val Metric: 1.0000
Epoch 50/50 - Train Loss: 0.0000 - Train Metric: 1.0000
Epoch 50/50 - Val Metric: 1.0000
Best val: 1.0000, Best test: 1.0000
Training set has 6499 instances
Validation set has 812 instances
Test set has 813 instances
Training set has 6499 instances
Validation set has 812 instances
Test set has 813 instances
Epoch 1/50 - Train Loss: 0.2920 - Train Metric: 0.9482
Epoch 1/50 - Val Metric: 0.9994
Epoch 2/50 - Train Loss: 0.0211 - Train Metric: 0.9982
Epoch 2/50 - Val Metric: 0.9892
Epoch 3/50 - Train Loss: 0.0280 - Train Metric: 0.9973
Epoch 3/50 - Val Metric: 0.9995
Epoch 4/50 - Train Loss: 0.0249 - Train Metric: 0.9991
Epoch 4/50 - Val Metric: 0.9996
Epoch 5/50 - Train Loss: 0.0174 - Train Metric: 0.9995
Epoch 5/50 - Val Metric: 0.9999
Epoch 6/50 - Train Loss: 0.0077 - Train Metric: 1.0000
Epoch 6/50 - Val Metric: 1.0000
Epoch 7/50 - Train Loss: 0.0039 - Train Metric: 1.0000
Epoch 7/50 - Val Metric: 1.0000
Epoch 8/50 - Train Loss: 0.0032 - Train Metric: 1.0000
Epoch 8/50 - Val Metric: 1.0000
Epoch 9/50 - Train Loss: 0.0050 - Train Metric: 1.0000
Epoch 9/50 - Val Metric: 1.0000
Epoch 10/50 - Train Loss: 0.0021 - Train Metric: 1.0000
Epoch 10/50 - Val Metric: 1.0000
Epoch 11/50 - Train Loss: 0.0009 - Train Metric: 1.0000
Epoch 11/50 - Val Metric: 1.0000
Epoch 12/50 - Train Loss: 0.0007 - Train Metric: 1.0000
Epoch 12/50 - Val Metric: 1.0000
Epoch 13/50 - Train Loss: 0.0007 - Train Metric: 1.0000
Epoch 13/50 - Val Metric: 1.0000
Epoch 14/50 - Train Loss: 0.0006 - Train Metric: 1.0000
Epoch 14/50 - Val Metric: 1.0000
Epoch 15/50 - Train Loss: 0.0006 - Train Metric: 1.0000
Epoch 15/50 - Val Metric: 1.0000
Epoch 16/50 - Train Loss: 0.0006 - Train Metric: 1.0000
Epoch 16/50 - Val Metric: 1.0000
Epoch 17/50 - Train Loss: 0.0006 - Train Metric: 1.0000
Epoch 17/50 - Val Metric: 1.0000
Epoch 18/50 - Train Loss: 0.0005 - Train Metric: 1.0000
Epoch 18/50 - Val Metric: 1.0000
Epoch 19/50 - Train Loss: 0.0005 - Train Metric: 1.0000
Epoch 19/50 - Val Metric: 1.0000
Epoch 20/50 - Train Loss: 0.0005 - Train Metric: 1.0000
Epoch 20/50 - Val Metric: 1.0000
Epoch 21/50 - Train Loss: 0.0005 - Train Metric: 1.0000
Epoch 21/50 - Val Metric: 1.0000
Epoch 22/50 - Train Loss: 0.0005 - Train Metric: 1.0000
Epoch 22/50 - Val Metric: 1.0000
Epoch 23/50 - Train Loss: 0.0005 - Train Metric: 1.0000
Epoch 23/50 - Val Metric: 1.0000
Epoch 24/50 - Train Loss: 0.0005 - Train Metric: 1.0000
Epoch 24/50 - Val Metric: 1.0000
Epoch 25/50 - Train Loss: 0.0005 - Train Metric: 1.0000
Epoch 25/50 - Val Metric: 1.0000
Epoch 26/50 - Train Loss: 0.0005 - Train Metric: 1.0000
Epoch 26/50 - Val Metric: 1.0000
Epoch 27/50 - Train Loss: 0.0004 - Train Metric: 1.0000
Epoch 27/50 - Val Metric: 1.0000
Epoch 28/50 - Train Loss: 0.0004 - Train Metric: 1.0000
Epoch 28/50 - Val Metric: 1.0000
Epoch 29/50 - Train Loss: 0.0004 - Train Metric: 1.0000
Epoch 29/50 - Val Metric: 1.0000
Epoch 30/50 - Train Loss: 0.0004 - Train Metric: 1.0000
Epoch 30/50 - Val Metric: 1.0000
Epoch 31/50 - Train Loss: 0.0004 - Train Metric: 1.0000
Epoch 31/50 - Val Metric: 1.0000
Epoch 32/50 - Train Loss: 0.0004 - Train Metric: 1.0000
Epoch 32/50 - Val Metric: 1.0000
Epoch 33/50 - Train Loss: 0.0004 - Train Metric: 1.0000
Epoch 33/50 - Val Metric: 1.0000
Epoch 34/50 - Train Loss: 0.0004 - Train Metric: 1.0000
Epoch 34/50 - Val Metric: 1.0000
Epoch 35/50 - Train Loss: 0.0004 - Train Metric: 1.0000
Epoch 35/50 - Val Metric: 1.0000
Epoch 36/50 - Train Loss: 0.0004 - Train Metric: 1.0000
Epoch 36/50 - Val Metric: 1.0000
Epoch 37/50 - Train Loss: 0.0004 - Train Metric: 1.0000
Epoch 37/50 - Val Metric: 1.0000
Epoch 38/50 - Train Loss: 0.0004 - Train Metric: 1.0000
Epoch 38/50 - Val Metric: 1.0000
Epoch 39/50 - Train Loss: 0.0004 - Train Metric: 1.0000
Epoch 39/50 - Val Metric: 1.0000
Epoch 40/50 - Train Loss: 0.0004 - Train Metric: 1.0000
Epoch 40/50 - Val Metric: 1.0000
Epoch 41/50 - Train Loss: 0.0004 - Train Metric: 1.0000
Epoch 41/50 - Val Metric: 1.0000
Epoch 42/50 - Train Loss: 0.0004 - Train Metric: 1.0000
Epoch 42/50 - Val Metric: 1.0000
Epoch 43/50 - Train Loss: 0.0004 - Train Metric: 1.0000
Epoch 43/50 - Val Metric: 1.0000
Epoch 44/50 - Train Loss: 0.0004 - Train Metric: 1.0000
Epoch 44/50 - Val Metric: 1.0000
Epoch 45/50 - Train Loss: 0.0004 - Train Metric: 1.0000
Epoch 45/50 - Val Metric: 1.0000
Epoch 46/50 - Train Loss: 0.0004 - Train Metric: 1.0000
Epoch 46/50 - Val Metric: 1.0000
Epoch 47/50 - Train Loss: 0.0004 - Train Metric: 1.0000
Epoch 47/50 - Val Metric: 1.0000
Epoch 48/50 - Train Loss: 0.0004 - Train Metric: 1.0000
Epoch 48/50 - Val Metric: 1.0000
Epoch 49/50 - Train Loss: 0.0004 - Train Metric: 1.0000
Epoch 49/50 - Val Metric: 1.0000
Epoch 50/50 - Train Loss: 0.0004 - Train Metric: 1.0000
Epoch 50/50 - Val Metric: 1.0000
Best val: 1.0000, Best test: 1.0000
Training set has 6499 instances
Validation set has 812 instances
Test set has 813 instances
Training set has 6499 instances
Validation set has 812 instances
Test set has 813 instances
Training set has 6499 instances
Validation set has 812 instances
Test set has 813 instances
Training set has 6499 instances
Validation set has 812 instances
Test set has 813 instances
Training set has 6499 instances
Validation set has 812 instances
Test set has 813 instances
Training set has 6499 instances
Validation set has 812 instances
Test set has 813 instances
Training set has 6499 instances
Validation set has 812 instances
Test set has 813 instances
Epoch 1/50 - Train Loss: 0.2855 - Train Metric: 0.9595
Epoch 1/50 - Val Metric: 0.9984
Epoch 2/50 - Train Loss: 0.0699 - Train Metric: 0.9960
Epoch 2/50 - Val Metric: 0.9997
Epoch 3/50 - Train Loss: 0.0414 - Train Metric: 0.9990
Epoch 3/50 - Val Metric: 1.0000
Epoch 4/50 - Train Loss: 0.0251 - Train Metric: 0.9998
Epoch 4/50 - Val Metric: 1.0000
Epoch 5/50 - Train Loss: 0.0129 - Train Metric: 0.9999
Epoch 5/50 - Val Metric: 1.0000
Epoch 6/50 - Train Loss: 0.0062 - Train Metric: 1.0000
Epoch 6/50 - Val Metric: 1.0000
Epoch 7/50 - Train Loss: 0.0032 - Train Metric: 1.0000
Epoch 7/50 - Val Metric: 1.0000
Epoch 8/50 - Train Loss: 0.0021 - Train Metric: 1.0000
Epoch 8/50 - Val Metric: 1.0000
Epoch 9/50 - Train Loss: 0.0023 - Train Metric: 1.0000
Epoch 9/50 - Val Metric: 1.0000
Epoch 10/50 - Train Loss: 0.0015 - Train Metric: 1.0000
Epoch 10/50 - Val Metric: 1.0000
Epoch 11/50 - Train Loss: 0.0017 - Train Metric: 1.0000
Epoch 11/50 - Val Metric: 1.0000
Epoch 12/50 - Train Loss: 0.0056 - Train Metric: 1.0000
Epoch 12/50 - Val Metric: 1.0000
Epoch 13/50 - Train Loss: 0.0044 - Train Metric: 1.0000
Epoch 13/50 - Val Metric: 1.0000
Epoch 14/50 - Train Loss: 0.0011 - Train Metric: 1.0000
Epoch 14/50 - Val Metric: 1.0000
Epoch 15/50 - Train Loss: 0.0252 - Train Metric: 0.9988
Epoch 15/50 - Val Metric: 1.0000
Epoch 16/50 - Train Loss: 0.0066 - Train Metric: 0.9999
Epoch 16/50 - Val Metric: 1.0000
Epoch 17/50 - Train Loss: 0.0021 - Train Metric: 1.0000
Epoch 17/50 - Val Metric: 1.0000
Epoch 18/50 - Train Loss: 0.0009 - Train Metric: 1.0000
Epoch 18/50 - Val Metric: 1.0000
Epoch 19/50 - Train Loss: 0.0008 - Train Metric: 1.0000
Epoch 19/50 - Val Metric: 1.0000
Epoch 20/50 - Train Loss: 0.0007 - Train Metric: 1.0000
Epoch 20/50 - Val Metric: 1.0000
Epoch 21/50 - Train Loss: 0.0006 - Train Metric: 1.0000
Epoch 21/50 - Val Metric: 1.0000
Epoch 22/50 - Train Loss: 0.0006 - Train Metric: 1.0000
Epoch 22/50 - Val Metric: 1.0000
Epoch 23/50 - Train Loss: 0.0005 - Train Metric: 1.0000
Epoch 23/50 - Val Metric: 1.0000
Epoch 24/50 - Train Loss: 0.0005 - Train Metric: 1.0000
Epoch 24/50 - Val Metric: 1.0000
Epoch 25/50 - Train Loss: 0.0005 - Train Metric: 1.0000
Epoch 25/50 - Val Metric: 1.0000
Epoch 26/50 - Train Loss: 0.0004 - Train Metric: 1.0000
Epoch 26/50 - Val Metric: 1.0000
Epoch 27/50 - Train Loss: 0.0004 - Train Metric: 1.0000
Epoch 27/50 - Val Metric: 1.0000
Epoch 28/50 - Train Loss: 0.0004 - Train Metric: 1.0000
Epoch 28/50 - Val Metric: 1.0000
Epoch 29/50 - Train Loss: 0.0004 - Train Metric: 1.0000
Epoch 29/50 - Val Metric: 1.0000
Epoch 30/50 - Train Loss: 0.0004 - Train Metric: 1.0000
Epoch 30/50 - Val Metric: 1.0000
Epoch 31/50 - Train Loss: 0.0003 - Train Metric: 1.0000
Epoch 31/50 - Val Metric: 1.0000
Epoch 32/50 - Train Loss: 0.0004 - Train Metric: 1.0000
Epoch 32/50 - Val Metric: 1.0000
Epoch 33/50 - Train Loss: 0.0003 - Train Metric: 1.0000
Epoch 33/50 - Val Metric: 1.0000
Epoch 34/50 - Train Loss: 0.0003 - Train Metric: 1.0000
Epoch 34/50 - Val Metric: 1.0000
Epoch 35/50 - Train Loss: 0.0003 - Train Metric: 1.0000
Epoch 35/50 - Val Metric: 1.0000
Epoch 36/50 - Train Loss: 0.0003 - Train Metric: 1.0000
Epoch 36/50 - Val Metric: 1.0000
Epoch 37/50 - Train Loss: 0.0003 - Train Metric: 1.0000
Epoch 37/50 - Val Metric: 1.0000
Epoch 38/50 - Train Loss: 0.0002 - Train Metric: 1.0000
Epoch 38/50 - Val Metric: 1.0000
Epoch 39/50 - Train Loss: 0.0044 - Train Metric: 0.9999
Epoch 39/50 - Val Metric: 1.0000
Epoch 40/50 - Train Loss: 0.0477 - Train Metric: 0.9954
Epoch 40/50 - Val Metric: 0.9999
Epoch 41/50 - Train Loss: 0.0079 - Train Metric: 0.9998
Epoch 41/50 - Val Metric: 1.0000
Epoch 42/50 - Train Loss: 0.0018 - Train Metric: 1.0000
Epoch 42/50 - Val Metric: 1.0000
Epoch 43/50 - Train Loss: 0.0006 - Train Metric: 1.0000
Epoch 43/50 - Val Metric: 1.0000
Epoch 44/50 - Train Loss: 0.0004 - Train Metric: 1.0000
Epoch 44/50 - Val Metric: 1.0000
Epoch 45/50 - Train Loss: 0.0004 - Train Metric: 1.0000
Epoch 45/50 - Val Metric: 1.0000
Epoch 46/50 - Train Loss: 0.0003 - Train Metric: 1.0000
Epoch 46/50 - Val Metric: 1.0000
Epoch 47/50 - Train Loss: 0.0003 - Train Metric: 1.0000
Epoch 47/50 - Val Metric: 1.0000
Epoch 48/50 - Train Loss: 0.0003 - Train Metric: 1.0000
Epoch 48/50 - Val Metric: 1.0000
Epoch 49/50 - Train Loss: 0.0002 - Train Metric: 1.0000
Epoch 49/50 - Val Metric: 1.0000
Epoch 50/50 - Train Loss: 0.0002 - Train Metric: 1.0000
Epoch 50/50 - Val Metric: 1.0000
Best val: 1.0000, Best test: 0.9999
Training set has 6499 instances
Validation set has 812 instances
Test set has 813 instances
Hyper-parameter search done. Found the best config.
Repeat experiments 5 times with the best train config {'batch_size': 256, 'gamma_rate': 1.0, 'base_lr': 0.001} and model config {'num_heads': 8, 'num_layers': 6, 'num_latents': 64, 'hidden_dim': 256, 'mlp_ratio': 0.25, 'dropout_prob': 0, 'top_k': 1}.
Training set has 6499 instances
Validation set has 812 instances
Test set has 813 instances
Epoch 1/50 - Train Loss: 0.6984 - Train Metric: 0.6241
Epoch 1/50 - Val Metric: 0.9850
Epoch 2/50 - Train Loss: 0.1009 - Train Metric: 0.9838
Epoch 2/50 - Val Metric: 0.9876
Epoch 3/50 - Train Loss: 0.0748 - Train Metric: 0.9829
Epoch 3/50 - Val Metric: 0.9845
Epoch 4/50 - Train Loss: 0.0724 - Train Metric: 0.9839
Epoch 4/50 - Val Metric: 0.9930
Epoch 5/50 - Train Loss: 0.0718 - Train Metric: 0.9855
Epoch 5/50 - Val Metric: 0.9942
Epoch 6/50 - Train Loss: 0.0719 - Train Metric: 0.9835
Epoch 6/50 - Val Metric: 0.9945
Epoch 7/50 - Train Loss: 0.0681 - Train Metric: 0.9876
Epoch 7/50 - Val Metric: 0.9945
Epoch 8/50 - Train Loss: 0.0555 - Train Metric: 0.9898
Epoch 8/50 - Val Metric: 0.9984
Epoch 9/50 - Train Loss: 0.0537 - Train Metric: 0.9903
Epoch 9/50 - Val Metric: 0.9984
Epoch 10/50 - Train Loss: 0.0371 - Train Metric: 0.9959
Epoch 10/50 - Val Metric: 1.0000
Epoch 11/50 - Train Loss: 0.0102 - Train Metric: 0.9988
Epoch 11/50 - Val Metric: 1.0000
Epoch 12/50 - Train Loss: 0.1358 - Train Metric: 0.9863
Epoch 12/50 - Val Metric: 1.0000
Epoch 13/50 - Train Loss: 0.0179 - Train Metric: 0.9994
Epoch 13/50 - Val Metric: 1.0000
Epoch 14/50 - Train Loss: 0.0245 - Train Metric: 0.9979
Epoch 14/50 - Val Metric: 1.0000
Epoch 15/50 - Train Loss: 0.1160 - Train Metric: 0.9899
Epoch 15/50 - Val Metric: 0.9759
Epoch 16/50 - Train Loss: 0.2831 - Train Metric: 0.9401
Epoch 16/50 - Val Metric: 0.9970
Epoch 17/50 - Train Loss: 0.1799 - Train Metric: 0.9620
Epoch 17/50 - Val Metric: 0.9981
Epoch 18/50 - Train Loss: 0.1078 - Train Metric: 0.9849
Epoch 18/50 - Val Metric: 0.9989
Epoch 19/50 - Train Loss: 0.1035 - Train Metric: 0.9886
Epoch 19/50 - Val Metric: 0.9982
Epoch 20/50 - Train Loss: 0.1178 - Train Metric: 0.9822
Epoch 20/50 - Val Metric: 0.9985
Epoch 21/50 - Train Loss: 0.0553 - Train Metric: 0.9984
Epoch 21/50 - Val Metric: 0.9997
Epoch 22/50 - Train Loss: 0.0142 - Train Metric: 0.9999
Epoch 22/50 - Val Metric: 1.0000
Epoch 23/50 - Train Loss: 0.0054 - Train Metric: 1.0000
Epoch 23/50 - Val Metric: 1.0000
Epoch 24/50 - Train Loss: 0.0048 - Train Metric: 1.0000
Epoch 24/50 - Val Metric: 1.0000
Epoch 25/50 - Train Loss: 0.0011 - Train Metric: 1.0000
Epoch 25/50 - Val Metric: 1.0000
Epoch 26/50 - Train Loss: 0.0005 - Train Metric: 1.0000
Epoch 26/50 - Val Metric: 1.0000
Epoch 27/50 - Train Loss: 0.0004 - Train Metric: 1.0000
Epoch 27/50 - Val Metric: 1.0000
Epoch 28/50 - Train Loss: 0.0003 - Train Metric: 1.0000
Epoch 28/50 - Val Metric: 1.0000
Epoch 29/50 - Train Loss: 0.0003 - Train Metric: 1.0000
Epoch 29/50 - Val Metric: 1.0000
Epoch 30/50 - Train Loss: 0.0003 - Train Metric: 1.0000
Epoch 30/50 - Val Metric: 1.0000
Epoch 31/50 - Train Loss: 0.0002 - Train Metric: 1.0000
Epoch 31/50 - Val Metric: 1.0000
Epoch 32/50 - Train Loss: 0.0002 - Train Metric: 1.0000
Epoch 32/50 - Val Metric: 1.0000
Epoch 33/50 - Train Loss: 0.0002 - Train Metric: 1.0000
Epoch 33/50 - Val Metric: 1.0000
Epoch 34/50 - Train Loss: 0.0002 - Train Metric: 1.0000
Epoch 34/50 - Val Metric: 1.0000
Epoch 35/50 - Train Loss: 0.0002 - Train Metric: 1.0000
Epoch 35/50 - Val Metric: 1.0000
Epoch 36/50 - Train Loss: 0.0002 - Train Metric: 1.0000
Epoch 36/50 - Val Metric: 1.0000
Epoch 37/50 - Train Loss: 0.0001 - Train Metric: 1.0000
Epoch 37/50 - Val Metric: 1.0000
Epoch 38/50 - Train Loss: 0.0001 - Train Metric: 1.0000
Epoch 38/50 - Val Metric: 1.0000
Epoch 39/50 - Train Loss: 0.0001 - Train Metric: 1.0000
Epoch 39/50 - Val Metric: 1.0000
Epoch 40/50 - Train Loss: 0.0001 - Train Metric: 1.0000
Epoch 40/50 - Val Metric: 1.0000
Epoch 41/50 - Train Loss: 0.0001 - Train Metric: 1.0000
Epoch 41/50 - Val Metric: 1.0000
Epoch 42/50 - Train Loss: 0.0001 - Train Metric: 1.0000
Epoch 42/50 - Val Metric: 1.0000
Epoch 43/50 - Train Loss: 0.0001 - Train Metric: 1.0000
Epoch 43/50 - Val Metric: 1.0000
Epoch 44/50 - Train Loss: 0.0001 - Train Metric: 1.0000
Epoch 44/50 - Val Metric: 1.0000
Epoch 45/50 - Train Loss: 0.0001 - Train Metric: 1.0000
Epoch 45/50 - Val Metric: 1.0000
Epoch 46/50 - Train Loss: 0.0001 - Train Metric: 1.0000
Epoch 46/50 - Val Metric: 1.0000
Epoch 47/50 - Train Loss: 0.0001 - Train Metric: 1.0000
Epoch 47/50 - Val Metric: 1.0000
Epoch 48/50 - Train Loss: 0.0001 - Train Metric: 1.0000
Epoch 48/50 - Val Metric: 1.0000
Epoch 49/50 - Train Loss: 0.0001 - Train Metric: 1.0000
Epoch 49/50 - Val Metric: 1.0000
Epoch 50/50 - Train Loss: 0.0001 - Train Metric: 1.0000
Epoch 50/50 - Val Metric: 1.0000
Best val: 1.0000, Best test: 1.0000
Training set has 6499 instances
Validation set has 812 instances
Test set has 813 instances
Epoch 1/50 - Train Loss: 0.6681 - Train Metric: 0.6826
Epoch 1/50 - Val Metric: 0.9770
Epoch 2/50 - Train Loss: 0.0902 - Train Metric: 0.9831
Epoch 2/50 - Val Metric: 0.9786
Epoch 3/50 - Train Loss: 0.0737 - Train Metric: 0.9885
Epoch 3/50 - Val Metric: 0.9945
Epoch 4/50 - Train Loss: 0.0553 - Train Metric: 0.9908
Epoch 4/50 - Val Metric: 0.9955
Epoch 5/50 - Train Loss: 0.0497 - Train Metric: 0.9940
Epoch 5/50 - Val Metric: 0.9955
Epoch 6/50 - Train Loss: 0.0459 - Train Metric: 0.9960
Epoch 6/50 - Val Metric: 0.9978
Epoch 7/50 - Train Loss: 0.0345 - Train Metric: 0.9991
Epoch 7/50 - Val Metric: 0.9999
Epoch 8/50 - Train Loss: 0.0793 - Train Metric: 0.9911
Epoch 8/50 - Val Metric: 0.9685
Epoch 9/50 - Train Loss: 0.0685 - Train Metric: 0.9851
Epoch 9/50 - Val Metric: 0.9768
Epoch 10/50 - Train Loss: 0.0662 - Train Metric: 0.9868
Epoch 10/50 - Val Metric: 0.9832
Epoch 11/50 - Train Loss: 0.0657 - Train Metric: 0.9872
Epoch 11/50 - Val Metric: 0.9892
Epoch 12/50 - Train Loss: 0.2632 - Train Metric: 0.9495
Epoch 12/50 - Val Metric: 0.9721
Epoch 13/50 - Train Loss: 0.0835 - Train Metric: 0.9853
Epoch 13/50 - Val Metric: 0.9856
Epoch 14/50 - Train Loss: 0.0707 - Train Metric: 0.9843
Epoch 14/50 - Val Metric: 0.9811
Epoch 15/50 - Train Loss: 0.0687 - Train Metric: 0.9837
Epoch 15/50 - Val Metric: 0.9823
Epoch 16/50 - Train Loss: 0.0683 - Train Metric: 0.9859
Epoch 16/50 - Val Metric: 0.9840
Epoch 17/50 - Train Loss: 0.0683 - Train Metric: 0.9844
Epoch 17/50 - Val Metric: 0.9864
Epoch 18/50 - Train Loss: 0.0687 - Train Metric: 0.9855
Epoch 18/50 - Val Metric: 0.9889
Epoch 19/50 - Train Loss: 0.0678 - Train Metric: 0.9859
Epoch 19/50 - Val Metric: 0.9898
Epoch 20/50 - Train Loss: 0.0659 - Train Metric: 0.9878
Epoch 20/50 - Val Metric: 0.9902
Epoch 21/50 - Train Loss: 0.0665 - Train Metric: 0.9868
Epoch 21/50 - Val Metric: 0.9906
Epoch 22/50 - Train Loss: 0.0667 - Train Metric: 0.9867
Epoch 22/50 - Val Metric: 0.9910
Epoch 23/50 - Train Loss: 0.0638 - Train Metric: 0.9897
Epoch 23/50 - Val Metric: 0.9911
Epoch 24/50 - Train Loss: 0.0638 - Train Metric: 0.9898
Epoch 24/50 - Val Metric: 0.9919
Epoch 25/50 - Train Loss: 0.0675 - Train Metric: 0.9874
Epoch 25/50 - Val Metric: 0.9926
Epoch 26/50 - Train Loss: 0.0695 - Train Metric: 0.9877
Epoch 26/50 - Val Metric: 0.9928
Epoch 27/50 - Train Loss: 0.0659 - Train Metric: 0.9883
Epoch 27/50 - Val Metric: 0.9930
Epoch 28/50 - Train Loss: 0.0626 - Train Metric: 0.9918
Epoch 28/50 - Val Metric: 0.9944
Epoch 29/50 - Train Loss: 0.0604 - Train Metric: 0.9928
Epoch 29/50 - Val Metric: 0.9986
Epoch 30/50 - Train Loss: 0.0546 - Train Metric: 0.9956
Epoch 30/50 - Val Metric: 0.9982
Epoch 31/50 - Train Loss: 0.0432 - Train Metric: 0.9980
Epoch 31/50 - Val Metric: 0.9992
Epoch 32/50 - Train Loss: 0.0321 - Train Metric: 0.9992
Epoch 32/50 - Val Metric: 0.9993
Epoch 33/50 - Train Loss: 0.0246 - Train Metric: 0.9995
Epoch 33/50 - Val Metric: 0.9996
Epoch 34/50 - Train Loss: 0.0171 - Train Metric: 0.9998
Epoch 34/50 - Val Metric: 0.9999
Epoch 35/50 - Train Loss: 0.0175 - Train Metric: 0.9997
Epoch 35/50 - Val Metric: 0.9999
Epoch 36/50 - Train Loss: 0.0125 - Train Metric: 0.9998
Epoch 36/50 - Val Metric: 1.0000
Epoch 37/50 - Train Loss: 0.0102 - Train Metric: 0.9999
Epoch 37/50 - Val Metric: 1.0000
Epoch 38/50 - Train Loss: 0.0108 - Train Metric: 0.9999
Epoch 38/50 - Val Metric: 1.0000
Epoch 39/50 - Train Loss: 0.0045 - Train Metric: 1.0000
Epoch 39/50 - Val Metric: 1.0000
Epoch 40/50 - Train Loss: 0.0111 - Train Metric: 0.9999
Epoch 40/50 - Val Metric: 0.9998
Epoch 41/50 - Train Loss: 0.0186 - Train Metric: 0.9996
Epoch 41/50 - Val Metric: 1.0000
Epoch 42/50 - Train Loss: 0.0329 - Train Metric: 0.9989
Epoch 42/50 - Val Metric: 1.0000
Epoch 43/50 - Train Loss: 0.0070 - Train Metric: 1.0000
Epoch 43/50 - Val Metric: 1.0000
Epoch 44/50 - Train Loss: 0.0006 - Train Metric: 1.0000
Epoch 44/50 - Val Metric: 1.0000
Epoch 45/50 - Train Loss: 0.0002 - Train Metric: 1.0000
Epoch 45/50 - Val Metric: 1.0000
Epoch 46/50 - Train Loss: 0.0002 - Train Metric: 1.0000
Epoch 46/50 - Val Metric: 1.0000
Epoch 47/50 - Train Loss: 0.0002 - Train Metric: 1.0000
Epoch 47/50 - Val Metric: 1.0000
Epoch 48/50 - Train Loss: 0.0002 - Train Metric: 1.0000
Epoch 48/50 - Val Metric: 1.0000
Epoch 49/50 - Train Loss: 0.0001 - Train Metric: 1.0000
Epoch 49/50 - Val Metric: 1.0000
Epoch 50/50 - Train Loss: 0.0001 - Train Metric: 1.0000
Epoch 50/50 - Val Metric: 1.0000
Best val: 1.0000, Best test: 1.0000
Training set has 6499 instances
Validation set has 812 instances
Test set has 813 instances
Epoch 1/50 - Train Loss: 0.6496 - Train Metric: 0.7460
Epoch 1/50 - Val Metric: 0.9821
Epoch 2/50 - Train Loss: 0.0895 - Train Metric: 0.9858
Epoch 2/50 - Val Metric: 0.9903
Epoch 3/50 - Train Loss: 0.0620 - Train Metric: 0.9906
Epoch 3/50 - Val Metric: 0.9911
Epoch 4/50 - Train Loss: 0.0499 - Train Metric: 0.9900
Epoch 4/50 - Val Metric: 0.9906
Epoch 5/50 - Train Loss: 0.0479 - Train Metric: 0.9905
Epoch 5/50 - Val Metric: 0.9909
Epoch 6/50 - Train Loss: 0.0470 - Train Metric: 0.9905
Epoch 6/50 - Val Metric: 0.9917
Epoch 7/50 - Train Loss: 0.0474 - Train Metric: 0.9906
Epoch 7/50 - Val Metric: 0.9926
Epoch 8/50 - Train Loss: 0.0451 - Train Metric: 0.9910
Epoch 8/50 - Val Metric: 0.9944
Epoch 9/50 - Train Loss: 0.0486 - Train Metric: 0.9913
Epoch 9/50 - Val Metric: 0.9961
Epoch 10/50 - Train Loss: 0.0476 - Train Metric: 0.9905
Epoch 10/50 - Val Metric: 0.9978
Epoch 11/50 - Train Loss: 0.0476 - Train Metric: 0.9911
Epoch 11/50 - Val Metric: 0.9979
Epoch 12/50 - Train Loss: 0.0459 - Train Metric: 0.9937
Epoch 12/50 - Val Metric: 0.9997
Epoch 13/50 - Train Loss: 0.0527 - Train Metric: 0.9904
Epoch 13/50 - Val Metric: 0.9998
Epoch 14/50 - Train Loss: 0.0491 - Train Metric: 0.9922
Epoch 14/50 - Val Metric: 0.9998
Epoch 15/50 - Train Loss: 0.0396 - Train Metric: 0.9977
Epoch 15/50 - Val Metric: 0.9998
Epoch 16/50 - Train Loss: 0.0106 - Train Metric: 0.9987
Epoch 16/50 - Val Metric: 0.9997
Epoch 17/50 - Train Loss: 0.0115 - Train Metric: 0.9983
Epoch 17/50 - Val Metric: 1.0000
Epoch 18/50 - Train Loss: 0.0365 - Train Metric: 0.9967
Epoch 18/50 - Val Metric: 0.9979
Epoch 19/50 - Train Loss: 0.0093 - Train Metric: 0.9992
Epoch 19/50 - Val Metric: 0.9993
Epoch 20/50 - Train Loss: 0.0152 - Train Metric: 0.9992
Epoch 20/50 - Val Metric: 0.9981
Epoch 21/50 - Train Loss: 0.0428 - Train Metric: 0.9969
Epoch 21/50 - Val Metric: 0.9996
Epoch 22/50 - Train Loss: 0.0123 - Train Metric: 0.9996
Epoch 22/50 - Val Metric: 0.9998
Epoch 23/50 - Train Loss: 0.0134 - Train Metric: 0.9995
Epoch 23/50 - Val Metric: 0.9992
Epoch 24/50 - Train Loss: 0.0094 - Train Metric: 0.9996
Epoch 24/50 - Val Metric: 0.9996
Epoch 25/50 - Train Loss: 0.0062 - Train Metric: 0.9997
Epoch 25/50 - Val Metric: 0.9998
Epoch 26/50 - Train Loss: 0.0051 - Train Metric: 0.9998
Epoch 26/50 - Val Metric: 0.9998
Epoch 27/50 - Train Loss: 0.0050 - Train Metric: 0.9999
Epoch 27/50 - Val Metric: 0.9998
Epoch 28/50 - Train Loss: 0.0049 - Train Metric: 0.9998
Epoch 28/50 - Val Metric: 0.9998
Epoch 29/50 - Train Loss: 0.0050 - Train Metric: 0.9998
Epoch 29/50 - Val Metric: 0.9998
Epoch 30/50 - Train Loss: 0.0049 - Train Metric: 0.9999
Epoch 30/50 - Val Metric: 0.9998
Epoch 31/50 - Train Loss: 0.0037 - Train Metric: 0.9999
Epoch 31/50 - Val Metric: 0.9998
Epoch 32/50 - Train Loss: 0.0047 - Train Metric: 0.9999
Epoch 32/50 - Val Metric: 0.9998
Epoch 33/50 - Train Loss: 0.0046 - Train Metric: 0.9999
Epoch 33/50 - Val Metric: 0.9998
Epoch 34/50 - Train Loss: 0.0045 - Train Metric: 0.9999
Epoch 34/50 - Val Metric: 0.9998
Epoch 35/50 - Train Loss: 0.0044 - Train Metric: 0.9999
Epoch 35/50 - Val Metric: 0.9998
Epoch 36/50 - Train Loss: 0.0043 - Train Metric: 0.9999
Epoch 36/50 - Val Metric: 0.9998
Epoch 37/50 - Train Loss: 0.0040 - Train Metric: 0.9999
Epoch 37/50 - Val Metric: 0.9998
Epoch 38/50 - Train Loss: 0.0039 - Train Metric: 0.9999
Epoch 38/50 - Val Metric: 0.9998
Epoch 39/50 - Train Loss: 0.0036 - Train Metric: 1.0000
Epoch 39/50 - Val Metric: 0.9999
Epoch 40/50 - Train Loss: 0.0031 - Train Metric: 1.0000
Epoch 40/50 - Val Metric: 1.0000
Epoch 41/50 - Train Loss: 0.0025 - Train Metric: 1.0000
Epoch 41/50 - Val Metric: 1.0000
Epoch 42/50 - Train Loss: 0.0020 - Train Metric: 1.0000
Epoch 42/50 - Val Metric: 1.0000
Epoch 43/50 - Train Loss: 0.0013 - Train Metric: 1.0000
Epoch 43/50 - Val Metric: 1.0000
Epoch 44/50 - Train Loss: 0.0006 - Train Metric: 1.0000
Epoch 44/50 - Val Metric: 1.0000
Epoch 45/50 - Train Loss: 0.0003 - Train Metric: 1.0000
Epoch 45/50 - Val Metric: 1.0000
Epoch 46/50 - Train Loss: 0.0002 - Train Metric: 1.0000
Epoch 46/50 - Val Metric: 1.0000
Epoch 47/50 - Train Loss: 0.0002 - Train Metric: 1.0000
Epoch 47/50 - Val Metric: 1.0000
Epoch 48/50 - Train Loss: 0.0002 - Train Metric: 1.0000
Epoch 48/50 - Val Metric: 1.0000
Epoch 49/50 - Train Loss: 0.0001 - Train Metric: 1.0000
Epoch 49/50 - Val Metric: 1.0000
Epoch 50/50 - Train Loss: 0.0001 - Train Metric: 1.0000
Epoch 50/50 - Val Metric: 1.0000
Best val: 1.0000, Best test: 1.0000
Training set has 6499 instances
Validation set has 812 instances
Test set has 813 instances
Epoch 1/50 - Train Loss: 0.6437 - Train Metric: 0.6885
Epoch 1/50 - Val Metric: 0.9755
Epoch 2/50 - Train Loss: 0.1816 - Train Metric: 0.9582
Epoch 2/50 - Val Metric: 0.9828
Epoch 3/50 - Train Loss: 0.1570 - Train Metric: 0.9678
Epoch 3/50 - Val Metric: 0.9830
Epoch 4/50 - Train Loss: 0.1096 - Train Metric: 0.9804
Epoch 4/50 - Val Metric: 0.9872
Epoch 5/50 - Train Loss: 0.0777 - Train Metric: 0.9840
Epoch 5/50 - Val Metric: 0.9841
Epoch 6/50 - Train Loss: 0.0737 - Train Metric: 0.9838
Epoch 6/50 - Val Metric: 0.9835
Epoch 7/50 - Train Loss: 0.0823 - Train Metric: 0.9857
Epoch 7/50 - Val Metric: 0.9765
Epoch 8/50 - Train Loss: 0.4010 - Train Metric: 0.8879
Epoch 8/50 - Val Metric: 0.9790
Epoch 9/50 - Train Loss: 0.0802 - Train Metric: 0.9821
Epoch 9/50 - Val Metric: 0.9824
Epoch 10/50 - Train Loss: 0.0749 - Train Metric: 0.9821
Epoch 10/50 - Val Metric: 0.9822
Epoch 11/50 - Train Loss: 0.0722 - Train Metric: 0.9827
Epoch 11/50 - Val Metric: 0.9812
Epoch 12/50 - Train Loss: 0.0733 - Train Metric: 0.9811
Epoch 12/50 - Val Metric: 0.9837
Epoch 13/50 - Train Loss: 0.0722 - Train Metric: 0.9824
Epoch 13/50 - Val Metric: 0.9850
Epoch 14/50 - Train Loss: 0.0720 - Train Metric: 0.9829
Epoch 14/50 - Val Metric: 0.9866
Epoch 15/50 - Train Loss: 0.0723 - Train Metric: 0.9856
Epoch 15/50 - Val Metric: 0.9886
Epoch 16/50 - Train Loss: 0.0717 - Train Metric: 0.9850
Epoch 16/50 - Val Metric: 0.9894
Epoch 17/50 - Train Loss: 0.0722 - Train Metric: 0.9829
Epoch 17/50 - Val Metric: 0.9901
Epoch 18/50 - Train Loss: 0.0713 - Train Metric: 0.9871
Epoch 18/50 - Val Metric: 0.9905
Epoch 19/50 - Train Loss: 0.0694 - Train Metric: 0.9879
Epoch 19/50 - Val Metric: 0.9919
Epoch 20/50 - Train Loss: 0.0682 - Train Metric: 0.9892
Epoch 20/50 - Val Metric: 0.9890
Epoch 21/50 - Train Loss: 0.0660 - Train Metric: 0.9902
Epoch 21/50 - Val Metric: 0.9934
Epoch 22/50 - Train Loss: 0.0634 - Train Metric: 0.9909
Epoch 22/50 - Val Metric: 0.9934
Epoch 23/50 - Train Loss: 0.0607 - Train Metric: 0.9931
Epoch 23/50 - Val Metric: 0.9950
Epoch 24/50 - Train Loss: 0.0589 - Train Metric: 0.9926
Epoch 24/50 - Val Metric: 0.9949
Epoch 25/50 - Train Loss: 0.0547 - Train Metric: 0.9931
Epoch 25/50 - Val Metric: 0.9936
Epoch 26/50 - Train Loss: 0.0524 - Train Metric: 0.9928
Epoch 26/50 - Val Metric: 0.9908
Epoch 27/50 - Train Loss: 0.0498 - Train Metric: 0.9928
Epoch 27/50 - Val Metric: 0.9915
Epoch 28/50 - Train Loss: 0.0510 - Train Metric: 0.9930
Epoch 28/50 - Val Metric: 0.9944
Epoch 29/50 - Train Loss: 0.0511 - Train Metric: 0.9922
Epoch 29/50 - Val Metric: 0.9920
Epoch 30/50 - Train Loss: 0.0491 - Train Metric: 0.9929
Epoch 30/50 - Val Metric: 0.9946
Epoch 31/50 - Train Loss: 0.0483 - Train Metric: 0.9934
Epoch 31/50 - Val Metric: 0.9913
Epoch 32/50 - Train Loss: 0.0458 - Train Metric: 0.9942
Epoch 32/50 - Val Metric: 0.9950
Epoch 33/50 - Train Loss: 0.0459 - Train Metric: 0.9937
Epoch 33/50 - Val Metric: 0.9952
Epoch 34/50 - Train Loss: 0.0454 - Train Metric: 0.9943
Epoch 34/50 - Val Metric: 0.9924
Epoch 35/50 - Train Loss: 0.0451 - Train Metric: 0.9941
Epoch 35/50 - Val Metric: 0.9906
Epoch 36/50 - Train Loss: 0.0445 - Train Metric: 0.9950
Epoch 36/50 - Val Metric: 0.9949
Epoch 37/50 - Train Loss: 0.0444 - Train Metric: 0.9946
Epoch 37/50 - Val Metric: 0.9935
Epoch 38/50 - Train Loss: 0.0447 - Train Metric: 0.9948
Epoch 38/50 - Val Metric: 0.9951
Epoch 39/50 - Train Loss: 0.0455 - Train Metric: 0.9940
Epoch 39/50 - Val Metric: 0.9948
Epoch 40/50 - Train Loss: 0.0462 - Train Metric: 0.9942
Epoch 40/50 - Val Metric: 0.9949
Epoch 41/50 - Train Loss: 0.0466 - Train Metric: 0.9940
Epoch 41/50 - Val Metric: 0.9941
Epoch 42/50 - Train Loss: 0.0446 - Train Metric: 0.9945
Epoch 42/50 - Val Metric: 0.9917
Epoch 43/50 - Train Loss: 0.0451 - Train Metric: 0.9947
Epoch 43/50 - Val Metric: 0.9930
Epoch 44/50 - Train Loss: 0.0441 - Train Metric: 0.9944
Epoch 44/50 - Val Metric: 0.9942
Epoch 45/50 - Train Loss: 0.0434 - Train Metric: 0.9955
Epoch 45/50 - Val Metric: 0.9920
Epoch 46/50 - Train Loss: 0.0450 - Train Metric: 0.9945
Epoch 46/50 - Val Metric: 0.9941
Epoch 47/50 - Train Loss: 0.0438 - Train Metric: 0.9944
Epoch 47/50 - Val Metric: 0.9958
Epoch 48/50 - Train Loss: 0.0430 - Train Metric: 0.9952
Epoch 48/50 - Val Metric: 0.9943
Epoch 49/50 - Train Loss: 0.0441 - Train Metric: 0.9944
Epoch 49/50 - Val Metric: 0.9937
Epoch 50/50 - Train Loss: 0.0427 - Train Metric: 0.9947
Epoch 50/50 - Val Metric: 0.9940
Best val: 0.9958, Best test: 0.9977
Training set has 6499 instances
Validation set has 812 instances
Test set has 813 instances
Epoch 1/50 - Train Loss: 0.6481 - Train Metric: 0.7016
Epoch 1/50 - Val Metric: 0.9795
Epoch 2/50 - Train Loss: 0.0754 - Train Metric: 0.9878
Epoch 2/50 - Val Metric: 0.9883
Epoch 3/50 - Train Loss: 0.0480 - Train Metric: 0.9904
Epoch 3/50 - Val Metric: 0.9889
Epoch 4/50 - Train Loss: 0.0478 - Train Metric: 0.9906
Epoch 4/50 - Val Metric: 0.9947
Epoch 5/50 - Train Loss: 0.0444 - Train Metric: 0.9928
Epoch 5/50 - Val Metric: 0.9957
Epoch 6/50 - Train Loss: 0.0355 - Train Metric: 0.9965
Epoch 6/50 - Val Metric: 1.0000
Epoch 7/50 - Train Loss: 0.0535 - Train Metric: 0.9948
Epoch 7/50 - Val Metric: 1.0000
Epoch 8/50 - Train Loss: 0.0164 - Train Metric: 0.9979
Epoch 8/50 - Val Metric: 1.0000
Epoch 9/50 - Train Loss: 0.0086 - Train Metric: 0.9985
Epoch 9/50 - Val Metric: 1.0000
Epoch 10/50 - Train Loss: 0.0131 - Train Metric: 0.9979
Epoch 10/50 - Val Metric: 0.9956
Epoch 11/50 - Train Loss: 0.0115 - Train Metric: 0.9994
Epoch 11/50 - Val Metric: 0.9999
Epoch 12/50 - Train Loss: 0.0106 - Train Metric: 0.9999
Epoch 12/50 - Val Metric: 1.0000
Epoch 13/50 - Train Loss: 0.0071 - Train Metric: 0.9999
Epoch 13/50 - Val Metric: 1.0000
Epoch 14/50 - Train Loss: 0.0059 - Train Metric: 1.0000
Epoch 14/50 - Val Metric: 1.0000
Epoch 15/50 - Train Loss: 0.0059 - Train Metric: 0.9999
Epoch 15/50 - Val Metric: 1.0000
Epoch 16/50 - Train Loss: 0.0043 - Train Metric: 1.0000
Epoch 16/50 - Val Metric: 1.0000
Epoch 17/50 - Train Loss: 0.0030 - Train Metric: 1.0000
Epoch 17/50 - Val Metric: 1.0000
Epoch 18/50 - Train Loss: 0.0042 - Train Metric: 1.0000
Epoch 18/50 - Val Metric: 1.0000
Epoch 19/50 - Train Loss: 0.0297 - Train Metric: 0.9977
Epoch 19/50 - Val Metric: 0.9986
Epoch 20/50 - Train Loss: 0.0169 - Train Metric: 0.9979
Epoch 20/50 - Val Metric: 1.0000
Epoch 21/50 - Train Loss: 0.0086 - Train Metric: 1.0000
Epoch 21/50 - Val Metric: 1.0000
Epoch 22/50 - Train Loss: 0.0080 - Train Metric: 0.9993
Epoch 22/50 - Val Metric: 1.0000
Epoch 23/50 - Train Loss: 0.0026 - Train Metric: 1.0000
Epoch 23/50 - Val Metric: 1.0000
Epoch 24/50 - Train Loss: 0.0769 - Train Metric: 0.9910
Epoch 24/50 - Val Metric: 0.9982
Epoch 25/50 - Train Loss: 0.0267 - Train Metric: 0.9987
Epoch 25/50 - Val Metric: 1.0000
Epoch 26/50 - Train Loss: 0.0070 - Train Metric: 1.0000
Epoch 26/50 - Val Metric: 1.0000
Epoch 27/50 - Train Loss: 0.0053 - Train Metric: 0.9999
Epoch 27/50 - Val Metric: 1.0000
Epoch 28/50 - Train Loss: 0.0040 - Train Metric: 1.0000
Epoch 28/50 - Val Metric: 1.0000
Epoch 29/50 - Train Loss: 0.0028 - Train Metric: 1.0000
Epoch 29/50 - Val Metric: 1.0000
Epoch 30/50 - Train Loss: 0.0003 - Train Metric: 1.0000
Epoch 30/50 - Val Metric: 1.0000
Epoch 31/50 - Train Loss: 0.0002 - Train Metric: 1.0000
Epoch 31/50 - Val Metric: 1.0000
Epoch 32/50 - Train Loss: 0.0002 - Train Metric: 1.0000
Epoch 32/50 - Val Metric: 1.0000
Epoch 33/50 - Train Loss: 0.0002 - Train Metric: 1.0000
Epoch 33/50 - Val Metric: 1.0000
Epoch 34/50 - Train Loss: 0.0001 - Train Metric: 1.0000
Epoch 34/50 - Val Metric: 1.0000
Epoch 35/50 - Train Loss: 0.0001 - Train Metric: 1.0000
Epoch 35/50 - Val Metric: 1.0000
Epoch 36/50 - Train Loss: 0.0001 - Train Metric: 1.0000
Epoch 36/50 - Val Metric: 1.0000
Epoch 37/50 - Train Loss: 0.0001 - Train Metric: 1.0000
Epoch 37/50 - Val Metric: 1.0000
Epoch 38/50 - Train Loss: 0.0001 - Train Metric: 1.0000
Epoch 38/50 - Val Metric: 1.0000
Epoch 39/50 - Train Loss: 0.0001 - Train Metric: 1.0000
Epoch 39/50 - Val Metric: 1.0000
Epoch 40/50 - Train Loss: 0.0001 - Train Metric: 1.0000
Epoch 40/50 - Val Metric: 1.0000
Epoch 41/50 - Train Loss: 0.0001 - Train Metric: 1.0000
Epoch 41/50 - Val Metric: 1.0000
Epoch 42/50 - Train Loss: 0.0001 - Train Metric: 1.0000
Epoch 42/50 - Val Metric: 1.0000
Epoch 43/50 - Train Loss: 0.0001 - Train Metric: 1.0000
Epoch 43/50 - Val Metric: 1.0000
Epoch 44/50 - Train Loss: 0.0001 - Train Metric: 1.0000
Epoch 44/50 - Val Metric: 1.0000
Epoch 45/50 - Train Loss: 0.0001 - Train Metric: 1.0000
Epoch 45/50 - Val Metric: 1.0000
Epoch 46/50 - Train Loss: 0.0001 - Train Metric: 1.0000
Epoch 46/50 - Val Metric: 1.0000
Epoch 47/50 - Train Loss: 0.0001 - Train Metric: 1.0000
Epoch 47/50 - Val Metric: 1.0000
Epoch 48/50 - Train Loss: 0.0001 - Train Metric: 1.0000
Epoch 48/50 - Val Metric: 1.0000
Epoch 49/50 - Train Loss: 0.0001 - Train Metric: 1.0000
Epoch 49/50 - Val Metric: 1.0000
Epoch 50/50 - Train Loss: 0.0001 - Train Metric: 1.0000
Epoch 50/50 - Val Metric: 1.0000
Best val: 1.0000, Best test: 1.0000
[0.99999994 1.         1.         0.99770689 1.        ]
