Hyper-parameter search via Optuna
Namespace(task_type='binary_classification', scale='small', idx=1, epochs=50, num_trials=20, num_repeats=5, seed=0, exp_name='MemPerceiver', result_path='output/binary_classification/small/1/MemPerceiver.pt')
Device: cuda
Start building binary_classification dataset_small_1
Training set has 6499 instances
Validation set has 812 instances
Test set has 813 instances
Epoch 1/50 - Train Loss: 0.4184 - Train Metric: 0.9003
Epoch 1/50 - Val Metric: 0.9941
Epoch 2/50 - Train Loss: 0.1139 - Train Metric: 0.9896
Epoch 2/50 - Val Metric: 0.9969
Epoch 3/50 - Train Loss: 0.0675 - Train Metric: 0.9964
Epoch 3/50 - Val Metric: 0.9988
Epoch 4/50 - Train Loss: 0.0319 - Train Metric: 0.9980
Epoch 4/50 - Val Metric: 0.9996
Epoch 5/50 - Train Loss: 0.0198 - Train Metric: 0.9984
Epoch 5/50 - Val Metric: 0.9996
Epoch 6/50 - Train Loss: 0.0169 - Train Metric: 0.9983
Epoch 6/50 - Val Metric: 0.9997
Epoch 7/50 - Train Loss: 0.0158 - Train Metric: 0.9982
Epoch 7/50 - Val Metric: 0.9998
Epoch 8/50 - Train Loss: 0.0156 - Train Metric: 0.9989
Epoch 8/50 - Val Metric: 0.9998
Epoch 9/50 - Train Loss: 0.0265 - Train Metric: 0.9990
Epoch 9/50 - Val Metric: 0.9999
Epoch 10/50 - Train Loss: 0.0327 - Train Metric: 0.9993
Epoch 10/50 - Val Metric: 0.9999
Epoch 11/50 - Train Loss: 0.0311 - Train Metric: 0.9992
Epoch 11/50 - Val Metric: 0.9999
Epoch 12/50 - Train Loss: 0.0149 - Train Metric: 0.9998
Epoch 12/50 - Val Metric: 0.9999
Epoch 13/50 - Train Loss: 0.0269 - Train Metric: 0.9994
Epoch 13/50 - Val Metric: 0.9999
Epoch 14/50 - Train Loss: 0.0107 - Train Metric: 0.9999
Epoch 14/50 - Val Metric: 1.0000
Epoch 15/50 - Train Loss: 0.0092 - Train Metric: 1.0000
Epoch 15/50 - Val Metric: 1.0000
Epoch 16/50 - Train Loss: 0.0070 - Train Metric: 1.0000
Epoch 16/50 - Val Metric: 1.0000
Epoch 17/50 - Train Loss: 0.0052 - Train Metric: 1.0000
Epoch 17/50 - Val Metric: 1.0000
Epoch 18/50 - Train Loss: 0.0037 - Train Metric: 1.0000
Epoch 18/50 - Val Metric: 1.0000
Epoch 19/50 - Train Loss: 0.0026 - Train Metric: 1.0000
Epoch 19/50 - Val Metric: 1.0000
Epoch 20/50 - Train Loss: 0.0029 - Train Metric: 1.0000
Epoch 20/50 - Val Metric: 1.0000
Epoch 21/50 - Train Loss: 0.0123 - Train Metric: 0.9998
Epoch 21/50 - Val Metric: 1.0000
Epoch 22/50 - Train Loss: 0.0018 - Train Metric: 1.0000
Epoch 22/50 - Val Metric: 1.0000
Epoch 23/50 - Train Loss: 0.0015 - Train Metric: 1.0000
Epoch 23/50 - Val Metric: 1.0000
Epoch 24/50 - Train Loss: 0.0013 - Train Metric: 1.0000
Epoch 24/50 - Val Metric: 1.0000
Epoch 25/50 - Train Loss: 0.0012 - Train Metric: 1.0000
Epoch 25/50 - Val Metric: 1.0000
Epoch 26/50 - Train Loss: 0.0011 - Train Metric: 1.0000
Epoch 26/50 - Val Metric: 1.0000
Epoch 27/50 - Train Loss: 0.0011 - Train Metric: 1.0000
Epoch 27/50 - Val Metric: 1.0000
Epoch 28/50 - Train Loss: 0.0010 - Train Metric: 1.0000
Epoch 28/50 - Val Metric: 1.0000
Epoch 29/50 - Train Loss: 0.0009 - Train Metric: 1.0000
Epoch 29/50 - Val Metric: 1.0000
Epoch 30/50 - Train Loss: 0.0009 - Train Metric: 1.0000
Epoch 30/50 - Val Metric: 1.0000
Epoch 31/50 - Train Loss: 0.0008 - Train Metric: 1.0000
Epoch 31/50 - Val Metric: 1.0000
Epoch 32/50 - Train Loss: 0.0008 - Train Metric: 1.0000
Epoch 32/50 - Val Metric: 1.0000
Epoch 33/50 - Train Loss: 0.0008 - Train Metric: 1.0000
Epoch 33/50 - Val Metric: 1.0000
Epoch 34/50 - Train Loss: 0.0007 - Train Metric: 1.0000
Epoch 34/50 - Val Metric: 1.0000
Epoch 35/50 - Train Loss: 0.0007 - Train Metric: 1.0000
Epoch 35/50 - Val Metric: 1.0000
Epoch 36/50 - Train Loss: 0.0007 - Train Metric: 1.0000
Epoch 36/50 - Val Metric: 1.0000
Epoch 37/50 - Train Loss: 0.0007 - Train Metric: 1.0000
Epoch 37/50 - Val Metric: 1.0000
Epoch 38/50 - Train Loss: 0.0006 - Train Metric: 1.0000
Epoch 38/50 - Val Metric: 1.0000
Epoch 39/50 - Train Loss: 0.0006 - Train Metric: 1.0000
Epoch 39/50 - Val Metric: 1.0000
Epoch 40/50 - Train Loss: 0.0006 - Train Metric: 1.0000
Epoch 40/50 - Val Metric: 1.0000
Epoch 41/50 - Train Loss: 0.0006 - Train Metric: 1.0000
Epoch 41/50 - Val Metric: 1.0000
Epoch 42/50 - Train Loss: 0.0005 - Train Metric: 1.0000
Epoch 42/50 - Val Metric: 1.0000
Epoch 43/50 - Train Loss: 0.0005 - Train Metric: 1.0000
Epoch 43/50 - Val Metric: 1.0000
Epoch 44/50 - Train Loss: 0.0005 - Train Metric: 1.0000
Epoch 44/50 - Val Metric: 1.0000
Epoch 45/50 - Train Loss: 0.0005 - Train Metric: 1.0000
Epoch 45/50 - Val Metric: 1.0000
Epoch 46/50 - Train Loss: 0.0005 - Train Metric: 1.0000
Epoch 46/50 - Val Metric: 1.0000
Epoch 47/50 - Train Loss: 0.0005 - Train Metric: 1.0000
Epoch 47/50 - Val Metric: 1.0000
Epoch 48/50 - Train Loss: 0.0005 - Train Metric: 1.0000
Epoch 48/50 - Val Metric: 1.0000
Epoch 49/50 - Train Loss: 0.0004 - Train Metric: 1.0000
Epoch 49/50 - Val Metric: 1.0000
Epoch 50/50 - Train Loss: 0.0004 - Train Metric: 1.0000
Epoch 50/50 - Val Metric: 1.0000
Best val: 1.0000, Best test: 1.0000
Training set has 6499 instances
Validation set has 812 instances
Test set has 813 instances
Epoch 1/50 - Train Loss: 0.3108 - Train Metric: 0.9370
Epoch 1/50 - Val Metric: 0.9982
Epoch 2/50 - Train Loss: 0.0569 - Train Metric: 0.9968
Epoch 2/50 - Val Metric: 1.0000
Epoch 3/50 - Train Loss: 0.0170 - Train Metric: 0.9986
Epoch 3/50 - Val Metric: 1.0000
Epoch 4/50 - Train Loss: 0.0203 - Train Metric: 0.9998
Epoch 4/50 - Val Metric: 1.0000
Epoch 5/50 - Train Loss: 0.0169 - Train Metric: 0.9998
Epoch 5/50 - Val Metric: 1.0000
Epoch 6/50 - Train Loss: 0.0071 - Train Metric: 1.0000
Epoch 6/50 - Val Metric: 1.0000
Epoch 7/50 - Train Loss: 0.0037 - Train Metric: 1.0000
Epoch 7/50 - Val Metric: 1.0000
Epoch 8/50 - Train Loss: 0.0030 - Train Metric: 1.0000
Epoch 8/50 - Val Metric: 1.0000
Epoch 9/50 - Train Loss: 0.0021 - Train Metric: 1.0000
Epoch 9/50 - Val Metric: 1.0000
Epoch 10/50 - Train Loss: 0.0012 - Train Metric: 1.0000
Epoch 10/50 - Val Metric: 1.0000
Epoch 11/50 - Train Loss: 0.0017 - Train Metric: 1.0000
Epoch 11/50 - Val Metric: 1.0000
Epoch 12/50 - Train Loss: 0.0005 - Train Metric: 1.0000
Epoch 12/50 - Val Metric: 1.0000
Epoch 13/50 - Train Loss: 0.0004 - Train Metric: 1.0000
Epoch 13/50 - Val Metric: 1.0000
Epoch 14/50 - Train Loss: 0.0004 - Train Metric: 1.0000
Epoch 14/50 - Val Metric: 1.0000
Epoch 15/50 - Train Loss: 0.0020 - Train Metric: 1.0000
Epoch 15/50 - Val Metric: 1.0000
Epoch 16/50 - Train Loss: 0.0073 - Train Metric: 0.9999
Epoch 16/50 - Val Metric: 1.0000
Epoch 17/50 - Train Loss: 0.0012 - Train Metric: 1.0000
Epoch 17/50 - Val Metric: 1.0000
Epoch 18/50 - Train Loss: 0.0004 - Train Metric: 1.0000
Epoch 18/50 - Val Metric: 1.0000
Epoch 19/50 - Train Loss: 0.0007 - Train Metric: 1.0000
Epoch 19/50 - Val Metric: 1.0000
Epoch 20/50 - Train Loss: 0.0005 - Train Metric: 1.0000
Epoch 20/50 - Val Metric: 1.0000
Epoch 21/50 - Train Loss: 0.0005 - Train Metric: 1.0000
Epoch 21/50 - Val Metric: 1.0000
Epoch 22/50 - Train Loss: 0.0004 - Train Metric: 1.0000
Epoch 22/50 - Val Metric: 1.0000
Epoch 23/50 - Train Loss: 0.0003 - Train Metric: 1.0000
Epoch 23/50 - Val Metric: 1.0000
Epoch 24/50 - Train Loss: 0.0003 - Train Metric: 1.0000
Epoch 24/50 - Val Metric: 1.0000
Epoch 25/50 - Train Loss: 0.0003 - Train Metric: 1.0000
Epoch 25/50 - Val Metric: 1.0000
Epoch 26/50 - Train Loss: 0.0003 - Train Metric: 1.0000
Epoch 26/50 - Val Metric: 1.0000
Epoch 27/50 - Train Loss: 0.0003 - Train Metric: 1.0000
Epoch 27/50 - Val Metric: 1.0000
Epoch 28/50 - Train Loss: 0.0003 - Train Metric: 1.0000
Epoch 28/50 - Val Metric: 1.0000
Epoch 29/50 - Train Loss: 0.0003 - Train Metric: 1.0000
Epoch 29/50 - Val Metric: 1.0000
Epoch 30/50 - Train Loss: 0.0002 - Train Metric: 1.0000
Epoch 30/50 - Val Metric: 1.0000
Epoch 31/50 - Train Loss: 0.0002 - Train Metric: 1.0000
Epoch 31/50 - Val Metric: 1.0000
Epoch 32/50 - Train Loss: 0.0002 - Train Metric: 1.0000
Epoch 32/50 - Val Metric: 1.0000
Epoch 33/50 - Train Loss: 0.0002 - Train Metric: 1.0000
Epoch 33/50 - Val Metric: 1.0000
Epoch 34/50 - Train Loss: 0.0002 - Train Metric: 1.0000
Epoch 34/50 - Val Metric: 1.0000
Epoch 35/50 - Train Loss: 0.0002 - Train Metric: 1.0000
Epoch 35/50 - Val Metric: 1.0000
Epoch 36/50 - Train Loss: 0.0002 - Train Metric: 1.0000
Epoch 36/50 - Val Metric: 1.0000
Epoch 37/50 - Train Loss: 0.0002 - Train Metric: 1.0000
Epoch 37/50 - Val Metric: 1.0000
Epoch 38/50 - Train Loss: 0.0002 - Train Metric: 1.0000
Epoch 38/50 - Val Metric: 1.0000
Epoch 39/50 - Train Loss: 0.0002 - Train Metric: 1.0000
Epoch 39/50 - Val Metric: 1.0000
Epoch 40/50 - Train Loss: 0.0002 - Train Metric: 1.0000
Epoch 40/50 - Val Metric: 1.0000
Epoch 41/50 - Train Loss: 0.0002 - Train Metric: 1.0000
Epoch 41/50 - Val Metric: 1.0000
Epoch 42/50 - Train Loss: 0.0002 - Train Metric: 1.0000
Epoch 42/50 - Val Metric: 1.0000
Epoch 43/50 - Train Loss: 0.0002 - Train Metric: 1.0000
Epoch 43/50 - Val Metric: 1.0000
Epoch 44/50 - Train Loss: 0.0002 - Train Metric: 1.0000
Epoch 44/50 - Val Metric: 1.0000
Epoch 45/50 - Train Loss: 0.0002 - Train Metric: 1.0000
Epoch 45/50 - Val Metric: 1.0000
Epoch 46/50 - Train Loss: 0.0002 - Train Metric: 1.0000
Epoch 46/50 - Val Metric: 1.0000
Epoch 47/50 - Train Loss: 0.0002 - Train Metric: 1.0000
Epoch 47/50 - Val Metric: 1.0000
Epoch 48/50 - Train Loss: 0.0002 - Train Metric: 1.0000
Epoch 48/50 - Val Metric: 1.0000
Epoch 49/50 - Train Loss: 0.0002 - Train Metric: 1.0000
Epoch 49/50 - Val Metric: 1.0000
Epoch 50/50 - Train Loss: 0.0002 - Train Metric: 1.0000
Epoch 50/50 - Val Metric: 1.0000
Best val: 1.0000, Best test: 0.9995
Training set has 6499 instances
Validation set has 812 instances
Test set has 813 instances
Epoch 1/50 - Train Loss: 0.4696 - Train Metric: 0.8741
Epoch 1/50 - Val Metric: 0.9188
Epoch 2/50 - Train Loss: 0.2219 - Train Metric: 0.9794
Epoch 2/50 - Val Metric: 0.9935
Epoch 3/50 - Train Loss: 0.0959 - Train Metric: 0.9913
Epoch 3/50 - Val Metric: 0.9957
Epoch 4/50 - Train Loss: 0.0534 - Train Metric: 0.9984
Epoch 4/50 - Val Metric: 0.9999
Epoch 5/50 - Train Loss: 0.0258 - Train Metric: 1.0000
Epoch 5/50 - Val Metric: 1.0000
Epoch 6/50 - Train Loss: 0.0176 - Train Metric: 1.0000
Epoch 6/50 - Val Metric: 1.0000
Epoch 7/50 - Train Loss: 0.0143 - Train Metric: 1.0000
Epoch 7/50 - Val Metric: 1.0000
Epoch 8/50 - Train Loss: 0.0120 - Train Metric: 1.0000
Epoch 8/50 - Val Metric: 1.0000
Epoch 9/50 - Train Loss: 0.0108 - Train Metric: 1.0000
Epoch 9/50 - Val Metric: 1.0000
Epoch 10/50 - Train Loss: 0.0099 - Train Metric: 1.0000
Epoch 10/50 - Val Metric: 1.0000
Epoch 11/50 - Train Loss: 0.0092 - Train Metric: 1.0000
Epoch 11/50 - Val Metric: 1.0000
Epoch 12/50 - Train Loss: 0.0086 - Train Metric: 1.0000
Epoch 12/50 - Val Metric: 1.0000
Epoch 13/50 - Train Loss: 0.0080 - Train Metric: 1.0000
Epoch 13/50 - Val Metric: 1.0000
Epoch 14/50 - Train Loss: 0.0075 - Train Metric: 1.0000
Epoch 14/50 - Val Metric: 1.0000
Epoch 15/50 - Train Loss: 0.0071 - Train Metric: 1.0000
Epoch 15/50 - Val Metric: 1.0000
Epoch 16/50 - Train Loss: 0.0067 - Train Metric: 1.0000
Epoch 16/50 - Val Metric: 1.0000
Epoch 17/50 - Train Loss: 0.0063 - Train Metric: 1.0000
Epoch 17/50 - Val Metric: 1.0000
Epoch 18/50 - Train Loss: 0.0060 - Train Metric: 1.0000
Epoch 18/50 - Val Metric: 1.0000
Epoch 19/50 - Train Loss: 0.0057 - Train Metric: 1.0000
Epoch 19/50 - Val Metric: 1.0000
Epoch 20/50 - Train Loss: 0.0054 - Train Metric: 1.0000
Epoch 20/50 - Val Metric: 1.0000
Epoch 21/50 - Train Loss: 0.0051 - Train Metric: 1.0000
Epoch 21/50 - Val Metric: 1.0000
Epoch 22/50 - Train Loss: 0.0049 - Train Metric: 1.0000
Epoch 22/50 - Val Metric: 1.0000
Epoch 23/50 - Train Loss: 0.0046 - Train Metric: 1.0000
Epoch 23/50 - Val Metric: 1.0000
Epoch 24/50 - Train Loss: 0.0044 - Train Metric: 1.0000
Epoch 24/50 - Val Metric: 1.0000
Epoch 25/50 - Train Loss: 0.0042 - Train Metric: 1.0000
Epoch 25/50 - Val Metric: 1.0000
Epoch 26/50 - Train Loss: 0.0040 - Train Metric: 1.0000
Epoch 26/50 - Val Metric: 1.0000
Epoch 27/50 - Train Loss: 0.0038 - Train Metric: 1.0000
Epoch 27/50 - Val Metric: 1.0000
Epoch 28/50 - Train Loss: 0.0037 - Train Metric: 1.0000
Epoch 28/50 - Val Metric: 1.0000
Epoch 29/50 - Train Loss: 0.0035 - Train Metric: 1.0000
Epoch 29/50 - Val Metric: 1.0000
Epoch 30/50 - Train Loss: 0.0034 - Train Metric: 1.0000
Epoch 30/50 - Val Metric: 1.0000
Epoch 31/50 - Train Loss: 0.0032 - Train Metric: 1.0000
Epoch 31/50 - Val Metric: 1.0000
Epoch 32/50 - Train Loss: 0.0031 - Train Metric: 1.0000
Epoch 32/50 - Val Metric: 1.0000
Epoch 33/50 - Train Loss: 0.0030 - Train Metric: 1.0000
Epoch 33/50 - Val Metric: 1.0000
Epoch 34/50 - Train Loss: 0.0029 - Train Metric: 1.0000
Epoch 34/50 - Val Metric: 1.0000
Epoch 35/50 - Train Loss: 0.0028 - Train Metric: 1.0000
Epoch 35/50 - Val Metric: 1.0000
Epoch 36/50 - Train Loss: 0.0026 - Train Metric: 1.0000
Epoch 36/50 - Val Metric: 1.0000
Epoch 37/50 - Train Loss: 0.0026 - Train Metric: 1.0000
Epoch 37/50 - Val Metric: 1.0000
Epoch 38/50 - Train Loss: 0.0025 - Train Metric: 1.0000
Epoch 38/50 - Val Metric: 1.0000
Epoch 39/50 - Train Loss: 0.0024 - Train Metric: 1.0000
Epoch 39/50 - Val Metric: 1.0000
Epoch 40/50 - Train Loss: 0.0023 - Train Metric: 1.0000
Epoch 40/50 - Val Metric: 1.0000
Epoch 41/50 - Train Loss: 0.0022 - Train Metric: 1.0000
Epoch 41/50 - Val Metric: 1.0000
Epoch 42/50 - Train Loss: 0.0021 - Train Metric: 1.0000
Epoch 42/50 - Val Metric: 1.0000
Epoch 43/50 - Train Loss: 0.0021 - Train Metric: 1.0000
Epoch 43/50 - Val Metric: 1.0000
Epoch 44/50 - Train Loss: 0.0020 - Train Metric: 1.0000
Epoch 44/50 - Val Metric: 1.0000
Epoch 45/50 - Train Loss: 0.0019 - Train Metric: 1.0000
Epoch 45/50 - Val Metric: 1.0000
Epoch 46/50 - Train Loss: 0.0019 - Train Metric: 1.0000
Epoch 46/50 - Val Metric: 1.0000
Epoch 47/50 - Train Loss: 0.0018 - Train Metric: 1.0000
Epoch 47/50 - Val Metric: 1.0000
Epoch 48/50 - Train Loss: 0.0017 - Train Metric: 1.0000
Epoch 48/50 - Val Metric: 1.0000
Epoch 49/50 - Train Loss: 0.0017 - Train Metric: 1.0000
Epoch 49/50 - Val Metric: 1.0000
Epoch 50/50 - Train Loss: 0.0016 - Train Metric: 1.0000
Epoch 50/50 - Val Metric: 1.0000
Best val: 1.0000, Best test: 1.0000
Training set has 6499 instances
Validation set has 812 instances
Test set has 813 instances
Epoch 1/50 - Train Loss: 0.5051 - Train Metric: 0.8181
Epoch 1/50 - Val Metric: 0.9354
Epoch 2/50 - Train Loss: 0.1477 - Train Metric: 0.9749
Epoch 2/50 - Val Metric: 0.9905
Epoch 3/50 - Train Loss: 0.0650 - Train Metric: 0.9898
Epoch 3/50 - Val Metric: 0.9946
Epoch 4/50 - Train Loss: 0.0595 - Train Metric: 0.9888
Epoch 4/50 - Val Metric: 0.9951
Epoch 5/50 - Train Loss: 0.0592 - Train Metric: 0.9873
Epoch 5/50 - Val Metric: 0.9951
Epoch 6/50 - Train Loss: 0.0560 - Train Metric: 0.9886
Epoch 6/50 - Val Metric: 0.9945
Epoch 7/50 - Train Loss: 0.0543 - Train Metric: 0.9884
Epoch 7/50 - Val Metric: 0.9959
Epoch 8/50 - Train Loss: 0.0503 - Train Metric: 0.9912
Epoch 8/50 - Val Metric: 0.9974
Epoch 9/50 - Train Loss: 0.0505 - Train Metric: 0.9906
Epoch 9/50 - Val Metric: 0.9986
Epoch 10/50 - Train Loss: 0.0496 - Train Metric: 0.9923
Epoch 10/50 - Val Metric: 0.9993
Epoch 11/50 - Train Loss: 0.0483 - Train Metric: 0.9932
Epoch 11/50 - Val Metric: 0.9997
Epoch 12/50 - Train Loss: 0.0364 - Train Metric: 0.9994
Epoch 12/50 - Val Metric: 1.0000
Epoch 13/50 - Train Loss: 0.0230 - Train Metric: 0.9972
Epoch 13/50 - Val Metric: 1.0000
Epoch 14/50 - Train Loss: 0.0589 - Train Metric: 0.9947
Epoch 14/50 - Val Metric: 1.0000
Epoch 15/50 - Train Loss: 0.0165 - Train Metric: 0.9981
Epoch 15/50 - Val Metric: 1.0000
Epoch 16/50 - Train Loss: 0.0262 - Train Metric: 0.9987
Epoch 16/50 - Val Metric: 1.0000
Epoch 17/50 - Train Loss: 0.0168 - Train Metric: 0.9989
Epoch 17/50 - Val Metric: 1.0000
Epoch 18/50 - Train Loss: 0.0034 - Train Metric: 1.0000
Epoch 18/50 - Val Metric: 1.0000
Epoch 19/50 - Train Loss: 0.0017 - Train Metric: 1.0000
Epoch 19/50 - Val Metric: 1.0000
Epoch 20/50 - Train Loss: 0.0012 - Train Metric: 1.0000
Epoch 20/50 - Val Metric: 1.0000
Epoch 21/50 - Train Loss: 0.0010 - Train Metric: 1.0000
Epoch 21/50 - Val Metric: 1.0000
Epoch 22/50 - Train Loss: 0.0008 - Train Metric: 1.0000
Epoch 22/50 - Val Metric: 1.0000
Epoch 23/50 - Train Loss: 0.0007 - Train Metric: 1.0000
Epoch 23/50 - Val Metric: 1.0000
Epoch 24/50 - Train Loss: 0.0007 - Train Metric: 1.0000
Epoch 24/50 - Val Metric: 1.0000
Epoch 25/50 - Train Loss: 0.0006 - Train Metric: 1.0000
Epoch 25/50 - Val Metric: 1.0000
Epoch 26/50 - Train Loss: 0.0005 - Train Metric: 1.0000
Epoch 26/50 - Val Metric: 1.0000
Epoch 27/50 - Train Loss: 0.0005 - Train Metric: 1.0000
Epoch 27/50 - Val Metric: 1.0000
Epoch 28/50 - Train Loss: 0.0004 - Train Metric: 1.0000
Epoch 28/50 - Val Metric: 1.0000
Epoch 29/50 - Train Loss: 0.0004 - Train Metric: 1.0000
Epoch 29/50 - Val Metric: 1.0000
Epoch 30/50 - Train Loss: 0.0004 - Train Metric: 1.0000
Epoch 30/50 - Val Metric: 1.0000
Epoch 31/50 - Train Loss: 0.0003 - Train Metric: 1.0000
Epoch 31/50 - Val Metric: 1.0000
Epoch 32/50 - Train Loss: 0.0003 - Train Metric: 1.0000
Epoch 32/50 - Val Metric: 1.0000
Epoch 33/50 - Train Loss: 0.0003 - Train Metric: 1.0000
Epoch 33/50 - Val Metric: 1.0000
Epoch 34/50 - Train Loss: 0.0003 - Train Metric: 1.0000
Epoch 34/50 - Val Metric: 1.0000
Epoch 35/50 - Train Loss: 0.0003 - Train Metric: 1.0000
Epoch 35/50 - Val Metric: 1.0000
Epoch 36/50 - Train Loss: 0.0002 - Train Metric: 1.0000
Epoch 36/50 - Val Metric: 1.0000
Epoch 37/50 - Train Loss: 0.0002 - Train Metric: 1.0000
Epoch 37/50 - Val Metric: 1.0000
Epoch 38/50 - Train Loss: 0.0002 - Train Metric: 1.0000
Epoch 38/50 - Val Metric: 1.0000
Epoch 39/50 - Train Loss: 0.0002 - Train Metric: 1.0000
Epoch 39/50 - Val Metric: 1.0000
Epoch 40/50 - Train Loss: 0.0002 - Train Metric: 1.0000
Epoch 40/50 - Val Metric: 1.0000
Epoch 41/50 - Train Loss: 0.0002 - Train Metric: 1.0000
Epoch 41/50 - Val Metric: 1.0000
Epoch 42/50 - Train Loss: 0.0002 - Train Metric: 1.0000
Epoch 42/50 - Val Metric: 1.0000
Epoch 43/50 - Train Loss: 0.0002 - Train Metric: 1.0000
Epoch 43/50 - Val Metric: 1.0000
Epoch 44/50 - Train Loss: 0.0002 - Train Metric: 1.0000
Epoch 44/50 - Val Metric: 1.0000
Epoch 45/50 - Train Loss: 0.0002 - Train Metric: 1.0000
Epoch 45/50 - Val Metric: 1.0000
Epoch 46/50 - Train Loss: 0.0001 - Train Metric: 1.0000
Epoch 46/50 - Val Metric: 1.0000
Epoch 47/50 - Train Loss: 0.0001 - Train Metric: 1.0000
Epoch 47/50 - Val Metric: 1.0000
Epoch 48/50 - Train Loss: 0.0001 - Train Metric: 1.0000
Epoch 48/50 - Val Metric: 1.0000
Epoch 49/50 - Train Loss: 0.0001 - Train Metric: 1.0000
Epoch 49/50 - Val Metric: 1.0000
Epoch 50/50 - Train Loss: 0.0001 - Train Metric: 1.0000
Epoch 50/50 - Val Metric: 1.0000
Best val: 1.0000, Best test: 1.0000
Training set has 6499 instances
Validation set has 812 instances
Test set has 813 instances
Epoch 1/50 - Train Loss: 0.9795 - Train Metric: 0.4996
Epoch 1/50 - Val Metric: 0.9326
Epoch 2/50 - Train Loss: 0.6934 - Train Metric: 0.5312
Epoch 2/50 - Val Metric: 0.9388
Epoch 3/50 - Train Loss: 0.6925 - Train Metric: 0.5413
Epoch 3/50 - Val Metric: 0.9340
Epoch 4/50 - Train Loss: 0.4585 - Train Metric: 0.8862
Epoch 4/50 - Val Metric: 0.9750
Epoch 5/50 - Train Loss: 0.2043 - Train Metric: 0.9507
Epoch 5/50 - Val Metric: 0.9786
Epoch 6/50 - Train Loss: 0.1428 - Train Metric: 0.9581
Epoch 6/50 - Val Metric: 0.9914
Epoch 7/50 - Train Loss: 0.1413 - Train Metric: 0.9606
Epoch 7/50 - Val Metric: 0.9908
Epoch 8/50 - Train Loss: 0.1412 - Train Metric: 0.9613
Epoch 8/50 - Val Metric: 0.9917
Epoch 9/50 - Train Loss: 0.1412 - Train Metric: 0.9604
Epoch 9/50 - Val Metric: 0.9926
Epoch 10/50 - Train Loss: 0.1397 - Train Metric: 0.9635
Epoch 10/50 - Val Metric: 0.9930
Epoch 11/50 - Train Loss: 0.1389 - Train Metric: 0.9620
Epoch 11/50 - Val Metric: 0.9933
Epoch 12/50 - Train Loss: 0.1408 - Train Metric: 0.9649
Epoch 12/50 - Val Metric: 0.9934
Epoch 13/50 - Train Loss: 0.1403 - Train Metric: 0.9672
Epoch 13/50 - Val Metric: 0.9926
Epoch 14/50 - Train Loss: 0.1679 - Train Metric: 0.9693
Epoch 14/50 - Val Metric: 0.9961
Epoch 15/50 - Train Loss: 0.3311 - Train Metric: 0.9129
Epoch 15/50 - Val Metric: 0.9705
Epoch 16/50 - Train Loss: 0.2361 - Train Metric: 0.9506
Epoch 16/50 - Val Metric: 0.9971
Epoch 17/50 - Train Loss: 0.1732 - Train Metric: 0.9801
Epoch 17/50 - Val Metric: 0.9987
Epoch 18/50 - Train Loss: 0.5901 - Train Metric: 0.8369
Epoch 18/50 - Val Metric: 0.9846
Epoch 19/50 - Train Loss: 0.4908 - Train Metric: 0.9539
Epoch 19/50 - Val Metric: 0.9894
Epoch 20/50 - Train Loss: 0.1383 - Train Metric: 0.9734
Epoch 20/50 - Val Metric: 0.9834
Epoch 21/50 - Train Loss: 0.1153 - Train Metric: 0.9720
Epoch 21/50 - Val Metric: 0.9872
Epoch 22/50 - Train Loss: 0.1073 - Train Metric: 0.9787
Epoch 22/50 - Val Metric: 0.9900
Epoch 23/50 - Train Loss: 0.1003 - Train Metric: 0.9772
Epoch 23/50 - Val Metric: 0.9909
Epoch 24/50 - Train Loss: 0.0939 - Train Metric: 0.9800
Epoch 24/50 - Val Metric: 0.9925
Epoch 25/50 - Train Loss: 0.0811 - Train Metric: 0.9778
Epoch 25/50 - Val Metric: 0.9924
Epoch 26/50 - Train Loss: 0.0752 - Train Metric: 0.9787
Epoch 26/50 - Val Metric: 0.9920
Epoch 27/50 - Train Loss: 0.0746 - Train Metric: 0.9782
Epoch 27/50 - Val Metric: 0.9917
Epoch 28/50 - Train Loss: 0.0748 - Train Metric: 0.9779
Epoch 28/50 - Val Metric: 0.9915
Epoch 29/50 - Train Loss: 0.0734 - Train Metric: 0.9773
Epoch 29/50 - Val Metric: 0.9912
Epoch 30/50 - Train Loss: 0.0725 - Train Metric: 0.9781
Epoch 30/50 - Val Metric: 0.9906
Epoch 31/50 - Train Loss: 0.0714 - Train Metric: 0.9798
Epoch 31/50 - Val Metric: 0.9905
Epoch 32/50 - Train Loss: 0.0722 - Train Metric: 0.9790
Epoch 32/50 - Val Metric: 0.9902
Epoch 33/50 - Train Loss: 0.0724 - Train Metric: 0.9779
Epoch 33/50 - Val Metric: 0.9899
Epoch 34/50 - Train Loss: 0.6270 - Train Metric: 0.8032
Epoch 34/50 - Val Metric: 0.9924
Epoch 35/50 - Train Loss: 0.2287 - Train Metric: 0.9681
Epoch 35/50 - Val Metric: 0.9917
Epoch 36/50 - Train Loss: 0.0823 - Train Metric: 0.9832
Epoch 36/50 - Val Metric: 0.9941
Epoch 37/50 - Train Loss: 0.0746 - Train Metric: 0.9833
Epoch 37/50 - Val Metric: 0.9941
Epoch 38/50 - Train Loss: 0.0733 - Train Metric: 0.9838
Epoch 38/50 - Val Metric: 0.9932
Epoch 39/50 - Train Loss: 0.0734 - Train Metric: 0.9839
Epoch 39/50 - Val Metric: 0.9939
Epoch 40/50 - Train Loss: 0.0721 - Train Metric: 0.9842
Epoch 40/50 - Val Metric: 0.9941
Epoch 41/50 - Train Loss: 0.0724 - Train Metric: 0.9841
Epoch 41/50 - Val Metric: 0.9941
Epoch 42/50 - Train Loss: 0.0727 - Train Metric: 0.9846
Epoch 42/50 - Val Metric: 0.9948
Epoch 43/50 - Train Loss: 0.0732 - Train Metric: 0.9839
Epoch 43/50 - Val Metric: 0.9951
Epoch 44/50 - Train Loss: 0.0729 - Train Metric: 0.9850
Epoch 44/50 - Val Metric: 0.9952
Epoch 45/50 - Train Loss: 0.0704 - Train Metric: 0.9861
Epoch 45/50 - Val Metric: 0.9954
Epoch 46/50 - Train Loss: 0.0719 - Train Metric: 0.9855
Epoch 46/50 - Val Metric: 0.9953
Epoch 47/50 - Train Loss: 0.0723 - Train Metric: 0.9859
Epoch 47/50 - Val Metric: 0.9955
Epoch 48/50 - Train Loss: 0.0723 - Train Metric: 0.9854
Epoch 48/50 - Val Metric: 0.9962
Epoch 49/50 - Train Loss: 0.0702 - Train Metric: 0.9847
Epoch 49/50 - Val Metric: 0.9962
Epoch 50/50 - Train Loss: 0.0714 - Train Metric: 0.9855
Epoch 50/50 - Val Metric: 0.9963
Best val: 0.9987, Best test: 0.9962
Training set has 6499 instances
Validation set has 812 instances
Test set has 813 instances
Epoch 1/50 - Train Loss: 0.2270 - Train Metric: 0.9750
Epoch 1/50 - Val Metric: 0.9969
Epoch 2/50 - Train Loss: 0.0574 - Train Metric: 0.9947
Epoch 2/50 - Val Metric: 0.9998
Epoch 3/50 - Train Loss: 0.0318 - Train Metric: 0.9985
Epoch 3/50 - Val Metric: 1.0000
Epoch 4/50 - Train Loss: 0.0152 - Train Metric: 0.9995
Epoch 4/50 - Val Metric: 1.0000
Epoch 5/50 - Train Loss: 0.0100 - Train Metric: 0.9999
Epoch 5/50 - Val Metric: 1.0000
Epoch 6/50 - Train Loss: 0.0062 - Train Metric: 1.0000
Epoch 6/50 - Val Metric: 1.0000
Epoch 7/50 - Train Loss: 0.0083 - Train Metric: 1.0000
Epoch 7/50 - Val Metric: 1.0000
Epoch 8/50 - Train Loss: 0.0044 - Train Metric: 1.0000
Epoch 8/50 - Val Metric: 1.0000
Epoch 9/50 - Train Loss: 0.0207 - Train Metric: 0.9991
Epoch 9/50 - Val Metric: 1.0000
Epoch 10/50 - Train Loss: 0.0064 - Train Metric: 1.0000
Epoch 10/50 - Val Metric: 1.0000
Epoch 11/50 - Train Loss: 0.0016 - Train Metric: 1.0000
Epoch 11/50 - Val Metric: 1.0000
Epoch 12/50 - Train Loss: 0.0013 - Train Metric: 1.0000
Epoch 12/50 - Val Metric: 1.0000
Epoch 13/50 - Train Loss: 0.0012 - Train Metric: 1.0000
Epoch 13/50 - Val Metric: 1.0000
Epoch 14/50 - Train Loss: 0.0010 - Train Metric: 1.0000
Epoch 14/50 - Val Metric: 1.0000
Epoch 15/50 - Train Loss: 0.0010 - Train Metric: 1.0000
Epoch 15/50 - Val Metric: 1.0000
Epoch 16/50 - Train Loss: 0.0009 - Train Metric: 1.0000
Epoch 16/50 - Val Metric: 1.0000
Epoch 17/50 - Train Loss: 0.0008 - Train Metric: 1.0000
Epoch 17/50 - Val Metric: 1.0000
Epoch 18/50 - Train Loss: 0.0008 - Train Metric: 1.0000
Epoch 18/50 - Val Metric: 1.0000
Epoch 19/50 - Train Loss: 0.0007 - Train Metric: 1.0000
Epoch 19/50 - Val Metric: 1.0000
Epoch 20/50 - Train Loss: 0.0007 - Train Metric: 1.0000
Epoch 20/50 - Val Metric: 1.0000
Epoch 21/50 - Train Loss: 0.0006 - Train Metric: 1.0000
Epoch 21/50 - Val Metric: 1.0000
Epoch 22/50 - Train Loss: 0.0006 - Train Metric: 1.0000
Epoch 22/50 - Val Metric: 1.0000
Epoch 23/50 - Train Loss: 0.0006 - Train Metric: 1.0000
Epoch 23/50 - Val Metric: 1.0000
Epoch 24/50 - Train Loss: 0.0005 - Train Metric: 1.0000
Epoch 24/50 - Val Metric: 1.0000
Epoch 25/50 - Train Loss: 0.0005 - Train Metric: 1.0000
Epoch 25/50 - Val Metric: 1.0000
Epoch 26/50 - Train Loss: 0.0005 - Train Metric: 1.0000
Epoch 26/50 - Val Metric: 1.0000
Epoch 27/50 - Train Loss: 0.0005 - Train Metric: 1.0000
Epoch 27/50 - Val Metric: 1.0000
Epoch 28/50 - Train Loss: 0.0004 - Train Metric: 1.0000
Epoch 28/50 - Val Metric: 1.0000
Epoch 29/50 - Train Loss: 0.0004 - Train Metric: 1.0000
Epoch 29/50 - Val Metric: 1.0000
Epoch 30/50 - Train Loss: 0.0004 - Train Metric: 1.0000
Epoch 30/50 - Val Metric: 1.0000
Epoch 31/50 - Train Loss: 0.0004 - Train Metric: 1.0000
Epoch 31/50 - Val Metric: 1.0000
Epoch 32/50 - Train Loss: 0.0004 - Train Metric: 1.0000
Epoch 32/50 - Val Metric: 1.0000
Epoch 33/50 - Train Loss: 0.0003 - Train Metric: 1.0000
Epoch 33/50 - Val Metric: 1.0000
Epoch 34/50 - Train Loss: 0.0003 - Train Metric: 1.0000
Epoch 34/50 - Val Metric: 1.0000
Epoch 35/50 - Train Loss: 0.0003 - Train Metric: 1.0000
Epoch 35/50 - Val Metric: 1.0000
Epoch 36/50 - Train Loss: 0.0003 - Train Metric: 1.0000
Epoch 36/50 - Val Metric: 1.0000
Epoch 37/50 - Train Loss: 0.0003 - Train Metric: 1.0000
Epoch 37/50 - Val Metric: 1.0000
Epoch 38/50 - Train Loss: 0.0003 - Train Metric: 1.0000
Epoch 38/50 - Val Metric: 1.0000
Epoch 39/50 - Train Loss: 0.0003 - Train Metric: 1.0000
Epoch 39/50 - Val Metric: 1.0000
Epoch 40/50 - Train Loss: 0.0003 - Train Metric: 1.0000
Epoch 40/50 - Val Metric: 1.0000
Epoch 41/50 - Train Loss: 0.0003 - Train Metric: 1.0000
Epoch 41/50 - Val Metric: 1.0000
Epoch 42/50 - Train Loss: 0.0002 - Train Metric: 1.0000
Epoch 42/50 - Val Metric: 1.0000
Epoch 43/50 - Train Loss: 0.0002 - Train Metric: 1.0000
Epoch 43/50 - Val Metric: 1.0000
Epoch 44/50 - Train Loss: 0.0002 - Train Metric: 1.0000
Epoch 44/50 - Val Metric: 1.0000
Epoch 45/50 - Train Loss: 0.0002 - Train Metric: 1.0000
Epoch 45/50 - Val Metric: 1.0000
Epoch 46/50 - Train Loss: 0.0002 - Train Metric: 1.0000
Epoch 46/50 - Val Metric: 1.0000
Epoch 47/50 - Train Loss: 0.0002 - Train Metric: 1.0000
Epoch 47/50 - Val Metric: 1.0000
Epoch 48/50 - Train Loss: 0.0002 - Train Metric: 1.0000
Epoch 48/50 - Val Metric: 1.0000
Epoch 49/50 - Train Loss: 0.0002 - Train Metric: 1.0000
Epoch 49/50 - Val Metric: 1.0000
Epoch 50/50 - Train Loss: 0.0002 - Train Metric: 1.0000
Epoch 50/50 - Val Metric: 1.0000
Best val: 1.0000, Best test: 0.9996
Training set has 6499 instances
Validation set has 812 instances
Test set has 813 instances
Epoch 1/50 - Train Loss: 0.2777 - Train Metric: 0.9508
Epoch 1/50 - Val Metric: 0.9974
Epoch 2/50 - Train Loss: 0.0394 - Train Metric: 0.9984
Epoch 2/50 - Val Metric: 0.9997
Epoch 3/50 - Train Loss: 0.0118 - Train Metric: 0.9997
Epoch 3/50 - Val Metric: 0.9999
Epoch 4/50 - Train Loss: 0.0216 - Train Metric: 0.9997
Epoch 4/50 - Val Metric: 1.0000
Epoch 5/50 - Train Loss: 0.0195 - Train Metric: 0.9998
Epoch 5/50 - Val Metric: 0.9999
Epoch 6/50 - Train Loss: 0.0813 - Train Metric: 0.9881
Epoch 6/50 - Val Metric: 0.9735
Epoch 7/50 - Train Loss: 0.0529 - Train Metric: 0.9919
Epoch 7/50 - Val Metric: 0.9998
Epoch 8/50 - Train Loss: 0.0482 - Train Metric: 0.9932
Epoch 8/50 - Val Metric: 0.9999
Epoch 9/50 - Train Loss: 0.0424 - Train Metric: 0.9978
Epoch 9/50 - Val Metric: 0.9999
Epoch 10/50 - Train Loss: 0.0108 - Train Metric: 0.9999
Epoch 10/50 - Val Metric: 0.9960
Epoch 11/50 - Train Loss: 0.0064 - Train Metric: 0.9997
Epoch 11/50 - Val Metric: 1.0000
Epoch 12/50 - Train Loss: 0.0024 - Train Metric: 1.0000
Epoch 12/50 - Val Metric: 1.0000
Epoch 13/50 - Train Loss: 0.0008 - Train Metric: 1.0000
Epoch 13/50 - Val Metric: 1.0000
Epoch 14/50 - Train Loss: 0.0011 - Train Metric: 1.0000
Epoch 14/50 - Val Metric: 1.0000
Epoch 15/50 - Train Loss: 0.0007 - Train Metric: 1.0000
Epoch 15/50 - Val Metric: 1.0000
Epoch 16/50 - Train Loss: 0.0006 - Train Metric: 1.0000
Epoch 16/50 - Val Metric: 1.0000
Epoch 17/50 - Train Loss: 0.0005 - Train Metric: 1.0000
Epoch 17/50 - Val Metric: 1.0000
Epoch 18/50 - Train Loss: 0.0005 - Train Metric: 1.0000
Epoch 18/50 - Val Metric: 1.0000
Epoch 19/50 - Train Loss: 0.0004 - Train Metric: 1.0000
Epoch 19/50 - Val Metric: 1.0000
Epoch 20/50 - Train Loss: 0.0004 - Train Metric: 1.0000
Epoch 20/50 - Val Metric: 1.0000
Epoch 21/50 - Train Loss: 0.0004 - Train Metric: 1.0000
Epoch 21/50 - Val Metric: 1.0000
Epoch 22/50 - Train Loss: 0.0004 - Train Metric: 1.0000
Epoch 22/50 - Val Metric: 1.0000
Epoch 23/50 - Train Loss: 0.0004 - Train Metric: 1.0000
Epoch 23/50 - Val Metric: 1.0000
Epoch 24/50 - Train Loss: 0.0004 - Train Metric: 1.0000
Epoch 24/50 - Val Metric: 1.0000
Epoch 25/50 - Train Loss: 0.0003 - Train Metric: 1.0000
Epoch 25/50 - Val Metric: 1.0000
Epoch 26/50 - Train Loss: 0.0003 - Train Metric: 1.0000
Epoch 26/50 - Val Metric: 1.0000
Epoch 27/50 - Train Loss: 0.0003 - Train Metric: 1.0000
Epoch 27/50 - Val Metric: 1.0000
Epoch 28/50 - Train Loss: 0.0003 - Train Metric: 1.0000
Epoch 28/50 - Val Metric: 1.0000
Epoch 29/50 - Train Loss: 0.0003 - Train Metric: 1.0000
Epoch 29/50 - Val Metric: 1.0000
Epoch 30/50 - Train Loss: 0.0003 - Train Metric: 1.0000
Epoch 30/50 - Val Metric: 1.0000
Epoch 31/50 - Train Loss: 0.0003 - Train Metric: 1.0000
Epoch 31/50 - Val Metric: 1.0000
Epoch 32/50 - Train Loss: 0.0003 - Train Metric: 1.0000
Epoch 32/50 - Val Metric: 1.0000
Epoch 33/50 - Train Loss: 0.0003 - Train Metric: 1.0000
Epoch 33/50 - Val Metric: 1.0000
Epoch 34/50 - Train Loss: 0.0003 - Train Metric: 1.0000
Epoch 34/50 - Val Metric: 1.0000
Epoch 35/50 - Train Loss: 0.0003 - Train Metric: 1.0000
Epoch 35/50 - Val Metric: 1.0000
Epoch 36/50 - Train Loss: 0.0002 - Train Metric: 1.0000
Epoch 36/50 - Val Metric: 1.0000
Epoch 37/50 - Train Loss: 0.0002 - Train Metric: 1.0000
Epoch 37/50 - Val Metric: 1.0000
Epoch 38/50 - Train Loss: 0.0002 - Train Metric: 1.0000
Epoch 38/50 - Val Metric: 1.0000
Epoch 39/50 - Train Loss: 0.0002 - Train Metric: 1.0000
Epoch 39/50 - Val Metric: 1.0000
Epoch 40/50 - Train Loss: 0.0002 - Train Metric: 1.0000
Epoch 40/50 - Val Metric: 1.0000
Epoch 41/50 - Train Loss: 0.0002 - Train Metric: 1.0000
Epoch 41/50 - Val Metric: 1.0000
Epoch 42/50 - Train Loss: 0.0002 - Train Metric: 1.0000
Epoch 42/50 - Val Metric: 1.0000
Epoch 43/50 - Train Loss: 0.0002 - Train Metric: 1.0000
Epoch 43/50 - Val Metric: 1.0000
Epoch 44/50 - Train Loss: 0.0002 - Train Metric: 1.0000
Epoch 44/50 - Val Metric: 1.0000
Epoch 45/50 - Train Loss: 0.0002 - Train Metric: 1.0000
Epoch 45/50 - Val Metric: 1.0000
Epoch 46/50 - Train Loss: 0.0002 - Train Metric: 1.0000
Epoch 46/50 - Val Metric: 1.0000
Epoch 47/50 - Train Loss: 0.0002 - Train Metric: 1.0000
Epoch 47/50 - Val Metric: 1.0000
Epoch 48/50 - Train Loss: 0.0002 - Train Metric: 1.0000
Epoch 48/50 - Val Metric: 1.0000
Epoch 49/50 - Train Loss: 0.0002 - Train Metric: 1.0000
Epoch 49/50 - Val Metric: 1.0000
Epoch 50/50 - Train Loss: 0.0002 - Train Metric: 1.0000
Epoch 50/50 - Val Metric: 1.0000
Best val: 1.0000, Best test: 1.0000
Training set has 6499 instances
Validation set has 812 instances
Test set has 813 instances
Training set has 6499 instances
Validation set has 812 instances
Test set has 813 instances
Training set has 6499 instances
Validation set has 812 instances
Test set has 813 instances
Epoch 1/50 - Train Loss: 0.1570 - Train Metric: 0.9848
Epoch 1/50 - Val Metric: 0.9996
Epoch 2/50 - Train Loss: 0.0195 - Train Metric: 0.9998
Epoch 2/50 - Val Metric: 1.0000
Epoch 3/50 - Train Loss: 0.0088 - Train Metric: 1.0000
Epoch 3/50 - Val Metric: 1.0000
Epoch 4/50 - Train Loss: 0.0129 - Train Metric: 0.9998
Epoch 4/50 - Val Metric: 1.0000
Epoch 5/50 - Train Loss: 0.0061 - Train Metric: 1.0000
Epoch 5/50 - Val Metric: 1.0000
Epoch 6/50 - Train Loss: 0.0021 - Train Metric: 1.0000
Epoch 6/50 - Val Metric: 1.0000
Epoch 7/50 - Train Loss: 0.0018 - Train Metric: 1.0000
Epoch 7/50 - Val Metric: 1.0000
Epoch 8/50 - Train Loss: 0.0016 - Train Metric: 1.0000
Epoch 8/50 - Val Metric: 1.0000
Epoch 9/50 - Train Loss: 0.0015 - Train Metric: 1.0000
Epoch 9/50 - Val Metric: 1.0000
Epoch 10/50 - Train Loss: 0.0014 - Train Metric: 1.0000
Epoch 10/50 - Val Metric: 1.0000
Epoch 11/50 - Train Loss: 0.0013 - Train Metric: 1.0000
Epoch 11/50 - Val Metric: 1.0000
Epoch 12/50 - Train Loss: 0.0012 - Train Metric: 1.0000
Epoch 12/50 - Val Metric: 1.0000
Epoch 13/50 - Train Loss: 0.0011 - Train Metric: 1.0000
Epoch 13/50 - Val Metric: 1.0000
Epoch 14/50 - Train Loss: 0.0011 - Train Metric: 1.0000
Epoch 14/50 - Val Metric: 1.0000
Epoch 15/50 - Train Loss: 0.0010 - Train Metric: 1.0000
Epoch 15/50 - Val Metric: 1.0000
Epoch 16/50 - Train Loss: 0.0010 - Train Metric: 1.0000
Epoch 16/50 - Val Metric: 1.0000
Epoch 17/50 - Train Loss: 0.0009 - Train Metric: 1.0000
Epoch 17/50 - Val Metric: 1.0000
Epoch 18/50 - Train Loss: 0.0009 - Train Metric: 1.0000
Epoch 18/50 - Val Metric: 1.0000
Epoch 19/50 - Train Loss: 0.0008 - Train Metric: 1.0000
Epoch 19/50 - Val Metric: 1.0000
Epoch 20/50 - Train Loss: 0.0008 - Train Metric: 1.0000
Epoch 20/50 - Val Metric: 1.0000
Epoch 21/50 - Train Loss: 0.0008 - Train Metric: 1.0000
Epoch 21/50 - Val Metric: 1.0000
Epoch 22/50 - Train Loss: 0.0008 - Train Metric: 1.0000
Epoch 22/50 - Val Metric: 1.0000
Epoch 23/50 - Train Loss: 0.0007 - Train Metric: 1.0000
Epoch 23/50 - Val Metric: 1.0000
Epoch 24/50 - Train Loss: 0.0007 - Train Metric: 1.0000
Epoch 24/50 - Val Metric: 1.0000
Epoch 25/50 - Train Loss: 0.0007 - Train Metric: 1.0000
Epoch 25/50 - Val Metric: 1.0000
Epoch 26/50 - Train Loss: 0.0007 - Train Metric: 1.0000
Epoch 26/50 - Val Metric: 1.0000
Epoch 27/50 - Train Loss: 0.0007 - Train Metric: 1.0000
Epoch 27/50 - Val Metric: 1.0000
Epoch 28/50 - Train Loss: 0.0006 - Train Metric: 1.0000
Epoch 28/50 - Val Metric: 1.0000
Epoch 29/50 - Train Loss: 0.0006 - Train Metric: 1.0000
Epoch 29/50 - Val Metric: 1.0000
Epoch 30/50 - Train Loss: 0.0006 - Train Metric: 1.0000
Epoch 30/50 - Val Metric: 1.0000
Epoch 31/50 - Train Loss: 0.0006 - Train Metric: 1.0000
Epoch 31/50 - Val Metric: 1.0000
Epoch 32/50 - Train Loss: 0.0006 - Train Metric: 1.0000
Epoch 32/50 - Val Metric: 1.0000
Epoch 33/50 - Train Loss: 0.0006 - Train Metric: 1.0000
Epoch 33/50 - Val Metric: 1.0000
Epoch 34/50 - Train Loss: 0.0006 - Train Metric: 1.0000
Epoch 34/50 - Val Metric: 1.0000
Epoch 35/50 - Train Loss: 0.0005 - Train Metric: 1.0000
Epoch 35/50 - Val Metric: 1.0000
Epoch 36/50 - Train Loss: 0.0005 - Train Metric: 1.0000
Epoch 36/50 - Val Metric: 1.0000
Epoch 37/50 - Train Loss: 0.0005 - Train Metric: 1.0000
Epoch 37/50 - Val Metric: 1.0000
Epoch 38/50 - Train Loss: 0.0005 - Train Metric: 1.0000
Epoch 38/50 - Val Metric: 1.0000
Epoch 39/50 - Train Loss: 0.0005 - Train Metric: 1.0000
Epoch 39/50 - Val Metric: 1.0000
Epoch 40/50 - Train Loss: 0.0005 - Train Metric: 1.0000
Epoch 40/50 - Val Metric: 1.0000
Epoch 41/50 - Train Loss: 0.0005 - Train Metric: 1.0000
Epoch 41/50 - Val Metric: 1.0000
Epoch 42/50 - Train Loss: 0.0005 - Train Metric: 1.0000
Epoch 42/50 - Val Metric: 1.0000
Epoch 43/50 - Train Loss: 0.0005 - Train Metric: 1.0000
Epoch 43/50 - Val Metric: 1.0000
Epoch 44/50 - Train Loss: 0.0005 - Train Metric: 1.0000
Epoch 44/50 - Val Metric: 1.0000
Epoch 45/50 - Train Loss: 0.0005 - Train Metric: 1.0000
Epoch 45/50 - Val Metric: 1.0000
Epoch 46/50 - Train Loss: 0.0005 - Train Metric: 1.0000
Epoch 46/50 - Val Metric: 1.0000
Epoch 47/50 - Train Loss: 0.0005 - Train Metric: 1.0000
Epoch 47/50 - Val Metric: 1.0000
Epoch 48/50 - Train Loss: 0.0004 - Train Metric: 1.0000
Epoch 48/50 - Val Metric: 1.0000
Epoch 49/50 - Train Loss: 0.0004 - Train Metric: 1.0000
Epoch 49/50 - Val Metric: 1.0000
Epoch 50/50 - Train Loss: 0.0004 - Train Metric: 1.0000
Epoch 50/50 - Val Metric: 1.0000
Best val: 1.0000, Best test: 1.0000
Training set has 6499 instances
Validation set has 812 instances
Test set has 813 instances
Training set has 6499 instances
Validation set has 812 instances
Test set has 813 instances
Training set has 6499 instances
Validation set has 812 instances
Test set has 813 instances
Training set has 6499 instances
Validation set has 812 instances
Test set has 813 instances
Training set has 6499 instances
Validation set has 812 instances
Test set has 813 instances
Training set has 6499 instances
Validation set has 812 instances
Test set has 813 instances
Epoch 1/50 - Train Loss: 0.1744 - Train Metric: 0.9768
Epoch 1/50 - Val Metric: 0.9981
Training set has 6499 instances
Validation set has 812 instances
Test set has 813 instances
Training set has 6499 instances
Validation set has 812 instances
Test set has 813 instances
Training set has 6499 instances
Validation set has 812 instances
Test set has 813 instances
Training set has 6499 instances
Validation set has 812 instances
Test set has 813 instances
Hyper-parameter search done. Found the best config.
Repeat experiments 5 times with the best train config {'batch_size': 256, 'gamma_rate': 1.0, 'base_lr': 0.0001} and model config {'num_heads': 8, 'num_layers': 6, 'num_latents': 32, 'hidden_dim': 128, 'mlp_ratio': 0.5, 'dropout_prob': 0.2, 'top_k': 3}.
Training set has 6499 instances
Validation set has 812 instances
Test set has 813 instances
Epoch 1/50 - Train Loss: 0.3767 - Train Metric: 0.9179
Epoch 1/50 - Val Metric: 0.9666
Epoch 2/50 - Train Loss: 0.1593 - Train Metric: 0.9838
Epoch 2/50 - Val Metric: 0.9977
Epoch 3/50 - Train Loss: 0.0761 - Train Metric: 0.9960
Epoch 3/50 - Val Metric: 0.9998
Epoch 4/50 - Train Loss: 0.0303 - Train Metric: 0.9982
Epoch 4/50 - Val Metric: 1.0000
Epoch 5/50 - Train Loss: 0.0163 - Train Metric: 0.9990
Epoch 5/50 - Val Metric: 1.0000
Epoch 6/50 - Train Loss: 0.0128 - Train Metric: 0.9990
Epoch 6/50 - Val Metric: 1.0000
Epoch 7/50 - Train Loss: 0.0117 - Train Metric: 0.9993
Epoch 7/50 - Val Metric: 1.0000
Epoch 8/50 - Train Loss: 0.0122 - Train Metric: 0.9989
Epoch 8/50 - Val Metric: 1.0000
Epoch 9/50 - Train Loss: 0.1702 - Train Metric: 0.9700
Epoch 9/50 - Val Metric: 0.9976
Epoch 10/50 - Train Loss: 0.0424 - Train Metric: 0.9984
Epoch 10/50 - Val Metric: 1.0000
Epoch 11/50 - Train Loss: 0.0154 - Train Metric: 0.9996
Epoch 11/50 - Val Metric: 1.0000
Epoch 12/50 - Train Loss: 0.0189 - Train Metric: 0.9996
Epoch 12/50 - Val Metric: 1.0000
Epoch 13/50 - Train Loss: 0.0350 - Train Metric: 0.9991
Epoch 13/50 - Val Metric: 1.0000
Epoch 14/50 - Train Loss: 0.0103 - Train Metric: 0.9999
Epoch 14/50 - Val Metric: 1.0000
Epoch 15/50 - Train Loss: 0.0096 - Train Metric: 1.0000
Epoch 15/50 - Val Metric: 1.0000
Epoch 16/50 - Train Loss: 0.0091 - Train Metric: 0.9999
Epoch 16/50 - Val Metric: 1.0000
Epoch 17/50 - Train Loss: 0.0085 - Train Metric: 1.0000
Epoch 17/50 - Val Metric: 1.0000
Epoch 18/50 - Train Loss: 0.0064 - Train Metric: 1.0000
Epoch 18/50 - Val Metric: 1.0000
Epoch 19/50 - Train Loss: 0.0046 - Train Metric: 1.0000
Epoch 19/50 - Val Metric: 1.0000
Epoch 20/50 - Train Loss: 0.0036 - Train Metric: 1.0000
Epoch 20/50 - Val Metric: 1.0000
Epoch 21/50 - Train Loss: 0.0086 - Train Metric: 0.9997
Epoch 21/50 - Val Metric: 1.0000
Epoch 22/50 - Train Loss: 0.0059 - Train Metric: 1.0000
Epoch 22/50 - Val Metric: 1.0000
Epoch 23/50 - Train Loss: 0.0067 - Train Metric: 1.0000
Epoch 23/50 - Val Metric: 1.0000
Epoch 24/50 - Train Loss: 0.0091 - Train Metric: 1.0000
Epoch 24/50 - Val Metric: 1.0000
Epoch 25/50 - Train Loss: 0.0084 - Train Metric: 0.9999
Epoch 25/50 - Val Metric: 1.0000
Epoch 26/50 - Train Loss: 0.0034 - Train Metric: 1.0000
Epoch 26/50 - Val Metric: 1.0000
Epoch 27/50 - Train Loss: 0.0022 - Train Metric: 1.0000
Epoch 27/50 - Val Metric: 1.0000
Epoch 28/50 - Train Loss: 0.0016 - Train Metric: 1.0000
Epoch 28/50 - Val Metric: 1.0000
Epoch 29/50 - Train Loss: 0.0015 - Train Metric: 1.0000
Epoch 29/50 - Val Metric: 1.0000
Epoch 30/50 - Train Loss: 0.0014 - Train Metric: 1.0000
Epoch 30/50 - Val Metric: 1.0000
Epoch 31/50 - Train Loss: 0.0013 - Train Metric: 1.0000
Epoch 31/50 - Val Metric: 1.0000
Epoch 32/50 - Train Loss: 0.0013 - Train Metric: 1.0000
Epoch 32/50 - Val Metric: 1.0000
Epoch 33/50 - Train Loss: 0.0012 - Train Metric: 1.0000
Epoch 33/50 - Val Metric: 1.0000
Epoch 34/50 - Train Loss: 0.0012 - Train Metric: 1.0000
Epoch 34/50 - Val Metric: 1.0000
Epoch 35/50 - Train Loss: 0.0011 - Train Metric: 1.0000
Epoch 35/50 - Val Metric: 1.0000
Epoch 36/50 - Train Loss: 0.0011 - Train Metric: 1.0000
Epoch 36/50 - Val Metric: 1.0000
Epoch 37/50 - Train Loss: 0.0010 - Train Metric: 1.0000
Epoch 37/50 - Val Metric: 1.0000
Epoch 38/50 - Train Loss: 0.0010 - Train Metric: 1.0000
Epoch 38/50 - Val Metric: 1.0000
Epoch 39/50 - Train Loss: 0.0009 - Train Metric: 1.0000
Epoch 39/50 - Val Metric: 1.0000
Epoch 40/50 - Train Loss: 0.0009 - Train Metric: 1.0000
Epoch 40/50 - Val Metric: 1.0000
Epoch 41/50 - Train Loss: 0.0009 - Train Metric: 1.0000
Epoch 41/50 - Val Metric: 1.0000
Epoch 42/50 - Train Loss: 0.0008 - Train Metric: 1.0000
Epoch 42/50 - Val Metric: 1.0000
Epoch 43/50 - Train Loss: 0.0008 - Train Metric: 1.0000
Epoch 43/50 - Val Metric: 1.0000
Epoch 44/50 - Train Loss: 0.0008 - Train Metric: 1.0000
Epoch 44/50 - Val Metric: 1.0000
Epoch 45/50 - Train Loss: 0.0008 - Train Metric: 1.0000
Epoch 45/50 - Val Metric: 1.0000
Epoch 46/50 - Train Loss: 0.0007 - Train Metric: 1.0000
Epoch 46/50 - Val Metric: 1.0000
Epoch 47/50 - Train Loss: 0.0007 - Train Metric: 1.0000
Epoch 47/50 - Val Metric: 1.0000
Epoch 48/50 - Train Loss: 0.0007 - Train Metric: 1.0000
Epoch 48/50 - Val Metric: 1.0000
Epoch 49/50 - Train Loss: 0.0007 - Train Metric: 1.0000
Epoch 49/50 - Val Metric: 1.0000
Epoch 50/50 - Train Loss: 0.0006 - Train Metric: 1.0000
Epoch 50/50 - Val Metric: 1.0000
Best val: 1.0000, Best test: 0.9984
Training set has 6499 instances
Validation set has 812 instances
Test set has 813 instances
Epoch 1/50 - Train Loss: 0.4604 - Train Metric: 0.8698
Epoch 1/50 - Val Metric: 0.9824
Epoch 2/50 - Train Loss: 0.1547 - Train Metric: 0.9836
Epoch 2/50 - Val Metric: 0.9982
Epoch 3/50 - Train Loss: 0.0658 - Train Metric: 0.9977
Epoch 3/50 - Val Metric: 1.0000
Epoch 4/50 - Train Loss: 0.0340 - Train Metric: 0.9983
Epoch 4/50 - Val Metric: 1.0000
Epoch 5/50 - Train Loss: 0.0224 - Train Metric: 0.9989
Epoch 5/50 - Val Metric: 1.0000
Epoch 6/50 - Train Loss: 0.0192 - Train Metric: 0.9994
Epoch 6/50 - Val Metric: 1.0000
Epoch 7/50 - Train Loss: 0.0290 - Train Metric: 0.9989
Epoch 7/50 - Val Metric: 1.0000
Epoch 8/50 - Train Loss: 0.0204 - Train Metric: 0.9997
Epoch 8/50 - Val Metric: 1.0000
Epoch 9/50 - Train Loss: 0.0103 - Train Metric: 0.9999
Epoch 9/50 - Val Metric: 1.0000
Epoch 10/50 - Train Loss: 0.0090 - Train Metric: 1.0000
Epoch 10/50 - Val Metric: 1.0000
Epoch 11/50 - Train Loss: 0.0100 - Train Metric: 0.9999
Epoch 11/50 - Val Metric: 1.0000
Epoch 12/50 - Train Loss: 0.0037 - Train Metric: 1.0000
Epoch 12/50 - Val Metric: 1.0000
Epoch 13/50 - Train Loss: 0.0035 - Train Metric: 1.0000
Epoch 13/50 - Val Metric: 1.0000
Epoch 14/50 - Train Loss: 0.0044 - Train Metric: 1.0000
Epoch 14/50 - Val Metric: 1.0000
Epoch 15/50 - Train Loss: 0.0020 - Train Metric: 1.0000
Epoch 15/50 - Val Metric: 1.0000
Epoch 16/50 - Train Loss: 0.0020 - Train Metric: 1.0000
Epoch 16/50 - Val Metric: 1.0000
Epoch 17/50 - Train Loss: 0.0114 - Train Metric: 0.9998
Epoch 17/50 - Val Metric: 1.0000
Epoch 18/50 - Train Loss: 0.0120 - Train Metric: 0.9999
Epoch 18/50 - Val Metric: 1.0000
Epoch 19/50 - Train Loss: 0.0021 - Train Metric: 1.0000
Epoch 19/50 - Val Metric: 1.0000
Epoch 20/50 - Train Loss: 0.0017 - Train Metric: 1.0000
Epoch 20/50 - Val Metric: 1.0000
Epoch 21/50 - Train Loss: 0.0014 - Train Metric: 1.0000
Epoch 21/50 - Val Metric: 1.0000
Epoch 22/50 - Train Loss: 0.0013 - Train Metric: 1.0000
Epoch 22/50 - Val Metric: 1.0000
Epoch 23/50 - Train Loss: 0.0012 - Train Metric: 1.0000
Epoch 23/50 - Val Metric: 1.0000
Epoch 24/50 - Train Loss: 0.0011 - Train Metric: 1.0000
Epoch 24/50 - Val Metric: 1.0000
Epoch 25/50 - Train Loss: 0.0010 - Train Metric: 1.0000
Epoch 25/50 - Val Metric: 1.0000
Epoch 26/50 - Train Loss: 0.0010 - Train Metric: 1.0000
Epoch 26/50 - Val Metric: 1.0000
Epoch 27/50 - Train Loss: 0.0009 - Train Metric: 1.0000
Epoch 27/50 - Val Metric: 1.0000
Epoch 28/50 - Train Loss: 0.0009 - Train Metric: 1.0000
Epoch 28/50 - Val Metric: 1.0000
Epoch 29/50 - Train Loss: 0.0009 - Train Metric: 1.0000
Epoch 29/50 - Val Metric: 1.0000
Epoch 30/50 - Train Loss: 0.0008 - Train Metric: 1.0000
Epoch 30/50 - Val Metric: 1.0000
Epoch 31/50 - Train Loss: 0.0008 - Train Metric: 1.0000
Epoch 31/50 - Val Metric: 1.0000
Epoch 32/50 - Train Loss: 0.0008 - Train Metric: 1.0000
Epoch 32/50 - Val Metric: 1.0000
Epoch 33/50 - Train Loss: 0.0007 - Train Metric: 1.0000
Epoch 33/50 - Val Metric: 1.0000
Epoch 34/50 - Train Loss: 0.0007 - Train Metric: 1.0000
Epoch 34/50 - Val Metric: 1.0000
Epoch 35/50 - Train Loss: 0.0007 - Train Metric: 1.0000
Epoch 35/50 - Val Metric: 1.0000
Epoch 36/50 - Train Loss: 0.0006 - Train Metric: 1.0000
Epoch 36/50 - Val Metric: 1.0000
Epoch 37/50 - Train Loss: 0.0006 - Train Metric: 1.0000
Epoch 37/50 - Val Metric: 1.0000
Epoch 38/50 - Train Loss: 0.0006 - Train Metric: 1.0000
Epoch 38/50 - Val Metric: 1.0000
Epoch 39/50 - Train Loss: 0.0006 - Train Metric: 1.0000
Epoch 39/50 - Val Metric: 1.0000
Epoch 40/50 - Train Loss: 0.0006 - Train Metric: 1.0000
Epoch 40/50 - Val Metric: 1.0000
Epoch 41/50 - Train Loss: 0.0005 - Train Metric: 1.0000
Epoch 41/50 - Val Metric: 1.0000
Epoch 42/50 - Train Loss: 0.0005 - Train Metric: 1.0000
Epoch 42/50 - Val Metric: 1.0000
Epoch 43/50 - Train Loss: 0.0005 - Train Metric: 1.0000
Epoch 43/50 - Val Metric: 1.0000
Epoch 44/50 - Train Loss: 0.0005 - Train Metric: 1.0000
Epoch 44/50 - Val Metric: 1.0000
Epoch 45/50 - Train Loss: 0.0005 - Train Metric: 1.0000
Epoch 45/50 - Val Metric: 1.0000
Epoch 46/50 - Train Loss: 0.0005 - Train Metric: 1.0000
Epoch 46/50 - Val Metric: 1.0000
Epoch 47/50 - Train Loss: 0.0004 - Train Metric: 1.0000
Epoch 47/50 - Val Metric: 1.0000
Epoch 48/50 - Train Loss: 0.0004 - Train Metric: 1.0000
Epoch 48/50 - Val Metric: 1.0000
Epoch 49/50 - Train Loss: 0.0004 - Train Metric: 1.0000
Epoch 49/50 - Val Metric: 1.0000
Epoch 50/50 - Train Loss: 0.0004 - Train Metric: 1.0000
Epoch 50/50 - Val Metric: 1.0000
Best val: 1.0000, Best test: 0.9997
Training set has 6499 instances
Validation set has 812 instances
Test set has 813 instances
Epoch 1/50 - Train Loss: 0.4253 - Train Metric: 0.8954
Epoch 1/50 - Val Metric: 0.9846
Epoch 2/50 - Train Loss: 0.1293 - Train Metric: 0.9838
Epoch 2/50 - Val Metric: 0.9952
Epoch 3/50 - Train Loss: 0.0885 - Train Metric: 0.9901
Epoch 3/50 - Val Metric: 0.9969
Epoch 4/50 - Train Loss: 0.0621 - Train Metric: 0.9937
Epoch 4/50 - Val Metric: 0.9981
Epoch 5/50 - Train Loss: 0.0542 - Train Metric: 0.9969
Epoch 5/50 - Val Metric: 0.9993
Epoch 6/50 - Train Loss: 0.0452 - Train Metric: 0.9990
Epoch 6/50 - Val Metric: 0.9999
Epoch 7/50 - Train Loss: 0.0218 - Train Metric: 1.0000
Epoch 7/50 - Val Metric: 1.0000
Epoch 8/50 - Train Loss: 0.0116 - Train Metric: 1.0000
Epoch 8/50 - Val Metric: 1.0000
Epoch 9/50 - Train Loss: 0.0082 - Train Metric: 1.0000
Epoch 9/50 - Val Metric: 1.0000
Epoch 10/50 - Train Loss: 0.0074 - Train Metric: 1.0000
Epoch 10/50 - Val Metric: 1.0000
Epoch 11/50 - Train Loss: 0.0035 - Train Metric: 1.0000
Epoch 11/50 - Val Metric: 1.0000
Epoch 12/50 - Train Loss: 0.0094 - Train Metric: 0.9994
Epoch 12/50 - Val Metric: 1.0000
Epoch 13/50 - Train Loss: 0.0076 - Train Metric: 0.9999
Epoch 13/50 - Val Metric: 1.0000
Epoch 14/50 - Train Loss: 0.0591 - Train Metric: 0.9921
Epoch 14/50 - Val Metric: 1.0000
Epoch 15/50 - Train Loss: 0.0460 - Train Metric: 0.9985
Epoch 15/50 - Val Metric: 0.9999
Epoch 16/50 - Train Loss: 0.0099 - Train Metric: 1.0000
Epoch 16/50 - Val Metric: 1.0000
Epoch 17/50 - Train Loss: 0.0061 - Train Metric: 1.0000
Epoch 17/50 - Val Metric: 1.0000
Epoch 18/50 - Train Loss: 0.0097 - Train Metric: 0.9999
Epoch 18/50 - Val Metric: 1.0000
Epoch 19/50 - Train Loss: 0.0054 - Train Metric: 1.0000
Epoch 19/50 - Val Metric: 1.0000
Epoch 20/50 - Train Loss: 0.0039 - Train Metric: 1.0000
Epoch 20/50 - Val Metric: 1.0000
Epoch 21/50 - Train Loss: 0.0136 - Train Metric: 0.9997
Epoch 21/50 - Val Metric: 1.0000
Epoch 22/50 - Train Loss: 0.0018 - Train Metric: 1.0000
Epoch 22/50 - Val Metric: 1.0000
Epoch 23/50 - Train Loss: 0.0018 - Train Metric: 1.0000
Epoch 23/50 - Val Metric: 1.0000
Epoch 24/50 - Train Loss: 0.0015 - Train Metric: 1.0000
Epoch 24/50 - Val Metric: 1.0000
Epoch 25/50 - Train Loss: 0.0014 - Train Metric: 1.0000
Epoch 25/50 - Val Metric: 1.0000
Epoch 26/50 - Train Loss: 0.0013 - Train Metric: 1.0000
Epoch 26/50 - Val Metric: 1.0000
Epoch 27/50 - Train Loss: 0.0012 - Train Metric: 1.0000
Epoch 27/50 - Val Metric: 1.0000
Epoch 28/50 - Train Loss: 0.0011 - Train Metric: 1.0000
Epoch 28/50 - Val Metric: 1.0000
Epoch 29/50 - Train Loss: 0.0011 - Train Metric: 1.0000
Epoch 29/50 - Val Metric: 1.0000
Epoch 30/50 - Train Loss: 0.0010 - Train Metric: 1.0000
Epoch 30/50 - Val Metric: 1.0000
Epoch 31/50 - Train Loss: 0.0010 - Train Metric: 1.0000
Epoch 31/50 - Val Metric: 1.0000
Epoch 32/50 - Train Loss: 0.0009 - Train Metric: 1.0000
Epoch 32/50 - Val Metric: 1.0000
Epoch 33/50 - Train Loss: 0.0009 - Train Metric: 1.0000
Epoch 33/50 - Val Metric: 1.0000
Epoch 34/50 - Train Loss: 0.0008 - Train Metric: 1.0000
Epoch 34/50 - Val Metric: 1.0000
Epoch 35/50 - Train Loss: 0.0008 - Train Metric: 1.0000
Epoch 35/50 - Val Metric: 1.0000
Epoch 36/50 - Train Loss: 0.0008 - Train Metric: 1.0000
Epoch 36/50 - Val Metric: 1.0000
Epoch 37/50 - Train Loss: 0.0007 - Train Metric: 1.0000
Epoch 37/50 - Val Metric: 1.0000
Epoch 38/50 - Train Loss: 0.0007 - Train Metric: 1.0000
Epoch 38/50 - Val Metric: 1.0000
Epoch 39/50 - Train Loss: 0.0007 - Train Metric: 1.0000
Epoch 39/50 - Val Metric: 1.0000
Epoch 40/50 - Train Loss: 0.0007 - Train Metric: 1.0000
Epoch 40/50 - Val Metric: 1.0000
Epoch 41/50 - Train Loss: 0.0006 - Train Metric: 1.0000
Epoch 41/50 - Val Metric: 1.0000
Epoch 42/50 - Train Loss: 0.0006 - Train Metric: 1.0000
Epoch 42/50 - Val Metric: 1.0000
Epoch 43/50 - Train Loss: 0.0006 - Train Metric: 1.0000
Epoch 43/50 - Val Metric: 1.0000
Epoch 44/50 - Train Loss: 0.0006 - Train Metric: 1.0000
Epoch 44/50 - Val Metric: 1.0000
Epoch 45/50 - Train Loss: 0.0006 - Train Metric: 1.0000
Epoch 45/50 - Val Metric: 1.0000
Epoch 46/50 - Train Loss: 0.0005 - Train Metric: 1.0000
Epoch 46/50 - Val Metric: 1.0000
Epoch 47/50 - Train Loss: 0.0005 - Train Metric: 1.0000
Epoch 47/50 - Val Metric: 1.0000
Epoch 48/50 - Train Loss: 0.0005 - Train Metric: 1.0000
Epoch 48/50 - Val Metric: 1.0000
Epoch 49/50 - Train Loss: 0.0005 - Train Metric: 1.0000
Epoch 49/50 - Val Metric: 1.0000
Epoch 50/50 - Train Loss: 0.0005 - Train Metric: 1.0000
Epoch 50/50 - Val Metric: 1.0000
Best val: 1.0000, Best test: 1.0000
Training set has 6499 instances
Validation set has 812 instances
Test set has 813 instances
Epoch 1/50 - Train Loss: 0.4548 - Train Metric: 0.8764
Epoch 1/50 - Val Metric: 0.9724
Epoch 2/50 - Train Loss: 0.1500 - Train Metric: 0.9824
Epoch 2/50 - Val Metric: 0.9899
Epoch 3/50 - Train Loss: 0.0765 - Train Metric: 0.9901
Epoch 3/50 - Val Metric: 0.9954
Epoch 4/50 - Train Loss: 0.0555 - Train Metric: 0.9925
Epoch 4/50 - Val Metric: 0.9995
Epoch 5/50 - Train Loss: 0.0492 - Train Metric: 0.9967
Epoch 5/50 - Val Metric: 0.9996
Epoch 6/50 - Train Loss: 0.0435 - Train Metric: 0.9991
Epoch 6/50 - Val Metric: 0.9998
Epoch 7/50 - Train Loss: 0.0241 - Train Metric: 0.9999
Epoch 7/50 - Val Metric: 1.0000
Epoch 8/50 - Train Loss: 0.0096 - Train Metric: 1.0000
Epoch 8/50 - Val Metric: 1.0000
Epoch 9/50 - Train Loss: 0.0076 - Train Metric: 1.0000
Epoch 9/50 - Val Metric: 1.0000
Epoch 10/50 - Train Loss: 0.0413 - Train Metric: 0.9974
Epoch 10/50 - Val Metric: 1.0000
Epoch 11/50 - Train Loss: 0.1717 - Train Metric: 0.9748
Epoch 11/50 - Val Metric: 0.9898
Epoch 12/50 - Train Loss: 0.0777 - Train Metric: 0.9853
Epoch 12/50 - Val Metric: 0.9915
Epoch 13/50 - Train Loss: 0.0556 - Train Metric: 0.9915
Epoch 13/50 - Val Metric: 0.9955
Epoch 14/50 - Train Loss: 0.0521 - Train Metric: 0.9937
Epoch 14/50 - Val Metric: 0.9993
Epoch 15/50 - Train Loss: 0.0477 - Train Metric: 0.9962
Epoch 15/50 - Val Metric: 1.0000
Epoch 16/50 - Train Loss: 0.0453 - Train Metric: 0.9986
Epoch 16/50 - Val Metric: 1.0000
Epoch 17/50 - Train Loss: 0.0350 - Train Metric: 0.9998
Epoch 17/50 - Val Metric: 1.0000
Epoch 18/50 - Train Loss: 0.0111 - Train Metric: 1.0000
Epoch 18/50 - Val Metric: 1.0000
Epoch 19/50 - Train Loss: 0.0050 - Train Metric: 1.0000
Epoch 19/50 - Val Metric: 1.0000
Epoch 20/50 - Train Loss: 0.0026 - Train Metric: 1.0000
Epoch 20/50 - Val Metric: 1.0000
Epoch 21/50 - Train Loss: 0.0022 - Train Metric: 1.0000
Epoch 21/50 - Val Metric: 1.0000
Epoch 22/50 - Train Loss: 0.0020 - Train Metric: 1.0000
Epoch 22/50 - Val Metric: 1.0000
Epoch 23/50 - Train Loss: 0.0016 - Train Metric: 1.0000
Epoch 23/50 - Val Metric: 1.0000
Epoch 24/50 - Train Loss: 0.0015 - Train Metric: 1.0000
Epoch 24/50 - Val Metric: 1.0000
Epoch 25/50 - Train Loss: 0.0014 - Train Metric: 1.0000
Epoch 25/50 - Val Metric: 1.0000
Epoch 26/50 - Train Loss: 0.0013 - Train Metric: 1.0000
Epoch 26/50 - Val Metric: 1.0000
Epoch 27/50 - Train Loss: 0.0012 - Train Metric: 1.0000
Epoch 27/50 - Val Metric: 1.0000
Epoch 28/50 - Train Loss: 0.0011 - Train Metric: 1.0000
Epoch 28/50 - Val Metric: 1.0000
Epoch 29/50 - Train Loss: 0.0010 - Train Metric: 1.0000
Epoch 29/50 - Val Metric: 1.0000
Epoch 30/50 - Train Loss: 0.0010 - Train Metric: 1.0000
Epoch 30/50 - Val Metric: 1.0000
Epoch 31/50 - Train Loss: 0.0009 - Train Metric: 1.0000
Epoch 31/50 - Val Metric: 1.0000
Epoch 32/50 - Train Loss: 0.0009 - Train Metric: 1.0000
Epoch 32/50 - Val Metric: 1.0000
Epoch 33/50 - Train Loss: 0.0008 - Train Metric: 1.0000
Epoch 33/50 - Val Metric: 1.0000
Epoch 34/50 - Train Loss: 0.0008 - Train Metric: 1.0000
Epoch 34/50 - Val Metric: 1.0000
Epoch 35/50 - Train Loss: 0.0008 - Train Metric: 1.0000
Epoch 35/50 - Val Metric: 1.0000
Epoch 36/50 - Train Loss: 0.0007 - Train Metric: 1.0000
Epoch 36/50 - Val Metric: 1.0000
Epoch 37/50 - Train Loss: 0.0007 - Train Metric: 1.0000
Epoch 37/50 - Val Metric: 1.0000
Epoch 38/50 - Train Loss: 0.0007 - Train Metric: 1.0000
Epoch 38/50 - Val Metric: 1.0000
Epoch 39/50 - Train Loss: 0.0007 - Train Metric: 1.0000
Epoch 39/50 - Val Metric: 1.0000
Epoch 40/50 - Train Loss: 0.0006 - Train Metric: 1.0000
Epoch 40/50 - Val Metric: 1.0000
Epoch 41/50 - Train Loss: 0.0006 - Train Metric: 1.0000
Epoch 41/50 - Val Metric: 1.0000
Epoch 42/50 - Train Loss: 0.0006 - Train Metric: 1.0000
Epoch 42/50 - Val Metric: 1.0000
Epoch 43/50 - Train Loss: 0.0006 - Train Metric: 1.0000
Epoch 43/50 - Val Metric: 1.0000
Epoch 44/50 - Train Loss: 0.0006 - Train Metric: 1.0000
Epoch 44/50 - Val Metric: 1.0000
Epoch 45/50 - Train Loss: 0.0005 - Train Metric: 1.0000
Epoch 45/50 - Val Metric: 1.0000
Epoch 46/50 - Train Loss: 0.0005 - Train Metric: 1.0000
Epoch 46/50 - Val Metric: 1.0000
Epoch 47/50 - Train Loss: 0.0005 - Train Metric: 1.0000
Epoch 47/50 - Val Metric: 1.0000
Epoch 48/50 - Train Loss: 0.0005 - Train Metric: 1.0000
Epoch 48/50 - Val Metric: 1.0000
Epoch 49/50 - Train Loss: 0.0005 - Train Metric: 1.0000
Epoch 49/50 - Val Metric: 1.0000
Epoch 50/50 - Train Loss: 0.0005 - Train Metric: 1.0000
Epoch 50/50 - Val Metric: 1.0000
Best val: 1.0000, Best test: 1.0000
Training set has 6499 instances
Validation set has 812 instances
Test set has 813 instances
Epoch 1/50 - Train Loss: 0.4614 - Train Metric: 0.8724
Epoch 1/50 - Val Metric: 0.9819
Epoch 2/50 - Train Loss: 0.1215 - Train Metric: 0.9851
Epoch 2/50 - Val Metric: 0.9955
Epoch 3/50 - Train Loss: 0.0716 - Train Metric: 0.9921
Epoch 3/50 - Val Metric: 0.9973
Epoch 4/50 - Train Loss: 0.0555 - Train Metric: 0.9951
Epoch 4/50 - Val Metric: 0.9992
Epoch 5/50 - Train Loss: 0.0461 - Train Metric: 0.9984
Epoch 5/50 - Val Metric: 0.9999
Epoch 6/50 - Train Loss: 0.0226 - Train Metric: 0.9997
Epoch 6/50 - Val Metric: 1.0000
Epoch 7/50 - Train Loss: 0.0090 - Train Metric: 1.0000
Epoch 7/50 - Val Metric: 1.0000
Epoch 8/50 - Train Loss: 0.0194 - Train Metric: 0.9996
Epoch 8/50 - Val Metric: 1.0000
Epoch 9/50 - Train Loss: 0.0877 - Train Metric: 0.9886
Epoch 9/50 - Val Metric: 1.0000
Epoch 10/50 - Train Loss: 0.0187 - Train Metric: 0.9990
Epoch 10/50 - Val Metric: 1.0000
Epoch 11/50 - Train Loss: 0.0079 - Train Metric: 1.0000
Epoch 11/50 - Val Metric: 1.0000
Epoch 12/50 - Train Loss: 0.0451 - Train Metric: 0.9945
Epoch 12/50 - Val Metric: 1.0000
Epoch 13/50 - Train Loss: 0.0312 - Train Metric: 0.9991
Epoch 13/50 - Val Metric: 1.0000
Epoch 14/50 - Train Loss: 0.0065 - Train Metric: 1.0000
Epoch 14/50 - Val Metric: 1.0000
Epoch 15/50 - Train Loss: 0.0163 - Train Metric: 0.9989
Epoch 15/50 - Val Metric: 0.9999
Epoch 16/50 - Train Loss: 0.0610 - Train Metric: 0.9960
Epoch 16/50 - Val Metric: 1.0000
Epoch 17/50 - Train Loss: 0.0110 - Train Metric: 1.0000
Epoch 17/50 - Val Metric: 1.0000
Epoch 18/50 - Train Loss: 0.0054 - Train Metric: 1.0000
Epoch 18/50 - Val Metric: 1.0000
Epoch 19/50 - Train Loss: 0.0041 - Train Metric: 1.0000
Epoch 19/50 - Val Metric: 1.0000
Epoch 20/50 - Train Loss: 0.0024 - Train Metric: 1.0000
Epoch 20/50 - Val Metric: 1.0000
Epoch 21/50 - Train Loss: 0.0022 - Train Metric: 1.0000
Epoch 21/50 - Val Metric: 1.0000
Epoch 22/50 - Train Loss: 0.0020 - Train Metric: 1.0000
Epoch 22/50 - Val Metric: 1.0000
Epoch 23/50 - Train Loss: 0.0018 - Train Metric: 1.0000
Epoch 23/50 - Val Metric: 1.0000
Epoch 24/50 - Train Loss: 0.0017 - Train Metric: 1.0000
Epoch 24/50 - Val Metric: 1.0000
Epoch 25/50 - Train Loss: 0.0016 - Train Metric: 1.0000
Epoch 25/50 - Val Metric: 1.0000
Epoch 26/50 - Train Loss: 0.0015 - Train Metric: 1.0000
Epoch 26/50 - Val Metric: 1.0000
Epoch 27/50 - Train Loss: 0.0014 - Train Metric: 1.0000
Epoch 27/50 - Val Metric: 1.0000
Epoch 28/50 - Train Loss: 0.0013 - Train Metric: 1.0000
Epoch 28/50 - Val Metric: 1.0000
Epoch 29/50 - Train Loss: 0.0013 - Train Metric: 1.0000
Epoch 29/50 - Val Metric: 1.0000
Epoch 30/50 - Train Loss: 0.0012 - Train Metric: 1.0000
Epoch 30/50 - Val Metric: 1.0000
Epoch 31/50 - Train Loss: 0.0011 - Train Metric: 1.0000
Epoch 31/50 - Val Metric: 1.0000
Epoch 32/50 - Train Loss: 0.0011 - Train Metric: 1.0000
Epoch 32/50 - Val Metric: 1.0000
Epoch 33/50 - Train Loss: 0.0010 - Train Metric: 1.0000
Epoch 33/50 - Val Metric: 1.0000
Epoch 34/50 - Train Loss: 0.0010 - Train Metric: 1.0000
Epoch 34/50 - Val Metric: 1.0000
Epoch 35/50 - Train Loss: 0.0009 - Train Metric: 1.0000
Epoch 35/50 - Val Metric: 1.0000
Epoch 36/50 - Train Loss: 0.0009 - Train Metric: 1.0000
Epoch 36/50 - Val Metric: 1.0000
Epoch 37/50 - Train Loss: 0.0009 - Train Metric: 1.0000
Epoch 37/50 - Val Metric: 1.0000
Epoch 38/50 - Train Loss: 0.0008 - Train Metric: 1.0000
Epoch 38/50 - Val Metric: 1.0000
Epoch 39/50 - Train Loss: 0.0008 - Train Metric: 1.0000
Epoch 39/50 - Val Metric: 1.0000
Epoch 40/50 - Train Loss: 0.0008 - Train Metric: 1.0000
Epoch 40/50 - Val Metric: 1.0000
Epoch 41/50 - Train Loss: 0.0007 - Train Metric: 1.0000
Epoch 41/50 - Val Metric: 1.0000
Epoch 42/50 - Train Loss: 0.0007 - Train Metric: 1.0000
Epoch 42/50 - Val Metric: 1.0000
Epoch 43/50 - Train Loss: 0.0007 - Train Metric: 1.0000
Epoch 43/50 - Val Metric: 1.0000
Epoch 44/50 - Train Loss: 0.0007 - Train Metric: 1.0000
Epoch 44/50 - Val Metric: 1.0000
Epoch 45/50 - Train Loss: 0.0006 - Train Metric: 1.0000
Epoch 45/50 - Val Metric: 1.0000
Epoch 46/50 - Train Loss: 0.0006 - Train Metric: 1.0000
Epoch 46/50 - Val Metric: 1.0000
Epoch 47/50 - Train Loss: 0.0006 - Train Metric: 1.0000
Epoch 47/50 - Val Metric: 1.0000
Epoch 48/50 - Train Loss: 0.0006 - Train Metric: 1.0000
Epoch 48/50 - Val Metric: 1.0000
Epoch 49/50 - Train Loss: 0.0006 - Train Metric: 1.0000
Epoch 49/50 - Val Metric: 1.0000
Epoch 50/50 - Train Loss: 0.0005 - Train Metric: 1.0000
Epoch 50/50 - Val Metric: 1.0000
Best val: 1.0000, Best test: 1.0000
[0.9984386  0.99967086 1.         1.         0.99998176]
