Hyper-parameter search via Optuna
Namespace(task_type='binary_classification', scale='small', idx=1, epochs=50, num_trials=20, num_repeats=5, seed=0, exp_name='MemPerceiver_ens', result_path='output/binary_classification/small/1/MemPerceiver_ens.pt')
Device: cuda
Start building binary_classification dataset_small_1
Training set has 6499 instances
Validation set has 812 instances
Test set has 813 instances
Epoch 1/50 - Train Loss: 0.4999 - Train Metric: 0.8404
Epoch 1/50 - Val Metric: 0.9820
Epoch 2/50 - Train Loss: 0.1331 - Train Metric: 0.9852
Epoch 2/50 - Val Metric: 0.9916
Epoch 3/50 - Train Loss: 0.0836 - Train Metric: 0.9852
Epoch 3/50 - Val Metric: 0.9948
Epoch 4/50 - Train Loss: 0.0788 - Train Metric: 0.9897
Epoch 4/50 - Val Metric: 0.9952
Epoch 5/50 - Train Loss: 0.0772 - Train Metric: 0.9899
Epoch 5/50 - Val Metric: 0.9951
Epoch 6/50 - Train Loss: 0.0693 - Train Metric: 0.9922
Epoch 6/50 - Val Metric: 0.9987
Epoch 7/50 - Train Loss: 0.0556 - Train Metric: 0.9981
Epoch 7/50 - Val Metric: 0.9994
Epoch 8/50 - Train Loss: 0.0344 - Train Metric: 0.9996
Epoch 8/50 - Val Metric: 0.9999
Epoch 9/50 - Train Loss: 0.0204 - Train Metric: 0.9998
Epoch 9/50 - Val Metric: 1.0000
Epoch 10/50 - Train Loss: 0.0174 - Train Metric: 0.9999
Epoch 10/50 - Val Metric: 1.0000
Epoch 11/50 - Train Loss: 0.0131 - Train Metric: 1.0000
Epoch 11/50 - Val Metric: 1.0000
Epoch 12/50 - Train Loss: 0.0108 - Train Metric: 1.0000
Epoch 12/50 - Val Metric: 1.0000
Epoch 13/50 - Train Loss: 0.0112 - Train Metric: 1.0000
Epoch 13/50 - Val Metric: 1.0000
Epoch 14/50 - Train Loss: 0.0060 - Train Metric: 1.0000
Epoch 14/50 - Val Metric: 1.0000
Epoch 15/50 - Train Loss: 0.0058 - Train Metric: 1.0000
Epoch 15/50 - Val Metric: 1.0000
Epoch 16/50 - Train Loss: 0.0056 - Train Metric: 1.0000
Epoch 16/50 - Val Metric: 1.0000
Epoch 17/50 - Train Loss: 0.0035 - Train Metric: 1.0000
Epoch 17/50 - Val Metric: 1.0000
Epoch 18/50 - Train Loss: 0.0031 - Train Metric: 1.0000
Epoch 18/50 - Val Metric: 1.0000
Epoch 19/50 - Train Loss: 0.0028 - Train Metric: 1.0000
Epoch 19/50 - Val Metric: 1.0000
Epoch 20/50 - Train Loss: 0.0026 - Train Metric: 1.0000
Epoch 20/50 - Val Metric: 1.0000
Epoch 21/50 - Train Loss: 0.0025 - Train Metric: 1.0000
Epoch 21/50 - Val Metric: 1.0000
Epoch 22/50 - Train Loss: 0.0023 - Train Metric: 1.0000
Epoch 22/50 - Val Metric: 1.0000
Epoch 23/50 - Train Loss: 0.0022 - Train Metric: 1.0000
Epoch 23/50 - Val Metric: 1.0000
Epoch 24/50 - Train Loss: 0.0021 - Train Metric: 1.0000
Epoch 24/50 - Val Metric: 1.0000
Epoch 25/50 - Train Loss: 0.0020 - Train Metric: 1.0000
Epoch 25/50 - Val Metric: 1.0000
Epoch 26/50 - Train Loss: 0.0019 - Train Metric: 1.0000
Epoch 26/50 - Val Metric: 1.0000
Epoch 27/50 - Train Loss: 0.0018 - Train Metric: 1.0000
Epoch 27/50 - Val Metric: 1.0000
Epoch 28/50 - Train Loss: 0.0018 - Train Metric: 1.0000
Epoch 28/50 - Val Metric: 1.0000
Epoch 29/50 - Train Loss: 0.0017 - Train Metric: 1.0000
Epoch 29/50 - Val Metric: 1.0000
Epoch 30/50 - Train Loss: 0.0016 - Train Metric: 1.0000
Epoch 30/50 - Val Metric: 1.0000
Epoch 31/50 - Train Loss: 0.0016 - Train Metric: 1.0000
Epoch 31/50 - Val Metric: 1.0000
Epoch 32/50 - Train Loss: 0.0015 - Train Metric: 1.0000
Epoch 32/50 - Val Metric: 1.0000
Epoch 33/50 - Train Loss: 0.0015 - Train Metric: 1.0000
Epoch 33/50 - Val Metric: 1.0000
Epoch 34/50 - Train Loss: 0.0015 - Train Metric: 1.0000
Epoch 34/50 - Val Metric: 1.0000
Epoch 35/50 - Train Loss: 0.0014 - Train Metric: 1.0000
Epoch 35/50 - Val Metric: 1.0000
Epoch 36/50 - Train Loss: 0.0014 - Train Metric: 1.0000
Epoch 36/50 - Val Metric: 1.0000
Epoch 37/50 - Train Loss: 0.0014 - Train Metric: 1.0000
Epoch 37/50 - Val Metric: 1.0000
Epoch 38/50 - Train Loss: 0.0013 - Train Metric: 1.0000
Epoch 38/50 - Val Metric: 1.0000
Epoch 39/50 - Train Loss: 0.0013 - Train Metric: 1.0000
Epoch 39/50 - Val Metric: 1.0000
Epoch 40/50 - Train Loss: 0.0013 - Train Metric: 1.0000
Epoch 40/50 - Val Metric: 1.0000
Epoch 41/50 - Train Loss: 0.0012 - Train Metric: 1.0000
Epoch 41/50 - Val Metric: 1.0000
Epoch 42/50 - Train Loss: 0.0012 - Train Metric: 1.0000
Epoch 42/50 - Val Metric: 1.0000
Epoch 43/50 - Train Loss: 0.0012 - Train Metric: 1.0000
Epoch 43/50 - Val Metric: 1.0000
Epoch 44/50 - Train Loss: 0.0012 - Train Metric: 1.0000
Epoch 44/50 - Val Metric: 1.0000
Epoch 45/50 - Train Loss: 0.0012 - Train Metric: 1.0000
Epoch 45/50 - Val Metric: 1.0000
Epoch 46/50 - Train Loss: 0.0011 - Train Metric: 1.0000
Epoch 46/50 - Val Metric: 1.0000
Epoch 47/50 - Train Loss: 0.0011 - Train Metric: 1.0000
Epoch 47/50 - Val Metric: 1.0000
Epoch 48/50 - Train Loss: 0.0011 - Train Metric: 1.0000
Epoch 48/50 - Val Metric: 1.0000
Epoch 49/50 - Train Loss: 0.0011 - Train Metric: 1.0000
Epoch 49/50 - Val Metric: 1.0000
Epoch 50/50 - Train Loss: 0.0011 - Train Metric: 1.0000
Epoch 50/50 - Val Metric: 1.0000
Best val: 1.0000, Best test: 0.9999
Training set has 6499 instances
Validation set has 812 instances
Test set has 813 instances
Epoch 1/50 - Train Loss: 0.7171 - Train Metric: 0.5294
Epoch 1/50 - Val Metric: 0.8978
Epoch 2/50 - Train Loss: 0.4751 - Train Metric: 0.8889
Epoch 2/50 - Val Metric: 0.9423
Epoch 3/50 - Train Loss: 0.2510 - Train Metric: 0.9683
Epoch 3/50 - Val Metric: 0.9815
Epoch 4/50 - Train Loss: 0.1517 - Train Metric: 0.9863
Epoch 4/50 - Val Metric: 0.9853
Epoch 5/50 - Train Loss: 0.1187 - Train Metric: 0.9873
Epoch 5/50 - Val Metric: 0.9877
Epoch 6/50 - Train Loss: 0.0989 - Train Metric: 0.9895
Epoch 6/50 - Val Metric: 0.9894
Epoch 7/50 - Train Loss: 0.0936 - Train Metric: 0.9883
Epoch 7/50 - Val Metric: 0.9885
Epoch 8/50 - Train Loss: 0.0867 - Train Metric: 0.9891
Epoch 8/50 - Val Metric: 0.9896
Epoch 9/50 - Train Loss: 0.0793 - Train Metric: 0.9920
Epoch 9/50 - Val Metric: 0.9913
Epoch 10/50 - Train Loss: 0.0726 - Train Metric: 0.9919
Epoch 10/50 - Val Metric: 0.9930
Epoch 11/50 - Train Loss: 0.0766 - Train Metric: 0.9938
Epoch 11/50 - Val Metric: 0.9948
Epoch 12/50 - Train Loss: 0.0658 - Train Metric: 0.9944
Epoch 12/50 - Val Metric: 0.9968
Epoch 13/50 - Train Loss: 0.0662 - Train Metric: 0.9951
Epoch 13/50 - Val Metric: 0.9984
Epoch 14/50 - Train Loss: 0.0560 - Train Metric: 0.9972
Epoch 14/50 - Val Metric: 0.9992
Epoch 15/50 - Train Loss: 0.0440 - Train Metric: 0.9983
Epoch 15/50 - Val Metric: 0.9997
Epoch 16/50 - Train Loss: 0.0455 - Train Metric: 0.9982
Epoch 16/50 - Val Metric: 0.9999
Epoch 17/50 - Train Loss: 0.0368 - Train Metric: 0.9983
Epoch 17/50 - Val Metric: 0.9999
Epoch 18/50 - Train Loss: 0.0363 - Train Metric: 0.9980
Epoch 18/50 - Val Metric: 0.9999
Epoch 19/50 - Train Loss: 0.0294 - Train Metric: 0.9987
Epoch 19/50 - Val Metric: 1.0000
Epoch 20/50 - Train Loss: 0.0263 - Train Metric: 0.9987
Epoch 20/50 - Val Metric: 1.0000
Epoch 21/50 - Train Loss: 0.0309 - Train Metric: 0.9989
Epoch 21/50 - Val Metric: 1.0000
Epoch 22/50 - Train Loss: 0.0238 - Train Metric: 0.9985
Epoch 22/50 - Val Metric: 1.0000
Epoch 23/50 - Train Loss: 0.0230 - Train Metric: 0.9988
Epoch 23/50 - Val Metric: 1.0000
Epoch 24/50 - Train Loss: 0.0245 - Train Metric: 0.9988
Epoch 24/50 - Val Metric: 1.0000
Epoch 25/50 - Train Loss: 0.0198 - Train Metric: 0.9991
Epoch 25/50 - Val Metric: 1.0000
Epoch 26/50 - Train Loss: 0.0201 - Train Metric: 0.9987
Epoch 26/50 - Val Metric: 1.0000
Epoch 27/50 - Train Loss: 0.0212 - Train Metric: 0.9986
Epoch 27/50 - Val Metric: 1.0000
Epoch 28/50 - Train Loss: 0.0172 - Train Metric: 0.9988
Epoch 28/50 - Val Metric: 1.0000
Epoch 29/50 - Train Loss: 0.0192 - Train Metric: 0.9987
Epoch 29/50 - Val Metric: 1.0000
Epoch 30/50 - Train Loss: 0.0172 - Train Metric: 0.9993
Epoch 30/50 - Val Metric: 1.0000
Epoch 31/50 - Train Loss: 0.0185 - Train Metric: 0.9991
Epoch 31/50 - Val Metric: 1.0000
Epoch 32/50 - Train Loss: 0.0156 - Train Metric: 0.9989
Epoch 32/50 - Val Metric: 1.0000
Epoch 33/50 - Train Loss: 0.0179 - Train Metric: 0.9990
Epoch 33/50 - Val Metric: 1.0000
Epoch 34/50 - Train Loss: 0.0167 - Train Metric: 0.9991
Epoch 34/50 - Val Metric: 1.0000
Epoch 35/50 - Train Loss: 0.0132 - Train Metric: 0.9986
Epoch 35/50 - Val Metric: 1.0000
Epoch 36/50 - Train Loss: 0.0136 - Train Metric: 0.9988
Epoch 36/50 - Val Metric: 1.0000
Epoch 37/50 - Train Loss: 0.0130 - Train Metric: 0.9991
Epoch 37/50 - Val Metric: 1.0000
Epoch 38/50 - Train Loss: 0.0131 - Train Metric: 0.9993
Epoch 38/50 - Val Metric: 1.0000
Epoch 39/50 - Train Loss: 0.0158 - Train Metric: 0.9991
Epoch 39/50 - Val Metric: 1.0000
Epoch 40/50 - Train Loss: 0.0127 - Train Metric: 0.9991
Epoch 40/50 - Val Metric: 1.0000
Epoch 41/50 - Train Loss: 0.0131 - Train Metric: 0.9992
Epoch 41/50 - Val Metric: 1.0000
Epoch 42/50 - Train Loss: 0.0154 - Train Metric: 0.9989
Epoch 42/50 - Val Metric: 1.0000
Epoch 43/50 - Train Loss: 0.0138 - Train Metric: 0.9988
Epoch 43/50 - Val Metric: 1.0000
Epoch 44/50 - Train Loss: 0.0108 - Train Metric: 0.9984
Epoch 44/50 - Val Metric: 1.0000
Epoch 45/50 - Train Loss: 0.0122 - Train Metric: 0.9989
Epoch 45/50 - Val Metric: 1.0000
Epoch 46/50 - Train Loss: 0.0122 - Train Metric: 0.9986
Epoch 46/50 - Val Metric: 1.0000
Epoch 47/50 - Train Loss: 0.0122 - Train Metric: 0.9987
Epoch 47/50 - Val Metric: 1.0000
Epoch 48/50 - Train Loss: 0.0182 - Train Metric: 0.9992
Epoch 48/50 - Val Metric: 1.0000
Epoch 49/50 - Train Loss: 0.0115 - Train Metric: 0.9987
Epoch 49/50 - Val Metric: 1.0000
Epoch 50/50 - Train Loss: 0.0117 - Train Metric: 0.9992
Epoch 50/50 - Val Metric: 1.0000
Best val: 1.0000, Best test: 0.9995
Training set has 6499 instances
Validation set has 812 instances
Test set has 813 instances
Epoch 1/50 - Train Loss: 0.2705 - Train Metric: 0.9525
Epoch 1/50 - Val Metric: 0.9979
Epoch 2/50 - Train Loss: 0.0267 - Train Metric: 0.9988
Epoch 2/50 - Val Metric: 0.9999
Epoch 3/50 - Train Loss: 0.0104 - Train Metric: 0.9998
Epoch 3/50 - Val Metric: 0.9999
Epoch 4/50 - Train Loss: 0.0073 - Train Metric: 0.9999
Epoch 4/50 - Val Metric: 1.0000
Epoch 5/50 - Train Loss: 0.0061 - Train Metric: 0.9997
Epoch 5/50 - Val Metric: 1.0000
Epoch 6/50 - Train Loss: 0.0045 - Train Metric: 1.0000
Epoch 6/50 - Val Metric: 1.0000
Epoch 7/50 - Train Loss: 0.0092 - Train Metric: 0.9999
Epoch 7/50 - Val Metric: 1.0000
Epoch 8/50 - Train Loss: 0.0022 - Train Metric: 1.0000
Epoch 8/50 - Val Metric: 1.0000
Epoch 9/50 - Train Loss: 0.0059 - Train Metric: 0.9997
Epoch 9/50 - Val Metric: 1.0000
Epoch 10/50 - Train Loss: 0.0007 - Train Metric: 1.0000
Epoch 10/50 - Val Metric: 1.0000
Epoch 11/50 - Train Loss: 0.0015 - Train Metric: 1.0000
Epoch 11/50 - Val Metric: 1.0000
Epoch 12/50 - Train Loss: 0.0002 - Train Metric: 1.0000
Epoch 12/50 - Val Metric: 1.0000
Epoch 13/50 - Train Loss: 0.0002 - Train Metric: 1.0000
Epoch 13/50 - Val Metric: 1.0000
Epoch 14/50 - Train Loss: 0.0001 - Train Metric: 1.0000
Epoch 14/50 - Val Metric: 1.0000
Epoch 15/50 - Train Loss: 0.0001 - Train Metric: 1.0000
Epoch 15/50 - Val Metric: 1.0000
Epoch 16/50 - Train Loss: 0.0001 - Train Metric: 1.0000
Epoch 16/50 - Val Metric: 1.0000
Epoch 17/50 - Train Loss: 0.0014 - Train Metric: 1.0000
Epoch 17/50 - Val Metric: 1.0000
Epoch 18/50 - Train Loss: 0.0003 - Train Metric: 1.0000
Epoch 18/50 - Val Metric: 1.0000
Epoch 19/50 - Train Loss: 0.0008 - Train Metric: 1.0000
Epoch 19/50 - Val Metric: 1.0000
Epoch 20/50 - Train Loss: 0.0001 - Train Metric: 1.0000
Epoch 20/50 - Val Metric: 1.0000
Epoch 21/50 - Train Loss: 0.0013 - Train Metric: 1.0000
Epoch 21/50 - Val Metric: 1.0000
Epoch 22/50 - Train Loss: 0.0002 - Train Metric: 1.0000
Epoch 22/50 - Val Metric: 1.0000
Epoch 23/50 - Train Loss: 0.0010 - Train Metric: 1.0000
Epoch 23/50 - Val Metric: 1.0000
Epoch 24/50 - Train Loss: 0.0002 - Train Metric: 1.0000
Epoch 24/50 - Val Metric: 1.0000
Epoch 25/50 - Train Loss: 0.0001 - Train Metric: 1.0000
Epoch 25/50 - Val Metric: 1.0000
Epoch 26/50 - Train Loss: 0.0001 - Train Metric: 1.0000
Epoch 26/50 - Val Metric: 1.0000
Epoch 27/50 - Train Loss: 0.0001 - Train Metric: 1.0000
Epoch 27/50 - Val Metric: 1.0000
Epoch 28/50 - Train Loss: 0.0001 - Train Metric: 1.0000
Epoch 28/50 - Val Metric: 1.0000
Epoch 29/50 - Train Loss: 0.0001 - Train Metric: 1.0000
Epoch 29/50 - Val Metric: 1.0000
Epoch 30/50 - Train Loss: 0.0008 - Train Metric: 1.0000
Epoch 30/50 - Val Metric: 1.0000
Epoch 31/50 - Train Loss: 0.0002 - Train Metric: 1.0000
Epoch 31/50 - Val Metric: 1.0000
Epoch 32/50 - Train Loss: 0.0001 - Train Metric: 1.0000
Epoch 32/50 - Val Metric: 1.0000
Epoch 33/50 - Train Loss: 0.0001 - Train Metric: 1.0000
Epoch 33/50 - Val Metric: 1.0000
Epoch 34/50 - Train Loss: 0.0001 - Train Metric: 1.0000
Epoch 34/50 - Val Metric: 1.0000
Epoch 35/50 - Train Loss: 0.0001 - Train Metric: 1.0000
Epoch 35/50 - Val Metric: 1.0000
Epoch 36/50 - Train Loss: 0.0006 - Train Metric: 1.0000
Epoch 36/50 - Val Metric: 1.0000
Epoch 37/50 - Train Loss: 0.0002 - Train Metric: 1.0000
Epoch 37/50 - Val Metric: 1.0000
Epoch 38/50 - Train Loss: 0.0001 - Train Metric: 1.0000
Epoch 38/50 - Val Metric: 1.0000
Epoch 39/50 - Train Loss: 0.0001 - Train Metric: 1.0000
Epoch 39/50 - Val Metric: 1.0000
Epoch 40/50 - Train Loss: 0.0001 - Train Metric: 1.0000
Epoch 40/50 - Val Metric: 1.0000
Epoch 41/50 - Train Loss: 0.0001 - Train Metric: 1.0000
Epoch 41/50 - Val Metric: 1.0000
Epoch 42/50 - Train Loss: 0.0001 - Train Metric: 1.0000
Epoch 42/50 - Val Metric: 1.0000
Epoch 43/50 - Train Loss: 0.0001 - Train Metric: 1.0000
Epoch 43/50 - Val Metric: 1.0000
Epoch 44/50 - Train Loss: 0.0001 - Train Metric: 1.0000
Epoch 44/50 - Val Metric: 1.0000
Epoch 45/50 - Train Loss: 0.0001 - Train Metric: 1.0000
Epoch 45/50 - Val Metric: 1.0000
Epoch 46/50 - Train Loss: 0.0001 - Train Metric: 1.0000
Epoch 46/50 - Val Metric: 1.0000
Epoch 47/50 - Train Loss: 0.0001 - Train Metric: 1.0000
Epoch 47/50 - Val Metric: 1.0000
Epoch 48/50 - Train Loss: 0.0001 - Train Metric: 1.0000
Epoch 48/50 - Val Metric: 1.0000
Epoch 49/50 - Train Loss: 0.0001 - Train Metric: 1.0000
Epoch 49/50 - Val Metric: 1.0000
Epoch 50/50 - Train Loss: 0.0001 - Train Metric: 1.0000
Epoch 50/50 - Val Metric: 1.0000
Best val: 1.0000, Best test: 1.0000
Training set has 6499 instances
Validation set has 812 instances
Test set has 813 instances
Epoch 1/50 - Train Loss: 0.1335 - Train Metric: 0.9893
Epoch 1/50 - Val Metric: 1.0000
Epoch 2/50 - Train Loss: 0.0085 - Train Metric: 1.0000
Epoch 2/50 - Val Metric: 1.0000
Epoch 3/50 - Train Loss: 0.0017 - Train Metric: 1.0000
Epoch 3/50 - Val Metric: 1.0000
Epoch 4/50 - Train Loss: 0.0010 - Train Metric: 1.0000
Epoch 4/50 - Val Metric: 1.0000
Epoch 5/50 - Train Loss: 0.0008 - Train Metric: 1.0000
Epoch 5/50 - Val Metric: 1.0000
Epoch 6/50 - Train Loss: 0.0006 - Train Metric: 1.0000
Epoch 6/50 - Val Metric: 1.0000
Epoch 7/50 - Train Loss: 0.0005 - Train Metric: 1.0000
Epoch 7/50 - Val Metric: 1.0000
Epoch 8/50 - Train Loss: 0.0005 - Train Metric: 1.0000
Epoch 8/50 - Val Metric: 1.0000
Epoch 9/50 - Train Loss: 0.0004 - Train Metric: 1.0000
Epoch 9/50 - Val Metric: 1.0000
Epoch 10/50 - Train Loss: 0.0004 - Train Metric: 1.0000
Epoch 10/50 - Val Metric: 1.0000
Epoch 11/50 - Train Loss: 0.0003 - Train Metric: 1.0000
Epoch 11/50 - Val Metric: 1.0000
Epoch 12/50 - Train Loss: 0.0003 - Train Metric: 1.0000
Epoch 12/50 - Val Metric: 1.0000
Epoch 13/50 - Train Loss: 0.0003 - Train Metric: 1.0000
Epoch 13/50 - Val Metric: 1.0000
Epoch 14/50 - Train Loss: 0.0003 - Train Metric: 1.0000
Epoch 14/50 - Val Metric: 1.0000
Epoch 15/50 - Train Loss: 0.0003 - Train Metric: 1.0000
Epoch 15/50 - Val Metric: 1.0000
Epoch 16/50 - Train Loss: 0.0003 - Train Metric: 1.0000
Epoch 16/50 - Val Metric: 1.0000
Epoch 17/50 - Train Loss: 0.0003 - Train Metric: 1.0000
Epoch 17/50 - Val Metric: 1.0000
Epoch 18/50 - Train Loss: 0.0002 - Train Metric: 1.0000
Epoch 18/50 - Val Metric: 1.0000
Epoch 19/50 - Train Loss: 0.0002 - Train Metric: 1.0000
Epoch 19/50 - Val Metric: 1.0000
Epoch 20/50 - Train Loss: 0.0002 - Train Metric: 1.0000
Epoch 20/50 - Val Metric: 1.0000
Epoch 21/50 - Train Loss: 0.0002 - Train Metric: 1.0000
Epoch 21/50 - Val Metric: 1.0000
Epoch 22/50 - Train Loss: 0.0002 - Train Metric: 1.0000
Epoch 22/50 - Val Metric: 1.0000
Epoch 23/50 - Train Loss: 0.0002 - Train Metric: 1.0000
Epoch 23/50 - Val Metric: 1.0000
Epoch 24/50 - Train Loss: 0.0002 - Train Metric: 1.0000
Epoch 24/50 - Val Metric: 1.0000
Epoch 25/50 - Train Loss: 0.0002 - Train Metric: 1.0000
Epoch 25/50 - Val Metric: 1.0000
Epoch 26/50 - Train Loss: 0.0002 - Train Metric: 1.0000
Epoch 26/50 - Val Metric: 1.0000
Epoch 27/50 - Train Loss: 0.0002 - Train Metric: 1.0000
Epoch 27/50 - Val Metric: 1.0000
Epoch 28/50 - Train Loss: 0.0002 - Train Metric: 1.0000
Epoch 28/50 - Val Metric: 1.0000
Epoch 29/50 - Train Loss: 0.0002 - Train Metric: 1.0000
Epoch 29/50 - Val Metric: 1.0000
Epoch 30/50 - Train Loss: 0.0002 - Train Metric: 1.0000
Epoch 30/50 - Val Metric: 1.0000
Epoch 31/50 - Train Loss: 0.0002 - Train Metric: 1.0000
Epoch 31/50 - Val Metric: 1.0000
Epoch 32/50 - Train Loss: 0.0002 - Train Metric: 1.0000
Epoch 32/50 - Val Metric: 1.0000
Epoch 33/50 - Train Loss: 0.0002 - Train Metric: 1.0000
Epoch 33/50 - Val Metric: 1.0000
Epoch 34/50 - Train Loss: 0.0002 - Train Metric: 1.0000
Epoch 34/50 - Val Metric: 1.0000
Epoch 35/50 - Train Loss: 0.0002 - Train Metric: 1.0000
Epoch 35/50 - Val Metric: 1.0000
Epoch 36/50 - Train Loss: 0.0002 - Train Metric: 1.0000
Epoch 36/50 - Val Metric: 1.0000
Epoch 37/50 - Train Loss: 0.0002 - Train Metric: 1.0000
Epoch 37/50 - Val Metric: 1.0000
Epoch 38/50 - Train Loss: 0.0002 - Train Metric: 1.0000
Epoch 38/50 - Val Metric: 1.0000
Epoch 39/50 - Train Loss: 0.0002 - Train Metric: 1.0000
Epoch 39/50 - Val Metric: 1.0000
Epoch 40/50 - Train Loss: 0.0002 - Train Metric: 1.0000
Epoch 40/50 - Val Metric: 1.0000
Epoch 41/50 - Train Loss: 0.0002 - Train Metric: 1.0000
Epoch 41/50 - Val Metric: 1.0000
Epoch 42/50 - Train Loss: 0.0002 - Train Metric: 1.0000
Epoch 42/50 - Val Metric: 1.0000
Epoch 43/50 - Train Loss: 0.0002 - Train Metric: 1.0000
Epoch 43/50 - Val Metric: 1.0000
Epoch 44/50 - Train Loss: 0.0002 - Train Metric: 1.0000
Epoch 44/50 - Val Metric: 1.0000
Epoch 45/50 - Train Loss: 0.0002 - Train Metric: 1.0000
Epoch 45/50 - Val Metric: 1.0000
Epoch 46/50 - Train Loss: 0.0002 - Train Metric: 1.0000
Epoch 46/50 - Val Metric: 1.0000
Epoch 47/50 - Train Loss: 0.0002 - Train Metric: 1.0000
Epoch 47/50 - Val Metric: 1.0000
Epoch 48/50 - Train Loss: 0.0002 - Train Metric: 1.0000
Epoch 48/50 - Val Metric: 1.0000
Epoch 49/50 - Train Loss: 0.0002 - Train Metric: 1.0000
Epoch 49/50 - Val Metric: 1.0000
Epoch 50/50 - Train Loss: 0.0002 - Train Metric: 1.0000
Epoch 50/50 - Val Metric: 1.0000
Best val: 1.0000, Best test: 1.0000
Training set has 6499 instances
Validation set has 812 instances
Test set has 813 instances
Epoch 1/50 - Train Loss: 0.1511 - Train Metric: 0.9862
Epoch 1/50 - Val Metric: 0.9998
Epoch 2/50 - Train Loss: 0.0117 - Train Metric: 0.9998
Epoch 2/50 - Val Metric: 1.0000
Epoch 3/50 - Train Loss: 0.0017 - Train Metric: 1.0000
Epoch 3/50 - Val Metric: 1.0000
Epoch 4/50 - Train Loss: 0.0008 - Train Metric: 1.0000
Epoch 4/50 - Val Metric: 1.0000
Epoch 5/50 - Train Loss: 0.0020 - Train Metric: 1.0000
Epoch 5/50 - Val Metric: 1.0000
Epoch 6/50 - Train Loss: 0.0032 - Train Metric: 1.0000
Epoch 6/50 - Val Metric: 1.0000
Epoch 7/50 - Train Loss: 0.0021 - Train Metric: 1.0000
Epoch 7/50 - Val Metric: 1.0000
Epoch 8/50 - Train Loss: 0.0005 - Train Metric: 1.0000
Epoch 8/50 - Val Metric: 1.0000
Epoch 9/50 - Train Loss: 0.0004 - Train Metric: 1.0000
Epoch 9/50 - Val Metric: 1.0000
Epoch 10/50 - Train Loss: 0.0004 - Train Metric: 1.0000
Epoch 10/50 - Val Metric: 1.0000
Epoch 11/50 - Train Loss: 0.0003 - Train Metric: 1.0000
Epoch 11/50 - Val Metric: 1.0000
Epoch 12/50 - Train Loss: 0.0003 - Train Metric: 1.0000
Epoch 12/50 - Val Metric: 1.0000
Epoch 13/50 - Train Loss: 0.0003 - Train Metric: 1.0000
Epoch 13/50 - Val Metric: 1.0000
Epoch 14/50 - Train Loss: 0.0003 - Train Metric: 1.0000
Epoch 14/50 - Val Metric: 1.0000
Epoch 15/50 - Train Loss: 0.0003 - Train Metric: 1.0000
Epoch 15/50 - Val Metric: 1.0000
Epoch 16/50 - Train Loss: 0.0003 - Train Metric: 1.0000
Epoch 16/50 - Val Metric: 1.0000
Epoch 17/50 - Train Loss: 0.0002 - Train Metric: 1.0000
Epoch 17/50 - Val Metric: 1.0000
Epoch 18/50 - Train Loss: 0.0002 - Train Metric: 1.0000
Epoch 18/50 - Val Metric: 1.0000
Epoch 19/50 - Train Loss: 0.0002 - Train Metric: 1.0000
Epoch 19/50 - Val Metric: 1.0000
Epoch 20/50 - Train Loss: 0.0002 - Train Metric: 1.0000
Epoch 20/50 - Val Metric: 1.0000
Epoch 21/50 - Train Loss: 0.0002 - Train Metric: 1.0000
Epoch 21/50 - Val Metric: 1.0000
Epoch 22/50 - Train Loss: 0.0002 - Train Metric: 1.0000
Epoch 22/50 - Val Metric: 1.0000
Epoch 23/50 - Train Loss: 0.0002 - Train Metric: 1.0000
Epoch 23/50 - Val Metric: 1.0000
Epoch 24/50 - Train Loss: 0.0002 - Train Metric: 1.0000
Epoch 24/50 - Val Metric: 1.0000
Epoch 25/50 - Train Loss: 0.0002 - Train Metric: 1.0000
Epoch 25/50 - Val Metric: 1.0000
Epoch 26/50 - Train Loss: 0.0002 - Train Metric: 1.0000
Epoch 26/50 - Val Metric: 1.0000
Epoch 27/50 - Train Loss: 0.0002 - Train Metric: 1.0000
Epoch 27/50 - Val Metric: 1.0000
Epoch 28/50 - Train Loss: 0.0001 - Train Metric: 1.0000
Epoch 28/50 - Val Metric: 1.0000
Epoch 29/50 - Train Loss: 0.0001 - Train Metric: 1.0000
Epoch 29/50 - Val Metric: 1.0000
Epoch 30/50 - Train Loss: 0.0001 - Train Metric: 1.0000
Epoch 30/50 - Val Metric: 1.0000
Epoch 31/50 - Train Loss: 0.0001 - Train Metric: 1.0000
Epoch 31/50 - Val Metric: 1.0000
Epoch 32/50 - Train Loss: 0.0001 - Train Metric: 1.0000
Epoch 32/50 - Val Metric: 1.0000
Epoch 33/50 - Train Loss: 0.0001 - Train Metric: 1.0000
Epoch 33/50 - Val Metric: 1.0000
Epoch 34/50 - Train Loss: 0.0001 - Train Metric: 1.0000
Epoch 34/50 - Val Metric: 1.0000
Epoch 35/50 - Train Loss: 0.0001 - Train Metric: 1.0000
Epoch 35/50 - Val Metric: 1.0000
Epoch 36/50 - Train Loss: 0.0001 - Train Metric: 1.0000
Epoch 36/50 - Val Metric: 1.0000
Epoch 37/50 - Train Loss: 0.0001 - Train Metric: 1.0000
Epoch 37/50 - Val Metric: 1.0000
Epoch 38/50 - Train Loss: 0.0001 - Train Metric: 1.0000
Epoch 38/50 - Val Metric: 1.0000
Epoch 39/50 - Train Loss: 0.0001 - Train Metric: 1.0000
Epoch 39/50 - Val Metric: 1.0000
Epoch 40/50 - Train Loss: 0.0001 - Train Metric: 1.0000
Epoch 40/50 - Val Metric: 1.0000
Epoch 41/50 - Train Loss: 0.0001 - Train Metric: 1.0000
Epoch 41/50 - Val Metric: 1.0000
Epoch 42/50 - Train Loss: 0.0001 - Train Metric: 1.0000
Epoch 42/50 - Val Metric: 1.0000
Epoch 43/50 - Train Loss: 0.0001 - Train Metric: 1.0000
Epoch 43/50 - Val Metric: 1.0000
Epoch 44/50 - Train Loss: 0.0001 - Train Metric: 1.0000
Epoch 44/50 - Val Metric: 1.0000
Epoch 45/50 - Train Loss: 0.0001 - Train Metric: 1.0000
Epoch 45/50 - Val Metric: 1.0000
Epoch 46/50 - Train Loss: 0.0001 - Train Metric: 1.0000
Epoch 46/50 - Val Metric: 1.0000
Epoch 47/50 - Train Loss: 0.0001 - Train Metric: 1.0000
Epoch 47/50 - Val Metric: 1.0000
Epoch 48/50 - Train Loss: 0.0001 - Train Metric: 1.0000
Epoch 48/50 - Val Metric: 1.0000
Epoch 49/50 - Train Loss: 0.0001 - Train Metric: 1.0000
Epoch 49/50 - Val Metric: 1.0000
Epoch 50/50 - Train Loss: 0.0001 - Train Metric: 1.0000
Epoch 50/50 - Val Metric: 1.0000
Best val: 1.0000, Best test: 1.0000
Training set has 6499 instances
Validation set has 812 instances
Test set has 813 instances
Epoch 1/50 - Train Loss: 0.2292 - Train Metric: 0.9684
Epoch 1/50 - Val Metric: 0.9999
Epoch 2/50 - Train Loss: 0.0262 - Train Metric: 0.9996
Epoch 2/50 - Val Metric: 1.0000
Epoch 3/50 - Train Loss: 0.0108 - Train Metric: 1.0000
Epoch 3/50 - Val Metric: 1.0000
Epoch 4/50 - Train Loss: 0.0112 - Train Metric: 0.9999
Epoch 4/50 - Val Metric: 1.0000
Epoch 5/50 - Train Loss: 0.0079 - Train Metric: 1.0000
Epoch 5/50 - Val Metric: 1.0000
Epoch 6/50 - Train Loss: 0.0342 - Train Metric: 0.9981
Epoch 6/50 - Val Metric: 1.0000
Epoch 7/50 - Train Loss: 0.0045 - Train Metric: 1.0000
Epoch 7/50 - Val Metric: 1.0000
Epoch 8/50 - Train Loss: 0.0039 - Train Metric: 1.0000
Epoch 8/50 - Val Metric: 1.0000
Epoch 9/50 - Train Loss: 0.0048 - Train Metric: 1.0000
Epoch 9/50 - Val Metric: 1.0000
Epoch 10/50 - Train Loss: 0.0026 - Train Metric: 1.0000
Epoch 10/50 - Val Metric: 1.0000
Epoch 11/50 - Train Loss: 0.0019 - Train Metric: 1.0000
Epoch 11/50 - Val Metric: 1.0000
Epoch 12/50 - Train Loss: 0.0024 - Train Metric: 1.0000
Epoch 12/50 - Val Metric: 1.0000
Epoch 13/50 - Train Loss: 0.0020 - Train Metric: 1.0000
Epoch 13/50 - Val Metric: 1.0000
Epoch 14/50 - Train Loss: 0.0013 - Train Metric: 1.0000
Epoch 14/50 - Val Metric: 1.0000
Epoch 15/50 - Train Loss: 0.0016 - Train Metric: 1.0000
Epoch 15/50 - Val Metric: 1.0000
Epoch 16/50 - Train Loss: 0.0014 - Train Metric: 1.0000
Epoch 16/50 - Val Metric: 1.0000
Epoch 17/50 - Train Loss: 0.0011 - Train Metric: 1.0000
Epoch 17/50 - Val Metric: 1.0000
Epoch 18/50 - Train Loss: 0.0011 - Train Metric: 1.0000
Epoch 18/50 - Val Metric: 1.0000
Epoch 19/50 - Train Loss: 0.0010 - Train Metric: 1.0000
Epoch 19/50 - Val Metric: 1.0000
Epoch 20/50 - Train Loss: 0.0010 - Train Metric: 1.0000
Epoch 20/50 - Val Metric: 1.0000
Epoch 21/50 - Train Loss: 0.0018 - Train Metric: 1.0000
Epoch 21/50 - Val Metric: 1.0000
Epoch 22/50 - Train Loss: 0.0038 - Train Metric: 1.0000
Epoch 22/50 - Val Metric: 1.0000
Epoch 23/50 - Train Loss: 0.0020 - Train Metric: 1.0000
Epoch 23/50 - Val Metric: 1.0000
Epoch 24/50 - Train Loss: 0.0008 - Train Metric: 1.0000
Epoch 24/50 - Val Metric: 1.0000
Epoch 25/50 - Train Loss: 0.0014 - Train Metric: 1.0000
Epoch 25/50 - Val Metric: 1.0000
Epoch 26/50 - Train Loss: 0.0010 - Train Metric: 1.0000
Epoch 26/50 - Val Metric: 1.0000
Epoch 27/50 - Train Loss: 0.0047 - Train Metric: 1.0000
Epoch 27/50 - Val Metric: 1.0000
Epoch 28/50 - Train Loss: 0.0008 - Train Metric: 1.0000
Epoch 28/50 - Val Metric: 1.0000
Epoch 29/50 - Train Loss: 0.0013 - Train Metric: 1.0000
Epoch 29/50 - Val Metric: 1.0000
Epoch 30/50 - Train Loss: 0.0013 - Train Metric: 1.0000
Epoch 30/50 - Val Metric: 1.0000
Epoch 31/50 - Train Loss: 0.0007 - Train Metric: 1.0000
Epoch 31/50 - Val Metric: 1.0000
Epoch 32/50 - Train Loss: 0.0012 - Train Metric: 1.0000
Epoch 32/50 - Val Metric: 1.0000
Epoch 33/50 - Train Loss: 0.0011 - Train Metric: 1.0000
Epoch 33/50 - Val Metric: 1.0000
Epoch 34/50 - Train Loss: 0.0014 - Train Metric: 1.0000
Epoch 34/50 - Val Metric: 1.0000
Epoch 35/50 - Train Loss: 0.0007 - Train Metric: 1.0000
Epoch 35/50 - Val Metric: 1.0000
Epoch 36/50 - Train Loss: 0.0006 - Train Metric: 1.0000
Epoch 36/50 - Val Metric: 1.0000
Epoch 37/50 - Train Loss: 0.0006 - Train Metric: 1.0000
Epoch 37/50 - Val Metric: 1.0000
Epoch 38/50 - Train Loss: 0.0009 - Train Metric: 1.0000
Epoch 38/50 - Val Metric: 1.0000
Epoch 39/50 - Train Loss: 0.0007 - Train Metric: 1.0000
Epoch 39/50 - Val Metric: 1.0000
Epoch 40/50 - Train Loss: 0.0006 - Train Metric: 1.0000
Epoch 40/50 - Val Metric: 1.0000
Epoch 41/50 - Train Loss: 0.0006 - Train Metric: 1.0000
Epoch 41/50 - Val Metric: 1.0000
Epoch 42/50 - Train Loss: 0.0006 - Train Metric: 1.0000
Epoch 42/50 - Val Metric: 1.0000
Epoch 43/50 - Train Loss: 0.0005 - Train Metric: 1.0000
Epoch 43/50 - Val Metric: 1.0000
Epoch 44/50 - Train Loss: 0.0005 - Train Metric: 1.0000
Epoch 44/50 - Val Metric: 1.0000
Epoch 45/50 - Train Loss: 0.0005 - Train Metric: 1.0000
Epoch 45/50 - Val Metric: 1.0000
Epoch 46/50 - Train Loss: 0.0024 - Train Metric: 1.0000
Epoch 46/50 - Val Metric: 1.0000
Epoch 47/50 - Train Loss: 0.0005 - Train Metric: 1.0000
Epoch 47/50 - Val Metric: 1.0000
Epoch 48/50 - Train Loss: 0.0005 - Train Metric: 1.0000
Epoch 48/50 - Val Metric: 1.0000
Epoch 49/50 - Train Loss: 0.0010 - Train Metric: 1.0000
Epoch 49/50 - Val Metric: 1.0000
Epoch 50/50 - Train Loss: 0.0005 - Train Metric: 1.0000
Epoch 50/50 - Val Metric: 1.0000
Best val: 1.0000, Best test: 1.0000
Training set has 6499 instances
Validation set has 812 instances
Test set has 813 instances
Training set has 6499 instances
Validation set has 812 instances
Test set has 813 instances
Training set has 6499 instances
Validation set has 812 instances
Test set has 813 instances
Training set has 6499 instances
Validation set has 812 instances
Test set has 813 instances
Training set has 6499 instances
Validation set has 812 instances
Test set has 813 instances
Training set has 6499 instances
Validation set has 812 instances
Test set has 813 instances
Training set has 6499 instances
Validation set has 812 instances
Test set has 813 instances
Training set has 6499 instances
Validation set has 812 instances
Test set has 813 instances
Training set has 6499 instances
Validation set has 812 instances
Test set has 813 instances
Training set has 6499 instances
Validation set has 812 instances
Test set has 813 instances
Training set has 6499 instances
Validation set has 812 instances
Test set has 813 instances
Training set has 6499 instances
Validation set has 812 instances
Test set has 813 instances
Training set has 6499 instances
Validation set has 812 instances
Test set has 813 instances
Training set has 6499 instances
Validation set has 812 instances
Test set has 813 instances
Epoch 1/50 - Train Loss: 0.1224 - Train Metric: 0.9915
Epoch 1/50 - Val Metric: 1.0000
Epoch 2/50 - Train Loss: 0.0156 - Train Metric: 0.9998
Epoch 2/50 - Val Metric: 1.0000
Epoch 3/50 - Train Loss: 0.0074 - Train Metric: 1.0000
Epoch 3/50 - Val Metric: 1.0000
Epoch 4/50 - Train Loss: 0.0052 - Train Metric: 1.0000
Epoch 4/50 - Val Metric: 1.0000
Epoch 5/50 - Train Loss: 0.0016 - Train Metric: 1.0000
Epoch 5/50 - Val Metric: 1.0000
Epoch 6/50 - Train Loss: 0.0012 - Train Metric: 1.0000
Epoch 6/50 - Val Metric: 1.0000
Epoch 7/50 - Train Loss: 0.0011 - Train Metric: 1.0000
Epoch 7/50 - Val Metric: 1.0000
Epoch 8/50 - Train Loss: 0.0010 - Train Metric: 1.0000
Epoch 8/50 - Val Metric: 1.0000
Epoch 9/50 - Train Loss: 0.0009 - Train Metric: 1.0000
Epoch 9/50 - Val Metric: 1.0000
Epoch 10/50 - Train Loss: 0.0008 - Train Metric: 1.0000
Epoch 10/50 - Val Metric: 1.0000
Epoch 11/50 - Train Loss: 0.0008 - Train Metric: 1.0000
Epoch 11/50 - Val Metric: 1.0000
Epoch 12/50 - Train Loss: 0.0008 - Train Metric: 1.0000
Epoch 12/50 - Val Metric: 1.0000
Epoch 13/50 - Train Loss: 0.0007 - Train Metric: 1.0000
Epoch 13/50 - Val Metric: 1.0000
Epoch 14/50 - Train Loss: 0.0007 - Train Metric: 1.0000
Epoch 14/50 - Val Metric: 1.0000
Epoch 15/50 - Train Loss: 0.0007 - Train Metric: 1.0000
Epoch 15/50 - Val Metric: 1.0000
Epoch 16/50 - Train Loss: 0.0006 - Train Metric: 1.0000
Epoch 16/50 - Val Metric: 1.0000
Epoch 17/50 - Train Loss: 0.0006 - Train Metric: 1.0000
Epoch 17/50 - Val Metric: 1.0000
Epoch 18/50 - Train Loss: 0.0006 - Train Metric: 1.0000
Epoch 18/50 - Val Metric: 1.0000
Epoch 19/50 - Train Loss: 0.0006 - Train Metric: 1.0000
Epoch 19/50 - Val Metric: 1.0000
Epoch 20/50 - Train Loss: 0.0005 - Train Metric: 1.0000
Epoch 20/50 - Val Metric: 1.0000
Epoch 21/50 - Train Loss: 0.0005 - Train Metric: 1.0000
Epoch 21/50 - Val Metric: 1.0000
Epoch 22/50 - Train Loss: 0.0005 - Train Metric: 1.0000
Epoch 22/50 - Val Metric: 1.0000
Epoch 23/50 - Train Loss: 0.0005 - Train Metric: 1.0000
Epoch 23/50 - Val Metric: 1.0000
Epoch 24/50 - Train Loss: 0.0005 - Train Metric: 1.0000
Epoch 24/50 - Val Metric: 1.0000
Epoch 25/50 - Train Loss: 0.0005 - Train Metric: 1.0000
Epoch 25/50 - Val Metric: 1.0000
Epoch 26/50 - Train Loss: 0.0005 - Train Metric: 1.0000
Epoch 26/50 - Val Metric: 1.0000
Epoch 27/50 - Train Loss: 0.0005 - Train Metric: 1.0000
Epoch 27/50 - Val Metric: 1.0000
Epoch 28/50 - Train Loss: 0.0004 - Train Metric: 1.0000
Epoch 28/50 - Val Metric: 1.0000
Epoch 29/50 - Train Loss: 0.0004 - Train Metric: 1.0000
Epoch 29/50 - Val Metric: 1.0000
Epoch 30/50 - Train Loss: 0.0004 - Train Metric: 1.0000
Epoch 30/50 - Val Metric: 1.0000
Epoch 31/50 - Train Loss: 0.0004 - Train Metric: 1.0000
Epoch 31/50 - Val Metric: 1.0000
Epoch 32/50 - Train Loss: 0.0004 - Train Metric: 1.0000
Epoch 32/50 - Val Metric: 1.0000
Epoch 33/50 - Train Loss: 0.0004 - Train Metric: 1.0000
Epoch 33/50 - Val Metric: 1.0000
Epoch 34/50 - Train Loss: 0.0004 - Train Metric: 1.0000
Epoch 34/50 - Val Metric: 1.0000
Epoch 35/50 - Train Loss: 0.0004 - Train Metric: 1.0000
Epoch 35/50 - Val Metric: 1.0000
Epoch 36/50 - Train Loss: 0.0004 - Train Metric: 1.0000
Epoch 36/50 - Val Metric: 1.0000
Epoch 37/50 - Train Loss: 0.0004 - Train Metric: 1.0000
Epoch 37/50 - Val Metric: 1.0000
Epoch 38/50 - Train Loss: 0.0004 - Train Metric: 1.0000
Epoch 38/50 - Val Metric: 1.0000
Epoch 39/50 - Train Loss: 0.0004 - Train Metric: 1.0000
Epoch 39/50 - Val Metric: 1.0000
Epoch 40/50 - Train Loss: 0.0004 - Train Metric: 1.0000
Epoch 40/50 - Val Metric: 1.0000
Epoch 41/50 - Train Loss: 0.0004 - Train Metric: 1.0000
Epoch 41/50 - Val Metric: 1.0000
Epoch 42/50 - Train Loss: 0.0004 - Train Metric: 1.0000
Epoch 42/50 - Val Metric: 1.0000
Epoch 43/50 - Train Loss: 0.0004 - Train Metric: 1.0000
Epoch 43/50 - Val Metric: 1.0000
Epoch 44/50 - Train Loss: 0.0004 - Train Metric: 1.0000
Epoch 44/50 - Val Metric: 1.0000
Epoch 45/50 - Train Loss: 0.0003 - Train Metric: 1.0000
Epoch 45/50 - Val Metric: 1.0000
Epoch 46/50 - Train Loss: 0.0003 - Train Metric: 1.0000
Epoch 46/50 - Val Metric: 1.0000
Epoch 47/50 - Train Loss: 0.0003 - Train Metric: 1.0000
Epoch 47/50 - Val Metric: 1.0000
Epoch 48/50 - Train Loss: 0.0003 - Train Metric: 1.0000
Epoch 48/50 - Val Metric: 1.0000
Epoch 49/50 - Train Loss: 0.0003 - Train Metric: 1.0000
Epoch 49/50 - Val Metric: 1.0000
Epoch 50/50 - Train Loss: 0.0003 - Train Metric: 1.0000
Epoch 50/50 - Val Metric: 1.0000
Best val: 1.0000, Best test: 1.0000
Hyper-parameter search done. Found the best config.
Repeat experiments 5 times with the best train config {'batch_size': 256, 'gamma_rate': 0.95, 'base_lr': 0.001} and model config {'num_heads': 4, 'num_layers': 8, 'num_latents': 16, 'hidden_dim': 32, 'mlp_ratio': 0.5, 'dropout_prob': 0, 'top_k': 5}.
Training set has 6499 instances
Validation set has 812 instances
Test set has 813 instances
Epoch 1/50 - Train Loss: 0.3263 - Train Metric: 0.9358
Epoch 1/50 - Val Metric: 0.9891
Epoch 2/50 - Train Loss: 0.1107 - Train Metric: 0.9881
Epoch 2/50 - Val Metric: 0.9913
Epoch 3/50 - Train Loss: 0.0615 - Train Metric: 0.9946
Epoch 3/50 - Val Metric: 0.9986
Epoch 4/50 - Train Loss: 0.0366 - Train Metric: 0.9989
Epoch 4/50 - Val Metric: 0.9998
Epoch 5/50 - Train Loss: 0.0216 - Train Metric: 0.9997
Epoch 5/50 - Val Metric: 0.9999
Epoch 6/50 - Train Loss: 0.0144 - Train Metric: 0.9999
Epoch 6/50 - Val Metric: 1.0000
Epoch 7/50 - Train Loss: 0.0114 - Train Metric: 0.9999
Epoch 7/50 - Val Metric: 1.0000
Epoch 8/50 - Train Loss: 0.0103 - Train Metric: 0.9999
Epoch 8/50 - Val Metric: 1.0000
Epoch 9/50 - Train Loss: 0.0080 - Train Metric: 1.0000
Epoch 9/50 - Val Metric: 1.0000
Epoch 10/50 - Train Loss: 0.0050 - Train Metric: 1.0000
Epoch 10/50 - Val Metric: 1.0000
Epoch 11/50 - Train Loss: 0.0035 - Train Metric: 1.0000
Epoch 11/50 - Val Metric: 1.0000
Epoch 12/50 - Train Loss: 0.0030 - Train Metric: 1.0000
Epoch 12/50 - Val Metric: 1.0000
Epoch 13/50 - Train Loss: 0.0026 - Train Metric: 1.0000
Epoch 13/50 - Val Metric: 1.0000
Epoch 14/50 - Train Loss: 0.0024 - Train Metric: 1.0000
Epoch 14/50 - Val Metric: 1.0000
Epoch 15/50 - Train Loss: 0.0021 - Train Metric: 1.0000
Epoch 15/50 - Val Metric: 1.0000
Epoch 16/50 - Train Loss: 0.0020 - Train Metric: 1.0000
Epoch 16/50 - Val Metric: 1.0000
Epoch 17/50 - Train Loss: 0.0018 - Train Metric: 1.0000
Epoch 17/50 - Val Metric: 1.0000
Epoch 18/50 - Train Loss: 0.0017 - Train Metric: 1.0000
Epoch 18/50 - Val Metric: 1.0000
Epoch 19/50 - Train Loss: 0.0016 - Train Metric: 1.0000
Epoch 19/50 - Val Metric: 1.0000
Epoch 20/50 - Train Loss: 0.0015 - Train Metric: 1.0000
Epoch 20/50 - Val Metric: 1.0000
Epoch 21/50 - Train Loss: 0.0014 - Train Metric: 1.0000
Epoch 21/50 - Val Metric: 1.0000
Epoch 22/50 - Train Loss: 0.0013 - Train Metric: 1.0000
Epoch 22/50 - Val Metric: 1.0000
Epoch 23/50 - Train Loss: 0.0013 - Train Metric: 1.0000
Epoch 23/50 - Val Metric: 1.0000
Epoch 24/50 - Train Loss: 0.0012 - Train Metric: 1.0000
Epoch 24/50 - Val Metric: 1.0000
Epoch 25/50 - Train Loss: 0.0012 - Train Metric: 1.0000
Epoch 25/50 - Val Metric: 1.0000
Epoch 26/50 - Train Loss: 0.0011 - Train Metric: 1.0000
Epoch 26/50 - Val Metric: 1.0000
Epoch 27/50 - Train Loss: 0.0011 - Train Metric: 1.0000
Epoch 27/50 - Val Metric: 1.0000
Epoch 28/50 - Train Loss: 0.0011 - Train Metric: 1.0000
Epoch 28/50 - Val Metric: 1.0000
Epoch 29/50 - Train Loss: 0.0010 - Train Metric: 1.0000
Epoch 29/50 - Val Metric: 1.0000
Epoch 30/50 - Train Loss: 0.0010 - Train Metric: 1.0000
Epoch 30/50 - Val Metric: 1.0000
Epoch 31/50 - Train Loss: 0.0010 - Train Metric: 1.0000
Epoch 31/50 - Val Metric: 1.0000
Epoch 32/50 - Train Loss: 0.0009 - Train Metric: 1.0000
Epoch 32/50 - Val Metric: 1.0000
Epoch 33/50 - Train Loss: 0.0009 - Train Metric: 1.0000
Epoch 33/50 - Val Metric: 1.0000
Epoch 34/50 - Train Loss: 0.0009 - Train Metric: 1.0000
Epoch 34/50 - Val Metric: 1.0000
Epoch 35/50 - Train Loss: 0.0009 - Train Metric: 1.0000
Epoch 35/50 - Val Metric: 1.0000
Epoch 36/50 - Train Loss: 0.0008 - Train Metric: 1.0000
Epoch 36/50 - Val Metric: 1.0000
Epoch 37/50 - Train Loss: 0.0008 - Train Metric: 1.0000
Epoch 37/50 - Val Metric: 1.0000
Epoch 38/50 - Train Loss: 0.0008 - Train Metric: 1.0000
Epoch 38/50 - Val Metric: 1.0000
Epoch 39/50 - Train Loss: 0.0008 - Train Metric: 1.0000
Epoch 39/50 - Val Metric: 1.0000
Epoch 40/50 - Train Loss: 0.0008 - Train Metric: 1.0000
Epoch 40/50 - Val Metric: 1.0000
Epoch 41/50 - Train Loss: 0.0008 - Train Metric: 1.0000
Epoch 41/50 - Val Metric: 1.0000
Epoch 42/50 - Train Loss: 0.0007 - Train Metric: 1.0000
Epoch 42/50 - Val Metric: 1.0000
Epoch 43/50 - Train Loss: 0.0007 - Train Metric: 1.0000
Epoch 43/50 - Val Metric: 1.0000
Epoch 44/50 - Train Loss: 0.0007 - Train Metric: 1.0000
Epoch 44/50 - Val Metric: 1.0000
Epoch 45/50 - Train Loss: 0.0007 - Train Metric: 1.0000
Epoch 45/50 - Val Metric: 1.0000
Epoch 46/50 - Train Loss: 0.0007 - Train Metric: 1.0000
Epoch 46/50 - Val Metric: 1.0000
Epoch 47/50 - Train Loss: 0.0007 - Train Metric: 1.0000
Epoch 47/50 - Val Metric: 1.0000
Epoch 48/50 - Train Loss: 0.0007 - Train Metric: 1.0000
Epoch 48/50 - Val Metric: 1.0000
Epoch 49/50 - Train Loss: 0.0007 - Train Metric: 1.0000
Epoch 49/50 - Val Metric: 1.0000
Epoch 50/50 - Train Loss: 0.0007 - Train Metric: 1.0000
Epoch 50/50 - Val Metric: 1.0000
Best val: 1.0000, Best test: 1.0000
Training set has 6499 instances
Validation set has 812 instances
Test set has 813 instances
Epoch 1/50 - Train Loss: 0.4894 - Train Metric: 0.8465
Epoch 1/50 - Val Metric: 0.9881
Epoch 2/50 - Train Loss: 0.1199 - Train Metric: 0.9799
Epoch 2/50 - Val Metric: 0.9883
Epoch 3/50 - Train Loss: 0.0889 - Train Metric: 0.9869
Epoch 3/50 - Val Metric: 0.9917
Epoch 4/50 - Train Loss: 0.0724 - Train Metric: 0.9913
Epoch 4/50 - Val Metric: 0.9924
Epoch 5/50 - Train Loss: 0.0663 - Train Metric: 0.9908
Epoch 5/50 - Val Metric: 0.9926
Epoch 6/50 - Train Loss: 0.0589 - Train Metric: 0.9923
Epoch 6/50 - Val Metric: 0.9932
Epoch 7/50 - Train Loss: 0.0590 - Train Metric: 0.9917
Epoch 7/50 - Val Metric: 0.9951
Epoch 8/50 - Train Loss: 0.0570 - Train Metric: 0.9942
Epoch 8/50 - Val Metric: 0.9961
Epoch 9/50 - Train Loss: 0.0503 - Train Metric: 0.9974
Epoch 9/50 - Val Metric: 0.9985
Epoch 10/50 - Train Loss: 0.0248 - Train Metric: 0.9992
Epoch 10/50 - Val Metric: 1.0000
Epoch 11/50 - Train Loss: 0.0136 - Train Metric: 0.9995
Epoch 11/50 - Val Metric: 1.0000
Epoch 12/50 - Train Loss: 0.0072 - Train Metric: 1.0000
Epoch 12/50 - Val Metric: 1.0000
Epoch 13/50 - Train Loss: 0.0074 - Train Metric: 0.9999
Epoch 13/50 - Val Metric: 0.9999
Epoch 14/50 - Train Loss: 0.0302 - Train Metric: 0.9983
Epoch 14/50 - Val Metric: 1.0000
Epoch 15/50 - Train Loss: 0.0126 - Train Metric: 0.9993
Epoch 15/50 - Val Metric: 1.0000
Epoch 16/50 - Train Loss: 0.0101 - Train Metric: 1.0000
Epoch 16/50 - Val Metric: 1.0000
Epoch 17/50 - Train Loss: 0.0034 - Train Metric: 1.0000
Epoch 17/50 - Val Metric: 1.0000
Epoch 18/50 - Train Loss: 0.0030 - Train Metric: 1.0000
Epoch 18/50 - Val Metric: 1.0000
Epoch 19/50 - Train Loss: 0.0027 - Train Metric: 1.0000
Epoch 19/50 - Val Metric: 1.0000
Epoch 20/50 - Train Loss: 0.0025 - Train Metric: 1.0000
Epoch 20/50 - Val Metric: 1.0000
Epoch 21/50 - Train Loss: 0.0023 - Train Metric: 1.0000
Epoch 21/50 - Val Metric: 1.0000
Epoch 22/50 - Train Loss: 0.0022 - Train Metric: 1.0000
Epoch 22/50 - Val Metric: 1.0000
Epoch 23/50 - Train Loss: 0.0020 - Train Metric: 1.0000
Epoch 23/50 - Val Metric: 1.0000
Epoch 24/50 - Train Loss: 0.0019 - Train Metric: 1.0000
Epoch 24/50 - Val Metric: 1.0000
Epoch 25/50 - Train Loss: 0.0018 - Train Metric: 1.0000
Epoch 25/50 - Val Metric: 1.0000
Epoch 26/50 - Train Loss: 0.0017 - Train Metric: 1.0000
Epoch 26/50 - Val Metric: 1.0000
Epoch 27/50 - Train Loss: 0.0017 - Train Metric: 1.0000
Epoch 27/50 - Val Metric: 1.0000
Epoch 28/50 - Train Loss: 0.0016 - Train Metric: 1.0000
Epoch 28/50 - Val Metric: 1.0000
Epoch 29/50 - Train Loss: 0.0015 - Train Metric: 1.0000
Epoch 29/50 - Val Metric: 1.0000
Epoch 30/50 - Train Loss: 0.0015 - Train Metric: 1.0000
Epoch 30/50 - Val Metric: 1.0000
Epoch 31/50 - Train Loss: 0.0014 - Train Metric: 1.0000
Epoch 31/50 - Val Metric: 1.0000
Epoch 32/50 - Train Loss: 0.0014 - Train Metric: 1.0000
Epoch 32/50 - Val Metric: 1.0000
Epoch 33/50 - Train Loss: 0.0013 - Train Metric: 1.0000
Epoch 33/50 - Val Metric: 1.0000
Epoch 34/50 - Train Loss: 0.0013 - Train Metric: 1.0000
Epoch 34/50 - Val Metric: 1.0000
Epoch 35/50 - Train Loss: 0.0013 - Train Metric: 1.0000
Epoch 35/50 - Val Metric: 1.0000
Epoch 36/50 - Train Loss: 0.0012 - Train Metric: 1.0000
Epoch 36/50 - Val Metric: 1.0000
Epoch 37/50 - Train Loss: 0.0012 - Train Metric: 1.0000
Epoch 37/50 - Val Metric: 1.0000
Epoch 38/50 - Train Loss: 0.0012 - Train Metric: 1.0000
Epoch 38/50 - Val Metric: 1.0000
Epoch 39/50 - Train Loss: 0.0011 - Train Metric: 1.0000
Epoch 39/50 - Val Metric: 1.0000
Epoch 40/50 - Train Loss: 0.0011 - Train Metric: 1.0000
Epoch 40/50 - Val Metric: 1.0000
Epoch 41/50 - Train Loss: 0.0011 - Train Metric: 1.0000
Epoch 41/50 - Val Metric: 1.0000
Epoch 42/50 - Train Loss: 0.0011 - Train Metric: 1.0000
Epoch 42/50 - Val Metric: 1.0000
Epoch 43/50 - Train Loss: 0.0010 - Train Metric: 1.0000
Epoch 43/50 - Val Metric: 1.0000
Epoch 44/50 - Train Loss: 0.0010 - Train Metric: 1.0000
Epoch 44/50 - Val Metric: 1.0000
Epoch 45/50 - Train Loss: 0.0010 - Train Metric: 1.0000
Epoch 45/50 - Val Metric: 1.0000
Epoch 46/50 - Train Loss: 0.0010 - Train Metric: 1.0000
Epoch 46/50 - Val Metric: 1.0000
Epoch 47/50 - Train Loss: 0.0010 - Train Metric: 1.0000
Epoch 47/50 - Val Metric: 1.0000
Epoch 48/50 - Train Loss: 0.0010 - Train Metric: 1.0000
Epoch 48/50 - Val Metric: 1.0000
Epoch 49/50 - Train Loss: 0.0010 - Train Metric: 1.0000
Epoch 49/50 - Val Metric: 1.0000
Epoch 50/50 - Train Loss: 0.0009 - Train Metric: 1.0000
Epoch 50/50 - Val Metric: 1.0000
Best val: 1.0000, Best test: 1.0000
Training set has 6499 instances
Validation set has 812 instances
Test set has 813 instances
Epoch 1/50 - Train Loss: 0.3702 - Train Metric: 0.9267
Epoch 1/50 - Val Metric: 0.9960
Epoch 2/50 - Train Loss: 0.1012 - Train Metric: 0.9923
Epoch 2/50 - Val Metric: 0.9988
Epoch 3/50 - Train Loss: 0.0555 - Train Metric: 0.9987
Epoch 3/50 - Val Metric: 0.9995
Epoch 4/50 - Train Loss: 0.0277 - Train Metric: 0.9999
Epoch 4/50 - Val Metric: 0.9999
Epoch 5/50 - Train Loss: 0.0613 - Train Metric: 0.9967
Epoch 5/50 - Val Metric: 0.9998
Epoch 6/50 - Train Loss: 0.0210 - Train Metric: 0.9999
Epoch 6/50 - Val Metric: 1.0000
Epoch 7/50 - Train Loss: 0.0111 - Train Metric: 1.0000
Epoch 7/50 - Val Metric: 1.0000
Epoch 8/50 - Train Loss: 0.0280 - Train Metric: 0.9998
Epoch 8/50 - Val Metric: 1.0000
Epoch 9/50 - Train Loss: 0.0117 - Train Metric: 1.0000
Epoch 9/50 - Val Metric: 1.0000
Epoch 10/50 - Train Loss: 0.0060 - Train Metric: 1.0000
Epoch 10/50 - Val Metric: 1.0000
Epoch 11/50 - Train Loss: 0.0047 - Train Metric: 1.0000
Epoch 11/50 - Val Metric: 1.0000
Epoch 12/50 - Train Loss: 0.0041 - Train Metric: 1.0000
Epoch 12/50 - Val Metric: 1.0000
Epoch 13/50 - Train Loss: 0.0036 - Train Metric: 1.0000
Epoch 13/50 - Val Metric: 1.0000
Epoch 14/50 - Train Loss: 0.0033 - Train Metric: 1.0000
Epoch 14/50 - Val Metric: 1.0000
Epoch 15/50 - Train Loss: 0.0030 - Train Metric: 1.0000
Epoch 15/50 - Val Metric: 1.0000
Epoch 16/50 - Train Loss: 0.0027 - Train Metric: 1.0000
Epoch 16/50 - Val Metric: 1.0000
Epoch 17/50 - Train Loss: 0.0025 - Train Metric: 1.0000
Epoch 17/50 - Val Metric: 1.0000
Epoch 18/50 - Train Loss: 0.0024 - Train Metric: 1.0000
Epoch 18/50 - Val Metric: 1.0000
Epoch 19/50 - Train Loss: 0.0022 - Train Metric: 1.0000
Epoch 19/50 - Val Metric: 1.0000
Epoch 20/50 - Train Loss: 0.0021 - Train Metric: 1.0000
Epoch 20/50 - Val Metric: 1.0000
Epoch 21/50 - Train Loss: 0.0020 - Train Metric: 1.0000
Epoch 21/50 - Val Metric: 1.0000
Epoch 22/50 - Train Loss: 0.0019 - Train Metric: 1.0000
Epoch 22/50 - Val Metric: 1.0000
Epoch 23/50 - Train Loss: 0.0018 - Train Metric: 1.0000
Epoch 23/50 - Val Metric: 1.0000
Epoch 24/50 - Train Loss: 0.0017 - Train Metric: 1.0000
Epoch 24/50 - Val Metric: 1.0000
Epoch 25/50 - Train Loss: 0.0016 - Train Metric: 1.0000
Epoch 25/50 - Val Metric: 1.0000
Epoch 26/50 - Train Loss: 0.0016 - Train Metric: 1.0000
Epoch 26/50 - Val Metric: 1.0000
Epoch 27/50 - Train Loss: 0.0015 - Train Metric: 1.0000
Epoch 27/50 - Val Metric: 1.0000
Epoch 28/50 - Train Loss: 0.0015 - Train Metric: 1.0000
Epoch 28/50 - Val Metric: 1.0000
Epoch 29/50 - Train Loss: 0.0014 - Train Metric: 1.0000
Epoch 29/50 - Val Metric: 1.0000
Epoch 30/50 - Train Loss: 0.0014 - Train Metric: 1.0000
Epoch 30/50 - Val Metric: 1.0000
Epoch 31/50 - Train Loss: 0.0013 - Train Metric: 1.0000
Epoch 31/50 - Val Metric: 1.0000
Epoch 32/50 - Train Loss: 0.0013 - Train Metric: 1.0000
Epoch 32/50 - Val Metric: 1.0000
Epoch 33/50 - Train Loss: 0.0012 - Train Metric: 1.0000
Epoch 33/50 - Val Metric: 1.0000
Epoch 34/50 - Train Loss: 0.0012 - Train Metric: 1.0000
Epoch 34/50 - Val Metric: 1.0000
Epoch 35/50 - Train Loss: 0.0012 - Train Metric: 1.0000
Epoch 35/50 - Val Metric: 1.0000
Epoch 36/50 - Train Loss: 0.0012 - Train Metric: 1.0000
Epoch 36/50 - Val Metric: 1.0000
Epoch 37/50 - Train Loss: 0.0011 - Train Metric: 1.0000
Epoch 37/50 - Val Metric: 1.0000
Epoch 38/50 - Train Loss: 0.0011 - Train Metric: 1.0000
Epoch 38/50 - Val Metric: 1.0000
Epoch 39/50 - Train Loss: 0.0011 - Train Metric: 1.0000
Epoch 39/50 - Val Metric: 1.0000
Epoch 40/50 - Train Loss: 0.0011 - Train Metric: 1.0000
Epoch 40/50 - Val Metric: 1.0000
Epoch 41/50 - Train Loss: 0.0010 - Train Metric: 1.0000
Epoch 41/50 - Val Metric: 1.0000
Epoch 42/50 - Train Loss: 0.0010 - Train Metric: 1.0000
Epoch 42/50 - Val Metric: 1.0000
Epoch 43/50 - Train Loss: 0.0010 - Train Metric: 1.0000
Epoch 43/50 - Val Metric: 1.0000
Epoch 44/50 - Train Loss: 0.0010 - Train Metric: 1.0000
Epoch 44/50 - Val Metric: 1.0000
Epoch 45/50 - Train Loss: 0.0010 - Train Metric: 1.0000
Epoch 45/50 - Val Metric: 1.0000
Epoch 46/50 - Train Loss: 0.0010 - Train Metric: 1.0000
Epoch 46/50 - Val Metric: 1.0000
Epoch 47/50 - Train Loss: 0.0010 - Train Metric: 1.0000
Epoch 47/50 - Val Metric: 1.0000
Epoch 48/50 - Train Loss: 0.0009 - Train Metric: 1.0000
Epoch 48/50 - Val Metric: 1.0000
Epoch 49/50 - Train Loss: 0.0009 - Train Metric: 1.0000
Epoch 49/50 - Val Metric: 1.0000
Epoch 50/50 - Train Loss: 0.0009 - Train Metric: 1.0000
Epoch 50/50 - Val Metric: 1.0000
Best val: 1.0000, Best test: 1.0000
Training set has 6499 instances
Validation set has 812 instances
Test set has 813 instances
Epoch 1/50 - Train Loss: 0.3822 - Train Metric: 0.9364
Epoch 1/50 - Val Metric: 0.9793
Epoch 2/50 - Train Loss: 0.1124 - Train Metric: 0.9794
Epoch 2/50 - Val Metric: 0.9889
Epoch 3/50 - Train Loss: 0.1001 - Train Metric: 0.9807
Epoch 3/50 - Val Metric: 0.9878
Epoch 4/50 - Train Loss: 0.0962 - Train Metric: 0.9802
Epoch 4/50 - Val Metric: 0.9901
Epoch 5/50 - Train Loss: 0.0826 - Train Metric: 0.9843
Epoch 5/50 - Val Metric: 0.9920
Epoch 6/50 - Train Loss: 0.0860 - Train Metric: 0.9834
Epoch 6/50 - Val Metric: 0.9922
Epoch 7/50 - Train Loss: 0.0746 - Train Metric: 0.9872
Epoch 7/50 - Val Metric: 0.9935
Epoch 8/50 - Train Loss: 0.0731 - Train Metric: 0.9886
Epoch 8/50 - Val Metric: 0.9936
Epoch 9/50 - Train Loss: 0.0728 - Train Metric: 0.9868
Epoch 9/50 - Val Metric: 0.9936
Epoch 10/50 - Train Loss: 0.0724 - Train Metric: 0.9891
Epoch 10/50 - Val Metric: 0.9941
Epoch 11/50 - Train Loss: 0.0707 - Train Metric: 0.9923
Epoch 11/50 - Val Metric: 0.9949
Epoch 12/50 - Train Loss: 0.0685 - Train Metric: 0.9918
Epoch 12/50 - Val Metric: 0.9964
Epoch 13/50 - Train Loss: 0.0518 - Train Metric: 0.9982
Epoch 13/50 - Val Metric: 0.9991
Epoch 14/50 - Train Loss: 0.0247 - Train Metric: 0.9998
Epoch 14/50 - Val Metric: 1.0000
Epoch 15/50 - Train Loss: 0.0093 - Train Metric: 1.0000
Epoch 15/50 - Val Metric: 1.0000
Epoch 16/50 - Train Loss: 0.0076 - Train Metric: 0.9999
Epoch 16/50 - Val Metric: 1.0000
Epoch 17/50 - Train Loss: 0.0047 - Train Metric: 1.0000
Epoch 17/50 - Val Metric: 1.0000
Epoch 18/50 - Train Loss: 0.0043 - Train Metric: 1.0000
Epoch 18/50 - Val Metric: 1.0000
Epoch 19/50 - Train Loss: 0.0035 - Train Metric: 1.0000
Epoch 19/50 - Val Metric: 1.0000
Epoch 20/50 - Train Loss: 0.0031 - Train Metric: 1.0000
Epoch 20/50 - Val Metric: 1.0000
Epoch 21/50 - Train Loss: 0.0029 - Train Metric: 1.0000
Epoch 21/50 - Val Metric: 1.0000
Epoch 22/50 - Train Loss: 0.0026 - Train Metric: 1.0000
Epoch 22/50 - Val Metric: 1.0000
Epoch 23/50 - Train Loss: 0.0025 - Train Metric: 1.0000
Epoch 23/50 - Val Metric: 1.0000
Epoch 24/50 - Train Loss: 0.0023 - Train Metric: 1.0000
Epoch 24/50 - Val Metric: 1.0000
Epoch 25/50 - Train Loss: 0.0022 - Train Metric: 1.0000
Epoch 25/50 - Val Metric: 1.0000
Epoch 26/50 - Train Loss: 0.0020 - Train Metric: 1.0000
Epoch 26/50 - Val Metric: 1.0000
Epoch 27/50 - Train Loss: 0.0019 - Train Metric: 1.0000
Epoch 27/50 - Val Metric: 1.0000
Epoch 28/50 - Train Loss: 0.0018 - Train Metric: 1.0000
Epoch 28/50 - Val Metric: 1.0000
Epoch 29/50 - Train Loss: 0.0018 - Train Metric: 1.0000
Epoch 29/50 - Val Metric: 1.0000
Epoch 30/50 - Train Loss: 0.0017 - Train Metric: 1.0000
Epoch 30/50 - Val Metric: 1.0000
Epoch 31/50 - Train Loss: 0.0016 - Train Metric: 1.0000
Epoch 31/50 - Val Metric: 1.0000
Epoch 32/50 - Train Loss: 0.0016 - Train Metric: 1.0000
Epoch 32/50 - Val Metric: 1.0000
Epoch 33/50 - Train Loss: 0.0015 - Train Metric: 1.0000
Epoch 33/50 - Val Metric: 1.0000
Epoch 34/50 - Train Loss: 0.0015 - Train Metric: 1.0000
Epoch 34/50 - Val Metric: 1.0000
Epoch 35/50 - Train Loss: 0.0014 - Train Metric: 1.0000
Epoch 35/50 - Val Metric: 1.0000
Epoch 36/50 - Train Loss: 0.0014 - Train Metric: 1.0000
Epoch 36/50 - Val Metric: 1.0000
Epoch 37/50 - Train Loss: 0.0013 - Train Metric: 1.0000
Epoch 37/50 - Val Metric: 1.0000
Epoch 38/50 - Train Loss: 0.0013 - Train Metric: 1.0000
Epoch 38/50 - Val Metric: 1.0000
Epoch 39/50 - Train Loss: 0.0013 - Train Metric: 1.0000
Epoch 39/50 - Val Metric: 1.0000
Epoch 40/50 - Train Loss: 0.0012 - Train Metric: 1.0000
Epoch 40/50 - Val Metric: 1.0000
Epoch 41/50 - Train Loss: 0.0012 - Train Metric: 1.0000
Epoch 41/50 - Val Metric: 1.0000
Epoch 42/50 - Train Loss: 0.0012 - Train Metric: 1.0000
Epoch 42/50 - Val Metric: 1.0000
Epoch 43/50 - Train Loss: 0.0012 - Train Metric: 1.0000
Epoch 43/50 - Val Metric: 1.0000
Epoch 44/50 - Train Loss: 0.0011 - Train Metric: 1.0000
Epoch 44/50 - Val Metric: 1.0000
Epoch 45/50 - Train Loss: 0.0011 - Train Metric: 1.0000
Epoch 45/50 - Val Metric: 1.0000
Epoch 46/50 - Train Loss: 0.0011 - Train Metric: 1.0000
Epoch 46/50 - Val Metric: 1.0000
Epoch 47/50 - Train Loss: 0.0011 - Train Metric: 1.0000
Epoch 47/50 - Val Metric: 1.0000
Epoch 48/50 - Train Loss: 0.0011 - Train Metric: 1.0000
Epoch 48/50 - Val Metric: 1.0000
Epoch 49/50 - Train Loss: 0.0010 - Train Metric: 1.0000
Epoch 49/50 - Val Metric: 1.0000
Epoch 50/50 - Train Loss: 0.0010 - Train Metric: 1.0000
Epoch 50/50 - Val Metric: 1.0000
Best val: 1.0000, Best test: 0.9998
Training set has 6499 instances
Validation set has 812 instances
Test set has 813 instances
Epoch 1/50 - Train Loss: 0.4471 - Train Metric: 0.8800
Epoch 1/50 - Val Metric: 0.9940
Epoch 2/50 - Train Loss: 0.1327 - Train Metric: 0.9808
Epoch 2/50 - Val Metric: 0.9923
Epoch 3/50 - Train Loss: 0.1034 - Train Metric: 0.9828
Epoch 3/50 - Val Metric: 0.9942
Epoch 4/50 - Train Loss: 0.0764 - Train Metric: 0.9873
Epoch 4/50 - Val Metric: 0.9996
Epoch 5/50 - Train Loss: 0.0818 - Train Metric: 0.9912
Epoch 5/50 - Val Metric: 0.9977
Epoch 6/50 - Train Loss: 0.0689 - Train Metric: 0.9942
Epoch 6/50 - Val Metric: 0.9993
Epoch 7/50 - Train Loss: 0.0627 - Train Metric: 0.9971
Epoch 7/50 - Val Metric: 0.9999
Epoch 8/50 - Train Loss: 0.0567 - Train Metric: 0.9985
Epoch 8/50 - Val Metric: 0.9999
Epoch 9/50 - Train Loss: 0.0408 - Train Metric: 0.9997
Epoch 9/50 - Val Metric: 1.0000
Epoch 10/50 - Train Loss: 0.0233 - Train Metric: 0.9999
Epoch 10/50 - Val Metric: 1.0000
Epoch 11/50 - Train Loss: 0.0176 - Train Metric: 0.9999
Epoch 11/50 - Val Metric: 1.0000
Epoch 12/50 - Train Loss: 0.0143 - Train Metric: 0.9999
Epoch 12/50 - Val Metric: 1.0000
Epoch 13/50 - Train Loss: 0.0097 - Train Metric: 1.0000
Epoch 13/50 - Val Metric: 1.0000
Epoch 14/50 - Train Loss: 0.0185 - Train Metric: 0.9997
Epoch 14/50 - Val Metric: 1.0000
Epoch 15/50 - Train Loss: 0.0523 - Train Metric: 0.9935
Epoch 15/50 - Val Metric: 0.9999
Epoch 16/50 - Train Loss: 0.0097 - Train Metric: 1.0000
Epoch 16/50 - Val Metric: 1.0000
Epoch 17/50 - Train Loss: 0.0053 - Train Metric: 1.0000
Epoch 17/50 - Val Metric: 1.0000
Epoch 18/50 - Train Loss: 0.0045 - Train Metric: 1.0000
Epoch 18/50 - Val Metric: 1.0000
Epoch 19/50 - Train Loss: 0.0041 - Train Metric: 1.0000
Epoch 19/50 - Val Metric: 1.0000
Epoch 20/50 - Train Loss: 0.0038 - Train Metric: 1.0000
Epoch 20/50 - Val Metric: 1.0000
Epoch 21/50 - Train Loss: 0.0035 - Train Metric: 1.0000
Epoch 21/50 - Val Metric: 1.0000
Epoch 22/50 - Train Loss: 0.0033 - Train Metric: 1.0000
Epoch 22/50 - Val Metric: 1.0000
Epoch 23/50 - Train Loss: 0.0031 - Train Metric: 1.0000
Epoch 23/50 - Val Metric: 1.0000
Epoch 24/50 - Train Loss: 0.0029 - Train Metric: 1.0000
Epoch 24/50 - Val Metric: 1.0000
Epoch 25/50 - Train Loss: 0.0028 - Train Metric: 1.0000
Epoch 25/50 - Val Metric: 1.0000
Epoch 26/50 - Train Loss: 0.0026 - Train Metric: 1.0000
Epoch 26/50 - Val Metric: 1.0000
Epoch 27/50 - Train Loss: 0.0025 - Train Metric: 1.0000
Epoch 27/50 - Val Metric: 1.0000
Epoch 28/50 - Train Loss: 0.0024 - Train Metric: 1.0000
Epoch 28/50 - Val Metric: 1.0000
Epoch 29/50 - Train Loss: 0.0023 - Train Metric: 1.0000
Epoch 29/50 - Val Metric: 1.0000
Epoch 30/50 - Train Loss: 0.0022 - Train Metric: 1.0000
Epoch 30/50 - Val Metric: 1.0000
Epoch 31/50 - Train Loss: 0.0021 - Train Metric: 1.0000
Epoch 31/50 - Val Metric: 1.0000
Epoch 32/50 - Train Loss: 0.0021 - Train Metric: 1.0000
Epoch 32/50 - Val Metric: 1.0000
Epoch 33/50 - Train Loss: 0.0020 - Train Metric: 1.0000
Epoch 33/50 - Val Metric: 1.0000
Epoch 34/50 - Train Loss: 0.0020 - Train Metric: 1.0000
Epoch 34/50 - Val Metric: 1.0000
Epoch 35/50 - Train Loss: 0.0019 - Train Metric: 1.0000
Epoch 35/50 - Val Metric: 1.0000
Epoch 36/50 - Train Loss: 0.0018 - Train Metric: 1.0000
Epoch 36/50 - Val Metric: 1.0000
Epoch 37/50 - Train Loss: 0.0018 - Train Metric: 1.0000
Epoch 37/50 - Val Metric: 1.0000
Epoch 38/50 - Train Loss: 0.0018 - Train Metric: 1.0000
Epoch 38/50 - Val Metric: 1.0000
Epoch 39/50 - Train Loss: 0.0017 - Train Metric: 1.0000
Epoch 39/50 - Val Metric: 1.0000
Epoch 40/50 - Train Loss: 0.0017 - Train Metric: 1.0000
Epoch 40/50 - Val Metric: 1.0000
Epoch 41/50 - Train Loss: 0.0016 - Train Metric: 1.0000
Epoch 41/50 - Val Metric: 1.0000
Epoch 42/50 - Train Loss: 0.0016 - Train Metric: 1.0000
Epoch 42/50 - Val Metric: 1.0000
Epoch 43/50 - Train Loss: 0.0016 - Train Metric: 1.0000
Epoch 43/50 - Val Metric: 1.0000
Epoch 44/50 - Train Loss: 0.0016 - Train Metric: 1.0000
Epoch 44/50 - Val Metric: 1.0000
Epoch 45/50 - Train Loss: 0.0015 - Train Metric: 1.0000
Epoch 45/50 - Val Metric: 1.0000
Epoch 46/50 - Train Loss: 0.0015 - Train Metric: 1.0000
Epoch 46/50 - Val Metric: 1.0000
Epoch 47/50 - Train Loss: 0.0015 - Train Metric: 1.0000
Epoch 47/50 - Val Metric: 1.0000
Epoch 48/50 - Train Loss: 0.0015 - Train Metric: 1.0000
Epoch 48/50 - Val Metric: 1.0000
Epoch 49/50 - Train Loss: 0.0014 - Train Metric: 1.0000
Epoch 49/50 - Val Metric: 1.0000
Epoch 50/50 - Train Loss: 0.0014 - Train Metric: 1.0000
Epoch 50/50 - Val Metric: 1.0000
Best val: 1.0000, Best test: 1.0000
[1.         1.         1.         0.99979407 1.        ]
