Hyper-parameter search via Optuna
Namespace(task_type='binary_classification', scale='small', idx=7, epochs=50, num_trials=20, num_repeats=5, seed=0, exp_name='MemGlovalAvgPool', result_path='output/binary_classification/small/7/MemGlovalAvgPool.pt')
Device: cuda
Start building binary_classification dataset_small_7
Training set has 10617 instances
Validation set has 1327 instances
Test set has 1328 instances
Epoch 1/50 - Train Loss: 0.7261 - Train Metric: 0.4921
Epoch 1/50 - Val Metric: 0.6432
Epoch 2/50 - Train Loss: 0.6941 - Train Metric: 0.4941
Epoch 2/50 - Val Metric: 0.6877
Epoch 3/50 - Train Loss: 0.6937 - Train Metric: 0.5158
Epoch 3/50 - Val Metric: 0.6365
Epoch 4/50 - Train Loss: 0.6462 - Train Metric: 0.6601
Epoch 4/50 - Val Metric: 0.7364
Epoch 5/50 - Train Loss: 0.5874 - Train Metric: 0.7321
Epoch 5/50 - Val Metric: 0.7732
Epoch 6/50 - Train Loss: 0.5767 - Train Metric: 0.7558
Epoch 6/50 - Val Metric: 0.7754
Epoch 7/50 - Train Loss: 0.5753 - Train Metric: 0.7591
Epoch 7/50 - Val Metric: 0.7775
Epoch 8/50 - Train Loss: 0.5691 - Train Metric: 0.7683
Epoch 8/50 - Val Metric: 0.7795
Epoch 9/50 - Train Loss: 0.5708 - Train Metric: 0.7670
Epoch 9/50 - Val Metric: 0.7786
Epoch 10/50 - Train Loss: 0.5643 - Train Metric: 0.7728
Epoch 10/50 - Val Metric: 0.7796
Epoch 11/50 - Train Loss: 0.5681 - Train Metric: 0.7685
Epoch 11/50 - Val Metric: 0.7796
Epoch 12/50 - Train Loss: 0.5646 - Train Metric: 0.7732
Epoch 12/50 - Val Metric: 0.7815
Epoch 13/50 - Train Loss: 0.5666 - Train Metric: 0.7704
Epoch 13/50 - Val Metric: 0.7821
Epoch 14/50 - Train Loss: 0.5639 - Train Metric: 0.7744
Epoch 14/50 - Val Metric: 0.7833
Epoch 15/50 - Train Loss: 0.5640 - Train Metric: 0.7746
Epoch 15/50 - Val Metric: 0.7831
Epoch 16/50 - Train Loss: 0.5630 - Train Metric: 0.7752
Epoch 16/50 - Val Metric: 0.7836
Epoch 17/50 - Train Loss: 0.5629 - Train Metric: 0.7747
Epoch 17/50 - Val Metric: 0.7815
Epoch 18/50 - Train Loss: 0.5603 - Train Metric: 0.7789
Epoch 18/50 - Val Metric: 0.7850
Epoch 19/50 - Train Loss: 0.5589 - Train Metric: 0.7796
Epoch 19/50 - Val Metric: 0.7845
Epoch 20/50 - Train Loss: 0.5576 - Train Metric: 0.7809
Epoch 20/50 - Val Metric: 0.7836
Epoch 21/50 - Train Loss: 0.5588 - Train Metric: 0.7803
Epoch 21/50 - Val Metric: 0.7820
Epoch 22/50 - Train Loss: 0.5570 - Train Metric: 0.7811
Epoch 22/50 - Val Metric: 0.7813
Epoch 23/50 - Train Loss: 0.5570 - Train Metric: 0.7822
Epoch 23/50 - Val Metric: 0.7834
Epoch 24/50 - Train Loss: 0.5607 - Train Metric: 0.7779
Epoch 24/50 - Val Metric: 0.7826
Epoch 25/50 - Train Loss: 0.5596 - Train Metric: 0.7784
Epoch 25/50 - Val Metric: 0.7804
Epoch 26/50 - Train Loss: 0.5563 - Train Metric: 0.7826
Epoch 26/50 - Val Metric: 0.7831
Epoch 27/50 - Train Loss: 0.5560 - Train Metric: 0.7826
Epoch 27/50 - Val Metric: 0.7845
Epoch 28/50 - Train Loss: 0.5527 - Train Metric: 0.7852
Epoch 28/50 - Val Metric: 0.7848
Epoch 29/50 - Train Loss: 0.5531 - Train Metric: 0.7867
Epoch 29/50 - Val Metric: 0.7790
Epoch 30/50 - Train Loss: 0.5568 - Train Metric: 0.7824
Epoch 30/50 - Val Metric: 0.7830
Epoch 31/50 - Train Loss: 0.5544 - Train Metric: 0.7844
Epoch 31/50 - Val Metric: 0.7873
Epoch 32/50 - Train Loss: 0.5585 - Train Metric: 0.7801
Epoch 32/50 - Val Metric: 0.7832
Epoch 33/50 - Train Loss: 0.5569 - Train Metric: 0.7824
Epoch 33/50 - Val Metric: 0.7825
Epoch 34/50 - Train Loss: 0.5545 - Train Metric: 0.7849
Epoch 34/50 - Val Metric: 0.7790
Epoch 35/50 - Train Loss: 0.5535 - Train Metric: 0.7852
Epoch 35/50 - Val Metric: 0.7803
Epoch 36/50 - Train Loss: 0.5554 - Train Metric: 0.7821
Epoch 36/50 - Val Metric: 0.7771
Epoch 37/50 - Train Loss: 0.5515 - Train Metric: 0.7884
Epoch 37/50 - Val Metric: 0.7831
Epoch 38/50 - Train Loss: 0.5515 - Train Metric: 0.7863
Epoch 38/50 - Val Metric: 0.7807
Epoch 39/50 - Train Loss: 0.5536 - Train Metric: 0.7845
Epoch 39/50 - Val Metric: 0.7834
Epoch 40/50 - Train Loss: 0.5503 - Train Metric: 0.7887
Epoch 40/50 - Val Metric: 0.7808
Epoch 41/50 - Train Loss: 0.5531 - Train Metric: 0.7850
Epoch 41/50 - Val Metric: 0.7762
Epoch 42/50 - Train Loss: 0.5588 - Train Metric: 0.7798
Epoch 42/50 - Val Metric: 0.7815
Epoch 43/50 - Train Loss: 0.5554 - Train Metric: 0.7836
Epoch 43/50 - Val Metric: 0.7838
Epoch 44/50 - Train Loss: 0.5528 - Train Metric: 0.7857
Epoch 44/50 - Val Metric: 0.7794
Epoch 45/50 - Train Loss: 0.5564 - Train Metric: 0.7824
Epoch 45/50 - Val Metric: 0.7834
Epoch 46/50 - Train Loss: 0.5535 - Train Metric: 0.7859
Epoch 46/50 - Val Metric: 0.7819
Epoch 47/50 - Train Loss: 0.5521 - Train Metric: 0.7879
Epoch 47/50 - Val Metric: 0.7778
Epoch 48/50 - Train Loss: 0.5524 - Train Metric: 0.7866
Epoch 48/50 - Val Metric: 0.7772
Epoch 49/50 - Train Loss: 0.5546 - Train Metric: 0.7841
Epoch 49/50 - Val Metric: 0.7802
Epoch 50/50 - Train Loss: 0.5536 - Train Metric: 0.7851
Epoch 50/50 - Val Metric: 0.7803
Best val: 0.7873, Best test: 0.7663
Training set has 10617 instances
Validation set has 1327 instances
Test set has 1328 instances
Epoch 1/50 - Train Loss: 0.7037 - Train Metric: 0.5018
Epoch 1/50 - Val Metric: 0.6256
Epoch 2/50 - Train Loss: 0.6931 - Train Metric: 0.5143
Epoch 2/50 - Val Metric: 0.6455
Epoch 3/50 - Train Loss: 0.6940 - Train Metric: 0.5072
Epoch 3/50 - Val Metric: 0.6573
Epoch 4/50 - Train Loss: 0.6928 - Train Metric: 0.5204
Epoch 4/50 - Val Metric: 0.6694
Epoch 5/50 - Train Loss: 0.6735 - Train Metric: 0.6145
Epoch 5/50 - Val Metric: 0.6996
Epoch 6/50 - Train Loss: 0.6101 - Train Metric: 0.7176
Epoch 6/50 - Val Metric: 0.7338
Epoch 7/50 - Train Loss: 0.5828 - Train Metric: 0.7466
Epoch 7/50 - Val Metric: 0.7429
Epoch 8/50 - Train Loss: 0.5745 - Train Metric: 0.7621
Epoch 8/50 - Val Metric: 0.7498
Epoch 9/50 - Train Loss: 0.5747 - Train Metric: 0.7595
Epoch 9/50 - Val Metric: 0.7535
Epoch 10/50 - Train Loss: 0.5707 - Train Metric: 0.7658
Epoch 10/50 - Val Metric: 0.7520
Epoch 11/50 - Train Loss: 0.5664 - Train Metric: 0.7729
Epoch 11/50 - Val Metric: 0.7563
Epoch 12/50 - Train Loss: 0.5677 - Train Metric: 0.7699
Epoch 12/50 - Val Metric: 0.7529
Epoch 13/50 - Train Loss: 0.5643 - Train Metric: 0.7746
Epoch 13/50 - Val Metric: 0.7540
Epoch 14/50 - Train Loss: 0.5654 - Train Metric: 0.7735
Epoch 14/50 - Val Metric: 0.7526
Epoch 15/50 - Train Loss: 0.5671 - Train Metric: 0.7705
Epoch 15/50 - Val Metric: 0.7555
Epoch 16/50 - Train Loss: 0.5645 - Train Metric: 0.7739
Epoch 16/50 - Val Metric: 0.7556
Epoch 17/50 - Train Loss: 0.5670 - Train Metric: 0.7715
Epoch 17/50 - Val Metric: 0.7556
Epoch 18/50 - Train Loss: 0.5629 - Train Metric: 0.7760
Epoch 18/50 - Val Metric: 0.7556
Epoch 19/50 - Train Loss: 0.5639 - Train Metric: 0.7757
Epoch 19/50 - Val Metric: 0.7559
Epoch 20/50 - Train Loss: 0.5642 - Train Metric: 0.7742
Epoch 20/50 - Val Metric: 0.7550
Epoch 21/50 - Train Loss: 0.5612 - Train Metric: 0.7786
Epoch 21/50 - Val Metric: 0.7544
Epoch 22/50 - Train Loss: 0.5607 - Train Metric: 0.7791
Epoch 22/50 - Val Metric: 0.7554
Epoch 23/50 - Train Loss: 0.5614 - Train Metric: 0.7781
Epoch 23/50 - Val Metric: 0.7540
Epoch 24/50 - Train Loss: 0.5600 - Train Metric: 0.7800
Epoch 24/50 - Val Metric: 0.7547
Epoch 25/50 - Train Loss: 0.5615 - Train Metric: 0.7775
Epoch 25/50 - Val Metric: 0.7537
Epoch 26/50 - Train Loss: 0.5595 - Train Metric: 0.7804
Epoch 26/50 - Val Metric: 0.7547
Epoch 27/50 - Train Loss: 0.5594 - Train Metric: 0.7807
Epoch 27/50 - Val Metric: 0.7572
Epoch 28/50 - Train Loss: 0.5584 - Train Metric: 0.7812
Epoch 28/50 - Val Metric: 0.7553
Epoch 29/50 - Train Loss: 0.5610 - Train Metric: 0.7789
Epoch 29/50 - Val Metric: 0.7552
Epoch 30/50 - Train Loss: 0.5592 - Train Metric: 0.7804
Epoch 30/50 - Val Metric: 0.7564
Epoch 31/50 - Train Loss: 0.5605 - Train Metric: 0.7793
Epoch 31/50 - Val Metric: 0.7568
Epoch 32/50 - Train Loss: 0.5575 - Train Metric: 0.7830
Epoch 32/50 - Val Metric: 0.7561
Epoch 33/50 - Train Loss: 0.5588 - Train Metric: 0.7814
Epoch 33/50 - Val Metric: 0.7585
Epoch 34/50 - Train Loss: 0.5579 - Train Metric: 0.7826
Epoch 34/50 - Val Metric: 0.7577
Epoch 35/50 - Train Loss: 0.5565 - Train Metric: 0.7839
Epoch 35/50 - Val Metric: 0.7610
Epoch 36/50 - Train Loss: 0.5576 - Train Metric: 0.7823
Epoch 36/50 - Val Metric: 0.7567
Epoch 37/50 - Train Loss: 0.5579 - Train Metric: 0.7821
Epoch 37/50 - Val Metric: 0.7568
Epoch 38/50 - Train Loss: 0.5590 - Train Metric: 0.7813
Epoch 38/50 - Val Metric: 0.7554
Epoch 39/50 - Train Loss: 0.5576 - Train Metric: 0.7824
Epoch 39/50 - Val Metric: 0.7566
Epoch 40/50 - Train Loss: 0.5583 - Train Metric: 0.7815
Epoch 40/50 - Val Metric: 0.7548
Epoch 41/50 - Train Loss: 0.5578 - Train Metric: 0.7824
Epoch 41/50 - Val Metric: 0.7543
Epoch 42/50 - Train Loss: 0.5563 - Train Metric: 0.7841
Epoch 42/50 - Val Metric: 0.7554
Epoch 43/50 - Train Loss: 0.5575 - Train Metric: 0.7828
Epoch 43/50 - Val Metric: 0.7563
Epoch 44/50 - Train Loss: 0.5556 - Train Metric: 0.7848
Epoch 44/50 - Val Metric: 0.7569
Epoch 45/50 - Train Loss: 0.5574 - Train Metric: 0.7827
Epoch 45/50 - Val Metric: 0.7586
Epoch 46/50 - Train Loss: 0.5565 - Train Metric: 0.7833
Epoch 46/50 - Val Metric: 0.7546
Epoch 47/50 - Train Loss: 0.5553 - Train Metric: 0.7853
Epoch 47/50 - Val Metric: 0.7583
Epoch 48/50 - Train Loss: 0.5561 - Train Metric: 0.7845
Epoch 48/50 - Val Metric: 0.7581
Epoch 49/50 - Train Loss: 0.5546 - Train Metric: 0.7862
Epoch 49/50 - Val Metric: 0.7567
Epoch 50/50 - Train Loss: 0.5557 - Train Metric: 0.7849
Epoch 50/50 - Val Metric: 0.7561
Best val: 0.7610, Best test: 0.7823
Training set has 10617 instances
Validation set has 1327 instances
Test set has 1328 instances
Epoch 1/50 - Train Loss: 0.7089 - Train Metric: 0.5060
Epoch 1/50 - Val Metric: 0.6187
Epoch 2/50 - Train Loss: 0.6933 - Train Metric: 0.4984
Epoch 2/50 - Val Metric: 0.6808
Epoch 3/50 - Train Loss: 0.6922 - Train Metric: 0.5216
Epoch 3/50 - Val Metric: 0.6253
Epoch 4/50 - Train Loss: 0.6880 - Train Metric: 0.5563
Epoch 4/50 - Val Metric: 0.6369
Epoch 5/50 - Train Loss: 0.6296 - Train Metric: 0.6861
Epoch 5/50 - Val Metric: 0.7217
Epoch 6/50 - Train Loss: 0.5929 - Train Metric: 0.7186
Epoch 6/50 - Val Metric: 0.7373
Epoch 7/50 - Train Loss: 0.5886 - Train Metric: 0.7297
Epoch 7/50 - Val Metric: 0.7456
Epoch 8/50 - Train Loss: 0.5798 - Train Metric: 0.7522
Epoch 8/50 - Val Metric: 0.7570
Epoch 9/50 - Train Loss: 0.5730 - Train Metric: 0.7614
Epoch 9/50 - Val Metric: 0.7555
Epoch 10/50 - Train Loss: 0.5729 - Train Metric: 0.7628
Epoch 10/50 - Val Metric: 0.7550
Epoch 11/50 - Train Loss: 0.5692 - Train Metric: 0.7672
Epoch 11/50 - Val Metric: 0.7544
Epoch 12/50 - Train Loss: 0.5697 - Train Metric: 0.7677
Epoch 12/50 - Val Metric: 0.7552
Epoch 13/50 - Train Loss: 0.5703 - Train Metric: 0.7662
Epoch 13/50 - Val Metric: 0.7565
Epoch 14/50 - Train Loss: 0.5676 - Train Metric: 0.7689
Epoch 14/50 - Val Metric: 0.7549
Epoch 15/50 - Train Loss: 0.5661 - Train Metric: 0.7716
Epoch 15/50 - Val Metric: 0.7557
Epoch 16/50 - Train Loss: 0.5650 - Train Metric: 0.7721
Epoch 16/50 - Val Metric: 0.7573
Epoch 17/50 - Train Loss: 0.5681 - Train Metric: 0.7697
Epoch 17/50 - Val Metric: 0.7585
Epoch 18/50 - Train Loss: 0.5655 - Train Metric: 0.7732
Epoch 18/50 - Val Metric: 0.7593
Epoch 19/50 - Train Loss: 0.5701 - Train Metric: 0.7663
Epoch 19/50 - Val Metric: 0.7635
Epoch 20/50 - Train Loss: 0.5644 - Train Metric: 0.7734
Epoch 20/50 - Val Metric: 0.7644
Epoch 21/50 - Train Loss: 0.5626 - Train Metric: 0.7750
Epoch 21/50 - Val Metric: 0.7640
Epoch 22/50 - Train Loss: 0.5641 - Train Metric: 0.7740
Epoch 22/50 - Val Metric: 0.7605
Epoch 23/50 - Train Loss: 0.5638 - Train Metric: 0.7747
Epoch 23/50 - Val Metric: 0.7638
Epoch 24/50 - Train Loss: 0.5622 - Train Metric: 0.7762
Epoch 24/50 - Val Metric: 0.7639
Epoch 25/50 - Train Loss: 0.5637 - Train Metric: 0.7743
Epoch 25/50 - Val Metric: 0.7633
Epoch 26/50 - Train Loss: 0.5642 - Train Metric: 0.7743
Epoch 26/50 - Val Metric: 0.7635
Epoch 27/50 - Train Loss: 0.5623 - Train Metric: 0.7758
Epoch 27/50 - Val Metric: 0.7629
Epoch 28/50 - Train Loss: 0.5619 - Train Metric: 0.7765
Epoch 28/50 - Val Metric: 0.7634
Epoch 29/50 - Train Loss: 0.5596 - Train Metric: 0.7795
Epoch 29/50 - Val Metric: 0.7645
Epoch 30/50 - Train Loss: 0.5612 - Train Metric: 0.7769
Epoch 30/50 - Val Metric: 0.7635
Epoch 31/50 - Train Loss: 0.5603 - Train Metric: 0.7789
Epoch 31/50 - Val Metric: 0.7642
Epoch 32/50 - Train Loss: 0.5614 - Train Metric: 0.7771
Epoch 32/50 - Val Metric: 0.7639
Epoch 33/50 - Train Loss: 0.5616 - Train Metric: 0.7768
Epoch 33/50 - Val Metric: 0.7644
Epoch 34/50 - Train Loss: 0.5595 - Train Metric: 0.7802
Epoch 34/50 - Val Metric: 0.7640
Epoch 35/50 - Train Loss: 0.5619 - Train Metric: 0.7767
Epoch 35/50 - Val Metric: 0.7640
Epoch 36/50 - Train Loss: 0.5603 - Train Metric: 0.7786
Epoch 36/50 - Val Metric: 0.7636
Epoch 37/50 - Train Loss: 0.5595 - Train Metric: 0.7797
Epoch 37/50 - Val Metric: 0.7639
Epoch 38/50 - Train Loss: 0.5604 - Train Metric: 0.7781
Epoch 38/50 - Val Metric: 0.7627
Epoch 39/50 - Train Loss: 0.5599 - Train Metric: 0.7788
Epoch 39/50 - Val Metric: 0.7639
Epoch 40/50 - Train Loss: 0.5581 - Train Metric: 0.7807
Epoch 40/50 - Val Metric: 0.7648
Epoch 41/50 - Train Loss: 0.5579 - Train Metric: 0.7819
Epoch 41/50 - Val Metric: 0.7649
Epoch 42/50 - Train Loss: 0.5591 - Train Metric: 0.7802
Epoch 42/50 - Val Metric: 0.7650
Epoch 43/50 - Train Loss: 0.5573 - Train Metric: 0.7824
Epoch 43/50 - Val Metric: 0.7649
Epoch 44/50 - Train Loss: 0.5586 - Train Metric: 0.7805
Epoch 44/50 - Val Metric: 0.7651
Epoch 45/50 - Train Loss: 0.5587 - Train Metric: 0.7808
Epoch 45/50 - Val Metric: 0.7654
Epoch 46/50 - Train Loss: 0.5577 - Train Metric: 0.7816
Epoch 46/50 - Val Metric: 0.7647
Epoch 47/50 - Train Loss: 0.5583 - Train Metric: 0.7811
Epoch 47/50 - Val Metric: 0.7652
Epoch 48/50 - Train Loss: 0.5573 - Train Metric: 0.7818
Epoch 48/50 - Val Metric: 0.7648
Epoch 49/50 - Train Loss: 0.5565 - Train Metric: 0.7835
Epoch 49/50 - Val Metric: 0.7652
Epoch 50/50 - Train Loss: 0.5572 - Train Metric: 0.7818
Epoch 50/50 - Val Metric: 0.7650
Best val: 0.7654, Best test: 0.7869
Training set has 10617 instances
Validation set has 1327 instances
Test set has 1328 instances
Epoch 1/50 - Train Loss: 0.7088 - Train Metric: 0.5154
Epoch 1/50 - Val Metric: 0.5997
Epoch 2/50 - Train Loss: 0.6956 - Train Metric: 0.5067
Epoch 2/50 - Val Metric: 0.6386
Epoch 3/50 - Train Loss: 0.6931 - Train Metric: 0.5138
Epoch 3/50 - Val Metric: 0.6388
Epoch 4/50 - Train Loss: 0.6940 - Train Metric: 0.5269
Epoch 4/50 - Val Metric: 0.6386
Epoch 5/50 - Train Loss: 0.6910 - Train Metric: 0.5342
Epoch 5/50 - Val Metric: 0.6384
Epoch 6/50 - Train Loss: 0.6880 - Train Metric: 0.5551
Epoch 6/50 - Val Metric: 0.6396
Epoch 7/50 - Train Loss: 0.6508 - Train Metric: 0.6554
Epoch 7/50 - Val Metric: 0.7191
Epoch 8/50 - Train Loss: 0.5899 - Train Metric: 0.7341
Epoch 8/50 - Val Metric: 0.7655
Epoch 9/50 - Train Loss: 0.5804 - Train Metric: 0.7506
Epoch 9/50 - Val Metric: 0.7571
Epoch 10/50 - Train Loss: 0.5807 - Train Metric: 0.7502
Epoch 10/50 - Val Metric: 0.7692
Epoch 11/50 - Train Loss: 0.5748 - Train Metric: 0.7566
Epoch 11/50 - Val Metric: 0.7726
Epoch 12/50 - Train Loss: 0.5724 - Train Metric: 0.7624
Epoch 12/50 - Val Metric: 0.7717
Epoch 13/50 - Train Loss: 0.5719 - Train Metric: 0.7625
Epoch 13/50 - Val Metric: 0.7733
Epoch 14/50 - Train Loss: 0.5680 - Train Metric: 0.7685
Epoch 14/50 - Val Metric: 0.7736
Epoch 15/50 - Train Loss: 0.5671 - Train Metric: 0.7698
Epoch 15/50 - Val Metric: 0.7740
Epoch 16/50 - Train Loss: 0.5675 - Train Metric: 0.7699
Epoch 16/50 - Val Metric: 0.7746
Epoch 17/50 - Train Loss: 0.5685 - Train Metric: 0.7668
Epoch 17/50 - Val Metric: 0.7747
Epoch 18/50 - Train Loss: 0.5651 - Train Metric: 0.7725
Epoch 18/50 - Val Metric: 0.7746
Epoch 19/50 - Train Loss: 0.5666 - Train Metric: 0.7712
Epoch 19/50 - Val Metric: 0.7751
Epoch 20/50 - Train Loss: 0.5655 - Train Metric: 0.7717
Epoch 20/50 - Val Metric: 0.7750
Epoch 21/50 - Train Loss: 0.5638 - Train Metric: 0.7739
Epoch 21/50 - Val Metric: 0.7757
Epoch 22/50 - Train Loss: 0.5644 - Train Metric: 0.7720
Epoch 22/50 - Val Metric: 0.7756
Epoch 23/50 - Train Loss: 0.5644 - Train Metric: 0.7725
Epoch 23/50 - Val Metric: 0.7759
Epoch 24/50 - Train Loss: 0.5625 - Train Metric: 0.7744
Epoch 24/50 - Val Metric: 0.7755
Epoch 25/50 - Train Loss: 0.5630 - Train Metric: 0.7749
Epoch 25/50 - Val Metric: 0.7760
Epoch 26/50 - Train Loss: 0.5627 - Train Metric: 0.7753
Epoch 26/50 - Val Metric: 0.7765
Epoch 27/50 - Train Loss: 0.5621 - Train Metric: 0.7758
Epoch 27/50 - Val Metric: 0.7758
Epoch 28/50 - Train Loss: 0.5625 - Train Metric: 0.7759
Epoch 28/50 - Val Metric: 0.7761
Epoch 29/50 - Train Loss: 0.5616 - Train Metric: 0.7765
Epoch 29/50 - Val Metric: 0.7771
Epoch 30/50 - Train Loss: 0.5624 - Train Metric: 0.7760
Epoch 30/50 - Val Metric: 0.7757
Epoch 31/50 - Train Loss: 0.5616 - Train Metric: 0.7764
Epoch 31/50 - Val Metric: 0.7776
Epoch 32/50 - Train Loss: 0.5611 - Train Metric: 0.7775
Epoch 32/50 - Val Metric: 0.7775
Epoch 33/50 - Train Loss: 0.5601 - Train Metric: 0.7780
Epoch 33/50 - Val Metric: 0.7771
Epoch 34/50 - Train Loss: 0.5601 - Train Metric: 0.7784
Epoch 34/50 - Val Metric: 0.7772
Epoch 35/50 - Train Loss: 0.5599 - Train Metric: 0.7785
Epoch 35/50 - Val Metric: 0.7777
Epoch 36/50 - Train Loss: 0.5612 - Train Metric: 0.7772
Epoch 36/50 - Val Metric: 0.7776
Epoch 37/50 - Train Loss: 0.5597 - Train Metric: 0.7786
Epoch 37/50 - Val Metric: 0.7782
Epoch 38/50 - Train Loss: 0.5602 - Train Metric: 0.7783
Epoch 38/50 - Val Metric: 0.7775
Epoch 39/50 - Train Loss: 0.5587 - Train Metric: 0.7798
Epoch 39/50 - Val Metric: 0.7781
Epoch 40/50 - Train Loss: 0.5597 - Train Metric: 0.7793
Epoch 40/50 - Val Metric: 0.7773
Epoch 41/50 - Train Loss: 0.5595 - Train Metric: 0.7792
Epoch 41/50 - Val Metric: 0.7776
Epoch 42/50 - Train Loss: 0.5585 - Train Metric: 0.7804
Epoch 42/50 - Val Metric: 0.7783
Epoch 43/50 - Train Loss: 0.5594 - Train Metric: 0.7797
Epoch 43/50 - Val Metric: 0.7784
Epoch 44/50 - Train Loss: 0.5594 - Train Metric: 0.7792
Epoch 44/50 - Val Metric: 0.7777
Epoch 45/50 - Train Loss: 0.5597 - Train Metric: 0.7789
Epoch 45/50 - Val Metric: 0.7779
Epoch 46/50 - Train Loss: 0.5583 - Train Metric: 0.7803
Epoch 46/50 - Val Metric: 0.7780
Epoch 47/50 - Train Loss: 0.5590 - Train Metric: 0.7797
Epoch 47/50 - Val Metric: 0.7784
Epoch 48/50 - Train Loss: 0.5587 - Train Metric: 0.7797
Epoch 48/50 - Val Metric: 0.7783
Epoch 49/50 - Train Loss: 0.5590 - Train Metric: 0.7799
Epoch 49/50 - Val Metric: 0.7782
Epoch 50/50 - Train Loss: 0.5594 - Train Metric: 0.7793
Epoch 50/50 - Val Metric: 0.7781
Best val: 0.7784, Best test: 0.7746
Training set has 10617 instances
Validation set has 1327 instances
Test set has 1328 instances
Epoch 1/50 - Train Loss: 0.6989 - Train Metric: 0.5090
Epoch 1/50 - Val Metric: 0.6475
Epoch 2/50 - Train Loss: 0.6928 - Train Metric: 0.5168
Epoch 2/50 - Val Metric: 0.6704
Epoch 3/50 - Train Loss: 0.6900 - Train Metric: 0.5406
Epoch 3/50 - Val Metric: 0.6863
Epoch 4/50 - Train Loss: 0.6393 - Train Metric: 0.6784
Epoch 4/50 - Val Metric: 0.7517
Epoch 5/50 - Train Loss: 0.5888 - Train Metric: 0.7423
Epoch 5/50 - Val Metric: 0.7675
Epoch 6/50 - Train Loss: 0.5725 - Train Metric: 0.7631
Epoch 6/50 - Val Metric: 0.7708
Epoch 7/50 - Train Loss: 0.5659 - Train Metric: 0.7710
Epoch 7/50 - Val Metric: 0.7761
Epoch 8/50 - Train Loss: 0.5663 - Train Metric: 0.7719
Epoch 8/50 - Val Metric: 0.7766
Epoch 9/50 - Train Loss: 0.5629 - Train Metric: 0.7752
Epoch 9/50 - Val Metric: 0.7771
Epoch 10/50 - Train Loss: 0.5646 - Train Metric: 0.7721
Epoch 10/50 - Val Metric: 0.7751
Epoch 11/50 - Train Loss: 0.5641 - Train Metric: 0.7735
Epoch 11/50 - Val Metric: 0.7742
Epoch 12/50 - Train Loss: 0.5622 - Train Metric: 0.7764
Epoch 12/50 - Val Metric: 0.7745
Epoch 13/50 - Train Loss: 0.5614 - Train Metric: 0.7767
Epoch 13/50 - Val Metric: 0.7772
Epoch 14/50 - Train Loss: 0.5600 - Train Metric: 0.7785
Epoch 14/50 - Val Metric: 0.7767
Epoch 15/50 - Train Loss: 0.5605 - Train Metric: 0.7777
Epoch 15/50 - Val Metric: 0.7776
Epoch 16/50 - Train Loss: 0.5592 - Train Metric: 0.7801
Epoch 16/50 - Val Metric: 0.7801
Epoch 17/50 - Train Loss: 0.5597 - Train Metric: 0.7789
Epoch 17/50 - Val Metric: 0.7830
Epoch 18/50 - Train Loss: 0.5578 - Train Metric: 0.7814
Epoch 18/50 - Val Metric: 0.7860
Epoch 19/50 - Train Loss: 0.5577 - Train Metric: 0.7812
Epoch 19/50 - Val Metric: 0.7851
Epoch 20/50 - Train Loss: 0.5579 - Train Metric: 0.7812
Epoch 20/50 - Val Metric: 0.7856
Epoch 21/50 - Train Loss: 0.5580 - Train Metric: 0.7809
Epoch 21/50 - Val Metric: 0.7833
Epoch 22/50 - Train Loss: 0.5568 - Train Metric: 0.7823
Epoch 22/50 - Val Metric: 0.7842
Epoch 23/50 - Train Loss: 0.5559 - Train Metric: 0.7837
Epoch 23/50 - Val Metric: 0.7848
Epoch 24/50 - Train Loss: 0.5551 - Train Metric: 0.7841
Epoch 24/50 - Val Metric: 0.7845
Epoch 25/50 - Train Loss: 0.5571 - Train Metric: 0.7821
Epoch 25/50 - Val Metric: 0.7840
Epoch 26/50 - Train Loss: 0.5567 - Train Metric: 0.7823
Epoch 26/50 - Val Metric: 0.7848
Epoch 27/50 - Train Loss: 0.5556 - Train Metric: 0.7837
Epoch 27/50 - Val Metric: 0.7847
Epoch 28/50 - Train Loss: 0.5557 - Train Metric: 0.7837
Epoch 28/50 - Val Metric: 0.7848
Epoch 29/50 - Train Loss: 0.5558 - Train Metric: 0.7835
Epoch 29/50 - Val Metric: 0.7851
Epoch 30/50 - Train Loss: 0.5562 - Train Metric: 0.7832
Epoch 30/50 - Val Metric: 0.7849
Epoch 31/50 - Train Loss: 0.5554 - Train Metric: 0.7839
Epoch 31/50 - Val Metric: 0.7846
Epoch 32/50 - Train Loss: 0.5553 - Train Metric: 0.7843
Epoch 32/50 - Val Metric: 0.7848
Epoch 33/50 - Train Loss: 0.5549 - Train Metric: 0.7847
Epoch 33/50 - Val Metric: 0.7851
Epoch 34/50 - Train Loss: 0.5552 - Train Metric: 0.7843
Epoch 34/50 - Val Metric: 0.7851
Epoch 35/50 - Train Loss: 0.5546 - Train Metric: 0.7847
Epoch 35/50 - Val Metric: 0.7847
Epoch 36/50 - Train Loss: 0.5554 - Train Metric: 0.7840
Epoch 36/50 - Val Metric: 0.7849
Epoch 37/50 - Train Loss: 0.5555 - Train Metric: 0.7839
Epoch 37/50 - Val Metric: 0.7848
Epoch 38/50 - Train Loss: 0.5554 - Train Metric: 0.7842
Epoch 38/50 - Val Metric: 0.7848
Epoch 39/50 - Train Loss: 0.5552 - Train Metric: 0.7844
Epoch 39/50 - Val Metric: 0.7848
Epoch 40/50 - Train Loss: 0.5542 - Train Metric: 0.7855
Epoch 40/50 - Val Metric: 0.7848
Epoch 41/50 - Train Loss: 0.5549 - Train Metric: 0.7846
Epoch 41/50 - Val Metric: 0.7847
Epoch 42/50 - Train Loss: 0.5554 - Train Metric: 0.7842
Epoch 42/50 - Val Metric: 0.7848
Epoch 43/50 - Train Loss: 0.5553 - Train Metric: 0.7843
Epoch 43/50 - Val Metric: 0.7848
Epoch 44/50 - Train Loss: 0.5551 - Train Metric: 0.7842
Epoch 44/50 - Val Metric: 0.7848
Epoch 45/50 - Train Loss: 0.5548 - Train Metric: 0.7848
Epoch 45/50 - Val Metric: 0.7848
Epoch 46/50 - Train Loss: 0.5549 - Train Metric: 0.7846
Epoch 46/50 - Val Metric: 0.7849
Epoch 47/50 - Train Loss: 0.5546 - Train Metric: 0.7847
Epoch 47/50 - Val Metric: 0.7849
Epoch 48/50 - Train Loss: 0.5543 - Train Metric: 0.7851
Epoch 48/50 - Val Metric: 0.7848
Epoch 49/50 - Train Loss: 0.5548 - Train Metric: 0.7848
Epoch 49/50 - Val Metric: 0.7848
Epoch 50/50 - Train Loss: 0.5543 - Train Metric: 0.7853
Epoch 50/50 - Val Metric: 0.7848
Best val: 0.7860, Best test: 0.7633
Training set has 10617 instances
Validation set has 1327 instances
Test set has 1328 instances
Training set has 10617 instances
Validation set has 1327 instances
Test set has 1328 instances
Epoch 1/50 - Train Loss: 0.7201 - Train Metric: 0.5111
Epoch 1/50 - Val Metric: 0.6341
Training set has 10617 instances
Validation set has 1327 instances
Test set has 1328 instances
Epoch 1/50 - Train Loss: 0.7203 - Train Metric: 0.5073
Epoch 1/50 - Val Metric: 0.6665
Epoch 2/50 - Train Loss: 0.6939 - Train Metric: 0.5182
Epoch 2/50 - Val Metric: 0.7153
Epoch 3/50 - Train Loss: 0.6934 - Train Metric: 0.5122
Epoch 3/50 - Val Metric: 0.7150
Epoch 4/50 - Train Loss: 0.6929 - Train Metric: 0.5095
Epoch 4/50 - Val Metric: 0.7126
Training set has 10617 instances
Validation set has 1327 instances
Test set has 1328 instances
Epoch 1/50 - Train Loss: 0.7062 - Train Metric: 0.5213
Epoch 1/50 - Val Metric: 0.6634
Training set has 10617 instances
Validation set has 1327 instances
Test set has 1328 instances
Epoch 1/50 - Train Loss: 0.7472 - Train Metric: 0.5098
Epoch 1/50 - Val Metric: 0.6516
Training set has 10617 instances
Validation set has 1327 instances
Test set has 1328 instances
Training set has 10617 instances
Validation set has 1327 instances
Test set has 1328 instances
Epoch 1/50 - Train Loss: 0.6964 - Train Metric: 0.5270
Epoch 1/50 - Val Metric: 0.6529
Epoch 2/50 - Train Loss: 0.6492 - Train Metric: 0.6509
Epoch 2/50 - Val Metric: 0.7508
Epoch 3/50 - Train Loss: 0.5877 - Train Metric: 0.7386
Epoch 3/50 - Val Metric: 0.7633
Epoch 4/50 - Train Loss: 0.5751 - Train Metric: 0.7595
Epoch 4/50 - Val Metric: 0.7630
Epoch 5/50 - Train Loss: 0.5749 - Train Metric: 0.7586
Epoch 5/50 - Val Metric: 0.7646
Epoch 6/50 - Train Loss: 0.5724 - Train Metric: 0.7632
Epoch 6/50 - Val Metric: 0.7646
Epoch 7/50 - Train Loss: 0.5673 - Train Metric: 0.7700
Epoch 7/50 - Val Metric: 0.7655
Epoch 8/50 - Train Loss: 0.5668 - Train Metric: 0.7709
Epoch 8/50 - Val Metric: 0.7667
Epoch 9/50 - Train Loss: 0.5666 - Train Metric: 0.7716
Epoch 9/50 - Val Metric: 0.7645
Training set has 10617 instances
Validation set has 1327 instances
Test set has 1328 instances
Epoch 1/50 - Train Loss: 0.7297 - Train Metric: 0.4938
Epoch 1/50 - Val Metric: 0.6310
Training set has 10617 instances
Validation set has 1327 instances
Test set has 1328 instances
Training set has 10617 instances
Validation set has 1327 instances
Test set has 1328 instances
Epoch 1/50 - Train Loss: 0.6940 - Train Metric: 0.5137
Epoch 1/50 - Val Metric: 0.6429
Epoch 2/50 - Train Loss: 0.6874 - Train Metric: 0.5611
Epoch 2/50 - Val Metric: 0.7038
Epoch 3/50 - Train Loss: 0.6413 - Train Metric: 0.6730
Epoch 3/50 - Val Metric: 0.7305
Epoch 4/50 - Train Loss: 0.5992 - Train Metric: 0.7295
Epoch 4/50 - Val Metric: 0.7432
Epoch 5/50 - Train Loss: 0.5895 - Train Metric: 0.7382
Epoch 5/50 - Val Metric: 0.7525
Epoch 6/50 - Train Loss: 0.5880 - Train Metric: 0.7412
Epoch 6/50 - Val Metric: 0.7552
Epoch 7/50 - Train Loss: 0.5832 - Train Metric: 0.7461
Epoch 7/50 - Val Metric: 0.7544
Training set has 10617 instances
Validation set has 1327 instances
Test set has 1328 instances
Epoch 1/50 - Train Loss: 0.7361 - Train Metric: 0.5136
Epoch 1/50 - Val Metric: 0.6756
Epoch 2/50 - Train Loss: 0.6965 - Train Metric: 0.5001
Epoch 2/50 - Val Metric: 0.6894
Epoch 3/50 - Train Loss: 0.6946 - Train Metric: 0.5100
Epoch 3/50 - Val Metric: 0.6909
Epoch 4/50 - Train Loss: 0.6902 - Train Metric: 0.5307
Epoch 4/50 - Val Metric: 0.7023
Epoch 5/50 - Train Loss: 0.6293 - Train Metric: 0.6876
Epoch 5/50 - Val Metric: 0.7234
Training set has 10617 instances
Validation set has 1327 instances
Test set has 1328 instances
Epoch 1/50 - Train Loss: 0.7002 - Train Metric: 0.5094
Epoch 1/50 - Val Metric: 0.6408
Training set has 10617 instances
Validation set has 1327 instances
Test set has 1328 instances
Training set has 10617 instances
Validation set has 1327 instances
Test set has 1328 instances
Training set has 10617 instances
Validation set has 1327 instances
Test set has 1328 instances
Epoch 1/50 - Train Loss: 0.7269 - Train Metric: 0.5064
Epoch 1/50 - Val Metric: 0.6465
Hyper-parameter search done. Found the best config.
Repeat experiments 5 times with the best train config {'batch_size': 128, 'gamma_rate': 1.0, 'base_lr': 0.001} and model config {'num_heads': 8, 'num_layers': 8, 'hidden_dim': 128, 'mlp_ratio': 1, 'dropout_prob': 0, 'top_k': 1}.
Training set has 10617 instances
Validation set has 1327 instances
Test set has 1328 instances
Epoch 1/50 - Train Loss: 0.7258 - Train Metric: 0.5040
Epoch 1/50 - Val Metric: 0.6275
Epoch 2/50 - Train Loss: 0.6942 - Train Metric: 0.5029
Epoch 2/50 - Val Metric: 0.6199
Epoch 3/50 - Train Loss: 0.6964 - Train Metric: 0.4994
Epoch 3/50 - Val Metric: 0.6237
Epoch 4/50 - Train Loss: 0.6294 - Train Metric: 0.6513
Epoch 4/50 - Val Metric: 0.7243
Epoch 5/50 - Train Loss: 0.5984 - Train Metric: 0.7200
Epoch 5/50 - Val Metric: 0.7457
Epoch 6/50 - Train Loss: 0.5816 - Train Metric: 0.7495
Epoch 6/50 - Val Metric: 0.7546
Epoch 7/50 - Train Loss: 0.5758 - Train Metric: 0.7602
Epoch 7/50 - Val Metric: 0.7632
Epoch 8/50 - Train Loss: 0.5758 - Train Metric: 0.7604
Epoch 8/50 - Val Metric: 0.7617
Epoch 9/50 - Train Loss: 0.5715 - Train Metric: 0.7659
Epoch 9/50 - Val Metric: 0.7566
Epoch 10/50 - Train Loss: 0.5695 - Train Metric: 0.7700
Epoch 10/50 - Val Metric: 0.7618
Epoch 11/50 - Train Loss: 0.5690 - Train Metric: 0.7706
Epoch 11/50 - Val Metric: 0.7654
Epoch 12/50 - Train Loss: 0.5649 - Train Metric: 0.7727
Epoch 12/50 - Val Metric: 0.7662
Epoch 13/50 - Train Loss: 0.5638 - Train Metric: 0.7760
Epoch 13/50 - Val Metric: 0.7645
Epoch 14/50 - Train Loss: 0.5655 - Train Metric: 0.7733
Epoch 14/50 - Val Metric: 0.7671
Epoch 15/50 - Train Loss: 0.5676 - Train Metric: 0.7705
Epoch 15/50 - Val Metric: 0.7647
Epoch 16/50 - Train Loss: 0.5650 - Train Metric: 0.7740
Epoch 16/50 - Val Metric: 0.7640
Epoch 17/50 - Train Loss: 0.5634 - Train Metric: 0.7748
Epoch 17/50 - Val Metric: 0.7651
Epoch 18/50 - Train Loss: 0.5629 - Train Metric: 0.7759
Epoch 18/50 - Val Metric: 0.7631
Epoch 19/50 - Train Loss: 0.5634 - Train Metric: 0.7755
Epoch 19/50 - Val Metric: 0.7636
Epoch 20/50 - Train Loss: 0.5622 - Train Metric: 0.7766
Epoch 20/50 - Val Metric: 0.7665
Epoch 21/50 - Train Loss: 0.5620 - Train Metric: 0.7768
Epoch 21/50 - Val Metric: 0.7664
Epoch 22/50 - Train Loss: 0.5614 - Train Metric: 0.7775
Epoch 22/50 - Val Metric: 0.7655
Epoch 23/50 - Train Loss: 0.5598 - Train Metric: 0.7801
Epoch 23/50 - Val Metric: 0.7695
Epoch 24/50 - Train Loss: 0.5603 - Train Metric: 0.7778
Epoch 24/50 - Val Metric: 0.7699
Epoch 25/50 - Train Loss: 0.5588 - Train Metric: 0.7796
Epoch 25/50 - Val Metric: 0.7664
Epoch 26/50 - Train Loss: 0.5595 - Train Metric: 0.7796
Epoch 26/50 - Val Metric: 0.7671
Epoch 27/50 - Train Loss: 0.5595 - Train Metric: 0.7790
Epoch 27/50 - Val Metric: 0.7671
Epoch 28/50 - Train Loss: 0.5579 - Train Metric: 0.7809
Epoch 28/50 - Val Metric: 0.7686
Epoch 29/50 - Train Loss: 0.5585 - Train Metric: 0.7808
Epoch 29/50 - Val Metric: 0.7661
Epoch 30/50 - Train Loss: 0.5599 - Train Metric: 0.7791
Epoch 30/50 - Val Metric: 0.7704
Epoch 31/50 - Train Loss: 0.5609 - Train Metric: 0.7780
Epoch 31/50 - Val Metric: 0.7680
Epoch 32/50 - Train Loss: 0.5601 - Train Metric: 0.7791
Epoch 32/50 - Val Metric: 0.7692
Epoch 33/50 - Train Loss: 0.5582 - Train Metric: 0.7806
Epoch 33/50 - Val Metric: 0.7686
Epoch 34/50 - Train Loss: 0.5594 - Train Metric: 0.7807
Epoch 34/50 - Val Metric: 0.7664
Epoch 35/50 - Train Loss: 0.5591 - Train Metric: 0.7787
Epoch 35/50 - Val Metric: 0.7707
Epoch 36/50 - Train Loss: 0.5569 - Train Metric: 0.7823
Epoch 36/50 - Val Metric: 0.7683
Epoch 37/50 - Train Loss: 0.5543 - Train Metric: 0.7852
Epoch 37/50 - Val Metric: 0.7710
Epoch 38/50 - Train Loss: 0.5560 - Train Metric: 0.7839
Epoch 38/50 - Val Metric: 0.7703
Epoch 39/50 - Train Loss: 0.5567 - Train Metric: 0.7828
Epoch 39/50 - Val Metric: 0.7658
Epoch 40/50 - Train Loss: 0.5558 - Train Metric: 0.7838
Epoch 40/50 - Val Metric: 0.7665
Epoch 41/50 - Train Loss: 0.5572 - Train Metric: 0.7822
Epoch 41/50 - Val Metric: 0.7683
Epoch 42/50 - Train Loss: 0.5549 - Train Metric: 0.7844
Epoch 42/50 - Val Metric: 0.7634
Epoch 43/50 - Train Loss: 0.5564 - Train Metric: 0.7825
Epoch 43/50 - Val Metric: 0.7727
Epoch 44/50 - Train Loss: 0.5552 - Train Metric: 0.7844
Epoch 44/50 - Val Metric: 0.7676
Epoch 45/50 - Train Loss: 0.5538 - Train Metric: 0.7862
Epoch 45/50 - Val Metric: 0.7713
Epoch 46/50 - Train Loss: 0.5567 - Train Metric: 0.7828
Epoch 46/50 - Val Metric: 0.7716
Epoch 47/50 - Train Loss: 0.5552 - Train Metric: 0.7845
Epoch 47/50 - Val Metric: 0.7707
Epoch 48/50 - Train Loss: 0.5547 - Train Metric: 0.7857
Epoch 48/50 - Val Metric: 0.7717
Epoch 49/50 - Train Loss: 0.5559 - Train Metric: 0.7834
Epoch 49/50 - Val Metric: 0.7717
Epoch 50/50 - Train Loss: 0.5542 - Train Metric: 0.7854
Epoch 50/50 - Val Metric: 0.7703
Best val: 0.7727, Best test: 0.7890
Training set has 10617 instances
Validation set has 1327 instances
Test set has 1328 instances
Epoch 1/50 - Train Loss: 0.7317 - Train Metric: 0.5082
Epoch 1/50 - Val Metric: 0.6575
Epoch 2/50 - Train Loss: 0.6952 - Train Metric: 0.5117
Epoch 2/50 - Val Metric: 0.6553
Epoch 3/50 - Train Loss: 0.6941 - Train Metric: 0.5089
Epoch 3/50 - Val Metric: 0.6119
Epoch 4/50 - Train Loss: 0.6917 - Train Metric: 0.5471
Epoch 4/50 - Val Metric: 0.6175
Epoch 5/50 - Train Loss: 0.6192 - Train Metric: 0.6983
Epoch 5/50 - Val Metric: 0.7248
Epoch 6/50 - Train Loss: 0.5869 - Train Metric: 0.7349
Epoch 6/50 - Val Metric: 0.7502
Epoch 7/50 - Train Loss: 0.5789 - Train Metric: 0.7550
Epoch 7/50 - Val Metric: 0.7634
Epoch 8/50 - Train Loss: 0.5718 - Train Metric: 0.7653
Epoch 8/50 - Val Metric: 0.7625
Epoch 9/50 - Train Loss: 0.5736 - Train Metric: 0.7623
Epoch 9/50 - Val Metric: 0.7616
Epoch 10/50 - Train Loss: 0.5693 - Train Metric: 0.7679
Epoch 10/50 - Val Metric: 0.7645
Epoch 11/50 - Train Loss: 0.5668 - Train Metric: 0.7705
Epoch 11/50 - Val Metric: 0.7661
Epoch 12/50 - Train Loss: 0.5688 - Train Metric: 0.7699
Epoch 12/50 - Val Metric: 0.7673
Epoch 13/50 - Train Loss: 0.5658 - Train Metric: 0.7726
Epoch 13/50 - Val Metric: 0.7691
Epoch 14/50 - Train Loss: 0.5650 - Train Metric: 0.7728
Epoch 14/50 - Val Metric: 0.7596
Epoch 15/50 - Train Loss: 0.5671 - Train Metric: 0.7708
Epoch 15/50 - Val Metric: 0.7629
Epoch 16/50 - Train Loss: 0.5664 - Train Metric: 0.7715
Epoch 16/50 - Val Metric: 0.7698
Epoch 17/50 - Train Loss: 0.5617 - Train Metric: 0.7770
Epoch 17/50 - Val Metric: 0.7667
Epoch 18/50 - Train Loss: 0.5620 - Train Metric: 0.7764
Epoch 18/50 - Val Metric: 0.7642
Epoch 19/50 - Train Loss: 0.5627 - Train Metric: 0.7753
Epoch 19/50 - Val Metric: 0.7710
Epoch 20/50 - Train Loss: 0.5637 - Train Metric: 0.7767
Epoch 20/50 - Val Metric: 0.7713
Epoch 21/50 - Train Loss: 0.5593 - Train Metric: 0.7794
Epoch 21/50 - Val Metric: 0.7694
Epoch 22/50 - Train Loss: 0.5597 - Train Metric: 0.7796
Epoch 22/50 - Val Metric: 0.7687
Epoch 23/50 - Train Loss: 0.5602 - Train Metric: 0.7785
Epoch 23/50 - Val Metric: 0.7699
Epoch 24/50 - Train Loss: 0.5601 - Train Metric: 0.7779
Epoch 24/50 - Val Metric: 0.7704
Epoch 25/50 - Train Loss: 0.5573 - Train Metric: 0.7822
Epoch 25/50 - Val Metric: 0.7684
Epoch 26/50 - Train Loss: 0.5667 - Train Metric: 0.7722
Epoch 26/50 - Val Metric: 0.7725
Epoch 27/50 - Train Loss: 0.5590 - Train Metric: 0.7806
Epoch 27/50 - Val Metric: 0.7735
Epoch 28/50 - Train Loss: 0.5554 - Train Metric: 0.7836
Epoch 28/50 - Val Metric: 0.7747
Epoch 29/50 - Train Loss: 0.5570 - Train Metric: 0.7827
Epoch 29/50 - Val Metric: 0.7758
Epoch 30/50 - Train Loss: 0.5564 - Train Metric: 0.7830
Epoch 30/50 - Val Metric: 0.7722
Epoch 31/50 - Train Loss: 0.5579 - Train Metric: 0.7801
Epoch 31/50 - Val Metric: 0.7711
Epoch 32/50 - Train Loss: 0.5559 - Train Metric: 0.7832
Epoch 32/50 - Val Metric: 0.7787
Epoch 33/50 - Train Loss: 0.5569 - Train Metric: 0.7826
Epoch 33/50 - Val Metric: 0.7757
Epoch 34/50 - Train Loss: 0.5559 - Train Metric: 0.7828
Epoch 34/50 - Val Metric: 0.7740
Epoch 35/50 - Train Loss: 0.5560 - Train Metric: 0.7830
Epoch 35/50 - Val Metric: 0.7769
Epoch 36/50 - Train Loss: 0.5532 - Train Metric: 0.7855
Epoch 36/50 - Val Metric: 0.7748
Epoch 37/50 - Train Loss: 0.5565 - Train Metric: 0.7825
Epoch 37/50 - Val Metric: 0.7789
Epoch 38/50 - Train Loss: 0.5560 - Train Metric: 0.7828
Epoch 38/50 - Val Metric: 0.7723
Epoch 39/50 - Train Loss: 0.5615 - Train Metric: 0.7769
Epoch 39/50 - Val Metric: 0.7679
Epoch 40/50 - Train Loss: 0.5593 - Train Metric: 0.7785
Epoch 40/50 - Val Metric: 0.7746
Epoch 41/50 - Train Loss: 0.5558 - Train Metric: 0.7832
Epoch 41/50 - Val Metric: 0.7770
Epoch 42/50 - Train Loss: 0.5563 - Train Metric: 0.7821
Epoch 42/50 - Val Metric: 0.7711
Epoch 43/50 - Train Loss: 0.5542 - Train Metric: 0.7849
Epoch 43/50 - Val Metric: 0.7776
Epoch 44/50 - Train Loss: 0.5553 - Train Metric: 0.7842
Epoch 44/50 - Val Metric: 0.7750
Epoch 45/50 - Train Loss: 0.5562 - Train Metric: 0.7818
Epoch 45/50 - Val Metric: 0.7722
Epoch 46/50 - Train Loss: 0.5554 - Train Metric: 0.7836
Epoch 46/50 - Val Metric: 0.7744
Epoch 47/50 - Train Loss: 0.5540 - Train Metric: 0.7857
Epoch 47/50 - Val Metric: 0.7712
Epoch 48/50 - Train Loss: 0.5560 - Train Metric: 0.7832
Epoch 48/50 - Val Metric: 0.7718
Epoch 49/50 - Train Loss: 0.5530 - Train Metric: 0.7863
Epoch 49/50 - Val Metric: 0.7739
Epoch 50/50 - Train Loss: 0.5524 - Train Metric: 0.7879
Epoch 50/50 - Val Metric: 0.7738
Best val: 0.7789, Best test: 0.7791
Training set has 10617 instances
Validation set has 1327 instances
Test set has 1328 instances
Epoch 1/50 - Train Loss: 0.7275 - Train Metric: 0.5051
Epoch 1/50 - Val Metric: 0.6268
Epoch 2/50 - Train Loss: 0.6940 - Train Metric: 0.4966
Epoch 2/50 - Val Metric: 0.6368
Epoch 3/50 - Train Loss: 0.6956 - Train Metric: 0.5084
Epoch 3/50 - Val Metric: 0.6269
Epoch 4/50 - Train Loss: 0.6738 - Train Metric: 0.5845
Epoch 4/50 - Val Metric: 0.7142
Epoch 5/50 - Train Loss: 0.6004 - Train Metric: 0.7080
Epoch 5/50 - Val Metric: 0.7157
Epoch 6/50 - Train Loss: 0.5923 - Train Metric: 0.7196
Epoch 6/50 - Val Metric: 0.7143
Epoch 7/50 - Train Loss: 0.5850 - Train Metric: 0.7338
Epoch 7/50 - Val Metric: 0.7406
Epoch 8/50 - Train Loss: 0.5762 - Train Metric: 0.7522
Epoch 8/50 - Val Metric: 0.7602
Epoch 9/50 - Train Loss: 0.5667 - Train Metric: 0.7698
Epoch 9/50 - Val Metric: 0.7692
Epoch 10/50 - Train Loss: 0.5654 - Train Metric: 0.7715
Epoch 10/50 - Val Metric: 0.7699
Epoch 11/50 - Train Loss: 0.5655 - Train Metric: 0.7724
Epoch 11/50 - Val Metric: 0.7678
Epoch 12/50 - Train Loss: 0.5637 - Train Metric: 0.7748
Epoch 12/50 - Val Metric: 0.7716
Epoch 13/50 - Train Loss: 0.5616 - Train Metric: 0.7768
Epoch 13/50 - Val Metric: 0.7705
Epoch 14/50 - Train Loss: 0.5602 - Train Metric: 0.7792
Epoch 14/50 - Val Metric: 0.7679
Epoch 15/50 - Train Loss: 0.5598 - Train Metric: 0.7778
Epoch 15/50 - Val Metric: 0.7712
Epoch 16/50 - Train Loss: 0.5558 - Train Metric: 0.7832
Epoch 16/50 - Val Metric: 0.7692
Epoch 17/50 - Train Loss: 0.5563 - Train Metric: 0.7819
Epoch 17/50 - Val Metric: 0.7704
Epoch 18/50 - Train Loss: 0.5593 - Train Metric: 0.7799
Epoch 18/50 - Val Metric: 0.7748
Epoch 19/50 - Train Loss: 0.5581 - Train Metric: 0.7805
Epoch 19/50 - Val Metric: 0.7719
Epoch 20/50 - Train Loss: 0.5553 - Train Metric: 0.7837
Epoch 20/50 - Val Metric: 0.7689
Epoch 21/50 - Train Loss: 0.5541 - Train Metric: 0.7853
Epoch 21/50 - Val Metric: 0.7721
Epoch 22/50 - Train Loss: 0.5552 - Train Metric: 0.7836
Epoch 22/50 - Val Metric: 0.7715
Epoch 23/50 - Train Loss: 0.5525 - Train Metric: 0.7868
Epoch 23/50 - Val Metric: 0.7708
Epoch 24/50 - Train Loss: 0.5545 - Train Metric: 0.7839
Epoch 24/50 - Val Metric: 0.7664
Epoch 25/50 - Train Loss: 0.5634 - Train Metric: 0.7758
Epoch 25/50 - Val Metric: 0.7634
Epoch 26/50 - Train Loss: 0.5585 - Train Metric: 0.7804
Epoch 26/50 - Val Metric: 0.7725
Epoch 27/50 - Train Loss: 0.5573 - Train Metric: 0.7800
Epoch 27/50 - Val Metric: 0.7699
Epoch 28/50 - Train Loss: 0.5571 - Train Metric: 0.7804
Epoch 28/50 - Val Metric: 0.7647
Epoch 29/50 - Train Loss: 0.5529 - Train Metric: 0.7868
Epoch 29/50 - Val Metric: 0.7707
Epoch 30/50 - Train Loss: 0.5524 - Train Metric: 0.7861
Epoch 30/50 - Val Metric: 0.7600
Epoch 31/50 - Train Loss: 0.5533 - Train Metric: 0.7857
Epoch 31/50 - Val Metric: 0.7745
Epoch 32/50 - Train Loss: 0.5508 - Train Metric: 0.7879
Epoch 32/50 - Val Metric: 0.7694
Epoch 33/50 - Train Loss: 0.5505 - Train Metric: 0.7870
Epoch 33/50 - Val Metric: 0.7710
Epoch 34/50 - Train Loss: 0.5501 - Train Metric: 0.7886
Epoch 34/50 - Val Metric: 0.7715
Epoch 35/50 - Train Loss: 0.5496 - Train Metric: 0.7892
Epoch 35/50 - Val Metric: 0.7696
Epoch 36/50 - Train Loss: 0.5494 - Train Metric: 0.7897
Epoch 36/50 - Val Metric: 0.7700
Epoch 37/50 - Train Loss: 0.5517 - Train Metric: 0.7875
Epoch 37/50 - Val Metric: 0.7641
Epoch 38/50 - Train Loss: 0.5522 - Train Metric: 0.7862
Epoch 38/50 - Val Metric: 0.7667
Epoch 39/50 - Train Loss: 0.5496 - Train Metric: 0.7896
Epoch 39/50 - Val Metric: 0.7732
Epoch 40/50 - Train Loss: 0.5505 - Train Metric: 0.7879
Epoch 40/50 - Val Metric: 0.7686
Epoch 41/50 - Train Loss: 0.5501 - Train Metric: 0.7883
Epoch 41/50 - Val Metric: 0.7705
Epoch 42/50 - Train Loss: 0.5489 - Train Metric: 0.7905
Epoch 42/50 - Val Metric: 0.7676
Epoch 43/50 - Train Loss: 0.5492 - Train Metric: 0.7902
Epoch 43/50 - Val Metric: 0.7709
Epoch 44/50 - Train Loss: 0.5481 - Train Metric: 0.7915
Epoch 44/50 - Val Metric: 0.7708
Epoch 45/50 - Train Loss: 0.5471 - Train Metric: 0.7917
Epoch 45/50 - Val Metric: 0.7684
Epoch 46/50 - Train Loss: 0.5455 - Train Metric: 0.7931
Epoch 46/50 - Val Metric: 0.7706
Epoch 47/50 - Train Loss: 0.5468 - Train Metric: 0.7924
Epoch 47/50 - Val Metric: 0.7639
Epoch 48/50 - Train Loss: 0.5472 - Train Metric: 0.7922
Epoch 48/50 - Val Metric: 0.7690
Epoch 49/50 - Train Loss: 0.5499 - Train Metric: 0.7882
Epoch 49/50 - Val Metric: 0.7687
Epoch 50/50 - Train Loss: 0.5473 - Train Metric: 0.7914
Epoch 50/50 - Val Metric: 0.7650
Best val: 0.7748, Best test: 0.7456
Training set has 10617 instances
Validation set has 1327 instances
Test set has 1328 instances
Epoch 1/50 - Train Loss: 0.7293 - Train Metric: 0.5056
Epoch 1/50 - Val Metric: 0.6361
Epoch 2/50 - Train Loss: 0.6958 - Train Metric: 0.5003
Epoch 2/50 - Val Metric: 0.6388
Epoch 3/50 - Train Loss: 0.6941 - Train Metric: 0.5157
Epoch 3/50 - Val Metric: 0.6232
Epoch 4/50 - Train Loss: 0.6668 - Train Metric: 0.6188
Epoch 4/50 - Val Metric: 0.6739
Epoch 5/50 - Train Loss: 0.6401 - Train Metric: 0.6671
Epoch 5/50 - Val Metric: 0.6930
Epoch 6/50 - Train Loss: 0.6073 - Train Metric: 0.6992
Epoch 6/50 - Val Metric: 0.7162
Epoch 7/50 - Train Loss: 0.5966 - Train Metric: 0.7162
Epoch 7/50 - Val Metric: 0.7415
Epoch 8/50 - Train Loss: 0.5920 - Train Metric: 0.7256
Epoch 8/50 - Val Metric: 0.7478
Epoch 9/50 - Train Loss: 0.5874 - Train Metric: 0.7351
Epoch 9/50 - Val Metric: 0.7578
Epoch 10/50 - Train Loss: 0.5853 - Train Metric: 0.7382
Epoch 10/50 - Val Metric: 0.7583
Epoch 11/50 - Train Loss: 0.5822 - Train Metric: 0.7446
Epoch 11/50 - Val Metric: 0.7700
Epoch 12/50 - Train Loss: 0.5822 - Train Metric: 0.7504
Epoch 12/50 - Val Metric: 0.7686
Epoch 13/50 - Train Loss: 0.5754 - Train Metric: 0.7602
Epoch 13/50 - Val Metric: 0.7715
Epoch 14/50 - Train Loss: 0.5747 - Train Metric: 0.7606
Epoch 14/50 - Val Metric: 0.7757
Epoch 15/50 - Train Loss: 0.5713 - Train Metric: 0.7656
Epoch 15/50 - Val Metric: 0.7819
Epoch 16/50 - Train Loss: 0.5727 - Train Metric: 0.7639
Epoch 16/50 - Val Metric: 0.7785
Epoch 17/50 - Train Loss: 0.5712 - Train Metric: 0.7642
Epoch 17/50 - Val Metric: 0.7841
Epoch 18/50 - Train Loss: 0.5694 - Train Metric: 0.7674
Epoch 18/50 - Val Metric: 0.7807
Epoch 19/50 - Train Loss: 0.5708 - Train Metric: 0.7661
Epoch 19/50 - Val Metric: 0.7833
Epoch 20/50 - Train Loss: 0.5705 - Train Metric: 0.7657
Epoch 20/50 - Val Metric: 0.7845
Epoch 21/50 - Train Loss: 0.5705 - Train Metric: 0.7665
Epoch 21/50 - Val Metric: 0.7847
Epoch 22/50 - Train Loss: 0.5756 - Train Metric: 0.7635
Epoch 22/50 - Val Metric: 0.7823
Epoch 23/50 - Train Loss: 0.5741 - Train Metric: 0.7625
Epoch 23/50 - Val Metric: 0.7854
Epoch 24/50 - Train Loss: 0.5656 - Train Metric: 0.7718
Epoch 24/50 - Val Metric: 0.7887
Epoch 25/50 - Train Loss: 0.5645 - Train Metric: 0.7739
Epoch 25/50 - Val Metric: 0.7863
Epoch 26/50 - Train Loss: 0.5668 - Train Metric: 0.7702
Epoch 26/50 - Val Metric: 0.7867
Epoch 27/50 - Train Loss: 0.5664 - Train Metric: 0.7712
Epoch 27/50 - Val Metric: 0.7884
Epoch 28/50 - Train Loss: 0.5654 - Train Metric: 0.7729
Epoch 28/50 - Val Metric: 0.7866
Epoch 29/50 - Train Loss: 0.5658 - Train Metric: 0.7728
Epoch 29/50 - Val Metric: 0.7889
Epoch 30/50 - Train Loss: 0.5651 - Train Metric: 0.7734
Epoch 30/50 - Val Metric: 0.7842
Epoch 31/50 - Train Loss: 0.5652 - Train Metric: 0.7729
Epoch 31/50 - Val Metric: 0.7867
Epoch 32/50 - Train Loss: 0.5615 - Train Metric: 0.7772
Epoch 32/50 - Val Metric: 0.7845
Epoch 33/50 - Train Loss: 0.5654 - Train Metric: 0.7707
Epoch 33/50 - Val Metric: 0.7863
Epoch 34/50 - Train Loss: 0.5625 - Train Metric: 0.7767
Epoch 34/50 - Val Metric: 0.7875
Epoch 35/50 - Train Loss: 0.5605 - Train Metric: 0.7785
Epoch 35/50 - Val Metric: 0.7876
Epoch 36/50 - Train Loss: 0.5616 - Train Metric: 0.7775
Epoch 36/50 - Val Metric: 0.7875
Epoch 37/50 - Train Loss: 0.5606 - Train Metric: 0.7791
Epoch 37/50 - Val Metric: 0.7898
Epoch 38/50 - Train Loss: 0.5602 - Train Metric: 0.7785
Epoch 38/50 - Val Metric: 0.7918
Epoch 39/50 - Train Loss: 0.5600 - Train Metric: 0.7809
Epoch 39/50 - Val Metric: 0.7861
Epoch 40/50 - Train Loss: 0.5617 - Train Metric: 0.7772
Epoch 40/50 - Val Metric: 0.7892
Epoch 41/50 - Train Loss: 0.5611 - Train Metric: 0.7779
Epoch 41/50 - Val Metric: 0.7873
Epoch 42/50 - Train Loss: 0.5599 - Train Metric: 0.7796
Epoch 42/50 - Val Metric: 0.7890
Epoch 43/50 - Train Loss: 0.5606 - Train Metric: 0.7786
Epoch 43/50 - Val Metric: 0.7860
Epoch 44/50 - Train Loss: 0.5593 - Train Metric: 0.7806
Epoch 44/50 - Val Metric: 0.7864
Epoch 45/50 - Train Loss: 0.5622 - Train Metric: 0.7770
Epoch 45/50 - Val Metric: 0.7842
Epoch 46/50 - Train Loss: 0.5592 - Train Metric: 0.7797
Epoch 46/50 - Val Metric: 0.7874
Epoch 47/50 - Train Loss: 0.5646 - Train Metric: 0.7747
Epoch 47/50 - Val Metric: 0.7884
Epoch 48/50 - Train Loss: 0.5601 - Train Metric: 0.7798
Epoch 48/50 - Val Metric: 0.7917
Epoch 49/50 - Train Loss: 0.5618 - Train Metric: 0.7761
Epoch 49/50 - Val Metric: 0.7890
Epoch 50/50 - Train Loss: 0.5577 - Train Metric: 0.7815
Epoch 50/50 - Val Metric: 0.7885
Best val: 0.7918, Best test: 0.7857
Training set has 10617 instances
Validation set has 1327 instances
Test set has 1328 instances
Epoch 1/50 - Train Loss: 0.7214 - Train Metric: 0.5000
Epoch 1/50 - Val Metric: 0.6234
Epoch 2/50 - Train Loss: 0.6947 - Train Metric: 0.5026
Epoch 2/50 - Val Metric: 0.6263
Epoch 3/50 - Train Loss: 0.6953 - Train Metric: 0.5284
Epoch 3/50 - Val Metric: 0.6161
Epoch 4/50 - Train Loss: 0.6334 - Train Metric: 0.6826
Epoch 4/50 - Val Metric: 0.7346
Epoch 5/50 - Train Loss: 0.6001 - Train Metric: 0.7115
Epoch 5/50 - Val Metric: 0.7498
Epoch 6/50 - Train Loss: 0.5873 - Train Metric: 0.7401
Epoch 6/50 - Val Metric: 0.7870
Epoch 7/50 - Train Loss: 0.5782 - Train Metric: 0.7568
Epoch 7/50 - Val Metric: 0.8018
Epoch 8/50 - Train Loss: 0.5719 - Train Metric: 0.7645
Epoch 8/50 - Val Metric: 0.8025
Epoch 9/50 - Train Loss: 0.5737 - Train Metric: 0.7628
Epoch 9/50 - Val Metric: 0.8026
Epoch 10/50 - Train Loss: 0.5766 - Train Metric: 0.7587
Epoch 10/50 - Val Metric: 0.8009
Epoch 11/50 - Train Loss: 0.5715 - Train Metric: 0.7654
Epoch 11/50 - Val Metric: 0.8003
Epoch 12/50 - Train Loss: 0.5702 - Train Metric: 0.7670
Epoch 12/50 - Val Metric: 0.8021
Epoch 13/50 - Train Loss: 0.5690 - Train Metric: 0.7686
Epoch 13/50 - Val Metric: 0.8015
Epoch 14/50 - Train Loss: 0.5695 - Train Metric: 0.7690
Epoch 14/50 - Val Metric: 0.7998
Epoch 15/50 - Train Loss: 0.5673 - Train Metric: 0.7706
Epoch 15/50 - Val Metric: 0.7990
Epoch 16/50 - Train Loss: 0.5716 - Train Metric: 0.7655
Epoch 16/50 - Val Metric: 0.8002
Epoch 17/50 - Train Loss: 0.5684 - Train Metric: 0.7691
Epoch 17/50 - Val Metric: 0.8012
Epoch 18/50 - Train Loss: 0.5692 - Train Metric: 0.7673
Epoch 18/50 - Val Metric: 0.7990
Epoch 19/50 - Train Loss: 0.5691 - Train Metric: 0.7687
Epoch 19/50 - Val Metric: 0.8022
Epoch 20/50 - Train Loss: 0.5671 - Train Metric: 0.7699
Epoch 20/50 - Val Metric: 0.7932
Epoch 21/50 - Train Loss: 0.5670 - Train Metric: 0.7712
Epoch 21/50 - Val Metric: 0.7982
Epoch 22/50 - Train Loss: 0.5663 - Train Metric: 0.7723
Epoch 22/50 - Val Metric: 0.7975
Epoch 23/50 - Train Loss: 0.5655 - Train Metric: 0.7730
Epoch 23/50 - Val Metric: 0.8021
Epoch 24/50 - Train Loss: 0.5666 - Train Metric: 0.7710
Epoch 24/50 - Val Metric: 0.8002
Epoch 25/50 - Train Loss: 0.5630 - Train Metric: 0.7767
Epoch 25/50 - Val Metric: 0.8020
Epoch 26/50 - Train Loss: 0.5644 - Train Metric: 0.7752
Epoch 26/50 - Val Metric: 0.8040
Epoch 27/50 - Train Loss: 0.5658 - Train Metric: 0.7725
Epoch 27/50 - Val Metric: 0.7987
Epoch 28/50 - Train Loss: 0.5648 - Train Metric: 0.7739
Epoch 28/50 - Val Metric: 0.8040
Epoch 29/50 - Train Loss: 0.5694 - Train Metric: 0.7683
Epoch 29/50 - Val Metric: 0.7967
Epoch 30/50 - Train Loss: 0.5644 - Train Metric: 0.7752
Epoch 30/50 - Val Metric: 0.8048
Epoch 31/50 - Train Loss: 0.5627 - Train Metric: 0.7766
Epoch 31/50 - Val Metric: 0.8060
Epoch 32/50 - Train Loss: 0.5604 - Train Metric: 0.7800
Epoch 32/50 - Val Metric: 0.8029
Epoch 33/50 - Train Loss: 0.5601 - Train Metric: 0.7796
Epoch 33/50 - Val Metric: 0.8057
Epoch 34/50 - Train Loss: 0.5593 - Train Metric: 0.7796
Epoch 34/50 - Val Metric: 0.8029
Epoch 35/50 - Train Loss: 0.5622 - Train Metric: 0.7769
Epoch 35/50 - Val Metric: 0.8007
Epoch 36/50 - Train Loss: 0.5631 - Train Metric: 0.7755
Epoch 36/50 - Val Metric: 0.7991
Epoch 37/50 - Train Loss: 0.5648 - Train Metric: 0.7737
Epoch 37/50 - Val Metric: 0.7990
Epoch 38/50 - Train Loss: 0.5668 - Train Metric: 0.7711
Epoch 38/50 - Val Metric: 0.7995
Epoch 39/50 - Train Loss: 0.5672 - Train Metric: 0.7708
Epoch 39/50 - Val Metric: 0.8027
Epoch 40/50 - Train Loss: 0.5624 - Train Metric: 0.7770
Epoch 40/50 - Val Metric: 0.7960
Epoch 41/50 - Train Loss: 0.5704 - Train Metric: 0.7659
Epoch 41/50 - Val Metric: 0.8019
Epoch 42/50 - Train Loss: 0.5640 - Train Metric: 0.7745
Epoch 42/50 - Val Metric: 0.8053
Epoch 43/50 - Train Loss: 0.5623 - Train Metric: 0.7772
Epoch 43/50 - Val Metric: 0.8073
Epoch 44/50 - Train Loss: 0.5606 - Train Metric: 0.7792
Epoch 44/50 - Val Metric: 0.8048
Epoch 45/50 - Train Loss: 0.5603 - Train Metric: 0.7786
Epoch 45/50 - Val Metric: 0.8048
Epoch 46/50 - Train Loss: 0.5601 - Train Metric: 0.7795
Epoch 46/50 - Val Metric: 0.8024
Epoch 47/50 - Train Loss: 0.5603 - Train Metric: 0.7790
Epoch 47/50 - Val Metric: 0.8032
Epoch 48/50 - Train Loss: 0.5591 - Train Metric: 0.7808
Epoch 48/50 - Val Metric: 0.8062
Epoch 49/50 - Train Loss: 0.5603 - Train Metric: 0.7794
Epoch 49/50 - Val Metric: 0.8063
Epoch 50/50 - Train Loss: 0.5580 - Train Metric: 0.7819
Epoch 50/50 - Val Metric: 0.8061
Best val: 0.8073, Best test: 0.7761
[0.78896528 0.77914357 0.74560833 0.78572607 0.77606082]
