Hyper-parameter search via Optuna
Namespace(task_type='binary_classification', scale='small', idx=7, epochs=50, num_trials=20, num_repeats=5, seed=0, exp_name='MemPerceiver_Ens_Attn', result_path='output/binary_classification/small/7/MemPerceiver_Ens_Attn.pt')
Device: cuda
Start building binary_classification dataset_small_7
Training set has 10617 instances
Validation set has 1327 instances
Test set has 1328 instances
Epoch 1/50 - Train Loss: 0.7114 - Train Metric: 0.4953
Epoch 1/50 - Val Metric: 0.6189
Epoch 2/50 - Train Loss: 0.7010 - Train Metric: 0.4991
Epoch 2/50 - Val Metric: 0.6562
Epoch 3/50 - Train Loss: 0.6982 - Train Metric: 0.5030
Epoch 3/50 - Val Metric: 0.6508
Epoch 4/50 - Train Loss: 0.6981 - Train Metric: 0.4992
Epoch 4/50 - Val Metric: 0.6700
Epoch 5/50 - Train Loss: 0.6972 - Train Metric: 0.5056
Epoch 5/50 - Val Metric: 0.6701
Epoch 6/50 - Train Loss: 0.6958 - Train Metric: 0.5070
Epoch 6/50 - Val Metric: 0.6697
Epoch 7/50 - Train Loss: 0.6956 - Train Metric: 0.5090
Epoch 7/50 - Val Metric: 0.6833
Epoch 8/50 - Train Loss: 0.6933 - Train Metric: 0.5268
Epoch 8/50 - Val Metric: 0.6813
Epoch 9/50 - Train Loss: 0.6803 - Train Metric: 0.5882
Epoch 9/50 - Val Metric: 0.6864
Epoch 10/50 - Train Loss: 0.6594 - Train Metric: 0.6359
Epoch 10/50 - Val Metric: 0.6869
Epoch 11/50 - Train Loss: 0.6550 - Train Metric: 0.6428
Epoch 11/50 - Val Metric: 0.6873
Epoch 12/50 - Train Loss: 0.6413 - Train Metric: 0.6627
Epoch 12/50 - Val Metric: 0.6882
Epoch 13/50 - Train Loss: 0.6416 - Train Metric: 0.6663
Epoch 13/50 - Val Metric: 0.6888
Epoch 14/50 - Train Loss: 0.6377 - Train Metric: 0.6672
Epoch 14/50 - Val Metric: 0.6897
Epoch 15/50 - Train Loss: 0.6361 - Train Metric: 0.6671
Epoch 15/50 - Val Metric: 0.6898
Epoch 16/50 - Train Loss: 0.6377 - Train Metric: 0.6681
Epoch 16/50 - Val Metric: 0.6903
Epoch 17/50 - Train Loss: 0.6334 - Train Metric: 0.6718
Epoch 17/50 - Val Metric: 0.6906
Epoch 18/50 - Train Loss: 0.6342 - Train Metric: 0.6722
Epoch 18/50 - Val Metric: 0.6906
Epoch 19/50 - Train Loss: 0.6341 - Train Metric: 0.6738
Epoch 19/50 - Val Metric: 0.6910
Epoch 20/50 - Train Loss: 0.6294 - Train Metric: 0.6771
Epoch 20/50 - Val Metric: 0.6915
Epoch 21/50 - Train Loss: 0.6311 - Train Metric: 0.6742
Epoch 21/50 - Val Metric: 0.6919
Epoch 22/50 - Train Loss: 0.6316 - Train Metric: 0.6759
Epoch 22/50 - Val Metric: 0.6919
Epoch 23/50 - Train Loss: 0.6292 - Train Metric: 0.6800
Epoch 23/50 - Val Metric: 0.6921
Epoch 24/50 - Train Loss: 0.6311 - Train Metric: 0.6752
Epoch 24/50 - Val Metric: 0.6921
Epoch 25/50 - Train Loss: 0.6270 - Train Metric: 0.6807
Epoch 25/50 - Val Metric: 0.6925
Epoch 26/50 - Train Loss: 0.6268 - Train Metric: 0.6826
Epoch 26/50 - Val Metric: 0.6927
Epoch 27/50 - Train Loss: 0.6291 - Train Metric: 0.6798
Epoch 27/50 - Val Metric: 0.6926
Epoch 28/50 - Train Loss: 0.6256 - Train Metric: 0.6807
Epoch 28/50 - Val Metric: 0.6928
Epoch 29/50 - Train Loss: 0.6244 - Train Metric: 0.6818
Epoch 29/50 - Val Metric: 0.6931
Epoch 30/50 - Train Loss: 0.6273 - Train Metric: 0.6792
Epoch 30/50 - Val Metric: 0.6931
Epoch 31/50 - Train Loss: 0.6263 - Train Metric: 0.6788
Epoch 31/50 - Val Metric: 0.6930
Epoch 32/50 - Train Loss: 0.6251 - Train Metric: 0.6809
Epoch 32/50 - Val Metric: 0.6932
Epoch 33/50 - Train Loss: 0.6243 - Train Metric: 0.6844
Epoch 33/50 - Val Metric: 0.6932
Epoch 34/50 - Train Loss: 0.6270 - Train Metric: 0.6798
Epoch 34/50 - Val Metric: 0.6934
Epoch 35/50 - Train Loss: 0.6245 - Train Metric: 0.6822
Epoch 35/50 - Val Metric: 0.6933
Epoch 36/50 - Train Loss: 0.6239 - Train Metric: 0.6855
Epoch 36/50 - Val Metric: 0.6933
Epoch 37/50 - Train Loss: 0.6248 - Train Metric: 0.6808
Epoch 37/50 - Val Metric: 0.6935
Epoch 38/50 - Train Loss: 0.6232 - Train Metric: 0.6869
Epoch 38/50 - Val Metric: 0.6935
Epoch 39/50 - Train Loss: 0.6251 - Train Metric: 0.6821
Epoch 39/50 - Val Metric: 0.6935
Epoch 40/50 - Train Loss: 0.6285 - Train Metric: 0.6773
Epoch 40/50 - Val Metric: 0.6936
Epoch 41/50 - Train Loss: 0.6258 - Train Metric: 0.6826
Epoch 41/50 - Val Metric: 0.6935
Epoch 42/50 - Train Loss: 0.6246 - Train Metric: 0.6806
Epoch 42/50 - Val Metric: 0.6935
Epoch 43/50 - Train Loss: 0.6247 - Train Metric: 0.6807
Epoch 43/50 - Val Metric: 0.6936
Epoch 44/50 - Train Loss: 0.6236 - Train Metric: 0.6812
Epoch 44/50 - Val Metric: 0.6936
Epoch 45/50 - Train Loss: 0.6254 - Train Metric: 0.6807
Epoch 45/50 - Val Metric: 0.6936
Epoch 46/50 - Train Loss: 0.6270 - Train Metric: 0.6823
Epoch 46/50 - Val Metric: 0.6937
Epoch 47/50 - Train Loss: 0.6236 - Train Metric: 0.6831
Epoch 47/50 - Val Metric: 0.6938
Epoch 48/50 - Train Loss: 0.6242 - Train Metric: 0.6826
Epoch 48/50 - Val Metric: 0.6935
Epoch 49/50 - Train Loss: 0.6257 - Train Metric: 0.6833
Epoch 49/50 - Val Metric: 0.6936
Epoch 50/50 - Train Loss: 0.6240 - Train Metric: 0.6847
Epoch 50/50 - Val Metric: 0.6936
Best val: 0.6938, Best test: 0.7098
Training set has 10617 instances
Validation set has 1327 instances
Test set has 1328 instances
Epoch 1/50 - Train Loss: 0.7125 - Train Metric: 0.4933
Epoch 1/50 - Val Metric: 0.6468
Epoch 2/50 - Train Loss: 0.6945 - Train Metric: 0.4976
Epoch 2/50 - Val Metric: 0.6505
Epoch 3/50 - Train Loss: 0.6942 - Train Metric: 0.5015
Epoch 3/50 - Val Metric: 0.6515
Epoch 4/50 - Train Loss: 0.6944 - Train Metric: 0.5054
Epoch 4/50 - Val Metric: 0.6510
Epoch 5/50 - Train Loss: 0.6938 - Train Metric: 0.5044
Epoch 5/50 - Val Metric: 0.6499
Epoch 6/50 - Train Loss: 0.6946 - Train Metric: 0.5343
Epoch 6/50 - Val Metric: 0.7104
Epoch 7/50 - Train Loss: 0.6939 - Train Metric: 0.5008
Epoch 7/50 - Val Metric: 0.7170
Epoch 8/50 - Train Loss: 0.6935 - Train Metric: 0.5223
Epoch 8/50 - Val Metric: 0.7085
Epoch 9/50 - Train Loss: 0.6532 - Train Metric: 0.6433
Epoch 9/50 - Val Metric: 0.7225
Epoch 10/50 - Train Loss: 0.6043 - Train Metric: 0.6951
Epoch 10/50 - Val Metric: 0.7261
Epoch 11/50 - Train Loss: 0.5986 - Train Metric: 0.7063
Epoch 11/50 - Val Metric: 0.7284
Epoch 12/50 - Train Loss: 0.5948 - Train Metric: 0.7101
Epoch 12/50 - Val Metric: 0.7316
Epoch 13/50 - Train Loss: 0.5933 - Train Metric: 0.7174
Epoch 13/50 - Val Metric: 0.7386
Epoch 14/50 - Train Loss: 0.5925 - Train Metric: 0.7191
Epoch 14/50 - Val Metric: 0.7397
Epoch 15/50 - Train Loss: 0.5936 - Train Metric: 0.7163
Epoch 15/50 - Val Metric: 0.7471
Epoch 16/50 - Train Loss: 0.5913 - Train Metric: 0.7222
Epoch 16/50 - Val Metric: 0.7445
Epoch 17/50 - Train Loss: 0.5855 - Train Metric: 0.7368
Epoch 17/50 - Val Metric: 0.7592
Epoch 18/50 - Train Loss: 0.5838 - Train Metric: 0.7405
Epoch 18/50 - Val Metric: 0.7577
Epoch 19/50 - Train Loss: 0.5825 - Train Metric: 0.7424
Epoch 19/50 - Val Metric: 0.7664
Epoch 20/50 - Train Loss: 0.5798 - Train Metric: 0.7534
Epoch 20/50 - Val Metric: 0.7581
Epoch 21/50 - Train Loss: 0.5959 - Train Metric: 0.7301
Epoch 21/50 - Val Metric: 0.7556
Epoch 22/50 - Train Loss: 0.5801 - Train Metric: 0.7533
Epoch 22/50 - Val Metric: 0.7627
Epoch 23/50 - Train Loss: 0.5826 - Train Metric: 0.7455
Epoch 23/50 - Val Metric: 0.7626
Epoch 24/50 - Train Loss: 0.5762 - Train Metric: 0.7586
Epoch 24/50 - Val Metric: 0.7606
Epoch 25/50 - Train Loss: 0.5751 - Train Metric: 0.7596
Epoch 25/50 - Val Metric: 0.7673
Epoch 26/50 - Train Loss: 0.5724 - Train Metric: 0.7641
Epoch 26/50 - Val Metric: 0.7680
Epoch 27/50 - Train Loss: 0.5726 - Train Metric: 0.7630
Epoch 27/50 - Val Metric: 0.7673
Epoch 28/50 - Train Loss: 0.5724 - Train Metric: 0.7626
Epoch 28/50 - Val Metric: 0.7639
Epoch 29/50 - Train Loss: 0.5718 - Train Metric: 0.7637
Epoch 29/50 - Val Metric: 0.7661
Epoch 30/50 - Train Loss: 0.5699 - Train Metric: 0.7672
Epoch 30/50 - Val Metric: 0.7724
Epoch 31/50 - Train Loss: 0.5703 - Train Metric: 0.7666
Epoch 31/50 - Val Metric: 0.7719
Epoch 32/50 - Train Loss: 0.5651 - Train Metric: 0.7726
Epoch 32/50 - Val Metric: 0.7744
Epoch 33/50 - Train Loss: 0.5658 - Train Metric: 0.7719
Epoch 33/50 - Val Metric: 0.7761
Epoch 34/50 - Train Loss: 0.5648 - Train Metric: 0.7733
Epoch 34/50 - Val Metric: 0.7723
Epoch 35/50 - Train Loss: 0.5660 - Train Metric: 0.7714
Epoch 35/50 - Val Metric: 0.7772
Epoch 36/50 - Train Loss: 0.5658 - Train Metric: 0.7722
Epoch 36/50 - Val Metric: 0.7788
Epoch 37/50 - Train Loss: 0.5644 - Train Metric: 0.7743
Epoch 37/50 - Val Metric: 0.7782
Epoch 38/50 - Train Loss: 0.5632 - Train Metric: 0.7755
Epoch 38/50 - Val Metric: 0.7807
Epoch 39/50 - Train Loss: 0.5611 - Train Metric: 0.7773
Epoch 39/50 - Val Metric: 0.7787
Epoch 40/50 - Train Loss: 0.5620 - Train Metric: 0.7768
Epoch 40/50 - Val Metric: 0.7797
Epoch 41/50 - Train Loss: 0.5622 - Train Metric: 0.7764
Epoch 41/50 - Val Metric: 0.7807
Epoch 42/50 - Train Loss: 0.5611 - Train Metric: 0.7772
Epoch 42/50 - Val Metric: 0.7781
Epoch 43/50 - Train Loss: 0.5594 - Train Metric: 0.7790
Epoch 43/50 - Val Metric: 0.7789
Epoch 44/50 - Train Loss: 0.5594 - Train Metric: 0.7797
Epoch 44/50 - Val Metric: 0.7794
Epoch 45/50 - Train Loss: 0.5594 - Train Metric: 0.7794
Epoch 45/50 - Val Metric: 0.7804
Epoch 46/50 - Train Loss: 0.5589 - Train Metric: 0.7800
Epoch 46/50 - Val Metric: 0.7796
Epoch 47/50 - Train Loss: 0.5593 - Train Metric: 0.7791
Epoch 47/50 - Val Metric: 0.7807
Epoch 48/50 - Train Loss: 0.5602 - Train Metric: 0.7781
Epoch 48/50 - Val Metric: 0.7797
Epoch 49/50 - Train Loss: 0.5589 - Train Metric: 0.7797
Epoch 49/50 - Val Metric: 0.7788
Epoch 50/50 - Train Loss: 0.5586 - Train Metric: 0.7800
Epoch 50/50 - Val Metric: 0.7792
Best val: 0.7807, Best test: 0.7911
Training set has 10617 instances
Validation set has 1327 instances
Test set has 1328 instances
Epoch 1/50 - Train Loss: 0.7017 - Train Metric: 0.5007
Epoch 1/50 - Val Metric: 0.5698
Epoch 2/50 - Train Loss: 0.6946 - Train Metric: 0.5043
Epoch 2/50 - Val Metric: 0.6441
Epoch 3/50 - Train Loss: 0.6271 - Train Metric: 0.6822
Epoch 3/50 - Val Metric: 0.7246
Epoch 4/50 - Train Loss: 0.6046 - Train Metric: 0.7019
Epoch 4/50 - Val Metric: 0.7369
Epoch 5/50 - Train Loss: 0.5975 - Train Metric: 0.7173
Epoch 5/50 - Val Metric: 0.7345
Epoch 6/50 - Train Loss: 0.5922 - Train Metric: 0.7248
Epoch 6/50 - Val Metric: 0.7630
Epoch 7/50 - Train Loss: 0.5896 - Train Metric: 0.7263
Epoch 7/50 - Val Metric: 0.7329
Epoch 8/50 - Train Loss: 0.5865 - Train Metric: 0.7299
Epoch 8/50 - Val Metric: 0.7628
Epoch 9/50 - Train Loss: 0.5867 - Train Metric: 0.7380
Epoch 9/50 - Val Metric: 0.7620
Epoch 10/50 - Train Loss: 0.5838 - Train Metric: 0.7452
Epoch 10/50 - Val Metric: 0.7638
Epoch 11/50 - Train Loss: 0.5841 - Train Metric: 0.7436
Epoch 11/50 - Val Metric: 0.7643
Epoch 12/50 - Train Loss: 0.5812 - Train Metric: 0.7489
Epoch 12/50 - Val Metric: 0.7642
Epoch 13/50 - Train Loss: 0.5820 - Train Metric: 0.7483
Epoch 13/50 - Val Metric: 0.7605
Epoch 14/50 - Train Loss: 0.5831 - Train Metric: 0.7489
Epoch 14/50 - Val Metric: 0.7670
Epoch 15/50 - Train Loss: 0.5779 - Train Metric: 0.7560
Epoch 15/50 - Val Metric: 0.7695
Epoch 16/50 - Train Loss: 0.5759 - Train Metric: 0.7592
Epoch 16/50 - Val Metric: 0.7696
Epoch 17/50 - Train Loss: 0.5802 - Train Metric: 0.7524
Epoch 17/50 - Val Metric: 0.7657
Epoch 18/50 - Train Loss: 0.5787 - Train Metric: 0.7537
Epoch 18/50 - Val Metric: 0.7686
Epoch 19/50 - Train Loss: 0.5754 - Train Metric: 0.7593
Epoch 19/50 - Val Metric: 0.7654
Epoch 20/50 - Train Loss: 0.5796 - Train Metric: 0.7519
Epoch 20/50 - Val Metric: 0.7685
Epoch 21/50 - Train Loss: 0.5743 - Train Metric: 0.7596
Epoch 21/50 - Val Metric: 0.7703
Epoch 22/50 - Train Loss: 0.5729 - Train Metric: 0.7613
Epoch 22/50 - Val Metric: 0.7710
Epoch 23/50 - Train Loss: 0.5749 - Train Metric: 0.7590
Epoch 23/50 - Val Metric: 0.7696
Epoch 24/50 - Train Loss: 0.5725 - Train Metric: 0.7628
Epoch 24/50 - Val Metric: 0.7664
Epoch 25/50 - Train Loss: 0.5738 - Train Metric: 0.7616
Epoch 25/50 - Val Metric: 0.7691
Epoch 26/50 - Train Loss: 0.5706 - Train Metric: 0.7650
Epoch 26/50 - Val Metric: 0.7699
Epoch 27/50 - Train Loss: 0.5716 - Train Metric: 0.7633
Epoch 27/50 - Val Metric: 0.7724
Epoch 28/50 - Train Loss: 0.5726 - Train Metric: 0.7623
Epoch 28/50 - Val Metric: 0.7731
Epoch 29/50 - Train Loss: 0.5709 - Train Metric: 0.7639
Epoch 29/50 - Val Metric: 0.7730
Epoch 30/50 - Train Loss: 0.5707 - Train Metric: 0.7661
Epoch 30/50 - Val Metric: 0.7711
Epoch 31/50 - Train Loss: 0.5702 - Train Metric: 0.7666
Epoch 31/50 - Val Metric: 0.7701
Epoch 32/50 - Train Loss: 0.5698 - Train Metric: 0.7661
Epoch 32/50 - Val Metric: 0.7731
Epoch 33/50 - Train Loss: 0.5705 - Train Metric: 0.7647
Epoch 33/50 - Val Metric: 0.7711
Epoch 34/50 - Train Loss: 0.5698 - Train Metric: 0.7668
Epoch 34/50 - Val Metric: 0.7717
Epoch 35/50 - Train Loss: 0.5698 - Train Metric: 0.7659
Epoch 35/50 - Val Metric: 0.7721
Epoch 36/50 - Train Loss: 0.5697 - Train Metric: 0.7670
Epoch 36/50 - Val Metric: 0.7711
Epoch 37/50 - Train Loss: 0.5678 - Train Metric: 0.7676
Epoch 37/50 - Val Metric: 0.7731
Epoch 38/50 - Train Loss: 0.5662 - Train Metric: 0.7697
Epoch 38/50 - Val Metric: 0.7739
Epoch 39/50 - Train Loss: 0.5681 - Train Metric: 0.7686
Epoch 39/50 - Val Metric: 0.7734
Epoch 40/50 - Train Loss: 0.5671 - Train Metric: 0.7692
Epoch 40/50 - Val Metric: 0.7757
Epoch 41/50 - Train Loss: 0.5670 - Train Metric: 0.7699
Epoch 41/50 - Val Metric: 0.7737
Epoch 42/50 - Train Loss: 0.5654 - Train Metric: 0.7719
Epoch 42/50 - Val Metric: 0.7738
Epoch 43/50 - Train Loss: 0.5657 - Train Metric: 0.7725
Epoch 43/50 - Val Metric: 0.7753
Epoch 44/50 - Train Loss: 0.5670 - Train Metric: 0.7699
Epoch 44/50 - Val Metric: 0.7757
Epoch 45/50 - Train Loss: 0.5650 - Train Metric: 0.7721
Epoch 45/50 - Val Metric: 0.7744
Epoch 46/50 - Train Loss: 0.5660 - Train Metric: 0.7721
Epoch 46/50 - Val Metric: 0.7757
Epoch 47/50 - Train Loss: 0.5657 - Train Metric: 0.7723
Epoch 47/50 - Val Metric: 0.7732
Epoch 48/50 - Train Loss: 0.5638 - Train Metric: 0.7735
Epoch 48/50 - Val Metric: 0.7745
Epoch 49/50 - Train Loss: 0.5633 - Train Metric: 0.7738
Epoch 49/50 - Val Metric: 0.7741
Epoch 50/50 - Train Loss: 0.5632 - Train Metric: 0.7745
Epoch 50/50 - Val Metric: 0.7774
Best val: 0.7774, Best test: 0.7852
Training set has 10617 instances
Validation set has 1327 instances
Test set has 1328 instances
Epoch 1/50 - Train Loss: 0.7183 - Train Metric: 0.4959
Epoch 1/50 - Val Metric: 0.5835
Epoch 2/50 - Train Loss: 0.6958 - Train Metric: 0.5031
Epoch 2/50 - Val Metric: 0.5891
Epoch 3/50 - Train Loss: 0.6944 - Train Metric: 0.5010
Epoch 3/50 - Val Metric: 0.5898
Epoch 4/50 - Train Loss: 0.6956 - Train Metric: 0.5160
Epoch 4/50 - Val Metric: 0.5887
Epoch 5/50 - Train Loss: 0.6948 - Train Metric: 0.4973
Epoch 5/50 - Val Metric: 0.5891
Epoch 6/50 - Train Loss: 0.6976 - Train Metric: 0.5002
Epoch 6/50 - Val Metric: 0.5886
Epoch 7/50 - Train Loss: 0.6953 - Train Metric: 0.4966
Epoch 7/50 - Val Metric: 0.5878
Epoch 8/50 - Train Loss: 0.6940 - Train Metric: 0.5080
Epoch 8/50 - Val Metric: 0.5879
Epoch 9/50 - Train Loss: 0.6944 - Train Metric: 0.4979
Epoch 9/50 - Val Metric: 0.5878
Epoch 10/50 - Train Loss: 0.6944 - Train Metric: 0.5072
Epoch 10/50 - Val Metric: 0.5883
Epoch 11/50 - Train Loss: 0.6931 - Train Metric: 0.5234
Epoch 11/50 - Val Metric: 0.5365
Epoch 12/50 - Train Loss: 0.6939 - Train Metric: 0.5125
Epoch 12/50 - Val Metric: 0.5636
Epoch 13/50 - Train Loss: 0.6953 - Train Metric: 0.5049
Epoch 13/50 - Val Metric: 0.5796
Epoch 14/50 - Train Loss: 0.6942 - Train Metric: 0.5009
Epoch 14/50 - Val Metric: 0.5838
Epoch 15/50 - Train Loss: 0.6938 - Train Metric: 0.5027
Epoch 15/50 - Val Metric: 0.5866
Epoch 16/50 - Train Loss: 0.6936 - Train Metric: 0.5065
Epoch 16/50 - Val Metric: 0.5883
Epoch 17/50 - Train Loss: 0.6933 - Train Metric: 0.5005
Epoch 17/50 - Val Metric: 0.5868
Epoch 18/50 - Train Loss: 0.6909 - Train Metric: 0.5295
Epoch 18/50 - Val Metric: 0.5904
Epoch 19/50 - Train Loss: 0.6685 - Train Metric: 0.6142
Epoch 19/50 - Val Metric: 0.6726
Epoch 20/50 - Train Loss: 0.6055 - Train Metric: 0.6926
Epoch 20/50 - Val Metric: 0.6795
Epoch 21/50 - Train Loss: 0.5953 - Train Metric: 0.7034
Epoch 21/50 - Val Metric: 0.6859
Epoch 22/50 - Train Loss: 0.5937 - Train Metric: 0.7008
Epoch 22/50 - Val Metric: 0.6838
Epoch 23/50 - Train Loss: 0.5929 - Train Metric: 0.7079
Epoch 23/50 - Val Metric: 0.6946
Epoch 24/50 - Train Loss: 0.5922 - Train Metric: 0.7111
Epoch 24/50 - Val Metric: 0.6920
Epoch 25/50 - Train Loss: 0.5920 - Train Metric: 0.7111
Epoch 25/50 - Val Metric: 0.6946
Epoch 26/50 - Train Loss: 0.5904 - Train Metric: 0.7157
Epoch 26/50 - Val Metric: 0.6908
Epoch 27/50 - Train Loss: 0.5895 - Train Metric: 0.7180
Epoch 27/50 - Val Metric: 0.6962
Epoch 28/50 - Train Loss: 0.5894 - Train Metric: 0.7195
Epoch 28/50 - Val Metric: 0.6967
Epoch 29/50 - Train Loss: 0.5878 - Train Metric: 0.7180
Epoch 29/50 - Val Metric: 0.6961
Epoch 30/50 - Train Loss: 0.5864 - Train Metric: 0.7201
Epoch 30/50 - Val Metric: 0.6976
Epoch 31/50 - Train Loss: 0.5866 - Train Metric: 0.7234
Epoch 31/50 - Val Metric: 0.7037
Epoch 32/50 - Train Loss: 0.5861 - Train Metric: 0.7217
Epoch 32/50 - Val Metric: 0.7089
Epoch 33/50 - Train Loss: 0.5855 - Train Metric: 0.7291
Epoch 33/50 - Val Metric: 0.6978
Epoch 34/50 - Train Loss: 0.5870 - Train Metric: 0.7299
Epoch 34/50 - Val Metric: 0.7177
Epoch 35/50 - Train Loss: 0.5851 - Train Metric: 0.7284
Epoch 35/50 - Val Metric: 0.7132
Epoch 36/50 - Train Loss: 0.5846 - Train Metric: 0.7318
Epoch 36/50 - Val Metric: 0.7056
Epoch 37/50 - Train Loss: 0.5844 - Train Metric: 0.7313
Epoch 37/50 - Val Metric: 0.7090
Epoch 38/50 - Train Loss: 0.5830 - Train Metric: 0.7363
Epoch 38/50 - Val Metric: 0.7122
Epoch 39/50 - Train Loss: 0.5832 - Train Metric: 0.7363
Epoch 39/50 - Val Metric: 0.7076
Epoch 40/50 - Train Loss: 0.5833 - Train Metric: 0.7390
Epoch 40/50 - Val Metric: 0.7146
Epoch 41/50 - Train Loss: 0.5827 - Train Metric: 0.7381
Epoch 41/50 - Val Metric: 0.7152
Epoch 42/50 - Train Loss: 0.5814 - Train Metric: 0.7425
Epoch 42/50 - Val Metric: 0.7154
Epoch 43/50 - Train Loss: 0.5807 - Train Metric: 0.7437
Epoch 43/50 - Val Metric: 0.7183
Epoch 44/50 - Train Loss: 0.5801 - Train Metric: 0.7458
Epoch 44/50 - Val Metric: 0.7210
Epoch 45/50 - Train Loss: 0.5790 - Train Metric: 0.7489
Epoch 45/50 - Val Metric: 0.7220
Epoch 46/50 - Train Loss: 0.5795 - Train Metric: 0.7480
Epoch 46/50 - Val Metric: 0.7226
Epoch 47/50 - Train Loss: 0.5790 - Train Metric: 0.7490
Epoch 47/50 - Val Metric: 0.7245
Epoch 48/50 - Train Loss: 0.5785 - Train Metric: 0.7511
Epoch 48/50 - Val Metric: 0.7282
Epoch 49/50 - Train Loss: 0.5775 - Train Metric: 0.7533
Epoch 49/50 - Val Metric: 0.7277
Epoch 50/50 - Train Loss: 0.5764 - Train Metric: 0.7548
Epoch 50/50 - Val Metric: 0.7301
Best val: 0.7301, Best test: 0.7353
Training set has 10617 instances
Validation set has 1327 instances
Test set has 1328 instances
Epoch 1/50 - Train Loss: 0.8062 - Train Metric: 0.4989
Epoch 1/50 - Val Metric: 0.6306
Epoch 2/50 - Train Loss: 0.6946 - Train Metric: 0.5106
Epoch 2/50 - Val Metric: 0.6890
Epoch 3/50 - Train Loss: 0.6949 - Train Metric: 0.4994
Epoch 3/50 - Val Metric: 0.6798
Epoch 4/50 - Train Loss: 0.7015 - Train Metric: 0.5005
Epoch 4/50 - Val Metric: 0.6747
Epoch 5/50 - Train Loss: 0.6980 - Train Metric: 0.5041
Epoch 5/50 - Val Metric: 0.6776
Epoch 6/50 - Train Loss: 0.6953 - Train Metric: 0.5070
Epoch 6/50 - Val Metric: 0.6791
Epoch 7/50 - Train Loss: 0.6971 - Train Metric: 0.5124
Epoch 7/50 - Val Metric: 0.6765
Epoch 8/50 - Train Loss: 0.6964 - Train Metric: 0.5143
Epoch 8/50 - Val Metric: 0.6743
Epoch 9/50 - Train Loss: 0.6960 - Train Metric: 0.5111
Epoch 9/50 - Val Metric: 0.6789
Epoch 10/50 - Train Loss: 0.6938 - Train Metric: 0.5052
Epoch 10/50 - Val Metric: 0.6770
Epoch 11/50 - Train Loss: 0.6952 - Train Metric: 0.5051
Epoch 11/50 - Val Metric: 0.6810
Epoch 12/50 - Train Loss: 0.6957 - Train Metric: 0.5070
Epoch 12/50 - Val Metric: 0.6745
Epoch 13/50 - Train Loss: 0.6959 - Train Metric: 0.5055
Epoch 13/50 - Val Metric: 0.6815
Epoch 14/50 - Train Loss: 0.6955 - Train Metric: 0.5074
Epoch 14/50 - Val Metric: 0.6752
Epoch 15/50 - Train Loss: 0.6950 - Train Metric: 0.4940
Epoch 15/50 - Val Metric: 0.6759
Epoch 16/50 - Train Loss: 0.6944 - Train Metric: 0.5063
Epoch 16/50 - Val Metric: 0.6744
Epoch 17/50 - Train Loss: 0.6955 - Train Metric: 0.5100
Epoch 17/50 - Val Metric: 0.6838
Epoch 18/50 - Train Loss: 0.6956 - Train Metric: 0.5010
Epoch 18/50 - Val Metric: 0.6738
Epoch 19/50 - Train Loss: 0.6945 - Train Metric: 0.5074
Epoch 19/50 - Val Metric: 0.6750
Epoch 20/50 - Train Loss: 0.6939 - Train Metric: 0.4933
Epoch 20/50 - Val Metric: 0.6723
Epoch 21/50 - Train Loss: 0.6941 - Train Metric: 0.4939
Epoch 21/50 - Val Metric: 0.6719
Epoch 22/50 - Train Loss: 0.6936 - Train Metric: 0.5088
Epoch 22/50 - Val Metric: 0.6746
Epoch 23/50 - Train Loss: 0.6939 - Train Metric: 0.5127
Epoch 23/50 - Val Metric: 0.6838
Epoch 24/50 - Train Loss: 0.6938 - Train Metric: 0.5152
Epoch 24/50 - Val Metric: 0.6731
Epoch 25/50 - Train Loss: 0.6946 - Train Metric: 0.5021
Epoch 25/50 - Val Metric: 0.6719
Epoch 26/50 - Train Loss: 0.6935 - Train Metric: 0.5020
Epoch 26/50 - Val Metric: 0.6727
Epoch 27/50 - Train Loss: 0.6936 - Train Metric: 0.4997
Epoch 27/50 - Val Metric: 0.6728
Epoch 28/50 - Train Loss: 0.6935 - Train Metric: 0.4975
Epoch 28/50 - Val Metric: 0.6735
Epoch 29/50 - Train Loss: 0.6946 - Train Metric: 0.5084
Epoch 29/50 - Val Metric: 0.6736
Epoch 30/50 - Train Loss: 0.6933 - Train Metric: 0.5163
Epoch 30/50 - Val Metric: 0.6025
Epoch 31/50 - Train Loss: 0.6868 - Train Metric: 0.5646
Epoch 31/50 - Val Metric: 0.6622
Epoch 32/50 - Train Loss: 0.6997 - Train Metric: 0.5016
Epoch 32/50 - Val Metric: 0.6777
Epoch 33/50 - Train Loss: 0.6940 - Train Metric: 0.5112
Epoch 33/50 - Val Metric: 0.6759
Epoch 34/50 - Train Loss: 0.6933 - Train Metric: 0.5093
Epoch 34/50 - Val Metric: 0.6786
Epoch 35/50 - Train Loss: 0.6942 - Train Metric: 0.5035
Epoch 35/50 - Val Metric: 0.6776
Epoch 36/50 - Train Loss: 0.7009 - Train Metric: 0.5168
Epoch 36/50 - Val Metric: 0.6772
Epoch 37/50 - Train Loss: 0.6958 - Train Metric: 0.5083
Epoch 37/50 - Val Metric: 0.6765
Epoch 38/50 - Train Loss: 0.6961 - Train Metric: 0.5050
Epoch 38/50 - Val Metric: 0.6777
Epoch 39/50 - Train Loss: 0.6936 - Train Metric: 0.5147
Epoch 39/50 - Val Metric: 0.6768
Epoch 40/50 - Train Loss: 0.6930 - Train Metric: 0.5030
Epoch 40/50 - Val Metric: 0.6741
Epoch 41/50 - Train Loss: 0.6927 - Train Metric: 0.5258
Epoch 41/50 - Val Metric: 0.6812
Epoch 42/50 - Train Loss: 0.6889 - Train Metric: 0.5557
Epoch 42/50 - Val Metric: 0.6864
Epoch 43/50 - Train Loss: 0.6823 - Train Metric: 0.5607
Epoch 43/50 - Val Metric: 0.6931
Epoch 44/50 - Train Loss: 0.6943 - Train Metric: 0.5308
Epoch 44/50 - Val Metric: 0.6946
Epoch 45/50 - Train Loss: 0.6906 - Train Metric: 0.5386
Epoch 45/50 - Val Metric: 0.6921
Epoch 46/50 - Train Loss: 0.6790 - Train Metric: 0.6252
Epoch 46/50 - Val Metric: 0.6906
Epoch 47/50 - Train Loss: 0.6387 - Train Metric: 0.6423
Epoch 47/50 - Val Metric: 0.6932
Epoch 48/50 - Train Loss: 0.6334 - Train Metric: 0.6482
Epoch 48/50 - Val Metric: 0.6824
Epoch 49/50 - Train Loss: 0.6314 - Train Metric: 0.6613
Epoch 49/50 - Val Metric: 0.7042
Epoch 50/50 - Train Loss: 0.6124 - Train Metric: 0.6976
Epoch 50/50 - Val Metric: 0.7431
Best val: 0.7431, Best test: 0.7466
Training set has 10617 instances
Validation set has 1327 instances
Test set has 1328 instances
Training set has 10617 instances
Validation set has 1327 instances
Test set has 1328 instances
Epoch 1/50 - Train Loss: 0.7007 - Train Metric: 0.4978
Epoch 1/50 - Val Metric: 0.6206
Training set has 10617 instances
Validation set has 1327 instances
Test set has 1328 instances
Training set has 10617 instances
Validation set has 1327 instances
Test set has 1328 instances
Training set has 10617 instances
Validation set has 1327 instances
Test set has 1328 instances
Training set has 10617 instances
Validation set has 1327 instances
Test set has 1328 instances
Training set has 10617 instances
Validation set has 1327 instances
Test set has 1328 instances
Epoch 1/50 - Train Loss: 0.7036 - Train Metric: 0.4974
Epoch 1/50 - Val Metric: 0.6348
Training set has 10617 instances
Validation set has 1327 instances
Test set has 1328 instances
Epoch 1/50 - Train Loss: 0.7026 - Train Metric: 0.4936
Epoch 1/50 - Val Metric: 0.6842
Epoch 2/50 - Train Loss: 0.6965 - Train Metric: 0.5034
Epoch 2/50 - Val Metric: 0.6794
Epoch 3/50 - Train Loss: 0.6945 - Train Metric: 0.5015
Epoch 3/50 - Val Metric: 0.6819
Epoch 4/50 - Train Loss: 0.6960 - Train Metric: 0.5098
Epoch 4/50 - Val Metric: 0.6797
Epoch 5/50 - Train Loss: 0.6937 - Train Metric: 0.5098
Epoch 5/50 - Val Metric: 0.6945
Epoch 6/50 - Train Loss: 0.6770 - Train Metric: 0.6011
Epoch 6/50 - Val Metric: 0.7230
Epoch 7/50 - Train Loss: 0.6150 - Train Metric: 0.6922
Epoch 7/50 - Val Metric: 0.7308
Epoch 8/50 - Train Loss: 0.6014 - Train Metric: 0.7012
Epoch 8/50 - Val Metric: 0.7255
Epoch 9/50 - Train Loss: 0.5930 - Train Metric: 0.7167
Epoch 9/50 - Val Metric: 0.7291
Epoch 10/50 - Train Loss: 0.5864 - Train Metric: 0.7252
Epoch 10/50 - Val Metric: 0.7428
Epoch 11/50 - Train Loss: 0.5825 - Train Metric: 0.7405
Epoch 11/50 - Val Metric: 0.7569
Epoch 12/50 - Train Loss: 0.5803 - Train Metric: 0.7424
Epoch 12/50 - Val Metric: 0.7583
Epoch 13/50 - Train Loss: 0.5793 - Train Metric: 0.7459
Epoch 13/50 - Val Metric: 0.7642
Epoch 14/50 - Train Loss: 0.5778 - Train Metric: 0.7507
Epoch 14/50 - Val Metric: 0.7657
Epoch 15/50 - Train Loss: 0.5776 - Train Metric: 0.7521
Epoch 15/50 - Val Metric: 0.7678
Epoch 16/50 - Train Loss: 0.5721 - Train Metric: 0.7634
Epoch 16/50 - Val Metric: 0.7710
Epoch 17/50 - Train Loss: 0.5749 - Train Metric: 0.7581
Epoch 17/50 - Val Metric: 0.7721
Epoch 18/50 - Train Loss: 0.5713 - Train Metric: 0.7639
Epoch 18/50 - Val Metric: 0.7716
Epoch 19/50 - Train Loss: 0.5723 - Train Metric: 0.7641
Epoch 19/50 - Val Metric: 0.7744
Epoch 20/50 - Train Loss: 0.5666 - Train Metric: 0.7705
Epoch 20/50 - Val Metric: 0.7739
Epoch 21/50 - Train Loss: 0.5662 - Train Metric: 0.7719
Epoch 21/50 - Val Metric: 0.7754
Epoch 22/50 - Train Loss: 0.5670 - Train Metric: 0.7709
Epoch 22/50 - Val Metric: 0.7747
Epoch 23/50 - Train Loss: 0.5628 - Train Metric: 0.7759
Epoch 23/50 - Val Metric: 0.7753
Epoch 24/50 - Train Loss: 0.5629 - Train Metric: 0.7756
Epoch 24/50 - Val Metric: 0.7742
Epoch 25/50 - Train Loss: 0.5673 - Train Metric: 0.7698
Epoch 25/50 - Val Metric: 0.7739
Epoch 26/50 - Train Loss: 0.5623 - Train Metric: 0.7759
Epoch 26/50 - Val Metric: 0.7743
Epoch 27/50 - Train Loss: 0.5602 - Train Metric: 0.7787
Epoch 27/50 - Val Metric: 0.7773
Epoch 28/50 - Train Loss: 0.5606 - Train Metric: 0.7781
Epoch 28/50 - Val Metric: 0.7765
Epoch 29/50 - Train Loss: 0.5609 - Train Metric: 0.7783
Epoch 29/50 - Val Metric: 0.7770
Epoch 30/50 - Train Loss: 0.5608 - Train Metric: 0.7781
Epoch 30/50 - Val Metric: 0.7766
Epoch 31/50 - Train Loss: 0.5626 - Train Metric: 0.7761
Epoch 31/50 - Val Metric: 0.7762
Epoch 32/50 - Train Loss: 0.5597 - Train Metric: 0.7792
Epoch 32/50 - Val Metric: 0.7770
Epoch 33/50 - Train Loss: 0.5604 - Train Metric: 0.7788
Epoch 33/50 - Val Metric: 0.7755
Epoch 34/50 - Train Loss: 0.5592 - Train Metric: 0.7796
Epoch 34/50 - Val Metric: 0.7744
Epoch 35/50 - Train Loss: 0.5579 - Train Metric: 0.7811
Epoch 35/50 - Val Metric: 0.7751
Epoch 36/50 - Train Loss: 0.5579 - Train Metric: 0.7815
Epoch 36/50 - Val Metric: 0.7770
Epoch 37/50 - Train Loss: 0.5565 - Train Metric: 0.7832
Epoch 37/50 - Val Metric: 0.7731
Epoch 38/50 - Train Loss: 0.5567 - Train Metric: 0.7820
Epoch 38/50 - Val Metric: 0.7772
Epoch 39/50 - Train Loss: 0.5561 - Train Metric: 0.7837
Epoch 39/50 - Val Metric: 0.7771
Epoch 40/50 - Train Loss: 0.5555 - Train Metric: 0.7843
Epoch 40/50 - Val Metric: 0.7738
Epoch 41/50 - Train Loss: 0.5559 - Train Metric: 0.7838
Epoch 41/50 - Val Metric: 0.7788
Epoch 42/50 - Train Loss: 0.5553 - Train Metric: 0.7843
Epoch 42/50 - Val Metric: 0.7757
Epoch 43/50 - Train Loss: 0.5555 - Train Metric: 0.7845
Epoch 43/50 - Val Metric: 0.7781
Epoch 44/50 - Train Loss: 0.5534 - Train Metric: 0.7859
Epoch 44/50 - Val Metric: 0.7780
Epoch 45/50 - Train Loss: 0.5539 - Train Metric: 0.7860
Epoch 45/50 - Val Metric: 0.7780
Epoch 46/50 - Train Loss: 0.5529 - Train Metric: 0.7870
Epoch 46/50 - Val Metric: 0.7768
Epoch 47/50 - Train Loss: 0.5512 - Train Metric: 0.7881
Epoch 47/50 - Val Metric: 0.7767
Epoch 48/50 - Train Loss: 0.5513 - Train Metric: 0.7881
Epoch 48/50 - Val Metric: 0.7783
Epoch 49/50 - Train Loss: 0.5506 - Train Metric: 0.7889
Epoch 49/50 - Val Metric: 0.7766
Epoch 50/50 - Train Loss: 0.5504 - Train Metric: 0.7891
Epoch 50/50 - Val Metric: 0.7766
Best val: 0.7788, Best test: 0.7977
Training set has 10617 instances
Validation set has 1327 instances
Test set has 1328 instances
Training set has 10617 instances
Validation set has 1327 instances
Test set has 1328 instances
Training set has 10617 instances
Validation set has 1327 instances
Test set has 1328 instances
Epoch 1/50 - Train Loss: 0.7158 - Train Metric: 0.5114
Epoch 1/50 - Val Metric: 0.6435
Training set has 10617 instances
Validation set has 1327 instances
Test set has 1328 instances
Epoch 1/50 - Train Loss: 0.7096 - Train Metric: 0.5048
Epoch 1/50 - Val Metric: 0.6877
Epoch 2/50 - Train Loss: 0.6943 - Train Metric: 0.5047
Epoch 2/50 - Val Metric: 0.6211
Epoch 3/50 - Train Loss: 0.6943 - Train Metric: 0.5031
Epoch 3/50 - Val Metric: 0.6218
Epoch 4/50 - Train Loss: 0.6942 - Train Metric: 0.4965
Epoch 4/50 - Val Metric: 0.6232
Epoch 5/50 - Train Loss: 0.6938 - Train Metric: 0.5019
Epoch 5/50 - Val Metric: 0.6229
Training set has 10617 instances
Validation set has 1327 instances
Test set has 1328 instances
Training set has 10617 instances
Validation set has 1327 instances
Test set has 1328 instances
Epoch 1/50 - Train Loss: 0.6946 - Train Metric: 0.5195
Epoch 1/50 - Val Metric: 0.6556
Epoch 2/50 - Train Loss: 0.6615 - Train Metric: 0.6284
Epoch 2/50 - Val Metric: 0.7172
Epoch 3/50 - Train Loss: 0.6064 - Train Metric: 0.7001
Epoch 3/50 - Val Metric: 0.7230
Epoch 4/50 - Train Loss: 0.5990 - Train Metric: 0.7072
Epoch 4/50 - Val Metric: 0.7397
Epoch 5/50 - Train Loss: 0.5932 - Train Metric: 0.7165
Epoch 5/50 - Val Metric: 0.7450
Epoch 6/50 - Train Loss: 0.5947 - Train Metric: 0.7153
Epoch 6/50 - Val Metric: 0.7568
Epoch 7/50 - Train Loss: 0.5852 - Train Metric: 0.7369
Epoch 7/50 - Val Metric: 0.7657
Epoch 8/50 - Train Loss: 0.5883 - Train Metric: 0.7308
Epoch 8/50 - Val Metric: 0.7611
Epoch 9/50 - Train Loss: 0.5837 - Train Metric: 0.7415
Epoch 9/50 - Val Metric: 0.7707
Epoch 10/50 - Train Loss: 0.5809 - Train Metric: 0.7468
Epoch 10/50 - Val Metric: 0.7744
Epoch 11/50 - Train Loss: 0.5811 - Train Metric: 0.7476
Epoch 11/50 - Val Metric: 0.7718
Epoch 12/50 - Train Loss: 0.5749 - Train Metric: 0.7603
Epoch 12/50 - Val Metric: 0.7785
Epoch 13/50 - Train Loss: 0.5767 - Train Metric: 0.7559
Epoch 13/50 - Val Metric: 0.7698
Epoch 14/50 - Train Loss: 0.5761 - Train Metric: 0.7570
Epoch 14/50 - Val Metric: 0.7798
Epoch 15/50 - Train Loss: 0.5741 - Train Metric: 0.7597
Epoch 15/50 - Val Metric: 0.7844
Epoch 16/50 - Train Loss: 0.5708 - Train Metric: 0.7663
Epoch 16/50 - Val Metric: 0.7866
Epoch 17/50 - Train Loss: 0.5675 - Train Metric: 0.7700
Epoch 17/50 - Val Metric: 0.7685
Epoch 18/50 - Train Loss: 0.5665 - Train Metric: 0.7710
Epoch 18/50 - Val Metric: 0.7841
Epoch 19/50 - Train Loss: 0.5651 - Train Metric: 0.7727
Epoch 19/50 - Val Metric: 0.7810
Epoch 20/50 - Train Loss: 0.5610 - Train Metric: 0.7783
Epoch 20/50 - Val Metric: 0.7819
Epoch 21/50 - Train Loss: 0.5613 - Train Metric: 0.7768
Epoch 21/50 - Val Metric: 0.7839
Epoch 22/50 - Train Loss: 0.5614 - Train Metric: 0.7768
Epoch 22/50 - Val Metric: 0.7875
Epoch 23/50 - Train Loss: 0.5624 - Train Metric: 0.7759
Epoch 23/50 - Val Metric: 0.7843
Epoch 24/50 - Train Loss: 0.5592 - Train Metric: 0.7786
Epoch 24/50 - Val Metric: 0.7852
Epoch 25/50 - Train Loss: 0.5586 - Train Metric: 0.7795
Epoch 25/50 - Val Metric: 0.7861
Epoch 26/50 - Train Loss: 0.5585 - Train Metric: 0.7798
Epoch 26/50 - Val Metric: 0.7886
Epoch 27/50 - Train Loss: 0.5615 - Train Metric: 0.7768
Epoch 27/50 - Val Metric: 0.7814
Epoch 28/50 - Train Loss: 0.5575 - Train Metric: 0.7817
Epoch 28/50 - Val Metric: 0.7846
Epoch 29/50 - Train Loss: 0.5578 - Train Metric: 0.7816
Epoch 29/50 - Val Metric: 0.7858
Epoch 30/50 - Train Loss: 0.5562 - Train Metric: 0.7830
Epoch 30/50 - Val Metric: 0.7806
Epoch 31/50 - Train Loss: 0.5573 - Train Metric: 0.7811
Epoch 31/50 - Val Metric: 0.7871
Epoch 32/50 - Train Loss: 0.5553 - Train Metric: 0.7843
Epoch 32/50 - Val Metric: 0.7875
Epoch 33/50 - Train Loss: 0.5563 - Train Metric: 0.7833
Epoch 33/50 - Val Metric: 0.7876
Epoch 34/50 - Train Loss: 0.5558 - Train Metric: 0.7834
Epoch 34/50 - Val Metric: 0.7903
Epoch 35/50 - Train Loss: 0.5538 - Train Metric: 0.7857
Epoch 35/50 - Val Metric: 0.7903
Epoch 36/50 - Train Loss: 0.5600 - Train Metric: 0.7771
Epoch 36/50 - Val Metric: 0.7821
Epoch 37/50 - Train Loss: 0.5552 - Train Metric: 0.7836
Epoch 37/50 - Val Metric: 0.7878
Epoch 38/50 - Train Loss: 0.5561 - Train Metric: 0.7826
Epoch 38/50 - Val Metric: 0.7870
Epoch 39/50 - Train Loss: 0.5602 - Train Metric: 0.7783
Epoch 39/50 - Val Metric: 0.7906
Epoch 40/50 - Train Loss: 0.5593 - Train Metric: 0.7798
Epoch 40/50 - Val Metric: 0.7901
Epoch 41/50 - Train Loss: 0.5546 - Train Metric: 0.7848
Epoch 41/50 - Val Metric: 0.7880
Epoch 42/50 - Train Loss: 0.5538 - Train Metric: 0.7864
Epoch 42/50 - Val Metric: 0.7862
Epoch 43/50 - Train Loss: 0.5577 - Train Metric: 0.7815
Epoch 43/50 - Val Metric: 0.7815
Epoch 44/50 - Train Loss: 0.5585 - Train Metric: 0.7788
Epoch 44/50 - Val Metric: 0.7905
Epoch 45/50 - Train Loss: 0.5537 - Train Metric: 0.7861
Epoch 45/50 - Val Metric: 0.7896
Epoch 46/50 - Train Loss: 0.5534 - Train Metric: 0.7860
Epoch 46/50 - Val Metric: 0.7893
Epoch 47/50 - Train Loss: 0.5521 - Train Metric: 0.7878
Epoch 47/50 - Val Metric: 0.7890
Epoch 48/50 - Train Loss: 0.5523 - Train Metric: 0.7875
Epoch 48/50 - Val Metric: 0.7885
Epoch 49/50 - Train Loss: 0.5511 - Train Metric: 0.7889
Epoch 49/50 - Val Metric: 0.7890
Epoch 50/50 - Train Loss: 0.5499 - Train Metric: 0.7901
Epoch 50/50 - Val Metric: 0.7895
Best val: 0.7906, Best test: 0.7673
Training set has 10617 instances
Validation set has 1327 instances
Test set has 1328 instances
Hyper-parameter search done. Found the best config.
Repeat experiments 5 times with the best train config {'batch_size': 256, 'gamma_rate': 1.0, 'base_lr': 0.001} and model config {'num_heads': 8, 'num_layers': 4, 'num_latents': 32, 'hidden_dim': 32, 'mlp_ratio': 0.25, 'dropout_prob': 0, 'top_k': 5}.
Training set has 10617 instances
Validation set has 1327 instances
Test set has 1328 instances
Epoch 1/50 - Train Loss: 0.6975 - Train Metric: 0.4975
Epoch 1/50 - Val Metric: 0.6679
Epoch 2/50 - Train Loss: 0.6943 - Train Metric: 0.5042
Epoch 2/50 - Val Metric: 0.6880
Epoch 3/50 - Train Loss: 0.6743 - Train Metric: 0.5922
Epoch 3/50 - Val Metric: 0.7004
Epoch 4/50 - Train Loss: 0.6069 - Train Metric: 0.7022
Epoch 4/50 - Val Metric: 0.7176
Epoch 5/50 - Train Loss: 0.5951 - Train Metric: 0.7143
Epoch 5/50 - Val Metric: 0.7282
Epoch 6/50 - Train Loss: 0.5911 - Train Metric: 0.7268
Epoch 6/50 - Val Metric: 0.7368
Epoch 7/50 - Train Loss: 0.5858 - Train Metric: 0.7362
Epoch 7/50 - Val Metric: 0.7371
Epoch 8/50 - Train Loss: 0.5855 - Train Metric: 0.7361
Epoch 8/50 - Val Metric: 0.7441
Epoch 9/50 - Train Loss: 0.5813 - Train Metric: 0.7466
Epoch 9/50 - Val Metric: 0.7521
Epoch 10/50 - Train Loss: 0.5790 - Train Metric: 0.7533
Epoch 10/50 - Val Metric: 0.7614
Epoch 11/50 - Train Loss: 0.5748 - Train Metric: 0.7592
Epoch 11/50 - Val Metric: 0.7612
Epoch 12/50 - Train Loss: 0.5778 - Train Metric: 0.7542
Epoch 12/50 - Val Metric: 0.7476
Epoch 13/50 - Train Loss: 0.5727 - Train Metric: 0.7630
Epoch 13/50 - Val Metric: 0.7675
Epoch 14/50 - Train Loss: 0.5725 - Train Metric: 0.7622
Epoch 14/50 - Val Metric: 0.7623
Epoch 15/50 - Train Loss: 0.5741 - Train Metric: 0.7608
Epoch 15/50 - Val Metric: 0.7674
Epoch 16/50 - Train Loss: 0.5721 - Train Metric: 0.7639
Epoch 16/50 - Val Metric: 0.7649
Epoch 17/50 - Train Loss: 0.5692 - Train Metric: 0.7683
Epoch 17/50 - Val Metric: 0.7668
Epoch 18/50 - Train Loss: 0.5701 - Train Metric: 0.7665
Epoch 18/50 - Val Metric: 0.7688
Epoch 19/50 - Train Loss: 0.5719 - Train Metric: 0.7657
Epoch 19/50 - Val Metric: 0.7702
Epoch 20/50 - Train Loss: 0.5715 - Train Metric: 0.7660
Epoch 20/50 - Val Metric: 0.7709
Epoch 21/50 - Train Loss: 0.5659 - Train Metric: 0.7726
Epoch 21/50 - Val Metric: 0.7762
Epoch 22/50 - Train Loss: 0.5658 - Train Metric: 0.7733
Epoch 22/50 - Val Metric: 0.7724
Epoch 23/50 - Train Loss: 0.5645 - Train Metric: 0.7741
Epoch 23/50 - Val Metric: 0.7752
Epoch 24/50 - Train Loss: 0.5669 - Train Metric: 0.7717
Epoch 24/50 - Val Metric: 0.7730
Epoch 25/50 - Train Loss: 0.5640 - Train Metric: 0.7746
Epoch 25/50 - Val Metric: 0.7765
Epoch 26/50 - Train Loss: 0.5606 - Train Metric: 0.7788
Epoch 26/50 - Val Metric: 0.7763
Epoch 27/50 - Train Loss: 0.5593 - Train Metric: 0.7808
Epoch 27/50 - Val Metric: 0.7761
Epoch 28/50 - Train Loss: 0.5591 - Train Metric: 0.7808
Epoch 28/50 - Val Metric: 0.7781
Epoch 29/50 - Train Loss: 0.5608 - Train Metric: 0.7792
Epoch 29/50 - Val Metric: 0.7748
Epoch 30/50 - Train Loss: 0.5622 - Train Metric: 0.7775
Epoch 30/50 - Val Metric: 0.7755
Epoch 31/50 - Train Loss: 0.5664 - Train Metric: 0.7726
Epoch 31/50 - Val Metric: 0.7770
Epoch 32/50 - Train Loss: 0.5631 - Train Metric: 0.7759
Epoch 32/50 - Val Metric: 0.7799
Epoch 33/50 - Train Loss: 0.5582 - Train Metric: 0.7825
Epoch 33/50 - Val Metric: 0.7771
Epoch 34/50 - Train Loss: 0.5591 - Train Metric: 0.7809
Epoch 34/50 - Val Metric: 0.7764
Epoch 35/50 - Train Loss: 0.5592 - Train Metric: 0.7815
Epoch 35/50 - Val Metric: 0.7776
Epoch 36/50 - Train Loss: 0.5566 - Train Metric: 0.7839
Epoch 36/50 - Val Metric: 0.7776
Epoch 37/50 - Train Loss: 0.5581 - Train Metric: 0.7818
Epoch 37/50 - Val Metric: 0.7766
Epoch 38/50 - Train Loss: 0.5604 - Train Metric: 0.7799
Epoch 38/50 - Val Metric: 0.7751
Epoch 39/50 - Train Loss: 0.5614 - Train Metric: 0.7774
Epoch 39/50 - Val Metric: 0.7766
Epoch 40/50 - Train Loss: 0.5589 - Train Metric: 0.7814
Epoch 40/50 - Val Metric: 0.7772
Epoch 41/50 - Train Loss: 0.5573 - Train Metric: 0.7835
Epoch 41/50 - Val Metric: 0.7767
Epoch 42/50 - Train Loss: 0.5576 - Train Metric: 0.7830
Epoch 42/50 - Val Metric: 0.7787
Epoch 43/50 - Train Loss: 0.5568 - Train Metric: 0.7831
Epoch 43/50 - Val Metric: 0.7771
Epoch 44/50 - Train Loss: 0.5584 - Train Metric: 0.7804
Epoch 44/50 - Val Metric: 0.7800
Epoch 45/50 - Train Loss: 0.5549 - Train Metric: 0.7859
Epoch 45/50 - Val Metric: 0.7786
Epoch 46/50 - Train Loss: 0.5546 - Train Metric: 0.7864
Epoch 46/50 - Val Metric: 0.7774
Epoch 47/50 - Train Loss: 0.5570 - Train Metric: 0.7835
Epoch 47/50 - Val Metric: 0.7792
Epoch 48/50 - Train Loss: 0.5539 - Train Metric: 0.7871
Epoch 48/50 - Val Metric: 0.7781
Epoch 49/50 - Train Loss: 0.5533 - Train Metric: 0.7874
Epoch 49/50 - Val Metric: 0.7766
Epoch 50/50 - Train Loss: 0.5528 - Train Metric: 0.7873
Epoch 50/50 - Val Metric: 0.7774
Best val: 0.7800, Best test: 0.7832
Training set has 10617 instances
Validation set has 1327 instances
Test set has 1328 instances
Epoch 1/50 - Train Loss: 0.6970 - Train Metric: 0.5044
Epoch 1/50 - Val Metric: 0.6194
Epoch 2/50 - Train Loss: 0.6921 - Train Metric: 0.5119
Epoch 2/50 - Val Metric: 0.6518
Epoch 3/50 - Train Loss: 0.6481 - Train Metric: 0.6574
Epoch 3/50 - Val Metric: 0.7082
Epoch 4/50 - Train Loss: 0.5997 - Train Metric: 0.7129
Epoch 4/50 - Val Metric: 0.7333
Epoch 5/50 - Train Loss: 0.5905 - Train Metric: 0.7301
Epoch 5/50 - Val Metric: 0.7384
Epoch 6/50 - Train Loss: 0.5857 - Train Metric: 0.7413
Epoch 6/50 - Val Metric: 0.7379
Epoch 7/50 - Train Loss: 0.5807 - Train Metric: 0.7511
Epoch 7/50 - Val Metric: 0.7593
Epoch 8/50 - Train Loss: 0.5821 - Train Metric: 0.7507
Epoch 8/50 - Val Metric: 0.7649
Epoch 9/50 - Train Loss: 0.5768 - Train Metric: 0.7571
Epoch 9/50 - Val Metric: 0.7638
Epoch 10/50 - Train Loss: 0.5722 - Train Metric: 0.7638
Epoch 10/50 - Val Metric: 0.7725
Epoch 11/50 - Train Loss: 0.5744 - Train Metric: 0.7596
Epoch 11/50 - Val Metric: 0.7639
Epoch 12/50 - Train Loss: 0.5714 - Train Metric: 0.7631
Epoch 12/50 - Val Metric: 0.7556
Epoch 13/50 - Train Loss: 0.5727 - Train Metric: 0.7640
Epoch 13/50 - Val Metric: 0.7614
Epoch 14/50 - Train Loss: 0.5698 - Train Metric: 0.7679
Epoch 14/50 - Val Metric: 0.7731
Epoch 15/50 - Train Loss: 0.5652 - Train Metric: 0.7730
Epoch 15/50 - Val Metric: 0.7724
Epoch 16/50 - Train Loss: 0.5643 - Train Metric: 0.7741
Epoch 16/50 - Val Metric: 0.7726
Epoch 17/50 - Train Loss: 0.5656 - Train Metric: 0.7731
Epoch 17/50 - Val Metric: 0.7707
Epoch 18/50 - Train Loss: 0.5655 - Train Metric: 0.7727
Epoch 18/50 - Val Metric: 0.7692
Epoch 19/50 - Train Loss: 0.5645 - Train Metric: 0.7731
Epoch 19/50 - Val Metric: 0.7686
Epoch 20/50 - Train Loss: 0.5638 - Train Metric: 0.7745
Epoch 20/50 - Val Metric: 0.7696
Epoch 21/50 - Train Loss: 0.5621 - Train Metric: 0.7757
Epoch 21/50 - Val Metric: 0.7733
Epoch 22/50 - Train Loss: 0.5617 - Train Metric: 0.7774
Epoch 22/50 - Val Metric: 0.7728
Epoch 23/50 - Train Loss: 0.5618 - Train Metric: 0.7778
Epoch 23/50 - Val Metric: 0.7706
Epoch 24/50 - Train Loss: 0.5647 - Train Metric: 0.7743
Epoch 24/50 - Val Metric: 0.7717
Epoch 25/50 - Train Loss: 0.5618 - Train Metric: 0.7777
Epoch 25/50 - Val Metric: 0.7737
Epoch 26/50 - Train Loss: 0.5650 - Train Metric: 0.7739
Epoch 26/50 - Val Metric: 0.7724
Epoch 27/50 - Train Loss: 0.5603 - Train Metric: 0.7791
Epoch 27/50 - Val Metric: 0.7740
Epoch 28/50 - Train Loss: 0.5583 - Train Metric: 0.7819
Epoch 28/50 - Val Metric: 0.7736
Epoch 29/50 - Train Loss: 0.5596 - Train Metric: 0.7788
Epoch 29/50 - Val Metric: 0.7718
Epoch 30/50 - Train Loss: 0.5587 - Train Metric: 0.7801
Epoch 30/50 - Val Metric: 0.7725
Epoch 31/50 - Train Loss: 0.5564 - Train Metric: 0.7832
Epoch 31/50 - Val Metric: 0.7745
Epoch 32/50 - Train Loss: 0.5572 - Train Metric: 0.7820
Epoch 32/50 - Val Metric: 0.7742
Epoch 33/50 - Train Loss: 0.5556 - Train Metric: 0.7845
Epoch 33/50 - Val Metric: 0.7721
Epoch 34/50 - Train Loss: 0.5579 - Train Metric: 0.7812
Epoch 34/50 - Val Metric: 0.7715
Epoch 35/50 - Train Loss: 0.5563 - Train Metric: 0.7828
Epoch 35/50 - Val Metric: 0.7729
Epoch 36/50 - Train Loss: 0.5573 - Train Metric: 0.7817
Epoch 36/50 - Val Metric: 0.7719
Epoch 37/50 - Train Loss: 0.5541 - Train Metric: 0.7863
Epoch 37/50 - Val Metric: 0.7742
Epoch 38/50 - Train Loss: 0.5560 - Train Metric: 0.7836
Epoch 38/50 - Val Metric: 0.7726
Epoch 39/50 - Train Loss: 0.5529 - Train Metric: 0.7871
Epoch 39/50 - Val Metric: 0.7744
Epoch 40/50 - Train Loss: 0.5523 - Train Metric: 0.7878
Epoch 40/50 - Val Metric: 0.7729
Epoch 41/50 - Train Loss: 0.5508 - Train Metric: 0.7890
Epoch 41/50 - Val Metric: 0.7699
Epoch 42/50 - Train Loss: 0.5548 - Train Metric: 0.7861
Epoch 42/50 - Val Metric: 0.7708
Epoch 43/50 - Train Loss: 0.5524 - Train Metric: 0.7876
Epoch 43/50 - Val Metric: 0.7727
Epoch 44/50 - Train Loss: 0.5521 - Train Metric: 0.7877
Epoch 44/50 - Val Metric: 0.7687
Epoch 45/50 - Train Loss: 0.5519 - Train Metric: 0.7888
Epoch 45/50 - Val Metric: 0.7711
Epoch 46/50 - Train Loss: 0.5503 - Train Metric: 0.7903
Epoch 46/50 - Val Metric: 0.7744
Epoch 47/50 - Train Loss: 0.5504 - Train Metric: 0.7902
Epoch 47/50 - Val Metric: 0.7697
Epoch 48/50 - Train Loss: 0.5506 - Train Metric: 0.7904
Epoch 48/50 - Val Metric: 0.7741
Epoch 49/50 - Train Loss: 0.5538 - Train Metric: 0.7866
Epoch 49/50 - Val Metric: 0.7697
Epoch 50/50 - Train Loss: 0.5522 - Train Metric: 0.7896
Epoch 50/50 - Val Metric: 0.7720
Best val: 0.7745, Best test: 0.7839
Training set has 10617 instances
Validation set has 1327 instances
Test set has 1328 instances
Epoch 1/50 - Train Loss: 0.6940 - Train Metric: 0.5009
Epoch 1/50 - Val Metric: 0.6198
Epoch 2/50 - Train Loss: 0.6952 - Train Metric: 0.4962
Epoch 2/50 - Val Metric: 0.6606
Epoch 3/50 - Train Loss: 0.6935 - Train Metric: 0.5120
Epoch 3/50 - Val Metric: 0.6687
Epoch 4/50 - Train Loss: 0.6454 - Train Metric: 0.6619
Epoch 4/50 - Val Metric: 0.7102
Epoch 5/50 - Train Loss: 0.6031 - Train Metric: 0.6969
Epoch 5/50 - Val Metric: 0.7152
Epoch 6/50 - Train Loss: 0.5926 - Train Metric: 0.7148
Epoch 6/50 - Val Metric: 0.7228
Epoch 7/50 - Train Loss: 0.5883 - Train Metric: 0.7268
Epoch 7/50 - Val Metric: 0.7340
Epoch 8/50 - Train Loss: 0.5824 - Train Metric: 0.7360
Epoch 8/50 - Val Metric: 0.7447
Epoch 9/50 - Train Loss: 0.5775 - Train Metric: 0.7515
Epoch 9/50 - Val Metric: 0.7689
Epoch 10/50 - Train Loss: 0.5733 - Train Metric: 0.7587
Epoch 10/50 - Val Metric: 0.7717
Epoch 11/50 - Train Loss: 0.5673 - Train Metric: 0.7680
Epoch 11/50 - Val Metric: 0.7726
Epoch 12/50 - Train Loss: 0.5656 - Train Metric: 0.7693
Epoch 12/50 - Val Metric: 0.7741
Epoch 13/50 - Train Loss: 0.5655 - Train Metric: 0.7704
Epoch 13/50 - Val Metric: 0.7746
Epoch 14/50 - Train Loss: 0.5664 - Train Metric: 0.7696
Epoch 14/50 - Val Metric: 0.7759
Epoch 15/50 - Train Loss: 0.5641 - Train Metric: 0.7726
Epoch 15/50 - Val Metric: 0.7762
Epoch 16/50 - Train Loss: 0.5670 - Train Metric: 0.7684
Epoch 16/50 - Val Metric: 0.7753
Epoch 17/50 - Train Loss: 0.5622 - Train Metric: 0.7754
Epoch 17/50 - Val Metric: 0.7756
Epoch 18/50 - Train Loss: 0.5622 - Train Metric: 0.7754
Epoch 18/50 - Val Metric: 0.7772
Epoch 19/50 - Train Loss: 0.5627 - Train Metric: 0.7748
Epoch 19/50 - Val Metric: 0.7770
Epoch 20/50 - Train Loss: 0.5604 - Train Metric: 0.7775
Epoch 20/50 - Val Metric: 0.7768
Epoch 21/50 - Train Loss: 0.5598 - Train Metric: 0.7777
Epoch 21/50 - Val Metric: 0.7789
Epoch 22/50 - Train Loss: 0.5614 - Train Metric: 0.7768
Epoch 22/50 - Val Metric: 0.7780
Epoch 23/50 - Train Loss: 0.5588 - Train Metric: 0.7794
Epoch 23/50 - Val Metric: 0.7783
Epoch 24/50 - Train Loss: 0.5593 - Train Metric: 0.7787
Epoch 24/50 - Val Metric: 0.7769
Epoch 25/50 - Train Loss: 0.5582 - Train Metric: 0.7799
Epoch 25/50 - Val Metric: 0.7794
Epoch 26/50 - Train Loss: 0.5588 - Train Metric: 0.7789
Epoch 26/50 - Val Metric: 0.7765
Epoch 27/50 - Train Loss: 0.5575 - Train Metric: 0.7806
Epoch 27/50 - Val Metric: 0.7771
Epoch 28/50 - Train Loss: 0.5573 - Train Metric: 0.7800
Epoch 28/50 - Val Metric: 0.7789
Epoch 29/50 - Train Loss: 0.5576 - Train Metric: 0.7794
Epoch 29/50 - Val Metric: 0.7797
Epoch 30/50 - Train Loss: 0.5551 - Train Metric: 0.7830
Epoch 30/50 - Val Metric: 0.7808
Epoch 31/50 - Train Loss: 0.5537 - Train Metric: 0.7854
Epoch 31/50 - Val Metric: 0.7804
Epoch 32/50 - Train Loss: 0.5566 - Train Metric: 0.7812
Epoch 32/50 - Val Metric: 0.7798
Epoch 33/50 - Train Loss: 0.5548 - Train Metric: 0.7836
Epoch 33/50 - Val Metric: 0.7798
Epoch 34/50 - Train Loss: 0.5522 - Train Metric: 0.7865
Epoch 34/50 - Val Metric: 0.7794
Epoch 35/50 - Train Loss: 0.5546 - Train Metric: 0.7825
Epoch 35/50 - Val Metric: 0.7798
Epoch 36/50 - Train Loss: 0.5564 - Train Metric: 0.7804
Epoch 36/50 - Val Metric: 0.7776
Epoch 37/50 - Train Loss: 0.5528 - Train Metric: 0.7866
Epoch 37/50 - Val Metric: 0.7802
Epoch 38/50 - Train Loss: 0.5556 - Train Metric: 0.7834
Epoch 38/50 - Val Metric: 0.7779
Epoch 39/50 - Train Loss: 0.5557 - Train Metric: 0.7824
Epoch 39/50 - Val Metric: 0.7796
Epoch 40/50 - Train Loss: 0.5509 - Train Metric: 0.7881
Epoch 40/50 - Val Metric: 0.7791
Epoch 41/50 - Train Loss: 0.5505 - Train Metric: 0.7888
Epoch 41/50 - Val Metric: 0.7735
Epoch 42/50 - Train Loss: 0.5521 - Train Metric: 0.7864
Epoch 42/50 - Val Metric: 0.7769
Epoch 43/50 - Train Loss: 0.5512 - Train Metric: 0.7873
Epoch 43/50 - Val Metric: 0.7795
Epoch 44/50 - Train Loss: 0.5502 - Train Metric: 0.7885
Epoch 44/50 - Val Metric: 0.7774
Epoch 45/50 - Train Loss: 0.5492 - Train Metric: 0.7901
Epoch 45/50 - Val Metric: 0.7771
Epoch 46/50 - Train Loss: 0.5499 - Train Metric: 0.7899
Epoch 46/50 - Val Metric: 0.7739
Epoch 47/50 - Train Loss: 0.5521 - Train Metric: 0.7866
Epoch 47/50 - Val Metric: 0.7746
Epoch 48/50 - Train Loss: 0.5485 - Train Metric: 0.7904
Epoch 48/50 - Val Metric: 0.7783
Epoch 49/50 - Train Loss: 0.5479 - Train Metric: 0.7913
Epoch 49/50 - Val Metric: 0.7780
Epoch 50/50 - Train Loss: 0.5545 - Train Metric: 0.7839
Epoch 50/50 - Val Metric: 0.7787
Best val: 0.7808, Best test: 0.7779
Training set has 10617 instances
Validation set has 1327 instances
Test set has 1328 instances
Epoch 1/50 - Train Loss: 0.6960 - Train Metric: 0.5009
Epoch 1/50 - Val Metric: 0.6672
Epoch 2/50 - Train Loss: 0.6946 - Train Metric: 0.5033
Epoch 2/50 - Val Metric: 0.6175
Epoch 3/50 - Train Loss: 0.6475 - Train Metric: 0.6665
Epoch 3/50 - Val Metric: 0.7225
Epoch 4/50 - Train Loss: 0.6038 - Train Metric: 0.7060
Epoch 4/50 - Val Metric: 0.7327
Epoch 5/50 - Train Loss: 0.5948 - Train Metric: 0.7193
Epoch 5/50 - Val Metric: 0.7427
Epoch 6/50 - Train Loss: 0.5862 - Train Metric: 0.7410
Epoch 6/50 - Val Metric: 0.7516
Epoch 7/50 - Train Loss: 0.5819 - Train Metric: 0.7496
Epoch 7/50 - Val Metric: 0.7626
Epoch 8/50 - Train Loss: 0.5780 - Train Metric: 0.7558
Epoch 8/50 - Val Metric: 0.7651
Epoch 9/50 - Train Loss: 0.5753 - Train Metric: 0.7598
Epoch 9/50 - Val Metric: 0.7680
Epoch 10/50 - Train Loss: 0.5735 - Train Metric: 0.7620
Epoch 10/50 - Val Metric: 0.7683
Epoch 11/50 - Train Loss: 0.5732 - Train Metric: 0.7619
Epoch 11/50 - Val Metric: 0.7712
Epoch 12/50 - Train Loss: 0.5686 - Train Metric: 0.7679
Epoch 12/50 - Val Metric: 0.7728
Epoch 13/50 - Train Loss: 0.5757 - Train Metric: 0.7600
Epoch 13/50 - Val Metric: 0.7754
Epoch 14/50 - Train Loss: 0.5699 - Train Metric: 0.7675
Epoch 14/50 - Val Metric: 0.7774
Epoch 15/50 - Train Loss: 0.5707 - Train Metric: 0.7660
Epoch 15/50 - Val Metric: 0.7781
Epoch 16/50 - Train Loss: 0.5692 - Train Metric: 0.7683
Epoch 16/50 - Val Metric: 0.7800
Epoch 17/50 - Train Loss: 0.5670 - Train Metric: 0.7711
Epoch 17/50 - Val Metric: 0.7735
Epoch 18/50 - Train Loss: 0.5672 - Train Metric: 0.7713
Epoch 18/50 - Val Metric: 0.7788
Epoch 19/50 - Train Loss: 0.5644 - Train Metric: 0.7750
Epoch 19/50 - Val Metric: 0.7772
Epoch 20/50 - Train Loss: 0.5662 - Train Metric: 0.7723
Epoch 20/50 - Val Metric: 0.7823
Epoch 21/50 - Train Loss: 0.5703 - Train Metric: 0.7660
Epoch 21/50 - Val Metric: 0.7827
Epoch 22/50 - Train Loss: 0.5635 - Train Metric: 0.7749
Epoch 22/50 - Val Metric: 0.7816
Epoch 23/50 - Train Loss: 0.5631 - Train Metric: 0.7765
Epoch 23/50 - Val Metric: 0.7837
Epoch 24/50 - Train Loss: 0.5641 - Train Metric: 0.7749
Epoch 24/50 - Val Metric: 0.7839
Epoch 25/50 - Train Loss: 0.5642 - Train Metric: 0.7747
Epoch 25/50 - Val Metric: 0.7834
Epoch 26/50 - Train Loss: 0.5645 - Train Metric: 0.7738
Epoch 26/50 - Val Metric: 0.7840
Epoch 27/50 - Train Loss: 0.5636 - Train Metric: 0.7748
Epoch 27/50 - Val Metric: 0.7867
Epoch 28/50 - Train Loss: 0.5614 - Train Metric: 0.7774
Epoch 28/50 - Val Metric: 0.7865
Epoch 29/50 - Train Loss: 0.5598 - Train Metric: 0.7802
Epoch 29/50 - Val Metric: 0.7871
Epoch 30/50 - Train Loss: 0.5622 - Train Metric: 0.7760
Epoch 30/50 - Val Metric: 0.7845
Epoch 31/50 - Train Loss: 0.5625 - Train Metric: 0.7758
Epoch 31/50 - Val Metric: 0.7852
Epoch 32/50 - Train Loss: 0.5594 - Train Metric: 0.7802
Epoch 32/50 - Val Metric: 0.7865
Epoch 33/50 - Train Loss: 0.5595 - Train Metric: 0.7799
Epoch 33/50 - Val Metric: 0.7853
Epoch 34/50 - Train Loss: 0.5578 - Train Metric: 0.7818
Epoch 34/50 - Val Metric: 0.7892
Epoch 35/50 - Train Loss: 0.5594 - Train Metric: 0.7809
Epoch 35/50 - Val Metric: 0.7861
Epoch 36/50 - Train Loss: 0.5615 - Train Metric: 0.7776
Epoch 36/50 - Val Metric: 0.7860
Epoch 37/50 - Train Loss: 0.5578 - Train Metric: 0.7816
Epoch 37/50 - Val Metric: 0.7857
Epoch 38/50 - Train Loss: 0.5569 - Train Metric: 0.7833
Epoch 38/50 - Val Metric: 0.7879
Epoch 39/50 - Train Loss: 0.5554 - Train Metric: 0.7847
Epoch 39/50 - Val Metric: 0.7894
Epoch 40/50 - Train Loss: 0.5552 - Train Metric: 0.7842
Epoch 40/50 - Val Metric: 0.7896
Epoch 41/50 - Train Loss: 0.5605 - Train Metric: 0.7785
Epoch 41/50 - Val Metric: 0.7879
Epoch 42/50 - Train Loss: 0.5576 - Train Metric: 0.7830
Epoch 42/50 - Val Metric: 0.7892
Epoch 43/50 - Train Loss: 0.5581 - Train Metric: 0.7811
Epoch 43/50 - Val Metric: 0.7817
Epoch 44/50 - Train Loss: 0.5619 - Train Metric: 0.7765
Epoch 44/50 - Val Metric: 0.7880
Epoch 45/50 - Train Loss: 0.5556 - Train Metric: 0.7843
Epoch 45/50 - Val Metric: 0.7852
Epoch 46/50 - Train Loss: 0.5554 - Train Metric: 0.7848
Epoch 46/50 - Val Metric: 0.7886
Epoch 47/50 - Train Loss: 0.5556 - Train Metric: 0.7844
Epoch 47/50 - Val Metric: 0.7864
Epoch 48/50 - Train Loss: 0.5547 - Train Metric: 0.7858
Epoch 48/50 - Val Metric: 0.7864
Epoch 49/50 - Train Loss: 0.5546 - Train Metric: 0.7864
Epoch 49/50 - Val Metric: 0.7885
Epoch 50/50 - Train Loss: 0.5526 - Train Metric: 0.7875
Epoch 50/50 - Val Metric: 0.7808
Best val: 0.7896, Best test: 0.7917
Training set has 10617 instances
Validation set has 1327 instances
Test set has 1328 instances
Epoch 1/50 - Train Loss: 0.6984 - Train Metric: 0.5024
Epoch 1/50 - Val Metric: 0.6729
Epoch 2/50 - Train Loss: 0.6921 - Train Metric: 0.5243
Epoch 2/50 - Val Metric: 0.6756
Epoch 3/50 - Train Loss: 0.6397 - Train Metric: 0.6704
Epoch 3/50 - Val Metric: 0.7073
Epoch 4/50 - Train Loss: 0.5974 - Train Metric: 0.7070
Epoch 4/50 - Val Metric: 0.7255
Epoch 5/50 - Train Loss: 0.5902 - Train Metric: 0.7222
Epoch 5/50 - Val Metric: 0.7265
Epoch 6/50 - Train Loss: 0.5856 - Train Metric: 0.7366
Epoch 6/50 - Val Metric: 0.7448
Epoch 7/50 - Train Loss: 0.5799 - Train Metric: 0.7485
Epoch 7/50 - Val Metric: 0.7517
Epoch 8/50 - Train Loss: 0.5761 - Train Metric: 0.7553
Epoch 8/50 - Val Metric: 0.7570
Epoch 9/50 - Train Loss: 0.5746 - Train Metric: 0.7593
Epoch 9/50 - Val Metric: 0.7574
Epoch 10/50 - Train Loss: 0.5728 - Train Metric: 0.7605
Epoch 10/50 - Val Metric: 0.7605
Epoch 11/50 - Train Loss: 0.5732 - Train Metric: 0.7612
Epoch 11/50 - Val Metric: 0.7638
Epoch 12/50 - Train Loss: 0.5671 - Train Metric: 0.7697
Epoch 12/50 - Val Metric: 0.7640
Epoch 13/50 - Train Loss: 0.5663 - Train Metric: 0.7716
Epoch 13/50 - Val Metric: 0.7654
Epoch 14/50 - Train Loss: 0.5649 - Train Metric: 0.7728
Epoch 14/50 - Val Metric: 0.7661
Epoch 15/50 - Train Loss: 0.5646 - Train Metric: 0.7745
Epoch 15/50 - Val Metric: 0.7679
Epoch 16/50 - Train Loss: 0.5638 - Train Metric: 0.7755
Epoch 16/50 - Val Metric: 0.7664
Epoch 17/50 - Train Loss: 0.5635 - Train Metric: 0.7745
Epoch 17/50 - Val Metric: 0.7685
Epoch 18/50 - Train Loss: 0.5642 - Train Metric: 0.7745
Epoch 18/50 - Val Metric: 0.7620
Epoch 19/50 - Train Loss: 0.5640 - Train Metric: 0.7758
Epoch 19/50 - Val Metric: 0.7694
Epoch 20/50 - Train Loss: 0.5605 - Train Metric: 0.7789
Epoch 20/50 - Val Metric: 0.7719
Epoch 21/50 - Train Loss: 0.5594 - Train Metric: 0.7801
Epoch 21/50 - Val Metric: 0.7668
Epoch 22/50 - Train Loss: 0.5613 - Train Metric: 0.7773
Epoch 22/50 - Val Metric: 0.7703
Epoch 23/50 - Train Loss: 0.5569 - Train Metric: 0.7828
Epoch 23/50 - Val Metric: 0.7702
Epoch 24/50 - Train Loss: 0.5594 - Train Metric: 0.7801
Epoch 24/50 - Val Metric: 0.7742
Epoch 25/50 - Train Loss: 0.5586 - Train Metric: 0.7807
Epoch 25/50 - Val Metric: 0.7675
Epoch 26/50 - Train Loss: 0.5623 - Train Metric: 0.7769
Epoch 26/50 - Val Metric: 0.7708
Epoch 27/50 - Train Loss: 0.5567 - Train Metric: 0.7831
Epoch 27/50 - Val Metric: 0.7711
Epoch 28/50 - Train Loss: 0.5550 - Train Metric: 0.7861
Epoch 28/50 - Val Metric: 0.7687
Epoch 29/50 - Train Loss: 0.5543 - Train Metric: 0.7859
Epoch 29/50 - Val Metric: 0.7672
Epoch 30/50 - Train Loss: 0.5571 - Train Metric: 0.7831
Epoch 30/50 - Val Metric: 0.7686
Epoch 31/50 - Train Loss: 0.5548 - Train Metric: 0.7860
Epoch 31/50 - Val Metric: 0.7725
Epoch 32/50 - Train Loss: 0.5542 - Train Metric: 0.7862
Epoch 32/50 - Val Metric: 0.7685
Epoch 33/50 - Train Loss: 0.5551 - Train Metric: 0.7849
Epoch 33/50 - Val Metric: 0.7712
Epoch 34/50 - Train Loss: 0.5549 - Train Metric: 0.7856
Epoch 34/50 - Val Metric: 0.7675
Epoch 35/50 - Train Loss: 0.5562 - Train Metric: 0.7841
Epoch 35/50 - Val Metric: 0.7708
Epoch 36/50 - Train Loss: 0.5519 - Train Metric: 0.7891
Epoch 36/50 - Val Metric: 0.7708
Epoch 37/50 - Train Loss: 0.5569 - Train Metric: 0.7838
Epoch 37/50 - Val Metric: 0.7688
Epoch 38/50 - Train Loss: 0.5546 - Train Metric: 0.7862
Epoch 38/50 - Val Metric: 0.7729
Epoch 39/50 - Train Loss: 0.5503 - Train Metric: 0.7903
Epoch 39/50 - Val Metric: 0.7728
Epoch 40/50 - Train Loss: 0.5519 - Train Metric: 0.7885
Epoch 40/50 - Val Metric: 0.7738
Epoch 41/50 - Train Loss: 0.5531 - Train Metric: 0.7870
Epoch 41/50 - Val Metric: 0.7737
Epoch 42/50 - Train Loss: 0.5525 - Train Metric: 0.7884
Epoch 42/50 - Val Metric: 0.7739
Epoch 43/50 - Train Loss: 0.5513 - Train Metric: 0.7891
Epoch 43/50 - Val Metric: 0.7734
Epoch 44/50 - Train Loss: 0.5486 - Train Metric: 0.7926
Epoch 44/50 - Val Metric: 0.7769
Epoch 45/50 - Train Loss: 0.5481 - Train Metric: 0.7927
Epoch 45/50 - Val Metric: 0.7738
Epoch 46/50 - Train Loss: 0.5529 - Train Metric: 0.7878
Epoch 46/50 - Val Metric: 0.7728
Epoch 47/50 - Train Loss: 0.5519 - Train Metric: 0.7881
Epoch 47/50 - Val Metric: 0.7754
Epoch 48/50 - Train Loss: 0.5494 - Train Metric: 0.7913
Epoch 48/50 - Val Metric: 0.7749
Epoch 49/50 - Train Loss: 0.5541 - Train Metric: 0.7861
Epoch 49/50 - Val Metric: 0.7754
Epoch 50/50 - Train Loss: 0.5577 - Train Metric: 0.7811
Epoch 50/50 - Val Metric: 0.7749
Best val: 0.7769, Best test: 0.7685
[0.78321195 0.7838726  0.77791625 0.79167914 0.7685039 ]
