Hyper-parameter search via Optuna
Namespace(task_type='binary_classification', scale='small', idx=7, epochs=50, num_trials=20, num_repeats=5, seed=0, exp_name='MemPerceiver', result_path='output/binary_classification/small/7/MemPerceiver.pt')
Device: cuda
Start building binary_classification dataset_small_7
Training set has 10617 instances
Validation set has 1327 instances
Test set has 1328 instances
Epoch 1/50 - Train Loss: 0.7054 - Train Metric: 0.5035
Epoch 1/50 - Val Metric: 0.6266
Epoch 2/50 - Train Loss: 0.6961 - Train Metric: 0.5102
Epoch 2/50 - Val Metric: 0.6252
Epoch 3/50 - Train Loss: 0.6907 - Train Metric: 0.5398
Epoch 3/50 - Val Metric: 0.5976
Epoch 4/50 - Train Loss: 0.6560 - Train Metric: 0.6426
Epoch 4/50 - Val Metric: 0.7079
Epoch 5/50 - Train Loss: 0.6063 - Train Metric: 0.7074
Epoch 5/50 - Val Metric: 0.7150
Epoch 6/50 - Train Loss: 0.6024 - Train Metric: 0.7018
Epoch 6/50 - Val Metric: 0.7169
Epoch 7/50 - Train Loss: 0.5992 - Train Metric: 0.7112
Epoch 7/50 - Val Metric: 0.7164
Epoch 8/50 - Train Loss: 0.5938 - Train Metric: 0.7239
Epoch 8/50 - Val Metric: 0.7291
Epoch 9/50 - Train Loss: 0.5932 - Train Metric: 0.7270
Epoch 9/50 - Val Metric: 0.7324
Epoch 10/50 - Train Loss: 0.5886 - Train Metric: 0.7396
Epoch 10/50 - Val Metric: 0.7520
Epoch 11/50 - Train Loss: 0.5869 - Train Metric: 0.7419
Epoch 11/50 - Val Metric: 0.7575
Epoch 12/50 - Train Loss: 0.5842 - Train Metric: 0.7463
Epoch 12/50 - Val Metric: 0.7536
Epoch 13/50 - Train Loss: 0.5813 - Train Metric: 0.7512
Epoch 13/50 - Val Metric: 0.7557
Epoch 14/50 - Train Loss: 0.5774 - Train Metric: 0.7559
Epoch 14/50 - Val Metric: 0.7591
Epoch 15/50 - Train Loss: 0.5787 - Train Metric: 0.7547
Epoch 15/50 - Val Metric: 0.7573
Epoch 16/50 - Train Loss: 0.5739 - Train Metric: 0.7610
Epoch 16/50 - Val Metric: 0.7583
Epoch 17/50 - Train Loss: 0.5748 - Train Metric: 0.7594
Epoch 17/50 - Val Metric: 0.7575
Epoch 18/50 - Train Loss: 0.5738 - Train Metric: 0.7609
Epoch 18/50 - Val Metric: 0.7602
Epoch 19/50 - Train Loss: 0.5738 - Train Metric: 0.7608
Epoch 19/50 - Val Metric: 0.7611
Epoch 20/50 - Train Loss: 0.5740 - Train Metric: 0.7609
Epoch 20/50 - Val Metric: 0.7569
Epoch 21/50 - Train Loss: 0.5729 - Train Metric: 0.7625
Epoch 21/50 - Val Metric: 0.7568
Epoch 22/50 - Train Loss: 0.5732 - Train Metric: 0.7616
Epoch 22/50 - Val Metric: 0.7609
Epoch 23/50 - Train Loss: 0.5726 - Train Metric: 0.7630
Epoch 23/50 - Val Metric: 0.7619
Epoch 24/50 - Train Loss: 0.5718 - Train Metric: 0.7635
Epoch 24/50 - Val Metric: 0.7607
Epoch 25/50 - Train Loss: 0.5731 - Train Metric: 0.7618
Epoch 25/50 - Val Metric: 0.7626
Epoch 26/50 - Train Loss: 0.5725 - Train Metric: 0.7630
Epoch 26/50 - Val Metric: 0.7579
Epoch 27/50 - Train Loss: 0.5729 - Train Metric: 0.7622
Epoch 27/50 - Val Metric: 0.7609
Epoch 28/50 - Train Loss: 0.5715 - Train Metric: 0.7641
Epoch 28/50 - Val Metric: 0.7583
Epoch 29/50 - Train Loss: 0.5721 - Train Metric: 0.7638
Epoch 29/50 - Val Metric: 0.7605
Epoch 30/50 - Train Loss: 0.5714 - Train Metric: 0.7641
Epoch 30/50 - Val Metric: 0.7642
Epoch 31/50 - Train Loss: 0.5707 - Train Metric: 0.7649
Epoch 31/50 - Val Metric: 0.7639
Epoch 32/50 - Train Loss: 0.5713 - Train Metric: 0.7643
Epoch 32/50 - Val Metric: 0.7641
Epoch 33/50 - Train Loss: 0.5713 - Train Metric: 0.7643
Epoch 33/50 - Val Metric: 0.7618
Epoch 34/50 - Train Loss: 0.5710 - Train Metric: 0.7649
Epoch 34/50 - Val Metric: 0.7626
Epoch 35/50 - Train Loss: 0.5700 - Train Metric: 0.7659
Epoch 35/50 - Val Metric: 0.7636
Epoch 36/50 - Train Loss: 0.5702 - Train Metric: 0.7657
Epoch 36/50 - Val Metric: 0.7633
Epoch 37/50 - Train Loss: 0.5700 - Train Metric: 0.7662
Epoch 37/50 - Val Metric: 0.7635
Epoch 38/50 - Train Loss: 0.5696 - Train Metric: 0.7664
Epoch 38/50 - Val Metric: 0.7624
Epoch 39/50 - Train Loss: 0.5692 - Train Metric: 0.7670
Epoch 39/50 - Val Metric: 0.7658
Epoch 40/50 - Train Loss: 0.5698 - Train Metric: 0.7663
Epoch 40/50 - Val Metric: 0.7640
Epoch 41/50 - Train Loss: 0.5699 - Train Metric: 0.7662
Epoch 41/50 - Val Metric: 0.7637
Epoch 42/50 - Train Loss: 0.5701 - Train Metric: 0.7657
Epoch 42/50 - Val Metric: 0.7628
Epoch 43/50 - Train Loss: 0.5696 - Train Metric: 0.7665
Epoch 43/50 - Val Metric: 0.7632
Epoch 44/50 - Train Loss: 0.5695 - Train Metric: 0.7667
Epoch 44/50 - Val Metric: 0.7644
Epoch 45/50 - Train Loss: 0.5698 - Train Metric: 0.7666
Epoch 45/50 - Val Metric: 0.7639
Epoch 46/50 - Train Loss: 0.5686 - Train Metric: 0.7674
Epoch 46/50 - Val Metric: 0.7638
Epoch 47/50 - Train Loss: 0.5697 - Train Metric: 0.7667
Epoch 47/50 - Val Metric: 0.7643
Epoch 48/50 - Train Loss: 0.5699 - Train Metric: 0.7659
Epoch 48/50 - Val Metric: 0.7643
Epoch 49/50 - Train Loss: 0.5688 - Train Metric: 0.7675
Epoch 49/50 - Val Metric: 0.7644
Epoch 50/50 - Train Loss: 0.5692 - Train Metric: 0.7668
Epoch 50/50 - Val Metric: 0.7642
Best val: 0.7658, Best test: 0.7889
Training set has 10617 instances
Validation set has 1327 instances
Test set has 1328 instances
Epoch 1/50 - Train Loss: 0.6941 - Train Metric: 0.5059
Epoch 1/50 - Val Metric: 0.6207
Epoch 2/50 - Train Loss: 0.6880 - Train Metric: 0.5527
Epoch 2/50 - Val Metric: 0.6369
Epoch 3/50 - Train Loss: 0.6566 - Train Metric: 0.6495
Epoch 3/50 - Val Metric: 0.6984
Epoch 4/50 - Train Loss: 0.6121 - Train Metric: 0.7036
Epoch 4/50 - Val Metric: 0.7091
Epoch 5/50 - Train Loss: 0.6067 - Train Metric: 0.7067
Epoch 5/50 - Val Metric: 0.7164
Epoch 6/50 - Train Loss: 0.6021 - Train Metric: 0.7125
Epoch 6/50 - Val Metric: 0.7164
Epoch 7/50 - Train Loss: 0.6016 - Train Metric: 0.7115
Epoch 7/50 - Val Metric: 0.7220
Epoch 8/50 - Train Loss: 0.5959 - Train Metric: 0.7190
Epoch 8/50 - Val Metric: 0.7254
Epoch 9/50 - Train Loss: 0.5944 - Train Metric: 0.7221
Epoch 9/50 - Val Metric: 0.7278
Epoch 10/50 - Train Loss: 0.5919 - Train Metric: 0.7275
Epoch 10/50 - Val Metric: 0.7335
Epoch 11/50 - Train Loss: 0.5921 - Train Metric: 0.7271
Epoch 11/50 - Val Metric: 0.7322
Epoch 12/50 - Train Loss: 0.5932 - Train Metric: 0.7267
Epoch 12/50 - Val Metric: 0.7350
Epoch 13/50 - Train Loss: 0.5887 - Train Metric: 0.7343
Epoch 13/50 - Val Metric: 0.7316
Epoch 14/50 - Train Loss: 0.5893 - Train Metric: 0.7363
Epoch 14/50 - Val Metric: 0.7293
Epoch 15/50 - Train Loss: 0.5863 - Train Metric: 0.7383
Epoch 15/50 - Val Metric: 0.7447
Epoch 16/50 - Train Loss: 0.5848 - Train Metric: 0.7441
Epoch 16/50 - Val Metric: 0.7427
Epoch 17/50 - Train Loss: 0.5855 - Train Metric: 0.7428
Epoch 17/50 - Val Metric: 0.7521
Epoch 18/50 - Train Loss: 0.5840 - Train Metric: 0.7448
Epoch 18/50 - Val Metric: 0.7336
Epoch 19/50 - Train Loss: 0.5817 - Train Metric: 0.7497
Epoch 19/50 - Val Metric: 0.7471
Epoch 20/50 - Train Loss: 0.5813 - Train Metric: 0.7501
Epoch 20/50 - Val Metric: 0.7557
Epoch 21/50 - Train Loss: 0.5781 - Train Metric: 0.7548
Epoch 21/50 - Val Metric: 0.7477
Epoch 22/50 - Train Loss: 0.5807 - Train Metric: 0.7506
Epoch 22/50 - Val Metric: 0.7528
Epoch 23/50 - Train Loss: 0.5787 - Train Metric: 0.7542
Epoch 23/50 - Val Metric: 0.7592
Epoch 24/50 - Train Loss: 0.5782 - Train Metric: 0.7549
Epoch 24/50 - Val Metric: 0.7555
Epoch 25/50 - Train Loss: 0.5771 - Train Metric: 0.7571
Epoch 25/50 - Val Metric: 0.7615
Epoch 26/50 - Train Loss: 0.5783 - Train Metric: 0.7550
Epoch 26/50 - Val Metric: 0.7601
Epoch 27/50 - Train Loss: 0.5758 - Train Metric: 0.7579
Epoch 27/50 - Val Metric: 0.7600
Epoch 28/50 - Train Loss: 0.5769 - Train Metric: 0.7569
Epoch 28/50 - Val Metric: 0.7619
Epoch 29/50 - Train Loss: 0.5769 - Train Metric: 0.7571
Epoch 29/50 - Val Metric: 0.7601
Epoch 30/50 - Train Loss: 0.5765 - Train Metric: 0.7572
Epoch 30/50 - Val Metric: 0.7601
Epoch 31/50 - Train Loss: 0.5767 - Train Metric: 0.7580
Epoch 31/50 - Val Metric: 0.7625
Epoch 32/50 - Train Loss: 0.5761 - Train Metric: 0.7585
Epoch 32/50 - Val Metric: 0.7599
Epoch 33/50 - Train Loss: 0.5761 - Train Metric: 0.7578
Epoch 33/50 - Val Metric: 0.7631
Epoch 34/50 - Train Loss: 0.5768 - Train Metric: 0.7574
Epoch 34/50 - Val Metric: 0.7621
Epoch 35/50 - Train Loss: 0.5765 - Train Metric: 0.7580
Epoch 35/50 - Val Metric: 0.7640
Epoch 36/50 - Train Loss: 0.5753 - Train Metric: 0.7595
Epoch 36/50 - Val Metric: 0.7623
Epoch 37/50 - Train Loss: 0.5750 - Train Metric: 0.7602
Epoch 37/50 - Val Metric: 0.7641
Epoch 38/50 - Train Loss: 0.5758 - Train Metric: 0.7593
Epoch 38/50 - Val Metric: 0.7619
Epoch 39/50 - Train Loss: 0.5762 - Train Metric: 0.7584
Epoch 39/50 - Val Metric: 0.7628
Epoch 40/50 - Train Loss: 0.5757 - Train Metric: 0.7594
Epoch 40/50 - Val Metric: 0.7645
Epoch 41/50 - Train Loss: 0.5751 - Train Metric: 0.7596
Epoch 41/50 - Val Metric: 0.7624
Epoch 42/50 - Train Loss: 0.5744 - Train Metric: 0.7608
Epoch 42/50 - Val Metric: 0.7641
Epoch 43/50 - Train Loss: 0.5749 - Train Metric: 0.7604
Epoch 43/50 - Val Metric: 0.7643
Epoch 44/50 - Train Loss: 0.5747 - Train Metric: 0.7605
Epoch 44/50 - Val Metric: 0.7647
Epoch 45/50 - Train Loss: 0.5749 - Train Metric: 0.7603
Epoch 45/50 - Val Metric: 0.7634
Epoch 46/50 - Train Loss: 0.5746 - Train Metric: 0.7605
Epoch 46/50 - Val Metric: 0.7650
Epoch 47/50 - Train Loss: 0.5747 - Train Metric: 0.7609
Epoch 47/50 - Val Metric: 0.7641
Epoch 48/50 - Train Loss: 0.5749 - Train Metric: 0.7603
Epoch 48/50 - Val Metric: 0.7645
Epoch 49/50 - Train Loss: 0.5745 - Train Metric: 0.7608
Epoch 49/50 - Val Metric: 0.7645
Epoch 50/50 - Train Loss: 0.5753 - Train Metric: 0.7602
Epoch 50/50 - Val Metric: 0.7645
Best val: 0.7650, Best test: 0.7527
Training set has 10617 instances
Validation set has 1327 instances
Test set has 1328 instances
Epoch 1/50 - Train Loss: 0.7056 - Train Metric: 0.4996
Epoch 1/50 - Val Metric: 0.6091
Epoch 2/50 - Train Loss: 0.6971 - Train Metric: 0.5144
Epoch 2/50 - Val Metric: 0.6339
Epoch 3/50 - Train Loss: 0.6938 - Train Metric: 0.5296
Epoch 3/50 - Val Metric: 0.6370
Epoch 4/50 - Train Loss: 0.6846 - Train Metric: 0.5750
Epoch 4/50 - Val Metric: 0.6660
Epoch 5/50 - Train Loss: 0.6476 - Train Metric: 0.6600
Epoch 5/50 - Val Metric: 0.7070
Epoch 6/50 - Train Loss: 0.6208 - Train Metric: 0.6894
Epoch 6/50 - Val Metric: 0.7149
Epoch 7/50 - Train Loss: 0.6075 - Train Metric: 0.7005
Epoch 7/50 - Val Metric: 0.7176
Epoch 8/50 - Train Loss: 0.6022 - Train Metric: 0.7042
Epoch 8/50 - Val Metric: 0.7191
Epoch 9/50 - Train Loss: 0.5990 - Train Metric: 0.7075
Epoch 9/50 - Val Metric: 0.7205
Epoch 10/50 - Train Loss: 0.5971 - Train Metric: 0.7110
Epoch 10/50 - Val Metric: 0.7206
Epoch 11/50 - Train Loss: 0.6002 - Train Metric: 0.7030
Epoch 11/50 - Val Metric: 0.7213
Epoch 12/50 - Train Loss: 0.5958 - Train Metric: 0.7122
Epoch 12/50 - Val Metric: 0.7215
Epoch 13/50 - Train Loss: 0.5967 - Train Metric: 0.7105
Epoch 13/50 - Val Metric: 0.7218
Epoch 14/50 - Train Loss: 0.5947 - Train Metric: 0.7147
Epoch 14/50 - Val Metric: 0.7228
Epoch 15/50 - Train Loss: 0.5957 - Train Metric: 0.7114
Epoch 15/50 - Val Metric: 0.7233
Epoch 16/50 - Train Loss: 0.5921 - Train Metric: 0.7180
Epoch 16/50 - Val Metric: 0.7236
Epoch 17/50 - Train Loss: 0.5947 - Train Metric: 0.7150
Epoch 17/50 - Val Metric: 0.7237
Epoch 18/50 - Train Loss: 0.5943 - Train Metric: 0.7173
Epoch 18/50 - Val Metric: 0.7249
Epoch 19/50 - Train Loss: 0.5931 - Train Metric: 0.7197
Epoch 19/50 - Val Metric: 0.7246
Epoch 20/50 - Train Loss: 0.5936 - Train Metric: 0.7152
Epoch 20/50 - Val Metric: 0.7274
Epoch 21/50 - Train Loss: 0.5921 - Train Metric: 0.7177
Epoch 21/50 - Val Metric: 0.7278
Epoch 22/50 - Train Loss: 0.5922 - Train Metric: 0.7176
Epoch 22/50 - Val Metric: 0.7292
Epoch 23/50 - Train Loss: 0.5924 - Train Metric: 0.7181
Epoch 23/50 - Val Metric: 0.7295
Epoch 24/50 - Train Loss: 0.5910 - Train Metric: 0.7214
Epoch 24/50 - Val Metric: 0.7297
Epoch 25/50 - Train Loss: 0.5912 - Train Metric: 0.7239
Epoch 25/50 - Val Metric: 0.7353
Epoch 26/50 - Train Loss: 0.5910 - Train Metric: 0.7227
Epoch 26/50 - Val Metric: 0.7338
Epoch 27/50 - Train Loss: 0.5914 - Train Metric: 0.7213
Epoch 27/50 - Val Metric: 0.7379
Epoch 28/50 - Train Loss: 0.5931 - Train Metric: 0.7161
Epoch 28/50 - Val Metric: 0.7366
Epoch 29/50 - Train Loss: 0.5908 - Train Metric: 0.7234
Epoch 29/50 - Val Metric: 0.7368
Epoch 30/50 - Train Loss: 0.5913 - Train Metric: 0.7213
Epoch 30/50 - Val Metric: 0.7394
Epoch 31/50 - Train Loss: 0.5920 - Train Metric: 0.7216
Epoch 31/50 - Val Metric: 0.7375
Epoch 32/50 - Train Loss: 0.5915 - Train Metric: 0.7229
Epoch 32/50 - Val Metric: 0.7357
Epoch 33/50 - Train Loss: 0.5908 - Train Metric: 0.7237
Epoch 33/50 - Val Metric: 0.7391
Epoch 34/50 - Train Loss: 0.5913 - Train Metric: 0.7236
Epoch 34/50 - Val Metric: 0.7375
Epoch 35/50 - Train Loss: 0.5901 - Train Metric: 0.7274
Epoch 35/50 - Val Metric: 0.7379
Epoch 36/50 - Train Loss: 0.5907 - Train Metric: 0.7216
Epoch 36/50 - Val Metric: 0.7388
Epoch 37/50 - Train Loss: 0.5917 - Train Metric: 0.7223
Epoch 37/50 - Val Metric: 0.7393
Epoch 38/50 - Train Loss: 0.5897 - Train Metric: 0.7263
Epoch 38/50 - Val Metric: 0.7397
Epoch 39/50 - Train Loss: 0.5916 - Train Metric: 0.7249
Epoch 39/50 - Val Metric: 0.7389
Epoch 40/50 - Train Loss: 0.5908 - Train Metric: 0.7258
Epoch 40/50 - Val Metric: 0.7391
Epoch 41/50 - Train Loss: 0.5914 - Train Metric: 0.7246
Epoch 41/50 - Val Metric: 0.7394
Epoch 42/50 - Train Loss: 0.5895 - Train Metric: 0.7262
Epoch 42/50 - Val Metric: 0.7385
Epoch 43/50 - Train Loss: 0.5913 - Train Metric: 0.7251
Epoch 43/50 - Val Metric: 0.7389
Epoch 44/50 - Train Loss: 0.5892 - Train Metric: 0.7294
Epoch 44/50 - Val Metric: 0.7396
Epoch 45/50 - Train Loss: 0.5892 - Train Metric: 0.7293
Epoch 45/50 - Val Metric: 0.7389
Epoch 46/50 - Train Loss: 0.5889 - Train Metric: 0.7279
Epoch 46/50 - Val Metric: 0.7389
Epoch 47/50 - Train Loss: 0.5886 - Train Metric: 0.7296
Epoch 47/50 - Val Metric: 0.7390
Epoch 48/50 - Train Loss: 0.5874 - Train Metric: 0.7302
Epoch 48/50 - Val Metric: 0.7388
Epoch 49/50 - Train Loss: 0.5886 - Train Metric: 0.7306
Epoch 49/50 - Val Metric: 0.7385
Epoch 50/50 - Train Loss: 0.5917 - Train Metric: 0.7251
Epoch 50/50 - Val Metric: 0.7395
Best val: 0.7397, Best test: 0.7428
Training set has 10617 instances
Validation set has 1327 instances
Test set has 1328 instances
Epoch 1/50 - Train Loss: 0.7034 - Train Metric: 0.5036
Epoch 1/50 - Val Metric: 0.5946
Epoch 2/50 - Train Loss: 0.6971 - Train Metric: 0.4998
Epoch 2/50 - Val Metric: 0.6047
Epoch 3/50 - Train Loss: 0.6957 - Train Metric: 0.5036
Epoch 3/50 - Val Metric: 0.6035
Epoch 4/50 - Train Loss: 0.6980 - Train Metric: 0.4963
Epoch 4/50 - Val Metric: 0.6045
Epoch 5/50 - Train Loss: 0.6979 - Train Metric: 0.4966
Epoch 5/50 - Val Metric: 0.6043
Epoch 6/50 - Train Loss: 0.6938 - Train Metric: 0.5043
Epoch 6/50 - Val Metric: 0.6048
Epoch 7/50 - Train Loss: 0.6940 - Train Metric: 0.5167
Epoch 7/50 - Val Metric: 0.6077
Epoch 8/50 - Train Loss: 0.6902 - Train Metric: 0.5557
Epoch 8/50 - Val Metric: 0.6803
Epoch 9/50 - Train Loss: 0.6926 - Train Metric: 0.5188
Epoch 9/50 - Val Metric: 0.6835
Epoch 10/50 - Train Loss: 0.6369 - Train Metric: 0.6677
Epoch 10/50 - Val Metric: 0.6789
Epoch 11/50 - Train Loss: 0.6172 - Train Metric: 0.6780
Epoch 11/50 - Val Metric: 0.6896
Epoch 12/50 - Train Loss: 0.6196 - Train Metric: 0.6812
Epoch 12/50 - Val Metric: 0.6830
Epoch 13/50 - Train Loss: 0.5991 - Train Metric: 0.7050
Epoch 13/50 - Val Metric: 0.6889
Epoch 14/50 - Train Loss: 0.5988 - Train Metric: 0.7051
Epoch 14/50 - Val Metric: 0.6950
Epoch 15/50 - Train Loss: 0.5946 - Train Metric: 0.7148
Epoch 15/50 - Val Metric: 0.7026
Epoch 16/50 - Train Loss: 0.5889 - Train Metric: 0.7336
Epoch 16/50 - Val Metric: 0.7201
Epoch 17/50 - Train Loss: 0.5844 - Train Metric: 0.7404
Epoch 17/50 - Val Metric: 0.7423
Epoch 18/50 - Train Loss: 0.5787 - Train Metric: 0.7539
Epoch 18/50 - Val Metric: 0.7404
Epoch 19/50 - Train Loss: 0.5799 - Train Metric: 0.7565
Epoch 19/50 - Val Metric: 0.7481
Epoch 20/50 - Train Loss: 0.5769 - Train Metric: 0.7590
Epoch 20/50 - Val Metric: 0.7432
Epoch 21/50 - Train Loss: 0.5768 - Train Metric: 0.7581
Epoch 21/50 - Val Metric: 0.7406
Epoch 22/50 - Train Loss: 0.5741 - Train Metric: 0.7616
Epoch 22/50 - Val Metric: 0.7463
Epoch 23/50 - Train Loss: 0.5723 - Train Metric: 0.7645
Epoch 23/50 - Val Metric: 0.7477
Epoch 24/50 - Train Loss: 0.5737 - Train Metric: 0.7621
Epoch 24/50 - Val Metric: 0.7476
Epoch 25/50 - Train Loss: 0.5688 - Train Metric: 0.7691
Epoch 25/50 - Val Metric: 0.7487
Epoch 26/50 - Train Loss: 0.5696 - Train Metric: 0.7679
Epoch 26/50 - Val Metric: 0.7465
Epoch 27/50 - Train Loss: 0.5688 - Train Metric: 0.7691
Epoch 27/50 - Val Metric: 0.7499
Epoch 28/50 - Train Loss: 0.5686 - Train Metric: 0.7695
Epoch 28/50 - Val Metric: 0.7467
Epoch 29/50 - Train Loss: 0.5723 - Train Metric: 0.7651
Epoch 29/50 - Val Metric: 0.7495
Epoch 30/50 - Train Loss: 0.5753 - Train Metric: 0.7633
Epoch 30/50 - Val Metric: 0.7503
Epoch 31/50 - Train Loss: 0.5729 - Train Metric: 0.7654
Epoch 31/50 - Val Metric: 0.7482
Epoch 32/50 - Train Loss: 0.5710 - Train Metric: 0.7676
Epoch 32/50 - Val Metric: 0.7479
Epoch 33/50 - Train Loss: 0.5701 - Train Metric: 0.7672
Epoch 33/50 - Val Metric: 0.7489
Epoch 34/50 - Train Loss: 0.5690 - Train Metric: 0.7684
Epoch 34/50 - Val Metric: 0.7460
Epoch 35/50 - Train Loss: 0.5672 - Train Metric: 0.7716
Epoch 35/50 - Val Metric: 0.7473
Epoch 36/50 - Train Loss: 0.5679 - Train Metric: 0.7698
Epoch 36/50 - Val Metric: 0.7474
Epoch 37/50 - Train Loss: 0.5716 - Train Metric: 0.7667
Epoch 37/50 - Val Metric: 0.7496
Epoch 38/50 - Train Loss: 0.5691 - Train Metric: 0.7702
Epoch 38/50 - Val Metric: 0.7486
Epoch 39/50 - Train Loss: 0.5660 - Train Metric: 0.7718
Epoch 39/50 - Val Metric: 0.7471
Epoch 40/50 - Train Loss: 0.5662 - Train Metric: 0.7721
Epoch 40/50 - Val Metric: 0.7463
Epoch 41/50 - Train Loss: 0.5662 - Train Metric: 0.7720
Epoch 41/50 - Val Metric: 0.7484
Epoch 42/50 - Train Loss: 0.5672 - Train Metric: 0.7723
Epoch 42/50 - Val Metric: 0.7470
Epoch 43/50 - Train Loss: 0.5660 - Train Metric: 0.7725
Epoch 43/50 - Val Metric: 0.7438
Epoch 44/50 - Train Loss: 0.5676 - Train Metric: 0.7710
Epoch 44/50 - Val Metric: 0.7483
Epoch 45/50 - Train Loss: 0.5694 - Train Metric: 0.7684
Epoch 45/50 - Val Metric: 0.7469
Epoch 46/50 - Train Loss: 0.5654 - Train Metric: 0.7740
Epoch 46/50 - Val Metric: 0.7476
Epoch 47/50 - Train Loss: 0.5667 - Train Metric: 0.7722
Epoch 47/50 - Val Metric: 0.7492
Epoch 48/50 - Train Loss: 0.5658 - Train Metric: 0.7724
Epoch 48/50 - Val Metric: 0.7429
Epoch 49/50 - Train Loss: 0.5741 - Train Metric: 0.7656
Epoch 49/50 - Val Metric: 0.7318
Epoch 50/50 - Train Loss: 0.5784 - Train Metric: 0.7600
Epoch 50/50 - Val Metric: 0.7438
Best val: 0.7503, Best test: 0.7796
Training set has 10617 instances
Validation set has 1327 instances
Test set has 1328 instances
Epoch 1/50 - Train Loss: 0.6921 - Train Metric: 0.5141
Epoch 1/50 - Val Metric: 0.6452
Epoch 2/50 - Train Loss: 0.6903 - Train Metric: 0.5438
Epoch 2/50 - Val Metric: 0.6479
Epoch 3/50 - Train Loss: 0.6853 - Train Metric: 0.5744
Epoch 3/50 - Val Metric: 0.6509
Epoch 4/50 - Train Loss: 0.6642 - Train Metric: 0.6353
Epoch 4/50 - Val Metric: 0.7079
Epoch 5/50 - Train Loss: 0.6376 - Train Metric: 0.6776
Epoch 5/50 - Val Metric: 0.7041
Epoch 6/50 - Train Loss: 0.6227 - Train Metric: 0.6877
Epoch 6/50 - Val Metric: 0.7122
Epoch 7/50 - Train Loss: 0.6159 - Train Metric: 0.6966
Epoch 7/50 - Val Metric: 0.7161
Epoch 8/50 - Train Loss: 0.6118 - Train Metric: 0.6991
Epoch 8/50 - Val Metric: 0.7223
Epoch 9/50 - Train Loss: 0.6050 - Train Metric: 0.7037
Epoch 9/50 - Val Metric: 0.7277
Epoch 10/50 - Train Loss: 0.6082 - Train Metric: 0.7033
Epoch 10/50 - Val Metric: 0.7313
Epoch 11/50 - Train Loss: 0.6006 - Train Metric: 0.7105
Epoch 11/50 - Val Metric: 0.7315
Epoch 12/50 - Train Loss: 0.5992 - Train Metric: 0.7099
Epoch 12/50 - Val Metric: 0.7359
Epoch 13/50 - Train Loss: 0.5982 - Train Metric: 0.7129
Epoch 13/50 - Val Metric: 0.7355
Epoch 14/50 - Train Loss: 0.5952 - Train Metric: 0.7200
Epoch 14/50 - Val Metric: 0.7342
Epoch 15/50 - Train Loss: 0.5967 - Train Metric: 0.7183
Epoch 15/50 - Val Metric: 0.7317
Epoch 16/50 - Train Loss: 0.5985 - Train Metric: 0.7152
Epoch 16/50 - Val Metric: 0.7423
Epoch 17/50 - Train Loss: 0.5933 - Train Metric: 0.7238
Epoch 17/50 - Val Metric: 0.7369
Epoch 18/50 - Train Loss: 0.5960 - Train Metric: 0.7204
Epoch 18/50 - Val Metric: 0.7435
Epoch 19/50 - Train Loss: 0.5916 - Train Metric: 0.7277
Epoch 19/50 - Val Metric: 0.7345
Epoch 20/50 - Train Loss: 0.5938 - Train Metric: 0.7234
Epoch 20/50 - Val Metric: 0.7419
Epoch 21/50 - Train Loss: 0.5945 - Train Metric: 0.7274
Epoch 21/50 - Val Metric: 0.7433
Epoch 22/50 - Train Loss: 0.5894 - Train Metric: 0.7362
Epoch 22/50 - Val Metric: 0.7460
Epoch 23/50 - Train Loss: 0.5889 - Train Metric: 0.7362
Epoch 23/50 - Val Metric: 0.7493
Epoch 24/50 - Train Loss: 0.5869 - Train Metric: 0.7407
Epoch 24/50 - Val Metric: 0.7429
Epoch 25/50 - Train Loss: 0.5882 - Train Metric: 0.7400
Epoch 25/50 - Val Metric: 0.7500
Epoch 26/50 - Train Loss: 0.5885 - Train Metric: 0.7389
Epoch 26/50 - Val Metric: 0.7354
Epoch 27/50 - Train Loss: 0.5846 - Train Metric: 0.7463
Epoch 27/50 - Val Metric: 0.7548
Epoch 28/50 - Train Loss: 0.5855 - Train Metric: 0.7444
Epoch 28/50 - Val Metric: 0.7560
Epoch 29/50 - Train Loss: 0.5816 - Train Metric: 0.7534
Epoch 29/50 - Val Metric: 0.7538
Epoch 30/50 - Train Loss: 0.5808 - Train Metric: 0.7534
Epoch 30/50 - Val Metric: 0.7523
Epoch 31/50 - Train Loss: 0.5821 - Train Metric: 0.7501
Epoch 31/50 - Val Metric: 0.7539
Epoch 32/50 - Train Loss: 0.5810 - Train Metric: 0.7527
Epoch 32/50 - Val Metric: 0.7484
Epoch 33/50 - Train Loss: 0.5777 - Train Metric: 0.7589
Epoch 33/50 - Val Metric: 0.7581
Epoch 34/50 - Train Loss: 0.5793 - Train Metric: 0.7551
Epoch 34/50 - Val Metric: 0.7501
Epoch 35/50 - Train Loss: 0.5777 - Train Metric: 0.7576
Epoch 35/50 - Val Metric: 0.7560
Epoch 36/50 - Train Loss: 0.5760 - Train Metric: 0.7605
Epoch 36/50 - Val Metric: 0.7556
Epoch 37/50 - Train Loss: 0.5779 - Train Metric: 0.7572
Epoch 37/50 - Val Metric: 0.7533
Epoch 38/50 - Train Loss: 0.5784 - Train Metric: 0.7558
Epoch 38/50 - Val Metric: 0.7519
Epoch 39/50 - Train Loss: 0.5757 - Train Metric: 0.7613
Epoch 39/50 - Val Metric: 0.7546
Epoch 40/50 - Train Loss: 0.5760 - Train Metric: 0.7610
Epoch 40/50 - Val Metric: 0.7564
Epoch 41/50 - Train Loss: 0.5778 - Train Metric: 0.7571
Epoch 41/50 - Val Metric: 0.7534
Epoch 42/50 - Train Loss: 0.5771 - Train Metric: 0.7585
Epoch 42/50 - Val Metric: 0.7506
Epoch 43/50 - Train Loss: 0.5760 - Train Metric: 0.7608
Epoch 43/50 - Val Metric: 0.7528
Epoch 44/50 - Train Loss: 0.5751 - Train Metric: 0.7615
Epoch 44/50 - Val Metric: 0.7537
Epoch 45/50 - Train Loss: 0.5747 - Train Metric: 0.7624
Epoch 45/50 - Val Metric: 0.7516
Epoch 46/50 - Train Loss: 0.5753 - Train Metric: 0.7611
Epoch 46/50 - Val Metric: 0.7564
Epoch 47/50 - Train Loss: 0.5739 - Train Metric: 0.7629
Epoch 47/50 - Val Metric: 0.7555
Epoch 48/50 - Train Loss: 0.5757 - Train Metric: 0.7608
Epoch 48/50 - Val Metric: 0.7571
Epoch 49/50 - Train Loss: 0.5751 - Train Metric: 0.7611
Epoch 49/50 - Val Metric: 0.7491
Epoch 50/50 - Train Loss: 0.5737 - Train Metric: 0.7637
Epoch 50/50 - Val Metric: 0.7580
Best val: 0.7581, Best test: 0.7893
Training set has 10617 instances
Validation set has 1327 instances
Test set has 1328 instances
Training set has 10617 instances
Validation set has 1327 instances
Test set has 1328 instances
Training set has 10617 instances
Validation set has 1327 instances
Test set has 1328 instances
Epoch 1/50 - Train Loss: 0.7116 - Train Metric: 0.4976
Epoch 1/50 - Val Metric: 0.6290
Training set has 10617 instances
Validation set has 1327 instances
Test set has 1328 instances
Training set has 10617 instances
Validation set has 1327 instances
Test set has 1328 instances
Training set has 10617 instances
Validation set has 1327 instances
Test set has 1328 instances
Epoch 1/50 - Train Loss: 0.6932 - Train Metric: 0.5088
Epoch 1/50 - Val Metric: 0.6444
Epoch 2/50 - Train Loss: 0.6696 - Train Metric: 0.6229
Epoch 2/50 - Val Metric: 0.7304
Epoch 3/50 - Train Loss: 0.6392 - Train Metric: 0.6683
Epoch 3/50 - Val Metric: 0.7388
Epoch 4/50 - Train Loss: 0.6200 - Train Metric: 0.6887
Epoch 4/50 - Val Metric: 0.7425
Epoch 5/50 - Train Loss: 0.6067 - Train Metric: 0.7041
Epoch 5/50 - Val Metric: 0.7419
Epoch 6/50 - Train Loss: 0.6085 - Train Metric: 0.6999
Epoch 6/50 - Val Metric: 0.7287
Epoch 7/50 - Train Loss: 0.6053 - Train Metric: 0.7035
Epoch 7/50 - Val Metric: 0.7568
Epoch 8/50 - Train Loss: 0.5968 - Train Metric: 0.7155
Epoch 8/50 - Val Metric: 0.7494
Epoch 9/50 - Train Loss: 0.5964 - Train Metric: 0.7182
Epoch 9/50 - Val Metric: 0.7451
Epoch 10/50 - Train Loss: 0.5955 - Train Metric: 0.7190
Epoch 10/50 - Val Metric: 0.7574
Epoch 11/50 - Train Loss: 0.5935 - Train Metric: 0.7240
Epoch 11/50 - Val Metric: 0.7474
Epoch 12/50 - Train Loss: 0.5990 - Train Metric: 0.7141
Epoch 12/50 - Val Metric: 0.7601
Epoch 13/50 - Train Loss: 0.5923 - Train Metric: 0.7277
Epoch 13/50 - Val Metric: 0.7668
Epoch 14/50 - Train Loss: 0.5985 - Train Metric: 0.7156
Epoch 14/50 - Val Metric: 0.7662
Epoch 15/50 - Train Loss: 0.5919 - Train Metric: 0.7265
Epoch 15/50 - Val Metric: 0.7560
Epoch 16/50 - Train Loss: 0.5890 - Train Metric: 0.7345
Epoch 16/50 - Val Metric: 0.7633
Epoch 17/50 - Train Loss: 0.5905 - Train Metric: 0.7328
Epoch 17/50 - Val Metric: 0.7623
Epoch 18/50 - Train Loss: 0.5855 - Train Metric: 0.7449
Epoch 18/50 - Val Metric: 0.7826
Epoch 19/50 - Train Loss: 0.5872 - Train Metric: 0.7419
Epoch 19/50 - Val Metric: 0.7748
Epoch 20/50 - Train Loss: 0.5830 - Train Metric: 0.7485
Epoch 20/50 - Val Metric: 0.7792
Epoch 21/50 - Train Loss: 0.5819 - Train Metric: 0.7493
Epoch 21/50 - Val Metric: 0.7797
Epoch 22/50 - Train Loss: 0.5798 - Train Metric: 0.7532
Epoch 22/50 - Val Metric: 0.7887
Epoch 23/50 - Train Loss: 0.5782 - Train Metric: 0.7560
Epoch 23/50 - Val Metric: 0.7899
Epoch 24/50 - Train Loss: 0.5774 - Train Metric: 0.7583
Epoch 24/50 - Val Metric: 0.7898
Epoch 25/50 - Train Loss: 0.5778 - Train Metric: 0.7568
Epoch 25/50 - Val Metric: 0.7784
Epoch 26/50 - Train Loss: 0.5757 - Train Metric: 0.7609
Epoch 26/50 - Val Metric: 0.7885
Epoch 27/50 - Train Loss: 0.5781 - Train Metric: 0.7561
Epoch 27/50 - Val Metric: 0.7850
Epoch 28/50 - Train Loss: 0.5760 - Train Metric: 0.7596
Epoch 28/50 - Val Metric: 0.7858
Epoch 29/50 - Train Loss: 0.5768 - Train Metric: 0.7586
Epoch 29/50 - Val Metric: 0.7936
Epoch 30/50 - Train Loss: 0.5743 - Train Metric: 0.7614
Epoch 30/50 - Val Metric: 0.7841
Epoch 31/50 - Train Loss: 0.5742 - Train Metric: 0.7620
Epoch 31/50 - Val Metric: 0.7966
Epoch 32/50 - Train Loss: 0.5745 - Train Metric: 0.7617
Epoch 32/50 - Val Metric: 0.7953
Epoch 33/50 - Train Loss: 0.5751 - Train Metric: 0.7610
Epoch 33/50 - Val Metric: 0.7887
Epoch 34/50 - Train Loss: 0.5737 - Train Metric: 0.7623
Epoch 34/50 - Val Metric: 0.7886
Epoch 35/50 - Train Loss: 0.5730 - Train Metric: 0.7640
Epoch 35/50 - Val Metric: 0.7888
Epoch 36/50 - Train Loss: 0.5719 - Train Metric: 0.7654
Epoch 36/50 - Val Metric: 0.7959
Epoch 37/50 - Train Loss: 0.5712 - Train Metric: 0.7664
Epoch 37/50 - Val Metric: 0.7960
Epoch 38/50 - Train Loss: 0.5728 - Train Metric: 0.7637
Epoch 38/50 - Val Metric: 0.7989
Epoch 39/50 - Train Loss: 0.5725 - Train Metric: 0.7640
Epoch 39/50 - Val Metric: 0.7932
Epoch 40/50 - Train Loss: 0.5707 - Train Metric: 0.7671
Epoch 40/50 - Val Metric: 0.7917
Epoch 41/50 - Train Loss: 0.5718 - Train Metric: 0.7648
Epoch 41/50 - Val Metric: 0.7904
Epoch 42/50 - Train Loss: 0.5704 - Train Metric: 0.7670
Epoch 42/50 - Val Metric: 0.7924
Epoch 43/50 - Train Loss: 0.5692 - Train Metric: 0.7689
Epoch 43/50 - Val Metric: 0.7918
Epoch 44/50 - Train Loss: 0.5712 - Train Metric: 0.7664
Epoch 44/50 - Val Metric: 0.7933
Epoch 45/50 - Train Loss: 0.5714 - Train Metric: 0.7665
Epoch 45/50 - Val Metric: 0.7914
Epoch 46/50 - Train Loss: 0.5694 - Train Metric: 0.7689
Epoch 46/50 - Val Metric: 0.7971
Epoch 47/50 - Train Loss: 0.5720 - Train Metric: 0.7655
Epoch 47/50 - Val Metric: 0.7953
Epoch 48/50 - Train Loss: 0.5720 - Train Metric: 0.7659
Epoch 48/50 - Val Metric: 0.7991
Epoch 49/50 - Train Loss: 0.5691 - Train Metric: 0.7693
Epoch 49/50 - Val Metric: 0.7895
Epoch 50/50 - Train Loss: 0.5699 - Train Metric: 0.7681
Epoch 50/50 - Val Metric: 0.7993
Best val: 0.7993, Best test: 0.7563
Training set has 10617 instances
Validation set has 1327 instances
Test set has 1328 instances
Training set has 10617 instances
Validation set has 1327 instances
Test set has 1328 instances
Epoch 1/50 - Train Loss: 0.6949 - Train Metric: 0.5109
Epoch 1/50 - Val Metric: 0.6413
Epoch 2/50 - Train Loss: 0.6909 - Train Metric: 0.5381
Epoch 2/50 - Val Metric: 0.6394
Epoch 3/50 - Train Loss: 0.6541 - Train Metric: 0.6475
Epoch 3/50 - Val Metric: 0.7306
Epoch 4/50 - Train Loss: 0.6143 - Train Metric: 0.6925
Epoch 4/50 - Val Metric: 0.7446
Epoch 5/50 - Train Loss: 0.6035 - Train Metric: 0.7049
Epoch 5/50 - Val Metric: 0.7454
Epoch 6/50 - Train Loss: 0.6035 - Train Metric: 0.7048
Epoch 6/50 - Val Metric: 0.7476
Epoch 7/50 - Train Loss: 0.5991 - Train Metric: 0.7123
Epoch 7/50 - Val Metric: 0.7580
Epoch 8/50 - Train Loss: 0.5983 - Train Metric: 0.7133
Epoch 8/50 - Val Metric: 0.7582
Epoch 9/50 - Train Loss: 0.5957 - Train Metric: 0.7220
Epoch 9/50 - Val Metric: 0.7674
Epoch 10/50 - Train Loss: 0.5941 - Train Metric: 0.7261
Epoch 10/50 - Val Metric: 0.7654
Epoch 11/50 - Train Loss: 0.5917 - Train Metric: 0.7309
Epoch 11/50 - Val Metric: 0.7753
Epoch 12/50 - Train Loss: 0.5931 - Train Metric: 0.7281
Epoch 12/50 - Val Metric: 0.7123
Epoch 13/50 - Train Loss: 0.5884 - Train Metric: 0.7378
Epoch 13/50 - Val Metric: 0.7836
Epoch 14/50 - Train Loss: 0.5899 - Train Metric: 0.7369
Epoch 14/50 - Val Metric: 0.7749
Epoch 15/50 - Train Loss: 0.5872 - Train Metric: 0.7410
Epoch 15/50 - Val Metric: 0.7622
Epoch 16/50 - Train Loss: 0.5830 - Train Metric: 0.7504
Epoch 16/50 - Val Metric: 0.7864
Epoch 17/50 - Train Loss: 0.5837 - Train Metric: 0.7475
Epoch 17/50 - Val Metric: 0.7791
Epoch 18/50 - Train Loss: 0.5824 - Train Metric: 0.7510
Epoch 18/50 - Val Metric: 0.7704
Epoch 19/50 - Train Loss: 0.5793 - Train Metric: 0.7552
Epoch 19/50 - Val Metric: 0.7919
Epoch 20/50 - Train Loss: 0.5788 - Train Metric: 0.7564
Epoch 20/50 - Val Metric: 0.7904
Epoch 21/50 - Train Loss: 0.5799 - Train Metric: 0.7544
Epoch 21/50 - Val Metric: 0.7840
Epoch 22/50 - Train Loss: 0.5806 - Train Metric: 0.7528
Epoch 22/50 - Val Metric: 0.7934
Epoch 23/50 - Train Loss: 0.5772 - Train Metric: 0.7588
Epoch 23/50 - Val Metric: 0.7859
Epoch 24/50 - Train Loss: 0.5801 - Train Metric: 0.7531
Epoch 24/50 - Val Metric: 0.7860
Epoch 25/50 - Train Loss: 0.5777 - Train Metric: 0.7571
Epoch 25/50 - Val Metric: 0.7748
Epoch 26/50 - Train Loss: 0.5792 - Train Metric: 0.7564
Epoch 26/50 - Val Metric: 0.7893
Epoch 27/50 - Train Loss: 0.5764 - Train Metric: 0.7606
Epoch 27/50 - Val Metric: 0.7913
Epoch 28/50 - Train Loss: 0.5765 - Train Metric: 0.7605
Epoch 28/50 - Val Metric: 0.7878
Epoch 29/50 - Train Loss: 0.5768 - Train Metric: 0.7586
Epoch 29/50 - Val Metric: 0.7958
Epoch 30/50 - Train Loss: 0.5748 - Train Metric: 0.7623
Epoch 30/50 - Val Metric: 0.7861
Epoch 31/50 - Train Loss: 0.5749 - Train Metric: 0.7615
Epoch 31/50 - Val Metric: 0.7937
Epoch 32/50 - Train Loss: 0.5750 - Train Metric: 0.7618
Epoch 32/50 - Val Metric: 0.7934
Epoch 33/50 - Train Loss: 0.5749 - Train Metric: 0.7618
Epoch 33/50 - Val Metric: 0.7950
Epoch 34/50 - Train Loss: 0.5724 - Train Metric: 0.7653
Epoch 34/50 - Val Metric: 0.7932
Epoch 35/50 - Train Loss: 0.5727 - Train Metric: 0.7660
Epoch 35/50 - Val Metric: 0.7971
Epoch 36/50 - Train Loss: 0.5731 - Train Metric: 0.7647
Epoch 36/50 - Val Metric: 0.7953
Epoch 37/50 - Train Loss: 0.5732 - Train Metric: 0.7640
Epoch 37/50 - Val Metric: 0.7914
Epoch 38/50 - Train Loss: 0.5739 - Train Metric: 0.7637
Epoch 38/50 - Val Metric: 0.7884
Epoch 39/50 - Train Loss: 0.5715 - Train Metric: 0.7672
Epoch 39/50 - Val Metric: 0.7977
Epoch 40/50 - Train Loss: 0.5724 - Train Metric: 0.7659
Epoch 40/50 - Val Metric: 0.7981
Epoch 41/50 - Train Loss: 0.5717 - Train Metric: 0.7660
Epoch 41/50 - Val Metric: 0.7976
Epoch 42/50 - Train Loss: 0.5721 - Train Metric: 0.7661
Epoch 42/50 - Val Metric: 0.7981
Epoch 43/50 - Train Loss: 0.5729 - Train Metric: 0.7645
Epoch 43/50 - Val Metric: 0.7969
Epoch 44/50 - Train Loss: 0.5715 - Train Metric: 0.7666
Epoch 44/50 - Val Metric: 0.7982
Epoch 45/50 - Train Loss: 0.5717 - Train Metric: 0.7669
Epoch 45/50 - Val Metric: 0.7970
Epoch 46/50 - Train Loss: 0.5718 - Train Metric: 0.7663
Epoch 46/50 - Val Metric: 0.7986
Epoch 47/50 - Train Loss: 0.5714 - Train Metric: 0.7672
Epoch 47/50 - Val Metric: 0.7949
Epoch 48/50 - Train Loss: 0.5704 - Train Metric: 0.7683
Epoch 48/50 - Val Metric: 0.7997
Epoch 49/50 - Train Loss: 0.5707 - Train Metric: 0.7680
Epoch 49/50 - Val Metric: 0.7984
Epoch 50/50 - Train Loss: 0.5705 - Train Metric: 0.7681
Epoch 50/50 - Val Metric: 0.7977
Best val: 0.7997, Best test: 0.7645
Training set has 10617 instances
Validation set has 1327 instances
Test set has 1328 instances
Epoch 1/50 - Train Loss: 0.6984 - Train Metric: 0.4993
Epoch 1/50 - Val Metric: 0.6387
Epoch 2/50 - Train Loss: 0.6943 - Train Metric: 0.5119
Epoch 2/50 - Val Metric: 0.6329
Training set has 10617 instances
Validation set has 1327 instances
Test set has 1328 instances
Training set has 10617 instances
Validation set has 1327 instances
Test set has 1328 instances
Epoch 1/50 - Train Loss: 0.6934 - Train Metric: 0.5159
Epoch 1/50 - Val Metric: 0.6338
Epoch 2/50 - Train Loss: 0.6771 - Train Metric: 0.6022
Epoch 2/50 - Val Metric: 0.7158
Epoch 3/50 - Train Loss: 0.6162 - Train Metric: 0.6924
Epoch 3/50 - Val Metric: 0.7196
Epoch 4/50 - Train Loss: 0.6062 - Train Metric: 0.7004
Epoch 4/50 - Val Metric: 0.7101
Epoch 5/50 - Train Loss: 0.6125 - Train Metric: 0.6953
Epoch 5/50 - Val Metric: 0.7265
Epoch 6/50 - Train Loss: 0.5970 - Train Metric: 0.7094
Epoch 6/50 - Val Metric: 0.7267
Epoch 7/50 - Train Loss: 0.5972 - Train Metric: 0.7129
Epoch 7/50 - Val Metric: 0.7279
Epoch 8/50 - Train Loss: 0.5934 - Train Metric: 0.7147
Epoch 8/50 - Val Metric: 0.7305
Epoch 9/50 - Train Loss: 0.5916 - Train Metric: 0.7195
Epoch 9/50 - Val Metric: 0.7287
Training set has 10617 instances
Validation set has 1327 instances
Test set has 1328 instances
Training set has 10617 instances
Validation set has 1327 instances
Test set has 1328 instances
Training set has 10617 instances
Validation set has 1327 instances
Test set has 1328 instances
Training set has 10617 instances
Validation set has 1327 instances
Test set has 1328 instances
Epoch 1/50 - Train Loss: 0.6974 - Train Metric: 0.4996
Epoch 1/50 - Val Metric: 0.6392
Epoch 2/50 - Train Loss: 0.6907 - Train Metric: 0.5384
Epoch 2/50 - Val Metric: 0.6331
Epoch 3/50 - Train Loss: 0.6729 - Train Metric: 0.6095
Epoch 3/50 - Val Metric: 0.6949
Hyper-parameter search done. Found the best config.
Repeat experiments 5 times with the best train config {'batch_size': 128, 'gamma_rate': 0.95, 'base_lr': 0.0001} and model config {'num_heads': 8, 'num_layers': 6, 'num_latents': 16, 'hidden_dim': 64, 'mlp_ratio': 0.25, 'dropout_prob': 0, 'top_k': 5}.
Training set has 10617 instances
Validation set has 1327 instances
Test set has 1328 instances
Epoch 1/50 - Train Loss: 0.6941 - Train Metric: 0.5031
Epoch 1/50 - Val Metric: 0.6234
Epoch 2/50 - Train Loss: 0.6894 - Train Metric: 0.5378
Epoch 2/50 - Val Metric: 0.5721
Epoch 3/50 - Train Loss: 0.6602 - Train Metric: 0.6413
Epoch 3/50 - Val Metric: 0.6934
Epoch 4/50 - Train Loss: 0.6194 - Train Metric: 0.6919
Epoch 4/50 - Val Metric: 0.6914
Epoch 5/50 - Train Loss: 0.6057 - Train Metric: 0.7007
Epoch 5/50 - Val Metric: 0.6951
Epoch 6/50 - Train Loss: 0.6010 - Train Metric: 0.7073
Epoch 6/50 - Val Metric: 0.7010
Epoch 7/50 - Train Loss: 0.6046 - Train Metric: 0.7084
Epoch 7/50 - Val Metric: 0.7051
Epoch 8/50 - Train Loss: 0.6025 - Train Metric: 0.7066
Epoch 8/50 - Val Metric: 0.7044
Epoch 9/50 - Train Loss: 0.5947 - Train Metric: 0.7188
Epoch 9/50 - Val Metric: 0.7126
Epoch 10/50 - Train Loss: 0.5936 - Train Metric: 0.7198
Epoch 10/50 - Val Metric: 0.7090
Epoch 11/50 - Train Loss: 0.5945 - Train Metric: 0.7189
Epoch 11/50 - Val Metric: 0.7173
Epoch 12/50 - Train Loss: 0.5943 - Train Metric: 0.7177
Epoch 12/50 - Val Metric: 0.7165
Epoch 13/50 - Train Loss: 0.5919 - Train Metric: 0.7213
Epoch 13/50 - Val Metric: 0.7286
Epoch 14/50 - Train Loss: 0.5897 - Train Metric: 0.7270
Epoch 14/50 - Val Metric: 0.7323
Epoch 15/50 - Train Loss: 0.5899 - Train Metric: 0.7279
Epoch 15/50 - Val Metric: 0.7310
Epoch 16/50 - Train Loss: 0.5913 - Train Metric: 0.7243
Epoch 16/50 - Val Metric: 0.7352
Epoch 17/50 - Train Loss: 0.5911 - Train Metric: 0.7237
Epoch 17/50 - Val Metric: 0.7307
Epoch 18/50 - Train Loss: 0.5884 - Train Metric: 0.7306
Epoch 18/50 - Val Metric: 0.7363
Epoch 19/50 - Train Loss: 0.5855 - Train Metric: 0.7371
Epoch 19/50 - Val Metric: 0.7437
Epoch 20/50 - Train Loss: 0.5872 - Train Metric: 0.7355
Epoch 20/50 - Val Metric: 0.7388
Epoch 21/50 - Train Loss: 0.5825 - Train Metric: 0.7452
Epoch 21/50 - Val Metric: 0.7319
Epoch 22/50 - Train Loss: 0.5810 - Train Metric: 0.7482
Epoch 22/50 - Val Metric: 0.7511
Epoch 23/50 - Train Loss: 0.5815 - Train Metric: 0.7468
Epoch 23/50 - Val Metric: 0.7558
Epoch 24/50 - Train Loss: 0.5766 - Train Metric: 0.7568
Epoch 24/50 - Val Metric: 0.7572
Epoch 25/50 - Train Loss: 0.5738 - Train Metric: 0.7609
Epoch 25/50 - Val Metric: 0.7572
Epoch 26/50 - Train Loss: 0.5757 - Train Metric: 0.7580
Epoch 26/50 - Val Metric: 0.7572
Epoch 27/50 - Train Loss: 0.5743 - Train Metric: 0.7604
Epoch 27/50 - Val Metric: 0.7592
Epoch 28/50 - Train Loss: 0.5726 - Train Metric: 0.7627
Epoch 28/50 - Val Metric: 0.7574
Epoch 29/50 - Train Loss: 0.5717 - Train Metric: 0.7629
Epoch 29/50 - Val Metric: 0.7592
Epoch 30/50 - Train Loss: 0.5732 - Train Metric: 0.7607
Epoch 30/50 - Val Metric: 0.7484
Epoch 31/50 - Train Loss: 0.5713 - Train Metric: 0.7641
Epoch 31/50 - Val Metric: 0.7559
Epoch 32/50 - Train Loss: 0.5686 - Train Metric: 0.7674
Epoch 32/50 - Val Metric: 0.7593
Epoch 33/50 - Train Loss: 0.5705 - Train Metric: 0.7655
Epoch 33/50 - Val Metric: 0.7581
Epoch 34/50 - Train Loss: 0.5687 - Train Metric: 0.7684
Epoch 34/50 - Val Metric: 0.7545
Epoch 35/50 - Train Loss: 0.5677 - Train Metric: 0.7689
Epoch 35/50 - Val Metric: 0.7560
Epoch 36/50 - Train Loss: 0.5675 - Train Metric: 0.7690
Epoch 36/50 - Val Metric: 0.7559
Epoch 37/50 - Train Loss: 0.5696 - Train Metric: 0.7666
Epoch 37/50 - Val Metric: 0.7538
Epoch 38/50 - Train Loss: 0.5689 - Train Metric: 0.7671
Epoch 38/50 - Val Metric: 0.7577
Epoch 39/50 - Train Loss: 0.5660 - Train Metric: 0.7714
Epoch 39/50 - Val Metric: 0.7591
Epoch 40/50 - Train Loss: 0.5659 - Train Metric: 0.7714
Epoch 40/50 - Val Metric: 0.7580
Epoch 41/50 - Train Loss: 0.5666 - Train Metric: 0.7708
Epoch 41/50 - Val Metric: 0.7570
Epoch 42/50 - Train Loss: 0.5674 - Train Metric: 0.7691
Epoch 42/50 - Val Metric: 0.7572
Epoch 43/50 - Train Loss: 0.5673 - Train Metric: 0.7704
Epoch 43/50 - Val Metric: 0.7561
Epoch 44/50 - Train Loss: 0.5693 - Train Metric: 0.7665
Epoch 44/50 - Val Metric: 0.7587
Epoch 45/50 - Train Loss: 0.5664 - Train Metric: 0.7709
Epoch 45/50 - Val Metric: 0.7561
Epoch 46/50 - Train Loss: 0.5677 - Train Metric: 0.7693
Epoch 46/50 - Val Metric: 0.7566
Epoch 47/50 - Train Loss: 0.5671 - Train Metric: 0.7702
Epoch 47/50 - Val Metric: 0.7570
Epoch 48/50 - Train Loss: 0.5645 - Train Metric: 0.7740
Epoch 48/50 - Val Metric: 0.7607
Epoch 49/50 - Train Loss: 0.5649 - Train Metric: 0.7731
Epoch 49/50 - Val Metric: 0.7600
Epoch 50/50 - Train Loss: 0.5657 - Train Metric: 0.7719
Epoch 50/50 - Val Metric: 0.7588
Best val: 0.7607, Best test: 0.7767
Training set has 10617 instances
Validation set has 1327 instances
Test set has 1328 instances
Epoch 1/50 - Train Loss: 0.6931 - Train Metric: 0.5161
Epoch 1/50 - Val Metric: 0.6350
Epoch 2/50 - Train Loss: 0.6857 - Train Metric: 0.5661
Epoch 2/50 - Val Metric: 0.6590
Epoch 3/50 - Train Loss: 0.6286 - Train Metric: 0.6864
Epoch 3/50 - Val Metric: 0.6901
Epoch 4/50 - Train Loss: 0.6111 - Train Metric: 0.7034
Epoch 4/50 - Val Metric: 0.7016
Epoch 5/50 - Train Loss: 0.6004 - Train Metric: 0.7149
Epoch 5/50 - Val Metric: 0.7063
Epoch 6/50 - Train Loss: 0.5961 - Train Metric: 0.7147
Epoch 6/50 - Val Metric: 0.7006
Epoch 7/50 - Train Loss: 0.5982 - Train Metric: 0.7103
Epoch 7/50 - Val Metric: 0.7143
Epoch 8/50 - Train Loss: 0.5933 - Train Metric: 0.7175
Epoch 8/50 - Val Metric: 0.7219
Epoch 9/50 - Train Loss: 0.5942 - Train Metric: 0.7167
Epoch 9/50 - Val Metric: 0.7195
Epoch 10/50 - Train Loss: 0.5912 - Train Metric: 0.7282
Epoch 10/50 - Val Metric: 0.7277
Epoch 11/50 - Train Loss: 0.5881 - Train Metric: 0.7307
Epoch 11/50 - Val Metric: 0.7414
Epoch 12/50 - Train Loss: 0.5840 - Train Metric: 0.7422
Epoch 12/50 - Val Metric: 0.7453
Epoch 13/50 - Train Loss: 0.5811 - Train Metric: 0.7497
Epoch 13/50 - Val Metric: 0.7477
Epoch 14/50 - Train Loss: 0.5845 - Train Metric: 0.7441
Epoch 14/50 - Val Metric: 0.7321
Epoch 15/50 - Train Loss: 0.5782 - Train Metric: 0.7545
Epoch 15/50 - Val Metric: 0.7521
Epoch 16/50 - Train Loss: 0.5744 - Train Metric: 0.7613
Epoch 16/50 - Val Metric: 0.7476
Epoch 17/50 - Train Loss: 0.5769 - Train Metric: 0.7549
Epoch 17/50 - Val Metric: 0.7460
Epoch 18/50 - Train Loss: 0.5747 - Train Metric: 0.7598
Epoch 18/50 - Val Metric: 0.7520
Epoch 19/50 - Train Loss: 0.5750 - Train Metric: 0.7588
Epoch 19/50 - Val Metric: 0.7545
Epoch 20/50 - Train Loss: 0.5719 - Train Metric: 0.7629
Epoch 20/50 - Val Metric: 0.7464
Epoch 21/50 - Train Loss: 0.5707 - Train Metric: 0.7657
Epoch 21/50 - Val Metric: 0.7393
Epoch 22/50 - Train Loss: 0.5725 - Train Metric: 0.7628
Epoch 22/50 - Val Metric: 0.7537
Epoch 23/50 - Train Loss: 0.5693 - Train Metric: 0.7678
Epoch 23/50 - Val Metric: 0.7510
Epoch 24/50 - Train Loss: 0.5712 - Train Metric: 0.7648
Epoch 24/50 - Val Metric: 0.7498
Epoch 25/50 - Train Loss: 0.5707 - Train Metric: 0.7655
Epoch 25/50 - Val Metric: 0.7522
Epoch 26/50 - Train Loss: 0.5689 - Train Metric: 0.7687
Epoch 26/50 - Val Metric: 0.7488
Epoch 27/50 - Train Loss: 0.5705 - Train Metric: 0.7657
Epoch 27/50 - Val Metric: 0.7490
Epoch 28/50 - Train Loss: 0.5724 - Train Metric: 0.7630
Epoch 28/50 - Val Metric: 0.7554
Epoch 29/50 - Train Loss: 0.5684 - Train Metric: 0.7695
Epoch 29/50 - Val Metric: 0.7510
Epoch 30/50 - Train Loss: 0.5690 - Train Metric: 0.7682
Epoch 30/50 - Val Metric: 0.7547
Epoch 31/50 - Train Loss: 0.5687 - Train Metric: 0.7679
Epoch 31/50 - Val Metric: 0.7556
Epoch 32/50 - Train Loss: 0.5680 - Train Metric: 0.7696
Epoch 32/50 - Val Metric: 0.7494
Epoch 33/50 - Train Loss: 0.5665 - Train Metric: 0.7714
Epoch 33/50 - Val Metric: 0.7532
Epoch 34/50 - Train Loss: 0.5659 - Train Metric: 0.7720
Epoch 34/50 - Val Metric: 0.7548
Epoch 35/50 - Train Loss: 0.5659 - Train Metric: 0.7720
Epoch 35/50 - Val Metric: 0.7562
Epoch 36/50 - Train Loss: 0.5665 - Train Metric: 0.7713
Epoch 36/50 - Val Metric: 0.7525
Epoch 37/50 - Train Loss: 0.5661 - Train Metric: 0.7714
Epoch 37/50 - Val Metric: 0.7524
Epoch 38/50 - Train Loss: 0.5660 - Train Metric: 0.7721
Epoch 38/50 - Val Metric: 0.7553
Epoch 39/50 - Train Loss: 0.5640 - Train Metric: 0.7742
Epoch 39/50 - Val Metric: 0.7559
Epoch 40/50 - Train Loss: 0.5648 - Train Metric: 0.7738
Epoch 40/50 - Val Metric: 0.7550
Epoch 41/50 - Train Loss: 0.5638 - Train Metric: 0.7750
Epoch 41/50 - Val Metric: 0.7542
Epoch 42/50 - Train Loss: 0.5654 - Train Metric: 0.7727
Epoch 42/50 - Val Metric: 0.7545
Epoch 43/50 - Train Loss: 0.5642 - Train Metric: 0.7743
Epoch 43/50 - Val Metric: 0.7541
Epoch 44/50 - Train Loss: 0.5635 - Train Metric: 0.7755
Epoch 44/50 - Val Metric: 0.7547
Epoch 45/50 - Train Loss: 0.5643 - Train Metric: 0.7742
Epoch 45/50 - Val Metric: 0.7515
Epoch 46/50 - Train Loss: 0.5642 - Train Metric: 0.7746
Epoch 46/50 - Val Metric: 0.7539
Epoch 47/50 - Train Loss: 0.5633 - Train Metric: 0.7755
Epoch 47/50 - Val Metric: 0.7531
Epoch 48/50 - Train Loss: 0.5642 - Train Metric: 0.7742
Epoch 48/50 - Val Metric: 0.7529
Epoch 49/50 - Train Loss: 0.5618 - Train Metric: 0.7773
Epoch 49/50 - Val Metric: 0.7539
Epoch 50/50 - Train Loss: 0.5619 - Train Metric: 0.7764
Epoch 50/50 - Val Metric: 0.7543
Best val: 0.7562, Best test: 0.7685
Training set has 10617 instances
Validation set has 1327 instances
Test set has 1328 instances
Epoch 1/50 - Train Loss: 0.6926 - Train Metric: 0.5373
Epoch 1/50 - Val Metric: 0.5871
Epoch 2/50 - Train Loss: 0.6552 - Train Metric: 0.6486
Epoch 2/50 - Val Metric: 0.6793
Epoch 3/50 - Train Loss: 0.6111 - Train Metric: 0.7035
Epoch 3/50 - Val Metric: 0.6879
Epoch 4/50 - Train Loss: 0.6141 - Train Metric: 0.6984
Epoch 4/50 - Val Metric: 0.6905
Epoch 5/50 - Train Loss: 0.6063 - Train Metric: 0.7075
Epoch 5/50 - Val Metric: 0.6957
Epoch 6/50 - Train Loss: 0.6047 - Train Metric: 0.7073
Epoch 6/50 - Val Metric: 0.6959
Epoch 7/50 - Train Loss: 0.6017 - Train Metric: 0.7106
Epoch 7/50 - Val Metric: 0.6937
Epoch 8/50 - Train Loss: 0.6024 - Train Metric: 0.7141
Epoch 8/50 - Val Metric: 0.6978
Epoch 9/50 - Train Loss: 0.5970 - Train Metric: 0.7170
Epoch 9/50 - Val Metric: 0.6997
Epoch 10/50 - Train Loss: 0.6027 - Train Metric: 0.7066
Epoch 10/50 - Val Metric: 0.7005
Epoch 11/50 - Train Loss: 0.5916 - Train Metric: 0.7221
Epoch 11/50 - Val Metric: 0.7040
Epoch 12/50 - Train Loss: 0.5967 - Train Metric: 0.7204
Epoch 12/50 - Val Metric: 0.7068
Epoch 13/50 - Train Loss: 0.5910 - Train Metric: 0.7279
Epoch 13/50 - Val Metric: 0.7159
Epoch 14/50 - Train Loss: 0.5919 - Train Metric: 0.7303
Epoch 14/50 - Val Metric: 0.7090
Epoch 15/50 - Train Loss: 0.5930 - Train Metric: 0.7276
Epoch 15/50 - Val Metric: 0.7096
Epoch 16/50 - Train Loss: 0.5893 - Train Metric: 0.7319
Epoch 16/50 - Val Metric: 0.7216
Epoch 17/50 - Train Loss: 0.5859 - Train Metric: 0.7373
Epoch 17/50 - Val Metric: 0.7160
Epoch 18/50 - Train Loss: 0.5868 - Train Metric: 0.7374
Epoch 18/50 - Val Metric: 0.7194
Epoch 19/50 - Train Loss: 0.5812 - Train Metric: 0.7490
Epoch 19/50 - Val Metric: 0.7305
Epoch 20/50 - Train Loss: 0.5783 - Train Metric: 0.7539
Epoch 20/50 - Val Metric: 0.7437
Epoch 21/50 - Train Loss: 0.5789 - Train Metric: 0.7533
Epoch 21/50 - Val Metric: 0.7334
Epoch 22/50 - Train Loss: 0.5798 - Train Metric: 0.7523
Epoch 22/50 - Val Metric: 0.7439
Epoch 23/50 - Train Loss: 0.5744 - Train Metric: 0.7597
Epoch 23/50 - Val Metric: 0.7508
Epoch 24/50 - Train Loss: 0.5760 - Train Metric: 0.7567
Epoch 24/50 - Val Metric: 0.7505
Epoch 25/50 - Train Loss: 0.5760 - Train Metric: 0.7578
Epoch 25/50 - Val Metric: 0.7476
Epoch 26/50 - Train Loss: 0.5751 - Train Metric: 0.7587
Epoch 26/50 - Val Metric: 0.7451
Epoch 27/50 - Train Loss: 0.5728 - Train Metric: 0.7625
Epoch 27/50 - Val Metric: 0.7483
Epoch 28/50 - Train Loss: 0.5723 - Train Metric: 0.7634
Epoch 28/50 - Val Metric: 0.7495
Epoch 29/50 - Train Loss: 0.5703 - Train Metric: 0.7659
Epoch 29/50 - Val Metric: 0.7519
Epoch 30/50 - Train Loss: 0.5724 - Train Metric: 0.7631
Epoch 30/50 - Val Metric: 0.7476
Epoch 31/50 - Train Loss: 0.5709 - Train Metric: 0.7657
Epoch 31/50 - Val Metric: 0.7512
Epoch 32/50 - Train Loss: 0.5706 - Train Metric: 0.7665
Epoch 32/50 - Val Metric: 0.7447
Epoch 33/50 - Train Loss: 0.5704 - Train Metric: 0.7657
Epoch 33/50 - Val Metric: 0.7510
Epoch 34/50 - Train Loss: 0.5695 - Train Metric: 0.7672
Epoch 34/50 - Val Metric: 0.7539
Epoch 35/50 - Train Loss: 0.5702 - Train Metric: 0.7664
Epoch 35/50 - Val Metric: 0.7514
Epoch 36/50 - Train Loss: 0.5697 - Train Metric: 0.7674
Epoch 36/50 - Val Metric: 0.7537
Epoch 37/50 - Train Loss: 0.5698 - Train Metric: 0.7672
Epoch 37/50 - Val Metric: 0.7534
Epoch 38/50 - Train Loss: 0.5682 - Train Metric: 0.7689
Epoch 38/50 - Val Metric: 0.7510
Epoch 39/50 - Train Loss: 0.5682 - Train Metric: 0.7697
Epoch 39/50 - Val Metric: 0.7508
Epoch 40/50 - Train Loss: 0.5684 - Train Metric: 0.7688
Epoch 40/50 - Val Metric: 0.7534
Epoch 41/50 - Train Loss: 0.5673 - Train Metric: 0.7701
Epoch 41/50 - Val Metric: 0.7535
Epoch 42/50 - Train Loss: 0.5684 - Train Metric: 0.7697
Epoch 42/50 - Val Metric: 0.7535
Epoch 43/50 - Train Loss: 0.5685 - Train Metric: 0.7684
Epoch 43/50 - Val Metric: 0.7512
Epoch 44/50 - Train Loss: 0.5690 - Train Metric: 0.7680
Epoch 44/50 - Val Metric: 0.7543
Epoch 45/50 - Train Loss: 0.5667 - Train Metric: 0.7705
Epoch 45/50 - Val Metric: 0.7506
Epoch 46/50 - Train Loss: 0.5683 - Train Metric: 0.7691
Epoch 46/50 - Val Metric: 0.7527
Epoch 47/50 - Train Loss: 0.5657 - Train Metric: 0.7719
Epoch 47/50 - Val Metric: 0.7561
Epoch 48/50 - Train Loss: 0.5678 - Train Metric: 0.7696
Epoch 48/50 - Val Metric: 0.7516
Epoch 49/50 - Train Loss: 0.5669 - Train Metric: 0.7712
Epoch 49/50 - Val Metric: 0.7529
Epoch 50/50 - Train Loss: 0.5669 - Train Metric: 0.7712
Epoch 50/50 - Val Metric: 0.7540
Best val: 0.7561, Best test: 0.7592
Training set has 10617 instances
Validation set has 1327 instances
Test set has 1328 instances
Epoch 1/50 - Train Loss: 0.6868 - Train Metric: 0.5623
Epoch 1/50 - Val Metric: 0.7017
Epoch 2/50 - Train Loss: 0.6470 - Train Metric: 0.6566
Epoch 2/50 - Val Metric: 0.7108
Epoch 3/50 - Train Loss: 0.6186 - Train Metric: 0.6879
Epoch 3/50 - Val Metric: 0.7124
Epoch 4/50 - Train Loss: 0.6221 - Train Metric: 0.6853
Epoch 4/50 - Val Metric: 0.7216
Epoch 5/50 - Train Loss: 0.6140 - Train Metric: 0.6945
Epoch 5/50 - Val Metric: 0.7282
Epoch 6/50 - Train Loss: 0.6086 - Train Metric: 0.7020
Epoch 6/50 - Val Metric: 0.7254
Epoch 7/50 - Train Loss: 0.6030 - Train Metric: 0.7181
Epoch 7/50 - Val Metric: 0.7418
Epoch 8/50 - Train Loss: 0.5961 - Train Metric: 0.7248
Epoch 8/50 - Val Metric: 0.7482
Epoch 9/50 - Train Loss: 0.5916 - Train Metric: 0.7358
Epoch 9/50 - Val Metric: 0.7532
Epoch 10/50 - Train Loss: 0.5934 - Train Metric: 0.7335
Epoch 10/50 - Val Metric: 0.7599
Epoch 11/50 - Train Loss: 0.5828 - Train Metric: 0.7505
Epoch 11/50 - Val Metric: 0.7764
Epoch 12/50 - Train Loss: 0.5841 - Train Metric: 0.7475
Epoch 12/50 - Val Metric: 0.7777
Epoch 13/50 - Train Loss: 0.5823 - Train Metric: 0.7506
Epoch 13/50 - Val Metric: 0.7558
Epoch 14/50 - Train Loss: 0.5795 - Train Metric: 0.7551
Epoch 14/50 - Val Metric: 0.7771
Epoch 15/50 - Train Loss: 0.5806 - Train Metric: 0.7548
Epoch 15/50 - Val Metric: 0.7762
Epoch 16/50 - Train Loss: 0.5790 - Train Metric: 0.7564
Epoch 16/50 - Val Metric: 0.7760
Epoch 17/50 - Train Loss: 0.5804 - Train Metric: 0.7541
Epoch 17/50 - Val Metric: 0.7791
Epoch 18/50 - Train Loss: 0.5785 - Train Metric: 0.7557
Epoch 18/50 - Val Metric: 0.7736
Epoch 19/50 - Train Loss: 0.5776 - Train Metric: 0.7570
Epoch 19/50 - Val Metric: 0.7804
Epoch 20/50 - Train Loss: 0.5755 - Train Metric: 0.7606
Epoch 20/50 - Val Metric: 0.7748
Epoch 21/50 - Train Loss: 0.5745 - Train Metric: 0.7622
Epoch 21/50 - Val Metric: 0.7744
Epoch 22/50 - Train Loss: 0.5740 - Train Metric: 0.7620
Epoch 22/50 - Val Metric: 0.7731
Epoch 23/50 - Train Loss: 0.5754 - Train Metric: 0.7610
Epoch 23/50 - Val Metric: 0.7761
Epoch 24/50 - Train Loss: 0.5751 - Train Metric: 0.7608
Epoch 24/50 - Val Metric: 0.7714
Epoch 25/50 - Train Loss: 0.5743 - Train Metric: 0.7617
Epoch 25/50 - Val Metric: 0.7792
Epoch 26/50 - Train Loss: 0.5712 - Train Metric: 0.7664
Epoch 26/50 - Val Metric: 0.7775
Epoch 27/50 - Train Loss: 0.5718 - Train Metric: 0.7664
Epoch 27/50 - Val Metric: 0.7694
Epoch 28/50 - Train Loss: 0.5700 - Train Metric: 0.7678
Epoch 28/50 - Val Metric: 0.7736
Epoch 29/50 - Train Loss: 0.5715 - Train Metric: 0.7659
Epoch 29/50 - Val Metric: 0.7787
Epoch 30/50 - Train Loss: 0.5700 - Train Metric: 0.7678
Epoch 30/50 - Val Metric: 0.7741
Epoch 31/50 - Train Loss: 0.5706 - Train Metric: 0.7676
Epoch 31/50 - Val Metric: 0.7831
Epoch 32/50 - Train Loss: 0.5721 - Train Metric: 0.7654
Epoch 32/50 - Val Metric: 0.7794
Epoch 33/50 - Train Loss: 0.5689 - Train Metric: 0.7697
Epoch 33/50 - Val Metric: 0.7797
Epoch 34/50 - Train Loss: 0.5695 - Train Metric: 0.7692
Epoch 34/50 - Val Metric: 0.7828
Epoch 35/50 - Train Loss: 0.5685 - Train Metric: 0.7700
Epoch 35/50 - Val Metric: 0.7830
Epoch 36/50 - Train Loss: 0.5682 - Train Metric: 0.7700
Epoch 36/50 - Val Metric: 0.7788
Epoch 37/50 - Train Loss: 0.5698 - Train Metric: 0.7681
Epoch 37/50 - Val Metric: 0.7771
Epoch 38/50 - Train Loss: 0.5672 - Train Metric: 0.7715
Epoch 38/50 - Val Metric: 0.7791
Epoch 39/50 - Train Loss: 0.5676 - Train Metric: 0.7710
Epoch 39/50 - Val Metric: 0.7750
Epoch 40/50 - Train Loss: 0.5685 - Train Metric: 0.7697
Epoch 40/50 - Val Metric: 0.7817
Epoch 41/50 - Train Loss: 0.5686 - Train Metric: 0.7700
Epoch 41/50 - Val Metric: 0.7790
Epoch 42/50 - Train Loss: 0.5687 - Train Metric: 0.7701
Epoch 42/50 - Val Metric: 0.7807
Epoch 43/50 - Train Loss: 0.5662 - Train Metric: 0.7723
Epoch 43/50 - Val Metric: 0.7853
Epoch 44/50 - Train Loss: 0.5656 - Train Metric: 0.7740
Epoch 44/50 - Val Metric: 0.7737
Epoch 45/50 - Train Loss: 0.5684 - Train Metric: 0.7700
Epoch 45/50 - Val Metric: 0.7826
Epoch 46/50 - Train Loss: 0.5661 - Train Metric: 0.7729
Epoch 46/50 - Val Metric: 0.7807
Epoch 47/50 - Train Loss: 0.5669 - Train Metric: 0.7711
Epoch 47/50 - Val Metric: 0.7867
Epoch 48/50 - Train Loss: 0.5668 - Train Metric: 0.7724
Epoch 48/50 - Val Metric: 0.7822
Epoch 49/50 - Train Loss: 0.5654 - Train Metric: 0.7732
Epoch 49/50 - Val Metric: 0.7788
Epoch 50/50 - Train Loss: 0.5670 - Train Metric: 0.7714
Epoch 50/50 - Val Metric: 0.7821
Best val: 0.7867, Best test: 0.7705
Training set has 10617 instances
Validation set has 1327 instances
Test set has 1328 instances
Epoch 1/50 - Train Loss: 0.6920 - Train Metric: 0.5155
Epoch 1/50 - Val Metric: 0.6324
Epoch 2/50 - Train Loss: 0.6724 - Train Metric: 0.6106
Epoch 2/50 - Val Metric: 0.7078
Epoch 3/50 - Train Loss: 0.6270 - Train Metric: 0.6857
Epoch 3/50 - Val Metric: 0.7085
Epoch 4/50 - Train Loss: 0.6166 - Train Metric: 0.6928
Epoch 4/50 - Val Metric: 0.7100
Epoch 5/50 - Train Loss: 0.6055 - Train Metric: 0.7036
Epoch 5/50 - Val Metric: 0.7165
Epoch 6/50 - Train Loss: 0.5993 - Train Metric: 0.7098
Epoch 6/50 - Val Metric: 0.7238
Epoch 7/50 - Train Loss: 0.5977 - Train Metric: 0.7108
Epoch 7/50 - Val Metric: 0.7177
Epoch 8/50 - Train Loss: 0.5949 - Train Metric: 0.7165
Epoch 8/50 - Val Metric: 0.7304
Epoch 9/50 - Train Loss: 0.6021 - Train Metric: 0.7106
Epoch 9/50 - Val Metric: 0.7290
Epoch 10/50 - Train Loss: 0.5952 - Train Metric: 0.7183
Epoch 10/50 - Val Metric: 0.7324
Epoch 11/50 - Train Loss: 0.5941 - Train Metric: 0.7169
Epoch 11/50 - Val Metric: 0.7315
Epoch 12/50 - Train Loss: 0.5911 - Train Metric: 0.7294
Epoch 12/50 - Val Metric: 0.7251
Epoch 13/50 - Train Loss: 0.5907 - Train Metric: 0.7292
Epoch 13/50 - Val Metric: 0.7435
Epoch 14/50 - Train Loss: 0.5894 - Train Metric: 0.7301
Epoch 14/50 - Val Metric: 0.7376
Epoch 15/50 - Train Loss: 0.5882 - Train Metric: 0.7375
Epoch 15/50 - Val Metric: 0.7527
Epoch 16/50 - Train Loss: 0.5880 - Train Metric: 0.7355
Epoch 16/50 - Val Metric: 0.7486
Epoch 17/50 - Train Loss: 0.5854 - Train Metric: 0.7415
Epoch 17/50 - Val Metric: 0.7435
Epoch 18/50 - Train Loss: 0.5843 - Train Metric: 0.7455
Epoch 18/50 - Val Metric: 0.7520
Epoch 19/50 - Train Loss: 0.5795 - Train Metric: 0.7554
Epoch 19/50 - Val Metric: 0.7453
Epoch 20/50 - Train Loss: 0.5769 - Train Metric: 0.7571
Epoch 20/50 - Val Metric: 0.7492
Epoch 21/50 - Train Loss: 0.5781 - Train Metric: 0.7559
Epoch 21/50 - Val Metric: 0.7494
Epoch 22/50 - Train Loss: 0.5735 - Train Metric: 0.7628
Epoch 22/50 - Val Metric: 0.7580
Epoch 23/50 - Train Loss: 0.5776 - Train Metric: 0.7553
Epoch 23/50 - Val Metric: 0.7580
Epoch 24/50 - Train Loss: 0.5749 - Train Metric: 0.7597
Epoch 24/50 - Val Metric: 0.7443
Epoch 25/50 - Train Loss: 0.5718 - Train Metric: 0.7652
Epoch 25/50 - Val Metric: 0.7557
Epoch 26/50 - Train Loss: 0.5721 - Train Metric: 0.7638
Epoch 26/50 - Val Metric: 0.7570
Epoch 27/50 - Train Loss: 0.5736 - Train Metric: 0.7623
Epoch 27/50 - Val Metric: 0.7468
Epoch 28/50 - Train Loss: 0.5724 - Train Metric: 0.7637
Epoch 28/50 - Val Metric: 0.7605
Epoch 29/50 - Train Loss: 0.5726 - Train Metric: 0.7638
Epoch 29/50 - Val Metric: 0.7524
Epoch 30/50 - Train Loss: 0.5712 - Train Metric: 0.7660
Epoch 30/50 - Val Metric: 0.7512
Epoch 31/50 - Train Loss: 0.5703 - Train Metric: 0.7668
Epoch 31/50 - Val Metric: 0.7591
Epoch 32/50 - Train Loss: 0.5700 - Train Metric: 0.7680
Epoch 32/50 - Val Metric: 0.7554
Epoch 33/50 - Train Loss: 0.5687 - Train Metric: 0.7689
Epoch 33/50 - Val Metric: 0.7587
Epoch 34/50 - Train Loss: 0.5693 - Train Metric: 0.7679
Epoch 34/50 - Val Metric: 0.7583
Epoch 35/50 - Train Loss: 0.5690 - Train Metric: 0.7689
Epoch 35/50 - Val Metric: 0.7570
Epoch 36/50 - Train Loss: 0.5702 - Train Metric: 0.7675
Epoch 36/50 - Val Metric: 0.7562
Epoch 37/50 - Train Loss: 0.5683 - Train Metric: 0.7694
Epoch 37/50 - Val Metric: 0.7601
Epoch 38/50 - Train Loss: 0.5690 - Train Metric: 0.7690
Epoch 38/50 - Val Metric: 0.7577
Epoch 39/50 - Train Loss: 0.5685 - Train Metric: 0.7695
Epoch 39/50 - Val Metric: 0.7574
Epoch 40/50 - Train Loss: 0.5683 - Train Metric: 0.7701
Epoch 40/50 - Val Metric: 0.7584
Epoch 41/50 - Train Loss: 0.5683 - Train Metric: 0.7695
Epoch 41/50 - Val Metric: 0.7564
Epoch 42/50 - Train Loss: 0.5683 - Train Metric: 0.7692
Epoch 42/50 - Val Metric: 0.7550
Epoch 43/50 - Train Loss: 0.5679 - Train Metric: 0.7702
Epoch 43/50 - Val Metric: 0.7539
Epoch 44/50 - Train Loss: 0.5672 - Train Metric: 0.7710
Epoch 44/50 - Val Metric: 0.7595
Epoch 45/50 - Train Loss: 0.5671 - Train Metric: 0.7709
Epoch 45/50 - Val Metric: 0.7569
Epoch 46/50 - Train Loss: 0.5660 - Train Metric: 0.7724
Epoch 46/50 - Val Metric: 0.7553
Epoch 47/50 - Train Loss: 0.5668 - Train Metric: 0.7717
Epoch 47/50 - Val Metric: 0.7563
Epoch 48/50 - Train Loss: 0.5684 - Train Metric: 0.7695
Epoch 48/50 - Val Metric: 0.7593
Epoch 49/50 - Train Loss: 0.5649 - Train Metric: 0.7741
Epoch 49/50 - Val Metric: 0.7607
Epoch 50/50 - Train Loss: 0.5658 - Train Metric: 0.7732
Epoch 50/50 - Val Metric: 0.7589
Best val: 0.7607, Best test: 0.7659
[0.77673686 0.76850927 0.75923306 0.77048194 0.76586425]
