Hyper-parameter search via Optuna
Namespace(task_type='binary_classification', scale='small', idx=7, epochs=50, num_trials=20, num_repeats=5, seed=0, exp_name='MemPerceiver_ens_l2', result_path='output/binary_classification/small/7/MemPerceiver_ens_l2.pt')
Device: cuda
Start building binary_classification dataset_small_7
Training set has 10617 instances
Validation set has 1327 instances
Test set has 1328 instances
Epoch 1/50 - Train Loss: 0.7049 - Train Metric: 0.5046
Epoch 1/50 - Val Metric: 0.6141
Epoch 2/50 - Train Loss: 0.6989 - Train Metric: 0.5001
Epoch 2/50 - Val Metric: 0.6588
Epoch 3/50 - Train Loss: 0.6994 - Train Metric: 0.4940
Epoch 3/50 - Val Metric: 0.6604
Epoch 4/50 - Train Loss: 0.6959 - Train Metric: 0.5117
Epoch 4/50 - Val Metric: 0.6608
Epoch 5/50 - Train Loss: 0.6966 - Train Metric: 0.5020
Epoch 5/50 - Val Metric: 0.6634
Epoch 6/50 - Train Loss: 0.6951 - Train Metric: 0.5104
Epoch 6/50 - Val Metric: 0.6670
Epoch 7/50 - Train Loss: 0.6878 - Train Metric: 0.5586
Epoch 7/50 - Val Metric: 0.6955
Epoch 8/50 - Train Loss: 0.6647 - Train Metric: 0.6289
Epoch 8/50 - Val Metric: 0.7228
Epoch 9/50 - Train Loss: 0.6369 - Train Metric: 0.6703
Epoch 9/50 - Val Metric: 0.7233
Epoch 10/50 - Train Loss: 0.6230 - Train Metric: 0.6840
Epoch 10/50 - Val Metric: 0.7232
Epoch 11/50 - Train Loss: 0.6075 - Train Metric: 0.7024
Epoch 11/50 - Val Metric: 0.7240
Epoch 12/50 - Train Loss: 0.6023 - Train Metric: 0.7032
Epoch 12/50 - Val Metric: 0.7270
Epoch 13/50 - Train Loss: 0.6044 - Train Metric: 0.7008
Epoch 13/50 - Val Metric: 0.7282
Epoch 14/50 - Train Loss: 0.6022 - Train Metric: 0.7030
Epoch 14/50 - Val Metric: 0.7301
Epoch 15/50 - Train Loss: 0.5998 - Train Metric: 0.7043
Epoch 15/50 - Val Metric: 0.7304
Epoch 16/50 - Train Loss: 0.6007 - Train Metric: 0.7077
Epoch 16/50 - Val Metric: 0.7301
Epoch 17/50 - Train Loss: 0.6020 - Train Metric: 0.7003
Epoch 17/50 - Val Metric: 0.7311
Epoch 18/50 - Train Loss: 0.6000 - Train Metric: 0.7054
Epoch 18/50 - Val Metric: 0.7313
Epoch 19/50 - Train Loss: 0.5995 - Train Metric: 0.7059
Epoch 19/50 - Val Metric: 0.7316
Epoch 20/50 - Train Loss: 0.5997 - Train Metric: 0.7053
Epoch 20/50 - Val Metric: 0.7314
Epoch 21/50 - Train Loss: 0.5978 - Train Metric: 0.7071
Epoch 21/50 - Val Metric: 0.7319
Epoch 22/50 - Train Loss: 0.5987 - Train Metric: 0.7105
Epoch 22/50 - Val Metric: 0.7321
Epoch 23/50 - Train Loss: 0.6002 - Train Metric: 0.7089
Epoch 23/50 - Val Metric: 0.7321
Epoch 24/50 - Train Loss: 0.5988 - Train Metric: 0.7080
Epoch 24/50 - Val Metric: 0.7323
Epoch 25/50 - Train Loss: 0.5973 - Train Metric: 0.7124
Epoch 25/50 - Val Metric: 0.7322
Epoch 26/50 - Train Loss: 0.5977 - Train Metric: 0.7088
Epoch 26/50 - Val Metric: 0.7323
Epoch 27/50 - Train Loss: 0.5970 - Train Metric: 0.7146
Epoch 27/50 - Val Metric: 0.7328
Epoch 28/50 - Train Loss: 0.5964 - Train Metric: 0.7128
Epoch 28/50 - Val Metric: 0.7328
Epoch 29/50 - Train Loss: 0.6003 - Train Metric: 0.7063
Epoch 29/50 - Val Metric: 0.7327
Epoch 30/50 - Train Loss: 0.5978 - Train Metric: 0.7100
Epoch 30/50 - Val Metric: 0.7328
Epoch 31/50 - Train Loss: 0.5980 - Train Metric: 0.7088
Epoch 31/50 - Val Metric: 0.7328
Epoch 32/50 - Train Loss: 0.5983 - Train Metric: 0.7090
Epoch 32/50 - Val Metric: 0.7330
Epoch 33/50 - Train Loss: 0.6005 - Train Metric: 0.7093
Epoch 33/50 - Val Metric: 0.7330
Epoch 34/50 - Train Loss: 0.6001 - Train Metric: 0.7070
Epoch 34/50 - Val Metric: 0.7330
Epoch 35/50 - Train Loss: 0.5985 - Train Metric: 0.7071
Epoch 35/50 - Val Metric: 0.7331
Epoch 36/50 - Train Loss: 0.5989 - Train Metric: 0.7081
Epoch 36/50 - Val Metric: 0.7331
Epoch 37/50 - Train Loss: 0.5974 - Train Metric: 0.7113
Epoch 37/50 - Val Metric: 0.7331
Epoch 38/50 - Train Loss: 0.5981 - Train Metric: 0.7129
Epoch 38/50 - Val Metric: 0.7331
Epoch 39/50 - Train Loss: 0.5974 - Train Metric: 0.7120
Epoch 39/50 - Val Metric: 0.7331
Epoch 40/50 - Train Loss: 0.5968 - Train Metric: 0.7100
Epoch 40/50 - Val Metric: 0.7332
Epoch 41/50 - Train Loss: 0.5977 - Train Metric: 0.7103
Epoch 41/50 - Val Metric: 0.7332
Epoch 42/50 - Train Loss: 0.5990 - Train Metric: 0.7109
Epoch 42/50 - Val Metric: 0.7332
Epoch 43/50 - Train Loss: 0.5971 - Train Metric: 0.7139
Epoch 43/50 - Val Metric: 0.7331
Epoch 44/50 - Train Loss: 0.5965 - Train Metric: 0.7120
Epoch 44/50 - Val Metric: 0.7331
Epoch 45/50 - Train Loss: 0.5977 - Train Metric: 0.7086
Epoch 45/50 - Val Metric: 0.7332
Epoch 46/50 - Train Loss: 0.5973 - Train Metric: 0.7123
Epoch 46/50 - Val Metric: 0.7334
Epoch 47/50 - Train Loss: 0.5973 - Train Metric: 0.7102
Epoch 47/50 - Val Metric: 0.7332
Epoch 48/50 - Train Loss: 0.5981 - Train Metric: 0.7080
Epoch 48/50 - Val Metric: 0.7332
Epoch 49/50 - Train Loss: 0.5966 - Train Metric: 0.7126
Epoch 49/50 - Val Metric: 0.7332
Epoch 50/50 - Train Loss: 0.5981 - Train Metric: 0.7101
Epoch 50/50 - Val Metric: 0.7332
Best val: 0.7334, Best test: 0.7117
Training set has 10617 instances
Validation set has 1327 instances
Test set has 1328 instances
Epoch 1/50 - Train Loss: 0.7103 - Train Metric: 0.5070
Epoch 1/50 - Val Metric: 0.5841
Epoch 2/50 - Train Loss: 0.6943 - Train Metric: 0.5084
Epoch 2/50 - Val Metric: 0.5877
Epoch 3/50 - Train Loss: 0.6925 - Train Metric: 0.5134
Epoch 3/50 - Val Metric: 0.5901
Epoch 4/50 - Train Loss: 0.6812 - Train Metric: 0.5838
Epoch 4/50 - Val Metric: 0.6353
Epoch 5/50 - Train Loss: 0.6444 - Train Metric: 0.6670
Epoch 5/50 - Val Metric: 0.6696
Epoch 6/50 - Train Loss: 0.6124 - Train Metric: 0.7031
Epoch 6/50 - Val Metric: 0.6742
Epoch 7/50 - Train Loss: 0.5974 - Train Metric: 0.7161
Epoch 7/50 - Val Metric: 0.6779
Epoch 8/50 - Train Loss: 0.5928 - Train Metric: 0.7173
Epoch 8/50 - Val Metric: 0.6799
Epoch 9/50 - Train Loss: 0.5872 - Train Metric: 0.7266
Epoch 9/50 - Val Metric: 0.6813
Epoch 10/50 - Train Loss: 0.5912 - Train Metric: 0.7202
Epoch 10/50 - Val Metric: 0.6831
Epoch 11/50 - Train Loss: 0.5875 - Train Metric: 0.7219
Epoch 11/50 - Val Metric: 0.6836
Epoch 12/50 - Train Loss: 0.5909 - Train Metric: 0.7213
Epoch 12/50 - Val Metric: 0.6820
Epoch 13/50 - Train Loss: 0.5885 - Train Metric: 0.7274
Epoch 13/50 - Val Metric: 0.6864
Epoch 14/50 - Train Loss: 0.5873 - Train Metric: 0.7306
Epoch 14/50 - Val Metric: 0.6943
Epoch 15/50 - Train Loss: 0.5851 - Train Metric: 0.7339
Epoch 15/50 - Val Metric: 0.6998
Epoch 16/50 - Train Loss: 0.5767 - Train Metric: 0.7541
Epoch 16/50 - Val Metric: 0.7146
Epoch 17/50 - Train Loss: 0.5790 - Train Metric: 0.7501
Epoch 17/50 - Val Metric: 0.7174
Epoch 18/50 - Train Loss: 0.5706 - Train Metric: 0.7641
Epoch 18/50 - Val Metric: 0.7186
Epoch 19/50 - Train Loss: 0.5703 - Train Metric: 0.7652
Epoch 19/50 - Val Metric: 0.7185
Epoch 20/50 - Train Loss: 0.5792 - Train Metric: 0.7502
Epoch 20/50 - Val Metric: 0.7143
Epoch 21/50 - Train Loss: 0.5705 - Train Metric: 0.7651
Epoch 21/50 - Val Metric: 0.7217
Epoch 22/50 - Train Loss: 0.5687 - Train Metric: 0.7661
Epoch 22/50 - Val Metric: 0.7209
Epoch 23/50 - Train Loss: 0.5670 - Train Metric: 0.7691
Epoch 23/50 - Val Metric: 0.7187
Epoch 24/50 - Train Loss: 0.5678 - Train Metric: 0.7668
Epoch 24/50 - Val Metric: 0.7210
Epoch 25/50 - Train Loss: 0.5668 - Train Metric: 0.7691
Epoch 25/50 - Val Metric: 0.7142
Epoch 26/50 - Train Loss: 0.5707 - Train Metric: 0.7652
Epoch 26/50 - Val Metric: 0.7180
Epoch 27/50 - Train Loss: 0.5684 - Train Metric: 0.7678
Epoch 27/50 - Val Metric: 0.7226
Epoch 28/50 - Train Loss: 0.5614 - Train Metric: 0.7759
Epoch 28/50 - Val Metric: 0.7247
Epoch 29/50 - Train Loss: 0.5662 - Train Metric: 0.7699
Epoch 29/50 - Val Metric: 0.7222
Epoch 30/50 - Train Loss: 0.5625 - Train Metric: 0.7756
Epoch 30/50 - Val Metric: 0.7255
Epoch 31/50 - Train Loss: 0.5664 - Train Metric: 0.7691
Epoch 31/50 - Val Metric: 0.7246
Epoch 32/50 - Train Loss: 0.5651 - Train Metric: 0.7720
Epoch 32/50 - Val Metric: 0.7238
Epoch 33/50 - Train Loss: 0.5637 - Train Metric: 0.7734
Epoch 33/50 - Val Metric: 0.7247
Epoch 34/50 - Train Loss: 0.5615 - Train Metric: 0.7757
Epoch 34/50 - Val Metric: 0.7255
Epoch 35/50 - Train Loss: 0.5615 - Train Metric: 0.7757
Epoch 35/50 - Val Metric: 0.7191
Epoch 36/50 - Train Loss: 0.5615 - Train Metric: 0.7763
Epoch 36/50 - Val Metric: 0.7238
Epoch 37/50 - Train Loss: 0.5637 - Train Metric: 0.7744
Epoch 37/50 - Val Metric: 0.7257
Epoch 38/50 - Train Loss: 0.5710 - Train Metric: 0.7640
Epoch 38/50 - Val Metric: 0.7247
Epoch 39/50 - Train Loss: 0.5632 - Train Metric: 0.7737
Epoch 39/50 - Val Metric: 0.7260
Epoch 40/50 - Train Loss: 0.5575 - Train Metric: 0.7812
Epoch 40/50 - Val Metric: 0.7274
Epoch 41/50 - Train Loss: 0.5625 - Train Metric: 0.7749
Epoch 41/50 - Val Metric: 0.7243
Epoch 42/50 - Train Loss: 0.5592 - Train Metric: 0.7787
Epoch 42/50 - Val Metric: 0.7248
Epoch 43/50 - Train Loss: 0.5593 - Train Metric: 0.7782
Epoch 43/50 - Val Metric: 0.7228
Epoch 44/50 - Train Loss: 0.5591 - Train Metric: 0.7794
Epoch 44/50 - Val Metric: 0.7274
Epoch 45/50 - Train Loss: 0.5616 - Train Metric: 0.7766
Epoch 45/50 - Val Metric: 0.7312
Epoch 46/50 - Train Loss: 0.5620 - Train Metric: 0.7740
Epoch 46/50 - Val Metric: 0.7178
Epoch 47/50 - Train Loss: 0.5598 - Train Metric: 0.7779
Epoch 47/50 - Val Metric: 0.7345
Epoch 48/50 - Train Loss: 0.5565 - Train Metric: 0.7823
Epoch 48/50 - Val Metric: 0.7325
Epoch 49/50 - Train Loss: 0.5594 - Train Metric: 0.7793
Epoch 49/50 - Val Metric: 0.7338
Epoch 50/50 - Train Loss: 0.5615 - Train Metric: 0.7755
Epoch 50/50 - Val Metric: 0.7267
Best val: 0.7345, Best test: 0.7755
Training set has 10617 instances
Validation set has 1327 instances
Test set has 1328 instances
Epoch 1/50 - Train Loss: 0.7055 - Train Metric: 0.4988
Epoch 1/50 - Val Metric: 0.6112
Epoch 2/50 - Train Loss: 0.6936 - Train Metric: 0.4913
Epoch 2/50 - Val Metric: 0.6107
Epoch 3/50 - Train Loss: 0.6939 - Train Metric: 0.5185
Epoch 3/50 - Val Metric: 0.6117
Epoch 4/50 - Train Loss: 0.6864 - Train Metric: 0.5550
Epoch 4/50 - Val Metric: 0.6319
Epoch 5/50 - Train Loss: 0.6339 - Train Metric: 0.6775
Epoch 5/50 - Val Metric: 0.6900
Epoch 6/50 - Train Loss: 0.6155 - Train Metric: 0.6970
Epoch 6/50 - Val Metric: 0.6975
Epoch 7/50 - Train Loss: 0.6017 - Train Metric: 0.7041
Epoch 7/50 - Val Metric: 0.7002
Epoch 8/50 - Train Loss: 0.5961 - Train Metric: 0.7088
Epoch 8/50 - Val Metric: 0.7041
Epoch 9/50 - Train Loss: 0.5995 - Train Metric: 0.7025
Epoch 9/50 - Val Metric: 0.7045
Epoch 10/50 - Train Loss: 0.5930 - Train Metric: 0.7125
Epoch 10/50 - Val Metric: 0.7039
Epoch 11/50 - Train Loss: 0.5929 - Train Metric: 0.7158
Epoch 11/50 - Val Metric: 0.7068
Epoch 12/50 - Train Loss: 0.5912 - Train Metric: 0.7184
Epoch 12/50 - Val Metric: 0.7070
Epoch 13/50 - Train Loss: 0.5917 - Train Metric: 0.7171
Epoch 13/50 - Val Metric: 0.7086
Epoch 14/50 - Train Loss: 0.5895 - Train Metric: 0.7209
Epoch 14/50 - Val Metric: 0.7114
Epoch 15/50 - Train Loss: 0.5892 - Train Metric: 0.7227
Epoch 15/50 - Val Metric: 0.7118
Epoch 16/50 - Train Loss: 0.5872 - Train Metric: 0.7265
Epoch 16/50 - Val Metric: 0.7109
Epoch 17/50 - Train Loss: 0.5857 - Train Metric: 0.7339
Epoch 17/50 - Val Metric: 0.7137
Epoch 18/50 - Train Loss: 0.5853 - Train Metric: 0.7358
Epoch 18/50 - Val Metric: 0.7266
Epoch 19/50 - Train Loss: 0.5828 - Train Metric: 0.7407
Epoch 19/50 - Val Metric: 0.7289
Epoch 20/50 - Train Loss: 0.5817 - Train Metric: 0.7424
Epoch 20/50 - Val Metric: 0.7354
Epoch 21/50 - Train Loss: 0.5782 - Train Metric: 0.7488
Epoch 21/50 - Val Metric: 0.7296
Epoch 22/50 - Train Loss: 0.5795 - Train Metric: 0.7475
Epoch 22/50 - Val Metric: 0.7457
Epoch 23/50 - Train Loss: 0.5771 - Train Metric: 0.7524
Epoch 23/50 - Val Metric: 0.7504
Epoch 24/50 - Train Loss: 0.5749 - Train Metric: 0.7574
Epoch 24/50 - Val Metric: 0.7544
Epoch 25/50 - Train Loss: 0.5755 - Train Metric: 0.7555
Epoch 25/50 - Val Metric: 0.7553
Epoch 26/50 - Train Loss: 0.5725 - Train Metric: 0.7614
Epoch 26/50 - Val Metric: 0.7555
Epoch 27/50 - Train Loss: 0.5718 - Train Metric: 0.7618
Epoch 27/50 - Val Metric: 0.7596
Epoch 28/50 - Train Loss: 0.5705 - Train Metric: 0.7638
Epoch 28/50 - Val Metric: 0.7594
Epoch 29/50 - Train Loss: 0.5706 - Train Metric: 0.7630
Epoch 29/50 - Val Metric: 0.7604
Epoch 30/50 - Train Loss: 0.5707 - Train Metric: 0.7637
Epoch 30/50 - Val Metric: 0.7605
Epoch 31/50 - Train Loss: 0.5705 - Train Metric: 0.7633
Epoch 31/50 - Val Metric: 0.7599
Epoch 32/50 - Train Loss: 0.5703 - Train Metric: 0.7635
Epoch 32/50 - Val Metric: 0.7613
Epoch 33/50 - Train Loss: 0.5690 - Train Metric: 0.7664
Epoch 33/50 - Val Metric: 0.7616
Epoch 34/50 - Train Loss: 0.5690 - Train Metric: 0.7657
Epoch 34/50 - Val Metric: 0.7613
Epoch 35/50 - Train Loss: 0.5684 - Train Metric: 0.7664
Epoch 35/50 - Val Metric: 0.7614
Epoch 36/50 - Train Loss: 0.5698 - Train Metric: 0.7655
Epoch 36/50 - Val Metric: 0.7622
Epoch 37/50 - Train Loss: 0.5698 - Train Metric: 0.7656
Epoch 37/50 - Val Metric: 0.7622
Epoch 38/50 - Train Loss: 0.5694 - Train Metric: 0.7657
Epoch 38/50 - Val Metric: 0.7623
Epoch 39/50 - Train Loss: 0.5687 - Train Metric: 0.7666
Epoch 39/50 - Val Metric: 0.7622
Epoch 40/50 - Train Loss: 0.5680 - Train Metric: 0.7673
Epoch 40/50 - Val Metric: 0.7632
Epoch 41/50 - Train Loss: 0.5697 - Train Metric: 0.7658
Epoch 41/50 - Val Metric: 0.7625
Epoch 42/50 - Train Loss: 0.5681 - Train Metric: 0.7673
Epoch 42/50 - Val Metric: 0.7632
Epoch 43/50 - Train Loss: 0.5680 - Train Metric: 0.7674
Epoch 43/50 - Val Metric: 0.7633
Epoch 44/50 - Train Loss: 0.5679 - Train Metric: 0.7677
Epoch 44/50 - Val Metric: 0.7632
Epoch 45/50 - Train Loss: 0.5684 - Train Metric: 0.7671
Epoch 45/50 - Val Metric: 0.7628
Epoch 46/50 - Train Loss: 0.5688 - Train Metric: 0.7670
Epoch 46/50 - Val Metric: 0.7636
Epoch 47/50 - Train Loss: 0.5682 - Train Metric: 0.7677
Epoch 47/50 - Val Metric: 0.7633
Epoch 48/50 - Train Loss: 0.5679 - Train Metric: 0.7680
Epoch 48/50 - Val Metric: 0.7632
Epoch 49/50 - Train Loss: 0.5678 - Train Metric: 0.7680
Epoch 49/50 - Val Metric: 0.7634
Epoch 50/50 - Train Loss: 0.5673 - Train Metric: 0.7684
Epoch 50/50 - Val Metric: 0.7639
Best val: 0.7639, Best test: 0.7746
Training set has 10617 instances
Validation set has 1327 instances
Test set has 1328 instances
Epoch 1/50 - Train Loss: 0.6967 - Train Metric: 0.4985
Epoch 1/50 - Val Metric: 0.5868
Epoch 2/50 - Train Loss: 0.6941 - Train Metric: 0.5051
Epoch 2/50 - Val Metric: 0.7079
Epoch 3/50 - Train Loss: 0.6934 - Train Metric: 0.5128
Epoch 3/50 - Val Metric: 0.7213
Epoch 4/50 - Train Loss: 0.6073 - Train Metric: 0.7032
Epoch 4/50 - Val Metric: 0.7567
Epoch 5/50 - Train Loss: 0.5920 - Train Metric: 0.7245
Epoch 5/50 - Val Metric: 0.7525
Epoch 6/50 - Train Loss: 0.5884 - Train Metric: 0.7249
Epoch 6/50 - Val Metric: 0.7685
Epoch 7/50 - Train Loss: 0.5821 - Train Metric: 0.7398
Epoch 7/50 - Val Metric: 0.7752
Epoch 8/50 - Train Loss: 0.5794 - Train Metric: 0.7501
Epoch 8/50 - Val Metric: 0.7792
Epoch 9/50 - Train Loss: 0.5749 - Train Metric: 0.7580
Epoch 9/50 - Val Metric: 0.7839
Epoch 10/50 - Train Loss: 0.5730 - Train Metric: 0.7607
Epoch 10/50 - Val Metric: 0.7853
Epoch 11/50 - Train Loss: 0.5715 - Train Metric: 0.7638
Epoch 11/50 - Val Metric: 0.7842
Epoch 12/50 - Train Loss: 0.5713 - Train Metric: 0.7638
Epoch 12/50 - Val Metric: 0.7857
Epoch 13/50 - Train Loss: 0.5699 - Train Metric: 0.7658
Epoch 13/50 - Val Metric: 0.7871
Epoch 14/50 - Train Loss: 0.5701 - Train Metric: 0.7659
Epoch 14/50 - Val Metric: 0.7811
Epoch 15/50 - Train Loss: 0.5681 - Train Metric: 0.7683
Epoch 15/50 - Val Metric: 0.7863
Epoch 16/50 - Train Loss: 0.5659 - Train Metric: 0.7717
Epoch 16/50 - Val Metric: 0.7864
Epoch 17/50 - Train Loss: 0.5660 - Train Metric: 0.7715
Epoch 17/50 - Val Metric: 0.7918
Epoch 18/50 - Train Loss: 0.5636 - Train Metric: 0.7733
Epoch 18/50 - Val Metric: 0.7876
Epoch 19/50 - Train Loss: 0.5643 - Train Metric: 0.7737
Epoch 19/50 - Val Metric: 0.7906
Epoch 20/50 - Train Loss: 0.5651 - Train Metric: 0.7726
Epoch 20/50 - Val Metric: 0.7897
Epoch 21/50 - Train Loss: 0.5635 - Train Metric: 0.7741
Epoch 21/50 - Val Metric: 0.7917
Epoch 22/50 - Train Loss: 0.5625 - Train Metric: 0.7746
Epoch 22/50 - Val Metric: 0.7917
Epoch 23/50 - Train Loss: 0.5621 - Train Metric: 0.7756
Epoch 23/50 - Val Metric: 0.7937
Epoch 24/50 - Train Loss: 0.5609 - Train Metric: 0.7762
Epoch 24/50 - Val Metric: 0.7930
Epoch 25/50 - Train Loss: 0.5606 - Train Metric: 0.7771
Epoch 25/50 - Val Metric: 0.7948
Epoch 26/50 - Train Loss: 0.5581 - Train Metric: 0.7808
Epoch 26/50 - Val Metric: 0.7901
Epoch 27/50 - Train Loss: 0.5593 - Train Metric: 0.7787
Epoch 27/50 - Val Metric: 0.7959
Epoch 28/50 - Train Loss: 0.5584 - Train Metric: 0.7803
Epoch 28/50 - Val Metric: 0.7966
Epoch 29/50 - Train Loss: 0.5590 - Train Metric: 0.7793
Epoch 29/50 - Val Metric: 0.7945
Epoch 30/50 - Train Loss: 0.5576 - Train Metric: 0.7799
Epoch 30/50 - Val Metric: 0.7956
Epoch 31/50 - Train Loss: 0.5578 - Train Metric: 0.7802
Epoch 31/50 - Val Metric: 0.7945
Epoch 32/50 - Train Loss: 0.5564 - Train Metric: 0.7816
Epoch 32/50 - Val Metric: 0.7963
Epoch 33/50 - Train Loss: 0.5566 - Train Metric: 0.7823
Epoch 33/50 - Val Metric: 0.7958
Epoch 34/50 - Train Loss: 0.5570 - Train Metric: 0.7816
Epoch 34/50 - Val Metric: 0.7943
Epoch 35/50 - Train Loss: 0.5560 - Train Metric: 0.7820
Epoch 35/50 - Val Metric: 0.7955
Epoch 36/50 - Train Loss: 0.5540 - Train Metric: 0.7845
Epoch 36/50 - Val Metric: 0.7966
Epoch 37/50 - Train Loss: 0.5541 - Train Metric: 0.7841
Epoch 37/50 - Val Metric: 0.7971
Epoch 38/50 - Train Loss: 0.5540 - Train Metric: 0.7845
Epoch 38/50 - Val Metric: 0.7966
Epoch 39/50 - Train Loss: 0.5540 - Train Metric: 0.7847
Epoch 39/50 - Val Metric: 0.7974
Epoch 40/50 - Train Loss: 0.5535 - Train Metric: 0.7849
Epoch 40/50 - Val Metric: 0.7968
Epoch 41/50 - Train Loss: 0.5525 - Train Metric: 0.7860
Epoch 41/50 - Val Metric: 0.7978
Epoch 42/50 - Train Loss: 0.5523 - Train Metric: 0.7862
Epoch 42/50 - Val Metric: 0.7979
Epoch 43/50 - Train Loss: 0.5513 - Train Metric: 0.7870
Epoch 43/50 - Val Metric: 0.7968
Epoch 44/50 - Train Loss: 0.5511 - Train Metric: 0.7878
Epoch 44/50 - Val Metric: 0.7965
Epoch 45/50 - Train Loss: 0.5509 - Train Metric: 0.7881
Epoch 45/50 - Val Metric: 0.7963
Epoch 46/50 - Train Loss: 0.5511 - Train Metric: 0.7877
Epoch 46/50 - Val Metric: 0.7971
Epoch 47/50 - Train Loss: 0.5512 - Train Metric: 0.7879
Epoch 47/50 - Val Metric: 0.7965
Epoch 48/50 - Train Loss: 0.5505 - Train Metric: 0.7880
Epoch 48/50 - Val Metric: 0.7964
Epoch 49/50 - Train Loss: 0.5500 - Train Metric: 0.7886
Epoch 49/50 - Val Metric: 0.7969
Epoch 50/50 - Train Loss: 0.5496 - Train Metric: 0.7892
Epoch 50/50 - Val Metric: 0.7969
Best val: 0.7979, Best test: 0.7910
Training set has 10617 instances
Validation set has 1327 instances
Test set has 1328 instances
Epoch 1/50 - Train Loss: 0.6934 - Train Metric: 0.4999
Epoch 1/50 - Val Metric: 0.6063
Epoch 2/50 - Train Loss: 0.6895 - Train Metric: 0.5528
Epoch 2/50 - Val Metric: 0.6121
Epoch 3/50 - Train Loss: 0.6821 - Train Metric: 0.5885
Epoch 3/50 - Val Metric: 0.6423
Epoch 4/50 - Train Loss: 0.6351 - Train Metric: 0.6771
Epoch 4/50 - Val Metric: 0.6929
Epoch 5/50 - Train Loss: 0.6221 - Train Metric: 0.6867
Epoch 5/50 - Val Metric: 0.6951
Epoch 6/50 - Train Loss: 0.6115 - Train Metric: 0.7009
Epoch 6/50 - Val Metric: 0.6990
Epoch 7/50 - Train Loss: 0.6071 - Train Metric: 0.7036
Epoch 7/50 - Val Metric: 0.7014
Epoch 8/50 - Train Loss: 0.6034 - Train Metric: 0.7083
Epoch 8/50 - Val Metric: 0.7040
Epoch 9/50 - Train Loss: 0.6046 - Train Metric: 0.7086
Epoch 9/50 - Val Metric: 0.7084
Epoch 10/50 - Train Loss: 0.5998 - Train Metric: 0.7150
Epoch 10/50 - Val Metric: 0.7136
Epoch 11/50 - Train Loss: 0.5990 - Train Metric: 0.7155
Epoch 11/50 - Val Metric: 0.7223
Epoch 12/50 - Train Loss: 0.5960 - Train Metric: 0.7214
Epoch 12/50 - Val Metric: 0.6986
Epoch 13/50 - Train Loss: 0.6053 - Train Metric: 0.7087
Epoch 13/50 - Val Metric: 0.7199
Epoch 14/50 - Train Loss: 0.5974 - Train Metric: 0.7211
Epoch 14/50 - Val Metric: 0.7272
Epoch 15/50 - Train Loss: 0.5927 - Train Metric: 0.7263
Epoch 15/50 - Val Metric: 0.7307
Epoch 16/50 - Train Loss: 0.5921 - Train Metric: 0.7253
Epoch 16/50 - Val Metric: 0.7293
Epoch 17/50 - Train Loss: 0.5900 - Train Metric: 0.7341
Epoch 17/50 - Val Metric: 0.7296
Epoch 18/50 - Train Loss: 0.5915 - Train Metric: 0.7324
Epoch 18/50 - Val Metric: 0.7352
Epoch 19/50 - Train Loss: 0.5981 - Train Metric: 0.7208
Epoch 19/50 - Val Metric: 0.7371
Epoch 20/50 - Train Loss: 0.5892 - Train Metric: 0.7372
Epoch 20/50 - Val Metric: 0.7260
Epoch 21/50 - Train Loss: 0.5880 - Train Metric: 0.7382
Epoch 21/50 - Val Metric: 0.7488
Epoch 22/50 - Train Loss: 0.5850 - Train Metric: 0.7454
Epoch 22/50 - Val Metric: 0.7477
Epoch 23/50 - Train Loss: 0.5859 - Train Metric: 0.7441
Epoch 23/50 - Val Metric: 0.7375
Epoch 24/50 - Train Loss: 0.5829 - Train Metric: 0.7485
Epoch 24/50 - Val Metric: 0.7578
Epoch 25/50 - Train Loss: 0.5811 - Train Metric: 0.7516
Epoch 25/50 - Val Metric: 0.7581
Epoch 26/50 - Train Loss: 0.5824 - Train Metric: 0.7501
Epoch 26/50 - Val Metric: 0.7604
Epoch 27/50 - Train Loss: 0.5796 - Train Metric: 0.7543
Epoch 27/50 - Val Metric: 0.7601
Epoch 28/50 - Train Loss: 0.5801 - Train Metric: 0.7524
Epoch 28/50 - Val Metric: 0.7485
Epoch 29/50 - Train Loss: 0.5775 - Train Metric: 0.7577
Epoch 29/50 - Val Metric: 0.7563
Epoch 30/50 - Train Loss: 0.5766 - Train Metric: 0.7591
Epoch 30/50 - Val Metric: 0.7573
Epoch 31/50 - Train Loss: 0.5764 - Train Metric: 0.7604
Epoch 31/50 - Val Metric: 0.7506
Epoch 32/50 - Train Loss: 0.5772 - Train Metric: 0.7584
Epoch 32/50 - Val Metric: 0.7530
Epoch 33/50 - Train Loss: 0.5770 - Train Metric: 0.7578
Epoch 33/50 - Val Metric: 0.7564
Epoch 34/50 - Train Loss: 0.5752 - Train Metric: 0.7609
Epoch 34/50 - Val Metric: 0.7606
Epoch 35/50 - Train Loss: 0.5765 - Train Metric: 0.7589
Epoch 35/50 - Val Metric: 0.7601
Epoch 36/50 - Train Loss: 0.5760 - Train Metric: 0.7595
Epoch 36/50 - Val Metric: 0.7543
Epoch 37/50 - Train Loss: 0.5747 - Train Metric: 0.7618
Epoch 37/50 - Val Metric: 0.7579
Epoch 38/50 - Train Loss: 0.5745 - Train Metric: 0.7620
Epoch 38/50 - Val Metric: 0.7549
Epoch 39/50 - Train Loss: 0.5717 - Train Metric: 0.7655
Epoch 39/50 - Val Metric: 0.7590
Epoch 40/50 - Train Loss: 0.5745 - Train Metric: 0.7622
Epoch 40/50 - Val Metric: 0.7476
Epoch 41/50 - Train Loss: 0.5736 - Train Metric: 0.7632
Epoch 41/50 - Val Metric: 0.7593
Epoch 42/50 - Train Loss: 0.5729 - Train Metric: 0.7642
Epoch 42/50 - Val Metric: 0.7589
Epoch 43/50 - Train Loss: 0.5746 - Train Metric: 0.7612
Epoch 43/50 - Val Metric: 0.7575
Epoch 44/50 - Train Loss: 0.5727 - Train Metric: 0.7641
Epoch 44/50 - Val Metric: 0.7540
Epoch 45/50 - Train Loss: 0.5730 - Train Metric: 0.7636
Epoch 45/50 - Val Metric: 0.7611
Epoch 46/50 - Train Loss: 0.5731 - Train Metric: 0.7635
Epoch 46/50 - Val Metric: 0.7540
Epoch 47/50 - Train Loss: 0.5718 - Train Metric: 0.7651
Epoch 47/50 - Val Metric: 0.7583
Epoch 48/50 - Train Loss: 0.5720 - Train Metric: 0.7649
Epoch 48/50 - Val Metric: 0.7539
Epoch 49/50 - Train Loss: 0.5724 - Train Metric: 0.7646
Epoch 49/50 - Val Metric: 0.7583
Epoch 50/50 - Train Loss: 0.5709 - Train Metric: 0.7672
Epoch 50/50 - Val Metric: 0.7597
Best val: 0.7611, Best test: 0.7803
Training set has 10617 instances
Validation set has 1327 instances
Test set has 1328 instances
Epoch 1/50 - Train Loss: 0.7005 - Train Metric: 0.5047
Epoch 1/50 - Val Metric: 0.6580
Epoch 2/50 - Train Loss: 0.6934 - Train Metric: 0.5212
Epoch 2/50 - Val Metric: 0.6286
Epoch 3/50 - Train Loss: 0.6879 - Train Metric: 0.5576
Epoch 3/50 - Val Metric: 0.6646
Epoch 4/50 - Train Loss: 0.6636 - Train Metric: 0.6347
Epoch 4/50 - Val Metric: 0.7050
Epoch 5/50 - Train Loss: 0.6377 - Train Metric: 0.6742
Epoch 5/50 - Val Metric: 0.7184
Epoch 6/50 - Train Loss: 0.6183 - Train Metric: 0.6944
Epoch 6/50 - Val Metric: 0.7222
Epoch 7/50 - Train Loss: 0.6109 - Train Metric: 0.7012
Epoch 7/50 - Val Metric: 0.7250
Epoch 8/50 - Train Loss: 0.6037 - Train Metric: 0.7044
Epoch 8/50 - Val Metric: 0.7264
Epoch 9/50 - Train Loss: 0.6018 - Train Metric: 0.7069
Epoch 9/50 - Val Metric: 0.7277
Epoch 10/50 - Train Loss: 0.5970 - Train Metric: 0.7094
Epoch 10/50 - Val Metric: 0.7287
Epoch 11/50 - Train Loss: 0.5991 - Train Metric: 0.7060
Epoch 11/50 - Val Metric: 0.7284
Epoch 12/50 - Train Loss: 0.5997 - Train Metric: 0.7060
Epoch 12/50 - Val Metric: 0.7284
Epoch 13/50 - Train Loss: 0.5967 - Train Metric: 0.7115
Epoch 13/50 - Val Metric: 0.7289
Epoch 14/50 - Train Loss: 0.5963 - Train Metric: 0.7112
Epoch 14/50 - Val Metric: 0.7284
Training set has 10617 instances
Validation set has 1327 instances
Test set has 1328 instances
Epoch 1/50 - Train Loss: 0.6995 - Train Metric: 0.4993
Epoch 1/50 - Val Metric: 0.6390
Epoch 2/50 - Train Loss: 0.6938 - Train Metric: 0.5274
Epoch 2/50 - Val Metric: 0.6391
Epoch 3/50 - Train Loss: 0.6874 - Train Metric: 0.5629
Epoch 3/50 - Val Metric: 0.6782
Epoch 4/50 - Train Loss: 0.6597 - Train Metric: 0.6374
Epoch 4/50 - Val Metric: 0.7053
Epoch 5/50 - Train Loss: 0.6345 - Train Metric: 0.6739
Epoch 5/50 - Val Metric: 0.7063
Epoch 6/50 - Train Loss: 0.6206 - Train Metric: 0.6875
Epoch 6/50 - Val Metric: 0.7119
Epoch 7/50 - Train Loss: 0.6045 - Train Metric: 0.7004
Epoch 7/50 - Val Metric: 0.7211
Epoch 8/50 - Train Loss: 0.5990 - Train Metric: 0.7068
Epoch 8/50 - Val Metric: 0.7208
Epoch 9/50 - Train Loss: 0.5988 - Train Metric: 0.7079
Epoch 9/50 - Val Metric: 0.7195
Epoch 10/50 - Train Loss: 0.5954 - Train Metric: 0.7117
Epoch 10/50 - Val Metric: 0.7221
Training set has 10617 instances
Validation set has 1327 instances
Test set has 1328 instances
Training set has 10617 instances
Validation set has 1327 instances
Test set has 1328 instances
Epoch 1/50 - Train Loss: 0.6996 - Train Metric: 0.4993
Epoch 1/50 - Val Metric: 0.6130
Epoch 2/50 - Train Loss: 0.6913 - Train Metric: 0.5383
Epoch 2/50 - Val Metric: 0.6170
Epoch 3/50 - Train Loss: 0.6616 - Train Metric: 0.6316
Epoch 3/50 - Val Metric: 0.7056
Epoch 4/50 - Train Loss: 0.6323 - Train Metric: 0.6776
Epoch 4/50 - Val Metric: 0.7151
Epoch 5/50 - Train Loss: 0.6129 - Train Metric: 0.6989
Epoch 5/50 - Val Metric: 0.7226
Epoch 6/50 - Train Loss: 0.6047 - Train Metric: 0.7027
Epoch 6/50 - Val Metric: 0.7232
Epoch 7/50 - Train Loss: 0.5978 - Train Metric: 0.7111
Epoch 7/50 - Val Metric: 0.7257
Epoch 8/50 - Train Loss: 0.6009 - Train Metric: 0.7069
Epoch 8/50 - Val Metric: 0.7250
Epoch 9/50 - Train Loss: 0.6013 - Train Metric: 0.7035
Epoch 9/50 - Val Metric: 0.7285
Epoch 10/50 - Train Loss: 0.5968 - Train Metric: 0.7116
Epoch 10/50 - Val Metric: 0.7284
Epoch 11/50 - Train Loss: 0.5956 - Train Metric: 0.7126
Epoch 11/50 - Val Metric: 0.7283
Epoch 12/50 - Train Loss: 0.5947 - Train Metric: 0.7157
Epoch 12/50 - Val Metric: 0.7300
Epoch 13/50 - Train Loss: 0.5949 - Train Metric: 0.7168
Epoch 13/50 - Val Metric: 0.7314
Epoch 14/50 - Train Loss: 0.5950 - Train Metric: 0.7156
Epoch 14/50 - Val Metric: 0.7319
Epoch 15/50 - Train Loss: 0.5966 - Train Metric: 0.7158
Epoch 15/50 - Val Metric: 0.7363
Epoch 16/50 - Train Loss: 0.5939 - Train Metric: 0.7187
Epoch 16/50 - Val Metric: 0.7330
Epoch 17/50 - Train Loss: 0.5932 - Train Metric: 0.7198
Epoch 17/50 - Val Metric: 0.7395
Epoch 18/50 - Train Loss: 0.5943 - Train Metric: 0.7190
Epoch 18/50 - Val Metric: 0.7402
Epoch 19/50 - Train Loss: 0.5935 - Train Metric: 0.7215
Epoch 19/50 - Val Metric: 0.7423
Epoch 20/50 - Train Loss: 0.5922 - Train Metric: 0.7231
Epoch 20/50 - Val Metric: 0.7419
Epoch 21/50 - Train Loss: 0.5923 - Train Metric: 0.7263
Epoch 21/50 - Val Metric: 0.7520
Epoch 22/50 - Train Loss: 0.5908 - Train Metric: 0.7310
Epoch 22/50 - Val Metric: 0.7557
Epoch 23/50 - Train Loss: 0.5919 - Train Metric: 0.7284
Epoch 23/50 - Val Metric: 0.7604
Epoch 24/50 - Train Loss: 0.5898 - Train Metric: 0.7313
Epoch 24/50 - Val Metric: 0.7494
Epoch 25/50 - Train Loss: 0.5882 - Train Metric: 0.7357
Epoch 25/50 - Val Metric: 0.7555
Epoch 26/50 - Train Loss: 0.5872 - Train Metric: 0.7398
Epoch 26/50 - Val Metric: 0.7669
Epoch 27/50 - Train Loss: 0.5857 - Train Metric: 0.7425
Epoch 27/50 - Val Metric: 0.7602
Epoch 28/50 - Train Loss: 0.5860 - Train Metric: 0.7422
Epoch 28/50 - Val Metric: 0.7626
Epoch 29/50 - Train Loss: 0.5838 - Train Metric: 0.7457
Epoch 29/50 - Val Metric: 0.7728
Epoch 30/50 - Train Loss: 0.5845 - Train Metric: 0.7456
Epoch 30/50 - Val Metric: 0.7703
Epoch 31/50 - Train Loss: 0.5837 - Train Metric: 0.7484
Epoch 31/50 - Val Metric: 0.7650
Epoch 32/50 - Train Loss: 0.5829 - Train Metric: 0.7474
Epoch 32/50 - Val Metric: 0.7687
Epoch 33/50 - Train Loss: 0.5837 - Train Metric: 0.7466
Epoch 33/50 - Val Metric: 0.7708
Epoch 34/50 - Train Loss: 0.5822 - Train Metric: 0.7497
Epoch 34/50 - Val Metric: 0.7717
Epoch 35/50 - Train Loss: 0.5826 - Train Metric: 0.7497
Epoch 35/50 - Val Metric: 0.7693
Epoch 36/50 - Train Loss: 0.5794 - Train Metric: 0.7554
Epoch 36/50 - Val Metric: 0.7717
Epoch 37/50 - Train Loss: 0.5830 - Train Metric: 0.7493
Epoch 37/50 - Val Metric: 0.7749
Epoch 38/50 - Train Loss: 0.5810 - Train Metric: 0.7518
Epoch 38/50 - Val Metric: 0.7748
Epoch 39/50 - Train Loss: 0.5839 - Train Metric: 0.7466
Epoch 39/50 - Val Metric: 0.7743
Epoch 40/50 - Train Loss: 0.5816 - Train Metric: 0.7508
Epoch 40/50 - Val Metric: 0.7684
Epoch 41/50 - Train Loss: 0.5802 - Train Metric: 0.7517
Epoch 41/50 - Val Metric: 0.7737
Epoch 42/50 - Train Loss: 0.5821 - Train Metric: 0.7504
Epoch 42/50 - Val Metric: 0.7726
Epoch 43/50 - Train Loss: 0.5805 - Train Metric: 0.7525
Epoch 43/50 - Val Metric: 0.7729
Epoch 44/50 - Train Loss: 0.5837 - Train Metric: 0.7465
Epoch 44/50 - Val Metric: 0.7745
Epoch 45/50 - Train Loss: 0.5805 - Train Metric: 0.7522
Epoch 45/50 - Val Metric: 0.7737
Epoch 46/50 - Train Loss: 0.5823 - Train Metric: 0.7503
Epoch 46/50 - Val Metric: 0.7729
Epoch 47/50 - Train Loss: 0.5798 - Train Metric: 0.7526
Epoch 47/50 - Val Metric: 0.7725
Epoch 48/50 - Train Loss: 0.5826 - Train Metric: 0.7501
Epoch 48/50 - Val Metric: 0.7739
Epoch 49/50 - Train Loss: 0.5795 - Train Metric: 0.7536
Epoch 49/50 - Val Metric: 0.7739
Epoch 50/50 - Train Loss: 0.5813 - Train Metric: 0.7520
Epoch 50/50 - Val Metric: 0.7742
Best val: 0.7749, Best test: 0.7669
Training set has 10617 instances
Validation set has 1327 instances
Test set has 1328 instances
Epoch 1/50 - Train Loss: 0.7047 - Train Metric: 0.4981
Epoch 1/50 - Val Metric: 0.6177
Epoch 2/50 - Train Loss: 0.6940 - Train Metric: 0.5034
Epoch 2/50 - Val Metric: 0.6276
Training set has 10617 instances
Validation set has 1327 instances
Test set has 1328 instances
Epoch 1/50 - Train Loss: 0.6947 - Train Metric: 0.5020
Epoch 1/50 - Val Metric: 0.6167
Epoch 2/50 - Train Loss: 0.6938 - Train Metric: 0.5050
Epoch 2/50 - Val Metric: 0.6431
Epoch 3/50 - Train Loss: 0.6326 - Train Metric: 0.6811
Epoch 3/50 - Val Metric: 0.7169
Epoch 4/50 - Train Loss: 0.6003 - Train Metric: 0.7105
Epoch 4/50 - Val Metric: 0.7216
Epoch 5/50 - Train Loss: 0.5904 - Train Metric: 0.7238
Epoch 5/50 - Val Metric: 0.7375
Epoch 6/50 - Train Loss: 0.5914 - Train Metric: 0.7263
Epoch 6/50 - Val Metric: 0.7557
Epoch 7/50 - Train Loss: 0.5821 - Train Metric: 0.7453
Epoch 7/50 - Val Metric: 0.7627
Epoch 8/50 - Train Loss: 0.5812 - Train Metric: 0.7484
Epoch 8/50 - Val Metric: 0.7652
Epoch 9/50 - Train Loss: 0.5774 - Train Metric: 0.7563
Epoch 9/50 - Val Metric: 0.7714
Epoch 10/50 - Train Loss: 0.5731 - Train Metric: 0.7624
Epoch 10/50 - Val Metric: 0.7737
Epoch 11/50 - Train Loss: 0.5759 - Train Metric: 0.7573
Epoch 11/50 - Val Metric: 0.7799
Epoch 12/50 - Train Loss: 0.5682 - Train Metric: 0.7678
Epoch 12/50 - Val Metric: 0.7788
Epoch 13/50 - Train Loss: 0.5663 - Train Metric: 0.7706
Epoch 13/50 - Val Metric: 0.7802
Epoch 14/50 - Train Loss: 0.5727 - Train Metric: 0.7612
Epoch 14/50 - Val Metric: 0.7789
Epoch 15/50 - Train Loss: 0.5648 - Train Metric: 0.7727
Epoch 15/50 - Val Metric: 0.7836
Epoch 16/50 - Train Loss: 0.5641 - Train Metric: 0.7732
Epoch 16/50 - Val Metric: 0.7833
Epoch 17/50 - Train Loss: 0.5618 - Train Metric: 0.7766
Epoch 17/50 - Val Metric: 0.7869
Epoch 18/50 - Train Loss: 0.5604 - Train Metric: 0.7771
Epoch 18/50 - Val Metric: 0.7847
Epoch 19/50 - Train Loss: 0.5606 - Train Metric: 0.7778
Epoch 19/50 - Val Metric: 0.7875
Epoch 20/50 - Train Loss: 0.5605 - Train Metric: 0.7778
Epoch 20/50 - Val Metric: 0.7865
Epoch 21/50 - Train Loss: 0.5598 - Train Metric: 0.7786
Epoch 21/50 - Val Metric: 0.7864
Epoch 22/50 - Train Loss: 0.5612 - Train Metric: 0.7776
Epoch 22/50 - Val Metric: 0.7852
Epoch 23/50 - Train Loss: 0.5604 - Train Metric: 0.7785
Epoch 23/50 - Val Metric: 0.7863
Epoch 24/50 - Train Loss: 0.5598 - Train Metric: 0.7786
Epoch 24/50 - Val Metric: 0.7854
Epoch 25/50 - Train Loss: 0.5580 - Train Metric: 0.7817
Epoch 25/50 - Val Metric: 0.7861
Epoch 26/50 - Train Loss: 0.5584 - Train Metric: 0.7805
Epoch 26/50 - Val Metric: 0.7872
Epoch 27/50 - Train Loss: 0.5565 - Train Metric: 0.7830
Epoch 27/50 - Val Metric: 0.7784
Epoch 28/50 - Train Loss: 0.5579 - Train Metric: 0.7812
Epoch 28/50 - Val Metric: 0.7873
Epoch 29/50 - Train Loss: 0.5584 - Train Metric: 0.7796
Epoch 29/50 - Val Metric: 0.7880
Epoch 30/50 - Train Loss: 0.5590 - Train Metric: 0.7793
Epoch 30/50 - Val Metric: 0.7876
Epoch 31/50 - Train Loss: 0.5574 - Train Metric: 0.7809
Epoch 31/50 - Val Metric: 0.7883
Epoch 32/50 - Train Loss: 0.5555 - Train Metric: 0.7831
Epoch 32/50 - Val Metric: 0.7883
Epoch 33/50 - Train Loss: 0.5537 - Train Metric: 0.7852
Epoch 33/50 - Val Metric: 0.7871
Epoch 34/50 - Train Loss: 0.5546 - Train Metric: 0.7837
Epoch 34/50 - Val Metric: 0.7892
Epoch 35/50 - Train Loss: 0.5547 - Train Metric: 0.7840
Epoch 35/50 - Val Metric: 0.7878
Epoch 36/50 - Train Loss: 0.5538 - Train Metric: 0.7851
Epoch 36/50 - Val Metric: 0.7861
Epoch 37/50 - Train Loss: 0.5534 - Train Metric: 0.7860
Epoch 37/50 - Val Metric: 0.7859
Epoch 38/50 - Train Loss: 0.5535 - Train Metric: 0.7858
Epoch 38/50 - Val Metric: 0.7856
Epoch 39/50 - Train Loss: 0.5524 - Train Metric: 0.7864
Epoch 39/50 - Val Metric: 0.7857
Epoch 40/50 - Train Loss: 0.5521 - Train Metric: 0.7873
Epoch 40/50 - Val Metric: 0.7878
Epoch 41/50 - Train Loss: 0.5552 - Train Metric: 0.7840
Epoch 41/50 - Val Metric: 0.7876
Epoch 42/50 - Train Loss: 0.5528 - Train Metric: 0.7867
Epoch 42/50 - Val Metric: 0.7872
Epoch 43/50 - Train Loss: 0.5499 - Train Metric: 0.7890
Epoch 43/50 - Val Metric: 0.7876
Epoch 44/50 - Train Loss: 0.5507 - Train Metric: 0.7882
Epoch 44/50 - Val Metric: 0.7873
Epoch 45/50 - Train Loss: 0.5501 - Train Metric: 0.7885
Epoch 45/50 - Val Metric: 0.7841
Epoch 46/50 - Train Loss: 0.5511 - Train Metric: 0.7875
Epoch 46/50 - Val Metric: 0.7874
Epoch 47/50 - Train Loss: 0.5489 - Train Metric: 0.7900
Epoch 47/50 - Val Metric: 0.7854
Epoch 48/50 - Train Loss: 0.5515 - Train Metric: 0.7873
Epoch 48/50 - Val Metric: 0.7864
Epoch 49/50 - Train Loss: 0.5480 - Train Metric: 0.7911
Epoch 49/50 - Val Metric: 0.7834
Epoch 50/50 - Train Loss: 0.5483 - Train Metric: 0.7910
Epoch 50/50 - Val Metric: 0.7861
Best val: 0.7892, Best test: 0.7804
Training set has 10617 instances
Validation set has 1327 instances
Test set has 1328 instances
Epoch 1/50 - Train Loss: 0.6958 - Train Metric: 0.5042
Epoch 1/50 - Val Metric: 0.6235
Epoch 2/50 - Train Loss: 0.6939 - Train Metric: 0.4890
Epoch 2/50 - Val Metric: 0.6216
Training set has 10617 instances
Validation set has 1327 instances
Test set has 1328 instances
Epoch 1/50 - Train Loss: 0.6977 - Train Metric: 0.4952
Epoch 1/50 - Val Metric: 0.6474
Epoch 2/50 - Train Loss: 0.6892 - Train Metric: 0.5416
Epoch 2/50 - Val Metric: 0.6808
Epoch 3/50 - Train Loss: 0.6442 - Train Metric: 0.6690
Epoch 3/50 - Val Metric: 0.7196
Epoch 4/50 - Train Loss: 0.6158 - Train Metric: 0.6904
Epoch 4/50 - Val Metric: 0.7229
Epoch 5/50 - Train Loss: 0.5946 - Train Metric: 0.7126
Epoch 5/50 - Val Metric: 0.7304
Epoch 6/50 - Train Loss: 0.5908 - Train Metric: 0.7157
Epoch 6/50 - Val Metric: 0.7378
Epoch 7/50 - Train Loss: 0.5888 - Train Metric: 0.7164
Epoch 7/50 - Val Metric: 0.7403
Epoch 8/50 - Train Loss: 0.5877 - Train Metric: 0.7198
Epoch 8/50 - Val Metric: 0.7424
Epoch 9/50 - Train Loss: 0.5882 - Train Metric: 0.7182
Epoch 9/50 - Val Metric: 0.7450
Epoch 10/50 - Train Loss: 0.5849 - Train Metric: 0.7316
Epoch 10/50 - Val Metric: 0.7541
Epoch 11/50 - Train Loss: 0.5823 - Train Metric: 0.7387
Epoch 11/50 - Val Metric: 0.7604
Epoch 12/50 - Train Loss: 0.5839 - Train Metric: 0.7370
Epoch 12/50 - Val Metric: 0.7617
Epoch 13/50 - Train Loss: 0.5799 - Train Metric: 0.7491
Epoch 13/50 - Val Metric: 0.7684
Epoch 14/50 - Train Loss: 0.5751 - Train Metric: 0.7552
Epoch 14/50 - Val Metric: 0.7616
Epoch 15/50 - Train Loss: 0.5709 - Train Metric: 0.7630
Epoch 15/50 - Val Metric: 0.7691
Epoch 16/50 - Train Loss: 0.5680 - Train Metric: 0.7683
Epoch 16/50 - Val Metric: 0.7781
Epoch 17/50 - Train Loss: 0.5662 - Train Metric: 0.7698
Epoch 17/50 - Val Metric: 0.7756
Epoch 18/50 - Train Loss: 0.5660 - Train Metric: 0.7714
Epoch 18/50 - Val Metric: 0.7701
Epoch 19/50 - Train Loss: 0.5654 - Train Metric: 0.7709
Epoch 19/50 - Val Metric: 0.7820
Epoch 20/50 - Train Loss: 0.5623 - Train Metric: 0.7755
Epoch 20/50 - Val Metric: 0.7788
Epoch 21/50 - Train Loss: 0.5621 - Train Metric: 0.7764
Epoch 21/50 - Val Metric: 0.7808
Epoch 22/50 - Train Loss: 0.5620 - Train Metric: 0.7760
Epoch 22/50 - Val Metric: 0.7806
Epoch 23/50 - Train Loss: 0.5596 - Train Metric: 0.7789
Epoch 23/50 - Val Metric: 0.7834
Epoch 24/50 - Train Loss: 0.5576 - Train Metric: 0.7813
Epoch 24/50 - Val Metric: 0.7796
Epoch 25/50 - Train Loss: 0.5583 - Train Metric: 0.7805
Epoch 25/50 - Val Metric: 0.7853
Epoch 26/50 - Train Loss: 0.5597 - Train Metric: 0.7786
Epoch 26/50 - Val Metric: 0.7854
Epoch 27/50 - Train Loss: 0.5595 - Train Metric: 0.7788
Epoch 27/50 - Val Metric: 0.7835
Epoch 28/50 - Train Loss: 0.5578 - Train Metric: 0.7824
Epoch 28/50 - Val Metric: 0.7857
Epoch 29/50 - Train Loss: 0.5560 - Train Metric: 0.7837
Epoch 29/50 - Val Metric: 0.7835
Epoch 30/50 - Train Loss: 0.5562 - Train Metric: 0.7831
Epoch 30/50 - Val Metric: 0.7821
Epoch 31/50 - Train Loss: 0.5557 - Train Metric: 0.7838
Epoch 31/50 - Val Metric: 0.7857
Epoch 32/50 - Train Loss: 0.5562 - Train Metric: 0.7833
Epoch 32/50 - Val Metric: 0.7862
Epoch 33/50 - Train Loss: 0.5555 - Train Metric: 0.7849
Epoch 33/50 - Val Metric: 0.7832
Epoch 34/50 - Train Loss: 0.5543 - Train Metric: 0.7857
Epoch 34/50 - Val Metric: 0.7861
Epoch 35/50 - Train Loss: 0.5543 - Train Metric: 0.7855
Epoch 35/50 - Val Metric: 0.7860
Epoch 36/50 - Train Loss: 0.5543 - Train Metric: 0.7855
Epoch 36/50 - Val Metric: 0.7878
Epoch 37/50 - Train Loss: 0.5547 - Train Metric: 0.7855
Epoch 37/50 - Val Metric: 0.7879
Epoch 38/50 - Train Loss: 0.5534 - Train Metric: 0.7866
Epoch 38/50 - Val Metric: 0.7867
Epoch 39/50 - Train Loss: 0.5535 - Train Metric: 0.7871
Epoch 39/50 - Val Metric: 0.7849
Epoch 40/50 - Train Loss: 0.5532 - Train Metric: 0.7874
Epoch 40/50 - Val Metric: 0.7848
Epoch 41/50 - Train Loss: 0.5527 - Train Metric: 0.7875
Epoch 41/50 - Val Metric: 0.7856
Epoch 42/50 - Train Loss: 0.5543 - Train Metric: 0.7852
Epoch 42/50 - Val Metric: 0.7859
Epoch 43/50 - Train Loss: 0.5527 - Train Metric: 0.7877
Epoch 43/50 - Val Metric: 0.7846
Epoch 44/50 - Train Loss: 0.5520 - Train Metric: 0.7888
Epoch 44/50 - Val Metric: 0.7856
Epoch 45/50 - Train Loss: 0.5527 - Train Metric: 0.7879
Epoch 45/50 - Val Metric: 0.7864
Epoch 46/50 - Train Loss: 0.5511 - Train Metric: 0.7894
Epoch 46/50 - Val Metric: 0.7828
Epoch 47/50 - Train Loss: 0.5509 - Train Metric: 0.7900
Epoch 47/50 - Val Metric: 0.7853
Epoch 48/50 - Train Loss: 0.5520 - Train Metric: 0.7888
Epoch 48/50 - Val Metric: 0.7836
Epoch 49/50 - Train Loss: 0.5511 - Train Metric: 0.7894
Epoch 49/50 - Val Metric: 0.7840
Epoch 50/50 - Train Loss: 0.5513 - Train Metric: 0.7895
Epoch 50/50 - Val Metric: 0.7805
Best val: 0.7879, Best test: 0.7816
Training set has 10617 instances
Validation set has 1327 instances
Test set has 1328 instances
Epoch 1/50 - Train Loss: 0.6947 - Train Metric: 0.5176
Epoch 1/50 - Val Metric: 0.6759
Epoch 2/50 - Train Loss: 0.6648 - Train Metric: 0.6346
Epoch 2/50 - Val Metric: 0.7115
Epoch 3/50 - Train Loss: 0.6081 - Train Metric: 0.7005
Epoch 3/50 - Val Metric: 0.7102
Epoch 4/50 - Train Loss: 0.5947 - Train Metric: 0.7144
Epoch 4/50 - Val Metric: 0.7172
Epoch 5/50 - Train Loss: 0.5928 - Train Metric: 0.7180
Epoch 5/50 - Val Metric: 0.7232
Epoch 6/50 - Train Loss: 0.5949 - Train Metric: 0.7167
Epoch 6/50 - Val Metric: 0.7277
Epoch 7/50 - Train Loss: 0.5896 - Train Metric: 0.7285
Epoch 7/50 - Val Metric: 0.7359
Epoch 8/50 - Train Loss: 0.5848 - Train Metric: 0.7371
Epoch 8/50 - Val Metric: 0.7458
Epoch 9/50 - Train Loss: 0.5807 - Train Metric: 0.7432
Epoch 9/50 - Val Metric: 0.7567
Epoch 10/50 - Train Loss: 0.5801 - Train Metric: 0.7459
Epoch 10/50 - Val Metric: 0.7602
Epoch 11/50 - Train Loss: 0.5815 - Train Metric: 0.7449
Epoch 11/50 - Val Metric: 0.7605
Epoch 12/50 - Train Loss: 0.5777 - Train Metric: 0.7529
Epoch 12/50 - Val Metric: 0.7635
Epoch 13/50 - Train Loss: 0.5770 - Train Metric: 0.7540
Epoch 13/50 - Val Metric: 0.7671
Epoch 14/50 - Train Loss: 0.5760 - Train Metric: 0.7565
Epoch 14/50 - Val Metric: 0.7674
Epoch 15/50 - Train Loss: 0.5734 - Train Metric: 0.7586
Epoch 15/50 - Val Metric: 0.7743
Epoch 16/50 - Train Loss: 0.5767 - Train Metric: 0.7537
Epoch 16/50 - Val Metric: 0.7666
Epoch 17/50 - Train Loss: 0.5766 - Train Metric: 0.7531
Epoch 17/50 - Val Metric: 0.7697
Epoch 18/50 - Train Loss: 0.5720 - Train Metric: 0.7618
Epoch 18/50 - Val Metric: 0.7746
Epoch 19/50 - Train Loss: 0.5757 - Train Metric: 0.7568
Epoch 19/50 - Val Metric: 0.7714
Epoch 20/50 - Train Loss: 0.5715 - Train Metric: 0.7621
Epoch 20/50 - Val Metric: 0.7725
Epoch 21/50 - Train Loss: 0.5713 - Train Metric: 0.7630
Epoch 21/50 - Val Metric: 0.7739
Epoch 22/50 - Train Loss: 0.5714 - Train Metric: 0.7611
Epoch 22/50 - Val Metric: 0.7746
Epoch 23/50 - Train Loss: 0.5711 - Train Metric: 0.7623
Epoch 23/50 - Val Metric: 0.7794
Epoch 24/50 - Train Loss: 0.5682 - Train Metric: 0.7668
Epoch 24/50 - Val Metric: 0.7784
Epoch 25/50 - Train Loss: 0.5695 - Train Metric: 0.7668
Epoch 25/50 - Val Metric: 0.7784
Epoch 26/50 - Train Loss: 0.5695 - Train Metric: 0.7657
Epoch 26/50 - Val Metric: 0.7828
Epoch 27/50 - Train Loss: 0.5676 - Train Metric: 0.7691
Epoch 27/50 - Val Metric: 0.7799
Epoch 28/50 - Train Loss: 0.5670 - Train Metric: 0.7708
Epoch 28/50 - Val Metric: 0.7806
Epoch 29/50 - Train Loss: 0.5659 - Train Metric: 0.7709
Epoch 29/50 - Val Metric: 0.7786
Epoch 30/50 - Train Loss: 0.5664 - Train Metric: 0.7706
Epoch 30/50 - Val Metric: 0.7822
Epoch 31/50 - Train Loss: 0.5637 - Train Metric: 0.7741
Epoch 31/50 - Val Metric: 0.7819
Epoch 32/50 - Train Loss: 0.5630 - Train Metric: 0.7746
Epoch 32/50 - Val Metric: 0.7846
Epoch 33/50 - Train Loss: 0.5626 - Train Metric: 0.7753
Epoch 33/50 - Val Metric: 0.7848
Epoch 34/50 - Train Loss: 0.5639 - Train Metric: 0.7740
Epoch 34/50 - Val Metric: 0.7840
Epoch 35/50 - Train Loss: 0.5638 - Train Metric: 0.7743
Epoch 35/50 - Val Metric: 0.7841
Epoch 36/50 - Train Loss: 0.5621 - Train Metric: 0.7762
Epoch 36/50 - Val Metric: 0.7856
Epoch 37/50 - Train Loss: 0.5618 - Train Metric: 0.7768
Epoch 37/50 - Val Metric: 0.7852
Epoch 38/50 - Train Loss: 0.5619 - Train Metric: 0.7773
Epoch 38/50 - Val Metric: 0.7855
Epoch 39/50 - Train Loss: 0.5613 - Train Metric: 0.7775
Epoch 39/50 - Val Metric: 0.7879
Epoch 40/50 - Train Loss: 0.5616 - Train Metric: 0.7772
Epoch 40/50 - Val Metric: 0.7853
Epoch 41/50 - Train Loss: 0.5604 - Train Metric: 0.7786
Epoch 41/50 - Val Metric: 0.7854
Epoch 42/50 - Train Loss: 0.5594 - Train Metric: 0.7794
Epoch 42/50 - Val Metric: 0.7856
Epoch 43/50 - Train Loss: 0.5600 - Train Metric: 0.7793
Epoch 43/50 - Val Metric: 0.7866
Epoch 44/50 - Train Loss: 0.5596 - Train Metric: 0.7797
Epoch 44/50 - Val Metric: 0.7852
Epoch 45/50 - Train Loss: 0.5585 - Train Metric: 0.7807
Epoch 45/50 - Val Metric: 0.7881
Epoch 46/50 - Train Loss: 0.5588 - Train Metric: 0.7799
Epoch 46/50 - Val Metric: 0.7880
Epoch 47/50 - Train Loss: 0.5595 - Train Metric: 0.7796
Epoch 47/50 - Val Metric: 0.7884
Epoch 48/50 - Train Loss: 0.5576 - Train Metric: 0.7816
Epoch 48/50 - Val Metric: 0.7868
Epoch 49/50 - Train Loss: 0.5575 - Train Metric: 0.7817
Epoch 49/50 - Val Metric: 0.7875
Epoch 50/50 - Train Loss: 0.5581 - Train Metric: 0.7809
Epoch 50/50 - Val Metric: 0.7887
Best val: 0.7887, Best test: 0.7834
Training set has 10617 instances
Validation set has 1327 instances
Test set has 1328 instances
Training set has 10617 instances
Validation set has 1327 instances
Test set has 1328 instances
Epoch 1/50 - Train Loss: 0.6959 - Train Metric: 0.5103
Epoch 1/50 - Val Metric: 0.6886
Epoch 2/50 - Train Loss: 0.6778 - Train Metric: 0.5804
Epoch 2/50 - Val Metric: 0.7033
Epoch 3/50 - Train Loss: 0.6113 - Train Metric: 0.6936
Epoch 3/50 - Val Metric: 0.7188
Epoch 4/50 - Train Loss: 0.5931 - Train Metric: 0.7133
Epoch 4/50 - Val Metric: 0.7304
Epoch 5/50 - Train Loss: 0.5910 - Train Metric: 0.7184
Epoch 5/50 - Val Metric: 0.7319
Epoch 6/50 - Train Loss: 0.5890 - Train Metric: 0.7255
Epoch 6/50 - Val Metric: 0.7340
Epoch 7/50 - Train Loss: 0.5872 - Train Metric: 0.7276
Epoch 7/50 - Val Metric: 0.7354
Epoch 8/50 - Train Loss: 0.5865 - Train Metric: 0.7301
Epoch 8/50 - Val Metric: 0.7380
Epoch 9/50 - Train Loss: 0.5836 - Train Metric: 0.7356
Epoch 9/50 - Val Metric: 0.7397
Epoch 10/50 - Train Loss: 0.5830 - Train Metric: 0.7382
Epoch 10/50 - Val Metric: 0.7346
Epoch 11/50 - Train Loss: 0.5830 - Train Metric: 0.7395
Epoch 11/50 - Val Metric: 0.7347
Epoch 12/50 - Train Loss: 0.5799 - Train Metric: 0.7438
Epoch 12/50 - Val Metric: 0.7437
Epoch 13/50 - Train Loss: 0.5776 - Train Metric: 0.7476
Epoch 13/50 - Val Metric: 0.7414
Epoch 14/50 - Train Loss: 0.5782 - Train Metric: 0.7500
Epoch 14/50 - Val Metric: 0.7430
Epoch 15/50 - Train Loss: 0.5763 - Train Metric: 0.7533
Epoch 15/50 - Val Metric: 0.7495
Epoch 16/50 - Train Loss: 0.5755 - Train Metric: 0.7560
Epoch 16/50 - Val Metric: 0.7572
Epoch 17/50 - Train Loss: 0.5731 - Train Metric: 0.7609
Epoch 17/50 - Val Metric: 0.7611
Epoch 18/50 - Train Loss: 0.5739 - Train Metric: 0.7582
Epoch 18/50 - Val Metric: 0.7594
Epoch 19/50 - Train Loss: 0.5717 - Train Metric: 0.7627
Epoch 19/50 - Val Metric: 0.7605
Epoch 20/50 - Train Loss: 0.5696 - Train Metric: 0.7649
Epoch 20/50 - Val Metric: 0.7657
Epoch 21/50 - Train Loss: 0.5688 - Train Metric: 0.7666
Epoch 21/50 - Val Metric: 0.7651
Epoch 22/50 - Train Loss: 0.5673 - Train Metric: 0.7682
Epoch 22/50 - Val Metric: 0.7664
Epoch 23/50 - Train Loss: 0.5663 - Train Metric: 0.7698
Epoch 23/50 - Val Metric: 0.7668
Epoch 24/50 - Train Loss: 0.5655 - Train Metric: 0.7714
Epoch 24/50 - Val Metric: 0.7667
Epoch 25/50 - Train Loss: 0.5662 - Train Metric: 0.7708
Epoch 25/50 - Val Metric: 0.7649
Training set has 10617 instances
Validation set has 1327 instances
Test set has 1328 instances
Epoch 1/50 - Train Loss: 0.6977 - Train Metric: 0.5075
Epoch 1/50 - Val Metric: 0.6823
Epoch 2/50 - Train Loss: 0.6921 - Train Metric: 0.5152
Epoch 2/50 - Val Metric: 0.6629
Epoch 3/50 - Train Loss: 0.6275 - Train Metric: 0.6843
Epoch 3/50 - Val Metric: 0.7059
Epoch 4/50 - Train Loss: 0.6022 - Train Metric: 0.7072
Epoch 4/50 - Val Metric: 0.7244
Epoch 5/50 - Train Loss: 0.5906 - Train Metric: 0.7246
Epoch 5/50 - Val Metric: 0.7333
Epoch 6/50 - Train Loss: 0.5869 - Train Metric: 0.7347
Epoch 6/50 - Val Metric: 0.7391
Epoch 7/50 - Train Loss: 0.5824 - Train Metric: 0.7391
Epoch 7/50 - Val Metric: 0.7423
Epoch 8/50 - Train Loss: 0.5803 - Train Metric: 0.7451
Epoch 8/50 - Val Metric: 0.7418
Epoch 9/50 - Train Loss: 0.5785 - Train Metric: 0.7456
Epoch 9/50 - Val Metric: 0.7464
Epoch 10/50 - Train Loss: 0.5775 - Train Metric: 0.7472
Epoch 10/50 - Val Metric: 0.7474
Epoch 11/50 - Train Loss: 0.5764 - Train Metric: 0.7514
Epoch 11/50 - Val Metric: 0.7519
Epoch 12/50 - Train Loss: 0.5743 - Train Metric: 0.7580
Epoch 12/50 - Val Metric: 0.7563
Epoch 13/50 - Train Loss: 0.5725 - Train Metric: 0.7591
Epoch 13/50 - Val Metric: 0.7581
Epoch 14/50 - Train Loss: 0.5714 - Train Metric: 0.7637
Epoch 14/50 - Val Metric: 0.7620
Epoch 15/50 - Train Loss: 0.5725 - Train Metric: 0.7617
Epoch 15/50 - Val Metric: 0.7628
Epoch 16/50 - Train Loss: 0.5684 - Train Metric: 0.7680
Epoch 16/50 - Val Metric: 0.7553
Epoch 17/50 - Train Loss: 0.5708 - Train Metric: 0.7640
Epoch 17/50 - Val Metric: 0.7635
Epoch 18/50 - Train Loss: 0.5680 - Train Metric: 0.7691
Epoch 18/50 - Val Metric: 0.7698
Epoch 19/50 - Train Loss: 0.5632 - Train Metric: 0.7752
Epoch 19/50 - Val Metric: 0.7656
Epoch 20/50 - Train Loss: 0.5675 - Train Metric: 0.7695
Epoch 20/50 - Val Metric: 0.7734
Epoch 21/50 - Train Loss: 0.5637 - Train Metric: 0.7739
Epoch 21/50 - Val Metric: 0.7733
Epoch 22/50 - Train Loss: 0.5632 - Train Metric: 0.7749
Epoch 22/50 - Val Metric: 0.7701
Epoch 23/50 - Train Loss: 0.5644 - Train Metric: 0.7731
Epoch 23/50 - Val Metric: 0.7715
Epoch 24/50 - Train Loss: 0.5587 - Train Metric: 0.7809
Epoch 24/50 - Val Metric: 0.7771
Epoch 25/50 - Train Loss: 0.5570 - Train Metric: 0.7833
Epoch 25/50 - Val Metric: 0.7813
Epoch 26/50 - Train Loss: 0.5589 - Train Metric: 0.7807
Epoch 26/50 - Val Metric: 0.7787
Epoch 27/50 - Train Loss: 0.5575 - Train Metric: 0.7821
Epoch 27/50 - Val Metric: 0.7810
Epoch 28/50 - Train Loss: 0.5555 - Train Metric: 0.7845
Epoch 28/50 - Val Metric: 0.7807
Epoch 29/50 - Train Loss: 0.5573 - Train Metric: 0.7822
Epoch 29/50 - Val Metric: 0.7804
Epoch 30/50 - Train Loss: 0.5557 - Train Metric: 0.7842
Epoch 30/50 - Val Metric: 0.7826
Epoch 31/50 - Train Loss: 0.5562 - Train Metric: 0.7832
Epoch 31/50 - Val Metric: 0.7849
Epoch 32/50 - Train Loss: 0.5548 - Train Metric: 0.7857
Epoch 32/50 - Val Metric: 0.7837
Epoch 33/50 - Train Loss: 0.5537 - Train Metric: 0.7862
Epoch 33/50 - Val Metric: 0.7822
Epoch 34/50 - Train Loss: 0.5558 - Train Metric: 0.7839
Epoch 34/50 - Val Metric: 0.7840
Epoch 35/50 - Train Loss: 0.5535 - Train Metric: 0.7858
Epoch 35/50 - Val Metric: 0.7832
Epoch 36/50 - Train Loss: 0.5522 - Train Metric: 0.7876
Epoch 36/50 - Val Metric: 0.7842
Epoch 37/50 - Train Loss: 0.5545 - Train Metric: 0.7851
Epoch 37/50 - Val Metric: 0.7794
Epoch 38/50 - Train Loss: 0.5520 - Train Metric: 0.7883
Epoch 38/50 - Val Metric: 0.7835
Epoch 39/50 - Train Loss: 0.5516 - Train Metric: 0.7884
Epoch 39/50 - Val Metric: 0.7844
Epoch 40/50 - Train Loss: 0.5526 - Train Metric: 0.7870
Epoch 40/50 - Val Metric: 0.7830
Epoch 41/50 - Train Loss: 0.5516 - Train Metric: 0.7885
Epoch 41/50 - Val Metric: 0.7823
Epoch 42/50 - Train Loss: 0.5519 - Train Metric: 0.7879
Epoch 42/50 - Val Metric: 0.7815
Epoch 43/50 - Train Loss: 0.5499 - Train Metric: 0.7902
Epoch 43/50 - Val Metric: 0.7828
Epoch 44/50 - Train Loss: 0.5498 - Train Metric: 0.7899
Epoch 44/50 - Val Metric: 0.7840
Epoch 45/50 - Train Loss: 0.5505 - Train Metric: 0.7895
Epoch 45/50 - Val Metric: 0.7856
Epoch 46/50 - Train Loss: 0.5506 - Train Metric: 0.7887
Epoch 46/50 - Val Metric: 0.7841
Epoch 47/50 - Train Loss: 0.5501 - Train Metric: 0.7898
Epoch 47/50 - Val Metric: 0.7845
Epoch 48/50 - Train Loss: 0.5502 - Train Metric: 0.7892
Epoch 48/50 - Val Metric: 0.7847
Epoch 49/50 - Train Loss: 0.5479 - Train Metric: 0.7913
Epoch 49/50 - Val Metric: 0.7835
Epoch 50/50 - Train Loss: 0.5463 - Train Metric: 0.7925
Epoch 50/50 - Val Metric: 0.7854
Best val: 0.7856, Best test: 0.7709
Training set has 10617 instances
Validation set has 1327 instances
Test set has 1328 instances
Epoch 1/50 - Train Loss: 0.6949 - Train Metric: 0.5076
Epoch 1/50 - Val Metric: 0.6570
Epoch 2/50 - Train Loss: 0.6913 - Train Metric: 0.5431
Epoch 2/50 - Val Metric: 0.6611
Epoch 3/50 - Train Loss: 0.6257 - Train Metric: 0.6882
Epoch 3/50 - Val Metric: 0.7168
Epoch 4/50 - Train Loss: 0.5951 - Train Metric: 0.7192
Epoch 4/50 - Val Metric: 0.7317
Epoch 5/50 - Train Loss: 0.5877 - Train Metric: 0.7314
Epoch 5/50 - Val Metric: 0.7387
Epoch 6/50 - Train Loss: 0.5792 - Train Metric: 0.7503
Epoch 6/50 - Val Metric: 0.7479
Epoch 7/50 - Train Loss: 0.5719 - Train Metric: 0.7628
Epoch 7/50 - Val Metric: 0.7474
Epoch 8/50 - Train Loss: 0.5733 - Train Metric: 0.7581
Epoch 8/50 - Val Metric: 0.7456
Epoch 9/50 - Train Loss: 0.5704 - Train Metric: 0.7629
Epoch 9/50 - Val Metric: 0.7506
Epoch 10/50 - Train Loss: 0.5671 - Train Metric: 0.7680
Epoch 10/50 - Val Metric: 0.7504
Epoch 11/50 - Train Loss: 0.5651 - Train Metric: 0.7719
Epoch 11/50 - Val Metric: 0.7491
Epoch 12/50 - Train Loss: 0.5687 - Train Metric: 0.7657
Epoch 12/50 - Val Metric: 0.7529
Epoch 13/50 - Train Loss: 0.5721 - Train Metric: 0.7623
Epoch 13/50 - Val Metric: 0.7526
Epoch 14/50 - Train Loss: 0.5660 - Train Metric: 0.7712
Epoch 14/50 - Val Metric: 0.7529
Epoch 15/50 - Train Loss: 0.5655 - Train Metric: 0.7715
Epoch 15/50 - Val Metric: 0.7596
Epoch 16/50 - Train Loss: 0.5607 - Train Metric: 0.7776
Epoch 16/50 - Val Metric: 0.7557
Epoch 17/50 - Train Loss: 0.5682 - Train Metric: 0.7674
Epoch 17/50 - Val Metric: 0.7550
Epoch 18/50 - Train Loss: 0.5633 - Train Metric: 0.7743
Epoch 18/50 - Val Metric: 0.7590
Epoch 19/50 - Train Loss: 0.5617 - Train Metric: 0.7760
Epoch 19/50 - Val Metric: 0.7542
Epoch 20/50 - Train Loss: 0.5607 - Train Metric: 0.7780
Epoch 20/50 - Val Metric: 0.7585
Training set has 10617 instances
Validation set has 1327 instances
Test set has 1328 instances
Epoch 1/50 - Train Loss: 0.7480 - Train Metric: 0.4978
Epoch 1/50 - Val Metric: 0.6363
Epoch 2/50 - Train Loss: 0.6970 - Train Metric: 0.5004
Epoch 2/50 - Val Metric: 0.6594
Training set has 10617 instances
Validation set has 1327 instances
Test set has 1328 instances
Epoch 1/50 - Train Loss: 0.6956 - Train Metric: 0.5040
Epoch 1/50 - Val Metric: 0.6505
Epoch 2/50 - Train Loss: 0.6798 - Train Metric: 0.5747
Epoch 2/50 - Val Metric: 0.7084
Epoch 3/50 - Train Loss: 0.5991 - Train Metric: 0.7078
Epoch 3/50 - Val Metric: 0.7209
Epoch 4/50 - Train Loss: 0.5833 - Train Metric: 0.7373
Epoch 4/50 - Val Metric: 0.7242
Epoch 5/50 - Train Loss: 0.5838 - Train Metric: 0.7408
Epoch 5/50 - Val Metric: 0.7211
Epoch 6/50 - Train Loss: 0.5820 - Train Metric: 0.7458
Epoch 6/50 - Val Metric: 0.7454
Epoch 7/50 - Train Loss: 0.5730 - Train Metric: 0.7583
Epoch 7/50 - Val Metric: 0.7555
Epoch 8/50 - Train Loss: 0.5712 - Train Metric: 0.7632
Epoch 8/50 - Val Metric: 0.7546
Epoch 9/50 - Train Loss: 0.5666 - Train Metric: 0.7691
Epoch 9/50 - Val Metric: 0.7577
Epoch 10/50 - Train Loss: 0.5654 - Train Metric: 0.7708
Epoch 10/50 - Val Metric: 0.7553
Epoch 11/50 - Train Loss: 0.5643 - Train Metric: 0.7726
Epoch 11/50 - Val Metric: 0.7629
Epoch 12/50 - Train Loss: 0.5635 - Train Metric: 0.7738
Epoch 12/50 - Val Metric: 0.7582
Epoch 13/50 - Train Loss: 0.5624 - Train Metric: 0.7749
Epoch 13/50 - Val Metric: 0.7595
Epoch 14/50 - Train Loss: 0.5613 - Train Metric: 0.7753
Epoch 14/50 - Val Metric: 0.7612
Epoch 15/50 - Train Loss: 0.5609 - Train Metric: 0.7763
Epoch 15/50 - Val Metric: 0.7614
Epoch 16/50 - Train Loss: 0.5592 - Train Metric: 0.7791
Epoch 16/50 - Val Metric: 0.7651
Epoch 17/50 - Train Loss: 0.5571 - Train Metric: 0.7810
Epoch 17/50 - Val Metric: 0.7678
Epoch 18/50 - Train Loss: 0.5624 - Train Metric: 0.7758
Epoch 18/50 - Val Metric: 0.7658
Epoch 19/50 - Train Loss: 0.5624 - Train Metric: 0.7753
Epoch 19/50 - Val Metric: 0.7676
Epoch 20/50 - Train Loss: 0.5560 - Train Metric: 0.7829
Epoch 20/50 - Val Metric: 0.7707
Epoch 21/50 - Train Loss: 0.5549 - Train Metric: 0.7844
Epoch 21/50 - Val Metric: 0.7681
Epoch 22/50 - Train Loss: 0.5556 - Train Metric: 0.7837
Epoch 22/50 - Val Metric: 0.7674
Epoch 23/50 - Train Loss: 0.5540 - Train Metric: 0.7841
Epoch 23/50 - Val Metric: 0.7701
Epoch 24/50 - Train Loss: 0.5527 - Train Metric: 0.7865
Epoch 24/50 - Val Metric: 0.7683
Epoch 25/50 - Train Loss: 0.5512 - Train Metric: 0.7880
Epoch 25/50 - Val Metric: 0.7736
Epoch 26/50 - Train Loss: 0.5521 - Train Metric: 0.7872
Epoch 26/50 - Val Metric: 0.7649
Epoch 27/50 - Train Loss: 0.5511 - Train Metric: 0.7879
Epoch 27/50 - Val Metric: 0.7707
Epoch 28/50 - Train Loss: 0.5497 - Train Metric: 0.7897
Epoch 28/50 - Val Metric: 0.7700
Hyper-parameter search done. Found the best config.
Repeat experiments 5 times with the best train config {'batch_size': 128, 'gamma_rate': 0.95, 'base_lr': 0.001} and model config {'num_heads': 4, 'num_layers': 6, 'num_latents': 32, 'hidden_dim': 32, 'mlp_ratio': 2, 'dropout_prob': 0, 'top_k': 3}.
Training set has 10617 instances
Validation set has 1327 instances
Test set has 1328 instances
Epoch 1/50 - Train Loss: 0.6965 - Train Metric: 0.5015
Epoch 1/50 - Val Metric: 0.6400
Epoch 2/50 - Train Loss: 0.6770 - Train Metric: 0.5743
Epoch 2/50 - Val Metric: 0.6877
Epoch 3/50 - Train Loss: 0.6193 - Train Metric: 0.6905
Epoch 3/50 - Val Metric: 0.7284
Epoch 4/50 - Train Loss: 0.5970 - Train Metric: 0.7250
Epoch 4/50 - Val Metric: 0.7519
Epoch 5/50 - Train Loss: 0.5843 - Train Metric: 0.7430
Epoch 5/50 - Val Metric: 0.7742
Epoch 6/50 - Train Loss: 0.5782 - Train Metric: 0.7549
Epoch 6/50 - Val Metric: 0.7771
Epoch 7/50 - Train Loss: 0.5733 - Train Metric: 0.7611
Epoch 7/50 - Val Metric: 0.7761
Epoch 8/50 - Train Loss: 0.5721 - Train Metric: 0.7632
Epoch 8/50 - Val Metric: 0.7788
Epoch 9/50 - Train Loss: 0.5717 - Train Metric: 0.7640
Epoch 9/50 - Val Metric: 0.7822
Epoch 10/50 - Train Loss: 0.5675 - Train Metric: 0.7693
Epoch 10/50 - Val Metric: 0.7820
Epoch 11/50 - Train Loss: 0.5669 - Train Metric: 0.7711
Epoch 11/50 - Val Metric: 0.7855
Epoch 12/50 - Train Loss: 0.5660 - Train Metric: 0.7713
Epoch 12/50 - Val Metric: 0.7831
Epoch 13/50 - Train Loss: 0.5622 - Train Metric: 0.7767
Epoch 13/50 - Val Metric: 0.7846
Epoch 14/50 - Train Loss: 0.5625 - Train Metric: 0.7763
Epoch 14/50 - Val Metric: 0.7839
Epoch 15/50 - Train Loss: 0.5620 - Train Metric: 0.7770
Epoch 15/50 - Val Metric: 0.7867
Epoch 16/50 - Train Loss: 0.5624 - Train Metric: 0.7764
Epoch 16/50 - Val Metric: 0.7861
Epoch 17/50 - Train Loss: 0.5600 - Train Metric: 0.7790
Epoch 17/50 - Val Metric: 0.7877
Epoch 18/50 - Train Loss: 0.5597 - Train Metric: 0.7795
Epoch 18/50 - Val Metric: 0.7846
Epoch 19/50 - Train Loss: 0.5602 - Train Metric: 0.7787
Epoch 19/50 - Val Metric: 0.7849
Epoch 20/50 - Train Loss: 0.5600 - Train Metric: 0.7791
Epoch 20/50 - Val Metric: 0.7865
Epoch 21/50 - Train Loss: 0.5580 - Train Metric: 0.7817
Epoch 21/50 - Val Metric: 0.7864
Epoch 22/50 - Train Loss: 0.5567 - Train Metric: 0.7829
Epoch 22/50 - Val Metric: 0.7868
Epoch 23/50 - Train Loss: 0.5556 - Train Metric: 0.7845
Epoch 23/50 - Val Metric: 0.7850
Epoch 24/50 - Train Loss: 0.5565 - Train Metric: 0.7835
Epoch 24/50 - Val Metric: 0.7880
Epoch 25/50 - Train Loss: 0.5566 - Train Metric: 0.7831
Epoch 25/50 - Val Metric: 0.7882
Epoch 26/50 - Train Loss: 0.5563 - Train Metric: 0.7836
Epoch 26/50 - Val Metric: 0.7884
Epoch 27/50 - Train Loss: 0.5565 - Train Metric: 0.7830
Epoch 27/50 - Val Metric: 0.7862
Epoch 28/50 - Train Loss: 0.5542 - Train Metric: 0.7854
Epoch 28/50 - Val Metric: 0.7881
Epoch 29/50 - Train Loss: 0.5557 - Train Metric: 0.7839
Epoch 29/50 - Val Metric: 0.7885
Epoch 30/50 - Train Loss: 0.5564 - Train Metric: 0.7827
Epoch 30/50 - Val Metric: 0.7889
Epoch 31/50 - Train Loss: 0.5558 - Train Metric: 0.7836
Epoch 31/50 - Val Metric: 0.7881
Epoch 32/50 - Train Loss: 0.5536 - Train Metric: 0.7858
Epoch 32/50 - Val Metric: 0.7884
Epoch 33/50 - Train Loss: 0.5532 - Train Metric: 0.7863
Epoch 33/50 - Val Metric: 0.7877
Epoch 34/50 - Train Loss: 0.5536 - Train Metric: 0.7858
Epoch 34/50 - Val Metric: 0.7882
Epoch 35/50 - Train Loss: 0.5530 - Train Metric: 0.7863
Epoch 35/50 - Val Metric: 0.7883
Epoch 36/50 - Train Loss: 0.5519 - Train Metric: 0.7881
Epoch 36/50 - Val Metric: 0.7886
Epoch 37/50 - Train Loss: 0.5529 - Train Metric: 0.7867
Epoch 37/50 - Val Metric: 0.7886
Epoch 38/50 - Train Loss: 0.5515 - Train Metric: 0.7881
Epoch 38/50 - Val Metric: 0.7881
Epoch 39/50 - Train Loss: 0.5527 - Train Metric: 0.7862
Epoch 39/50 - Val Metric: 0.7893
Epoch 40/50 - Train Loss: 0.5520 - Train Metric: 0.7874
Epoch 40/50 - Val Metric: 0.7896
Epoch 41/50 - Train Loss: 0.5507 - Train Metric: 0.7890
Epoch 41/50 - Val Metric: 0.7893
Epoch 42/50 - Train Loss: 0.5516 - Train Metric: 0.7880
Epoch 42/50 - Val Metric: 0.7893
Epoch 43/50 - Train Loss: 0.5502 - Train Metric: 0.7894
Epoch 43/50 - Val Metric: 0.7882
Epoch 44/50 - Train Loss: 0.5514 - Train Metric: 0.7880
Epoch 44/50 - Val Metric: 0.7882
Epoch 45/50 - Train Loss: 0.5502 - Train Metric: 0.7895
Epoch 45/50 - Val Metric: 0.7892
Epoch 46/50 - Train Loss: 0.5499 - Train Metric: 0.7897
Epoch 46/50 - Val Metric: 0.7894
Epoch 47/50 - Train Loss: 0.5499 - Train Metric: 0.7899
Epoch 47/50 - Val Metric: 0.7892
Epoch 48/50 - Train Loss: 0.5487 - Train Metric: 0.7907
Epoch 48/50 - Val Metric: 0.7872
Epoch 49/50 - Train Loss: 0.5493 - Train Metric: 0.7901
Epoch 49/50 - Val Metric: 0.7905
Epoch 50/50 - Train Loss: 0.5502 - Train Metric: 0.7895
Epoch 50/50 - Val Metric: 0.7905
Best val: 0.7905, Best test: 0.7728
Training set has 10617 instances
Validation set has 1327 instances
Test set has 1328 instances
Epoch 1/50 - Train Loss: 0.6978 - Train Metric: 0.5056
Epoch 1/50 - Val Metric: 0.6635
Epoch 2/50 - Train Loss: 0.6942 - Train Metric: 0.5014
Epoch 2/50 - Val Metric: 0.7112
Epoch 3/50 - Train Loss: 0.6429 - Train Metric: 0.6570
Epoch 3/50 - Val Metric: 0.7509
Epoch 4/50 - Train Loss: 0.5966 - Train Metric: 0.7198
Epoch 4/50 - Val Metric: 0.7583
Epoch 5/50 - Train Loss: 0.5918 - Train Metric: 0.7218
Epoch 5/50 - Val Metric: 0.7637
Epoch 6/50 - Train Loss: 0.5870 - Train Metric: 0.7337
Epoch 6/50 - Val Metric: 0.7703
Epoch 7/50 - Train Loss: 0.5856 - Train Metric: 0.7421
Epoch 7/50 - Val Metric: 0.7799
Epoch 8/50 - Train Loss: 0.5834 - Train Metric: 0.7480
Epoch 8/50 - Val Metric: 0.7803
Epoch 9/50 - Train Loss: 0.5817 - Train Metric: 0.7529
Epoch 9/50 - Val Metric: 0.7884
Epoch 10/50 - Train Loss: 0.5760 - Train Metric: 0.7586
Epoch 10/50 - Val Metric: 0.7860
Epoch 11/50 - Train Loss: 0.5754 - Train Metric: 0.7595
Epoch 11/50 - Val Metric: 0.7929
Epoch 12/50 - Train Loss: 0.5703 - Train Metric: 0.7666
Epoch 12/50 - Val Metric: 0.7942
Epoch 13/50 - Train Loss: 0.5715 - Train Metric: 0.7655
Epoch 13/50 - Val Metric: 0.7970
Epoch 14/50 - Train Loss: 0.5721 - Train Metric: 0.7655
Epoch 14/50 - Val Metric: 0.7951
Epoch 15/50 - Train Loss: 0.5706 - Train Metric: 0.7666
Epoch 15/50 - Val Metric: 0.7894
Epoch 16/50 - Train Loss: 0.5687 - Train Metric: 0.7687
Epoch 16/50 - Val Metric: 0.8062
Epoch 17/50 - Train Loss: 0.5662 - Train Metric: 0.7721
Epoch 17/50 - Val Metric: 0.8099
Epoch 18/50 - Train Loss: 0.5652 - Train Metric: 0.7736
Epoch 18/50 - Val Metric: 0.8087
Epoch 19/50 - Train Loss: 0.5670 - Train Metric: 0.7699
Epoch 19/50 - Val Metric: 0.8116
Epoch 20/50 - Train Loss: 0.5656 - Train Metric: 0.7727
Epoch 20/50 - Val Metric: 0.8118
Epoch 21/50 - Train Loss: 0.5630 - Train Metric: 0.7760
Epoch 21/50 - Val Metric: 0.8037
Epoch 22/50 - Train Loss: 0.5633 - Train Metric: 0.7758
Epoch 22/50 - Val Metric: 0.8138
Epoch 23/50 - Train Loss: 0.5635 - Train Metric: 0.7749
Epoch 23/50 - Val Metric: 0.8126
Epoch 24/50 - Train Loss: 0.5616 - Train Metric: 0.7775
Epoch 24/50 - Val Metric: 0.8079
Epoch 25/50 - Train Loss: 0.5608 - Train Metric: 0.7785
Epoch 25/50 - Val Metric: 0.8143
Epoch 26/50 - Train Loss: 0.5616 - Train Metric: 0.7774
Epoch 26/50 - Val Metric: 0.8023
Epoch 27/50 - Train Loss: 0.5596 - Train Metric: 0.7796
Epoch 27/50 - Val Metric: 0.8141
Epoch 28/50 - Train Loss: 0.5600 - Train Metric: 0.7792
Epoch 28/50 - Val Metric: 0.8094
Epoch 29/50 - Train Loss: 0.5591 - Train Metric: 0.7802
Epoch 29/50 - Val Metric: 0.8130
Epoch 30/50 - Train Loss: 0.5590 - Train Metric: 0.7803
Epoch 30/50 - Val Metric: 0.8161
Epoch 31/50 - Train Loss: 0.5571 - Train Metric: 0.7821
Epoch 31/50 - Val Metric: 0.8140
Epoch 32/50 - Train Loss: 0.5575 - Train Metric: 0.7815
Epoch 32/50 - Val Metric: 0.8135
Epoch 33/50 - Train Loss: 0.5578 - Train Metric: 0.7812
Epoch 33/50 - Val Metric: 0.8144
Epoch 34/50 - Train Loss: 0.5566 - Train Metric: 0.7830
Epoch 34/50 - Val Metric: 0.8143
Epoch 35/50 - Train Loss: 0.5557 - Train Metric: 0.7836
Epoch 35/50 - Val Metric: 0.8138
Epoch 36/50 - Train Loss: 0.5565 - Train Metric: 0.7828
Epoch 36/50 - Val Metric: 0.8123
Epoch 37/50 - Train Loss: 0.5566 - Train Metric: 0.7827
Epoch 37/50 - Val Metric: 0.8096
Epoch 38/50 - Train Loss: 0.5553 - Train Metric: 0.7841
Epoch 38/50 - Val Metric: 0.8138
Epoch 39/50 - Train Loss: 0.5557 - Train Metric: 0.7837
Epoch 39/50 - Val Metric: 0.8118
Epoch 40/50 - Train Loss: 0.5548 - Train Metric: 0.7849
Epoch 40/50 - Val Metric: 0.8126
Epoch 41/50 - Train Loss: 0.5543 - Train Metric: 0.7854
Epoch 41/50 - Val Metric: 0.8113
Epoch 42/50 - Train Loss: 0.5535 - Train Metric: 0.7857
Epoch 42/50 - Val Metric: 0.8158
Epoch 43/50 - Train Loss: 0.5526 - Train Metric: 0.7872
Epoch 43/50 - Val Metric: 0.8123
Epoch 44/50 - Train Loss: 0.5536 - Train Metric: 0.7855
Epoch 44/50 - Val Metric: 0.8112
Epoch 45/50 - Train Loss: 0.5526 - Train Metric: 0.7867
Epoch 45/50 - Val Metric: 0.8138
Epoch 46/50 - Train Loss: 0.5523 - Train Metric: 0.7869
Epoch 46/50 - Val Metric: 0.8106
Epoch 47/50 - Train Loss: 0.5521 - Train Metric: 0.7872
Epoch 47/50 - Val Metric: 0.8121
Epoch 48/50 - Train Loss: 0.5499 - Train Metric: 0.7893
Epoch 48/50 - Val Metric: 0.8116
Epoch 49/50 - Train Loss: 0.5514 - Train Metric: 0.7878
Epoch 49/50 - Val Metric: 0.8117
Epoch 50/50 - Train Loss: 0.5506 - Train Metric: 0.7887
Epoch 50/50 - Val Metric: 0.8113
Best val: 0.8161, Best test: 0.7996
Training set has 10617 instances
Validation set has 1327 instances
Test set has 1328 instances
Epoch 1/50 - Train Loss: 0.6978 - Train Metric: 0.5013
Epoch 1/50 - Val Metric: 0.6650
Epoch 2/50 - Train Loss: 0.6938 - Train Metric: 0.5040
Epoch 2/50 - Val Metric: 0.7020
Epoch 3/50 - Train Loss: 0.6445 - Train Metric: 0.6224
Epoch 3/50 - Val Metric: 0.7362
Epoch 4/50 - Train Loss: 0.5987 - Train Metric: 0.7059
Epoch 4/50 - Val Metric: 0.7417
Epoch 5/50 - Train Loss: 0.5892 - Train Metric: 0.7202
Epoch 5/50 - Val Metric: 0.7407
Epoch 6/50 - Train Loss: 0.5874 - Train Metric: 0.7237
Epoch 6/50 - Val Metric: 0.7461
Epoch 7/50 - Train Loss: 0.5868 - Train Metric: 0.7284
Epoch 7/50 - Val Metric: 0.7493
Epoch 8/50 - Train Loss: 0.5823 - Train Metric: 0.7372
Epoch 8/50 - Val Metric: 0.7537
Epoch 9/50 - Train Loss: 0.5821 - Train Metric: 0.7338
Epoch 9/50 - Val Metric: 0.7554
Epoch 10/50 - Train Loss: 0.5844 - Train Metric: 0.7318
Epoch 10/50 - Val Metric: 0.7580
Epoch 11/50 - Train Loss: 0.5848 - Train Metric: 0.7325
Epoch 11/50 - Val Metric: 0.7570
Epoch 12/50 - Train Loss: 0.5829 - Train Metric: 0.7303
Epoch 12/50 - Val Metric: 0.7537
Epoch 13/50 - Train Loss: 0.5837 - Train Metric: 0.7300
Epoch 13/50 - Val Metric: 0.7576
Epoch 14/50 - Train Loss: 0.5791 - Train Metric: 0.7404
Epoch 14/50 - Val Metric: 0.7590
Epoch 15/50 - Train Loss: 0.5803 - Train Metric: 0.7404
Epoch 15/50 - Val Metric: 0.7617
Epoch 16/50 - Train Loss: 0.5776 - Train Metric: 0.7463
Epoch 16/50 - Val Metric: 0.7656
Epoch 17/50 - Train Loss: 0.5778 - Train Metric: 0.7450
Epoch 17/50 - Val Metric: 0.7659
Epoch 18/50 - Train Loss: 0.5755 - Train Metric: 0.7535
Epoch 18/50 - Val Metric: 0.7695
Epoch 19/50 - Train Loss: 0.5735 - Train Metric: 0.7596
Epoch 19/50 - Val Metric: 0.7671
Epoch 20/50 - Train Loss: 0.5704 - Train Metric: 0.7639
Epoch 20/50 - Val Metric: 0.7712
Epoch 21/50 - Train Loss: 0.5684 - Train Metric: 0.7672
Epoch 21/50 - Val Metric: 0.7729
Epoch 22/50 - Train Loss: 0.5712 - Train Metric: 0.7632
Epoch 22/50 - Val Metric: 0.7738
Epoch 23/50 - Train Loss: 0.5676 - Train Metric: 0.7692
Epoch 23/50 - Val Metric: 0.7690
Epoch 24/50 - Train Loss: 0.5663 - Train Metric: 0.7711
Epoch 24/50 - Val Metric: 0.7737
Epoch 25/50 - Train Loss: 0.5663 - Train Metric: 0.7717
Epoch 25/50 - Val Metric: 0.7715
Epoch 26/50 - Train Loss: 0.5654 - Train Metric: 0.7717
Epoch 26/50 - Val Metric: 0.7741
Epoch 27/50 - Train Loss: 0.5658 - Train Metric: 0.7721
Epoch 27/50 - Val Metric: 0.7732
Epoch 28/50 - Train Loss: 0.5640 - Train Metric: 0.7738
Epoch 28/50 - Val Metric: 0.7720
Epoch 29/50 - Train Loss: 0.5640 - Train Metric: 0.7742
Epoch 29/50 - Val Metric: 0.7747
Epoch 30/50 - Train Loss: 0.5633 - Train Metric: 0.7744
Epoch 30/50 - Val Metric: 0.7758
Epoch 31/50 - Train Loss: 0.5604 - Train Metric: 0.7786
Epoch 31/50 - Val Metric: 0.7735
Epoch 32/50 - Train Loss: 0.5576 - Train Metric: 0.7812
Epoch 32/50 - Val Metric: 0.7765
Epoch 33/50 - Train Loss: 0.5592 - Train Metric: 0.7800
Epoch 33/50 - Val Metric: 0.7777
Epoch 34/50 - Train Loss: 0.5578 - Train Metric: 0.7810
Epoch 34/50 - Val Metric: 0.7789
Epoch 35/50 - Train Loss: 0.5562 - Train Metric: 0.7832
Epoch 35/50 - Val Metric: 0.7781
Epoch 36/50 - Train Loss: 0.5539 - Train Metric: 0.7855
Epoch 36/50 - Val Metric: 0.7799
Epoch 37/50 - Train Loss: 0.5534 - Train Metric: 0.7864
Epoch 37/50 - Val Metric: 0.7785
Epoch 38/50 - Train Loss: 0.5534 - Train Metric: 0.7869
Epoch 38/50 - Val Metric: 0.7759
Epoch 39/50 - Train Loss: 0.5550 - Train Metric: 0.7847
Epoch 39/50 - Val Metric: 0.7795
Epoch 40/50 - Train Loss: 0.5525 - Train Metric: 0.7874
Epoch 40/50 - Val Metric: 0.7794
Epoch 41/50 - Train Loss: 0.5516 - Train Metric: 0.7888
Epoch 41/50 - Val Metric: 0.7805
Epoch 42/50 - Train Loss: 0.5540 - Train Metric: 0.7861
Epoch 42/50 - Val Metric: 0.7810
Epoch 43/50 - Train Loss: 0.5522 - Train Metric: 0.7881
Epoch 43/50 - Val Metric: 0.7819
Epoch 44/50 - Train Loss: 0.5509 - Train Metric: 0.7892
Epoch 44/50 - Val Metric: 0.7802
Epoch 45/50 - Train Loss: 0.5510 - Train Metric: 0.7896
Epoch 45/50 - Val Metric: 0.7789
Epoch 46/50 - Train Loss: 0.5509 - Train Metric: 0.7894
Epoch 46/50 - Val Metric: 0.7820
Epoch 47/50 - Train Loss: 0.5509 - Train Metric: 0.7898
Epoch 47/50 - Val Metric: 0.7804
Epoch 48/50 - Train Loss: 0.5509 - Train Metric: 0.7896
Epoch 48/50 - Val Metric: 0.7818
Epoch 49/50 - Train Loss: 0.5495 - Train Metric: 0.7909
Epoch 49/50 - Val Metric: 0.7827
Epoch 50/50 - Train Loss: 0.5488 - Train Metric: 0.7920
Epoch 50/50 - Val Metric: 0.7822
Best val: 0.7827, Best test: 0.7948
Training set has 10617 instances
Validation set has 1327 instances
Test set has 1328 instances
Epoch 1/50 - Train Loss: 0.6944 - Train Metric: 0.5061
Epoch 1/50 - Val Metric: 0.6385
Epoch 2/50 - Train Loss: 0.6889 - Train Metric: 0.5254
Epoch 2/50 - Val Metric: 0.6778
Epoch 3/50 - Train Loss: 0.6125 - Train Metric: 0.6969
Epoch 3/50 - Val Metric: 0.7066
Epoch 4/50 - Train Loss: 0.5956 - Train Metric: 0.7126
Epoch 4/50 - Val Metric: 0.7100
Epoch 5/50 - Train Loss: 0.5912 - Train Metric: 0.7195
Epoch 5/50 - Val Metric: 0.7174
Epoch 6/50 - Train Loss: 0.5810 - Train Metric: 0.7397
Epoch 6/50 - Val Metric: 0.7311
Epoch 7/50 - Train Loss: 0.5772 - Train Metric: 0.7485
Epoch 7/50 - Val Metric: 0.7399
Epoch 8/50 - Train Loss: 0.5713 - Train Metric: 0.7628
Epoch 8/50 - Val Metric: 0.7518
Epoch 9/50 - Train Loss: 0.5693 - Train Metric: 0.7669
Epoch 9/50 - Val Metric: 0.7648
Epoch 10/50 - Train Loss: 0.5686 - Train Metric: 0.7685
Epoch 10/50 - Val Metric: 0.7620
Epoch 11/50 - Train Loss: 0.5659 - Train Metric: 0.7711
Epoch 11/50 - Val Metric: 0.7591
Epoch 12/50 - Train Loss: 0.5651 - Train Metric: 0.7716
Epoch 12/50 - Val Metric: 0.7601
Epoch 13/50 - Train Loss: 0.5617 - Train Metric: 0.7765
Epoch 13/50 - Val Metric: 0.7627
Epoch 14/50 - Train Loss: 0.5661 - Train Metric: 0.7718
Epoch 14/50 - Val Metric: 0.7643
Epoch 15/50 - Train Loss: 0.5603 - Train Metric: 0.7780
Epoch 15/50 - Val Metric: 0.7692
Epoch 16/50 - Train Loss: 0.5595 - Train Metric: 0.7793
Epoch 16/50 - Val Metric: 0.7701
Epoch 17/50 - Train Loss: 0.5577 - Train Metric: 0.7815
Epoch 17/50 - Val Metric: 0.7695
Epoch 18/50 - Train Loss: 0.5596 - Train Metric: 0.7793
Epoch 18/50 - Val Metric: 0.7672
Epoch 19/50 - Train Loss: 0.5573 - Train Metric: 0.7822
Epoch 19/50 - Val Metric: 0.7695
Epoch 20/50 - Train Loss: 0.5585 - Train Metric: 0.7805
Epoch 20/50 - Val Metric: 0.7691
Epoch 21/50 - Train Loss: 0.5579 - Train Metric: 0.7810
Epoch 21/50 - Val Metric: 0.7725
Epoch 22/50 - Train Loss: 0.5556 - Train Metric: 0.7839
Epoch 22/50 - Val Metric: 0.7682
Epoch 23/50 - Train Loss: 0.5552 - Train Metric: 0.7847
Epoch 23/50 - Val Metric: 0.7713
Epoch 24/50 - Train Loss: 0.5535 - Train Metric: 0.7870
Epoch 24/50 - Val Metric: 0.7717
Epoch 25/50 - Train Loss: 0.5538 - Train Metric: 0.7862
Epoch 25/50 - Val Metric: 0.7695
Epoch 26/50 - Train Loss: 0.5535 - Train Metric: 0.7860
Epoch 26/50 - Val Metric: 0.7708
Epoch 27/50 - Train Loss: 0.5525 - Train Metric: 0.7871
Epoch 27/50 - Val Metric: 0.7688
Epoch 28/50 - Train Loss: 0.5530 - Train Metric: 0.7870
Epoch 28/50 - Val Metric: 0.7677
Epoch 29/50 - Train Loss: 0.5522 - Train Metric: 0.7874
Epoch 29/50 - Val Metric: 0.7729
Epoch 30/50 - Train Loss: 0.5498 - Train Metric: 0.7901
Epoch 30/50 - Val Metric: 0.7731
Epoch 31/50 - Train Loss: 0.5515 - Train Metric: 0.7883
Epoch 31/50 - Val Metric: 0.7750
Epoch 32/50 - Train Loss: 0.5502 - Train Metric: 0.7901
Epoch 32/50 - Val Metric: 0.7735
Epoch 33/50 - Train Loss: 0.5500 - Train Metric: 0.7899
Epoch 33/50 - Val Metric: 0.7729
Epoch 34/50 - Train Loss: 0.5500 - Train Metric: 0.7900
Epoch 34/50 - Val Metric: 0.7722
Epoch 35/50 - Train Loss: 0.5488 - Train Metric: 0.7913
Epoch 35/50 - Val Metric: 0.7740
Epoch 36/50 - Train Loss: 0.5484 - Train Metric: 0.7914
Epoch 36/50 - Val Metric: 0.7743
Epoch 37/50 - Train Loss: 0.5472 - Train Metric: 0.7928
Epoch 37/50 - Val Metric: 0.7741
Epoch 38/50 - Train Loss: 0.5493 - Train Metric: 0.7908
Epoch 38/50 - Val Metric: 0.7760
Epoch 39/50 - Train Loss: 0.5468 - Train Metric: 0.7931
Epoch 39/50 - Val Metric: 0.7753
Epoch 40/50 - Train Loss: 0.5466 - Train Metric: 0.7931
Epoch 40/50 - Val Metric: 0.7761
Epoch 41/50 - Train Loss: 0.5466 - Train Metric: 0.7930
Epoch 41/50 - Val Metric: 0.7756
Epoch 42/50 - Train Loss: 0.5462 - Train Metric: 0.7936
Epoch 42/50 - Val Metric: 0.7750
Epoch 43/50 - Train Loss: 0.5455 - Train Metric: 0.7949
Epoch 43/50 - Val Metric: 0.7765
Epoch 44/50 - Train Loss: 0.5463 - Train Metric: 0.7937
Epoch 44/50 - Val Metric: 0.7765
Epoch 45/50 - Train Loss: 0.5461 - Train Metric: 0.7943
Epoch 45/50 - Val Metric: 0.7751
Epoch 46/50 - Train Loss: 0.5465 - Train Metric: 0.7935
Epoch 46/50 - Val Metric: 0.7753
Epoch 47/50 - Train Loss: 0.5450 - Train Metric: 0.7947
Epoch 47/50 - Val Metric: 0.7761
Epoch 48/50 - Train Loss: 0.5454 - Train Metric: 0.7944
Epoch 48/50 - Val Metric: 0.7763
Epoch 49/50 - Train Loss: 0.5442 - Train Metric: 0.7957
Epoch 49/50 - Val Metric: 0.7780
Epoch 50/50 - Train Loss: 0.5428 - Train Metric: 0.7968
Epoch 50/50 - Val Metric: 0.7771
Best val: 0.7780, Best test: 0.7648
Training set has 10617 instances
Validation set has 1327 instances
Test set has 1328 instances
Epoch 1/50 - Train Loss: 0.6988 - Train Metric: 0.4957
Epoch 1/50 - Val Metric: 0.6231
Epoch 2/50 - Train Loss: 0.6644 - Train Metric: 0.5841
Epoch 2/50 - Val Metric: 0.6722
Epoch 3/50 - Train Loss: 0.5951 - Train Metric: 0.7141
Epoch 3/50 - Val Metric: 0.7129
Epoch 4/50 - Train Loss: 0.5912 - Train Metric: 0.7120
Epoch 4/50 - Val Metric: 0.7119
Epoch 5/50 - Train Loss: 0.5824 - Train Metric: 0.7341
Epoch 5/50 - Val Metric: 0.7147
Epoch 6/50 - Train Loss: 0.5801 - Train Metric: 0.7353
Epoch 6/50 - Val Metric: 0.7211
Epoch 7/50 - Train Loss: 0.5782 - Train Metric: 0.7433
Epoch 7/50 - Val Metric: 0.7255
Epoch 8/50 - Train Loss: 0.5791 - Train Metric: 0.7374
Epoch 8/50 - Val Metric: 0.7267
Epoch 9/50 - Train Loss: 0.5769 - Train Metric: 0.7473
Epoch 9/50 - Val Metric: 0.7294
Epoch 10/50 - Train Loss: 0.5720 - Train Metric: 0.7569
Epoch 10/50 - Val Metric: 0.7349
Epoch 11/50 - Train Loss: 0.5725 - Train Metric: 0.7580
Epoch 11/50 - Val Metric: 0.7372
Epoch 12/50 - Train Loss: 0.5704 - Train Metric: 0.7613
Epoch 12/50 - Val Metric: 0.7426
Epoch 13/50 - Train Loss: 0.5706 - Train Metric: 0.7618
Epoch 13/50 - Val Metric: 0.7457
Epoch 14/50 - Train Loss: 0.5685 - Train Metric: 0.7643
Epoch 14/50 - Val Metric: 0.7447
Epoch 15/50 - Train Loss: 0.5682 - Train Metric: 0.7663
Epoch 15/50 - Val Metric: 0.7508
Epoch 16/50 - Train Loss: 0.5673 - Train Metric: 0.7672
Epoch 16/50 - Val Metric: 0.7467
Epoch 17/50 - Train Loss: 0.5655 - Train Metric: 0.7683
Epoch 17/50 - Val Metric: 0.7489
Epoch 18/50 - Train Loss: 0.5659 - Train Metric: 0.7694
Epoch 18/50 - Val Metric: 0.7536
Epoch 19/50 - Train Loss: 0.5650 - Train Metric: 0.7715
Epoch 19/50 - Val Metric: 0.7542
Epoch 20/50 - Train Loss: 0.5638 - Train Metric: 0.7729
Epoch 20/50 - Val Metric: 0.7569
Epoch 21/50 - Train Loss: 0.5623 - Train Metric: 0.7752
Epoch 21/50 - Val Metric: 0.7569
Epoch 22/50 - Train Loss: 0.5599 - Train Metric: 0.7788
Epoch 22/50 - Val Metric: 0.7585
Epoch 23/50 - Train Loss: 0.5607 - Train Metric: 0.7770
Epoch 23/50 - Val Metric: 0.7573
Epoch 24/50 - Train Loss: 0.5584 - Train Metric: 0.7797
Epoch 24/50 - Val Metric: 0.7565
Epoch 25/50 - Train Loss: 0.5589 - Train Metric: 0.7792
Epoch 25/50 - Val Metric: 0.7556
Epoch 26/50 - Train Loss: 0.5583 - Train Metric: 0.7806
Epoch 26/50 - Val Metric: 0.7597
Epoch 27/50 - Train Loss: 0.5556 - Train Metric: 0.7835
Epoch 27/50 - Val Metric: 0.7593
Epoch 28/50 - Train Loss: 0.5571 - Train Metric: 0.7819
Epoch 28/50 - Val Metric: 0.7591
Epoch 29/50 - Train Loss: 0.5575 - Train Metric: 0.7813
Epoch 29/50 - Val Metric: 0.7550
Epoch 30/50 - Train Loss: 0.5564 - Train Metric: 0.7826
Epoch 30/50 - Val Metric: 0.7601
Epoch 31/50 - Train Loss: 0.5545 - Train Metric: 0.7844
Epoch 31/50 - Val Metric: 0.7580
Epoch 32/50 - Train Loss: 0.5562 - Train Metric: 0.7826
Epoch 32/50 - Val Metric: 0.7547
Epoch 33/50 - Train Loss: 0.5537 - Train Metric: 0.7856
Epoch 33/50 - Val Metric: 0.7558
Epoch 34/50 - Train Loss: 0.5544 - Train Metric: 0.7844
Epoch 34/50 - Val Metric: 0.7567
Epoch 35/50 - Train Loss: 0.5553 - Train Metric: 0.7843
Epoch 35/50 - Val Metric: 0.7583
Epoch 36/50 - Train Loss: 0.5532 - Train Metric: 0.7857
Epoch 36/50 - Val Metric: 0.7580
Epoch 37/50 - Train Loss: 0.5523 - Train Metric: 0.7866
Epoch 37/50 - Val Metric: 0.7580
Epoch 38/50 - Train Loss: 0.5525 - Train Metric: 0.7868
Epoch 38/50 - Val Metric: 0.7580
Epoch 39/50 - Train Loss: 0.5512 - Train Metric: 0.7879
Epoch 39/50 - Val Metric: 0.7579
Epoch 40/50 - Train Loss: 0.5500 - Train Metric: 0.7898
Epoch 40/50 - Val Metric: 0.7554
Epoch 41/50 - Train Loss: 0.5497 - Train Metric: 0.7894
Epoch 41/50 - Val Metric: 0.7572
Epoch 42/50 - Train Loss: 0.5490 - Train Metric: 0.7903
Epoch 42/50 - Val Metric: 0.7568
Epoch 43/50 - Train Loss: 0.5493 - Train Metric: 0.7900
Epoch 43/50 - Val Metric: 0.7554
Epoch 44/50 - Train Loss: 0.5483 - Train Metric: 0.7912
Epoch 44/50 - Val Metric: 0.7559
Epoch 45/50 - Train Loss: 0.5492 - Train Metric: 0.7898
Epoch 45/50 - Val Metric: 0.7553
Epoch 46/50 - Train Loss: 0.5488 - Train Metric: 0.7904
Epoch 46/50 - Val Metric: 0.7570
Epoch 47/50 - Train Loss: 0.5463 - Train Metric: 0.7928
Epoch 47/50 - Val Metric: 0.7562
Epoch 48/50 - Train Loss: 0.5473 - Train Metric: 0.7918
Epoch 48/50 - Val Metric: 0.7562
Epoch 49/50 - Train Loss: 0.5475 - Train Metric: 0.7909
Epoch 49/50 - Val Metric: 0.7557
Epoch 50/50 - Train Loss: 0.5468 - Train Metric: 0.7923
Epoch 50/50 - Val Metric: 0.7575
Best val: 0.7601, Best test: 0.7820
[0.77277088 0.79964697 0.7947551  0.76481611 0.7819947 ]
