Hyper-parameter search via Optuna
Namespace(task_type='binary_classification', scale='small', idx=7, epochs=50, num_trials=20, num_repeats=5, seed=0, exp_name='MemPerceiver_ens', result_path='output/binary_classification/small/7/MemPerceiver_ens.pt')
Device: cuda
Start building binary_classification dataset_small_7
Training set has 10617 instances
Validation set has 1327 instances
Test set has 1328 instances
Epoch 1/50 - Train Loss: 0.6985 - Train Metric: 0.5105
Epoch 1/50 - Val Metric: 0.6046
Epoch 2/50 - Train Loss: 0.6955 - Train Metric: 0.5104
Epoch 2/50 - Val Metric: 0.6046
Epoch 3/50 - Train Loss: 0.6891 - Train Metric: 0.5514
Epoch 3/50 - Val Metric: 0.6126
Epoch 4/50 - Train Loss: 0.6692 - Train Metric: 0.6229
Epoch 4/50 - Val Metric: 0.6631
Epoch 5/50 - Train Loss: 0.6408 - Train Metric: 0.6715
Epoch 5/50 - Val Metric: 0.6897
Epoch 6/50 - Train Loss: 0.6289 - Train Metric: 0.6859
Epoch 6/50 - Val Metric: 0.6957
Epoch 7/50 - Train Loss: 0.6197 - Train Metric: 0.6932
Epoch 7/50 - Val Metric: 0.6972
Epoch 8/50 - Train Loss: 0.6147 - Train Metric: 0.6966
Epoch 8/50 - Val Metric: 0.6974
Epoch 9/50 - Train Loss: 0.6229 - Train Metric: 0.6888
Epoch 9/50 - Val Metric: 0.6945
Epoch 10/50 - Train Loss: 0.6131 - Train Metric: 0.6966
Epoch 10/50 - Val Metric: 0.7006
Epoch 11/50 - Train Loss: 0.6091 - Train Metric: 0.6994
Epoch 11/50 - Val Metric: 0.6995
Epoch 12/50 - Train Loss: 0.6105 - Train Metric: 0.7016
Epoch 12/50 - Val Metric: 0.7021
Epoch 13/50 - Train Loss: 0.6090 - Train Metric: 0.7000
Epoch 13/50 - Val Metric: 0.7024
Epoch 14/50 - Train Loss: 0.6079 - Train Metric: 0.6999
Epoch 14/50 - Val Metric: 0.7017
Epoch 15/50 - Train Loss: 0.6057 - Train Metric: 0.7058
Epoch 15/50 - Val Metric: 0.7029
Epoch 16/50 - Train Loss: 0.6052 - Train Metric: 0.7042
Epoch 16/50 - Val Metric: 0.7047
Epoch 17/50 - Train Loss: 0.6068 - Train Metric: 0.7017
Epoch 17/50 - Val Metric: 0.7056
Epoch 18/50 - Train Loss: 0.6037 - Train Metric: 0.7043
Epoch 18/50 - Val Metric: 0.7065
Epoch 19/50 - Train Loss: 0.6056 - Train Metric: 0.7036
Epoch 19/50 - Val Metric: 0.7064
Epoch 20/50 - Train Loss: 0.6029 - Train Metric: 0.7059
Epoch 20/50 - Val Metric: 0.7072
Epoch 21/50 - Train Loss: 0.6009 - Train Metric: 0.7036
Epoch 21/50 - Val Metric: 0.7074
Epoch 22/50 - Train Loss: 0.6018 - Train Metric: 0.7074
Epoch 22/50 - Val Metric: 0.7079
Epoch 23/50 - Train Loss: 0.6013 - Train Metric: 0.7093
Epoch 23/50 - Val Metric: 0.7087
Epoch 24/50 - Train Loss: 0.6008 - Train Metric: 0.7072
Epoch 24/50 - Val Metric: 0.7087
Epoch 25/50 - Train Loss: 0.6008 - Train Metric: 0.7066
Epoch 25/50 - Val Metric: 0.7093
Epoch 26/50 - Train Loss: 0.6030 - Train Metric: 0.7065
Epoch 26/50 - Val Metric: 0.7098
Epoch 27/50 - Train Loss: 0.6004 - Train Metric: 0.7106
Epoch 27/50 - Val Metric: 0.7100
Epoch 28/50 - Train Loss: 0.6012 - Train Metric: 0.7059
Epoch 28/50 - Val Metric: 0.7098
Epoch 29/50 - Train Loss: 0.5982 - Train Metric: 0.7126
Epoch 29/50 - Val Metric: 0.7101
Epoch 30/50 - Train Loss: 0.5999 - Train Metric: 0.7065
Epoch 30/50 - Val Metric: 0.7102
Epoch 31/50 - Train Loss: 0.5990 - Train Metric: 0.7086
Epoch 31/50 - Val Metric: 0.7104
Epoch 32/50 - Train Loss: 0.6027 - Train Metric: 0.7082
Epoch 32/50 - Val Metric: 0.7102
Epoch 33/50 - Train Loss: 0.6008 - Train Metric: 0.7062
Epoch 33/50 - Val Metric: 0.7113
Epoch 34/50 - Train Loss: 0.5998 - Train Metric: 0.7084
Epoch 34/50 - Val Metric: 0.7112
Epoch 35/50 - Train Loss: 0.6008 - Train Metric: 0.7116
Epoch 35/50 - Val Metric: 0.7107
Epoch 36/50 - Train Loss: 0.6003 - Train Metric: 0.7108
Epoch 36/50 - Val Metric: 0.7109
Epoch 37/50 - Train Loss: 0.5988 - Train Metric: 0.7082
Epoch 37/50 - Val Metric: 0.7108
Epoch 38/50 - Train Loss: 0.5991 - Train Metric: 0.7093
Epoch 38/50 - Val Metric: 0.7114
Epoch 39/50 - Train Loss: 0.5995 - Train Metric: 0.7091
Epoch 39/50 - Val Metric: 0.7114
Epoch 40/50 - Train Loss: 0.6016 - Train Metric: 0.7075
Epoch 40/50 - Val Metric: 0.7114
Epoch 41/50 - Train Loss: 0.5984 - Train Metric: 0.7085
Epoch 41/50 - Val Metric: 0.7116
Epoch 42/50 - Train Loss: 0.6002 - Train Metric: 0.7070
Epoch 42/50 - Val Metric: 0.7112
Epoch 43/50 - Train Loss: 0.6004 - Train Metric: 0.7074
Epoch 43/50 - Val Metric: 0.7119
Epoch 44/50 - Train Loss: 0.5983 - Train Metric: 0.7101
Epoch 44/50 - Val Metric: 0.7121
Epoch 45/50 - Train Loss: 0.5993 - Train Metric: 0.7117
Epoch 45/50 - Val Metric: 0.7117
Epoch 46/50 - Train Loss: 0.5983 - Train Metric: 0.7118
Epoch 46/50 - Val Metric: 0.7119
Epoch 47/50 - Train Loss: 0.6004 - Train Metric: 0.7115
Epoch 47/50 - Val Metric: 0.7123
Epoch 48/50 - Train Loss: 0.6005 - Train Metric: 0.7037
Epoch 48/50 - Val Metric: 0.7124
Epoch 49/50 - Train Loss: 0.5964 - Train Metric: 0.7151
Epoch 49/50 - Val Metric: 0.7128
Epoch 50/50 - Train Loss: 0.5974 - Train Metric: 0.7143
Epoch 50/50 - Val Metric: 0.7131
Best val: 0.7131, Best test: 0.7120
Training set has 10617 instances
Validation set has 1327 instances
Test set has 1328 instances
Epoch 1/50 - Train Loss: 0.6981 - Train Metric: 0.5131
Epoch 1/50 - Val Metric: 0.7012
Epoch 2/50 - Train Loss: 0.6423 - Train Metric: 0.6471
Epoch 2/50 - Val Metric: 0.7382
Epoch 3/50 - Train Loss: 0.5969 - Train Metric: 0.7105
Epoch 3/50 - Val Metric: 0.7453
Epoch 4/50 - Train Loss: 0.5841 - Train Metric: 0.7446
Epoch 4/50 - Val Metric: 0.7520
Epoch 5/50 - Train Loss: 0.5789 - Train Metric: 0.7549
Epoch 5/50 - Val Metric: 0.7611
Epoch 6/50 - Train Loss: 0.5735 - Train Metric: 0.7622
Epoch 6/50 - Val Metric: 0.7650
Epoch 7/50 - Train Loss: 0.5689 - Train Metric: 0.7693
Epoch 7/50 - Val Metric: 0.7673
Epoch 8/50 - Train Loss: 0.5744 - Train Metric: 0.7605
Epoch 8/50 - Val Metric: 0.7695
Epoch 9/50 - Train Loss: 0.5680 - Train Metric: 0.7703
Epoch 9/50 - Val Metric: 0.7693
Epoch 10/50 - Train Loss: 0.5686 - Train Metric: 0.7704
Epoch 10/50 - Val Metric: 0.7684
Epoch 11/50 - Train Loss: 0.5647 - Train Metric: 0.7751
Epoch 11/50 - Val Metric: 0.7664
Epoch 12/50 - Train Loss: 0.5637 - Train Metric: 0.7762
Epoch 12/50 - Val Metric: 0.7663
Epoch 13/50 - Train Loss: 0.5633 - Train Metric: 0.7762
Epoch 13/50 - Val Metric: 0.7658
Epoch 14/50 - Train Loss: 0.5628 - Train Metric: 0.7776
Epoch 14/50 - Val Metric: 0.7673
Epoch 15/50 - Train Loss: 0.5666 - Train Metric: 0.7725
Epoch 15/50 - Val Metric: 0.7663
Epoch 16/50 - Train Loss: 0.5610 - Train Metric: 0.7797
Epoch 16/50 - Val Metric: 0.7648
Epoch 17/50 - Train Loss: 0.5614 - Train Metric: 0.7784
Epoch 17/50 - Val Metric: 0.7659
Epoch 18/50 - Train Loss: 0.5579 - Train Metric: 0.7830
Epoch 18/50 - Val Metric: 0.7661
Epoch 19/50 - Train Loss: 0.5584 - Train Metric: 0.7826
Epoch 19/50 - Val Metric: 0.7632
Epoch 20/50 - Train Loss: 0.5588 - Train Metric: 0.7821
Epoch 20/50 - Val Metric: 0.7673
Epoch 21/50 - Train Loss: 0.5598 - Train Metric: 0.7806
Epoch 21/50 - Val Metric: 0.7683
Epoch 22/50 - Train Loss: 0.5590 - Train Metric: 0.7811
Epoch 22/50 - Val Metric: 0.7659
Epoch 23/50 - Train Loss: 0.5560 - Train Metric: 0.7854
Epoch 23/50 - Val Metric: 0.7668
Epoch 24/50 - Train Loss: 0.5554 - Train Metric: 0.7860
Epoch 24/50 - Val Metric: 0.7626
Epoch 25/50 - Train Loss: 0.5550 - Train Metric: 0.7865
Epoch 25/50 - Val Metric: 0.7631
Epoch 26/50 - Train Loss: 0.5590 - Train Metric: 0.7819
Epoch 26/50 - Val Metric: 0.7651
Epoch 27/50 - Train Loss: 0.5532 - Train Metric: 0.7878
Epoch 27/50 - Val Metric: 0.7641
Epoch 28/50 - Train Loss: 0.5534 - Train Metric: 0.7876
Epoch 28/50 - Val Metric: 0.7655
Epoch 29/50 - Train Loss: 0.5559 - Train Metric: 0.7845
Epoch 29/50 - Val Metric: 0.7638
Epoch 30/50 - Train Loss: 0.5527 - Train Metric: 0.7879
Epoch 30/50 - Val Metric: 0.7683
Epoch 31/50 - Train Loss: 0.5512 - Train Metric: 0.7898
Epoch 31/50 - Val Metric: 0.7679
Epoch 32/50 - Train Loss: 0.5484 - Train Metric: 0.7923
Epoch 32/50 - Val Metric: 0.7686
Epoch 33/50 - Train Loss: 0.5493 - Train Metric: 0.7916
Epoch 33/50 - Val Metric: 0.7683
Epoch 34/50 - Train Loss: 0.5491 - Train Metric: 0.7917
Epoch 34/50 - Val Metric: 0.7655
Epoch 35/50 - Train Loss: 0.5486 - Train Metric: 0.7921
Epoch 35/50 - Val Metric: 0.7685
Epoch 36/50 - Train Loss: 0.5460 - Train Metric: 0.7948
Epoch 36/50 - Val Metric: 0.7678
Epoch 37/50 - Train Loss: 0.5457 - Train Metric: 0.7951
Epoch 37/50 - Val Metric: 0.7676
Epoch 38/50 - Train Loss: 0.5478 - Train Metric: 0.7934
Epoch 38/50 - Val Metric: 0.7666
Epoch 39/50 - Train Loss: 0.5474 - Train Metric: 0.7936
Epoch 39/50 - Val Metric: 0.7664
Epoch 40/50 - Train Loss: 0.5468 - Train Metric: 0.7937
Epoch 40/50 - Val Metric: 0.7666
Epoch 41/50 - Train Loss: 0.5455 - Train Metric: 0.7952
Epoch 41/50 - Val Metric: 0.7656
Epoch 42/50 - Train Loss: 0.5439 - Train Metric: 0.7967
Epoch 42/50 - Val Metric: 0.7637
Epoch 43/50 - Train Loss: 0.5454 - Train Metric: 0.7948
Epoch 43/50 - Val Metric: 0.7646
Epoch 44/50 - Train Loss: 0.5429 - Train Metric: 0.7975
Epoch 44/50 - Val Metric: 0.7658
Epoch 45/50 - Train Loss: 0.5437 - Train Metric: 0.7969
Epoch 45/50 - Val Metric: 0.7661
Epoch 46/50 - Train Loss: 0.5416 - Train Metric: 0.7986
Epoch 46/50 - Val Metric: 0.7656
Epoch 47/50 - Train Loss: 0.5421 - Train Metric: 0.7975
Epoch 47/50 - Val Metric: 0.7655
Epoch 48/50 - Train Loss: 0.5419 - Train Metric: 0.7979
Epoch 48/50 - Val Metric: 0.7653
Epoch 49/50 - Train Loss: 0.5405 - Train Metric: 0.7992
Epoch 49/50 - Val Metric: 0.7638
Epoch 50/50 - Train Loss: 0.5390 - Train Metric: 0.8008
Epoch 50/50 - Val Metric: 0.7629
Best val: 0.7695, Best test: 0.7643
Training set has 10617 instances
Validation set has 1327 instances
Test set has 1328 instances
Epoch 1/50 - Train Loss: 0.7072 - Train Metric: 0.5106
Epoch 1/50 - Val Metric: 0.6277
Epoch 2/50 - Train Loss: 0.7015 - Train Metric: 0.4977
Epoch 2/50 - Val Metric: 0.6176
Epoch 3/50 - Train Loss: 0.6999 - Train Metric: 0.4955
Epoch 3/50 - Val Metric: 0.6809
Epoch 4/50 - Train Loss: 0.6975 - Train Metric: 0.5025
Epoch 4/50 - Val Metric: 0.6864
Epoch 5/50 - Train Loss: 0.6974 - Train Metric: 0.4982
Epoch 5/50 - Val Metric: 0.6971
Epoch 6/50 - Train Loss: 0.6958 - Train Metric: 0.5081
Epoch 6/50 - Val Metric: 0.6925
Epoch 7/50 - Train Loss: 0.6953 - Train Metric: 0.5099
Epoch 7/50 - Val Metric: 0.6962
Epoch 8/50 - Train Loss: 0.6950 - Train Metric: 0.5097
Epoch 8/50 - Val Metric: 0.6978
Epoch 9/50 - Train Loss: 0.6929 - Train Metric: 0.5233
Epoch 9/50 - Val Metric: 0.6971
Epoch 10/50 - Train Loss: 0.6935 - Train Metric: 0.5194
Epoch 10/50 - Val Metric: 0.6996
Epoch 11/50 - Train Loss: 0.6925 - Train Metric: 0.5267
Epoch 11/50 - Val Metric: 0.7014
Epoch 12/50 - Train Loss: 0.6786 - Train Metric: 0.5971
Epoch 12/50 - Val Metric: 0.7053
Epoch 13/50 - Train Loss: 0.6650 - Train Metric: 0.6327
Epoch 13/50 - Val Metric: 0.7059
Epoch 14/50 - Train Loss: 0.6466 - Train Metric: 0.6650
Epoch 14/50 - Val Metric: 0.7085
Epoch 15/50 - Train Loss: 0.6395 - Train Metric: 0.6725
Epoch 15/50 - Val Metric: 0.7091
Epoch 16/50 - Train Loss: 0.6298 - Train Metric: 0.6835
Epoch 16/50 - Val Metric: 0.7105
Epoch 17/50 - Train Loss: 0.6196 - Train Metric: 0.6942
Epoch 17/50 - Val Metric: 0.7123
Epoch 18/50 - Train Loss: 0.6126 - Train Metric: 0.6972
Epoch 18/50 - Val Metric: 0.7129
Epoch 19/50 - Train Loss: 0.6091 - Train Metric: 0.6975
Epoch 19/50 - Val Metric: 0.7139
Epoch 20/50 - Train Loss: 0.6067 - Train Metric: 0.7029
Epoch 20/50 - Val Metric: 0.7148
Epoch 21/50 - Train Loss: 0.6013 - Train Metric: 0.7098
Epoch 21/50 - Val Metric: 0.7153
Epoch 22/50 - Train Loss: 0.6004 - Train Metric: 0.7061
Epoch 22/50 - Val Metric: 0.7164
Epoch 23/50 - Train Loss: 0.6013 - Train Metric: 0.7073
Epoch 23/50 - Val Metric: 0.7168
Epoch 24/50 - Train Loss: 0.6029 - Train Metric: 0.7056
Epoch 24/50 - Val Metric: 0.7174
Epoch 25/50 - Train Loss: 0.6003 - Train Metric: 0.7079
Epoch 25/50 - Val Metric: 0.7178
Epoch 26/50 - Train Loss: 0.5984 - Train Metric: 0.7088
Epoch 26/50 - Val Metric: 0.7178
Epoch 27/50 - Train Loss: 0.5967 - Train Metric: 0.7116
Epoch 27/50 - Val Metric: 0.7181
Epoch 28/50 - Train Loss: 0.5968 - Train Metric: 0.7117
Epoch 28/50 - Val Metric: 0.7178
Epoch 29/50 - Train Loss: 0.5976 - Train Metric: 0.7073
Epoch 29/50 - Val Metric: 0.7185
Epoch 30/50 - Train Loss: 0.5981 - Train Metric: 0.7106
Epoch 30/50 - Val Metric: 0.7184
Epoch 31/50 - Train Loss: 0.5949 - Train Metric: 0.7163
Epoch 31/50 - Val Metric: 0.7187
Epoch 32/50 - Train Loss: 0.6004 - Train Metric: 0.7061
Epoch 32/50 - Val Metric: 0.7187
Epoch 33/50 - Train Loss: 0.5961 - Train Metric: 0.7131
Epoch 33/50 - Val Metric: 0.7189
Epoch 34/50 - Train Loss: 0.5972 - Train Metric: 0.7085
Epoch 34/50 - Val Metric: 0.7191
Epoch 35/50 - Train Loss: 0.5962 - Train Metric: 0.7099
Epoch 35/50 - Val Metric: 0.7191
Epoch 36/50 - Train Loss: 0.5972 - Train Metric: 0.7112
Epoch 36/50 - Val Metric: 0.7192
Epoch 37/50 - Train Loss: 0.5962 - Train Metric: 0.7085
Epoch 37/50 - Val Metric: 0.7193
Epoch 38/50 - Train Loss: 0.5962 - Train Metric: 0.7143
Epoch 38/50 - Val Metric: 0.7193
Epoch 39/50 - Train Loss: 0.5981 - Train Metric: 0.7108
Epoch 39/50 - Val Metric: 0.7195
Epoch 40/50 - Train Loss: 0.5958 - Train Metric: 0.7124
Epoch 40/50 - Val Metric: 0.7193
Epoch 41/50 - Train Loss: 0.5927 - Train Metric: 0.7163
Epoch 41/50 - Val Metric: 0.7196
Epoch 42/50 - Train Loss: 0.5948 - Train Metric: 0.7147
Epoch 42/50 - Val Metric: 0.7198
Epoch 43/50 - Train Loss: 0.5941 - Train Metric: 0.7161
Epoch 43/50 - Val Metric: 0.7197
Epoch 44/50 - Train Loss: 0.5959 - Train Metric: 0.7146
Epoch 44/50 - Val Metric: 0.7198
Epoch 45/50 - Train Loss: 0.5945 - Train Metric: 0.7166
Epoch 45/50 - Val Metric: 0.7198
Epoch 46/50 - Train Loss: 0.5970 - Train Metric: 0.7099
Epoch 46/50 - Val Metric: 0.7198
Epoch 47/50 - Train Loss: 0.5957 - Train Metric: 0.7124
Epoch 47/50 - Val Metric: 0.7201
Epoch 48/50 - Train Loss: 0.5937 - Train Metric: 0.7168
Epoch 48/50 - Val Metric: 0.7199
Epoch 49/50 - Train Loss: 0.5947 - Train Metric: 0.7144
Epoch 49/50 - Val Metric: 0.7200
Epoch 50/50 - Train Loss: 0.5968 - Train Metric: 0.7153
Epoch 50/50 - Val Metric: 0.7200
Best val: 0.7201, Best test: 0.7051
Training set has 10617 instances
Validation set has 1327 instances
Test set has 1328 instances
Epoch 1/50 - Train Loss: 0.6962 - Train Metric: 0.5068
Epoch 1/50 - Val Metric: 0.6371
Epoch 2/50 - Train Loss: 0.6905 - Train Metric: 0.5403
Epoch 2/50 - Val Metric: 0.6399
Epoch 3/50 - Train Loss: 0.6677 - Train Metric: 0.6230
Epoch 3/50 - Val Metric: 0.6981
Epoch 4/50 - Train Loss: 0.6216 - Train Metric: 0.6893
Epoch 4/50 - Val Metric: 0.7173
Epoch 5/50 - Train Loss: 0.6098 - Train Metric: 0.6977
Epoch 5/50 - Val Metric: 0.7229
Epoch 6/50 - Train Loss: 0.5998 - Train Metric: 0.7075
Epoch 6/50 - Val Metric: 0.7273
Epoch 7/50 - Train Loss: 0.5950 - Train Metric: 0.7134
Epoch 7/50 - Val Metric: 0.7290
Epoch 8/50 - Train Loss: 0.5905 - Train Metric: 0.7197
Epoch 8/50 - Val Metric: 0.7321
Epoch 9/50 - Train Loss: 0.5921 - Train Metric: 0.7195
Epoch 9/50 - Val Metric: 0.7313
Epoch 10/50 - Train Loss: 0.5911 - Train Metric: 0.7273
Epoch 10/50 - Val Metric: 0.7417
Epoch 11/50 - Train Loss: 0.5841 - Train Metric: 0.7406
Epoch 11/50 - Val Metric: 0.7602
Epoch 12/50 - Train Loss: 0.5837 - Train Metric: 0.7425
Epoch 12/50 - Val Metric: 0.7634
Epoch 13/50 - Train Loss: 0.5797 - Train Metric: 0.7510
Epoch 13/50 - Val Metric: 0.7658
Epoch 14/50 - Train Loss: 0.5770 - Train Metric: 0.7557
Epoch 14/50 - Val Metric: 0.7694
Epoch 15/50 - Train Loss: 0.5781 - Train Metric: 0.7530
Epoch 15/50 - Val Metric: 0.7691
Epoch 16/50 - Train Loss: 0.5748 - Train Metric: 0.7594
Epoch 16/50 - Val Metric: 0.7629
Epoch 17/50 - Train Loss: 0.5783 - Train Metric: 0.7543
Epoch 17/50 - Val Metric: 0.7706
Epoch 18/50 - Train Loss: 0.5733 - Train Metric: 0.7617
Epoch 18/50 - Val Metric: 0.7620
Epoch 19/50 - Train Loss: 0.5778 - Train Metric: 0.7570
Epoch 19/50 - Val Metric: 0.7717
Epoch 20/50 - Train Loss: 0.5723 - Train Metric: 0.7629
Epoch 20/50 - Val Metric: 0.7695
Epoch 21/50 - Train Loss: 0.5753 - Train Metric: 0.7594
Epoch 21/50 - Val Metric: 0.7715
Epoch 22/50 - Train Loss: 0.5737 - Train Metric: 0.7606
Epoch 22/50 - Val Metric: 0.7709
Epoch 23/50 - Train Loss: 0.5687 - Train Metric: 0.7680
Epoch 23/50 - Val Metric: 0.7709
Epoch 24/50 - Train Loss: 0.5691 - Train Metric: 0.7676
Epoch 24/50 - Val Metric: 0.7698
Epoch 25/50 - Train Loss: 0.5685 - Train Metric: 0.7685
Epoch 25/50 - Val Metric: 0.7676
Epoch 26/50 - Train Loss: 0.5653 - Train Metric: 0.7721
Epoch 26/50 - Val Metric: 0.7709
Epoch 27/50 - Train Loss: 0.5673 - Train Metric: 0.7704
Epoch 27/50 - Val Metric: 0.7735
Epoch 28/50 - Train Loss: 0.5637 - Train Metric: 0.7746
Epoch 28/50 - Val Metric: 0.7712
Epoch 29/50 - Train Loss: 0.5643 - Train Metric: 0.7736
Epoch 29/50 - Val Metric: 0.7752
Epoch 30/50 - Train Loss: 0.5641 - Train Metric: 0.7746
Epoch 30/50 - Val Metric: 0.7628
Epoch 31/50 - Train Loss: 0.5665 - Train Metric: 0.7712
Epoch 31/50 - Val Metric: 0.7449
Epoch 32/50 - Train Loss: 0.5687 - Train Metric: 0.7669
Epoch 32/50 - Val Metric: 0.7723
Epoch 33/50 - Train Loss: 0.5663 - Train Metric: 0.7715
Epoch 33/50 - Val Metric: 0.7725
Epoch 34/50 - Train Loss: 0.5618 - Train Metric: 0.7777
Epoch 34/50 - Val Metric: 0.7708
Epoch 35/50 - Train Loss: 0.5626 - Train Metric: 0.7765
Epoch 35/50 - Val Metric: 0.7752
Epoch 36/50 - Train Loss: 0.5609 - Train Metric: 0.7785
Epoch 36/50 - Val Metric: 0.7728
Epoch 37/50 - Train Loss: 0.5636 - Train Metric: 0.7742
Epoch 37/50 - Val Metric: 0.7729
Epoch 38/50 - Train Loss: 0.5639 - Train Metric: 0.7739
Epoch 38/50 - Val Metric: 0.7743
Epoch 39/50 - Train Loss: 0.5602 - Train Metric: 0.7783
Epoch 39/50 - Val Metric: 0.7736
Epoch 40/50 - Train Loss: 0.5623 - Train Metric: 0.7770
Epoch 40/50 - Val Metric: 0.7744
Epoch 41/50 - Train Loss: 0.5611 - Train Metric: 0.7785
Epoch 41/50 - Val Metric: 0.7684
Epoch 42/50 - Train Loss: 0.5612 - Train Metric: 0.7780
Epoch 42/50 - Val Metric: 0.7732
Epoch 43/50 - Train Loss: 0.5621 - Train Metric: 0.7772
Epoch 43/50 - Val Metric: 0.7779
Epoch 44/50 - Train Loss: 0.5602 - Train Metric: 0.7793
Epoch 44/50 - Val Metric: 0.7789
Epoch 45/50 - Train Loss: 0.5589 - Train Metric: 0.7810
Epoch 45/50 - Val Metric: 0.7758
Epoch 46/50 - Train Loss: 0.5583 - Train Metric: 0.7816
Epoch 46/50 - Val Metric: 0.7783
Epoch 47/50 - Train Loss: 0.5575 - Train Metric: 0.7824
Epoch 47/50 - Val Metric: 0.7758
Epoch 48/50 - Train Loss: 0.5606 - Train Metric: 0.7788
Epoch 48/50 - Val Metric: 0.7807
Epoch 49/50 - Train Loss: 0.5561 - Train Metric: 0.7832
Epoch 49/50 - Val Metric: 0.7786
Epoch 50/50 - Train Loss: 0.5569 - Train Metric: 0.7835
Epoch 50/50 - Val Metric: 0.7745
Best val: 0.7807, Best test: 0.7600
Training set has 10617 instances
Validation set has 1327 instances
Test set has 1328 instances
Epoch 1/50 - Train Loss: 0.6949 - Train Metric: 0.5066
Epoch 1/50 - Val Metric: 0.6116
Epoch 2/50 - Train Loss: 0.6929 - Train Metric: 0.5111
Epoch 2/50 - Val Metric: 0.6505
Epoch 3/50 - Train Loss: 0.6421 - Train Metric: 0.6606
Epoch 3/50 - Val Metric: 0.6754
Epoch 4/50 - Train Loss: 0.5998 - Train Metric: 0.7067
Epoch 4/50 - Val Metric: 0.6879
Epoch 5/50 - Train Loss: 0.5879 - Train Metric: 0.7179
Epoch 5/50 - Val Metric: 0.6931
Epoch 6/50 - Train Loss: 0.5878 - Train Metric: 0.7170
Epoch 6/50 - Val Metric: 0.6974
Epoch 7/50 - Train Loss: 0.5874 - Train Metric: 0.7215
Epoch 7/50 - Val Metric: 0.7044
Epoch 8/50 - Train Loss: 0.5864 - Train Metric: 0.7264
Epoch 8/50 - Val Metric: 0.7135
Epoch 9/50 - Train Loss: 0.5842 - Train Metric: 0.7282
Epoch 9/50 - Val Metric: 0.7204
Epoch 10/50 - Train Loss: 0.5798 - Train Metric: 0.7434
Epoch 10/50 - Val Metric: 0.7227
Epoch 11/50 - Train Loss: 0.5835 - Train Metric: 0.7382
Epoch 11/50 - Val Metric: 0.7317
Epoch 12/50 - Train Loss: 0.5761 - Train Metric: 0.7535
Epoch 12/50 - Val Metric: 0.7347
Epoch 13/50 - Train Loss: 0.5732 - Train Metric: 0.7566
Epoch 13/50 - Val Metric: 0.7390
Epoch 14/50 - Train Loss: 0.5691 - Train Metric: 0.7663
Epoch 14/50 - Val Metric: 0.7397
Epoch 15/50 - Train Loss: 0.5691 - Train Metric: 0.7658
Epoch 15/50 - Val Metric: 0.7471
Epoch 16/50 - Train Loss: 0.5647 - Train Metric: 0.7713
Epoch 16/50 - Val Metric: 0.7410
Epoch 17/50 - Train Loss: 0.5670 - Train Metric: 0.7708
Epoch 17/50 - Val Metric: 0.7479
Epoch 18/50 - Train Loss: 0.5630 - Train Metric: 0.7740
Epoch 18/50 - Val Metric: 0.7494
Epoch 19/50 - Train Loss: 0.5651 - Train Metric: 0.7711
Epoch 19/50 - Val Metric: 0.7501
Epoch 20/50 - Train Loss: 0.5617 - Train Metric: 0.7751
Epoch 20/50 - Val Metric: 0.7517
Epoch 21/50 - Train Loss: 0.5600 - Train Metric: 0.7779
Epoch 21/50 - Val Metric: 0.7467
Epoch 22/50 - Train Loss: 0.5596 - Train Metric: 0.7781
Epoch 22/50 - Val Metric: 0.7490
Epoch 23/50 - Train Loss: 0.5576 - Train Metric: 0.7801
Epoch 23/50 - Val Metric: 0.7526
Epoch 24/50 - Train Loss: 0.5591 - Train Metric: 0.7783
Epoch 24/50 - Val Metric: 0.7480
Epoch 25/50 - Train Loss: 0.5610 - Train Metric: 0.7774
Epoch 25/50 - Val Metric: 0.7531
Epoch 26/50 - Train Loss: 0.5602 - Train Metric: 0.7772
Epoch 26/50 - Val Metric: 0.7506
Epoch 27/50 - Train Loss: 0.5591 - Train Metric: 0.7781
Epoch 27/50 - Val Metric: 0.7506
Epoch 28/50 - Train Loss: 0.5576 - Train Metric: 0.7802
Epoch 28/50 - Val Metric: 0.7481
Epoch 29/50 - Train Loss: 0.5576 - Train Metric: 0.7815
Epoch 29/50 - Val Metric: 0.7526
Epoch 30/50 - Train Loss: 0.5548 - Train Metric: 0.7848
Epoch 30/50 - Val Metric: 0.7517
Epoch 31/50 - Train Loss: 0.5579 - Train Metric: 0.7800
Epoch 31/50 - Val Metric: 0.7514
Epoch 32/50 - Train Loss: 0.5552 - Train Metric: 0.7843
Epoch 32/50 - Val Metric: 0.7524
Epoch 33/50 - Train Loss: 0.5542 - Train Metric: 0.7840
Epoch 33/50 - Val Metric: 0.7447
Epoch 34/50 - Train Loss: 0.5560 - Train Metric: 0.7824
Epoch 34/50 - Val Metric: 0.7504
Epoch 35/50 - Train Loss: 0.5531 - Train Metric: 0.7864
Epoch 35/50 - Val Metric: 0.7475
Epoch 36/50 - Train Loss: 0.5536 - Train Metric: 0.7854
Epoch 36/50 - Val Metric: 0.7570
Epoch 37/50 - Train Loss: 0.5546 - Train Metric: 0.7843
Epoch 37/50 - Val Metric: 0.7569
Epoch 38/50 - Train Loss: 0.5546 - Train Metric: 0.7848
Epoch 38/50 - Val Metric: 0.7559
Epoch 39/50 - Train Loss: 0.5517 - Train Metric: 0.7881
Epoch 39/50 - Val Metric: 0.7523
Epoch 40/50 - Train Loss: 0.5516 - Train Metric: 0.7883
Epoch 40/50 - Val Metric: 0.7611
Epoch 41/50 - Train Loss: 0.5529 - Train Metric: 0.7861
Epoch 41/50 - Val Metric: 0.7631
Epoch 42/50 - Train Loss: 0.5524 - Train Metric: 0.7868
Epoch 42/50 - Val Metric: 0.7582
Epoch 43/50 - Train Loss: 0.5487 - Train Metric: 0.7910
Epoch 43/50 - Val Metric: 0.7575
Epoch 44/50 - Train Loss: 0.5507 - Train Metric: 0.7903
Epoch 44/50 - Val Metric: 0.7555
Epoch 45/50 - Train Loss: 0.5519 - Train Metric: 0.7882
Epoch 45/50 - Val Metric: 0.7578
Epoch 46/50 - Train Loss: 0.5507 - Train Metric: 0.7892
Epoch 46/50 - Val Metric: 0.7592
Epoch 47/50 - Train Loss: 0.5512 - Train Metric: 0.7876
Epoch 47/50 - Val Metric: 0.7542
Epoch 48/50 - Train Loss: 0.5484 - Train Metric: 0.7914
Epoch 48/50 - Val Metric: 0.7651
Epoch 49/50 - Train Loss: 0.5498 - Train Metric: 0.7897
Epoch 49/50 - Val Metric: 0.7603
Epoch 50/50 - Train Loss: 0.5495 - Train Metric: 0.7901
Epoch 50/50 - Val Metric: 0.7620
Best val: 0.7651, Best test: 0.7791
Training set has 10617 instances
Validation set has 1327 instances
Test set has 1328 instances
Epoch 1/50 - Train Loss: 0.6967 - Train Metric: 0.5285
Epoch 1/50 - Val Metric: 0.6830
Epoch 2/50 - Train Loss: 0.6197 - Train Metric: 0.6834
Epoch 2/50 - Val Metric: 0.7301
Epoch 3/50 - Train Loss: 0.5938 - Train Metric: 0.7175
Epoch 3/50 - Val Metric: 0.7401
Epoch 4/50 - Train Loss: 0.5936 - Train Metric: 0.7210
Epoch 4/50 - Val Metric: 0.7303
Epoch 5/50 - Train Loss: 0.5898 - Train Metric: 0.7318
Epoch 5/50 - Val Metric: 0.7639
Epoch 6/50 - Train Loss: 0.5798 - Train Metric: 0.7477
Epoch 6/50 - Val Metric: 0.7685
Epoch 7/50 - Train Loss: 0.5802 - Train Metric: 0.7514
Epoch 7/50 - Val Metric: 0.7721
Epoch 8/50 - Train Loss: 0.5764 - Train Metric: 0.7567
Epoch 8/50 - Val Metric: 0.7756
Epoch 9/50 - Train Loss: 0.5724 - Train Metric: 0.7629
Epoch 9/50 - Val Metric: 0.7746
Epoch 10/50 - Train Loss: 0.5726 - Train Metric: 0.7624
Epoch 10/50 - Val Metric: 0.7759
Epoch 11/50 - Train Loss: 0.5707 - Train Metric: 0.7655
Epoch 11/50 - Val Metric: 0.7713
Epoch 12/50 - Train Loss: 0.5701 - Train Metric: 0.7675
Epoch 12/50 - Val Metric: 0.7754
Epoch 13/50 - Train Loss: 0.5694 - Train Metric: 0.7674
Epoch 13/50 - Val Metric: 0.7742
Epoch 14/50 - Train Loss: 0.5669 - Train Metric: 0.7693
Epoch 14/50 - Val Metric: 0.7759
Epoch 15/50 - Train Loss: 0.5683 - Train Metric: 0.7685
Epoch 15/50 - Val Metric: 0.7710
Epoch 16/50 - Train Loss: 0.5686 - Train Metric: 0.7677
Epoch 16/50 - Val Metric: 0.7743
Epoch 17/50 - Train Loss: 0.5662 - Train Metric: 0.7705
Epoch 17/50 - Val Metric: 0.7758
Epoch 18/50 - Train Loss: 0.5665 - Train Metric: 0.7703
Epoch 18/50 - Val Metric: 0.7763
Epoch 19/50 - Train Loss: 0.5651 - Train Metric: 0.7731
Epoch 19/50 - Val Metric: 0.7749
Epoch 20/50 - Train Loss: 0.5652 - Train Metric: 0.7731
Epoch 20/50 - Val Metric: 0.7762
Epoch 21/50 - Train Loss: 0.5657 - Train Metric: 0.7717
Epoch 21/50 - Val Metric: 0.7762
Epoch 22/50 - Train Loss: 0.5647 - Train Metric: 0.7731
Epoch 22/50 - Val Metric: 0.7762
Epoch 23/50 - Train Loss: 0.5636 - Train Metric: 0.7739
Epoch 23/50 - Val Metric: 0.7768
Epoch 24/50 - Train Loss: 0.5655 - Train Metric: 0.7720
Epoch 24/50 - Val Metric: 0.7767
Epoch 25/50 - Train Loss: 0.5655 - Train Metric: 0.7714
Epoch 25/50 - Val Metric: 0.7746
Epoch 26/50 - Train Loss: 0.5653 - Train Metric: 0.7703
Epoch 26/50 - Val Metric: 0.7765
Epoch 27/50 - Train Loss: 0.5652 - Train Metric: 0.7716
Epoch 27/50 - Val Metric: 0.7760
Epoch 28/50 - Train Loss: 0.5626 - Train Metric: 0.7745
Epoch 28/50 - Val Metric: 0.7738
Epoch 29/50 - Train Loss: 0.5617 - Train Metric: 0.7760
Epoch 29/50 - Val Metric: 0.7760
Epoch 30/50 - Train Loss: 0.5631 - Train Metric: 0.7751
Epoch 30/50 - Val Metric: 0.7761
Epoch 31/50 - Train Loss: 0.5613 - Train Metric: 0.7763
Epoch 31/50 - Val Metric: 0.7769
Epoch 32/50 - Train Loss: 0.5621 - Train Metric: 0.7759
Epoch 32/50 - Val Metric: 0.7759
Epoch 33/50 - Train Loss: 0.5655 - Train Metric: 0.7724
Epoch 33/50 - Val Metric: 0.7770
Epoch 34/50 - Train Loss: 0.5630 - Train Metric: 0.7756
Epoch 34/50 - Val Metric: 0.7769
Epoch 35/50 - Train Loss: 0.5618 - Train Metric: 0.7762
Epoch 35/50 - Val Metric: 0.7768
Epoch 36/50 - Train Loss: 0.5606 - Train Metric: 0.7784
Epoch 36/50 - Val Metric: 0.7770
Epoch 37/50 - Train Loss: 0.5619 - Train Metric: 0.7763
Epoch 37/50 - Val Metric: 0.7772
Epoch 38/50 - Train Loss: 0.5623 - Train Metric: 0.7760
Epoch 38/50 - Val Metric: 0.7771
Epoch 39/50 - Train Loss: 0.5627 - Train Metric: 0.7750
Epoch 39/50 - Val Metric: 0.7769
Epoch 40/50 - Train Loss: 0.5589 - Train Metric: 0.7801
Epoch 40/50 - Val Metric: 0.7778
Epoch 41/50 - Train Loss: 0.5594 - Train Metric: 0.7793
Epoch 41/50 - Val Metric: 0.7771
Epoch 42/50 - Train Loss: 0.5608 - Train Metric: 0.7785
Epoch 42/50 - Val Metric: 0.7781
Epoch 43/50 - Train Loss: 0.5607 - Train Metric: 0.7786
Epoch 43/50 - Val Metric: 0.7793
Epoch 44/50 - Train Loss: 0.5583 - Train Metric: 0.7810
Epoch 44/50 - Val Metric: 0.7793
Epoch 45/50 - Train Loss: 0.5575 - Train Metric: 0.7812
Epoch 45/50 - Val Metric: 0.7792
Epoch 46/50 - Train Loss: 0.5586 - Train Metric: 0.7797
Epoch 46/50 - Val Metric: 0.7798
Epoch 47/50 - Train Loss: 0.5570 - Train Metric: 0.7811
Epoch 47/50 - Val Metric: 0.7780
Epoch 48/50 - Train Loss: 0.5561 - Train Metric: 0.7829
Epoch 48/50 - Val Metric: 0.7788
Epoch 49/50 - Train Loss: 0.5559 - Train Metric: 0.7828
Epoch 49/50 - Val Metric: 0.7764
Epoch 50/50 - Train Loss: 0.5574 - Train Metric: 0.7810
Epoch 50/50 - Val Metric: 0.7780
Best val: 0.7798, Best test: 0.7777
Training set has 10617 instances
Validation set has 1327 instances
Test set has 1328 instances
Epoch 1/50 - Train Loss: 0.7003 - Train Metric: 0.5012
Epoch 1/50 - Val Metric: 0.6490
Epoch 2/50 - Train Loss: 0.6983 - Train Metric: 0.5019
Epoch 2/50 - Val Metric: 0.6523
Training set has 10617 instances
Validation set has 1327 instances
Test set has 1328 instances
Training set has 10617 instances
Validation set has 1327 instances
Test set has 1328 instances
Training set has 10617 instances
Validation set has 1327 instances
Test set has 1328 instances
Epoch 1/50 - Train Loss: 0.7029 - Train Metric: 0.4930
Epoch 1/50 - Val Metric: 0.6341
Training set has 10617 instances
Validation set has 1327 instances
Test set has 1328 instances
Epoch 1/50 - Train Loss: 0.6982 - Train Metric: 0.5103
Epoch 1/50 - Val Metric: 0.6480
Epoch 2/50 - Train Loss: 0.6868 - Train Metric: 0.5601
Epoch 2/50 - Val Metric: 0.6984
Epoch 3/50 - Train Loss: 0.6276 - Train Metric: 0.6835
Epoch 3/50 - Val Metric: 0.7196
Epoch 4/50 - Train Loss: 0.6123 - Train Metric: 0.6975
Epoch 4/50 - Val Metric: 0.7349
Epoch 5/50 - Train Loss: 0.5973 - Train Metric: 0.7046
Epoch 5/50 - Val Metric: 0.7406
Epoch 6/50 - Train Loss: 0.6023 - Train Metric: 0.6999
Epoch 6/50 - Val Metric: 0.7421
Epoch 7/50 - Train Loss: 0.5944 - Train Metric: 0.7106
Epoch 7/50 - Val Metric: 0.7405
Epoch 8/50 - Train Loss: 0.6003 - Train Metric: 0.7021
Epoch 8/50 - Val Metric: 0.7432
Epoch 9/50 - Train Loss: 0.5953 - Train Metric: 0.7101
Epoch 9/50 - Val Metric: 0.7426
Epoch 10/50 - Train Loss: 0.5905 - Train Metric: 0.7238
Epoch 10/50 - Val Metric: 0.7563
Epoch 11/50 - Train Loss: 0.5880 - Train Metric: 0.7294
Epoch 11/50 - Val Metric: 0.7664
Epoch 12/50 - Train Loss: 0.5897 - Train Metric: 0.7267
Epoch 12/50 - Val Metric: 0.7561
Epoch 13/50 - Train Loss: 0.5835 - Train Metric: 0.7427
Epoch 13/50 - Val Metric: 0.7716
Epoch 14/50 - Train Loss: 0.5836 - Train Metric: 0.7430
Epoch 14/50 - Val Metric: 0.7646
Epoch 15/50 - Train Loss: 0.5815 - Train Metric: 0.7481
Epoch 15/50 - Val Metric: 0.7733
Epoch 16/50 - Train Loss: 0.5849 - Train Metric: 0.7433
Epoch 16/50 - Val Metric: 0.7701
Epoch 17/50 - Train Loss: 0.5757 - Train Metric: 0.7585
Epoch 17/50 - Val Metric: 0.7702
Epoch 18/50 - Train Loss: 0.5776 - Train Metric: 0.7559
Epoch 18/50 - Val Metric: 0.7701
Epoch 19/50 - Train Loss: 0.5775 - Train Metric: 0.7574
Epoch 19/50 - Val Metric: 0.7699
Epoch 20/50 - Train Loss: 0.5729 - Train Metric: 0.7619
Epoch 20/50 - Val Metric: 0.7796
Epoch 21/50 - Train Loss: 0.5786 - Train Metric: 0.7538
Epoch 21/50 - Val Metric: 0.7758
Epoch 22/50 - Train Loss: 0.5732 - Train Metric: 0.7621
Epoch 22/50 - Val Metric: 0.7725
Epoch 23/50 - Train Loss: 0.5715 - Train Metric: 0.7638
Epoch 23/50 - Val Metric: 0.7755
Epoch 24/50 - Train Loss: 0.5716 - Train Metric: 0.7632
Epoch 24/50 - Val Metric: 0.7740
Epoch 25/50 - Train Loss: 0.5718 - Train Metric: 0.7639
Epoch 25/50 - Val Metric: 0.7750
Epoch 26/50 - Train Loss: 0.5760 - Train Metric: 0.7569
Epoch 26/50 - Val Metric: 0.7782
Epoch 27/50 - Train Loss: 0.5729 - Train Metric: 0.7630
Epoch 27/50 - Val Metric: 0.7793
Epoch 28/50 - Train Loss: 0.5702 - Train Metric: 0.7664
Epoch 28/50 - Val Metric: 0.7809
Epoch 29/50 - Train Loss: 0.5700 - Train Metric: 0.7662
Epoch 29/50 - Val Metric: 0.7821
Epoch 30/50 - Train Loss: 0.5675 - Train Metric: 0.7697
Epoch 30/50 - Val Metric: 0.7818
Epoch 31/50 - Train Loss: 0.5663 - Train Metric: 0.7708
Epoch 31/50 - Val Metric: 0.7793
Epoch 32/50 - Train Loss: 0.5749 - Train Metric: 0.7595
Epoch 32/50 - Val Metric: 0.7763
Epoch 33/50 - Train Loss: 0.5690 - Train Metric: 0.7678
Epoch 33/50 - Val Metric: 0.7810
Epoch 34/50 - Train Loss: 0.5656 - Train Metric: 0.7725
Epoch 34/50 - Val Metric: 0.7828
Epoch 35/50 - Train Loss: 0.5644 - Train Metric: 0.7736
Epoch 35/50 - Val Metric: 0.7831
Epoch 36/50 - Train Loss: 0.5675 - Train Metric: 0.7703
Epoch 36/50 - Val Metric: 0.7783
Epoch 37/50 - Train Loss: 0.5646 - Train Metric: 0.7738
Epoch 37/50 - Val Metric: 0.7784
Epoch 38/50 - Train Loss: 0.5617 - Train Metric: 0.7771
Epoch 38/50 - Val Metric: 0.7801
Epoch 39/50 - Train Loss: 0.5619 - Train Metric: 0.7778
Epoch 39/50 - Val Metric: 0.7825
Epoch 40/50 - Train Loss: 0.5629 - Train Metric: 0.7754
Epoch 40/50 - Val Metric: 0.7781
Epoch 41/50 - Train Loss: 0.5603 - Train Metric: 0.7787
Epoch 41/50 - Val Metric: 0.7848
Epoch 42/50 - Train Loss: 0.5616 - Train Metric: 0.7773
Epoch 42/50 - Val Metric: 0.7814
Epoch 43/50 - Train Loss: 0.5618 - Train Metric: 0.7778
Epoch 43/50 - Val Metric: 0.7837
Epoch 44/50 - Train Loss: 0.5609 - Train Metric: 0.7789
Epoch 44/50 - Val Metric: 0.7779
Epoch 45/50 - Train Loss: 0.5597 - Train Metric: 0.7783
Epoch 45/50 - Val Metric: 0.7789
Epoch 46/50 - Train Loss: 0.5588 - Train Metric: 0.7805
Epoch 46/50 - Val Metric: 0.7767
Epoch 47/50 - Train Loss: 0.5571 - Train Metric: 0.7822
Epoch 47/50 - Val Metric: 0.7814
Epoch 48/50 - Train Loss: 0.5630 - Train Metric: 0.7745
Epoch 48/50 - Val Metric: 0.7689
Epoch 49/50 - Train Loss: 0.5603 - Train Metric: 0.7797
Epoch 49/50 - Val Metric: 0.7802
Epoch 50/50 - Train Loss: 0.5577 - Train Metric: 0.7815
Epoch 50/50 - Val Metric: 0.7846
Best val: 0.7848, Best test: 0.7603
Training set has 10617 instances
Validation set has 1327 instances
Test set has 1328 instances
Epoch 1/50 - Train Loss: 0.6951 - Train Metric: 0.4961
Epoch 1/50 - Val Metric: 0.6379
Training set has 10617 instances
Validation set has 1327 instances
Test set has 1328 instances
Epoch 1/50 - Train Loss: 0.7124 - Train Metric: 0.5057
Epoch 1/50 - Val Metric: 0.6423
Training set has 10617 instances
Validation set has 1327 instances
Test set has 1328 instances
Training set has 10617 instances
Validation set has 1327 instances
Test set has 1328 instances
Epoch 1/50 - Train Loss: 0.6951 - Train Metric: 0.5140
Epoch 1/50 - Val Metric: 0.6380
Epoch 2/50 - Train Loss: 0.6817 - Train Metric: 0.5768
Epoch 2/50 - Val Metric: 0.6891
Epoch 3/50 - Train Loss: 0.6197 - Train Metric: 0.6892
Epoch 3/50 - Val Metric: 0.7024
Training set has 10617 instances
Validation set has 1327 instances
Test set has 1328 instances
Training set has 10617 instances
Validation set has 1327 instances
Test set has 1328 instances
Training set has 10617 instances
Validation set has 1327 instances
Test set has 1328 instances
Training set has 10617 instances
Validation set has 1327 instances
Test set has 1328 instances
Training set has 10617 instances
Validation set has 1327 instances
Test set has 1328 instances
Hyper-parameter search done. Found the best config.
Repeat experiments 5 times with the best train config {'batch_size': 128, 'gamma_rate': 1.0, 'base_lr': 0.0001} and model config {'num_heads': 4, 'num_layers': 8, 'num_latents': 16, 'hidden_dim': 128, 'mlp_ratio': 0.25, 'dropout_prob': 0, 'top_k': 5}.
Training set has 10617 instances
Validation set has 1327 instances
Test set has 1328 instances
Epoch 1/50 - Train Loss: 0.6961 - Train Metric: 0.4999
Epoch 1/50 - Val Metric: 0.6420
Epoch 2/50 - Train Loss: 0.6885 - Train Metric: 0.5429
Epoch 2/50 - Val Metric: 0.6615
Epoch 3/50 - Train Loss: 0.6362 - Train Metric: 0.6762
Epoch 3/50 - Val Metric: 0.7359
Epoch 4/50 - Train Loss: 0.6098 - Train Metric: 0.6970
Epoch 4/50 - Val Metric: 0.7371
Epoch 5/50 - Train Loss: 0.5954 - Train Metric: 0.7054
Epoch 5/50 - Val Metric: 0.7398
Epoch 6/50 - Train Loss: 0.5980 - Train Metric: 0.7060
Epoch 6/50 - Val Metric: 0.7373
Epoch 7/50 - Train Loss: 0.5942 - Train Metric: 0.7121
Epoch 7/50 - Val Metric: 0.7362
Epoch 8/50 - Train Loss: 0.5986 - Train Metric: 0.7119
Epoch 8/50 - Val Metric: 0.7442
Epoch 9/50 - Train Loss: 0.5983 - Train Metric: 0.7114
Epoch 9/50 - Val Metric: 0.7425
Epoch 10/50 - Train Loss: 0.5921 - Train Metric: 0.7261
Epoch 10/50 - Val Metric: 0.7582
Epoch 11/50 - Train Loss: 0.5889 - Train Metric: 0.7289
Epoch 11/50 - Val Metric: 0.7465
Epoch 12/50 - Train Loss: 0.5908 - Train Metric: 0.7252
Epoch 12/50 - Val Metric: 0.7580
Epoch 13/50 - Train Loss: 0.5848 - Train Metric: 0.7431
Epoch 13/50 - Val Metric: 0.7603
Epoch 14/50 - Train Loss: 0.5833 - Train Metric: 0.7479
Epoch 14/50 - Val Metric: 0.7538
Epoch 15/50 - Train Loss: 0.5772 - Train Metric: 0.7572
Epoch 15/50 - Val Metric: 0.7630
Epoch 16/50 - Train Loss: 0.5822 - Train Metric: 0.7485
Epoch 16/50 - Val Metric: 0.7607
Epoch 17/50 - Train Loss: 0.5807 - Train Metric: 0.7530
Epoch 17/50 - Val Metric: 0.7694
Epoch 18/50 - Train Loss: 0.5748 - Train Metric: 0.7607
Epoch 18/50 - Val Metric: 0.7561
Epoch 19/50 - Train Loss: 0.5726 - Train Metric: 0.7644
Epoch 19/50 - Val Metric: 0.7662
Epoch 20/50 - Train Loss: 0.5718 - Train Metric: 0.7661
Epoch 20/50 - Val Metric: 0.7728
Epoch 21/50 - Train Loss: 0.5693 - Train Metric: 0.7687
Epoch 21/50 - Val Metric: 0.7656
Epoch 22/50 - Train Loss: 0.5704 - Train Metric: 0.7677
Epoch 22/50 - Val Metric: 0.7693
Epoch 23/50 - Train Loss: 0.5718 - Train Metric: 0.7653
Epoch 23/50 - Val Metric: 0.7746
Epoch 24/50 - Train Loss: 0.5671 - Train Metric: 0.7716
Epoch 24/50 - Val Metric: 0.7662
Epoch 25/50 - Train Loss: 0.5709 - Train Metric: 0.7671
Epoch 25/50 - Val Metric: 0.7734
Epoch 26/50 - Train Loss: 0.5717 - Train Metric: 0.7668
Epoch 26/50 - Val Metric: 0.7635
Epoch 27/50 - Train Loss: 0.5668 - Train Metric: 0.7723
Epoch 27/50 - Val Metric: 0.7728
Epoch 28/50 - Train Loss: 0.5693 - Train Metric: 0.7688
Epoch 28/50 - Val Metric: 0.7611
Epoch 29/50 - Train Loss: 0.5685 - Train Metric: 0.7699
Epoch 29/50 - Val Metric: 0.7670
Epoch 30/50 - Train Loss: 0.5669 - Train Metric: 0.7720
Epoch 30/50 - Val Metric: 0.7723
Epoch 31/50 - Train Loss: 0.5652 - Train Metric: 0.7735
Epoch 31/50 - Val Metric: 0.7729
Epoch 32/50 - Train Loss: 0.5703 - Train Metric: 0.7666
Epoch 32/50 - Val Metric: 0.7658
Epoch 33/50 - Train Loss: 0.5649 - Train Metric: 0.7740
Epoch 33/50 - Val Metric: 0.7671
Epoch 34/50 - Train Loss: 0.5652 - Train Metric: 0.7742
Epoch 34/50 - Val Metric: 0.7618
Epoch 35/50 - Train Loss: 0.5640 - Train Metric: 0.7751
Epoch 35/50 - Val Metric: 0.7751
Epoch 36/50 - Train Loss: 0.5665 - Train Metric: 0.7718
Epoch 36/50 - Val Metric: 0.7716
Epoch 37/50 - Train Loss: 0.5640 - Train Metric: 0.7749
Epoch 37/50 - Val Metric: 0.7654
Epoch 38/50 - Train Loss: 0.5637 - Train Metric: 0.7759
Epoch 38/50 - Val Metric: 0.7672
Epoch 39/50 - Train Loss: 0.5627 - Train Metric: 0.7770
Epoch 39/50 - Val Metric: 0.7671
Epoch 40/50 - Train Loss: 0.5634 - Train Metric: 0.7765
Epoch 40/50 - Val Metric: 0.7655
Epoch 41/50 - Train Loss: 0.5630 - Train Metric: 0.7762
Epoch 41/50 - Val Metric: 0.7708
Epoch 42/50 - Train Loss: 0.5632 - Train Metric: 0.7761
Epoch 42/50 - Val Metric: 0.7680
Epoch 43/50 - Train Loss: 0.5608 - Train Metric: 0.7795
Epoch 43/50 - Val Metric: 0.7761
Epoch 44/50 - Train Loss: 0.5623 - Train Metric: 0.7769
Epoch 44/50 - Val Metric: 0.7713
Epoch 45/50 - Train Loss: 0.5707 - Train Metric: 0.7670
Epoch 45/50 - Val Metric: 0.7665
Epoch 46/50 - Train Loss: 0.5616 - Train Metric: 0.7776
Epoch 46/50 - Val Metric: 0.7685
Epoch 47/50 - Train Loss: 0.5606 - Train Metric: 0.7795
Epoch 47/50 - Val Metric: 0.7688
Epoch 48/50 - Train Loss: 0.5607 - Train Metric: 0.7793
Epoch 48/50 - Val Metric: 0.7670
Epoch 49/50 - Train Loss: 0.5608 - Train Metric: 0.7791
Epoch 49/50 - Val Metric: 0.7715
Epoch 50/50 - Train Loss: 0.5594 - Train Metric: 0.7812
Epoch 50/50 - Val Metric: 0.7702
Best val: 0.7761, Best test: 0.7831
Training set has 10617 instances
Validation set has 1327 instances
Test set has 1328 instances
Epoch 1/50 - Train Loss: 0.6969 - Train Metric: 0.5071
Epoch 1/50 - Val Metric: 0.5959
Epoch 2/50 - Train Loss: 0.6923 - Train Metric: 0.5140
Epoch 2/50 - Val Metric: 0.6496
Epoch 3/50 - Train Loss: 0.6681 - Train Metric: 0.6059
Epoch 3/50 - Val Metric: 0.7269
Epoch 4/50 - Train Loss: 0.6093 - Train Metric: 0.6954
Epoch 4/50 - Val Metric: 0.7343
Epoch 5/50 - Train Loss: 0.6055 - Train Metric: 0.7030
Epoch 5/50 - Val Metric: 0.7365
Epoch 6/50 - Train Loss: 0.5965 - Train Metric: 0.7090
Epoch 6/50 - Val Metric: 0.7377
Epoch 7/50 - Train Loss: 0.5931 - Train Metric: 0.7116
Epoch 7/50 - Val Metric: 0.7419
Epoch 8/50 - Train Loss: 0.5915 - Train Metric: 0.7168
Epoch 8/50 - Val Metric: 0.7539
Epoch 9/50 - Train Loss: 0.5951 - Train Metric: 0.7111
Epoch 9/50 - Val Metric: 0.7417
Epoch 10/50 - Train Loss: 0.5914 - Train Metric: 0.7206
Epoch 10/50 - Val Metric: 0.7604
Epoch 11/50 - Train Loss: 0.5861 - Train Metric: 0.7320
Epoch 11/50 - Val Metric: 0.7709
Epoch 12/50 - Train Loss: 0.5806 - Train Metric: 0.7447
Epoch 12/50 - Val Metric: 0.7791
Epoch 13/50 - Train Loss: 0.5833 - Train Metric: 0.7413
Epoch 13/50 - Val Metric: 0.7826
Epoch 14/50 - Train Loss: 0.5818 - Train Metric: 0.7445
Epoch 14/50 - Val Metric: 0.7820
Epoch 15/50 - Train Loss: 0.5770 - Train Metric: 0.7543
Epoch 15/50 - Val Metric: 0.7726
Epoch 16/50 - Train Loss: 0.5805 - Train Metric: 0.7477
Epoch 16/50 - Val Metric: 0.7788
Epoch 17/50 - Train Loss: 0.5719 - Train Metric: 0.7617
Epoch 17/50 - Val Metric: 0.7854
Epoch 18/50 - Train Loss: 0.5737 - Train Metric: 0.7604
Epoch 18/50 - Val Metric: 0.7810
Epoch 19/50 - Train Loss: 0.5718 - Train Metric: 0.7630
Epoch 19/50 - Val Metric: 0.7822
Epoch 20/50 - Train Loss: 0.5698 - Train Metric: 0.7644
Epoch 20/50 - Val Metric: 0.7861
Epoch 21/50 - Train Loss: 0.5695 - Train Metric: 0.7656
Epoch 21/50 - Val Metric: 0.7793
Epoch 22/50 - Train Loss: 0.5664 - Train Metric: 0.7693
Epoch 22/50 - Val Metric: 0.7890
Epoch 23/50 - Train Loss: 0.5693 - Train Metric: 0.7653
Epoch 23/50 - Val Metric: 0.7808
Epoch 24/50 - Train Loss: 0.5724 - Train Metric: 0.7616
Epoch 24/50 - Val Metric: 0.7842
Epoch 25/50 - Train Loss: 0.5700 - Train Metric: 0.7663
Epoch 25/50 - Val Metric: 0.7863
Epoch 26/50 - Train Loss: 0.5684 - Train Metric: 0.7669
Epoch 26/50 - Val Metric: 0.7875
Epoch 27/50 - Train Loss: 0.5660 - Train Metric: 0.7709
Epoch 27/50 - Val Metric: 0.7939
Epoch 28/50 - Train Loss: 0.5643 - Train Metric: 0.7727
Epoch 28/50 - Val Metric: 0.7795
Epoch 29/50 - Train Loss: 0.5646 - Train Metric: 0.7735
Epoch 29/50 - Val Metric: 0.7723
Epoch 30/50 - Train Loss: 0.5655 - Train Metric: 0.7718
Epoch 30/50 - Val Metric: 0.7918
Epoch 31/50 - Train Loss: 0.5621 - Train Metric: 0.7761
Epoch 31/50 - Val Metric: 0.7883
Epoch 32/50 - Train Loss: 0.5624 - Train Metric: 0.7752
Epoch 32/50 - Val Metric: 0.7805
Epoch 33/50 - Train Loss: 0.5635 - Train Metric: 0.7738
Epoch 33/50 - Val Metric: 0.7922
Epoch 34/50 - Train Loss: 0.5612 - Train Metric: 0.7762
Epoch 34/50 - Val Metric: 0.7882
Epoch 35/50 - Train Loss: 0.5627 - Train Metric: 0.7748
Epoch 35/50 - Val Metric: 0.7948
Epoch 36/50 - Train Loss: 0.5602 - Train Metric: 0.7779
Epoch 36/50 - Val Metric: 0.7926
Epoch 37/50 - Train Loss: 0.5611 - Train Metric: 0.7771
Epoch 37/50 - Val Metric: 0.7835
Epoch 38/50 - Train Loss: 0.5614 - Train Metric: 0.7768
Epoch 38/50 - Val Metric: 0.7923
Epoch 39/50 - Train Loss: 0.5570 - Train Metric: 0.7820
Epoch 39/50 - Val Metric: 0.7922
Epoch 40/50 - Train Loss: 0.5611 - Train Metric: 0.7766
Epoch 40/50 - Val Metric: 0.7906
Epoch 41/50 - Train Loss: 0.5598 - Train Metric: 0.7787
Epoch 41/50 - Val Metric: 0.7867
Epoch 42/50 - Train Loss: 0.5582 - Train Metric: 0.7800
Epoch 42/50 - Val Metric: 0.7847
Epoch 43/50 - Train Loss: 0.5606 - Train Metric: 0.7766
Epoch 43/50 - Val Metric: 0.7942
Epoch 44/50 - Train Loss: 0.5581 - Train Metric: 0.7799
Epoch 44/50 - Val Metric: 0.7900
Epoch 45/50 - Train Loss: 0.5577 - Train Metric: 0.7799
Epoch 45/50 - Val Metric: 0.7691
Epoch 46/50 - Train Loss: 0.5591 - Train Metric: 0.7788
Epoch 46/50 - Val Metric: 0.7853
Epoch 47/50 - Train Loss: 0.5601 - Train Metric: 0.7777
Epoch 47/50 - Val Metric: 0.7849
Epoch 48/50 - Train Loss: 0.5590 - Train Metric: 0.7785
Epoch 48/50 - Val Metric: 0.7858
Epoch 49/50 - Train Loss: 0.5548 - Train Metric: 0.7832
Epoch 49/50 - Val Metric: 0.7851
Epoch 50/50 - Train Loss: 0.5586 - Train Metric: 0.7792
Epoch 50/50 - Val Metric: 0.7868
Best val: 0.7948, Best test: 0.7584
Training set has 10617 instances
Validation set has 1327 instances
Test set has 1328 instances
Epoch 1/50 - Train Loss: 0.6942 - Train Metric: 0.5123
Epoch 1/50 - Val Metric: 0.6209
Epoch 2/50 - Train Loss: 0.6902 - Train Metric: 0.5361
Epoch 2/50 - Val Metric: 0.6250
Epoch 3/50 - Train Loss: 0.6446 - Train Metric: 0.6618
Epoch 3/50 - Val Metric: 0.7075
Epoch 4/50 - Train Loss: 0.6071 - Train Metric: 0.7030
Epoch 4/50 - Val Metric: 0.7162
Epoch 5/50 - Train Loss: 0.5963 - Train Metric: 0.7079
Epoch 5/50 - Val Metric: 0.7152
Epoch 6/50 - Train Loss: 0.5978 - Train Metric: 0.7100
Epoch 6/50 - Val Metric: 0.7194
Epoch 7/50 - Train Loss: 0.5982 - Train Metric: 0.7074
Epoch 7/50 - Val Metric: 0.7203
Epoch 8/50 - Train Loss: 0.5948 - Train Metric: 0.7181
Epoch 8/50 - Val Metric: 0.7226
Epoch 9/50 - Train Loss: 0.5948 - Train Metric: 0.7205
Epoch 9/50 - Val Metric: 0.7266
Epoch 10/50 - Train Loss: 0.5922 - Train Metric: 0.7260
Epoch 10/50 - Val Metric: 0.7172
Epoch 11/50 - Train Loss: 0.5861 - Train Metric: 0.7387
Epoch 11/50 - Val Metric: 0.7355
Epoch 12/50 - Train Loss: 0.5865 - Train Metric: 0.7390
Epoch 12/50 - Val Metric: 0.7373
Epoch 13/50 - Train Loss: 0.5832 - Train Metric: 0.7482
Epoch 13/50 - Val Metric: 0.7270
Epoch 14/50 - Train Loss: 0.5826 - Train Metric: 0.7489
Epoch 14/50 - Val Metric: 0.7423
Epoch 15/50 - Train Loss: 0.5776 - Train Metric: 0.7567
Epoch 15/50 - Val Metric: 0.7444
Epoch 16/50 - Train Loss: 0.5728 - Train Metric: 0.7633
Epoch 16/50 - Val Metric: 0.7434
Epoch 17/50 - Train Loss: 0.5768 - Train Metric: 0.7596
Epoch 17/50 - Val Metric: 0.7499
Epoch 18/50 - Train Loss: 0.5808 - Train Metric: 0.7512
Epoch 18/50 - Val Metric: 0.7421
Epoch 19/50 - Train Loss: 0.5728 - Train Metric: 0.7638
Epoch 19/50 - Val Metric: 0.7514
Epoch 20/50 - Train Loss: 0.5740 - Train Metric: 0.7606
Epoch 20/50 - Val Metric: 0.7506
Epoch 21/50 - Train Loss: 0.5687 - Train Metric: 0.7672
Epoch 21/50 - Val Metric: 0.7516
Epoch 22/50 - Train Loss: 0.5739 - Train Metric: 0.7611
Epoch 22/50 - Val Metric: 0.7482
Epoch 23/50 - Train Loss: 0.5687 - Train Metric: 0.7686
Epoch 23/50 - Val Metric: 0.7526
Epoch 24/50 - Train Loss: 0.5711 - Train Metric: 0.7660
Epoch 24/50 - Val Metric: 0.7385
Epoch 25/50 - Train Loss: 0.5760 - Train Metric: 0.7589
Epoch 25/50 - Val Metric: 0.7504
Epoch 26/50 - Train Loss: 0.5679 - Train Metric: 0.7697
Epoch 26/50 - Val Metric: 0.7573
Epoch 27/50 - Train Loss: 0.5664 - Train Metric: 0.7705
Epoch 27/50 - Val Metric: 0.7409
Epoch 28/50 - Train Loss: 0.5655 - Train Metric: 0.7730
Epoch 28/50 - Val Metric: 0.7559
Epoch 29/50 - Train Loss: 0.5635 - Train Metric: 0.7753
Epoch 29/50 - Val Metric: 0.7519
Epoch 30/50 - Train Loss: 0.5673 - Train Metric: 0.7701
Epoch 30/50 - Val Metric: 0.7529
Epoch 31/50 - Train Loss: 0.5658 - Train Metric: 0.7724
Epoch 31/50 - Val Metric: 0.7493
Epoch 32/50 - Train Loss: 0.5645 - Train Metric: 0.7743
Epoch 32/50 - Val Metric: 0.7558
Epoch 33/50 - Train Loss: 0.5625 - Train Metric: 0.7760
Epoch 33/50 - Val Metric: 0.7584
Epoch 34/50 - Train Loss: 0.5637 - Train Metric: 0.7752
Epoch 34/50 - Val Metric: 0.7596
Epoch 35/50 - Train Loss: 0.5622 - Train Metric: 0.7763
Epoch 35/50 - Val Metric: 0.7600
Epoch 36/50 - Train Loss: 0.5593 - Train Metric: 0.7801
Epoch 36/50 - Val Metric: 0.7566
Epoch 37/50 - Train Loss: 0.5621 - Train Metric: 0.7770
Epoch 37/50 - Val Metric: 0.7558
Epoch 38/50 - Train Loss: 0.5595 - Train Metric: 0.7805
Epoch 38/50 - Val Metric: 0.7559
Epoch 39/50 - Train Loss: 0.5592 - Train Metric: 0.7803
Epoch 39/50 - Val Metric: 0.7574
Epoch 40/50 - Train Loss: 0.5578 - Train Metric: 0.7822
Epoch 40/50 - Val Metric: 0.7621
Epoch 41/50 - Train Loss: 0.5582 - Train Metric: 0.7809
Epoch 41/50 - Val Metric: 0.7591
Epoch 42/50 - Train Loss: 0.5601 - Train Metric: 0.7791
Epoch 42/50 - Val Metric: 0.7575
Epoch 43/50 - Train Loss: 0.5570 - Train Metric: 0.7828
Epoch 43/50 - Val Metric: 0.7607
Epoch 44/50 - Train Loss: 0.5573 - Train Metric: 0.7828
Epoch 44/50 - Val Metric: 0.7547
Epoch 45/50 - Train Loss: 0.5580 - Train Metric: 0.7812
Epoch 45/50 - Val Metric: 0.7579
Epoch 46/50 - Train Loss: 0.5569 - Train Metric: 0.7820
Epoch 46/50 - Val Metric: 0.7583
Epoch 47/50 - Train Loss: 0.5588 - Train Metric: 0.7807
Epoch 47/50 - Val Metric: 0.7548
Epoch 48/50 - Train Loss: 0.5574 - Train Metric: 0.7822
Epoch 48/50 - Val Metric: 0.7621
Epoch 49/50 - Train Loss: 0.5560 - Train Metric: 0.7833
Epoch 49/50 - Val Metric: 0.7613
Epoch 50/50 - Train Loss: 0.5548 - Train Metric: 0.7853
Epoch 50/50 - Val Metric: 0.7537
Best val: 0.7621, Best test: 0.7867
Training set has 10617 instances
Validation set has 1327 instances
Test set has 1328 instances
Epoch 1/50 - Train Loss: 0.6960 - Train Metric: 0.5006
Epoch 1/50 - Val Metric: 0.6272
Epoch 2/50 - Train Loss: 0.6910 - Train Metric: 0.5386
Epoch 2/50 - Val Metric: 0.6393
Epoch 3/50 - Train Loss: 0.6606 - Train Metric: 0.6403
Epoch 3/50 - Val Metric: 0.7017
Epoch 4/50 - Train Loss: 0.6084 - Train Metric: 0.7051
Epoch 4/50 - Val Metric: 0.7136
Epoch 5/50 - Train Loss: 0.5973 - Train Metric: 0.7064
Epoch 5/50 - Val Metric: 0.7162
Epoch 6/50 - Train Loss: 0.5981 - Train Metric: 0.7099
Epoch 6/50 - Val Metric: 0.7191
Epoch 7/50 - Train Loss: 0.5947 - Train Metric: 0.7180
Epoch 7/50 - Val Metric: 0.7206
Epoch 8/50 - Train Loss: 0.5936 - Train Metric: 0.7170
Epoch 8/50 - Val Metric: 0.7227
Epoch 9/50 - Train Loss: 0.5929 - Train Metric: 0.7257
Epoch 9/50 - Val Metric: 0.7255
Epoch 10/50 - Train Loss: 0.5888 - Train Metric: 0.7348
Epoch 10/50 - Val Metric: 0.7529
Epoch 11/50 - Train Loss: 0.5895 - Train Metric: 0.7360
Epoch 11/50 - Val Metric: 0.7497
Epoch 12/50 - Train Loss: 0.5780 - Train Metric: 0.7567
Epoch 12/50 - Val Metric: 0.7518
Epoch 13/50 - Train Loss: 0.5787 - Train Metric: 0.7545
Epoch 13/50 - Val Metric: 0.7566
Epoch 14/50 - Train Loss: 0.5805 - Train Metric: 0.7532
Epoch 14/50 - Val Metric: 0.7565
Epoch 15/50 - Train Loss: 0.5755 - Train Metric: 0.7597
Epoch 15/50 - Val Metric: 0.7463
Epoch 16/50 - Train Loss: 0.5759 - Train Metric: 0.7594
Epoch 16/50 - Val Metric: 0.7577
Epoch 17/50 - Train Loss: 0.5742 - Train Metric: 0.7618
Epoch 17/50 - Val Metric: 0.7599
Epoch 18/50 - Train Loss: 0.5725 - Train Metric: 0.7641
Epoch 18/50 - Val Metric: 0.7556
Epoch 19/50 - Train Loss: 0.5732 - Train Metric: 0.7625
Epoch 19/50 - Val Metric: 0.7596
Epoch 20/50 - Train Loss: 0.5748 - Train Metric: 0.7609
Epoch 20/50 - Val Metric: 0.7602
Epoch 21/50 - Train Loss: 0.5729 - Train Metric: 0.7636
Epoch 21/50 - Val Metric: 0.7595
Epoch 22/50 - Train Loss: 0.5694 - Train Metric: 0.7685
Epoch 22/50 - Val Metric: 0.7630
Epoch 23/50 - Train Loss: 0.5701 - Train Metric: 0.7683
Epoch 23/50 - Val Metric: 0.7217
Epoch 24/50 - Train Loss: 0.5738 - Train Metric: 0.7622
Epoch 24/50 - Val Metric: 0.7602
Epoch 25/50 - Train Loss: 0.5706 - Train Metric: 0.7672
Epoch 25/50 - Val Metric: 0.7594
Epoch 26/50 - Train Loss: 0.5710 - Train Metric: 0.7673
Epoch 26/50 - Val Metric: 0.7607
Epoch 27/50 - Train Loss: 0.5661 - Train Metric: 0.7728
Epoch 27/50 - Val Metric: 0.7638
Epoch 28/50 - Train Loss: 0.5655 - Train Metric: 0.7734
Epoch 28/50 - Val Metric: 0.7688
Epoch 29/50 - Train Loss: 0.5653 - Train Metric: 0.7743
Epoch 29/50 - Val Metric: 0.7718
Epoch 30/50 - Train Loss: 0.5670 - Train Metric: 0.7718
Epoch 30/50 - Val Metric: 0.7696
Epoch 31/50 - Train Loss: 0.5661 - Train Metric: 0.7732
Epoch 31/50 - Val Metric: 0.7656
Epoch 32/50 - Train Loss: 0.5691 - Train Metric: 0.7690
Epoch 32/50 - Val Metric: 0.7652
Epoch 33/50 - Train Loss: 0.5706 - Train Metric: 0.7670
Epoch 33/50 - Val Metric: 0.7626
Epoch 34/50 - Train Loss: 0.5650 - Train Metric: 0.7738
Epoch 34/50 - Val Metric: 0.7698
Epoch 35/50 - Train Loss: 0.5655 - Train Metric: 0.7740
Epoch 35/50 - Val Metric: 0.7674
Epoch 36/50 - Train Loss: 0.5679 - Train Metric: 0.7713
Epoch 36/50 - Val Metric: 0.7707
Epoch 37/50 - Train Loss: 0.5645 - Train Metric: 0.7751
Epoch 37/50 - Val Metric: 0.7720
Epoch 38/50 - Train Loss: 0.5638 - Train Metric: 0.7756
Epoch 38/50 - Val Metric: 0.7725
Epoch 39/50 - Train Loss: 0.5623 - Train Metric: 0.7769
Epoch 39/50 - Val Metric: 0.7751
Epoch 40/50 - Train Loss: 0.5626 - Train Metric: 0.7768
Epoch 40/50 - Val Metric: 0.7720
Epoch 41/50 - Train Loss: 0.5631 - Train Metric: 0.7760
Epoch 41/50 - Val Metric: 0.7724
Epoch 42/50 - Train Loss: 0.5621 - Train Metric: 0.7772
Epoch 42/50 - Val Metric: 0.7698
Epoch 43/50 - Train Loss: 0.5621 - Train Metric: 0.7769
Epoch 43/50 - Val Metric: 0.7755
Epoch 44/50 - Train Loss: 0.5628 - Train Metric: 0.7775
Epoch 44/50 - Val Metric: 0.7756
Epoch 45/50 - Train Loss: 0.5637 - Train Metric: 0.7747
Epoch 45/50 - Val Metric: 0.7716
Epoch 46/50 - Train Loss: 0.5611 - Train Metric: 0.7789
Epoch 46/50 - Val Metric: 0.7686
Epoch 47/50 - Train Loss: 0.5620 - Train Metric: 0.7773
Epoch 47/50 - Val Metric: 0.7749
Epoch 48/50 - Train Loss: 0.5619 - Train Metric: 0.7776
Epoch 48/50 - Val Metric: 0.7766
Epoch 49/50 - Train Loss: 0.5609 - Train Metric: 0.7781
Epoch 49/50 - Val Metric: 0.7803
Epoch 50/50 - Train Loss: 0.5609 - Train Metric: 0.7784
Epoch 50/50 - Val Metric: 0.7757
Best val: 0.7803, Best test: 0.7861
Training set has 10617 instances
Validation set has 1327 instances
Test set has 1328 instances
Epoch 1/50 - Train Loss: 0.6981 - Train Metric: 0.5119
Epoch 1/50 - Val Metric: 0.6480
Epoch 2/50 - Train Loss: 0.6922 - Train Metric: 0.5415
Epoch 2/50 - Val Metric: 0.6497
Epoch 3/50 - Train Loss: 0.6729 - Train Metric: 0.6080
Epoch 3/50 - Val Metric: 0.7317
Epoch 4/50 - Train Loss: 0.6162 - Train Metric: 0.6902
Epoch 4/50 - Val Metric: 0.7404
Epoch 5/50 - Train Loss: 0.5999 - Train Metric: 0.7021
Epoch 5/50 - Val Metric: 0.7449
Epoch 6/50 - Train Loss: 0.5955 - Train Metric: 0.7098
Epoch 6/50 - Val Metric: 0.7468
Epoch 7/50 - Train Loss: 0.5954 - Train Metric: 0.7063
Epoch 7/50 - Val Metric: 0.7492
Epoch 8/50 - Train Loss: 0.5931 - Train Metric: 0.7117
Epoch 8/50 - Val Metric: 0.7564
Epoch 9/50 - Train Loss: 0.5932 - Train Metric: 0.7187
Epoch 9/50 - Val Metric: 0.7653
Epoch 10/50 - Train Loss: 0.5887 - Train Metric: 0.7266
Epoch 10/50 - Val Metric: 0.7650
Epoch 11/50 - Train Loss: 0.5868 - Train Metric: 0.7359
Epoch 11/50 - Val Metric: 0.7920
Epoch 12/50 - Train Loss: 0.5838 - Train Metric: 0.7440
Epoch 12/50 - Val Metric: 0.7840
Epoch 13/50 - Train Loss: 0.5776 - Train Metric: 0.7559
Epoch 13/50 - Val Metric: 0.7951
Epoch 14/50 - Train Loss: 0.5762 - Train Metric: 0.7572
Epoch 14/50 - Val Metric: 0.7918
Epoch 15/50 - Train Loss: 0.5724 - Train Metric: 0.7606
Epoch 15/50 - Val Metric: 0.7809
Epoch 16/50 - Train Loss: 0.5815 - Train Metric: 0.7446
Epoch 16/50 - Val Metric: 0.7970
Epoch 17/50 - Train Loss: 0.5717 - Train Metric: 0.7632
Epoch 17/50 - Val Metric: 0.7976
Epoch 18/50 - Train Loss: 0.5741 - Train Metric: 0.7592
Epoch 18/50 - Val Metric: 0.7929
Epoch 19/50 - Train Loss: 0.5781 - Train Metric: 0.7533
Epoch 19/50 - Val Metric: 0.7826
Epoch 20/50 - Train Loss: 0.5737 - Train Metric: 0.7610
Epoch 20/50 - Val Metric: 0.7900
Epoch 21/50 - Train Loss: 0.5677 - Train Metric: 0.7677
Epoch 21/50 - Val Metric: 0.7950
Epoch 22/50 - Train Loss: 0.5692 - Train Metric: 0.7661
Epoch 22/50 - Val Metric: 0.7998
Epoch 23/50 - Train Loss: 0.5683 - Train Metric: 0.7675
Epoch 23/50 - Val Metric: 0.7956
Epoch 24/50 - Train Loss: 0.5695 - Train Metric: 0.7665
Epoch 24/50 - Val Metric: 0.7918
Epoch 25/50 - Train Loss: 0.5696 - Train Metric: 0.7665
Epoch 25/50 - Val Metric: 0.7986
Epoch 26/50 - Train Loss: 0.5681 - Train Metric: 0.7686
Epoch 26/50 - Val Metric: 0.7980
Epoch 27/50 - Train Loss: 0.5669 - Train Metric: 0.7684
Epoch 27/50 - Val Metric: 0.7981
Epoch 28/50 - Train Loss: 0.5660 - Train Metric: 0.7713
Epoch 28/50 - Val Metric: 0.8026
Epoch 29/50 - Train Loss: 0.5666 - Train Metric: 0.7709
Epoch 29/50 - Val Metric: 0.8046
Epoch 30/50 - Train Loss: 0.5638 - Train Metric: 0.7745
Epoch 30/50 - Val Metric: 0.7916
Epoch 31/50 - Train Loss: 0.5650 - Train Metric: 0.7718
Epoch 31/50 - Val Metric: 0.8025
Epoch 32/50 - Train Loss: 0.5612 - Train Metric: 0.7779
Epoch 32/50 - Val Metric: 0.7997
Epoch 33/50 - Train Loss: 0.5671 - Train Metric: 0.7704
Epoch 33/50 - Val Metric: 0.8043
Epoch 34/50 - Train Loss: 0.5624 - Train Metric: 0.7757
Epoch 34/50 - Val Metric: 0.8018
Epoch 35/50 - Train Loss: 0.5604 - Train Metric: 0.7771
Epoch 35/50 - Val Metric: 0.8025
Epoch 36/50 - Train Loss: 0.5617 - Train Metric: 0.7765
Epoch 36/50 - Val Metric: 0.7999
Epoch 37/50 - Train Loss: 0.5616 - Train Metric: 0.7769
Epoch 37/50 - Val Metric: 0.7972
Epoch 38/50 - Train Loss: 0.5615 - Train Metric: 0.7771
Epoch 38/50 - Val Metric: 0.8005
Epoch 39/50 - Train Loss: 0.5587 - Train Metric: 0.7797
Epoch 39/50 - Val Metric: 0.8005
Epoch 40/50 - Train Loss: 0.5587 - Train Metric: 0.7797
Epoch 40/50 - Val Metric: 0.8015
Epoch 41/50 - Train Loss: 0.5597 - Train Metric: 0.7782
Epoch 41/50 - Val Metric: 0.8048
Epoch 42/50 - Train Loss: 0.5584 - Train Metric: 0.7797
Epoch 42/50 - Val Metric: 0.8055
Epoch 43/50 - Train Loss: 0.5614 - Train Metric: 0.7765
Epoch 43/50 - Val Metric: 0.7936
Epoch 44/50 - Train Loss: 0.5594 - Train Metric: 0.7783
Epoch 44/50 - Val Metric: 0.8056
Epoch 45/50 - Train Loss: 0.5569 - Train Metric: 0.7811
Epoch 45/50 - Val Metric: 0.8035
Epoch 46/50 - Train Loss: 0.5556 - Train Metric: 0.7826
Epoch 46/50 - Val Metric: 0.8058
Epoch 47/50 - Train Loss: 0.5562 - Train Metric: 0.7820
Epoch 47/50 - Val Metric: 0.8078
Epoch 48/50 - Train Loss: 0.5550 - Train Metric: 0.7835
Epoch 48/50 - Val Metric: 0.8027
Epoch 49/50 - Train Loss: 0.5545 - Train Metric: 0.7835
Epoch 49/50 - Val Metric: 0.8018
Epoch 50/50 - Train Loss: 0.5543 - Train Metric: 0.7827
Epoch 50/50 - Val Metric: 0.8005
Best val: 0.8078, Best test: 0.7459
[0.78309166 0.75838101 0.78673273 0.78613371 0.74588048]
