Train dataset has 2 instances.
19888    1
4479     0
Name: target_col, dtype: int64
Namespace(task_type='binary_classification', scale='small', idx=13, epochs=50, num_trials=1, num_repeats=5, model_type='LinearL1', seed=0, shots=1, result_path='output/binary_classification/small/13/LinearL1_1.pt')
input columns: None
debug arr: [[0 0 0 0 0 0 0 0]
 [1 1 0 0 0 0 0 0]]
cols: [0 1 2 3 4 5 6 7]
Added Df: 
   0  1  2  3  4  5  6  7
0  0  0  0  0  0  0  0  0
1  1  1  0  0  0  0  0  0
df with dummies       8         9    10       11   12    13    0_1    1_1
0  52.0  194995.0  13.0  15024.0  0.0  55.0  False  False
1  41.0  310255.0   9.0      0.0  0.0  40.0   True   True
(2, 8)
Cat features: ['8', '9', '10', '11', '12', '13', '0_1', '1_1']
input columns: ['8', '9', '10', '11', '12', '13', '0_1', '1_1']
debug arr: [[ 0  0  1 ...  0  1  0]
 [ 0  1  0 ...  0  0  0]
 [ 0  3  0 ...  0  0  0]
 ...
 [ 0 14  1 ...  0  0  7]
 [ 0  0  0 ...  0  0  0]
 [ 0  2  1 ...  2  1 12]]
cols: [0 1 2 3 4 5 6 7]
Added Df: 
      0   1  2  3  4  5  6   7
0     0   0  1  5  1  0  1   0
1     0   1  0  2  0  0  0   0
2     0   3  0  0  0  0  0   0
3     0   4  0  0  0  0  0   0
4     1   4  0  5  0  0  0   0
...  ..  .. .. .. .. .. ..  ..
4879  2   6  1  0  1  0  0   0
4880  0   0  1  6  5  4  0   0
4881  0  14  1  5  1  0  0   7
4882  0   0  0  6  0  0  0   0
4883  0   2  1  4  1  2  1  12

[4884 rows x 8 columns]
df with dummies       8         9    10      11   12  ...   7_35   7_36   7_37   7_38   7_39
0  27.0  113866.0   9.0     0.0  0.0  ...  False  False  False  False  False
1  53.0  184176.0  10.0     0.0  0.0  ...  False  False  False  False  False
2  68.0   67791.0  14.0     0.0  0.0  ...  False  False  False  False  False
3  34.0  208043.0  11.0  7298.0  0.0  ...  False  False  False  False  False
4  63.0  420629.0  11.0     0.0  0.0  ...  False  False  False  False  False

[5 rows x 97 columns]
(4884, 97)
df after reindexing       8         9    10      11   12    13    0_1    1_1
0  27.0  113866.0   9.0     0.0  0.0  30.0  False  False
1  53.0  184176.0  10.0     0.0  0.0  50.0  False   True
2  68.0   67791.0  14.0     0.0  0.0  45.0  False  False
3  34.0  208043.0  11.0  7298.0  0.0  45.0  False  False
4  63.0  420629.0  11.0     0.0  0.0  45.0   True  False
(4884, 8)
input columns: ['8', '9', '10', '11', '12', '13', '0_1', '1_1']
debug arr: [[0 0 0 0 0 0 0 0]
 [1 1 0 0 0 0 0 0]]
cols: [0 1 2 3 4 5 6 7]
Added Df: 
   0  1  2  3  4  5  6  7
0  0  0  0  0  0  0  0  0
1  1  1  0  0  0  0  0  0
df with dummies       8         9    10       11   12    13    0_1    1_1
0  52.0  194995.0  13.0  15024.0  0.0  55.0  False  False
1  41.0  310255.0   9.0      0.0  0.0  40.0   True   True
(2, 8)
df after reindexing       8         9    10       11   12    13    0_1    1_1
0  52.0  194995.0  13.0  15024.0  0.0  55.0  False  False
1  41.0  310255.0   9.0      0.0  0.0  40.0   True   True
(2, 8)
input columns: ['8', '9', '10', '11', '12', '13', '0_1', '1_1']
debug arr: [[ 0  0  1 ...  0  1  0]
 [ 0  1  0 ...  0  0  0]
 [ 0  3  0 ...  0  0  0]
 ...
 [ 0 14  1 ...  0  0  7]
 [ 0  0  0 ...  0  0  0]
 [ 0  2  1 ...  2  1 12]]
cols: [0 1 2 3 4 5 6 7]
Added Df: 
      0   1  2  3  4  5  6   7
0     0   0  1  5  1  0  1   0
1     0   1  0  2  0  0  0   0
2     0   3  0  0  0  0  0   0
3     0   4  0  0  0  0  0   0
4     1   4  0  5  0  0  0   0
...  ..  .. .. .. .. .. ..  ..
4879  2   6  1  0  1  0  0   0
4880  0   0  1  6  5  4  0   0
4881  0  14  1  5  1  0  0   7
4882  0   0  0  6  0  0  0   0
4883  0   2  1  4  1  2  1  12

[4884 rows x 8 columns]
df with dummies       8         9    10      11   12  ...   7_35   7_36   7_37   7_38   7_39
0  27.0  113866.0   9.0     0.0  0.0  ...  False  False  False  False  False
1  53.0  184176.0  10.0     0.0  0.0  ...  False  False  False  False  False
2  68.0   67791.0  14.0     0.0  0.0  ...  False  False  False  False  False
3  34.0  208043.0  11.0  7298.0  0.0  ...  False  False  False  False  False
4  63.0  420629.0  11.0     0.0  0.0  ...  False  False  False  False  False

[5 rows x 97 columns]
(4884, 97)
df after reindexing       8         9    10      11   12    13    0_1    1_1
0  27.0  113866.0   9.0     0.0  0.0  30.0  False  False
1  53.0  184176.0  10.0     0.0  0.0  50.0  False   True
2  68.0   67791.0  14.0     0.0  0.0  45.0  False  False
3  34.0  208043.0  11.0  7298.0  0.0  45.0  False  False
4  63.0  420629.0  11.0     0.0  0.0  45.0   True  False
(4884, 8)
input columns: ['8', '9', '10', '11', '12', '13', '0_1', '1_1']
debug arr: [[0 0 2 ... 0 0 0]
 [0 6 1 ... 0 0 0]
 [0 1 1 ... 0 0 0]
 ...
 [0 2 0 ... 0 0 0]
 [0 2 0 ... 0 0 0]
 [0 2 0 ... 0 0 0]]
cols: [0 1 2 3 4 5 6 7]
Added Df: 
      0  1  2  3  4  5  6  7
0     0  0  2  1  1  0  0  0
1     0  6  1  4  1  0  0  0
2     0  1  1  4  1  0  0  0
3     0  0  2  8  1  0  0  0
4     0  1  1  0  1  0  1  0
...  .. .. .. .. .. .. .. ..
4880  0  1  1  3  2  0  0  0
4881  1  0  1  4  3  2  1  0
4882  0  2  0  4  0  0  0  0
4883  0  2  0  3  0  0  0  0
4884  0  2  0  0  0  0  0  0

[4885 rows x 8 columns]
df with dummies       8         9    10   11   12  ...   7_36   7_37   7_38   7_40   7_41
0  46.0  261688.0   9.0  0.0  0.0  ...  False  False  False  False  False
1  23.0  198368.0  12.0  0.0  0.0  ...  False  False  False  False  False
2  23.0  320294.0  10.0  0.0  0.0  ...  False  False  False  False  False
3  40.0  182302.0   9.0  0.0  0.0  ...  False  False  False  False  False
4  29.0  114158.0  10.0  0.0  0.0  ...  False  False  False  False  False

[5 rows x 99 columns]
(4885, 99)
df after reindexing       8         9    10   11   12    13    0_1    1_1
0  46.0  261688.0   9.0  0.0  0.0  40.0  False  False
1  23.0  198368.0  12.0  0.0  0.0  40.0  False  False
2  23.0  320294.0  10.0  0.0  0.0  50.0  False   True
3  40.0  182302.0   9.0  0.0  0.0  40.0  False  False
4  29.0  114158.0  10.0  0.0  0.0  40.0  False   True
(4885, 8)
{'args': {'task_type': 'binary_classification', 'scale': 'small', 'idx': 13, 'epochs': 50, 'num_trials': 1, 'num_repeats': 5, 'model_type': 'LinearL1', 'seed': 0, 'shots': 1, 'result_path': 'output/binary_classification/small/13/LinearL1_1.pt'}, 'best_val_metric': 0.7524679244802838, 'best_test_metric': 0.7540043070834062, 'best_cfg': {'C': 1.3166155548557361}, 'total_time': 0.22622442245483398}
