Hyper-parameter search via Optuna
Namespace(task_type='binary_classification', scale='small', idx=13, epochs=50, num_trials=20, num_repeats=5, seed=0, exp_name='MemGlovalAvgPool', result_path='output/binary_classification/small/13/MemGlovalAvgPool.pt')
Device: cuda
Start building binary_classification dataset_small_13
Training set has 39073 instances
Validation set has 4884 instances
Test set has 4885 instances
Epoch 1/50 - Train Loss: 0.3852 - Train Metric: 0.8542
Epoch 1/50 - Val Metric: 0.9137
Epoch 2/50 - Train Loss: 0.3206 - Train Metric: 0.9050
Epoch 2/50 - Val Metric: 0.9161
Epoch 3/50 - Train Loss: 0.3147 - Train Metric: 0.9074
Epoch 3/50 - Val Metric: 0.9190
Epoch 4/50 - Train Loss: 0.3069 - Train Metric: 0.9117
Epoch 4/50 - Val Metric: 0.9183
Epoch 5/50 - Train Loss: 0.3082 - Train Metric: 0.9109
Epoch 5/50 - Val Metric: 0.9201
Epoch 6/50 - Train Loss: 0.3057 - Train Metric: 0.9121
Epoch 6/50 - Val Metric: 0.9205
Epoch 7/50 - Train Loss: 0.3018 - Train Metric: 0.9143
Epoch 7/50 - Val Metric: 0.9210
Epoch 8/50 - Train Loss: 0.3012 - Train Metric: 0.9147
Epoch 8/50 - Val Metric: 0.9217
Epoch 9/50 - Train Loss: 0.3007 - Train Metric: 0.9149
Epoch 9/50 - Val Metric: 0.9209
Epoch 10/50 - Train Loss: 0.3014 - Train Metric: 0.9146
Epoch 10/50 - Val Metric: 0.9224
Epoch 11/50 - Train Loss: 0.3006 - Train Metric: 0.9148
Epoch 11/50 - Val Metric: 0.9208
Epoch 12/50 - Train Loss: 0.2987 - Train Metric: 0.9162
Epoch 12/50 - Val Metric: 0.9227
Epoch 13/50 - Train Loss: 0.2949 - Train Metric: 0.9181
Epoch 13/50 - Val Metric: 0.9205
Epoch 14/50 - Train Loss: 0.2983 - Train Metric: 0.9162
Epoch 14/50 - Val Metric: 0.9178
Epoch 15/50 - Train Loss: 0.2959 - Train Metric: 0.9175
Epoch 15/50 - Val Metric: 0.9210
Epoch 16/50 - Train Loss: 0.2939 - Train Metric: 0.9186
Epoch 16/50 - Val Metric: 0.9202
Epoch 17/50 - Train Loss: 0.2948 - Train Metric: 0.9183
Epoch 17/50 - Val Metric: 0.9192
Epoch 18/50 - Train Loss: 0.2956 - Train Metric: 0.9179
Epoch 18/50 - Val Metric: 0.9209
Epoch 19/50 - Train Loss: 0.2946 - Train Metric: 0.9183
Epoch 19/50 - Val Metric: 0.9227
Epoch 20/50 - Train Loss: 0.2936 - Train Metric: 0.9191
Epoch 20/50 - Val Metric: 0.9224
Epoch 21/50 - Train Loss: 0.2890 - Train Metric: 0.9210
Epoch 21/50 - Val Metric: 0.9209
Epoch 22/50 - Train Loss: 0.2908 - Train Metric: 0.9203
Epoch 22/50 - Val Metric: 0.9205
Epoch 23/50 - Train Loss: 0.2902 - Train Metric: 0.9208
Epoch 23/50 - Val Metric: 0.9213
Epoch 24/50 - Train Loss: 0.2879 - Train Metric: 0.9218
Epoch 24/50 - Val Metric: 0.9227
Epoch 25/50 - Train Loss: 0.2921 - Train Metric: 0.9198
Epoch 25/50 - Val Metric: 0.9190
Epoch 26/50 - Train Loss: 0.2871 - Train Metric: 0.9222
Epoch 26/50 - Val Metric: 0.9223
Epoch 27/50 - Train Loss: 0.2865 - Train Metric: 0.9224
Epoch 27/50 - Val Metric: 0.9220
Epoch 28/50 - Train Loss: 0.2856 - Train Metric: 0.9230
Epoch 28/50 - Val Metric: 0.9213
Epoch 29/50 - Train Loss: 0.2837 - Train Metric: 0.9243
Epoch 29/50 - Val Metric: 0.9210
Epoch 30/50 - Train Loss: 0.2838 - Train Metric: 0.9244
Epoch 30/50 - Val Metric: 0.9206
Epoch 31/50 - Train Loss: 0.2893 - Train Metric: 0.9213
Epoch 31/50 - Val Metric: 0.9181
Epoch 32/50 - Train Loss: 0.2881 - Train Metric: 0.9219
Epoch 32/50 - Val Metric: 0.9202
Epoch 33/50 - Train Loss: 0.2868 - Train Metric: 0.9228
Epoch 33/50 - Val Metric: 0.9166
Epoch 34/50 - Train Loss: 0.2845 - Train Metric: 0.9238
Epoch 34/50 - Val Metric: 0.9191
Epoch 35/50 - Train Loss: 0.2821 - Train Metric: 0.9246
Epoch 35/50 - Val Metric: 0.9208
Epoch 36/50 - Train Loss: 0.2852 - Train Metric: 0.9235
Epoch 36/50 - Val Metric: 0.9206
Epoch 37/50 - Train Loss: 0.2840 - Train Metric: 0.9244
Epoch 37/50 - Val Metric: 0.9198
Epoch 38/50 - Train Loss: 0.2820 - Train Metric: 0.9251
Epoch 38/50 - Val Metric: 0.9184
Epoch 39/50 - Train Loss: 0.2823 - Train Metric: 0.9253
Epoch 39/50 - Val Metric: 0.9180
Epoch 40/50 - Train Loss: 0.2796 - Train Metric: 0.9265
Epoch 40/50 - Val Metric: 0.9186
Epoch 41/50 - Train Loss: 0.2788 - Train Metric: 0.9269
Epoch 41/50 - Val Metric: 0.9198
Epoch 42/50 - Train Loss: 0.2759 - Train Metric: 0.9284
Epoch 42/50 - Val Metric: 0.9192
Epoch 43/50 - Train Loss: 0.2758 - Train Metric: 0.9287
Epoch 43/50 - Val Metric: 0.9179
Epoch 44/50 - Train Loss: 0.2746 - Train Metric: 0.9290
Epoch 44/50 - Val Metric: 0.9177
Epoch 45/50 - Train Loss: 0.2735 - Train Metric: 0.9297
Epoch 45/50 - Val Metric: 0.9166
Epoch 46/50 - Train Loss: 0.2758 - Train Metric: 0.9286
Epoch 46/50 - Val Metric: 0.9178
Epoch 47/50 - Train Loss: 0.2755 - Train Metric: 0.9288
Epoch 47/50 - Val Metric: 0.9182
Epoch 48/50 - Train Loss: 0.2720 - Train Metric: 0.9307
Epoch 48/50 - Val Metric: 0.9185
Epoch 49/50 - Train Loss: 0.2697 - Train Metric: 0.9318
Epoch 49/50 - Val Metric: 0.9187
Epoch 50/50 - Train Loss: 0.2684 - Train Metric: 0.9323
Epoch 50/50 - Val Metric: 0.9176
Best val: 0.9227, Best test: 0.9221
Training set has 39073 instances
Validation set has 4884 instances
Test set has 4885 instances
Epoch 1/50 - Train Loss: 0.4015 - Train Metric: 0.8389
Epoch 1/50 - Val Metric: 0.8783
Epoch 2/50 - Train Loss: 0.3598 - Train Metric: 0.8780
Epoch 2/50 - Val Metric: 0.8962
Epoch 3/50 - Train Loss: 0.3411 - Train Metric: 0.8919
Epoch 3/50 - Val Metric: 0.9031
Epoch 4/50 - Train Loss: 0.3254 - Train Metric: 0.9018
Epoch 4/50 - Val Metric: 0.9072
Epoch 5/50 - Train Loss: 0.3190 - Train Metric: 0.9059
Epoch 5/50 - Val Metric: 0.9117
Epoch 6/50 - Train Loss: 0.3122 - Train Metric: 0.9096
Epoch 6/50 - Val Metric: 0.9065
Epoch 7/50 - Train Loss: 0.3082 - Train Metric: 0.9119
Epoch 7/50 - Val Metric: 0.9097
Epoch 8/50 - Train Loss: 0.3095 - Train Metric: 0.9111
Epoch 8/50 - Val Metric: 0.9103
Epoch 9/50 - Train Loss: 0.3070 - Train Metric: 0.9123
Epoch 9/50 - Val Metric: 0.9102
Epoch 10/50 - Train Loss: 0.3064 - Train Metric: 0.9123
Epoch 10/50 - Val Metric: 0.9124
Epoch 11/50 - Train Loss: 0.3050 - Train Metric: 0.9132
Epoch 11/50 - Val Metric: 0.9024
Epoch 12/50 - Train Loss: 0.3039 - Train Metric: 0.9136
Epoch 12/50 - Val Metric: 0.9118
Epoch 13/50 - Train Loss: 0.3034 - Train Metric: 0.9142
Epoch 13/50 - Val Metric: 0.9137
Epoch 14/50 - Train Loss: 0.3025 - Train Metric: 0.9143
Epoch 14/50 - Val Metric: 0.9148
Epoch 15/50 - Train Loss: 0.3017 - Train Metric: 0.9149
Epoch 15/50 - Val Metric: 0.9118
Epoch 16/50 - Train Loss: 0.2995 - Train Metric: 0.9162
Epoch 16/50 - Val Metric: 0.9135
Epoch 17/50 - Train Loss: 0.2986 - Train Metric: 0.9165
Epoch 17/50 - Val Metric: 0.9137
Epoch 18/50 - Train Loss: 0.2989 - Train Metric: 0.9167
Epoch 18/50 - Val Metric: 0.9138
Epoch 19/50 - Train Loss: 0.2991 - Train Metric: 0.9164
Epoch 19/50 - Val Metric: 0.9141
Epoch 20/50 - Train Loss: 0.2978 - Train Metric: 0.9168
Epoch 20/50 - Val Metric: 0.9130
Epoch 21/50 - Train Loss: 0.2962 - Train Metric: 0.9179
Epoch 21/50 - Val Metric: 0.9112
Epoch 22/50 - Train Loss: 0.2947 - Train Metric: 0.9189
Epoch 22/50 - Val Metric: 0.9104
Epoch 23/50 - Train Loss: 0.2982 - Train Metric: 0.9169
Epoch 23/50 - Val Metric: 0.9126
Epoch 24/50 - Train Loss: 0.2946 - Train Metric: 0.9185
Epoch 24/50 - Val Metric: 0.9134
Epoch 25/50 - Train Loss: 0.2937 - Train Metric: 0.9193
Epoch 25/50 - Val Metric: 0.9111
Epoch 26/50 - Train Loss: 0.2940 - Train Metric: 0.9191
Epoch 26/50 - Val Metric: 0.9142
Epoch 27/50 - Train Loss: 0.2933 - Train Metric: 0.9195
Epoch 27/50 - Val Metric: 0.9130
Epoch 28/50 - Train Loss: 0.2931 - Train Metric: 0.9197
Epoch 28/50 - Val Metric: 0.9129
Epoch 29/50 - Train Loss: 0.2918 - Train Metric: 0.9204
Epoch 29/50 - Val Metric: 0.9124
Epoch 30/50 - Train Loss: 0.2937 - Train Metric: 0.9196
Epoch 30/50 - Val Metric: 0.9111
Epoch 31/50 - Train Loss: 0.2905 - Train Metric: 0.9212
Epoch 31/50 - Val Metric: 0.9131
Epoch 32/50 - Train Loss: 0.2918 - Train Metric: 0.9203
Epoch 32/50 - Val Metric: 0.9139
Epoch 33/50 - Train Loss: 0.2922 - Train Metric: 0.9202
Epoch 33/50 - Val Metric: 0.9111
Epoch 34/50 - Train Loss: 0.2922 - Train Metric: 0.9204
Epoch 34/50 - Val Metric: 0.9136
Epoch 35/50 - Train Loss: 0.2895 - Train Metric: 0.9214
Epoch 35/50 - Val Metric: 0.9142
Epoch 36/50 - Train Loss: 0.2897 - Train Metric: 0.9216
Epoch 36/50 - Val Metric: 0.9128
Epoch 37/50 - Train Loss: 0.2876 - Train Metric: 0.9228
Epoch 37/50 - Val Metric: 0.9133
Epoch 38/50 - Train Loss: 0.2853 - Train Metric: 0.9240
Epoch 38/50 - Val Metric: 0.9130
Epoch 39/50 - Train Loss: 0.2873 - Train Metric: 0.9231
Epoch 39/50 - Val Metric: 0.9116
Epoch 40/50 - Train Loss: 0.2849 - Train Metric: 0.9242
Epoch 40/50 - Val Metric: 0.9128
Epoch 41/50 - Train Loss: 0.2842 - Train Metric: 0.9245
Epoch 41/50 - Val Metric: 0.9132
Epoch 42/50 - Train Loss: 0.2833 - Train Metric: 0.9251
Epoch 42/50 - Val Metric: 0.9119
Epoch 43/50 - Train Loss: 0.2874 - Train Metric: 0.9230
Epoch 43/50 - Val Metric: 0.9116
Epoch 44/50 - Train Loss: 0.2862 - Train Metric: 0.9238
Epoch 44/50 - Val Metric: 0.9125
Epoch 45/50 - Train Loss: 0.2848 - Train Metric: 0.9244
Epoch 45/50 - Val Metric: 0.9104
Epoch 46/50 - Train Loss: 0.2804 - Train Metric: 0.9266
Epoch 46/50 - Val Metric: 0.9116
Epoch 47/50 - Train Loss: 0.2791 - Train Metric: 0.9274
Epoch 47/50 - Val Metric: 0.9127
Epoch 48/50 - Train Loss: 0.2822 - Train Metric: 0.9260
Epoch 48/50 - Val Metric: 0.9104
Epoch 49/50 - Train Loss: 0.2811 - Train Metric: 0.9266
Epoch 49/50 - Val Metric: 0.9111
Epoch 50/50 - Train Loss: 0.2778 - Train Metric: 0.9286
Epoch 50/50 - Val Metric: 0.9104
Best val: 0.9148, Best test: 0.9179
Training set has 39073 instances
Validation set has 4884 instances
Test set has 4885 instances
Epoch 1/50 - Train Loss: 0.4201 - Train Metric: 0.8214
Epoch 1/50 - Val Metric: 0.8662
Epoch 2/50 - Train Loss: 0.3716 - Train Metric: 0.8692
Epoch 2/50 - Val Metric: 0.8758
Epoch 3/50 - Train Loss: 0.3544 - Train Metric: 0.8829
Epoch 3/50 - Val Metric: 0.8902
Epoch 4/50 - Train Loss: 0.3353 - Train Metric: 0.8959
Epoch 4/50 - Val Metric: 0.9012
Epoch 5/50 - Train Loss: 0.3211 - Train Metric: 0.9043
Epoch 5/50 - Val Metric: 0.9035
Epoch 6/50 - Train Loss: 0.3164 - Train Metric: 0.9070
Epoch 6/50 - Val Metric: 0.9054
Epoch 7/50 - Train Loss: 0.3116 - Train Metric: 0.9097
Epoch 7/50 - Val Metric: 0.9048
Epoch 8/50 - Train Loss: 0.3098 - Train Metric: 0.9107
Epoch 8/50 - Val Metric: 0.9065
Epoch 9/50 - Train Loss: 0.3082 - Train Metric: 0.9114
Epoch 9/50 - Val Metric: 0.9073
Epoch 10/50 - Train Loss: 0.3097 - Train Metric: 0.9105
Epoch 10/50 - Val Metric: 0.9064
Epoch 11/50 - Train Loss: 0.3067 - Train Metric: 0.9123
Epoch 11/50 - Val Metric: 0.9085
Epoch 12/50 - Train Loss: 0.3057 - Train Metric: 0.9129
Epoch 12/50 - Val Metric: 0.9082
Epoch 13/50 - Train Loss: 0.3056 - Train Metric: 0.9129
Epoch 13/50 - Val Metric: 0.9080
Epoch 14/50 - Train Loss: 0.3038 - Train Metric: 0.9141
Epoch 14/50 - Val Metric: 0.9078
Epoch 15/50 - Train Loss: 0.3028 - Train Metric: 0.9144
Epoch 15/50 - Val Metric: 0.9082
Epoch 16/50 - Train Loss: 0.3034 - Train Metric: 0.9142
Epoch 16/50 - Val Metric: 0.9089
Epoch 17/50 - Train Loss: 0.3026 - Train Metric: 0.9146
Epoch 17/50 - Val Metric: 0.9081
Epoch 18/50 - Train Loss: 0.3014 - Train Metric: 0.9153
Epoch 18/50 - Val Metric: 0.9080
Epoch 19/50 - Train Loss: 0.3012 - Train Metric: 0.9155
Epoch 19/50 - Val Metric: 0.9093
Epoch 20/50 - Train Loss: 0.3013 - Train Metric: 0.9154
Epoch 20/50 - Val Metric: 0.9085
Epoch 21/50 - Train Loss: 0.2998 - Train Metric: 0.9164
Epoch 21/50 - Val Metric: 0.9066
Epoch 22/50 - Train Loss: 0.2993 - Train Metric: 0.9164
Epoch 22/50 - Val Metric: 0.9064
Epoch 23/50 - Train Loss: 0.2991 - Train Metric: 0.9166
Epoch 23/50 - Val Metric: 0.9089
Epoch 24/50 - Train Loss: 0.2992 - Train Metric: 0.9169
Epoch 24/50 - Val Metric: 0.9091
Epoch 25/50 - Train Loss: 0.2977 - Train Metric: 0.9174
Epoch 25/50 - Val Metric: 0.9069
Epoch 26/50 - Train Loss: 0.2968 - Train Metric: 0.9180
Epoch 26/50 - Val Metric: 0.9052
Epoch 27/50 - Train Loss: 0.2967 - Train Metric: 0.9182
Epoch 27/50 - Val Metric: 0.9077
Epoch 28/50 - Train Loss: 0.2950 - Train Metric: 0.9190
Epoch 28/50 - Val Metric: 0.9075
Epoch 29/50 - Train Loss: 0.2953 - Train Metric: 0.9188
Epoch 29/50 - Val Metric: 0.9052
Epoch 30/50 - Train Loss: 0.2953 - Train Metric: 0.9189
Epoch 30/50 - Val Metric: 0.9097
Epoch 31/50 - Train Loss: 0.2936 - Train Metric: 0.9196
Epoch 31/50 - Val Metric: 0.9079
Epoch 32/50 - Train Loss: 0.2929 - Train Metric: 0.9199
Epoch 32/50 - Val Metric: 0.9079
Epoch 33/50 - Train Loss: 0.2932 - Train Metric: 0.9199
Epoch 33/50 - Val Metric: 0.9066
Epoch 34/50 - Train Loss: 0.2922 - Train Metric: 0.9204
Epoch 34/50 - Val Metric: 0.9054
Epoch 35/50 - Train Loss: 0.2924 - Train Metric: 0.9204
Epoch 35/50 - Val Metric: 0.9071
Epoch 36/50 - Train Loss: 0.2920 - Train Metric: 0.9206
Epoch 36/50 - Val Metric: 0.9079
Epoch 37/50 - Train Loss: 0.2900 - Train Metric: 0.9215
Epoch 37/50 - Val Metric: 0.9066
Epoch 38/50 - Train Loss: 0.2904 - Train Metric: 0.9215
Epoch 38/50 - Val Metric: 0.9087
Epoch 39/50 - Train Loss: 0.2909 - Train Metric: 0.9211
Epoch 39/50 - Val Metric: 0.9037
Epoch 40/50 - Train Loss: 0.2903 - Train Metric: 0.9215
Epoch 40/50 - Val Metric: 0.9068
Epoch 41/50 - Train Loss: 0.2885 - Train Metric: 0.9225
Epoch 41/50 - Val Metric: 0.9076
Epoch 42/50 - Train Loss: 0.2884 - Train Metric: 0.9225
Epoch 42/50 - Val Metric: 0.9030
Epoch 43/50 - Train Loss: 0.2877 - Train Metric: 0.9229
Epoch 43/50 - Val Metric: 0.9061
Epoch 44/50 - Train Loss: 0.2878 - Train Metric: 0.9226
Epoch 44/50 - Val Metric: 0.9065
Epoch 45/50 - Train Loss: 0.2875 - Train Metric: 0.9230
Epoch 45/50 - Val Metric: 0.9065
Epoch 46/50 - Train Loss: 0.2869 - Train Metric: 0.9233
Epoch 46/50 - Val Metric: 0.9075
Epoch 47/50 - Train Loss: 0.2864 - Train Metric: 0.9235
Epoch 47/50 - Val Metric: 0.9065
Epoch 48/50 - Train Loss: 0.2869 - Train Metric: 0.9232
Epoch 48/50 - Val Metric: 0.9073
Epoch 49/50 - Train Loss: 0.2840 - Train Metric: 0.9248
Epoch 49/50 - Val Metric: 0.9069
Epoch 50/50 - Train Loss: 0.2858 - Train Metric: 0.9238
Epoch 50/50 - Val Metric: 0.9062
Best val: 0.9097, Best test: 0.9168
Training set has 39073 instances
Validation set has 4884 instances
Test set has 4885 instances
Epoch 1/50 - Train Loss: 0.3977 - Train Metric: 0.8450
Epoch 1/50 - Val Metric: 0.8800
Epoch 2/50 - Train Loss: 0.3524 - Train Metric: 0.8840
Epoch 2/50 - Val Metric: 0.8915
Epoch 3/50 - Train Loss: 0.3323 - Train Metric: 0.8976
Epoch 3/50 - Val Metric: 0.9046
Epoch 4/50 - Train Loss: 0.3179 - Train Metric: 0.9062
Epoch 4/50 - Val Metric: 0.9100
Epoch 5/50 - Train Loss: 0.3143 - Train Metric: 0.9085
Epoch 5/50 - Val Metric: 0.9087
Epoch 6/50 - Train Loss: 0.3120 - Train Metric: 0.9097
Epoch 6/50 - Val Metric: 0.9135
Epoch 7/50 - Train Loss: 0.3069 - Train Metric: 0.9123
Epoch 7/50 - Val Metric: 0.9155
Epoch 8/50 - Train Loss: 0.3050 - Train Metric: 0.9134
Epoch 8/50 - Val Metric: 0.9170
Epoch 9/50 - Train Loss: 0.3048 - Train Metric: 0.9140
Epoch 9/50 - Val Metric: 0.9162
Epoch 10/50 - Train Loss: 0.3047 - Train Metric: 0.9139
Epoch 10/50 - Val Metric: 0.9172
Epoch 11/50 - Train Loss: 0.3018 - Train Metric: 0.9155
Epoch 11/50 - Val Metric: 0.9156
Epoch 12/50 - Train Loss: 0.3019 - Train Metric: 0.9156
Epoch 12/50 - Val Metric: 0.9173
Epoch 13/50 - Train Loss: 0.3003 - Train Metric: 0.9162
Epoch 13/50 - Val Metric: 0.9184
Epoch 14/50 - Train Loss: 0.2999 - Train Metric: 0.9168
Epoch 14/50 - Val Metric: 0.9167
Epoch 15/50 - Train Loss: 0.2995 - Train Metric: 0.9166
Epoch 15/50 - Val Metric: 0.9181
Epoch 16/50 - Train Loss: 0.2987 - Train Metric: 0.9171
Epoch 16/50 - Val Metric: 0.9168
Epoch 17/50 - Train Loss: 0.2996 - Train Metric: 0.9169
Epoch 17/50 - Val Metric: 0.9154
Epoch 18/50 - Train Loss: 0.2953 - Train Metric: 0.9191
Epoch 18/50 - Val Metric: 0.9170
Epoch 19/50 - Train Loss: 0.2967 - Train Metric: 0.9184
Epoch 19/50 - Val Metric: 0.9160
Epoch 20/50 - Train Loss: 0.2938 - Train Metric: 0.9199
Epoch 20/50 - Val Metric: 0.9164
Epoch 21/50 - Train Loss: 0.2944 - Train Metric: 0.9197
Epoch 21/50 - Val Metric: 0.9177
Epoch 22/50 - Train Loss: 0.2936 - Train Metric: 0.9201
Epoch 22/50 - Val Metric: 0.9166
Epoch 23/50 - Train Loss: 0.2946 - Train Metric: 0.9195
Epoch 23/50 - Val Metric: 0.9179
Epoch 24/50 - Train Loss: 0.2919 - Train Metric: 0.9210
Epoch 24/50 - Val Metric: 0.9182
Epoch 25/50 - Train Loss: 0.2896 - Train Metric: 0.9221
Epoch 25/50 - Val Metric: 0.9189
Epoch 26/50 - Train Loss: 0.2906 - Train Metric: 0.9217
Epoch 26/50 - Val Metric: 0.9162
Epoch 27/50 - Train Loss: 0.2911 - Train Metric: 0.9216
Epoch 27/50 - Val Metric: 0.9165
Epoch 28/50 - Train Loss: 0.2894 - Train Metric: 0.9225
Epoch 28/50 - Val Metric: 0.9155
Epoch 29/50 - Train Loss: 0.2910 - Train Metric: 0.9217
Epoch 29/50 - Val Metric: 0.9161
Epoch 30/50 - Train Loss: 0.2855 - Train Metric: 0.9247
Epoch 30/50 - Val Metric: 0.9151
Epoch 31/50 - Train Loss: 0.2858 - Train Metric: 0.9245
Epoch 31/50 - Val Metric: 0.9164
Epoch 32/50 - Train Loss: 0.2843 - Train Metric: 0.9252
Epoch 32/50 - Val Metric: 0.9143
Epoch 33/50 - Train Loss: 0.2828 - Train Metric: 0.9262
Epoch 33/50 - Val Metric: 0.9150
Epoch 34/50 - Train Loss: 0.2784 - Train Metric: 0.9285
Epoch 34/50 - Val Metric: 0.9151
Epoch 35/50 - Train Loss: 0.2817 - Train Metric: 0.9268
Epoch 35/50 - Val Metric: 0.9149
Epoch 36/50 - Train Loss: 0.2813 - Train Metric: 0.9272
Epoch 36/50 - Val Metric: 0.9143
Epoch 37/50 - Train Loss: 0.2765 - Train Metric: 0.9296
Epoch 37/50 - Val Metric: 0.9136
Epoch 38/50 - Train Loss: 0.2735 - Train Metric: 0.9315
Epoch 38/50 - Val Metric: 0.9115
Epoch 39/50 - Train Loss: 0.2715 - Train Metric: 0.9324
Epoch 39/50 - Val Metric: 0.9121
Epoch 40/50 - Train Loss: 0.2691 - Train Metric: 0.9335
Epoch 40/50 - Val Metric: 0.9121
Epoch 41/50 - Train Loss: 0.2668 - Train Metric: 0.9349
Epoch 41/50 - Val Metric: 0.9099
Epoch 42/50 - Train Loss: 0.2721 - Train Metric: 0.9323
Epoch 42/50 - Val Metric: 0.9078
Epoch 43/50 - Train Loss: 0.2652 - Train Metric: 0.9358
Epoch 43/50 - Val Metric: 0.9075
Epoch 44/50 - Train Loss: 0.2641 - Train Metric: 0.9364
Epoch 44/50 - Val Metric: 0.9099
Epoch 45/50 - Train Loss: 0.2583 - Train Metric: 0.9390
Epoch 45/50 - Val Metric: 0.9088
Epoch 46/50 - Train Loss: 0.2544 - Train Metric: 0.9410
Epoch 46/50 - Val Metric: 0.9088
Epoch 47/50 - Train Loss: 0.2510 - Train Metric: 0.9429
Epoch 47/50 - Val Metric: 0.9023
Epoch 48/50 - Train Loss: 0.2492 - Train Metric: 0.9436
Epoch 48/50 - Val Metric: 0.9039
Epoch 49/50 - Train Loss: 0.2446 - Train Metric: 0.9456
Epoch 49/50 - Val Metric: 0.8954
Epoch 50/50 - Train Loss: 0.2399 - Train Metric: 0.9478
Epoch 50/50 - Val Metric: 0.9007
Best val: 0.9189, Best test: 0.9120
Training set has 39073 instances
Validation set has 4884 instances
Test set has 4885 instances
Epoch 1/50 - Train Loss: 0.4928 - Train Metric: 0.7385
Epoch 1/50 - Val Metric: 0.8517
Epoch 2/50 - Train Loss: 0.3807 - Train Metric: 0.8619
Epoch 2/50 - Val Metric: 0.8816
Epoch 3/50 - Train Loss: 0.3470 - Train Metric: 0.8879
Epoch 3/50 - Val Metric: 0.8937
Epoch 4/50 - Train Loss: 0.3313 - Train Metric: 0.8977
Epoch 4/50 - Val Metric: 0.8968
Epoch 5/50 - Train Loss: 0.3188 - Train Metric: 0.9056
Epoch 5/50 - Val Metric: 0.9039
Epoch 6/50 - Train Loss: 0.3138 - Train Metric: 0.9078
Epoch 6/50 - Val Metric: 0.9044
Epoch 7/50 - Train Loss: 0.3126 - Train Metric: 0.9085
Epoch 7/50 - Val Metric: 0.9053
Epoch 8/50 - Train Loss: 0.3098 - Train Metric: 0.9105
Epoch 8/50 - Val Metric: 0.9053
Epoch 9/50 - Train Loss: 0.3136 - Train Metric: 0.9086
Epoch 9/50 - Val Metric: 0.9036
Epoch 10/50 - Train Loss: 0.3090 - Train Metric: 0.9115
Epoch 10/50 - Val Metric: 0.9065
Epoch 11/50 - Train Loss: 0.3047 - Train Metric: 0.9138
Epoch 11/50 - Val Metric: 0.9074
Epoch 12/50 - Train Loss: 0.3034 - Train Metric: 0.9146
Epoch 12/50 - Val Metric: 0.9068
Epoch 13/50 - Train Loss: 0.3026 - Train Metric: 0.9151
Epoch 13/50 - Val Metric: 0.9076
Epoch 14/50 - Train Loss: 0.3026 - Train Metric: 0.9150
Epoch 14/50 - Val Metric: 0.9072
Epoch 15/50 - Train Loss: 0.3022 - Train Metric: 0.9151
Epoch 15/50 - Val Metric: 0.9071
Epoch 16/50 - Train Loss: 0.2988 - Train Metric: 0.9171
Epoch 16/50 - Val Metric: 0.9072
Epoch 17/50 - Train Loss: 0.2990 - Train Metric: 0.9172
Epoch 17/50 - Val Metric: 0.9080
Epoch 18/50 - Train Loss: 0.3043 - Train Metric: 0.9148
Epoch 18/50 - Val Metric: 0.9062
Epoch 19/50 - Train Loss: 0.3001 - Train Metric: 0.9166
Epoch 19/50 - Val Metric: 0.9076
Epoch 20/50 - Train Loss: 0.2973 - Train Metric: 0.9182
Epoch 20/50 - Val Metric: 0.9075
Epoch 21/50 - Train Loss: 0.2971 - Train Metric: 0.9184
Epoch 21/50 - Val Metric: 0.9081
Epoch 22/50 - Train Loss: 0.2961 - Train Metric: 0.9188
Epoch 22/50 - Val Metric: 0.9076
Epoch 23/50 - Train Loss: 0.2966 - Train Metric: 0.9185
Epoch 23/50 - Val Metric: 0.9083
Epoch 24/50 - Train Loss: 0.2957 - Train Metric: 0.9193
Epoch 24/50 - Val Metric: 0.9081
Epoch 25/50 - Train Loss: 0.2958 - Train Metric: 0.9193
Epoch 25/50 - Val Metric: 0.9081
Epoch 26/50 - Train Loss: 0.2944 - Train Metric: 0.9199
Epoch 26/50 - Val Metric: 0.9083
Epoch 27/50 - Train Loss: 0.2938 - Train Metric: 0.9203
Epoch 27/50 - Val Metric: 0.9078
Epoch 28/50 - Train Loss: 0.2942 - Train Metric: 0.9201
Epoch 28/50 - Val Metric: 0.9079
Epoch 29/50 - Train Loss: 0.2938 - Train Metric: 0.9204
Epoch 29/50 - Val Metric: 0.9085
Epoch 30/50 - Train Loss: 0.2929 - Train Metric: 0.9209
Epoch 30/50 - Val Metric: 0.9081
Epoch 31/50 - Train Loss: 0.2926 - Train Metric: 0.9210
Epoch 31/50 - Val Metric: 0.9086
Epoch 32/50 - Train Loss: 0.2923 - Train Metric: 0.9212
Epoch 32/50 - Val Metric: 0.9087
Epoch 33/50 - Train Loss: 0.2924 - Train Metric: 0.9211
Epoch 33/50 - Val Metric: 0.9086
Epoch 34/50 - Train Loss: 0.2913 - Train Metric: 0.9217
Epoch 34/50 - Val Metric: 0.9086
Epoch 35/50 - Train Loss: 0.2914 - Train Metric: 0.9217
Epoch 35/50 - Val Metric: 0.9084
Epoch 36/50 - Train Loss: 0.2909 - Train Metric: 0.9220
Epoch 36/50 - Val Metric: 0.9086
Epoch 37/50 - Train Loss: 0.2909 - Train Metric: 0.9219
Epoch 37/50 - Val Metric: 0.9085
Epoch 38/50 - Train Loss: 0.2905 - Train Metric: 0.9222
Epoch 38/50 - Val Metric: 0.9088
Epoch 39/50 - Train Loss: 0.2901 - Train Metric: 0.9223
Epoch 39/50 - Val Metric: 0.9084
Epoch 40/50 - Train Loss: 0.2906 - Train Metric: 0.9221
Epoch 40/50 - Val Metric: 0.9088
Epoch 41/50 - Train Loss: 0.2899 - Train Metric: 0.9225
Epoch 41/50 - Val Metric: 0.9087
Epoch 42/50 - Train Loss: 0.2900 - Train Metric: 0.9225
Epoch 42/50 - Val Metric: 0.9085
Epoch 43/50 - Train Loss: 0.2897 - Train Metric: 0.9227
Epoch 43/50 - Val Metric: 0.9084
Epoch 44/50 - Train Loss: 0.2889 - Train Metric: 0.9231
Epoch 44/50 - Val Metric: 0.9085
Epoch 45/50 - Train Loss: 0.2890 - Train Metric: 0.9230
Epoch 45/50 - Val Metric: 0.9085
Epoch 46/50 - Train Loss: 0.2886 - Train Metric: 0.9232
Epoch 46/50 - Val Metric: 0.9088
Epoch 47/50 - Train Loss: 0.2886 - Train Metric: 0.9232
Epoch 47/50 - Val Metric: 0.9087
Epoch 48/50 - Train Loss: 0.2883 - Train Metric: 0.9234
Epoch 48/50 - Val Metric: 0.9086
Epoch 49/50 - Train Loss: 0.2883 - Train Metric: 0.9234
Epoch 49/50 - Val Metric: 0.9088
Epoch 50/50 - Train Loss: 0.2882 - Train Metric: 0.9234
Epoch 50/50 - Val Metric: 0.9083
Best val: 0.9088, Best test: 0.9144
Training set has 39073 instances
Validation set has 4884 instances
Test set has 4885 instances
Training set has 39073 instances
Validation set has 4884 instances
Test set has 4885 instances
Epoch 1/50 - Train Loss: 0.4246 - Train Metric: 0.8163
Epoch 1/50 - Val Metric: 0.8843
Epoch 2/50 - Train Loss: 0.3533 - Train Metric: 0.8834
Epoch 2/50 - Val Metric: 0.9171
Epoch 3/50 - Train Loss: 0.3178 - Train Metric: 0.9057
Epoch 3/50 - Val Metric: 0.9162
Epoch 4/50 - Train Loss: 0.3098 - Train Metric: 0.9109
Epoch 4/50 - Val Metric: 0.9193
Epoch 5/50 - Train Loss: 0.3091 - Train Metric: 0.9110
Epoch 5/50 - Val Metric: 0.9201
Epoch 6/50 - Train Loss: 0.3043 - Train Metric: 0.9140
Epoch 6/50 - Val Metric: 0.9184
Epoch 7/50 - Train Loss: 0.3022 - Train Metric: 0.9150
Epoch 7/50 - Val Metric: 0.9199
Epoch 8/50 - Train Loss: 0.3007 - Train Metric: 0.9158
Epoch 8/50 - Val Metric: 0.9211
Epoch 9/50 - Train Loss: 0.2995 - Train Metric: 0.9166
Epoch 9/50 - Val Metric: 0.9199
Epoch 10/50 - Train Loss: 0.2985 - Train Metric: 0.9171
Epoch 10/50 - Val Metric: 0.9196
Epoch 11/50 - Train Loss: 0.2970 - Train Metric: 0.9179
Epoch 11/50 - Val Metric: 0.9196
Epoch 12/50 - Train Loss: 0.2956 - Train Metric: 0.9188
Epoch 12/50 - Val Metric: 0.9182
Epoch 13/50 - Train Loss: 0.2935 - Train Metric: 0.9200
Epoch 13/50 - Val Metric: 0.9194
Epoch 14/50 - Train Loss: 0.2916 - Train Metric: 0.9209
Epoch 14/50 - Val Metric: 0.9201
Epoch 15/50 - Train Loss: 0.2891 - Train Metric: 0.9222
Epoch 15/50 - Val Metric: 0.9189
Epoch 16/50 - Train Loss: 0.2875 - Train Metric: 0.9231
Epoch 16/50 - Val Metric: 0.9191
Epoch 17/50 - Train Loss: 0.2866 - Train Metric: 0.9235
Epoch 17/50 - Val Metric: 0.9147
Epoch 18/50 - Train Loss: 0.2847 - Train Metric: 0.9243
Epoch 18/50 - Val Metric: 0.9190
Epoch 19/50 - Train Loss: 0.2823 - Train Metric: 0.9255
Epoch 19/50 - Val Metric: 0.9194
Epoch 20/50 - Train Loss: 0.2808 - Train Metric: 0.9265
Epoch 20/50 - Val Metric: 0.9190
Epoch 21/50 - Train Loss: 0.2789 - Train Metric: 0.9276
Epoch 21/50 - Val Metric: 0.9185
Epoch 22/50 - Train Loss: 0.2761 - Train Metric: 0.9290
Epoch 22/50 - Val Metric: 0.9187
Epoch 23/50 - Train Loss: 0.2752 - Train Metric: 0.9294
Epoch 23/50 - Val Metric: 0.9171
Epoch 24/50 - Train Loss: 0.2718 - Train Metric: 0.9314
Epoch 24/50 - Val Metric: 0.9179
Epoch 25/50 - Train Loss: 0.2692 - Train Metric: 0.9326
Epoch 25/50 - Val Metric: 0.9170
Epoch 26/50 - Train Loss: 0.2665 - Train Metric: 0.9341
Epoch 26/50 - Val Metric: 0.9153
Epoch 27/50 - Train Loss: 0.2637 - Train Metric: 0.9356
Epoch 27/50 - Val Metric: 0.9139
Epoch 28/50 - Train Loss: 0.2615 - Train Metric: 0.9369
Epoch 28/50 - Val Metric: 0.9144
Epoch 29/50 - Train Loss: 0.2576 - Train Metric: 0.9387
Epoch 29/50 - Val Metric: 0.9120
Epoch 30/50 - Train Loss: 0.2556 - Train Metric: 0.9397
Epoch 30/50 - Val Metric: 0.9126
Epoch 31/50 - Train Loss: 0.2531 - Train Metric: 0.9410
Epoch 31/50 - Val Metric: 0.9122
Epoch 32/50 - Train Loss: 0.2506 - Train Metric: 0.9424
Epoch 32/50 - Val Metric: 0.9107
Epoch 33/50 - Train Loss: 0.2474 - Train Metric: 0.9438
Epoch 33/50 - Val Metric: 0.9096
Epoch 34/50 - Train Loss: 0.2442 - Train Metric: 0.9453
Epoch 34/50 - Val Metric: 0.9102
Epoch 35/50 - Train Loss: 0.2420 - Train Metric: 0.9464
Epoch 35/50 - Val Metric: 0.9087
Epoch 36/50 - Train Loss: 0.2392 - Train Metric: 0.9477
Epoch 36/50 - Val Metric: 0.9087
Epoch 37/50 - Train Loss: 0.2370 - Train Metric: 0.9487
Epoch 37/50 - Val Metric: 0.9082
Epoch 38/50 - Train Loss: 0.2355 - Train Metric: 0.9494
Epoch 38/50 - Val Metric: 0.9078
Epoch 39/50 - Train Loss: 0.2331 - Train Metric: 0.9505
Epoch 39/50 - Val Metric: 0.9071
Epoch 40/50 - Train Loss: 0.2319 - Train Metric: 0.9511
Epoch 40/50 - Val Metric: 0.9069
Epoch 41/50 - Train Loss: 0.2299 - Train Metric: 0.9519
Epoch 41/50 - Val Metric: 0.9062
Epoch 42/50 - Train Loss: 0.2288 - Train Metric: 0.9524
Epoch 42/50 - Val Metric: 0.9062
Epoch 43/50 - Train Loss: 0.2269 - Train Metric: 0.9533
Epoch 43/50 - Val Metric: 0.9052
Epoch 44/50 - Train Loss: 0.2265 - Train Metric: 0.9535
Epoch 44/50 - Val Metric: 0.9053
Epoch 45/50 - Train Loss: 0.2252 - Train Metric: 0.9541
Epoch 45/50 - Val Metric: 0.9044
Epoch 46/50 - Train Loss: 0.2240 - Train Metric: 0.9545
Epoch 46/50 - Val Metric: 0.9037
Epoch 47/50 - Train Loss: 0.2233 - Train Metric: 0.9549
Epoch 47/50 - Val Metric: 0.9042
Epoch 48/50 - Train Loss: 0.2222 - Train Metric: 0.9553
Epoch 48/50 - Val Metric: 0.9046
Epoch 49/50 - Train Loss: 0.2217 - Train Metric: 0.9556
Epoch 49/50 - Val Metric: 0.9040
Epoch 50/50 - Train Loss: 0.2208 - Train Metric: 0.9559
Epoch 50/50 - Val Metric: 0.9041
Best val: 0.9211, Best test: 0.9179
Training set has 39073 instances
Validation set has 4884 instances
Test set has 4885 instances
Epoch 1/50 - Train Loss: 0.4027 - Train Metric: 0.8387
Epoch 1/50 - Val Metric: 0.8811
Training set has 39073 instances
Validation set has 4884 instances
Test set has 4885 instances
Epoch 1/50 - Train Loss: 0.3891 - Train Metric: 0.8519
Epoch 1/50 - Val Metric: 0.9109
Epoch 2/50 - Train Loss: 0.3210 - Train Metric: 0.9045
Epoch 2/50 - Val Metric: 0.9131
Epoch 3/50 - Train Loss: 0.3125 - Train Metric: 0.9094
Epoch 3/50 - Val Metric: 0.9157
Epoch 4/50 - Train Loss: 0.3117 - Train Metric: 0.9098
Epoch 4/50 - Val Metric: 0.9159
Epoch 5/50 - Train Loss: 0.3069 - Train Metric: 0.9125
Epoch 5/50 - Val Metric: 0.9162
Epoch 6/50 - Train Loss: 0.3054 - Train Metric: 0.9135
Epoch 6/50 - Val Metric: 0.9164
Epoch 7/50 - Train Loss: 0.3031 - Train Metric: 0.9145
Epoch 7/50 - Val Metric: 0.9163
Epoch 8/50 - Train Loss: 0.3033 - Train Metric: 0.9144
Epoch 8/50 - Val Metric: 0.9177
Epoch 9/50 - Train Loss: 0.3001 - Train Metric: 0.9163
Epoch 9/50 - Val Metric: 0.9171
Epoch 10/50 - Train Loss: 0.2995 - Train Metric: 0.9165
Epoch 10/50 - Val Metric: 0.9181
Epoch 11/50 - Train Loss: 0.2984 - Train Metric: 0.9173
Epoch 11/50 - Val Metric: 0.9192
Epoch 12/50 - Train Loss: 0.2978 - Train Metric: 0.9176
Epoch 12/50 - Val Metric: 0.9188
Epoch 13/50 - Train Loss: 0.2962 - Train Metric: 0.9185
Epoch 13/50 - Val Metric: 0.9184
Epoch 14/50 - Train Loss: 0.2963 - Train Metric: 0.9184
Epoch 14/50 - Val Metric: 0.9182
Epoch 15/50 - Train Loss: 0.2953 - Train Metric: 0.9190
Epoch 15/50 - Val Metric: 0.9187
Epoch 16/50 - Train Loss: 0.2940 - Train Metric: 0.9199
Epoch 16/50 - Val Metric: 0.9179
Epoch 17/50 - Train Loss: 0.2940 - Train Metric: 0.9196
Epoch 17/50 - Val Metric: 0.9197
Epoch 18/50 - Train Loss: 0.2924 - Train Metric: 0.9206
Epoch 18/50 - Val Metric: 0.9180
Epoch 19/50 - Train Loss: 0.2926 - Train Metric: 0.9203
Epoch 19/50 - Val Metric: 0.9184
Epoch 20/50 - Train Loss: 0.2912 - Train Metric: 0.9212
Epoch 20/50 - Val Metric: 0.9192
Epoch 21/50 - Train Loss: 0.2913 - Train Metric: 0.9211
Epoch 21/50 - Val Metric: 0.9193
Epoch 22/50 - Train Loss: 0.2913 - Train Metric: 0.9211
Epoch 22/50 - Val Metric: 0.9194
Epoch 23/50 - Train Loss: 0.2909 - Train Metric: 0.9213
Epoch 23/50 - Val Metric: 0.9193
Epoch 24/50 - Train Loss: 0.2914 - Train Metric: 0.9209
Epoch 24/50 - Val Metric: 0.9177
Epoch 25/50 - Train Loss: 0.2909 - Train Metric: 0.9214
Epoch 25/50 - Val Metric: 0.9186
Epoch 26/50 - Train Loss: 0.2896 - Train Metric: 0.9220
Epoch 26/50 - Val Metric: 0.9191
Epoch 27/50 - Train Loss: 0.2894 - Train Metric: 0.9221
Epoch 27/50 - Val Metric: 0.9181
Epoch 28/50 - Train Loss: 0.2889 - Train Metric: 0.9224
Epoch 28/50 - Val Metric: 0.9188
Epoch 29/50 - Train Loss: 0.2893 - Train Metric: 0.9222
Epoch 29/50 - Val Metric: 0.9188
Epoch 30/50 - Train Loss: 0.2884 - Train Metric: 0.9226
Epoch 30/50 - Val Metric: 0.9185
Epoch 31/50 - Train Loss: 0.2879 - Train Metric: 0.9231
Epoch 31/50 - Val Metric: 0.9183
Epoch 32/50 - Train Loss: 0.2884 - Train Metric: 0.9225
Epoch 32/50 - Val Metric: 0.9184
Epoch 33/50 - Train Loss: 0.2875 - Train Metric: 0.9230
Epoch 33/50 - Val Metric: 0.9189
Epoch 34/50 - Train Loss: 0.2880 - Train Metric: 0.9229
Epoch 34/50 - Val Metric: 0.9185
Epoch 35/50 - Train Loss: 0.2876 - Train Metric: 0.9232
Epoch 35/50 - Val Metric: 0.9186
Epoch 36/50 - Train Loss: 0.2870 - Train Metric: 0.9234
Epoch 36/50 - Val Metric: 0.9183
Epoch 37/50 - Train Loss: 0.2876 - Train Metric: 0.9230
Epoch 37/50 - Val Metric: 0.9183
Epoch 38/50 - Train Loss: 0.2872 - Train Metric: 0.9232
Epoch 38/50 - Val Metric: 0.9182
Epoch 39/50 - Train Loss: 0.2873 - Train Metric: 0.9231
Epoch 39/50 - Val Metric: 0.9186
Epoch 40/50 - Train Loss: 0.2872 - Train Metric: 0.9232
Epoch 40/50 - Val Metric: 0.9187
Epoch 41/50 - Train Loss: 0.2872 - Train Metric: 0.9232
Epoch 41/50 - Val Metric: 0.9186
Epoch 42/50 - Train Loss: 0.2867 - Train Metric: 0.9234
Epoch 42/50 - Val Metric: 0.9187
Epoch 43/50 - Train Loss: 0.2871 - Train Metric: 0.9235
Epoch 43/50 - Val Metric: 0.9186
Epoch 44/50 - Train Loss: 0.2874 - Train Metric: 0.9232
Epoch 44/50 - Val Metric: 0.9186
Epoch 45/50 - Train Loss: 0.2865 - Train Metric: 0.9235
Epoch 45/50 - Val Metric: 0.9187
Epoch 46/50 - Train Loss: 0.2871 - Train Metric: 0.9234
Epoch 46/50 - Val Metric: 0.9187
Epoch 47/50 - Train Loss: 0.2860 - Train Metric: 0.9239
Epoch 47/50 - Val Metric: 0.9187
Epoch 48/50 - Train Loss: 0.2871 - Train Metric: 0.9233
Epoch 48/50 - Val Metric: 0.9184
Epoch 49/50 - Train Loss: 0.2861 - Train Metric: 0.9239
Epoch 49/50 - Val Metric: 0.9185
Epoch 50/50 - Train Loss: 0.2864 - Train Metric: 0.9238
Epoch 50/50 - Val Metric: 0.9186
Best val: 0.9197, Best test: 0.9157
Training set has 39073 instances
Validation set has 4884 instances
Test set has 4885 instances
Training set has 39073 instances
Validation set has 4884 instances
Test set has 4885 instances
Epoch 1/50 - Train Loss: 0.3893 - Train Metric: 0.8522
Epoch 1/50 - Val Metric: 0.9093
Epoch 2/50 - Train Loss: 0.3180 - Train Metric: 0.9062
Epoch 2/50 - Val Metric: 0.9151
Epoch 3/50 - Train Loss: 0.3121 - Train Metric: 0.9087
Epoch 3/50 - Val Metric: 0.9152
Epoch 4/50 - Train Loss: 0.3066 - Train Metric: 0.9120
Epoch 4/50 - Val Metric: 0.9171
Epoch 5/50 - Train Loss: 0.3062 - Train Metric: 0.9123
Epoch 5/50 - Val Metric: 0.9173
Epoch 6/50 - Train Loss: 0.3040 - Train Metric: 0.9135
Epoch 6/50 - Val Metric: 0.9178
Epoch 7/50 - Train Loss: 0.3034 - Train Metric: 0.9137
Epoch 7/50 - Val Metric: 0.9171
Epoch 8/50 - Train Loss: 0.3009 - Train Metric: 0.9153
Epoch 8/50 - Val Metric: 0.9169
Epoch 9/50 - Train Loss: 0.3004 - Train Metric: 0.9155
Epoch 9/50 - Val Metric: 0.9166
Epoch 10/50 - Train Loss: 0.2996 - Train Metric: 0.9159
Epoch 10/50 - Val Metric: 0.9177
Epoch 11/50 - Train Loss: 0.2989 - Train Metric: 0.9165
Epoch 11/50 - Val Metric: 0.9182
Epoch 12/50 - Train Loss: 0.2965 - Train Metric: 0.9177
Epoch 12/50 - Val Metric: 0.9186
Epoch 13/50 - Train Loss: 0.2955 - Train Metric: 0.9182
Epoch 13/50 - Val Metric: 0.9181
Epoch 14/50 - Train Loss: 0.2943 - Train Metric: 0.9186
Epoch 14/50 - Val Metric: 0.9192
Epoch 15/50 - Train Loss: 0.2927 - Train Metric: 0.9197
Epoch 15/50 - Val Metric: 0.9187
Epoch 16/50 - Train Loss: 0.2902 - Train Metric: 0.9210
Epoch 16/50 - Val Metric: 0.9200
Epoch 17/50 - Train Loss: 0.2901 - Train Metric: 0.9210
Epoch 17/50 - Val Metric: 0.9192
Epoch 18/50 - Train Loss: 0.2889 - Train Metric: 0.9216
Epoch 18/50 - Val Metric: 0.9200
Epoch 19/50 - Train Loss: 0.2881 - Train Metric: 0.9222
Epoch 19/50 - Val Metric: 0.9197
Epoch 20/50 - Train Loss: 0.2869 - Train Metric: 0.9226
Epoch 20/50 - Val Metric: 0.9198
Epoch 21/50 - Train Loss: 0.2864 - Train Metric: 0.9230
Epoch 21/50 - Val Metric: 0.9190
Epoch 22/50 - Train Loss: 0.2854 - Train Metric: 0.9236
Epoch 22/50 - Val Metric: 0.9188
Epoch 23/50 - Train Loss: 0.2847 - Train Metric: 0.9239
Epoch 23/50 - Val Metric: 0.9198
Epoch 24/50 - Train Loss: 0.2832 - Train Metric: 0.9245
Epoch 24/50 - Val Metric: 0.9198
Epoch 25/50 - Train Loss: 0.2821 - Train Metric: 0.9253
Epoch 25/50 - Val Metric: 0.9189
Epoch 26/50 - Train Loss: 0.2819 - Train Metric: 0.9254
Epoch 26/50 - Val Metric: 0.9192
Epoch 27/50 - Train Loss: 0.2805 - Train Metric: 0.9262
Epoch 27/50 - Val Metric: 0.9171
Epoch 28/50 - Train Loss: 0.2800 - Train Metric: 0.9265
Epoch 28/50 - Val Metric: 0.9182
Epoch 29/50 - Train Loss: 0.2788 - Train Metric: 0.9272
Epoch 29/50 - Val Metric: 0.9176
Epoch 30/50 - Train Loss: 0.2775 - Train Metric: 0.9280
Epoch 30/50 - Val Metric: 0.9189
Epoch 31/50 - Train Loss: 0.2764 - Train Metric: 0.9285
Epoch 31/50 - Val Metric: 0.9178
Epoch 32/50 - Train Loss: 0.2763 - Train Metric: 0.9285
Epoch 32/50 - Val Metric: 0.9174
Epoch 33/50 - Train Loss: 0.2747 - Train Metric: 0.9295
Epoch 33/50 - Val Metric: 0.9182
Epoch 34/50 - Train Loss: 0.2731 - Train Metric: 0.9302
Epoch 34/50 - Val Metric: 0.9174
Epoch 35/50 - Train Loss: 0.2725 - Train Metric: 0.9307
Epoch 35/50 - Val Metric: 0.9172
Epoch 36/50 - Train Loss: 0.2712 - Train Metric: 0.9312
Epoch 36/50 - Val Metric: 0.9179
Epoch 37/50 - Train Loss: 0.2703 - Train Metric: 0.9318
Epoch 37/50 - Val Metric: 0.9176
Epoch 38/50 - Train Loss: 0.2690 - Train Metric: 0.9326
Epoch 38/50 - Val Metric: 0.9170
Epoch 39/50 - Train Loss: 0.2671 - Train Metric: 0.9335
Epoch 39/50 - Val Metric: 0.9164
Epoch 40/50 - Train Loss: 0.2669 - Train Metric: 0.9336
Epoch 40/50 - Val Metric: 0.9168
Epoch 41/50 - Train Loss: 0.2658 - Train Metric: 0.9342
Epoch 41/50 - Val Metric: 0.9159
Epoch 42/50 - Train Loss: 0.2642 - Train Metric: 0.9350
Epoch 42/50 - Val Metric: 0.9160
Epoch 43/50 - Train Loss: 0.2627 - Train Metric: 0.9359
Epoch 43/50 - Val Metric: 0.9162
Epoch 44/50 - Train Loss: 0.2622 - Train Metric: 0.9362
Epoch 44/50 - Val Metric: 0.9145
Epoch 45/50 - Train Loss: 0.2604 - Train Metric: 0.9369
Epoch 45/50 - Val Metric: 0.9147
Epoch 46/50 - Train Loss: 0.2593 - Train Metric: 0.9375
Epoch 46/50 - Val Metric: 0.9154
Epoch 47/50 - Train Loss: 0.2584 - Train Metric: 0.9381
Epoch 47/50 - Val Metric: 0.9154
Epoch 48/50 - Train Loss: 0.2571 - Train Metric: 0.9388
Epoch 48/50 - Val Metric: 0.9139
Epoch 49/50 - Train Loss: 0.2563 - Train Metric: 0.9392
Epoch 49/50 - Val Metric: 0.9137
Epoch 50/50 - Train Loss: 0.2552 - Train Metric: 0.9398
Epoch 50/50 - Val Metric: 0.9132
Best val: 0.9200, Best test: 0.9170
Training set has 39073 instances
Validation set has 4884 instances
Test set has 4885 instances
Epoch 1/50 - Train Loss: 0.4268 - Train Metric: 0.8100
Epoch 1/50 - Val Metric: 0.9015
Epoch 2/50 - Train Loss: 0.3255 - Train Metric: 0.9030
Epoch 2/50 - Val Metric: 0.9132
Epoch 3/50 - Train Loss: 0.3111 - Train Metric: 0.9106
Epoch 3/50 - Val Metric: 0.9144
Epoch 4/50 - Train Loss: 0.3079 - Train Metric: 0.9123
Epoch 4/50 - Val Metric: 0.9153
Epoch 5/50 - Train Loss: 0.3069 - Train Metric: 0.9124
Epoch 5/50 - Val Metric: 0.9133
Epoch 6/50 - Train Loss: 0.3046 - Train Metric: 0.9134
Epoch 6/50 - Val Metric: 0.9158
Epoch 7/50 - Train Loss: 0.3025 - Train Metric: 0.9145
Epoch 7/50 - Val Metric: 0.9177
Epoch 8/50 - Train Loss: 0.3022 - Train Metric: 0.9150
Epoch 8/50 - Val Metric: 0.9171
Epoch 9/50 - Train Loss: 0.3015 - Train Metric: 0.9153
Epoch 9/50 - Val Metric: 0.9176
Epoch 10/50 - Train Loss: 0.3012 - Train Metric: 0.9152
Epoch 10/50 - Val Metric: 0.9172
Epoch 11/50 - Train Loss: 0.2991 - Train Metric: 0.9165
Epoch 11/50 - Val Metric: 0.9188
Epoch 12/50 - Train Loss: 0.2974 - Train Metric: 0.9174
Epoch 12/50 - Val Metric: 0.9190
Epoch 13/50 - Train Loss: 0.2976 - Train Metric: 0.9176
Epoch 13/50 - Val Metric: 0.9155
Epoch 14/50 - Train Loss: 0.2977 - Train Metric: 0.9173
Epoch 14/50 - Val Metric: 0.9188
Epoch 15/50 - Train Loss: 0.2953 - Train Metric: 0.9184
Epoch 15/50 - Val Metric: 0.9188
Epoch 16/50 - Train Loss: 0.2935 - Train Metric: 0.9196
Epoch 16/50 - Val Metric: 0.9172
Epoch 17/50 - Train Loss: 0.2936 - Train Metric: 0.9193
Epoch 17/50 - Val Metric: 0.9197
Epoch 18/50 - Train Loss: 0.2922 - Train Metric: 0.9202
Epoch 18/50 - Val Metric: 0.9204
Epoch 19/50 - Train Loss: 0.2914 - Train Metric: 0.9206
Epoch 19/50 - Val Metric: 0.9209
Epoch 20/50 - Train Loss: 0.2911 - Train Metric: 0.9208
Epoch 20/50 - Val Metric: 0.9211
Epoch 21/50 - Train Loss: 0.2899 - Train Metric: 0.9215
Epoch 21/50 - Val Metric: 0.9204
Epoch 22/50 - Train Loss: 0.2898 - Train Metric: 0.9215
Epoch 22/50 - Val Metric: 0.9208
Epoch 23/50 - Train Loss: 0.2894 - Train Metric: 0.9216
Epoch 23/50 - Val Metric: 0.9208
Epoch 24/50 - Train Loss: 0.2887 - Train Metric: 0.9221
Epoch 24/50 - Val Metric: 0.9206
Epoch 25/50 - Train Loss: 0.2882 - Train Metric: 0.9223
Epoch 25/50 - Val Metric: 0.9209
Epoch 26/50 - Train Loss: 0.2868 - Train Metric: 0.9233
Epoch 26/50 - Val Metric: 0.9203
Epoch 27/50 - Train Loss: 0.2877 - Train Metric: 0.9226
Epoch 27/50 - Val Metric: 0.9218
Epoch 28/50 - Train Loss: 0.2861 - Train Metric: 0.9235
Epoch 28/50 - Val Metric: 0.9223
Epoch 29/50 - Train Loss: 0.2860 - Train Metric: 0.9237
Epoch 29/50 - Val Metric: 0.9205
Epoch 30/50 - Train Loss: 0.2850 - Train Metric: 0.9243
Epoch 30/50 - Val Metric: 0.9217
Epoch 31/50 - Train Loss: 0.2849 - Train Metric: 0.9243
Epoch 31/50 - Val Metric: 0.9218
Epoch 32/50 - Train Loss: 0.2843 - Train Metric: 0.9246
Epoch 32/50 - Val Metric: 0.9218
Epoch 33/50 - Train Loss: 0.2840 - Train Metric: 0.9247
Epoch 33/50 - Val Metric: 0.9204
Epoch 34/50 - Train Loss: 0.2827 - Train Metric: 0.9256
Epoch 34/50 - Val Metric: 0.9211
Epoch 35/50 - Train Loss: 0.2823 - Train Metric: 0.9256
Epoch 35/50 - Val Metric: 0.9219
Epoch 36/50 - Train Loss: 0.2820 - Train Metric: 0.9258
Epoch 36/50 - Val Metric: 0.9226
Epoch 37/50 - Train Loss: 0.2818 - Train Metric: 0.9259
Epoch 37/50 - Val Metric: 0.9211
Epoch 38/50 - Train Loss: 0.2808 - Train Metric: 0.9266
Epoch 38/50 - Val Metric: 0.9221
Epoch 39/50 - Train Loss: 0.2801 - Train Metric: 0.9269
Epoch 39/50 - Val Metric: 0.9213
Epoch 40/50 - Train Loss: 0.2803 - Train Metric: 0.9269
Epoch 40/50 - Val Metric: 0.9211
Epoch 41/50 - Train Loss: 0.2794 - Train Metric: 0.9274
Epoch 41/50 - Val Metric: 0.9207
Epoch 42/50 - Train Loss: 0.2790 - Train Metric: 0.9275
Epoch 42/50 - Val Metric: 0.9220
Epoch 43/50 - Train Loss: 0.2784 - Train Metric: 0.9279
Epoch 43/50 - Val Metric: 0.9219
Epoch 44/50 - Train Loss: 0.2785 - Train Metric: 0.9278
Epoch 44/50 - Val Metric: 0.9206
Epoch 45/50 - Train Loss: 0.2782 - Train Metric: 0.9281
Epoch 45/50 - Val Metric: 0.9219
Epoch 46/50 - Train Loss: 0.2776 - Train Metric: 0.9283
Epoch 46/50 - Val Metric: 0.9207
Epoch 47/50 - Train Loss: 0.2778 - Train Metric: 0.9282
Epoch 47/50 - Val Metric: 0.9213
Epoch 48/50 - Train Loss: 0.2772 - Train Metric: 0.9284
Epoch 48/50 - Val Metric: 0.9211
Epoch 49/50 - Train Loss: 0.2762 - Train Metric: 0.9290
Epoch 49/50 - Val Metric: 0.9211
Epoch 50/50 - Train Loss: 0.2764 - Train Metric: 0.9290
Epoch 50/50 - Val Metric: 0.9220
Best val: 0.9226, Best test: 0.9195
Training set has 39073 instances
Validation set has 4884 instances
Test set has 4885 instances
Epoch 1/50 - Train Loss: 0.4202 - Train Metric: 0.8226
Epoch 1/50 - Val Metric: 0.8915
Training set has 39073 instances
Validation set has 4884 instances
Test set has 4885 instances
Epoch 1/50 - Train Loss: 0.4430 - Train Metric: 0.7879
Epoch 1/50 - Val Metric: 0.8996
Training set has 39073 instances
Validation set has 4884 instances
Test set has 4885 instances
Epoch 1/50 - Train Loss: 0.4079 - Train Metric: 0.8347
Epoch 1/50 - Val Metric: 0.9057
Training set has 39073 instances
Validation set has 4884 instances
Test set has 4885 instances
Epoch 1/50 - Train Loss: 0.3996 - Train Metric: 0.8423
Epoch 1/50 - Val Metric: 0.8971
Training set has 39073 instances
Validation set has 4884 instances
Test set has 4885 instances
Training set has 39073 instances
Validation set has 4884 instances
Test set has 4885 instances
Epoch 1/50 - Train Loss: 0.3874 - Train Metric: 0.8539
Epoch 1/50 - Val Metric: 0.9056
Training set has 39073 instances
Validation set has 4884 instances
Test set has 4885 instances
Epoch 1/50 - Train Loss: 0.3748 - Train Metric: 0.8657
Epoch 1/50 - Val Metric: 0.9052
Training set has 39073 instances
Validation set has 4884 instances
Test set has 4885 instances
Epoch 1/50 - Train Loss: 0.3946 - Train Metric: 0.8441
Epoch 1/50 - Val Metric: 0.9065
Hyper-parameter search done. Found the best config.
Repeat experiments 5 times with the best train config {'batch_size': 128, 'gamma_rate': 1.0, 'base_lr': 0.001} and model config {'num_heads': 4, 'num_layers': 4, 'hidden_dim': 32, 'mlp_ratio': 2, 'dropout_prob': 0, 'top_k': 3}.
Training set has 39073 instances
Validation set has 4884 instances
Test set has 4885 instances
Epoch 1/50 - Train Loss: 0.3984 - Train Metric: 0.8412
Epoch 1/50 - Val Metric: 0.9086
Epoch 2/50 - Train Loss: 0.3160 - Train Metric: 0.9071
Epoch 2/50 - Val Metric: 0.9186
Epoch 3/50 - Train Loss: 0.3116 - Train Metric: 0.9091
Epoch 3/50 - Val Metric: 0.9194
Epoch 4/50 - Train Loss: 0.3074 - Train Metric: 0.9115
Epoch 4/50 - Val Metric: 0.9183
Epoch 5/50 - Train Loss: 0.3071 - Train Metric: 0.9115
Epoch 5/50 - Val Metric: 0.9195
Epoch 6/50 - Train Loss: 0.3020 - Train Metric: 0.9148
Epoch 6/50 - Val Metric: 0.9208
Epoch 7/50 - Train Loss: 0.3017 - Train Metric: 0.9148
Epoch 7/50 - Val Metric: 0.9227
Epoch 8/50 - Train Loss: 0.3016 - Train Metric: 0.9148
Epoch 8/50 - Val Metric: 0.9211
Epoch 9/50 - Train Loss: 0.2992 - Train Metric: 0.9161
Epoch 9/50 - Val Metric: 0.9220
Epoch 10/50 - Train Loss: 0.2985 - Train Metric: 0.9164
Epoch 10/50 - Val Metric: 0.9220
Epoch 11/50 - Train Loss: 0.2979 - Train Metric: 0.9167
Epoch 11/50 - Val Metric: 0.9220
Epoch 12/50 - Train Loss: 0.2995 - Train Metric: 0.9157
Epoch 12/50 - Val Metric: 0.9215
Epoch 13/50 - Train Loss: 0.2969 - Train Metric: 0.9177
Epoch 13/50 - Val Metric: 0.9201
Epoch 14/50 - Train Loss: 0.2948 - Train Metric: 0.9184
Epoch 14/50 - Val Metric: 0.9236
Epoch 15/50 - Train Loss: 0.2972 - Train Metric: 0.9174
Epoch 15/50 - Val Metric: 0.9230
Epoch 16/50 - Train Loss: 0.2942 - Train Metric: 0.9189
Epoch 16/50 - Val Metric: 0.9213
Epoch 17/50 - Train Loss: 0.2947 - Train Metric: 0.9187
Epoch 17/50 - Val Metric: 0.9228
Epoch 18/50 - Train Loss: 0.2924 - Train Metric: 0.9198
Epoch 18/50 - Val Metric: 0.9233
Epoch 19/50 - Train Loss: 0.2917 - Train Metric: 0.9204
Epoch 19/50 - Val Metric: 0.9230
Epoch 20/50 - Train Loss: 0.2895 - Train Metric: 0.9213
Epoch 20/50 - Val Metric: 0.9212
Epoch 21/50 - Train Loss: 0.2887 - Train Metric: 0.9217
Epoch 21/50 - Val Metric: 0.9199
Epoch 22/50 - Train Loss: 0.2885 - Train Metric: 0.9218
Epoch 22/50 - Val Metric: 0.9238
Epoch 23/50 - Train Loss: 0.2889 - Train Metric: 0.9218
Epoch 23/50 - Val Metric: 0.9234
Epoch 24/50 - Train Loss: 0.2864 - Train Metric: 0.9229
Epoch 24/50 - Val Metric: 0.9237
Epoch 25/50 - Train Loss: 0.2864 - Train Metric: 0.9229
Epoch 25/50 - Val Metric: 0.9225
Epoch 26/50 - Train Loss: 0.2848 - Train Metric: 0.9237
Epoch 26/50 - Val Metric: 0.9232
Epoch 27/50 - Train Loss: 0.2846 - Train Metric: 0.9239
Epoch 27/50 - Val Metric: 0.9228
Epoch 28/50 - Train Loss: 0.2839 - Train Metric: 0.9241
Epoch 28/50 - Val Metric: 0.9205
Epoch 29/50 - Train Loss: 0.2827 - Train Metric: 0.9250
Epoch 29/50 - Val Metric: 0.9233
Epoch 30/50 - Train Loss: 0.2851 - Train Metric: 0.9241
Epoch 30/50 - Val Metric: 0.9215
Epoch 31/50 - Train Loss: 0.2851 - Train Metric: 0.9238
Epoch 31/50 - Val Metric: 0.9185
Epoch 32/50 - Train Loss: 0.2827 - Train Metric: 0.9250
Epoch 32/50 - Val Metric: 0.9207
Epoch 33/50 - Train Loss: 0.2806 - Train Metric: 0.9261
Epoch 33/50 - Val Metric: 0.9212
Epoch 34/50 - Train Loss: 0.2825 - Train Metric: 0.9255
Epoch 34/50 - Val Metric: 0.9209
Epoch 35/50 - Train Loss: 0.2791 - Train Metric: 0.9271
Epoch 35/50 - Val Metric: 0.9201
Epoch 36/50 - Train Loss: 0.2783 - Train Metric: 0.9274
Epoch 36/50 - Val Metric: 0.9211
Epoch 37/50 - Train Loss: 0.2784 - Train Metric: 0.9275
Epoch 37/50 - Val Metric: 0.9217
Epoch 38/50 - Train Loss: 0.2761 - Train Metric: 0.9286
Epoch 38/50 - Val Metric: 0.9218
Epoch 39/50 - Train Loss: 0.2755 - Train Metric: 0.9287
Epoch 39/50 - Val Metric: 0.9196
Epoch 40/50 - Train Loss: 0.2744 - Train Metric: 0.9295
Epoch 40/50 - Val Metric: 0.9215
Epoch 41/50 - Train Loss: 0.2735 - Train Metric: 0.9302
Epoch 41/50 - Val Metric: 0.9178
Epoch 42/50 - Train Loss: 0.2725 - Train Metric: 0.9306
Epoch 42/50 - Val Metric: 0.9193
Epoch 43/50 - Train Loss: 0.2731 - Train Metric: 0.9303
Epoch 43/50 - Val Metric: 0.9193
Epoch 44/50 - Train Loss: 0.2702 - Train Metric: 0.9322
Epoch 44/50 - Val Metric: 0.9179
Epoch 45/50 - Train Loss: 0.2720 - Train Metric: 0.9311
Epoch 45/50 - Val Metric: 0.9168
Epoch 46/50 - Train Loss: 0.2694 - Train Metric: 0.9323
Epoch 46/50 - Val Metric: 0.9182
Epoch 47/50 - Train Loss: 0.2681 - Train Metric: 0.9331
Epoch 47/50 - Val Metric: 0.9166
Epoch 48/50 - Train Loss: 0.2701 - Train Metric: 0.9318
Epoch 48/50 - Val Metric: 0.9179
Epoch 49/50 - Train Loss: 0.2681 - Train Metric: 0.9330
Epoch 49/50 - Val Metric: 0.9175
Epoch 50/50 - Train Loss: 0.2671 - Train Metric: 0.9339
Epoch 50/50 - Val Metric: 0.9157
Best val: 0.9238, Best test: 0.9135
Training set has 39073 instances
Validation set has 4884 instances
Test set has 4885 instances
Epoch 1/50 - Train Loss: 0.3789 - Train Metric: 0.8628
Epoch 1/50 - Val Metric: 0.8962
Epoch 2/50 - Train Loss: 0.3194 - Train Metric: 0.9060
Epoch 2/50 - Val Metric: 0.9035
Epoch 3/50 - Train Loss: 0.3085 - Train Metric: 0.9115
Epoch 3/50 - Val Metric: 0.9041
Epoch 4/50 - Train Loss: 0.3054 - Train Metric: 0.9134
Epoch 4/50 - Val Metric: 0.9047
Epoch 5/50 - Train Loss: 0.3033 - Train Metric: 0.9140
Epoch 5/50 - Val Metric: 0.9035
Epoch 6/50 - Train Loss: 0.3013 - Train Metric: 0.9154
Epoch 6/50 - Val Metric: 0.9043
Epoch 7/50 - Train Loss: 0.2996 - Train Metric: 0.9162
Epoch 7/50 - Val Metric: 0.9060
Epoch 8/50 - Train Loss: 0.2993 - Train Metric: 0.9164
Epoch 8/50 - Val Metric: 0.9060
Epoch 9/50 - Train Loss: 0.2993 - Train Metric: 0.9163
Epoch 9/50 - Val Metric: 0.9058
Epoch 10/50 - Train Loss: 0.2982 - Train Metric: 0.9170
Epoch 10/50 - Val Metric: 0.9058
Epoch 11/50 - Train Loss: 0.2962 - Train Metric: 0.9181
Epoch 11/50 - Val Metric: 0.9063
Epoch 12/50 - Train Loss: 0.2956 - Train Metric: 0.9183
Epoch 12/50 - Val Metric: 0.9065
Epoch 13/50 - Train Loss: 0.2940 - Train Metric: 0.9192
Epoch 13/50 - Val Metric: 0.9078
Epoch 14/50 - Train Loss: 0.2912 - Train Metric: 0.9207
Epoch 14/50 - Val Metric: 0.9080
Epoch 15/50 - Train Loss: 0.2929 - Train Metric: 0.9197
Epoch 15/50 - Val Metric: 0.9079
Epoch 16/50 - Train Loss: 0.2916 - Train Metric: 0.9203
Epoch 16/50 - Val Metric: 0.9064
Epoch 17/50 - Train Loss: 0.2899 - Train Metric: 0.9210
Epoch 17/50 - Val Metric: 0.9073
Epoch 18/50 - Train Loss: 0.2929 - Train Metric: 0.9198
Epoch 18/50 - Val Metric: 0.9080
Epoch 19/50 - Train Loss: 0.2927 - Train Metric: 0.9200
Epoch 19/50 - Val Metric: 0.9075
Epoch 20/50 - Train Loss: 0.2882 - Train Metric: 0.9222
Epoch 20/50 - Val Metric: 0.9068
Epoch 21/50 - Train Loss: 0.2898 - Train Metric: 0.9215
Epoch 21/50 - Val Metric: 0.9064
Epoch 22/50 - Train Loss: 0.2883 - Train Metric: 0.9221
Epoch 22/50 - Val Metric: 0.9072
Epoch 23/50 - Train Loss: 0.2906 - Train Metric: 0.9213
Epoch 23/50 - Val Metric: 0.9072
Epoch 24/50 - Train Loss: 0.2882 - Train Metric: 0.9224
Epoch 24/50 - Val Metric: 0.9054
Epoch 25/50 - Train Loss: 0.2865 - Train Metric: 0.9232
Epoch 25/50 - Val Metric: 0.9073
Epoch 26/50 - Train Loss: 0.2896 - Train Metric: 0.9220
Epoch 26/50 - Val Metric: 0.9043
Epoch 27/50 - Train Loss: 0.2871 - Train Metric: 0.9232
Epoch 27/50 - Val Metric: 0.9059
Epoch 28/50 - Train Loss: 0.2864 - Train Metric: 0.9233
Epoch 28/50 - Val Metric: 0.9056
Epoch 29/50 - Train Loss: 0.2848 - Train Metric: 0.9245
Epoch 29/50 - Val Metric: 0.9069
Epoch 30/50 - Train Loss: 0.2832 - Train Metric: 0.9250
Epoch 30/50 - Val Metric: 0.9057
Epoch 31/50 - Train Loss: 0.2798 - Train Metric: 0.9267
Epoch 31/50 - Val Metric: 0.9086
Epoch 32/50 - Train Loss: 0.2799 - Train Metric: 0.9265
Epoch 32/50 - Val Metric: 0.9062
Epoch 33/50 - Train Loss: 0.2793 - Train Metric: 0.9271
Epoch 33/50 - Val Metric: 0.9077
Epoch 34/50 - Train Loss: 0.2796 - Train Metric: 0.9272
Epoch 34/50 - Val Metric: 0.9063
Epoch 35/50 - Train Loss: 0.2766 - Train Metric: 0.9285
Epoch 35/50 - Val Metric: 0.9048
Epoch 36/50 - Train Loss: 0.2761 - Train Metric: 0.9288
Epoch 36/50 - Val Metric: 0.9070
Epoch 37/50 - Train Loss: 0.2748 - Train Metric: 0.9294
Epoch 37/50 - Val Metric: 0.9066
Epoch 38/50 - Train Loss: 0.2741 - Train Metric: 0.9301
Epoch 38/50 - Val Metric: 0.9053
Epoch 39/50 - Train Loss: 0.2732 - Train Metric: 0.9305
Epoch 39/50 - Val Metric: 0.9065
Epoch 40/50 - Train Loss: 0.2717 - Train Metric: 0.9310
Epoch 40/50 - Val Metric: 0.9051
Epoch 41/50 - Train Loss: 0.2692 - Train Metric: 0.9325
Epoch 41/50 - Val Metric: 0.9034
Epoch 42/50 - Train Loss: 0.2710 - Train Metric: 0.9314
Epoch 42/50 - Val Metric: 0.9043
Epoch 43/50 - Train Loss: 0.2676 - Train Metric: 0.9332
Epoch 43/50 - Val Metric: 0.9064
Epoch 44/50 - Train Loss: 0.2674 - Train Metric: 0.9336
Epoch 44/50 - Val Metric: 0.9050
Epoch 45/50 - Train Loss: 0.2656 - Train Metric: 0.9344
Epoch 45/50 - Val Metric: 0.9059
Epoch 46/50 - Train Loss: 0.2648 - Train Metric: 0.9350
Epoch 46/50 - Val Metric: 0.9043
Epoch 47/50 - Train Loss: 0.2631 - Train Metric: 0.9358
Epoch 47/50 - Val Metric: 0.9059
Epoch 48/50 - Train Loss: 0.2617 - Train Metric: 0.9367
Epoch 48/50 - Val Metric: 0.9035
Epoch 49/50 - Train Loss: 0.2612 - Train Metric: 0.9367
Epoch 49/50 - Val Metric: 0.9043
Epoch 50/50 - Train Loss: 0.2608 - Train Metric: 0.9371
Epoch 50/50 - Val Metric: 0.9043
Best val: 0.9086, Best test: 0.9155
Training set has 39073 instances
Validation set has 4884 instances
Test set has 4885 instances
Epoch 1/50 - Train Loss: 0.3872 - Train Metric: 0.8537
Epoch 1/50 - Val Metric: 0.9042
Epoch 2/50 - Train Loss: 0.3210 - Train Metric: 0.9042
Epoch 2/50 - Val Metric: 0.9092
Epoch 3/50 - Train Loss: 0.3116 - Train Metric: 0.9088
Epoch 3/50 - Val Metric: 0.9129
Epoch 4/50 - Train Loss: 0.3071 - Train Metric: 0.9113
Epoch 4/50 - Val Metric: 0.9135
Epoch 5/50 - Train Loss: 0.3059 - Train Metric: 0.9118
Epoch 5/50 - Val Metric: 0.9129
Epoch 6/50 - Train Loss: 0.3060 - Train Metric: 0.9115
Epoch 6/50 - Val Metric: 0.9132
Epoch 7/50 - Train Loss: 0.3045 - Train Metric: 0.9126
Epoch 7/50 - Val Metric: 0.9138
Epoch 8/50 - Train Loss: 0.3028 - Train Metric: 0.9135
Epoch 8/50 - Val Metric: 0.9151
Epoch 9/50 - Train Loss: 0.3025 - Train Metric: 0.9138
Epoch 9/50 - Val Metric: 0.9155
Epoch 10/50 - Train Loss: 0.3011 - Train Metric: 0.9146
Epoch 10/50 - Val Metric: 0.9130
Epoch 11/50 - Train Loss: 0.2998 - Train Metric: 0.9152
Epoch 11/50 - Val Metric: 0.9155
Epoch 12/50 - Train Loss: 0.2996 - Train Metric: 0.9153
Epoch 12/50 - Val Metric: 0.9163
Epoch 13/50 - Train Loss: 0.2987 - Train Metric: 0.9160
Epoch 13/50 - Val Metric: 0.9158
Epoch 14/50 - Train Loss: 0.2979 - Train Metric: 0.9163
Epoch 14/50 - Val Metric: 0.9158
Epoch 15/50 - Train Loss: 0.2982 - Train Metric: 0.9162
Epoch 15/50 - Val Metric: 0.9163
Epoch 16/50 - Train Loss: 0.2963 - Train Metric: 0.9173
Epoch 16/50 - Val Metric: 0.9158
Epoch 17/50 - Train Loss: 0.2954 - Train Metric: 0.9177
Epoch 17/50 - Val Metric: 0.9169
Epoch 18/50 - Train Loss: 0.2954 - Train Metric: 0.9178
Epoch 18/50 - Val Metric: 0.9160
Epoch 19/50 - Train Loss: 0.2944 - Train Metric: 0.9183
Epoch 19/50 - Val Metric: 0.9162
Epoch 20/50 - Train Loss: 0.2940 - Train Metric: 0.9184
Epoch 20/50 - Val Metric: 0.9139
Epoch 21/50 - Train Loss: 0.2933 - Train Metric: 0.9185
Epoch 21/50 - Val Metric: 0.9169
Epoch 22/50 - Train Loss: 0.2925 - Train Metric: 0.9191
Epoch 22/50 - Val Metric: 0.9153
Epoch 23/50 - Train Loss: 0.2939 - Train Metric: 0.9190
Epoch 23/50 - Val Metric: 0.9155
Epoch 24/50 - Train Loss: 0.2941 - Train Metric: 0.9187
Epoch 24/50 - Val Metric: 0.9176
Epoch 25/50 - Train Loss: 0.2922 - Train Metric: 0.9195
Epoch 25/50 - Val Metric: 0.9163
Epoch 26/50 - Train Loss: 0.2919 - Train Metric: 0.9199
Epoch 26/50 - Val Metric: 0.9150
Epoch 27/50 - Train Loss: 0.2899 - Train Metric: 0.9209
Epoch 27/50 - Val Metric: 0.9167
Epoch 28/50 - Train Loss: 0.2880 - Train Metric: 0.9217
Epoch 28/50 - Val Metric: 0.9148
Epoch 29/50 - Train Loss: 0.2867 - Train Metric: 0.9223
Epoch 29/50 - Val Metric: 0.9154
Epoch 30/50 - Train Loss: 0.2885 - Train Metric: 0.9215
Epoch 30/50 - Val Metric: 0.9180
Epoch 31/50 - Train Loss: 0.2894 - Train Metric: 0.9213
Epoch 31/50 - Val Metric: 0.9170
Epoch 32/50 - Train Loss: 0.2857 - Train Metric: 0.9230
Epoch 32/50 - Val Metric: 0.9173
Epoch 33/50 - Train Loss: 0.2839 - Train Metric: 0.9237
Epoch 33/50 - Val Metric: 0.9181
Epoch 34/50 - Train Loss: 0.2860 - Train Metric: 0.9230
Epoch 34/50 - Val Metric: 0.9161
Epoch 35/50 - Train Loss: 0.2844 - Train Metric: 0.9237
Epoch 35/50 - Val Metric: 0.9182
Epoch 36/50 - Train Loss: 0.2817 - Train Metric: 0.9249
Epoch 36/50 - Val Metric: 0.9174
Epoch 37/50 - Train Loss: 0.2834 - Train Metric: 0.9243
Epoch 37/50 - Val Metric: 0.9177
Epoch 38/50 - Train Loss: 0.2802 - Train Metric: 0.9258
Epoch 38/50 - Val Metric: 0.9182
Epoch 39/50 - Train Loss: 0.2797 - Train Metric: 0.9260
Epoch 39/50 - Val Metric: 0.9163
Epoch 40/50 - Train Loss: 0.2804 - Train Metric: 0.9258
Epoch 40/50 - Val Metric: 0.9174
Epoch 41/50 - Train Loss: 0.2792 - Train Metric: 0.9265
Epoch 41/50 - Val Metric: 0.9159
Epoch 42/50 - Train Loss: 0.2777 - Train Metric: 0.9274
Epoch 42/50 - Val Metric: 0.9171
Epoch 43/50 - Train Loss: 0.2770 - Train Metric: 0.9276
Epoch 43/50 - Val Metric: 0.9166
Epoch 44/50 - Train Loss: 0.2752 - Train Metric: 0.9286
Epoch 44/50 - Val Metric: 0.9153
Epoch 45/50 - Train Loss: 0.2772 - Train Metric: 0.9278
Epoch 45/50 - Val Metric: 0.9147
Epoch 46/50 - Train Loss: 0.2749 - Train Metric: 0.9287
Epoch 46/50 - Val Metric: 0.9160
Epoch 47/50 - Train Loss: 0.2737 - Train Metric: 0.9295
Epoch 47/50 - Val Metric: 0.9160
Epoch 48/50 - Train Loss: 0.2718 - Train Metric: 0.9303
Epoch 48/50 - Val Metric: 0.9167
Epoch 49/50 - Train Loss: 0.2736 - Train Metric: 0.9295
Epoch 49/50 - Val Metric: 0.9134
Epoch 50/50 - Train Loss: 0.2709 - Train Metric: 0.9308
Epoch 50/50 - Val Metric: 0.9141
Best val: 0.9182, Best test: 0.9232
Training set has 39073 instances
Validation set has 4884 instances
Test set has 4885 instances
Epoch 1/50 - Train Loss: 0.3764 - Train Metric: 0.8655
Epoch 1/50 - Val Metric: 0.9063
Epoch 2/50 - Train Loss: 0.3198 - Train Metric: 0.9054
Epoch 2/50 - Val Metric: 0.9073
Epoch 3/50 - Train Loss: 0.3081 - Train Metric: 0.9115
Epoch 3/50 - Val Metric: 0.9116
Epoch 4/50 - Train Loss: 0.3068 - Train Metric: 0.9122
Epoch 4/50 - Val Metric: 0.9118
Epoch 5/50 - Train Loss: 0.3040 - Train Metric: 0.9135
Epoch 5/50 - Val Metric: 0.9128
Epoch 6/50 - Train Loss: 0.3042 - Train Metric: 0.9137
Epoch 6/50 - Val Metric: 0.9112
Epoch 7/50 - Train Loss: 0.3016 - Train Metric: 0.9148
Epoch 7/50 - Val Metric: 0.9115
Epoch 8/50 - Train Loss: 0.2999 - Train Metric: 0.9158
Epoch 8/50 - Val Metric: 0.9121
Epoch 9/50 - Train Loss: 0.2993 - Train Metric: 0.9161
Epoch 9/50 - Val Metric: 0.9142
Epoch 10/50 - Train Loss: 0.2974 - Train Metric: 0.9173
Epoch 10/50 - Val Metric: 0.9128
Epoch 11/50 - Train Loss: 0.2949 - Train Metric: 0.9185
Epoch 11/50 - Val Metric: 0.9157
Epoch 12/50 - Train Loss: 0.2965 - Train Metric: 0.9177
Epoch 12/50 - Val Metric: 0.9156
Epoch 13/50 - Train Loss: 0.2938 - Train Metric: 0.9192
Epoch 13/50 - Val Metric: 0.9128
Epoch 14/50 - Train Loss: 0.2950 - Train Metric: 0.9185
Epoch 14/50 - Val Metric: 0.9155
Epoch 15/50 - Train Loss: 0.2953 - Train Metric: 0.9186
Epoch 15/50 - Val Metric: 0.9143
Epoch 16/50 - Train Loss: 0.2937 - Train Metric: 0.9194
Epoch 16/50 - Val Metric: 0.9142
Epoch 17/50 - Train Loss: 0.2932 - Train Metric: 0.9196
Epoch 17/50 - Val Metric: 0.9143
Epoch 18/50 - Train Loss: 0.2914 - Train Metric: 0.9204
Epoch 18/50 - Val Metric: 0.9110
Epoch 19/50 - Train Loss: 0.2982 - Train Metric: 0.9172
Epoch 19/50 - Val Metric: 0.9133
Epoch 20/50 - Train Loss: 0.2933 - Train Metric: 0.9197
Epoch 20/50 - Val Metric: 0.9145
Epoch 21/50 - Train Loss: 0.2924 - Train Metric: 0.9197
Epoch 21/50 - Val Metric: 0.9160
Epoch 22/50 - Train Loss: 0.2907 - Train Metric: 0.9209
Epoch 22/50 - Val Metric: 0.9133
Epoch 23/50 - Train Loss: 0.2901 - Train Metric: 0.9216
Epoch 23/50 - Val Metric: 0.9156
Epoch 24/50 - Train Loss: 0.2898 - Train Metric: 0.9217
Epoch 24/50 - Val Metric: 0.9146
Epoch 25/50 - Train Loss: 0.2882 - Train Metric: 0.9227
Epoch 25/50 - Val Metric: 0.9133
Epoch 26/50 - Train Loss: 0.2865 - Train Metric: 0.9235
Epoch 26/50 - Val Metric: 0.9136
Epoch 27/50 - Train Loss: 0.2860 - Train Metric: 0.9237
Epoch 27/50 - Val Metric: 0.9162
Epoch 28/50 - Train Loss: 0.2842 - Train Metric: 0.9243
Epoch 28/50 - Val Metric: 0.9162
Epoch 29/50 - Train Loss: 0.2829 - Train Metric: 0.9252
Epoch 29/50 - Val Metric: 0.9141
Epoch 30/50 - Train Loss: 0.2877 - Train Metric: 0.9226
Epoch 30/50 - Val Metric: 0.9145
Epoch 31/50 - Train Loss: 0.2856 - Train Metric: 0.9240
Epoch 31/50 - Val Metric: 0.9160
Epoch 32/50 - Train Loss: 0.2850 - Train Metric: 0.9243
Epoch 32/50 - Val Metric: 0.9134
Epoch 33/50 - Train Loss: 0.2839 - Train Metric: 0.9249
Epoch 33/50 - Val Metric: 0.9152
Epoch 34/50 - Train Loss: 0.2820 - Train Metric: 0.9258
Epoch 34/50 - Val Metric: 0.9157
Epoch 35/50 - Train Loss: 0.2792 - Train Metric: 0.9272
Epoch 35/50 - Val Metric: 0.9167
Epoch 36/50 - Train Loss: 0.2781 - Train Metric: 0.9278
Epoch 36/50 - Val Metric: 0.9145
Epoch 37/50 - Train Loss: 0.2773 - Train Metric: 0.9284
Epoch 37/50 - Val Metric: 0.9141
Epoch 38/50 - Train Loss: 0.2783 - Train Metric: 0.9278
Epoch 38/50 - Val Metric: 0.9157
Epoch 39/50 - Train Loss: 0.2758 - Train Metric: 0.9290
Epoch 39/50 - Val Metric: 0.9144
Epoch 40/50 - Train Loss: 0.2796 - Train Metric: 0.9272
Epoch 40/50 - Val Metric: 0.9112
Epoch 41/50 - Train Loss: 0.2807 - Train Metric: 0.9268
Epoch 41/50 - Val Metric: 0.9140
Epoch 42/50 - Train Loss: 0.2773 - Train Metric: 0.9284
Epoch 42/50 - Val Metric: 0.9124
Epoch 43/50 - Train Loss: 0.2757 - Train Metric: 0.9295
Epoch 43/50 - Val Metric: 0.9139
Epoch 44/50 - Train Loss: 0.2724 - Train Metric: 0.9312
Epoch 44/50 - Val Metric: 0.9148
Epoch 45/50 - Train Loss: 0.2736 - Train Metric: 0.9305
Epoch 45/50 - Val Metric: 0.9144
Epoch 46/50 - Train Loss: 0.2713 - Train Metric: 0.9316
Epoch 46/50 - Val Metric: 0.9168
Epoch 47/50 - Train Loss: 0.2690 - Train Metric: 0.9327
Epoch 47/50 - Val Metric: 0.9138
Epoch 48/50 - Train Loss: 0.2687 - Train Metric: 0.9329
Epoch 48/50 - Val Metric: 0.9135
Epoch 49/50 - Train Loss: 0.2693 - Train Metric: 0.9328
Epoch 49/50 - Val Metric: 0.9153
Epoch 50/50 - Train Loss: 0.2653 - Train Metric: 0.9349
Epoch 50/50 - Val Metric: 0.9114
Best val: 0.9168, Best test: 0.9095
Training set has 39073 instances
Validation set has 4884 instances
Test set has 4885 instances
Epoch 1/50 - Train Loss: 0.3938 - Train Metric: 0.8467
Epoch 1/50 - Val Metric: 0.9091
Epoch 2/50 - Train Loss: 0.3231 - Train Metric: 0.9035
Epoch 2/50 - Val Metric: 0.9093
Epoch 3/50 - Train Loss: 0.3121 - Train Metric: 0.9092
Epoch 3/50 - Val Metric: 0.9139
Epoch 4/50 - Train Loss: 0.3106 - Train Metric: 0.9101
Epoch 4/50 - Val Metric: 0.9153
Epoch 5/50 - Train Loss: 0.3063 - Train Metric: 0.9124
Epoch 5/50 - Val Metric: 0.9147
Epoch 6/50 - Train Loss: 0.3046 - Train Metric: 0.9132
Epoch 6/50 - Val Metric: 0.9157
Epoch 7/50 - Train Loss: 0.3071 - Train Metric: 0.9118
Epoch 7/50 - Val Metric: 0.9171
Epoch 8/50 - Train Loss: 0.3051 - Train Metric: 0.9133
Epoch 8/50 - Val Metric: 0.9150
Epoch 9/50 - Train Loss: 0.3050 - Train Metric: 0.9131
Epoch 9/50 - Val Metric: 0.9166
Epoch 10/50 - Train Loss: 0.3030 - Train Metric: 0.9144
Epoch 10/50 - Val Metric: 0.9182
Epoch 11/50 - Train Loss: 0.3021 - Train Metric: 0.9148
Epoch 11/50 - Val Metric: 0.9159
Epoch 12/50 - Train Loss: 0.3044 - Train Metric: 0.9135
Epoch 12/50 - Val Metric: 0.9139
Epoch 13/50 - Train Loss: 0.3036 - Train Metric: 0.9143
Epoch 13/50 - Val Metric: 0.9162
Epoch 14/50 - Train Loss: 0.2998 - Train Metric: 0.9162
Epoch 14/50 - Val Metric: 0.9136
Epoch 15/50 - Train Loss: 0.3021 - Train Metric: 0.9150
Epoch 15/50 - Val Metric: 0.9164
Epoch 16/50 - Train Loss: 0.2982 - Train Metric: 0.9168
Epoch 16/50 - Val Metric: 0.9173
Epoch 17/50 - Train Loss: 0.2979 - Train Metric: 0.9173
Epoch 17/50 - Val Metric: 0.9170
Epoch 18/50 - Train Loss: 0.2970 - Train Metric: 0.9176
Epoch 18/50 - Val Metric: 0.9185
Epoch 19/50 - Train Loss: 0.2956 - Train Metric: 0.9185
Epoch 19/50 - Val Metric: 0.9193
Epoch 20/50 - Train Loss: 0.2969 - Train Metric: 0.9177
Epoch 20/50 - Val Metric: 0.9166
Epoch 21/50 - Train Loss: 0.2953 - Train Metric: 0.9184
Epoch 21/50 - Val Metric: 0.9167
Epoch 22/50 - Train Loss: 0.2950 - Train Metric: 0.9186
Epoch 22/50 - Val Metric: 0.9175
Epoch 23/50 - Train Loss: 0.2943 - Train Metric: 0.9192
Epoch 23/50 - Val Metric: 0.9146
Epoch 24/50 - Train Loss: 0.2949 - Train Metric: 0.9189
Epoch 24/50 - Val Metric: 0.9176
Epoch 25/50 - Train Loss: 0.2916 - Train Metric: 0.9203
Epoch 25/50 - Val Metric: 0.9150
Epoch 26/50 - Train Loss: 0.2908 - Train Metric: 0.9210
Epoch 26/50 - Val Metric: 0.9158
Epoch 27/50 - Train Loss: 0.2921 - Train Metric: 0.9204
Epoch 27/50 - Val Metric: 0.9145
Epoch 28/50 - Train Loss: 0.2914 - Train Metric: 0.9208
Epoch 28/50 - Val Metric: 0.9164
Epoch 29/50 - Train Loss: 0.2895 - Train Metric: 0.9217
Epoch 29/50 - Val Metric: 0.9149
Epoch 30/50 - Train Loss: 0.2875 - Train Metric: 0.9229
Epoch 30/50 - Val Metric: 0.9171
Epoch 31/50 - Train Loss: 0.2872 - Train Metric: 0.9231
Epoch 31/50 - Val Metric: 0.9145
Epoch 32/50 - Train Loss: 0.2864 - Train Metric: 0.9232
Epoch 32/50 - Val Metric: 0.9159
Epoch 33/50 - Train Loss: 0.2859 - Train Metric: 0.9237
Epoch 33/50 - Val Metric: 0.9153
Epoch 34/50 - Train Loss: 0.2839 - Train Metric: 0.9246
Epoch 34/50 - Val Metric: 0.9152
Epoch 35/50 - Train Loss: 0.2840 - Train Metric: 0.9247
Epoch 35/50 - Val Metric: 0.9164
Epoch 36/50 - Train Loss: 0.2835 - Train Metric: 0.9249
Epoch 36/50 - Val Metric: 0.9163
Epoch 37/50 - Train Loss: 0.2818 - Train Metric: 0.9260
Epoch 37/50 - Val Metric: 0.9173
Epoch 38/50 - Train Loss: 0.2805 - Train Metric: 0.9265
Epoch 38/50 - Val Metric: 0.9140
Epoch 39/50 - Train Loss: 0.2808 - Train Metric: 0.9266
Epoch 39/50 - Val Metric: 0.9164
Epoch 40/50 - Train Loss: 0.2791 - Train Metric: 0.9273
Epoch 40/50 - Val Metric: 0.9153
Epoch 41/50 - Train Loss: 0.2785 - Train Metric: 0.9278
Epoch 41/50 - Val Metric: 0.9168
Epoch 42/50 - Train Loss: 0.2780 - Train Metric: 0.9281
Epoch 42/50 - Val Metric: 0.9146
Epoch 43/50 - Train Loss: 0.2759 - Train Metric: 0.9292
Epoch 43/50 - Val Metric: 0.9125
Epoch 44/50 - Train Loss: 0.2769 - Train Metric: 0.9287
Epoch 44/50 - Val Metric: 0.9148
Epoch 45/50 - Train Loss: 0.2743 - Train Metric: 0.9300
Epoch 45/50 - Val Metric: 0.9078
Epoch 46/50 - Train Loss: 0.2769 - Train Metric: 0.9290
Epoch 46/50 - Val Metric: 0.9094
Epoch 47/50 - Train Loss: 0.2774 - Train Metric: 0.9287
Epoch 47/50 - Val Metric: 0.9120
Epoch 48/50 - Train Loss: 0.2724 - Train Metric: 0.9311
Epoch 48/50 - Val Metric: 0.9107
Epoch 49/50 - Train Loss: 0.2739 - Train Metric: 0.9306
Epoch 49/50 - Val Metric: 0.9120
Epoch 50/50 - Train Loss: 0.2715 - Train Metric: 0.9314
Epoch 50/50 - Val Metric: 0.9082
Best val: 0.9193, Best test: 0.9214
[0.9134596  0.91548479 0.92319131 0.90952784 0.92139077]
