Hyper-parameter search via Optuna
Namespace(task_type='binary_classification', scale='small', idx=13, epochs=50, num_trials=20, num_repeats=5, seed=0, exp_name='MemPerceiver', result_path='output/binary_classification/small/13/MemPerceiver.pt')
Device: cuda
Start building binary_classification dataset_small_13
Training set has 39073 instances
Validation set has 4884 instances
Test set has 4885 instances
Epoch 1/50 - Train Loss: 0.4647 - Train Metric: 0.7685
Epoch 1/50 - Val Metric: 0.8625
Epoch 2/50 - Train Loss: 0.3832 - Train Metric: 0.8605
Epoch 2/50 - Val Metric: 0.8653
Epoch 3/50 - Train Loss: 0.3698 - Train Metric: 0.8711
Epoch 3/50 - Val Metric: 0.8727
Epoch 4/50 - Train Loss: 0.3622 - Train Metric: 0.8772
Epoch 4/50 - Val Metric: 0.8750
Epoch 5/50 - Train Loss: 0.3562 - Train Metric: 0.8810
Epoch 5/50 - Val Metric: 0.8811
Epoch 6/50 - Train Loss: 0.3501 - Train Metric: 0.8857
Epoch 6/50 - Val Metric: 0.8846
Epoch 7/50 - Train Loss: 0.3457 - Train Metric: 0.8896
Epoch 7/50 - Val Metric: 0.8878
Epoch 8/50 - Train Loss: 0.3404 - Train Metric: 0.8930
Epoch 8/50 - Val Metric: 0.8925
Epoch 9/50 - Train Loss: 0.3341 - Train Metric: 0.8970
Epoch 9/50 - Val Metric: 0.8955
Epoch 10/50 - Train Loss: 0.3291 - Train Metric: 0.9000
Epoch 10/50 - Val Metric: 0.8986
Epoch 11/50 - Train Loss: 0.3271 - Train Metric: 0.9012
Epoch 11/50 - Val Metric: 0.9001
Epoch 12/50 - Train Loss: 0.3258 - Train Metric: 0.9020
Epoch 12/50 - Val Metric: 0.8997
Epoch 13/50 - Train Loss: 0.3236 - Train Metric: 0.9033
Epoch 13/50 - Val Metric: 0.9009
Epoch 14/50 - Train Loss: 0.3243 - Train Metric: 0.9027
Epoch 14/50 - Val Metric: 0.8996
Epoch 15/50 - Train Loss: 0.3237 - Train Metric: 0.9032
Epoch 15/50 - Val Metric: 0.8995
Epoch 16/50 - Train Loss: 0.3228 - Train Metric: 0.9036
Epoch 16/50 - Val Metric: 0.9002
Epoch 17/50 - Train Loss: 0.3221 - Train Metric: 0.9041
Epoch 17/50 - Val Metric: 0.9018
Epoch 18/50 - Train Loss: 0.3220 - Train Metric: 0.9043
Epoch 18/50 - Val Metric: 0.9010
Epoch 19/50 - Train Loss: 0.3211 - Train Metric: 0.9045
Epoch 19/50 - Val Metric: 0.9012
Epoch 20/50 - Train Loss: 0.3201 - Train Metric: 0.9052
Epoch 20/50 - Val Metric: 0.9014
Epoch 21/50 - Train Loss: 0.3215 - Train Metric: 0.9044
Epoch 21/50 - Val Metric: 0.9003
Epoch 22/50 - Train Loss: 0.3211 - Train Metric: 0.9048
Epoch 22/50 - Val Metric: 0.9013
Epoch 23/50 - Train Loss: 0.3208 - Train Metric: 0.9048
Epoch 23/50 - Val Metric: 0.9004
Epoch 24/50 - Train Loss: 0.3211 - Train Metric: 0.9046
Epoch 24/50 - Val Metric: 0.9011
Epoch 25/50 - Train Loss: 0.3202 - Train Metric: 0.9054
Epoch 25/50 - Val Metric: 0.9021
Epoch 26/50 - Train Loss: 0.3207 - Train Metric: 0.9049
Epoch 26/50 - Val Metric: 0.9017
Epoch 27/50 - Train Loss: 0.3206 - Train Metric: 0.9049
Epoch 27/50 - Val Metric: 0.9018
Epoch 28/50 - Train Loss: 0.3193 - Train Metric: 0.9059
Epoch 28/50 - Val Metric: 0.9014
Epoch 29/50 - Train Loss: 0.3197 - Train Metric: 0.9055
Epoch 29/50 - Val Metric: 0.9021
Epoch 30/50 - Train Loss: 0.3191 - Train Metric: 0.9060
Epoch 30/50 - Val Metric: 0.9017
Epoch 31/50 - Train Loss: 0.3198 - Train Metric: 0.9057
Epoch 31/50 - Val Metric: 0.9019
Epoch 32/50 - Train Loss: 0.3196 - Train Metric: 0.9055
Epoch 32/50 - Val Metric: 0.9016
Epoch 33/50 - Train Loss: 0.3195 - Train Metric: 0.9055
Epoch 33/50 - Val Metric: 0.9019
Epoch 34/50 - Train Loss: 0.3193 - Train Metric: 0.9057
Epoch 34/50 - Val Metric: 0.9019
Epoch 35/50 - Train Loss: 0.3192 - Train Metric: 0.9061
Epoch 35/50 - Val Metric: 0.9020
Epoch 36/50 - Train Loss: 0.3187 - Train Metric: 0.9059
Epoch 36/50 - Val Metric: 0.9017
Epoch 37/50 - Train Loss: 0.3199 - Train Metric: 0.9054
Epoch 37/50 - Val Metric: 0.9019
Epoch 38/50 - Train Loss: 0.3182 - Train Metric: 0.9064
Epoch 38/50 - Val Metric: 0.9018
Epoch 39/50 - Train Loss: 0.3196 - Train Metric: 0.9059
Epoch 39/50 - Val Metric: 0.9021
Epoch 40/50 - Train Loss: 0.3198 - Train Metric: 0.9056
Epoch 40/50 - Val Metric: 0.9018
Epoch 41/50 - Train Loss: 0.3183 - Train Metric: 0.9064
Epoch 41/50 - Val Metric: 0.9017
Epoch 42/50 - Train Loss: 0.3189 - Train Metric: 0.9062
Epoch 42/50 - Val Metric: 0.9018
Epoch 43/50 - Train Loss: 0.3185 - Train Metric: 0.9063
Epoch 43/50 - Val Metric: 0.9020
Epoch 44/50 - Train Loss: 0.3186 - Train Metric: 0.9062
Epoch 44/50 - Val Metric: 0.9018
Epoch 45/50 - Train Loss: 0.3186 - Train Metric: 0.9063
Epoch 45/50 - Val Metric: 0.9017
Epoch 46/50 - Train Loss: 0.3189 - Train Metric: 0.9061
Epoch 46/50 - Val Metric: 0.9017
Epoch 47/50 - Train Loss: 0.3185 - Train Metric: 0.9063
Epoch 47/50 - Val Metric: 0.9016
Epoch 48/50 - Train Loss: 0.3196 - Train Metric: 0.9054
Epoch 48/50 - Val Metric: 0.9017
Epoch 49/50 - Train Loss: 0.3195 - Train Metric: 0.9055
Epoch 49/50 - Val Metric: 0.9018
Epoch 50/50 - Train Loss: 0.3194 - Train Metric: 0.9058
Epoch 50/50 - Val Metric: 0.9018
Best val: 0.9021, Best test: 0.9060
Training set has 39073 instances
Validation set has 4884 instances
Test set has 4885 instances
Epoch 1/50 - Train Loss: 0.4113 - Train Metric: 0.8268
Epoch 1/50 - Val Metric: 0.8965
Epoch 2/50 - Train Loss: 0.3206 - Train Metric: 0.9040
Epoch 2/50 - Val Metric: 0.9041
Epoch 3/50 - Train Loss: 0.3155 - Train Metric: 0.9072
Epoch 3/50 - Val Metric: 0.9057
Epoch 4/50 - Train Loss: 0.3105 - Train Metric: 0.9098
Epoch 4/50 - Val Metric: 0.9066
Epoch 5/50 - Train Loss: 0.3075 - Train Metric: 0.9115
Epoch 5/50 - Val Metric: 0.9068
Epoch 6/50 - Train Loss: 0.3049 - Train Metric: 0.9129
Epoch 6/50 - Val Metric: 0.9047
Epoch 7/50 - Train Loss: 0.3107 - Train Metric: 0.9101
Epoch 7/50 - Val Metric: 0.9062
Epoch 8/50 - Train Loss: 0.3083 - Train Metric: 0.9118
Epoch 8/50 - Val Metric: 0.9054
Epoch 9/50 - Train Loss: 0.3056 - Train Metric: 0.9130
Epoch 9/50 - Val Metric: 0.9069
Epoch 10/50 - Train Loss: 0.3057 - Train Metric: 0.9127
Epoch 10/50 - Val Metric: 0.9049
Epoch 11/50 - Train Loss: 0.3051 - Train Metric: 0.9136
Epoch 11/50 - Val Metric: 0.9029
Epoch 12/50 - Train Loss: 0.3017 - Train Metric: 0.9151
Epoch 12/50 - Val Metric: 0.9068
Epoch 13/50 - Train Loss: 0.3001 - Train Metric: 0.9157
Epoch 13/50 - Val Metric: 0.9082
Epoch 14/50 - Train Loss: 0.3051 - Train Metric: 0.9132
Epoch 14/50 - Val Metric: 0.9083
Epoch 15/50 - Train Loss: 0.2999 - Train Metric: 0.9160
Epoch 15/50 - Val Metric: 0.9072
Epoch 16/50 - Train Loss: 0.2999 - Train Metric: 0.9161
Epoch 16/50 - Val Metric: 0.9089
Epoch 17/50 - Train Loss: 0.3006 - Train Metric: 0.9154
Epoch 17/50 - Val Metric: 0.9082
Epoch 18/50 - Train Loss: 0.3011 - Train Metric: 0.9152
Epoch 18/50 - Val Metric: 0.9068
Epoch 19/50 - Train Loss: 0.3020 - Train Metric: 0.9147
Epoch 19/50 - Val Metric: 0.9066
Epoch 20/50 - Train Loss: 0.3009 - Train Metric: 0.9154
Epoch 20/50 - Val Metric: 0.9080
Epoch 21/50 - Train Loss: 0.2993 - Train Metric: 0.9161
Epoch 21/50 - Val Metric: 0.9084
Epoch 22/50 - Train Loss: 0.2971 - Train Metric: 0.9173
Epoch 22/50 - Val Metric: 0.9064
Epoch 23/50 - Train Loss: 0.2972 - Train Metric: 0.9174
Epoch 23/50 - Val Metric: 0.9067
Epoch 24/50 - Train Loss: 0.2967 - Train Metric: 0.9177
Epoch 24/50 - Val Metric: 0.9055
Epoch 25/50 - Train Loss: 0.2966 - Train Metric: 0.9182
Epoch 25/50 - Val Metric: 0.9094
Epoch 26/50 - Train Loss: 0.2964 - Train Metric: 0.9179
Epoch 26/50 - Val Metric: 0.9086
Epoch 27/50 - Train Loss: 0.2978 - Train Metric: 0.9176
Epoch 27/50 - Val Metric: 0.9087
Epoch 28/50 - Train Loss: 0.2967 - Train Metric: 0.9176
Epoch 28/50 - Val Metric: 0.9087
Epoch 29/50 - Train Loss: 0.2951 - Train Metric: 0.9188
Epoch 29/50 - Val Metric: 0.9087
Epoch 30/50 - Train Loss: 0.2951 - Train Metric: 0.9189
Epoch 30/50 - Val Metric: 0.9084
Epoch 31/50 - Train Loss: 0.2957 - Train Metric: 0.9183
Epoch 31/50 - Val Metric: 0.9075
Epoch 32/50 - Train Loss: 0.2952 - Train Metric: 0.9189
Epoch 32/50 - Val Metric: 0.9076
Epoch 33/50 - Train Loss: 0.2935 - Train Metric: 0.9198
Epoch 33/50 - Val Metric: 0.9071
Epoch 34/50 - Train Loss: 0.2938 - Train Metric: 0.9194
Epoch 34/50 - Val Metric: 0.9076
Epoch 35/50 - Train Loss: 0.2924 - Train Metric: 0.9203
Epoch 35/50 - Val Metric: 0.9066
Epoch 36/50 - Train Loss: 0.2921 - Train Metric: 0.9205
Epoch 36/50 - Val Metric: 0.9064
Epoch 37/50 - Train Loss: 0.2929 - Train Metric: 0.9201
Epoch 37/50 - Val Metric: 0.9066
Epoch 38/50 - Train Loss: 0.2931 - Train Metric: 0.9202
Epoch 38/50 - Val Metric: 0.9072
Epoch 39/50 - Train Loss: 0.2931 - Train Metric: 0.9201
Epoch 39/50 - Val Metric: 0.9069
Epoch 40/50 - Train Loss: 0.2915 - Train Metric: 0.9208
Epoch 40/50 - Val Metric: 0.9082
Epoch 41/50 - Train Loss: 0.2904 - Train Metric: 0.9212
Epoch 41/50 - Val Metric: 0.9088
Epoch 42/50 - Train Loss: 0.2897 - Train Metric: 0.9216
Epoch 42/50 - Val Metric: 0.9062
Epoch 43/50 - Train Loss: 0.2933 - Train Metric: 0.9203
Epoch 43/50 - Val Metric: 0.9060
Epoch 44/50 - Train Loss: 0.2902 - Train Metric: 0.9216
Epoch 44/50 - Val Metric: 0.9063
Epoch 45/50 - Train Loss: 0.2906 - Train Metric: 0.9215
Epoch 45/50 - Val Metric: 0.9060
Epoch 46/50 - Train Loss: 0.2902 - Train Metric: 0.9216
Epoch 46/50 - Val Metric: 0.9066
Epoch 47/50 - Train Loss: 0.2891 - Train Metric: 0.9223
Epoch 47/50 - Val Metric: 0.9058
Epoch 48/50 - Train Loss: 0.2884 - Train Metric: 0.9226
Epoch 48/50 - Val Metric: 0.9056
Epoch 49/50 - Train Loss: 0.2882 - Train Metric: 0.9230
Epoch 49/50 - Val Metric: 0.9063
Epoch 50/50 - Train Loss: 0.2904 - Train Metric: 0.9213
Epoch 50/50 - Val Metric: 0.9070
Best val: 0.9094, Best test: 0.9153
Training set has 39073 instances
Validation set has 4884 instances
Test set has 4885 instances
Epoch 1/50 - Train Loss: 0.4315 - Train Metric: 0.8086
Epoch 1/50 - Val Metric: 0.8770
Epoch 2/50 - Train Loss: 0.3672 - Train Metric: 0.8726
Epoch 2/50 - Val Metric: 0.8789
Epoch 3/50 - Train Loss: 0.3608 - Train Metric: 0.8779
Epoch 3/50 - Val Metric: 0.8833
Epoch 4/50 - Train Loss: 0.3545 - Train Metric: 0.8826
Epoch 4/50 - Val Metric: 0.8870
Epoch 5/50 - Train Loss: 0.3524 - Train Metric: 0.8841
Epoch 5/50 - Val Metric: 0.8905
Epoch 6/50 - Train Loss: 0.3449 - Train Metric: 0.8897
Epoch 6/50 - Val Metric: 0.8968
Epoch 7/50 - Train Loss: 0.3385 - Train Metric: 0.8939
Epoch 7/50 - Val Metric: 0.9008
Epoch 8/50 - Train Loss: 0.3347 - Train Metric: 0.8961
Epoch 8/50 - Val Metric: 0.9046
Epoch 9/50 - Train Loss: 0.3232 - Train Metric: 0.9034
Epoch 9/50 - Val Metric: 0.9080
Epoch 10/50 - Train Loss: 0.3209 - Train Metric: 0.9041
Epoch 10/50 - Val Metric: 0.9083
Epoch 11/50 - Train Loss: 0.3191 - Train Metric: 0.9052
Epoch 11/50 - Val Metric: 0.9087
Epoch 12/50 - Train Loss: 0.3180 - Train Metric: 0.9058
Epoch 12/50 - Val Metric: 0.9095
Epoch 13/50 - Train Loss: 0.3171 - Train Metric: 0.9063
Epoch 13/50 - Val Metric: 0.9101
Epoch 14/50 - Train Loss: 0.3153 - Train Metric: 0.9074
Epoch 14/50 - Val Metric: 0.9095
Epoch 15/50 - Train Loss: 0.3141 - Train Metric: 0.9079
Epoch 15/50 - Val Metric: 0.9085
Epoch 16/50 - Train Loss: 0.3139 - Train Metric: 0.9082
Epoch 16/50 - Val Metric: 0.9106
Epoch 17/50 - Train Loss: 0.3131 - Train Metric: 0.9087
Epoch 17/50 - Val Metric: 0.9106
Epoch 18/50 - Train Loss: 0.3116 - Train Metric: 0.9094
Epoch 18/50 - Val Metric: 0.9110
Epoch 19/50 - Train Loss: 0.3144 - Train Metric: 0.9080
Epoch 19/50 - Val Metric: 0.9102
Epoch 20/50 - Train Loss: 0.3104 - Train Metric: 0.9099
Epoch 20/50 - Val Metric: 0.9108
Epoch 21/50 - Train Loss: 0.3101 - Train Metric: 0.9099
Epoch 21/50 - Val Metric: 0.9113
Epoch 22/50 - Train Loss: 0.3095 - Train Metric: 0.9104
Epoch 22/50 - Val Metric: 0.9094
Epoch 23/50 - Train Loss: 0.3097 - Train Metric: 0.9104
Epoch 23/50 - Val Metric: 0.9114
Epoch 24/50 - Train Loss: 0.3065 - Train Metric: 0.9124
Epoch 24/50 - Val Metric: 0.9126
Epoch 25/50 - Train Loss: 0.3062 - Train Metric: 0.9120
Epoch 25/50 - Val Metric: 0.9133
Epoch 26/50 - Train Loss: 0.3048 - Train Metric: 0.9127
Epoch 26/50 - Val Metric: 0.9140
Epoch 27/50 - Train Loss: 0.3033 - Train Metric: 0.9137
Epoch 27/50 - Val Metric: 0.9123
Epoch 28/50 - Train Loss: 0.3035 - Train Metric: 0.9138
Epoch 28/50 - Val Metric: 0.9133
Epoch 29/50 - Train Loss: 0.3048 - Train Metric: 0.9127
Epoch 29/50 - Val Metric: 0.9138
Epoch 30/50 - Train Loss: 0.3020 - Train Metric: 0.9146
Epoch 30/50 - Val Metric: 0.9139
Epoch 31/50 - Train Loss: 0.3021 - Train Metric: 0.9144
Epoch 31/50 - Val Metric: 0.9134
Epoch 32/50 - Train Loss: 0.3008 - Train Metric: 0.9156
Epoch 32/50 - Val Metric: 0.9133
Epoch 33/50 - Train Loss: 0.3023 - Train Metric: 0.9145
Epoch 33/50 - Val Metric: 0.9133
Epoch 34/50 - Train Loss: 0.3013 - Train Metric: 0.9151
Epoch 34/50 - Val Metric: 0.9138
Epoch 35/50 - Train Loss: 0.2990 - Train Metric: 0.9163
Epoch 35/50 - Val Metric: 0.9146
Epoch 36/50 - Train Loss: 0.2976 - Train Metric: 0.9172
Epoch 36/50 - Val Metric: 0.9124
Epoch 37/50 - Train Loss: 0.2979 - Train Metric: 0.9167
Epoch 37/50 - Val Metric: 0.9155
Epoch 38/50 - Train Loss: 0.2978 - Train Metric: 0.9172
Epoch 38/50 - Val Metric: 0.9148
Epoch 39/50 - Train Loss: 0.2960 - Train Metric: 0.9182
Epoch 39/50 - Val Metric: 0.9156
Epoch 40/50 - Train Loss: 0.2968 - Train Metric: 0.9177
Epoch 40/50 - Val Metric: 0.9146
Epoch 41/50 - Train Loss: 0.2966 - Train Metric: 0.9181
Epoch 41/50 - Val Metric: 0.9135
Epoch 42/50 - Train Loss: 0.2973 - Train Metric: 0.9175
Epoch 42/50 - Val Metric: 0.9139
Epoch 43/50 - Train Loss: 0.2942 - Train Metric: 0.9190
Epoch 43/50 - Val Metric: 0.9149
Epoch 44/50 - Train Loss: 0.2956 - Train Metric: 0.9187
Epoch 44/50 - Val Metric: 0.9132
Epoch 45/50 - Train Loss: 0.2959 - Train Metric: 0.9185
Epoch 45/50 - Val Metric: 0.9139
Epoch 46/50 - Train Loss: 0.2955 - Train Metric: 0.9185
Epoch 46/50 - Val Metric: 0.9137
Epoch 47/50 - Train Loss: 0.2958 - Train Metric: 0.9187
Epoch 47/50 - Val Metric: 0.9118
Epoch 48/50 - Train Loss: 0.2954 - Train Metric: 0.9187
Epoch 48/50 - Val Metric: 0.9131
Epoch 49/50 - Train Loss: 0.2946 - Train Metric: 0.9192
Epoch 49/50 - Val Metric: 0.9135
Epoch 50/50 - Train Loss: 0.2940 - Train Metric: 0.9194
Epoch 50/50 - Val Metric: 0.9151
Best val: 0.9156, Best test: 0.9136
Training set has 39073 instances
Validation set has 4884 instances
Test set has 4885 instances
Epoch 1/50 - Train Loss: 0.3881 - Train Metric: 0.8516
Epoch 1/50 - Val Metric: 0.8911
Epoch 2/50 - Train Loss: 0.3223 - Train Metric: 0.9033
Epoch 2/50 - Val Metric: 0.8996
Epoch 3/50 - Train Loss: 0.3181 - Train Metric: 0.9054
Epoch 3/50 - Val Metric: 0.9007
Epoch 4/50 - Train Loss: 0.3147 - Train Metric: 0.9076
Epoch 4/50 - Val Metric: 0.9020
Epoch 5/50 - Train Loss: 0.3093 - Train Metric: 0.9108
Epoch 5/50 - Val Metric: 0.9033
Epoch 6/50 - Train Loss: 0.3073 - Train Metric: 0.9117
Epoch 6/50 - Val Metric: 0.9043
Epoch 7/50 - Train Loss: 0.3043 - Train Metric: 0.9136
Epoch 7/50 - Val Metric: 0.9035
Epoch 8/50 - Train Loss: 0.3046 - Train Metric: 0.9134
Epoch 8/50 - Val Metric: 0.9052
Epoch 9/50 - Train Loss: 0.3019 - Train Metric: 0.9149
Epoch 9/50 - Val Metric: 0.9063
Epoch 10/50 - Train Loss: 0.3013 - Train Metric: 0.9150
Epoch 10/50 - Val Metric: 0.9070
Epoch 11/50 - Train Loss: 0.3001 - Train Metric: 0.9158
Epoch 11/50 - Val Metric: 0.9066
Epoch 12/50 - Train Loss: 0.2989 - Train Metric: 0.9166
Epoch 12/50 - Val Metric: 0.9077
Epoch 13/50 - Train Loss: 0.2982 - Train Metric: 0.9169
Epoch 13/50 - Val Metric: 0.9071
Epoch 14/50 - Train Loss: 0.2970 - Train Metric: 0.9176
Epoch 14/50 - Val Metric: 0.9075
Epoch 15/50 - Train Loss: 0.2963 - Train Metric: 0.9180
Epoch 15/50 - Val Metric: 0.9074
Epoch 16/50 - Train Loss: 0.2956 - Train Metric: 0.9184
Epoch 16/50 - Val Metric: 0.9081
Epoch 17/50 - Train Loss: 0.2952 - Train Metric: 0.9187
Epoch 17/50 - Val Metric: 0.9080
Epoch 18/50 - Train Loss: 0.2941 - Train Metric: 0.9193
Epoch 18/50 - Val Metric: 0.9086
Epoch 19/50 - Train Loss: 0.2935 - Train Metric: 0.9196
Epoch 19/50 - Val Metric: 0.9081
Epoch 20/50 - Train Loss: 0.2930 - Train Metric: 0.9197
Epoch 20/50 - Val Metric: 0.9084
Epoch 21/50 - Train Loss: 0.2928 - Train Metric: 0.9199
Epoch 21/50 - Val Metric: 0.9087
Epoch 22/50 - Train Loss: 0.2922 - Train Metric: 0.9204
Epoch 22/50 - Val Metric: 0.9085
Epoch 23/50 - Train Loss: 0.2913 - Train Metric: 0.9207
Epoch 23/50 - Val Metric: 0.9086
Epoch 24/50 - Train Loss: 0.2911 - Train Metric: 0.9210
Epoch 24/50 - Val Metric: 0.9083
Epoch 25/50 - Train Loss: 0.2916 - Train Metric: 0.9207
Epoch 25/50 - Val Metric: 0.9086
Epoch 26/50 - Train Loss: 0.2905 - Train Metric: 0.9214
Epoch 26/50 - Val Metric: 0.9092
Epoch 27/50 - Train Loss: 0.2896 - Train Metric: 0.9217
Epoch 27/50 - Val Metric: 0.9088
Epoch 28/50 - Train Loss: 0.2889 - Train Metric: 0.9222
Epoch 28/50 - Val Metric: 0.9090
Epoch 29/50 - Train Loss: 0.2886 - Train Metric: 0.9222
Epoch 29/50 - Val Metric: 0.9089
Epoch 30/50 - Train Loss: 0.2883 - Train Metric: 0.9225
Epoch 30/50 - Val Metric: 0.9089
Epoch 31/50 - Train Loss: 0.2880 - Train Metric: 0.9227
Epoch 31/50 - Val Metric: 0.9088
Epoch 32/50 - Train Loss: 0.2881 - Train Metric: 0.9225
Epoch 32/50 - Val Metric: 0.9088
Epoch 33/50 - Train Loss: 0.2870 - Train Metric: 0.9232
Epoch 33/50 - Val Metric: 0.9089
Epoch 34/50 - Train Loss: 0.2861 - Train Metric: 0.9235
Epoch 34/50 - Val Metric: 0.9082
Epoch 35/50 - Train Loss: 0.2861 - Train Metric: 0.9236
Epoch 35/50 - Val Metric: 0.9086
Epoch 36/50 - Train Loss: 0.2855 - Train Metric: 0.9240
Epoch 36/50 - Val Metric: 0.9086
Epoch 37/50 - Train Loss: 0.2846 - Train Metric: 0.9245
Epoch 37/50 - Val Metric: 0.9083
Epoch 38/50 - Train Loss: 0.2845 - Train Metric: 0.9244
Epoch 38/50 - Val Metric: 0.9086
Epoch 39/50 - Train Loss: 0.2843 - Train Metric: 0.9245
Epoch 39/50 - Val Metric: 0.9084
Epoch 40/50 - Train Loss: 0.2841 - Train Metric: 0.9247
Epoch 40/50 - Val Metric: 0.9086
Epoch 41/50 - Train Loss: 0.2839 - Train Metric: 0.9248
Epoch 41/50 - Val Metric: 0.9083
Epoch 42/50 - Train Loss: 0.2835 - Train Metric: 0.9251
Epoch 42/50 - Val Metric: 0.9082
Epoch 43/50 - Train Loss: 0.2826 - Train Metric: 0.9255
Epoch 43/50 - Val Metric: 0.9080
Epoch 44/50 - Train Loss: 0.2829 - Train Metric: 0.9253
Epoch 44/50 - Val Metric: 0.9081
Epoch 45/50 - Train Loss: 0.2829 - Train Metric: 0.9253
Epoch 45/50 - Val Metric: 0.9081
Epoch 46/50 - Train Loss: 0.2828 - Train Metric: 0.9253
Epoch 46/50 - Val Metric: 0.9078
Epoch 47/50 - Train Loss: 0.2828 - Train Metric: 0.9254
Epoch 47/50 - Val Metric: 0.9078
Epoch 48/50 - Train Loss: 0.2827 - Train Metric: 0.9254
Epoch 48/50 - Val Metric: 0.9078
Epoch 49/50 - Train Loss: 0.2823 - Train Metric: 0.9257
Epoch 49/50 - Val Metric: 0.9080
Epoch 50/50 - Train Loss: 0.2824 - Train Metric: 0.9256
Epoch 50/50 - Val Metric: 0.9076
Best val: 0.9092, Best test: 0.9137
Training set has 39073 instances
Validation set has 4884 instances
Test set has 4885 instances
Epoch 1/50 - Train Loss: 0.3941 - Train Metric: 0.8486
Epoch 1/50 - Val Metric: 0.8834
Epoch 2/50 - Train Loss: 0.3602 - Train Metric: 0.8779
Epoch 2/50 - Val Metric: 0.8855
Epoch 3/50 - Train Loss: 0.3484 - Train Metric: 0.8864
Epoch 3/50 - Val Metric: 0.8970
Epoch 4/50 - Train Loss: 0.3300 - Train Metric: 0.8985
Epoch 4/50 - Val Metric: 0.9061
Epoch 5/50 - Train Loss: 0.3208 - Train Metric: 0.9038
Epoch 5/50 - Val Metric: 0.9071
Epoch 6/50 - Train Loss: 0.3213 - Train Metric: 0.9033
Epoch 6/50 - Val Metric: 0.9083
Epoch 7/50 - Train Loss: 0.3154 - Train Metric: 0.9069
Epoch 7/50 - Val Metric: 0.9083
Epoch 8/50 - Train Loss: 0.3130 - Train Metric: 0.9080
Epoch 8/50 - Val Metric: 0.9103
Epoch 9/50 - Train Loss: 0.3122 - Train Metric: 0.9084
Epoch 9/50 - Val Metric: 0.9098
Epoch 10/50 - Train Loss: 0.3107 - Train Metric: 0.9094
Epoch 10/50 - Val Metric: 0.9100
Epoch 11/50 - Train Loss: 0.3116 - Train Metric: 0.9091
Epoch 11/50 - Val Metric: 0.9057
Epoch 12/50 - Train Loss: 0.3085 - Train Metric: 0.9106
Epoch 12/50 - Val Metric: 0.9106
Epoch 13/50 - Train Loss: 0.3094 - Train Metric: 0.9107
Epoch 13/50 - Val Metric: 0.9100
Epoch 14/50 - Train Loss: 0.3053 - Train Metric: 0.9128
Epoch 14/50 - Val Metric: 0.9116
Epoch 15/50 - Train Loss: 0.3047 - Train Metric: 0.9130
Epoch 15/50 - Val Metric: 0.9122
Epoch 16/50 - Train Loss: 0.3045 - Train Metric: 0.9134
Epoch 16/50 - Val Metric: 0.9116
Epoch 17/50 - Train Loss: 0.3038 - Train Metric: 0.9137
Epoch 17/50 - Val Metric: 0.9111
Epoch 18/50 - Train Loss: 0.3020 - Train Metric: 0.9147
Epoch 18/50 - Val Metric: 0.9143
Epoch 19/50 - Train Loss: 0.3015 - Train Metric: 0.9154
Epoch 19/50 - Val Metric: 0.9128
Epoch 20/50 - Train Loss: 0.3000 - Train Metric: 0.9160
Epoch 20/50 - Val Metric: 0.9148
Epoch 21/50 - Train Loss: 0.2991 - Train Metric: 0.9164
Epoch 21/50 - Val Metric: 0.9127
Epoch 22/50 - Train Loss: 0.2985 - Train Metric: 0.9169
Epoch 22/50 - Val Metric: 0.9142
Epoch 23/50 - Train Loss: 0.2974 - Train Metric: 0.9173
Epoch 23/50 - Val Metric: 0.9135
Epoch 24/50 - Train Loss: 0.2980 - Train Metric: 0.9171
Epoch 24/50 - Val Metric: 0.9109
Epoch 25/50 - Train Loss: 0.2969 - Train Metric: 0.9177
Epoch 25/50 - Val Metric: 0.9125
Epoch 26/50 - Train Loss: 0.2953 - Train Metric: 0.9187
Epoch 26/50 - Val Metric: 0.9135
Epoch 27/50 - Train Loss: 0.2958 - Train Metric: 0.9183
Epoch 27/50 - Val Metric: 0.9150
Epoch 28/50 - Train Loss: 0.2943 - Train Metric: 0.9191
Epoch 28/50 - Val Metric: 0.9149
Epoch 29/50 - Train Loss: 0.2932 - Train Metric: 0.9197
Epoch 29/50 - Val Metric: 0.9134
Epoch 30/50 - Train Loss: 0.2949 - Train Metric: 0.9187
Epoch 30/50 - Val Metric: 0.9160
Epoch 31/50 - Train Loss: 0.2925 - Train Metric: 0.9203
Epoch 31/50 - Val Metric: 0.9138
Epoch 32/50 - Train Loss: 0.2955 - Train Metric: 0.9185
Epoch 32/50 - Val Metric: 0.9154
Epoch 33/50 - Train Loss: 0.2927 - Train Metric: 0.9199
Epoch 33/50 - Val Metric: 0.9149
Epoch 34/50 - Train Loss: 0.2909 - Train Metric: 0.9210
Epoch 34/50 - Val Metric: 0.9140
Epoch 35/50 - Train Loss: 0.2915 - Train Metric: 0.9209
Epoch 35/50 - Val Metric: 0.9141
Epoch 36/50 - Train Loss: 0.2910 - Train Metric: 0.9209
Epoch 36/50 - Val Metric: 0.9146
Epoch 37/50 - Train Loss: 0.2905 - Train Metric: 0.9215
Epoch 37/50 - Val Metric: 0.9138
Epoch 38/50 - Train Loss: 0.2901 - Train Metric: 0.9213
Epoch 38/50 - Val Metric: 0.9154
Epoch 39/50 - Train Loss: 0.2886 - Train Metric: 0.9222
Epoch 39/50 - Val Metric: 0.9142
Epoch 40/50 - Train Loss: 0.2883 - Train Metric: 0.9221
Epoch 40/50 - Val Metric: 0.9153
Epoch 41/50 - Train Loss: 0.2897 - Train Metric: 0.9216
Epoch 41/50 - Val Metric: 0.9143
Epoch 42/50 - Train Loss: 0.2876 - Train Metric: 0.9228
Epoch 42/50 - Val Metric: 0.9153
Epoch 43/50 - Train Loss: 0.2893 - Train Metric: 0.9220
Epoch 43/50 - Val Metric: 0.9151
Epoch 44/50 - Train Loss: 0.2876 - Train Metric: 0.9227
Epoch 44/50 - Val Metric: 0.9152
Epoch 45/50 - Train Loss: 0.2873 - Train Metric: 0.9229
Epoch 45/50 - Val Metric: 0.9152
Epoch 46/50 - Train Loss: 0.2869 - Train Metric: 0.9232
Epoch 46/50 - Val Metric: 0.9152
Epoch 47/50 - Train Loss: 0.2877 - Train Metric: 0.9227
Epoch 47/50 - Val Metric: 0.9134
Epoch 48/50 - Train Loss: 0.2870 - Train Metric: 0.9230
Epoch 48/50 - Val Metric: 0.9163
Epoch 49/50 - Train Loss: 0.2864 - Train Metric: 0.9233
Epoch 49/50 - Val Metric: 0.9148
Epoch 50/50 - Train Loss: 0.2860 - Train Metric: 0.9237
Epoch 50/50 - Val Metric: 0.9148
Best val: 0.9163, Best test: 0.9119
Training set has 39073 instances
Validation set has 4884 instances
Test set has 4885 instances
Training set has 39073 instances
Validation set has 4884 instances
Test set has 4885 instances
Epoch 1/50 - Train Loss: 0.3907 - Train Metric: 0.8516
Epoch 1/50 - Val Metric: 0.8903
Epoch 2/50 - Train Loss: 0.3455 - Train Metric: 0.8879
Epoch 2/50 - Val Metric: 0.9063
Epoch 3/50 - Train Loss: 0.3291 - Train Metric: 0.8986
Epoch 3/50 - Val Metric: 0.9103
Epoch 4/50 - Train Loss: 0.3233 - Train Metric: 0.9021
Epoch 4/50 - Val Metric: 0.9120
Epoch 5/50 - Train Loss: 0.3192 - Train Metric: 0.9045
Epoch 5/50 - Val Metric: 0.9120
Epoch 6/50 - Train Loss: 0.3183 - Train Metric: 0.9051
Epoch 6/50 - Val Metric: 0.9143
Epoch 7/50 - Train Loss: 0.3158 - Train Metric: 0.9062
Epoch 7/50 - Val Metric: 0.9148
Epoch 8/50 - Train Loss: 0.3150 - Train Metric: 0.9070
Epoch 8/50 - Val Metric: 0.9156
Epoch 9/50 - Train Loss: 0.3134 - Train Metric: 0.9077
Epoch 9/50 - Val Metric: 0.9145
Epoch 10/50 - Train Loss: 0.3104 - Train Metric: 0.9096
Epoch 10/50 - Val Metric: 0.9153
Epoch 11/50 - Train Loss: 0.3096 - Train Metric: 0.9095
Epoch 11/50 - Val Metric: 0.9169
Epoch 12/50 - Train Loss: 0.3080 - Train Metric: 0.9109
Epoch 12/50 - Val Metric: 0.9171
Epoch 13/50 - Train Loss: 0.3080 - Train Metric: 0.9108
Epoch 13/50 - Val Metric: 0.9171
Epoch 14/50 - Train Loss: 0.3061 - Train Metric: 0.9118
Epoch 14/50 - Val Metric: 0.9178
Epoch 15/50 - Train Loss: 0.3069 - Train Metric: 0.9118
Epoch 15/50 - Val Metric: 0.9175
Epoch 16/50 - Train Loss: 0.3058 - Train Metric: 0.9122
Epoch 16/50 - Val Metric: 0.9177
Epoch 17/50 - Train Loss: 0.3048 - Train Metric: 0.9128
Epoch 17/50 - Val Metric: 0.9186
Epoch 18/50 - Train Loss: 0.3028 - Train Metric: 0.9140
Epoch 18/50 - Val Metric: 0.9184
Epoch 19/50 - Train Loss: 0.3045 - Train Metric: 0.9130
Epoch 19/50 - Val Metric: 0.9167
Epoch 20/50 - Train Loss: 0.3033 - Train Metric: 0.9140
Epoch 20/50 - Val Metric: 0.9194
Epoch 21/50 - Train Loss: 0.3032 - Train Metric: 0.9139
Epoch 21/50 - Val Metric: 0.9193
Epoch 22/50 - Train Loss: 0.3019 - Train Metric: 0.9146
Epoch 22/50 - Val Metric: 0.9199
Epoch 23/50 - Train Loss: 0.3014 - Train Metric: 0.9150
Epoch 23/50 - Val Metric: 0.9195
Epoch 24/50 - Train Loss: 0.3014 - Train Metric: 0.9150
Epoch 24/50 - Val Metric: 0.9194
Epoch 25/50 - Train Loss: 0.3007 - Train Metric: 0.9153
Epoch 25/50 - Val Metric: 0.9196
Epoch 26/50 - Train Loss: 0.3002 - Train Metric: 0.9158
Epoch 26/50 - Val Metric: 0.9191
Epoch 27/50 - Train Loss: 0.3001 - Train Metric: 0.9156
Epoch 27/50 - Val Metric: 0.9192
Epoch 28/50 - Train Loss: 0.3008 - Train Metric: 0.9152
Epoch 28/50 - Val Metric: 0.9198
Epoch 29/50 - Train Loss: 0.2991 - Train Metric: 0.9161
Epoch 29/50 - Val Metric: 0.9195
Epoch 30/50 - Train Loss: 0.2988 - Train Metric: 0.9164
Epoch 30/50 - Val Metric: 0.9197
Epoch 31/50 - Train Loss: 0.2990 - Train Metric: 0.9166
Epoch 31/50 - Val Metric: 0.9198
Epoch 32/50 - Train Loss: 0.2999 - Train Metric: 0.9160
Epoch 32/50 - Val Metric: 0.9198
Epoch 33/50 - Train Loss: 0.2993 - Train Metric: 0.9160
Epoch 33/50 - Val Metric: 0.9199
Epoch 34/50 - Train Loss: 0.2985 - Train Metric: 0.9164
Epoch 34/50 - Val Metric: 0.9197
Epoch 35/50 - Train Loss: 0.2989 - Train Metric: 0.9163
Epoch 35/50 - Val Metric: 0.9196
Epoch 36/50 - Train Loss: 0.2991 - Train Metric: 0.9162
Epoch 36/50 - Val Metric: 0.9197
Epoch 37/50 - Train Loss: 0.2989 - Train Metric: 0.9166
Epoch 37/50 - Val Metric: 0.9195
Epoch 38/50 - Train Loss: 0.2987 - Train Metric: 0.9164
Epoch 38/50 - Val Metric: 0.9201
Epoch 39/50 - Train Loss: 0.2992 - Train Metric: 0.9162
Epoch 39/50 - Val Metric: 0.9199
Epoch 40/50 - Train Loss: 0.2985 - Train Metric: 0.9166
Epoch 40/50 - Val Metric: 0.9197
Epoch 41/50 - Train Loss: 0.2982 - Train Metric: 0.9165
Epoch 41/50 - Val Metric: 0.9197
Epoch 42/50 - Train Loss: 0.2988 - Train Metric: 0.9163
Epoch 42/50 - Val Metric: 0.9197
Epoch 43/50 - Train Loss: 0.2975 - Train Metric: 0.9171
Epoch 43/50 - Val Metric: 0.9197
Epoch 44/50 - Train Loss: 0.2980 - Train Metric: 0.9168
Epoch 44/50 - Val Metric: 0.9197
Epoch 45/50 - Train Loss: 0.2981 - Train Metric: 0.9167
Epoch 45/50 - Val Metric: 0.9197
Epoch 46/50 - Train Loss: 0.2978 - Train Metric: 0.9170
Epoch 46/50 - Val Metric: 0.9198
Epoch 47/50 - Train Loss: 0.2979 - Train Metric: 0.9168
Epoch 47/50 - Val Metric: 0.9197
Epoch 48/50 - Train Loss: 0.2976 - Train Metric: 0.9171
Epoch 48/50 - Val Metric: 0.9199
Epoch 49/50 - Train Loss: 0.2975 - Train Metric: 0.9173
Epoch 49/50 - Val Metric: 0.9197
Epoch 50/50 - Train Loss: 0.2982 - Train Metric: 0.9166
Epoch 50/50 - Val Metric: 0.9199
Best val: 0.9201, Best test: 0.9117
Training set has 39073 instances
Validation set has 4884 instances
Test set has 4885 instances
Training set has 39073 instances
Validation set has 4884 instances
Test set has 4885 instances
Training set has 39073 instances
Validation set has 4884 instances
Test set has 4885 instances
Training set has 39073 instances
Validation set has 4884 instances
Test set has 4885 instances
Epoch 1/50 - Train Loss: 0.4083 - Train Metric: 0.8313
Epoch 1/50 - Val Metric: 0.8985
Epoch 2/50 - Train Loss: 0.3314 - Train Metric: 0.8982
Epoch 2/50 - Val Metric: 0.9101
Epoch 3/50 - Train Loss: 0.3227 - Train Metric: 0.9038
Epoch 3/50 - Val Metric: 0.9114
Epoch 4/50 - Train Loss: 0.3180 - Train Metric: 0.9065
Epoch 4/50 - Val Metric: 0.9128
Epoch 5/50 - Train Loss: 0.3133 - Train Metric: 0.9094
Epoch 5/50 - Val Metric: 0.9141
Epoch 6/50 - Train Loss: 0.3129 - Train Metric: 0.9095
Epoch 6/50 - Val Metric: 0.9143
Epoch 7/50 - Train Loss: 0.3120 - Train Metric: 0.9100
Epoch 7/50 - Val Metric: 0.9139
Epoch 8/50 - Train Loss: 0.3099 - Train Metric: 0.9109
Epoch 8/50 - Val Metric: 0.9152
Epoch 9/50 - Train Loss: 0.3087 - Train Metric: 0.9115
Epoch 9/50 - Val Metric: 0.9153
Epoch 10/50 - Train Loss: 0.3093 - Train Metric: 0.9113
Epoch 10/50 - Val Metric: 0.9151
Epoch 11/50 - Train Loss: 0.3075 - Train Metric: 0.9120
Epoch 11/50 - Val Metric: 0.9151
Epoch 12/50 - Train Loss: 0.3060 - Train Metric: 0.9130
Epoch 12/50 - Val Metric: 0.9157
Epoch 13/50 - Train Loss: 0.3058 - Train Metric: 0.9130
Epoch 13/50 - Val Metric: 0.9154
Epoch 14/50 - Train Loss: 0.3060 - Train Metric: 0.9132
Epoch 14/50 - Val Metric: 0.9159
Epoch 15/50 - Train Loss: 0.3045 - Train Metric: 0.9138
Epoch 15/50 - Val Metric: 0.9152
Epoch 16/50 - Train Loss: 0.3037 - Train Metric: 0.9143
Epoch 16/50 - Val Metric: 0.9160
Epoch 17/50 - Train Loss: 0.3037 - Train Metric: 0.9143
Epoch 17/50 - Val Metric: 0.9160
Epoch 18/50 - Train Loss: 0.3031 - Train Metric: 0.9147
Epoch 18/50 - Val Metric: 0.9161
Epoch 19/50 - Train Loss: 0.3032 - Train Metric: 0.9145
Epoch 19/50 - Val Metric: 0.9155
Epoch 20/50 - Train Loss: 0.3030 - Train Metric: 0.9146
Epoch 20/50 - Val Metric: 0.9163
Epoch 21/50 - Train Loss: 0.3019 - Train Metric: 0.9152
Epoch 21/50 - Val Metric: 0.9160
Epoch 22/50 - Train Loss: 0.3011 - Train Metric: 0.9157
Epoch 22/50 - Val Metric: 0.9162
Epoch 23/50 - Train Loss: 0.3023 - Train Metric: 0.9149
Epoch 23/50 - Val Metric: 0.9164
Epoch 24/50 - Train Loss: 0.3010 - Train Metric: 0.9157
Epoch 24/50 - Val Metric: 0.9162
Epoch 25/50 - Train Loss: 0.3016 - Train Metric: 0.9153
Epoch 25/50 - Val Metric: 0.9164
Epoch 26/50 - Train Loss: 0.3018 - Train Metric: 0.9152
Epoch 26/50 - Val Metric: 0.9165
Epoch 27/50 - Train Loss: 0.3013 - Train Metric: 0.9156
Epoch 27/50 - Val Metric: 0.9164
Epoch 28/50 - Train Loss: 0.3013 - Train Metric: 0.9154
Epoch 28/50 - Val Metric: 0.9166
Epoch 29/50 - Train Loss: 0.3006 - Train Metric: 0.9161
Epoch 29/50 - Val Metric: 0.9165
Epoch 30/50 - Train Loss: 0.3016 - Train Metric: 0.9152
Epoch 30/50 - Val Metric: 0.9165
Epoch 31/50 - Train Loss: 0.3003 - Train Metric: 0.9160
Epoch 31/50 - Val Metric: 0.9165
Epoch 32/50 - Train Loss: 0.3001 - Train Metric: 0.9162
Epoch 32/50 - Val Metric: 0.9165
Epoch 33/50 - Train Loss: 0.3009 - Train Metric: 0.9158
Epoch 33/50 - Val Metric: 0.9165
Epoch 34/50 - Train Loss: 0.3006 - Train Metric: 0.9160
Epoch 34/50 - Val Metric: 0.9164
Epoch 35/50 - Train Loss: 0.2994 - Train Metric: 0.9168
Epoch 35/50 - Val Metric: 0.9165
Epoch 36/50 - Train Loss: 0.3003 - Train Metric: 0.9160
Epoch 36/50 - Val Metric: 0.9166
Epoch 37/50 - Train Loss: 0.2998 - Train Metric: 0.9164
Epoch 37/50 - Val Metric: 0.9166
Epoch 38/50 - Train Loss: 0.2999 - Train Metric: 0.9163
Epoch 38/50 - Val Metric: 0.9164
Epoch 39/50 - Train Loss: 0.3003 - Train Metric: 0.9159
Epoch 39/50 - Val Metric: 0.9164
Epoch 40/50 - Train Loss: 0.2997 - Train Metric: 0.9165
Epoch 40/50 - Val Metric: 0.9165
Epoch 41/50 - Train Loss: 0.2997 - Train Metric: 0.9165
Epoch 41/50 - Val Metric: 0.9166
Epoch 42/50 - Train Loss: 0.3004 - Train Metric: 0.9160
Epoch 42/50 - Val Metric: 0.9165
Epoch 43/50 - Train Loss: 0.2996 - Train Metric: 0.9165
Epoch 43/50 - Val Metric: 0.9165
Epoch 44/50 - Train Loss: 0.2993 - Train Metric: 0.9166
Epoch 44/50 - Val Metric: 0.9165
Epoch 45/50 - Train Loss: 0.2992 - Train Metric: 0.9168
Epoch 45/50 - Val Metric: 0.9164
Epoch 46/50 - Train Loss: 0.2998 - Train Metric: 0.9163
Epoch 46/50 - Val Metric: 0.9164
Epoch 47/50 - Train Loss: 0.3001 - Train Metric: 0.9160
Epoch 47/50 - Val Metric: 0.9164
Epoch 48/50 - Train Loss: 0.2996 - Train Metric: 0.9166
Epoch 48/50 - Val Metric: 0.9164
Epoch 49/50 - Train Loss: 0.3002 - Train Metric: 0.9161
Epoch 49/50 - Val Metric: 0.9164
Epoch 50/50 - Train Loss: 0.2997 - Train Metric: 0.9166
Epoch 50/50 - Val Metric: 0.9164
Best val: 0.9166, Best test: 0.9154
Training set has 39073 instances
Validation set has 4884 instances
Test set has 4885 instances
Epoch 1/50 - Train Loss: 0.4293 - Train Metric: 0.8095
Epoch 1/50 - Val Metric: 0.9013
Epoch 2/50 - Train Loss: 0.3359 - Train Metric: 0.8944
Epoch 2/50 - Val Metric: 0.9090
Epoch 3/50 - Train Loss: 0.3251 - Train Metric: 0.9018
Epoch 3/50 - Val Metric: 0.9131
Epoch 4/50 - Train Loss: 0.3194 - Train Metric: 0.9053
Epoch 4/50 - Val Metric: 0.9143
Epoch 5/50 - Train Loss: 0.3184 - Train Metric: 0.9058
Epoch 5/50 - Val Metric: 0.9151
Epoch 6/50 - Train Loss: 0.3163 - Train Metric: 0.9070
Epoch 6/50 - Val Metric: 0.9146
Epoch 7/50 - Train Loss: 0.3136 - Train Metric: 0.9084
Epoch 7/50 - Val Metric: 0.9158
Epoch 8/50 - Train Loss: 0.3117 - Train Metric: 0.9095
Epoch 8/50 - Val Metric: 0.9161
Epoch 9/50 - Train Loss: 0.3110 - Train Metric: 0.9102
Epoch 9/50 - Val Metric: 0.9169
Epoch 10/50 - Train Loss: 0.3090 - Train Metric: 0.9109
Epoch 10/50 - Val Metric: 0.9166
Epoch 11/50 - Train Loss: 0.3101 - Train Metric: 0.9106
Epoch 11/50 - Val Metric: 0.9161
Epoch 12/50 - Train Loss: 0.3096 - Train Metric: 0.9107
Epoch 12/50 - Val Metric: 0.9166
Epoch 13/50 - Train Loss: 0.3090 - Train Metric: 0.9111
Epoch 13/50 - Val Metric: 0.9172
Epoch 14/50 - Train Loss: 0.3059 - Train Metric: 0.9130
Epoch 14/50 - Val Metric: 0.9182
Epoch 15/50 - Train Loss: 0.3071 - Train Metric: 0.9120
Epoch 15/50 - Val Metric: 0.9179
Epoch 16/50 - Train Loss: 0.3051 - Train Metric: 0.9132
Epoch 16/50 - Val Metric: 0.9185
Epoch 17/50 - Train Loss: 0.3045 - Train Metric: 0.9136
Epoch 17/50 - Val Metric: 0.9182
Epoch 18/50 - Train Loss: 0.3049 - Train Metric: 0.9132
Epoch 18/50 - Val Metric: 0.9180
Epoch 19/50 - Train Loss: 0.3031 - Train Metric: 0.9145
Epoch 19/50 - Val Metric: 0.9181
Epoch 20/50 - Train Loss: 0.3039 - Train Metric: 0.9139
Epoch 20/50 - Val Metric: 0.9184
Epoch 21/50 - Train Loss: 0.3036 - Train Metric: 0.9141
Epoch 21/50 - Val Metric: 0.9185
Epoch 22/50 - Train Loss: 0.3044 - Train Metric: 0.9137
Epoch 22/50 - Val Metric: 0.9183
Epoch 23/50 - Train Loss: 0.3036 - Train Metric: 0.9139
Epoch 23/50 - Val Metric: 0.9186
Epoch 24/50 - Train Loss: 0.3038 - Train Metric: 0.9140
Epoch 24/50 - Val Metric: 0.9179
Epoch 25/50 - Train Loss: 0.3031 - Train Metric: 0.9144
Epoch 25/50 - Val Metric: 0.9183
Epoch 26/50 - Train Loss: 0.3032 - Train Metric: 0.9142
Epoch 26/50 - Val Metric: 0.9183
Epoch 27/50 - Train Loss: 0.3030 - Train Metric: 0.9143
Epoch 27/50 - Val Metric: 0.9182
Epoch 28/50 - Train Loss: 0.3027 - Train Metric: 0.9144
Epoch 28/50 - Val Metric: 0.9185
Epoch 29/50 - Train Loss: 0.3026 - Train Metric: 0.9144
Epoch 29/50 - Val Metric: 0.9186
Epoch 30/50 - Train Loss: 0.3026 - Train Metric: 0.9146
Epoch 30/50 - Val Metric: 0.9185
Epoch 31/50 - Train Loss: 0.3016 - Train Metric: 0.9152
Epoch 31/50 - Val Metric: 0.9181
Epoch 32/50 - Train Loss: 0.3011 - Train Metric: 0.9154
Epoch 32/50 - Val Metric: 0.9183
Epoch 33/50 - Train Loss: 0.3016 - Train Metric: 0.9151
Epoch 33/50 - Val Metric: 0.9184
Epoch 34/50 - Train Loss: 0.3013 - Train Metric: 0.9153
Epoch 34/50 - Val Metric: 0.9185
Epoch 35/50 - Train Loss: 0.3013 - Train Metric: 0.9152
Epoch 35/50 - Val Metric: 0.9184
Epoch 36/50 - Train Loss: 0.3010 - Train Metric: 0.9155
Epoch 36/50 - Val Metric: 0.9185
Epoch 37/50 - Train Loss: 0.3012 - Train Metric: 0.9152
Epoch 37/50 - Val Metric: 0.9188
Epoch 38/50 - Train Loss: 0.3013 - Train Metric: 0.9152
Epoch 38/50 - Val Metric: 0.9187
Epoch 39/50 - Train Loss: 0.3016 - Train Metric: 0.9152
Epoch 39/50 - Val Metric: 0.9186
Epoch 40/50 - Train Loss: 0.3010 - Train Metric: 0.9153
Epoch 40/50 - Val Metric: 0.9189
Epoch 41/50 - Train Loss: 0.3015 - Train Metric: 0.9151
Epoch 41/50 - Val Metric: 0.9188
Epoch 42/50 - Train Loss: 0.3011 - Train Metric: 0.9153
Epoch 42/50 - Val Metric: 0.9188
Epoch 43/50 - Train Loss: 0.3005 - Train Metric: 0.9156
Epoch 43/50 - Val Metric: 0.9188
Epoch 44/50 - Train Loss: 0.3002 - Train Metric: 0.9158
Epoch 44/50 - Val Metric: 0.9186
Epoch 45/50 - Train Loss: 0.3010 - Train Metric: 0.9154
Epoch 45/50 - Val Metric: 0.9188
Epoch 46/50 - Train Loss: 0.3013 - Train Metric: 0.9152
Epoch 46/50 - Val Metric: 0.9188
Epoch 47/50 - Train Loss: 0.3008 - Train Metric: 0.9156
Epoch 47/50 - Val Metric: 0.9187
Epoch 48/50 - Train Loss: 0.3006 - Train Metric: 0.9157
Epoch 48/50 - Val Metric: 0.9188
Epoch 49/50 - Train Loss: 0.3005 - Train Metric: 0.9157
Epoch 49/50 - Val Metric: 0.9189
Epoch 50/50 - Train Loss: 0.3004 - Train Metric: 0.9158
Epoch 50/50 - Val Metric: 0.9189
Best val: 0.9189, Best test: 0.9135
Training set has 39073 instances
Validation set has 4884 instances
Test set has 4885 instances
Epoch 1/50 - Train Loss: 0.4020 - Train Metric: 0.8401
Epoch 1/50 - Val Metric: 0.8926
Epoch 2/50 - Train Loss: 0.3368 - Train Metric: 0.8936
Epoch 2/50 - Val Metric: 0.9026
Epoch 3/50 - Train Loss: 0.3265 - Train Metric: 0.9005
Epoch 3/50 - Val Metric: 0.9086
Epoch 4/50 - Train Loss: 0.3210 - Train Metric: 0.9038
Epoch 4/50 - Val Metric: 0.9091
Epoch 5/50 - Train Loss: 0.3161 - Train Metric: 0.9071
Epoch 5/50 - Val Metric: 0.9117
Epoch 6/50 - Train Loss: 0.3143 - Train Metric: 0.9081
Epoch 6/50 - Val Metric: 0.9124
Epoch 7/50 - Train Loss: 0.3127 - Train Metric: 0.9089
Epoch 7/50 - Val Metric: 0.9129
Epoch 8/50 - Train Loss: 0.3126 - Train Metric: 0.9091
Epoch 8/50 - Val Metric: 0.9137
Epoch 9/50 - Train Loss: 0.3102 - Train Metric: 0.9103
Epoch 9/50 - Val Metric: 0.9144
Epoch 10/50 - Train Loss: 0.3090 - Train Metric: 0.9109
Epoch 10/50 - Val Metric: 0.9143
Epoch 11/50 - Train Loss: 0.3090 - Train Metric: 0.9110
Epoch 11/50 - Val Metric: 0.9146
Epoch 12/50 - Train Loss: 0.3076 - Train Metric: 0.9117
Epoch 12/50 - Val Metric: 0.9151
Epoch 13/50 - Train Loss: 0.3068 - Train Metric: 0.9122
Epoch 13/50 - Val Metric: 0.9149
Epoch 14/50 - Train Loss: 0.3063 - Train Metric: 0.9126
Epoch 14/50 - Val Metric: 0.9153
Epoch 15/50 - Train Loss: 0.3050 - Train Metric: 0.9133
Epoch 15/50 - Val Metric: 0.9148
Epoch 16/50 - Train Loss: 0.3044 - Train Metric: 0.9135
Epoch 16/50 - Val Metric: 0.9151
Epoch 17/50 - Train Loss: 0.3040 - Train Metric: 0.9136
Epoch 17/50 - Val Metric: 0.9156
Epoch 18/50 - Train Loss: 0.3029 - Train Metric: 0.9143
Epoch 18/50 - Val Metric: 0.9163
Epoch 19/50 - Train Loss: 0.3025 - Train Metric: 0.9148
Epoch 19/50 - Val Metric: 0.9155
Epoch 20/50 - Train Loss: 0.3030 - Train Metric: 0.9144
Epoch 20/50 - Val Metric: 0.9159
Epoch 21/50 - Train Loss: 0.3029 - Train Metric: 0.9143
Epoch 21/50 - Val Metric: 0.9159
Epoch 22/50 - Train Loss: 0.3025 - Train Metric: 0.9145
Epoch 22/50 - Val Metric: 0.9162
Epoch 23/50 - Train Loss: 0.3021 - Train Metric: 0.9148
Epoch 23/50 - Val Metric: 0.9159
Epoch 24/50 - Train Loss: 0.3015 - Train Metric: 0.9151
Epoch 24/50 - Val Metric: 0.9161
Epoch 25/50 - Train Loss: 0.3019 - Train Metric: 0.9150
Epoch 25/50 - Val Metric: 0.9158
Epoch 26/50 - Train Loss: 0.3011 - Train Metric: 0.9153
Epoch 26/50 - Val Metric: 0.9164
Epoch 27/50 - Train Loss: 0.3007 - Train Metric: 0.9155
Epoch 27/50 - Val Metric: 0.9159
Epoch 28/50 - Train Loss: 0.3015 - Train Metric: 0.9149
Epoch 28/50 - Val Metric: 0.9163
Epoch 29/50 - Train Loss: 0.3005 - Train Metric: 0.9156
Epoch 29/50 - Val Metric: 0.9161
Epoch 30/50 - Train Loss: 0.3014 - Train Metric: 0.9153
Epoch 30/50 - Val Metric: 0.9159
Epoch 31/50 - Train Loss: 0.3006 - Train Metric: 0.9156
Epoch 31/50 - Val Metric: 0.9158
Epoch 32/50 - Train Loss: 0.3009 - Train Metric: 0.9154
Epoch 32/50 - Val Metric: 0.9160
Epoch 33/50 - Train Loss: 0.3005 - Train Metric: 0.9156
Epoch 33/50 - Val Metric: 0.9161
Epoch 34/50 - Train Loss: 0.3012 - Train Metric: 0.9153
Epoch 34/50 - Val Metric: 0.9162
Epoch 35/50 - Train Loss: 0.2999 - Train Metric: 0.9159
Epoch 35/50 - Val Metric: 0.9161
Epoch 36/50 - Train Loss: 0.3001 - Train Metric: 0.9159
Epoch 36/50 - Val Metric: 0.9162
Epoch 37/50 - Train Loss: 0.3000 - Train Metric: 0.9160
Epoch 37/50 - Val Metric: 0.9161
Epoch 38/50 - Train Loss: 0.3000 - Train Metric: 0.9160
Epoch 38/50 - Val Metric: 0.9164
Epoch 39/50 - Train Loss: 0.2991 - Train Metric: 0.9164
Epoch 39/50 - Val Metric: 0.9163
Epoch 40/50 - Train Loss: 0.2996 - Train Metric: 0.9164
Epoch 40/50 - Val Metric: 0.9163
Epoch 41/50 - Train Loss: 0.3001 - Train Metric: 0.9159
Epoch 41/50 - Val Metric: 0.9163
Epoch 42/50 - Train Loss: 0.2999 - Train Metric: 0.9162
Epoch 42/50 - Val Metric: 0.9164
Epoch 43/50 - Train Loss: 0.3000 - Train Metric: 0.9159
Epoch 43/50 - Val Metric: 0.9166
Epoch 44/50 - Train Loss: 0.2994 - Train Metric: 0.9164
Epoch 44/50 - Val Metric: 0.9164
Epoch 45/50 - Train Loss: 0.3005 - Train Metric: 0.9158
Epoch 45/50 - Val Metric: 0.9165
Epoch 46/50 - Train Loss: 0.3002 - Train Metric: 0.9158
Epoch 46/50 - Val Metric: 0.9165
Epoch 47/50 - Train Loss: 0.2999 - Train Metric: 0.9160
Epoch 47/50 - Val Metric: 0.9163
Epoch 48/50 - Train Loss: 0.2993 - Train Metric: 0.9163
Epoch 48/50 - Val Metric: 0.9164
Epoch 49/50 - Train Loss: 0.2996 - Train Metric: 0.9160
Epoch 49/50 - Val Metric: 0.9165
Epoch 50/50 - Train Loss: 0.2994 - Train Metric: 0.9165
Epoch 50/50 - Val Metric: 0.9165
Best val: 0.9166, Best test: 0.9184
Training set has 39073 instances
Validation set has 4884 instances
Test set has 4885 instances
Training set has 39073 instances
Validation set has 4884 instances
Test set has 4885 instances
Training set has 39073 instances
Validation set has 4884 instances
Test set has 4885 instances
Training set has 39073 instances
Validation set has 4884 instances
Test set has 4885 instances
Training set has 39073 instances
Validation set has 4884 instances
Test set has 4885 instances
Epoch 1/50 - Train Loss: 0.4302 - Train Metric: 0.8048
Epoch 1/50 - Val Metric: 0.9077
Epoch 2/50 - Train Loss: 0.3370 - Train Metric: 0.8942
Epoch 2/50 - Val Metric: 0.9171
Epoch 3/50 - Train Loss: 0.3245 - Train Metric: 0.9027
Epoch 3/50 - Val Metric: 0.9187
Epoch 4/50 - Train Loss: 0.3201 - Train Metric: 0.9047
Epoch 4/50 - Val Metric: 0.9206
Epoch 5/50 - Train Loss: 0.3162 - Train Metric: 0.9071
Epoch 5/50 - Val Metric: 0.9204
Epoch 6/50 - Train Loss: 0.3138 - Train Metric: 0.9084
Epoch 6/50 - Val Metric: 0.9220
Epoch 7/50 - Train Loss: 0.3128 - Train Metric: 0.9094
Epoch 7/50 - Val Metric: 0.9201
Epoch 8/50 - Train Loss: 0.3135 - Train Metric: 0.9088
Epoch 8/50 - Val Metric: 0.9223
Epoch 9/50 - Train Loss: 0.3090 - Train Metric: 0.9113
Epoch 9/50 - Val Metric: 0.9212
Epoch 10/50 - Train Loss: 0.3090 - Train Metric: 0.9114
Epoch 10/50 - Val Metric: 0.9222
Epoch 11/50 - Train Loss: 0.3069 - Train Metric: 0.9127
Epoch 11/50 - Val Metric: 0.9234
Epoch 12/50 - Train Loss: 0.3053 - Train Metric: 0.9133
Epoch 12/50 - Val Metric: 0.9234
Epoch 13/50 - Train Loss: 0.3055 - Train Metric: 0.9135
Epoch 13/50 - Val Metric: 0.9234
Epoch 14/50 - Train Loss: 0.3048 - Train Metric: 0.9137
Epoch 14/50 - Val Metric: 0.9235
Epoch 15/50 - Train Loss: 0.3030 - Train Metric: 0.9147
Epoch 15/50 - Val Metric: 0.9236
Epoch 16/50 - Train Loss: 0.3030 - Train Metric: 0.9147
Epoch 16/50 - Val Metric: 0.9239
Epoch 17/50 - Train Loss: 0.3031 - Train Metric: 0.9147
Epoch 17/50 - Val Metric: 0.9236
Epoch 18/50 - Train Loss: 0.3019 - Train Metric: 0.9154
Epoch 18/50 - Val Metric: 0.9238
Epoch 19/50 - Train Loss: 0.3017 - Train Metric: 0.9154
Epoch 19/50 - Val Metric: 0.9235
Epoch 20/50 - Train Loss: 0.3012 - Train Metric: 0.9158
Epoch 20/50 - Val Metric: 0.9241
Epoch 21/50 - Train Loss: 0.3006 - Train Metric: 0.9162
Epoch 21/50 - Val Metric: 0.9238
Epoch 22/50 - Train Loss: 0.2997 - Train Metric: 0.9166
Epoch 22/50 - Val Metric: 0.9237
Epoch 23/50 - Train Loss: 0.2997 - Train Metric: 0.9166
Epoch 23/50 - Val Metric: 0.9238
Epoch 24/50 - Train Loss: 0.2981 - Train Metric: 0.9175
Epoch 24/50 - Val Metric: 0.9240
Epoch 25/50 - Train Loss: 0.2983 - Train Metric: 0.9174
Epoch 25/50 - Val Metric: 0.9242
Epoch 26/50 - Train Loss: 0.2976 - Train Metric: 0.9177
Epoch 26/50 - Val Metric: 0.9242
Epoch 27/50 - Train Loss: 0.2979 - Train Metric: 0.9177
Epoch 27/50 - Val Metric: 0.9237
Epoch 28/50 - Train Loss: 0.2974 - Train Metric: 0.9179
Epoch 28/50 - Val Metric: 0.9241
Epoch 29/50 - Train Loss: 0.2966 - Train Metric: 0.9184
Epoch 29/50 - Val Metric: 0.9245
Epoch 30/50 - Train Loss: 0.2963 - Train Metric: 0.9185
Epoch 30/50 - Val Metric: 0.9239
Epoch 31/50 - Train Loss: 0.2972 - Train Metric: 0.9178
Epoch 31/50 - Val Metric: 0.9238
Epoch 32/50 - Train Loss: 0.2959 - Train Metric: 0.9188
Epoch 32/50 - Val Metric: 0.9244
Epoch 33/50 - Train Loss: 0.2955 - Train Metric: 0.9190
Epoch 33/50 - Val Metric: 0.9241
Epoch 34/50 - Train Loss: 0.2964 - Train Metric: 0.9184
Epoch 34/50 - Val Metric: 0.9244
Epoch 35/50 - Train Loss: 0.2954 - Train Metric: 0.9189
Epoch 35/50 - Val Metric: 0.9244
Epoch 36/50 - Train Loss: 0.2956 - Train Metric: 0.9188
Epoch 36/50 - Val Metric: 0.9244
Epoch 37/50 - Train Loss: 0.2955 - Train Metric: 0.9190
Epoch 37/50 - Val Metric: 0.9243
Epoch 38/50 - Train Loss: 0.2953 - Train Metric: 0.9192
Epoch 38/50 - Val Metric: 0.9243
Epoch 39/50 - Train Loss: 0.2940 - Train Metric: 0.9198
Epoch 39/50 - Val Metric: 0.9243
Epoch 40/50 - Train Loss: 0.2954 - Train Metric: 0.9190
Epoch 40/50 - Val Metric: 0.9245
Epoch 41/50 - Train Loss: 0.2943 - Train Metric: 0.9195
Epoch 41/50 - Val Metric: 0.9248
Epoch 42/50 - Train Loss: 0.2936 - Train Metric: 0.9199
Epoch 42/50 - Val Metric: 0.9244
Epoch 43/50 - Train Loss: 0.2932 - Train Metric: 0.9203
Epoch 43/50 - Val Metric: 0.9246
Epoch 44/50 - Train Loss: 0.2937 - Train Metric: 0.9199
Epoch 44/50 - Val Metric: 0.9247
Epoch 45/50 - Train Loss: 0.2940 - Train Metric: 0.9198
Epoch 45/50 - Val Metric: 0.9248
Epoch 46/50 - Train Loss: 0.2931 - Train Metric: 0.9201
Epoch 46/50 - Val Metric: 0.9248
Epoch 47/50 - Train Loss: 0.2939 - Train Metric: 0.9197
Epoch 47/50 - Val Metric: 0.9244
Epoch 48/50 - Train Loss: 0.2930 - Train Metric: 0.9202
Epoch 48/50 - Val Metric: 0.9247
Epoch 49/50 - Train Loss: 0.2932 - Train Metric: 0.9201
Epoch 49/50 - Val Metric: 0.9251
Epoch 50/50 - Train Loss: 0.2937 - Train Metric: 0.9199
Epoch 50/50 - Val Metric: 0.9250
Best val: 0.9251, Best test: 0.9159
Training set has 39073 instances
Validation set has 4884 instances
Test set has 4885 instances
Training set has 39073 instances
Validation set has 4884 instances
Test set has 4885 instances
Epoch 1/50 - Train Loss: 0.3934 - Train Metric: 0.8473
Epoch 1/50 - Val Metric: 0.9075
Epoch 2/50 - Train Loss: 0.3323 - Train Metric: 0.8977
Epoch 2/50 - Val Metric: 0.9126
Epoch 3/50 - Train Loss: 0.3248 - Train Metric: 0.9022
Epoch 3/50 - Val Metric: 0.9145
Epoch 4/50 - Train Loss: 0.3202 - Train Metric: 0.9048
Epoch 4/50 - Val Metric: 0.9165
Epoch 5/50 - Train Loss: 0.3201 - Train Metric: 0.9049
Epoch 5/50 - Val Metric: 0.9146
Epoch 6/50 - Train Loss: 0.3183 - Train Metric: 0.9061
Epoch 6/50 - Val Metric: 0.9150
Epoch 7/50 - Train Loss: 0.3218 - Train Metric: 0.9048
Epoch 7/50 - Val Metric: 0.9109
Epoch 8/50 - Train Loss: 0.3312 - Train Metric: 0.8976
Epoch 8/50 - Val Metric: 0.9131
Epoch 9/50 - Train Loss: 0.3235 - Train Metric: 0.9024
Epoch 9/50 - Val Metric: 0.9133
Epoch 10/50 - Train Loss: 0.3180 - Train Metric: 0.9058
Epoch 10/50 - Val Metric: 0.9150
Epoch 11/50 - Train Loss: 0.3126 - Train Metric: 0.9092
Epoch 11/50 - Val Metric: 0.9160
Epoch 12/50 - Train Loss: 0.3148 - Train Metric: 0.9088
Epoch 12/50 - Val Metric: 0.9154
Epoch 13/50 - Train Loss: 0.3147 - Train Metric: 0.9089
Epoch 13/50 - Val Metric: 0.9163
Epoch 14/50 - Train Loss: 0.3108 - Train Metric: 0.9104
Epoch 14/50 - Val Metric: 0.9169
Epoch 15/50 - Train Loss: 0.3115 - Train Metric: 0.9098
Epoch 15/50 - Val Metric: 0.9162
Epoch 16/50 - Train Loss: 0.3111 - Train Metric: 0.9101
Epoch 16/50 - Val Metric: 0.9177
Epoch 17/50 - Train Loss: 0.3086 - Train Metric: 0.9117
Epoch 17/50 - Val Metric: 0.9179
Epoch 18/50 - Train Loss: 0.3098 - Train Metric: 0.9111
Epoch 18/50 - Val Metric: 0.9181
Epoch 19/50 - Train Loss: 0.3085 - Train Metric: 0.9117
Epoch 19/50 - Val Metric: 0.9177
Epoch 20/50 - Train Loss: 0.3082 - Train Metric: 0.9119
Epoch 20/50 - Val Metric: 0.9179
Epoch 21/50 - Train Loss: 0.3082 - Train Metric: 0.9119
Epoch 21/50 - Val Metric: 0.9173
Epoch 22/50 - Train Loss: 0.3070 - Train Metric: 0.9125
Epoch 22/50 - Val Metric: 0.9181
Epoch 23/50 - Train Loss: 0.3079 - Train Metric: 0.9118
Epoch 23/50 - Val Metric: 0.9185
Epoch 24/50 - Train Loss: 0.3103 - Train Metric: 0.9107
Epoch 24/50 - Val Metric: 0.9167
Epoch 25/50 - Train Loss: 0.3079 - Train Metric: 0.9119
Epoch 25/50 - Val Metric: 0.9166
Epoch 26/50 - Train Loss: 0.3058 - Train Metric: 0.9132
Epoch 26/50 - Val Metric: 0.9171
Epoch 27/50 - Train Loss: 0.3073 - Train Metric: 0.9124
Epoch 27/50 - Val Metric: 0.9173
Epoch 28/50 - Train Loss: 0.3106 - Train Metric: 0.9107
Epoch 28/50 - Val Metric: 0.9150
Epoch 29/50 - Train Loss: 0.3129 - Train Metric: 0.9095
Epoch 29/50 - Val Metric: 0.9169
Epoch 30/50 - Train Loss: 0.3082 - Train Metric: 0.9114
Epoch 30/50 - Val Metric: 0.9173
Epoch 31/50 - Train Loss: 0.3050 - Train Metric: 0.9137
Epoch 31/50 - Val Metric: 0.9169
Epoch 32/50 - Train Loss: 0.3052 - Train Metric: 0.9132
Epoch 32/50 - Val Metric: 0.9176
Epoch 33/50 - Train Loss: 0.3043 - Train Metric: 0.9142
Epoch 33/50 - Val Metric: 0.9183
Epoch 34/50 - Train Loss: 0.3031 - Train Metric: 0.9147
Epoch 34/50 - Val Metric: 0.9182
Epoch 35/50 - Train Loss: 0.3045 - Train Metric: 0.9139
Epoch 35/50 - Val Metric: 0.9176
Epoch 36/50 - Train Loss: 0.3040 - Train Metric: 0.9140
Epoch 36/50 - Val Metric: 0.9172
Epoch 37/50 - Train Loss: 0.3036 - Train Metric: 0.9145
Epoch 37/50 - Val Metric: 0.9158
Epoch 38/50 - Train Loss: 0.3076 - Train Metric: 0.9125
Epoch 38/50 - Val Metric: 0.9190
Epoch 39/50 - Train Loss: 0.3071 - Train Metric: 0.9125
Epoch 39/50 - Val Metric: 0.9167
Epoch 40/50 - Train Loss: 0.3071 - Train Metric: 0.9122
Epoch 40/50 - Val Metric: 0.9171
Epoch 41/50 - Train Loss: 0.3057 - Train Metric: 0.9132
Epoch 41/50 - Val Metric: 0.9179
Epoch 42/50 - Train Loss: 0.3050 - Train Metric: 0.9135
Epoch 42/50 - Val Metric: 0.9180
Epoch 43/50 - Train Loss: 0.3044 - Train Metric: 0.9141
Epoch 43/50 - Val Metric: 0.9178
Epoch 44/50 - Train Loss: 0.3031 - Train Metric: 0.9146
Epoch 44/50 - Val Metric: 0.9153
Epoch 45/50 - Train Loss: 0.3049 - Train Metric: 0.9136
Epoch 45/50 - Val Metric: 0.9165
Epoch 46/50 - Train Loss: 0.3049 - Train Metric: 0.9137
Epoch 46/50 - Val Metric: 0.9158
Epoch 47/50 - Train Loss: 0.3038 - Train Metric: 0.9143
Epoch 47/50 - Val Metric: 0.9170
Epoch 48/50 - Train Loss: 0.3038 - Train Metric: 0.9142
Epoch 48/50 - Val Metric: 0.9158
Epoch 49/50 - Train Loss: 0.3042 - Train Metric: 0.9140
Epoch 49/50 - Val Metric: 0.9185
Epoch 50/50 - Train Loss: 0.3035 - Train Metric: 0.9144
Epoch 50/50 - Val Metric: 0.9172
Best val: 0.9190, Best test: 0.9197
Hyper-parameter search done. Found the best config.
Repeat experiments 5 times with the best train config {'batch_size': 128, 'gamma_rate': 0.9, 'base_lr': 0.001} and model config {'num_heads': 4, 'num_layers': 8, 'num_latents': 8, 'hidden_dim': 128, 'mlp_ratio': 2, 'dropout_prob': 0.2, 'top_k': 1}.
Training set has 39073 instances
Validation set has 4884 instances
Test set has 4885 instances
Epoch 1/50 - Train Loss: 0.5071 - Train Metric: 0.6857
Epoch 1/50 - Val Metric: 0.8385
Epoch 2/50 - Train Loss: 0.3861 - Train Metric: 0.8543
Epoch 2/50 - Val Metric: 0.8656
Epoch 3/50 - Train Loss: 0.3591 - Train Metric: 0.8784
Epoch 3/50 - Val Metric: 0.8888
Epoch 4/50 - Train Loss: 0.3291 - Train Metric: 0.8990
Epoch 4/50 - Val Metric: 0.9003
Epoch 5/50 - Train Loss: 0.3179 - Train Metric: 0.9053
Epoch 5/50 - Val Metric: 0.9024
Epoch 6/50 - Train Loss: 0.3161 - Train Metric: 0.9068
Epoch 6/50 - Val Metric: 0.8991
Epoch 7/50 - Train Loss: 0.3122 - Train Metric: 0.9089
Epoch 7/50 - Val Metric: 0.9054
Epoch 8/50 - Train Loss: 0.3156 - Train Metric: 0.9060
Epoch 8/50 - Val Metric: 0.8987
Epoch 9/50 - Train Loss: 0.3181 - Train Metric: 0.9054
Epoch 9/50 - Val Metric: 0.9041
Epoch 10/50 - Train Loss: 0.3156 - Train Metric: 0.9067
Epoch 10/50 - Val Metric: 0.9013
Epoch 11/50 - Train Loss: 0.3202 - Train Metric: 0.9037
Epoch 11/50 - Val Metric: 0.8979
Epoch 12/50 - Train Loss: 0.3316 - Train Metric: 0.8965
Epoch 12/50 - Val Metric: 0.8989
Epoch 13/50 - Train Loss: 0.3218 - Train Metric: 0.9027
Epoch 13/50 - Val Metric: 0.9017
Epoch 14/50 - Train Loss: 0.3176 - Train Metric: 0.9055
Epoch 14/50 - Val Metric: 0.9030
Epoch 15/50 - Train Loss: 0.3147 - Train Metric: 0.9077
Epoch 15/50 - Val Metric: 0.9038
Epoch 16/50 - Train Loss: 0.3132 - Train Metric: 0.9088
Epoch 16/50 - Val Metric: 0.9034
Epoch 17/50 - Train Loss: 0.3115 - Train Metric: 0.9095
Epoch 17/50 - Val Metric: 0.8997
Epoch 18/50 - Train Loss: 0.3177 - Train Metric: 0.9063
Epoch 18/50 - Val Metric: 0.9002
Epoch 19/50 - Train Loss: 0.3096 - Train Metric: 0.9109
Epoch 19/50 - Val Metric: 0.8980
Epoch 20/50 - Train Loss: 0.3078 - Train Metric: 0.9116
Epoch 20/50 - Val Metric: 0.8918
Epoch 21/50 - Train Loss: 0.3110 - Train Metric: 0.9097
Epoch 21/50 - Val Metric: 0.8977
Epoch 22/50 - Train Loss: 0.3087 - Train Metric: 0.9113
Epoch 22/50 - Val Metric: 0.8980
Epoch 23/50 - Train Loss: 0.3068 - Train Metric: 0.9122
Epoch 23/50 - Val Metric: 0.8988
Epoch 24/50 - Train Loss: 0.3064 - Train Metric: 0.9123
Epoch 24/50 - Val Metric: 0.8970
Epoch 25/50 - Train Loss: 0.3049 - Train Metric: 0.9128
Epoch 25/50 - Val Metric: 0.8990
Epoch 26/50 - Train Loss: 0.3060 - Train Metric: 0.9125
Epoch 26/50 - Val Metric: 0.8976
Epoch 27/50 - Train Loss: 0.3048 - Train Metric: 0.9129
Epoch 27/50 - Val Metric: 0.8997
Epoch 28/50 - Train Loss: 0.3037 - Train Metric: 0.9137
Epoch 28/50 - Val Metric: 0.8983
Epoch 29/50 - Train Loss: 0.3042 - Train Metric: 0.9133
Epoch 29/50 - Val Metric: 0.8994
Epoch 30/50 - Train Loss: 0.3040 - Train Metric: 0.9133
Epoch 30/50 - Val Metric: 0.8993
Epoch 31/50 - Train Loss: 0.3030 - Train Metric: 0.9142
Epoch 31/50 - Val Metric: 0.8991
Epoch 32/50 - Train Loss: 0.3032 - Train Metric: 0.9139
Epoch 32/50 - Val Metric: 0.8988
Epoch 33/50 - Train Loss: 0.3044 - Train Metric: 0.9136
Epoch 33/50 - Val Metric: 0.8977
Epoch 34/50 - Train Loss: 0.3032 - Train Metric: 0.9139
Epoch 34/50 - Val Metric: 0.8988
Epoch 35/50 - Train Loss: 0.3015 - Train Metric: 0.9150
Epoch 35/50 - Val Metric: 0.8995
Epoch 36/50 - Train Loss: 0.3022 - Train Metric: 0.9146
Epoch 36/50 - Val Metric: 0.8977
Epoch 37/50 - Train Loss: 0.3015 - Train Metric: 0.9153
Epoch 37/50 - Val Metric: 0.8985
Epoch 38/50 - Train Loss: 0.3022 - Train Metric: 0.9146
Epoch 38/50 - Val Metric: 0.8986
Epoch 39/50 - Train Loss: 0.3024 - Train Metric: 0.9142
Epoch 39/50 - Val Metric: 0.8979
Epoch 40/50 - Train Loss: 0.3029 - Train Metric: 0.9143
Epoch 40/50 - Val Metric: 0.8991
Epoch 41/50 - Train Loss: 0.3018 - Train Metric: 0.9147
Epoch 41/50 - Val Metric: 0.8985
Epoch 42/50 - Train Loss: 0.3011 - Train Metric: 0.9151
Epoch 42/50 - Val Metric: 0.8992
Epoch 43/50 - Train Loss: 0.3028 - Train Metric: 0.9141
Epoch 43/50 - Val Metric: 0.8983
Epoch 44/50 - Train Loss: 0.3023 - Train Metric: 0.9145
Epoch 44/50 - Val Metric: 0.8985
Epoch 45/50 - Train Loss: 0.3013 - Train Metric: 0.9151
Epoch 45/50 - Val Metric: 0.8982
Epoch 46/50 - Train Loss: 0.3016 - Train Metric: 0.9149
Epoch 46/50 - Val Metric: 0.8980
Epoch 47/50 - Train Loss: 0.3012 - Train Metric: 0.9151
Epoch 47/50 - Val Metric: 0.8982
Epoch 48/50 - Train Loss: 0.3019 - Train Metric: 0.9145
Epoch 48/50 - Val Metric: 0.8991
Epoch 49/50 - Train Loss: 0.3014 - Train Metric: 0.9149
Epoch 49/50 - Val Metric: 0.8993
Epoch 50/50 - Train Loss: 0.3015 - Train Metric: 0.9150
Epoch 50/50 - Val Metric: 0.8990
Best val: 0.9054, Best test: 0.9036
Training set has 39073 instances
Validation set has 4884 instances
Test set has 4885 instances
Epoch 1/50 - Train Loss: 0.5066 - Train Metric: 0.6951
Epoch 1/50 - Val Metric: 0.7887
Epoch 2/50 - Train Loss: 0.4493 - Train Metric: 0.7765
Epoch 2/50 - Val Metric: 0.8604
Epoch 3/50 - Train Loss: 0.3737 - Train Metric: 0.8661
Epoch 3/50 - Val Metric: 0.8946
Epoch 4/50 - Train Loss: 0.3509 - Train Metric: 0.8825
Epoch 4/50 - Val Metric: 0.8941
Epoch 5/50 - Train Loss: 0.3431 - Train Metric: 0.8877
Epoch 5/50 - Val Metric: 0.8960
Epoch 6/50 - Train Loss: 0.3390 - Train Metric: 0.8911
Epoch 6/50 - Val Metric: 0.8932
Epoch 7/50 - Train Loss: 0.3366 - Train Metric: 0.8932
Epoch 7/50 - Val Metric: 0.8938
Epoch 8/50 - Train Loss: 0.3339 - Train Metric: 0.8945
Epoch 8/50 - Val Metric: 0.9009
Epoch 9/50 - Train Loss: 0.3306 - Train Metric: 0.8972
Epoch 9/50 - Val Metric: 0.9015
Epoch 10/50 - Train Loss: 0.3344 - Train Metric: 0.8951
Epoch 10/50 - Val Metric: 0.8980
Epoch 11/50 - Train Loss: 0.3280 - Train Metric: 0.8990
Epoch 11/50 - Val Metric: 0.9033
Epoch 12/50 - Train Loss: 0.3226 - Train Metric: 0.9027
Epoch 12/50 - Val Metric: 0.9061
Epoch 13/50 - Train Loss: 0.3209 - Train Metric: 0.9038
Epoch 13/50 - Val Metric: 0.9035
Epoch 14/50 - Train Loss: 0.3287 - Train Metric: 0.8987
Epoch 14/50 - Val Metric: 0.8974
Epoch 15/50 - Train Loss: 0.3233 - Train Metric: 0.9022
Epoch 15/50 - Val Metric: 0.9009
Epoch 16/50 - Train Loss: 0.3221 - Train Metric: 0.9031
Epoch 16/50 - Val Metric: 0.9021
Epoch 17/50 - Train Loss: 0.3226 - Train Metric: 0.9030
Epoch 17/50 - Val Metric: 0.9028
Epoch 18/50 - Train Loss: 0.3202 - Train Metric: 0.9041
Epoch 18/50 - Val Metric: 0.9022
Epoch 19/50 - Train Loss: 0.3197 - Train Metric: 0.9044
Epoch 19/50 - Val Metric: 0.9020
Epoch 20/50 - Train Loss: 0.3175 - Train Metric: 0.9060
Epoch 20/50 - Val Metric: 0.9061
Epoch 21/50 - Train Loss: 0.3193 - Train Metric: 0.9051
Epoch 21/50 - Val Metric: 0.9048
Epoch 22/50 - Train Loss: 0.3160 - Train Metric: 0.9068
Epoch 22/50 - Val Metric: 0.9058
Epoch 23/50 - Train Loss: 0.3154 - Train Metric: 0.9072
Epoch 23/50 - Val Metric: 0.9040
Epoch 24/50 - Train Loss: 0.3150 - Train Metric: 0.9073
Epoch 24/50 - Val Metric: 0.9055
Epoch 25/50 - Train Loss: 0.3139 - Train Metric: 0.9078
Epoch 25/50 - Val Metric: 0.9055
Epoch 26/50 - Train Loss: 0.3139 - Train Metric: 0.9078
Epoch 26/50 - Val Metric: 0.9036
Epoch 27/50 - Train Loss: 0.3145 - Train Metric: 0.9074
Epoch 27/50 - Val Metric: 0.9057
Epoch 28/50 - Train Loss: 0.3139 - Train Metric: 0.9079
Epoch 28/50 - Val Metric: 0.9059
Epoch 29/50 - Train Loss: 0.3120 - Train Metric: 0.9089
Epoch 29/50 - Val Metric: 0.9050
Epoch 30/50 - Train Loss: 0.3118 - Train Metric: 0.9093
Epoch 30/50 - Val Metric: 0.9052
Epoch 31/50 - Train Loss: 0.3118 - Train Metric: 0.9091
Epoch 31/50 - Val Metric: 0.9058
Epoch 32/50 - Train Loss: 0.3135 - Train Metric: 0.9083
Epoch 32/50 - Val Metric: 0.9057
Epoch 33/50 - Train Loss: 0.3132 - Train Metric: 0.9084
Epoch 33/50 - Val Metric: 0.9054
Epoch 34/50 - Train Loss: 0.3141 - Train Metric: 0.9080
Epoch 34/50 - Val Metric: 0.9058
Epoch 35/50 - Train Loss: 0.3134 - Train Metric: 0.9086
Epoch 35/50 - Val Metric: 0.9066
Epoch 36/50 - Train Loss: 0.3139 - Train Metric: 0.9082
Epoch 36/50 - Val Metric: 0.9052
Epoch 37/50 - Train Loss: 0.3134 - Train Metric: 0.9083
Epoch 37/50 - Val Metric: 0.9054
Epoch 38/50 - Train Loss: 0.3138 - Train Metric: 0.9080
Epoch 38/50 - Val Metric: 0.9049
Epoch 39/50 - Train Loss: 0.3128 - Train Metric: 0.9087
Epoch 39/50 - Val Metric: 0.9052
Epoch 40/50 - Train Loss: 0.3143 - Train Metric: 0.9079
Epoch 40/50 - Val Metric: 0.9051
Epoch 41/50 - Train Loss: 0.3125 - Train Metric: 0.9090
Epoch 41/50 - Val Metric: 0.9050
Epoch 42/50 - Train Loss: 0.3143 - Train Metric: 0.9082
Epoch 42/50 - Val Metric: 0.9050
Epoch 43/50 - Train Loss: 0.3143 - Train Metric: 0.9079
Epoch 43/50 - Val Metric: 0.9054
Epoch 44/50 - Train Loss: 0.3140 - Train Metric: 0.9081
Epoch 44/50 - Val Metric: 0.9049
Epoch 45/50 - Train Loss: 0.3126 - Train Metric: 0.9091
Epoch 45/50 - Val Metric: 0.9048
Epoch 46/50 - Train Loss: 0.3125 - Train Metric: 0.9088
Epoch 46/50 - Val Metric: 0.9050
Epoch 47/50 - Train Loss: 0.3128 - Train Metric: 0.9089
Epoch 47/50 - Val Metric: 0.9048
Epoch 48/50 - Train Loss: 0.3116 - Train Metric: 0.9096
Epoch 48/50 - Val Metric: 0.9048
Epoch 49/50 - Train Loss: 0.3135 - Train Metric: 0.9085
Epoch 49/50 - Val Metric: 0.9048
Epoch 50/50 - Train Loss: 0.3115 - Train Metric: 0.9098
Epoch 50/50 - Val Metric: 0.9049
Best val: 0.9066, Best test: 0.9064
Training set has 39073 instances
Validation set has 4884 instances
Test set has 4885 instances
Epoch 1/50 - Train Loss: 0.4436 - Train Metric: 0.7860
Epoch 1/50 - Val Metric: 0.8983
Epoch 2/50 - Train Loss: 0.3350 - Train Metric: 0.8959
Epoch 2/50 - Val Metric: 0.8988
Epoch 3/50 - Train Loss: 0.3304 - Train Metric: 0.8987
Epoch 3/50 - Val Metric: 0.9142
Epoch 4/50 - Train Loss: 0.3247 - Train Metric: 0.9020
Epoch 4/50 - Val Metric: 0.9104
Epoch 5/50 - Train Loss: 0.3186 - Train Metric: 0.9060
Epoch 5/50 - Val Metric: 0.9127
Epoch 6/50 - Train Loss: 0.3167 - Train Metric: 0.9067
Epoch 6/50 - Val Metric: 0.9116
Epoch 7/50 - Train Loss: 0.3161 - Train Metric: 0.9077
Epoch 7/50 - Val Metric: 0.9136
Epoch 8/50 - Train Loss: 0.3144 - Train Metric: 0.9082
Epoch 8/50 - Val Metric: 0.9149
Epoch 9/50 - Train Loss: 0.3127 - Train Metric: 0.9091
Epoch 9/50 - Val Metric: 0.9137
Epoch 10/50 - Train Loss: 0.3123 - Train Metric: 0.9094
Epoch 10/50 - Val Metric: 0.9149
Epoch 11/50 - Train Loss: 0.3093 - Train Metric: 0.9110
Epoch 11/50 - Val Metric: 0.9153
Epoch 12/50 - Train Loss: 0.3079 - Train Metric: 0.9120
Epoch 12/50 - Val Metric: 0.9164
Epoch 13/50 - Train Loss: 0.3080 - Train Metric: 0.9118
Epoch 13/50 - Val Metric: 0.9155
Epoch 14/50 - Train Loss: 0.3072 - Train Metric: 0.9125
Epoch 14/50 - Val Metric: 0.9159
Epoch 15/50 - Train Loss: 0.3056 - Train Metric: 0.9132
Epoch 15/50 - Val Metric: 0.9161
Epoch 16/50 - Train Loss: 0.3047 - Train Metric: 0.9139
Epoch 16/50 - Val Metric: 0.9144
Epoch 17/50 - Train Loss: 0.3047 - Train Metric: 0.9139
Epoch 17/50 - Val Metric: 0.9170
Epoch 18/50 - Train Loss: 0.3051 - Train Metric: 0.9141
Epoch 18/50 - Val Metric: 0.9163
Epoch 19/50 - Train Loss: 0.3050 - Train Metric: 0.9136
Epoch 19/50 - Val Metric: 0.9166
Epoch 20/50 - Train Loss: 0.3036 - Train Metric: 0.9145
Epoch 20/50 - Val Metric: 0.9158
Epoch 21/50 - Train Loss: 0.3033 - Train Metric: 0.9145
Epoch 21/50 - Val Metric: 0.9158
Epoch 22/50 - Train Loss: 0.3023 - Train Metric: 0.9151
Epoch 22/50 - Val Metric: 0.9162
Epoch 23/50 - Train Loss: 0.3029 - Train Metric: 0.9145
Epoch 23/50 - Val Metric: 0.9161
Epoch 24/50 - Train Loss: 0.3020 - Train Metric: 0.9154
Epoch 24/50 - Val Metric: 0.9166
Epoch 25/50 - Train Loss: 0.3018 - Train Metric: 0.9154
Epoch 25/50 - Val Metric: 0.9160
Epoch 26/50 - Train Loss: 0.3008 - Train Metric: 0.9160
Epoch 26/50 - Val Metric: 0.9168
Epoch 27/50 - Train Loss: 0.3003 - Train Metric: 0.9160
Epoch 27/50 - Val Metric: 0.9171
Epoch 28/50 - Train Loss: 0.3010 - Train Metric: 0.9156
Epoch 28/50 - Val Metric: 0.9169
Epoch 29/50 - Train Loss: 0.3004 - Train Metric: 0.9162
Epoch 29/50 - Val Metric: 0.9172
Epoch 30/50 - Train Loss: 0.2994 - Train Metric: 0.9168
Epoch 30/50 - Val Metric: 0.9164
Epoch 31/50 - Train Loss: 0.3001 - Train Metric: 0.9163
Epoch 31/50 - Val Metric: 0.9169
Epoch 32/50 - Train Loss: 0.2993 - Train Metric: 0.9169
Epoch 32/50 - Val Metric: 0.9170
Epoch 33/50 - Train Loss: 0.2997 - Train Metric: 0.9166
Epoch 33/50 - Val Metric: 0.9165
Epoch 34/50 - Train Loss: 0.2997 - Train Metric: 0.9165
Epoch 34/50 - Val Metric: 0.9174
Epoch 35/50 - Train Loss: 0.2995 - Train Metric: 0.9166
Epoch 35/50 - Val Metric: 0.9175
Epoch 36/50 - Train Loss: 0.2983 - Train Metric: 0.9171
Epoch 36/50 - Val Metric: 0.9173
Epoch 37/50 - Train Loss: 0.2991 - Train Metric: 0.9169
Epoch 37/50 - Val Metric: 0.9174
Epoch 38/50 - Train Loss: 0.2989 - Train Metric: 0.9170
Epoch 38/50 - Val Metric: 0.9173
Epoch 39/50 - Train Loss: 0.2982 - Train Metric: 0.9174
Epoch 39/50 - Val Metric: 0.9176
Epoch 40/50 - Train Loss: 0.2986 - Train Metric: 0.9171
Epoch 40/50 - Val Metric: 0.9173
Epoch 41/50 - Train Loss: 0.2978 - Train Metric: 0.9177
Epoch 41/50 - Val Metric: 0.9173
Epoch 42/50 - Train Loss: 0.2982 - Train Metric: 0.9172
Epoch 42/50 - Val Metric: 0.9170
Epoch 43/50 - Train Loss: 0.2979 - Train Metric: 0.9175
Epoch 43/50 - Val Metric: 0.9170
Epoch 44/50 - Train Loss: 0.2983 - Train Metric: 0.9174
Epoch 44/50 - Val Metric: 0.9174
Epoch 45/50 - Train Loss: 0.2982 - Train Metric: 0.9174
Epoch 45/50 - Val Metric: 0.9172
Epoch 46/50 - Train Loss: 0.2980 - Train Metric: 0.9175
Epoch 46/50 - Val Metric: 0.9173
Epoch 47/50 - Train Loss: 0.2980 - Train Metric: 0.9175
Epoch 47/50 - Val Metric: 0.9171
Epoch 48/50 - Train Loss: 0.2980 - Train Metric: 0.9175
Epoch 48/50 - Val Metric: 0.9169
Epoch 49/50 - Train Loss: 0.2980 - Train Metric: 0.9175
Epoch 49/50 - Val Metric: 0.9172
Epoch 50/50 - Train Loss: 0.2988 - Train Metric: 0.9170
Epoch 50/50 - Val Metric: 0.9171
Best val: 0.9176, Best test: 0.9199
Training set has 39073 instances
Validation set has 4884 instances
Test set has 4885 instances
Epoch 1/50 - Train Loss: 0.4138 - Train Metric: 0.8242
Epoch 1/50 - Val Metric: 0.8827
Epoch 2/50 - Train Loss: 0.3273 - Train Metric: 0.9000
Epoch 2/50 - Val Metric: 0.9047
Epoch 3/50 - Train Loss: 0.3205 - Train Metric: 0.9045
Epoch 3/50 - Val Metric: 0.9113
Epoch 4/50 - Train Loss: 0.3183 - Train Metric: 0.9063
Epoch 4/50 - Val Metric: 0.9110
Epoch 5/50 - Train Loss: 0.3139 - Train Metric: 0.9087
Epoch 5/50 - Val Metric: 0.9134
Epoch 6/50 - Train Loss: 0.3111 - Train Metric: 0.9103
Epoch 6/50 - Val Metric: 0.9125
Epoch 7/50 - Train Loss: 0.3115 - Train Metric: 0.9100
Epoch 7/50 - Val Metric: 0.9135
Epoch 8/50 - Train Loss: 0.3085 - Train Metric: 0.9116
Epoch 8/50 - Val Metric: 0.9159
Epoch 9/50 - Train Loss: 0.3068 - Train Metric: 0.9127
Epoch 9/50 - Val Metric: 0.9159
Epoch 10/50 - Train Loss: 0.3075 - Train Metric: 0.9126
Epoch 10/50 - Val Metric: 0.9134
Epoch 11/50 - Train Loss: 0.3045 - Train Metric: 0.9141
Epoch 11/50 - Val Metric: 0.9144
Epoch 12/50 - Train Loss: 0.3034 - Train Metric: 0.9145
Epoch 12/50 - Val Metric: 0.9148
Epoch 13/50 - Train Loss: 0.3025 - Train Metric: 0.9149
Epoch 13/50 - Val Metric: 0.9146
Epoch 14/50 - Train Loss: 0.3005 - Train Metric: 0.9163
Epoch 14/50 - Val Metric: 0.9158
Epoch 15/50 - Train Loss: 0.3022 - Train Metric: 0.9152
Epoch 15/50 - Val Metric: 0.9151
Epoch 16/50 - Train Loss: 0.3011 - Train Metric: 0.9158
Epoch 16/50 - Val Metric: 0.9144
Epoch 17/50 - Train Loss: 0.2988 - Train Metric: 0.9170
Epoch 17/50 - Val Metric: 0.9153
Epoch 18/50 - Train Loss: 0.2982 - Train Metric: 0.9174
Epoch 18/50 - Val Metric: 0.9148
Epoch 19/50 - Train Loss: 0.2992 - Train Metric: 0.9169
Epoch 19/50 - Val Metric: 0.9155
Epoch 20/50 - Train Loss: 0.2977 - Train Metric: 0.9177
Epoch 20/50 - Val Metric: 0.9156
Epoch 21/50 - Train Loss: 0.2977 - Train Metric: 0.9175
Epoch 21/50 - Val Metric: 0.9157
Epoch 22/50 - Train Loss: 0.2963 - Train Metric: 0.9184
Epoch 22/50 - Val Metric: 0.9160
Epoch 23/50 - Train Loss: 0.2955 - Train Metric: 0.9189
Epoch 23/50 - Val Metric: 0.9162
Epoch 24/50 - Train Loss: 0.2959 - Train Metric: 0.9187
Epoch 24/50 - Val Metric: 0.9158
Epoch 25/50 - Train Loss: 0.2949 - Train Metric: 0.9191
Epoch 25/50 - Val Metric: 0.9158
Epoch 26/50 - Train Loss: 0.2938 - Train Metric: 0.9197
Epoch 26/50 - Val Metric: 0.9156
Epoch 27/50 - Train Loss: 0.2935 - Train Metric: 0.9198
Epoch 27/50 - Val Metric: 0.9160
Epoch 28/50 - Train Loss: 0.2941 - Train Metric: 0.9196
Epoch 28/50 - Val Metric: 0.9156
Epoch 29/50 - Train Loss: 0.2936 - Train Metric: 0.9198
Epoch 29/50 - Val Metric: 0.9159
Epoch 30/50 - Train Loss: 0.2932 - Train Metric: 0.9201
Epoch 30/50 - Val Metric: 0.9159
Epoch 31/50 - Train Loss: 0.2937 - Train Metric: 0.9197
Epoch 31/50 - Val Metric: 0.9160
Epoch 32/50 - Train Loss: 0.2925 - Train Metric: 0.9203
Epoch 32/50 - Val Metric: 0.9158
Epoch 33/50 - Train Loss: 0.2929 - Train Metric: 0.9202
Epoch 33/50 - Val Metric: 0.9160
Epoch 34/50 - Train Loss: 0.2926 - Train Metric: 0.9205
Epoch 34/50 - Val Metric: 0.9160
Epoch 35/50 - Train Loss: 0.2924 - Train Metric: 0.9204
Epoch 35/50 - Val Metric: 0.9163
Epoch 36/50 - Train Loss: 0.2913 - Train Metric: 0.9211
Epoch 36/50 - Val Metric: 0.9162
Epoch 37/50 - Train Loss: 0.2915 - Train Metric: 0.9210
Epoch 37/50 - Val Metric: 0.9158
Epoch 38/50 - Train Loss: 0.2914 - Train Metric: 0.9211
Epoch 38/50 - Val Metric: 0.9163
Epoch 39/50 - Train Loss: 0.2911 - Train Metric: 0.9212
Epoch 39/50 - Val Metric: 0.9161
Epoch 40/50 - Train Loss: 0.2914 - Train Metric: 0.9211
Epoch 40/50 - Val Metric: 0.9162
Epoch 41/50 - Train Loss: 0.2907 - Train Metric: 0.9214
Epoch 41/50 - Val Metric: 0.9158
Epoch 42/50 - Train Loss: 0.2908 - Train Metric: 0.9214
Epoch 42/50 - Val Metric: 0.9161
Epoch 43/50 - Train Loss: 0.2910 - Train Metric: 0.9212
Epoch 43/50 - Val Metric: 0.9161
Epoch 44/50 - Train Loss: 0.2903 - Train Metric: 0.9215
Epoch 44/50 - Val Metric: 0.9161
Epoch 45/50 - Train Loss: 0.2908 - Train Metric: 0.9213
Epoch 45/50 - Val Metric: 0.9164
Epoch 46/50 - Train Loss: 0.2905 - Train Metric: 0.9215
Epoch 46/50 - Val Metric: 0.9165
Epoch 47/50 - Train Loss: 0.2898 - Train Metric: 0.9217
Epoch 47/50 - Val Metric: 0.9163
Epoch 48/50 - Train Loss: 0.2905 - Train Metric: 0.9215
Epoch 48/50 - Val Metric: 0.9162
Epoch 49/50 - Train Loss: 0.2901 - Train Metric: 0.9215
Epoch 49/50 - Val Metric: 0.9166
Epoch 50/50 - Train Loss: 0.2901 - Train Metric: 0.9216
Epoch 50/50 - Val Metric: 0.9164
Best val: 0.9166, Best test: 0.9111
Training set has 39073 instances
Validation set has 4884 instances
Test set has 4885 instances
Epoch 1/50 - Train Loss: 0.4639 - Train Metric: 0.7541
Epoch 1/50 - Val Metric: 0.8722
Epoch 2/50 - Train Loss: 0.3582 - Train Metric: 0.8799
Epoch 2/50 - Val Metric: 0.8982
Epoch 3/50 - Train Loss: 0.3276 - Train Metric: 0.9000
Epoch 3/50 - Val Metric: 0.9119
Epoch 4/50 - Train Loss: 0.3201 - Train Metric: 0.9050
Epoch 4/50 - Val Metric: 0.9120
Epoch 5/50 - Train Loss: 0.3170 - Train Metric: 0.9068
Epoch 5/50 - Val Metric: 0.9122
Epoch 6/50 - Train Loss: 0.3145 - Train Metric: 0.9081
Epoch 6/50 - Val Metric: 0.9146
Epoch 7/50 - Train Loss: 0.3105 - Train Metric: 0.9104
Epoch 7/50 - Val Metric: 0.9161
Epoch 8/50 - Train Loss: 0.3083 - Train Metric: 0.9118
Epoch 8/50 - Val Metric: 0.9162
Epoch 9/50 - Train Loss: 0.3068 - Train Metric: 0.9127
Epoch 9/50 - Val Metric: 0.9162
Epoch 10/50 - Train Loss: 0.3089 - Train Metric: 0.9119
Epoch 10/50 - Val Metric: 0.9159
Epoch 11/50 - Train Loss: 0.3038 - Train Metric: 0.9143
Epoch 11/50 - Val Metric: 0.9159
Epoch 12/50 - Train Loss: 0.3024 - Train Metric: 0.9150
Epoch 12/50 - Val Metric: 0.9162
Epoch 13/50 - Train Loss: 0.3014 - Train Metric: 0.9156
Epoch 13/50 - Val Metric: 0.9136
Epoch 14/50 - Train Loss: 0.3037 - Train Metric: 0.9142
Epoch 14/50 - Val Metric: 0.9171
Epoch 15/50 - Train Loss: 0.3015 - Train Metric: 0.9157
Epoch 15/50 - Val Metric: 0.9163
Epoch 16/50 - Train Loss: 0.3019 - Train Metric: 0.9153
Epoch 16/50 - Val Metric: 0.9175
Epoch 17/50 - Train Loss: 0.2992 - Train Metric: 0.9167
Epoch 17/50 - Val Metric: 0.9175
Epoch 18/50 - Train Loss: 0.2983 - Train Metric: 0.9175
Epoch 18/50 - Val Metric: 0.9179
Epoch 19/50 - Train Loss: 0.2964 - Train Metric: 0.9183
Epoch 19/50 - Val Metric: 0.9190
Epoch 20/50 - Train Loss: 0.2967 - Train Metric: 0.9181
Epoch 20/50 - Val Metric: 0.9187
Epoch 21/50 - Train Loss: 0.2951 - Train Metric: 0.9190
Epoch 21/50 - Val Metric: 0.9192
Epoch 22/50 - Train Loss: 0.2943 - Train Metric: 0.9193
Epoch 22/50 - Val Metric: 0.9194
Epoch 23/50 - Train Loss: 0.2945 - Train Metric: 0.9191
Epoch 23/50 - Val Metric: 0.9194
Epoch 24/50 - Train Loss: 0.2936 - Train Metric: 0.9195
Epoch 24/50 - Val Metric: 0.9191
Epoch 25/50 - Train Loss: 0.2931 - Train Metric: 0.9198
Epoch 25/50 - Val Metric: 0.9200
Epoch 26/50 - Train Loss: 0.2921 - Train Metric: 0.9204
Epoch 26/50 - Val Metric: 0.9192
Epoch 27/50 - Train Loss: 0.2922 - Train Metric: 0.9206
Epoch 27/50 - Val Metric: 0.9188
Epoch 28/50 - Train Loss: 0.2919 - Train Metric: 0.9206
Epoch 28/50 - Val Metric: 0.9185
Epoch 29/50 - Train Loss: 0.2911 - Train Metric: 0.9212
Epoch 29/50 - Val Metric: 0.9192
Epoch 30/50 - Train Loss: 0.2905 - Train Metric: 0.9215
Epoch 30/50 - Val Metric: 0.9199
Epoch 31/50 - Train Loss: 0.2901 - Train Metric: 0.9215
Epoch 31/50 - Val Metric: 0.9191
Epoch 32/50 - Train Loss: 0.2899 - Train Metric: 0.9215
Epoch 32/50 - Val Metric: 0.9192
Epoch 33/50 - Train Loss: 0.2897 - Train Metric: 0.9218
Epoch 33/50 - Val Metric: 0.9197
Epoch 34/50 - Train Loss: 0.2894 - Train Metric: 0.9219
Epoch 34/50 - Val Metric: 0.9190
Epoch 35/50 - Train Loss: 0.2888 - Train Metric: 0.9223
Epoch 35/50 - Val Metric: 0.9198
Epoch 36/50 - Train Loss: 0.2893 - Train Metric: 0.9220
Epoch 36/50 - Val Metric: 0.9186
Epoch 37/50 - Train Loss: 0.2899 - Train Metric: 0.9218
Epoch 37/50 - Val Metric: 0.9195
Epoch 38/50 - Train Loss: 0.2891 - Train Metric: 0.9221
Epoch 38/50 - Val Metric: 0.9191
Epoch 39/50 - Train Loss: 0.2884 - Train Metric: 0.9226
Epoch 39/50 - Val Metric: 0.9197
Epoch 40/50 - Train Loss: 0.2883 - Train Metric: 0.9225
Epoch 40/50 - Val Metric: 0.9195
Epoch 41/50 - Train Loss: 0.2876 - Train Metric: 0.9229
Epoch 41/50 - Val Metric: 0.9191
Epoch 42/50 - Train Loss: 0.2882 - Train Metric: 0.9225
Epoch 42/50 - Val Metric: 0.9194
Epoch 43/50 - Train Loss: 0.2885 - Train Metric: 0.9224
Epoch 43/50 - Val Metric: 0.9190
Epoch 44/50 - Train Loss: 0.2876 - Train Metric: 0.9227
Epoch 44/50 - Val Metric: 0.9193
Epoch 45/50 - Train Loss: 0.2880 - Train Metric: 0.9227
Epoch 45/50 - Val Metric: 0.9194
Epoch 46/50 - Train Loss: 0.2881 - Train Metric: 0.9226
Epoch 46/50 - Val Metric: 0.9195
Epoch 47/50 - Train Loss: 0.2881 - Train Metric: 0.9226
Epoch 47/50 - Val Metric: 0.9193
Epoch 48/50 - Train Loss: 0.2870 - Train Metric: 0.9232
Epoch 48/50 - Val Metric: 0.9194
Epoch 49/50 - Train Loss: 0.2882 - Train Metric: 0.9225
Epoch 49/50 - Val Metric: 0.9192
Epoch 50/50 - Train Loss: 0.2875 - Train Metric: 0.9229
Epoch 50/50 - Val Metric: 0.9195
Best val: 0.9200, Best test: 0.9144
[0.90359199 0.90639848 0.91991025 0.91114414 0.91441971]
