Hyper-parameter search via Optuna
Namespace(task_type='binary_classification', scale='small', idx=13, epochs=50, num_trials=20, num_repeats=5, seed=0, exp_name='MemPerceiver_ens_l2', result_path='output/binary_classification/small/13/MemPerceiver_ens_l2.pt')
Device: cuda
Start building binary_classification dataset_small_13
Training set has 39073 instances
Validation set has 4884 instances
Test set has 4885 instances
Epoch 1/50 - Train Loss: 0.5560 - Train Metric: 0.5633
Epoch 1/50 - Val Metric: 0.7673
Epoch 2/50 - Train Loss: 0.3692 - Train Metric: 0.8686
Epoch 2/50 - Val Metric: 0.9084
Epoch 3/50 - Train Loss: 0.3215 - Train Metric: 0.9035
Epoch 3/50 - Val Metric: 0.9135
Epoch 4/50 - Train Loss: 0.3128 - Train Metric: 0.9088
Epoch 4/50 - Val Metric: 0.9147
Epoch 5/50 - Train Loss: 0.3096 - Train Metric: 0.9109
Epoch 5/50 - Val Metric: 0.9148
Epoch 6/50 - Train Loss: 0.3087 - Train Metric: 0.9114
Epoch 6/50 - Val Metric: 0.9142
Epoch 7/50 - Train Loss: 0.3056 - Train Metric: 0.9132
Epoch 7/50 - Val Metric: 0.9164
Epoch 8/50 - Train Loss: 0.3037 - Train Metric: 0.9143
Epoch 8/50 - Val Metric: 0.9163
Epoch 9/50 - Train Loss: 0.3055 - Train Metric: 0.9132
Epoch 9/50 - Val Metric: 0.9158
Epoch 10/50 - Train Loss: 0.3037 - Train Metric: 0.9142
Epoch 10/50 - Val Metric: 0.9152
Epoch 11/50 - Train Loss: 0.3027 - Train Metric: 0.9150
Epoch 11/50 - Val Metric: 0.9154
Epoch 12/50 - Train Loss: 0.3025 - Train Metric: 0.9149
Epoch 12/50 - Val Metric: 0.9150
Epoch 13/50 - Train Loss: 0.3032 - Train Metric: 0.9145
Epoch 13/50 - Val Metric: 0.9165
Epoch 14/50 - Train Loss: 0.2991 - Train Metric: 0.9167
Epoch 14/50 - Val Metric: 0.9173
Epoch 15/50 - Train Loss: 0.2984 - Train Metric: 0.9171
Epoch 15/50 - Val Metric: 0.9169
Epoch 16/50 - Train Loss: 0.2990 - Train Metric: 0.9168
Epoch 16/50 - Val Metric: 0.9171
Epoch 17/50 - Train Loss: 0.2977 - Train Metric: 0.9174
Epoch 17/50 - Val Metric: 0.9178
Epoch 18/50 - Train Loss: 0.2982 - Train Metric: 0.9172
Epoch 18/50 - Val Metric: 0.9157
Epoch 19/50 - Train Loss: 0.3059 - Train Metric: 0.9132
Epoch 19/50 - Val Metric: 0.9056
Epoch 20/50 - Train Loss: 0.3234 - Train Metric: 0.9049
Epoch 20/50 - Val Metric: 0.9052
Epoch 21/50 - Train Loss: 0.3178 - Train Metric: 0.9075
Epoch 21/50 - Val Metric: 0.9157
Epoch 22/50 - Train Loss: 0.3093 - Train Metric: 0.9120
Epoch 22/50 - Val Metric: 0.9162
Epoch 23/50 - Train Loss: 0.3072 - Train Metric: 0.9129
Epoch 23/50 - Val Metric: 0.9160
Epoch 24/50 - Train Loss: 0.3047 - Train Metric: 0.9143
Epoch 24/50 - Val Metric: 0.9159
Epoch 25/50 - Train Loss: 0.3044 - Train Metric: 0.9146
Epoch 25/50 - Val Metric: 0.9155
Epoch 26/50 - Train Loss: 0.3008 - Train Metric: 0.9162
Epoch 26/50 - Val Metric: 0.9168
Epoch 27/50 - Train Loss: 0.2996 - Train Metric: 0.9168
Epoch 27/50 - Val Metric: 0.9176
Epoch 28/50 - Train Loss: 0.2980 - Train Metric: 0.9174
Epoch 28/50 - Val Metric: 0.9171
Epoch 29/50 - Train Loss: 0.2988 - Train Metric: 0.9170
Epoch 29/50 - Val Metric: 0.9168
Epoch 30/50 - Train Loss: 0.2982 - Train Metric: 0.9174
Epoch 30/50 - Val Metric: 0.9173
Epoch 31/50 - Train Loss: 0.2978 - Train Metric: 0.9173
Epoch 31/50 - Val Metric: 0.9174
Epoch 32/50 - Train Loss: 0.2971 - Train Metric: 0.9178
Epoch 32/50 - Val Metric: 0.9175
Epoch 33/50 - Train Loss: 0.2958 - Train Metric: 0.9185
Epoch 33/50 - Val Metric: 0.9174
Epoch 34/50 - Train Loss: 0.2963 - Train Metric: 0.9183
Epoch 34/50 - Val Metric: 0.9173
Epoch 35/50 - Train Loss: 0.2950 - Train Metric: 0.9189
Epoch 35/50 - Val Metric: 0.9173
Epoch 36/50 - Train Loss: 0.2952 - Train Metric: 0.9188
Epoch 36/50 - Val Metric: 0.9176
Epoch 37/50 - Train Loss: 0.2951 - Train Metric: 0.9189
Epoch 37/50 - Val Metric: 0.9175
Epoch 38/50 - Train Loss: 0.2947 - Train Metric: 0.9190
Epoch 38/50 - Val Metric: 0.9177
Epoch 39/50 - Train Loss: 0.2941 - Train Metric: 0.9193
Epoch 39/50 - Val Metric: 0.9176
Epoch 40/50 - Train Loss: 0.2947 - Train Metric: 0.9191
Epoch 40/50 - Val Metric: 0.9175
Epoch 41/50 - Train Loss: 0.2945 - Train Metric: 0.9194
Epoch 41/50 - Val Metric: 0.9176
Epoch 42/50 - Train Loss: 0.2937 - Train Metric: 0.9197
Epoch 42/50 - Val Metric: 0.9175
Epoch 43/50 - Train Loss: 0.2936 - Train Metric: 0.9196
Epoch 43/50 - Val Metric: 0.9176
Epoch 44/50 - Train Loss: 0.2939 - Train Metric: 0.9194
Epoch 44/50 - Val Metric: 0.9175
Epoch 45/50 - Train Loss: 0.2936 - Train Metric: 0.9199
Epoch 45/50 - Val Metric: 0.9175
Epoch 46/50 - Train Loss: 0.2930 - Train Metric: 0.9200
Epoch 46/50 - Val Metric: 0.9175
Epoch 47/50 - Train Loss: 0.2934 - Train Metric: 0.9198
Epoch 47/50 - Val Metric: 0.9177
Epoch 48/50 - Train Loss: 0.2926 - Train Metric: 0.9203
Epoch 48/50 - Val Metric: 0.9179
Epoch 49/50 - Train Loss: 0.2929 - Train Metric: 0.9201
Epoch 49/50 - Val Metric: 0.9173
Epoch 50/50 - Train Loss: 0.2926 - Train Metric: 0.9202
Epoch 50/50 - Val Metric: 0.9176
Best val: 0.9179, Best test: 0.9078
Training set has 39073 instances
Validation set has 4884 instances
Test set has 4885 instances
Epoch 1/50 - Train Loss: 0.4019 - Train Metric: 0.8408
Epoch 1/50 - Val Metric: 0.8789
Epoch 2/50 - Train Loss: 0.3613 - Train Metric: 0.8764
Epoch 2/50 - Val Metric: 0.8853
Epoch 3/50 - Train Loss: 0.3483 - Train Metric: 0.8861
Epoch 3/50 - Val Metric: 0.8965
Epoch 4/50 - Train Loss: 0.3334 - Train Metric: 0.8958
Epoch 4/50 - Val Metric: 0.9037
Epoch 5/50 - Train Loss: 0.3230 - Train Metric: 0.9026
Epoch 5/50 - Val Metric: 0.9044
Epoch 6/50 - Train Loss: 0.3221 - Train Metric: 0.9027
Epoch 6/50 - Val Metric: 0.9042
Epoch 7/50 - Train Loss: 0.3215 - Train Metric: 0.9031
Epoch 7/50 - Val Metric: 0.9047
Epoch 8/50 - Train Loss: 0.3184 - Train Metric: 0.9050
Epoch 8/50 - Val Metric: 0.9041
Epoch 9/50 - Train Loss: 0.3176 - Train Metric: 0.9059
Epoch 9/50 - Val Metric: 0.9053
Epoch 10/50 - Train Loss: 0.3147 - Train Metric: 0.9071
Epoch 10/50 - Val Metric: 0.9054
Epoch 11/50 - Train Loss: 0.3164 - Train Metric: 0.9063
Epoch 11/50 - Val Metric: 0.9057
Epoch 12/50 - Train Loss: 0.3142 - Train Metric: 0.9076
Epoch 12/50 - Val Metric: 0.9057
Epoch 13/50 - Train Loss: 0.3134 - Train Metric: 0.9081
Epoch 13/50 - Val Metric: 0.9062
Epoch 14/50 - Train Loss: 0.3123 - Train Metric: 0.9087
Epoch 14/50 - Val Metric: 0.9065
Epoch 15/50 - Train Loss: 0.3108 - Train Metric: 0.9095
Epoch 15/50 - Val Metric: 0.9071
Epoch 16/50 - Train Loss: 0.3117 - Train Metric: 0.9091
Epoch 16/50 - Val Metric: 0.9073
Epoch 17/50 - Train Loss: 0.3104 - Train Metric: 0.9098
Epoch 17/50 - Val Metric: 0.9077
Epoch 18/50 - Train Loss: 0.3098 - Train Metric: 0.9101
Epoch 18/50 - Val Metric: 0.9074
Epoch 19/50 - Train Loss: 0.3096 - Train Metric: 0.9103
Epoch 19/50 - Val Metric: 0.9078
Epoch 20/50 - Train Loss: 0.3096 - Train Metric: 0.9103
Epoch 20/50 - Val Metric: 0.9082
Epoch 21/50 - Train Loss: 0.3090 - Train Metric: 0.9106
Epoch 21/50 - Val Metric: 0.9083
Epoch 22/50 - Train Loss: 0.3088 - Train Metric: 0.9108
Epoch 22/50 - Val Metric: 0.9086
Epoch 23/50 - Train Loss: 0.3077 - Train Metric: 0.9115
Epoch 23/50 - Val Metric: 0.9087
Epoch 24/50 - Train Loss: 0.3083 - Train Metric: 0.9110
Epoch 24/50 - Val Metric: 0.9086
Epoch 25/50 - Train Loss: 0.3075 - Train Metric: 0.9114
Epoch 25/50 - Val Metric: 0.9091
Epoch 26/50 - Train Loss: 0.3066 - Train Metric: 0.9122
Epoch 26/50 - Val Metric: 0.9090
Epoch 27/50 - Train Loss: 0.3070 - Train Metric: 0.9118
Epoch 27/50 - Val Metric: 0.9091
Epoch 28/50 - Train Loss: 0.3069 - Train Metric: 0.9119
Epoch 28/50 - Val Metric: 0.9092
Epoch 29/50 - Train Loss: 0.3069 - Train Metric: 0.9120
Epoch 29/50 - Val Metric: 0.9093
Epoch 30/50 - Train Loss: 0.3059 - Train Metric: 0.9124
Epoch 30/50 - Val Metric: 0.9091
Epoch 31/50 - Train Loss: 0.3064 - Train Metric: 0.9122
Epoch 31/50 - Val Metric: 0.9092
Epoch 32/50 - Train Loss: 0.3061 - Train Metric: 0.9122
Epoch 32/50 - Val Metric: 0.9095
Epoch 33/50 - Train Loss: 0.3057 - Train Metric: 0.9126
Epoch 33/50 - Val Metric: 0.9095
Epoch 34/50 - Train Loss: 0.3050 - Train Metric: 0.9128
Epoch 34/50 - Val Metric: 0.9093
Epoch 35/50 - Train Loss: 0.3055 - Train Metric: 0.9126
Epoch 35/50 - Val Metric: 0.9095
Epoch 36/50 - Train Loss: 0.3045 - Train Metric: 0.9132
Epoch 36/50 - Val Metric: 0.9094
Epoch 37/50 - Train Loss: 0.3052 - Train Metric: 0.9128
Epoch 37/50 - Val Metric: 0.9093
Epoch 38/50 - Train Loss: 0.3058 - Train Metric: 0.9124
Epoch 38/50 - Val Metric: 0.9097
Epoch 39/50 - Train Loss: 0.3052 - Train Metric: 0.9128
Epoch 39/50 - Val Metric: 0.9097
Epoch 40/50 - Train Loss: 0.3046 - Train Metric: 0.9130
Epoch 40/50 - Val Metric: 0.9095
Epoch 41/50 - Train Loss: 0.3048 - Train Metric: 0.9129
Epoch 41/50 - Val Metric: 0.9095
Epoch 42/50 - Train Loss: 0.3048 - Train Metric: 0.9130
Epoch 42/50 - Val Metric: 0.9096
Epoch 43/50 - Train Loss: 0.3050 - Train Metric: 0.9128
Epoch 43/50 - Val Metric: 0.9096
Epoch 44/50 - Train Loss: 0.3053 - Train Metric: 0.9126
Epoch 44/50 - Val Metric: 0.9097
Epoch 45/50 - Train Loss: 0.3046 - Train Metric: 0.9130
Epoch 45/50 - Val Metric: 0.9096
Epoch 46/50 - Train Loss: 0.3046 - Train Metric: 0.9131
Epoch 46/50 - Val Metric: 0.9097
Epoch 47/50 - Train Loss: 0.3051 - Train Metric: 0.9129
Epoch 47/50 - Val Metric: 0.9096
Epoch 48/50 - Train Loss: 0.3044 - Train Metric: 0.9132
Epoch 48/50 - Val Metric: 0.9096
Epoch 49/50 - Train Loss: 0.3045 - Train Metric: 0.9133
Epoch 49/50 - Val Metric: 0.9096
Epoch 50/50 - Train Loss: 0.3045 - Train Metric: 0.9132
Epoch 50/50 - Val Metric: 0.9097
Best val: 0.9097, Best test: 0.9170
Training set has 39073 instances
Validation set has 4884 instances
Test set has 4885 instances
Epoch 1/50 - Train Loss: 0.3914 - Train Metric: 0.8470
Epoch 1/50 - Val Metric: 0.8982
Epoch 2/50 - Train Loss: 0.3256 - Train Metric: 0.9020
Epoch 2/50 - Val Metric: 0.9058
Epoch 3/50 - Train Loss: 0.3167 - Train Metric: 0.9074
Epoch 3/50 - Val Metric: 0.9085
Epoch 4/50 - Train Loss: 0.3147 - Train Metric: 0.9085
Epoch 4/50 - Val Metric: 0.9105
Epoch 5/50 - Train Loss: 0.3119 - Train Metric: 0.9102
Epoch 5/50 - Val Metric: 0.9117
Epoch 6/50 - Train Loss: 0.3142 - Train Metric: 0.9089
Epoch 6/50 - Val Metric: 0.9085
Epoch 7/50 - Train Loss: 0.3093 - Train Metric: 0.9118
Epoch 7/50 - Val Metric: 0.9119
Epoch 8/50 - Train Loss: 0.3068 - Train Metric: 0.9131
Epoch 8/50 - Val Metric: 0.9116
Epoch 9/50 - Train Loss: 0.3056 - Train Metric: 0.9140
Epoch 9/50 - Val Metric: 0.9125
Epoch 10/50 - Train Loss: 0.3053 - Train Metric: 0.9138
Epoch 10/50 - Val Metric: 0.9134
Epoch 11/50 - Train Loss: 0.3023 - Train Metric: 0.9155
Epoch 11/50 - Val Metric: 0.9140
Epoch 12/50 - Train Loss: 0.3017 - Train Metric: 0.9160
Epoch 12/50 - Val Metric: 0.9127
Epoch 13/50 - Train Loss: 0.3010 - Train Metric: 0.9161
Epoch 13/50 - Val Metric: 0.9138
Epoch 14/50 - Train Loss: 0.3004 - Train Metric: 0.9166
Epoch 14/50 - Val Metric: 0.9141
Epoch 15/50 - Train Loss: 0.2999 - Train Metric: 0.9167
Epoch 15/50 - Val Metric: 0.9133
Epoch 16/50 - Train Loss: 0.2988 - Train Metric: 0.9175
Epoch 16/50 - Val Metric: 0.9142
Epoch 17/50 - Train Loss: 0.2985 - Train Metric: 0.9175
Epoch 17/50 - Val Metric: 0.9144
Epoch 18/50 - Train Loss: 0.2969 - Train Metric: 0.9184
Epoch 18/50 - Val Metric: 0.9144
Epoch 19/50 - Train Loss: 0.2964 - Train Metric: 0.9188
Epoch 19/50 - Val Metric: 0.9149
Epoch 20/50 - Train Loss: 0.2958 - Train Metric: 0.9191
Epoch 20/50 - Val Metric: 0.9153
Epoch 21/50 - Train Loss: 0.2962 - Train Metric: 0.9187
Epoch 21/50 - Val Metric: 0.9149
Epoch 22/50 - Train Loss: 0.2945 - Train Metric: 0.9196
Epoch 22/50 - Val Metric: 0.9134
Epoch 23/50 - Train Loss: 0.2950 - Train Metric: 0.9194
Epoch 23/50 - Val Metric: 0.9124
Epoch 24/50 - Train Loss: 0.2933 - Train Metric: 0.9202
Epoch 24/50 - Val Metric: 0.9142
Epoch 25/50 - Train Loss: 0.2936 - Train Metric: 0.9203
Epoch 25/50 - Val Metric: 0.9149
Epoch 26/50 - Train Loss: 0.2928 - Train Metric: 0.9206
Epoch 26/50 - Val Metric: 0.9156
Epoch 27/50 - Train Loss: 0.2922 - Train Metric: 0.9208
Epoch 27/50 - Val Metric: 0.9148
Epoch 28/50 - Train Loss: 0.2921 - Train Metric: 0.9209
Epoch 28/50 - Val Metric: 0.9139
Epoch 29/50 - Train Loss: 0.2918 - Train Metric: 0.9213
Epoch 29/50 - Val Metric: 0.9160
Epoch 30/50 - Train Loss: 0.2915 - Train Metric: 0.9212
Epoch 30/50 - Val Metric: 0.9147
Epoch 31/50 - Train Loss: 0.2928 - Train Metric: 0.9206
Epoch 31/50 - Val Metric: 0.9143
Epoch 32/50 - Train Loss: 0.2917 - Train Metric: 0.9212
Epoch 32/50 - Val Metric: 0.9152
Epoch 33/50 - Train Loss: 0.2912 - Train Metric: 0.9214
Epoch 33/50 - Val Metric: 0.9137
Epoch 34/50 - Train Loss: 0.2905 - Train Metric: 0.9216
Epoch 34/50 - Val Metric: 0.9151
Epoch 35/50 - Train Loss: 0.2903 - Train Metric: 0.9218
Epoch 35/50 - Val Metric: 0.9135
Epoch 36/50 - Train Loss: 0.2911 - Train Metric: 0.9214
Epoch 36/50 - Val Metric: 0.9139
Epoch 37/50 - Train Loss: 0.2905 - Train Metric: 0.9217
Epoch 37/50 - Val Metric: 0.9150
Epoch 38/50 - Train Loss: 0.2899 - Train Metric: 0.9220
Epoch 38/50 - Val Metric: 0.9143
Epoch 39/50 - Train Loss: 0.2894 - Train Metric: 0.9223
Epoch 39/50 - Val Metric: 0.9141
Epoch 40/50 - Train Loss: 0.2899 - Train Metric: 0.9221
Epoch 40/50 - Val Metric: 0.9146
Epoch 41/50 - Train Loss: 0.2898 - Train Metric: 0.9220
Epoch 41/50 - Val Metric: 0.9149
Epoch 42/50 - Train Loss: 0.2902 - Train Metric: 0.9219
Epoch 42/50 - Val Metric: 0.9152
Epoch 43/50 - Train Loss: 0.2896 - Train Metric: 0.9221
Epoch 43/50 - Val Metric: 0.9145
Epoch 44/50 - Train Loss: 0.2900 - Train Metric: 0.9220
Epoch 44/50 - Val Metric: 0.9143
Epoch 45/50 - Train Loss: 0.2896 - Train Metric: 0.9222
Epoch 45/50 - Val Metric: 0.9149
Epoch 46/50 - Train Loss: 0.2893 - Train Metric: 0.9223
Epoch 46/50 - Val Metric: 0.9150
Epoch 47/50 - Train Loss: 0.2899 - Train Metric: 0.9219
Epoch 47/50 - Val Metric: 0.9147
Epoch 48/50 - Train Loss: 0.2898 - Train Metric: 0.9220
Epoch 48/50 - Val Metric: 0.9149
Epoch 49/50 - Train Loss: 0.2892 - Train Metric: 0.9223
Epoch 49/50 - Val Metric: 0.9147
Epoch 50/50 - Train Loss: 0.2889 - Train Metric: 0.9225
Epoch 50/50 - Val Metric: 0.9149
Best val: 0.9160, Best test: 0.9196
Training set has 39073 instances
Validation set has 4884 instances
Test set has 4885 instances
Epoch 1/50 - Train Loss: 0.3916 - Train Metric: 0.8498
Epoch 1/50 - Val Metric: 0.8861
Epoch 2/50 - Train Loss: 0.3501 - Train Metric: 0.8846
Epoch 2/50 - Val Metric: 0.8946
Epoch 3/50 - Train Loss: 0.3315 - Train Metric: 0.8970
Epoch 3/50 - Val Metric: 0.9034
Epoch 4/50 - Train Loss: 0.3256 - Train Metric: 0.9001
Epoch 4/50 - Val Metric: 0.9036
Epoch 5/50 - Train Loss: 0.3153 - Train Metric: 0.9067
Epoch 5/50 - Val Metric: 0.9055
Epoch 6/50 - Train Loss: 0.3147 - Train Metric: 0.9065
Epoch 6/50 - Val Metric: 0.9069
Epoch 7/50 - Train Loss: 0.3105 - Train Metric: 0.9090
Epoch 7/50 - Val Metric: 0.9068
Epoch 8/50 - Train Loss: 0.3095 - Train Metric: 0.9100
Epoch 8/50 - Val Metric: 0.9082
Epoch 9/50 - Train Loss: 0.3074 - Train Metric: 0.9109
Epoch 9/50 - Val Metric: 0.9085
Epoch 10/50 - Train Loss: 0.3088 - Train Metric: 0.9103
Epoch 10/50 - Val Metric: 0.9097
Epoch 11/50 - Train Loss: 0.3075 - Train Metric: 0.9113
Epoch 11/50 - Val Metric: 0.9104
Epoch 12/50 - Train Loss: 0.3035 - Train Metric: 0.9135
Epoch 12/50 - Val Metric: 0.9099
Epoch 13/50 - Train Loss: 0.3017 - Train Metric: 0.9144
Epoch 13/50 - Val Metric: 0.9090
Epoch 14/50 - Train Loss: 0.3044 - Train Metric: 0.9130
Epoch 14/50 - Val Metric: 0.9134
Epoch 15/50 - Train Loss: 0.2995 - Train Metric: 0.9154
Epoch 15/50 - Val Metric: 0.9127
Epoch 16/50 - Train Loss: 0.3040 - Train Metric: 0.9136
Epoch 16/50 - Val Metric: 0.9124
Epoch 17/50 - Train Loss: 0.2970 - Train Metric: 0.9172
Epoch 17/50 - Val Metric: 0.9131
Epoch 18/50 - Train Loss: 0.2995 - Train Metric: 0.9161
Epoch 18/50 - Val Metric: 0.9142
Epoch 19/50 - Train Loss: 0.2988 - Train Metric: 0.9162
Epoch 19/50 - Val Metric: 0.9132
Epoch 20/50 - Train Loss: 0.2963 - Train Metric: 0.9175
Epoch 20/50 - Val Metric: 0.9136
Epoch 21/50 - Train Loss: 0.2992 - Train Metric: 0.9161
Epoch 21/50 - Val Metric: 0.9145
Epoch 22/50 - Train Loss: 0.2938 - Train Metric: 0.9190
Epoch 22/50 - Val Metric: 0.9136
Epoch 23/50 - Train Loss: 0.2940 - Train Metric: 0.9191
Epoch 23/50 - Val Metric: 0.9116
Epoch 24/50 - Train Loss: 0.2931 - Train Metric: 0.9193
Epoch 24/50 - Val Metric: 0.9139
Epoch 25/50 - Train Loss: 0.2925 - Train Metric: 0.9198
Epoch 25/50 - Val Metric: 0.9114
Epoch 26/50 - Train Loss: 0.2933 - Train Metric: 0.9196
Epoch 26/50 - Val Metric: 0.9128
Epoch 27/50 - Train Loss: 0.2943 - Train Metric: 0.9188
Epoch 27/50 - Val Metric: 0.9115
Epoch 28/50 - Train Loss: 0.2908 - Train Metric: 0.9207
Epoch 28/50 - Val Metric: 0.9146
Epoch 29/50 - Train Loss: 0.2891 - Train Metric: 0.9218
Epoch 29/50 - Val Metric: 0.9131
Epoch 30/50 - Train Loss: 0.2894 - Train Metric: 0.9215
Epoch 30/50 - Val Metric: 0.9101
Epoch 31/50 - Train Loss: 0.2875 - Train Metric: 0.9226
Epoch 31/50 - Val Metric: 0.9116
Epoch 32/50 - Train Loss: 0.2882 - Train Metric: 0.9224
Epoch 32/50 - Val Metric: 0.9125
Epoch 33/50 - Train Loss: 0.2872 - Train Metric: 0.9228
Epoch 33/50 - Val Metric: 0.9142
Epoch 34/50 - Train Loss: 0.2858 - Train Metric: 0.9236
Epoch 34/50 - Val Metric: 0.9136
Epoch 35/50 - Train Loss: 0.2883 - Train Metric: 0.9226
Epoch 35/50 - Val Metric: 0.9118
Epoch 36/50 - Train Loss: 0.2829 - Train Metric: 0.9252
Epoch 36/50 - Val Metric: 0.9128
Epoch 37/50 - Train Loss: 0.2855 - Train Metric: 0.9240
Epoch 37/50 - Val Metric: 0.9103
Epoch 38/50 - Train Loss: 0.2873 - Train Metric: 0.9229
Epoch 38/50 - Val Metric: 0.9137
Epoch 39/50 - Train Loss: 0.2833 - Train Metric: 0.9252
Epoch 39/50 - Val Metric: 0.9111
Epoch 40/50 - Train Loss: 0.2810 - Train Metric: 0.9263
Epoch 40/50 - Val Metric: 0.9126
Epoch 41/50 - Train Loss: 0.2814 - Train Metric: 0.9263
Epoch 41/50 - Val Metric: 0.9126
Epoch 42/50 - Train Loss: 0.2831 - Train Metric: 0.9256
Epoch 42/50 - Val Metric: 0.9129
Epoch 43/50 - Train Loss: 0.2772 - Train Metric: 0.9283
Epoch 43/50 - Val Metric: 0.9117
Epoch 44/50 - Train Loss: 0.2809 - Train Metric: 0.9262
Epoch 44/50 - Val Metric: 0.9075
Epoch 45/50 - Train Loss: 0.2845 - Train Metric: 0.9243
Epoch 45/50 - Val Metric: 0.9127
Epoch 46/50 - Train Loss: 0.2758 - Train Metric: 0.9293
Epoch 46/50 - Val Metric: 0.9087
Epoch 47/50 - Train Loss: 0.2803 - Train Metric: 0.9268
Epoch 47/50 - Val Metric: 0.9125
Epoch 48/50 - Train Loss: 0.2825 - Train Metric: 0.9261
Epoch 48/50 - Val Metric: 0.9083
Epoch 49/50 - Train Loss: 0.2761 - Train Metric: 0.9291
Epoch 49/50 - Val Metric: 0.9107
Epoch 50/50 - Train Loss: 0.2776 - Train Metric: 0.9285
Epoch 50/50 - Val Metric: 0.9071
Best val: 0.9146, Best test: 0.9127
Training set has 39073 instances
Validation set has 4884 instances
Test set has 4885 instances
Epoch 1/50 - Train Loss: 0.3865 - Train Metric: 0.8569
Epoch 1/50 - Val Metric: 0.8820
Epoch 2/50 - Train Loss: 0.3497 - Train Metric: 0.8866
Epoch 2/50 - Val Metric: 0.9040
Epoch 3/50 - Train Loss: 0.3328 - Train Metric: 0.8971
Epoch 3/50 - Val Metric: 0.9088
Epoch 4/50 - Train Loss: 0.3229 - Train Metric: 0.9032
Epoch 4/50 - Val Metric: 0.9115
Epoch 5/50 - Train Loss: 0.3207 - Train Metric: 0.9045
Epoch 5/50 - Val Metric: 0.9127
Epoch 6/50 - Train Loss: 0.3172 - Train Metric: 0.9064
Epoch 6/50 - Val Metric: 0.9123
Epoch 7/50 - Train Loss: 0.3144 - Train Metric: 0.9078
Epoch 7/50 - Val Metric: 0.9162
Epoch 8/50 - Train Loss: 0.3141 - Train Metric: 0.9080
Epoch 8/50 - Val Metric: 0.9137
Epoch 9/50 - Train Loss: 0.3132 - Train Metric: 0.9089
Epoch 9/50 - Val Metric: 0.9158
Epoch 10/50 - Train Loss: 0.3097 - Train Metric: 0.9108
Epoch 10/50 - Val Metric: 0.9170
Epoch 11/50 - Train Loss: 0.3070 - Train Metric: 0.9126
Epoch 11/50 - Val Metric: 0.9185
Epoch 12/50 - Train Loss: 0.3089 - Train Metric: 0.9115
Epoch 12/50 - Val Metric: 0.9190
Epoch 13/50 - Train Loss: 0.3067 - Train Metric: 0.9128
Epoch 13/50 - Val Metric: 0.9172
Epoch 14/50 - Train Loss: 0.3053 - Train Metric: 0.9138
Epoch 14/50 - Val Metric: 0.9057
Epoch 15/50 - Train Loss: 0.3066 - Train Metric: 0.9129
Epoch 15/50 - Val Metric: 0.9183
Epoch 16/50 - Train Loss: 0.3027 - Train Metric: 0.9147
Epoch 16/50 - Val Metric: 0.9177
Epoch 17/50 - Train Loss: 0.3016 - Train Metric: 0.9153
Epoch 17/50 - Val Metric: 0.9177
Epoch 18/50 - Train Loss: 0.3009 - Train Metric: 0.9159
Epoch 18/50 - Val Metric: 0.9179
Epoch 19/50 - Train Loss: 0.3020 - Train Metric: 0.9155
Epoch 19/50 - Val Metric: 0.9193
Epoch 20/50 - Train Loss: 0.3014 - Train Metric: 0.9158
Epoch 20/50 - Val Metric: 0.9158
Epoch 21/50 - Train Loss: 0.2996 - Train Metric: 0.9168
Epoch 21/50 - Val Metric: 0.9177
Epoch 22/50 - Train Loss: 0.2993 - Train Metric: 0.9170
Epoch 22/50 - Val Metric: 0.9190
Epoch 23/50 - Train Loss: 0.2979 - Train Metric: 0.9173
Epoch 23/50 - Val Metric: 0.9196
Epoch 24/50 - Train Loss: 0.2971 - Train Metric: 0.9181
Epoch 24/50 - Val Metric: 0.9171
Epoch 25/50 - Train Loss: 0.2977 - Train Metric: 0.9177
Epoch 25/50 - Val Metric: 0.9169
Epoch 26/50 - Train Loss: 0.2961 - Train Metric: 0.9188
Epoch 26/50 - Val Metric: 0.9167
Epoch 27/50 - Train Loss: 0.2972 - Train Metric: 0.9181
Epoch 27/50 - Val Metric: 0.9194
Epoch 28/50 - Train Loss: 0.2965 - Train Metric: 0.9185
Epoch 28/50 - Val Metric: 0.9171
Epoch 29/50 - Train Loss: 0.2956 - Train Metric: 0.9190
Epoch 29/50 - Val Metric: 0.9184
Epoch 30/50 - Train Loss: 0.2943 - Train Metric: 0.9194
Epoch 30/50 - Val Metric: 0.9193
Epoch 31/50 - Train Loss: 0.2940 - Train Metric: 0.9198
Epoch 31/50 - Val Metric: 0.9180
Epoch 32/50 - Train Loss: 0.2917 - Train Metric: 0.9213
Epoch 32/50 - Val Metric: 0.9180
Epoch 33/50 - Train Loss: 0.2915 - Train Metric: 0.9210
Epoch 33/50 - Val Metric: 0.9177
Epoch 34/50 - Train Loss: 0.2910 - Train Metric: 0.9215
Epoch 34/50 - Val Metric: 0.9165
Epoch 35/50 - Train Loss: 0.2915 - Train Metric: 0.9213
Epoch 35/50 - Val Metric: 0.9176
Epoch 36/50 - Train Loss: 0.2904 - Train Metric: 0.9221
Epoch 36/50 - Val Metric: 0.9172
Epoch 37/50 - Train Loss: 0.2895 - Train Metric: 0.9223
Epoch 37/50 - Val Metric: 0.9137
Epoch 38/50 - Train Loss: 0.2937 - Train Metric: 0.9204
Epoch 38/50 - Val Metric: 0.9169
Epoch 39/50 - Train Loss: 0.2880 - Train Metric: 0.9232
Epoch 39/50 - Val Metric: 0.9154
Epoch 40/50 - Train Loss: 0.2866 - Train Metric: 0.9239
Epoch 40/50 - Val Metric: 0.9187
Epoch 41/50 - Train Loss: 0.2873 - Train Metric: 0.9236
Epoch 41/50 - Val Metric: 0.9161
Epoch 42/50 - Train Loss: 0.2868 - Train Metric: 0.9239
Epoch 42/50 - Val Metric: 0.9154
Epoch 43/50 - Train Loss: 0.2858 - Train Metric: 0.9246
Epoch 43/50 - Val Metric: 0.9160
Epoch 44/50 - Train Loss: 0.2851 - Train Metric: 0.9248
Epoch 44/50 - Val Metric: 0.9181
Epoch 45/50 - Train Loss: 0.2823 - Train Metric: 0.9262
Epoch 45/50 - Val Metric: 0.9193
Epoch 46/50 - Train Loss: 0.2833 - Train Metric: 0.9257
Epoch 46/50 - Val Metric: 0.9151
Epoch 47/50 - Train Loss: 0.2824 - Train Metric: 0.9262
Epoch 47/50 - Val Metric: 0.9193
Epoch 48/50 - Train Loss: 0.2818 - Train Metric: 0.9266
Epoch 48/50 - Val Metric: 0.9160
Epoch 49/50 - Train Loss: 0.2813 - Train Metric: 0.9271
Epoch 49/50 - Val Metric: 0.9176
Epoch 50/50 - Train Loss: 0.2806 - Train Metric: 0.9274
Epoch 50/50 - Val Metric: 0.9148
Best val: 0.9196, Best test: 0.9150
Training set has 39073 instances
Validation set has 4884 instances
Test set has 4885 instances
Epoch 1/50 - Train Loss: 0.3885 - Train Metric: 0.8542
Epoch 1/50 - Val Metric: 0.8848
Training set has 39073 instances
Validation set has 4884 instances
Test set has 4885 instances
Epoch 1/50 - Train Loss: 0.3845 - Train Metric: 0.8574
Epoch 1/50 - Val Metric: 0.8820
Training set has 39073 instances
Validation set has 4884 instances
Test set has 4885 instances
Training set has 39073 instances
Validation set has 4884 instances
Test set has 4885 instances
Epoch 1/50 - Train Loss: 0.4181 - Train Metric: 0.8130
Epoch 1/50 - Val Metric: 0.9128
Epoch 2/50 - Train Loss: 0.3215 - Train Metric: 0.9035
Epoch 2/50 - Val Metric: 0.9176
Epoch 3/50 - Train Loss: 0.3122 - Train Metric: 0.9092
Epoch 3/50 - Val Metric: 0.9184
Epoch 4/50 - Train Loss: 0.3126 - Train Metric: 0.9088
Epoch 4/50 - Val Metric: 0.9196
Epoch 5/50 - Train Loss: 0.3085 - Train Metric: 0.9110
Epoch 5/50 - Val Metric: 0.9179
Epoch 6/50 - Train Loss: 0.3085 - Train Metric: 0.9112
Epoch 6/50 - Val Metric: 0.9191
Epoch 7/50 - Train Loss: 0.3066 - Train Metric: 0.9122
Epoch 7/50 - Val Metric: 0.9193
Epoch 8/50 - Train Loss: 0.3050 - Train Metric: 0.9132
Epoch 8/50 - Val Metric: 0.9172
Epoch 9/50 - Train Loss: 0.3042 - Train Metric: 0.9135
Epoch 9/50 - Val Metric: 0.9204
Epoch 10/50 - Train Loss: 0.3023 - Train Metric: 0.9146
Epoch 10/50 - Val Metric: 0.9217
Epoch 11/50 - Train Loss: 0.3013 - Train Metric: 0.9150
Epoch 11/50 - Val Metric: 0.9220
Epoch 12/50 - Train Loss: 0.3000 - Train Metric: 0.9159
Epoch 12/50 - Val Metric: 0.9210
Epoch 13/50 - Train Loss: 0.3008 - Train Metric: 0.9156
Epoch 13/50 - Val Metric: 0.9221
Epoch 14/50 - Train Loss: 0.3006 - Train Metric: 0.9154
Epoch 14/50 - Val Metric: 0.9182
Epoch 15/50 - Train Loss: 0.2988 - Train Metric: 0.9164
Epoch 15/50 - Val Metric: 0.9202
Epoch 16/50 - Train Loss: 0.2986 - Train Metric: 0.9165
Epoch 16/50 - Val Metric: 0.9217
Epoch 17/50 - Train Loss: 0.2985 - Train Metric: 0.9166
Epoch 17/50 - Val Metric: 0.9209
Epoch 18/50 - Train Loss: 0.2980 - Train Metric: 0.9172
Epoch 18/50 - Val Metric: 0.9214
Epoch 19/50 - Train Loss: 0.2964 - Train Metric: 0.9181
Epoch 19/50 - Val Metric: 0.9208
Epoch 20/50 - Train Loss: 0.2962 - Train Metric: 0.9182
Epoch 20/50 - Val Metric: 0.9219
Epoch 21/50 - Train Loss: 0.2940 - Train Metric: 0.9193
Epoch 21/50 - Val Metric: 0.9219
Epoch 22/50 - Train Loss: 0.2945 - Train Metric: 0.9190
Epoch 22/50 - Val Metric: 0.9198
Epoch 23/50 - Train Loss: 0.2938 - Train Metric: 0.9193
Epoch 23/50 - Val Metric: 0.9220
Epoch 24/50 - Train Loss: 0.2926 - Train Metric: 0.9199
Epoch 24/50 - Val Metric: 0.9212
Epoch 25/50 - Train Loss: 0.2928 - Train Metric: 0.9201
Epoch 25/50 - Val Metric: 0.9216
Epoch 26/50 - Train Loss: 0.2927 - Train Metric: 0.9199
Epoch 26/50 - Val Metric: 0.9210
Epoch 27/50 - Train Loss: 0.2923 - Train Metric: 0.9202
Epoch 27/50 - Val Metric: 0.9218
Epoch 28/50 - Train Loss: 0.2914 - Train Metric: 0.9207
Epoch 28/50 - Val Metric: 0.9217
Epoch 29/50 - Train Loss: 0.2907 - Train Metric: 0.9211
Epoch 29/50 - Val Metric: 0.9221
Epoch 30/50 - Train Loss: 0.2898 - Train Metric: 0.9217
Epoch 30/50 - Val Metric: 0.9204
Epoch 31/50 - Train Loss: 0.2900 - Train Metric: 0.9215
Epoch 31/50 - Val Metric: 0.9210
Epoch 32/50 - Train Loss: 0.2903 - Train Metric: 0.9212
Epoch 32/50 - Val Metric: 0.9193
Epoch 33/50 - Train Loss: 0.2895 - Train Metric: 0.9217
Epoch 33/50 - Val Metric: 0.9211
Epoch 34/50 - Train Loss: 0.2884 - Train Metric: 0.9221
Epoch 34/50 - Val Metric: 0.9206
Epoch 35/50 - Train Loss: 0.2881 - Train Metric: 0.9224
Epoch 35/50 - Val Metric: 0.9212
Epoch 36/50 - Train Loss: 0.2869 - Train Metric: 0.9231
Epoch 36/50 - Val Metric: 0.9193
Epoch 37/50 - Train Loss: 0.2855 - Train Metric: 0.9237
Epoch 37/50 - Val Metric: 0.9211
Epoch 38/50 - Train Loss: 0.2833 - Train Metric: 0.9249
Epoch 38/50 - Val Metric: 0.9203
Epoch 39/50 - Train Loss: 0.2835 - Train Metric: 0.9249
Epoch 39/50 - Val Metric: 0.9216
Epoch 40/50 - Train Loss: 0.2809 - Train Metric: 0.9262
Epoch 40/50 - Val Metric: 0.9203
Epoch 41/50 - Train Loss: 0.2820 - Train Metric: 0.9256
Epoch 41/50 - Val Metric: 0.9222
Epoch 42/50 - Train Loss: 0.2791 - Train Metric: 0.9271
Epoch 42/50 - Val Metric: 0.9205
Epoch 43/50 - Train Loss: 0.2784 - Train Metric: 0.9274
Epoch 43/50 - Val Metric: 0.9230
Epoch 44/50 - Train Loss: 0.2773 - Train Metric: 0.9281
Epoch 44/50 - Val Metric: 0.9233
Epoch 45/50 - Train Loss: 0.2757 - Train Metric: 0.9291
Epoch 45/50 - Val Metric: 0.9206
Epoch 46/50 - Train Loss: 0.2788 - Train Metric: 0.9275
Epoch 46/50 - Val Metric: 0.9209
Epoch 47/50 - Train Loss: 0.2769 - Train Metric: 0.9281
Epoch 47/50 - Val Metric: 0.9204
Epoch 48/50 - Train Loss: 0.2756 - Train Metric: 0.9289
Epoch 48/50 - Val Metric: 0.9205
Epoch 49/50 - Train Loss: 0.2730 - Train Metric: 0.9305
Epoch 49/50 - Val Metric: 0.9205
Epoch 50/50 - Train Loss: 0.2719 - Train Metric: 0.9310
Epoch 50/50 - Val Metric: 0.9199
Best val: 0.9233, Best test: 0.9152
Training set has 39073 instances
Validation set has 4884 instances
Test set has 4885 instances
Epoch 1/50 - Train Loss: 0.3885 - Train Metric: 0.8537
Epoch 1/50 - Val Metric: 0.8909
Training set has 39073 instances
Validation set has 4884 instances
Test set has 4885 instances
Epoch 1/50 - Train Loss: 0.3726 - Train Metric: 0.8661
Epoch 1/50 - Val Metric: 0.8921
Epoch 2/50 - Train Loss: 0.3216 - Train Metric: 0.9027
Epoch 2/50 - Val Metric: 0.9128
Epoch 3/50 - Train Loss: 0.3154 - Train Metric: 0.9060
Epoch 3/50 - Val Metric: 0.9114
Epoch 4/50 - Train Loss: 0.3117 - Train Metric: 0.9084
Epoch 4/50 - Val Metric: 0.9121
Epoch 5/50 - Train Loss: 0.3082 - Train Metric: 0.9106
Epoch 5/50 - Val Metric: 0.9173
Epoch 6/50 - Train Loss: 0.3052 - Train Metric: 0.9124
Epoch 6/50 - Val Metric: 0.9165
Epoch 7/50 - Train Loss: 0.3042 - Train Metric: 0.9128
Epoch 7/50 - Val Metric: 0.9163
Epoch 8/50 - Train Loss: 0.3040 - Train Metric: 0.9132
Epoch 8/50 - Val Metric: 0.9157
Epoch 9/50 - Train Loss: 0.3039 - Train Metric: 0.9132
Epoch 9/50 - Val Metric: 0.9179
Epoch 10/50 - Train Loss: 0.3019 - Train Metric: 0.9143
Epoch 10/50 - Val Metric: 0.9177
Epoch 11/50 - Train Loss: 0.3014 - Train Metric: 0.9147
Epoch 11/50 - Val Metric: 0.9182
Epoch 12/50 - Train Loss: 0.2995 - Train Metric: 0.9154
Epoch 12/50 - Val Metric: 0.9176
Epoch 13/50 - Train Loss: 0.2991 - Train Metric: 0.9159
Epoch 13/50 - Val Metric: 0.9192
Epoch 14/50 - Train Loss: 0.2967 - Train Metric: 0.9171
Epoch 14/50 - Val Metric: 0.9195
Epoch 15/50 - Train Loss: 0.2991 - Train Metric: 0.9158
Epoch 15/50 - Val Metric: 0.9194
Epoch 16/50 - Train Loss: 0.2973 - Train Metric: 0.9170
Epoch 16/50 - Val Metric: 0.9181
Epoch 17/50 - Train Loss: 0.2958 - Train Metric: 0.9177
Epoch 17/50 - Val Metric: 0.9188
Epoch 18/50 - Train Loss: 0.2941 - Train Metric: 0.9185
Epoch 18/50 - Val Metric: 0.9180
Epoch 19/50 - Train Loss: 0.2939 - Train Metric: 0.9186
Epoch 19/50 - Val Metric: 0.9201
Epoch 20/50 - Train Loss: 0.2942 - Train Metric: 0.9186
Epoch 20/50 - Val Metric: 0.9177
Epoch 21/50 - Train Loss: 0.2927 - Train Metric: 0.9194
Epoch 21/50 - Val Metric: 0.9199
Epoch 22/50 - Train Loss: 0.2898 - Train Metric: 0.9206
Epoch 22/50 - Val Metric: 0.9201
Epoch 23/50 - Train Loss: 0.2884 - Train Metric: 0.9216
Epoch 23/50 - Val Metric: 0.9202
Epoch 24/50 - Train Loss: 0.2882 - Train Metric: 0.9216
Epoch 24/50 - Val Metric: 0.9202
Epoch 25/50 - Train Loss: 0.2869 - Train Metric: 0.9222
Epoch 25/50 - Val Metric: 0.9180
Epoch 26/50 - Train Loss: 0.2862 - Train Metric: 0.9225
Epoch 26/50 - Val Metric: 0.9191
Epoch 27/50 - Train Loss: 0.2851 - Train Metric: 0.9234
Epoch 27/50 - Val Metric: 0.9197
Epoch 28/50 - Train Loss: 0.2850 - Train Metric: 0.9235
Epoch 28/50 - Val Metric: 0.9188
Epoch 29/50 - Train Loss: 0.2845 - Train Metric: 0.9236
Epoch 29/50 - Val Metric: 0.9197
Epoch 30/50 - Train Loss: 0.2822 - Train Metric: 0.9248
Epoch 30/50 - Val Metric: 0.9199
Epoch 31/50 - Train Loss: 0.2811 - Train Metric: 0.9255
Epoch 31/50 - Val Metric: 0.9186
Epoch 32/50 - Train Loss: 0.2812 - Train Metric: 0.9255
Epoch 32/50 - Val Metric: 0.9181
Epoch 33/50 - Train Loss: 0.2806 - Train Metric: 0.9257
Epoch 33/50 - Val Metric: 0.9184
Epoch 34/50 - Train Loss: 0.2798 - Train Metric: 0.9262
Epoch 34/50 - Val Metric: 0.9197
Epoch 35/50 - Train Loss: 0.2784 - Train Metric: 0.9269
Epoch 35/50 - Val Metric: 0.9188
Epoch 36/50 - Train Loss: 0.2789 - Train Metric: 0.9269
Epoch 36/50 - Val Metric: 0.9167
Epoch 37/50 - Train Loss: 0.2783 - Train Metric: 0.9273
Epoch 37/50 - Val Metric: 0.9169
Epoch 38/50 - Train Loss: 0.2763 - Train Metric: 0.9284
Epoch 38/50 - Val Metric: 0.9169
Epoch 39/50 - Train Loss: 0.2748 - Train Metric: 0.9291
Epoch 39/50 - Val Metric: 0.9157
Epoch 40/50 - Train Loss: 0.2739 - Train Metric: 0.9294
Epoch 40/50 - Val Metric: 0.9173
Epoch 41/50 - Train Loss: 0.2725 - Train Metric: 0.9303
Epoch 41/50 - Val Metric: 0.9174
Epoch 42/50 - Train Loss: 0.2719 - Train Metric: 0.9306
Epoch 42/50 - Val Metric: 0.9154
Epoch 43/50 - Train Loss: 0.2723 - Train Metric: 0.9306
Epoch 43/50 - Val Metric: 0.9127
Epoch 44/50 - Train Loss: 0.2726 - Train Metric: 0.9302
Epoch 44/50 - Val Metric: 0.9143
Epoch 45/50 - Train Loss: 0.2703 - Train Metric: 0.9315
Epoch 45/50 - Val Metric: 0.9151
Epoch 46/50 - Train Loss: 0.2678 - Train Metric: 0.9327
Epoch 46/50 - Val Metric: 0.9149
Epoch 47/50 - Train Loss: 0.2676 - Train Metric: 0.9329
Epoch 47/50 - Val Metric: 0.9130
Epoch 48/50 - Train Loss: 0.2671 - Train Metric: 0.9332
Epoch 48/50 - Val Metric: 0.9145
Epoch 49/50 - Train Loss: 0.2661 - Train Metric: 0.9337
Epoch 49/50 - Val Metric: 0.9132
Epoch 50/50 - Train Loss: 0.2640 - Train Metric: 0.9348
Epoch 50/50 - Val Metric: 0.9134
Best val: 0.9202, Best test: 0.9203
Training set has 39073 instances
Validation set has 4884 instances
Test set has 4885 instances
Epoch 1/50 - Train Loss: 0.3818 - Train Metric: 0.8586
Epoch 1/50 - Val Metric: 0.9043
Epoch 2/50 - Train Loss: 0.3251 - Train Metric: 0.9018
Epoch 2/50 - Val Metric: 0.9094
Epoch 3/50 - Train Loss: 0.3186 - Train Metric: 0.9060
Epoch 3/50 - Val Metric: 0.9117
Epoch 4/50 - Train Loss: 0.3130 - Train Metric: 0.9091
Epoch 4/50 - Val Metric: 0.9123
Epoch 5/50 - Train Loss: 0.3129 - Train Metric: 0.9089
Epoch 5/50 - Val Metric: 0.9138
Epoch 6/50 - Train Loss: 0.3111 - Train Metric: 0.9103
Epoch 6/50 - Val Metric: 0.9137
Training set has 39073 instances
Validation set has 4884 instances
Test set has 4885 instances
Epoch 1/50 - Train Loss: 0.3784 - Train Metric: 0.8628
Epoch 1/50 - Val Metric: 0.9110
Epoch 2/50 - Train Loss: 0.3178 - Train Metric: 0.9064
Epoch 2/50 - Val Metric: 0.9134
Epoch 3/50 - Train Loss: 0.3119 - Train Metric: 0.9096
Epoch 3/50 - Val Metric: 0.9169
Epoch 4/50 - Train Loss: 0.3106 - Train Metric: 0.9100
Epoch 4/50 - Val Metric: 0.9184
Epoch 5/50 - Train Loss: 0.3097 - Train Metric: 0.9102
Epoch 5/50 - Val Metric: 0.9179
Epoch 6/50 - Train Loss: 0.3064 - Train Metric: 0.9122
Epoch 6/50 - Val Metric: 0.9190
Epoch 7/50 - Train Loss: 0.3049 - Train Metric: 0.9131
Epoch 7/50 - Val Metric: 0.9190
Epoch 8/50 - Train Loss: 0.3030 - Train Metric: 0.9140
Epoch 8/50 - Val Metric: 0.9197
Epoch 9/50 - Train Loss: 0.3030 - Train Metric: 0.9139
Epoch 9/50 - Val Metric: 0.9206
Epoch 10/50 - Train Loss: 0.3013 - Train Metric: 0.9150
Epoch 10/50 - Val Metric: 0.9202
Epoch 11/50 - Train Loss: 0.3004 - Train Metric: 0.9155
Epoch 11/50 - Val Metric: 0.9211
Epoch 12/50 - Train Loss: 0.3011 - Train Metric: 0.9155
Epoch 12/50 - Val Metric: 0.9209
Epoch 13/50 - Train Loss: 0.2983 - Train Metric: 0.9167
Epoch 13/50 - Val Metric: 0.9209
Epoch 14/50 - Train Loss: 0.2980 - Train Metric: 0.9168
Epoch 14/50 - Val Metric: 0.9211
Epoch 15/50 - Train Loss: 0.2971 - Train Metric: 0.9175
Epoch 15/50 - Val Metric: 0.9209
Epoch 16/50 - Train Loss: 0.2957 - Train Metric: 0.9183
Epoch 16/50 - Val Metric: 0.9211
Epoch 17/50 - Train Loss: 0.2950 - Train Metric: 0.9187
Epoch 17/50 - Val Metric: 0.9223
Epoch 18/50 - Train Loss: 0.2945 - Train Metric: 0.9191
Epoch 18/50 - Val Metric: 0.9230
Epoch 19/50 - Train Loss: 0.2931 - Train Metric: 0.9198
Epoch 19/50 - Val Metric: 0.9230
Epoch 20/50 - Train Loss: 0.2918 - Train Metric: 0.9206
Epoch 20/50 - Val Metric: 0.9226
Epoch 21/50 - Train Loss: 0.2939 - Train Metric: 0.9194
Epoch 21/50 - Val Metric: 0.9234
Epoch 22/50 - Train Loss: 0.2897 - Train Metric: 0.9218
Epoch 22/50 - Val Metric: 0.9217
Epoch 23/50 - Train Loss: 0.2905 - Train Metric: 0.9214
Epoch 23/50 - Val Metric: 0.9230
Epoch 24/50 - Train Loss: 0.2880 - Train Metric: 0.9226
Epoch 24/50 - Val Metric: 0.9233
Epoch 25/50 - Train Loss: 0.2892 - Train Metric: 0.9220
Epoch 25/50 - Val Metric: 0.9224
Epoch 26/50 - Train Loss: 0.2878 - Train Metric: 0.9230
Epoch 26/50 - Val Metric: 0.9237
Epoch 27/50 - Train Loss: 0.2866 - Train Metric: 0.9234
Epoch 27/50 - Val Metric: 0.9220
Epoch 28/50 - Train Loss: 0.2864 - Train Metric: 0.9235
Epoch 28/50 - Val Metric: 0.9223
Epoch 29/50 - Train Loss: 0.2844 - Train Metric: 0.9245
Epoch 29/50 - Val Metric: 0.9220
Epoch 30/50 - Train Loss: 0.2851 - Train Metric: 0.9242
Epoch 30/50 - Val Metric: 0.9224
Epoch 31/50 - Train Loss: 0.2846 - Train Metric: 0.9245
Epoch 31/50 - Val Metric: 0.9234
Epoch 32/50 - Train Loss: 0.2834 - Train Metric: 0.9248
Epoch 32/50 - Val Metric: 0.9234
Epoch 33/50 - Train Loss: 0.2819 - Train Metric: 0.9259
Epoch 33/50 - Val Metric: 0.9191
Epoch 34/50 - Train Loss: 0.2834 - Train Metric: 0.9249
Epoch 34/50 - Val Metric: 0.9231
Epoch 35/50 - Train Loss: 0.2801 - Train Metric: 0.9266
Epoch 35/50 - Val Metric: 0.9232
Epoch 36/50 - Train Loss: 0.2790 - Train Metric: 0.9274
Epoch 36/50 - Val Metric: 0.9228
Epoch 37/50 - Train Loss: 0.2791 - Train Metric: 0.9272
Epoch 37/50 - Val Metric: 0.9227
Epoch 38/50 - Train Loss: 0.2779 - Train Metric: 0.9280
Epoch 38/50 - Val Metric: 0.9227
Epoch 39/50 - Train Loss: 0.2790 - Train Metric: 0.9274
Epoch 39/50 - Val Metric: 0.9223
Epoch 40/50 - Train Loss: 0.2770 - Train Metric: 0.9284
Epoch 40/50 - Val Metric: 0.9225
Epoch 41/50 - Train Loss: 0.2759 - Train Metric: 0.9289
Epoch 41/50 - Val Metric: 0.9236
Epoch 42/50 - Train Loss: 0.2750 - Train Metric: 0.9294
Epoch 42/50 - Val Metric: 0.9216
Epoch 43/50 - Train Loss: 0.2741 - Train Metric: 0.9299
Epoch 43/50 - Val Metric: 0.9226
Epoch 44/50 - Train Loss: 0.2730 - Train Metric: 0.9306
Epoch 44/50 - Val Metric: 0.9233
Epoch 45/50 - Train Loss: 0.2723 - Train Metric: 0.9309
Epoch 45/50 - Val Metric: 0.9205
Epoch 46/50 - Train Loss: 0.2719 - Train Metric: 0.9312
Epoch 46/50 - Val Metric: 0.9222
Epoch 47/50 - Train Loss: 0.2708 - Train Metric: 0.9317
Epoch 47/50 - Val Metric: 0.9212
Epoch 48/50 - Train Loss: 0.2727 - Train Metric: 0.9308
Epoch 48/50 - Val Metric: 0.9202
Epoch 49/50 - Train Loss: 0.2733 - Train Metric: 0.9303
Epoch 49/50 - Val Metric: 0.9201
Epoch 50/50 - Train Loss: 0.2693 - Train Metric: 0.9325
Epoch 50/50 - Val Metric: 0.9207
Best val: 0.9237, Best test: 0.9163
Training set has 39073 instances
Validation set has 4884 instances
Test set has 4885 instances
Epoch 1/50 - Train Loss: 0.3620 - Train Metric: 0.8748
Epoch 1/50 - Val Metric: 0.9131
Epoch 2/50 - Train Loss: 0.3182 - Train Metric: 0.9053
Epoch 2/50 - Val Metric: 0.9166
Epoch 3/50 - Train Loss: 0.3161 - Train Metric: 0.9066
Epoch 3/50 - Val Metric: 0.9180
Epoch 4/50 - Train Loss: 0.3098 - Train Metric: 0.9102
Epoch 4/50 - Val Metric: 0.9176
Epoch 5/50 - Train Loss: 0.3086 - Train Metric: 0.9110
Epoch 5/50 - Val Metric: 0.9205
Epoch 6/50 - Train Loss: 0.3060 - Train Metric: 0.9123
Epoch 6/50 - Val Metric: 0.9190
Epoch 7/50 - Train Loss: 0.3053 - Train Metric: 0.9128
Epoch 7/50 - Val Metric: 0.9223
Epoch 8/50 - Train Loss: 0.3013 - Train Metric: 0.9148
Epoch 8/50 - Val Metric: 0.9215
Epoch 9/50 - Train Loss: 0.3022 - Train Metric: 0.9141
Epoch 9/50 - Val Metric: 0.9183
Epoch 10/50 - Train Loss: 0.3011 - Train Metric: 0.9149
Epoch 10/50 - Val Metric: 0.9221
Epoch 11/50 - Train Loss: 0.2996 - Train Metric: 0.9159
Epoch 11/50 - Val Metric: 0.9216
Epoch 12/50 - Train Loss: 0.3004 - Train Metric: 0.9153
Epoch 12/50 - Val Metric: 0.9214
Epoch 13/50 - Train Loss: 0.2982 - Train Metric: 0.9167
Epoch 13/50 - Val Metric: 0.9231
Epoch 14/50 - Train Loss: 0.2967 - Train Metric: 0.9175
Epoch 14/50 - Val Metric: 0.9223
Epoch 15/50 - Train Loss: 0.2949 - Train Metric: 0.9183
Epoch 15/50 - Val Metric: 0.9227
Epoch 16/50 - Train Loss: 0.2945 - Train Metric: 0.9185
Epoch 16/50 - Val Metric: 0.9214
Epoch 17/50 - Train Loss: 0.2971 - Train Metric: 0.9171
Epoch 17/50 - Val Metric: 0.9217
Epoch 18/50 - Train Loss: 0.2937 - Train Metric: 0.9190
Epoch 18/50 - Val Metric: 0.9219
Epoch 19/50 - Train Loss: 0.2948 - Train Metric: 0.9184
Epoch 19/50 - Val Metric: 0.9219
Epoch 20/50 - Train Loss: 0.2922 - Train Metric: 0.9200
Epoch 20/50 - Val Metric: 0.9211
Epoch 21/50 - Train Loss: 0.2908 - Train Metric: 0.9206
Epoch 21/50 - Val Metric: 0.9234
Epoch 22/50 - Train Loss: 0.2888 - Train Metric: 0.9216
Epoch 22/50 - Val Metric: 0.9232
Epoch 23/50 - Train Loss: 0.2878 - Train Metric: 0.9222
Epoch 23/50 - Val Metric: 0.9255
Epoch 24/50 - Train Loss: 0.2883 - Train Metric: 0.9219
Epoch 24/50 - Val Metric: 0.9241
Epoch 25/50 - Train Loss: 0.2864 - Train Metric: 0.9230
Epoch 25/50 - Val Metric: 0.9245
Epoch 26/50 - Train Loss: 0.2855 - Train Metric: 0.9233
Epoch 26/50 - Val Metric: 0.9241
Epoch 27/50 - Train Loss: 0.2837 - Train Metric: 0.9244
Epoch 27/50 - Val Metric: 0.9240
Epoch 28/50 - Train Loss: 0.2833 - Train Metric: 0.9247
Epoch 28/50 - Val Metric: 0.9253
Epoch 29/50 - Train Loss: 0.2825 - Train Metric: 0.9250
Epoch 29/50 - Val Metric: 0.9249
Epoch 30/50 - Train Loss: 0.2828 - Train Metric: 0.9248
Epoch 30/50 - Val Metric: 0.9258
Epoch 31/50 - Train Loss: 0.2809 - Train Metric: 0.9260
Epoch 31/50 - Val Metric: 0.9251
Epoch 32/50 - Train Loss: 0.2792 - Train Metric: 0.9268
Epoch 32/50 - Val Metric: 0.9256
Epoch 33/50 - Train Loss: 0.2780 - Train Metric: 0.9274
Epoch 33/50 - Val Metric: 0.9248
Epoch 34/50 - Train Loss: 0.2765 - Train Metric: 0.9283
Epoch 34/50 - Val Metric: 0.9236
Epoch 35/50 - Train Loss: 0.2757 - Train Metric: 0.9288
Epoch 35/50 - Val Metric: 0.9242
Epoch 36/50 - Train Loss: 0.2735 - Train Metric: 0.9299
Epoch 36/50 - Val Metric: 0.9233
Epoch 37/50 - Train Loss: 0.2743 - Train Metric: 0.9296
Epoch 37/50 - Val Metric: 0.9244
Epoch 38/50 - Train Loss: 0.2716 - Train Metric: 0.9308
Epoch 38/50 - Val Metric: 0.9243
Epoch 39/50 - Train Loss: 0.2715 - Train Metric: 0.9309
Epoch 39/50 - Val Metric: 0.9231
Epoch 40/50 - Train Loss: 0.2703 - Train Metric: 0.9318
Epoch 40/50 - Val Metric: 0.9220
Epoch 41/50 - Train Loss: 0.2685 - Train Metric: 0.9329
Epoch 41/50 - Val Metric: 0.9222
Epoch 42/50 - Train Loss: 0.2667 - Train Metric: 0.9339
Epoch 42/50 - Val Metric: 0.9213
Epoch 43/50 - Train Loss: 0.2647 - Train Metric: 0.9348
Epoch 43/50 - Val Metric: 0.9227
Epoch 44/50 - Train Loss: 0.2646 - Train Metric: 0.9347
Epoch 44/50 - Val Metric: 0.9210
Epoch 45/50 - Train Loss: 0.2631 - Train Metric: 0.9356
Epoch 45/50 - Val Metric: 0.9211
Epoch 46/50 - Train Loss: 0.2601 - Train Metric: 0.9373
Epoch 46/50 - Val Metric: 0.9179
Epoch 47/50 - Train Loss: 0.2593 - Train Metric: 0.9378
Epoch 47/50 - Val Metric: 0.9209
Epoch 48/50 - Train Loss: 0.2578 - Train Metric: 0.9384
Epoch 48/50 - Val Metric: 0.9184
Epoch 49/50 - Train Loss: 0.2566 - Train Metric: 0.9390
Epoch 49/50 - Val Metric: 0.9170
Epoch 50/50 - Train Loss: 0.2550 - Train Metric: 0.9399
Epoch 50/50 - Val Metric: 0.9175
Best val: 0.9258, Best test: 0.9141
Training set has 39073 instances
Validation set has 4884 instances
Test set has 4885 instances
Epoch 1/50 - Train Loss: 0.3656 - Train Metric: 0.8708
Epoch 1/50 - Val Metric: 0.9074
Epoch 2/50 - Train Loss: 0.3165 - Train Metric: 0.9061
Epoch 2/50 - Val Metric: 0.9100
Epoch 3/50 - Train Loss: 0.3138 - Train Metric: 0.9079
Epoch 3/50 - Val Metric: 0.9116
Epoch 4/50 - Train Loss: 0.3086 - Train Metric: 0.9108
Epoch 4/50 - Val Metric: 0.9124
Training set has 39073 instances
Validation set has 4884 instances
Test set has 4885 instances
Epoch 1/50 - Train Loss: 0.3675 - Train Metric: 0.8706
Epoch 1/50 - Val Metric: 0.9149
Epoch 2/50 - Train Loss: 0.3229 - Train Metric: 0.9023
Epoch 2/50 - Val Metric: 0.9186
Epoch 3/50 - Train Loss: 0.3171 - Train Metric: 0.9055
Epoch 3/50 - Val Metric: 0.9203
Epoch 4/50 - Train Loss: 0.3116 - Train Metric: 0.9094
Epoch 4/50 - Val Metric: 0.9221
Epoch 5/50 - Train Loss: 0.3076 - Train Metric: 0.9112
Epoch 5/50 - Val Metric: 0.9230
Epoch 6/50 - Train Loss: 0.3086 - Train Metric: 0.9107
Epoch 6/50 - Val Metric: 0.9200
Epoch 7/50 - Train Loss: 0.3082 - Train Metric: 0.9111
Epoch 7/50 - Val Metric: 0.9220
Epoch 8/50 - Train Loss: 0.3036 - Train Metric: 0.9136
Epoch 8/50 - Val Metric: 0.9230
Epoch 9/50 - Train Loss: 0.3020 - Train Metric: 0.9145
Epoch 9/50 - Val Metric: 0.9232
Epoch 10/50 - Train Loss: 0.2995 - Train Metric: 0.9159
Epoch 10/50 - Val Metric: 0.9232
Epoch 11/50 - Train Loss: 0.3010 - Train Metric: 0.9152
Epoch 11/50 - Val Metric: 0.9223
Epoch 12/50 - Train Loss: 0.3008 - Train Metric: 0.9155
Epoch 12/50 - Val Metric: 0.9224
Epoch 13/50 - Train Loss: 0.3014 - Train Metric: 0.9149
Epoch 13/50 - Val Metric: 0.9242
Epoch 14/50 - Train Loss: 0.3011 - Train Metric: 0.9154
Epoch 14/50 - Val Metric: 0.9239
Epoch 15/50 - Train Loss: 0.2992 - Train Metric: 0.9162
Epoch 15/50 - Val Metric: 0.9237
Epoch 16/50 - Train Loss: 0.2970 - Train Metric: 0.9175
Epoch 16/50 - Val Metric: 0.9245
Epoch 17/50 - Train Loss: 0.2968 - Train Metric: 0.9175
Epoch 17/50 - Val Metric: 0.9239
Epoch 18/50 - Train Loss: 0.2929 - Train Metric: 0.9194
Epoch 18/50 - Val Metric: 0.9253
Epoch 19/50 - Train Loss: 0.2924 - Train Metric: 0.9197
Epoch 19/50 - Val Metric: 0.9243
Epoch 20/50 - Train Loss: 0.2935 - Train Metric: 0.9193
Epoch 20/50 - Val Metric: 0.9253
Epoch 21/50 - Train Loss: 0.2894 - Train Metric: 0.9213
Epoch 21/50 - Val Metric: 0.9244
Epoch 22/50 - Train Loss: 0.2893 - Train Metric: 0.9212
Epoch 22/50 - Val Metric: 0.9265
Epoch 23/50 - Train Loss: 0.2858 - Train Metric: 0.9233
Epoch 23/50 - Val Metric: 0.9272
Epoch 24/50 - Train Loss: 0.2837 - Train Metric: 0.9244
Epoch 24/50 - Val Metric: 0.9228
Epoch 25/50 - Train Loss: 0.2849 - Train Metric: 0.9237
Epoch 25/50 - Val Metric: 0.9255
Epoch 26/50 - Train Loss: 0.2829 - Train Metric: 0.9249
Epoch 26/50 - Val Metric: 0.9238
Epoch 27/50 - Train Loss: 0.2824 - Train Metric: 0.9250
Epoch 27/50 - Val Metric: 0.9239
Epoch 28/50 - Train Loss: 0.2824 - Train Metric: 0.9252
Epoch 28/50 - Val Metric: 0.9258
Epoch 29/50 - Train Loss: 0.2787 - Train Metric: 0.9273
Epoch 29/50 - Val Metric: 0.9236
Epoch 30/50 - Train Loss: 0.2793 - Train Metric: 0.9269
Epoch 30/50 - Val Metric: 0.9261
Epoch 31/50 - Train Loss: 0.2779 - Train Metric: 0.9276
Epoch 31/50 - Val Metric: 0.9268
Epoch 32/50 - Train Loss: 0.2790 - Train Metric: 0.9276
Epoch 32/50 - Val Metric: 0.9205
Epoch 33/50 - Train Loss: 0.2777 - Train Metric: 0.9280
Epoch 33/50 - Val Metric: 0.9253
Epoch 34/50 - Train Loss: 0.2735 - Train Metric: 0.9301
Epoch 34/50 - Val Metric: 0.9237
Epoch 35/50 - Train Loss: 0.2754 - Train Metric: 0.9292
Epoch 35/50 - Val Metric: 0.9253
Epoch 36/50 - Train Loss: 0.2719 - Train Metric: 0.9311
Epoch 36/50 - Val Metric: 0.9210
Epoch 37/50 - Train Loss: 0.2732 - Train Metric: 0.9306
Epoch 37/50 - Val Metric: 0.9207
Epoch 38/50 - Train Loss: 0.2708 - Train Metric: 0.9317
Epoch 38/50 - Val Metric: 0.9218
Epoch 39/50 - Train Loss: 0.2711 - Train Metric: 0.9314
Epoch 39/50 - Val Metric: 0.9248
Epoch 40/50 - Train Loss: 0.2676 - Train Metric: 0.9333
Epoch 40/50 - Val Metric: 0.9225
Epoch 41/50 - Train Loss: 0.2671 - Train Metric: 0.9337
Epoch 41/50 - Val Metric: 0.9191
Epoch 42/50 - Train Loss: 0.2640 - Train Metric: 0.9354
Epoch 42/50 - Val Metric: 0.9194
Epoch 43/50 - Train Loss: 0.2674 - Train Metric: 0.9337
Epoch 43/50 - Val Metric: 0.9211
Epoch 44/50 - Train Loss: 0.2650 - Train Metric: 0.9348
Epoch 44/50 - Val Metric: 0.9215
Epoch 45/50 - Train Loss: 0.2633 - Train Metric: 0.9356
Epoch 45/50 - Val Metric: 0.9215
Epoch 46/50 - Train Loss: 0.2599 - Train Metric: 0.9376
Epoch 46/50 - Val Metric: 0.9203
Epoch 47/50 - Train Loss: 0.2593 - Train Metric: 0.9378
Epoch 47/50 - Val Metric: 0.9174
Epoch 48/50 - Train Loss: 0.2576 - Train Metric: 0.9384
Epoch 48/50 - Val Metric: 0.9164
Epoch 49/50 - Train Loss: 0.2557 - Train Metric: 0.9395
Epoch 49/50 - Val Metric: 0.9173
Epoch 50/50 - Train Loss: 0.2548 - Train Metric: 0.9398
Epoch 50/50 - Val Metric: 0.9190
Best val: 0.9272, Best test: 0.9149
Training set has 39073 instances
Validation set has 4884 instances
Test set has 4885 instances
Epoch 1/50 - Train Loss: 0.3641 - Train Metric: 0.8734
Epoch 1/50 - Val Metric: 0.9108
Epoch 2/50 - Train Loss: 0.3173 - Train Metric: 0.9061
Epoch 2/50 - Val Metric: 0.9160
Epoch 3/50 - Train Loss: 0.3119 - Train Metric: 0.9088
Epoch 3/50 - Val Metric: 0.9187
Epoch 4/50 - Train Loss: 0.3102 - Train Metric: 0.9102
Epoch 4/50 - Val Metric: 0.9188
Epoch 5/50 - Train Loss: 0.3077 - Train Metric: 0.9112
Epoch 5/50 - Val Metric: 0.9196
Epoch 6/50 - Train Loss: 0.3062 - Train Metric: 0.9121
Epoch 6/50 - Val Metric: 0.9188
Epoch 7/50 - Train Loss: 0.3028 - Train Metric: 0.9141
Epoch 7/50 - Val Metric: 0.9199
Epoch 8/50 - Train Loss: 0.3020 - Train Metric: 0.9144
Epoch 8/50 - Val Metric: 0.9198
Epoch 9/50 - Train Loss: 0.3003 - Train Metric: 0.9153
Epoch 9/50 - Val Metric: 0.9178
Epoch 10/50 - Train Loss: 0.3007 - Train Metric: 0.9149
Epoch 10/50 - Val Metric: 0.9201
Epoch 11/50 - Train Loss: 0.2991 - Train Metric: 0.9162
Epoch 11/50 - Val Metric: 0.9192
Epoch 12/50 - Train Loss: 0.2989 - Train Metric: 0.9166
Epoch 12/50 - Val Metric: 0.9189
Epoch 13/50 - Train Loss: 0.2984 - Train Metric: 0.9166
Epoch 13/50 - Val Metric: 0.9194
Epoch 14/50 - Train Loss: 0.2970 - Train Metric: 0.9174
Epoch 14/50 - Val Metric: 0.9194
Epoch 15/50 - Train Loss: 0.2952 - Train Metric: 0.9183
Epoch 15/50 - Val Metric: 0.9207
Epoch 16/50 - Train Loss: 0.2940 - Train Metric: 0.9192
Epoch 16/50 - Val Metric: 0.9198
Epoch 17/50 - Train Loss: 0.2920 - Train Metric: 0.9203
Epoch 17/50 - Val Metric: 0.9211
Epoch 18/50 - Train Loss: 0.2902 - Train Metric: 0.9212
Epoch 18/50 - Val Metric: 0.9212
Epoch 19/50 - Train Loss: 0.2887 - Train Metric: 0.9221
Epoch 19/50 - Val Metric: 0.9214
Epoch 20/50 - Train Loss: 0.2880 - Train Metric: 0.9223
Epoch 20/50 - Val Metric: 0.9216
Epoch 21/50 - Train Loss: 0.2860 - Train Metric: 0.9235
Epoch 21/50 - Val Metric: 0.9227
Epoch 22/50 - Train Loss: 0.2846 - Train Metric: 0.9244
Epoch 22/50 - Val Metric: 0.9216
Epoch 23/50 - Train Loss: 0.2837 - Train Metric: 0.9248
Epoch 23/50 - Val Metric: 0.9221
Epoch 24/50 - Train Loss: 0.2831 - Train Metric: 0.9253
Epoch 24/50 - Val Metric: 0.9203
Epoch 25/50 - Train Loss: 0.2820 - Train Metric: 0.9257
Epoch 25/50 - Val Metric: 0.9212
Epoch 26/50 - Train Loss: 0.2805 - Train Metric: 0.9266
Epoch 26/50 - Val Metric: 0.9209
Epoch 27/50 - Train Loss: 0.2803 - Train Metric: 0.9268
Epoch 27/50 - Val Metric: 0.9206
Epoch 28/50 - Train Loss: 0.2794 - Train Metric: 0.9271
Epoch 28/50 - Val Metric: 0.9211
Epoch 29/50 - Train Loss: 0.2785 - Train Metric: 0.9277
Epoch 29/50 - Val Metric: 0.9196
Epoch 30/50 - Train Loss: 0.2784 - Train Metric: 0.9279
Epoch 30/50 - Val Metric: 0.9206
Epoch 31/50 - Train Loss: 0.2774 - Train Metric: 0.9284
Epoch 31/50 - Val Metric: 0.9204
Epoch 32/50 - Train Loss: 0.2766 - Train Metric: 0.9287
Epoch 32/50 - Val Metric: 0.9196
Epoch 33/50 - Train Loss: 0.2760 - Train Metric: 0.9291
Epoch 33/50 - Val Metric: 0.9196
Epoch 34/50 - Train Loss: 0.2754 - Train Metric: 0.9294
Epoch 34/50 - Val Metric: 0.9200
Epoch 35/50 - Train Loss: 0.2748 - Train Metric: 0.9297
Epoch 35/50 - Val Metric: 0.9203
Epoch 36/50 - Train Loss: 0.2742 - Train Metric: 0.9301
Epoch 36/50 - Val Metric: 0.9190
Epoch 37/50 - Train Loss: 0.2737 - Train Metric: 0.9304
Epoch 37/50 - Val Metric: 0.9189
Epoch 38/50 - Train Loss: 0.2733 - Train Metric: 0.9305
Epoch 38/50 - Val Metric: 0.9192
Epoch 39/50 - Train Loss: 0.2725 - Train Metric: 0.9310
Epoch 39/50 - Val Metric: 0.9183
Epoch 40/50 - Train Loss: 0.2730 - Train Metric: 0.9307
Epoch 40/50 - Val Metric: 0.9188
Epoch 41/50 - Train Loss: 0.2732 - Train Metric: 0.9306
Epoch 41/50 - Val Metric: 0.9192
Epoch 42/50 - Train Loss: 0.2729 - Train Metric: 0.9309
Epoch 42/50 - Val Metric: 0.9188
Epoch 43/50 - Train Loss: 0.2723 - Train Metric: 0.9312
Epoch 43/50 - Val Metric: 0.9183
Epoch 44/50 - Train Loss: 0.2711 - Train Metric: 0.9317
Epoch 44/50 - Val Metric: 0.9182
Epoch 45/50 - Train Loss: 0.2705 - Train Metric: 0.9321
Epoch 45/50 - Val Metric: 0.9185
Epoch 46/50 - Train Loss: 0.2703 - Train Metric: 0.9322
Epoch 46/50 - Val Metric: 0.9185
Epoch 47/50 - Train Loss: 0.2697 - Train Metric: 0.9325
Epoch 47/50 - Val Metric: 0.9181
Epoch 48/50 - Train Loss: 0.2695 - Train Metric: 0.9326
Epoch 48/50 - Val Metric: 0.9183
Epoch 49/50 - Train Loss: 0.2696 - Train Metric: 0.9326
Epoch 49/50 - Val Metric: 0.9182
Epoch 50/50 - Train Loss: 0.2691 - Train Metric: 0.9329
Epoch 50/50 - Val Metric: 0.9179
Best val: 0.9227, Best test: 0.9197
Training set has 39073 instances
Validation set has 4884 instances
Test set has 4885 instances
Epoch 1/50 - Train Loss: 0.3691 - Train Metric: 0.8710
Epoch 1/50 - Val Metric: 0.9095
Training set has 39073 instances
Validation set has 4884 instances
Test set has 4885 instances
Epoch 1/50 - Train Loss: 0.3769 - Train Metric: 0.8621
Epoch 1/50 - Val Metric: 0.9041
Training set has 39073 instances
Validation set has 4884 instances
Test set has 4885 instances
Epoch 1/50 - Train Loss: 0.3712 - Train Metric: 0.8671
Epoch 1/50 - Val Metric: 0.9121
Epoch 2/50 - Train Loss: 0.3186 - Train Metric: 0.9049
Epoch 2/50 - Val Metric: 0.9146
Epoch 3/50 - Train Loss: 0.3143 - Train Metric: 0.9080
Epoch 3/50 - Val Metric: 0.9116
Epoch 4/50 - Train Loss: 0.3091 - Train Metric: 0.9106
Epoch 4/50 - Val Metric: 0.9166
Hyper-parameter search done. Found the best config.
Repeat experiments 5 times with the best train config {'batch_size': 128, 'gamma_rate': 0.95, 'base_lr': 0.001} and model config {'num_heads': 4, 'num_layers': 4, 'num_latents': 4, 'hidden_dim': 64, 'mlp_ratio': 0.25, 'dropout_prob': 0, 'top_k': 1}.
Training set has 39073 instances
Validation set has 4884 instances
Test set has 4885 instances
Epoch 1/50 - Train Loss: 0.3733 - Train Metric: 0.8680
Epoch 1/50 - Val Metric: 0.9107
Epoch 2/50 - Train Loss: 0.3212 - Train Metric: 0.9051
Epoch 2/50 - Val Metric: 0.9168
Epoch 3/50 - Train Loss: 0.3155 - Train Metric: 0.9080
Epoch 3/50 - Val Metric: 0.9175
Epoch 4/50 - Train Loss: 0.3144 - Train Metric: 0.9091
Epoch 4/50 - Val Metric: 0.9140
Epoch 5/50 - Train Loss: 0.3130 - Train Metric: 0.9101
Epoch 5/50 - Val Metric: 0.9194
Epoch 6/50 - Train Loss: 0.3088 - Train Metric: 0.9121
Epoch 6/50 - Val Metric: 0.9185
Epoch 7/50 - Train Loss: 0.3074 - Train Metric: 0.9130
Epoch 7/50 - Val Metric: 0.9197
Epoch 8/50 - Train Loss: 0.3064 - Train Metric: 0.9136
Epoch 8/50 - Val Metric: 0.9186
Epoch 9/50 - Train Loss: 0.3054 - Train Metric: 0.9138
Epoch 9/50 - Val Metric: 0.9205
Epoch 10/50 - Train Loss: 0.3032 - Train Metric: 0.9149
Epoch 10/50 - Val Metric: 0.9197
Epoch 11/50 - Train Loss: 0.3029 - Train Metric: 0.9151
Epoch 11/50 - Val Metric: 0.9192
Epoch 12/50 - Train Loss: 0.3018 - Train Metric: 0.9157
Epoch 12/50 - Val Metric: 0.9201
Epoch 13/50 - Train Loss: 0.2999 - Train Metric: 0.9168
Epoch 13/50 - Val Metric: 0.9182
Epoch 14/50 - Train Loss: 0.3024 - Train Metric: 0.9157
Epoch 14/50 - Val Metric: 0.9209
Epoch 15/50 - Train Loss: 0.2995 - Train Metric: 0.9173
Epoch 15/50 - Val Metric: 0.9210
Epoch 16/50 - Train Loss: 0.2993 - Train Metric: 0.9170
Epoch 16/50 - Val Metric: 0.9194
Epoch 17/50 - Train Loss: 0.2983 - Train Metric: 0.9180
Epoch 17/50 - Val Metric: 0.9184
Epoch 18/50 - Train Loss: 0.2984 - Train Metric: 0.9177
Epoch 18/50 - Val Metric: 0.9196
Epoch 19/50 - Train Loss: 0.2964 - Train Metric: 0.9190
Epoch 19/50 - Val Metric: 0.9203
Epoch 20/50 - Train Loss: 0.2952 - Train Metric: 0.9196
Epoch 20/50 - Val Metric: 0.9197
Epoch 21/50 - Train Loss: 0.2937 - Train Metric: 0.9202
Epoch 21/50 - Val Metric: 0.9208
Epoch 22/50 - Train Loss: 0.2952 - Train Metric: 0.9194
Epoch 22/50 - Val Metric: 0.9205
Epoch 23/50 - Train Loss: 0.2922 - Train Metric: 0.9211
Epoch 23/50 - Val Metric: 0.9209
Epoch 24/50 - Train Loss: 0.2923 - Train Metric: 0.9208
Epoch 24/50 - Val Metric: 0.9222
Epoch 25/50 - Train Loss: 0.2894 - Train Metric: 0.9225
Epoch 25/50 - Val Metric: 0.9219
Epoch 26/50 - Train Loss: 0.2886 - Train Metric: 0.9230
Epoch 26/50 - Val Metric: 0.9218
Epoch 27/50 - Train Loss: 0.2878 - Train Metric: 0.9233
Epoch 27/50 - Val Metric: 0.9209
Epoch 28/50 - Train Loss: 0.2907 - Train Metric: 0.9222
Epoch 28/50 - Val Metric: 0.9200
Epoch 29/50 - Train Loss: 0.2885 - Train Metric: 0.9231
Epoch 29/50 - Val Metric: 0.9196
Epoch 30/50 - Train Loss: 0.2847 - Train Metric: 0.9250
Epoch 30/50 - Val Metric: 0.9222
Epoch 31/50 - Train Loss: 0.2843 - Train Metric: 0.9251
Epoch 31/50 - Val Metric: 0.9193
Epoch 32/50 - Train Loss: 0.2832 - Train Metric: 0.9258
Epoch 32/50 - Val Metric: 0.9208
Epoch 33/50 - Train Loss: 0.2822 - Train Metric: 0.9261
Epoch 33/50 - Val Metric: 0.9205
Epoch 34/50 - Train Loss: 0.2802 - Train Metric: 0.9274
Epoch 34/50 - Val Metric: 0.9212
Epoch 35/50 - Train Loss: 0.2794 - Train Metric: 0.9279
Epoch 35/50 - Val Metric: 0.9205
Epoch 36/50 - Train Loss: 0.2792 - Train Metric: 0.9279
Epoch 36/50 - Val Metric: 0.9210
Epoch 37/50 - Train Loss: 0.2774 - Train Metric: 0.9289
Epoch 37/50 - Val Metric: 0.9211
Epoch 38/50 - Train Loss: 0.2761 - Train Metric: 0.9296
Epoch 38/50 - Val Metric: 0.9194
Epoch 39/50 - Train Loss: 0.2764 - Train Metric: 0.9294
Epoch 39/50 - Val Metric: 0.9210
Epoch 40/50 - Train Loss: 0.2755 - Train Metric: 0.9300
Epoch 40/50 - Val Metric: 0.9180
Epoch 41/50 - Train Loss: 0.2735 - Train Metric: 0.9310
Epoch 41/50 - Val Metric: 0.9201
Epoch 42/50 - Train Loss: 0.2720 - Train Metric: 0.9318
Epoch 42/50 - Val Metric: 0.9177
Epoch 43/50 - Train Loss: 0.2708 - Train Metric: 0.9323
Epoch 43/50 - Val Metric: 0.9200
Epoch 44/50 - Train Loss: 0.2696 - Train Metric: 0.9330
Epoch 44/50 - Val Metric: 0.9185
Epoch 45/50 - Train Loss: 0.2675 - Train Metric: 0.9341
Epoch 45/50 - Val Metric: 0.9185
Epoch 46/50 - Train Loss: 0.2672 - Train Metric: 0.9342
Epoch 46/50 - Val Metric: 0.9166
Epoch 47/50 - Train Loss: 0.2658 - Train Metric: 0.9349
Epoch 47/50 - Val Metric: 0.9193
Epoch 48/50 - Train Loss: 0.2652 - Train Metric: 0.9353
Epoch 48/50 - Val Metric: 0.9164
Epoch 49/50 - Train Loss: 0.2642 - Train Metric: 0.9357
Epoch 49/50 - Val Metric: 0.9178
Epoch 50/50 - Train Loss: 0.2640 - Train Metric: 0.9358
Epoch 50/50 - Val Metric: 0.9158
Best val: 0.9222, Best test: 0.9121
Training set has 39073 instances
Validation set has 4884 instances
Test set has 4885 instances
Epoch 1/50 - Train Loss: 0.3770 - Train Metric: 0.8619
Epoch 1/50 - Val Metric: 0.9039
Epoch 2/50 - Train Loss: 0.3196 - Train Metric: 0.9051
Epoch 2/50 - Val Metric: 0.9084
Epoch 3/50 - Train Loss: 0.3117 - Train Metric: 0.9100
Epoch 3/50 - Val Metric: 0.9105
Epoch 4/50 - Train Loss: 0.3086 - Train Metric: 0.9115
Epoch 4/50 - Val Metric: 0.9122
Epoch 5/50 - Train Loss: 0.3066 - Train Metric: 0.9124
Epoch 5/50 - Val Metric: 0.9081
Epoch 6/50 - Train Loss: 0.3074 - Train Metric: 0.9120
Epoch 6/50 - Val Metric: 0.9091
Epoch 7/50 - Train Loss: 0.3033 - Train Metric: 0.9144
Epoch 7/50 - Val Metric: 0.9138
Epoch 8/50 - Train Loss: 0.3017 - Train Metric: 0.9152
Epoch 8/50 - Val Metric: 0.9130
Epoch 9/50 - Train Loss: 0.3029 - Train Metric: 0.9147
Epoch 9/50 - Val Metric: 0.9128
Epoch 10/50 - Train Loss: 0.3006 - Train Metric: 0.9159
Epoch 10/50 - Val Metric: 0.9138
Epoch 11/50 - Train Loss: 0.3005 - Train Metric: 0.9158
Epoch 11/50 - Val Metric: 0.9136
Epoch 12/50 - Train Loss: 0.3000 - Train Metric: 0.9165
Epoch 12/50 - Val Metric: 0.9144
Epoch 13/50 - Train Loss: 0.2985 - Train Metric: 0.9173
Epoch 13/50 - Val Metric: 0.9132
Epoch 14/50 - Train Loss: 0.2979 - Train Metric: 0.9172
Epoch 14/50 - Val Metric: 0.9145
Epoch 15/50 - Train Loss: 0.2961 - Train Metric: 0.9185
Epoch 15/50 - Val Metric: 0.9124
Epoch 16/50 - Train Loss: 0.2965 - Train Metric: 0.9184
Epoch 16/50 - Val Metric: 0.9152
Epoch 17/50 - Train Loss: 0.2967 - Train Metric: 0.9181
Epoch 17/50 - Val Metric: 0.9155
Epoch 18/50 - Train Loss: 0.2943 - Train Metric: 0.9195
Epoch 18/50 - Val Metric: 0.9152
Epoch 19/50 - Train Loss: 0.2927 - Train Metric: 0.9205
Epoch 19/50 - Val Metric: 0.9152
Epoch 20/50 - Train Loss: 0.2914 - Train Metric: 0.9213
Epoch 20/50 - Val Metric: 0.9150
Epoch 21/50 - Train Loss: 0.2905 - Train Metric: 0.9215
Epoch 21/50 - Val Metric: 0.9139
Epoch 22/50 - Train Loss: 0.2898 - Train Metric: 0.9220
Epoch 22/50 - Val Metric: 0.9152
Epoch 23/50 - Train Loss: 0.2886 - Train Metric: 0.9228
Epoch 23/50 - Val Metric: 0.9162
Epoch 24/50 - Train Loss: 0.2875 - Train Metric: 0.9232
Epoch 24/50 - Val Metric: 0.9140
Epoch 25/50 - Train Loss: 0.2855 - Train Metric: 0.9240
Epoch 25/50 - Val Metric: 0.9163
Epoch 26/50 - Train Loss: 0.2855 - Train Metric: 0.9242
Epoch 26/50 - Val Metric: 0.9156
Epoch 27/50 - Train Loss: 0.2871 - Train Metric: 0.9237
Epoch 27/50 - Val Metric: 0.9141
Epoch 28/50 - Train Loss: 0.2841 - Train Metric: 0.9250
Epoch 28/50 - Val Metric: 0.9132
Epoch 29/50 - Train Loss: 0.2837 - Train Metric: 0.9252
Epoch 29/50 - Val Metric: 0.9158
Epoch 30/50 - Train Loss: 0.2812 - Train Metric: 0.9265
Epoch 30/50 - Val Metric: 0.9159
Epoch 31/50 - Train Loss: 0.2798 - Train Metric: 0.9273
Epoch 31/50 - Val Metric: 0.9153
Epoch 32/50 - Train Loss: 0.2816 - Train Metric: 0.9267
Epoch 32/50 - Val Metric: 0.9116
Epoch 33/50 - Train Loss: 0.2858 - Train Metric: 0.9248
Epoch 33/50 - Val Metric: 0.9147
Epoch 34/50 - Train Loss: 0.2821 - Train Metric: 0.9263
Epoch 34/50 - Val Metric: 0.9159
Epoch 35/50 - Train Loss: 0.2773 - Train Metric: 0.9288
Epoch 35/50 - Val Metric: 0.9163
Epoch 36/50 - Train Loss: 0.2772 - Train Metric: 0.9289
Epoch 36/50 - Val Metric: 0.9131
Epoch 37/50 - Train Loss: 0.2768 - Train Metric: 0.9293
Epoch 37/50 - Val Metric: 0.9155
Epoch 38/50 - Train Loss: 0.2742 - Train Metric: 0.9304
Epoch 38/50 - Val Metric: 0.9149
Epoch 39/50 - Train Loss: 0.2747 - Train Metric: 0.9304
Epoch 39/50 - Val Metric: 0.9164
Epoch 40/50 - Train Loss: 0.2731 - Train Metric: 0.9312
Epoch 40/50 - Val Metric: 0.9143
Epoch 41/50 - Train Loss: 0.2722 - Train Metric: 0.9317
Epoch 41/50 - Val Metric: 0.9157
Epoch 42/50 - Train Loss: 0.2706 - Train Metric: 0.9324
Epoch 42/50 - Val Metric: 0.9136
Epoch 43/50 - Train Loss: 0.2702 - Train Metric: 0.9328
Epoch 43/50 - Val Metric: 0.9139
Epoch 44/50 - Train Loss: 0.2682 - Train Metric: 0.9339
Epoch 44/50 - Val Metric: 0.9142
Epoch 45/50 - Train Loss: 0.2683 - Train Metric: 0.9339
Epoch 45/50 - Val Metric: 0.9139
Epoch 46/50 - Train Loss: 0.2658 - Train Metric: 0.9351
Epoch 46/50 - Val Metric: 0.9130
Epoch 47/50 - Train Loss: 0.2657 - Train Metric: 0.9352
Epoch 47/50 - Val Metric: 0.9130
Epoch 48/50 - Train Loss: 0.2646 - Train Metric: 0.9357
Epoch 48/50 - Val Metric: 0.9117
Epoch 49/50 - Train Loss: 0.2630 - Train Metric: 0.9367
Epoch 49/50 - Val Metric: 0.9121
Epoch 50/50 - Train Loss: 0.2630 - Train Metric: 0.9366
Epoch 50/50 - Val Metric: 0.9120
Best val: 0.9164, Best test: 0.9135
Training set has 39073 instances
Validation set has 4884 instances
Test set has 4885 instances
Epoch 1/50 - Train Loss: 0.3843 - Train Metric: 0.8536
Epoch 1/50 - Val Metric: 0.9065
Epoch 2/50 - Train Loss: 0.3208 - Train Metric: 0.9041
Epoch 2/50 - Val Metric: 0.9106
Epoch 3/50 - Train Loss: 0.3169 - Train Metric: 0.9062
Epoch 3/50 - Val Metric: 0.9119
Epoch 4/50 - Train Loss: 0.3153 - Train Metric: 0.9071
Epoch 4/50 - Val Metric: 0.9107
Epoch 5/50 - Train Loss: 0.3108 - Train Metric: 0.9099
Epoch 5/50 - Val Metric: 0.9136
Epoch 6/50 - Train Loss: 0.3092 - Train Metric: 0.9111
Epoch 6/50 - Val Metric: 0.9134
Epoch 7/50 - Train Loss: 0.3041 - Train Metric: 0.9132
Epoch 7/50 - Val Metric: 0.9133
Epoch 8/50 - Train Loss: 0.3076 - Train Metric: 0.9120
Epoch 8/50 - Val Metric: 0.9099
Epoch 9/50 - Train Loss: 0.3053 - Train Metric: 0.9128
Epoch 9/50 - Val Metric: 0.9123
Epoch 10/50 - Train Loss: 0.3023 - Train Metric: 0.9143
Epoch 10/50 - Val Metric: 0.9124
Epoch 11/50 - Train Loss: 0.3010 - Train Metric: 0.9151
Epoch 11/50 - Val Metric: 0.9141
Epoch 12/50 - Train Loss: 0.3005 - Train Metric: 0.9156
Epoch 12/50 - Val Metric: 0.9140
Epoch 13/50 - Train Loss: 0.2985 - Train Metric: 0.9166
Epoch 13/50 - Val Metric: 0.9140
Epoch 14/50 - Train Loss: 0.2993 - Train Metric: 0.9165
Epoch 14/50 - Val Metric: 0.9037
Epoch 15/50 - Train Loss: 0.3031 - Train Metric: 0.9150
Epoch 15/50 - Val Metric: 0.9133
Epoch 16/50 - Train Loss: 0.2967 - Train Metric: 0.9176
Epoch 16/50 - Val Metric: 0.9140
Epoch 17/50 - Train Loss: 0.2956 - Train Metric: 0.9183
Epoch 17/50 - Val Metric: 0.9130
Epoch 18/50 - Train Loss: 0.2954 - Train Metric: 0.9183
Epoch 18/50 - Val Metric: 0.9133
Epoch 19/50 - Train Loss: 0.2944 - Train Metric: 0.9188
Epoch 19/50 - Val Metric: 0.9128
Epoch 20/50 - Train Loss: 0.2930 - Train Metric: 0.9196
Epoch 20/50 - Val Metric: 0.9161
Epoch 21/50 - Train Loss: 0.2901 - Train Metric: 0.9212
Epoch 21/50 - Val Metric: 0.9151
Epoch 22/50 - Train Loss: 0.2917 - Train Metric: 0.9203
Epoch 22/50 - Val Metric: 0.9152
Epoch 23/50 - Train Loss: 0.2893 - Train Metric: 0.9216
Epoch 23/50 - Val Metric: 0.9131
Epoch 24/50 - Train Loss: 0.2925 - Train Metric: 0.9203
Epoch 24/50 - Val Metric: 0.9154
Epoch 25/50 - Train Loss: 0.2890 - Train Metric: 0.9218
Epoch 25/50 - Val Metric: 0.9157
Epoch 26/50 - Train Loss: 0.2875 - Train Metric: 0.9228
Epoch 26/50 - Val Metric: 0.9162
Epoch 27/50 - Train Loss: 0.2866 - Train Metric: 0.9233
Epoch 27/50 - Val Metric: 0.9159
Epoch 28/50 - Train Loss: 0.2841 - Train Metric: 0.9243
Epoch 28/50 - Val Metric: 0.9155
Epoch 29/50 - Train Loss: 0.2836 - Train Metric: 0.9250
Epoch 29/50 - Val Metric: 0.9152
Epoch 30/50 - Train Loss: 0.2817 - Train Metric: 0.9258
Epoch 30/50 - Val Metric: 0.9153
Epoch 31/50 - Train Loss: 0.2824 - Train Metric: 0.9254
Epoch 31/50 - Val Metric: 0.9148
Epoch 32/50 - Train Loss: 0.2811 - Train Metric: 0.9264
Epoch 32/50 - Val Metric: 0.9163
Epoch 33/50 - Train Loss: 0.2793 - Train Metric: 0.9271
Epoch 33/50 - Val Metric: 0.9166
Epoch 34/50 - Train Loss: 0.2800 - Train Metric: 0.9269
Epoch 34/50 - Val Metric: 0.9165
Epoch 35/50 - Train Loss: 0.2782 - Train Metric: 0.9279
Epoch 35/50 - Val Metric: 0.9162
Epoch 36/50 - Train Loss: 0.2756 - Train Metric: 0.9291
Epoch 36/50 - Val Metric: 0.9149
Epoch 37/50 - Train Loss: 0.2758 - Train Metric: 0.9289
Epoch 37/50 - Val Metric: 0.9155
Epoch 38/50 - Train Loss: 0.2745 - Train Metric: 0.9298
Epoch 38/50 - Val Metric: 0.9154
Epoch 39/50 - Train Loss: 0.2729 - Train Metric: 0.9306
Epoch 39/50 - Val Metric: 0.9145
Epoch 40/50 - Train Loss: 0.2728 - Train Metric: 0.9307
Epoch 40/50 - Val Metric: 0.9155
Epoch 41/50 - Train Loss: 0.2719 - Train Metric: 0.9312
Epoch 41/50 - Val Metric: 0.9139
Epoch 42/50 - Train Loss: 0.2708 - Train Metric: 0.9316
Epoch 42/50 - Val Metric: 0.9152
Epoch 43/50 - Train Loss: 0.2693 - Train Metric: 0.9327
Epoch 43/50 - Val Metric: 0.9124
Epoch 44/50 - Train Loss: 0.2705 - Train Metric: 0.9318
Epoch 44/50 - Val Metric: 0.9152
Epoch 45/50 - Train Loss: 0.2685 - Train Metric: 0.9331
Epoch 45/50 - Val Metric: 0.9115
Epoch 46/50 - Train Loss: 0.2663 - Train Metric: 0.9343
Epoch 46/50 - Val Metric: 0.9118
Epoch 47/50 - Train Loss: 0.2656 - Train Metric: 0.9346
Epoch 47/50 - Val Metric: 0.9142
Epoch 48/50 - Train Loss: 0.2644 - Train Metric: 0.9353
Epoch 48/50 - Val Metric: 0.9125
Epoch 49/50 - Train Loss: 0.2638 - Train Metric: 0.9354
Epoch 49/50 - Val Metric: 0.9107
Epoch 50/50 - Train Loss: 0.2638 - Train Metric: 0.9357
Epoch 50/50 - Val Metric: 0.9105
Best val: 0.9166, Best test: 0.9216
Training set has 39073 instances
Validation set has 4884 instances
Test set has 4885 instances
Epoch 1/50 - Train Loss: 0.3758 - Train Metric: 0.8625
Epoch 1/50 - Val Metric: 0.9080
Epoch 2/50 - Train Loss: 0.3211 - Train Metric: 0.9046
Epoch 2/50 - Val Metric: 0.9110
Epoch 3/50 - Train Loss: 0.3140 - Train Metric: 0.9085
Epoch 3/50 - Val Metric: 0.9116
Epoch 4/50 - Train Loss: 0.3108 - Train Metric: 0.9101
Epoch 4/50 - Val Metric: 0.9137
Epoch 5/50 - Train Loss: 0.3076 - Train Metric: 0.9122
Epoch 5/50 - Val Metric: 0.9122
Epoch 6/50 - Train Loss: 0.3063 - Train Metric: 0.9127
Epoch 6/50 - Val Metric: 0.9168
Epoch 7/50 - Train Loss: 0.3031 - Train Metric: 0.9146
Epoch 7/50 - Val Metric: 0.9158
Epoch 8/50 - Train Loss: 0.3021 - Train Metric: 0.9147
Epoch 8/50 - Val Metric: 0.9168
Epoch 9/50 - Train Loss: 0.3014 - Train Metric: 0.9153
Epoch 9/50 - Val Metric: 0.9146
Epoch 10/50 - Train Loss: 0.3010 - Train Metric: 0.9156
Epoch 10/50 - Val Metric: 0.9162
Epoch 11/50 - Train Loss: 0.2988 - Train Metric: 0.9168
Epoch 11/50 - Val Metric: 0.9154
Epoch 12/50 - Train Loss: 0.2985 - Train Metric: 0.9171
Epoch 12/50 - Val Metric: 0.9154
Epoch 13/50 - Train Loss: 0.2972 - Train Metric: 0.9177
Epoch 13/50 - Val Metric: 0.9148
Epoch 14/50 - Train Loss: 0.2951 - Train Metric: 0.9189
Epoch 14/50 - Val Metric: 0.9174
Epoch 15/50 - Train Loss: 0.2958 - Train Metric: 0.9182
Epoch 15/50 - Val Metric: 0.9155
Epoch 16/50 - Train Loss: 0.2952 - Train Metric: 0.9188
Epoch 16/50 - Val Metric: 0.9166
Epoch 17/50 - Train Loss: 0.2924 - Train Metric: 0.9201
Epoch 17/50 - Val Metric: 0.9166
Epoch 18/50 - Train Loss: 0.2954 - Train Metric: 0.9190
Epoch 18/50 - Val Metric: 0.9171
Epoch 19/50 - Train Loss: 0.2928 - Train Metric: 0.9200
Epoch 19/50 - Val Metric: 0.9168
Epoch 20/50 - Train Loss: 0.2921 - Train Metric: 0.9204
Epoch 20/50 - Val Metric: 0.9178
Epoch 21/50 - Train Loss: 0.2912 - Train Metric: 0.9209
Epoch 21/50 - Val Metric: 0.9148
Epoch 22/50 - Train Loss: 0.2922 - Train Metric: 0.9205
Epoch 22/50 - Val Metric: 0.9186
Epoch 23/50 - Train Loss: 0.2904 - Train Metric: 0.9216
Epoch 23/50 - Val Metric: 0.9175
Epoch 24/50 - Train Loss: 0.2892 - Train Metric: 0.9221
Epoch 24/50 - Val Metric: 0.9195
Epoch 25/50 - Train Loss: 0.2874 - Train Metric: 0.9228
Epoch 25/50 - Val Metric: 0.9178
Epoch 26/50 - Train Loss: 0.2855 - Train Metric: 0.9238
Epoch 26/50 - Val Metric: 0.9190
Epoch 27/50 - Train Loss: 0.2832 - Train Metric: 0.9249
Epoch 27/50 - Val Metric: 0.9197
Epoch 28/50 - Train Loss: 0.2824 - Train Metric: 0.9253
Epoch 28/50 - Val Metric: 0.9193
Epoch 29/50 - Train Loss: 0.2808 - Train Metric: 0.9263
Epoch 29/50 - Val Metric: 0.9184
Epoch 30/50 - Train Loss: 0.2808 - Train Metric: 0.9261
Epoch 30/50 - Val Metric: 0.9179
Epoch 31/50 - Train Loss: 0.2812 - Train Metric: 0.9264
Epoch 31/50 - Val Metric: 0.9179
Epoch 32/50 - Train Loss: 0.2782 - Train Metric: 0.9276
Epoch 32/50 - Val Metric: 0.9197
Epoch 33/50 - Train Loss: 0.2772 - Train Metric: 0.9283
Epoch 33/50 - Val Metric: 0.9179
Epoch 34/50 - Train Loss: 0.2765 - Train Metric: 0.9288
Epoch 34/50 - Val Metric: 0.9189
Epoch 35/50 - Train Loss: 0.2753 - Train Metric: 0.9295
Epoch 35/50 - Val Metric: 0.9186
Epoch 36/50 - Train Loss: 0.2728 - Train Metric: 0.9307
Epoch 36/50 - Val Metric: 0.9157
Epoch 37/50 - Train Loss: 0.2737 - Train Metric: 0.9306
Epoch 37/50 - Val Metric: 0.9197
Epoch 38/50 - Train Loss: 0.2720 - Train Metric: 0.9312
Epoch 38/50 - Val Metric: 0.9173
Epoch 39/50 - Train Loss: 0.2714 - Train Metric: 0.9317
Epoch 39/50 - Val Metric: 0.9158
Epoch 40/50 - Train Loss: 0.2689 - Train Metric: 0.9328
Epoch 40/50 - Val Metric: 0.9173
Epoch 41/50 - Train Loss: 0.2677 - Train Metric: 0.9335
Epoch 41/50 - Val Metric: 0.9142
Epoch 42/50 - Train Loss: 0.2675 - Train Metric: 0.9339
Epoch 42/50 - Val Metric: 0.9171
Epoch 43/50 - Train Loss: 0.2646 - Train Metric: 0.9352
Epoch 43/50 - Val Metric: 0.9166
Epoch 44/50 - Train Loss: 0.2638 - Train Metric: 0.9356
Epoch 44/50 - Val Metric: 0.9145
Epoch 45/50 - Train Loss: 0.2617 - Train Metric: 0.9366
Epoch 45/50 - Val Metric: 0.9149
Epoch 46/50 - Train Loss: 0.2596 - Train Metric: 0.9377
Epoch 46/50 - Val Metric: 0.9139
Epoch 47/50 - Train Loss: 0.2603 - Train Metric: 0.9374
Epoch 47/50 - Val Metric: 0.9137
Epoch 48/50 - Train Loss: 0.2562 - Train Metric: 0.9394
Epoch 48/50 - Val Metric: 0.9131
Epoch 49/50 - Train Loss: 0.2558 - Train Metric: 0.9397
Epoch 49/50 - Val Metric: 0.9125
Epoch 50/50 - Train Loss: 0.2562 - Train Metric: 0.9397
Epoch 50/50 - Val Metric: 0.9131
Best val: 0.9197, Best test: 0.9134
Training set has 39073 instances
Validation set has 4884 instances
Test set has 4885 instances
Epoch 1/50 - Train Loss: 0.3697 - Train Metric: 0.8684
Epoch 1/50 - Val Metric: 0.9032
Epoch 2/50 - Train Loss: 0.3176 - Train Metric: 0.9059
Epoch 2/50 - Val Metric: 0.9072
Epoch 3/50 - Train Loss: 0.3126 - Train Metric: 0.9090
Epoch 3/50 - Val Metric: 0.9114
Epoch 4/50 - Train Loss: 0.3056 - Train Metric: 0.9126
Epoch 4/50 - Val Metric: 0.9112
Epoch 5/50 - Train Loss: 0.3067 - Train Metric: 0.9119
Epoch 5/50 - Val Metric: 0.9115
Epoch 6/50 - Train Loss: 0.3111 - Train Metric: 0.9100
Epoch 6/50 - Val Metric: 0.9119
Epoch 7/50 - Train Loss: 0.3037 - Train Metric: 0.9137
Epoch 7/50 - Val Metric: 0.9110
Epoch 8/50 - Train Loss: 0.3001 - Train Metric: 0.9157
Epoch 8/50 - Val Metric: 0.9137
Epoch 9/50 - Train Loss: 0.2980 - Train Metric: 0.9171
Epoch 9/50 - Val Metric: 0.9126
Epoch 10/50 - Train Loss: 0.2992 - Train Metric: 0.9164
Epoch 10/50 - Val Metric: 0.9146
Epoch 11/50 - Train Loss: 0.2982 - Train Metric: 0.9170
Epoch 11/50 - Val Metric: 0.9120
Epoch 12/50 - Train Loss: 0.2979 - Train Metric: 0.9169
Epoch 12/50 - Val Metric: 0.9130
Epoch 13/50 - Train Loss: 0.2980 - Train Metric: 0.9173
Epoch 13/50 - Val Metric: 0.9142
Epoch 14/50 - Train Loss: 0.2946 - Train Metric: 0.9189
Epoch 14/50 - Val Metric: 0.9142
Epoch 15/50 - Train Loss: 0.2931 - Train Metric: 0.9196
Epoch 15/50 - Val Metric: 0.9125
Epoch 16/50 - Train Loss: 0.2937 - Train Metric: 0.9196
Epoch 16/50 - Val Metric: 0.9139
Epoch 17/50 - Train Loss: 0.2919 - Train Metric: 0.9204
Epoch 17/50 - Val Metric: 0.9131
Epoch 18/50 - Train Loss: 0.2904 - Train Metric: 0.9211
Epoch 18/50 - Val Metric: 0.9131
Epoch 19/50 - Train Loss: 0.2883 - Train Metric: 0.9223
Epoch 19/50 - Val Metric: 0.9143
Epoch 20/50 - Train Loss: 0.2902 - Train Metric: 0.9210
Epoch 20/50 - Val Metric: 0.9096
Epoch 21/50 - Train Loss: 0.2918 - Train Metric: 0.9207
Epoch 21/50 - Val Metric: 0.9150
Epoch 22/50 - Train Loss: 0.2864 - Train Metric: 0.9232
Epoch 22/50 - Val Metric: 0.9144
Epoch 23/50 - Train Loss: 0.2841 - Train Metric: 0.9244
Epoch 23/50 - Val Metric: 0.9139
Epoch 24/50 - Train Loss: 0.2846 - Train Metric: 0.9240
Epoch 24/50 - Val Metric: 0.9142
Epoch 25/50 - Train Loss: 0.2829 - Train Metric: 0.9249
Epoch 25/50 - Val Metric: 0.9099
Epoch 26/50 - Train Loss: 0.2833 - Train Metric: 0.9248
Epoch 26/50 - Val Metric: 0.9134
Epoch 27/50 - Train Loss: 0.2885 - Train Metric: 0.9226
Epoch 27/50 - Val Metric: 0.9094
Epoch 28/50 - Train Loss: 0.2821 - Train Metric: 0.9257
Epoch 28/50 - Val Metric: 0.9134
Epoch 29/50 - Train Loss: 0.2780 - Train Metric: 0.9276
Epoch 29/50 - Val Metric: 0.9123
Epoch 30/50 - Train Loss: 0.2782 - Train Metric: 0.9276
Epoch 30/50 - Val Metric: 0.9139
Epoch 31/50 - Train Loss: 0.2763 - Train Metric: 0.9287
Epoch 31/50 - Val Metric: 0.9121
Epoch 32/50 - Train Loss: 0.2750 - Train Metric: 0.9292
Epoch 32/50 - Val Metric: 0.9114
Epoch 33/50 - Train Loss: 0.2747 - Train Metric: 0.9296
Epoch 33/50 - Val Metric: 0.9109
Epoch 34/50 - Train Loss: 0.2725 - Train Metric: 0.9306
Epoch 34/50 - Val Metric: 0.9116
Epoch 35/50 - Train Loss: 0.2717 - Train Metric: 0.9313
Epoch 35/50 - Val Metric: 0.9117
Epoch 36/50 - Train Loss: 0.2709 - Train Metric: 0.9317
Epoch 36/50 - Val Metric: 0.9109
Epoch 37/50 - Train Loss: 0.2693 - Train Metric: 0.9322
Epoch 37/50 - Val Metric: 0.9108
Epoch 38/50 - Train Loss: 0.2682 - Train Metric: 0.9331
Epoch 38/50 - Val Metric: 0.9110
Epoch 39/50 - Train Loss: 0.2665 - Train Metric: 0.9338
Epoch 39/50 - Val Metric: 0.9103
Epoch 40/50 - Train Loss: 0.2669 - Train Metric: 0.9338
Epoch 40/50 - Val Metric: 0.9098
Epoch 41/50 - Train Loss: 0.2638 - Train Metric: 0.9352
Epoch 41/50 - Val Metric: 0.9088
Epoch 42/50 - Train Loss: 0.2638 - Train Metric: 0.9353
Epoch 42/50 - Val Metric: 0.9094
Epoch 43/50 - Train Loss: 0.2610 - Train Metric: 0.9368
Epoch 43/50 - Val Metric: 0.9072
Epoch 44/50 - Train Loss: 0.2596 - Train Metric: 0.9375
Epoch 44/50 - Val Metric: 0.9069
Epoch 45/50 - Train Loss: 0.2585 - Train Metric: 0.9380
Epoch 45/50 - Val Metric: 0.9095
Epoch 46/50 - Train Loss: 0.2577 - Train Metric: 0.9386
Epoch 46/50 - Val Metric: 0.9074
Epoch 47/50 - Train Loss: 0.2560 - Train Metric: 0.9393
Epoch 47/50 - Val Metric: 0.9067
Epoch 48/50 - Train Loss: 0.2543 - Train Metric: 0.9401
Epoch 48/50 - Val Metric: 0.9057
Epoch 49/50 - Train Loss: 0.2532 - Train Metric: 0.9408
Epoch 49/50 - Val Metric: 0.9051
Epoch 50/50 - Train Loss: 0.2526 - Train Metric: 0.9411
Epoch 50/50 - Val Metric: 0.9047
Best val: 0.9150, Best test: 0.9121
[0.91214907 0.91354787 0.92164773 0.91343629 0.91211009]
