Hyper-parameter search via Optuna
Namespace(task_type='binary_classification', scale='small', idx=13, epochs=50, num_trials=20, num_repeats=5, seed=0, exp_name='MemPerceiver_ens', result_path='output/binary_classification/small/13/MemPerceiver_ens.pt')
Device: cuda
Start building binary_classification dataset_small_13
Training set has 39073 instances
Validation set has 4884 instances
Test set has 4885 instances
Epoch 1/50 - Train Loss: 0.3956 - Train Metric: 0.8439
Epoch 1/50 - Val Metric: 0.9016
Epoch 2/50 - Train Loss: 0.3241 - Train Metric: 0.9012
Epoch 2/50 - Val Metric: 0.9045
Epoch 3/50 - Train Loss: 0.3153 - Train Metric: 0.9069
Epoch 3/50 - Val Metric: 0.9046
Epoch 4/50 - Train Loss: 0.3123 - Train Metric: 0.9086
Epoch 4/50 - Val Metric: 0.9076
Epoch 5/50 - Train Loss: 0.3085 - Train Metric: 0.9106
Epoch 5/50 - Val Metric: 0.9078
Epoch 6/50 - Train Loss: 0.3056 - Train Metric: 0.9127
Epoch 6/50 - Val Metric: 0.9065
Epoch 7/50 - Train Loss: 0.3041 - Train Metric: 0.9136
Epoch 7/50 - Val Metric: 0.9084
Epoch 8/50 - Train Loss: 0.3033 - Train Metric: 0.9138
Epoch 8/50 - Val Metric: 0.9080
Epoch 9/50 - Train Loss: 0.3005 - Train Metric: 0.9155
Epoch 9/50 - Val Metric: 0.9077
Epoch 10/50 - Train Loss: 0.3002 - Train Metric: 0.9157
Epoch 10/50 - Val Metric: 0.9080
Epoch 11/50 - Train Loss: 0.2989 - Train Metric: 0.9163
Epoch 11/50 - Val Metric: 0.9059
Epoch 12/50 - Train Loss: 0.2988 - Train Metric: 0.9165
Epoch 12/50 - Val Metric: 0.9091
Epoch 13/50 - Train Loss: 0.2970 - Train Metric: 0.9174
Epoch 13/50 - Val Metric: 0.9095
Epoch 14/50 - Train Loss: 0.2948 - Train Metric: 0.9187
Epoch 14/50 - Val Metric: 0.9083
Epoch 15/50 - Train Loss: 0.2953 - Train Metric: 0.9186
Epoch 15/50 - Val Metric: 0.9096
Epoch 16/50 - Train Loss: 0.2942 - Train Metric: 0.9191
Epoch 16/50 - Val Metric: 0.9086
Epoch 17/50 - Train Loss: 0.2925 - Train Metric: 0.9199
Epoch 17/50 - Val Metric: 0.9085
Epoch 18/50 - Train Loss: 0.2924 - Train Metric: 0.9201
Epoch 18/50 - Val Metric: 0.9089
Epoch 19/50 - Train Loss: 0.2918 - Train Metric: 0.9203
Epoch 19/50 - Val Metric: 0.9088
Epoch 20/50 - Train Loss: 0.2913 - Train Metric: 0.9207
Epoch 20/50 - Val Metric: 0.9064
Epoch 21/50 - Train Loss: 0.2912 - Train Metric: 0.9207
Epoch 21/50 - Val Metric: 0.9084
Epoch 22/50 - Train Loss: 0.2899 - Train Metric: 0.9215
Epoch 22/50 - Val Metric: 0.9071
Epoch 23/50 - Train Loss: 0.2893 - Train Metric: 0.9216
Epoch 23/50 - Val Metric: 0.9089
Epoch 24/50 - Train Loss: 0.2892 - Train Metric: 0.9217
Epoch 24/50 - Val Metric: 0.9081
Epoch 25/50 - Train Loss: 0.2885 - Train Metric: 0.9219
Epoch 25/50 - Val Metric: 0.9085
Epoch 26/50 - Train Loss: 0.2888 - Train Metric: 0.9218
Epoch 26/50 - Val Metric: 0.9090
Epoch 27/50 - Train Loss: 0.2875 - Train Metric: 0.9227
Epoch 27/50 - Val Metric: 0.9085
Epoch 28/50 - Train Loss: 0.2871 - Train Metric: 0.9230
Epoch 28/50 - Val Metric: 0.9082
Epoch 29/50 - Train Loss: 0.2867 - Train Metric: 0.9231
Epoch 29/50 - Val Metric: 0.9077
Epoch 30/50 - Train Loss: 0.2863 - Train Metric: 0.9233
Epoch 30/50 - Val Metric: 0.9056
Epoch 31/50 - Train Loss: 0.2875 - Train Metric: 0.9228
Epoch 31/50 - Val Metric: 0.9077
Epoch 32/50 - Train Loss: 0.2852 - Train Metric: 0.9239
Epoch 32/50 - Val Metric: 0.9079
Epoch 33/50 - Train Loss: 0.2856 - Train Metric: 0.9238
Epoch 33/50 - Val Metric: 0.9075
Epoch 34/50 - Train Loss: 0.2847 - Train Metric: 0.9240
Epoch 34/50 - Val Metric: 0.9076
Epoch 35/50 - Train Loss: 0.2850 - Train Metric: 0.9238
Epoch 35/50 - Val Metric: 0.9065
Epoch 36/50 - Train Loss: 0.2847 - Train Metric: 0.9240
Epoch 36/50 - Val Metric: 0.9078
Epoch 37/50 - Train Loss: 0.2846 - Train Metric: 0.9241
Epoch 37/50 - Val Metric: 0.9073
Epoch 38/50 - Train Loss: 0.2835 - Train Metric: 0.9246
Epoch 38/50 - Val Metric: 0.9076
Epoch 39/50 - Train Loss: 0.2848 - Train Metric: 0.9242
Epoch 39/50 - Val Metric: 0.9074
Epoch 40/50 - Train Loss: 0.2833 - Train Metric: 0.9248
Epoch 40/50 - Val Metric: 0.9071
Epoch 41/50 - Train Loss: 0.2840 - Train Metric: 0.9244
Epoch 41/50 - Val Metric: 0.9075
Epoch 42/50 - Train Loss: 0.2837 - Train Metric: 0.9247
Epoch 42/50 - Val Metric: 0.9074
Epoch 43/50 - Train Loss: 0.2832 - Train Metric: 0.9248
Epoch 43/50 - Val Metric: 0.9074
Epoch 44/50 - Train Loss: 0.2834 - Train Metric: 0.9246
Epoch 44/50 - Val Metric: 0.9071
Epoch 45/50 - Train Loss: 0.2834 - Train Metric: 0.9247
Epoch 45/50 - Val Metric: 0.9074
Epoch 46/50 - Train Loss: 0.2831 - Train Metric: 0.9248
Epoch 46/50 - Val Metric: 0.9072
Epoch 47/50 - Train Loss: 0.2831 - Train Metric: 0.9247
Epoch 47/50 - Val Metric: 0.9071
Epoch 48/50 - Train Loss: 0.2826 - Train Metric: 0.9252
Epoch 48/50 - Val Metric: 0.9069
Epoch 49/50 - Train Loss: 0.2831 - Train Metric: 0.9248
Epoch 49/50 - Val Metric: 0.9071
Epoch 50/50 - Train Loss: 0.2822 - Train Metric: 0.9254
Epoch 50/50 - Val Metric: 0.9073
Best val: 0.9096, Best test: 0.9159
Training set has 39073 instances
Validation set has 4884 instances
Test set has 4885 instances
Epoch 1/50 - Train Loss: 0.3675 - Train Metric: 0.8706
Epoch 1/50 - Val Metric: 0.9001
Epoch 2/50 - Train Loss: 0.3214 - Train Metric: 0.9035
Epoch 2/50 - Val Metric: 0.9060
Epoch 3/50 - Train Loss: 0.3162 - Train Metric: 0.9067
Epoch 3/50 - Val Metric: 0.9077
Epoch 4/50 - Train Loss: 0.3152 - Train Metric: 0.9072
Epoch 4/50 - Val Metric: 0.9069
Epoch 5/50 - Train Loss: 0.3102 - Train Metric: 0.9103
Epoch 5/50 - Val Metric: 0.9100
Epoch 6/50 - Train Loss: 0.3087 - Train Metric: 0.9109
Epoch 6/50 - Val Metric: 0.9112
Epoch 7/50 - Train Loss: 0.3090 - Train Metric: 0.9109
Epoch 7/50 - Val Metric: 0.9116
Epoch 8/50 - Train Loss: 0.3051 - Train Metric: 0.9127
Epoch 8/50 - Val Metric: 0.9116
Epoch 9/50 - Train Loss: 0.3042 - Train Metric: 0.9134
Epoch 9/50 - Val Metric: 0.9089
Epoch 10/50 - Train Loss: 0.3056 - Train Metric: 0.9129
Epoch 10/50 - Val Metric: 0.9120
Epoch 11/50 - Train Loss: 0.3043 - Train Metric: 0.9132
Epoch 11/50 - Val Metric: 0.9117
Epoch 12/50 - Train Loss: 0.3017 - Train Metric: 0.9151
Epoch 12/50 - Val Metric: 0.9110
Epoch 13/50 - Train Loss: 0.3018 - Train Metric: 0.9149
Epoch 13/50 - Val Metric: 0.9125
Epoch 14/50 - Train Loss: 0.3012 - Train Metric: 0.9151
Epoch 14/50 - Val Metric: 0.9124
Epoch 15/50 - Train Loss: 0.3001 - Train Metric: 0.9155
Epoch 15/50 - Val Metric: 0.9120
Epoch 16/50 - Train Loss: 0.2999 - Train Metric: 0.9159
Epoch 16/50 - Val Metric: 0.9129
Epoch 17/50 - Train Loss: 0.2984 - Train Metric: 0.9165
Epoch 17/50 - Val Metric: 0.9125
Epoch 18/50 - Train Loss: 0.2977 - Train Metric: 0.9168
Epoch 18/50 - Val Metric: 0.9140
Epoch 19/50 - Train Loss: 0.2982 - Train Metric: 0.9169
Epoch 19/50 - Val Metric: 0.9140
Epoch 20/50 - Train Loss: 0.2962 - Train Metric: 0.9180
Epoch 20/50 - Val Metric: 0.9130
Epoch 21/50 - Train Loss: 0.2966 - Train Metric: 0.9178
Epoch 21/50 - Val Metric: 0.9117
Epoch 22/50 - Train Loss: 0.2981 - Train Metric: 0.9170
Epoch 22/50 - Val Metric: 0.9133
Epoch 23/50 - Train Loss: 0.2970 - Train Metric: 0.9177
Epoch 23/50 - Val Metric: 0.9136
Epoch 24/50 - Train Loss: 0.2960 - Train Metric: 0.9182
Epoch 24/50 - Val Metric: 0.9121
Epoch 25/50 - Train Loss: 0.2953 - Train Metric: 0.9185
Epoch 25/50 - Val Metric: 0.9116
Epoch 26/50 - Train Loss: 0.2939 - Train Metric: 0.9190
Epoch 26/50 - Val Metric: 0.9129
Epoch 27/50 - Train Loss: 0.2926 - Train Metric: 0.9195
Epoch 27/50 - Val Metric: 0.9141
Epoch 28/50 - Train Loss: 0.2929 - Train Metric: 0.9197
Epoch 28/50 - Val Metric: 0.9140
Epoch 29/50 - Train Loss: 0.2926 - Train Metric: 0.9198
Epoch 29/50 - Val Metric: 0.9152
Epoch 30/50 - Train Loss: 0.2908 - Train Metric: 0.9207
Epoch 30/50 - Val Metric: 0.9144
Epoch 31/50 - Train Loss: 0.2920 - Train Metric: 0.9201
Epoch 31/50 - Val Metric: 0.9147
Epoch 32/50 - Train Loss: 0.2908 - Train Metric: 0.9208
Epoch 32/50 - Val Metric: 0.9135
Epoch 33/50 - Train Loss: 0.2898 - Train Metric: 0.9210
Epoch 33/50 - Val Metric: 0.9145
Epoch 34/50 - Train Loss: 0.2889 - Train Metric: 0.9216
Epoch 34/50 - Val Metric: 0.9154
Epoch 35/50 - Train Loss: 0.2891 - Train Metric: 0.9215
Epoch 35/50 - Val Metric: 0.9148
Epoch 36/50 - Train Loss: 0.2890 - Train Metric: 0.9217
Epoch 36/50 - Val Metric: 0.9166
Epoch 37/50 - Train Loss: 0.2885 - Train Metric: 0.9218
Epoch 37/50 - Val Metric: 0.9133
Epoch 38/50 - Train Loss: 0.2886 - Train Metric: 0.9219
Epoch 38/50 - Val Metric: 0.9144
Epoch 39/50 - Train Loss: 0.2889 - Train Metric: 0.9213
Epoch 39/50 - Val Metric: 0.9162
Epoch 40/50 - Train Loss: 0.2880 - Train Metric: 0.9221
Epoch 40/50 - Val Metric: 0.9162
Epoch 41/50 - Train Loss: 0.2874 - Train Metric: 0.9225
Epoch 41/50 - Val Metric: 0.9157
Epoch 42/50 - Train Loss: 0.2883 - Train Metric: 0.9219
Epoch 42/50 - Val Metric: 0.9158
Epoch 43/50 - Train Loss: 0.2873 - Train Metric: 0.9224
Epoch 43/50 - Val Metric: 0.9142
Epoch 44/50 - Train Loss: 0.2877 - Train Metric: 0.9225
Epoch 44/50 - Val Metric: 0.9158
Epoch 45/50 - Train Loss: 0.2864 - Train Metric: 0.9230
Epoch 45/50 - Val Metric: 0.9151
Epoch 46/50 - Train Loss: 0.2867 - Train Metric: 0.9228
Epoch 46/50 - Val Metric: 0.9154
Epoch 47/50 - Train Loss: 0.2868 - Train Metric: 0.9228
Epoch 47/50 - Val Metric: 0.9150
Epoch 48/50 - Train Loss: 0.2863 - Train Metric: 0.9230
Epoch 48/50 - Val Metric: 0.9140
Epoch 49/50 - Train Loss: 0.2870 - Train Metric: 0.9227
Epoch 49/50 - Val Metric: 0.9162
Epoch 50/50 - Train Loss: 0.2861 - Train Metric: 0.9232
Epoch 50/50 - Val Metric: 0.9141
Best val: 0.9166, Best test: 0.9158
Training set has 39073 instances
Validation set has 4884 instances
Test set has 4885 instances
Epoch 1/50 - Train Loss: 0.3694 - Train Metric: 0.8690
Epoch 1/50 - Val Metric: 0.9167
Epoch 2/50 - Train Loss: 0.3217 - Train Metric: 0.9030
Epoch 2/50 - Val Metric: 0.9179
Epoch 3/50 - Train Loss: 0.3154 - Train Metric: 0.9070
Epoch 3/50 - Val Metric: 0.9204
Epoch 4/50 - Train Loss: 0.3115 - Train Metric: 0.9094
Epoch 4/50 - Val Metric: 0.9160
Epoch 5/50 - Train Loss: 0.3107 - Train Metric: 0.9102
Epoch 5/50 - Val Metric: 0.9176
Epoch 6/50 - Train Loss: 0.3081 - Train Metric: 0.9114
Epoch 6/50 - Val Metric: 0.9204
Epoch 7/50 - Train Loss: 0.3064 - Train Metric: 0.9126
Epoch 7/50 - Val Metric: 0.9214
Epoch 8/50 - Train Loss: 0.3052 - Train Metric: 0.9132
Epoch 8/50 - Val Metric: 0.9215
Epoch 9/50 - Train Loss: 0.3047 - Train Metric: 0.9133
Epoch 9/50 - Val Metric: 0.9217
Epoch 10/50 - Train Loss: 0.3041 - Train Metric: 0.9138
Epoch 10/50 - Val Metric: 0.9214
Epoch 11/50 - Train Loss: 0.3030 - Train Metric: 0.9142
Epoch 11/50 - Val Metric: 0.9222
Epoch 12/50 - Train Loss: 0.3032 - Train Metric: 0.9140
Epoch 12/50 - Val Metric: 0.9222
Epoch 13/50 - Train Loss: 0.3020 - Train Metric: 0.9150
Epoch 13/50 - Val Metric: 0.9203
Epoch 14/50 - Train Loss: 0.3010 - Train Metric: 0.9155
Epoch 14/50 - Val Metric: 0.9202
Epoch 15/50 - Train Loss: 0.3005 - Train Metric: 0.9158
Epoch 15/50 - Val Metric: 0.9214
Epoch 16/50 - Train Loss: 0.2998 - Train Metric: 0.9158
Epoch 16/50 - Val Metric: 0.9213
Epoch 17/50 - Train Loss: 0.2994 - Train Metric: 0.9164
Epoch 17/50 - Val Metric: 0.9219
Epoch 18/50 - Train Loss: 0.2970 - Train Metric: 0.9175
Epoch 18/50 - Val Metric: 0.9229
Epoch 19/50 - Train Loss: 0.2961 - Train Metric: 0.9179
Epoch 19/50 - Val Metric: 0.9233
Epoch 20/50 - Train Loss: 0.2961 - Train Metric: 0.9181
Epoch 20/50 - Val Metric: 0.9219
Epoch 21/50 - Train Loss: 0.2948 - Train Metric: 0.9188
Epoch 21/50 - Val Metric: 0.9222
Epoch 22/50 - Train Loss: 0.2938 - Train Metric: 0.9192
Epoch 22/50 - Val Metric: 0.9214
Epoch 23/50 - Train Loss: 0.2930 - Train Metric: 0.9195
Epoch 23/50 - Val Metric: 0.9210
Epoch 24/50 - Train Loss: 0.2926 - Train Metric: 0.9198
Epoch 24/50 - Val Metric: 0.9227
Epoch 25/50 - Train Loss: 0.2923 - Train Metric: 0.9200
Epoch 25/50 - Val Metric: 0.9216
Epoch 26/50 - Train Loss: 0.2909 - Train Metric: 0.9206
Epoch 26/50 - Val Metric: 0.9220
Epoch 27/50 - Train Loss: 0.2903 - Train Metric: 0.9212
Epoch 27/50 - Val Metric: 0.9234
Epoch 28/50 - Train Loss: 0.2887 - Train Metric: 0.9219
Epoch 28/50 - Val Metric: 0.9224
Epoch 29/50 - Train Loss: 0.2882 - Train Metric: 0.9221
Epoch 29/50 - Val Metric: 0.9217
Epoch 30/50 - Train Loss: 0.2877 - Train Metric: 0.9226
Epoch 30/50 - Val Metric: 0.9239
Epoch 31/50 - Train Loss: 0.2898 - Train Metric: 0.9216
Epoch 31/50 - Val Metric: 0.9218
Epoch 32/50 - Train Loss: 0.2901 - Train Metric: 0.9215
Epoch 32/50 - Val Metric: 0.9220
Epoch 33/50 - Train Loss: 0.2881 - Train Metric: 0.9225
Epoch 33/50 - Val Metric: 0.9216
Epoch 34/50 - Train Loss: 0.2879 - Train Metric: 0.9227
Epoch 34/50 - Val Metric: 0.9224
Epoch 35/50 - Train Loss: 0.2871 - Train Metric: 0.9231
Epoch 35/50 - Val Metric: 0.9221
Epoch 36/50 - Train Loss: 0.2865 - Train Metric: 0.9234
Epoch 36/50 - Val Metric: 0.9221
Epoch 37/50 - Train Loss: 0.2854 - Train Metric: 0.9239
Epoch 37/50 - Val Metric: 0.9223
Epoch 38/50 - Train Loss: 0.2857 - Train Metric: 0.9237
Epoch 38/50 - Val Metric: 0.9219
Epoch 39/50 - Train Loss: 0.2843 - Train Metric: 0.9248
Epoch 39/50 - Val Metric: 0.9234
Epoch 40/50 - Train Loss: 0.2844 - Train Metric: 0.9244
Epoch 40/50 - Val Metric: 0.9212
Epoch 41/50 - Train Loss: 0.2842 - Train Metric: 0.9245
Epoch 41/50 - Val Metric: 0.9231
Epoch 42/50 - Train Loss: 0.2839 - Train Metric: 0.9246
Epoch 42/50 - Val Metric: 0.9224
Epoch 43/50 - Train Loss: 0.2832 - Train Metric: 0.9251
Epoch 43/50 - Val Metric: 0.9232
Epoch 44/50 - Train Loss: 0.2825 - Train Metric: 0.9254
Epoch 44/50 - Val Metric: 0.9217
Epoch 45/50 - Train Loss: 0.2820 - Train Metric: 0.9257
Epoch 45/50 - Val Metric: 0.9216
Epoch 46/50 - Train Loss: 0.2819 - Train Metric: 0.9257
Epoch 46/50 - Val Metric: 0.9221
Epoch 47/50 - Train Loss: 0.2819 - Train Metric: 0.9257
Epoch 47/50 - Val Metric: 0.9225
Epoch 48/50 - Train Loss: 0.2817 - Train Metric: 0.9258
Epoch 48/50 - Val Metric: 0.9223
Epoch 49/50 - Train Loss: 0.2807 - Train Metric: 0.9263
Epoch 49/50 - Val Metric: 0.9222
Epoch 50/50 - Train Loss: 0.2811 - Train Metric: 0.9261
Epoch 50/50 - Val Metric: 0.9221
Best val: 0.9239, Best test: 0.9177
Training set has 39073 instances
Validation set has 4884 instances
Test set has 4885 instances
Epoch 1/50 - Train Loss: 0.4321 - Train Metric: 0.8125
Epoch 1/50 - Val Metric: 0.8748
Epoch 2/50 - Train Loss: 0.3691 - Train Metric: 0.8733
Epoch 2/50 - Val Metric: 0.8837
Epoch 3/50 - Train Loss: 0.3521 - Train Metric: 0.8859
Epoch 3/50 - Val Metric: 0.8922
Epoch 4/50 - Train Loss: 0.3429 - Train Metric: 0.8921
Epoch 4/50 - Val Metric: 0.8990
Epoch 5/50 - Train Loss: 0.3307 - Train Metric: 0.8997
Epoch 5/50 - Val Metric: 0.9048
Epoch 6/50 - Train Loss: 0.3250 - Train Metric: 0.9029
Epoch 6/50 - Val Metric: 0.9065
Epoch 7/50 - Train Loss: 0.3218 - Train Metric: 0.9046
Epoch 7/50 - Val Metric: 0.9071
Epoch 8/50 - Train Loss: 0.3199 - Train Metric: 0.9056
Epoch 8/50 - Val Metric: 0.9080
Epoch 9/50 - Train Loss: 0.3186 - Train Metric: 0.9063
Epoch 9/50 - Val Metric: 0.9069
Epoch 10/50 - Train Loss: 0.3160 - Train Metric: 0.9077
Epoch 10/50 - Val Metric: 0.9073
Epoch 11/50 - Train Loss: 0.3151 - Train Metric: 0.9082
Epoch 11/50 - Val Metric: 0.9097
Epoch 12/50 - Train Loss: 0.3144 - Train Metric: 0.9086
Epoch 12/50 - Val Metric: 0.9096
Epoch 13/50 - Train Loss: 0.3131 - Train Metric: 0.9092
Epoch 13/50 - Val Metric: 0.9101
Epoch 14/50 - Train Loss: 0.3121 - Train Metric: 0.9099
Epoch 14/50 - Val Metric: 0.9099
Epoch 15/50 - Train Loss: 0.3119 - Train Metric: 0.9099
Epoch 15/50 - Val Metric: 0.9104
Epoch 16/50 - Train Loss: 0.3107 - Train Metric: 0.9105
Epoch 16/50 - Val Metric: 0.9107
Epoch 17/50 - Train Loss: 0.3098 - Train Metric: 0.9112
Epoch 17/50 - Val Metric: 0.9110
Epoch 18/50 - Train Loss: 0.3097 - Train Metric: 0.9111
Epoch 18/50 - Val Metric: 0.9111
Epoch 19/50 - Train Loss: 0.3083 - Train Metric: 0.9119
Epoch 19/50 - Val Metric: 0.9116
Epoch 20/50 - Train Loss: 0.3078 - Train Metric: 0.9121
Epoch 20/50 - Val Metric: 0.9114
Epoch 21/50 - Train Loss: 0.3067 - Train Metric: 0.9127
Epoch 21/50 - Val Metric: 0.9118
Epoch 22/50 - Train Loss: 0.3070 - Train Metric: 0.9126
Epoch 22/50 - Val Metric: 0.9114
Epoch 23/50 - Train Loss: 0.3064 - Train Metric: 0.9131
Epoch 23/50 - Val Metric: 0.9126
Epoch 24/50 - Train Loss: 0.3054 - Train Metric: 0.9135
Epoch 24/50 - Val Metric: 0.9122
Epoch 25/50 - Train Loss: 0.3049 - Train Metric: 0.9138
Epoch 25/50 - Val Metric: 0.9122
Epoch 26/50 - Train Loss: 0.3045 - Train Metric: 0.9141
Epoch 26/50 - Val Metric: 0.9119
Epoch 27/50 - Train Loss: 0.3040 - Train Metric: 0.9143
Epoch 27/50 - Val Metric: 0.9129
Epoch 28/50 - Train Loss: 0.3035 - Train Metric: 0.9146
Epoch 28/50 - Val Metric: 0.9126
Epoch 29/50 - Train Loss: 0.3030 - Train Metric: 0.9149
Epoch 29/50 - Val Metric: 0.9129
Epoch 30/50 - Train Loss: 0.3023 - Train Metric: 0.9153
Epoch 30/50 - Val Metric: 0.9129
Epoch 31/50 - Train Loss: 0.3018 - Train Metric: 0.9156
Epoch 31/50 - Val Metric: 0.9127
Epoch 32/50 - Train Loss: 0.3015 - Train Metric: 0.9157
Epoch 32/50 - Val Metric: 0.9125
Epoch 33/50 - Train Loss: 0.3013 - Train Metric: 0.9160
Epoch 33/50 - Val Metric: 0.9135
Epoch 34/50 - Train Loss: 0.3009 - Train Metric: 0.9163
Epoch 34/50 - Val Metric: 0.9134
Epoch 35/50 - Train Loss: 0.3000 - Train Metric: 0.9166
Epoch 35/50 - Val Metric: 0.9127
Epoch 36/50 - Train Loss: 0.2998 - Train Metric: 0.9168
Epoch 36/50 - Val Metric: 0.9138
Epoch 37/50 - Train Loss: 0.2996 - Train Metric: 0.9170
Epoch 37/50 - Val Metric: 0.9133
Epoch 38/50 - Train Loss: 0.2992 - Train Metric: 0.9172
Epoch 38/50 - Val Metric: 0.9132
Epoch 39/50 - Train Loss: 0.2988 - Train Metric: 0.9175
Epoch 39/50 - Val Metric: 0.9133
Epoch 40/50 - Train Loss: 0.2986 - Train Metric: 0.9175
Epoch 40/50 - Val Metric: 0.9130
Epoch 41/50 - Train Loss: 0.2981 - Train Metric: 0.9178
Epoch 41/50 - Val Metric: 0.9133
Epoch 42/50 - Train Loss: 0.2982 - Train Metric: 0.9178
Epoch 42/50 - Val Metric: 0.9134
Epoch 43/50 - Train Loss: 0.2974 - Train Metric: 0.9182
Epoch 43/50 - Val Metric: 0.9135
Epoch 44/50 - Train Loss: 0.2972 - Train Metric: 0.9183
Epoch 44/50 - Val Metric: 0.9132
Epoch 45/50 - Train Loss: 0.2971 - Train Metric: 0.9185
Epoch 45/50 - Val Metric: 0.9130
Epoch 46/50 - Train Loss: 0.2966 - Train Metric: 0.9187
Epoch 46/50 - Val Metric: 0.9136
Epoch 47/50 - Train Loss: 0.2964 - Train Metric: 0.9188
Epoch 47/50 - Val Metric: 0.9136
Epoch 48/50 - Train Loss: 0.2963 - Train Metric: 0.9190
Epoch 48/50 - Val Metric: 0.9128
Epoch 49/50 - Train Loss: 0.2961 - Train Metric: 0.9190
Epoch 49/50 - Val Metric: 0.9133
Epoch 50/50 - Train Loss: 0.2958 - Train Metric: 0.9192
Epoch 50/50 - Val Metric: 0.9134
Best val: 0.9138, Best test: 0.9083
Training set has 39073 instances
Validation set has 4884 instances
Test set has 4885 instances
Epoch 1/50 - Train Loss: 0.4065 - Train Metric: 0.8371
Epoch 1/50 - Val Metric: 0.8679
Epoch 2/50 - Train Loss: 0.3625 - Train Metric: 0.8770
Epoch 2/50 - Val Metric: 0.8766
Epoch 3/50 - Train Loss: 0.3542 - Train Metric: 0.8833
Epoch 3/50 - Val Metric: 0.8828
Epoch 4/50 - Train Loss: 0.3461 - Train Metric: 0.8891
Epoch 4/50 - Val Metric: 0.8869
Epoch 5/50 - Train Loss: 0.3411 - Train Metric: 0.8926
Epoch 5/50 - Val Metric: 0.8912
Epoch 6/50 - Train Loss: 0.3341 - Train Metric: 0.8969
Epoch 6/50 - Val Metric: 0.8981
Epoch 7/50 - Train Loss: 0.3243 - Train Metric: 0.9029
Epoch 7/50 - Val Metric: 0.8995
Epoch 8/50 - Train Loss: 0.3218 - Train Metric: 0.9043
Epoch 8/50 - Val Metric: 0.9021
Epoch 9/50 - Train Loss: 0.3198 - Train Metric: 0.9053
Epoch 9/50 - Val Metric: 0.9024
Epoch 10/50 - Train Loss: 0.3190 - Train Metric: 0.9058
Epoch 10/50 - Val Metric: 0.9032
Epoch 11/50 - Train Loss: 0.3180 - Train Metric: 0.9062
Epoch 11/50 - Val Metric: 0.9028
Epoch 12/50 - Train Loss: 0.3169 - Train Metric: 0.9071
Epoch 12/50 - Val Metric: 0.9029
Epoch 13/50 - Train Loss: 0.3175 - Train Metric: 0.9066
Epoch 13/50 - Val Metric: 0.9028
Epoch 14/50 - Train Loss: 0.3157 - Train Metric: 0.9077
Epoch 14/50 - Val Metric: 0.9041
Epoch 15/50 - Train Loss: 0.3156 - Train Metric: 0.9078
Epoch 15/50 - Val Metric: 0.9040
Epoch 16/50 - Train Loss: 0.3135 - Train Metric: 0.9090
Epoch 16/50 - Val Metric: 0.9038
Epoch 17/50 - Train Loss: 0.3122 - Train Metric: 0.9095
Epoch 17/50 - Val Metric: 0.9040
Epoch 18/50 - Train Loss: 0.3126 - Train Metric: 0.9094
Epoch 18/50 - Val Metric: 0.9047
Epoch 19/50 - Train Loss: 0.3121 - Train Metric: 0.9096
Epoch 19/50 - Val Metric: 0.9050
Epoch 20/50 - Train Loss: 0.3103 - Train Metric: 0.9105
Epoch 20/50 - Val Metric: 0.9045
Epoch 21/50 - Train Loss: 0.3111 - Train Metric: 0.9102
Epoch 21/50 - Val Metric: 0.9050
Epoch 22/50 - Train Loss: 0.3095 - Train Metric: 0.9110
Epoch 22/50 - Val Metric: 0.9051
Epoch 23/50 - Train Loss: 0.3092 - Train Metric: 0.9113
Epoch 23/50 - Val Metric: 0.9041
Epoch 24/50 - Train Loss: 0.3085 - Train Metric: 0.9113
Epoch 24/50 - Val Metric: 0.9054
Epoch 25/50 - Train Loss: 0.3082 - Train Metric: 0.9116
Epoch 25/50 - Val Metric: 0.9055
Epoch 26/50 - Train Loss: 0.3078 - Train Metric: 0.9117
Epoch 26/50 - Val Metric: 0.9059
Epoch 27/50 - Train Loss: 0.3072 - Train Metric: 0.9122
Epoch 27/50 - Val Metric: 0.9059
Epoch 28/50 - Train Loss: 0.3065 - Train Metric: 0.9126
Epoch 28/50 - Val Metric: 0.9062
Epoch 29/50 - Train Loss: 0.3060 - Train Metric: 0.9129
Epoch 29/50 - Val Metric: 0.9057
Epoch 30/50 - Train Loss: 0.3054 - Train Metric: 0.9132
Epoch 30/50 - Val Metric: 0.9051
Epoch 31/50 - Train Loss: 0.3059 - Train Metric: 0.9130
Epoch 31/50 - Val Metric: 0.9059
Epoch 32/50 - Train Loss: 0.3045 - Train Metric: 0.9138
Epoch 32/50 - Val Metric: 0.9058
Epoch 33/50 - Train Loss: 0.3037 - Train Metric: 0.9141
Epoch 33/50 - Val Metric: 0.9061
Epoch 34/50 - Train Loss: 0.3039 - Train Metric: 0.9140
Epoch 34/50 - Val Metric: 0.9056
Epoch 35/50 - Train Loss: 0.3040 - Train Metric: 0.9141
Epoch 35/50 - Val Metric: 0.9058
Epoch 36/50 - Train Loss: 0.3040 - Train Metric: 0.9139
Epoch 36/50 - Val Metric: 0.9062
Epoch 37/50 - Train Loss: 0.3028 - Train Metric: 0.9147
Epoch 37/50 - Val Metric: 0.9062
Epoch 38/50 - Train Loss: 0.3030 - Train Metric: 0.9147
Epoch 38/50 - Val Metric: 0.9064
Epoch 39/50 - Train Loss: 0.3028 - Train Metric: 0.9144
Epoch 39/50 - Val Metric: 0.9068
Epoch 40/50 - Train Loss: 0.3026 - Train Metric: 0.9148
Epoch 40/50 - Val Metric: 0.9066
Epoch 41/50 - Train Loss: 0.3012 - Train Metric: 0.9155
Epoch 41/50 - Val Metric: 0.9066
Epoch 42/50 - Train Loss: 0.3013 - Train Metric: 0.9157
Epoch 42/50 - Val Metric: 0.9066
Epoch 43/50 - Train Loss: 0.3015 - Train Metric: 0.9156
Epoch 43/50 - Val Metric: 0.9071
Epoch 44/50 - Train Loss: 0.3010 - Train Metric: 0.9158
Epoch 44/50 - Val Metric: 0.9069
Epoch 45/50 - Train Loss: 0.3000 - Train Metric: 0.9164
Epoch 45/50 - Val Metric: 0.9063
Epoch 46/50 - Train Loss: 0.3008 - Train Metric: 0.9159
Epoch 46/50 - Val Metric: 0.9068
Epoch 47/50 - Train Loss: 0.3004 - Train Metric: 0.9163
Epoch 47/50 - Val Metric: 0.9061
Epoch 48/50 - Train Loss: 0.3004 - Train Metric: 0.9160
Epoch 48/50 - Val Metric: 0.9073
Epoch 49/50 - Train Loss: 0.2996 - Train Metric: 0.9165
Epoch 49/50 - Val Metric: 0.9069
Epoch 50/50 - Train Loss: 0.2992 - Train Metric: 0.9168
Epoch 50/50 - Val Metric: 0.9072
Best val: 0.9073, Best test: 0.9086
Training set has 39073 instances
Validation set has 4884 instances
Test set has 4885 instances
Training set has 39073 instances
Validation set has 4884 instances
Test set has 4885 instances
Training set has 39073 instances
Validation set has 4884 instances
Test set has 4885 instances
Training set has 39073 instances
Validation set has 4884 instances
Test set has 4885 instances
Training set has 39073 instances
Validation set has 4884 instances
Test set has 4885 instances
Training set has 39073 instances
Validation set has 4884 instances
Test set has 4885 instances
Epoch 1/50 - Train Loss: 0.4280 - Train Metric: 0.8081
Epoch 1/50 - Val Metric: 0.9033
Epoch 2/50 - Train Loss: 0.3359 - Train Metric: 0.8939
Epoch 2/50 - Val Metric: 0.9094
Epoch 3/50 - Train Loss: 0.3198 - Train Metric: 0.9037
Epoch 3/50 - Val Metric: 0.9149
Epoch 4/50 - Train Loss: 0.3187 - Train Metric: 0.9047
Epoch 4/50 - Val Metric: 0.9153
Epoch 5/50 - Train Loss: 0.3187 - Train Metric: 0.9046
Epoch 5/50 - Val Metric: 0.9152
Epoch 6/50 - Train Loss: 0.3173 - Train Metric: 0.9055
Epoch 6/50 - Val Metric: 0.9167
Epoch 7/50 - Train Loss: 0.3140 - Train Metric: 0.9079
Epoch 7/50 - Val Metric: 0.9177
Epoch 8/50 - Train Loss: 0.3144 - Train Metric: 0.9071
Epoch 8/50 - Val Metric: 0.9176
Epoch 9/50 - Train Loss: 0.3140 - Train Metric: 0.9075
Epoch 9/50 - Val Metric: 0.9187
Epoch 10/50 - Train Loss: 0.3134 - Train Metric: 0.9077
Epoch 10/50 - Val Metric: 0.9167
Epoch 11/50 - Train Loss: 0.3160 - Train Metric: 0.9062
Epoch 11/50 - Val Metric: 0.9103
Epoch 12/50 - Train Loss: 0.3192 - Train Metric: 0.9050
Epoch 12/50 - Val Metric: 0.9147
Epoch 13/50 - Train Loss: 0.3422 - Train Metric: 0.8887
Epoch 13/50 - Val Metric: 0.9050
Epoch 14/50 - Train Loss: 0.3462 - Train Metric: 0.8864
Epoch 14/50 - Val Metric: 0.9102
Epoch 15/50 - Train Loss: 0.3429 - Train Metric: 0.8879
Epoch 15/50 - Val Metric: 0.9117
Epoch 16/50 - Train Loss: 0.3413 - Train Metric: 0.8894
Epoch 16/50 - Val Metric: 0.9068
Epoch 17/50 - Train Loss: 0.3412 - Train Metric: 0.8889
Epoch 17/50 - Val Metric: 0.8974
Epoch 18/50 - Train Loss: 0.3366 - Train Metric: 0.8927
Epoch 18/50 - Val Metric: 0.9070
Epoch 19/50 - Train Loss: 0.3335 - Train Metric: 0.8946
Epoch 19/50 - Val Metric: 0.9107
Epoch 20/50 - Train Loss: 0.3333 - Train Metric: 0.8943
Epoch 20/50 - Val Metric: 0.9010
Epoch 21/50 - Train Loss: 0.3401 - Train Metric: 0.8900
Epoch 21/50 - Val Metric: 0.9107
Epoch 22/50 - Train Loss: 0.3427 - Train Metric: 0.8881
Epoch 22/50 - Val Metric: 0.8793
Epoch 23/50 - Train Loss: 0.3507 - Train Metric: 0.8818
Epoch 23/50 - Val Metric: 0.8934
Epoch 24/50 - Train Loss: 0.3397 - Train Metric: 0.8898
Epoch 24/50 - Val Metric: 0.8862
Epoch 25/50 - Train Loss: 0.3372 - Train Metric: 0.8918
Epoch 25/50 - Val Metric: 0.9022
Epoch 26/50 - Train Loss: 0.3409 - Train Metric: 0.8891
Epoch 26/50 - Val Metric: 0.8884
Epoch 27/50 - Train Loss: 0.3479 - Train Metric: 0.8841
Epoch 27/50 - Val Metric: 0.8869
Epoch 28/50 - Train Loss: 0.3482 - Train Metric: 0.8846
Epoch 28/50 - Val Metric: 0.8841
Epoch 29/50 - Train Loss: 0.3453 - Train Metric: 0.8870
Epoch 29/50 - Val Metric: 0.8829
Epoch 30/50 - Train Loss: 0.3434 - Train Metric: 0.8884
Epoch 30/50 - Val Metric: 0.9007
Epoch 31/50 - Train Loss: 0.3419 - Train Metric: 0.8887
Epoch 31/50 - Val Metric: 0.8822
Epoch 32/50 - Train Loss: 0.3373 - Train Metric: 0.8921
Epoch 32/50 - Val Metric: 0.8913
Epoch 33/50 - Train Loss: 0.3409 - Train Metric: 0.8890
Epoch 33/50 - Val Metric: 0.8958
Epoch 34/50 - Train Loss: 0.3332 - Train Metric: 0.8946
Epoch 34/50 - Val Metric: 0.8877
Epoch 35/50 - Train Loss: 0.3367 - Train Metric: 0.8919
Epoch 35/50 - Val Metric: 0.9008
Epoch 36/50 - Train Loss: 0.3324 - Train Metric: 0.8952
Epoch 36/50 - Val Metric: 0.9119
Epoch 37/50 - Train Loss: 0.3417 - Train Metric: 0.8878
Epoch 37/50 - Val Metric: 0.8986
Epoch 38/50 - Train Loss: 0.3385 - Train Metric: 0.8907
Epoch 38/50 - Val Metric: 0.9048
Epoch 39/50 - Train Loss: 0.3361 - Train Metric: 0.8920
Epoch 39/50 - Val Metric: 0.9044
Epoch 40/50 - Train Loss: 0.3542 - Train Metric: 0.8775
Epoch 40/50 - Val Metric: 0.8982
Epoch 41/50 - Train Loss: 0.3696 - Train Metric: 0.8637
Epoch 41/50 - Val Metric: 0.8535
Epoch 42/50 - Train Loss: 0.3875 - Train Metric: 0.8479
Epoch 42/50 - Val Metric: 0.8981
Epoch 43/50 - Train Loss: 0.3912 - Train Metric: 0.8421
Epoch 43/50 - Val Metric: 0.8671
Epoch 44/50 - Train Loss: 0.4009 - Train Metric: 0.8307
Epoch 44/50 - Val Metric: 0.8546
Epoch 45/50 - Train Loss: 0.3904 - Train Metric: 0.8418
Epoch 45/50 - Val Metric: 0.8832
Epoch 46/50 - Train Loss: 0.3851 - Train Metric: 0.8474
Epoch 46/50 - Val Metric: 0.8968
Epoch 47/50 - Train Loss: 0.3719 - Train Metric: 0.8602
Epoch 47/50 - Val Metric: 0.9022
Epoch 48/50 - Train Loss: 0.3678 - Train Metric: 0.8638
Epoch 48/50 - Val Metric: 0.9009
Epoch 49/50 - Train Loss: 0.3644 - Train Metric: 0.8668
Epoch 49/50 - Val Metric: 0.9069
Epoch 50/50 - Train Loss: 0.3581 - Train Metric: 0.8730
Epoch 50/50 - Val Metric: 0.9008
Best val: 0.9187, Best test: 0.9104
Training set has 39073 instances
Validation set has 4884 instances
Test set has 4885 instances
Training set has 39073 instances
Validation set has 4884 instances
Test set has 4885 instances
Training set has 39073 instances
Validation set has 4884 instances
Test set has 4885 instances
Training set has 39073 instances
Validation set has 4884 instances
Test set has 4885 instances
Epoch 1/50 - Train Loss: 0.3839 - Train Metric: 0.8571
Epoch 1/50 - Val Metric: 0.9017
Epoch 2/50 - Train Loss: 0.3267 - Train Metric: 0.9001
Epoch 2/50 - Val Metric: 0.9066
Epoch 3/50 - Train Loss: 0.3204 - Train Metric: 0.9040
Epoch 3/50 - Val Metric: 0.9076
Epoch 4/50 - Train Loss: 0.3159 - Train Metric: 0.9073
Epoch 4/50 - Val Metric: 0.9015
Epoch 5/50 - Train Loss: 0.3142 - Train Metric: 0.9081
Epoch 5/50 - Val Metric: 0.9115
Epoch 6/50 - Train Loss: 0.3110 - Train Metric: 0.9098
Epoch 6/50 - Val Metric: 0.9122
Epoch 7/50 - Train Loss: 0.3079 - Train Metric: 0.9117
Epoch 7/50 - Val Metric: 0.9123
Epoch 8/50 - Train Loss: 0.3084 - Train Metric: 0.9112
Epoch 8/50 - Val Metric: 0.9107
Epoch 9/50 - Train Loss: 0.3075 - Train Metric: 0.9118
Epoch 9/50 - Val Metric: 0.9105
Epoch 10/50 - Train Loss: 0.3055 - Train Metric: 0.9129
Epoch 10/50 - Val Metric: 0.9105
Epoch 11/50 - Train Loss: 0.3045 - Train Metric: 0.9134
Epoch 11/50 - Val Metric: 0.9128
Epoch 12/50 - Train Loss: 0.3037 - Train Metric: 0.9137
Epoch 12/50 - Val Metric: 0.9112
Epoch 13/50 - Train Loss: 0.3059 - Train Metric: 0.9133
Epoch 13/50 - Val Metric: 0.9135
Epoch 14/50 - Train Loss: 0.3043 - Train Metric: 0.9136
Epoch 14/50 - Val Metric: 0.9129
Epoch 15/50 - Train Loss: 0.3021 - Train Metric: 0.9145
Epoch 15/50 - Val Metric: 0.9131
Epoch 16/50 - Train Loss: 0.3021 - Train Metric: 0.9144
Epoch 16/50 - Val Metric: 0.9135
Epoch 17/50 - Train Loss: 0.3014 - Train Metric: 0.9148
Epoch 17/50 - Val Metric: 0.9122
Epoch 18/50 - Train Loss: 0.3006 - Train Metric: 0.9156
Epoch 18/50 - Val Metric: 0.9136
Epoch 19/50 - Train Loss: 0.2997 - Train Metric: 0.9160
Epoch 19/50 - Val Metric: 0.9128
Epoch 20/50 - Train Loss: 0.3014 - Train Metric: 0.9153
Epoch 20/50 - Val Metric: 0.9134
Epoch 21/50 - Train Loss: 0.2984 - Train Metric: 0.9170
Epoch 21/50 - Val Metric: 0.9116
Epoch 22/50 - Train Loss: 0.2990 - Train Metric: 0.9165
Epoch 22/50 - Val Metric: 0.9123
Epoch 23/50 - Train Loss: 0.2998 - Train Metric: 0.9158
Epoch 23/50 - Val Metric: 0.9126
Epoch 24/50 - Train Loss: 0.2982 - Train Metric: 0.9168
Epoch 24/50 - Val Metric: 0.9132
Epoch 25/50 - Train Loss: 0.2979 - Train Metric: 0.9170
Epoch 25/50 - Val Metric: 0.9125
Epoch 26/50 - Train Loss: 0.2973 - Train Metric: 0.9173
Epoch 26/50 - Val Metric: 0.9137
Epoch 27/50 - Train Loss: 0.2971 - Train Metric: 0.9175
Epoch 27/50 - Val Metric: 0.9140
Epoch 28/50 - Train Loss: 0.2968 - Train Metric: 0.9177
Epoch 28/50 - Val Metric: 0.9132
Epoch 29/50 - Train Loss: 0.2971 - Train Metric: 0.9175
Epoch 29/50 - Val Metric: 0.9138
Epoch 30/50 - Train Loss: 0.2958 - Train Metric: 0.9184
Epoch 30/50 - Val Metric: 0.9139
Epoch 31/50 - Train Loss: 0.2960 - Train Metric: 0.9180
Epoch 31/50 - Val Metric: 0.9139
Epoch 32/50 - Train Loss: 0.2945 - Train Metric: 0.9187
Epoch 32/50 - Val Metric: 0.9150
Epoch 33/50 - Train Loss: 0.2945 - Train Metric: 0.9189
Epoch 33/50 - Val Metric: 0.9157
Epoch 34/50 - Train Loss: 0.2933 - Train Metric: 0.9195
Epoch 34/50 - Val Metric: 0.9161
Epoch 35/50 - Train Loss: 0.2949 - Train Metric: 0.9183
Epoch 35/50 - Val Metric: 0.9149
Epoch 36/50 - Train Loss: 0.2931 - Train Metric: 0.9197
Epoch 36/50 - Val Metric: 0.9154
Epoch 37/50 - Train Loss: 0.2916 - Train Metric: 0.9203
Epoch 37/50 - Val Metric: 0.9128
Epoch 38/50 - Train Loss: 0.2914 - Train Metric: 0.9205
Epoch 38/50 - Val Metric: 0.9148
Epoch 39/50 - Train Loss: 0.2941 - Train Metric: 0.9191
Epoch 39/50 - Val Metric: 0.9141
Epoch 40/50 - Train Loss: 0.2924 - Train Metric: 0.9199
Epoch 40/50 - Val Metric: 0.9162
Epoch 41/50 - Train Loss: 0.2905 - Train Metric: 0.9206
Epoch 41/50 - Val Metric: 0.9149
Epoch 42/50 - Train Loss: 0.2909 - Train Metric: 0.9206
Epoch 42/50 - Val Metric: 0.9161
Epoch 43/50 - Train Loss: 0.2898 - Train Metric: 0.9211
Epoch 43/50 - Val Metric: 0.9155
Epoch 44/50 - Train Loss: 0.2919 - Train Metric: 0.9199
Epoch 44/50 - Val Metric: 0.9163
Epoch 45/50 - Train Loss: 0.2882 - Train Metric: 0.9220
Epoch 45/50 - Val Metric: 0.9163
Epoch 46/50 - Train Loss: 0.2897 - Train Metric: 0.9212
Epoch 46/50 - Val Metric: 0.9162
Epoch 47/50 - Train Loss: 0.2880 - Train Metric: 0.9221
Epoch 47/50 - Val Metric: 0.9157
Epoch 48/50 - Train Loss: 0.2885 - Train Metric: 0.9220
Epoch 48/50 - Val Metric: 0.9154
Epoch 49/50 - Train Loss: 0.2871 - Train Metric: 0.9226
Epoch 49/50 - Val Metric: 0.9174
Epoch 50/50 - Train Loss: 0.2866 - Train Metric: 0.9229
Epoch 50/50 - Val Metric: 0.9170
Best val: 0.9174, Best test: 0.9140
Training set has 39073 instances
Validation set has 4884 instances
Test set has 4885 instances
Training set has 39073 instances
Validation set has 4884 instances
Test set has 4885 instances
Training set has 39073 instances
Validation set has 4884 instances
Test set has 4885 instances
Training set has 39073 instances
Validation set has 4884 instances
Test set has 4885 instances
Training set has 39073 instances
Validation set has 4884 instances
Test set has 4885 instances
Epoch 1/50 - Train Loss: 0.3769 - Train Metric: 0.8634
Epoch 1/50 - Val Metric: 0.9051
Hyper-parameter search done. Found the best config.
Repeat experiments 5 times with the best train config {'batch_size': 128, 'gamma_rate': 0.95, 'base_lr': 0.001} and model config {'num_heads': 8, 'num_layers': 8, 'num_latents': 64, 'hidden_dim': 64, 'mlp_ratio': 0.25, 'dropout_prob': 0.2, 'top_k': 5}.
Training set has 39073 instances
Validation set has 4884 instances
Test set has 4885 instances
Epoch 1/50 - Train Loss: 0.3673 - Train Metric: 0.8700
Epoch 1/50 - Val Metric: 0.8982
Epoch 2/50 - Train Loss: 0.3183 - Train Metric: 0.9048
Epoch 2/50 - Val Metric: 0.9013
Epoch 3/50 - Train Loss: 0.3125 - Train Metric: 0.9089
Epoch 3/50 - Val Metric: 0.9031
Epoch 4/50 - Train Loss: 0.3092 - Train Metric: 0.9102
Epoch 4/50 - Val Metric: 0.9069
Epoch 5/50 - Train Loss: 0.3063 - Train Metric: 0.9121
Epoch 5/50 - Val Metric: 0.9072
Epoch 6/50 - Train Loss: 0.3032 - Train Metric: 0.9136
Epoch 6/50 - Val Metric: 0.9064
Epoch 7/50 - Train Loss: 0.3048 - Train Metric: 0.9125
Epoch 7/50 - Val Metric: 0.9065
Epoch 8/50 - Train Loss: 0.3036 - Train Metric: 0.9136
Epoch 8/50 - Val Metric: 0.9073
Epoch 9/50 - Train Loss: 0.3032 - Train Metric: 0.9139
Epoch 9/50 - Val Metric: 0.9085
Epoch 10/50 - Train Loss: 0.3038 - Train Metric: 0.9133
Epoch 10/50 - Val Metric: 0.9075
Epoch 11/50 - Train Loss: 0.3019 - Train Metric: 0.9143
Epoch 11/50 - Val Metric: 0.9087
Epoch 12/50 - Train Loss: 0.2998 - Train Metric: 0.9155
Epoch 12/50 - Val Metric: 0.9094
Epoch 13/50 - Train Loss: 0.2992 - Train Metric: 0.9159
Epoch 13/50 - Val Metric: 0.9060
Epoch 14/50 - Train Loss: 0.2972 - Train Metric: 0.9170
Epoch 14/50 - Val Metric: 0.9097
Epoch 15/50 - Train Loss: 0.2963 - Train Metric: 0.9175
Epoch 15/50 - Val Metric: 0.9100
Epoch 16/50 - Train Loss: 0.2963 - Train Metric: 0.9173
Epoch 16/50 - Val Metric: 0.9085
Epoch 17/50 - Train Loss: 0.2965 - Train Metric: 0.9177
Epoch 17/50 - Val Metric: 0.9106
Epoch 18/50 - Train Loss: 0.2952 - Train Metric: 0.9180
Epoch 18/50 - Val Metric: 0.9084
Epoch 19/50 - Train Loss: 0.2943 - Train Metric: 0.9185
Epoch 19/50 - Val Metric: 0.9099
Epoch 20/50 - Train Loss: 0.2934 - Train Metric: 0.9189
Epoch 20/50 - Val Metric: 0.9096
Epoch 21/50 - Train Loss: 0.2921 - Train Metric: 0.9195
Epoch 21/50 - Val Metric: 0.9100
Epoch 22/50 - Train Loss: 0.2908 - Train Metric: 0.9201
Epoch 22/50 - Val Metric: 0.9111
Epoch 23/50 - Train Loss: 0.2910 - Train Metric: 0.9199
Epoch 23/50 - Val Metric: 0.9119
Epoch 24/50 - Train Loss: 0.2896 - Train Metric: 0.9208
Epoch 24/50 - Val Metric: 0.9108
Epoch 25/50 - Train Loss: 0.2903 - Train Metric: 0.9205
Epoch 25/50 - Val Metric: 0.9100
Epoch 26/50 - Train Loss: 0.2902 - Train Metric: 0.9206
Epoch 26/50 - Val Metric: 0.9109
Epoch 27/50 - Train Loss: 0.2888 - Train Metric: 0.9212
Epoch 27/50 - Val Metric: 0.9104
Epoch 28/50 - Train Loss: 0.2890 - Train Metric: 0.9213
Epoch 28/50 - Val Metric: 0.9121
Epoch 29/50 - Train Loss: 0.2881 - Train Metric: 0.9216
Epoch 29/50 - Val Metric: 0.9128
Epoch 30/50 - Train Loss: 0.2870 - Train Metric: 0.9222
Epoch 30/50 - Val Metric: 0.9122
Epoch 31/50 - Train Loss: 0.2871 - Train Metric: 0.9222
Epoch 31/50 - Val Metric: 0.9110
Epoch 32/50 - Train Loss: 0.2871 - Train Metric: 0.9221
Epoch 32/50 - Val Metric: 0.9122
Epoch 33/50 - Train Loss: 0.2862 - Train Metric: 0.9227
Epoch 33/50 - Val Metric: 0.9124
Epoch 34/50 - Train Loss: 0.2864 - Train Metric: 0.9226
Epoch 34/50 - Val Metric: 0.9120
Epoch 35/50 - Train Loss: 0.2855 - Train Metric: 0.9231
Epoch 35/50 - Val Metric: 0.9130
Epoch 36/50 - Train Loss: 0.2853 - Train Metric: 0.9233
Epoch 36/50 - Val Metric: 0.9128
Epoch 37/50 - Train Loss: 0.2845 - Train Metric: 0.9236
Epoch 37/50 - Val Metric: 0.9111
Epoch 38/50 - Train Loss: 0.2850 - Train Metric: 0.9232
Epoch 38/50 - Val Metric: 0.9123
Epoch 39/50 - Train Loss: 0.2842 - Train Metric: 0.9238
Epoch 39/50 - Val Metric: 0.9119
Epoch 40/50 - Train Loss: 0.2837 - Train Metric: 0.9241
Epoch 40/50 - Val Metric: 0.9126
Epoch 41/50 - Train Loss: 0.2833 - Train Metric: 0.9244
Epoch 41/50 - Val Metric: 0.9119
Epoch 42/50 - Train Loss: 0.2825 - Train Metric: 0.9248
Epoch 42/50 - Val Metric: 0.9101
Epoch 43/50 - Train Loss: 0.2826 - Train Metric: 0.9247
Epoch 43/50 - Val Metric: 0.9114
Epoch 44/50 - Train Loss: 0.2818 - Train Metric: 0.9252
Epoch 44/50 - Val Metric: 0.9103
Epoch 45/50 - Train Loss: 0.2819 - Train Metric: 0.9252
Epoch 45/50 - Val Metric: 0.9093
Epoch 46/50 - Train Loss: 0.2818 - Train Metric: 0.9253
Epoch 46/50 - Val Metric: 0.9132
Epoch 47/50 - Train Loss: 0.2816 - Train Metric: 0.9251
Epoch 47/50 - Val Metric: 0.9124
Epoch 48/50 - Train Loss: 0.2803 - Train Metric: 0.9259
Epoch 48/50 - Val Metric: 0.9125
Epoch 49/50 - Train Loss: 0.2807 - Train Metric: 0.9257
Epoch 49/50 - Val Metric: 0.9114
Epoch 50/50 - Train Loss: 0.2806 - Train Metric: 0.9256
Epoch 50/50 - Val Metric: 0.9117
Best val: 0.9132, Best test: 0.9175
Training set has 39073 instances
Validation set has 4884 instances
Test set has 4885 instances
Epoch 1/50 - Train Loss: 0.3638 - Train Metric: 0.8741
Epoch 1/50 - Val Metric: 0.9111
Epoch 2/50 - Train Loss: 0.3237 - Train Metric: 0.9021
Epoch 2/50 - Val Metric: 0.9106
Epoch 3/50 - Train Loss: 0.3165 - Train Metric: 0.9067
Epoch 3/50 - Val Metric: 0.9124
Epoch 4/50 - Train Loss: 0.3122 - Train Metric: 0.9092
Epoch 4/50 - Val Metric: 0.9146
Epoch 5/50 - Train Loss: 0.3098 - Train Metric: 0.9107
Epoch 5/50 - Val Metric: 0.9176
Epoch 6/50 - Train Loss: 0.3073 - Train Metric: 0.9118
Epoch 6/50 - Val Metric: 0.9125
Epoch 7/50 - Train Loss: 0.3089 - Train Metric: 0.9110
Epoch 7/50 - Val Metric: 0.9182
Epoch 8/50 - Train Loss: 0.3055 - Train Metric: 0.9126
Epoch 8/50 - Val Metric: 0.9190
Epoch 9/50 - Train Loss: 0.3057 - Train Metric: 0.9127
Epoch 9/50 - Val Metric: 0.9166
Epoch 10/50 - Train Loss: 0.3028 - Train Metric: 0.9142
Epoch 10/50 - Val Metric: 0.9178
Epoch 11/50 - Train Loss: 0.3024 - Train Metric: 0.9145
Epoch 11/50 - Val Metric: 0.9175
Epoch 12/50 - Train Loss: 0.3012 - Train Metric: 0.9149
Epoch 12/50 - Val Metric: 0.9190
Epoch 13/50 - Train Loss: 0.3012 - Train Metric: 0.9153
Epoch 13/50 - Val Metric: 0.9187
Epoch 14/50 - Train Loss: 0.2994 - Train Metric: 0.9162
Epoch 14/50 - Val Metric: 0.9194
Epoch 15/50 - Train Loss: 0.2992 - Train Metric: 0.9164
Epoch 15/50 - Val Metric: 0.9197
Epoch 16/50 - Train Loss: 0.2964 - Train Metric: 0.9176
Epoch 16/50 - Val Metric: 0.9215
Epoch 17/50 - Train Loss: 0.2960 - Train Metric: 0.9178
Epoch 17/50 - Val Metric: 0.9211
Epoch 18/50 - Train Loss: 0.2984 - Train Metric: 0.9164
Epoch 18/50 - Val Metric: 0.9223
Epoch 19/50 - Train Loss: 0.2952 - Train Metric: 0.9182
Epoch 19/50 - Val Metric: 0.9202
Epoch 20/50 - Train Loss: 0.2958 - Train Metric: 0.9181
Epoch 20/50 - Val Metric: 0.9222
Epoch 21/50 - Train Loss: 0.2938 - Train Metric: 0.9191
Epoch 21/50 - Val Metric: 0.9221
Epoch 22/50 - Train Loss: 0.2926 - Train Metric: 0.9196
Epoch 22/50 - Val Metric: 0.9221
Epoch 23/50 - Train Loss: 0.2928 - Train Metric: 0.9193
Epoch 23/50 - Val Metric: 0.9210
Epoch 24/50 - Train Loss: 0.2934 - Train Metric: 0.9194
Epoch 24/50 - Val Metric: 0.9222
Epoch 25/50 - Train Loss: 0.2910 - Train Metric: 0.9206
Epoch 25/50 - Val Metric: 0.9224
Epoch 26/50 - Train Loss: 0.2902 - Train Metric: 0.9209
Epoch 26/50 - Val Metric: 0.9221
Epoch 27/50 - Train Loss: 0.2903 - Train Metric: 0.9208
Epoch 27/50 - Val Metric: 0.9238
Epoch 28/50 - Train Loss: 0.2898 - Train Metric: 0.9210
Epoch 28/50 - Val Metric: 0.9236
Epoch 29/50 - Train Loss: 0.2894 - Train Metric: 0.9213
Epoch 29/50 - Val Metric: 0.9230
Epoch 30/50 - Train Loss: 0.2885 - Train Metric: 0.9218
Epoch 30/50 - Val Metric: 0.9225
Epoch 31/50 - Train Loss: 0.2887 - Train Metric: 0.9217
Epoch 31/50 - Val Metric: 0.9235
Epoch 32/50 - Train Loss: 0.2878 - Train Metric: 0.9222
Epoch 32/50 - Val Metric: 0.9230
Epoch 33/50 - Train Loss: 0.2871 - Train Metric: 0.9227
Epoch 33/50 - Val Metric: 0.9232
Epoch 34/50 - Train Loss: 0.2872 - Train Metric: 0.9225
Epoch 34/50 - Val Metric: 0.9239
Epoch 35/50 - Train Loss: 0.2865 - Train Metric: 0.9229
Epoch 35/50 - Val Metric: 0.9239
Epoch 36/50 - Train Loss: 0.2867 - Train Metric: 0.9228
Epoch 36/50 - Val Metric: 0.9238
Epoch 37/50 - Train Loss: 0.2861 - Train Metric: 0.9231
Epoch 37/50 - Val Metric: 0.9236
Epoch 38/50 - Train Loss: 0.2862 - Train Metric: 0.9229
Epoch 38/50 - Val Metric: 0.9234
Epoch 39/50 - Train Loss: 0.2857 - Train Metric: 0.9234
Epoch 39/50 - Val Metric: 0.9232
Epoch 40/50 - Train Loss: 0.2850 - Train Metric: 0.9237
Epoch 40/50 - Val Metric: 0.9239
Epoch 41/50 - Train Loss: 0.2853 - Train Metric: 0.9237
Epoch 41/50 - Val Metric: 0.9240
Epoch 42/50 - Train Loss: 0.2849 - Train Metric: 0.9238
Epoch 42/50 - Val Metric: 0.9238
Epoch 43/50 - Train Loss: 0.2842 - Train Metric: 0.9242
Epoch 43/50 - Val Metric: 0.9238
Epoch 44/50 - Train Loss: 0.2840 - Train Metric: 0.9244
Epoch 44/50 - Val Metric: 0.9241
Epoch 45/50 - Train Loss: 0.2835 - Train Metric: 0.9246
Epoch 45/50 - Val Metric: 0.9235
Epoch 46/50 - Train Loss: 0.2829 - Train Metric: 0.9248
Epoch 46/50 - Val Metric: 0.9238
Epoch 47/50 - Train Loss: 0.2834 - Train Metric: 0.9246
Epoch 47/50 - Val Metric: 0.9239
Epoch 48/50 - Train Loss: 0.2832 - Train Metric: 0.9246
Epoch 48/50 - Val Metric: 0.9233
Epoch 49/50 - Train Loss: 0.2828 - Train Metric: 0.9252
Epoch 49/50 - Val Metric: 0.9239
Epoch 50/50 - Train Loss: 0.2825 - Train Metric: 0.9251
Epoch 50/50 - Val Metric: 0.9234
Best val: 0.9241, Best test: 0.9146
Training set has 39073 instances
Validation set has 4884 instances
Test set has 4885 instances
Epoch 1/50 - Train Loss: 0.3672 - Train Metric: 0.8703
Epoch 1/50 - Val Metric: 0.8982
Epoch 2/50 - Train Loss: 0.3195 - Train Metric: 0.9049
Epoch 2/50 - Val Metric: 0.9033
Epoch 3/50 - Train Loss: 0.3149 - Train Metric: 0.9070
Epoch 3/50 - Val Metric: 0.9084
Epoch 4/50 - Train Loss: 0.3082 - Train Metric: 0.9110
Epoch 4/50 - Val Metric: 0.9095
Epoch 5/50 - Train Loss: 0.3092 - Train Metric: 0.9104
Epoch 5/50 - Val Metric: 0.9090
Epoch 6/50 - Train Loss: 0.3078 - Train Metric: 0.9118
Epoch 6/50 - Val Metric: 0.9091
Epoch 7/50 - Train Loss: 0.3081 - Train Metric: 0.9109
Epoch 7/50 - Val Metric: 0.9073
Epoch 8/50 - Train Loss: 0.3051 - Train Metric: 0.9132
Epoch 8/50 - Val Metric: 0.9086
Epoch 9/50 - Train Loss: 0.3049 - Train Metric: 0.9131
Epoch 9/50 - Val Metric: 0.9059
Epoch 10/50 - Train Loss: 0.3036 - Train Metric: 0.9143
Epoch 10/50 - Val Metric: 0.9109
Epoch 11/50 - Train Loss: 0.3026 - Train Metric: 0.9145
Epoch 11/50 - Val Metric: 0.9104
Epoch 12/50 - Train Loss: 0.3020 - Train Metric: 0.9150
Epoch 12/50 - Val Metric: 0.9100
Epoch 13/50 - Train Loss: 0.2988 - Train Metric: 0.9167
Epoch 13/50 - Val Metric: 0.9111
Epoch 14/50 - Train Loss: 0.2993 - Train Metric: 0.9163
Epoch 14/50 - Val Metric: 0.9112
Epoch 15/50 - Train Loss: 0.2989 - Train Metric: 0.9165
Epoch 15/50 - Val Metric: 0.9126
Epoch 16/50 - Train Loss: 0.2987 - Train Metric: 0.9167
Epoch 16/50 - Val Metric: 0.9108
Epoch 17/50 - Train Loss: 0.2981 - Train Metric: 0.9171
Epoch 17/50 - Val Metric: 0.9121
Epoch 18/50 - Train Loss: 0.2965 - Train Metric: 0.9179
Epoch 18/50 - Val Metric: 0.9136
Epoch 19/50 - Train Loss: 0.2966 - Train Metric: 0.9179
Epoch 19/50 - Val Metric: 0.9125
Epoch 20/50 - Train Loss: 0.2956 - Train Metric: 0.9184
Epoch 20/50 - Val Metric: 0.9129
Epoch 21/50 - Train Loss: 0.2951 - Train Metric: 0.9187
Epoch 21/50 - Val Metric: 0.9123
Epoch 22/50 - Train Loss: 0.2948 - Train Metric: 0.9189
Epoch 22/50 - Val Metric: 0.9124
Epoch 23/50 - Train Loss: 0.2947 - Train Metric: 0.9188
Epoch 23/50 - Val Metric: 0.9127
Epoch 24/50 - Train Loss: 0.2932 - Train Metric: 0.9196
Epoch 24/50 - Val Metric: 0.9136
Epoch 25/50 - Train Loss: 0.2921 - Train Metric: 0.9203
Epoch 25/50 - Val Metric: 0.9129
Epoch 26/50 - Train Loss: 0.2923 - Train Metric: 0.9203
Epoch 26/50 - Val Metric: 0.9126
Epoch 27/50 - Train Loss: 0.2917 - Train Metric: 0.9203
Epoch 27/50 - Val Metric: 0.9144
Epoch 28/50 - Train Loss: 0.2911 - Train Metric: 0.9208
Epoch 28/50 - Val Metric: 0.9141
Epoch 29/50 - Train Loss: 0.2901 - Train Metric: 0.9215
Epoch 29/50 - Val Metric: 0.9137
Epoch 30/50 - Train Loss: 0.2904 - Train Metric: 0.9212
Epoch 30/50 - Val Metric: 0.9144
Epoch 31/50 - Train Loss: 0.2899 - Train Metric: 0.9215
Epoch 31/50 - Val Metric: 0.9139
Epoch 32/50 - Train Loss: 0.2899 - Train Metric: 0.9215
Epoch 32/50 - Val Metric: 0.9143
Epoch 33/50 - Train Loss: 0.2888 - Train Metric: 0.9220
Epoch 33/50 - Val Metric: 0.9121
Epoch 34/50 - Train Loss: 0.2883 - Train Metric: 0.9224
Epoch 34/50 - Val Metric: 0.9143
Epoch 35/50 - Train Loss: 0.2878 - Train Metric: 0.9224
Epoch 35/50 - Val Metric: 0.9143
Epoch 36/50 - Train Loss: 0.2873 - Train Metric: 0.9229
Epoch 36/50 - Val Metric: 0.9142
Epoch 37/50 - Train Loss: 0.2867 - Train Metric: 0.9232
Epoch 37/50 - Val Metric: 0.9142
Epoch 38/50 - Train Loss: 0.2865 - Train Metric: 0.9231
Epoch 38/50 - Val Metric: 0.9143
Epoch 39/50 - Train Loss: 0.2861 - Train Metric: 0.9234
Epoch 39/50 - Val Metric: 0.9143
Epoch 40/50 - Train Loss: 0.2857 - Train Metric: 0.9233
Epoch 40/50 - Val Metric: 0.9139
Epoch 41/50 - Train Loss: 0.2845 - Train Metric: 0.9242
Epoch 41/50 - Val Metric: 0.9143
Epoch 42/50 - Train Loss: 0.2849 - Train Metric: 0.9240
Epoch 42/50 - Val Metric: 0.9141
Epoch 43/50 - Train Loss: 0.2842 - Train Metric: 0.9243
Epoch 43/50 - Val Metric: 0.9132
Epoch 44/50 - Train Loss: 0.2850 - Train Metric: 0.9240
Epoch 44/50 - Val Metric: 0.9140
Epoch 45/50 - Train Loss: 0.2834 - Train Metric: 0.9248
Epoch 45/50 - Val Metric: 0.9141
Epoch 46/50 - Train Loss: 0.2833 - Train Metric: 0.9247
Epoch 46/50 - Val Metric: 0.9142
Epoch 47/50 - Train Loss: 0.2835 - Train Metric: 0.9247
Epoch 47/50 - Val Metric: 0.9137
Epoch 48/50 - Train Loss: 0.2831 - Train Metric: 0.9249
Epoch 48/50 - Val Metric: 0.9145
Epoch 49/50 - Train Loss: 0.2826 - Train Metric: 0.9252
Epoch 49/50 - Val Metric: 0.9142
Epoch 50/50 - Train Loss: 0.2824 - Train Metric: 0.9253
Epoch 50/50 - Val Metric: 0.9137
Best val: 0.9145, Best test: 0.9169
Training set has 39073 instances
Validation set has 4884 instances
Test set has 4885 instances
Epoch 1/50 - Train Loss: 0.3731 - Train Metric: 0.8652
Epoch 1/50 - Val Metric: 0.9083
Epoch 2/50 - Train Loss: 0.3194 - Train Metric: 0.9052
Epoch 2/50 - Val Metric: 0.9135
Epoch 3/50 - Train Loss: 0.3117 - Train Metric: 0.9094
Epoch 3/50 - Val Metric: 0.9149
Epoch 4/50 - Train Loss: 0.3098 - Train Metric: 0.9103
Epoch 4/50 - Val Metric: 0.9158
Epoch 5/50 - Train Loss: 0.3078 - Train Metric: 0.9118
Epoch 5/50 - Val Metric: 0.9151
Epoch 6/50 - Train Loss: 0.3066 - Train Metric: 0.9123
Epoch 6/50 - Val Metric: 0.9169
Epoch 7/50 - Train Loss: 0.3047 - Train Metric: 0.9134
Epoch 7/50 - Val Metric: 0.9155
Epoch 8/50 - Train Loss: 0.3042 - Train Metric: 0.9138
Epoch 8/50 - Val Metric: 0.9175
Epoch 9/50 - Train Loss: 0.3008 - Train Metric: 0.9158
Epoch 9/50 - Val Metric: 0.9175
Epoch 10/50 - Train Loss: 0.3015 - Train Metric: 0.9151
Epoch 10/50 - Val Metric: 0.9161
Epoch 11/50 - Train Loss: 0.3019 - Train Metric: 0.9148
Epoch 11/50 - Val Metric: 0.9160
Epoch 12/50 - Train Loss: 0.3033 - Train Metric: 0.9146
Epoch 12/50 - Val Metric: 0.9169
Epoch 13/50 - Train Loss: 0.2977 - Train Metric: 0.9174
Epoch 13/50 - Val Metric: 0.9186
Epoch 14/50 - Train Loss: 0.2973 - Train Metric: 0.9172
Epoch 14/50 - Val Metric: 0.9188
Epoch 15/50 - Train Loss: 0.2960 - Train Metric: 0.9180
Epoch 15/50 - Val Metric: 0.9181
Epoch 16/50 - Train Loss: 0.2994 - Train Metric: 0.9165
Epoch 16/50 - Val Metric: 0.9172
Epoch 17/50 - Train Loss: 0.2952 - Train Metric: 0.9187
Epoch 17/50 - Val Metric: 0.9194
Epoch 18/50 - Train Loss: 0.2952 - Train Metric: 0.9184
Epoch 18/50 - Val Metric: 0.9181
Epoch 19/50 - Train Loss: 0.2933 - Train Metric: 0.9196
Epoch 19/50 - Val Metric: 0.9190
Epoch 20/50 - Train Loss: 0.2937 - Train Metric: 0.9194
Epoch 20/50 - Val Metric: 0.9196
Epoch 21/50 - Train Loss: 0.2925 - Train Metric: 0.9200
Epoch 21/50 - Val Metric: 0.9187
Epoch 22/50 - Train Loss: 0.2920 - Train Metric: 0.9202
Epoch 22/50 - Val Metric: 0.9189
Epoch 23/50 - Train Loss: 0.2918 - Train Metric: 0.9206
Epoch 23/50 - Val Metric: 0.9186
Epoch 24/50 - Train Loss: 0.2905 - Train Metric: 0.9211
Epoch 24/50 - Val Metric: 0.9182
Epoch 25/50 - Train Loss: 0.2904 - Train Metric: 0.9211
Epoch 25/50 - Val Metric: 0.9190
Epoch 26/50 - Train Loss: 0.2901 - Train Metric: 0.9214
Epoch 26/50 - Val Metric: 0.9198
Epoch 27/50 - Train Loss: 0.2885 - Train Metric: 0.9220
Epoch 27/50 - Val Metric: 0.9189
Epoch 28/50 - Train Loss: 0.2874 - Train Metric: 0.9225
Epoch 28/50 - Val Metric: 0.9199
Epoch 29/50 - Train Loss: 0.2866 - Train Metric: 0.9231
Epoch 29/50 - Val Metric: 0.9193
Epoch 30/50 - Train Loss: 0.2867 - Train Metric: 0.9230
Epoch 30/50 - Val Metric: 0.9197
Epoch 31/50 - Train Loss: 0.2858 - Train Metric: 0.9235
Epoch 31/50 - Val Metric: 0.9200
Epoch 32/50 - Train Loss: 0.2854 - Train Metric: 0.9235
Epoch 32/50 - Val Metric: 0.9191
Epoch 33/50 - Train Loss: 0.2854 - Train Metric: 0.9237
Epoch 33/50 - Val Metric: 0.9208
Epoch 34/50 - Train Loss: 0.2836 - Train Metric: 0.9246
Epoch 34/50 - Val Metric: 0.9194
Epoch 35/50 - Train Loss: 0.2835 - Train Metric: 0.9247
Epoch 35/50 - Val Metric: 0.9193
Epoch 36/50 - Train Loss: 0.2832 - Train Metric: 0.9249
Epoch 36/50 - Val Metric: 0.9190
Epoch 37/50 - Train Loss: 0.2824 - Train Metric: 0.9251
Epoch 37/50 - Val Metric: 0.9195
Epoch 38/50 - Train Loss: 0.2821 - Train Metric: 0.9253
Epoch 38/50 - Val Metric: 0.9201
Epoch 39/50 - Train Loss: 0.2817 - Train Metric: 0.9257
Epoch 39/50 - Val Metric: 0.9209
Epoch 40/50 - Train Loss: 0.2817 - Train Metric: 0.9256
Epoch 40/50 - Val Metric: 0.9201
Epoch 41/50 - Train Loss: 0.2811 - Train Metric: 0.9259
Epoch 41/50 - Val Metric: 0.9204
Epoch 42/50 - Train Loss: 0.2807 - Train Metric: 0.9262
Epoch 42/50 - Val Metric: 0.9205
Epoch 43/50 - Train Loss: 0.2801 - Train Metric: 0.9264
Epoch 43/50 - Val Metric: 0.9201
Epoch 44/50 - Train Loss: 0.2800 - Train Metric: 0.9265
Epoch 44/50 - Val Metric: 0.9209
Epoch 45/50 - Train Loss: 0.2788 - Train Metric: 0.9271
Epoch 45/50 - Val Metric: 0.9193
Epoch 46/50 - Train Loss: 0.2789 - Train Metric: 0.9271
Epoch 46/50 - Val Metric: 0.9213
Epoch 47/50 - Train Loss: 0.2784 - Train Metric: 0.9273
Epoch 47/50 - Val Metric: 0.9203
Epoch 48/50 - Train Loss: 0.2790 - Train Metric: 0.9271
Epoch 48/50 - Val Metric: 0.9207
Epoch 49/50 - Train Loss: 0.2781 - Train Metric: 0.9275
Epoch 49/50 - Val Metric: 0.9207
Epoch 50/50 - Train Loss: 0.2784 - Train Metric: 0.9274
Epoch 50/50 - Val Metric: 0.9210
Best val: 0.9213, Best test: 0.9121
Training set has 39073 instances
Validation set has 4884 instances
Test set has 4885 instances
Epoch 1/50 - Train Loss: 0.3685 - Train Metric: 0.8686
Epoch 1/50 - Val Metric: 0.8753
Epoch 2/50 - Train Loss: 0.3240 - Train Metric: 0.9019
Epoch 2/50 - Val Metric: 0.8929
Epoch 3/50 - Train Loss: 0.3171 - Train Metric: 0.9059
Epoch 3/50 - Val Metric: 0.8974
Epoch 4/50 - Train Loss: 0.3138 - Train Metric: 0.9081
Epoch 4/50 - Val Metric: 0.9004
Epoch 5/50 - Train Loss: 0.3097 - Train Metric: 0.9102
Epoch 5/50 - Val Metric: 0.9019
Epoch 6/50 - Train Loss: 0.3070 - Train Metric: 0.9121
Epoch 6/50 - Val Metric: 0.9008
Epoch 7/50 - Train Loss: 0.3056 - Train Metric: 0.9129
Epoch 7/50 - Val Metric: 0.9038
Epoch 8/50 - Train Loss: 0.3053 - Train Metric: 0.9128
Epoch 8/50 - Val Metric: 0.9016
Epoch 9/50 - Train Loss: 0.3057 - Train Metric: 0.9127
Epoch 9/50 - Val Metric: 0.9037
Epoch 10/50 - Train Loss: 0.3038 - Train Metric: 0.9141
Epoch 10/50 - Val Metric: 0.9024
Epoch 11/50 - Train Loss: 0.3027 - Train Metric: 0.9147
Epoch 11/50 - Val Metric: 0.9045
Epoch 12/50 - Train Loss: 0.3025 - Train Metric: 0.9147
Epoch 12/50 - Val Metric: 0.9039
Epoch 13/50 - Train Loss: 0.3018 - Train Metric: 0.9151
Epoch 13/50 - Val Metric: 0.9043
Epoch 14/50 - Train Loss: 0.3007 - Train Metric: 0.9157
Epoch 14/50 - Val Metric: 0.9044
Epoch 15/50 - Train Loss: 0.2984 - Train Metric: 0.9168
Epoch 15/50 - Val Metric: 0.9045
Epoch 16/50 - Train Loss: 0.2983 - Train Metric: 0.9171
Epoch 16/50 - Val Metric: 0.9048
Epoch 17/50 - Train Loss: 0.2969 - Train Metric: 0.9178
Epoch 17/50 - Val Metric: 0.9022
Epoch 18/50 - Train Loss: 0.2969 - Train Metric: 0.9178
Epoch 18/50 - Val Metric: 0.9045
Epoch 19/50 - Train Loss: 0.2955 - Train Metric: 0.9186
Epoch 19/50 - Val Metric: 0.9026
Epoch 20/50 - Train Loss: 0.2955 - Train Metric: 0.9186
Epoch 20/50 - Val Metric: 0.9057
Epoch 21/50 - Train Loss: 0.2952 - Train Metric: 0.9187
Epoch 21/50 - Val Metric: 0.9059
Epoch 22/50 - Train Loss: 0.2934 - Train Metric: 0.9196
Epoch 22/50 - Val Metric: 0.9057
Epoch 23/50 - Train Loss: 0.2947 - Train Metric: 0.9191
Epoch 23/50 - Val Metric: 0.9052
Epoch 24/50 - Train Loss: 0.2931 - Train Metric: 0.9198
Epoch 24/50 - Val Metric: 0.9068
Epoch 25/50 - Train Loss: 0.2922 - Train Metric: 0.9204
Epoch 25/50 - Val Metric: 0.9064
Epoch 26/50 - Train Loss: 0.2915 - Train Metric: 0.9206
Epoch 26/50 - Val Metric: 0.9060
Epoch 27/50 - Train Loss: 0.2908 - Train Metric: 0.9211
Epoch 27/50 - Val Metric: 0.9079
Epoch 28/50 - Train Loss: 0.2908 - Train Metric: 0.9209
Epoch 28/50 - Val Metric: 0.9082
Epoch 29/50 - Train Loss: 0.2887 - Train Metric: 0.9221
Epoch 29/50 - Val Metric: 0.9056
Epoch 30/50 - Train Loss: 0.2889 - Train Metric: 0.9220
Epoch 30/50 - Val Metric: 0.9084
Epoch 31/50 - Train Loss: 0.2895 - Train Metric: 0.9218
Epoch 31/50 - Val Metric: 0.9051
Epoch 32/50 - Train Loss: 0.2906 - Train Metric: 0.9214
Epoch 32/50 - Val Metric: 0.9063
Epoch 33/50 - Train Loss: 0.2896 - Train Metric: 0.9217
Epoch 33/50 - Val Metric: 0.9071
Epoch 34/50 - Train Loss: 0.2882 - Train Metric: 0.9223
Epoch 34/50 - Val Metric: 0.9055
Epoch 35/50 - Train Loss: 0.2876 - Train Metric: 0.9228
Epoch 35/50 - Val Metric: 0.9060
Epoch 36/50 - Train Loss: 0.2867 - Train Metric: 0.9233
Epoch 36/50 - Val Metric: 0.9079
Epoch 37/50 - Train Loss: 0.2865 - Train Metric: 0.9234
Epoch 37/50 - Val Metric: 0.9073
Epoch 38/50 - Train Loss: 0.2850 - Train Metric: 0.9242
Epoch 38/50 - Val Metric: 0.9070
Epoch 39/50 - Train Loss: 0.2859 - Train Metric: 0.9236
Epoch 39/50 - Val Metric: 0.9079
Epoch 40/50 - Train Loss: 0.2852 - Train Metric: 0.9241
Epoch 40/50 - Val Metric: 0.9074
Epoch 41/50 - Train Loss: 0.2845 - Train Metric: 0.9244
Epoch 41/50 - Val Metric: 0.9073
Epoch 42/50 - Train Loss: 0.2834 - Train Metric: 0.9250
Epoch 42/50 - Val Metric: 0.9055
Epoch 43/50 - Train Loss: 0.2836 - Train Metric: 0.9247
Epoch 43/50 - Val Metric: 0.9073
Epoch 44/50 - Train Loss: 0.2828 - Train Metric: 0.9252
Epoch 44/50 - Val Metric: 0.9078
Epoch 45/50 - Train Loss: 0.2820 - Train Metric: 0.9256
Epoch 45/50 - Val Metric: 0.9080
Epoch 46/50 - Train Loss: 0.2815 - Train Metric: 0.9257
Epoch 46/50 - Val Metric: 0.9054
Epoch 47/50 - Train Loss: 0.2814 - Train Metric: 0.9260
Epoch 47/50 - Val Metric: 0.9069
Epoch 48/50 - Train Loss: 0.2804 - Train Metric: 0.9265
Epoch 48/50 - Val Metric: 0.9070
Epoch 49/50 - Train Loss: 0.2795 - Train Metric: 0.9272
Epoch 49/50 - Val Metric: 0.9065
Epoch 50/50 - Train Loss: 0.2801 - Train Metric: 0.9266
Epoch 50/50 - Val Metric: 0.9085
Best val: 0.9085, Best test: 0.9193
[0.91747499 0.91459346 0.91690207 0.91214108 0.91928029]
