Hyper-parameter search via Optuna
Namespace(task_type='binary_classification', scale='small', idx=8, epochs=50, num_trials=20, num_repeats=5, seed=0, exp_name='MemGlovalAvgPool', result_path='output/binary_classification/small/8/MemGlovalAvgPool.pt')
Device: cuda
Start building binary_classification dataset_small_8
Training set has 30779 instances
Validation set has 3847 instances
Test set has 3848 instances
Epoch 1/50 - Train Loss: 0.6942 - Train Metric: 0.5336
Epoch 1/50 - Val Metric: 0.6492
Epoch 2/50 - Train Loss: 0.5690 - Train Metric: 0.7679
Epoch 2/50 - Val Metric: 0.8209
Epoch 3/50 - Train Loss: 0.5089 - Train Metric: 0.8244
Epoch 3/50 - Val Metric: 0.8368
Epoch 4/50 - Train Loss: 0.4984 - Train Metric: 0.8349
Epoch 4/50 - Val Metric: 0.8430
Epoch 5/50 - Train Loss: 0.4906 - Train Metric: 0.8408
Epoch 5/50 - Val Metric: 0.8456
Epoch 6/50 - Train Loss: 0.4858 - Train Metric: 0.8447
Epoch 6/50 - Val Metric: 0.8470
Epoch 7/50 - Train Loss: 0.4821 - Train Metric: 0.8469
Epoch 7/50 - Val Metric: 0.8498
Epoch 8/50 - Train Loss: 0.4813 - Train Metric: 0.8476
Epoch 8/50 - Val Metric: 0.8492
Epoch 9/50 - Train Loss: 0.4784 - Train Metric: 0.8499
Epoch 9/50 - Val Metric: 0.8512
Epoch 10/50 - Train Loss: 0.4783 - Train Metric: 0.8497
Epoch 10/50 - Val Metric: 0.8518
Epoch 11/50 - Train Loss: 0.4750 - Train Metric: 0.8521
Epoch 11/50 - Val Metric: 0.8546
Epoch 12/50 - Train Loss: 0.4719 - Train Metric: 0.8544
Epoch 12/50 - Val Metric: 0.8559
Epoch 13/50 - Train Loss: 0.4701 - Train Metric: 0.8558
Epoch 13/50 - Val Metric: 0.8570
Epoch 14/50 - Train Loss: 0.4704 - Train Metric: 0.8553
Epoch 14/50 - Val Metric: 0.8570
Epoch 15/50 - Train Loss: 0.4663 - Train Metric: 0.8582
Epoch 15/50 - Val Metric: 0.8579
Epoch 16/50 - Train Loss: 0.4644 - Train Metric: 0.8597
Epoch 16/50 - Val Metric: 0.8607
Epoch 17/50 - Train Loss: 0.4646 - Train Metric: 0.8594
Epoch 17/50 - Val Metric: 0.8618
Epoch 18/50 - Train Loss: 0.4614 - Train Metric: 0.8617
Epoch 18/50 - Val Metric: 0.8625
Epoch 19/50 - Train Loss: 0.4596 - Train Metric: 0.8630
Epoch 19/50 - Val Metric: 0.8633
Epoch 20/50 - Train Loss: 0.4590 - Train Metric: 0.8635
Epoch 20/50 - Val Metric: 0.8636
Epoch 21/50 - Train Loss: 0.4584 - Train Metric: 0.8637
Epoch 21/50 - Val Metric: 0.8652
Epoch 22/50 - Train Loss: 0.4569 - Train Metric: 0.8650
Epoch 22/50 - Val Metric: 0.8638
Epoch 23/50 - Train Loss: 0.4553 - Train Metric: 0.8658
Epoch 23/50 - Val Metric: 0.8647
Epoch 24/50 - Train Loss: 0.4533 - Train Metric: 0.8669
Epoch 24/50 - Val Metric: 0.8667
Epoch 25/50 - Train Loss: 0.4533 - Train Metric: 0.8670
Epoch 25/50 - Val Metric: 0.8669
Epoch 26/50 - Train Loss: 0.4517 - Train Metric: 0.8679
Epoch 26/50 - Val Metric: 0.8673
Epoch 27/50 - Train Loss: 0.4507 - Train Metric: 0.8687
Epoch 27/50 - Val Metric: 0.8678
Epoch 28/50 - Train Loss: 0.4496 - Train Metric: 0.8693
Epoch 28/50 - Val Metric: 0.8682
Epoch 29/50 - Train Loss: 0.4489 - Train Metric: 0.8698
Epoch 29/50 - Val Metric: 0.8669
Epoch 30/50 - Train Loss: 0.4487 - Train Metric: 0.8698
Epoch 30/50 - Val Metric: 0.8680
Epoch 31/50 - Train Loss: 0.4487 - Train Metric: 0.8700
Epoch 31/50 - Val Metric: 0.8688
Epoch 32/50 - Train Loss: 0.4464 - Train Metric: 0.8715
Epoch 32/50 - Val Metric: 0.8686
Epoch 33/50 - Train Loss: 0.4450 - Train Metric: 0.8721
Epoch 33/50 - Val Metric: 0.8695
Epoch 34/50 - Train Loss: 0.4464 - Train Metric: 0.8714
Epoch 34/50 - Val Metric: 0.8695
Epoch 35/50 - Train Loss: 0.4460 - Train Metric: 0.8716
Epoch 35/50 - Val Metric: 0.8694
Epoch 36/50 - Train Loss: 0.4442 - Train Metric: 0.8727
Epoch 36/50 - Val Metric: 0.8700
Epoch 37/50 - Train Loss: 0.4444 - Train Metric: 0.8727
Epoch 37/50 - Val Metric: 0.8700
Epoch 38/50 - Train Loss: 0.4423 - Train Metric: 0.8740
Epoch 38/50 - Val Metric: 0.8710
Epoch 39/50 - Train Loss: 0.4405 - Train Metric: 0.8753
Epoch 39/50 - Val Metric: 0.8714
Epoch 40/50 - Train Loss: 0.4421 - Train Metric: 0.8741
Epoch 40/50 - Val Metric: 0.8712
Epoch 41/50 - Train Loss: 0.4415 - Train Metric: 0.8745
Epoch 41/50 - Val Metric: 0.8717
Epoch 42/50 - Train Loss: 0.4401 - Train Metric: 0.8752
Epoch 42/50 - Val Metric: 0.8716
Epoch 43/50 - Train Loss: 0.4392 - Train Metric: 0.8760
Epoch 43/50 - Val Metric: 0.8713
Epoch 44/50 - Train Loss: 0.4377 - Train Metric: 0.8770
Epoch 44/50 - Val Metric: 0.8722
Epoch 45/50 - Train Loss: 0.4392 - Train Metric: 0.8760
Epoch 45/50 - Val Metric: 0.8721
Epoch 46/50 - Train Loss: 0.4392 - Train Metric: 0.8761
Epoch 46/50 - Val Metric: 0.8718
Epoch 47/50 - Train Loss: 0.4376 - Train Metric: 0.8769
Epoch 47/50 - Val Metric: 0.8726
Epoch 48/50 - Train Loss: 0.4365 - Train Metric: 0.8777
Epoch 48/50 - Val Metric: 0.8728
Epoch 49/50 - Train Loss: 0.4391 - Train Metric: 0.8761
Epoch 49/50 - Val Metric: 0.8724
Epoch 50/50 - Train Loss: 0.4384 - Train Metric: 0.8768
Epoch 50/50 - Val Metric: 0.8731
Best val: 0.8731, Best test: 0.8799
Training set has 30779 instances
Validation set has 3847 instances
Test set has 3848 instances
Epoch 1/50 - Train Loss: 0.6439 - Train Metric: 0.6461
Epoch 1/50 - Val Metric: 0.8172
Epoch 2/50 - Train Loss: 0.5127 - Train Metric: 0.8227
Epoch 2/50 - Val Metric: 0.8360
Epoch 3/50 - Train Loss: 0.4975 - Train Metric: 0.8360
Epoch 3/50 - Val Metric: 0.8429
Epoch 4/50 - Train Loss: 0.4922 - Train Metric: 0.8389
Epoch 4/50 - Val Metric: 0.8447
Epoch 5/50 - Train Loss: 0.4879 - Train Metric: 0.8428
Epoch 5/50 - Val Metric: 0.8485
Epoch 6/50 - Train Loss: 0.4845 - Train Metric: 0.8449
Epoch 6/50 - Val Metric: 0.8550
Epoch 7/50 - Train Loss: 0.4791 - Train Metric: 0.8490
Epoch 7/50 - Val Metric: 0.8562
Epoch 8/50 - Train Loss: 0.4754 - Train Metric: 0.8517
Epoch 8/50 - Val Metric: 0.8587
Epoch 9/50 - Train Loss: 0.4717 - Train Metric: 0.8542
Epoch 9/50 - Val Metric: 0.8595
Epoch 10/50 - Train Loss: 0.4691 - Train Metric: 0.8563
Epoch 10/50 - Val Metric: 0.8633
Epoch 11/50 - Train Loss: 0.4671 - Train Metric: 0.8574
Epoch 11/50 - Val Metric: 0.8643
Epoch 12/50 - Train Loss: 0.4642 - Train Metric: 0.8596
Epoch 12/50 - Val Metric: 0.8634
Epoch 13/50 - Train Loss: 0.4616 - Train Metric: 0.8611
Epoch 13/50 - Val Metric: 0.8679
Epoch 14/50 - Train Loss: 0.4606 - Train Metric: 0.8619
Epoch 14/50 - Val Metric: 0.8679
Epoch 15/50 - Train Loss: 0.4563 - Train Metric: 0.8649
Epoch 15/50 - Val Metric: 0.8693
Epoch 16/50 - Train Loss: 0.4556 - Train Metric: 0.8654
Epoch 16/50 - Val Metric: 0.8703
Epoch 17/50 - Train Loss: 0.4538 - Train Metric: 0.8663
Epoch 17/50 - Val Metric: 0.8720
Epoch 18/50 - Train Loss: 0.4526 - Train Metric: 0.8672
Epoch 18/50 - Val Metric: 0.8728
Epoch 19/50 - Train Loss: 0.4500 - Train Metric: 0.8690
Epoch 19/50 - Val Metric: 0.8721
Epoch 20/50 - Train Loss: 0.4472 - Train Metric: 0.8708
Epoch 20/50 - Val Metric: 0.8710
Epoch 21/50 - Train Loss: 0.4481 - Train Metric: 0.8701
Epoch 21/50 - Val Metric: 0.8766
Epoch 22/50 - Train Loss: 0.4441 - Train Metric: 0.8725
Epoch 22/50 - Val Metric: 0.8742
Epoch 23/50 - Train Loss: 0.4430 - Train Metric: 0.8736
Epoch 23/50 - Val Metric: 0.8772
Epoch 24/50 - Train Loss: 0.4419 - Train Metric: 0.8742
Epoch 24/50 - Val Metric: 0.8786
Epoch 25/50 - Train Loss: 0.4402 - Train Metric: 0.8752
Epoch 25/50 - Val Metric: 0.8786
Epoch 26/50 - Train Loss: 0.4389 - Train Metric: 0.8761
Epoch 26/50 - Val Metric: 0.8791
Epoch 27/50 - Train Loss: 0.4370 - Train Metric: 0.8773
Epoch 27/50 - Val Metric: 0.8809
Epoch 28/50 - Train Loss: 0.4359 - Train Metric: 0.8778
Epoch 28/50 - Val Metric: 0.8774
Epoch 29/50 - Train Loss: 0.4362 - Train Metric: 0.8777
Epoch 29/50 - Val Metric: 0.8824
Epoch 30/50 - Train Loss: 0.4326 - Train Metric: 0.8801
Epoch 30/50 - Val Metric: 0.8815
Epoch 31/50 - Train Loss: 0.4323 - Train Metric: 0.8804
Epoch 31/50 - Val Metric: 0.8819
Epoch 32/50 - Train Loss: 0.4311 - Train Metric: 0.8808
Epoch 32/50 - Val Metric: 0.8838
Epoch 33/50 - Train Loss: 0.4303 - Train Metric: 0.8814
Epoch 33/50 - Val Metric: 0.8847
Epoch 34/50 - Train Loss: 0.4307 - Train Metric: 0.8812
Epoch 34/50 - Val Metric: 0.8838
Epoch 35/50 - Train Loss: 0.4285 - Train Metric: 0.8824
Epoch 35/50 - Val Metric: 0.8827
Epoch 36/50 - Train Loss: 0.4283 - Train Metric: 0.8826
Epoch 36/50 - Val Metric: 0.8849
Epoch 37/50 - Train Loss: 0.4284 - Train Metric: 0.8826
Epoch 37/50 - Val Metric: 0.8865
Epoch 38/50 - Train Loss: 0.4265 - Train Metric: 0.8835
Epoch 38/50 - Val Metric: 0.8861
Epoch 39/50 - Train Loss: 0.4256 - Train Metric: 0.8843
Epoch 39/50 - Val Metric: 0.8833
Epoch 40/50 - Train Loss: 0.4265 - Train Metric: 0.8836
Epoch 40/50 - Val Metric: 0.8865
Epoch 41/50 - Train Loss: 0.4241 - Train Metric: 0.8851
Epoch 41/50 - Val Metric: 0.8838
Epoch 42/50 - Train Loss: 0.4253 - Train Metric: 0.8843
Epoch 42/50 - Val Metric: 0.8856
Epoch 43/50 - Train Loss: 0.4250 - Train Metric: 0.8846
Epoch 43/50 - Val Metric: 0.8872
Epoch 44/50 - Train Loss: 0.4243 - Train Metric: 0.8850
Epoch 44/50 - Val Metric: 0.8857
Epoch 45/50 - Train Loss: 0.4227 - Train Metric: 0.8857
Epoch 45/50 - Val Metric: 0.8864
Epoch 46/50 - Train Loss: 0.4222 - Train Metric: 0.8861
Epoch 46/50 - Val Metric: 0.8877
Epoch 47/50 - Train Loss: 0.4226 - Train Metric: 0.8861
Epoch 47/50 - Val Metric: 0.8880
Epoch 48/50 - Train Loss: 0.4205 - Train Metric: 0.8872
Epoch 48/50 - Val Metric: 0.8881
Epoch 49/50 - Train Loss: 0.4205 - Train Metric: 0.8876
Epoch 49/50 - Val Metric: 0.8862
Epoch 50/50 - Train Loss: 0.4207 - Train Metric: 0.8872
Epoch 50/50 - Val Metric: 0.8879
Best val: 0.8881, Best test: 0.8878
Training set has 30779 instances
Validation set has 3847 instances
Test set has 3848 instances
Epoch 1/50 - Train Loss: 0.6938 - Train Metric: 0.5172
Epoch 1/50 - Val Metric: 0.6607
Epoch 2/50 - Train Loss: 0.6842 - Train Metric: 0.5764
Epoch 2/50 - Val Metric: 0.7457
Epoch 3/50 - Train Loss: 0.6291 - Train Metric: 0.6986
Epoch 3/50 - Val Metric: 0.7890
Epoch 4/50 - Train Loss: 0.5845 - Train Metric: 0.7582
Epoch 4/50 - Val Metric: 0.8172
Epoch 5/50 - Train Loss: 0.5511 - Train Metric: 0.7899
Epoch 5/50 - Val Metric: 0.8234
Epoch 6/50 - Train Loss: 0.5367 - Train Metric: 0.8012
Epoch 6/50 - Val Metric: 0.8267
Epoch 7/50 - Train Loss: 0.5305 - Train Metric: 0.8058
Epoch 7/50 - Val Metric: 0.8291
Epoch 8/50 - Train Loss: 0.5265 - Train Metric: 0.8087
Epoch 8/50 - Val Metric: 0.8307
Epoch 9/50 - Train Loss: 0.5244 - Train Metric: 0.8109
Epoch 9/50 - Val Metric: 0.8318
Epoch 10/50 - Train Loss: 0.5232 - Train Metric: 0.8116
Epoch 10/50 - Val Metric: 0.8330
Epoch 11/50 - Train Loss: 0.5194 - Train Metric: 0.8157
Epoch 11/50 - Val Metric: 0.8338
Epoch 12/50 - Train Loss: 0.5199 - Train Metric: 0.8148
Epoch 12/50 - Val Metric: 0.8341
Epoch 13/50 - Train Loss: 0.5185 - Train Metric: 0.8159
Epoch 13/50 - Val Metric: 0.8350
Epoch 14/50 - Train Loss: 0.5200 - Train Metric: 0.8155
Epoch 14/50 - Val Metric: 0.8354
Epoch 15/50 - Train Loss: 0.5195 - Train Metric: 0.8154
Epoch 15/50 - Val Metric: 0.8358
Epoch 16/50 - Train Loss: 0.5161 - Train Metric: 0.8186
Epoch 16/50 - Val Metric: 0.8360
Epoch 17/50 - Train Loss: 0.5159 - Train Metric: 0.8189
Epoch 17/50 - Val Metric: 0.8365
Epoch 18/50 - Train Loss: 0.5175 - Train Metric: 0.8175
Epoch 18/50 - Val Metric: 0.8366
Epoch 19/50 - Train Loss: 0.5173 - Train Metric: 0.8178
Epoch 19/50 - Val Metric: 0.8369
Epoch 20/50 - Train Loss: 0.5161 - Train Metric: 0.8188
Epoch 20/50 - Val Metric: 0.8371
Epoch 21/50 - Train Loss: 0.5154 - Train Metric: 0.8191
Epoch 21/50 - Val Metric: 0.8373
Epoch 22/50 - Train Loss: 0.5150 - Train Metric: 0.8192
Epoch 22/50 - Val Metric: 0.8375
Epoch 23/50 - Train Loss: 0.5150 - Train Metric: 0.8195
Epoch 23/50 - Val Metric: 0.8376
Epoch 24/50 - Train Loss: 0.5165 - Train Metric: 0.8184
Epoch 24/50 - Val Metric: 0.8376
Epoch 25/50 - Train Loss: 0.5154 - Train Metric: 0.8192
Epoch 25/50 - Val Metric: 0.8377
Epoch 26/50 - Train Loss: 0.5131 - Train Metric: 0.8212
Epoch 26/50 - Val Metric: 0.8377
Epoch 27/50 - Train Loss: 0.5152 - Train Metric: 0.8193
Epoch 27/50 - Val Metric: 0.8379
Epoch 28/50 - Train Loss: 0.5152 - Train Metric: 0.8194
Epoch 28/50 - Val Metric: 0.8380
Epoch 29/50 - Train Loss: 0.5145 - Train Metric: 0.8204
Epoch 29/50 - Val Metric: 0.8381
Epoch 30/50 - Train Loss: 0.5157 - Train Metric: 0.8187
Epoch 30/50 - Val Metric: 0.8380
Epoch 31/50 - Train Loss: 0.5149 - Train Metric: 0.8194
Epoch 31/50 - Val Metric: 0.8381
Epoch 32/50 - Train Loss: 0.5135 - Train Metric: 0.8206
Epoch 32/50 - Val Metric: 0.8382
Epoch 33/50 - Train Loss: 0.5138 - Train Metric: 0.8204
Epoch 33/50 - Val Metric: 0.8382
Epoch 34/50 - Train Loss: 0.5144 - Train Metric: 0.8200
Epoch 34/50 - Val Metric: 0.8383
Epoch 35/50 - Train Loss: 0.5140 - Train Metric: 0.8203
Epoch 35/50 - Val Metric: 0.8383
Epoch 36/50 - Train Loss: 0.5150 - Train Metric: 0.8196
Epoch 36/50 - Val Metric: 0.8383
Epoch 37/50 - Train Loss: 0.5142 - Train Metric: 0.8207
Epoch 37/50 - Val Metric: 0.8383
Epoch 38/50 - Train Loss: 0.5147 - Train Metric: 0.8197
Epoch 38/50 - Val Metric: 0.8383
Epoch 39/50 - Train Loss: 0.5142 - Train Metric: 0.8200
Epoch 39/50 - Val Metric: 0.8384
Epoch 40/50 - Train Loss: 0.5142 - Train Metric: 0.8204
Epoch 40/50 - Val Metric: 0.8384
Epoch 41/50 - Train Loss: 0.5137 - Train Metric: 0.8215
Epoch 41/50 - Val Metric: 0.8384
Epoch 42/50 - Train Loss: 0.5114 - Train Metric: 0.8229
Epoch 42/50 - Val Metric: 0.8384
Epoch 43/50 - Train Loss: 0.5135 - Train Metric: 0.8210
Epoch 43/50 - Val Metric: 0.8384
Epoch 44/50 - Train Loss: 0.5137 - Train Metric: 0.8207
Epoch 44/50 - Val Metric: 0.8384
Epoch 45/50 - Train Loss: 0.5137 - Train Metric: 0.8211
Epoch 45/50 - Val Metric: 0.8384
Epoch 46/50 - Train Loss: 0.5138 - Train Metric: 0.8206
Epoch 46/50 - Val Metric: 0.8384
Epoch 47/50 - Train Loss: 0.5152 - Train Metric: 0.8198
Epoch 47/50 - Val Metric: 0.8384
Epoch 48/50 - Train Loss: 0.5138 - Train Metric: 0.8205
Epoch 48/50 - Val Metric: 0.8384
Epoch 49/50 - Train Loss: 0.5147 - Train Metric: 0.8208
Epoch 49/50 - Val Metric: 0.8384
Epoch 50/50 - Train Loss: 0.5134 - Train Metric: 0.8211
Epoch 50/50 - Val Metric: 0.8384
Best val: 0.8384, Best test: 0.8375
Training set has 30779 instances
Validation set has 3847 instances
Test set has 3848 instances
Epoch 1/50 - Train Loss: 0.7019 - Train Metric: 0.5079
Epoch 1/50 - Val Metric: 0.7193
Epoch 2/50 - Train Loss: 0.5372 - Train Metric: 0.8004
Epoch 2/50 - Val Metric: 0.8256
Epoch 3/50 - Train Loss: 0.5046 - Train Metric: 0.8281
Epoch 3/50 - Val Metric: 0.8327
Epoch 4/50 - Train Loss: 0.4964 - Train Metric: 0.8352
Epoch 4/50 - Val Metric: 0.8368
Epoch 5/50 - Train Loss: 0.4936 - Train Metric: 0.8374
Epoch 5/50 - Val Metric: 0.8383
Epoch 6/50 - Train Loss: 0.4901 - Train Metric: 0.8402
Epoch 6/50 - Val Metric: 0.8416
Epoch 7/50 - Train Loss: 0.4817 - Train Metric: 0.8467
Epoch 7/50 - Val Metric: 0.8466
Epoch 8/50 - Train Loss: 0.4792 - Train Metric: 0.8483
Epoch 8/50 - Val Metric: 0.8523
Epoch 9/50 - Train Loss: 0.4741 - Train Metric: 0.8525
Epoch 9/50 - Val Metric: 0.8513
Epoch 10/50 - Train Loss: 0.4722 - Train Metric: 0.8535
Epoch 10/50 - Val Metric: 0.8494
Epoch 11/50 - Train Loss: 0.4712 - Train Metric: 0.8547
Epoch 11/50 - Val Metric: 0.8544
Epoch 12/50 - Train Loss: 0.4675 - Train Metric: 0.8569
Epoch 12/50 - Val Metric: 0.8572
Epoch 13/50 - Train Loss: 0.4650 - Train Metric: 0.8583
Epoch 13/50 - Val Metric: 0.8587
Epoch 14/50 - Train Loss: 0.4628 - Train Metric: 0.8604
Epoch 14/50 - Val Metric: 0.8581
Epoch 15/50 - Train Loss: 0.4624 - Train Metric: 0.8609
Epoch 15/50 - Val Metric: 0.8599
Epoch 16/50 - Train Loss: 0.4610 - Train Metric: 0.8614
Epoch 16/50 - Val Metric: 0.8621
Epoch 17/50 - Train Loss: 0.4584 - Train Metric: 0.8632
Epoch 17/50 - Val Metric: 0.8624
Epoch 18/50 - Train Loss: 0.4572 - Train Metric: 0.8641
Epoch 18/50 - Val Metric: 0.8629
Epoch 19/50 - Train Loss: 0.4561 - Train Metric: 0.8652
Epoch 19/50 - Val Metric: 0.8645
Epoch 20/50 - Train Loss: 0.4536 - Train Metric: 0.8666
Epoch 20/50 - Val Metric: 0.8671
Epoch 21/50 - Train Loss: 0.4501 - Train Metric: 0.8691
Epoch 21/50 - Val Metric: 0.8680
Epoch 22/50 - Train Loss: 0.4485 - Train Metric: 0.8703
Epoch 22/50 - Val Metric: 0.8695
Epoch 23/50 - Train Loss: 0.4483 - Train Metric: 0.8702
Epoch 23/50 - Val Metric: 0.8684
Epoch 24/50 - Train Loss: 0.4464 - Train Metric: 0.8714
Epoch 24/50 - Val Metric: 0.8694
Epoch 25/50 - Train Loss: 0.4443 - Train Metric: 0.8727
Epoch 25/50 - Val Metric: 0.8713
Epoch 26/50 - Train Loss: 0.4435 - Train Metric: 0.8734
Epoch 26/50 - Val Metric: 0.8732
Epoch 27/50 - Train Loss: 0.4408 - Train Metric: 0.8751
Epoch 27/50 - Val Metric: 0.8725
Epoch 28/50 - Train Loss: 0.4413 - Train Metric: 0.8749
Epoch 28/50 - Val Metric: 0.8736
Epoch 29/50 - Train Loss: 0.4395 - Train Metric: 0.8762
Epoch 29/50 - Val Metric: 0.8731
Epoch 30/50 - Train Loss: 0.4363 - Train Metric: 0.8780
Epoch 30/50 - Val Metric: 0.8726
Epoch 31/50 - Train Loss: 0.4388 - Train Metric: 0.8763
Epoch 31/50 - Val Metric: 0.8749
Epoch 32/50 - Train Loss: 0.4345 - Train Metric: 0.8790
Epoch 32/50 - Val Metric: 0.8750
Epoch 33/50 - Train Loss: 0.4344 - Train Metric: 0.8788
Epoch 33/50 - Val Metric: 0.8774
Epoch 34/50 - Train Loss: 0.4324 - Train Metric: 0.8802
Epoch 34/50 - Val Metric: 0.8791
Epoch 35/50 - Train Loss: 0.4330 - Train Metric: 0.8799
Epoch 35/50 - Val Metric: 0.8756
Epoch 36/50 - Train Loss: 0.4329 - Train Metric: 0.8801
Epoch 36/50 - Val Metric: 0.8791
Epoch 37/50 - Train Loss: 0.4299 - Train Metric: 0.8817
Epoch 37/50 - Val Metric: 0.8754
Epoch 38/50 - Train Loss: 0.4320 - Train Metric: 0.8803
Epoch 38/50 - Val Metric: 0.8796
Epoch 39/50 - Train Loss: 0.4289 - Train Metric: 0.8822
Epoch 39/50 - Val Metric: 0.8804
Epoch 40/50 - Train Loss: 0.4277 - Train Metric: 0.8828
Epoch 40/50 - Val Metric: 0.8816
Epoch 41/50 - Train Loss: 0.4281 - Train Metric: 0.8827
Epoch 41/50 - Val Metric: 0.8813
Epoch 42/50 - Train Loss: 0.4255 - Train Metric: 0.8843
Epoch 42/50 - Val Metric: 0.8814
Epoch 43/50 - Train Loss: 0.4254 - Train Metric: 0.8842
Epoch 43/50 - Val Metric: 0.8826
Epoch 44/50 - Train Loss: 0.4254 - Train Metric: 0.8844
Epoch 44/50 - Val Metric: 0.8827
Epoch 45/50 - Train Loss: 0.4264 - Train Metric: 0.8837
Epoch 45/50 - Val Metric: 0.8834
Epoch 46/50 - Train Loss: 0.4242 - Train Metric: 0.8850
Epoch 46/50 - Val Metric: 0.8844
Epoch 47/50 - Train Loss: 0.4245 - Train Metric: 0.8849
Epoch 47/50 - Val Metric: 0.8841
Epoch 48/50 - Train Loss: 0.4227 - Train Metric: 0.8859
Epoch 48/50 - Val Metric: 0.8841
Epoch 49/50 - Train Loss: 0.4227 - Train Metric: 0.8860
Epoch 49/50 - Val Metric: 0.8845
Epoch 50/50 - Train Loss: 0.4237 - Train Metric: 0.8851
Epoch 50/50 - Val Metric: 0.8847
Best val: 0.8847, Best test: 0.8874
Training set has 30779 instances
Validation set has 3847 instances
Test set has 3848 instances
Epoch 1/50 - Train Loss: 0.7240 - Train Metric: 0.5057
Epoch 1/50 - Val Metric: 0.6056
Epoch 2/50 - Train Loss: 0.6321 - Train Metric: 0.6712
Epoch 2/50 - Val Metric: 0.8012
Epoch 3/50 - Train Loss: 0.5171 - Train Metric: 0.8158
Epoch 3/50 - Val Metric: 0.8171
Epoch 4/50 - Train Loss: 0.5053 - Train Metric: 0.8265
Epoch 4/50 - Val Metric: 0.8235
Epoch 5/50 - Train Loss: 0.5057 - Train Metric: 0.8260
Epoch 5/50 - Val Metric: 0.8274
Epoch 6/50 - Train Loss: 0.5058 - Train Metric: 0.8271
Epoch 6/50 - Val Metric: 0.8331
Epoch 7/50 - Train Loss: 0.5018 - Train Metric: 0.8307
Epoch 7/50 - Val Metric: 0.8378
Epoch 8/50 - Train Loss: 0.5124 - Train Metric: 0.8201
Epoch 8/50 - Val Metric: 0.8086
Epoch 9/50 - Train Loss: 0.5171 - Train Metric: 0.8165
Epoch 9/50 - Val Metric: 0.8182
Epoch 10/50 - Train Loss: 0.5114 - Train Metric: 0.8219
Epoch 10/50 - Val Metric: 0.8206
Epoch 11/50 - Train Loss: 0.5114 - Train Metric: 0.8221
Epoch 11/50 - Val Metric: 0.8186
Epoch 12/50 - Train Loss: 0.5138 - Train Metric: 0.8197
Epoch 12/50 - Val Metric: 0.8199
Epoch 13/50 - Train Loss: 0.5094 - Train Metric: 0.8237
Epoch 13/50 - Val Metric: 0.8195
Epoch 14/50 - Train Loss: 0.5101 - Train Metric: 0.8227
Epoch 14/50 - Val Metric: 0.8242
Epoch 15/50 - Train Loss: 0.5136 - Train Metric: 0.8172
Epoch 15/50 - Val Metric: 0.8184
Epoch 16/50 - Train Loss: 0.5191 - Train Metric: 0.8137
Epoch 16/50 - Val Metric: 0.8069
Epoch 17/50 - Train Loss: 0.5233 - Train Metric: 0.8085
Epoch 17/50 - Val Metric: 0.8039
Epoch 18/50 - Train Loss: 0.5386 - Train Metric: 0.7939
Epoch 18/50 - Val Metric: 0.8035
Epoch 19/50 - Train Loss: 0.5473 - Train Metric: 0.7871
Epoch 19/50 - Val Metric: 0.7938
Epoch 20/50 - Train Loss: 0.5498 - Train Metric: 0.7836
Epoch 20/50 - Val Metric: 0.7892
Epoch 21/50 - Train Loss: 0.5446 - Train Metric: 0.7851
Epoch 21/50 - Val Metric: 0.7857
Epoch 22/50 - Train Loss: 0.5441 - Train Metric: 0.7874
Epoch 22/50 - Val Metric: 0.7976
Epoch 23/50 - Train Loss: 0.5390 - Train Metric: 0.7930
Epoch 23/50 - Val Metric: 0.7989
Epoch 24/50 - Train Loss: 0.5370 - Train Metric: 0.7951
Epoch 24/50 - Val Metric: 0.7991
Epoch 25/50 - Train Loss: 0.5368 - Train Metric: 0.7958
Epoch 25/50 - Val Metric: 0.8005
Epoch 26/50 - Train Loss: 0.5373 - Train Metric: 0.7962
Epoch 26/50 - Val Metric: 0.7897
Epoch 27/50 - Train Loss: 0.5406 - Train Metric: 0.7931
Epoch 27/50 - Val Metric: 0.8064
Epoch 28/50 - Train Loss: 0.5359 - Train Metric: 0.7988
Epoch 28/50 - Val Metric: 0.8044
Epoch 29/50 - Train Loss: 0.5313 - Train Metric: 0.8033
Epoch 29/50 - Val Metric: 0.8067
Epoch 30/50 - Train Loss: 0.5333 - Train Metric: 0.8008
Epoch 30/50 - Val Metric: 0.8027
Epoch 31/50 - Train Loss: 0.5326 - Train Metric: 0.8004
Epoch 31/50 - Val Metric: 0.8002
Epoch 32/50 - Train Loss: 0.5282 - Train Metric: 0.8047
Epoch 32/50 - Val Metric: 0.8100
Epoch 33/50 - Train Loss: 0.5244 - Train Metric: 0.8084
Epoch 33/50 - Val Metric: 0.8094
Epoch 34/50 - Train Loss: 0.5230 - Train Metric: 0.8100
Epoch 34/50 - Val Metric: 0.8096
Epoch 35/50 - Train Loss: 0.5254 - Train Metric: 0.8078
Epoch 35/50 - Val Metric: 0.8081
Epoch 36/50 - Train Loss: 0.5231 - Train Metric: 0.8098
Epoch 36/50 - Val Metric: 0.8103
Epoch 37/50 - Train Loss: 0.5210 - Train Metric: 0.8125
Epoch 37/50 - Val Metric: 0.8081
Epoch 38/50 - Train Loss: 0.5203 - Train Metric: 0.8135
Epoch 38/50 - Val Metric: 0.8072
Epoch 39/50 - Train Loss: 0.5235 - Train Metric: 0.8109
Epoch 39/50 - Val Metric: 0.8125
Epoch 40/50 - Train Loss: 0.5212 - Train Metric: 0.8129
Epoch 40/50 - Val Metric: 0.8104
Epoch 41/50 - Train Loss: 0.5198 - Train Metric: 0.8143
Epoch 41/50 - Val Metric: 0.8142
Epoch 42/50 - Train Loss: 0.5215 - Train Metric: 0.8129
Epoch 42/50 - Val Metric: 0.8088
Epoch 43/50 - Train Loss: 0.5230 - Train Metric: 0.8121
Epoch 43/50 - Val Metric: 0.8092
Epoch 44/50 - Train Loss: 0.5225 - Train Metric: 0.8118
Epoch 44/50 - Val Metric: 0.8090
Epoch 45/50 - Train Loss: 0.5302 - Train Metric: 0.8054
Epoch 45/50 - Val Metric: 0.8098
Epoch 46/50 - Train Loss: 0.5348 - Train Metric: 0.8008
Epoch 46/50 - Val Metric: 0.8090
Epoch 47/50 - Train Loss: 0.5302 - Train Metric: 0.8046
Epoch 47/50 - Val Metric: 0.8077
Epoch 48/50 - Train Loss: 0.5322 - Train Metric: 0.8034
Epoch 48/50 - Val Metric: 0.8092
Epoch 49/50 - Train Loss: 0.5344 - Train Metric: 0.7999
Epoch 49/50 - Val Metric: 0.8100
Epoch 50/50 - Train Loss: 0.5266 - Train Metric: 0.8078
Epoch 50/50 - Val Metric: 0.8102
Best val: 0.8378, Best test: 0.8424
Training set has 30779 instances
Validation set has 3847 instances
Test set has 3848 instances
Epoch 1/50 - Train Loss: 0.6453 - Train Metric: 0.6339
Epoch 1/50 - Val Metric: 0.8356
Epoch 2/50 - Train Loss: 0.5046 - Train Metric: 0.8297
Epoch 2/50 - Val Metric: 0.8490
Epoch 3/50 - Train Loss: 0.4924 - Train Metric: 0.8392
Epoch 3/50 - Val Metric: 0.8449
Epoch 4/50 - Train Loss: 0.4851 - Train Metric: 0.8439
Epoch 4/50 - Val Metric: 0.8561
Epoch 5/50 - Train Loss: 0.4809 - Train Metric: 0.8474
Epoch 5/50 - Val Metric: 0.8546
Epoch 6/50 - Train Loss: 0.4775 - Train Metric: 0.8498
Epoch 6/50 - Val Metric: 0.8598
Epoch 7/50 - Train Loss: 0.4749 - Train Metric: 0.8516
Epoch 7/50 - Val Metric: 0.8572
Epoch 8/50 - Train Loss: 0.4735 - Train Metric: 0.8525
Epoch 8/50 - Val Metric: 0.8617
Epoch 9/50 - Train Loss: 0.4685 - Train Metric: 0.8565
Epoch 9/50 - Val Metric: 0.8627
Epoch 10/50 - Train Loss: 0.4686 - Train Metric: 0.8566
Epoch 10/50 - Val Metric: 0.8644
Epoch 11/50 - Train Loss: 0.4633 - Train Metric: 0.8603
Epoch 11/50 - Val Metric: 0.8649
Epoch 12/50 - Train Loss: 0.4631 - Train Metric: 0.8603
Epoch 12/50 - Val Metric: 0.8664
Epoch 13/50 - Train Loss: 0.4605 - Train Metric: 0.8623
Epoch 13/50 - Val Metric: 0.8688
Epoch 14/50 - Train Loss: 0.4575 - Train Metric: 0.8640
Epoch 14/50 - Val Metric: 0.8704
Epoch 15/50 - Train Loss: 0.4560 - Train Metric: 0.8652
Epoch 15/50 - Val Metric: 0.8718
Epoch 16/50 - Train Loss: 0.4539 - Train Metric: 0.8667
Epoch 16/50 - Val Metric: 0.8712
Epoch 17/50 - Train Loss: 0.4530 - Train Metric: 0.8672
Epoch 17/50 - Val Metric: 0.8727
Epoch 18/50 - Train Loss: 0.4504 - Train Metric: 0.8691
Epoch 18/50 - Val Metric: 0.8752
Epoch 19/50 - Train Loss: 0.4486 - Train Metric: 0.8700
Epoch 19/50 - Val Metric: 0.8745
Epoch 20/50 - Train Loss: 0.4475 - Train Metric: 0.8706
Epoch 20/50 - Val Metric: 0.8767
Epoch 21/50 - Train Loss: 0.4445 - Train Metric: 0.8726
Epoch 21/50 - Val Metric: 0.8773
Epoch 22/50 - Train Loss: 0.4450 - Train Metric: 0.8723
Epoch 22/50 - Val Metric: 0.8768
Epoch 23/50 - Train Loss: 0.4427 - Train Metric: 0.8739
Epoch 23/50 - Val Metric: 0.8800
Epoch 24/50 - Train Loss: 0.4406 - Train Metric: 0.8753
Epoch 24/50 - Val Metric: 0.8812
Epoch 25/50 - Train Loss: 0.4411 - Train Metric: 0.8749
Epoch 25/50 - Val Metric: 0.8809
Epoch 26/50 - Train Loss: 0.4387 - Train Metric: 0.8763
Epoch 26/50 - Val Metric: 0.8828
Epoch 27/50 - Train Loss: 0.4379 - Train Metric: 0.8770
Epoch 27/50 - Val Metric: 0.8825
Epoch 28/50 - Train Loss: 0.4367 - Train Metric: 0.8778
Epoch 28/50 - Val Metric: 0.8827
Epoch 29/50 - Train Loss: 0.4362 - Train Metric: 0.8781
Epoch 29/50 - Val Metric: 0.8830
Epoch 30/50 - Train Loss: 0.4361 - Train Metric: 0.8779
Epoch 30/50 - Val Metric: 0.8841
Epoch 31/50 - Train Loss: 0.4350 - Train Metric: 0.8788
Epoch 31/50 - Val Metric: 0.8845
Epoch 32/50 - Train Loss: 0.4328 - Train Metric: 0.8801
Epoch 32/50 - Val Metric: 0.8848
Epoch 33/50 - Train Loss: 0.4355 - Train Metric: 0.8784
Epoch 33/50 - Val Metric: 0.8851
Epoch 34/50 - Train Loss: 0.4342 - Train Metric: 0.8792
Epoch 34/50 - Val Metric: 0.8861
Epoch 35/50 - Train Loss: 0.4323 - Train Metric: 0.8805
Epoch 35/50 - Val Metric: 0.8856
Epoch 36/50 - Train Loss: 0.4315 - Train Metric: 0.8806
Epoch 36/50 - Val Metric: 0.8862
Epoch 37/50 - Train Loss: 0.4318 - Train Metric: 0.8807
Epoch 37/50 - Val Metric: 0.8863
Epoch 38/50 - Train Loss: 0.4305 - Train Metric: 0.8813
Epoch 38/50 - Val Metric: 0.8850
Epoch 39/50 - Train Loss: 0.4306 - Train Metric: 0.8816
Epoch 39/50 - Val Metric: 0.8859
Epoch 40/50 - Train Loss: 0.4313 - Train Metric: 0.8811
Epoch 40/50 - Val Metric: 0.8866
Epoch 41/50 - Train Loss: 0.4321 - Train Metric: 0.8806
Epoch 41/50 - Val Metric: 0.8866
Epoch 42/50 - Train Loss: 0.4320 - Train Metric: 0.8806
Epoch 42/50 - Val Metric: 0.8859
Epoch 43/50 - Train Loss: 0.4315 - Train Metric: 0.8809
Epoch 43/50 - Val Metric: 0.8863
Epoch 44/50 - Train Loss: 0.4307 - Train Metric: 0.8815
Epoch 44/50 - Val Metric: 0.8866
Epoch 45/50 - Train Loss: 0.4297 - Train Metric: 0.8822
Epoch 45/50 - Val Metric: 0.8868
Epoch 46/50 - Train Loss: 0.4308 - Train Metric: 0.8813
Epoch 46/50 - Val Metric: 0.8872
Epoch 47/50 - Train Loss: 0.4301 - Train Metric: 0.8819
Epoch 47/50 - Val Metric: 0.8873
Epoch 48/50 - Train Loss: 0.4299 - Train Metric: 0.8818
Epoch 48/50 - Val Metric: 0.8871
Epoch 49/50 - Train Loss: 0.4297 - Train Metric: 0.8820
Epoch 49/50 - Val Metric: 0.8874
Epoch 50/50 - Train Loss: 0.4287 - Train Metric: 0.8827
Epoch 50/50 - Val Metric: 0.8873
Best val: 0.8874, Best test: 0.8814
Training set has 30779 instances
Validation set has 3847 instances
Test set has 3848 instances
Epoch 1/50 - Train Loss: 0.6569 - Train Metric: 0.6112
Epoch 1/50 - Val Metric: 0.8240
Epoch 2/50 - Train Loss: 0.5138 - Train Metric: 0.8227
Epoch 2/50 - Val Metric: 0.8437
Epoch 3/50 - Train Loss: 0.4976 - Train Metric: 0.8356
Epoch 3/50 - Val Metric: 0.8508
Epoch 4/50 - Train Loss: 0.4909 - Train Metric: 0.8406
Epoch 4/50 - Val Metric: 0.8525
Epoch 5/50 - Train Loss: 0.4876 - Train Metric: 0.8426
Epoch 5/50 - Val Metric: 0.8543
Epoch 6/50 - Train Loss: 0.4840 - Train Metric: 0.8451
Epoch 6/50 - Val Metric: 0.8535
Epoch 7/50 - Train Loss: 0.4804 - Train Metric: 0.8479
Epoch 7/50 - Val Metric: 0.8556
Epoch 8/50 - Train Loss: 0.4760 - Train Metric: 0.8508
Epoch 8/50 - Val Metric: 0.8562
Epoch 9/50 - Train Loss: 0.4746 - Train Metric: 0.8521
Epoch 9/50 - Val Metric: 0.8577
Epoch 10/50 - Train Loss: 0.4736 - Train Metric: 0.8526
Epoch 10/50 - Val Metric: 0.8612
Epoch 11/50 - Train Loss: 0.4713 - Train Metric: 0.8545
Epoch 11/50 - Val Metric: 0.8612
Epoch 12/50 - Train Loss: 0.4684 - Train Metric: 0.8562
Epoch 12/50 - Val Metric: 0.8609
Epoch 13/50 - Train Loss: 0.4669 - Train Metric: 0.8571
Epoch 13/50 - Val Metric: 0.8624
Epoch 14/50 - Train Loss: 0.4649 - Train Metric: 0.8587
Epoch 14/50 - Val Metric: 0.8626
Epoch 15/50 - Train Loss: 0.4633 - Train Metric: 0.8597
Epoch 15/50 - Val Metric: 0.8661
Epoch 16/50 - Train Loss: 0.4628 - Train Metric: 0.8599
Epoch 16/50 - Val Metric: 0.8662
Epoch 17/50 - Train Loss: 0.4612 - Train Metric: 0.8612
Epoch 17/50 - Val Metric: 0.8669
Epoch 18/50 - Train Loss: 0.4593 - Train Metric: 0.8623
Epoch 18/50 - Val Metric: 0.8672
Epoch 19/50 - Train Loss: 0.4596 - Train Metric: 0.8621
Epoch 19/50 - Val Metric: 0.8683
Epoch 20/50 - Train Loss: 0.4572 - Train Metric: 0.8639
Epoch 20/50 - Val Metric: 0.8697
Epoch 21/50 - Train Loss: 0.4557 - Train Metric: 0.8649
Epoch 21/50 - Val Metric: 0.8703
Epoch 22/50 - Train Loss: 0.4555 - Train Metric: 0.8651
Epoch 22/50 - Val Metric: 0.8699
Epoch 23/50 - Train Loss: 0.4556 - Train Metric: 0.8650
Epoch 23/50 - Val Metric: 0.8705
Epoch 24/50 - Train Loss: 0.4545 - Train Metric: 0.8658
Epoch 24/50 - Val Metric: 0.8727
Epoch 25/50 - Train Loss: 0.4530 - Train Metric: 0.8668
Epoch 25/50 - Val Metric: 0.8722
Epoch 26/50 - Train Loss: 0.4517 - Train Metric: 0.8674
Epoch 26/50 - Val Metric: 0.8717
Epoch 27/50 - Train Loss: 0.4523 - Train Metric: 0.8673
Epoch 27/50 - Val Metric: 0.8722
Epoch 28/50 - Train Loss: 0.4509 - Train Metric: 0.8681
Epoch 28/50 - Val Metric: 0.8723
Epoch 29/50 - Train Loss: 0.4524 - Train Metric: 0.8670
Epoch 29/50 - Val Metric: 0.8718
Epoch 30/50 - Train Loss: 0.4514 - Train Metric: 0.8678
Epoch 30/50 - Val Metric: 0.8728
Epoch 31/50 - Train Loss: 0.4503 - Train Metric: 0.8686
Epoch 31/50 - Val Metric: 0.8736
Epoch 32/50 - Train Loss: 0.4494 - Train Metric: 0.8692
Epoch 32/50 - Val Metric: 0.8733
Epoch 33/50 - Train Loss: 0.4499 - Train Metric: 0.8687
Epoch 33/50 - Val Metric: 0.8734
Training set has 30779 instances
Validation set has 3847 instances
Test set has 3848 instances
Training set has 30779 instances
Validation set has 3847 instances
Test set has 3848 instances
Training set has 30779 instances
Validation set has 3847 instances
Test set has 3848 instances
Training set has 30779 instances
Validation set has 3847 instances
Test set has 3848 instances
Epoch 1/50 - Train Loss: 0.6848 - Train Metric: 0.5553
Epoch 1/50 - Val Metric: 0.7495
Epoch 2/50 - Train Loss: 0.5396 - Train Metric: 0.7974
Epoch 2/50 - Val Metric: 0.8324
Training set has 30779 instances
Validation set has 3847 instances
Test set has 3848 instances
Epoch 1/50 - Train Loss: 0.6916 - Train Metric: 0.5302
Epoch 1/50 - Val Metric: 0.7933
Epoch 2/50 - Train Loss: 0.5133 - Train Metric: 0.8224
Epoch 2/50 - Val Metric: 0.8479
Epoch 3/50 - Train Loss: 0.4931 - Train Metric: 0.8383
Epoch 3/50 - Val Metric: 0.8506
Epoch 4/50 - Train Loss: 0.4844 - Train Metric: 0.8445
Epoch 4/50 - Val Metric: 0.8548
Epoch 5/50 - Train Loss: 0.4770 - Train Metric: 0.8499
Epoch 5/50 - Val Metric: 0.8578
Epoch 6/50 - Train Loss: 0.4731 - Train Metric: 0.8524
Epoch 6/50 - Val Metric: 0.8595
Epoch 7/50 - Train Loss: 0.4710 - Train Metric: 0.8540
Epoch 7/50 - Val Metric: 0.8621
Epoch 8/50 - Train Loss: 0.4672 - Train Metric: 0.8565
Epoch 8/50 - Val Metric: 0.8629
Epoch 9/50 - Train Loss: 0.4641 - Train Metric: 0.8591
Epoch 9/50 - Val Metric: 0.8654
Epoch 10/50 - Train Loss: 0.4613 - Train Metric: 0.8607
Epoch 10/50 - Val Metric: 0.8645
Epoch 11/50 - Train Loss: 0.4611 - Train Metric: 0.8609
Epoch 11/50 - Val Metric: 0.8662
Epoch 12/50 - Train Loss: 0.4587 - Train Metric: 0.8624
Epoch 12/50 - Val Metric: 0.8664
Epoch 13/50 - Train Loss: 0.4577 - Train Metric: 0.8635
Epoch 13/50 - Val Metric: 0.8667
Epoch 14/50 - Train Loss: 0.4551 - Train Metric: 0.8650
Epoch 14/50 - Val Metric: 0.8688
Epoch 15/50 - Train Loss: 0.4528 - Train Metric: 0.8666
Epoch 15/50 - Val Metric: 0.8693
Epoch 16/50 - Train Loss: 0.4522 - Train Metric: 0.8670
Epoch 16/50 - Val Metric: 0.8706
Epoch 17/50 - Train Loss: 0.4506 - Train Metric: 0.8682
Epoch 17/50 - Val Metric: 0.8720
Epoch 18/50 - Train Loss: 0.4486 - Train Metric: 0.8695
Epoch 18/50 - Val Metric: 0.8731
Epoch 19/50 - Train Loss: 0.4487 - Train Metric: 0.8695
Epoch 19/50 - Val Metric: 0.8743
Epoch 20/50 - Train Loss: 0.4476 - Train Metric: 0.8700
Epoch 20/50 - Val Metric: 0.8745
Epoch 21/50 - Train Loss: 0.4469 - Train Metric: 0.8708
Epoch 21/50 - Val Metric: 0.8755
Epoch 22/50 - Train Loss: 0.4453 - Train Metric: 0.8716
Epoch 22/50 - Val Metric: 0.8749
Epoch 23/50 - Train Loss: 0.4441 - Train Metric: 0.8724
Epoch 23/50 - Val Metric: 0.8751
Epoch 24/50 - Train Loss: 0.4436 - Train Metric: 0.8728
Epoch 24/50 - Val Metric: 0.8771
Epoch 25/50 - Train Loss: 0.4415 - Train Metric: 0.8740
Epoch 25/50 - Val Metric: 0.8777
Epoch 26/50 - Train Loss: 0.4417 - Train Metric: 0.8738
Epoch 26/50 - Val Metric: 0.8783
Epoch 27/50 - Train Loss: 0.4407 - Train Metric: 0.8747
Epoch 27/50 - Val Metric: 0.8779
Epoch 28/50 - Train Loss: 0.4400 - Train Metric: 0.8751
Epoch 28/50 - Val Metric: 0.8784
Epoch 29/50 - Train Loss: 0.4394 - Train Metric: 0.8751
Epoch 29/50 - Val Metric: 0.8783
Epoch 30/50 - Train Loss: 0.4378 - Train Metric: 0.8765
Epoch 30/50 - Val Metric: 0.8799
Epoch 31/50 - Train Loss: 0.4384 - Train Metric: 0.8761
Epoch 31/50 - Val Metric: 0.8798
Epoch 32/50 - Train Loss: 0.4393 - Train Metric: 0.8755
Epoch 32/50 - Val Metric: 0.8795
Epoch 33/50 - Train Loss: 0.4363 - Train Metric: 0.8775
Epoch 33/50 - Val Metric: 0.8794
Epoch 34/50 - Train Loss: 0.4372 - Train Metric: 0.8765
Epoch 34/50 - Val Metric: 0.8794
Epoch 35/50 - Train Loss: 0.4367 - Train Metric: 0.8770
Epoch 35/50 - Val Metric: 0.8795
Epoch 36/50 - Train Loss: 0.4359 - Train Metric: 0.8776
Epoch 36/50 - Val Metric: 0.8804
Epoch 37/50 - Train Loss: 0.4370 - Train Metric: 0.8770
Epoch 37/50 - Val Metric: 0.8801
Epoch 38/50 - Train Loss: 0.4363 - Train Metric: 0.8773
Epoch 38/50 - Val Metric: 0.8807
Epoch 39/50 - Train Loss: 0.4358 - Train Metric: 0.8777
Epoch 39/50 - Val Metric: 0.8810
Epoch 40/50 - Train Loss: 0.4347 - Train Metric: 0.8783
Epoch 40/50 - Val Metric: 0.8811
Epoch 41/50 - Train Loss: 0.4350 - Train Metric: 0.8782
Epoch 41/50 - Val Metric: 0.8807
Epoch 42/50 - Train Loss: 0.4343 - Train Metric: 0.8784
Epoch 42/50 - Val Metric: 0.8809
Epoch 43/50 - Train Loss: 0.4344 - Train Metric: 0.8784
Epoch 43/50 - Val Metric: 0.8812
Epoch 44/50 - Train Loss: 0.4347 - Train Metric: 0.8784
Epoch 44/50 - Val Metric: 0.8813
Epoch 45/50 - Train Loss: 0.4357 - Train Metric: 0.8776
Epoch 45/50 - Val Metric: 0.8811
Epoch 46/50 - Train Loss: 0.4339 - Train Metric: 0.8789
Epoch 46/50 - Val Metric: 0.8812
Epoch 47/50 - Train Loss: 0.4339 - Train Metric: 0.8790
Epoch 47/50 - Val Metric: 0.8813
Epoch 48/50 - Train Loss: 0.4331 - Train Metric: 0.8794
Epoch 48/50 - Val Metric: 0.8814
Epoch 49/50 - Train Loss: 0.4327 - Train Metric: 0.8797
Epoch 49/50 - Val Metric: 0.8814
Epoch 50/50 - Train Loss: 0.4325 - Train Metric: 0.8796
Epoch 50/50 - Val Metric: 0.8814
Best val: 0.8814, Best test: 0.8709
Training set has 30779 instances
Validation set has 3847 instances
Test set has 3848 instances
Training set has 30779 instances
Validation set has 3847 instances
Test set has 3848 instances
Training set has 30779 instances
Validation set has 3847 instances
Test set has 3848 instances
Training set has 30779 instances
Validation set has 3847 instances
Test set has 3848 instances
Epoch 1/50 - Train Loss: 0.6190 - Train Metric: 0.6873
Epoch 1/50 - Val Metric: 0.8147
Epoch 2/50 - Train Loss: 0.5005 - Train Metric: 0.8322
Epoch 2/50 - Val Metric: 0.8352
Epoch 3/50 - Train Loss: 0.4881 - Train Metric: 0.8421
Epoch 3/50 - Val Metric: 0.8372
Training set has 30779 instances
Validation set has 3847 instances
Test set has 3848 instances
Training set has 30779 instances
Validation set has 3847 instances
Test set has 3848 instances
Epoch 1/50 - Train Loss: 0.7166 - Train Metric: 0.5055
Epoch 1/50 - Val Metric: 0.7770
Training set has 30779 instances
Validation set has 3847 instances
Test set has 3848 instances
Epoch 1/50 - Train Loss: 0.6688 - Train Metric: 0.5958
Epoch 1/50 - Val Metric: 0.8013
Epoch 2/50 - Train Loss: 0.5280 - Train Metric: 0.8080
Epoch 2/50 - Val Metric: 0.8311
Training set has 30779 instances
Validation set has 3847 instances
Test set has 3848 instances
Epoch 1/50 - Train Loss: 0.6206 - Train Metric: 0.6972
Epoch 1/50 - Val Metric: 0.8436
Epoch 2/50 - Train Loss: 0.5102 - Train Metric: 0.8254
Epoch 2/50 - Val Metric: 0.8565
Epoch 3/50 - Train Loss: 0.4994 - Train Metric: 0.8337
Epoch 3/50 - Val Metric: 0.8587
Epoch 4/50 - Train Loss: 0.4951 - Train Metric: 0.8368
Epoch 4/50 - Val Metric: 0.8607
Epoch 5/50 - Train Loss: 0.4905 - Train Metric: 0.8399
Epoch 5/50 - Val Metric: 0.8608
Epoch 6/50 - Train Loss: 0.4861 - Train Metric: 0.8433
Epoch 6/50 - Val Metric: 0.8615
Epoch 7/50 - Train Loss: 0.4851 - Train Metric: 0.8431
Epoch 7/50 - Val Metric: 0.8635
Epoch 8/50 - Train Loss: 0.4810 - Train Metric: 0.8468
Epoch 8/50 - Val Metric: 0.8658
Epoch 9/50 - Train Loss: 0.4785 - Train Metric: 0.8487
Epoch 9/50 - Val Metric: 0.8671
Epoch 10/50 - Train Loss: 0.4754 - Train Metric: 0.8509
Epoch 10/50 - Val Metric: 0.8692
Epoch 11/50 - Train Loss: 0.4726 - Train Metric: 0.8535
Epoch 11/50 - Val Metric: 0.8717
Epoch 12/50 - Train Loss: 0.4698 - Train Metric: 0.8555
Epoch 12/50 - Val Metric: 0.8737
Epoch 13/50 - Train Loss: 0.4673 - Train Metric: 0.8572
Epoch 13/50 - Val Metric: 0.8767
Epoch 14/50 - Train Loss: 0.4643 - Train Metric: 0.8594
Epoch 14/50 - Val Metric: 0.8778
Epoch 15/50 - Train Loss: 0.4610 - Train Metric: 0.8617
Epoch 15/50 - Val Metric: 0.8772
Epoch 16/50 - Train Loss: 0.4560 - Train Metric: 0.8651
Epoch 16/50 - Val Metric: 0.8843
Epoch 17/50 - Train Loss: 0.4550 - Train Metric: 0.8657
Epoch 17/50 - Val Metric: 0.8836
Epoch 18/50 - Train Loss: 0.4486 - Train Metric: 0.8701
Epoch 18/50 - Val Metric: 0.8855
Epoch 19/50 - Train Loss: 0.4445 - Train Metric: 0.8728
Epoch 19/50 - Val Metric: 0.8890
Epoch 20/50 - Train Loss: 0.4419 - Train Metric: 0.8743
Epoch 20/50 - Val Metric: 0.8881
Epoch 21/50 - Train Loss: 0.4367 - Train Metric: 0.8776
Epoch 21/50 - Val Metric: 0.8930
Epoch 22/50 - Train Loss: 0.4370 - Train Metric: 0.8774
Epoch 22/50 - Val Metric: 0.8925
Epoch 23/50 - Train Loss: 0.4359 - Train Metric: 0.8782
Epoch 23/50 - Val Metric: 0.8905
Epoch 24/50 - Train Loss: 0.4315 - Train Metric: 0.8808
Epoch 24/50 - Val Metric: 0.8921
Epoch 25/50 - Train Loss: 0.4281 - Train Metric: 0.8830
Epoch 25/50 - Val Metric: 0.8964
Epoch 26/50 - Train Loss: 0.4306 - Train Metric: 0.8813
Epoch 26/50 - Val Metric: 0.8925
Epoch 27/50 - Train Loss: 0.4268 - Train Metric: 0.8836
Epoch 27/50 - Val Metric: 0.8979
Epoch 28/50 - Train Loss: 0.4241 - Train Metric: 0.8852
Epoch 28/50 - Val Metric: 0.8992
Epoch 29/50 - Train Loss: 0.4214 - Train Metric: 0.8869
Epoch 29/50 - Val Metric: 0.8943
Epoch 30/50 - Train Loss: 0.4217 - Train Metric: 0.8864
Epoch 30/50 - Val Metric: 0.8970
Epoch 31/50 - Train Loss: 0.4201 - Train Metric: 0.8877
Epoch 31/50 - Val Metric: 0.9008
Epoch 32/50 - Train Loss: 0.4173 - Train Metric: 0.8891
Epoch 32/50 - Val Metric: 0.8987
Epoch 33/50 - Train Loss: 0.4159 - Train Metric: 0.8898
Epoch 33/50 - Val Metric: 0.8957
Epoch 34/50 - Train Loss: 0.4150 - Train Metric: 0.8906
Epoch 34/50 - Val Metric: 0.9014
Epoch 35/50 - Train Loss: 0.4117 - Train Metric: 0.8923
Epoch 35/50 - Val Metric: 0.9015
Epoch 36/50 - Train Loss: 0.4126 - Train Metric: 0.8919
Epoch 36/50 - Val Metric: 0.9014
Epoch 37/50 - Train Loss: 0.4108 - Train Metric: 0.8928
Epoch 37/50 - Val Metric: 0.9017
Epoch 38/50 - Train Loss: 0.4106 - Train Metric: 0.8931
Epoch 38/50 - Val Metric: 0.9013
Epoch 39/50 - Train Loss: 0.4104 - Train Metric: 0.8930
Epoch 39/50 - Val Metric: 0.8997
Epoch 40/50 - Train Loss: 0.4082 - Train Metric: 0.8944
Epoch 40/50 - Val Metric: 0.9013
Epoch 41/50 - Train Loss: 0.4070 - Train Metric: 0.8950
Epoch 41/50 - Val Metric: 0.9065
Epoch 42/50 - Train Loss: 0.4059 - Train Metric: 0.8955
Epoch 42/50 - Val Metric: 0.9062
Epoch 43/50 - Train Loss: 0.4039 - Train Metric: 0.8969
Epoch 43/50 - Val Metric: 0.9074
Epoch 44/50 - Train Loss: 0.4030 - Train Metric: 0.8971
Epoch 44/50 - Val Metric: 0.9049
Epoch 45/50 - Train Loss: 0.4025 - Train Metric: 0.8975
Epoch 45/50 - Val Metric: 0.9046
Epoch 46/50 - Train Loss: 0.4015 - Train Metric: 0.8982
Epoch 46/50 - Val Metric: 0.9058
Epoch 47/50 - Train Loss: 0.4000 - Train Metric: 0.8986
Epoch 47/50 - Val Metric: 0.9063
Epoch 48/50 - Train Loss: 0.3965 - Train Metric: 0.9007
Epoch 48/50 - Val Metric: 0.9091
Epoch 49/50 - Train Loss: 0.3976 - Train Metric: 0.9000
Epoch 49/50 - Val Metric: 0.9029
Epoch 50/50 - Train Loss: 0.3956 - Train Metric: 0.9011
Epoch 50/50 - Val Metric: 0.9079
Best val: 0.9091, Best test: 0.9035
Hyper-parameter search done. Found the best config.
Repeat experiments 5 times with the best train config {'batch_size': 128, 'gamma_rate': 1.0, 'base_lr': 0.001} and model config {'num_heads': 8, 'num_layers': 4, 'hidden_dim': 32, 'mlp_ratio': 0.5, 'dropout_prob': 0.2, 'top_k': 1}.
Training set has 30779 instances
Validation set has 3847 instances
Test set has 3848 instances
Epoch 1/50 - Train Loss: 0.6150 - Train Metric: 0.7009
Epoch 1/50 - Val Metric: 0.8228
Epoch 2/50 - Train Loss: 0.5120 - Train Metric: 0.8247
Epoch 2/50 - Val Metric: 0.8317
Epoch 3/50 - Train Loss: 0.4939 - Train Metric: 0.8386
Epoch 3/50 - Val Metric: 0.8355
Epoch 4/50 - Train Loss: 0.4896 - Train Metric: 0.8412
Epoch 4/50 - Val Metric: 0.8364
Epoch 5/50 - Train Loss: 0.4840 - Train Metric: 0.8450
Epoch 5/50 - Val Metric: 0.8392
Epoch 6/50 - Train Loss: 0.4820 - Train Metric: 0.8459
Epoch 6/50 - Val Metric: 0.8418
Epoch 7/50 - Train Loss: 0.4783 - Train Metric: 0.8485
Epoch 7/50 - Val Metric: 0.8438
Epoch 8/50 - Train Loss: 0.4774 - Train Metric: 0.8491
Epoch 8/50 - Val Metric: 0.8436
Epoch 9/50 - Train Loss: 0.4733 - Train Metric: 0.8521
Epoch 9/50 - Val Metric: 0.8444
Epoch 10/50 - Train Loss: 0.4733 - Train Metric: 0.8518
Epoch 10/50 - Val Metric: 0.8455
Epoch 11/50 - Train Loss: 0.4719 - Train Metric: 0.8533
Epoch 11/50 - Val Metric: 0.8452
Epoch 12/50 - Train Loss: 0.4687 - Train Metric: 0.8551
Epoch 12/50 - Val Metric: 0.8485
Epoch 13/50 - Train Loss: 0.4685 - Train Metric: 0.8556
Epoch 13/50 - Val Metric: 0.8507
Epoch 14/50 - Train Loss: 0.4653 - Train Metric: 0.8583
Epoch 14/50 - Val Metric: 0.8538
Epoch 15/50 - Train Loss: 0.4646 - Train Metric: 0.8587
Epoch 15/50 - Val Metric: 0.8546
Epoch 16/50 - Train Loss: 0.4610 - Train Metric: 0.8615
Epoch 16/50 - Val Metric: 0.8557
Epoch 17/50 - Train Loss: 0.4580 - Train Metric: 0.8635
Epoch 17/50 - Val Metric: 0.8547
Epoch 18/50 - Train Loss: 0.4582 - Train Metric: 0.8633
Epoch 18/50 - Val Metric: 0.8585
Epoch 19/50 - Train Loss: 0.4543 - Train Metric: 0.8658
Epoch 19/50 - Val Metric: 0.8547
Epoch 20/50 - Train Loss: 0.4549 - Train Metric: 0.8657
Epoch 20/50 - Val Metric: 0.8598
Epoch 21/50 - Train Loss: 0.4500 - Train Metric: 0.8691
Epoch 21/50 - Val Metric: 0.8658
Epoch 22/50 - Train Loss: 0.4482 - Train Metric: 0.8698
Epoch 22/50 - Val Metric: 0.8675
Epoch 23/50 - Train Loss: 0.4452 - Train Metric: 0.8718
Epoch 23/50 - Val Metric: 0.8679
Epoch 24/50 - Train Loss: 0.4428 - Train Metric: 0.8736
Epoch 24/50 - Val Metric: 0.8729
Epoch 25/50 - Train Loss: 0.4398 - Train Metric: 0.8752
Epoch 25/50 - Val Metric: 0.8696
Epoch 26/50 - Train Loss: 0.4365 - Train Metric: 0.8770
Epoch 26/50 - Val Metric: 0.8727
Epoch 27/50 - Train Loss: 0.4344 - Train Metric: 0.8788
Epoch 27/50 - Val Metric: 0.8735
Epoch 28/50 - Train Loss: 0.4355 - Train Metric: 0.8781
Epoch 28/50 - Val Metric: 0.8734
Epoch 29/50 - Train Loss: 0.4308 - Train Metric: 0.8809
Epoch 29/50 - Val Metric: 0.8718
Epoch 30/50 - Train Loss: 0.4301 - Train Metric: 0.8813
Epoch 30/50 - Val Metric: 0.8779
Epoch 31/50 - Train Loss: 0.4277 - Train Metric: 0.8828
Epoch 31/50 - Val Metric: 0.8789
Epoch 32/50 - Train Loss: 0.4260 - Train Metric: 0.8839
Epoch 32/50 - Val Metric: 0.8741
Epoch 33/50 - Train Loss: 0.4233 - Train Metric: 0.8855
Epoch 33/50 - Val Metric: 0.8788
Epoch 34/50 - Train Loss: 0.4212 - Train Metric: 0.8871
Epoch 34/50 - Val Metric: 0.8793
Epoch 35/50 - Train Loss: 0.4200 - Train Metric: 0.8874
Epoch 35/50 - Val Metric: 0.8817
Epoch 36/50 - Train Loss: 0.4176 - Train Metric: 0.8891
Epoch 36/50 - Val Metric: 0.8806
Epoch 37/50 - Train Loss: 0.4152 - Train Metric: 0.8901
Epoch 37/50 - Val Metric: 0.8810
Epoch 38/50 - Train Loss: 0.4141 - Train Metric: 0.8910
Epoch 38/50 - Val Metric: 0.8819
Epoch 39/50 - Train Loss: 0.4149 - Train Metric: 0.8906
Epoch 39/50 - Val Metric: 0.8856
Epoch 40/50 - Train Loss: 0.4129 - Train Metric: 0.8916
Epoch 40/50 - Val Metric: 0.8868
Epoch 41/50 - Train Loss: 0.4094 - Train Metric: 0.8938
Epoch 41/50 - Val Metric: 0.8821
Epoch 42/50 - Train Loss: 0.4076 - Train Metric: 0.8947
Epoch 42/50 - Val Metric: 0.8863
Epoch 43/50 - Train Loss: 0.4060 - Train Metric: 0.8956
Epoch 43/50 - Val Metric: 0.8883
Epoch 44/50 - Train Loss: 0.4063 - Train Metric: 0.8954
Epoch 44/50 - Val Metric: 0.8893
Epoch 45/50 - Train Loss: 0.4052 - Train Metric: 0.8961
Epoch 45/50 - Val Metric: 0.8907
Epoch 46/50 - Train Loss: 0.4052 - Train Metric: 0.8959
Epoch 46/50 - Val Metric: 0.8868
Epoch 47/50 - Train Loss: 0.4018 - Train Metric: 0.8980
Epoch 47/50 - Val Metric: 0.8860
Epoch 48/50 - Train Loss: 0.4012 - Train Metric: 0.8981
Epoch 48/50 - Val Metric: 0.8929
Epoch 49/50 - Train Loss: 0.3989 - Train Metric: 0.8994
Epoch 49/50 - Val Metric: 0.8943
Epoch 50/50 - Train Loss: 0.3982 - Train Metric: 0.8995
Epoch 50/50 - Val Metric: 0.8939
Best val: 0.8943, Best test: 0.8975
Training set has 30779 instances
Validation set has 3847 instances
Test set has 3848 instances
Epoch 1/50 - Train Loss: 0.6141 - Train Metric: 0.7049
Epoch 1/50 - Val Metric: 0.8388
Epoch 2/50 - Train Loss: 0.5101 - Train Metric: 0.8247
Epoch 2/50 - Val Metric: 0.8493
Epoch 3/50 - Train Loss: 0.4998 - Train Metric: 0.8330
Epoch 3/50 - Val Metric: 0.8499
Epoch 4/50 - Train Loss: 0.4928 - Train Metric: 0.8382
Epoch 4/50 - Val Metric: 0.8515
Epoch 5/50 - Train Loss: 0.4904 - Train Metric: 0.8400
Epoch 5/50 - Val Metric: 0.8531
Epoch 6/50 - Train Loss: 0.4876 - Train Metric: 0.8417
Epoch 6/50 - Val Metric: 0.8528
Epoch 7/50 - Train Loss: 0.4865 - Train Metric: 0.8431
Epoch 7/50 - Val Metric: 0.8553
Epoch 8/50 - Train Loss: 0.4833 - Train Metric: 0.8453
Epoch 8/50 - Val Metric: 0.8550
Epoch 9/50 - Train Loss: 0.4786 - Train Metric: 0.8483
Epoch 9/50 - Val Metric: 0.8555
Epoch 10/50 - Train Loss: 0.4773 - Train Metric: 0.8496
Epoch 10/50 - Val Metric: 0.8606
Epoch 11/50 - Train Loss: 0.4764 - Train Metric: 0.8504
Epoch 11/50 - Val Metric: 0.8621
Epoch 12/50 - Train Loss: 0.4732 - Train Metric: 0.8528
Epoch 12/50 - Val Metric: 0.8623
Epoch 13/50 - Train Loss: 0.4715 - Train Metric: 0.8541
Epoch 13/50 - Val Metric: 0.8666
Epoch 14/50 - Train Loss: 0.4680 - Train Metric: 0.8568
Epoch 14/50 - Val Metric: 0.8669
Epoch 15/50 - Train Loss: 0.4633 - Train Metric: 0.8604
Epoch 15/50 - Val Metric: 0.8685
Epoch 16/50 - Train Loss: 0.4615 - Train Metric: 0.8610
Epoch 16/50 - Val Metric: 0.8693
Epoch 17/50 - Train Loss: 0.4576 - Train Metric: 0.8635
Epoch 17/50 - Val Metric: 0.8700
Epoch 18/50 - Train Loss: 0.4571 - Train Metric: 0.8645
Epoch 18/50 - Val Metric: 0.8723
Epoch 19/50 - Train Loss: 0.4550 - Train Metric: 0.8654
Epoch 19/50 - Val Metric: 0.8730
Epoch 20/50 - Train Loss: 0.4523 - Train Metric: 0.8676
Epoch 20/50 - Val Metric: 0.8731
Epoch 21/50 - Train Loss: 0.4503 - Train Metric: 0.8690
Epoch 21/50 - Val Metric: 0.8761
Epoch 22/50 - Train Loss: 0.4498 - Train Metric: 0.8694
Epoch 22/50 - Val Metric: 0.8786
Epoch 23/50 - Train Loss: 0.4457 - Train Metric: 0.8722
Epoch 23/50 - Val Metric: 0.8758
Epoch 24/50 - Train Loss: 0.4448 - Train Metric: 0.8727
Epoch 24/50 - Val Metric: 0.8797
Epoch 25/50 - Train Loss: 0.4416 - Train Metric: 0.8746
Epoch 25/50 - Val Metric: 0.8794
Epoch 26/50 - Train Loss: 0.4407 - Train Metric: 0.8753
Epoch 26/50 - Val Metric: 0.8802
Epoch 27/50 - Train Loss: 0.4383 - Train Metric: 0.8768
Epoch 27/50 - Val Metric: 0.8813
Epoch 28/50 - Train Loss: 0.4370 - Train Metric: 0.8776
Epoch 28/50 - Val Metric: 0.8833
Epoch 29/50 - Train Loss: 0.4339 - Train Metric: 0.8794
Epoch 29/50 - Val Metric: 0.8802
Epoch 30/50 - Train Loss: 0.4345 - Train Metric: 0.8791
Epoch 30/50 - Val Metric: 0.8805
Epoch 31/50 - Train Loss: 0.4320 - Train Metric: 0.8809
Epoch 31/50 - Val Metric: 0.8859
Epoch 32/50 - Train Loss: 0.4276 - Train Metric: 0.8834
Epoch 32/50 - Val Metric: 0.8857
Epoch 33/50 - Train Loss: 0.4262 - Train Metric: 0.8842
Epoch 33/50 - Val Metric: 0.8886
Epoch 34/50 - Train Loss: 0.4240 - Train Metric: 0.8854
Epoch 34/50 - Val Metric: 0.8867
Epoch 35/50 - Train Loss: 0.4232 - Train Metric: 0.8860
Epoch 35/50 - Val Metric: 0.8847
Epoch 36/50 - Train Loss: 0.4211 - Train Metric: 0.8873
Epoch 36/50 - Val Metric: 0.8876
Epoch 37/50 - Train Loss: 0.4198 - Train Metric: 0.8880
Epoch 37/50 - Val Metric: 0.8848
Epoch 38/50 - Train Loss: 0.4217 - Train Metric: 0.8870
Epoch 38/50 - Val Metric: 0.8910
Epoch 39/50 - Train Loss: 0.4193 - Train Metric: 0.8882
Epoch 39/50 - Val Metric: 0.8903
Epoch 40/50 - Train Loss: 0.4174 - Train Metric: 0.8895
Epoch 40/50 - Val Metric: 0.8912
Epoch 41/50 - Train Loss: 0.4138 - Train Metric: 0.8915
Epoch 41/50 - Val Metric: 0.8903
Epoch 42/50 - Train Loss: 0.4143 - Train Metric: 0.8910
Epoch 42/50 - Val Metric: 0.8937
Epoch 43/50 - Train Loss: 0.4124 - Train Metric: 0.8921
Epoch 43/50 - Val Metric: 0.8935
Epoch 44/50 - Train Loss: 0.4123 - Train Metric: 0.8922
Epoch 44/50 - Val Metric: 0.8916
Epoch 45/50 - Train Loss: 0.4092 - Train Metric: 0.8938
Epoch 45/50 - Val Metric: 0.8922
Epoch 46/50 - Train Loss: 0.4120 - Train Metric: 0.8925
Epoch 46/50 - Val Metric: 0.8985
Epoch 47/50 - Train Loss: 0.4047 - Train Metric: 0.8964
Epoch 47/50 - Val Metric: 0.8941
Epoch 48/50 - Train Loss: 0.4060 - Train Metric: 0.8956
Epoch 48/50 - Val Metric: 0.8941
Epoch 49/50 - Train Loss: 0.4027 - Train Metric: 0.8975
Epoch 49/50 - Val Metric: 0.8934
Epoch 50/50 - Train Loss: 0.4016 - Train Metric: 0.8982
Epoch 50/50 - Val Metric: 0.8972
Best val: 0.8985, Best test: 0.8997
Training set has 30779 instances
Validation set has 3847 instances
Test set has 3848 instances
Epoch 1/50 - Train Loss: 0.6269 - Train Metric: 0.6748
Epoch 1/50 - Val Metric: 0.8345
Epoch 2/50 - Train Loss: 0.5137 - Train Metric: 0.8223
Epoch 2/50 - Val Metric: 0.8494
Epoch 3/50 - Train Loss: 0.5001 - Train Metric: 0.8337
Epoch 3/50 - Val Metric: 0.8535
Epoch 4/50 - Train Loss: 0.4928 - Train Metric: 0.8387
Epoch 4/50 - Val Metric: 0.8570
Epoch 5/50 - Train Loss: 0.4871 - Train Metric: 0.8425
Epoch 5/50 - Val Metric: 0.8600
Epoch 6/50 - Train Loss: 0.4847 - Train Metric: 0.8439
Epoch 6/50 - Val Metric: 0.8600
Epoch 7/50 - Train Loss: 0.4804 - Train Metric: 0.8470
Epoch 7/50 - Val Metric: 0.8644
Epoch 8/50 - Train Loss: 0.4751 - Train Metric: 0.8507
Epoch 8/50 - Val Metric: 0.8677
Epoch 9/50 - Train Loss: 0.4726 - Train Metric: 0.8528
Epoch 9/50 - Val Metric: 0.8700
Epoch 10/50 - Train Loss: 0.4695 - Train Metric: 0.8553
Epoch 10/50 - Val Metric: 0.8682
Epoch 11/50 - Train Loss: 0.4680 - Train Metric: 0.8558
Epoch 11/50 - Val Metric: 0.8727
Epoch 12/50 - Train Loss: 0.4650 - Train Metric: 0.8584
Epoch 12/50 - Val Metric: 0.8742
Epoch 13/50 - Train Loss: 0.4613 - Train Metric: 0.8607
Epoch 13/50 - Val Metric: 0.8767
Epoch 14/50 - Train Loss: 0.4609 - Train Metric: 0.8611
Epoch 14/50 - Val Metric: 0.8764
Epoch 15/50 - Train Loss: 0.4577 - Train Metric: 0.8641
Epoch 15/50 - Val Metric: 0.8824
Epoch 16/50 - Train Loss: 0.4552 - Train Metric: 0.8649
Epoch 16/50 - Val Metric: 0.8811
Epoch 17/50 - Train Loss: 0.4529 - Train Metric: 0.8671
Epoch 17/50 - Val Metric: 0.8815
Epoch 18/50 - Train Loss: 0.4515 - Train Metric: 0.8679
Epoch 18/50 - Val Metric: 0.8857
Epoch 19/50 - Train Loss: 0.4495 - Train Metric: 0.8690
Epoch 19/50 - Val Metric: 0.8846
Epoch 20/50 - Train Loss: 0.4472 - Train Metric: 0.8708
Epoch 20/50 - Val Metric: 0.8858
Epoch 21/50 - Train Loss: 0.4443 - Train Metric: 0.8727
Epoch 21/50 - Val Metric: 0.8831
Epoch 22/50 - Train Loss: 0.4433 - Train Metric: 0.8737
Epoch 22/50 - Val Metric: 0.8886
Epoch 23/50 - Train Loss: 0.4408 - Train Metric: 0.8747
Epoch 23/50 - Val Metric: 0.8877
Epoch 24/50 - Train Loss: 0.4416 - Train Metric: 0.8743
Epoch 24/50 - Val Metric: 0.8902
Epoch 25/50 - Train Loss: 0.4391 - Train Metric: 0.8761
Epoch 25/50 - Val Metric: 0.8926
Epoch 26/50 - Train Loss: 0.4372 - Train Metric: 0.8770
Epoch 26/50 - Val Metric: 0.8914
Epoch 27/50 - Train Loss: 0.4343 - Train Metric: 0.8789
Epoch 27/50 - Val Metric: 0.8925
Epoch 28/50 - Train Loss: 0.4315 - Train Metric: 0.8805
Epoch 28/50 - Val Metric: 0.8948
Epoch 29/50 - Train Loss: 0.4297 - Train Metric: 0.8818
Epoch 29/50 - Val Metric: 0.8944
Epoch 30/50 - Train Loss: 0.4305 - Train Metric: 0.8811
Epoch 30/50 - Val Metric: 0.8966
Epoch 31/50 - Train Loss: 0.4285 - Train Metric: 0.8826
Epoch 31/50 - Val Metric: 0.8946
Epoch 32/50 - Train Loss: 0.4280 - Train Metric: 0.8828
Epoch 32/50 - Val Metric: 0.8964
Epoch 33/50 - Train Loss: 0.4236 - Train Metric: 0.8854
Epoch 33/50 - Val Metric: 0.8986
Epoch 34/50 - Train Loss: 0.4241 - Train Metric: 0.8849
Epoch 34/50 - Val Metric: 0.8991
Epoch 35/50 - Train Loss: 0.4215 - Train Metric: 0.8866
Epoch 35/50 - Val Metric: 0.9007
Epoch 36/50 - Train Loss: 0.4214 - Train Metric: 0.8866
Epoch 36/50 - Val Metric: 0.8986
Epoch 37/50 - Train Loss: 0.4175 - Train Metric: 0.8890
Epoch 37/50 - Val Metric: 0.9027
Epoch 38/50 - Train Loss: 0.4173 - Train Metric: 0.8895
Epoch 38/50 - Val Metric: 0.9036
Epoch 39/50 - Train Loss: 0.4141 - Train Metric: 0.8908
Epoch 39/50 - Val Metric: 0.9016
Epoch 40/50 - Train Loss: 0.4135 - Train Metric: 0.8912
Epoch 40/50 - Val Metric: 0.9002
Epoch 41/50 - Train Loss: 0.4153 - Train Metric: 0.8901
Epoch 41/50 - Val Metric: 0.9043
Epoch 42/50 - Train Loss: 0.4098 - Train Metric: 0.8935
Epoch 42/50 - Val Metric: 0.9064
Epoch 43/50 - Train Loss: 0.4089 - Train Metric: 0.8941
Epoch 43/50 - Val Metric: 0.9035
Epoch 44/50 - Train Loss: 0.4089 - Train Metric: 0.8940
Epoch 44/50 - Val Metric: 0.9038
Epoch 45/50 - Train Loss: 0.4052 - Train Metric: 0.8957
Epoch 45/50 - Val Metric: 0.9042
Epoch 46/50 - Train Loss: 0.4068 - Train Metric: 0.8949
Epoch 46/50 - Val Metric: 0.9054
Epoch 47/50 - Train Loss: 0.4047 - Train Metric: 0.8961
Epoch 47/50 - Val Metric: 0.9063
Epoch 48/50 - Train Loss: 0.4020 - Train Metric: 0.8975
Epoch 48/50 - Val Metric: 0.9078
Epoch 49/50 - Train Loss: 0.4040 - Train Metric: 0.8966
Epoch 49/50 - Val Metric: 0.9083
Epoch 50/50 - Train Loss: 0.4016 - Train Metric: 0.8980
Epoch 50/50 - Val Metric: 0.9103
Best val: 0.9103, Best test: 0.9115
Training set has 30779 instances
Validation set has 3847 instances
Test set has 3848 instances
Epoch 1/50 - Train Loss: 0.6402 - Train Metric: 0.6538
Epoch 1/50 - Val Metric: 0.8216
Epoch 2/50 - Train Loss: 0.5183 - Train Metric: 0.8169
Epoch 2/50 - Val Metric: 0.8320
Epoch 3/50 - Train Loss: 0.4999 - Train Metric: 0.8336
Epoch 3/50 - Val Metric: 0.8381
Epoch 4/50 - Train Loss: 0.4926 - Train Metric: 0.8389
Epoch 4/50 - Val Metric: 0.8406
Epoch 5/50 - Train Loss: 0.4886 - Train Metric: 0.8424
Epoch 5/50 - Val Metric: 0.8416
Epoch 6/50 - Train Loss: 0.4841 - Train Metric: 0.8453
Epoch 6/50 - Val Metric: 0.8444
Epoch 7/50 - Train Loss: 0.4814 - Train Metric: 0.8473
Epoch 7/50 - Val Metric: 0.8474
Epoch 8/50 - Train Loss: 0.4767 - Train Metric: 0.8502
Epoch 8/50 - Val Metric: 0.8476
Epoch 9/50 - Train Loss: 0.4751 - Train Metric: 0.8517
Epoch 9/50 - Val Metric: 0.8498
Epoch 10/50 - Train Loss: 0.4725 - Train Metric: 0.8536
Epoch 10/50 - Val Metric: 0.8471
Epoch 11/50 - Train Loss: 0.4724 - Train Metric: 0.8537
Epoch 11/50 - Val Metric: 0.8516
Epoch 12/50 - Train Loss: 0.4690 - Train Metric: 0.8564
Epoch 12/50 - Val Metric: 0.8535
Epoch 13/50 - Train Loss: 0.4658 - Train Metric: 0.8586
Epoch 13/50 - Val Metric: 0.8536
Epoch 14/50 - Train Loss: 0.4641 - Train Metric: 0.8598
Epoch 14/50 - Val Metric: 0.8568
Epoch 15/50 - Train Loss: 0.4628 - Train Metric: 0.8609
Epoch 15/50 - Val Metric: 0.8579
Epoch 16/50 - Train Loss: 0.4618 - Train Metric: 0.8613
Epoch 16/50 - Val Metric: 0.8599
Epoch 17/50 - Train Loss: 0.4596 - Train Metric: 0.8630
Epoch 17/50 - Val Metric: 0.8613
Epoch 18/50 - Train Loss: 0.4573 - Train Metric: 0.8648
Epoch 18/50 - Val Metric: 0.8632
Epoch 19/50 - Train Loss: 0.4577 - Train Metric: 0.8645
Epoch 19/50 - Val Metric: 0.8640
Epoch 20/50 - Train Loss: 0.4533 - Train Metric: 0.8672
Epoch 20/50 - Val Metric: 0.8655
Epoch 21/50 - Train Loss: 0.4523 - Train Metric: 0.8680
Epoch 21/50 - Val Metric: 0.8652
Epoch 22/50 - Train Loss: 0.4500 - Train Metric: 0.8693
Epoch 22/50 - Val Metric: 0.8666
Epoch 23/50 - Train Loss: 0.4489 - Train Metric: 0.8701
Epoch 23/50 - Val Metric: 0.8692
Epoch 24/50 - Train Loss: 0.4464 - Train Metric: 0.8719
Epoch 24/50 - Val Metric: 0.8692
Epoch 25/50 - Train Loss: 0.4425 - Train Metric: 0.8743
Epoch 25/50 - Val Metric: 0.8724
Epoch 26/50 - Train Loss: 0.4434 - Train Metric: 0.8734
Epoch 26/50 - Val Metric: 0.8745
Epoch 27/50 - Train Loss: 0.4413 - Train Metric: 0.8750
Epoch 27/50 - Val Metric: 0.8716
Epoch 28/50 - Train Loss: 0.4369 - Train Metric: 0.8778
Epoch 28/50 - Val Metric: 0.8764
Epoch 29/50 - Train Loss: 0.4372 - Train Metric: 0.8775
Epoch 29/50 - Val Metric: 0.8772
Epoch 30/50 - Train Loss: 0.4337 - Train Metric: 0.8797
Epoch 30/50 - Val Metric: 0.8815
Epoch 31/50 - Train Loss: 0.4307 - Train Metric: 0.8815
Epoch 31/50 - Val Metric: 0.8774
Epoch 32/50 - Train Loss: 0.4285 - Train Metric: 0.8827
Epoch 32/50 - Val Metric: 0.8818
Epoch 33/50 - Train Loss: 0.4275 - Train Metric: 0.8833
Epoch 33/50 - Val Metric: 0.8851
Epoch 34/50 - Train Loss: 0.4237 - Train Metric: 0.8854
Epoch 34/50 - Val Metric: 0.8872
Epoch 35/50 - Train Loss: 0.4216 - Train Metric: 0.8865
Epoch 35/50 - Val Metric: 0.8880
Epoch 36/50 - Train Loss: 0.4177 - Train Metric: 0.8891
Epoch 36/50 - Val Metric: 0.8889
Epoch 37/50 - Train Loss: 0.4209 - Train Metric: 0.8874
Epoch 37/50 - Val Metric: 0.8869
Epoch 38/50 - Train Loss: 0.4175 - Train Metric: 0.8892
Epoch 38/50 - Val Metric: 0.8877
Epoch 39/50 - Train Loss: 0.4158 - Train Metric: 0.8901
Epoch 39/50 - Val Metric: 0.8890
Epoch 40/50 - Train Loss: 0.4142 - Train Metric: 0.8910
Epoch 40/50 - Val Metric: 0.8906
Epoch 41/50 - Train Loss: 0.4115 - Train Metric: 0.8925
Epoch 41/50 - Val Metric: 0.8895
Epoch 42/50 - Train Loss: 0.4100 - Train Metric: 0.8931
Epoch 42/50 - Val Metric: 0.8917
Epoch 43/50 - Train Loss: 0.4103 - Train Metric: 0.8933
Epoch 43/50 - Val Metric: 0.8931
Epoch 44/50 - Train Loss: 0.4095 - Train Metric: 0.8937
Epoch 44/50 - Val Metric: 0.8920
Epoch 45/50 - Train Loss: 0.4070 - Train Metric: 0.8949
Epoch 45/50 - Val Metric: 0.8948
Epoch 46/50 - Train Loss: 0.4079 - Train Metric: 0.8944
Epoch 46/50 - Val Metric: 0.8892
Epoch 47/50 - Train Loss: 0.4056 - Train Metric: 0.8960
Epoch 47/50 - Val Metric: 0.8938
Epoch 48/50 - Train Loss: 0.4046 - Train Metric: 0.8964
Epoch 48/50 - Val Metric: 0.8954
Epoch 49/50 - Train Loss: 0.4018 - Train Metric: 0.8979
Epoch 49/50 - Val Metric: 0.8975
Epoch 50/50 - Train Loss: 0.4024 - Train Metric: 0.8977
Epoch 50/50 - Val Metric: 0.8975
Best val: 0.8975, Best test: 0.9004
Training set has 30779 instances
Validation set has 3847 instances
Test set has 3848 instances
Epoch 1/50 - Train Loss: 0.5990 - Train Metric: 0.7255
Epoch 1/50 - Val Metric: 0.8337
Epoch 2/50 - Train Loss: 0.5169 - Train Metric: 0.8178
Epoch 2/50 - Val Metric: 0.8374
Epoch 3/50 - Train Loss: 0.5039 - Train Metric: 0.8286
Epoch 3/50 - Val Metric: 0.8472
Epoch 4/50 - Train Loss: 0.4940 - Train Metric: 0.8373
Epoch 4/50 - Val Metric: 0.8537
Epoch 5/50 - Train Loss: 0.4867 - Train Metric: 0.8428
Epoch 5/50 - Val Metric: 0.8553
Epoch 6/50 - Train Loss: 0.4814 - Train Metric: 0.8468
Epoch 6/50 - Val Metric: 0.8571
Epoch 7/50 - Train Loss: 0.4785 - Train Metric: 0.8493
Epoch 7/50 - Val Metric: 0.8605
Epoch 8/50 - Train Loss: 0.4733 - Train Metric: 0.8533
Epoch 8/50 - Val Metric: 0.8612
Epoch 9/50 - Train Loss: 0.4684 - Train Metric: 0.8566
Epoch 9/50 - Val Metric: 0.8630
Epoch 10/50 - Train Loss: 0.4646 - Train Metric: 0.8593
Epoch 10/50 - Val Metric: 0.8630
Epoch 11/50 - Train Loss: 0.4608 - Train Metric: 0.8625
Epoch 11/50 - Val Metric: 0.8669
Epoch 12/50 - Train Loss: 0.4601 - Train Metric: 0.8628
Epoch 12/50 - Val Metric: 0.8647
Epoch 13/50 - Train Loss: 0.4548 - Train Metric: 0.8662
Epoch 13/50 - Val Metric: 0.8654
Epoch 14/50 - Train Loss: 0.4524 - Train Metric: 0.8677
Epoch 14/50 - Val Metric: 0.8693
Epoch 15/50 - Train Loss: 0.4486 - Train Metric: 0.8706
Epoch 15/50 - Val Metric: 0.8716
Epoch 16/50 - Train Loss: 0.4470 - Train Metric: 0.8711
Epoch 16/50 - Val Metric: 0.8717
Epoch 17/50 - Train Loss: 0.4441 - Train Metric: 0.8734
Epoch 17/50 - Val Metric: 0.8706
Epoch 18/50 - Train Loss: 0.4422 - Train Metric: 0.8746
Epoch 18/50 - Val Metric: 0.8746
Epoch 19/50 - Train Loss: 0.4390 - Train Metric: 0.8766
Epoch 19/50 - Val Metric: 0.8723
Epoch 20/50 - Train Loss: 0.4380 - Train Metric: 0.8773
Epoch 20/50 - Val Metric: 0.8751
Epoch 21/50 - Train Loss: 0.4339 - Train Metric: 0.8796
Epoch 21/50 - Val Metric: 0.8773
Epoch 22/50 - Train Loss: 0.4357 - Train Metric: 0.8783
Epoch 22/50 - Val Metric: 0.8769
Epoch 23/50 - Train Loss: 0.4331 - Train Metric: 0.8802
Epoch 23/50 - Val Metric: 0.8778
Epoch 24/50 - Train Loss: 0.4311 - Train Metric: 0.8816
Epoch 24/50 - Val Metric: 0.8800
Epoch 25/50 - Train Loss: 0.4283 - Train Metric: 0.8830
Epoch 25/50 - Val Metric: 0.8806
Epoch 26/50 - Train Loss: 0.4281 - Train Metric: 0.8831
Epoch 26/50 - Val Metric: 0.8829
Epoch 27/50 - Train Loss: 0.4244 - Train Metric: 0.8850
Epoch 27/50 - Val Metric: 0.8809
Epoch 28/50 - Train Loss: 0.4226 - Train Metric: 0.8861
Epoch 28/50 - Val Metric: 0.8792
Epoch 29/50 - Train Loss: 0.4213 - Train Metric: 0.8869
Epoch 29/50 - Val Metric: 0.8822
Epoch 30/50 - Train Loss: 0.4197 - Train Metric: 0.8878
Epoch 30/50 - Val Metric: 0.8823
Epoch 31/50 - Train Loss: 0.4172 - Train Metric: 0.8893
Epoch 31/50 - Val Metric: 0.8807
Epoch 32/50 - Train Loss: 0.4157 - Train Metric: 0.8900
Epoch 32/50 - Val Metric: 0.8852
Epoch 33/50 - Train Loss: 0.4168 - Train Metric: 0.8894
Epoch 33/50 - Val Metric: 0.8811
Epoch 34/50 - Train Loss: 0.4141 - Train Metric: 0.8910
Epoch 34/50 - Val Metric: 0.8876
Epoch 35/50 - Train Loss: 0.4117 - Train Metric: 0.8923
Epoch 35/50 - Val Metric: 0.8886
Epoch 36/50 - Train Loss: 0.4111 - Train Metric: 0.8926
Epoch 36/50 - Val Metric: 0.8871
Epoch 37/50 - Train Loss: 0.4091 - Train Metric: 0.8938
Epoch 37/50 - Val Metric: 0.8883
Epoch 38/50 - Train Loss: 0.4103 - Train Metric: 0.8932
Epoch 38/50 - Val Metric: 0.8893
Epoch 39/50 - Train Loss: 0.4079 - Train Metric: 0.8945
Epoch 39/50 - Val Metric: 0.8885
Epoch 40/50 - Train Loss: 0.4068 - Train Metric: 0.8948
Epoch 40/50 - Val Metric: 0.8891
Epoch 41/50 - Train Loss: 0.4053 - Train Metric: 0.8960
Epoch 41/50 - Val Metric: 0.8910
Epoch 42/50 - Train Loss: 0.4039 - Train Metric: 0.8965
Epoch 42/50 - Val Metric: 0.8923
Epoch 43/50 - Train Loss: 0.4031 - Train Metric: 0.8968
Epoch 43/50 - Val Metric: 0.8904
Epoch 44/50 - Train Loss: 0.4022 - Train Metric: 0.8977
Epoch 44/50 - Val Metric: 0.8950
Epoch 45/50 - Train Loss: 0.4009 - Train Metric: 0.8982
Epoch 45/50 - Val Metric: 0.8920
Epoch 46/50 - Train Loss: 0.3995 - Train Metric: 0.8991
Epoch 46/50 - Val Metric: 0.8942
Epoch 47/50 - Train Loss: 0.3991 - Train Metric: 0.8992
Epoch 47/50 - Val Metric: 0.8932
Epoch 48/50 - Train Loss: 0.3971 - Train Metric: 0.9005
Epoch 48/50 - Val Metric: 0.8920
Epoch 49/50 - Train Loss: 0.3959 - Train Metric: 0.9008
Epoch 49/50 - Val Metric: 0.8922
Epoch 50/50 - Train Loss: 0.3947 - Train Metric: 0.9015
Epoch 50/50 - Val Metric: 0.8931
Best val: 0.8950, Best test: 0.8892
[0.89749998 0.89970738 0.91149986 0.90041459 0.8891741 ]
