Hyper-parameter search via Optuna
Namespace(task_type='binary_classification', scale='small', idx=8, epochs=50, num_trials=20, num_repeats=5, seed=0, exp_name='MemPerceiver_Ens_Attn', result_path='output/binary_classification/small/8/MemPerceiver_Ens_Attn.pt')
Device: cuda
Start building binary_classification dataset_small_8
Training set has 30779 instances
Validation set has 3847 instances
Test set has 3848 instances
Epoch 1/50 - Train Loss: 0.7013 - Train Metric: 0.5000
Epoch 1/50 - Val Metric: 0.6212
Epoch 2/50 - Train Loss: 0.5930 - Train Metric: 0.7366
Epoch 2/50 - Val Metric: 0.8257
Epoch 3/50 - Train Loss: 0.5138 - Train Metric: 0.8178
Epoch 3/50 - Val Metric: 0.8348
Epoch 4/50 - Train Loss: 0.5035 - Train Metric: 0.8283
Epoch 4/50 - Val Metric: 0.8403
Epoch 5/50 - Train Loss: 0.4989 - Train Metric: 0.8327
Epoch 5/50 - Val Metric: 0.8430
Epoch 6/50 - Train Loss: 0.4904 - Train Metric: 0.8393
Epoch 6/50 - Val Metric: 0.8470
Epoch 7/50 - Train Loss: 0.4837 - Train Metric: 0.8445
Epoch 7/50 - Val Metric: 0.8514
Epoch 8/50 - Train Loss: 0.4792 - Train Metric: 0.8482
Epoch 8/50 - Val Metric: 0.8535
Epoch 9/50 - Train Loss: 0.4780 - Train Metric: 0.8487
Epoch 9/50 - Val Metric: 0.8553
Epoch 10/50 - Train Loss: 0.4713 - Train Metric: 0.8541
Epoch 10/50 - Val Metric: 0.8537
Epoch 11/50 - Train Loss: 0.4714 - Train Metric: 0.8541
Epoch 11/50 - Val Metric: 0.8573
Epoch 12/50 - Train Loss: 0.4667 - Train Metric: 0.8571
Epoch 12/50 - Val Metric: 0.8634
Epoch 13/50 - Train Loss: 0.4634 - Train Metric: 0.8591
Epoch 13/50 - Val Metric: 0.8630
Epoch 14/50 - Train Loss: 0.4600 - Train Metric: 0.8619
Epoch 14/50 - Val Metric: 0.8592
Epoch 15/50 - Train Loss: 0.4572 - Train Metric: 0.8636
Epoch 15/50 - Val Metric: 0.8651
Epoch 16/50 - Train Loss: 0.4532 - Train Metric: 0.8664
Epoch 16/50 - Val Metric: 0.8690
Epoch 17/50 - Train Loss: 0.4519 - Train Metric: 0.8674
Epoch 17/50 - Val Metric: 0.8699
Epoch 18/50 - Train Loss: 0.4472 - Train Metric: 0.8705
Epoch 18/50 - Val Metric: 0.8700
Epoch 19/50 - Train Loss: 0.4446 - Train Metric: 0.8723
Epoch 19/50 - Val Metric: 0.8717
Epoch 20/50 - Train Loss: 0.4439 - Train Metric: 0.8728
Epoch 20/50 - Val Metric: 0.8764
Epoch 21/50 - Train Loss: 0.4415 - Train Metric: 0.8743
Epoch 21/50 - Val Metric: 0.8748
Epoch 22/50 - Train Loss: 0.4381 - Train Metric: 0.8764
Epoch 22/50 - Val Metric: 0.8788
Epoch 23/50 - Train Loss: 0.4373 - Train Metric: 0.8768
Epoch 23/50 - Val Metric: 0.8782
Epoch 24/50 - Train Loss: 0.4357 - Train Metric: 0.8778
Epoch 24/50 - Val Metric: 0.8763
Epoch 25/50 - Train Loss: 0.4345 - Train Metric: 0.8785
Epoch 25/50 - Val Metric: 0.8810
Epoch 26/50 - Train Loss: 0.4322 - Train Metric: 0.8800
Epoch 26/50 - Val Metric: 0.8808
Epoch 27/50 - Train Loss: 0.4299 - Train Metric: 0.8813
Epoch 27/50 - Val Metric: 0.8728
Epoch 28/50 - Train Loss: 0.4301 - Train Metric: 0.8815
Epoch 28/50 - Val Metric: 0.8749
Epoch 29/50 - Train Loss: 0.4280 - Train Metric: 0.8828
Epoch 29/50 - Val Metric: 0.8784
Epoch 30/50 - Train Loss: 0.4272 - Train Metric: 0.8832
Epoch 30/50 - Val Metric: 0.8799
Epoch 31/50 - Train Loss: 0.4268 - Train Metric: 0.8832
Epoch 31/50 - Val Metric: 0.8758
Epoch 32/50 - Train Loss: 0.4263 - Train Metric: 0.8835
Epoch 32/50 - Val Metric: 0.8778
Epoch 33/50 - Train Loss: 0.4243 - Train Metric: 0.8847
Epoch 33/50 - Val Metric: 0.8773
Epoch 34/50 - Train Loss: 0.4233 - Train Metric: 0.8855
Epoch 34/50 - Val Metric: 0.8803
Epoch 35/50 - Train Loss: 0.4237 - Train Metric: 0.8851
Epoch 35/50 - Val Metric: 0.8781
Epoch 36/50 - Train Loss: 0.4215 - Train Metric: 0.8865
Epoch 36/50 - Val Metric: 0.8787
Epoch 37/50 - Train Loss: 0.4232 - Train Metric: 0.8854
Epoch 37/50 - Val Metric: 0.8779
Epoch 38/50 - Train Loss: 0.4213 - Train Metric: 0.8865
Epoch 38/50 - Val Metric: 0.8795
Epoch 39/50 - Train Loss: 0.4218 - Train Metric: 0.8862
Epoch 39/50 - Val Metric: 0.8767
Epoch 40/50 - Train Loss: 0.4221 - Train Metric: 0.8860
Epoch 40/50 - Val Metric: 0.8807
Epoch 41/50 - Train Loss: 0.4201 - Train Metric: 0.8873
Epoch 41/50 - Val Metric: 0.8755
Epoch 42/50 - Train Loss: 0.4204 - Train Metric: 0.8873
Epoch 42/50 - Val Metric: 0.8786
Epoch 43/50 - Train Loss: 0.4194 - Train Metric: 0.8875
Epoch 43/50 - Val Metric: 0.8776
Epoch 44/50 - Train Loss: 0.4188 - Train Metric: 0.8880
Epoch 44/50 - Val Metric: 0.8783
Epoch 45/50 - Train Loss: 0.4202 - Train Metric: 0.8870
Epoch 45/50 - Val Metric: 0.8790
Epoch 46/50 - Train Loss: 0.4190 - Train Metric: 0.8879
Epoch 46/50 - Val Metric: 0.8784
Epoch 47/50 - Train Loss: 0.4214 - Train Metric: 0.8865
Epoch 47/50 - Val Metric: 0.8787
Epoch 48/50 - Train Loss: 0.4184 - Train Metric: 0.8882
Epoch 48/50 - Val Metric: 0.8782
Epoch 49/50 - Train Loss: 0.4179 - Train Metric: 0.8885
Epoch 49/50 - Val Metric: 0.8780
Epoch 50/50 - Train Loss: 0.4185 - Train Metric: 0.8881
Epoch 50/50 - Val Metric: 0.8780
Best val: 0.8810, Best test: 0.8736
Training set has 30779 instances
Validation set has 3847 instances
Test set has 3848 instances
Epoch 1/50 - Train Loss: 0.6966 - Train Metric: 0.5120
Epoch 1/50 - Val Metric: 0.5941
Epoch 2/50 - Train Loss: 0.6432 - Train Metric: 0.6713
Epoch 2/50 - Val Metric: 0.7929
Epoch 3/50 - Train Loss: 0.5441 - Train Metric: 0.7944
Epoch 3/50 - Val Metric: 0.8248
Epoch 4/50 - Train Loss: 0.5259 - Train Metric: 0.8109
Epoch 4/50 - Val Metric: 0.8302
Epoch 5/50 - Train Loss: 0.5191 - Train Metric: 0.8166
Epoch 5/50 - Val Metric: 0.8341
Epoch 6/50 - Train Loss: 0.5151 - Train Metric: 0.8195
Epoch 6/50 - Val Metric: 0.8371
Epoch 7/50 - Train Loss: 0.5108 - Train Metric: 0.8238
Epoch 7/50 - Val Metric: 0.8357
Epoch 8/50 - Train Loss: 0.5079 - Train Metric: 0.8259
Epoch 8/50 - Val Metric: 0.8385
Epoch 9/50 - Train Loss: 0.5079 - Train Metric: 0.8260
Epoch 9/50 - Val Metric: 0.8370
Epoch 10/50 - Train Loss: 0.5039 - Train Metric: 0.8287
Epoch 10/50 - Val Metric: 0.8391
Epoch 11/50 - Train Loss: 0.5027 - Train Metric: 0.8295
Epoch 11/50 - Val Metric: 0.8402
Epoch 12/50 - Train Loss: 0.5017 - Train Metric: 0.8302
Epoch 12/50 - Val Metric: 0.8400
Epoch 13/50 - Train Loss: 0.5001 - Train Metric: 0.8318
Epoch 13/50 - Val Metric: 0.8403
Epoch 14/50 - Train Loss: 0.4986 - Train Metric: 0.8326
Epoch 14/50 - Val Metric: 0.8393
Epoch 15/50 - Train Loss: 0.4982 - Train Metric: 0.8329
Epoch 15/50 - Val Metric: 0.8396
Epoch 16/50 - Train Loss: 0.4965 - Train Metric: 0.8337
Epoch 16/50 - Val Metric: 0.8397
Epoch 17/50 - Train Loss: 0.4952 - Train Metric: 0.8345
Epoch 17/50 - Val Metric: 0.8407
Epoch 18/50 - Train Loss: 0.4946 - Train Metric: 0.8355
Epoch 18/50 - Val Metric: 0.8410
Epoch 19/50 - Train Loss: 0.4960 - Train Metric: 0.8343
Epoch 19/50 - Val Metric: 0.8411
Epoch 20/50 - Train Loss: 0.4917 - Train Metric: 0.8370
Epoch 20/50 - Val Metric: 0.8407
Epoch 21/50 - Train Loss: 0.4910 - Train Metric: 0.8379
Epoch 21/50 - Val Metric: 0.8434
Epoch 22/50 - Train Loss: 0.4891 - Train Metric: 0.8395
Epoch 22/50 - Val Metric: 0.8441
Epoch 23/50 - Train Loss: 0.4876 - Train Metric: 0.8406
Epoch 23/50 - Val Metric: 0.8464
Epoch 24/50 - Train Loss: 0.4856 - Train Metric: 0.8421
Epoch 24/50 - Val Metric: 0.8444
Epoch 25/50 - Train Loss: 0.4837 - Train Metric: 0.8440
Epoch 25/50 - Val Metric: 0.8480
Epoch 26/50 - Train Loss: 0.4822 - Train Metric: 0.8446
Epoch 26/50 - Val Metric: 0.8482
Epoch 27/50 - Train Loss: 0.4821 - Train Metric: 0.8451
Epoch 27/50 - Val Metric: 0.8494
Epoch 28/50 - Train Loss: 0.4794 - Train Metric: 0.8472
Epoch 28/50 - Val Metric: 0.8490
Epoch 29/50 - Train Loss: 0.4786 - Train Metric: 0.8473
Epoch 29/50 - Val Metric: 0.8497
Epoch 30/50 - Train Loss: 0.4789 - Train Metric: 0.8470
Epoch 30/50 - Val Metric: 0.8501
Epoch 31/50 - Train Loss: 0.4785 - Train Metric: 0.8477
Epoch 31/50 - Val Metric: 0.8495
Epoch 32/50 - Train Loss: 0.4773 - Train Metric: 0.8483
Epoch 32/50 - Val Metric: 0.8516
Epoch 33/50 - Train Loss: 0.4771 - Train Metric: 0.8486
Epoch 33/50 - Val Metric: 0.8512
Epoch 34/50 - Train Loss: 0.4767 - Train Metric: 0.8485
Epoch 34/50 - Val Metric: 0.8517
Epoch 35/50 - Train Loss: 0.4756 - Train Metric: 0.8496
Epoch 35/50 - Val Metric: 0.8511
Epoch 36/50 - Train Loss: 0.4764 - Train Metric: 0.8490
Epoch 36/50 - Val Metric: 0.8462
Epoch 37/50 - Train Loss: 0.4758 - Train Metric: 0.8493
Epoch 37/50 - Val Metric: 0.8518
Epoch 38/50 - Train Loss: 0.4757 - Train Metric: 0.8494
Epoch 38/50 - Val Metric: 0.8529
Epoch 39/50 - Train Loss: 0.4756 - Train Metric: 0.8492
Epoch 39/50 - Val Metric: 0.8503
Epoch 40/50 - Train Loss: 0.4733 - Train Metric: 0.8511
Epoch 40/50 - Val Metric: 0.8527
Epoch 41/50 - Train Loss: 0.4743 - Train Metric: 0.8504
Epoch 41/50 - Val Metric: 0.8506
Epoch 42/50 - Train Loss: 0.4744 - Train Metric: 0.8503
Epoch 42/50 - Val Metric: 0.8512
Epoch 43/50 - Train Loss: 0.4737 - Train Metric: 0.8508
Epoch 43/50 - Val Metric: 0.8527
Epoch 44/50 - Train Loss: 0.4739 - Train Metric: 0.8506
Epoch 44/50 - Val Metric: 0.8536
Epoch 45/50 - Train Loss: 0.4732 - Train Metric: 0.8511
Epoch 45/50 - Val Metric: 0.8531
Epoch 46/50 - Train Loss: 0.4730 - Train Metric: 0.8510
Epoch 46/50 - Val Metric: 0.8508
Epoch 47/50 - Train Loss: 0.4718 - Train Metric: 0.8520
Epoch 47/50 - Val Metric: 0.8532
Epoch 48/50 - Train Loss: 0.4726 - Train Metric: 0.8515
Epoch 48/50 - Val Metric: 0.8541
Epoch 49/50 - Train Loss: 0.4734 - Train Metric: 0.8512
Epoch 49/50 - Val Metric: 0.8533
Epoch 50/50 - Train Loss: 0.4717 - Train Metric: 0.8520
Epoch 50/50 - Val Metric: 0.8528
Best val: 0.8541, Best test: 0.8629
Training set has 30779 instances
Validation set has 3847 instances
Test set has 3848 instances
Epoch 1/50 - Train Loss: 0.6036 - Train Metric: 0.7213
Epoch 1/50 - Val Metric: 0.8203
Epoch 2/50 - Train Loss: 0.5142 - Train Metric: 0.8186
Epoch 2/50 - Val Metric: 0.8290
Epoch 3/50 - Train Loss: 0.5038 - Train Metric: 0.8303
Epoch 3/50 - Val Metric: 0.8394
Epoch 4/50 - Train Loss: 0.4964 - Train Metric: 0.8347
Epoch 4/50 - Val Metric: 0.8340
Epoch 5/50 - Train Loss: 0.4891 - Train Metric: 0.8413
Epoch 5/50 - Val Metric: 0.8375
Epoch 6/50 - Train Loss: 0.4878 - Train Metric: 0.8415
Epoch 6/50 - Val Metric: 0.8418
Epoch 7/50 - Train Loss: 0.4858 - Train Metric: 0.8427
Epoch 7/50 - Val Metric: 0.8388
Epoch 8/50 - Train Loss: 0.4823 - Train Metric: 0.8459
Epoch 8/50 - Val Metric: 0.8427
Epoch 9/50 - Train Loss: 0.4804 - Train Metric: 0.8475
Epoch 9/50 - Val Metric: 0.8417
Epoch 10/50 - Train Loss: 0.4755 - Train Metric: 0.8507
Epoch 10/50 - Val Metric: 0.8521
Epoch 11/50 - Train Loss: 0.4751 - Train Metric: 0.8505
Epoch 11/50 - Val Metric: 0.8534
Epoch 12/50 - Train Loss: 0.4689 - Train Metric: 0.8554
Epoch 12/50 - Val Metric: 0.8557
Epoch 13/50 - Train Loss: 0.4658 - Train Metric: 0.8576
Epoch 13/50 - Val Metric: 0.8627
Epoch 14/50 - Train Loss: 0.4620 - Train Metric: 0.8602
Epoch 14/50 - Val Metric: 0.8596
Epoch 15/50 - Train Loss: 0.4608 - Train Metric: 0.8614
Epoch 15/50 - Val Metric: 0.8596
Epoch 16/50 - Train Loss: 0.4593 - Train Metric: 0.8623
Epoch 16/50 - Val Metric: 0.8650
Epoch 17/50 - Train Loss: 0.4674 - Train Metric: 0.8567
Epoch 17/50 - Val Metric: 0.8517
Epoch 18/50 - Train Loss: 0.4621 - Train Metric: 0.8606
Epoch 18/50 - Val Metric: 0.8645
Epoch 19/50 - Train Loss: 0.4517 - Train Metric: 0.8683
Epoch 19/50 - Val Metric: 0.8678
Epoch 20/50 - Train Loss: 0.4498 - Train Metric: 0.8693
Epoch 20/50 - Val Metric: 0.8678
Epoch 21/50 - Train Loss: 0.4460 - Train Metric: 0.8715
Epoch 21/50 - Val Metric: 0.8735
Epoch 22/50 - Train Loss: 0.4476 - Train Metric: 0.8704
Epoch 22/50 - Val Metric: 0.8675
Epoch 23/50 - Train Loss: 0.4445 - Train Metric: 0.8726
Epoch 23/50 - Val Metric: 0.8675
Epoch 24/50 - Train Loss: 0.4447 - Train Metric: 0.8727
Epoch 24/50 - Val Metric: 0.8662
Epoch 25/50 - Train Loss: 0.4451 - Train Metric: 0.8723
Epoch 25/50 - Val Metric: 0.8585
Epoch 26/50 - Train Loss: 0.4432 - Train Metric: 0.8731
Epoch 26/50 - Val Metric: 0.8678
Epoch 27/50 - Train Loss: 0.4394 - Train Metric: 0.8759
Epoch 27/50 - Val Metric: 0.8752
Epoch 28/50 - Train Loss: 0.4372 - Train Metric: 0.8774
Epoch 28/50 - Val Metric: 0.8722
Epoch 29/50 - Train Loss: 0.4411 - Train Metric: 0.8751
Epoch 29/50 - Val Metric: 0.8731
Epoch 30/50 - Train Loss: 0.4334 - Train Metric: 0.8796
Epoch 30/50 - Val Metric: 0.8794
Epoch 31/50 - Train Loss: 0.4342 - Train Metric: 0.8792
Epoch 31/50 - Val Metric: 0.8770
Epoch 32/50 - Train Loss: 0.4309 - Train Metric: 0.8812
Epoch 32/50 - Val Metric: 0.8762
Epoch 33/50 - Train Loss: 0.4257 - Train Metric: 0.8843
Epoch 33/50 - Val Metric: 0.8741
Epoch 34/50 - Train Loss: 0.4271 - Train Metric: 0.8836
Epoch 34/50 - Val Metric: 0.8748
Epoch 35/50 - Train Loss: 0.4298 - Train Metric: 0.8819
Epoch 35/50 - Val Metric: 0.8727
Epoch 36/50 - Train Loss: 0.4289 - Train Metric: 0.8825
Epoch 36/50 - Val Metric: 0.8770
Epoch 37/50 - Train Loss: 0.4256 - Train Metric: 0.8842
Epoch 37/50 - Val Metric: 0.8725
Epoch 38/50 - Train Loss: 0.4248 - Train Metric: 0.8849
Epoch 38/50 - Val Metric: 0.8727
Epoch 39/50 - Train Loss: 0.4233 - Train Metric: 0.8857
Epoch 39/50 - Val Metric: 0.8832
Epoch 40/50 - Train Loss: 0.4211 - Train Metric: 0.8871
Epoch 40/50 - Val Metric: 0.8766
Epoch 41/50 - Train Loss: 0.4220 - Train Metric: 0.8863
Epoch 41/50 - Val Metric: 0.8804
Epoch 42/50 - Train Loss: 0.4190 - Train Metric: 0.8882
Epoch 42/50 - Val Metric: 0.8798
Epoch 43/50 - Train Loss: 0.4191 - Train Metric: 0.8879
Epoch 43/50 - Val Metric: 0.8744
Epoch 44/50 - Train Loss: 0.4176 - Train Metric: 0.8890
Epoch 44/50 - Val Metric: 0.8677
Epoch 45/50 - Train Loss: 0.4285 - Train Metric: 0.8828
Epoch 45/50 - Val Metric: 0.8717
Epoch 46/50 - Train Loss: 0.4366 - Train Metric: 0.8776
Epoch 46/50 - Val Metric: 0.8614
Epoch 47/50 - Train Loss: 0.4306 - Train Metric: 0.8815
Epoch 47/50 - Val Metric: 0.8679
Epoch 48/50 - Train Loss: 0.4250 - Train Metric: 0.8852
Epoch 48/50 - Val Metric: 0.8809
Epoch 49/50 - Train Loss: 0.4156 - Train Metric: 0.8901
Epoch 49/50 - Val Metric: 0.8811
Epoch 50/50 - Train Loss: 0.4124 - Train Metric: 0.8919
Epoch 50/50 - Val Metric: 0.8776
Best val: 0.8832, Best test: 0.8880
Training set has 30779 instances
Validation set has 3847 instances
Test set has 3848 instances
Epoch 1/50 - Train Loss: 0.6994 - Train Metric: 0.5015
Epoch 1/50 - Val Metric: 0.6138
Epoch 2/50 - Train Loss: 0.6949 - Train Metric: 0.5077
Epoch 2/50 - Val Metric: 0.7587
Epoch 3/50 - Train Loss: 0.5596 - Train Metric: 0.7751
Epoch 3/50 - Val Metric: 0.8130
Epoch 4/50 - Train Loss: 0.5194 - Train Metric: 0.8136
Epoch 4/50 - Val Metric: 0.8195
Epoch 5/50 - Train Loss: 0.5116 - Train Metric: 0.8209
Epoch 5/50 - Val Metric: 0.8264
Epoch 6/50 - Train Loss: 0.5331 - Train Metric: 0.8034
Epoch 6/50 - Val Metric: 0.7961
Epoch 7/50 - Train Loss: 0.5267 - Train Metric: 0.8062
Epoch 7/50 - Val Metric: 0.8119
Epoch 8/50 - Train Loss: 0.5150 - Train Metric: 0.8183
Epoch 8/50 - Val Metric: 0.8164
Epoch 9/50 - Train Loss: 0.5124 - Train Metric: 0.8205
Epoch 9/50 - Val Metric: 0.8195
Epoch 10/50 - Train Loss: 0.5080 - Train Metric: 0.8245
Epoch 10/50 - Val Metric: 0.8200
Epoch 11/50 - Train Loss: 0.5050 - Train Metric: 0.8264
Epoch 11/50 - Val Metric: 0.8244
Epoch 12/50 - Train Loss: 0.5043 - Train Metric: 0.8280
Epoch 12/50 - Val Metric: 0.8267
Epoch 13/50 - Train Loss: 0.5003 - Train Metric: 0.8310
Epoch 13/50 - Val Metric: 0.8260
Epoch 14/50 - Train Loss: 0.4984 - Train Metric: 0.8324
Epoch 14/50 - Val Metric: 0.8253
Epoch 15/50 - Train Loss: 0.4981 - Train Metric: 0.8329
Epoch 15/50 - Val Metric: 0.8289
Epoch 16/50 - Train Loss: 0.4969 - Train Metric: 0.8330
Epoch 16/50 - Val Metric: 0.8273
Epoch 17/50 - Train Loss: 0.4960 - Train Metric: 0.8343
Epoch 17/50 - Val Metric: 0.8291
Epoch 18/50 - Train Loss: 0.4945 - Train Metric: 0.8364
Epoch 18/50 - Val Metric: 0.8322
Epoch 19/50 - Train Loss: 0.4941 - Train Metric: 0.8362
Epoch 19/50 - Val Metric: 0.8352
Epoch 20/50 - Train Loss: 0.4913 - Train Metric: 0.8384
Epoch 20/50 - Val Metric: 0.8354
Epoch 21/50 - Train Loss: 0.4918 - Train Metric: 0.8381
Epoch 21/50 - Val Metric: 0.8381
Epoch 22/50 - Train Loss: 0.4894 - Train Metric: 0.8403
Epoch 22/50 - Val Metric: 0.8395
Epoch 23/50 - Train Loss: 0.4889 - Train Metric: 0.8409
Epoch 23/50 - Val Metric: 0.8385
Epoch 24/50 - Train Loss: 0.4871 - Train Metric: 0.8423
Epoch 24/50 - Val Metric: 0.8386
Epoch 25/50 - Train Loss: 0.4845 - Train Metric: 0.8441
Epoch 25/50 - Val Metric: 0.8393
Epoch 26/50 - Train Loss: 0.4837 - Train Metric: 0.8448
Epoch 26/50 - Val Metric: 0.8412
Epoch 27/50 - Train Loss: 0.4848 - Train Metric: 0.8439
Epoch 27/50 - Val Metric: 0.8439
Epoch 28/50 - Train Loss: 0.4829 - Train Metric: 0.8456
Epoch 28/50 - Val Metric: 0.8422
Epoch 29/50 - Train Loss: 0.4806 - Train Metric: 0.8472
Epoch 29/50 - Val Metric: 0.8447
Epoch 30/50 - Train Loss: 0.4810 - Train Metric: 0.8470
Epoch 30/50 - Val Metric: 0.8463
Epoch 31/50 - Train Loss: 0.4782 - Train Metric: 0.8489
Epoch 31/50 - Val Metric: 0.8466
Epoch 32/50 - Train Loss: 0.4774 - Train Metric: 0.8495
Epoch 32/50 - Val Metric: 0.8486
Epoch 33/50 - Train Loss: 0.4761 - Train Metric: 0.8508
Epoch 33/50 - Val Metric: 0.8489
Epoch 34/50 - Train Loss: 0.4741 - Train Metric: 0.8520
Epoch 34/50 - Val Metric: 0.8517
Epoch 35/50 - Train Loss: 0.4723 - Train Metric: 0.8531
Epoch 35/50 - Val Metric: 0.8536
Epoch 36/50 - Train Loss: 0.4702 - Train Metric: 0.8549
Epoch 36/50 - Val Metric: 0.8535
Epoch 37/50 - Train Loss: 0.4696 - Train Metric: 0.8545
Epoch 37/50 - Val Metric: 0.8513
Epoch 38/50 - Train Loss: 0.4673 - Train Metric: 0.8564
Epoch 38/50 - Val Metric: 0.8576
Epoch 39/50 - Train Loss: 0.4644 - Train Metric: 0.8586
Epoch 39/50 - Val Metric: 0.8605
Epoch 40/50 - Train Loss: 0.4655 - Train Metric: 0.8579
Epoch 40/50 - Val Metric: 0.8588
Epoch 41/50 - Train Loss: 0.4637 - Train Metric: 0.8589
Epoch 41/50 - Val Metric: 0.8545
Epoch 42/50 - Train Loss: 0.4627 - Train Metric: 0.8600
Epoch 42/50 - Val Metric: 0.8528
Epoch 43/50 - Train Loss: 0.4610 - Train Metric: 0.8611
Epoch 43/50 - Val Metric: 0.8590
Epoch 44/50 - Train Loss: 0.4599 - Train Metric: 0.8619
Epoch 44/50 - Val Metric: 0.8590
Epoch 45/50 - Train Loss: 0.4597 - Train Metric: 0.8620
Epoch 45/50 - Val Metric: 0.8594
Epoch 46/50 - Train Loss: 0.4593 - Train Metric: 0.8621
Epoch 46/50 - Val Metric: 0.8600
Epoch 47/50 - Train Loss: 0.4579 - Train Metric: 0.8631
Epoch 47/50 - Val Metric: 0.8626
Epoch 48/50 - Train Loss: 0.4568 - Train Metric: 0.8639
Epoch 48/50 - Val Metric: 0.8599
Epoch 49/50 - Train Loss: 0.4559 - Train Metric: 0.8642
Epoch 49/50 - Val Metric: 0.8613
Epoch 50/50 - Train Loss: 0.4538 - Train Metric: 0.8661
Epoch 50/50 - Val Metric: 0.8595
Best val: 0.8626, Best test: 0.8581
Training set has 30779 instances
Validation set has 3847 instances
Test set has 3848 instances
Epoch 1/50 - Train Loss: 0.7089 - Train Metric: 0.4997
Epoch 1/50 - Val Metric: 0.5583
Epoch 2/50 - Train Loss: 0.6949 - Train Metric: 0.5030
Epoch 2/50 - Val Metric: 0.5728
Epoch 3/50 - Train Loss: 0.6952 - Train Metric: 0.5038
Epoch 3/50 - Val Metric: 0.5776
Epoch 4/50 - Train Loss: 0.6943 - Train Metric: 0.5154
Epoch 4/50 - Val Metric: 0.5525
Epoch 5/50 - Train Loss: 0.6957 - Train Metric: 0.5065
Epoch 5/50 - Val Metric: 0.6741
Epoch 6/50 - Train Loss: 0.6943 - Train Metric: 0.5070
Epoch 6/50 - Val Metric: 0.6967
Epoch 7/50 - Train Loss: 0.6939 - Train Metric: 0.4997
Epoch 7/50 - Val Metric: 0.7114
Epoch 8/50 - Train Loss: 0.6934 - Train Metric: 0.5048
Epoch 8/50 - Val Metric: 0.7228
Epoch 9/50 - Train Loss: 0.6937 - Train Metric: 0.5043
Epoch 9/50 - Val Metric: 0.7482
Epoch 10/50 - Train Loss: 0.6927 - Train Metric: 0.5121
Epoch 10/50 - Val Metric: 0.7790
Epoch 11/50 - Train Loss: 0.6922 - Train Metric: 0.5514
Epoch 11/50 - Val Metric: 0.8077
Epoch 12/50 - Train Loss: 0.6861 - Train Metric: 0.5868
Epoch 12/50 - Val Metric: 0.8034
Epoch 13/50 - Train Loss: 0.5596 - Train Metric: 0.7753
Epoch 13/50 - Val Metric: 0.8150
Epoch 14/50 - Train Loss: 0.5267 - Train Metric: 0.8097
Epoch 14/50 - Val Metric: 0.8299
Epoch 15/50 - Train Loss: 0.5162 - Train Metric: 0.8196
Epoch 15/50 - Val Metric: 0.8394
Epoch 16/50 - Train Loss: 0.5060 - Train Metric: 0.8293
Epoch 16/50 - Val Metric: 0.8399
Epoch 17/50 - Train Loss: 0.5009 - Train Metric: 0.8331
Epoch 17/50 - Val Metric: 0.8411
Epoch 18/50 - Train Loss: 0.4991 - Train Metric: 0.8342
Epoch 18/50 - Val Metric: 0.8424
Epoch 19/50 - Train Loss: 0.4968 - Train Metric: 0.8357
Epoch 19/50 - Val Metric: 0.8431
Epoch 20/50 - Train Loss: 0.4947 - Train Metric: 0.8377
Epoch 20/50 - Val Metric: 0.8447
Epoch 21/50 - Train Loss: 0.4941 - Train Metric: 0.8380
Epoch 21/50 - Val Metric: 0.8441
Epoch 22/50 - Train Loss: 0.4933 - Train Metric: 0.8383
Epoch 22/50 - Val Metric: 0.8435
Epoch 23/50 - Train Loss: 0.4905 - Train Metric: 0.8407
Epoch 23/50 - Val Metric: 0.8442
Epoch 24/50 - Train Loss: 0.4898 - Train Metric: 0.8410
Epoch 24/50 - Val Metric: 0.8458
Epoch 25/50 - Train Loss: 0.4872 - Train Metric: 0.8429
Epoch 25/50 - Val Metric: 0.8475
Epoch 26/50 - Train Loss: 0.4854 - Train Metric: 0.8441
Epoch 26/50 - Val Metric: 0.8478
Epoch 27/50 - Train Loss: 0.4846 - Train Metric: 0.8450
Epoch 27/50 - Val Metric: 0.8474
Epoch 28/50 - Train Loss: 0.4852 - Train Metric: 0.8442
Epoch 28/50 - Val Metric: 0.8486
Epoch 29/50 - Train Loss: 0.4828 - Train Metric: 0.8460
Epoch 29/50 - Val Metric: 0.8492
Epoch 30/50 - Train Loss: 0.4841 - Train Metric: 0.8449
Epoch 30/50 - Val Metric: 0.8487
Epoch 31/50 - Train Loss: 0.4824 - Train Metric: 0.8464
Epoch 31/50 - Val Metric: 0.8496
Epoch 32/50 - Train Loss: 0.4815 - Train Metric: 0.8471
Epoch 32/50 - Val Metric: 0.8507
Epoch 33/50 - Train Loss: 0.4791 - Train Metric: 0.8486
Epoch 33/50 - Val Metric: 0.8521
Epoch 34/50 - Train Loss: 0.4802 - Train Metric: 0.8481
Epoch 34/50 - Val Metric: 0.8522
Epoch 35/50 - Train Loss: 0.4773 - Train Metric: 0.8500
Epoch 35/50 - Val Metric: 0.8526
Epoch 36/50 - Train Loss: 0.4769 - Train Metric: 0.8503
Epoch 36/50 - Val Metric: 0.8517
Epoch 37/50 - Train Loss: 0.4764 - Train Metric: 0.8508
Epoch 37/50 - Val Metric: 0.8541
Epoch 38/50 - Train Loss: 0.4760 - Train Metric: 0.8513
Epoch 38/50 - Val Metric: 0.8549
Epoch 39/50 - Train Loss: 0.4746 - Train Metric: 0.8521
Epoch 39/50 - Val Metric: 0.8544
Epoch 40/50 - Train Loss: 0.4733 - Train Metric: 0.8530
Epoch 40/50 - Val Metric: 0.8556
Epoch 41/50 - Train Loss: 0.4729 - Train Metric: 0.8534
Epoch 41/50 - Val Metric: 0.8560
Epoch 42/50 - Train Loss: 0.4731 - Train Metric: 0.8532
Epoch 42/50 - Val Metric: 0.8570
Epoch 43/50 - Train Loss: 0.4708 - Train Metric: 0.8550
Epoch 43/50 - Val Metric: 0.8567
Epoch 44/50 - Train Loss: 0.4714 - Train Metric: 0.8543
Epoch 44/50 - Val Metric: 0.8562
Epoch 45/50 - Train Loss: 0.4710 - Train Metric: 0.8546
Epoch 45/50 - Val Metric: 0.8568
Epoch 46/50 - Train Loss: 0.4695 - Train Metric: 0.8557
Epoch 46/50 - Val Metric: 0.8569
Epoch 47/50 - Train Loss: 0.4692 - Train Metric: 0.8559
Epoch 47/50 - Val Metric: 0.8566
Epoch 48/50 - Train Loss: 0.4687 - Train Metric: 0.8562
Epoch 48/50 - Val Metric: 0.8580
Epoch 49/50 - Train Loss: 0.4680 - Train Metric: 0.8566
Epoch 49/50 - Val Metric: 0.8584
Epoch 50/50 - Train Loss: 0.4670 - Train Metric: 0.8575
Epoch 50/50 - Val Metric: 0.8584
Best val: 0.8584, Best test: 0.8614
Training set has 30779 instances
Validation set has 3847 instances
Test set has 3848 instances
Epoch 1/50 - Train Loss: 0.7044 - Train Metric: 0.5083
Epoch 1/50 - Val Metric: 0.6241
Training set has 30779 instances
Validation set has 3847 instances
Test set has 3848 instances
Training set has 30779 instances
Validation set has 3847 instances
Test set has 3848 instances
Epoch 1/50 - Train Loss: 0.6917 - Train Metric: 0.5396
Epoch 1/50 - Val Metric: 0.7080
Epoch 2/50 - Train Loss: 0.5643 - Train Metric: 0.7758
Epoch 2/50 - Val Metric: 0.8083
Training set has 30779 instances
Validation set has 3847 instances
Test set has 3848 instances
Training set has 30779 instances
Validation set has 3847 instances
Test set has 3848 instances
Epoch 1/50 - Train Loss: 0.6968 - Train Metric: 0.5139
Epoch 1/50 - Val Metric: 0.7120
Epoch 2/50 - Train Loss: 0.5749 - Train Metric: 0.7616
Epoch 2/50 - Val Metric: 0.8221
Epoch 3/50 - Train Loss: 0.5185 - Train Metric: 0.8146
Epoch 3/50 - Val Metric: 0.8346
Epoch 4/50 - Train Loss: 0.5040 - Train Metric: 0.8283
Epoch 4/50 - Val Metric: 0.8418
Epoch 5/50 - Train Loss: 0.4949 - Train Metric: 0.8349
Epoch 5/50 - Val Metric: 0.8446
Epoch 6/50 - Train Loss: 0.4908 - Train Metric: 0.8380
Epoch 6/50 - Val Metric: 0.8505
Epoch 7/50 - Train Loss: 0.4834 - Train Metric: 0.8446
Epoch 7/50 - Val Metric: 0.8498
Epoch 8/50 - Train Loss: 0.4809 - Train Metric: 0.8460
Epoch 8/50 - Val Metric: 0.8612
Epoch 9/50 - Train Loss: 0.4761 - Train Metric: 0.8504
Epoch 9/50 - Val Metric: 0.8625
Epoch 10/50 - Train Loss: 0.4697 - Train Metric: 0.8553
Epoch 10/50 - Val Metric: 0.8570
Epoch 11/50 - Train Loss: 0.4651 - Train Metric: 0.8579
Epoch 11/50 - Val Metric: 0.8693
Epoch 12/50 - Train Loss: 0.4619 - Train Metric: 0.8606
Epoch 12/50 - Val Metric: 0.8700
Epoch 13/50 - Train Loss: 0.4580 - Train Metric: 0.8635
Epoch 13/50 - Val Metric: 0.8747
Epoch 14/50 - Train Loss: 0.4551 - Train Metric: 0.8654
Epoch 14/50 - Val Metric: 0.8739
Epoch 15/50 - Train Loss: 0.4527 - Train Metric: 0.8670
Epoch 15/50 - Val Metric: 0.8735
Epoch 16/50 - Train Loss: 0.4503 - Train Metric: 0.8688
Epoch 16/50 - Val Metric: 0.8743
Epoch 17/50 - Train Loss: 0.4497 - Train Metric: 0.8688
Epoch 17/50 - Val Metric: 0.8790
Epoch 18/50 - Train Loss: 0.4440 - Train Metric: 0.8728
Epoch 18/50 - Val Metric: 0.8736
Epoch 19/50 - Train Loss: 0.4467 - Train Metric: 0.8710
Epoch 19/50 - Val Metric: 0.8837
Epoch 20/50 - Train Loss: 0.4393 - Train Metric: 0.8761
Epoch 20/50 - Val Metric: 0.8589
Epoch 21/50 - Train Loss: 0.4455 - Train Metric: 0.8717
Epoch 21/50 - Val Metric: 0.8753
Epoch 22/50 - Train Loss: 0.4398 - Train Metric: 0.8756
Epoch 22/50 - Val Metric: 0.8843
Epoch 23/50 - Train Loss: 0.4375 - Train Metric: 0.8765
Epoch 23/50 - Val Metric: 0.8812
Epoch 24/50 - Train Loss: 0.4380 - Train Metric: 0.8765
Epoch 24/50 - Val Metric: 0.8867
Epoch 25/50 - Train Loss: 0.4294 - Train Metric: 0.8818
Epoch 25/50 - Val Metric: 0.8859
Epoch 26/50 - Train Loss: 0.4344 - Train Metric: 0.8787
Epoch 26/50 - Val Metric: 0.8824
Epoch 27/50 - Train Loss: 0.4298 - Train Metric: 0.8814
Epoch 27/50 - Val Metric: 0.8915
Epoch 28/50 - Train Loss: 0.4276 - Train Metric: 0.8828
Epoch 28/50 - Val Metric: 0.8906
Epoch 29/50 - Train Loss: 0.4216 - Train Metric: 0.8866
Epoch 29/50 - Val Metric: 0.8956
Epoch 30/50 - Train Loss: 0.4204 - Train Metric: 0.8870
Epoch 30/50 - Val Metric: 0.8973
Epoch 31/50 - Train Loss: 0.4163 - Train Metric: 0.8895
Epoch 31/50 - Val Metric: 0.8991
Epoch 32/50 - Train Loss: 0.4188 - Train Metric: 0.8881
Epoch 32/50 - Val Metric: 0.9002
Epoch 33/50 - Train Loss: 0.4193 - Train Metric: 0.8877
Epoch 33/50 - Val Metric: 0.8976
Epoch 34/50 - Train Loss: 0.4157 - Train Metric: 0.8897
Epoch 34/50 - Val Metric: 0.8945
Epoch 35/50 - Train Loss: 0.4184 - Train Metric: 0.8882
Epoch 35/50 - Val Metric: 0.8965
Epoch 36/50 - Train Loss: 0.4070 - Train Metric: 0.8945
Epoch 36/50 - Val Metric: 0.8992
Epoch 37/50 - Train Loss: 0.4072 - Train Metric: 0.8946
Epoch 37/50 - Val Metric: 0.9025
Epoch 38/50 - Train Loss: 0.4037 - Train Metric: 0.8965
Epoch 38/50 - Val Metric: 0.8983
Epoch 39/50 - Train Loss: 0.4024 - Train Metric: 0.8972
Epoch 39/50 - Val Metric: 0.9032
Epoch 40/50 - Train Loss: 0.3957 - Train Metric: 0.9008
Epoch 40/50 - Val Metric: 0.9039
Epoch 41/50 - Train Loss: 0.3907 - Train Metric: 0.9033
Epoch 41/50 - Val Metric: 0.9036
Epoch 42/50 - Train Loss: 0.3918 - Train Metric: 0.9029
Epoch 42/50 - Val Metric: 0.9004
Epoch 43/50 - Train Loss: 0.3947 - Train Metric: 0.9013
Epoch 43/50 - Val Metric: 0.9052
Epoch 44/50 - Train Loss: 0.3847 - Train Metric: 0.9065
Epoch 44/50 - Val Metric: 0.9010
Epoch 45/50 - Train Loss: 0.3867 - Train Metric: 0.9055
Epoch 45/50 - Val Metric: 0.9081
Epoch 46/50 - Train Loss: 0.3805 - Train Metric: 0.9085
Epoch 46/50 - Val Metric: 0.9055
Epoch 47/50 - Train Loss: 0.3813 - Train Metric: 0.9081
Epoch 47/50 - Val Metric: 0.9096
Epoch 48/50 - Train Loss: 0.3800 - Train Metric: 0.9087
Epoch 48/50 - Val Metric: 0.9136
Epoch 49/50 - Train Loss: 0.3723 - Train Metric: 0.9129
Epoch 49/50 - Val Metric: 0.9070
Epoch 50/50 - Train Loss: 0.3724 - Train Metric: 0.9126
Epoch 50/50 - Val Metric: 0.9136
Best val: 0.9136, Best test: 0.9058
Training set has 30779 instances
Validation set has 3847 instances
Test set has 3848 instances
Epoch 1/50 - Train Loss: 0.6885 - Train Metric: 0.5435
Epoch 1/50 - Val Metric: 0.6593
Training set has 30779 instances
Validation set has 3847 instances
Test set has 3848 instances
Epoch 1/50 - Train Loss: 0.6150 - Train Metric: 0.6672
Epoch 1/50 - Val Metric: 0.8291
Epoch 2/50 - Train Loss: 0.5013 - Train Metric: 0.8312
Epoch 2/50 - Val Metric: 0.8392
Epoch 3/50 - Train Loss: 0.4858 - Train Metric: 0.8428
Epoch 3/50 - Val Metric: 0.8461
Epoch 4/50 - Train Loss: 0.4799 - Train Metric: 0.8477
Epoch 4/50 - Val Metric: 0.8491
Epoch 5/50 - Train Loss: 0.4775 - Train Metric: 0.8495
Epoch 5/50 - Val Metric: 0.8511
Epoch 6/50 - Train Loss: 0.4704 - Train Metric: 0.8543
Epoch 6/50 - Val Metric: 0.8567
Epoch 7/50 - Train Loss: 0.4658 - Train Metric: 0.8574
Epoch 7/50 - Val Metric: 0.8546
Epoch 8/50 - Train Loss: 0.4681 - Train Metric: 0.8558
Epoch 8/50 - Val Metric: 0.8559
Epoch 9/50 - Train Loss: 0.4624 - Train Metric: 0.8599
Epoch 9/50 - Val Metric: 0.8535
Epoch 10/50 - Train Loss: 0.4643 - Train Metric: 0.8583
Epoch 10/50 - Val Metric: 0.8582
Epoch 11/50 - Train Loss: 0.4593 - Train Metric: 0.8626
Epoch 11/50 - Val Metric: 0.8614
Epoch 12/50 - Train Loss: 0.4543 - Train Metric: 0.8665
Epoch 12/50 - Val Metric: 0.8575
Epoch 13/50 - Train Loss: 0.4536 - Train Metric: 0.8671
Epoch 13/50 - Val Metric: 0.8675
Epoch 14/50 - Train Loss: 0.4453 - Train Metric: 0.8721
Epoch 14/50 - Val Metric: 0.8703
Epoch 15/50 - Train Loss: 0.4471 - Train Metric: 0.8708
Epoch 15/50 - Val Metric: 0.8685
Epoch 16/50 - Train Loss: 0.4402 - Train Metric: 0.8755
Epoch 16/50 - Val Metric: 0.8702
Epoch 17/50 - Train Loss: 0.4363 - Train Metric: 0.8782
Epoch 17/50 - Val Metric: 0.8725
Epoch 18/50 - Train Loss: 0.4352 - Train Metric: 0.8785
Epoch 18/50 - Val Metric: 0.8751
Epoch 19/50 - Train Loss: 0.4347 - Train Metric: 0.8785
Epoch 19/50 - Val Metric: 0.8739
Epoch 20/50 - Train Loss: 0.4355 - Train Metric: 0.8786
Epoch 20/50 - Val Metric: 0.8760
Epoch 21/50 - Train Loss: 0.4288 - Train Metric: 0.8830
Epoch 21/50 - Val Metric: 0.8789
Epoch 22/50 - Train Loss: 0.4281 - Train Metric: 0.8833
Epoch 22/50 - Val Metric: 0.8788
Epoch 23/50 - Train Loss: 0.4272 - Train Metric: 0.8838
Epoch 23/50 - Val Metric: 0.8835
Epoch 24/50 - Train Loss: 0.4245 - Train Metric: 0.8852
Epoch 24/50 - Val Metric: 0.8807
Epoch 25/50 - Train Loss: 0.4185 - Train Metric: 0.8888
Epoch 25/50 - Val Metric: 0.8855
Epoch 26/50 - Train Loss: 0.4163 - Train Metric: 0.8902
Epoch 26/50 - Val Metric: 0.8906
Epoch 27/50 - Train Loss: 0.4189 - Train Metric: 0.8888
Epoch 27/50 - Val Metric: 0.8851
Epoch 28/50 - Train Loss: 0.4096 - Train Metric: 0.8938
Epoch 28/50 - Val Metric: 0.8854
Epoch 29/50 - Train Loss: 0.4077 - Train Metric: 0.8949
Epoch 29/50 - Val Metric: 0.8852
Epoch 30/50 - Train Loss: 0.4001 - Train Metric: 0.8991
Epoch 30/50 - Val Metric: 0.8930
Epoch 31/50 - Train Loss: 0.3966 - Train Metric: 0.9007
Epoch 31/50 - Val Metric: 0.8887
Epoch 32/50 - Train Loss: 0.3975 - Train Metric: 0.9003
Epoch 32/50 - Val Metric: 0.8874
Epoch 33/50 - Train Loss: 0.3926 - Train Metric: 0.9029
Epoch 33/50 - Val Metric: 0.8944
Epoch 34/50 - Train Loss: 0.3905 - Train Metric: 0.9042
Epoch 34/50 - Val Metric: 0.8937
Epoch 35/50 - Train Loss: 0.3911 - Train Metric: 0.9036
Epoch 35/50 - Val Metric: 0.8804
Epoch 36/50 - Train Loss: 0.3896 - Train Metric: 0.9044
Epoch 36/50 - Val Metric: 0.8980
Epoch 37/50 - Train Loss: 0.3816 - Train Metric: 0.9088
Epoch 37/50 - Val Metric: 0.8945
Epoch 38/50 - Train Loss: 0.3836 - Train Metric: 0.9075
Epoch 38/50 - Val Metric: 0.8993
Epoch 39/50 - Train Loss: 0.3773 - Train Metric: 0.9103
Epoch 39/50 - Val Metric: 0.8969
Epoch 40/50 - Train Loss: 0.3748 - Train Metric: 0.9119
Epoch 40/50 - Val Metric: 0.9014
Epoch 41/50 - Train Loss: 0.3753 - Train Metric: 0.9114
Epoch 41/50 - Val Metric: 0.8994
Epoch 42/50 - Train Loss: 0.3718 - Train Metric: 0.9134
Epoch 42/50 - Val Metric: 0.8937
Epoch 43/50 - Train Loss: 0.3717 - Train Metric: 0.9134
Epoch 43/50 - Val Metric: 0.8998
Epoch 44/50 - Train Loss: 0.3690 - Train Metric: 0.9148
Epoch 44/50 - Val Metric: 0.9045
Epoch 45/50 - Train Loss: 0.3642 - Train Metric: 0.9168
Epoch 45/50 - Val Metric: 0.9072
Epoch 46/50 - Train Loss: 0.3618 - Train Metric: 0.9181
Epoch 46/50 - Val Metric: 0.9067
Epoch 47/50 - Train Loss: 0.3612 - Train Metric: 0.9185
Epoch 47/50 - Val Metric: 0.9061
Epoch 48/50 - Train Loss: 0.3646 - Train Metric: 0.9167
Epoch 48/50 - Val Metric: 0.9042
Epoch 49/50 - Train Loss: 0.3670 - Train Metric: 0.9155
Epoch 49/50 - Val Metric: 0.9037
Epoch 50/50 - Train Loss: 0.3645 - Train Metric: 0.9168
Epoch 50/50 - Val Metric: 0.9006
Best val: 0.9072, Best test: 0.9094
Training set has 30779 instances
Validation set has 3847 instances
Test set has 3848 instances
Epoch 1/50 - Train Loss: 0.6734 - Train Metric: 0.5750
Epoch 1/50 - Val Metric: 0.7635
Epoch 2/50 - Train Loss: 0.5551 - Train Metric: 0.7856
Epoch 2/50 - Val Metric: 0.8278
Epoch 3/50 - Train Loss: 0.5224 - Train Metric: 0.8124
Epoch 3/50 - Val Metric: 0.8371
Epoch 4/50 - Train Loss: 0.5094 - Train Metric: 0.8236
Epoch 4/50 - Val Metric: 0.8402
Epoch 5/50 - Train Loss: 0.5087 - Train Metric: 0.8234
Epoch 5/50 - Val Metric: 0.8405
Training set has 30779 instances
Validation set has 3847 instances
Test set has 3848 instances
Epoch 1/50 - Train Loss: 0.6969 - Train Metric: 0.5024
Epoch 1/50 - Val Metric: 0.7103
Training set has 30779 instances
Validation set has 3847 instances
Test set has 3848 instances
Epoch 1/50 - Train Loss: 0.5978 - Train Metric: 0.6985
Epoch 1/50 - Val Metric: 0.8442
Epoch 2/50 - Train Loss: 0.5045 - Train Metric: 0.8289
Epoch 2/50 - Val Metric: 0.8449
Epoch 3/50 - Train Loss: 0.4953 - Train Metric: 0.8355
Epoch 3/50 - Val Metric: 0.8541
Epoch 4/50 - Train Loss: 0.4848 - Train Metric: 0.8438
Epoch 4/50 - Val Metric: 0.8531
Epoch 5/50 - Train Loss: 0.4828 - Train Metric: 0.8450
Epoch 5/50 - Val Metric: 0.8530
Epoch 6/50 - Train Loss: 0.4766 - Train Metric: 0.8491
Epoch 6/50 - Val Metric: 0.8537
Epoch 7/50 - Train Loss: 0.4773 - Train Metric: 0.8490
Epoch 7/50 - Val Metric: 0.8578
Epoch 8/50 - Train Loss: 0.4754 - Train Metric: 0.8503
Epoch 8/50 - Val Metric: 0.8585
Epoch 9/50 - Train Loss: 0.4730 - Train Metric: 0.8520
Epoch 9/50 - Val Metric: 0.8601
Epoch 10/50 - Train Loss: 0.4691 - Train Metric: 0.8555
Epoch 10/50 - Val Metric: 0.8630
Epoch 11/50 - Train Loss: 0.4715 - Train Metric: 0.8533
Epoch 11/50 - Val Metric: 0.8597
Epoch 12/50 - Train Loss: 0.4675 - Train Metric: 0.8567
Epoch 12/50 - Val Metric: 0.8648
Epoch 13/50 - Train Loss: 0.4631 - Train Metric: 0.8595
Epoch 13/50 - Val Metric: 0.8674
Epoch 14/50 - Train Loss: 0.4598 - Train Metric: 0.8618
Epoch 14/50 - Val Metric: 0.8699
Epoch 15/50 - Train Loss: 0.4580 - Train Metric: 0.8638
Epoch 15/50 - Val Metric: 0.8644
Epoch 16/50 - Train Loss: 0.4519 - Train Metric: 0.8676
Epoch 16/50 - Val Metric: 0.8755
Epoch 17/50 - Train Loss: 0.4509 - Train Metric: 0.8688
Epoch 17/50 - Val Metric: 0.8741
Epoch 18/50 - Train Loss: 0.4457 - Train Metric: 0.8719
Epoch 18/50 - Val Metric: 0.8767
Epoch 19/50 - Train Loss: 0.4443 - Train Metric: 0.8727
Epoch 19/50 - Val Metric: 0.8752
Epoch 20/50 - Train Loss: 0.4385 - Train Metric: 0.8766
Epoch 20/50 - Val Metric: 0.8822
Epoch 21/50 - Train Loss: 0.4407 - Train Metric: 0.8750
Epoch 21/50 - Val Metric: 0.8780
Epoch 22/50 - Train Loss: 0.4325 - Train Metric: 0.8801
Epoch 22/50 - Val Metric: 0.8820
Epoch 23/50 - Train Loss: 0.4318 - Train Metric: 0.8810
Epoch 23/50 - Val Metric: 0.8831
Epoch 24/50 - Train Loss: 0.4294 - Train Metric: 0.8824
Epoch 24/50 - Val Metric: 0.8834
Epoch 25/50 - Train Loss: 0.4274 - Train Metric: 0.8833
Epoch 25/50 - Val Metric: 0.8864
Epoch 26/50 - Train Loss: 0.4234 - Train Metric: 0.8861
Epoch 26/50 - Val Metric: 0.8816
Epoch 27/50 - Train Loss: 0.4188 - Train Metric: 0.8883
Epoch 27/50 - Val Metric: 0.8926
Epoch 28/50 - Train Loss: 0.4153 - Train Metric: 0.8906
Epoch 28/50 - Val Metric: 0.8933
Epoch 29/50 - Train Loss: 0.4180 - Train Metric: 0.8888
Epoch 29/50 - Val Metric: 0.8925
Epoch 30/50 - Train Loss: 0.4143 - Train Metric: 0.8910
Epoch 30/50 - Val Metric: 0.8862
Epoch 31/50 - Train Loss: 0.4110 - Train Metric: 0.8930
Epoch 31/50 - Val Metric: 0.8895
Epoch 32/50 - Train Loss: 0.4086 - Train Metric: 0.8939
Epoch 32/50 - Val Metric: 0.8939
Epoch 33/50 - Train Loss: 0.4060 - Train Metric: 0.8954
Epoch 33/50 - Val Metric: 0.8928
Epoch 34/50 - Train Loss: 0.4007 - Train Metric: 0.8984
Epoch 34/50 - Val Metric: 0.8887
Epoch 35/50 - Train Loss: 0.4014 - Train Metric: 0.8980
Epoch 35/50 - Val Metric: 0.8904
Epoch 36/50 - Train Loss: 0.4008 - Train Metric: 0.8982
Epoch 36/50 - Val Metric: 0.8932
Epoch 37/50 - Train Loss: 0.3973 - Train Metric: 0.9002
Epoch 37/50 - Val Metric: 0.8997
Epoch 38/50 - Train Loss: 0.3922 - Train Metric: 0.9027
Epoch 38/50 - Val Metric: 0.9037
Epoch 39/50 - Train Loss: 0.3934 - Train Metric: 0.9024
Epoch 39/50 - Val Metric: 0.9006
Epoch 40/50 - Train Loss: 0.3911 - Train Metric: 0.9035
Epoch 40/50 - Val Metric: 0.9043
Epoch 41/50 - Train Loss: 0.3863 - Train Metric: 0.9059
Epoch 41/50 - Val Metric: 0.9008
Epoch 42/50 - Train Loss: 0.3851 - Train Metric: 0.9067
Epoch 42/50 - Val Metric: 0.9054
Epoch 43/50 - Train Loss: 0.3814 - Train Metric: 0.9084
Epoch 43/50 - Val Metric: 0.9077
Epoch 44/50 - Train Loss: 0.3774 - Train Metric: 0.9105
Epoch 44/50 - Val Metric: 0.9121
Epoch 45/50 - Train Loss: 0.3679 - Train Metric: 0.9152
Epoch 45/50 - Val Metric: 0.9144
Epoch 46/50 - Train Loss: 0.3703 - Train Metric: 0.9141
Epoch 46/50 - Val Metric: 0.9098
Epoch 47/50 - Train Loss: 0.3733 - Train Metric: 0.9125
Epoch 47/50 - Val Metric: 0.9030
Epoch 48/50 - Train Loss: 0.3670 - Train Metric: 0.9156
Epoch 48/50 - Val Metric: 0.9099
Epoch 49/50 - Train Loss: 0.3603 - Train Metric: 0.9188
Epoch 49/50 - Val Metric: 0.9069
Epoch 50/50 - Train Loss: 0.3605 - Train Metric: 0.9185
Epoch 50/50 - Val Metric: 0.9111
Best val: 0.9144, Best test: 0.9055
Training set has 30779 instances
Validation set has 3847 instances
Test set has 3848 instances
Epoch 1/50 - Train Loss: 0.6804 - Train Metric: 0.5677
Epoch 1/50 - Val Metric: 0.7196
Training set has 30779 instances
Validation set has 3847 instances
Test set has 3848 instances
Epoch 1/50 - Train Loss: 0.6732 - Train Metric: 0.5784
Epoch 1/50 - Val Metric: 0.7522
Epoch 2/50 - Train Loss: 0.5604 - Train Metric: 0.7833
Epoch 2/50 - Val Metric: 0.8253
Training set has 30779 instances
Validation set has 3847 instances
Test set has 3848 instances
Epoch 1/50 - Train Loss: 0.6246 - Train Metric: 0.6491
Epoch 1/50 - Val Metric: 0.8268
Epoch 2/50 - Train Loss: 0.5062 - Train Metric: 0.8268
Epoch 2/50 - Val Metric: 0.8475
Epoch 3/50 - Train Loss: 0.4930 - Train Metric: 0.8380
Epoch 3/50 - Val Metric: 0.8512
Epoch 4/50 - Train Loss: 0.4844 - Train Metric: 0.8447
Epoch 4/50 - Val Metric: 0.8544
Epoch 5/50 - Train Loss: 0.4797 - Train Metric: 0.8480
Epoch 5/50 - Val Metric: 0.8609
Epoch 6/50 - Train Loss: 0.4703 - Train Metric: 0.8555
Epoch 6/50 - Val Metric: 0.8637
Epoch 7/50 - Train Loss: 0.4671 - Train Metric: 0.8581
Epoch 7/50 - Val Metric: 0.8688
Epoch 8/50 - Train Loss: 0.4561 - Train Metric: 0.8651
Epoch 8/50 - Val Metric: 0.8676
Epoch 9/50 - Train Loss: 0.4594 - Train Metric: 0.8629
Epoch 9/50 - Val Metric: 0.8724
Epoch 10/50 - Train Loss: 0.4548 - Train Metric: 0.8660
Epoch 10/50 - Val Metric: 0.8748
Epoch 11/50 - Train Loss: 0.4472 - Train Metric: 0.8711
Epoch 11/50 - Val Metric: 0.8780
Epoch 12/50 - Train Loss: 0.4433 - Train Metric: 0.8735
Epoch 12/50 - Val Metric: 0.8823
Epoch 13/50 - Train Loss: 0.4366 - Train Metric: 0.8778
Epoch 13/50 - Val Metric: 0.8805
Epoch 14/50 - Train Loss: 0.4319 - Train Metric: 0.8804
Epoch 14/50 - Val Metric: 0.8869
Epoch 15/50 - Train Loss: 0.4359 - Train Metric: 0.8784
Epoch 15/50 - Val Metric: 0.8870
Epoch 16/50 - Train Loss: 0.4256 - Train Metric: 0.8847
Epoch 16/50 - Val Metric: 0.8903
Epoch 17/50 - Train Loss: 0.4246 - Train Metric: 0.8852
Epoch 17/50 - Val Metric: 0.8870
Epoch 18/50 - Train Loss: 0.4187 - Train Metric: 0.8881
Epoch 18/50 - Val Metric: 0.8908
Epoch 19/50 - Train Loss: 0.4185 - Train Metric: 0.8885
Epoch 19/50 - Val Metric: 0.8936
Epoch 20/50 - Train Loss: 0.4141 - Train Metric: 0.8910
Epoch 20/50 - Val Metric: 0.8955
Epoch 21/50 - Train Loss: 0.4132 - Train Metric: 0.8916
Epoch 21/50 - Val Metric: 0.8940
Epoch 22/50 - Train Loss: 0.4102 - Train Metric: 0.8931
Epoch 22/50 - Val Metric: 0.8940
Epoch 23/50 - Train Loss: 0.4028 - Train Metric: 0.8973
Epoch 23/50 - Val Metric: 0.8990
Epoch 24/50 - Train Loss: 0.4052 - Train Metric: 0.8957
Epoch 24/50 - Val Metric: 0.8975
Epoch 25/50 - Train Loss: 0.3977 - Train Metric: 0.9002
Epoch 25/50 - Val Metric: 0.9003
Epoch 26/50 - Train Loss: 0.3937 - Train Metric: 0.9022
Epoch 26/50 - Val Metric: 0.8991
Epoch 27/50 - Train Loss: 0.3950 - Train Metric: 0.9013
Epoch 27/50 - Val Metric: 0.9020
Epoch 28/50 - Train Loss: 0.3931 - Train Metric: 0.9026
Epoch 28/50 - Val Metric: 0.9049
Epoch 29/50 - Train Loss: 0.3906 - Train Metric: 0.9039
Epoch 29/50 - Val Metric: 0.9022
Epoch 30/50 - Train Loss: 0.3853 - Train Metric: 0.9067
Epoch 30/50 - Val Metric: 0.8993
Epoch 31/50 - Train Loss: 0.3863 - Train Metric: 0.9061
Epoch 31/50 - Val Metric: 0.9054
Epoch 32/50 - Train Loss: 0.3767 - Train Metric: 0.9109
Epoch 32/50 - Val Metric: 0.9112
Epoch 33/50 - Train Loss: 0.3790 - Train Metric: 0.9097
Epoch 33/50 - Val Metric: 0.9078
Epoch 34/50 - Train Loss: 0.3782 - Train Metric: 0.9102
Epoch 34/50 - Val Metric: 0.9106
Epoch 35/50 - Train Loss: 0.3731 - Train Metric: 0.9127
Epoch 35/50 - Val Metric: 0.9105
Epoch 36/50 - Train Loss: 0.3726 - Train Metric: 0.9129
Epoch 36/50 - Val Metric: 0.9090
Epoch 37/50 - Train Loss: 0.3662 - Train Metric: 0.9159
Epoch 37/50 - Val Metric: 0.9002
Epoch 38/50 - Train Loss: 0.3693 - Train Metric: 0.9145
Epoch 38/50 - Val Metric: 0.8999
Epoch 39/50 - Train Loss: 0.3665 - Train Metric: 0.9160
Epoch 39/50 - Val Metric: 0.9119
Epoch 40/50 - Train Loss: 0.3653 - Train Metric: 0.9164
Epoch 40/50 - Val Metric: 0.9064
Epoch 41/50 - Train Loss: 0.3584 - Train Metric: 0.9197
Epoch 41/50 - Val Metric: 0.9125
Epoch 42/50 - Train Loss: 0.3571 - Train Metric: 0.9205
Epoch 42/50 - Val Metric: 0.9183
Epoch 43/50 - Train Loss: 0.3577 - Train Metric: 0.9199
Epoch 43/50 - Val Metric: 0.9096
Epoch 44/50 - Train Loss: 0.3530 - Train Metric: 0.9223
Epoch 44/50 - Val Metric: 0.9144
Epoch 45/50 - Train Loss: 0.3542 - Train Metric: 0.9216
Epoch 45/50 - Val Metric: 0.9149
Epoch 46/50 - Train Loss: 0.3489 - Train Metric: 0.9240
Epoch 46/50 - Val Metric: 0.9138
Epoch 47/50 - Train Loss: 0.3471 - Train Metric: 0.9248
Epoch 47/50 - Val Metric: 0.9141
Epoch 48/50 - Train Loss: 0.3423 - Train Metric: 0.9270
Epoch 48/50 - Val Metric: 0.9152
Epoch 49/50 - Train Loss: 0.3459 - Train Metric: 0.9253
Epoch 49/50 - Val Metric: 0.9199
Epoch 50/50 - Train Loss: 0.3409 - Train Metric: 0.9277
Epoch 50/50 - Val Metric: 0.9189
Best val: 0.9199, Best test: 0.9110
Training set has 30779 instances
Validation set has 3847 instances
Test set has 3848 instances
Epoch 1/50 - Train Loss: 0.6672 - Train Metric: 0.5778
Epoch 1/50 - Val Metric: 0.8193
Epoch 2/50 - Train Loss: 0.5196 - Train Metric: 0.8155
Epoch 2/50 - Val Metric: 0.8464
Epoch 3/50 - Train Loss: 0.5043 - Train Metric: 0.8290
Epoch 3/50 - Val Metric: 0.8511
Epoch 4/50 - Train Loss: 0.4902 - Train Metric: 0.8390
Epoch 4/50 - Val Metric: 0.8557
Epoch 5/50 - Train Loss: 0.4876 - Train Metric: 0.8410
Epoch 5/50 - Val Metric: 0.8567
Epoch 6/50 - Train Loss: 0.4836 - Train Metric: 0.8443
Epoch 6/50 - Val Metric: 0.8605
Epoch 7/50 - Train Loss: 0.4774 - Train Metric: 0.8488
Epoch 7/50 - Val Metric: 0.8641
Epoch 8/50 - Train Loss: 0.4715 - Train Metric: 0.8530
Epoch 8/50 - Val Metric: 0.8658
Epoch 9/50 - Train Loss: 0.4737 - Train Metric: 0.8510
Epoch 9/50 - Val Metric: 0.8667
Epoch 10/50 - Train Loss: 0.4670 - Train Metric: 0.8560
Epoch 10/50 - Val Metric: 0.8697
Epoch 11/50 - Train Loss: 0.4650 - Train Metric: 0.8573
Epoch 11/50 - Val Metric: 0.8728
Epoch 12/50 - Train Loss: 0.4593 - Train Metric: 0.8621
Epoch 12/50 - Val Metric: 0.8768
Epoch 13/50 - Train Loss: 0.4558 - Train Metric: 0.8649
Epoch 13/50 - Val Metric: 0.8728
Epoch 14/50 - Train Loss: 0.4541 - Train Metric: 0.8658
Epoch 14/50 - Val Metric: 0.8739
Epoch 15/50 - Train Loss: 0.4486 - Train Metric: 0.8693
Epoch 15/50 - Val Metric: 0.8805
Epoch 16/50 - Train Loss: 0.4502 - Train Metric: 0.8686
Epoch 16/50 - Val Metric: 0.8809
Epoch 17/50 - Train Loss: 0.4438 - Train Metric: 0.8728
Epoch 17/50 - Val Metric: 0.8820
Epoch 18/50 - Train Loss: 0.4410 - Train Metric: 0.8748
Epoch 18/50 - Val Metric: 0.8790
Epoch 19/50 - Train Loss: 0.4408 - Train Metric: 0.8745
Epoch 19/50 - Val Metric: 0.8809
Epoch 20/50 - Train Loss: 0.4342 - Train Metric: 0.8791
Epoch 20/50 - Val Metric: 0.8822
Epoch 21/50 - Train Loss: 0.4320 - Train Metric: 0.8801
Epoch 21/50 - Val Metric: 0.8879
Epoch 22/50 - Train Loss: 0.4271 - Train Metric: 0.8832
Epoch 22/50 - Val Metric: 0.8883
Epoch 23/50 - Train Loss: 0.4251 - Train Metric: 0.8844
Epoch 23/50 - Val Metric: 0.8861
Epoch 24/50 - Train Loss: 0.4229 - Train Metric: 0.8859
Epoch 24/50 - Val Metric: 0.8921
Epoch 25/50 - Train Loss: 0.4170 - Train Metric: 0.8894
Epoch 25/50 - Val Metric: 0.8912
Epoch 26/50 - Train Loss: 0.4166 - Train Metric: 0.8895
Epoch 26/50 - Val Metric: 0.8935
Epoch 27/50 - Train Loss: 0.4126 - Train Metric: 0.8920
Epoch 27/50 - Val Metric: 0.8941
Epoch 28/50 - Train Loss: 0.4081 - Train Metric: 0.8944
Epoch 28/50 - Val Metric: 0.8943
Epoch 29/50 - Train Loss: 0.4052 - Train Metric: 0.8961
Epoch 29/50 - Val Metric: 0.8970
Epoch 30/50 - Train Loss: 0.4021 - Train Metric: 0.8977
Epoch 30/50 - Val Metric: 0.8951
Epoch 31/50 - Train Loss: 0.3988 - Train Metric: 0.8996
Epoch 31/50 - Val Metric: 0.8990
Epoch 32/50 - Train Loss: 0.3965 - Train Metric: 0.9008
Epoch 32/50 - Val Metric: 0.8977
Epoch 33/50 - Train Loss: 0.3938 - Train Metric: 0.9024
Epoch 33/50 - Val Metric: 0.8979
Epoch 34/50 - Train Loss: 0.3893 - Train Metric: 0.9047
Epoch 34/50 - Val Metric: 0.8998
Epoch 35/50 - Train Loss: 0.3852 - Train Metric: 0.9068
Epoch 35/50 - Val Metric: 0.9028
Epoch 36/50 - Train Loss: 0.3849 - Train Metric: 0.9071
Epoch 36/50 - Val Metric: 0.9014
Epoch 37/50 - Train Loss: 0.3809 - Train Metric: 0.9092
Epoch 37/50 - Val Metric: 0.9036
Epoch 38/50 - Train Loss: 0.3803 - Train Metric: 0.9094
Epoch 38/50 - Val Metric: 0.9031
Epoch 39/50 - Train Loss: 0.3748 - Train Metric: 0.9122
Epoch 39/50 - Val Metric: 0.9048
Epoch 40/50 - Train Loss: 0.3745 - Train Metric: 0.9123
Epoch 40/50 - Val Metric: 0.9018
Epoch 41/50 - Train Loss: 0.3705 - Train Metric: 0.9144
Epoch 41/50 - Val Metric: 0.9051
Epoch 42/50 - Train Loss: 0.3683 - Train Metric: 0.9155
Epoch 42/50 - Val Metric: 0.9075
Epoch 43/50 - Train Loss: 0.3643 - Train Metric: 0.9174
Epoch 43/50 - Val Metric: 0.9029
Epoch 44/50 - Train Loss: 0.3628 - Train Metric: 0.9181
Epoch 44/50 - Val Metric: 0.9086
Epoch 45/50 - Train Loss: 0.3595 - Train Metric: 0.9197
Epoch 45/50 - Val Metric: 0.9078
Epoch 46/50 - Train Loss: 0.3575 - Train Metric: 0.9206
Epoch 46/50 - Val Metric: 0.9090
Epoch 47/50 - Train Loss: 0.3542 - Train Metric: 0.9221
Epoch 47/50 - Val Metric: 0.9090
Epoch 48/50 - Train Loss: 0.3520 - Train Metric: 0.9232
Epoch 48/50 - Val Metric: 0.9101
Epoch 49/50 - Train Loss: 0.3493 - Train Metric: 0.9244
Epoch 49/50 - Val Metric: 0.9102
Epoch 50/50 - Train Loss: 0.3477 - Train Metric: 0.9251
Epoch 50/50 - Val Metric: 0.9085
Best val: 0.9102, Best test: 0.9014
Training set has 30779 instances
Validation set has 3847 instances
Test set has 3848 instances
Epoch 1/50 - Train Loss: 0.5988 - Train Metric: 0.6995
Epoch 1/50 - Val Metric: 0.8228
Epoch 2/50 - Train Loss: 0.5015 - Train Metric: 0.8306
Epoch 2/50 - Val Metric: 0.8319
Epoch 3/50 - Train Loss: 0.4880 - Train Metric: 0.8404
Epoch 3/50 - Val Metric: 0.8416
Epoch 4/50 - Train Loss: 0.4812 - Train Metric: 0.8459
Epoch 4/50 - Val Metric: 0.8431
Epoch 5/50 - Train Loss: 0.4756 - Train Metric: 0.8497
Epoch 5/50 - Val Metric: 0.8465
Hyper-parameter search done. Found the best config.
Repeat experiments 5 times with the best train config {'batch_size': 128, 'gamma_rate': 1.0, 'base_lr': 0.001} and model config {'num_heads': 8, 'num_layers': 8, 'num_latents': 32, 'hidden_dim': 32, 'mlp_ratio': 0.5, 'dropout_prob': 0, 'top_k': 3}.
Training set has 30779 instances
Validation set has 3847 instances
Test set has 3848 instances
Epoch 1/50 - Train Loss: 0.5989 - Train Metric: 0.7053
Epoch 1/50 - Val Metric: 0.8373
Epoch 2/50 - Train Loss: 0.5077 - Train Metric: 0.8263
Epoch 2/50 - Val Metric: 0.8393
Epoch 3/50 - Train Loss: 0.4997 - Train Metric: 0.8319
Epoch 3/50 - Val Metric: 0.8414
Epoch 4/50 - Train Loss: 0.4930 - Train Metric: 0.8371
Epoch 4/50 - Val Metric: 0.8517
Epoch 5/50 - Train Loss: 0.4846 - Train Metric: 0.8433
Epoch 5/50 - Val Metric: 0.8544
Epoch 6/50 - Train Loss: 0.4816 - Train Metric: 0.8455
Epoch 6/50 - Val Metric: 0.8531
Epoch 7/50 - Train Loss: 0.4779 - Train Metric: 0.8488
Epoch 7/50 - Val Metric: 0.8562
Epoch 8/50 - Train Loss: 0.4739 - Train Metric: 0.8519
Epoch 8/50 - Val Metric: 0.8645
Epoch 9/50 - Train Loss: 0.4679 - Train Metric: 0.8565
Epoch 9/50 - Val Metric: 0.8616
Epoch 10/50 - Train Loss: 0.4642 - Train Metric: 0.8594
Epoch 10/50 - Val Metric: 0.8713
Epoch 11/50 - Train Loss: 0.4593 - Train Metric: 0.8628
Epoch 11/50 - Val Metric: 0.8725
Epoch 12/50 - Train Loss: 0.4570 - Train Metric: 0.8645
Epoch 12/50 - Val Metric: 0.8756
Epoch 13/50 - Train Loss: 0.4494 - Train Metric: 0.8697
Epoch 13/50 - Val Metric: 0.8803
Epoch 14/50 - Train Loss: 0.4460 - Train Metric: 0.8719
Epoch 14/50 - Val Metric: 0.8821
Epoch 15/50 - Train Loss: 0.4380 - Train Metric: 0.8770
Epoch 15/50 - Val Metric: 0.8802
Epoch 16/50 - Train Loss: 0.4345 - Train Metric: 0.8794
Epoch 16/50 - Val Metric: 0.8765
Epoch 17/50 - Train Loss: 0.4341 - Train Metric: 0.8796
Epoch 17/50 - Val Metric: 0.8854
Epoch 18/50 - Train Loss: 0.4275 - Train Metric: 0.8838
Epoch 18/50 - Val Metric: 0.8917
Epoch 19/50 - Train Loss: 0.4258 - Train Metric: 0.8847
Epoch 19/50 - Val Metric: 0.8885
Epoch 20/50 - Train Loss: 0.4184 - Train Metric: 0.8891
Epoch 20/50 - Val Metric: 0.8920
Epoch 21/50 - Train Loss: 0.4158 - Train Metric: 0.8903
Epoch 21/50 - Val Metric: 0.8976
Epoch 22/50 - Train Loss: 0.4095 - Train Metric: 0.8937
Epoch 22/50 - Val Metric: 0.8987
Epoch 23/50 - Train Loss: 0.4103 - Train Metric: 0.8935
Epoch 23/50 - Val Metric: 0.8985
Epoch 24/50 - Train Loss: 0.4047 - Train Metric: 0.8966
Epoch 24/50 - Val Metric: 0.8991
Epoch 25/50 - Train Loss: 0.4045 - Train Metric: 0.8967
Epoch 25/50 - Val Metric: 0.8998
Epoch 26/50 - Train Loss: 0.4003 - Train Metric: 0.8988
Epoch 26/50 - Val Metric: 0.8995
Epoch 27/50 - Train Loss: 0.3968 - Train Metric: 0.9008
Epoch 27/50 - Val Metric: 0.9026
Epoch 28/50 - Train Loss: 0.3946 - Train Metric: 0.9020
Epoch 28/50 - Val Metric: 0.9039
Epoch 29/50 - Train Loss: 0.3896 - Train Metric: 0.9044
Epoch 29/50 - Val Metric: 0.9076
Epoch 30/50 - Train Loss: 0.3834 - Train Metric: 0.9078
Epoch 30/50 - Val Metric: 0.9090
Epoch 31/50 - Train Loss: 0.3875 - Train Metric: 0.9056
Epoch 31/50 - Val Metric: 0.9075
Epoch 32/50 - Train Loss: 0.3817 - Train Metric: 0.9084
Epoch 32/50 - Val Metric: 0.9088
Epoch 33/50 - Train Loss: 0.3863 - Train Metric: 0.9061
Epoch 33/50 - Val Metric: 0.9012
Epoch 34/50 - Train Loss: 0.3845 - Train Metric: 0.9071
Epoch 34/50 - Val Metric: 0.9062
Epoch 35/50 - Train Loss: 0.3764 - Train Metric: 0.9110
Epoch 35/50 - Val Metric: 0.9033
Epoch 36/50 - Train Loss: 0.3780 - Train Metric: 0.9100
Epoch 36/50 - Val Metric: 0.9099
Epoch 37/50 - Train Loss: 0.3718 - Train Metric: 0.9134
Epoch 37/50 - Val Metric: 0.9076
Epoch 38/50 - Train Loss: 0.3724 - Train Metric: 0.9129
Epoch 38/50 - Val Metric: 0.9056
Epoch 39/50 - Train Loss: 0.3670 - Train Metric: 0.9155
Epoch 39/50 - Val Metric: 0.9128
Epoch 40/50 - Train Loss: 0.3732 - Train Metric: 0.9126
Epoch 40/50 - Val Metric: 0.9118
Epoch 41/50 - Train Loss: 0.3659 - Train Metric: 0.9162
Epoch 41/50 - Val Metric: 0.9087
Epoch 42/50 - Train Loss: 0.3655 - Train Metric: 0.9162
Epoch 42/50 - Val Metric: 0.9137
Epoch 43/50 - Train Loss: 0.3661 - Train Metric: 0.9161
Epoch 43/50 - Val Metric: 0.9105
Epoch 44/50 - Train Loss: 0.3556 - Train Metric: 0.9209
Epoch 44/50 - Val Metric: 0.9163
Epoch 45/50 - Train Loss: 0.3557 - Train Metric: 0.9207
Epoch 45/50 - Val Metric: 0.9147
Epoch 46/50 - Train Loss: 0.3580 - Train Metric: 0.9197
Epoch 46/50 - Val Metric: 0.9148
Epoch 47/50 - Train Loss: 0.3556 - Train Metric: 0.9209
Epoch 47/50 - Val Metric: 0.9170
Epoch 48/50 - Train Loss: 0.3505 - Train Metric: 0.9231
Epoch 48/50 - Val Metric: 0.9141
Epoch 49/50 - Train Loss: 0.3510 - Train Metric: 0.9229
Epoch 49/50 - Val Metric: 0.9117
Epoch 50/50 - Train Loss: 0.3479 - Train Metric: 0.9244
Epoch 50/50 - Val Metric: 0.9089
Best val: 0.9170, Best test: 0.9220
Training set has 30779 instances
Validation set has 3847 instances
Test set has 3848 instances
Epoch 1/50 - Train Loss: 0.6395 - Train Metric: 0.6287
Epoch 1/50 - Val Metric: 0.8281
Epoch 2/50 - Train Loss: 0.5144 - Train Metric: 0.8220
Epoch 2/50 - Val Metric: 0.8439
Epoch 3/50 - Train Loss: 0.5044 - Train Metric: 0.8301
Epoch 3/50 - Val Metric: 0.8534
Epoch 4/50 - Train Loss: 0.4968 - Train Metric: 0.8361
Epoch 4/50 - Val Metric: 0.8561
Epoch 5/50 - Train Loss: 0.4841 - Train Metric: 0.8450
Epoch 5/50 - Val Metric: 0.8592
Epoch 6/50 - Train Loss: 0.4827 - Train Metric: 0.8456
Epoch 6/50 - Val Metric: 0.8621
Epoch 7/50 - Train Loss: 0.4778 - Train Metric: 0.8492
Epoch 7/50 - Val Metric: 0.8648
Epoch 8/50 - Train Loss: 0.4761 - Train Metric: 0.8504
Epoch 8/50 - Val Metric: 0.8552
Epoch 9/50 - Train Loss: 0.4710 - Train Metric: 0.8540
Epoch 9/50 - Val Metric: 0.8676
Epoch 10/50 - Train Loss: 0.4695 - Train Metric: 0.8556
Epoch 10/50 - Val Metric: 0.8677
Epoch 11/50 - Train Loss: 0.4682 - Train Metric: 0.8569
Epoch 11/50 - Val Metric: 0.8732
Epoch 12/50 - Train Loss: 0.4654 - Train Metric: 0.8584
Epoch 12/50 - Val Metric: 0.8714
Epoch 13/50 - Train Loss: 0.4638 - Train Metric: 0.8597
Epoch 13/50 - Val Metric: 0.8671
Epoch 14/50 - Train Loss: 0.4621 - Train Metric: 0.8603
Epoch 14/50 - Val Metric: 0.8753
Epoch 15/50 - Train Loss: 0.4573 - Train Metric: 0.8636
Epoch 15/50 - Val Metric: 0.8755
Epoch 16/50 - Train Loss: 0.4621 - Train Metric: 0.8607
Epoch 16/50 - Val Metric: 0.8760
Epoch 17/50 - Train Loss: 0.4562 - Train Metric: 0.8649
Epoch 17/50 - Val Metric: 0.8776
Epoch 18/50 - Train Loss: 0.4537 - Train Metric: 0.8661
Epoch 18/50 - Val Metric: 0.8777
Epoch 19/50 - Train Loss: 0.4528 - Train Metric: 0.8671
Epoch 19/50 - Val Metric: 0.8780
Epoch 20/50 - Train Loss: 0.4505 - Train Metric: 0.8682
Epoch 20/50 - Val Metric: 0.8816
Epoch 21/50 - Train Loss: 0.4495 - Train Metric: 0.8694
Epoch 21/50 - Val Metric: 0.8811
Epoch 22/50 - Train Loss: 0.4472 - Train Metric: 0.8705
Epoch 22/50 - Val Metric: 0.8818
Epoch 23/50 - Train Loss: 0.4446 - Train Metric: 0.8723
Epoch 23/50 - Val Metric: 0.8852
Epoch 24/50 - Train Loss: 0.4435 - Train Metric: 0.8729
Epoch 24/50 - Val Metric: 0.8855
Epoch 25/50 - Train Loss: 0.4414 - Train Metric: 0.8741
Epoch 25/50 - Val Metric: 0.8843
Epoch 26/50 - Train Loss: 0.4408 - Train Metric: 0.8748
Epoch 26/50 - Val Metric: 0.8860
Epoch 27/50 - Train Loss: 0.4382 - Train Metric: 0.8765
Epoch 27/50 - Val Metric: 0.8822
Epoch 28/50 - Train Loss: 0.4374 - Train Metric: 0.8769
Epoch 28/50 - Val Metric: 0.8835
Epoch 29/50 - Train Loss: 0.4350 - Train Metric: 0.8782
Epoch 29/50 - Val Metric: 0.8872
Epoch 30/50 - Train Loss: 0.4333 - Train Metric: 0.8796
Epoch 30/50 - Val Metric: 0.8887
Epoch 31/50 - Train Loss: 0.4380 - Train Metric: 0.8771
Epoch 31/50 - Val Metric: 0.8901
Epoch 32/50 - Train Loss: 0.4273 - Train Metric: 0.8837
Epoch 32/50 - Val Metric: 0.8895
Epoch 33/50 - Train Loss: 0.4243 - Train Metric: 0.8852
Epoch 33/50 - Val Metric: 0.8913
Epoch 34/50 - Train Loss: 0.4223 - Train Metric: 0.8868
Epoch 34/50 - Val Metric: 0.8947
Epoch 35/50 - Train Loss: 0.4211 - Train Metric: 0.8872
Epoch 35/50 - Val Metric: 0.8918
Epoch 36/50 - Train Loss: 0.4202 - Train Metric: 0.8878
Epoch 36/50 - Val Metric: 0.8935
Epoch 37/50 - Train Loss: 0.4173 - Train Metric: 0.8895
Epoch 37/50 - Val Metric: 0.8940
Epoch 38/50 - Train Loss: 0.4119 - Train Metric: 0.8927
Epoch 38/50 - Val Metric: 0.8948
Epoch 39/50 - Train Loss: 0.4079 - Train Metric: 0.8947
Epoch 39/50 - Val Metric: 0.8990
Epoch 40/50 - Train Loss: 0.4076 - Train Metric: 0.8951
Epoch 40/50 - Val Metric: 0.8982
Epoch 41/50 - Train Loss: 0.4069 - Train Metric: 0.8954
Epoch 41/50 - Val Metric: 0.8978
Epoch 42/50 - Train Loss: 0.4030 - Train Metric: 0.8976
Epoch 42/50 - Val Metric: 0.8991
Epoch 43/50 - Train Loss: 0.3985 - Train Metric: 0.9000
Epoch 43/50 - Val Metric: 0.9039
Epoch 44/50 - Train Loss: 0.4043 - Train Metric: 0.8967
Epoch 44/50 - Val Metric: 0.9016
Epoch 45/50 - Train Loss: 0.3977 - Train Metric: 0.9003
Epoch 45/50 - Val Metric: 0.9024
Epoch 46/50 - Train Loss: 0.3953 - Train Metric: 0.9019
Epoch 46/50 - Val Metric: 0.9020
Epoch 47/50 - Train Loss: 0.3940 - Train Metric: 0.9024
Epoch 47/50 - Val Metric: 0.9068
Epoch 48/50 - Train Loss: 0.3924 - Train Metric: 0.9030
Epoch 48/50 - Val Metric: 0.9059
Epoch 49/50 - Train Loss: 0.3871 - Train Metric: 0.9059
Epoch 49/50 - Val Metric: 0.9045
Epoch 50/50 - Train Loss: 0.3861 - Train Metric: 0.9065
Epoch 50/50 - Val Metric: 0.9038
Best val: 0.9068, Best test: 0.8991
Training set has 30779 instances
Validation set has 3847 instances
Test set has 3848 instances
Epoch 1/50 - Train Loss: 0.6445 - Train Metric: 0.5955
Epoch 1/50 - Val Metric: 0.8258
Epoch 2/50 - Train Loss: 0.5095 - Train Metric: 0.8258
Epoch 2/50 - Val Metric: 0.8379
Epoch 3/50 - Train Loss: 0.4942 - Train Metric: 0.8378
Epoch 3/50 - Val Metric: 0.8464
Epoch 4/50 - Train Loss: 0.4824 - Train Metric: 0.8472
Epoch 4/50 - Val Metric: 0.8547
Epoch 5/50 - Train Loss: 0.4756 - Train Metric: 0.8521
Epoch 5/50 - Val Metric: 0.8576
Epoch 6/50 - Train Loss: 0.4721 - Train Metric: 0.8539
Epoch 6/50 - Val Metric: 0.8565
Epoch 7/50 - Train Loss: 0.4702 - Train Metric: 0.8550
Epoch 7/50 - Val Metric: 0.8561
Epoch 8/50 - Train Loss: 0.4691 - Train Metric: 0.8560
Epoch 8/50 - Val Metric: 0.8571
Epoch 9/50 - Train Loss: 0.4655 - Train Metric: 0.8585
Epoch 9/50 - Val Metric: 0.8598
Epoch 10/50 - Train Loss: 0.4625 - Train Metric: 0.8610
Epoch 10/50 - Val Metric: 0.8645
Epoch 11/50 - Train Loss: 0.4591 - Train Metric: 0.8629
Epoch 11/50 - Val Metric: 0.8634
Epoch 12/50 - Train Loss: 0.4571 - Train Metric: 0.8643
Epoch 12/50 - Val Metric: 0.8669
Epoch 13/50 - Train Loss: 0.4533 - Train Metric: 0.8670
Epoch 13/50 - Val Metric: 0.8681
Epoch 14/50 - Train Loss: 0.4489 - Train Metric: 0.8699
Epoch 14/50 - Val Metric: 0.8691
Epoch 15/50 - Train Loss: 0.4468 - Train Metric: 0.8714
Epoch 15/50 - Val Metric: 0.8746
Epoch 16/50 - Train Loss: 0.4406 - Train Metric: 0.8755
Epoch 16/50 - Val Metric: 0.8739
Epoch 17/50 - Train Loss: 0.4382 - Train Metric: 0.8767
Epoch 17/50 - Val Metric: 0.8775
Epoch 18/50 - Train Loss: 0.4401 - Train Metric: 0.8756
Epoch 18/50 - Val Metric: 0.8751
Epoch 19/50 - Train Loss: 0.4360 - Train Metric: 0.8784
Epoch 19/50 - Val Metric: 0.8748
Epoch 20/50 - Train Loss: 0.4328 - Train Metric: 0.8801
Epoch 20/50 - Val Metric: 0.8776
Epoch 21/50 - Train Loss: 0.4270 - Train Metric: 0.8834
Epoch 21/50 - Val Metric: 0.8788
Epoch 22/50 - Train Loss: 0.4260 - Train Metric: 0.8842
Epoch 22/50 - Val Metric: 0.8821
Epoch 23/50 - Train Loss: 0.4232 - Train Metric: 0.8858
Epoch 23/50 - Val Metric: 0.8777
Epoch 24/50 - Train Loss: 0.4199 - Train Metric: 0.8875
Epoch 24/50 - Val Metric: 0.8833
Epoch 25/50 - Train Loss: 0.4155 - Train Metric: 0.8903
Epoch 25/50 - Val Metric: 0.8882
Epoch 26/50 - Train Loss: 0.4133 - Train Metric: 0.8914
Epoch 26/50 - Val Metric: 0.8891
Epoch 27/50 - Train Loss: 0.4101 - Train Metric: 0.8934
Epoch 27/50 - Val Metric: 0.8928
Epoch 28/50 - Train Loss: 0.4080 - Train Metric: 0.8944
Epoch 28/50 - Val Metric: 0.8924
Epoch 29/50 - Train Loss: 0.4058 - Train Metric: 0.8958
Epoch 29/50 - Val Metric: 0.8943
Epoch 30/50 - Train Loss: 0.4040 - Train Metric: 0.8967
Epoch 30/50 - Val Metric: 0.8925
Epoch 31/50 - Train Loss: 0.4001 - Train Metric: 0.8987
Epoch 31/50 - Val Metric: 0.8978
Epoch 32/50 - Train Loss: 0.3995 - Train Metric: 0.8991
Epoch 32/50 - Val Metric: 0.8928
Epoch 33/50 - Train Loss: 0.3993 - Train Metric: 0.8991
Epoch 33/50 - Val Metric: 0.8975
Epoch 34/50 - Train Loss: 0.4040 - Train Metric: 0.8970
Epoch 34/50 - Val Metric: 0.8952
Epoch 35/50 - Train Loss: 0.3982 - Train Metric: 0.8998
Epoch 35/50 - Val Metric: 0.8917
Epoch 36/50 - Train Loss: 0.3956 - Train Metric: 0.9010
Epoch 36/50 - Val Metric: 0.8958
Epoch 37/50 - Train Loss: 0.3944 - Train Metric: 0.9019
Epoch 37/50 - Val Metric: 0.8989
Epoch 38/50 - Train Loss: 0.3883 - Train Metric: 0.9049
Epoch 38/50 - Val Metric: 0.8999
Epoch 39/50 - Train Loss: 0.3852 - Train Metric: 0.9067
Epoch 39/50 - Val Metric: 0.8996
Epoch 40/50 - Train Loss: 0.3839 - Train Metric: 0.9074
Epoch 40/50 - Val Metric: 0.9001
Epoch 41/50 - Train Loss: 0.3849 - Train Metric: 0.9067
Epoch 41/50 - Val Metric: 0.8999
Epoch 42/50 - Train Loss: 0.3827 - Train Metric: 0.9079
Epoch 42/50 - Val Metric: 0.9018
Epoch 43/50 - Train Loss: 0.3780 - Train Metric: 0.9104
Epoch 43/50 - Val Metric: 0.8973
Epoch 44/50 - Train Loss: 0.3833 - Train Metric: 0.9075
Epoch 44/50 - Val Metric: 0.8954
Epoch 45/50 - Train Loss: 0.3887 - Train Metric: 0.9049
Epoch 45/50 - Val Metric: 0.9008
Epoch 46/50 - Train Loss: 0.3765 - Train Metric: 0.9109
Epoch 46/50 - Val Metric: 0.9073
Epoch 47/50 - Train Loss: 0.3699 - Train Metric: 0.9144
Epoch 47/50 - Val Metric: 0.9087
Epoch 48/50 - Train Loss: 0.3717 - Train Metric: 0.9134
Epoch 48/50 - Val Metric: 0.9039
Epoch 49/50 - Train Loss: 0.3731 - Train Metric: 0.9128
Epoch 49/50 - Val Metric: 0.9049
Epoch 50/50 - Train Loss: 0.3678 - Train Metric: 0.9152
Epoch 50/50 - Val Metric: 0.9067
Best val: 0.9087, Best test: 0.9159
Training set has 30779 instances
Validation set has 3847 instances
Test set has 3848 instances
Epoch 1/50 - Train Loss: 0.6802 - Train Metric: 0.5679
Epoch 1/50 - Val Metric: 0.7741
Epoch 2/50 - Train Loss: 0.5419 - Train Metric: 0.7843
Epoch 2/50 - Val Metric: 0.7974
Epoch 3/50 - Train Loss: 0.5194 - Train Metric: 0.8135
Epoch 3/50 - Val Metric: 0.8219
Epoch 4/50 - Train Loss: 0.4964 - Train Metric: 0.8352
Epoch 4/50 - Val Metric: 0.8329
Epoch 5/50 - Train Loss: 0.4867 - Train Metric: 0.8424
Epoch 5/50 - Val Metric: 0.8410
Epoch 6/50 - Train Loss: 0.4797 - Train Metric: 0.8478
Epoch 6/50 - Val Metric: 0.8434
Epoch 7/50 - Train Loss: 0.4800 - Train Metric: 0.8477
Epoch 7/50 - Val Metric: 0.8355
Epoch 8/50 - Train Loss: 0.4739 - Train Metric: 0.8517
Epoch 8/50 - Val Metric: 0.8437
Epoch 9/50 - Train Loss: 0.4682 - Train Metric: 0.8557
Epoch 9/50 - Val Metric: 0.8463
Epoch 10/50 - Train Loss: 0.4670 - Train Metric: 0.8569
Epoch 10/50 - Val Metric: 0.8517
Epoch 11/50 - Train Loss: 0.4630 - Train Metric: 0.8597
Epoch 11/50 - Val Metric: 0.8557
Epoch 12/50 - Train Loss: 0.4599 - Train Metric: 0.8621
Epoch 12/50 - Val Metric: 0.8553
Epoch 13/50 - Train Loss: 0.4578 - Train Metric: 0.8634
Epoch 13/50 - Val Metric: 0.8547
Epoch 14/50 - Train Loss: 0.4551 - Train Metric: 0.8653
Epoch 14/50 - Val Metric: 0.8619
Epoch 15/50 - Train Loss: 0.4481 - Train Metric: 0.8700
Epoch 15/50 - Val Metric: 0.8641
Epoch 16/50 - Train Loss: 0.4449 - Train Metric: 0.8723
Epoch 16/50 - Val Metric: 0.8683
Epoch 17/50 - Train Loss: 0.4449 - Train Metric: 0.8723
Epoch 17/50 - Val Metric: 0.8658
Epoch 18/50 - Train Loss: 0.4408 - Train Metric: 0.8747
Epoch 18/50 - Val Metric: 0.8694
Epoch 19/50 - Train Loss: 0.4379 - Train Metric: 0.8769
Epoch 19/50 - Val Metric: 0.8724
Epoch 20/50 - Train Loss: 0.4291 - Train Metric: 0.8823
Epoch 20/50 - Val Metric: 0.8762
Epoch 21/50 - Train Loss: 0.4288 - Train Metric: 0.8825
Epoch 21/50 - Val Metric: 0.8822
Epoch 22/50 - Train Loss: 0.4238 - Train Metric: 0.8855
Epoch 22/50 - Val Metric: 0.8786
Epoch 23/50 - Train Loss: 0.4216 - Train Metric: 0.8869
Epoch 23/50 - Val Metric: 0.8811
Epoch 24/50 - Train Loss: 0.4184 - Train Metric: 0.8888
Epoch 24/50 - Val Metric: 0.8837
Epoch 25/50 - Train Loss: 0.4149 - Train Metric: 0.8910
Epoch 25/50 - Val Metric: 0.8824
Epoch 26/50 - Train Loss: 0.4138 - Train Metric: 0.8917
Epoch 26/50 - Val Metric: 0.8851
Epoch 27/50 - Train Loss: 0.4089 - Train Metric: 0.8942
Epoch 27/50 - Val Metric: 0.8855
Epoch 28/50 - Train Loss: 0.4076 - Train Metric: 0.8950
Epoch 28/50 - Val Metric: 0.8831
Epoch 29/50 - Train Loss: 0.4063 - Train Metric: 0.8959
Epoch 29/50 - Val Metric: 0.8901
Epoch 30/50 - Train Loss: 0.4001 - Train Metric: 0.8991
Epoch 30/50 - Val Metric: 0.8927
Epoch 31/50 - Train Loss: 0.4001 - Train Metric: 0.8991
Epoch 31/50 - Val Metric: 0.8887
Epoch 32/50 - Train Loss: 0.3952 - Train Metric: 0.9018
Epoch 32/50 - Val Metric: 0.8877
Epoch 33/50 - Train Loss: 0.3963 - Train Metric: 0.9012
Epoch 33/50 - Val Metric: 0.8916
Epoch 34/50 - Train Loss: 0.3945 - Train Metric: 0.9024
Epoch 34/50 - Val Metric: 0.8868
Epoch 35/50 - Train Loss: 0.3951 - Train Metric: 0.9017
Epoch 35/50 - Val Metric: 0.8907
Epoch 36/50 - Train Loss: 0.3886 - Train Metric: 0.9052
Epoch 36/50 - Val Metric: 0.8931
Epoch 37/50 - Train Loss: 0.3882 - Train Metric: 0.9054
Epoch 37/50 - Val Metric: 0.8923
Epoch 38/50 - Train Loss: 0.3858 - Train Metric: 0.9065
Epoch 38/50 - Val Metric: 0.8993
Epoch 39/50 - Train Loss: 0.3841 - Train Metric: 0.9075
Epoch 39/50 - Val Metric: 0.8948
Epoch 40/50 - Train Loss: 0.3821 - Train Metric: 0.9085
Epoch 40/50 - Val Metric: 0.8975
Epoch 41/50 - Train Loss: 0.3770 - Train Metric: 0.9111
Epoch 41/50 - Val Metric: 0.8880
Epoch 42/50 - Train Loss: 0.3800 - Train Metric: 0.9096
Epoch 42/50 - Val Metric: 0.9048
Epoch 43/50 - Train Loss: 0.3716 - Train Metric: 0.9136
Epoch 43/50 - Val Metric: 0.9027
Epoch 44/50 - Train Loss: 0.3678 - Train Metric: 0.9155
Epoch 44/50 - Val Metric: 0.8986
Epoch 45/50 - Train Loss: 0.3688 - Train Metric: 0.9150
Epoch 45/50 - Val Metric: 0.9013
Epoch 46/50 - Train Loss: 0.3644 - Train Metric: 0.9172
Epoch 46/50 - Val Metric: 0.9029
Epoch 47/50 - Train Loss: 0.3650 - Train Metric: 0.9169
Epoch 47/50 - Val Metric: 0.8946
Epoch 48/50 - Train Loss: 0.3647 - Train Metric: 0.9171
Epoch 48/50 - Val Metric: 0.9023
Epoch 49/50 - Train Loss: 0.3619 - Train Metric: 0.9184
Epoch 49/50 - Val Metric: 0.9005
Epoch 50/50 - Train Loss: 0.3565 - Train Metric: 0.9208
Epoch 50/50 - Val Metric: 0.9065
Best val: 0.9065, Best test: 0.9062
Training set has 30779 instances
Validation set has 3847 instances
Test set has 3848 instances
Epoch 1/50 - Train Loss: 0.5960 - Train Metric: 0.6998
Epoch 1/50 - Val Metric: 0.8321
Epoch 2/50 - Train Loss: 0.5024 - Train Metric: 0.8305
Epoch 2/50 - Val Metric: 0.8396
Epoch 3/50 - Train Loss: 0.4929 - Train Metric: 0.8380
Epoch 3/50 - Val Metric: 0.8468
Epoch 4/50 - Train Loss: 0.4931 - Train Metric: 0.8376
Epoch 4/50 - Val Metric: 0.8452
Epoch 5/50 - Train Loss: 0.4882 - Train Metric: 0.8412
Epoch 5/50 - Val Metric: 0.8436
Epoch 6/50 - Train Loss: 0.4818 - Train Metric: 0.8463
Epoch 6/50 - Val Metric: 0.8494
Epoch 7/50 - Train Loss: 0.4814 - Train Metric: 0.8465
Epoch 7/50 - Val Metric: 0.8490
Epoch 8/50 - Train Loss: 0.4755 - Train Metric: 0.8508
Epoch 8/50 - Val Metric: 0.8484
Epoch 9/50 - Train Loss: 0.4782 - Train Metric: 0.8493
Epoch 9/50 - Val Metric: 0.8546
Epoch 10/50 - Train Loss: 0.4715 - Train Metric: 0.8540
Epoch 10/50 - Val Metric: 0.8557
Epoch 11/50 - Train Loss: 0.4638 - Train Metric: 0.8600
Epoch 11/50 - Val Metric: 0.8581
Epoch 12/50 - Train Loss: 0.4598 - Train Metric: 0.8629
Epoch 12/50 - Val Metric: 0.8632
Epoch 13/50 - Train Loss: 0.4552 - Train Metric: 0.8653
Epoch 13/50 - Val Metric: 0.8678
Epoch 14/50 - Train Loss: 0.4495 - Train Metric: 0.8695
Epoch 14/50 - Val Metric: 0.8689
Epoch 15/50 - Train Loss: 0.4454 - Train Metric: 0.8724
Epoch 15/50 - Val Metric: 0.8771
Epoch 16/50 - Train Loss: 0.4447 - Train Metric: 0.8730
Epoch 16/50 - Val Metric: 0.8690
Epoch 17/50 - Train Loss: 0.4384 - Train Metric: 0.8766
Epoch 17/50 - Val Metric: 0.8739
Epoch 18/50 - Train Loss: 0.4379 - Train Metric: 0.8776
Epoch 18/50 - Val Metric: 0.8769
Epoch 19/50 - Train Loss: 0.4377 - Train Metric: 0.8773
Epoch 19/50 - Val Metric: 0.8774
Epoch 20/50 - Train Loss: 0.4284 - Train Metric: 0.8831
Epoch 20/50 - Val Metric: 0.8799
Epoch 21/50 - Train Loss: 0.4275 - Train Metric: 0.8834
Epoch 21/50 - Val Metric: 0.8821
Epoch 22/50 - Train Loss: 0.4219 - Train Metric: 0.8869
Epoch 22/50 - Val Metric: 0.8896
Epoch 23/50 - Train Loss: 0.4232 - Train Metric: 0.8861
Epoch 23/50 - Val Metric: 0.8900
Epoch 24/50 - Train Loss: 0.4205 - Train Metric: 0.8880
Epoch 24/50 - Val Metric: 0.8864
Epoch 25/50 - Train Loss: 0.4181 - Train Metric: 0.8892
Epoch 25/50 - Val Metric: 0.8881
Epoch 26/50 - Train Loss: 0.4123 - Train Metric: 0.8926
Epoch 26/50 - Val Metric: 0.8878
Epoch 27/50 - Train Loss: 0.4119 - Train Metric: 0.8926
Epoch 27/50 - Val Metric: 0.8907
Epoch 28/50 - Train Loss: 0.4089 - Train Metric: 0.8946
Epoch 28/50 - Val Metric: 0.8935
Epoch 29/50 - Train Loss: 0.4056 - Train Metric: 0.8962
Epoch 29/50 - Val Metric: 0.8888
Epoch 30/50 - Train Loss: 0.4069 - Train Metric: 0.8956
Epoch 30/50 - Val Metric: 0.8899
Epoch 31/50 - Train Loss: 0.4033 - Train Metric: 0.8977
Epoch 31/50 - Val Metric: 0.8900
Epoch 32/50 - Train Loss: 0.4015 - Train Metric: 0.8985
Epoch 32/50 - Val Metric: 0.8953
Epoch 33/50 - Train Loss: 0.4003 - Train Metric: 0.8994
Epoch 33/50 - Val Metric: 0.8915
Epoch 34/50 - Train Loss: 0.3999 - Train Metric: 0.8994
Epoch 34/50 - Val Metric: 0.8925
Epoch 35/50 - Train Loss: 0.3987 - Train Metric: 0.8999
Epoch 35/50 - Val Metric: 0.8991
Epoch 36/50 - Train Loss: 0.3909 - Train Metric: 0.9041
Epoch 36/50 - Val Metric: 0.8971
Epoch 37/50 - Train Loss: 0.3957 - Train Metric: 0.9016
Epoch 37/50 - Val Metric: 0.9001
Epoch 38/50 - Train Loss: 0.3861 - Train Metric: 0.9066
Epoch 38/50 - Val Metric: 0.9065
Epoch 39/50 - Train Loss: 0.3867 - Train Metric: 0.9061
Epoch 39/50 - Val Metric: 0.9006
Epoch 40/50 - Train Loss: 0.3829 - Train Metric: 0.9082
Epoch 40/50 - Val Metric: 0.9074
Epoch 41/50 - Train Loss: 0.3834 - Train Metric: 0.9078
Epoch 41/50 - Val Metric: 0.8976
Epoch 42/50 - Train Loss: 0.3812 - Train Metric: 0.9090
Epoch 42/50 - Val Metric: 0.8998
Epoch 43/50 - Train Loss: 0.3782 - Train Metric: 0.9104
Epoch 43/50 - Val Metric: 0.8989
Epoch 44/50 - Train Loss: 0.3759 - Train Metric: 0.9116
Epoch 44/50 - Val Metric: 0.9017
Epoch 45/50 - Train Loss: 0.3826 - Train Metric: 0.9083
Epoch 45/50 - Val Metric: 0.8892
Epoch 46/50 - Train Loss: 0.3886 - Train Metric: 0.9053
Epoch 46/50 - Val Metric: 0.9023
Epoch 47/50 - Train Loss: 0.3726 - Train Metric: 0.9133
Epoch 47/50 - Val Metric: 0.9020
Epoch 48/50 - Train Loss: 0.3701 - Train Metric: 0.9146
Epoch 48/50 - Val Metric: 0.9106
Epoch 49/50 - Train Loss: 0.3676 - Train Metric: 0.9157
Epoch 49/50 - Val Metric: 0.9048
Epoch 50/50 - Train Loss: 0.3643 - Train Metric: 0.9174
Epoch 50/50 - Val Metric: 0.9055
Best val: 0.9106, Best test: 0.9077
[0.92200744 0.89905232 0.9159053  0.90623462 0.90773296]
