Hyper-parameter search via Optuna
Namespace(task_type='binary_classification', scale='small', idx=8, epochs=50, num_trials=20, num_repeats=5, seed=0, exp_name='MemPerceiver_ens_l2', result_path='output/binary_classification/small/8/MemPerceiver_ens_l2.pt')
Device: cuda
Start building binary_classification dataset_small_8
Training set has 30779 instances
Validation set has 3847 instances
Test set has 3848 instances
Epoch 1/50 - Train Loss: 0.6918 - Train Metric: 0.5314
Epoch 1/50 - Val Metric: 0.6264
Epoch 2/50 - Train Loss: 0.6351 - Train Metric: 0.6867
Epoch 2/50 - Val Metric: 0.7641
Epoch 3/50 - Train Loss: 0.5773 - Train Metric: 0.7644
Epoch 3/50 - Val Metric: 0.8096
Epoch 4/50 - Train Loss: 0.5324 - Train Metric: 0.8073
Epoch 4/50 - Val Metric: 0.8237
Epoch 5/50 - Train Loss: 0.5206 - Train Metric: 0.8167
Epoch 5/50 - Val Metric: 0.8231
Epoch 6/50 - Train Loss: 0.5176 - Train Metric: 0.8191
Epoch 6/50 - Val Metric: 0.8287
Epoch 7/50 - Train Loss: 0.5122 - Train Metric: 0.8234
Epoch 7/50 - Val Metric: 0.8289
Epoch 8/50 - Train Loss: 0.5105 - Train Metric: 0.8246
Epoch 8/50 - Val Metric: 0.8288
Epoch 9/50 - Train Loss: 0.5125 - Train Metric: 0.8227
Epoch 9/50 - Val Metric: 0.8334
Epoch 10/50 - Train Loss: 0.5080 - Train Metric: 0.8266
Epoch 10/50 - Val Metric: 0.8338
Epoch 11/50 - Train Loss: 0.5050 - Train Metric: 0.8293
Epoch 11/50 - Val Metric: 0.8354
Epoch 12/50 - Train Loss: 0.4986 - Train Metric: 0.8343
Epoch 12/50 - Val Metric: 0.8367
Epoch 13/50 - Train Loss: 0.4994 - Train Metric: 0.8340
Epoch 13/50 - Val Metric: 0.8382
Epoch 14/50 - Train Loss: 0.4955 - Train Metric: 0.8369
Epoch 14/50 - Val Metric: 0.8408
Epoch 15/50 - Train Loss: 0.4935 - Train Metric: 0.8384
Epoch 15/50 - Val Metric: 0.8394
Epoch 16/50 - Train Loss: 0.4912 - Train Metric: 0.8400
Epoch 16/50 - Val Metric: 0.8413
Epoch 17/50 - Train Loss: 0.4904 - Train Metric: 0.8409
Epoch 17/50 - Val Metric: 0.8418
Epoch 18/50 - Train Loss: 0.4880 - Train Metric: 0.8426
Epoch 18/50 - Val Metric: 0.8465
Epoch 19/50 - Train Loss: 0.4858 - Train Metric: 0.8436
Epoch 19/50 - Val Metric: 0.8483
Epoch 20/50 - Train Loss: 0.4878 - Train Metric: 0.8419
Epoch 20/50 - Val Metric: 0.8495
Epoch 21/50 - Train Loss: 0.4815 - Train Metric: 0.8466
Epoch 21/50 - Val Metric: 0.8501
Epoch 22/50 - Train Loss: 0.4839 - Train Metric: 0.8445
Epoch 22/50 - Val Metric: 0.8452
Epoch 23/50 - Train Loss: 0.4792 - Train Metric: 0.8481
Epoch 23/50 - Val Metric: 0.8500
Epoch 24/50 - Train Loss: 0.4779 - Train Metric: 0.8490
Epoch 24/50 - Val Metric: 0.8519
Epoch 25/50 - Train Loss: 0.4738 - Train Metric: 0.8520
Epoch 25/50 - Val Metric: 0.8532
Epoch 26/50 - Train Loss: 0.4728 - Train Metric: 0.8529
Epoch 26/50 - Val Metric: 0.8562
Epoch 27/50 - Train Loss: 0.4690 - Train Metric: 0.8555
Epoch 27/50 - Val Metric: 0.8550
Epoch 28/50 - Train Loss: 0.4676 - Train Metric: 0.8564
Epoch 28/50 - Val Metric: 0.8614
Epoch 29/50 - Train Loss: 0.4676 - Train Metric: 0.8565
Epoch 29/50 - Val Metric: 0.8597
Epoch 30/50 - Train Loss: 0.4608 - Train Metric: 0.8615
Epoch 30/50 - Val Metric: 0.8574
Epoch 31/50 - Train Loss: 0.4617 - Train Metric: 0.8608
Epoch 31/50 - Val Metric: 0.8620
Epoch 32/50 - Train Loss: 0.4582 - Train Metric: 0.8632
Epoch 32/50 - Val Metric: 0.8511
Epoch 33/50 - Train Loss: 0.4581 - Train Metric: 0.8633
Epoch 33/50 - Val Metric: 0.8667
Epoch 34/50 - Train Loss: 0.4542 - Train Metric: 0.8659
Epoch 34/50 - Val Metric: 0.8644
Epoch 35/50 - Train Loss: 0.4540 - Train Metric: 0.8660
Epoch 35/50 - Val Metric: 0.8658
Epoch 36/50 - Train Loss: 0.4492 - Train Metric: 0.8690
Epoch 36/50 - Val Metric: 0.8665
Epoch 37/50 - Train Loss: 0.4514 - Train Metric: 0.8679
Epoch 37/50 - Val Metric: 0.8633
Epoch 38/50 - Train Loss: 0.4489 - Train Metric: 0.8692
Epoch 38/50 - Val Metric: 0.8657
Epoch 39/50 - Train Loss: 0.4464 - Train Metric: 0.8711
Epoch 39/50 - Val Metric: 0.8689
Epoch 40/50 - Train Loss: 0.4475 - Train Metric: 0.8704
Epoch 40/50 - Val Metric: 0.8702
Epoch 41/50 - Train Loss: 0.4422 - Train Metric: 0.8738
Epoch 41/50 - Val Metric: 0.8671
Epoch 42/50 - Train Loss: 0.4449 - Train Metric: 0.8720
Epoch 42/50 - Val Metric: 0.8696
Epoch 43/50 - Train Loss: 0.4382 - Train Metric: 0.8765
Epoch 43/50 - Val Metric: 0.8692
Epoch 44/50 - Train Loss: 0.4376 - Train Metric: 0.8771
Epoch 44/50 - Val Metric: 0.8680
Epoch 45/50 - Train Loss: 0.4397 - Train Metric: 0.8757
Epoch 45/50 - Val Metric: 0.8719
Epoch 46/50 - Train Loss: 0.4362 - Train Metric: 0.8778
Epoch 46/50 - Val Metric: 0.8685
Epoch 47/50 - Train Loss: 0.4398 - Train Metric: 0.8755
Epoch 47/50 - Val Metric: 0.8734
Epoch 48/50 - Train Loss: 0.4325 - Train Metric: 0.8803
Epoch 48/50 - Val Metric: 0.8718
Epoch 49/50 - Train Loss: 0.4325 - Train Metric: 0.8803
Epoch 49/50 - Val Metric: 0.8731
Epoch 50/50 - Train Loss: 0.4316 - Train Metric: 0.8809
Epoch 50/50 - Val Metric: 0.8742
Best val: 0.8742, Best test: 0.8769
Training set has 30779 instances
Validation set has 3847 instances
Test set has 3848 instances
Epoch 1/50 - Train Loss: 0.6893 - Train Metric: 0.5454
Epoch 1/50 - Val Metric: 0.7284
Epoch 2/50 - Train Loss: 0.6021 - Train Metric: 0.7364
Epoch 2/50 - Val Metric: 0.8072
Epoch 3/50 - Train Loss: 0.5325 - Train Metric: 0.8052
Epoch 3/50 - Val Metric: 0.8211
Epoch 4/50 - Train Loss: 0.5217 - Train Metric: 0.8141
Epoch 4/50 - Val Metric: 0.8265
Epoch 5/50 - Train Loss: 0.5145 - Train Metric: 0.8210
Epoch 5/50 - Val Metric: 0.8282
Epoch 6/50 - Train Loss: 0.5107 - Train Metric: 0.8236
Epoch 6/50 - Val Metric: 0.8305
Epoch 7/50 - Train Loss: 0.5081 - Train Metric: 0.8259
Epoch 7/50 - Val Metric: 0.8314
Epoch 8/50 - Train Loss: 0.5048 - Train Metric: 0.8283
Epoch 8/50 - Val Metric: 0.8315
Epoch 9/50 - Train Loss: 0.5036 - Train Metric: 0.8293
Epoch 9/50 - Val Metric: 0.8311
Epoch 10/50 - Train Loss: 0.5049 - Train Metric: 0.8276
Epoch 10/50 - Val Metric: 0.8336
Epoch 11/50 - Train Loss: 0.5013 - Train Metric: 0.8309
Epoch 11/50 - Val Metric: 0.8347
Epoch 12/50 - Train Loss: 0.5006 - Train Metric: 0.8314
Epoch 12/50 - Val Metric: 0.8332
Epoch 13/50 - Train Loss: 0.4984 - Train Metric: 0.8327
Epoch 13/50 - Val Metric: 0.8389
Epoch 14/50 - Train Loss: 0.4964 - Train Metric: 0.8349
Epoch 14/50 - Val Metric: 0.8402
Epoch 15/50 - Train Loss: 0.4936 - Train Metric: 0.8366
Epoch 15/50 - Val Metric: 0.8395
Epoch 16/50 - Train Loss: 0.4909 - Train Metric: 0.8385
Epoch 16/50 - Val Metric: 0.8438
Epoch 17/50 - Train Loss: 0.4889 - Train Metric: 0.8400
Epoch 17/50 - Val Metric: 0.8455
Epoch 18/50 - Train Loss: 0.4856 - Train Metric: 0.8429
Epoch 18/50 - Val Metric: 0.8481
Epoch 19/50 - Train Loss: 0.4826 - Train Metric: 0.8449
Epoch 19/50 - Val Metric: 0.8495
Epoch 20/50 - Train Loss: 0.4797 - Train Metric: 0.8471
Epoch 20/50 - Val Metric: 0.8497
Epoch 21/50 - Train Loss: 0.4792 - Train Metric: 0.8468
Epoch 21/50 - Val Metric: 0.8509
Epoch 22/50 - Train Loss: 0.4773 - Train Metric: 0.8482
Epoch 22/50 - Val Metric: 0.8509
Epoch 23/50 - Train Loss: 0.4745 - Train Metric: 0.8507
Epoch 23/50 - Val Metric: 0.8511
Epoch 24/50 - Train Loss: 0.4754 - Train Metric: 0.8498
Epoch 24/50 - Val Metric: 0.8520
Epoch 25/50 - Train Loss: 0.4734 - Train Metric: 0.8511
Epoch 25/50 - Val Metric: 0.8542
Epoch 26/50 - Train Loss: 0.4722 - Train Metric: 0.8524
Epoch 26/50 - Val Metric: 0.8529
Epoch 27/50 - Train Loss: 0.4718 - Train Metric: 0.8526
Epoch 27/50 - Val Metric: 0.8525
Epoch 28/50 - Train Loss: 0.4701 - Train Metric: 0.8536
Epoch 28/50 - Val Metric: 0.8562
Epoch 29/50 - Train Loss: 0.4699 - Train Metric: 0.8542
Epoch 29/50 - Val Metric: 0.8561
Epoch 30/50 - Train Loss: 0.4673 - Train Metric: 0.8562
Epoch 30/50 - Val Metric: 0.8539
Epoch 31/50 - Train Loss: 0.4659 - Train Metric: 0.8576
Epoch 31/50 - Val Metric: 0.8596
Epoch 32/50 - Train Loss: 0.4642 - Train Metric: 0.8586
Epoch 32/50 - Val Metric: 0.8593
Epoch 33/50 - Train Loss: 0.4633 - Train Metric: 0.8595
Epoch 33/50 - Val Metric: 0.8611
Epoch 34/50 - Train Loss: 0.4633 - Train Metric: 0.8598
Epoch 34/50 - Val Metric: 0.8582
Epoch 35/50 - Train Loss: 0.4612 - Train Metric: 0.8612
Epoch 35/50 - Val Metric: 0.8627
Epoch 36/50 - Train Loss: 0.4580 - Train Metric: 0.8637
Epoch 36/50 - Val Metric: 0.8634
Epoch 37/50 - Train Loss: 0.4576 - Train Metric: 0.8638
Epoch 37/50 - Val Metric: 0.8633
Epoch 38/50 - Train Loss: 0.4566 - Train Metric: 0.8645
Epoch 38/50 - Val Metric: 0.8630
Epoch 39/50 - Train Loss: 0.4552 - Train Metric: 0.8656
Epoch 39/50 - Val Metric: 0.8670
Epoch 40/50 - Train Loss: 0.4550 - Train Metric: 0.8660
Epoch 40/50 - Val Metric: 0.8635
Epoch 41/50 - Train Loss: 0.4554 - Train Metric: 0.8657
Epoch 41/50 - Val Metric: 0.8652
Epoch 42/50 - Train Loss: 0.4537 - Train Metric: 0.8665
Epoch 42/50 - Val Metric: 0.8656
Epoch 43/50 - Train Loss: 0.4516 - Train Metric: 0.8679
Epoch 43/50 - Val Metric: 0.8635
Epoch 44/50 - Train Loss: 0.4523 - Train Metric: 0.8677
Epoch 44/50 - Val Metric: 0.8656
Epoch 45/50 - Train Loss: 0.4495 - Train Metric: 0.8694
Epoch 45/50 - Val Metric: 0.8662
Epoch 46/50 - Train Loss: 0.4517 - Train Metric: 0.8682
Epoch 46/50 - Val Metric: 0.8662
Epoch 47/50 - Train Loss: 0.4471 - Train Metric: 0.8711
Epoch 47/50 - Val Metric: 0.8654
Epoch 48/50 - Train Loss: 0.4474 - Train Metric: 0.8709
Epoch 48/50 - Val Metric: 0.8704
Epoch 49/50 - Train Loss: 0.4493 - Train Metric: 0.8697
Epoch 49/50 - Val Metric: 0.8658
Epoch 50/50 - Train Loss: 0.4476 - Train Metric: 0.8709
Epoch 50/50 - Val Metric: 0.8672
Best val: 0.8704, Best test: 0.8709
Training set has 30779 instances
Validation set has 3847 instances
Test set has 3848 instances
Epoch 1/50 - Train Loss: 0.6940 - Train Metric: 0.5161
Epoch 1/50 - Val Metric: 0.6106
Epoch 2/50 - Train Loss: 0.6515 - Train Metric: 0.6573
Epoch 2/50 - Val Metric: 0.7670
Epoch 3/50 - Train Loss: 0.5576 - Train Metric: 0.7860
Epoch 3/50 - Val Metric: 0.8046
Epoch 4/50 - Train Loss: 0.5301 - Train Metric: 0.8089
Epoch 4/50 - Val Metric: 0.8108
Epoch 5/50 - Train Loss: 0.5185 - Train Metric: 0.8193
Epoch 5/50 - Val Metric: 0.8161
Epoch 6/50 - Train Loss: 0.5180 - Train Metric: 0.8197
Epoch 6/50 - Val Metric: 0.8190
Epoch 7/50 - Train Loss: 0.5153 - Train Metric: 0.8220
Epoch 7/50 - Val Metric: 0.8186
Epoch 8/50 - Train Loss: 0.5117 - Train Metric: 0.8246
Epoch 8/50 - Val Metric: 0.8210
Epoch 9/50 - Train Loss: 0.5099 - Train Metric: 0.8259
Epoch 9/50 - Val Metric: 0.8227
Epoch 10/50 - Train Loss: 0.5089 - Train Metric: 0.8264
Epoch 10/50 - Val Metric: 0.8230
Epoch 11/50 - Train Loss: 0.5050 - Train Metric: 0.8295
Epoch 11/50 - Val Metric: 0.8236
Epoch 12/50 - Train Loss: 0.5040 - Train Metric: 0.8303
Epoch 12/50 - Val Metric: 0.8246
Epoch 13/50 - Train Loss: 0.5047 - Train Metric: 0.8292
Epoch 13/50 - Val Metric: 0.8252
Epoch 14/50 - Train Loss: 0.5032 - Train Metric: 0.8302
Epoch 14/50 - Val Metric: 0.8263
Epoch 15/50 - Train Loss: 0.4995 - Train Metric: 0.8331
Epoch 15/50 - Val Metric: 0.8268
Epoch 16/50 - Train Loss: 0.4973 - Train Metric: 0.8349
Epoch 16/50 - Val Metric: 0.8271
Epoch 17/50 - Train Loss: 0.4967 - Train Metric: 0.8355
Epoch 17/50 - Val Metric: 0.8277
Epoch 18/50 - Train Loss: 0.4962 - Train Metric: 0.8353
Epoch 18/50 - Val Metric: 0.8284
Epoch 19/50 - Train Loss: 0.4946 - Train Metric: 0.8365
Epoch 19/50 - Val Metric: 0.8302
Epoch 20/50 - Train Loss: 0.4930 - Train Metric: 0.8375
Epoch 20/50 - Val Metric: 0.8295
Epoch 21/50 - Train Loss: 0.4914 - Train Metric: 0.8389
Epoch 21/50 - Val Metric: 0.8309
Epoch 22/50 - Train Loss: 0.4924 - Train Metric: 0.8381
Epoch 22/50 - Val Metric: 0.8306
Epoch 23/50 - Train Loss: 0.4909 - Train Metric: 0.8389
Epoch 23/50 - Val Metric: 0.8315
Epoch 24/50 - Train Loss: 0.4903 - Train Metric: 0.8395
Epoch 24/50 - Val Metric: 0.8320
Epoch 25/50 - Train Loss: 0.4892 - Train Metric: 0.8402
Epoch 25/50 - Val Metric: 0.8322
Epoch 26/50 - Train Loss: 0.4884 - Train Metric: 0.8407
Epoch 26/50 - Val Metric: 0.8322
Epoch 27/50 - Train Loss: 0.4868 - Train Metric: 0.8420
Epoch 27/50 - Val Metric: 0.8337
Epoch 28/50 - Train Loss: 0.4876 - Train Metric: 0.8414
Epoch 28/50 - Val Metric: 0.8347
Epoch 29/50 - Train Loss: 0.4867 - Train Metric: 0.8421
Epoch 29/50 - Val Metric: 0.8351
Epoch 30/50 - Train Loss: 0.4857 - Train Metric: 0.8430
Epoch 30/50 - Val Metric: 0.8349
Epoch 31/50 - Train Loss: 0.4860 - Train Metric: 0.8421
Epoch 31/50 - Val Metric: 0.8363
Epoch 32/50 - Train Loss: 0.4852 - Train Metric: 0.8431
Epoch 32/50 - Val Metric: 0.8367
Epoch 33/50 - Train Loss: 0.4830 - Train Metric: 0.8448
Epoch 33/50 - Val Metric: 0.8362
Epoch 34/50 - Train Loss: 0.4833 - Train Metric: 0.8447
Epoch 34/50 - Val Metric: 0.8370
Epoch 35/50 - Train Loss: 0.4830 - Train Metric: 0.8449
Epoch 35/50 - Val Metric: 0.8371
Epoch 36/50 - Train Loss: 0.4829 - Train Metric: 0.8447
Epoch 36/50 - Val Metric: 0.8369
Epoch 37/50 - Train Loss: 0.4817 - Train Metric: 0.8458
Epoch 37/50 - Val Metric: 0.8391
Epoch 38/50 - Train Loss: 0.4824 - Train Metric: 0.8453
Epoch 38/50 - Val Metric: 0.8386
Epoch 39/50 - Train Loss: 0.4813 - Train Metric: 0.8461
Epoch 39/50 - Val Metric: 0.8394
Epoch 40/50 - Train Loss: 0.4802 - Train Metric: 0.8468
Epoch 40/50 - Val Metric: 0.8381
Epoch 41/50 - Train Loss: 0.4800 - Train Metric: 0.8471
Epoch 41/50 - Val Metric: 0.8399
Epoch 42/50 - Train Loss: 0.4800 - Train Metric: 0.8469
Epoch 42/50 - Val Metric: 0.8394
Epoch 43/50 - Train Loss: 0.4793 - Train Metric: 0.8477
Epoch 43/50 - Val Metric: 0.8405
Epoch 44/50 - Train Loss: 0.4784 - Train Metric: 0.8481
Epoch 44/50 - Val Metric: 0.8404
Epoch 45/50 - Train Loss: 0.4785 - Train Metric: 0.8482
Epoch 45/50 - Val Metric: 0.8404
Epoch 46/50 - Train Loss: 0.4783 - Train Metric: 0.8485
Epoch 46/50 - Val Metric: 0.8399
Epoch 47/50 - Train Loss: 0.4779 - Train Metric: 0.8488
Epoch 47/50 - Val Metric: 0.8407
Epoch 48/50 - Train Loss: 0.4779 - Train Metric: 0.8487
Epoch 48/50 - Val Metric: 0.8414
Epoch 49/50 - Train Loss: 0.4771 - Train Metric: 0.8493
Epoch 49/50 - Val Metric: 0.8414
Epoch 50/50 - Train Loss: 0.4772 - Train Metric: 0.8492
Epoch 50/50 - Val Metric: 0.8398
Best val: 0.8414, Best test: 0.8541
Training set has 30779 instances
Validation set has 3847 instances
Test set has 3848 instances
Epoch 1/50 - Train Loss: 0.6850 - Train Metric: 0.5613
Epoch 1/50 - Val Metric: 0.7973
Epoch 2/50 - Train Loss: 0.5390 - Train Metric: 0.7984
Epoch 2/50 - Val Metric: 0.8215
Epoch 3/50 - Train Loss: 0.5184 - Train Metric: 0.8150
Epoch 3/50 - Val Metric: 0.8339
Epoch 4/50 - Train Loss: 0.5061 - Train Metric: 0.8259
Epoch 4/50 - Val Metric: 0.8363
Epoch 5/50 - Train Loss: 0.5020 - Train Metric: 0.8296
Epoch 5/50 - Val Metric: 0.8411
Epoch 6/50 - Train Loss: 0.5004 - Train Metric: 0.8306
Epoch 6/50 - Val Metric: 0.8410
Epoch 7/50 - Train Loss: 0.5001 - Train Metric: 0.8309
Epoch 7/50 - Val Metric: 0.8386
Epoch 8/50 - Train Loss: 0.4947 - Train Metric: 0.8353
Epoch 8/50 - Val Metric: 0.8421
Epoch 9/50 - Train Loss: 0.4955 - Train Metric: 0.8347
Epoch 9/50 - Val Metric: 0.8401
Epoch 10/50 - Train Loss: 0.4903 - Train Metric: 0.8380
Epoch 10/50 - Val Metric: 0.8431
Epoch 11/50 - Train Loss: 0.4906 - Train Metric: 0.8379
Epoch 11/50 - Val Metric: 0.8472
Epoch 12/50 - Train Loss: 0.4864 - Train Metric: 0.8417
Epoch 12/50 - Val Metric: 0.8452
Epoch 13/50 - Train Loss: 0.4844 - Train Metric: 0.8432
Epoch 13/50 - Val Metric: 0.8480
Epoch 14/50 - Train Loss: 0.4836 - Train Metric: 0.8436
Epoch 14/50 - Val Metric: 0.8370
Epoch 15/50 - Train Loss: 0.4801 - Train Metric: 0.8462
Epoch 15/50 - Val Metric: 0.8486
Epoch 16/50 - Train Loss: 0.4769 - Train Metric: 0.8491
Epoch 16/50 - Val Metric: 0.8503
Epoch 17/50 - Train Loss: 0.4746 - Train Metric: 0.8508
Epoch 17/50 - Val Metric: 0.8467
Epoch 18/50 - Train Loss: 0.4697 - Train Metric: 0.8544
Epoch 18/50 - Val Metric: 0.8460
Epoch 19/50 - Train Loss: 0.4665 - Train Metric: 0.8565
Epoch 19/50 - Val Metric: 0.8548
Epoch 20/50 - Train Loss: 0.4620 - Train Metric: 0.8598
Epoch 20/50 - Val Metric: 0.8520
Epoch 21/50 - Train Loss: 0.4612 - Train Metric: 0.8605
Epoch 21/50 - Val Metric: 0.8550
Epoch 22/50 - Train Loss: 0.4586 - Train Metric: 0.8621
Epoch 22/50 - Val Metric: 0.8577
Epoch 23/50 - Train Loss: 0.4581 - Train Metric: 0.8624
Epoch 23/50 - Val Metric: 0.8609
Epoch 24/50 - Train Loss: 0.4566 - Train Metric: 0.8635
Epoch 24/50 - Val Metric: 0.8597
Epoch 25/50 - Train Loss: 0.4565 - Train Metric: 0.8636
Epoch 25/50 - Val Metric: 0.8665
Epoch 26/50 - Train Loss: 0.4526 - Train Metric: 0.8663
Epoch 26/50 - Val Metric: 0.8545
Epoch 27/50 - Train Loss: 0.4528 - Train Metric: 0.8663
Epoch 27/50 - Val Metric: 0.8630
Epoch 28/50 - Train Loss: 0.4523 - Train Metric: 0.8667
Epoch 28/50 - Val Metric: 0.8648
Epoch 29/50 - Train Loss: 0.4510 - Train Metric: 0.8670
Epoch 29/50 - Val Metric: 0.8655
Epoch 30/50 - Train Loss: 0.4496 - Train Metric: 0.8686
Epoch 30/50 - Val Metric: 0.8620
Epoch 31/50 - Train Loss: 0.4480 - Train Metric: 0.8694
Epoch 31/50 - Val Metric: 0.8650
Epoch 32/50 - Train Loss: 0.4469 - Train Metric: 0.8701
Epoch 32/50 - Val Metric: 0.8664
Epoch 33/50 - Train Loss: 0.4483 - Train Metric: 0.8694
Epoch 33/50 - Val Metric: 0.8625
Epoch 34/50 - Train Loss: 0.4493 - Train Metric: 0.8686
Epoch 34/50 - Val Metric: 0.8656
Epoch 35/50 - Train Loss: 0.4470 - Train Metric: 0.8703
Epoch 35/50 - Val Metric: 0.8601
Epoch 36/50 - Train Loss: 0.4478 - Train Metric: 0.8695
Epoch 36/50 - Val Metric: 0.8634
Epoch 37/50 - Train Loss: 0.4460 - Train Metric: 0.8709
Epoch 37/50 - Val Metric: 0.8639
Epoch 38/50 - Train Loss: 0.4458 - Train Metric: 0.8709
Epoch 38/50 - Val Metric: 0.8618
Epoch 39/50 - Train Loss: 0.4450 - Train Metric: 0.8714
Epoch 39/50 - Val Metric: 0.8618
Epoch 40/50 - Train Loss: 0.4447 - Train Metric: 0.8717
Epoch 40/50 - Val Metric: 0.8630
Epoch 41/50 - Train Loss: 0.4457 - Train Metric: 0.8710
Epoch 41/50 - Val Metric: 0.8633
Epoch 42/50 - Train Loss: 0.4439 - Train Metric: 0.8721
Epoch 42/50 - Val Metric: 0.8616
Epoch 43/50 - Train Loss: 0.4444 - Train Metric: 0.8719
Epoch 43/50 - Val Metric: 0.8632
Epoch 44/50 - Train Loss: 0.4447 - Train Metric: 0.8717
Epoch 44/50 - Val Metric: 0.8642
Epoch 45/50 - Train Loss: 0.4447 - Train Metric: 0.8717
Epoch 45/50 - Val Metric: 0.8640
Epoch 46/50 - Train Loss: 0.4437 - Train Metric: 0.8724
Epoch 46/50 - Val Metric: 0.8644
Epoch 47/50 - Train Loss: 0.4435 - Train Metric: 0.8727
Epoch 47/50 - Val Metric: 0.8633
Epoch 48/50 - Train Loss: 0.4433 - Train Metric: 0.8726
Epoch 48/50 - Val Metric: 0.8626
Epoch 49/50 - Train Loss: 0.4447 - Train Metric: 0.8717
Epoch 49/50 - Val Metric: 0.8634
Epoch 50/50 - Train Loss: 0.4433 - Train Metric: 0.8727
Epoch 50/50 - Val Metric: 0.8637
Best val: 0.8665, Best test: 0.8720
Training set has 30779 instances
Validation set has 3847 instances
Test set has 3848 instances
Epoch 1/50 - Train Loss: 0.6996 - Train Metric: 0.5153
Epoch 1/50 - Val Metric: 0.6818
Epoch 2/50 - Train Loss: 0.5891 - Train Metric: 0.7490
Epoch 2/50 - Val Metric: 0.8079
Epoch 3/50 - Train Loss: 0.5306 - Train Metric: 0.8054
Epoch 3/50 - Val Metric: 0.8187
Epoch 4/50 - Train Loss: 0.5228 - Train Metric: 0.8132
Epoch 4/50 - Val Metric: 0.8220
Epoch 5/50 - Train Loss: 0.5165 - Train Metric: 0.8194
Epoch 5/50 - Val Metric: 0.8250
Epoch 6/50 - Train Loss: 0.5132 - Train Metric: 0.8215
Epoch 6/50 - Val Metric: 0.8260
Epoch 7/50 - Train Loss: 0.5102 - Train Metric: 0.8239
Epoch 7/50 - Val Metric: 0.8264
Epoch 8/50 - Train Loss: 0.5092 - Train Metric: 0.8249
Epoch 8/50 - Val Metric: 0.8276
Epoch 9/50 - Train Loss: 0.5084 - Train Metric: 0.8252
Epoch 9/50 - Val Metric: 0.8287
Epoch 10/50 - Train Loss: 0.5059 - Train Metric: 0.8272
Epoch 10/50 - Val Metric: 0.8292
Epoch 11/50 - Train Loss: 0.5042 - Train Metric: 0.8284
Epoch 11/50 - Val Metric: 0.8293
Epoch 12/50 - Train Loss: 0.5046 - Train Metric: 0.8280
Epoch 12/50 - Val Metric: 0.8299
Epoch 13/50 - Train Loss: 0.5036 - Train Metric: 0.8291
Epoch 13/50 - Val Metric: 0.8309
Epoch 14/50 - Train Loss: 0.5018 - Train Metric: 0.8303
Epoch 14/50 - Val Metric: 0.8313
Epoch 15/50 - Train Loss: 0.5007 - Train Metric: 0.8311
Epoch 15/50 - Val Metric: 0.8317
Epoch 16/50 - Train Loss: 0.4999 - Train Metric: 0.8313
Epoch 16/50 - Val Metric: 0.8320
Epoch 17/50 - Train Loss: 0.4990 - Train Metric: 0.8328
Epoch 17/50 - Val Metric: 0.8329
Epoch 18/50 - Train Loss: 0.4996 - Train Metric: 0.8323
Epoch 18/50 - Val Metric: 0.8323
Epoch 19/50 - Train Loss: 0.4978 - Train Metric: 0.8334
Epoch 19/50 - Val Metric: 0.8330
Epoch 20/50 - Train Loss: 0.4972 - Train Metric: 0.8335
Epoch 20/50 - Val Metric: 0.8334
Epoch 21/50 - Train Loss: 0.4968 - Train Metric: 0.8341
Epoch 21/50 - Val Metric: 0.8335
Epoch 22/50 - Train Loss: 0.4965 - Train Metric: 0.8345
Epoch 22/50 - Val Metric: 0.8330
Epoch 23/50 - Train Loss: 0.4969 - Train Metric: 0.8340
Epoch 23/50 - Val Metric: 0.8333
Epoch 24/50 - Train Loss: 0.4957 - Train Metric: 0.8348
Epoch 24/50 - Val Metric: 0.8338
Epoch 25/50 - Train Loss: 0.4949 - Train Metric: 0.8357
Epoch 25/50 - Val Metric: 0.8340
Epoch 26/50 - Train Loss: 0.4957 - Train Metric: 0.8347
Epoch 26/50 - Val Metric: 0.8340
Epoch 27/50 - Train Loss: 0.4942 - Train Metric: 0.8361
Epoch 27/50 - Val Metric: 0.8341
Epoch 28/50 - Train Loss: 0.4936 - Train Metric: 0.8365
Epoch 28/50 - Val Metric: 0.8339
Epoch 29/50 - Train Loss: 0.4946 - Train Metric: 0.8359
Epoch 29/50 - Val Metric: 0.8341
Epoch 30/50 - Train Loss: 0.4948 - Train Metric: 0.8356
Epoch 30/50 - Val Metric: 0.8342
Epoch 31/50 - Train Loss: 0.4947 - Train Metric: 0.8355
Epoch 31/50 - Val Metric: 0.8335
Epoch 32/50 - Train Loss: 0.4947 - Train Metric: 0.8354
Epoch 32/50 - Val Metric: 0.8342
Epoch 33/50 - Train Loss: 0.4949 - Train Metric: 0.8352
Epoch 33/50 - Val Metric: 0.8343
Epoch 34/50 - Train Loss: 0.4946 - Train Metric: 0.8355
Epoch 34/50 - Val Metric: 0.8343
Epoch 35/50 - Train Loss: 0.4946 - Train Metric: 0.8354
Epoch 35/50 - Val Metric: 0.8343
Epoch 36/50 - Train Loss: 0.4940 - Train Metric: 0.8360
Epoch 36/50 - Val Metric: 0.8343
Epoch 37/50 - Train Loss: 0.4934 - Train Metric: 0.8365
Epoch 37/50 - Val Metric: 0.8343
Epoch 38/50 - Train Loss: 0.4940 - Train Metric: 0.8359
Epoch 38/50 - Val Metric: 0.8341
Epoch 39/50 - Train Loss: 0.4937 - Train Metric: 0.8360
Epoch 39/50 - Val Metric: 0.8343
Epoch 40/50 - Train Loss: 0.4931 - Train Metric: 0.8365
Epoch 40/50 - Val Metric: 0.8343
Epoch 41/50 - Train Loss: 0.4931 - Train Metric: 0.8367
Epoch 41/50 - Val Metric: 0.8343
Epoch 42/50 - Train Loss: 0.4933 - Train Metric: 0.8367
Epoch 42/50 - Val Metric: 0.8342
Epoch 43/50 - Train Loss: 0.4928 - Train Metric: 0.8369
Epoch 43/50 - Val Metric: 0.8343
Epoch 44/50 - Train Loss: 0.4936 - Train Metric: 0.8360
Epoch 44/50 - Val Metric: 0.8345
Epoch 45/50 - Train Loss: 0.4924 - Train Metric: 0.8372
Epoch 45/50 - Val Metric: 0.8343
Epoch 46/50 - Train Loss: 0.4935 - Train Metric: 0.8364
Epoch 46/50 - Val Metric: 0.8345
Epoch 47/50 - Train Loss: 0.4942 - Train Metric: 0.8358
Epoch 47/50 - Val Metric: 0.8344
Epoch 48/50 - Train Loss: 0.4931 - Train Metric: 0.8367
Epoch 48/50 - Val Metric: 0.8344
Epoch 49/50 - Train Loss: 0.4932 - Train Metric: 0.8365
Epoch 49/50 - Val Metric: 0.8344
Epoch 50/50 - Train Loss: 0.4933 - Train Metric: 0.8363
Epoch 50/50 - Val Metric: 0.8345
Best val: 0.8345, Best test: 0.8390
Training set has 30779 instances
Validation set has 3847 instances
Test set has 3848 instances
Training set has 30779 instances
Validation set has 3847 instances
Test set has 3848 instances
Training set has 30779 instances
Validation set has 3847 instances
Test set has 3848 instances
Training set has 30779 instances
Validation set has 3847 instances
Test set has 3848 instances
Epoch 1/50 - Train Loss: 0.6831 - Train Metric: 0.5757
Epoch 1/50 - Val Metric: 0.7114
Training set has 30779 instances
Validation set has 3847 instances
Test set has 3848 instances
Training set has 30779 instances
Validation set has 3847 instances
Test set has 3848 instances
Training set has 30779 instances
Validation set has 3847 instances
Test set has 3848 instances
Training set has 30779 instances
Validation set has 3847 instances
Test set has 3848 instances
Training set has 30779 instances
Validation set has 3847 instances
Test set has 3848 instances
Epoch 1/50 - Train Loss: 0.6865 - Train Metric: 0.5538
Epoch 1/50 - Val Metric: 0.7247
Training set has 30779 instances
Validation set has 3847 instances
Test set has 3848 instances
Epoch 1/50 - Train Loss: 0.6643 - Train Metric: 0.5735
Epoch 1/50 - Val Metric: 0.8249
Epoch 2/50 - Train Loss: 0.5135 - Train Metric: 0.8205
Epoch 2/50 - Val Metric: 0.8374
Epoch 3/50 - Train Loss: 0.4990 - Train Metric: 0.8327
Epoch 3/50 - Val Metric: 0.8534
Epoch 4/50 - Train Loss: 0.4866 - Train Metric: 0.8419
Epoch 4/50 - Val Metric: 0.8526
Epoch 5/50 - Train Loss: 0.4791 - Train Metric: 0.8482
Epoch 5/50 - Val Metric: 0.8507
Epoch 6/50 - Train Loss: 0.4750 - Train Metric: 0.8517
Epoch 6/50 - Val Metric: 0.8550
Epoch 7/50 - Train Loss: 0.4723 - Train Metric: 0.8535
Epoch 7/50 - Val Metric: 0.8635
Epoch 8/50 - Train Loss: 0.4692 - Train Metric: 0.8564
Epoch 8/50 - Val Metric: 0.8655
Epoch 9/50 - Train Loss: 0.4627 - Train Metric: 0.8605
Epoch 9/50 - Val Metric: 0.8652
Epoch 10/50 - Train Loss: 0.4608 - Train Metric: 0.8618
Epoch 10/50 - Val Metric: 0.8686
Epoch 11/50 - Train Loss: 0.4615 - Train Metric: 0.8612
Epoch 11/50 - Val Metric: 0.8704
Epoch 12/50 - Train Loss: 0.4515 - Train Metric: 0.8683
Epoch 12/50 - Val Metric: 0.8742
Epoch 13/50 - Train Loss: 0.4482 - Train Metric: 0.8704
Epoch 13/50 - Val Metric: 0.8692
Epoch 14/50 - Train Loss: 0.4470 - Train Metric: 0.8710
Epoch 14/50 - Val Metric: 0.8694
Epoch 15/50 - Train Loss: 0.4463 - Train Metric: 0.8714
Epoch 15/50 - Val Metric: 0.8779
Epoch 16/50 - Train Loss: 0.4380 - Train Metric: 0.8770
Epoch 16/50 - Val Metric: 0.8797
Epoch 17/50 - Train Loss: 0.4405 - Train Metric: 0.8754
Epoch 17/50 - Val Metric: 0.8822
Epoch 18/50 - Train Loss: 0.4352 - Train Metric: 0.8788
Epoch 18/50 - Val Metric: 0.8773
Epoch 19/50 - Train Loss: 0.4360 - Train Metric: 0.8781
Epoch 19/50 - Val Metric: 0.8811
Epoch 20/50 - Train Loss: 0.4264 - Train Metric: 0.8843
Epoch 20/50 - Val Metric: 0.8832
Epoch 21/50 - Train Loss: 0.4247 - Train Metric: 0.8849
Epoch 21/50 - Val Metric: 0.8912
Epoch 22/50 - Train Loss: 0.4195 - Train Metric: 0.8882
Epoch 22/50 - Val Metric: 0.8873
Epoch 23/50 - Train Loss: 0.4190 - Train Metric: 0.8885
Epoch 23/50 - Val Metric: 0.8852
Epoch 24/50 - Train Loss: 0.4204 - Train Metric: 0.8878
Epoch 24/50 - Val Metric: 0.8876
Epoch 25/50 - Train Loss: 0.4110 - Train Metric: 0.8930
Epoch 25/50 - Val Metric: 0.8941
Epoch 26/50 - Train Loss: 0.4051 - Train Metric: 0.8964
Epoch 26/50 - Val Metric: 0.8900
Epoch 27/50 - Train Loss: 0.4094 - Train Metric: 0.8942
Epoch 27/50 - Val Metric: 0.8942
Epoch 28/50 - Train Loss: 0.4014 - Train Metric: 0.8986
Epoch 28/50 - Val Metric: 0.8919
Epoch 29/50 - Train Loss: 0.3971 - Train Metric: 0.9007
Epoch 29/50 - Val Metric: 0.8954
Epoch 30/50 - Train Loss: 0.3987 - Train Metric: 0.8999
Epoch 30/50 - Val Metric: 0.8946
Epoch 31/50 - Train Loss: 0.3989 - Train Metric: 0.8999
Epoch 31/50 - Val Metric: 0.8991
Epoch 32/50 - Train Loss: 0.3911 - Train Metric: 0.9040
Epoch 32/50 - Val Metric: 0.8990
Epoch 33/50 - Train Loss: 0.3914 - Train Metric: 0.9037
Epoch 33/50 - Val Metric: 0.9015
Epoch 34/50 - Train Loss: 0.3890 - Train Metric: 0.9050
Epoch 34/50 - Val Metric: 0.9013
Epoch 35/50 - Train Loss: 0.3942 - Train Metric: 0.9023
Epoch 35/50 - Val Metric: 0.9024
Epoch 36/50 - Train Loss: 0.3849 - Train Metric: 0.9073
Epoch 36/50 - Val Metric: 0.9026
Epoch 37/50 - Train Loss: 0.3819 - Train Metric: 0.9086
Epoch 37/50 - Val Metric: 0.9042
Epoch 38/50 - Train Loss: 0.3763 - Train Metric: 0.9115
Epoch 38/50 - Val Metric: 0.9051
Epoch 39/50 - Train Loss: 0.3757 - Train Metric: 0.9117
Epoch 39/50 - Val Metric: 0.9076
Epoch 40/50 - Train Loss: 0.3733 - Train Metric: 0.9128
Epoch 40/50 - Val Metric: 0.9057
Epoch 41/50 - Train Loss: 0.3676 - Train Metric: 0.9155
Epoch 41/50 - Val Metric: 0.9067
Epoch 42/50 - Train Loss: 0.3720 - Train Metric: 0.9134
Epoch 42/50 - Val Metric: 0.9080
Epoch 43/50 - Train Loss: 0.3678 - Train Metric: 0.9154
Epoch 43/50 - Val Metric: 0.9115
Epoch 44/50 - Train Loss: 0.3622 - Train Metric: 0.9179
Epoch 44/50 - Val Metric: 0.9074
Epoch 45/50 - Train Loss: 0.3620 - Train Metric: 0.9181
Epoch 45/50 - Val Metric: 0.9129
Epoch 46/50 - Train Loss: 0.3578 - Train Metric: 0.9202
Epoch 46/50 - Val Metric: 0.9085
Epoch 47/50 - Train Loss: 0.3619 - Train Metric: 0.9182
Epoch 47/50 - Val Metric: 0.9110
Epoch 48/50 - Train Loss: 0.3570 - Train Metric: 0.9205
Epoch 48/50 - Val Metric: 0.9125
Epoch 49/50 - Train Loss: 0.3539 - Train Metric: 0.9219
Epoch 49/50 - Val Metric: 0.9068
Epoch 50/50 - Train Loss: 0.3493 - Train Metric: 0.9241
Epoch 50/50 - Val Metric: 0.9135
Best val: 0.9135, Best test: 0.9089
Training set has 30779 instances
Validation set has 3847 instances
Test set has 3848 instances
Training set has 30779 instances
Validation set has 3847 instances
Test set has 3848 instances
Epoch 1/50 - Train Loss: 0.6250 - Train Metric: 0.6711
Epoch 1/50 - Val Metric: 0.8042
Epoch 2/50 - Train Loss: 0.5097 - Train Metric: 0.8249
Epoch 2/50 - Val Metric: 0.8216
Epoch 3/50 - Train Loss: 0.5023 - Train Metric: 0.8305
Epoch 3/50 - Val Metric: 0.8264
Epoch 4/50 - Train Loss: 0.5019 - Train Metric: 0.8316
Epoch 4/50 - Val Metric: 0.8288
Epoch 5/50 - Train Loss: 0.4936 - Train Metric: 0.8378
Epoch 5/50 - Val Metric: 0.8354
Epoch 6/50 - Train Loss: 0.4837 - Train Metric: 0.8436
Epoch 6/50 - Val Metric: 0.8403
Epoch 7/50 - Train Loss: 0.4776 - Train Metric: 0.8485
Epoch 7/50 - Val Metric: 0.8433
Epoch 8/50 - Train Loss: 0.4747 - Train Metric: 0.8509
Epoch 8/50 - Val Metric: 0.8473
Epoch 9/50 - Train Loss: 0.4703 - Train Metric: 0.8538
Epoch 9/50 - Val Metric: 0.8467
Epoch 10/50 - Train Loss: 0.4688 - Train Metric: 0.8550
Epoch 10/50 - Val Metric: 0.8516
Epoch 11/50 - Train Loss: 0.4673 - Train Metric: 0.8564
Epoch 11/50 - Val Metric: 0.8502
Epoch 12/50 - Train Loss: 0.4659 - Train Metric: 0.8573
Epoch 12/50 - Val Metric: 0.8492
Epoch 13/50 - Train Loss: 0.4606 - Train Metric: 0.8614
Epoch 13/50 - Val Metric: 0.8547
Epoch 14/50 - Train Loss: 0.4587 - Train Metric: 0.8628
Epoch 14/50 - Val Metric: 0.8596
Epoch 15/50 - Train Loss: 0.4530 - Train Metric: 0.8666
Epoch 15/50 - Val Metric: 0.8572
Epoch 16/50 - Train Loss: 0.4478 - Train Metric: 0.8705
Epoch 16/50 - Val Metric: 0.8556
Epoch 17/50 - Train Loss: 0.4465 - Train Metric: 0.8715
Epoch 17/50 - Val Metric: 0.8646
Epoch 18/50 - Train Loss: 0.4464 - Train Metric: 0.8711
Epoch 18/50 - Val Metric: 0.8669
Epoch 19/50 - Train Loss: 0.4409 - Train Metric: 0.8752
Epoch 19/50 - Val Metric: 0.8682
Epoch 20/50 - Train Loss: 0.4344 - Train Metric: 0.8791
Epoch 20/50 - Val Metric: 0.8688
Epoch 21/50 - Train Loss: 0.4361 - Train Metric: 0.8779
Epoch 21/50 - Val Metric: 0.8735
Epoch 22/50 - Train Loss: 0.4280 - Train Metric: 0.8833
Epoch 22/50 - Val Metric: 0.8682
Epoch 23/50 - Train Loss: 0.4268 - Train Metric: 0.8838
Epoch 23/50 - Val Metric: 0.8742
Epoch 24/50 - Train Loss: 0.4239 - Train Metric: 0.8857
Epoch 24/50 - Val Metric: 0.8782
Epoch 25/50 - Train Loss: 0.4260 - Train Metric: 0.8846
Epoch 25/50 - Val Metric: 0.8722
Epoch 26/50 - Train Loss: 0.4182 - Train Metric: 0.8890
Epoch 26/50 - Val Metric: 0.8810
Epoch 27/50 - Train Loss: 0.4161 - Train Metric: 0.8903
Epoch 27/50 - Val Metric: 0.8695
Epoch 28/50 - Train Loss: 0.4179 - Train Metric: 0.8891
Epoch 28/50 - Val Metric: 0.8835
Epoch 29/50 - Train Loss: 0.4085 - Train Metric: 0.8947
Epoch 29/50 - Val Metric: 0.8806
Epoch 30/50 - Train Loss: 0.4061 - Train Metric: 0.8958
Epoch 30/50 - Val Metric: 0.8814
Epoch 31/50 - Train Loss: 0.4028 - Train Metric: 0.8976
Epoch 31/50 - Val Metric: 0.8880
Epoch 32/50 - Train Loss: 0.3960 - Train Metric: 0.9014
Epoch 32/50 - Val Metric: 0.8864
Epoch 33/50 - Train Loss: 0.3984 - Train Metric: 0.9000
Epoch 33/50 - Val Metric: 0.8897
Epoch 34/50 - Train Loss: 0.3869 - Train Metric: 0.9061
Epoch 34/50 - Val Metric: 0.8915
Epoch 35/50 - Train Loss: 0.3801 - Train Metric: 0.9096
Epoch 35/50 - Val Metric: 0.8927
Epoch 36/50 - Train Loss: 0.3832 - Train Metric: 0.9080
Epoch 36/50 - Val Metric: 0.8890
Epoch 37/50 - Train Loss: 0.3818 - Train Metric: 0.9086
Epoch 37/50 - Val Metric: 0.8930
Epoch 38/50 - Train Loss: 0.3782 - Train Metric: 0.9106
Epoch 38/50 - Val Metric: 0.8925
Epoch 39/50 - Train Loss: 0.3735 - Train Metric: 0.9129
Epoch 39/50 - Val Metric: 0.8906
Epoch 40/50 - Train Loss: 0.3705 - Train Metric: 0.9143
Epoch 40/50 - Val Metric: 0.8968
Epoch 41/50 - Train Loss: 0.3737 - Train Metric: 0.9127
Epoch 41/50 - Val Metric: 0.8954
Epoch 42/50 - Train Loss: 0.3640 - Train Metric: 0.9174
Epoch 42/50 - Val Metric: 0.8953
Epoch 43/50 - Train Loss: 0.3684 - Train Metric: 0.9152
Epoch 43/50 - Val Metric: 0.8923
Epoch 44/50 - Train Loss: 0.3641 - Train Metric: 0.9173
Epoch 44/50 - Val Metric: 0.8964
Epoch 45/50 - Train Loss: 0.3634 - Train Metric: 0.9176
Epoch 45/50 - Val Metric: 0.8969
Epoch 46/50 - Train Loss: 0.3523 - Train Metric: 0.9229
Epoch 46/50 - Val Metric: 0.9013
Epoch 47/50 - Train Loss: 0.3528 - Train Metric: 0.9226
Epoch 47/50 - Val Metric: 0.8986
Epoch 48/50 - Train Loss: 0.3518 - Train Metric: 0.9229
Epoch 48/50 - Val Metric: 0.9011
Epoch 49/50 - Train Loss: 0.3512 - Train Metric: 0.9233
Epoch 49/50 - Val Metric: 0.8966
Epoch 50/50 - Train Loss: 0.3538 - Train Metric: 0.9220
Epoch 50/50 - Val Metric: 0.8849
Best val: 0.9013, Best test: 0.9048
Training set has 30779 instances
Validation set has 3847 instances
Test set has 3848 instances
Training set has 30779 instances
Validation set has 3847 instances
Test set has 3848 instances
Epoch 1/50 - Train Loss: 0.6383 - Train Metric: 0.6393
Epoch 1/50 - Val Metric: 0.8210
Epoch 2/50 - Train Loss: 0.5183 - Train Metric: 0.8153
Epoch 2/50 - Val Metric: 0.8407
Epoch 3/50 - Train Loss: 0.5051 - Train Metric: 0.8281
Epoch 3/50 - Val Metric: 0.8448
Epoch 4/50 - Train Loss: 0.5012 - Train Metric: 0.8311
Epoch 4/50 - Val Metric: 0.8484
Epoch 5/50 - Train Loss: 0.4968 - Train Metric: 0.8350
Epoch 5/50 - Val Metric: 0.8508
Epoch 6/50 - Train Loss: 0.4904 - Train Metric: 0.8402
Epoch 6/50 - Val Metric: 0.8575
Epoch 7/50 - Train Loss: 0.4843 - Train Metric: 0.8453
Epoch 7/50 - Val Metric: 0.8617
Epoch 8/50 - Train Loss: 0.4792 - Train Metric: 0.8489
Epoch 8/50 - Val Metric: 0.8608
Epoch 9/50 - Train Loss: 0.4744 - Train Metric: 0.8522
Epoch 9/50 - Val Metric: 0.8644
Epoch 10/50 - Train Loss: 0.4708 - Train Metric: 0.8548
Epoch 10/50 - Val Metric: 0.8642
Epoch 11/50 - Train Loss: 0.4701 - Train Metric: 0.8553
Epoch 11/50 - Val Metric: 0.8649
Epoch 12/50 - Train Loss: 0.4620 - Train Metric: 0.8610
Epoch 12/50 - Val Metric: 0.8678
Epoch 13/50 - Train Loss: 0.4598 - Train Metric: 0.8627
Epoch 13/50 - Val Metric: 0.8723
Epoch 14/50 - Train Loss: 0.4562 - Train Metric: 0.8652
Epoch 14/50 - Val Metric: 0.8723
Epoch 15/50 - Train Loss: 0.4509 - Train Metric: 0.8686
Epoch 15/50 - Val Metric: 0.8724
Epoch 16/50 - Train Loss: 0.4481 - Train Metric: 0.8701
Epoch 16/50 - Val Metric: 0.8739
Epoch 17/50 - Train Loss: 0.4460 - Train Metric: 0.8717
Epoch 17/50 - Val Metric: 0.8748
Epoch 18/50 - Train Loss: 0.4416 - Train Metric: 0.8742
Epoch 18/50 - Val Metric: 0.8766
Epoch 19/50 - Train Loss: 0.4385 - Train Metric: 0.8761
Epoch 19/50 - Val Metric: 0.8784
Epoch 20/50 - Train Loss: 0.4351 - Train Metric: 0.8782
Epoch 20/50 - Val Metric: 0.8771
Epoch 21/50 - Train Loss: 0.4314 - Train Metric: 0.8803
Epoch 21/50 - Val Metric: 0.8756
Epoch 22/50 - Train Loss: 0.4284 - Train Metric: 0.8824
Epoch 22/50 - Val Metric: 0.8788
Epoch 23/50 - Train Loss: 0.4254 - Train Metric: 0.8841
Epoch 23/50 - Val Metric: 0.8805
Epoch 24/50 - Train Loss: 0.4215 - Train Metric: 0.8865
Epoch 24/50 - Val Metric: 0.8801
Epoch 25/50 - Train Loss: 0.4196 - Train Metric: 0.8876
Epoch 25/50 - Val Metric: 0.8794
Epoch 26/50 - Train Loss: 0.4178 - Train Metric: 0.8886
Epoch 26/50 - Val Metric: 0.8827
Epoch 27/50 - Train Loss: 0.4154 - Train Metric: 0.8900
Epoch 27/50 - Val Metric: 0.8833
Epoch 28/50 - Train Loss: 0.4128 - Train Metric: 0.8915
Epoch 28/50 - Val Metric: 0.8835
Epoch 29/50 - Train Loss: 0.4120 - Train Metric: 0.8920
Epoch 29/50 - Val Metric: 0.8850
Epoch 30/50 - Train Loss: 0.4094 - Train Metric: 0.8935
Epoch 30/50 - Val Metric: 0.8835
Epoch 31/50 - Train Loss: 0.4072 - Train Metric: 0.8947
Epoch 31/50 - Val Metric: 0.8831
Epoch 32/50 - Train Loss: 0.4062 - Train Metric: 0.8953
Epoch 32/50 - Val Metric: 0.8868
Epoch 33/50 - Train Loss: 0.4039 - Train Metric: 0.8967
Epoch 33/50 - Val Metric: 0.8857
Epoch 34/50 - Train Loss: 0.4033 - Train Metric: 0.8969
Epoch 34/50 - Val Metric: 0.8862
Epoch 35/50 - Train Loss: 0.4014 - Train Metric: 0.8980
Epoch 35/50 - Val Metric: 0.8859
Epoch 36/50 - Train Loss: 0.4007 - Train Metric: 0.8984
Epoch 36/50 - Val Metric: 0.8878
Epoch 37/50 - Train Loss: 0.4001 - Train Metric: 0.8987
Epoch 37/50 - Val Metric: 0.8860
Epoch 38/50 - Train Loss: 0.3989 - Train Metric: 0.8994
Epoch 38/50 - Val Metric: 0.8876
Epoch 39/50 - Train Loss: 0.3982 - Train Metric: 0.8997
Epoch 39/50 - Val Metric: 0.8860
Epoch 40/50 - Train Loss: 0.3979 - Train Metric: 0.9000
Epoch 40/50 - Val Metric: 0.8877
Epoch 41/50 - Train Loss: 0.3972 - Train Metric: 0.9004
Epoch 41/50 - Val Metric: 0.8871
Epoch 42/50 - Train Loss: 0.3966 - Train Metric: 0.9006
Epoch 42/50 - Val Metric: 0.8865
Epoch 43/50 - Train Loss: 0.3962 - Train Metric: 0.9009
Epoch 43/50 - Val Metric: 0.8875
Epoch 44/50 - Train Loss: 0.3957 - Train Metric: 0.9012
Epoch 44/50 - Val Metric: 0.8876
Epoch 45/50 - Train Loss: 0.3955 - Train Metric: 0.9013
Epoch 45/50 - Val Metric: 0.8873
Epoch 46/50 - Train Loss: 0.3953 - Train Metric: 0.9014
Epoch 46/50 - Val Metric: 0.8878
Epoch 47/50 - Train Loss: 0.3946 - Train Metric: 0.9018
Epoch 47/50 - Val Metric: 0.8870
Epoch 48/50 - Train Loss: 0.3948 - Train Metric: 0.9017
Epoch 48/50 - Val Metric: 0.8873
Epoch 49/50 - Train Loss: 0.3943 - Train Metric: 0.9020
Epoch 49/50 - Val Metric: 0.8874
Epoch 50/50 - Train Loss: 0.3938 - Train Metric: 0.9022
Epoch 50/50 - Val Metric: 0.8884
Best val: 0.8884, Best test: 0.8815
Training set has 30779 instances
Validation set has 3847 instances
Test set has 3848 instances
Hyper-parameter search done. Found the best config.
Repeat experiments 5 times with the best train config {'batch_size': 256, 'gamma_rate': 1.0, 'base_lr': 0.001} and model config {'num_heads': 8, 'num_layers': 4, 'num_latents': 4, 'hidden_dim': 64, 'mlp_ratio': 0.25, 'dropout_prob': 0, 'top_k': 5}.
Training set has 30779 instances
Validation set has 3847 instances
Test set has 3848 instances
Epoch 1/50 - Train Loss: 0.6831 - Train Metric: 0.5435
Epoch 1/50 - Val Metric: 0.8041
Epoch 2/50 - Train Loss: 0.5494 - Train Metric: 0.7851
Epoch 2/50 - Val Metric: 0.8305
Epoch 3/50 - Train Loss: 0.5012 - Train Metric: 0.8309
Epoch 3/50 - Val Metric: 0.8391
Epoch 4/50 - Train Loss: 0.4840 - Train Metric: 0.8447
Epoch 4/50 - Val Metric: 0.8557
Epoch 5/50 - Train Loss: 0.4780 - Train Metric: 0.8492
Epoch 5/50 - Val Metric: 0.8539
Epoch 6/50 - Train Loss: 0.4712 - Train Metric: 0.8534
Epoch 6/50 - Val Metric: 0.8614
Epoch 7/50 - Train Loss: 0.4652 - Train Metric: 0.8583
Epoch 7/50 - Val Metric: 0.8682
Epoch 8/50 - Train Loss: 0.4597 - Train Metric: 0.8625
Epoch 8/50 - Val Metric: 0.8647
Epoch 9/50 - Train Loss: 0.4570 - Train Metric: 0.8644
Epoch 9/50 - Val Metric: 0.8684
Epoch 10/50 - Train Loss: 0.4541 - Train Metric: 0.8667
Epoch 10/50 - Val Metric: 0.8710
Epoch 11/50 - Train Loss: 0.4482 - Train Metric: 0.8707
Epoch 11/50 - Val Metric: 0.8706
Epoch 12/50 - Train Loss: 0.4469 - Train Metric: 0.8713
Epoch 12/50 - Val Metric: 0.8737
Epoch 13/50 - Train Loss: 0.4401 - Train Metric: 0.8755
Epoch 13/50 - Val Metric: 0.8696
Epoch 14/50 - Train Loss: 0.4431 - Train Metric: 0.8738
Epoch 14/50 - Val Metric: 0.8741
Epoch 15/50 - Train Loss: 0.4371 - Train Metric: 0.8774
Epoch 15/50 - Val Metric: 0.8764
Epoch 16/50 - Train Loss: 0.4351 - Train Metric: 0.8787
Epoch 16/50 - Val Metric: 0.8837
Epoch 17/50 - Train Loss: 0.4272 - Train Metric: 0.8835
Epoch 17/50 - Val Metric: 0.8854
Epoch 18/50 - Train Loss: 0.4262 - Train Metric: 0.8840
Epoch 18/50 - Val Metric: 0.8770
Epoch 19/50 - Train Loss: 0.4239 - Train Metric: 0.8853
Epoch 19/50 - Val Metric: 0.8798
Epoch 20/50 - Train Loss: 0.4214 - Train Metric: 0.8868
Epoch 20/50 - Val Metric: 0.8840
Epoch 21/50 - Train Loss: 0.4139 - Train Metric: 0.8912
Epoch 21/50 - Val Metric: 0.8867
Epoch 22/50 - Train Loss: 0.4158 - Train Metric: 0.8902
Epoch 22/50 - Val Metric: 0.8900
Epoch 23/50 - Train Loss: 0.4142 - Train Metric: 0.8912
Epoch 23/50 - Val Metric: 0.8897
Epoch 24/50 - Train Loss: 0.4089 - Train Metric: 0.8942
Epoch 24/50 - Val Metric: 0.8890
Epoch 25/50 - Train Loss: 0.4065 - Train Metric: 0.8954
Epoch 25/50 - Val Metric: 0.8974
Epoch 26/50 - Train Loss: 0.4036 - Train Metric: 0.8970
Epoch 26/50 - Val Metric: 0.8931
Epoch 27/50 - Train Loss: 0.4072 - Train Metric: 0.8952
Epoch 27/50 - Val Metric: 0.8972
Epoch 28/50 - Train Loss: 0.4014 - Train Metric: 0.8980
Epoch 28/50 - Val Metric: 0.8874
Epoch 29/50 - Train Loss: 0.3973 - Train Metric: 0.9006
Epoch 29/50 - Val Metric: 0.8986
Epoch 30/50 - Train Loss: 0.3948 - Train Metric: 0.9019
Epoch 30/50 - Val Metric: 0.8986
Epoch 31/50 - Train Loss: 0.3968 - Train Metric: 0.9008
Epoch 31/50 - Val Metric: 0.8951
Epoch 32/50 - Train Loss: 0.3932 - Train Metric: 0.9026
Epoch 32/50 - Val Metric: 0.9009
Epoch 33/50 - Train Loss: 0.3905 - Train Metric: 0.9041
Epoch 33/50 - Val Metric: 0.9014
Epoch 34/50 - Train Loss: 0.3860 - Train Metric: 0.9067
Epoch 34/50 - Val Metric: 0.9045
Epoch 35/50 - Train Loss: 0.3859 - Train Metric: 0.9064
Epoch 35/50 - Val Metric: 0.8956
Epoch 36/50 - Train Loss: 0.3833 - Train Metric: 0.9078
Epoch 36/50 - Val Metric: 0.9018
Epoch 37/50 - Train Loss: 0.3806 - Train Metric: 0.9093
Epoch 37/50 - Val Metric: 0.9071
Epoch 38/50 - Train Loss: 0.3767 - Train Metric: 0.9111
Epoch 38/50 - Val Metric: 0.8996
Epoch 39/50 - Train Loss: 0.3742 - Train Metric: 0.9122
Epoch 39/50 - Val Metric: 0.9041
Epoch 40/50 - Train Loss: 0.3774 - Train Metric: 0.9109
Epoch 40/50 - Val Metric: 0.9068
Epoch 41/50 - Train Loss: 0.3721 - Train Metric: 0.9134
Epoch 41/50 - Val Metric: 0.9086
Epoch 42/50 - Train Loss: 0.3721 - Train Metric: 0.9135
Epoch 42/50 - Val Metric: 0.9038
Epoch 43/50 - Train Loss: 0.3682 - Train Metric: 0.9154
Epoch 43/50 - Val Metric: 0.9025
Epoch 44/50 - Train Loss: 0.3659 - Train Metric: 0.9162
Epoch 44/50 - Val Metric: 0.9072
Epoch 45/50 - Train Loss: 0.3651 - Train Metric: 0.9166
Epoch 45/50 - Val Metric: 0.9072
Epoch 46/50 - Train Loss: 0.3643 - Train Metric: 0.9169
Epoch 46/50 - Val Metric: 0.9091
Epoch 47/50 - Train Loss: 0.3569 - Train Metric: 0.9203
Epoch 47/50 - Val Metric: 0.9098
Epoch 48/50 - Train Loss: 0.3576 - Train Metric: 0.9202
Epoch 48/50 - Val Metric: 0.9078
Epoch 49/50 - Train Loss: 0.3635 - Train Metric: 0.9172
Epoch 49/50 - Val Metric: 0.9124
Epoch 50/50 - Train Loss: 0.3517 - Train Metric: 0.9227
Epoch 50/50 - Val Metric: 0.9096
Best val: 0.9124, Best test: 0.9008
Training set has 30779 instances
Validation set has 3847 instances
Test set has 3848 instances
Epoch 1/50 - Train Loss: 0.6665 - Train Metric: 0.5740
Epoch 1/50 - Val Metric: 0.8099
Epoch 2/50 - Train Loss: 0.5214 - Train Metric: 0.8140
Epoch 2/50 - Val Metric: 0.8290
Epoch 3/50 - Train Loss: 0.5013 - Train Metric: 0.8316
Epoch 3/50 - Val Metric: 0.8385
Epoch 4/50 - Train Loss: 0.4929 - Train Metric: 0.8366
Epoch 4/50 - Val Metric: 0.8484
Epoch 5/50 - Train Loss: 0.4851 - Train Metric: 0.8432
Epoch 5/50 - Val Metric: 0.8498
Epoch 6/50 - Train Loss: 0.4817 - Train Metric: 0.8454
Epoch 6/50 - Val Metric: 0.8529
Epoch 7/50 - Train Loss: 0.4762 - Train Metric: 0.8489
Epoch 7/50 - Val Metric: 0.8559
Epoch 8/50 - Train Loss: 0.4735 - Train Metric: 0.8516
Epoch 8/50 - Val Metric: 0.8537
Epoch 9/50 - Train Loss: 0.4688 - Train Metric: 0.8554
Epoch 9/50 - Val Metric: 0.8602
Epoch 10/50 - Train Loss: 0.4673 - Train Metric: 0.8563
Epoch 10/50 - Val Metric: 0.8621
Epoch 11/50 - Train Loss: 0.4624 - Train Metric: 0.8600
Epoch 11/50 - Val Metric: 0.8605
Epoch 12/50 - Train Loss: 0.4573 - Train Metric: 0.8637
Epoch 12/50 - Val Metric: 0.8650
Epoch 13/50 - Train Loss: 0.4534 - Train Metric: 0.8667
Epoch 13/50 - Val Metric: 0.8710
Epoch 14/50 - Train Loss: 0.4459 - Train Metric: 0.8713
Epoch 14/50 - Val Metric: 0.8742
Epoch 15/50 - Train Loss: 0.4485 - Train Metric: 0.8696
Epoch 15/50 - Val Metric: 0.8736
Epoch 16/50 - Train Loss: 0.4417 - Train Metric: 0.8743
Epoch 16/50 - Val Metric: 0.8764
Epoch 17/50 - Train Loss: 0.4404 - Train Metric: 0.8750
Epoch 17/50 - Val Metric: 0.8756
Epoch 18/50 - Train Loss: 0.4347 - Train Metric: 0.8785
Epoch 18/50 - Val Metric: 0.8778
Epoch 19/50 - Train Loss: 0.4331 - Train Metric: 0.8797
Epoch 19/50 - Val Metric: 0.8815
Epoch 20/50 - Train Loss: 0.4310 - Train Metric: 0.8810
Epoch 20/50 - Val Metric: 0.8804
Epoch 21/50 - Train Loss: 0.4266 - Train Metric: 0.8836
Epoch 21/50 - Val Metric: 0.8810
Epoch 22/50 - Train Loss: 0.4263 - Train Metric: 0.8838
Epoch 22/50 - Val Metric: 0.8813
Epoch 23/50 - Train Loss: 0.4226 - Train Metric: 0.8862
Epoch 23/50 - Val Metric: 0.8848
Epoch 24/50 - Train Loss: 0.4163 - Train Metric: 0.8898
Epoch 24/50 - Val Metric: 0.8848
Epoch 25/50 - Train Loss: 0.4155 - Train Metric: 0.8902
Epoch 25/50 - Val Metric: 0.8814
Epoch 26/50 - Train Loss: 0.4116 - Train Metric: 0.8924
Epoch 26/50 - Val Metric: 0.8864
Epoch 27/50 - Train Loss: 0.4058 - Train Metric: 0.8957
Epoch 27/50 - Val Metric: 0.8881
Epoch 28/50 - Train Loss: 0.4077 - Train Metric: 0.8948
Epoch 28/50 - Val Metric: 0.8885
Epoch 29/50 - Train Loss: 0.4038 - Train Metric: 0.8966
Epoch 29/50 - Val Metric: 0.8910
Epoch 30/50 - Train Loss: 0.4037 - Train Metric: 0.8967
Epoch 30/50 - Val Metric: 0.8944
Epoch 31/50 - Train Loss: 0.3993 - Train Metric: 0.8987
Epoch 31/50 - Val Metric: 0.8938
Epoch 32/50 - Train Loss: 0.3984 - Train Metric: 0.8995
Epoch 32/50 - Val Metric: 0.8942
Epoch 33/50 - Train Loss: 0.3967 - Train Metric: 0.9003
Epoch 33/50 - Val Metric: 0.8932
Epoch 34/50 - Train Loss: 0.3947 - Train Metric: 0.9016
Epoch 34/50 - Val Metric: 0.8958
Epoch 35/50 - Train Loss: 0.3917 - Train Metric: 0.9029
Epoch 35/50 - Val Metric: 0.8950
Epoch 36/50 - Train Loss: 0.3889 - Train Metric: 0.9046
Epoch 36/50 - Val Metric: 0.8916
Epoch 37/50 - Train Loss: 0.3886 - Train Metric: 0.9048
Epoch 37/50 - Val Metric: 0.8960
Epoch 38/50 - Train Loss: 0.3848 - Train Metric: 0.9065
Epoch 38/50 - Val Metric: 0.8962
Epoch 39/50 - Train Loss: 0.3812 - Train Metric: 0.9085
Epoch 39/50 - Val Metric: 0.8988
Epoch 40/50 - Train Loss: 0.3800 - Train Metric: 0.9091
Epoch 40/50 - Val Metric: 0.9026
Epoch 41/50 - Train Loss: 0.3771 - Train Metric: 0.9108
Epoch 41/50 - Val Metric: 0.8976
Epoch 42/50 - Train Loss: 0.3789 - Train Metric: 0.9096
Epoch 42/50 - Val Metric: 0.9014
Epoch 43/50 - Train Loss: 0.3716 - Train Metric: 0.9136
Epoch 43/50 - Val Metric: 0.9017
Epoch 44/50 - Train Loss: 0.3740 - Train Metric: 0.9122
Epoch 44/50 - Val Metric: 0.9025
Epoch 45/50 - Train Loss: 0.3674 - Train Metric: 0.9156
Epoch 45/50 - Val Metric: 0.8990
Epoch 46/50 - Train Loss: 0.3653 - Train Metric: 0.9166
Epoch 46/50 - Val Metric: 0.8998
Epoch 47/50 - Train Loss: 0.3648 - Train Metric: 0.9165
Epoch 47/50 - Val Metric: 0.8972
Epoch 48/50 - Train Loss: 0.3668 - Train Metric: 0.9159
Epoch 48/50 - Val Metric: 0.8967
Epoch 49/50 - Train Loss: 0.3653 - Train Metric: 0.9165
Epoch 49/50 - Val Metric: 0.9018
Epoch 50/50 - Train Loss: 0.3558 - Train Metric: 0.9210
Epoch 50/50 - Val Metric: 0.9028
Best val: 0.9028, Best test: 0.9107
Training set has 30779 instances
Validation set has 3847 instances
Test set has 3848 instances
Epoch 1/50 - Train Loss: 0.6891 - Train Metric: 0.5255
Epoch 1/50 - Val Metric: 0.7728
Epoch 2/50 - Train Loss: 0.5228 - Train Metric: 0.8117
Epoch 2/50 - Val Metric: 0.8327
Epoch 3/50 - Train Loss: 0.4977 - Train Metric: 0.8332
Epoch 3/50 - Val Metric: 0.8386
Epoch 4/50 - Train Loss: 0.4855 - Train Metric: 0.8433
Epoch 4/50 - Val Metric: 0.8431
Epoch 5/50 - Train Loss: 0.4813 - Train Metric: 0.8455
Epoch 5/50 - Val Metric: 0.8470
Epoch 6/50 - Train Loss: 0.4767 - Train Metric: 0.8494
Epoch 6/50 - Val Metric: 0.8534
Epoch 7/50 - Train Loss: 0.4673 - Train Metric: 0.8571
Epoch 7/50 - Val Metric: 0.8570
Epoch 8/50 - Train Loss: 0.4653 - Train Metric: 0.8586
Epoch 8/50 - Val Metric: 0.8550
Epoch 9/50 - Train Loss: 0.4621 - Train Metric: 0.8607
Epoch 9/50 - Val Metric: 0.8563
Epoch 10/50 - Train Loss: 0.4585 - Train Metric: 0.8628
Epoch 10/50 - Val Metric: 0.8618
Epoch 11/50 - Train Loss: 0.4538 - Train Metric: 0.8663
Epoch 11/50 - Val Metric: 0.8666
Epoch 12/50 - Train Loss: 0.4553 - Train Metric: 0.8654
Epoch 12/50 - Val Metric: 0.8612
Epoch 13/50 - Train Loss: 0.4461 - Train Metric: 0.8715
Epoch 13/50 - Val Metric: 0.8690
Epoch 14/50 - Train Loss: 0.4429 - Train Metric: 0.8737
Epoch 14/50 - Val Metric: 0.8675
Epoch 15/50 - Train Loss: 0.4402 - Train Metric: 0.8749
Epoch 15/50 - Val Metric: 0.8685
Epoch 16/50 - Train Loss: 0.4348 - Train Metric: 0.8783
Epoch 16/50 - Val Metric: 0.8716
Epoch 17/50 - Train Loss: 0.4335 - Train Metric: 0.8795
Epoch 17/50 - Val Metric: 0.8703
Epoch 18/50 - Train Loss: 0.4272 - Train Metric: 0.8832
Epoch 18/50 - Val Metric: 0.8703
Epoch 19/50 - Train Loss: 0.4291 - Train Metric: 0.8824
Epoch 19/50 - Val Metric: 0.8760
Epoch 20/50 - Train Loss: 0.4233 - Train Metric: 0.8857
Epoch 20/50 - Val Metric: 0.8742
Epoch 21/50 - Train Loss: 0.4186 - Train Metric: 0.8880
Epoch 21/50 - Val Metric: 0.8738
Epoch 22/50 - Train Loss: 0.4176 - Train Metric: 0.8888
Epoch 22/50 - Val Metric: 0.8756
Epoch 23/50 - Train Loss: 0.4131 - Train Metric: 0.8916
Epoch 23/50 - Val Metric: 0.8787
Epoch 24/50 - Train Loss: 0.4145 - Train Metric: 0.8906
Epoch 24/50 - Val Metric: 0.8749
Epoch 25/50 - Train Loss: 0.4163 - Train Metric: 0.8898
Epoch 25/50 - Val Metric: 0.8765
Epoch 26/50 - Train Loss: 0.4036 - Train Metric: 0.8968
Epoch 26/50 - Val Metric: 0.8864
Epoch 27/50 - Train Loss: 0.4056 - Train Metric: 0.8957
Epoch 27/50 - Val Metric: 0.8795
Epoch 28/50 - Train Loss: 0.4008 - Train Metric: 0.8986
Epoch 28/50 - Val Metric: 0.8845
Epoch 29/50 - Train Loss: 0.3995 - Train Metric: 0.8989
Epoch 29/50 - Val Metric: 0.8852
Epoch 30/50 - Train Loss: 0.3978 - Train Metric: 0.9001
Epoch 30/50 - Val Metric: 0.8878
Epoch 31/50 - Train Loss: 0.3929 - Train Metric: 0.9028
Epoch 31/50 - Val Metric: 0.8876
Epoch 32/50 - Train Loss: 0.3935 - Train Metric: 0.9024
Epoch 32/50 - Val Metric: 0.8832
Epoch 33/50 - Train Loss: 0.3998 - Train Metric: 0.8986
Epoch 33/50 - Val Metric: 0.8926
Epoch 34/50 - Train Loss: 0.3929 - Train Metric: 0.9023
Epoch 34/50 - Val Metric: 0.8920
Epoch 35/50 - Train Loss: 0.3826 - Train Metric: 0.9079
Epoch 35/50 - Val Metric: 0.8811
Epoch 36/50 - Train Loss: 0.3923 - Train Metric: 0.9029
Epoch 36/50 - Val Metric: 0.8894
Epoch 37/50 - Train Loss: 0.3866 - Train Metric: 0.9057
Epoch 37/50 - Val Metric: 0.8858
Epoch 38/50 - Train Loss: 0.3838 - Train Metric: 0.9072
Epoch 38/50 - Val Metric: 0.8875
Epoch 39/50 - Train Loss: 0.3791 - Train Metric: 0.9095
Epoch 39/50 - Val Metric: 0.8930
Epoch 40/50 - Train Loss: 0.3762 - Train Metric: 0.9112
Epoch 40/50 - Val Metric: 0.8970
Epoch 41/50 - Train Loss: 0.3710 - Train Metric: 0.9134
Epoch 41/50 - Val Metric: 0.8995
Epoch 42/50 - Train Loss: 0.3715 - Train Metric: 0.9133
Epoch 42/50 - Val Metric: 0.9004
Epoch 43/50 - Train Loss: 0.3718 - Train Metric: 0.9130
Epoch 43/50 - Val Metric: 0.8970
Epoch 44/50 - Train Loss: 0.3660 - Train Metric: 0.9158
Epoch 44/50 - Val Metric: 0.9011
Epoch 45/50 - Train Loss: 0.3639 - Train Metric: 0.9170
Epoch 45/50 - Val Metric: 0.8978
Epoch 46/50 - Train Loss: 0.3631 - Train Metric: 0.9172
Epoch 46/50 - Val Metric: 0.9008
Epoch 47/50 - Train Loss: 0.3600 - Train Metric: 0.9187
Epoch 47/50 - Val Metric: 0.9007
Epoch 48/50 - Train Loss: 0.3635 - Train Metric: 0.9172
Epoch 48/50 - Val Metric: 0.8997
Epoch 49/50 - Train Loss: 0.3564 - Train Metric: 0.9206
Epoch 49/50 - Val Metric: 0.9018
Epoch 50/50 - Train Loss: 0.3561 - Train Metric: 0.9207
Epoch 50/50 - Val Metric: 0.8971
Best val: 0.9018, Best test: 0.9021
Training set has 30779 instances
Validation set has 3847 instances
Test set has 3848 instances
Epoch 1/50 - Train Loss: 0.6733 - Train Metric: 0.5650
Epoch 1/50 - Val Metric: 0.8094
Epoch 2/50 - Train Loss: 0.5258 - Train Metric: 0.8093
Epoch 2/50 - Val Metric: 0.8346
Epoch 3/50 - Train Loss: 0.4977 - Train Metric: 0.8351
Epoch 3/50 - Val Metric: 0.8459
Epoch 4/50 - Train Loss: 0.4885 - Train Metric: 0.8416
Epoch 4/50 - Val Metric: 0.8470
Epoch 5/50 - Train Loss: 0.4878 - Train Metric: 0.8414
Epoch 5/50 - Val Metric: 0.8553
Epoch 6/50 - Train Loss: 0.4801 - Train Metric: 0.8466
Epoch 6/50 - Val Metric: 0.8564
Epoch 7/50 - Train Loss: 0.4784 - Train Metric: 0.8486
Epoch 7/50 - Val Metric: 0.8569
Epoch 8/50 - Train Loss: 0.4727 - Train Metric: 0.8531
Epoch 8/50 - Val Metric: 0.8591
Epoch 9/50 - Train Loss: 0.4691 - Train Metric: 0.8562
Epoch 9/50 - Val Metric: 0.8629
Epoch 10/50 - Train Loss: 0.4629 - Train Metric: 0.8606
Epoch 10/50 - Val Metric: 0.8670
Epoch 11/50 - Train Loss: 0.4576 - Train Metric: 0.8644
Epoch 11/50 - Val Metric: 0.8714
Epoch 12/50 - Train Loss: 0.4526 - Train Metric: 0.8673
Epoch 12/50 - Val Metric: 0.8666
Epoch 13/50 - Train Loss: 0.4513 - Train Metric: 0.8684
Epoch 13/50 - Val Metric: 0.8670
Epoch 14/50 - Train Loss: 0.4415 - Train Metric: 0.8746
Epoch 14/50 - Val Metric: 0.8772
Epoch 15/50 - Train Loss: 0.4429 - Train Metric: 0.8740
Epoch 15/50 - Val Metric: 0.8763
Epoch 16/50 - Train Loss: 0.4385 - Train Metric: 0.8766
Epoch 16/50 - Val Metric: 0.8791
Epoch 17/50 - Train Loss: 0.4357 - Train Metric: 0.8782
Epoch 17/50 - Val Metric: 0.8826
Epoch 18/50 - Train Loss: 0.4319 - Train Metric: 0.8805
Epoch 18/50 - Val Metric: 0.8831
Epoch 19/50 - Train Loss: 0.4284 - Train Metric: 0.8826
Epoch 19/50 - Val Metric: 0.8879
Epoch 20/50 - Train Loss: 0.4276 - Train Metric: 0.8835
Epoch 20/50 - Val Metric: 0.8845
Epoch 21/50 - Train Loss: 0.4230 - Train Metric: 0.8861
Epoch 21/50 - Val Metric: 0.8856
Epoch 22/50 - Train Loss: 0.4222 - Train Metric: 0.8865
Epoch 22/50 - Val Metric: 0.8911
Epoch 23/50 - Train Loss: 0.4153 - Train Metric: 0.8906
Epoch 23/50 - Val Metric: 0.8922
Epoch 24/50 - Train Loss: 0.4138 - Train Metric: 0.8913
Epoch 24/50 - Val Metric: 0.8901
Epoch 25/50 - Train Loss: 0.4097 - Train Metric: 0.8937
Epoch 25/50 - Val Metric: 0.8971
Epoch 26/50 - Train Loss: 0.4093 - Train Metric: 0.8940
Epoch 26/50 - Val Metric: 0.8944
Epoch 27/50 - Train Loss: 0.4046 - Train Metric: 0.8963
Epoch 27/50 - Val Metric: 0.8954
Epoch 28/50 - Train Loss: 0.4035 - Train Metric: 0.8970
Epoch 28/50 - Val Metric: 0.8995
Epoch 29/50 - Train Loss: 0.4034 - Train Metric: 0.8972
Epoch 29/50 - Val Metric: 0.8973
Epoch 30/50 - Train Loss: 0.3979 - Train Metric: 0.9000
Epoch 30/50 - Val Metric: 0.8999
Epoch 31/50 - Train Loss: 0.3924 - Train Metric: 0.9029
Epoch 31/50 - Val Metric: 0.8997
Epoch 32/50 - Train Loss: 0.3914 - Train Metric: 0.9035
Epoch 32/50 - Val Metric: 0.9042
Epoch 33/50 - Train Loss: 0.3858 - Train Metric: 0.9063
Epoch 33/50 - Val Metric: 0.9044
Epoch 34/50 - Train Loss: 0.3849 - Train Metric: 0.9070
Epoch 34/50 - Val Metric: 0.9037
Epoch 35/50 - Train Loss: 0.3825 - Train Metric: 0.9080
Epoch 35/50 - Val Metric: 0.9015
Epoch 36/50 - Train Loss: 0.3851 - Train Metric: 0.9068
Epoch 36/50 - Val Metric: 0.9066
Epoch 37/50 - Train Loss: 0.3810 - Train Metric: 0.9089
Epoch 37/50 - Val Metric: 0.9055
Epoch 38/50 - Train Loss: 0.3774 - Train Metric: 0.9107
Epoch 38/50 - Val Metric: 0.9037
Epoch 39/50 - Train Loss: 0.3789 - Train Metric: 0.9100
Epoch 39/50 - Val Metric: 0.9096
Epoch 40/50 - Train Loss: 0.3683 - Train Metric: 0.9151
Epoch 40/50 - Val Metric: 0.9033
Epoch 41/50 - Train Loss: 0.3751 - Train Metric: 0.9118
Epoch 41/50 - Val Metric: 0.9070
Epoch 42/50 - Train Loss: 0.3671 - Train Metric: 0.9157
Epoch 42/50 - Val Metric: 0.9032
Epoch 43/50 - Train Loss: 0.3673 - Train Metric: 0.9155
Epoch 43/50 - Val Metric: 0.9066
Epoch 44/50 - Train Loss: 0.3597 - Train Metric: 0.9191
Epoch 44/50 - Val Metric: 0.9103
Epoch 45/50 - Train Loss: 0.3615 - Train Metric: 0.9184
Epoch 45/50 - Val Metric: 0.9003
Epoch 46/50 - Train Loss: 0.3609 - Train Metric: 0.9186
Epoch 46/50 - Val Metric: 0.9098
Epoch 47/50 - Train Loss: 0.3512 - Train Metric: 0.9230
Epoch 47/50 - Val Metric: 0.9138
Epoch 48/50 - Train Loss: 0.3505 - Train Metric: 0.9234
Epoch 48/50 - Val Metric: 0.9124
Epoch 49/50 - Train Loss: 0.3525 - Train Metric: 0.9222
Epoch 49/50 - Val Metric: 0.9097
Epoch 50/50 - Train Loss: 0.3501 - Train Metric: 0.9235
Epoch 50/50 - Val Metric: 0.9104
Best val: 0.9138, Best test: 0.9137
Training set has 30779 instances
Validation set has 3847 instances
Test set has 3848 instances
Epoch 1/50 - Train Loss: 0.6900 - Train Metric: 0.5238
Epoch 1/50 - Val Metric: 0.7913
Epoch 2/50 - Train Loss: 0.5412 - Train Metric: 0.7925
Epoch 2/50 - Val Metric: 0.8289
Epoch 3/50 - Train Loss: 0.5061 - Train Metric: 0.8273
Epoch 3/50 - Val Metric: 0.8401
Epoch 4/50 - Train Loss: 0.4874 - Train Metric: 0.8421
Epoch 4/50 - Val Metric: 0.8531
Epoch 5/50 - Train Loss: 0.4758 - Train Metric: 0.8491
Epoch 5/50 - Val Metric: 0.8564
Epoch 6/50 - Train Loss: 0.4742 - Train Metric: 0.8507
Epoch 6/50 - Val Metric: 0.8507
Epoch 7/50 - Train Loss: 0.4701 - Train Metric: 0.8534
Epoch 7/50 - Val Metric: 0.8596
Epoch 8/50 - Train Loss: 0.4643 - Train Metric: 0.8578
Epoch 8/50 - Val Metric: 0.8603
Epoch 9/50 - Train Loss: 0.4630 - Train Metric: 0.8584
Epoch 9/50 - Val Metric: 0.8614
Epoch 10/50 - Train Loss: 0.4594 - Train Metric: 0.8611
Epoch 10/50 - Val Metric: 0.8636
Epoch 11/50 - Train Loss: 0.4572 - Train Metric: 0.8632
Epoch 11/50 - Val Metric: 0.8598
Epoch 12/50 - Train Loss: 0.4532 - Train Metric: 0.8663
Epoch 12/50 - Val Metric: 0.8704
Epoch 13/50 - Train Loss: 0.4476 - Train Metric: 0.8697
Epoch 13/50 - Val Metric: 0.8710
Epoch 14/50 - Train Loss: 0.4475 - Train Metric: 0.8701
Epoch 14/50 - Val Metric: 0.8686
Epoch 15/50 - Train Loss: 0.4487 - Train Metric: 0.8694
Epoch 15/50 - Val Metric: 0.8750
Epoch 16/50 - Train Loss: 0.4385 - Train Metric: 0.8759
Epoch 16/50 - Val Metric: 0.8779
Epoch 17/50 - Train Loss: 0.4368 - Train Metric: 0.8773
Epoch 17/50 - Val Metric: 0.8815
Epoch 18/50 - Train Loss: 0.4376 - Train Metric: 0.8765
Epoch 18/50 - Val Metric: 0.8770
Epoch 19/50 - Train Loss: 0.4400 - Train Metric: 0.8757
Epoch 19/50 - Val Metric: 0.8804
Epoch 20/50 - Train Loss: 0.4324 - Train Metric: 0.8803
Epoch 20/50 - Val Metric: 0.8809
Epoch 21/50 - Train Loss: 0.4247 - Train Metric: 0.8849
Epoch 21/50 - Val Metric: 0.8840
Epoch 22/50 - Train Loss: 0.4238 - Train Metric: 0.8854
Epoch 22/50 - Val Metric: 0.8841
Epoch 23/50 - Train Loss: 0.4182 - Train Metric: 0.8889
Epoch 23/50 - Val Metric: 0.8881
Epoch 24/50 - Train Loss: 0.4206 - Train Metric: 0.8875
Epoch 24/50 - Val Metric: 0.8879
Epoch 25/50 - Train Loss: 0.4164 - Train Metric: 0.8898
Epoch 25/50 - Val Metric: 0.8904
Epoch 26/50 - Train Loss: 0.4111 - Train Metric: 0.8927
Epoch 26/50 - Val Metric: 0.8938
Epoch 27/50 - Train Loss: 0.4081 - Train Metric: 0.8946
Epoch 27/50 - Val Metric: 0.8945
Epoch 28/50 - Train Loss: 0.4037 - Train Metric: 0.8971
Epoch 28/50 - Val Metric: 0.8916
Epoch 29/50 - Train Loss: 0.4082 - Train Metric: 0.8946
Epoch 29/50 - Val Metric: 0.8901
Epoch 30/50 - Train Loss: 0.3994 - Train Metric: 0.8992
Epoch 30/50 - Val Metric: 0.8922
Epoch 31/50 - Train Loss: 0.3963 - Train Metric: 0.9012
Epoch 31/50 - Val Metric: 0.8935
Epoch 32/50 - Train Loss: 0.3985 - Train Metric: 0.8998
Epoch 32/50 - Val Metric: 0.8973
Epoch 33/50 - Train Loss: 0.3932 - Train Metric: 0.9029
Epoch 33/50 - Val Metric: 0.9005
Epoch 34/50 - Train Loss: 0.3872 - Train Metric: 0.9058
Epoch 34/50 - Val Metric: 0.8999
Epoch 35/50 - Train Loss: 0.3860 - Train Metric: 0.9062
Epoch 35/50 - Val Metric: 0.9021
Epoch 36/50 - Train Loss: 0.3851 - Train Metric: 0.9069
Epoch 36/50 - Val Metric: 0.8984
Epoch 37/50 - Train Loss: 0.3789 - Train Metric: 0.9103
Epoch 37/50 - Val Metric: 0.9013
Epoch 38/50 - Train Loss: 0.3817 - Train Metric: 0.9086
Epoch 38/50 - Val Metric: 0.8974
Epoch 39/50 - Train Loss: 0.3781 - Train Metric: 0.9103
Epoch 39/50 - Val Metric: 0.9040
Epoch 40/50 - Train Loss: 0.3689 - Train Metric: 0.9149
Epoch 40/50 - Val Metric: 0.9070
Epoch 41/50 - Train Loss: 0.3699 - Train Metric: 0.9145
Epoch 41/50 - Val Metric: 0.9068
Epoch 42/50 - Train Loss: 0.3675 - Train Metric: 0.9154
Epoch 42/50 - Val Metric: 0.9062
Epoch 43/50 - Train Loss: 0.3684 - Train Metric: 0.9153
Epoch 43/50 - Val Metric: 0.9022
Epoch 44/50 - Train Loss: 0.3646 - Train Metric: 0.9172
Epoch 44/50 - Val Metric: 0.9068
Epoch 45/50 - Train Loss: 0.3620 - Train Metric: 0.9182
Epoch 45/50 - Val Metric: 0.9096
Epoch 46/50 - Train Loss: 0.3562 - Train Metric: 0.9210
Epoch 46/50 - Val Metric: 0.9020
Epoch 47/50 - Train Loss: 0.3593 - Train Metric: 0.9195
Epoch 47/50 - Val Metric: 0.9120
Epoch 48/50 - Train Loss: 0.3505 - Train Metric: 0.9236
Epoch 48/50 - Val Metric: 0.9089
Epoch 49/50 - Train Loss: 0.3459 - Train Metric: 0.9256
Epoch 49/50 - Val Metric: 0.9120
Epoch 50/50 - Train Loss: 0.3498 - Train Metric: 0.9238
Epoch 50/50 - Val Metric: 0.9104
Best val: 0.9120, Best test: 0.9038
[0.90077531 0.91071719 0.90214729 0.9137435  0.90380633]
