Hyper-parameter search via Optuna
Namespace(task_type='binary_classification', scale='small', idx=8, epochs=50, num_trials=20, num_repeats=5, seed=0, exp_name='MemPerceiver_ens', result_path='output/binary_classification/small/8/MemPerceiver_ens.pt')
Device: cuda
Start building binary_classification dataset_small_8
Training set has 30779 instances
Validation set has 3847 instances
Test set has 3848 instances
Epoch 1/50 - Train Loss: 0.6919 - Train Metric: 0.5193
Epoch 1/50 - Val Metric: 0.6436
Epoch 2/50 - Train Loss: 0.6022 - Train Metric: 0.7331
Epoch 2/50 - Val Metric: 0.7927
Epoch 3/50 - Train Loss: 0.5331 - Train Metric: 0.8044
Epoch 3/50 - Val Metric: 0.8183
Epoch 4/50 - Train Loss: 0.5139 - Train Metric: 0.8206
Epoch 4/50 - Val Metric: 0.8272
Epoch 5/50 - Train Loss: 0.5115 - Train Metric: 0.8219
Epoch 5/50 - Val Metric: 0.8299
Epoch 6/50 - Train Loss: 0.5073 - Train Metric: 0.8256
Epoch 6/50 - Val Metric: 0.8309
Epoch 7/50 - Train Loss: 0.5042 - Train Metric: 0.8280
Epoch 7/50 - Val Metric: 0.8318
Epoch 8/50 - Train Loss: 0.5003 - Train Metric: 0.8308
Epoch 8/50 - Val Metric: 0.8340
Epoch 9/50 - Train Loss: 0.4954 - Train Metric: 0.8352
Epoch 9/50 - Val Metric: 0.8388
Epoch 10/50 - Train Loss: 0.4934 - Train Metric: 0.8361
Epoch 10/50 - Val Metric: 0.8395
Epoch 11/50 - Train Loss: 0.4902 - Train Metric: 0.8387
Epoch 11/50 - Val Metric: 0.8325
Epoch 12/50 - Train Loss: 0.4886 - Train Metric: 0.8401
Epoch 12/50 - Val Metric: 0.8439
Epoch 13/50 - Train Loss: 0.4854 - Train Metric: 0.8428
Epoch 13/50 - Val Metric: 0.8406
Epoch 14/50 - Train Loss: 0.4845 - Train Metric: 0.8432
Epoch 14/50 - Val Metric: 0.8465
Epoch 15/50 - Train Loss: 0.4813 - Train Metric: 0.8459
Epoch 15/50 - Val Metric: 0.8486
Epoch 16/50 - Train Loss: 0.4790 - Train Metric: 0.8479
Epoch 16/50 - Val Metric: 0.8486
Epoch 17/50 - Train Loss: 0.4749 - Train Metric: 0.8509
Epoch 17/50 - Val Metric: 0.8461
Epoch 18/50 - Train Loss: 0.4746 - Train Metric: 0.8513
Epoch 18/50 - Val Metric: 0.8527
Epoch 19/50 - Train Loss: 0.4699 - Train Metric: 0.8549
Epoch 19/50 - Val Metric: 0.8566
Epoch 20/50 - Train Loss: 0.4659 - Train Metric: 0.8578
Epoch 20/50 - Val Metric: 0.8524
Epoch 21/50 - Train Loss: 0.4645 - Train Metric: 0.8588
Epoch 21/50 - Val Metric: 0.8576
Epoch 22/50 - Train Loss: 0.4608 - Train Metric: 0.8611
Epoch 22/50 - Val Metric: 0.8583
Epoch 23/50 - Train Loss: 0.4578 - Train Metric: 0.8632
Epoch 23/50 - Val Metric: 0.8618
Epoch 24/50 - Train Loss: 0.4549 - Train Metric: 0.8652
Epoch 24/50 - Val Metric: 0.8641
Epoch 25/50 - Train Loss: 0.4538 - Train Metric: 0.8659
Epoch 25/50 - Val Metric: 0.8639
Epoch 26/50 - Train Loss: 0.4501 - Train Metric: 0.8685
Epoch 26/50 - Val Metric: 0.8697
Epoch 27/50 - Train Loss: 0.4461 - Train Metric: 0.8712
Epoch 27/50 - Val Metric: 0.8658
Epoch 28/50 - Train Loss: 0.4474 - Train Metric: 0.8702
Epoch 28/50 - Val Metric: 0.8680
Epoch 29/50 - Train Loss: 0.4444 - Train Metric: 0.8725
Epoch 29/50 - Val Metric: 0.8705
Epoch 30/50 - Train Loss: 0.4420 - Train Metric: 0.8739
Epoch 30/50 - Val Metric: 0.8701
Epoch 31/50 - Train Loss: 0.4402 - Train Metric: 0.8749
Epoch 31/50 - Val Metric: 0.8699
Epoch 32/50 - Train Loss: 0.4397 - Train Metric: 0.8754
Epoch 32/50 - Val Metric: 0.8729
Epoch 33/50 - Train Loss: 0.4346 - Train Metric: 0.8788
Epoch 33/50 - Val Metric: 0.8762
Epoch 34/50 - Train Loss: 0.4331 - Train Metric: 0.8797
Epoch 34/50 - Val Metric: 0.8749
Epoch 35/50 - Train Loss: 0.4327 - Train Metric: 0.8800
Epoch 35/50 - Val Metric: 0.8710
Epoch 36/50 - Train Loss: 0.4317 - Train Metric: 0.8807
Epoch 36/50 - Val Metric: 0.8746
Epoch 37/50 - Train Loss: 0.4295 - Train Metric: 0.8817
Epoch 37/50 - Val Metric: 0.8761
Epoch 38/50 - Train Loss: 0.4276 - Train Metric: 0.8831
Epoch 38/50 - Val Metric: 0.8762
Epoch 39/50 - Train Loss: 0.4259 - Train Metric: 0.8841
Epoch 39/50 - Val Metric: 0.8755
Epoch 40/50 - Train Loss: 0.4271 - Train Metric: 0.8834
Epoch 40/50 - Val Metric: 0.8773
Epoch 41/50 - Train Loss: 0.4252 - Train Metric: 0.8846
Epoch 41/50 - Val Metric: 0.8748
Epoch 42/50 - Train Loss: 0.4241 - Train Metric: 0.8854
Epoch 42/50 - Val Metric: 0.8771
Epoch 43/50 - Train Loss: 0.4229 - Train Metric: 0.8859
Epoch 43/50 - Val Metric: 0.8760
Epoch 44/50 - Train Loss: 0.4227 - Train Metric: 0.8860
Epoch 44/50 - Val Metric: 0.8795
Epoch 45/50 - Train Loss: 0.4198 - Train Metric: 0.8879
Epoch 45/50 - Val Metric: 0.8775
Epoch 46/50 - Train Loss: 0.4202 - Train Metric: 0.8875
Epoch 46/50 - Val Metric: 0.8803
Epoch 47/50 - Train Loss: 0.4188 - Train Metric: 0.8884
Epoch 47/50 - Val Metric: 0.8770
Epoch 48/50 - Train Loss: 0.4175 - Train Metric: 0.8892
Epoch 48/50 - Val Metric: 0.8795
Epoch 49/50 - Train Loss: 0.4170 - Train Metric: 0.8895
Epoch 49/50 - Val Metric: 0.8798
Epoch 50/50 - Train Loss: 0.4166 - Train Metric: 0.8897
Epoch 50/50 - Val Metric: 0.8776
Best val: 0.8803, Best test: 0.8770
Training set has 30779 instances
Validation set has 3847 instances
Test set has 3848 instances
Epoch 1/50 - Train Loss: 0.6589 - Train Metric: 0.6056
Epoch 1/50 - Val Metric: 0.8034
Epoch 2/50 - Train Loss: 0.5227 - Train Metric: 0.8115
Epoch 2/50 - Val Metric: 0.8191
Epoch 3/50 - Train Loss: 0.5160 - Train Metric: 0.8173
Epoch 3/50 - Val Metric: 0.8253
Epoch 4/50 - Train Loss: 0.5067 - Train Metric: 0.8262
Epoch 4/50 - Val Metric: 0.8334
Epoch 5/50 - Train Loss: 0.4981 - Train Metric: 0.8328
Epoch 5/50 - Val Metric: 0.8301
Epoch 6/50 - Train Loss: 0.4977 - Train Metric: 0.8333
Epoch 6/50 - Val Metric: 0.8333
Epoch 7/50 - Train Loss: 0.4927 - Train Metric: 0.8369
Epoch 7/50 - Val Metric: 0.8355
Epoch 8/50 - Train Loss: 0.4895 - Train Metric: 0.8398
Epoch 8/50 - Val Metric: 0.8367
Epoch 9/50 - Train Loss: 0.4841 - Train Metric: 0.8438
Epoch 9/50 - Val Metric: 0.8480
Epoch 10/50 - Train Loss: 0.4765 - Train Metric: 0.8497
Epoch 10/50 - Val Metric: 0.8588
Epoch 11/50 - Train Loss: 0.4758 - Train Metric: 0.8500
Epoch 11/50 - Val Metric: 0.8578
Epoch 12/50 - Train Loss: 0.4694 - Train Metric: 0.8545
Epoch 12/50 - Val Metric: 0.8631
Epoch 13/50 - Train Loss: 0.4701 - Train Metric: 0.8537
Epoch 13/50 - Val Metric: 0.8639
Epoch 14/50 - Train Loss: 0.4676 - Train Metric: 0.8561
Epoch 14/50 - Val Metric: 0.8657
Epoch 15/50 - Train Loss: 0.4616 - Train Metric: 0.8597
Epoch 15/50 - Val Metric: 0.8645
Epoch 16/50 - Train Loss: 0.4625 - Train Metric: 0.8597
Epoch 16/50 - Val Metric: 0.8658
Epoch 17/50 - Train Loss: 0.4588 - Train Metric: 0.8624
Epoch 17/50 - Val Metric: 0.8658
Epoch 18/50 - Train Loss: 0.4594 - Train Metric: 0.8623
Epoch 18/50 - Val Metric: 0.8639
Epoch 19/50 - Train Loss: 0.4549 - Train Metric: 0.8644
Epoch 19/50 - Val Metric: 0.8671
Epoch 20/50 - Train Loss: 0.4538 - Train Metric: 0.8656
Epoch 20/50 - Val Metric: 0.8677
Epoch 21/50 - Train Loss: 0.4489 - Train Metric: 0.8692
Epoch 21/50 - Val Metric: 0.8706
Epoch 22/50 - Train Loss: 0.4435 - Train Metric: 0.8724
Epoch 22/50 - Val Metric: 0.8781
Epoch 23/50 - Train Loss: 0.4432 - Train Metric: 0.8728
Epoch 23/50 - Val Metric: 0.8754
Epoch 24/50 - Train Loss: 0.4418 - Train Metric: 0.8739
Epoch 24/50 - Val Metric: 0.8710
Epoch 25/50 - Train Loss: 0.4386 - Train Metric: 0.8759
Epoch 25/50 - Val Metric: 0.8707
Epoch 26/50 - Train Loss: 0.4382 - Train Metric: 0.8757
Epoch 26/50 - Val Metric: 0.8764
Epoch 27/50 - Train Loss: 0.4352 - Train Metric: 0.8776
Epoch 27/50 - Val Metric: 0.8794
Epoch 28/50 - Train Loss: 0.4371 - Train Metric: 0.8765
Epoch 28/50 - Val Metric: 0.8756
Epoch 29/50 - Train Loss: 0.4339 - Train Metric: 0.8785
Epoch 29/50 - Val Metric: 0.8783
Epoch 30/50 - Train Loss: 0.4334 - Train Metric: 0.8787
Epoch 30/50 - Val Metric: 0.8722
Epoch 31/50 - Train Loss: 0.4338 - Train Metric: 0.8787
Epoch 31/50 - Val Metric: 0.8826
Epoch 32/50 - Train Loss: 0.4277 - Train Metric: 0.8824
Epoch 32/50 - Val Metric: 0.8742
Epoch 33/50 - Train Loss: 0.4273 - Train Metric: 0.8826
Epoch 33/50 - Val Metric: 0.8836
Epoch 34/50 - Train Loss: 0.4254 - Train Metric: 0.8840
Epoch 34/50 - Val Metric: 0.8813
Epoch 35/50 - Train Loss: 0.4225 - Train Metric: 0.8855
Epoch 35/50 - Val Metric: 0.8871
Epoch 36/50 - Train Loss: 0.4218 - Train Metric: 0.8858
Epoch 36/50 - Val Metric: 0.8751
Epoch 37/50 - Train Loss: 0.4247 - Train Metric: 0.8841
Epoch 37/50 - Val Metric: 0.8795
Epoch 38/50 - Train Loss: 0.4173 - Train Metric: 0.8886
Epoch 38/50 - Val Metric: 0.8889
Epoch 39/50 - Train Loss: 0.4162 - Train Metric: 0.8889
Epoch 39/50 - Val Metric: 0.8852
Epoch 40/50 - Train Loss: 0.4144 - Train Metric: 0.8902
Epoch 40/50 - Val Metric: 0.8851
Epoch 41/50 - Train Loss: 0.4164 - Train Metric: 0.8893
Epoch 41/50 - Val Metric: 0.8812
Epoch 42/50 - Train Loss: 0.4153 - Train Metric: 0.8896
Epoch 42/50 - Val Metric: 0.8904
Epoch 43/50 - Train Loss: 0.4053 - Train Metric: 0.8954
Epoch 43/50 - Val Metric: 0.8837
Epoch 44/50 - Train Loss: 0.4072 - Train Metric: 0.8945
Epoch 44/50 - Val Metric: 0.8909
Epoch 45/50 - Train Loss: 0.4067 - Train Metric: 0.8942
Epoch 45/50 - Val Metric: 0.8959
Epoch 46/50 - Train Loss: 0.4042 - Train Metric: 0.8959
Epoch 46/50 - Val Metric: 0.8911
Epoch 47/50 - Train Loss: 0.3998 - Train Metric: 0.8983
Epoch 47/50 - Val Metric: 0.8969
Epoch 48/50 - Train Loss: 0.3944 - Train Metric: 0.9012
Epoch 48/50 - Val Metric: 0.8965
Epoch 49/50 - Train Loss: 0.3959 - Train Metric: 0.9005
Epoch 49/50 - Val Metric: 0.8947
Epoch 50/50 - Train Loss: 0.3929 - Train Metric: 0.9019
Epoch 50/50 - Val Metric: 0.8982
Best val: 0.8982, Best test: 0.9014
Training set has 30779 instances
Validation set has 3847 instances
Test set has 3848 instances
Epoch 1/50 - Train Loss: 0.7028 - Train Metric: 0.5039
Epoch 1/50 - Val Metric: 0.5609
Epoch 2/50 - Train Loss: 0.6890 - Train Metric: 0.5542
Epoch 2/50 - Val Metric: 0.6754
Epoch 3/50 - Train Loss: 0.6329 - Train Metric: 0.6950
Epoch 3/50 - Val Metric: 0.7645
Epoch 4/50 - Train Loss: 0.5958 - Train Metric: 0.7448
Epoch 4/50 - Val Metric: 0.8004
Epoch 5/50 - Train Loss: 0.5618 - Train Metric: 0.7805
Epoch 5/50 - Val Metric: 0.8234
Epoch 6/50 - Train Loss: 0.5417 - Train Metric: 0.7981
Epoch 6/50 - Val Metric: 0.8273
Epoch 7/50 - Train Loss: 0.5290 - Train Metric: 0.8098
Epoch 7/50 - Val Metric: 0.8306
Epoch 8/50 - Train Loss: 0.5232 - Train Metric: 0.8143
Epoch 8/50 - Val Metric: 0.8314
Epoch 9/50 - Train Loss: 0.5202 - Train Metric: 0.8164
Epoch 9/50 - Val Metric: 0.8315
Epoch 10/50 - Train Loss: 0.5169 - Train Metric: 0.8192
Epoch 10/50 - Val Metric: 0.8322
Epoch 11/50 - Train Loss: 0.5154 - Train Metric: 0.8203
Epoch 11/50 - Val Metric: 0.8333
Epoch 12/50 - Train Loss: 0.5128 - Train Metric: 0.8224
Epoch 12/50 - Val Metric: 0.8329
Epoch 13/50 - Train Loss: 0.5114 - Train Metric: 0.8237
Epoch 13/50 - Val Metric: 0.8330
Epoch 14/50 - Train Loss: 0.5106 - Train Metric: 0.8241
Epoch 14/50 - Val Metric: 0.8337
Epoch 15/50 - Train Loss: 0.5080 - Train Metric: 0.8260
Epoch 15/50 - Val Metric: 0.8336
Epoch 16/50 - Train Loss: 0.5089 - Train Metric: 0.8249
Epoch 16/50 - Val Metric: 0.8335
Epoch 17/50 - Train Loss: 0.5072 - Train Metric: 0.8262
Epoch 17/50 - Val Metric: 0.8336
Epoch 18/50 - Train Loss: 0.5062 - Train Metric: 0.8270
Epoch 18/50 - Val Metric: 0.8341
Epoch 19/50 - Train Loss: 0.5047 - Train Metric: 0.8284
Epoch 19/50 - Val Metric: 0.8345
Epoch 20/50 - Train Loss: 0.5066 - Train Metric: 0.8264
Epoch 20/50 - Val Metric: 0.8336
Epoch 21/50 - Train Loss: 0.5038 - Train Metric: 0.8287
Epoch 21/50 - Val Metric: 0.8344
Epoch 22/50 - Train Loss: 0.5031 - Train Metric: 0.8294
Epoch 22/50 - Val Metric: 0.8351
Epoch 23/50 - Train Loss: 0.5021 - Train Metric: 0.8303
Epoch 23/50 - Val Metric: 0.8342
Epoch 24/50 - Train Loss: 0.5017 - Train Metric: 0.8305
Epoch 24/50 - Val Metric: 0.8347
Epoch 25/50 - Train Loss: 0.5015 - Train Metric: 0.8306
Epoch 25/50 - Val Metric: 0.8359
Epoch 26/50 - Train Loss: 0.5012 - Train Metric: 0.8308
Epoch 26/50 - Val Metric: 0.8370
Epoch 27/50 - Train Loss: 0.4985 - Train Metric: 0.8328
Epoch 27/50 - Val Metric: 0.8339
Epoch 28/50 - Train Loss: 0.4995 - Train Metric: 0.8319
Epoch 28/50 - Val Metric: 0.8384
Epoch 29/50 - Train Loss: 0.4969 - Train Metric: 0.8339
Epoch 29/50 - Val Metric: 0.8396
Epoch 30/50 - Train Loss: 0.4952 - Train Metric: 0.8352
Epoch 30/50 - Val Metric: 0.8397
Epoch 31/50 - Train Loss: 0.4937 - Train Metric: 0.8364
Epoch 31/50 - Val Metric: 0.8418
Epoch 32/50 - Train Loss: 0.4912 - Train Metric: 0.8387
Epoch 32/50 - Val Metric: 0.8453
Epoch 33/50 - Train Loss: 0.4878 - Train Metric: 0.8408
Epoch 33/50 - Val Metric: 0.8478
Epoch 34/50 - Train Loss: 0.4880 - Train Metric: 0.8406
Epoch 34/50 - Val Metric: 0.8475
Epoch 35/50 - Train Loss: 0.4845 - Train Metric: 0.8435
Epoch 35/50 - Val Metric: 0.8502
Epoch 36/50 - Train Loss: 0.4843 - Train Metric: 0.8437
Epoch 36/50 - Val Metric: 0.8515
Epoch 37/50 - Train Loss: 0.4823 - Train Metric: 0.8449
Epoch 37/50 - Val Metric: 0.8506
Epoch 38/50 - Train Loss: 0.4810 - Train Metric: 0.8460
Epoch 38/50 - Val Metric: 0.8490
Epoch 39/50 - Train Loss: 0.4807 - Train Metric: 0.8461
Epoch 39/50 - Val Metric: 0.8512
Epoch 40/50 - Train Loss: 0.4779 - Train Metric: 0.8485
Epoch 40/50 - Val Metric: 0.8522
Epoch 41/50 - Train Loss: 0.4766 - Train Metric: 0.8491
Epoch 41/50 - Val Metric: 0.8517
Epoch 42/50 - Train Loss: 0.4764 - Train Metric: 0.8491
Epoch 42/50 - Val Metric: 0.8523
Epoch 43/50 - Train Loss: 0.4759 - Train Metric: 0.8498
Epoch 43/50 - Val Metric: 0.8525
Epoch 44/50 - Train Loss: 0.4751 - Train Metric: 0.8500
Epoch 44/50 - Val Metric: 0.8526
Epoch 45/50 - Train Loss: 0.4739 - Train Metric: 0.8509
Epoch 45/50 - Val Metric: 0.8515
Epoch 46/50 - Train Loss: 0.4730 - Train Metric: 0.8519
Epoch 46/50 - Val Metric: 0.8519
Epoch 47/50 - Train Loss: 0.4715 - Train Metric: 0.8531
Epoch 47/50 - Val Metric: 0.8493
Epoch 48/50 - Train Loss: 0.4704 - Train Metric: 0.8533
Epoch 48/50 - Val Metric: 0.8530
Epoch 49/50 - Train Loss: 0.4693 - Train Metric: 0.8547
Epoch 49/50 - Val Metric: 0.8526
Epoch 50/50 - Train Loss: 0.4702 - Train Metric: 0.8539
Epoch 50/50 - Val Metric: 0.8538
Best val: 0.8538, Best test: 0.8638
Training set has 30779 instances
Validation set has 3847 instances
Test set has 3848 instances
Epoch 1/50 - Train Loss: 0.7028 - Train Metric: 0.5003
Epoch 1/50 - Val Metric: 0.6050
Epoch 2/50 - Train Loss: 0.6911 - Train Metric: 0.5277
Epoch 2/50 - Val Metric: 0.7084
Epoch 3/50 - Train Loss: 0.5774 - Train Metric: 0.7621
Epoch 3/50 - Val Metric: 0.8170
Epoch 4/50 - Train Loss: 0.5194 - Train Metric: 0.8155
Epoch 4/50 - Val Metric: 0.8260
Epoch 5/50 - Train Loss: 0.5115 - Train Metric: 0.8231
Epoch 5/50 - Val Metric: 0.8317
Epoch 6/50 - Train Loss: 0.5084 - Train Metric: 0.8250
Epoch 6/50 - Val Metric: 0.8296
Epoch 7/50 - Train Loss: 0.5000 - Train Metric: 0.8318
Epoch 7/50 - Val Metric: 0.8369
Epoch 8/50 - Train Loss: 0.4954 - Train Metric: 0.8350
Epoch 8/50 - Val Metric: 0.8399
Epoch 9/50 - Train Loss: 0.4884 - Train Metric: 0.8400
Epoch 9/50 - Val Metric: 0.8458
Epoch 10/50 - Train Loss: 0.4817 - Train Metric: 0.8460
Epoch 10/50 - Val Metric: 0.8453
Epoch 11/50 - Train Loss: 0.4802 - Train Metric: 0.8481
Epoch 11/50 - Val Metric: 0.8505
Epoch 12/50 - Train Loss: 0.4797 - Train Metric: 0.8481
Epoch 12/50 - Val Metric: 0.8524
Epoch 13/50 - Train Loss: 0.4708 - Train Metric: 0.8543
Epoch 13/50 - Val Metric: 0.8540
Epoch 14/50 - Train Loss: 0.4671 - Train Metric: 0.8564
Epoch 14/50 - Val Metric: 0.8545
Epoch 15/50 - Train Loss: 0.4656 - Train Metric: 0.8581
Epoch 15/50 - Val Metric: 0.8561
Epoch 16/50 - Train Loss: 0.4621 - Train Metric: 0.8602
Epoch 16/50 - Val Metric: 0.8585
Epoch 17/50 - Train Loss: 0.4598 - Train Metric: 0.8616
Epoch 17/50 - Val Metric: 0.8573
Epoch 18/50 - Train Loss: 0.4610 - Train Metric: 0.8610
Epoch 18/50 - Val Metric: 0.8589
Epoch 19/50 - Train Loss: 0.4538 - Train Metric: 0.8656
Epoch 19/50 - Val Metric: 0.8615
Epoch 20/50 - Train Loss: 0.4510 - Train Metric: 0.8676
Epoch 20/50 - Val Metric: 0.8598
Epoch 21/50 - Train Loss: 0.4522 - Train Metric: 0.8669
Epoch 21/50 - Val Metric: 0.8653
Epoch 22/50 - Train Loss: 0.4489 - Train Metric: 0.8693
Epoch 22/50 - Val Metric: 0.8622
Epoch 23/50 - Train Loss: 0.4469 - Train Metric: 0.8708
Epoch 23/50 - Val Metric: 0.8667
Epoch 24/50 - Train Loss: 0.4487 - Train Metric: 0.8696
Epoch 24/50 - Val Metric: 0.8676
Epoch 25/50 - Train Loss: 0.4388 - Train Metric: 0.8758
Epoch 25/50 - Val Metric: 0.8681
Epoch 26/50 - Train Loss: 0.4386 - Train Metric: 0.8760
Epoch 26/50 - Val Metric: 0.8723
Epoch 27/50 - Train Loss: 0.4393 - Train Metric: 0.8758
Epoch 27/50 - Val Metric: 0.8693
Epoch 28/50 - Train Loss: 0.4324 - Train Metric: 0.8799
Epoch 28/50 - Val Metric: 0.8733
Epoch 29/50 - Train Loss: 0.4352 - Train Metric: 0.8782
Epoch 29/50 - Val Metric: 0.8710
Epoch 30/50 - Train Loss: 0.4325 - Train Metric: 0.8798
Epoch 30/50 - Val Metric: 0.8721
Epoch 31/50 - Train Loss: 0.4314 - Train Metric: 0.8803
Epoch 31/50 - Val Metric: 0.8730
Epoch 32/50 - Train Loss: 0.4269 - Train Metric: 0.8834
Epoch 32/50 - Val Metric: 0.8785
Epoch 33/50 - Train Loss: 0.4246 - Train Metric: 0.8844
Epoch 33/50 - Val Metric: 0.8746
Epoch 34/50 - Train Loss: 0.4241 - Train Metric: 0.8848
Epoch 34/50 - Val Metric: 0.8685
Epoch 35/50 - Train Loss: 0.4236 - Train Metric: 0.8850
Epoch 35/50 - Val Metric: 0.8734
Epoch 36/50 - Train Loss: 0.4195 - Train Metric: 0.8875
Epoch 36/50 - Val Metric: 0.8745
Epoch 37/50 - Train Loss: 0.4191 - Train Metric: 0.8879
Epoch 37/50 - Val Metric: 0.8749
Epoch 38/50 - Train Loss: 0.4130 - Train Metric: 0.8908
Epoch 38/50 - Val Metric: 0.8778
Epoch 39/50 - Train Loss: 0.4152 - Train Metric: 0.8898
Epoch 39/50 - Val Metric: 0.8813
Epoch 40/50 - Train Loss: 0.4108 - Train Metric: 0.8924
Epoch 40/50 - Val Metric: 0.8793
Epoch 41/50 - Train Loss: 0.4119 - Train Metric: 0.8918
Epoch 41/50 - Val Metric: 0.8809
Epoch 42/50 - Train Loss: 0.4074 - Train Metric: 0.8943
Epoch 42/50 - Val Metric: 0.8757
Epoch 43/50 - Train Loss: 0.4073 - Train Metric: 0.8943
Epoch 43/50 - Val Metric: 0.8781
Epoch 44/50 - Train Loss: 0.4055 - Train Metric: 0.8956
Epoch 44/50 - Val Metric: 0.8857
Epoch 45/50 - Train Loss: 0.4002 - Train Metric: 0.8981
Epoch 45/50 - Val Metric: 0.8831
Epoch 46/50 - Train Loss: 0.3954 - Train Metric: 0.9008
Epoch 46/50 - Val Metric: 0.8831
Epoch 47/50 - Train Loss: 0.3981 - Train Metric: 0.8992
Epoch 47/50 - Val Metric: 0.8853
Epoch 48/50 - Train Loss: 0.3945 - Train Metric: 0.9011
Epoch 48/50 - Val Metric: 0.8832
Epoch 49/50 - Train Loss: 0.3935 - Train Metric: 0.9016
Epoch 49/50 - Val Metric: 0.8927
Epoch 50/50 - Train Loss: 0.3861 - Train Metric: 0.9059
Epoch 50/50 - Val Metric: 0.8941
Best val: 0.8941, Best test: 0.9005
Training set has 30779 instances
Validation set has 3847 instances
Test set has 3848 instances
Epoch 1/50 - Train Loss: 0.7136 - Train Metric: 0.5023
Epoch 1/50 - Val Metric: 0.6135
Epoch 2/50 - Train Loss: 0.6967 - Train Metric: 0.5026
Epoch 2/50 - Val Metric: 0.6302
Epoch 3/50 - Train Loss: 0.6963 - Train Metric: 0.5002
Epoch 3/50 - Val Metric: 0.6539
Epoch 4/50 - Train Loss: 0.6945 - Train Metric: 0.5003
Epoch 4/50 - Val Metric: 0.6800
Epoch 5/50 - Train Loss: 0.6965 - Train Metric: 0.4984
Epoch 5/50 - Val Metric: 0.6954
Epoch 6/50 - Train Loss: 0.6944 - Train Metric: 0.5020
Epoch 6/50 - Val Metric: 0.7148
Epoch 7/50 - Train Loss: 0.6942 - Train Metric: 0.5049
Epoch 7/50 - Val Metric: 0.7428
Epoch 8/50 - Train Loss: 0.6190 - Train Metric: 0.6956
Epoch 8/50 - Val Metric: 0.8078
Epoch 9/50 - Train Loss: 0.5239 - Train Metric: 0.8058
Epoch 9/50 - Val Metric: 0.8253
Epoch 10/50 - Train Loss: 0.5116 - Train Metric: 0.8203
Epoch 10/50 - Val Metric: 0.8337
Epoch 11/50 - Train Loss: 0.5070 - Train Metric: 0.8253
Epoch 11/50 - Val Metric: 0.8332
Epoch 12/50 - Train Loss: 0.5003 - Train Metric: 0.8311
Epoch 12/50 - Val Metric: 0.8425
Epoch 13/50 - Train Loss: 0.4953 - Train Metric: 0.8357
Epoch 13/50 - Val Metric: 0.8427
Epoch 14/50 - Train Loss: 0.4919 - Train Metric: 0.8377
Epoch 14/50 - Val Metric: 0.8458
Epoch 15/50 - Train Loss: 0.4893 - Train Metric: 0.8402
Epoch 15/50 - Val Metric: 0.8458
Epoch 16/50 - Train Loss: 0.4842 - Train Metric: 0.8438
Epoch 16/50 - Val Metric: 0.8481
Epoch 17/50 - Train Loss: 0.4843 - Train Metric: 0.8429
Epoch 17/50 - Val Metric: 0.8444
Epoch 18/50 - Train Loss: 0.4831 - Train Metric: 0.8447
Epoch 18/50 - Val Metric: 0.8503
Epoch 19/50 - Train Loss: 0.4826 - Train Metric: 0.8448
Epoch 19/50 - Val Metric: 0.8520
Epoch 20/50 - Train Loss: 0.4794 - Train Metric: 0.8466
Epoch 20/50 - Val Metric: 0.8465
Epoch 21/50 - Train Loss: 0.4791 - Train Metric: 0.8473
Epoch 21/50 - Val Metric: 0.8514
Epoch 22/50 - Train Loss: 0.4771 - Train Metric: 0.8481
Epoch 22/50 - Val Metric: 0.8578
Epoch 23/50 - Train Loss: 0.4733 - Train Metric: 0.8522
Epoch 23/50 - Val Metric: 0.8578
Epoch 24/50 - Train Loss: 0.4708 - Train Metric: 0.8537
Epoch 24/50 - Val Metric: 0.8466
Epoch 25/50 - Train Loss: 0.4701 - Train Metric: 0.8539
Epoch 25/50 - Val Metric: 0.8642
Epoch 26/50 - Train Loss: 0.4636 - Train Metric: 0.8588
Epoch 26/50 - Val Metric: 0.8598
Epoch 27/50 - Train Loss: 0.4654 - Train Metric: 0.8586
Epoch 27/50 - Val Metric: 0.8646
Epoch 28/50 - Train Loss: 0.4611 - Train Metric: 0.8607
Epoch 28/50 - Val Metric: 0.8595
Epoch 29/50 - Train Loss: 0.4612 - Train Metric: 0.8609
Epoch 29/50 - Val Metric: 0.8660
Epoch 30/50 - Train Loss: 0.4586 - Train Metric: 0.8629
Epoch 30/50 - Val Metric: 0.8585
Epoch 31/50 - Train Loss: 0.4537 - Train Metric: 0.8659
Epoch 31/50 - Val Metric: 0.8710
Epoch 32/50 - Train Loss: 0.4523 - Train Metric: 0.8666
Epoch 32/50 - Val Metric: 0.8703
Epoch 33/50 - Train Loss: 0.4528 - Train Metric: 0.8661
Epoch 33/50 - Val Metric: 0.8615
Epoch 34/50 - Train Loss: 0.4532 - Train Metric: 0.8661
Epoch 34/50 - Val Metric: 0.8572
Epoch 35/50 - Train Loss: 0.4486 - Train Metric: 0.8690
Epoch 35/50 - Val Metric: 0.8673
Epoch 36/50 - Train Loss: 0.4468 - Train Metric: 0.8704
Epoch 36/50 - Val Metric: 0.8665
Epoch 37/50 - Train Loss: 0.4455 - Train Metric: 0.8712
Epoch 37/50 - Val Metric: 0.8695
Epoch 38/50 - Train Loss: 0.4394 - Train Metric: 0.8753
Epoch 38/50 - Val Metric: 0.8715
Epoch 39/50 - Train Loss: 0.4413 - Train Metric: 0.8739
Epoch 39/50 - Val Metric: 0.8653
Epoch 40/50 - Train Loss: 0.4391 - Train Metric: 0.8752
Epoch 40/50 - Val Metric: 0.8773
Epoch 41/50 - Train Loss: 0.4367 - Train Metric: 0.8769
Epoch 41/50 - Val Metric: 0.8785
Epoch 42/50 - Train Loss: 0.4338 - Train Metric: 0.8787
Epoch 42/50 - Val Metric: 0.8768
Epoch 43/50 - Train Loss: 0.4325 - Train Metric: 0.8794
Epoch 43/50 - Val Metric: 0.8789
Epoch 44/50 - Train Loss: 0.4321 - Train Metric: 0.8796
Epoch 44/50 - Val Metric: 0.8704
Epoch 45/50 - Train Loss: 0.4322 - Train Metric: 0.8794
Epoch 45/50 - Val Metric: 0.8691
Epoch 46/50 - Train Loss: 0.4296 - Train Metric: 0.8810
Epoch 46/50 - Val Metric: 0.8758
Epoch 47/50 - Train Loss: 0.4288 - Train Metric: 0.8816
Epoch 47/50 - Val Metric: 0.8755
Epoch 48/50 - Train Loss: 0.4262 - Train Metric: 0.8835
Epoch 48/50 - Val Metric: 0.8743
Epoch 49/50 - Train Loss: 0.4254 - Train Metric: 0.8837
Epoch 49/50 - Val Metric: 0.8805
Epoch 50/50 - Train Loss: 0.4240 - Train Metric: 0.8849
Epoch 50/50 - Val Metric: 0.8765
Best val: 0.8805, Best test: 0.8805
Training set has 30779 instances
Validation set has 3847 instances
Test set has 3848 instances
Epoch 1/50 - Train Loss: 0.6959 - Train Metric: 0.5355
Epoch 1/50 - Val Metric: 0.7501
Epoch 2/50 - Train Loss: 0.5591 - Train Metric: 0.7801
Epoch 2/50 - Val Metric: 0.8156
Epoch 3/50 - Train Loss: 0.5149 - Train Metric: 0.8184
Epoch 3/50 - Val Metric: 0.8293
Epoch 4/50 - Train Loss: 0.5071 - Train Metric: 0.8258
Epoch 4/50 - Val Metric: 0.8333
Epoch 5/50 - Train Loss: 0.5015 - Train Metric: 0.8309
Epoch 5/50 - Val Metric: 0.8344
Epoch 6/50 - Train Loss: 0.4995 - Train Metric: 0.8314
Epoch 6/50 - Val Metric: 0.8350
Epoch 7/50 - Train Loss: 0.4990 - Train Metric: 0.8319
Epoch 7/50 - Val Metric: 0.8350
Epoch 8/50 - Train Loss: 0.4929 - Train Metric: 0.8366
Epoch 8/50 - Val Metric: 0.8392
Epoch 9/50 - Train Loss: 0.4908 - Train Metric: 0.8382
Epoch 9/50 - Val Metric: 0.8412
Epoch 10/50 - Train Loss: 0.4858 - Train Metric: 0.8423
Epoch 10/50 - Val Metric: 0.8453
Epoch 11/50 - Train Loss: 0.4808 - Train Metric: 0.8452
Epoch 11/50 - Val Metric: 0.8492
Epoch 12/50 - Train Loss: 0.4757 - Train Metric: 0.8496
Epoch 12/50 - Val Metric: 0.8487
Epoch 13/50 - Train Loss: 0.4726 - Train Metric: 0.8518
Epoch 13/50 - Val Metric: 0.8561
Epoch 14/50 - Train Loss: 0.4675 - Train Metric: 0.8556
Epoch 14/50 - Val Metric: 0.8537
Epoch 15/50 - Train Loss: 0.4688 - Train Metric: 0.8547
Epoch 15/50 - Val Metric: 0.8536
Epoch 16/50 - Train Loss: 0.4662 - Train Metric: 0.8564
Epoch 16/50 - Val Metric: 0.8573
Epoch 17/50 - Train Loss: 0.4635 - Train Metric: 0.8580
Epoch 17/50 - Val Metric: 0.8630
Epoch 18/50 - Train Loss: 0.4611 - Train Metric: 0.8604
Epoch 18/50 - Val Metric: 0.8624
Epoch 19/50 - Train Loss: 0.4602 - Train Metric: 0.8607
Epoch 19/50 - Val Metric: 0.8637
Epoch 20/50 - Train Loss: 0.4582 - Train Metric: 0.8625
Epoch 20/50 - Val Metric: 0.8608
Epoch 21/50 - Train Loss: 0.4574 - Train Metric: 0.8625
Epoch 21/50 - Val Metric: 0.8592
Epoch 22/50 - Train Loss: 0.4553 - Train Metric: 0.8643
Epoch 22/50 - Val Metric: 0.8653
Epoch 23/50 - Train Loss: 0.4529 - Train Metric: 0.8660
Epoch 23/50 - Val Metric: 0.8697
Epoch 24/50 - Train Loss: 0.4538 - Train Metric: 0.8653
Epoch 24/50 - Val Metric: 0.8682
Epoch 25/50 - Train Loss: 0.4516 - Train Metric: 0.8668
Epoch 25/50 - Val Metric: 0.8706
Epoch 26/50 - Train Loss: 0.4498 - Train Metric: 0.8680
Epoch 26/50 - Val Metric: 0.8644
Epoch 27/50 - Train Loss: 0.4490 - Train Metric: 0.8687
Epoch 27/50 - Val Metric: 0.8714
Epoch 28/50 - Train Loss: 0.4476 - Train Metric: 0.8697
Epoch 28/50 - Val Metric: 0.8704
Epoch 29/50 - Train Loss: 0.4451 - Train Metric: 0.8712
Epoch 29/50 - Val Metric: 0.8715
Epoch 30/50 - Train Loss: 0.4438 - Train Metric: 0.8723
Epoch 30/50 - Val Metric: 0.8726
Epoch 31/50 - Train Loss: 0.4415 - Train Metric: 0.8737
Epoch 31/50 - Val Metric: 0.8733
Epoch 32/50 - Train Loss: 0.4408 - Train Metric: 0.8741
Epoch 32/50 - Val Metric: 0.8713
Training set has 30779 instances
Validation set has 3847 instances
Test set has 3848 instances
Training set has 30779 instances
Validation set has 3847 instances
Test set has 3848 instances
Epoch 1/50 - Train Loss: 0.6379 - Train Metric: 0.6693
Epoch 1/50 - Val Metric: 0.8088
Epoch 2/50 - Train Loss: 0.5156 - Train Metric: 0.8199
Epoch 2/50 - Val Metric: 0.8268
Epoch 3/50 - Train Loss: 0.5018 - Train Metric: 0.8312
Epoch 3/50 - Val Metric: 0.8333
Epoch 4/50 - Train Loss: 0.4950 - Train Metric: 0.8361
Epoch 4/50 - Val Metric: 0.8412
Epoch 5/50 - Train Loss: 0.4835 - Train Metric: 0.8448
Epoch 5/50 - Val Metric: 0.8446
Epoch 6/50 - Train Loss: 0.4814 - Train Metric: 0.8463
Epoch 6/50 - Val Metric: 0.8448
Epoch 7/50 - Train Loss: 0.4779 - Train Metric: 0.8484
Epoch 7/50 - Val Metric: 0.8455
Epoch 8/50 - Train Loss: 0.4757 - Train Metric: 0.8502
Epoch 8/50 - Val Metric: 0.8487
Epoch 9/50 - Train Loss: 0.4737 - Train Metric: 0.8517
Epoch 9/50 - Val Metric: 0.8498
Epoch 10/50 - Train Loss: 0.4681 - Train Metric: 0.8555
Epoch 10/50 - Val Metric: 0.8501
Epoch 11/50 - Train Loss: 0.4692 - Train Metric: 0.8556
Epoch 11/50 - Val Metric: 0.8527
Epoch 12/50 - Train Loss: 0.4652 - Train Metric: 0.8583
Epoch 12/50 - Val Metric: 0.8535
Epoch 13/50 - Train Loss: 0.4623 - Train Metric: 0.8601
Epoch 13/50 - Val Metric: 0.8552
Epoch 14/50 - Train Loss: 0.4613 - Train Metric: 0.8608
Epoch 14/50 - Val Metric: 0.8578
Epoch 15/50 - Train Loss: 0.4589 - Train Metric: 0.8625
Epoch 15/50 - Val Metric: 0.8557
Epoch 16/50 - Train Loss: 0.4577 - Train Metric: 0.8632
Epoch 16/50 - Val Metric: 0.8572
Epoch 17/50 - Train Loss: 0.4567 - Train Metric: 0.8638
Epoch 17/50 - Val Metric: 0.8615
Epoch 18/50 - Train Loss: 0.4542 - Train Metric: 0.8655
Epoch 18/50 - Val Metric: 0.8615
Epoch 19/50 - Train Loss: 0.4536 - Train Metric: 0.8660
Epoch 19/50 - Val Metric: 0.8636
Epoch 20/50 - Train Loss: 0.4524 - Train Metric: 0.8670
Epoch 20/50 - Val Metric: 0.8607
Epoch 21/50 - Train Loss: 0.4512 - Train Metric: 0.8676
Epoch 21/50 - Val Metric: 0.8648
Epoch 22/50 - Train Loss: 0.4476 - Train Metric: 0.8701
Epoch 22/50 - Val Metric: 0.8653
Epoch 23/50 - Train Loss: 0.4488 - Train Metric: 0.8694
Epoch 23/50 - Val Metric: 0.8654
Epoch 24/50 - Train Loss: 0.4471 - Train Metric: 0.8704
Epoch 24/50 - Val Metric: 0.8650
Epoch 25/50 - Train Loss: 0.4455 - Train Metric: 0.8716
Epoch 25/50 - Val Metric: 0.8673
Training set has 30779 instances
Validation set has 3847 instances
Test set has 3848 instances
Epoch 1/50 - Train Loss: 0.6391 - Train Metric: 0.6606
Epoch 1/50 - Val Metric: 0.8068
Epoch 2/50 - Train Loss: 0.5250 - Train Metric: 0.8114
Epoch 2/50 - Val Metric: 0.8275
Epoch 3/50 - Train Loss: 0.5130 - Train Metric: 0.8219
Epoch 3/50 - Val Metric: 0.8256
Epoch 4/50 - Train Loss: 0.5083 - Train Metric: 0.8245
Epoch 4/50 - Val Metric: 0.8334
Epoch 5/50 - Train Loss: 0.5113 - Train Metric: 0.8213
Epoch 5/50 - Val Metric: 0.8277
Epoch 6/50 - Train Loss: 0.5004 - Train Metric: 0.8304
Epoch 6/50 - Val Metric: 0.8338
Epoch 7/50 - Train Loss: 0.4974 - Train Metric: 0.8331
Epoch 7/50 - Val Metric: 0.8346
Epoch 8/50 - Train Loss: 0.4955 - Train Metric: 0.8346
Epoch 8/50 - Val Metric: 0.8410
Epoch 9/50 - Train Loss: 0.4925 - Train Metric: 0.8372
Epoch 9/50 - Val Metric: 0.8417
Epoch 10/50 - Train Loss: 0.4866 - Train Metric: 0.8415
Epoch 10/50 - Val Metric: 0.8446
Epoch 11/50 - Train Loss: 0.4866 - Train Metric: 0.8413
Epoch 11/50 - Val Metric: 0.8456
Epoch 12/50 - Train Loss: 0.4832 - Train Metric: 0.8438
Epoch 12/50 - Val Metric: 0.8502
Epoch 13/50 - Train Loss: 0.4800 - Train Metric: 0.8469
Epoch 13/50 - Val Metric: 0.8516
Epoch 14/50 - Train Loss: 0.4764 - Train Metric: 0.8497
Epoch 14/50 - Val Metric: 0.8560
Epoch 15/50 - Train Loss: 0.4737 - Train Metric: 0.8519
Epoch 15/50 - Val Metric: 0.8485
Epoch 16/50 - Train Loss: 0.4740 - Train Metric: 0.8514
Epoch 16/50 - Val Metric: 0.8465
Epoch 17/50 - Train Loss: 0.4696 - Train Metric: 0.8552
Epoch 17/50 - Val Metric: 0.8587
Epoch 18/50 - Train Loss: 0.4630 - Train Metric: 0.8596
Epoch 18/50 - Val Metric: 0.8598
Epoch 19/50 - Train Loss: 0.4616 - Train Metric: 0.8606
Epoch 19/50 - Val Metric: 0.8617
Epoch 20/50 - Train Loss: 0.4591 - Train Metric: 0.8625
Epoch 20/50 - Val Metric: 0.8699
Epoch 21/50 - Train Loss: 0.4531 - Train Metric: 0.8666
Epoch 21/50 - Val Metric: 0.8699
Epoch 22/50 - Train Loss: 0.4511 - Train Metric: 0.8678
Epoch 22/50 - Val Metric: 0.8694
Epoch 23/50 - Train Loss: 0.4496 - Train Metric: 0.8687
Epoch 23/50 - Val Metric: 0.8696
Epoch 24/50 - Train Loss: 0.4471 - Train Metric: 0.8703
Epoch 24/50 - Val Metric: 0.8706
Epoch 25/50 - Train Loss: 0.4436 - Train Metric: 0.8727
Epoch 25/50 - Val Metric: 0.8735
Epoch 26/50 - Train Loss: 0.4411 - Train Metric: 0.8746
Epoch 26/50 - Val Metric: 0.8737
Epoch 27/50 - Train Loss: 0.4414 - Train Metric: 0.8743
Epoch 27/50 - Val Metric: 0.8751
Epoch 28/50 - Train Loss: 0.4381 - Train Metric: 0.8762
Epoch 28/50 - Val Metric: 0.8732
Epoch 29/50 - Train Loss: 0.4389 - Train Metric: 0.8757
Epoch 29/50 - Val Metric: 0.8761
Epoch 30/50 - Train Loss: 0.4349 - Train Metric: 0.8783
Epoch 30/50 - Val Metric: 0.8780
Epoch 31/50 - Train Loss: 0.4353 - Train Metric: 0.8781
Epoch 31/50 - Val Metric: 0.8741
Epoch 32/50 - Train Loss: 0.4342 - Train Metric: 0.8787
Epoch 32/50 - Val Metric: 0.8781
Epoch 33/50 - Train Loss: 0.4318 - Train Metric: 0.8801
Epoch 33/50 - Val Metric: 0.8784
Epoch 34/50 - Train Loss: 0.4292 - Train Metric: 0.8817
Epoch 34/50 - Val Metric: 0.8798
Epoch 35/50 - Train Loss: 0.4288 - Train Metric: 0.8821
Epoch 35/50 - Val Metric: 0.8789
Epoch 36/50 - Train Loss: 0.4262 - Train Metric: 0.8836
Epoch 36/50 - Val Metric: 0.8783
Epoch 37/50 - Train Loss: 0.4255 - Train Metric: 0.8842
Epoch 37/50 - Val Metric: 0.8843
Epoch 38/50 - Train Loss: 0.4233 - Train Metric: 0.8854
Epoch 38/50 - Val Metric: 0.8802
Epoch 39/50 - Train Loss: 0.4233 - Train Metric: 0.8853
Epoch 39/50 - Val Metric: 0.8817
Epoch 40/50 - Train Loss: 0.4223 - Train Metric: 0.8859
Epoch 40/50 - Val Metric: 0.8842
Epoch 41/50 - Train Loss: 0.4195 - Train Metric: 0.8877
Epoch 41/50 - Val Metric: 0.8848
Epoch 42/50 - Train Loss: 0.4197 - Train Metric: 0.8876
Epoch 42/50 - Val Metric: 0.8875
Epoch 43/50 - Train Loss: 0.4182 - Train Metric: 0.8885
Epoch 43/50 - Val Metric: 0.8858
Epoch 44/50 - Train Loss: 0.4161 - Train Metric: 0.8896
Epoch 44/50 - Val Metric: 0.8847
Epoch 45/50 - Train Loss: 0.4155 - Train Metric: 0.8900
Epoch 45/50 - Val Metric: 0.8865
Epoch 46/50 - Train Loss: 0.4143 - Train Metric: 0.8908
Epoch 46/50 - Val Metric: 0.8867
Epoch 47/50 - Train Loss: 0.4140 - Train Metric: 0.8908
Epoch 47/50 - Val Metric: 0.8865
Epoch 48/50 - Train Loss: 0.4130 - Train Metric: 0.8915
Epoch 48/50 - Val Metric: 0.8888
Epoch 49/50 - Train Loss: 0.4118 - Train Metric: 0.8922
Epoch 49/50 - Val Metric: 0.8882
Epoch 50/50 - Train Loss: 0.4111 - Train Metric: 0.8925
Epoch 50/50 - Val Metric: 0.8903
Best val: 0.8903, Best test: 0.8902
Training set has 30779 instances
Validation set has 3847 instances
Test set has 3848 instances
Training set has 30779 instances
Validation set has 3847 instances
Test set has 3848 instances
Epoch 1/50 - Train Loss: 0.6813 - Train Metric: 0.5625
Epoch 1/50 - Val Metric: 0.7858
Epoch 2/50 - Train Loss: 0.5391 - Train Metric: 0.7981
Epoch 2/50 - Val Metric: 0.8249
Epoch 3/50 - Train Loss: 0.5198 - Train Metric: 0.8152
Epoch 3/50 - Val Metric: 0.8347
Epoch 4/50 - Train Loss: 0.5094 - Train Metric: 0.8245
Epoch 4/50 - Val Metric: 0.8407
Epoch 5/50 - Train Loss: 0.5006 - Train Metric: 0.8309
Epoch 5/50 - Val Metric: 0.8435
Epoch 6/50 - Train Loss: 0.4985 - Train Metric: 0.8321
Epoch 6/50 - Val Metric: 0.8434
Epoch 7/50 - Train Loss: 0.4960 - Train Metric: 0.8339
Epoch 7/50 - Val Metric: 0.8412
Epoch 8/50 - Train Loss: 0.4939 - Train Metric: 0.8357
Epoch 8/50 - Val Metric: 0.8463
Epoch 9/50 - Train Loss: 0.4944 - Train Metric: 0.8354
Epoch 9/50 - Val Metric: 0.8465
Epoch 10/50 - Train Loss: 0.4895 - Train Metric: 0.8388
Epoch 10/50 - Val Metric: 0.8452
Epoch 11/50 - Train Loss: 0.4871 - Train Metric: 0.8408
Epoch 11/50 - Val Metric: 0.8507
Epoch 12/50 - Train Loss: 0.4828 - Train Metric: 0.8438
Epoch 12/50 - Val Metric: 0.8524
Epoch 13/50 - Train Loss: 0.4796 - Train Metric: 0.8469
Epoch 13/50 - Val Metric: 0.8541
Epoch 14/50 - Train Loss: 0.4739 - Train Metric: 0.8510
Epoch 14/50 - Val Metric: 0.8590
Epoch 15/50 - Train Loss: 0.4691 - Train Metric: 0.8540
Epoch 15/50 - Val Metric: 0.8626
Epoch 16/50 - Train Loss: 0.4692 - Train Metric: 0.8538
Epoch 16/50 - Val Metric: 0.8610
Epoch 17/50 - Train Loss: 0.4695 - Train Metric: 0.8535
Epoch 17/50 - Val Metric: 0.8633
Epoch 18/50 - Train Loss: 0.4614 - Train Metric: 0.8593
Epoch 18/50 - Val Metric: 0.8625
Epoch 19/50 - Train Loss: 0.4607 - Train Metric: 0.8599
Epoch 19/50 - Val Metric: 0.8662
Epoch 20/50 - Train Loss: 0.4560 - Train Metric: 0.8630
Epoch 20/50 - Val Metric: 0.8676
Epoch 21/50 - Train Loss: 0.4543 - Train Metric: 0.8647
Epoch 21/50 - Val Metric: 0.8694
Epoch 22/50 - Train Loss: 0.4517 - Train Metric: 0.8665
Epoch 22/50 - Val Metric: 0.8710
Epoch 23/50 - Train Loss: 0.4482 - Train Metric: 0.8692
Epoch 23/50 - Val Metric: 0.8711
Epoch 24/50 - Train Loss: 0.4478 - Train Metric: 0.8696
Epoch 24/50 - Val Metric: 0.8717
Epoch 25/50 - Train Loss: 0.4443 - Train Metric: 0.8719
Epoch 25/50 - Val Metric: 0.8733
Epoch 26/50 - Train Loss: 0.4418 - Train Metric: 0.8736
Epoch 26/50 - Val Metric: 0.8719
Epoch 27/50 - Train Loss: 0.4411 - Train Metric: 0.8740
Epoch 27/50 - Val Metric: 0.8744
Epoch 28/50 - Train Loss: 0.4391 - Train Metric: 0.8754
Epoch 28/50 - Val Metric: 0.8756
Epoch 29/50 - Train Loss: 0.4358 - Train Metric: 0.8776
Epoch 29/50 - Val Metric: 0.8784
Epoch 30/50 - Train Loss: 0.4355 - Train Metric: 0.8777
Epoch 30/50 - Val Metric: 0.8779
Epoch 31/50 - Train Loss: 0.4351 - Train Metric: 0.8778
Epoch 31/50 - Val Metric: 0.8784
Epoch 32/50 - Train Loss: 0.4322 - Train Metric: 0.8799
Epoch 32/50 - Val Metric: 0.8796
Epoch 33/50 - Train Loss: 0.4302 - Train Metric: 0.8809
Epoch 33/50 - Val Metric: 0.8812
Epoch 34/50 - Train Loss: 0.4297 - Train Metric: 0.8814
Epoch 34/50 - Val Metric: 0.8794
Epoch 35/50 - Train Loss: 0.4285 - Train Metric: 0.8821
Epoch 35/50 - Val Metric: 0.8819
Epoch 36/50 - Train Loss: 0.4281 - Train Metric: 0.8823
Epoch 36/50 - Val Metric: 0.8813
Epoch 37/50 - Train Loss: 0.4269 - Train Metric: 0.8831
Epoch 37/50 - Val Metric: 0.8825
Epoch 38/50 - Train Loss: 0.4264 - Train Metric: 0.8834
Epoch 38/50 - Val Metric: 0.8824
Epoch 39/50 - Train Loss: 0.4254 - Train Metric: 0.8841
Epoch 39/50 - Val Metric: 0.8824
Epoch 40/50 - Train Loss: 0.4248 - Train Metric: 0.8843
Epoch 40/50 - Val Metric: 0.8836
Epoch 41/50 - Train Loss: 0.4243 - Train Metric: 0.8847
Epoch 41/50 - Val Metric: 0.8832
Epoch 42/50 - Train Loss: 0.4241 - Train Metric: 0.8848
Epoch 42/50 - Val Metric: 0.8833
Epoch 43/50 - Train Loss: 0.4231 - Train Metric: 0.8854
Epoch 43/50 - Val Metric: 0.8835
Epoch 44/50 - Train Loss: 0.4237 - Train Metric: 0.8850
Epoch 44/50 - Val Metric: 0.8831
Epoch 45/50 - Train Loss: 0.4231 - Train Metric: 0.8854
Epoch 45/50 - Val Metric: 0.8836
Epoch 46/50 - Train Loss: 0.4224 - Train Metric: 0.8857
Epoch 46/50 - Val Metric: 0.8834
Epoch 47/50 - Train Loss: 0.4228 - Train Metric: 0.8856
Epoch 47/50 - Val Metric: 0.8836
Epoch 48/50 - Train Loss: 0.4219 - Train Metric: 0.8861
Epoch 48/50 - Val Metric: 0.8827
Training set has 30779 instances
Validation set has 3847 instances
Test set has 3848 instances
Epoch 1/50 - Train Loss: 0.6915 - Train Metric: 0.5334
Epoch 1/50 - Val Metric: 0.6751
Epoch 2/50 - Train Loss: 0.5963 - Train Metric: 0.7405
Epoch 2/50 - Val Metric: 0.8223
Epoch 3/50 - Train Loss: 0.5236 - Train Metric: 0.8128
Epoch 3/50 - Val Metric: 0.8359
Epoch 4/50 - Train Loss: 0.5138 - Train Metric: 0.8210
Epoch 4/50 - Val Metric: 0.8407
Epoch 5/50 - Train Loss: 0.5084 - Train Metric: 0.8247
Epoch 5/50 - Val Metric: 0.8447
Epoch 6/50 - Train Loss: 0.5035 - Train Metric: 0.8290
Epoch 6/50 - Val Metric: 0.8470
Epoch 7/50 - Train Loss: 0.4994 - Train Metric: 0.8320
Epoch 7/50 - Val Metric: 0.8488
Epoch 8/50 - Train Loss: 0.4969 - Train Metric: 0.8331
Epoch 8/50 - Val Metric: 0.8486
Epoch 9/50 - Train Loss: 0.4956 - Train Metric: 0.8346
Epoch 9/50 - Val Metric: 0.8472
Epoch 10/50 - Train Loss: 0.4940 - Train Metric: 0.8352
Epoch 10/50 - Val Metric: 0.8513
Epoch 11/50 - Train Loss: 0.4902 - Train Metric: 0.8380
Epoch 11/50 - Val Metric: 0.8510
Epoch 12/50 - Train Loss: 0.4886 - Train Metric: 0.8396
Epoch 12/50 - Val Metric: 0.8525
Epoch 13/50 - Train Loss: 0.4830 - Train Metric: 0.8445
Epoch 13/50 - Val Metric: 0.8545
Epoch 14/50 - Train Loss: 0.4739 - Train Metric: 0.8517
Epoch 14/50 - Val Metric: 0.8617
Epoch 15/50 - Train Loss: 0.4696 - Train Metric: 0.8543
Epoch 15/50 - Val Metric: 0.8661
Epoch 16/50 - Train Loss: 0.4700 - Train Metric: 0.8544
Epoch 16/50 - Val Metric: 0.8682
Epoch 17/50 - Train Loss: 0.4658 - Train Metric: 0.8578
Epoch 17/50 - Val Metric: 0.8656
Epoch 18/50 - Train Loss: 0.4594 - Train Metric: 0.8623
Epoch 18/50 - Val Metric: 0.8656
Epoch 19/50 - Train Loss: 0.4582 - Train Metric: 0.8624
Epoch 19/50 - Val Metric: 0.8727
Epoch 20/50 - Train Loss: 0.4559 - Train Metric: 0.8643
Epoch 20/50 - Val Metric: 0.8697
Epoch 21/50 - Train Loss: 0.4531 - Train Metric: 0.8660
Epoch 21/50 - Val Metric: 0.8758
Epoch 22/50 - Train Loss: 0.4516 - Train Metric: 0.8673
Epoch 22/50 - Val Metric: 0.8764
Epoch 23/50 - Train Loss: 0.4508 - Train Metric: 0.8673
Epoch 23/50 - Val Metric: 0.8740
Epoch 24/50 - Train Loss: 0.4507 - Train Metric: 0.8675
Epoch 24/50 - Val Metric: 0.8754
Epoch 25/50 - Train Loss: 0.4485 - Train Metric: 0.8694
Epoch 25/50 - Val Metric: 0.8790
Epoch 26/50 - Train Loss: 0.4460 - Train Metric: 0.8706
Epoch 26/50 - Val Metric: 0.8766
Epoch 27/50 - Train Loss: 0.4483 - Train Metric: 0.8696
Epoch 27/50 - Val Metric: 0.8761
Epoch 28/50 - Train Loss: 0.4404 - Train Metric: 0.8743
Epoch 28/50 - Val Metric: 0.8850
Epoch 29/50 - Train Loss: 0.4367 - Train Metric: 0.8768
Epoch 29/50 - Val Metric: 0.8853
Epoch 30/50 - Train Loss: 0.4348 - Train Metric: 0.8780
Epoch 30/50 - Val Metric: 0.8861
Epoch 31/50 - Train Loss: 0.4382 - Train Metric: 0.8757
Epoch 31/50 - Val Metric: 0.8813
Epoch 32/50 - Train Loss: 0.4355 - Train Metric: 0.8777
Epoch 32/50 - Val Metric: 0.8859
Epoch 33/50 - Train Loss: 0.4285 - Train Metric: 0.8818
Epoch 33/50 - Val Metric: 0.8885
Epoch 34/50 - Train Loss: 0.4263 - Train Metric: 0.8832
Epoch 34/50 - Val Metric: 0.8840
Epoch 35/50 - Train Loss: 0.4270 - Train Metric: 0.8829
Epoch 35/50 - Val Metric: 0.8776
Epoch 36/50 - Train Loss: 0.4296 - Train Metric: 0.8811
Epoch 36/50 - Val Metric: 0.8872
Epoch 37/50 - Train Loss: 0.4195 - Train Metric: 0.8872
Epoch 37/50 - Val Metric: 0.8911
Epoch 38/50 - Train Loss: 0.4159 - Train Metric: 0.8895
Epoch 38/50 - Val Metric: 0.8901
Epoch 39/50 - Train Loss: 0.4173 - Train Metric: 0.8885
Epoch 39/50 - Val Metric: 0.8910
Epoch 40/50 - Train Loss: 0.4144 - Train Metric: 0.8903
Epoch 40/50 - Val Metric: 0.8919
Epoch 41/50 - Train Loss: 0.4141 - Train Metric: 0.8902
Epoch 41/50 - Val Metric: 0.8920
Epoch 42/50 - Train Loss: 0.4112 - Train Metric: 0.8919
Epoch 42/50 - Val Metric: 0.8882
Epoch 43/50 - Train Loss: 0.4089 - Train Metric: 0.8935
Epoch 43/50 - Val Metric: 0.8879
Epoch 44/50 - Train Loss: 0.4114 - Train Metric: 0.8919
Epoch 44/50 - Val Metric: 0.8896
Epoch 45/50 - Train Loss: 0.4046 - Train Metric: 0.8955
Epoch 45/50 - Val Metric: 0.8930
Epoch 46/50 - Train Loss: 0.4065 - Train Metric: 0.8945
Epoch 46/50 - Val Metric: 0.8926
Epoch 47/50 - Train Loss: 0.3998 - Train Metric: 0.8983
Epoch 47/50 - Val Metric: 0.8937
Epoch 48/50 - Train Loss: 0.4012 - Train Metric: 0.8974
Epoch 48/50 - Val Metric: 0.8969
Epoch 49/50 - Train Loss: 0.3938 - Train Metric: 0.9015
Epoch 49/50 - Val Metric: 0.8984
Epoch 50/50 - Train Loss: 0.3914 - Train Metric: 0.9028
Epoch 50/50 - Val Metric: 0.8986
Best val: 0.8986, Best test: 0.8865
Training set has 30779 instances
Validation set has 3847 instances
Test set has 3848 instances
Epoch 1/50 - Train Loss: 0.6730 - Train Metric: 0.5945
Epoch 1/50 - Val Metric: 0.7412
Epoch 2/50 - Train Loss: 0.5768 - Train Metric: 0.7650
Epoch 2/50 - Val Metric: 0.8133
Epoch 3/50 - Train Loss: 0.5283 - Train Metric: 0.8096
Epoch 3/50 - Val Metric: 0.8220
Training set has 30779 instances
Validation set has 3847 instances
Test set has 3848 instances
Epoch 1/50 - Train Loss: 0.6721 - Train Metric: 0.5858
Epoch 1/50 - Val Metric: 0.8074
Epoch 2/50 - Train Loss: 0.5278 - Train Metric: 0.8074
Epoch 2/50 - Val Metric: 0.8274
Epoch 3/50 - Train Loss: 0.5092 - Train Metric: 0.8236
Epoch 3/50 - Val Metric: 0.8382
Epoch 4/50 - Train Loss: 0.5029 - Train Metric: 0.8286
Epoch 4/50 - Val Metric: 0.8337
Epoch 5/50 - Train Loss: 0.4993 - Train Metric: 0.8319
Epoch 5/50 - Val Metric: 0.8416
Epoch 6/50 - Train Loss: 0.4950 - Train Metric: 0.8348
Epoch 6/50 - Val Metric: 0.8401
Epoch 7/50 - Train Loss: 0.4921 - Train Metric: 0.8370
Epoch 7/50 - Val Metric: 0.8466
Epoch 8/50 - Train Loss: 0.4845 - Train Metric: 0.8430
Epoch 8/50 - Val Metric: 0.8542
Epoch 9/50 - Train Loss: 0.4744 - Train Metric: 0.8515
Epoch 9/50 - Val Metric: 0.8608
Epoch 10/50 - Train Loss: 0.4690 - Train Metric: 0.8555
Epoch 10/50 - Val Metric: 0.8558
Epoch 11/50 - Train Loss: 0.4677 - Train Metric: 0.8562
Epoch 11/50 - Val Metric: 0.8657
Epoch 12/50 - Train Loss: 0.4628 - Train Metric: 0.8598
Epoch 12/50 - Val Metric: 0.8658
Epoch 13/50 - Train Loss: 0.4570 - Train Metric: 0.8639
Epoch 13/50 - Val Metric: 0.8644
Epoch 14/50 - Train Loss: 0.4567 - Train Metric: 0.8640
Epoch 14/50 - Val Metric: 0.8657
Epoch 15/50 - Train Loss: 0.4532 - Train Metric: 0.8663
Epoch 15/50 - Val Metric: 0.8723
Epoch 16/50 - Train Loss: 0.4485 - Train Metric: 0.8694
Epoch 16/50 - Val Metric: 0.8641
Epoch 17/50 - Train Loss: 0.4460 - Train Metric: 0.8712
Epoch 17/50 - Val Metric: 0.8690
Epoch 18/50 - Train Loss: 0.4484 - Train Metric: 0.8699
Epoch 18/50 - Val Metric: 0.8702
Epoch 19/50 - Train Loss: 0.4416 - Train Metric: 0.8739
Epoch 19/50 - Val Metric: 0.8755
Epoch 20/50 - Train Loss: 0.4412 - Train Metric: 0.8742
Epoch 20/50 - Val Metric: 0.8732
Epoch 21/50 - Train Loss: 0.4404 - Train Metric: 0.8745
Epoch 21/50 - Val Metric: 0.8762
Epoch 22/50 - Train Loss: 0.4357 - Train Metric: 0.8776
Epoch 22/50 - Val Metric: 0.8701
Epoch 23/50 - Train Loss: 0.4353 - Train Metric: 0.8777
Epoch 23/50 - Val Metric: 0.8745
Epoch 24/50 - Train Loss: 0.4299 - Train Metric: 0.8809
Epoch 24/50 - Val Metric: 0.8780
Epoch 25/50 - Train Loss: 0.4281 - Train Metric: 0.8820
Epoch 25/50 - Val Metric: 0.8804
Epoch 26/50 - Train Loss: 0.4265 - Train Metric: 0.8832
Epoch 26/50 - Val Metric: 0.8755
Epoch 27/50 - Train Loss: 0.4258 - Train Metric: 0.8834
Epoch 27/50 - Val Metric: 0.8792
Epoch 28/50 - Train Loss: 0.4220 - Train Metric: 0.8857
Epoch 28/50 - Val Metric: 0.8812
Epoch 29/50 - Train Loss: 0.4233 - Train Metric: 0.8850
Epoch 29/50 - Val Metric: 0.8795
Epoch 30/50 - Train Loss: 0.4226 - Train Metric: 0.8851
Epoch 30/50 - Val Metric: 0.8816
Epoch 31/50 - Train Loss: 0.4147 - Train Metric: 0.8897
Epoch 31/50 - Val Metric: 0.8837
Epoch 32/50 - Train Loss: 0.4173 - Train Metric: 0.8884
Epoch 32/50 - Val Metric: 0.8847
Epoch 33/50 - Train Loss: 0.4167 - Train Metric: 0.8884
Epoch 33/50 - Val Metric: 0.8756
Epoch 34/50 - Train Loss: 0.4168 - Train Metric: 0.8886
Epoch 34/50 - Val Metric: 0.8856
Epoch 35/50 - Train Loss: 0.4101 - Train Metric: 0.8926
Epoch 35/50 - Val Metric: 0.8860
Epoch 36/50 - Train Loss: 0.4101 - Train Metric: 0.8924
Epoch 36/50 - Val Metric: 0.8832
Epoch 37/50 - Train Loss: 0.4084 - Train Metric: 0.8933
Epoch 37/50 - Val Metric: 0.8871
Epoch 38/50 - Train Loss: 0.4023 - Train Metric: 0.8967
Epoch 38/50 - Val Metric: 0.8903
Epoch 39/50 - Train Loss: 0.4009 - Train Metric: 0.8976
Epoch 39/50 - Val Metric: 0.8893
Epoch 40/50 - Train Loss: 0.4006 - Train Metric: 0.8976
Epoch 40/50 - Val Metric: 0.8917
Epoch 41/50 - Train Loss: 0.3939 - Train Metric: 0.9014
Epoch 41/50 - Val Metric: 0.8881
Epoch 42/50 - Train Loss: 0.3936 - Train Metric: 0.9017
Epoch 42/50 - Val Metric: 0.8907
Epoch 43/50 - Train Loss: 0.3874 - Train Metric: 0.9047
Epoch 43/50 - Val Metric: 0.8899
Epoch 44/50 - Train Loss: 0.3875 - Train Metric: 0.9048
Epoch 44/50 - Val Metric: 0.9002
Epoch 45/50 - Train Loss: 0.3810 - Train Metric: 0.9080
Epoch 45/50 - Val Metric: 0.8908
Epoch 46/50 - Train Loss: 0.3816 - Train Metric: 0.9078
Epoch 46/50 - Val Metric: 0.9032
Epoch 47/50 - Train Loss: 0.3738 - Train Metric: 0.9116
Epoch 47/50 - Val Metric: 0.9016
Epoch 48/50 - Train Loss: 0.3745 - Train Metric: 0.9113
Epoch 48/50 - Val Metric: 0.9054
Epoch 49/50 - Train Loss: 0.3692 - Train Metric: 0.9139
Epoch 49/50 - Val Metric: 0.9074
Epoch 50/50 - Train Loss: 0.3652 - Train Metric: 0.9160
Epoch 50/50 - Val Metric: 0.9015
Best val: 0.9074, Best test: 0.9006
Training set has 30779 instances
Validation set has 3847 instances
Test set has 3848 instances
Epoch 1/50 - Train Loss: 0.6913 - Train Metric: 0.5405
Epoch 1/50 - Val Metric: 0.6687
Epoch 2/50 - Train Loss: 0.5753 - Train Metric: 0.7655
Epoch 2/50 - Val Metric: 0.8100
Training set has 30779 instances
Validation set has 3847 instances
Test set has 3848 instances
Epoch 1/50 - Train Loss: 0.6414 - Train Metric: 0.6562
Epoch 1/50 - Val Metric: 0.8103
Epoch 2/50 - Train Loss: 0.5300 - Train Metric: 0.8060
Epoch 2/50 - Val Metric: 0.8256
Epoch 3/50 - Train Loss: 0.5165 - Train Metric: 0.8174
Epoch 3/50 - Val Metric: 0.8277
Epoch 4/50 - Train Loss: 0.5078 - Train Metric: 0.8253
Epoch 4/50 - Val Metric: 0.8358
Epoch 5/50 - Train Loss: 0.5002 - Train Metric: 0.8309
Epoch 5/50 - Val Metric: 0.8401
Epoch 6/50 - Train Loss: 0.5008 - Train Metric: 0.8300
Epoch 6/50 - Val Metric: 0.8404
Epoch 7/50 - Train Loss: 0.4961 - Train Metric: 0.8346
Epoch 7/50 - Val Metric: 0.8417
Epoch 8/50 - Train Loss: 0.4925 - Train Metric: 0.8363
Epoch 8/50 - Val Metric: 0.8421
Epoch 9/50 - Train Loss: 0.4918 - Train Metric: 0.8369
Epoch 9/50 - Val Metric: 0.8468
Epoch 10/50 - Train Loss: 0.4837 - Train Metric: 0.8434
Epoch 10/50 - Val Metric: 0.8504
Epoch 11/50 - Train Loss: 0.4779 - Train Metric: 0.8483
Epoch 11/50 - Val Metric: 0.8594
Epoch 12/50 - Train Loss: 0.4702 - Train Metric: 0.8544
Epoch 12/50 - Val Metric: 0.8583
Epoch 13/50 - Train Loss: 0.4676 - Train Metric: 0.8556
Epoch 13/50 - Val Metric: 0.8633
Epoch 14/50 - Train Loss: 0.4635 - Train Metric: 0.8593
Epoch 14/50 - Val Metric: 0.8657
Epoch 15/50 - Train Loss: 0.4641 - Train Metric: 0.8584
Epoch 15/50 - Val Metric: 0.8628
Epoch 16/50 - Train Loss: 0.4556 - Train Metric: 0.8645
Epoch 16/50 - Val Metric: 0.8639
Epoch 17/50 - Train Loss: 0.4536 - Train Metric: 0.8659
Epoch 17/50 - Val Metric: 0.8650
Epoch 18/50 - Train Loss: 0.4538 - Train Metric: 0.8659
Epoch 18/50 - Val Metric: 0.8687
Epoch 19/50 - Train Loss: 0.4482 - Train Metric: 0.8696
Epoch 19/50 - Val Metric: 0.8678
Epoch 20/50 - Train Loss: 0.4490 - Train Metric: 0.8695
Epoch 20/50 - Val Metric: 0.8764
Epoch 21/50 - Train Loss: 0.4423 - Train Metric: 0.8737
Epoch 21/50 - Val Metric: 0.8755
Epoch 22/50 - Train Loss: 0.4435 - Train Metric: 0.8728
Epoch 22/50 - Val Metric: 0.8733
Epoch 23/50 - Train Loss: 0.4405 - Train Metric: 0.8746
Epoch 23/50 - Val Metric: 0.8748
Epoch 24/50 - Train Loss: 0.4372 - Train Metric: 0.8770
Epoch 24/50 - Val Metric: 0.8733
Epoch 25/50 - Train Loss: 0.4344 - Train Metric: 0.8785
Epoch 25/50 - Val Metric: 0.8613
Epoch 26/50 - Train Loss: 0.4344 - Train Metric: 0.8784
Epoch 26/50 - Val Metric: 0.8738
Epoch 27/50 - Train Loss: 0.4295 - Train Metric: 0.8814
Epoch 27/50 - Val Metric: 0.8826
Epoch 28/50 - Train Loss: 0.4261 - Train Metric: 0.8835
Epoch 28/50 - Val Metric: 0.8811
Epoch 29/50 - Train Loss: 0.4295 - Train Metric: 0.8814
Epoch 29/50 - Val Metric: 0.8828
Epoch 30/50 - Train Loss: 0.4236 - Train Metric: 0.8853
Epoch 30/50 - Val Metric: 0.8874
Epoch 31/50 - Train Loss: 0.4209 - Train Metric: 0.8869
Epoch 31/50 - Val Metric: 0.8872
Epoch 32/50 - Train Loss: 0.4150 - Train Metric: 0.8899
Epoch 32/50 - Val Metric: 0.8842
Epoch 33/50 - Train Loss: 0.4186 - Train Metric: 0.8880
Epoch 33/50 - Val Metric: 0.8786
Epoch 34/50 - Train Loss: 0.4143 - Train Metric: 0.8905
Epoch 34/50 - Val Metric: 0.8856
Epoch 35/50 - Train Loss: 0.4105 - Train Metric: 0.8929
Epoch 35/50 - Val Metric: 0.8882
Epoch 36/50 - Train Loss: 0.4051 - Train Metric: 0.8959
Epoch 36/50 - Val Metric: 0.8863
Epoch 37/50 - Train Loss: 0.4070 - Train Metric: 0.8948
Epoch 37/50 - Val Metric: 0.8880
Epoch 38/50 - Train Loss: 0.4004 - Train Metric: 0.8984
Epoch 38/50 - Val Metric: 0.8930
Epoch 39/50 - Train Loss: 0.3970 - Train Metric: 0.9002
Epoch 39/50 - Val Metric: 0.8928
Epoch 40/50 - Train Loss: 0.3930 - Train Metric: 0.9023
Epoch 40/50 - Val Metric: 0.8933
Epoch 41/50 - Train Loss: 0.3900 - Train Metric: 0.9039
Epoch 41/50 - Val Metric: 0.8960
Epoch 42/50 - Train Loss: 0.3910 - Train Metric: 0.9033
Epoch 42/50 - Val Metric: 0.8936
Epoch 43/50 - Train Loss: 0.3854 - Train Metric: 0.9061
Epoch 43/50 - Val Metric: 0.9043
Epoch 44/50 - Train Loss: 0.3816 - Train Metric: 0.9079
Epoch 44/50 - Val Metric: 0.9043
Epoch 45/50 - Train Loss: 0.3789 - Train Metric: 0.9094
Epoch 45/50 - Val Metric: 0.9023
Epoch 46/50 - Train Loss: 0.3778 - Train Metric: 0.9100
Epoch 46/50 - Val Metric: 0.9022
Epoch 47/50 - Train Loss: 0.3717 - Train Metric: 0.9130
Epoch 47/50 - Val Metric: 0.8971
Epoch 48/50 - Train Loss: 0.3691 - Train Metric: 0.9145
Epoch 48/50 - Val Metric: 0.9028
Epoch 49/50 - Train Loss: 0.3654 - Train Metric: 0.9159
Epoch 49/50 - Val Metric: 0.9054
Epoch 50/50 - Train Loss: 0.3676 - Train Metric: 0.9150
Epoch 50/50 - Val Metric: 0.9051
Best val: 0.9054, Best test: 0.9065
Training set has 30779 instances
Validation set has 3847 instances
Test set has 3848 instances
Epoch 1/50 - Train Loss: 0.6662 - Train Metric: 0.5961
Epoch 1/50 - Val Metric: 0.8068
Epoch 2/50 - Train Loss: 0.5246 - Train Metric: 0.8078
Epoch 2/50 - Val Metric: 0.8289
Epoch 3/50 - Train Loss: 0.5119 - Train Metric: 0.8202
Epoch 3/50 - Val Metric: 0.8380
Epoch 4/50 - Train Loss: 0.5034 - Train Metric: 0.8285
Epoch 4/50 - Val Metric: 0.8375
Epoch 5/50 - Train Loss: 0.4993 - Train Metric: 0.8321
Epoch 5/50 - Val Metric: 0.8442
Epoch 6/50 - Train Loss: 0.4909 - Train Metric: 0.8387
Epoch 6/50 - Val Metric: 0.8514
Epoch 7/50 - Train Loss: 0.4809 - Train Metric: 0.8463
Epoch 7/50 - Val Metric: 0.8588
Epoch 8/50 - Train Loss: 0.4759 - Train Metric: 0.8494
Epoch 8/50 - Val Metric: 0.8638
Epoch 9/50 - Train Loss: 0.4707 - Train Metric: 0.8536
Epoch 9/50 - Val Metric: 0.8669
Epoch 10/50 - Train Loss: 0.4674 - Train Metric: 0.8561
Epoch 10/50 - Val Metric: 0.8667
Epoch 11/50 - Train Loss: 0.4672 - Train Metric: 0.8557
Epoch 11/50 - Val Metric: 0.8659
Epoch 12/50 - Train Loss: 0.4616 - Train Metric: 0.8604
Epoch 12/50 - Val Metric: 0.8704
Epoch 13/50 - Train Loss: 0.4601 - Train Metric: 0.8614
Epoch 13/50 - Val Metric: 0.8723
Epoch 14/50 - Train Loss: 0.4560 - Train Metric: 0.8642
Epoch 14/50 - Val Metric: 0.8734
Epoch 15/50 - Train Loss: 0.4545 - Train Metric: 0.8653
Epoch 15/50 - Val Metric: 0.8719
Epoch 16/50 - Train Loss: 0.4496 - Train Metric: 0.8686
Epoch 16/50 - Val Metric: 0.8767
Epoch 17/50 - Train Loss: 0.4457 - Train Metric: 0.8713
Epoch 17/50 - Val Metric: 0.8786
Epoch 18/50 - Train Loss: 0.4434 - Train Metric: 0.8729
Epoch 18/50 - Val Metric: 0.8804
Epoch 19/50 - Train Loss: 0.4400 - Train Metric: 0.8749
Epoch 19/50 - Val Metric: 0.8806
Epoch 20/50 - Train Loss: 0.4355 - Train Metric: 0.8779
Epoch 20/50 - Val Metric: 0.8822
Epoch 21/50 - Train Loss: 0.4327 - Train Metric: 0.8797
Epoch 21/50 - Val Metric: 0.8820
Epoch 22/50 - Train Loss: 0.4301 - Train Metric: 0.8812
Epoch 22/50 - Val Metric: 0.8870
Epoch 23/50 - Train Loss: 0.4275 - Train Metric: 0.8829
Epoch 23/50 - Val Metric: 0.8861
Epoch 24/50 - Train Loss: 0.4259 - Train Metric: 0.8838
Epoch 24/50 - Val Metric: 0.8880
Epoch 25/50 - Train Loss: 0.4236 - Train Metric: 0.8852
Epoch 25/50 - Val Metric: 0.8879
Epoch 26/50 - Train Loss: 0.4215 - Train Metric: 0.8864
Epoch 26/50 - Val Metric: 0.8905
Epoch 27/50 - Train Loss: 0.4182 - Train Metric: 0.8884
Epoch 27/50 - Val Metric: 0.8893
Epoch 28/50 - Train Loss: 0.4188 - Train Metric: 0.8882
Epoch 28/50 - Val Metric: 0.8910
Epoch 29/50 - Train Loss: 0.4172 - Train Metric: 0.8891
Epoch 29/50 - Val Metric: 0.8923
Epoch 30/50 - Train Loss: 0.4149 - Train Metric: 0.8904
Epoch 30/50 - Val Metric: 0.8914
Epoch 31/50 - Train Loss: 0.4134 - Train Metric: 0.8913
Epoch 31/50 - Val Metric: 0.8927
Epoch 32/50 - Train Loss: 0.4118 - Train Metric: 0.8922
Epoch 32/50 - Val Metric: 0.8928
Epoch 33/50 - Train Loss: 0.4104 - Train Metric: 0.8931
Epoch 33/50 - Val Metric: 0.8912
Epoch 34/50 - Train Loss: 0.4100 - Train Metric: 0.8933
Epoch 34/50 - Val Metric: 0.8910
Epoch 35/50 - Train Loss: 0.4102 - Train Metric: 0.8933
Epoch 35/50 - Val Metric: 0.8932
Epoch 36/50 - Train Loss: 0.4091 - Train Metric: 0.8938
Epoch 36/50 - Val Metric: 0.8947
Epoch 37/50 - Train Loss: 0.4080 - Train Metric: 0.8945
Epoch 37/50 - Val Metric: 0.8950
Epoch 38/50 - Train Loss: 0.4068 - Train Metric: 0.8952
Epoch 38/50 - Val Metric: 0.8950
Epoch 39/50 - Train Loss: 0.4067 - Train Metric: 0.8953
Epoch 39/50 - Val Metric: 0.8953
Epoch 40/50 - Train Loss: 0.4063 - Train Metric: 0.8955
Epoch 40/50 - Val Metric: 0.8954
Epoch 41/50 - Train Loss: 0.4057 - Train Metric: 0.8959
Epoch 41/50 - Val Metric: 0.8958
Epoch 42/50 - Train Loss: 0.4053 - Train Metric: 0.8961
Epoch 42/50 - Val Metric: 0.8956
Epoch 43/50 - Train Loss: 0.4050 - Train Metric: 0.8962
Epoch 43/50 - Val Metric: 0.8958
Epoch 44/50 - Train Loss: 0.4048 - Train Metric: 0.8964
Epoch 44/50 - Val Metric: 0.8961
Epoch 45/50 - Train Loss: 0.4044 - Train Metric: 0.8967
Epoch 45/50 - Val Metric: 0.8956
Epoch 46/50 - Train Loss: 0.4045 - Train Metric: 0.8965
Epoch 46/50 - Val Metric: 0.8961
Epoch 47/50 - Train Loss: 0.4036 - Train Metric: 0.8971
Epoch 47/50 - Val Metric: 0.8960
Epoch 48/50 - Train Loss: 0.4039 - Train Metric: 0.8969
Epoch 48/50 - Val Metric: 0.8966
Epoch 49/50 - Train Loss: 0.4036 - Train Metric: 0.8970
Epoch 49/50 - Val Metric: 0.8962
Epoch 50/50 - Train Loss: 0.4032 - Train Metric: 0.8973
Epoch 50/50 - Val Metric: 0.8961
Best val: 0.8966, Best test: 0.8905
Training set has 30779 instances
Validation set has 3847 instances
Test set has 3848 instances
Epoch 1/50 - Train Loss: 0.6639 - Train Metric: 0.5921
Epoch 1/50 - Val Metric: 0.7968
Training set has 30779 instances
Validation set has 3847 instances
Test set has 3848 instances
Epoch 1/50 - Train Loss: 0.5860 - Train Metric: 0.7390
Epoch 1/50 - Val Metric: 0.8371
Epoch 2/50 - Train Loss: 0.5022 - Train Metric: 0.8314
Epoch 2/50 - Val Metric: 0.8442
Epoch 3/50 - Train Loss: 0.4856 - Train Metric: 0.8440
Epoch 3/50 - Val Metric: 0.8516
Epoch 4/50 - Train Loss: 0.4813 - Train Metric: 0.8469
Epoch 4/50 - Val Metric: 0.8527
Epoch 5/50 - Train Loss: 0.4750 - Train Metric: 0.8520
Epoch 5/50 - Val Metric: 0.8444
Epoch 6/50 - Train Loss: 0.4674 - Train Metric: 0.8565
Epoch 6/50 - Val Metric: 0.8564
Epoch 7/50 - Train Loss: 0.4687 - Train Metric: 0.8564
Epoch 7/50 - Val Metric: 0.8576
Epoch 8/50 - Train Loss: 0.4598 - Train Metric: 0.8623
Epoch 8/50 - Val Metric: 0.8607
Epoch 9/50 - Train Loss: 0.4558 - Train Metric: 0.8653
Epoch 9/50 - Val Metric: 0.8679
Epoch 10/50 - Train Loss: 0.4575 - Train Metric: 0.8643
Epoch 10/50 - Val Metric: 0.8703
Epoch 11/50 - Train Loss: 0.4554 - Train Metric: 0.8657
Epoch 11/50 - Val Metric: 0.8650
Epoch 12/50 - Train Loss: 0.4488 - Train Metric: 0.8698
Epoch 12/50 - Val Metric: 0.8705
Epoch 13/50 - Train Loss: 0.4478 - Train Metric: 0.8706
Epoch 13/50 - Val Metric: 0.8720
Epoch 14/50 - Train Loss: 0.4467 - Train Metric: 0.8712
Epoch 14/50 - Val Metric: 0.8732
Epoch 15/50 - Train Loss: 0.4455 - Train Metric: 0.8724
Epoch 15/50 - Val Metric: 0.8778
Epoch 16/50 - Train Loss: 0.4423 - Train Metric: 0.8742
Epoch 16/50 - Val Metric: 0.8770
Epoch 17/50 - Train Loss: 0.4390 - Train Metric: 0.8763
Epoch 17/50 - Val Metric: 0.8709
Epoch 18/50 - Train Loss: 0.4381 - Train Metric: 0.8770
Epoch 18/50 - Val Metric: 0.8787
Epoch 19/50 - Train Loss: 0.4313 - Train Metric: 0.8810
Epoch 19/50 - Val Metric: 0.8825
Epoch 20/50 - Train Loss: 0.4336 - Train Metric: 0.8799
Epoch 20/50 - Val Metric: 0.8845
Epoch 21/50 - Train Loss: 0.4266 - Train Metric: 0.8840
Epoch 21/50 - Val Metric: 0.8824
Epoch 22/50 - Train Loss: 0.4252 - Train Metric: 0.8849
Epoch 22/50 - Val Metric: 0.8846
Epoch 23/50 - Train Loss: 0.4176 - Train Metric: 0.8895
Epoch 23/50 - Val Metric: 0.8869
Epoch 24/50 - Train Loss: 0.4218 - Train Metric: 0.8872
Epoch 24/50 - Val Metric: 0.8861
Epoch 25/50 - Train Loss: 0.4200 - Train Metric: 0.8882
Epoch 25/50 - Val Metric: 0.8911
Epoch 26/50 - Train Loss: 0.4162 - Train Metric: 0.8901
Epoch 26/50 - Val Metric: 0.8887
Epoch 27/50 - Train Loss: 0.4119 - Train Metric: 0.8927
Epoch 27/50 - Val Metric: 0.8884
Epoch 28/50 - Train Loss: 0.4078 - Train Metric: 0.8949
Epoch 28/50 - Val Metric: 0.8880
Epoch 29/50 - Train Loss: 0.4071 - Train Metric: 0.8953
Epoch 29/50 - Val Metric: 0.8919
Epoch 30/50 - Train Loss: 0.4054 - Train Metric: 0.8961
Epoch 30/50 - Val Metric: 0.8911
Epoch 31/50 - Train Loss: 0.4019 - Train Metric: 0.8981
Epoch 31/50 - Val Metric: 0.8911
Epoch 32/50 - Train Loss: 0.4002 - Train Metric: 0.8992
Epoch 32/50 - Val Metric: 0.8962
Epoch 33/50 - Train Loss: 0.3992 - Train Metric: 0.8996
Epoch 33/50 - Val Metric: 0.8957
Epoch 34/50 - Train Loss: 0.3930 - Train Metric: 0.9029
Epoch 34/50 - Val Metric: 0.8970
Epoch 35/50 - Train Loss: 0.3911 - Train Metric: 0.9038
Epoch 35/50 - Val Metric: 0.8999
Epoch 36/50 - Train Loss: 0.3922 - Train Metric: 0.9031
Epoch 36/50 - Val Metric: 0.9021
Epoch 37/50 - Train Loss: 0.3870 - Train Metric: 0.9057
Epoch 37/50 - Val Metric: 0.9020
Epoch 38/50 - Train Loss: 0.3898 - Train Metric: 0.9044
Epoch 38/50 - Val Metric: 0.9026
Epoch 39/50 - Train Loss: 0.3846 - Train Metric: 0.9071
Epoch 39/50 - Val Metric: 0.9028
Epoch 40/50 - Train Loss: 0.3864 - Train Metric: 0.9060
Epoch 40/50 - Val Metric: 0.9026
Epoch 41/50 - Train Loss: 0.3850 - Train Metric: 0.9070
Epoch 41/50 - Val Metric: 0.9030
Epoch 42/50 - Train Loss: 0.3839 - Train Metric: 0.9073
Epoch 42/50 - Val Metric: 0.9019
Epoch 43/50 - Train Loss: 0.3766 - Train Metric: 0.9110
Epoch 43/50 - Val Metric: 0.9048
Epoch 44/50 - Train Loss: 0.3744 - Train Metric: 0.9121
Epoch 44/50 - Val Metric: 0.9064
Epoch 45/50 - Train Loss: 0.3737 - Train Metric: 0.9125
Epoch 45/50 - Val Metric: 0.9058
Epoch 46/50 - Train Loss: 0.3714 - Train Metric: 0.9137
Epoch 46/50 - Val Metric: 0.9060
Epoch 47/50 - Train Loss: 0.3727 - Train Metric: 0.9130
Epoch 47/50 - Val Metric: 0.8994
Epoch 48/50 - Train Loss: 0.3626 - Train Metric: 0.9179
Epoch 48/50 - Val Metric: 0.9072
Epoch 49/50 - Train Loss: 0.3639 - Train Metric: 0.9172
Epoch 49/50 - Val Metric: 0.9047
Epoch 50/50 - Train Loss: 0.3604 - Train Metric: 0.9188
Epoch 50/50 - Val Metric: 0.9080
Best val: 0.9080, Best test: 0.9110
Training set has 30779 instances
Validation set has 3847 instances
Test set has 3848 instances
Epoch 1/50 - Train Loss: 0.6161 - Train Metric: 0.6613
Epoch 1/50 - Val Metric: 0.8304
Epoch 2/50 - Train Loss: 0.5032 - Train Metric: 0.8299
Epoch 2/50 - Val Metric: 0.8407
Epoch 3/50 - Train Loss: 0.4886 - Train Metric: 0.8411
Epoch 3/50 - Val Metric: 0.8510
Epoch 4/50 - Train Loss: 0.4840 - Train Metric: 0.8444
Epoch 4/50 - Val Metric: 0.8530
Epoch 5/50 - Train Loss: 0.4763 - Train Metric: 0.8495
Epoch 5/50 - Val Metric: 0.8552
Epoch 6/50 - Train Loss: 0.4736 - Train Metric: 0.8520
Epoch 6/50 - Val Metric: 0.8576
Epoch 7/50 - Train Loss: 0.4648 - Train Metric: 0.8584
Epoch 7/50 - Val Metric: 0.8670
Epoch 8/50 - Train Loss: 0.4626 - Train Metric: 0.8603
Epoch 8/50 - Val Metric: 0.8678
Epoch 9/50 - Train Loss: 0.4557 - Train Metric: 0.8653
Epoch 9/50 - Val Metric: 0.8751
Epoch 10/50 - Train Loss: 0.4517 - Train Metric: 0.8679
Epoch 10/50 - Val Metric: 0.8710
Epoch 11/50 - Train Loss: 0.4460 - Train Metric: 0.8718
Epoch 11/50 - Val Metric: 0.8762
Epoch 12/50 - Train Loss: 0.4429 - Train Metric: 0.8736
Epoch 12/50 - Val Metric: 0.8763
Epoch 13/50 - Train Loss: 0.4391 - Train Metric: 0.8763
Epoch 13/50 - Val Metric: 0.8806
Epoch 14/50 - Train Loss: 0.4329 - Train Metric: 0.8800
Epoch 14/50 - Val Metric: 0.8827
Epoch 15/50 - Train Loss: 0.4269 - Train Metric: 0.8834
Epoch 15/50 - Val Metric: 0.8848
Epoch 16/50 - Train Loss: 0.4231 - Train Metric: 0.8859
Epoch 16/50 - Val Metric: 0.8871
Epoch 17/50 - Train Loss: 0.4175 - Train Metric: 0.8892
Epoch 17/50 - Val Metric: 0.8907
Epoch 18/50 - Train Loss: 0.4144 - Train Metric: 0.8910
Epoch 18/50 - Val Metric: 0.8898
Epoch 19/50 - Train Loss: 0.4102 - Train Metric: 0.8935
Epoch 19/50 - Val Metric: 0.8914
Epoch 20/50 - Train Loss: 0.4064 - Train Metric: 0.8956
Epoch 20/50 - Val Metric: 0.8927
Epoch 21/50 - Train Loss: 0.4014 - Train Metric: 0.8983
Epoch 21/50 - Val Metric: 0.8891
Epoch 22/50 - Train Loss: 0.3999 - Train Metric: 0.8992
Epoch 22/50 - Val Metric: 0.8925
Epoch 23/50 - Train Loss: 0.3941 - Train Metric: 0.9023
Epoch 23/50 - Val Metric: 0.8933
Epoch 24/50 - Train Loss: 0.3930 - Train Metric: 0.9028
Epoch 24/50 - Val Metric: 0.8933
Epoch 25/50 - Train Loss: 0.3910 - Train Metric: 0.9039
Epoch 25/50 - Val Metric: 0.8920
Epoch 26/50 - Train Loss: 0.3881 - Train Metric: 0.9054
Epoch 26/50 - Val Metric: 0.8934
Epoch 27/50 - Train Loss: 0.3856 - Train Metric: 0.9066
Epoch 27/50 - Val Metric: 0.8952
Epoch 28/50 - Train Loss: 0.3820 - Train Metric: 0.9085
Epoch 28/50 - Val Metric: 0.8957
Epoch 29/50 - Train Loss: 0.3806 - Train Metric: 0.9092
Epoch 29/50 - Val Metric: 0.8958
Epoch 30/50 - Train Loss: 0.3801 - Train Metric: 0.9095
Epoch 30/50 - Val Metric: 0.8953
Epoch 31/50 - Train Loss: 0.3772 - Train Metric: 0.9109
Epoch 31/50 - Val Metric: 0.8970
Epoch 32/50 - Train Loss: 0.3756 - Train Metric: 0.9117
Epoch 32/50 - Val Metric: 0.8961
Epoch 33/50 - Train Loss: 0.3742 - Train Metric: 0.9124
Epoch 33/50 - Val Metric: 0.8963
Epoch 34/50 - Train Loss: 0.3731 - Train Metric: 0.9129
Epoch 34/50 - Val Metric: 0.8981
Epoch 35/50 - Train Loss: 0.3716 - Train Metric: 0.9137
Epoch 35/50 - Val Metric: 0.8959
Epoch 36/50 - Train Loss: 0.3706 - Train Metric: 0.9142
Epoch 36/50 - Val Metric: 0.8969
Epoch 37/50 - Train Loss: 0.3700 - Train Metric: 0.9144
Epoch 37/50 - Val Metric: 0.8968
Epoch 38/50 - Train Loss: 0.3690 - Train Metric: 0.9149
Epoch 38/50 - Val Metric: 0.8973
Epoch 39/50 - Train Loss: 0.3681 - Train Metric: 0.9154
Epoch 39/50 - Val Metric: 0.8963
Epoch 40/50 - Train Loss: 0.3674 - Train Metric: 0.9157
Epoch 40/50 - Val Metric: 0.8977
Epoch 41/50 - Train Loss: 0.3671 - Train Metric: 0.9159
Epoch 41/50 - Val Metric: 0.8965
Epoch 42/50 - Train Loss: 0.3667 - Train Metric: 0.9161
Epoch 42/50 - Val Metric: 0.8976
Epoch 43/50 - Train Loss: 0.3663 - Train Metric: 0.9163
Epoch 43/50 - Val Metric: 0.8965
Epoch 44/50 - Train Loss: 0.3655 - Train Metric: 0.9166
Epoch 44/50 - Val Metric: 0.8982
Epoch 45/50 - Train Loss: 0.3652 - Train Metric: 0.9168
Epoch 45/50 - Val Metric: 0.8969
Epoch 46/50 - Train Loss: 0.3651 - Train Metric: 0.9168
Epoch 46/50 - Val Metric: 0.8978
Epoch 47/50 - Train Loss: 0.3645 - Train Metric: 0.9171
Epoch 47/50 - Val Metric: 0.8976
Epoch 48/50 - Train Loss: 0.3647 - Train Metric: 0.9170
Epoch 48/50 - Val Metric: 0.8969
Epoch 49/50 - Train Loss: 0.3642 - Train Metric: 0.9172
Epoch 49/50 - Val Metric: 0.8978
Epoch 50/50 - Train Loss: 0.3639 - Train Metric: 0.9174
Epoch 50/50 - Val Metric: 0.8969
Best val: 0.8982, Best test: 0.8974
Hyper-parameter search done. Found the best config.
Repeat experiments 5 times with the best train config {'batch_size': 128, 'gamma_rate': 1.0, 'base_lr': 0.001} and model config {'num_heads': 4, 'num_layers': 4, 'num_latents': 4, 'hidden_dim': 32, 'mlp_ratio': 0.5, 'dropout_prob': 0, 'top_k': 3}.
Training set has 30779 instances
Validation set has 3847 instances
Test set has 3848 instances
Epoch 1/50 - Train Loss: 0.6163 - Train Metric: 0.6708
Epoch 1/50 - Val Metric: 0.8270
Epoch 2/50 - Train Loss: 0.5117 - Train Metric: 0.8199
Epoch 2/50 - Val Metric: 0.8447
Epoch 3/50 - Train Loss: 0.4960 - Train Metric: 0.8349
Epoch 3/50 - Val Metric: 0.8473
Epoch 4/50 - Train Loss: 0.4857 - Train Metric: 0.8434
Epoch 4/50 - Val Metric: 0.8519
Epoch 5/50 - Train Loss: 0.4804 - Train Metric: 0.8476
Epoch 5/50 - Val Metric: 0.8596
Epoch 6/50 - Train Loss: 0.4763 - Train Metric: 0.8506
Epoch 6/50 - Val Metric: 0.8635
Epoch 7/50 - Train Loss: 0.4704 - Train Metric: 0.8543
Epoch 7/50 - Val Metric: 0.8650
Epoch 8/50 - Train Loss: 0.4682 - Train Metric: 0.8563
Epoch 8/50 - Val Metric: 0.8640
Epoch 9/50 - Train Loss: 0.4611 - Train Metric: 0.8613
Epoch 9/50 - Val Metric: 0.8697
Epoch 10/50 - Train Loss: 0.4571 - Train Metric: 0.8643
Epoch 10/50 - Val Metric: 0.8665
Epoch 11/50 - Train Loss: 0.4554 - Train Metric: 0.8654
Epoch 11/50 - Val Metric: 0.8689
Epoch 12/50 - Train Loss: 0.4516 - Train Metric: 0.8678
Epoch 12/50 - Val Metric: 0.8711
Epoch 13/50 - Train Loss: 0.4488 - Train Metric: 0.8699
Epoch 13/50 - Val Metric: 0.8707
Epoch 14/50 - Train Loss: 0.4469 - Train Metric: 0.8710
Epoch 14/50 - Val Metric: 0.8734
Epoch 15/50 - Train Loss: 0.4393 - Train Metric: 0.8759
Epoch 15/50 - Val Metric: 0.8775
Epoch 16/50 - Train Loss: 0.4353 - Train Metric: 0.8784
Epoch 16/50 - Val Metric: 0.8744
Epoch 17/50 - Train Loss: 0.4321 - Train Metric: 0.8805
Epoch 17/50 - Val Metric: 0.8858
Epoch 18/50 - Train Loss: 0.4278 - Train Metric: 0.8833
Epoch 18/50 - Val Metric: 0.8691
Epoch 19/50 - Train Loss: 0.4293 - Train Metric: 0.8825
Epoch 19/50 - Val Metric: 0.8868
Epoch 20/50 - Train Loss: 0.4208 - Train Metric: 0.8874
Epoch 20/50 - Val Metric: 0.8872
Epoch 21/50 - Train Loss: 0.4202 - Train Metric: 0.8879
Epoch 21/50 - Val Metric: 0.8894
Epoch 22/50 - Train Loss: 0.4175 - Train Metric: 0.8892
Epoch 22/50 - Val Metric: 0.8842
Epoch 23/50 - Train Loss: 0.4161 - Train Metric: 0.8901
Epoch 23/50 - Val Metric: 0.8840
Epoch 24/50 - Train Loss: 0.4147 - Train Metric: 0.8909
Epoch 24/50 - Val Metric: 0.8914
Epoch 25/50 - Train Loss: 0.4100 - Train Metric: 0.8933
Epoch 25/50 - Val Metric: 0.8840
Epoch 26/50 - Train Loss: 0.4124 - Train Metric: 0.8922
Epoch 26/50 - Val Metric: 0.8906
Epoch 27/50 - Train Loss: 0.4088 - Train Metric: 0.8943
Epoch 27/50 - Val Metric: 0.8924
Epoch 28/50 - Train Loss: 0.4048 - Train Metric: 0.8961
Epoch 28/50 - Val Metric: 0.8915
Epoch 29/50 - Train Loss: 0.4047 - Train Metric: 0.8962
Epoch 29/50 - Val Metric: 0.8942
Epoch 30/50 - Train Loss: 0.4010 - Train Metric: 0.8984
Epoch 30/50 - Val Metric: 0.8933
Epoch 31/50 - Train Loss: 0.3970 - Train Metric: 0.9005
Epoch 31/50 - Val Metric: 0.8979
Epoch 32/50 - Train Loss: 0.3994 - Train Metric: 0.8995
Epoch 32/50 - Val Metric: 0.8925
Epoch 33/50 - Train Loss: 0.3983 - Train Metric: 0.8998
Epoch 33/50 - Val Metric: 0.8961
Epoch 34/50 - Train Loss: 0.3955 - Train Metric: 0.9014
Epoch 34/50 - Val Metric: 0.8954
Epoch 35/50 - Train Loss: 0.3930 - Train Metric: 0.9027
Epoch 35/50 - Val Metric: 0.8963
Epoch 36/50 - Train Loss: 0.3916 - Train Metric: 0.9034
Epoch 36/50 - Val Metric: 0.8954
Epoch 37/50 - Train Loss: 0.3927 - Train Metric: 0.9025
Epoch 37/50 - Val Metric: 0.8964
Epoch 38/50 - Train Loss: 0.3930 - Train Metric: 0.9025
Epoch 38/50 - Val Metric: 0.8995
Epoch 39/50 - Train Loss: 0.3847 - Train Metric: 0.9069
Epoch 39/50 - Val Metric: 0.8883
Epoch 40/50 - Train Loss: 0.3964 - Train Metric: 0.9008
Epoch 40/50 - Val Metric: 0.8917
Epoch 41/50 - Train Loss: 0.3834 - Train Metric: 0.9074
Epoch 41/50 - Val Metric: 0.8977
Epoch 42/50 - Train Loss: 0.3840 - Train Metric: 0.9071
Epoch 42/50 - Val Metric: 0.8990
Epoch 43/50 - Train Loss: 0.3810 - Train Metric: 0.9089
Epoch 43/50 - Val Metric: 0.8986
Epoch 44/50 - Train Loss: 0.3767 - Train Metric: 0.9108
Epoch 44/50 - Val Metric: 0.9028
Epoch 45/50 - Train Loss: 0.3730 - Train Metric: 0.9127
Epoch 45/50 - Val Metric: 0.8952
Epoch 46/50 - Train Loss: 0.3740 - Train Metric: 0.9124
Epoch 46/50 - Val Metric: 0.9029
Epoch 47/50 - Train Loss: 0.3776 - Train Metric: 0.9106
Epoch 47/50 - Val Metric: 0.9051
Epoch 48/50 - Train Loss: 0.3695 - Train Metric: 0.9144
Epoch 48/50 - Val Metric: 0.9056
Epoch 49/50 - Train Loss: 0.3725 - Train Metric: 0.9129
Epoch 49/50 - Val Metric: 0.9068
Epoch 50/50 - Train Loss: 0.3640 - Train Metric: 0.9171
Epoch 50/50 - Val Metric: 0.9037
Best val: 0.9068, Best test: 0.9008
Training set has 30779 instances
Validation set has 3847 instances
Test set has 3848 instances
Epoch 1/50 - Train Loss: 0.6091 - Train Metric: 0.6677
Epoch 1/50 - Val Metric: 0.8434
Epoch 2/50 - Train Loss: 0.5124 - Train Metric: 0.8230
Epoch 2/50 - Val Metric: 0.8495
Epoch 3/50 - Train Loss: 0.4971 - Train Metric: 0.8354
Epoch 3/50 - Val Metric: 0.8553
Epoch 4/50 - Train Loss: 0.4863 - Train Metric: 0.8431
Epoch 4/50 - Val Metric: 0.8582
Epoch 5/50 - Train Loss: 0.4812 - Train Metric: 0.8460
Epoch 5/50 - Val Metric: 0.8640
Epoch 6/50 - Train Loss: 0.4751 - Train Metric: 0.8503
Epoch 6/50 - Val Metric: 0.8652
Epoch 7/50 - Train Loss: 0.4739 - Train Metric: 0.8510
Epoch 7/50 - Val Metric: 0.8671
Epoch 8/50 - Train Loss: 0.4692 - Train Metric: 0.8550
Epoch 8/50 - Val Metric: 0.8694
Epoch 9/50 - Train Loss: 0.4678 - Train Metric: 0.8567
Epoch 9/50 - Val Metric: 0.8720
Epoch 10/50 - Train Loss: 0.4636 - Train Metric: 0.8597
Epoch 10/50 - Val Metric: 0.8780
Epoch 11/50 - Train Loss: 0.4555 - Train Metric: 0.8657
Epoch 11/50 - Val Metric: 0.8830
Epoch 12/50 - Train Loss: 0.4501 - Train Metric: 0.8693
Epoch 12/50 - Val Metric: 0.8827
Epoch 13/50 - Train Loss: 0.4481 - Train Metric: 0.8704
Epoch 13/50 - Val Metric: 0.8836
Epoch 14/50 - Train Loss: 0.4417 - Train Metric: 0.8746
Epoch 14/50 - Val Metric: 0.8847
Epoch 15/50 - Train Loss: 0.4397 - Train Metric: 0.8758
Epoch 15/50 - Val Metric: 0.8869
Epoch 16/50 - Train Loss: 0.4398 - Train Metric: 0.8760
Epoch 16/50 - Val Metric: 0.8886
Epoch 17/50 - Train Loss: 0.4325 - Train Metric: 0.8803
Epoch 17/50 - Val Metric: 0.8891
Epoch 18/50 - Train Loss: 0.4303 - Train Metric: 0.8818
Epoch 18/50 - Val Metric: 0.8831
Epoch 19/50 - Train Loss: 0.4324 - Train Metric: 0.8806
Epoch 19/50 - Val Metric: 0.8916
Epoch 20/50 - Train Loss: 0.4257 - Train Metric: 0.8844
Epoch 20/50 - Val Metric: 0.8983
Epoch 21/50 - Train Loss: 0.4251 - Train Metric: 0.8850
Epoch 21/50 - Val Metric: 0.8965
Epoch 22/50 - Train Loss: 0.4214 - Train Metric: 0.8872
Epoch 22/50 - Val Metric: 0.8920
Epoch 23/50 - Train Loss: 0.4212 - Train Metric: 0.8872
Epoch 23/50 - Val Metric: 0.8932
Epoch 24/50 - Train Loss: 0.4214 - Train Metric: 0.8870
Epoch 24/50 - Val Metric: 0.8929
Epoch 25/50 - Train Loss: 0.4148 - Train Metric: 0.8907
Epoch 25/50 - Val Metric: 0.8983
Epoch 26/50 - Train Loss: 0.4124 - Train Metric: 0.8922
Epoch 26/50 - Val Metric: 0.8968
Epoch 27/50 - Train Loss: 0.4101 - Train Metric: 0.8934
Epoch 27/50 - Val Metric: 0.8985
Epoch 28/50 - Train Loss: 0.4076 - Train Metric: 0.8953
Epoch 28/50 - Val Metric: 0.8988
Epoch 29/50 - Train Loss: 0.4094 - Train Metric: 0.8938
Epoch 29/50 - Val Metric: 0.9023
Epoch 30/50 - Train Loss: 0.4066 - Train Metric: 0.8955
Epoch 30/50 - Val Metric: 0.9016
Epoch 31/50 - Train Loss: 0.4066 - Train Metric: 0.8955
Epoch 31/50 - Val Metric: 0.9061
Epoch 32/50 - Train Loss: 0.3992 - Train Metric: 0.8995
Epoch 32/50 - Val Metric: 0.9040
Epoch 33/50 - Train Loss: 0.3980 - Train Metric: 0.9001
Epoch 33/50 - Val Metric: 0.9043
Epoch 34/50 - Train Loss: 0.3963 - Train Metric: 0.9010
Epoch 34/50 - Val Metric: 0.9051
Epoch 35/50 - Train Loss: 0.3964 - Train Metric: 0.9012
Epoch 35/50 - Val Metric: 0.9088
Epoch 36/50 - Train Loss: 0.3916 - Train Metric: 0.9036
Epoch 36/50 - Val Metric: 0.9063
Epoch 37/50 - Train Loss: 0.3939 - Train Metric: 0.9022
Epoch 37/50 - Val Metric: 0.9105
Epoch 38/50 - Train Loss: 0.3882 - Train Metric: 0.9054
Epoch 38/50 - Val Metric: 0.9097
Epoch 39/50 - Train Loss: 0.3840 - Train Metric: 0.9072
Epoch 39/50 - Val Metric: 0.9083
Epoch 40/50 - Train Loss: 0.3857 - Train Metric: 0.9066
Epoch 40/50 - Val Metric: 0.9091
Epoch 41/50 - Train Loss: 0.3822 - Train Metric: 0.9083
Epoch 41/50 - Val Metric: 0.9117
Epoch 42/50 - Train Loss: 0.3812 - Train Metric: 0.9087
Epoch 42/50 - Val Metric: 0.9113
Epoch 43/50 - Train Loss: 0.3780 - Train Metric: 0.9105
Epoch 43/50 - Val Metric: 0.9112
Epoch 44/50 - Train Loss: 0.3760 - Train Metric: 0.9114
Epoch 44/50 - Val Metric: 0.9146
Epoch 45/50 - Train Loss: 0.3772 - Train Metric: 0.9107
Epoch 45/50 - Val Metric: 0.9140
Epoch 46/50 - Train Loss: 0.3733 - Train Metric: 0.9127
Epoch 46/50 - Val Metric: 0.9139
Epoch 47/50 - Train Loss: 0.3690 - Train Metric: 0.9147
Epoch 47/50 - Val Metric: 0.9159
Epoch 48/50 - Train Loss: 0.3704 - Train Metric: 0.9139
Epoch 48/50 - Val Metric: 0.9059
Epoch 49/50 - Train Loss: 0.3735 - Train Metric: 0.9124
Epoch 49/50 - Val Metric: 0.9166
Epoch 50/50 - Train Loss: 0.3659 - Train Metric: 0.9163
Epoch 50/50 - Val Metric: 0.9167
Best val: 0.9167, Best test: 0.9028
Training set has 30779 instances
Validation set has 3847 instances
Test set has 3848 instances
Epoch 1/50 - Train Loss: 0.6435 - Train Metric: 0.6173
Epoch 1/50 - Val Metric: 0.8190
Epoch 2/50 - Train Loss: 0.5074 - Train Metric: 0.8255
Epoch 2/50 - Val Metric: 0.8369
Epoch 3/50 - Train Loss: 0.4986 - Train Metric: 0.8336
Epoch 3/50 - Val Metric: 0.8476
Epoch 4/50 - Train Loss: 0.4848 - Train Metric: 0.8450
Epoch 4/50 - Val Metric: 0.8527
Epoch 5/50 - Train Loss: 0.4775 - Train Metric: 0.8503
Epoch 5/50 - Val Metric: 0.8607
Epoch 6/50 - Train Loss: 0.4683 - Train Metric: 0.8567
Epoch 6/50 - Val Metric: 0.8634
Epoch 7/50 - Train Loss: 0.4661 - Train Metric: 0.8580
Epoch 7/50 - Val Metric: 0.8685
Epoch 8/50 - Train Loss: 0.4560 - Train Metric: 0.8652
Epoch 8/50 - Val Metric: 0.8644
Epoch 9/50 - Train Loss: 0.4548 - Train Metric: 0.8657
Epoch 9/50 - Val Metric: 0.8742
Epoch 10/50 - Train Loss: 0.4503 - Train Metric: 0.8689
Epoch 10/50 - Val Metric: 0.8757
Epoch 11/50 - Train Loss: 0.4475 - Train Metric: 0.8706
Epoch 11/50 - Val Metric: 0.8768
Epoch 12/50 - Train Loss: 0.4471 - Train Metric: 0.8709
Epoch 12/50 - Val Metric: 0.8789
Epoch 13/50 - Train Loss: 0.4389 - Train Metric: 0.8761
Epoch 13/50 - Val Metric: 0.8790
Epoch 14/50 - Train Loss: 0.4372 - Train Metric: 0.8769
Epoch 14/50 - Val Metric: 0.8854
Epoch 15/50 - Train Loss: 0.4318 - Train Metric: 0.8808
Epoch 15/50 - Val Metric: 0.8856
Epoch 16/50 - Train Loss: 0.4315 - Train Metric: 0.8808
Epoch 16/50 - Val Metric: 0.8876
Epoch 17/50 - Train Loss: 0.4299 - Train Metric: 0.8821
Epoch 17/50 - Val Metric: 0.8840
Epoch 18/50 - Train Loss: 0.4247 - Train Metric: 0.8850
Epoch 18/50 - Val Metric: 0.8883
Epoch 19/50 - Train Loss: 0.4226 - Train Metric: 0.8862
Epoch 19/50 - Val Metric: 0.8840
Epoch 20/50 - Train Loss: 0.4205 - Train Metric: 0.8875
Epoch 20/50 - Val Metric: 0.8890
Epoch 21/50 - Train Loss: 0.4156 - Train Metric: 0.8902
Epoch 21/50 - Val Metric: 0.8904
Epoch 22/50 - Train Loss: 0.4118 - Train Metric: 0.8926
Epoch 22/50 - Val Metric: 0.8967
Epoch 23/50 - Train Loss: 0.4067 - Train Metric: 0.8955
Epoch 23/50 - Val Metric: 0.8928
Epoch 24/50 - Train Loss: 0.4084 - Train Metric: 0.8947
Epoch 24/50 - Val Metric: 0.8928
Epoch 25/50 - Train Loss: 0.4026 - Train Metric: 0.8978
Epoch 25/50 - Val Metric: 0.9011
Epoch 26/50 - Train Loss: 0.3976 - Train Metric: 0.9004
Epoch 26/50 - Val Metric: 0.9009
Epoch 27/50 - Train Loss: 0.3999 - Train Metric: 0.8992
Epoch 27/50 - Val Metric: 0.8996
Epoch 28/50 - Train Loss: 0.4015 - Train Metric: 0.8983
Epoch 28/50 - Val Metric: 0.8997
Epoch 29/50 - Train Loss: 0.3954 - Train Metric: 0.9014
Epoch 29/50 - Val Metric: 0.9043
Epoch 30/50 - Train Loss: 0.3885 - Train Metric: 0.9050
Epoch 30/50 - Val Metric: 0.9059
Epoch 31/50 - Train Loss: 0.3862 - Train Metric: 0.9064
Epoch 31/50 - Val Metric: 0.8996
Epoch 32/50 - Train Loss: 0.3900 - Train Metric: 0.9044
Epoch 32/50 - Val Metric: 0.9073
Epoch 33/50 - Train Loss: 0.3794 - Train Metric: 0.9096
Epoch 33/50 - Val Metric: 0.9115
Epoch 34/50 - Train Loss: 0.3791 - Train Metric: 0.9098
Epoch 34/50 - Val Metric: 0.9105
Epoch 35/50 - Train Loss: 0.3819 - Train Metric: 0.9084
Epoch 35/50 - Val Metric: 0.9032
Epoch 36/50 - Train Loss: 0.3744 - Train Metric: 0.9121
Epoch 36/50 - Val Metric: 0.9094
Epoch 37/50 - Train Loss: 0.3736 - Train Metric: 0.9126
Epoch 37/50 - Val Metric: 0.9105
Epoch 38/50 - Train Loss: 0.3662 - Train Metric: 0.9161
Epoch 38/50 - Val Metric: 0.9120
Epoch 39/50 - Train Loss: 0.3622 - Train Metric: 0.9182
Epoch 39/50 - Val Metric: 0.9003
Epoch 40/50 - Train Loss: 0.3624 - Train Metric: 0.9180
Epoch 40/50 - Val Metric: 0.9107
Epoch 41/50 - Train Loss: 0.3595 - Train Metric: 0.9192
Epoch 41/50 - Val Metric: 0.9089
Epoch 42/50 - Train Loss: 0.3626 - Train Metric: 0.9179
Epoch 42/50 - Val Metric: 0.9093
Epoch 43/50 - Train Loss: 0.3583 - Train Metric: 0.9200
Epoch 43/50 - Val Metric: 0.9128
Epoch 44/50 - Train Loss: 0.3540 - Train Metric: 0.9218
Epoch 44/50 - Val Metric: 0.9130
Epoch 45/50 - Train Loss: 0.3532 - Train Metric: 0.9221
Epoch 45/50 - Val Metric: 0.9100
Epoch 46/50 - Train Loss: 0.3491 - Train Metric: 0.9239
Epoch 46/50 - Val Metric: 0.9132
Epoch 47/50 - Train Loss: 0.3474 - Train Metric: 0.9247
Epoch 47/50 - Val Metric: 0.9151
Epoch 48/50 - Train Loss: 0.3419 - Train Metric: 0.9271
Epoch 48/50 - Val Metric: 0.9205
Epoch 49/50 - Train Loss: 0.3356 - Train Metric: 0.9297
Epoch 49/50 - Val Metric: 0.9147
Epoch 50/50 - Train Loss: 0.3381 - Train Metric: 0.9287
Epoch 50/50 - Val Metric: 0.9188
Best val: 0.9205, Best test: 0.9145
Training set has 30779 instances
Validation set has 3847 instances
Test set has 3848 instances
Epoch 1/50 - Train Loss: 0.6292 - Train Metric: 0.6560
Epoch 1/50 - Val Metric: 0.8269
Epoch 2/50 - Train Loss: 0.5104 - Train Metric: 0.8243
Epoch 2/50 - Val Metric: 0.8494
Epoch 3/50 - Train Loss: 0.4892 - Train Metric: 0.8400
Epoch 3/50 - Val Metric: 0.8597
Epoch 4/50 - Train Loss: 0.4807 - Train Metric: 0.8466
Epoch 4/50 - Val Metric: 0.8649
Epoch 5/50 - Train Loss: 0.4766 - Train Metric: 0.8494
Epoch 5/50 - Val Metric: 0.8598
Epoch 6/50 - Train Loss: 0.4782 - Train Metric: 0.8487
Epoch 6/50 - Val Metric: 0.8591
Epoch 7/50 - Train Loss: 0.4731 - Train Metric: 0.8526
Epoch 7/50 - Val Metric: 0.8617
Epoch 8/50 - Train Loss: 0.4704 - Train Metric: 0.8552
Epoch 8/50 - Val Metric: 0.8647
Epoch 9/50 - Train Loss: 0.4683 - Train Metric: 0.8571
Epoch 9/50 - Val Metric: 0.8693
Epoch 10/50 - Train Loss: 0.4633 - Train Metric: 0.8604
Epoch 10/50 - Val Metric: 0.8769
Epoch 11/50 - Train Loss: 0.4561 - Train Metric: 0.8652
Epoch 11/50 - Val Metric: 0.8778
Epoch 12/50 - Train Loss: 0.4473 - Train Metric: 0.8713
Epoch 12/50 - Val Metric: 0.8783
Epoch 13/50 - Train Loss: 0.4452 - Train Metric: 0.8725
Epoch 13/50 - Val Metric: 0.8822
Epoch 14/50 - Train Loss: 0.4395 - Train Metric: 0.8762
Epoch 14/50 - Val Metric: 0.8894
Epoch 15/50 - Train Loss: 0.4386 - Train Metric: 0.8770
Epoch 15/50 - Val Metric: 0.8797
Epoch 16/50 - Train Loss: 0.4356 - Train Metric: 0.8785
Epoch 16/50 - Val Metric: 0.8800
Epoch 17/50 - Train Loss: 0.4317 - Train Metric: 0.8811
Epoch 17/50 - Val Metric: 0.8846
Epoch 18/50 - Train Loss: 0.4348 - Train Metric: 0.8789
Epoch 18/50 - Val Metric: 0.8842
Epoch 19/50 - Train Loss: 0.4291 - Train Metric: 0.8823
Epoch 19/50 - Val Metric: 0.8912
Epoch 20/50 - Train Loss: 0.4243 - Train Metric: 0.8854
Epoch 20/50 - Val Metric: 0.8910
Epoch 21/50 - Train Loss: 0.4233 - Train Metric: 0.8862
Epoch 21/50 - Val Metric: 0.8943
Epoch 22/50 - Train Loss: 0.4188 - Train Metric: 0.8886
Epoch 22/50 - Val Metric: 0.8945
Epoch 23/50 - Train Loss: 0.4150 - Train Metric: 0.8908
Epoch 23/50 - Val Metric: 0.8964
Epoch 24/50 - Train Loss: 0.4127 - Train Metric: 0.8922
Epoch 24/50 - Val Metric: 0.8948
Epoch 25/50 - Train Loss: 0.4109 - Train Metric: 0.8933
Epoch 25/50 - Val Metric: 0.8962
Epoch 26/50 - Train Loss: 0.4077 - Train Metric: 0.8950
Epoch 26/50 - Val Metric: 0.8983
Epoch 27/50 - Train Loss: 0.4067 - Train Metric: 0.8954
Epoch 27/50 - Val Metric: 0.8965
Epoch 28/50 - Train Loss: 0.4023 - Train Metric: 0.8978
Epoch 28/50 - Val Metric: 0.9010
Epoch 29/50 - Train Loss: 0.3991 - Train Metric: 0.8996
Epoch 29/50 - Val Metric: 0.8958
Epoch 30/50 - Train Loss: 0.4000 - Train Metric: 0.8991
Epoch 30/50 - Val Metric: 0.9024
Epoch 31/50 - Train Loss: 0.3955 - Train Metric: 0.9014
Epoch 31/50 - Val Metric: 0.8986
Epoch 32/50 - Train Loss: 0.3932 - Train Metric: 0.9028
Epoch 32/50 - Val Metric: 0.8993
Epoch 33/50 - Train Loss: 0.3920 - Train Metric: 0.9035
Epoch 33/50 - Val Metric: 0.9000
Epoch 34/50 - Train Loss: 0.3880 - Train Metric: 0.9055
Epoch 34/50 - Val Metric: 0.9028
Epoch 35/50 - Train Loss: 0.3851 - Train Metric: 0.9068
Epoch 35/50 - Val Metric: 0.9078
Epoch 36/50 - Train Loss: 0.3815 - Train Metric: 0.9088
Epoch 36/50 - Val Metric: 0.9088
Epoch 37/50 - Train Loss: 0.3810 - Train Metric: 0.9091
Epoch 37/50 - Val Metric: 0.9057
Epoch 38/50 - Train Loss: 0.3829 - Train Metric: 0.9082
Epoch 38/50 - Val Metric: 0.9083
Epoch 39/50 - Train Loss: 0.3735 - Train Metric: 0.9128
Epoch 39/50 - Val Metric: 0.9072
Epoch 40/50 - Train Loss: 0.3770 - Train Metric: 0.9110
Epoch 40/50 - Val Metric: 0.9094
Epoch 41/50 - Train Loss: 0.3739 - Train Metric: 0.9124
Epoch 41/50 - Val Metric: 0.9039
Epoch 42/50 - Train Loss: 0.3759 - Train Metric: 0.9115
Epoch 42/50 - Val Metric: 0.9118
Epoch 43/50 - Train Loss: 0.3671 - Train Metric: 0.9160
Epoch 43/50 - Val Metric: 0.9114
Epoch 44/50 - Train Loss: 0.3669 - Train Metric: 0.9160
Epoch 44/50 - Val Metric: 0.9080
Epoch 45/50 - Train Loss: 0.3658 - Train Metric: 0.9164
Epoch 45/50 - Val Metric: 0.9117
Epoch 46/50 - Train Loss: 0.3629 - Train Metric: 0.9179
Epoch 46/50 - Val Metric: 0.9077
Epoch 47/50 - Train Loss: 0.3662 - Train Metric: 0.9163
Epoch 47/50 - Val Metric: 0.9114
Epoch 48/50 - Train Loss: 0.3570 - Train Metric: 0.9207
Epoch 48/50 - Val Metric: 0.9101
Epoch 49/50 - Train Loss: 0.3567 - Train Metric: 0.9208
Epoch 49/50 - Val Metric: 0.9106
Epoch 50/50 - Train Loss: 0.3548 - Train Metric: 0.9216
Epoch 50/50 - Val Metric: 0.9117
Best val: 0.9118, Best test: 0.9098
Training set has 30779 instances
Validation set has 3847 instances
Test set has 3848 instances
Epoch 1/50 - Train Loss: 0.5812 - Train Metric: 0.7385
Epoch 1/50 - Val Metric: 0.8354
Epoch 2/50 - Train Loss: 0.5051 - Train Metric: 0.8271
Epoch 2/50 - Val Metric: 0.8453
Epoch 3/50 - Train Loss: 0.4909 - Train Metric: 0.8391
Epoch 3/50 - Val Metric: 0.8545
Epoch 4/50 - Train Loss: 0.4798 - Train Metric: 0.8478
Epoch 4/50 - Val Metric: 0.8627
Epoch 5/50 - Train Loss: 0.4734 - Train Metric: 0.8527
Epoch 5/50 - Val Metric: 0.8619
Epoch 6/50 - Train Loss: 0.4681 - Train Metric: 0.8569
Epoch 6/50 - Val Metric: 0.8655
Epoch 7/50 - Train Loss: 0.4615 - Train Metric: 0.8619
Epoch 7/50 - Val Metric: 0.8693
Epoch 8/50 - Train Loss: 0.4561 - Train Metric: 0.8655
Epoch 8/50 - Val Metric: 0.8717
Epoch 9/50 - Train Loss: 0.4531 - Train Metric: 0.8675
Epoch 9/50 - Val Metric: 0.8766
Epoch 10/50 - Train Loss: 0.4468 - Train Metric: 0.8716
Epoch 10/50 - Val Metric: 0.8774
Epoch 11/50 - Train Loss: 0.4472 - Train Metric: 0.8710
Epoch 11/50 - Val Metric: 0.8790
Epoch 12/50 - Train Loss: 0.4421 - Train Metric: 0.8745
Epoch 12/50 - Val Metric: 0.8812
Epoch 13/50 - Train Loss: 0.4358 - Train Metric: 0.8784
Epoch 13/50 - Val Metric: 0.8852
Epoch 14/50 - Train Loss: 0.4332 - Train Metric: 0.8802
Epoch 14/50 - Val Metric: 0.8780
Epoch 15/50 - Train Loss: 0.4322 - Train Metric: 0.8805
Epoch 15/50 - Val Metric: 0.8881
Epoch 16/50 - Train Loss: 0.4261 - Train Metric: 0.8839
Epoch 16/50 - Val Metric: 0.8911
Epoch 17/50 - Train Loss: 0.4281 - Train Metric: 0.8826
Epoch 17/50 - Val Metric: 0.8882
Epoch 18/50 - Train Loss: 0.4259 - Train Metric: 0.8842
Epoch 18/50 - Val Metric: 0.8882
Epoch 19/50 - Train Loss: 0.4225 - Train Metric: 0.8858
Epoch 19/50 - Val Metric: 0.8938
Epoch 20/50 - Train Loss: 0.4152 - Train Metric: 0.8903
Epoch 20/50 - Val Metric: 0.8962
Epoch 21/50 - Train Loss: 0.4160 - Train Metric: 0.8897
Epoch 21/50 - Val Metric: 0.8956
Epoch 22/50 - Train Loss: 0.4099 - Train Metric: 0.8932
Epoch 22/50 - Val Metric: 0.8961
Epoch 23/50 - Train Loss: 0.4092 - Train Metric: 0.8936
Epoch 23/50 - Val Metric: 0.8999
Epoch 24/50 - Train Loss: 0.4061 - Train Metric: 0.8953
Epoch 24/50 - Val Metric: 0.8941
Epoch 25/50 - Train Loss: 0.4035 - Train Metric: 0.8965
Epoch 25/50 - Val Metric: 0.9003
Epoch 26/50 - Train Loss: 0.4001 - Train Metric: 0.8988
Epoch 26/50 - Val Metric: 0.9022
Epoch 27/50 - Train Loss: 0.3987 - Train Metric: 0.8994
Epoch 27/50 - Val Metric: 0.9019
Epoch 28/50 - Train Loss: 0.3974 - Train Metric: 0.9002
Epoch 28/50 - Val Metric: 0.8977
Epoch 29/50 - Train Loss: 0.3993 - Train Metric: 0.8992
Epoch 29/50 - Val Metric: 0.8994
Epoch 30/50 - Train Loss: 0.3955 - Train Metric: 0.9011
Epoch 30/50 - Val Metric: 0.9014
Epoch 31/50 - Train Loss: 0.3942 - Train Metric: 0.9018
Epoch 31/50 - Val Metric: 0.9026
Epoch 32/50 - Train Loss: 0.3883 - Train Metric: 0.9048
Epoch 32/50 - Val Metric: 0.9085
Epoch 33/50 - Train Loss: 0.3870 - Train Metric: 0.9057
Epoch 33/50 - Val Metric: 0.9060
Epoch 34/50 - Train Loss: 0.3843 - Train Metric: 0.9068
Epoch 34/50 - Val Metric: 0.9094
Epoch 35/50 - Train Loss: 0.3824 - Train Metric: 0.9076
Epoch 35/50 - Val Metric: 0.9096
Epoch 36/50 - Train Loss: 0.3809 - Train Metric: 0.9087
Epoch 36/50 - Val Metric: 0.9080
Epoch 37/50 - Train Loss: 0.3741 - Train Metric: 0.9117
Epoch 37/50 - Val Metric: 0.9081
Epoch 38/50 - Train Loss: 0.3770 - Train Metric: 0.9104
Epoch 38/50 - Val Metric: 0.9066
Epoch 39/50 - Train Loss: 0.3730 - Train Metric: 0.9125
Epoch 39/50 - Val Metric: 0.9115
Epoch 40/50 - Train Loss: 0.3708 - Train Metric: 0.9135
Epoch 40/50 - Val Metric: 0.9093
Epoch 41/50 - Train Loss: 0.3711 - Train Metric: 0.9135
Epoch 41/50 - Val Metric: 0.9109
Epoch 42/50 - Train Loss: 0.3639 - Train Metric: 0.9170
Epoch 42/50 - Val Metric: 0.9087
Epoch 43/50 - Train Loss: 0.3649 - Train Metric: 0.9165
Epoch 43/50 - Val Metric: 0.9129
Epoch 44/50 - Train Loss: 0.3629 - Train Metric: 0.9173
Epoch 44/50 - Val Metric: 0.9155
Epoch 45/50 - Train Loss: 0.3623 - Train Metric: 0.9175
Epoch 45/50 - Val Metric: 0.9084
Epoch 46/50 - Train Loss: 0.3576 - Train Metric: 0.9199
Epoch 46/50 - Val Metric: 0.9172
Epoch 47/50 - Train Loss: 0.3545 - Train Metric: 0.9215
Epoch 47/50 - Val Metric: 0.9156
Epoch 48/50 - Train Loss: 0.3559 - Train Metric: 0.9208
Epoch 48/50 - Val Metric: 0.9166
Epoch 49/50 - Train Loss: 0.3559 - Train Metric: 0.9207
Epoch 49/50 - Val Metric: 0.9185
Epoch 50/50 - Train Loss: 0.3496 - Train Metric: 0.9235
Epoch 50/50 - Val Metric: 0.9155
Best val: 0.9185, Best test: 0.9014
[0.90078717 0.90275538 0.91448182 0.90979689 0.90139127]
