Start building multiclass_classification dataset_medium_0
Start building multiclass_classification dataset_medium_1
Start building multiclass_classification dataset_medium_2
Training set has 86400 instances
Validation set has 10800 instances
Test set has 10800 instances
Training set has 52156 instances
Validation set has 6519 instances
Test set has 6521 instances
Training set has 66986 instances
Validation set has 8373 instances
Test set has 8374 instances
Train Loss: 4.1833930
Train Loss: 3.3037454
Train Loss: 2.7519005
Train Loss: 2.4046059
Train Loss: 2.1244193
Train Loss: 1.9484668
Train Loss: 1.8157369
Train Loss: 1.7132355
Train Loss: 1.6324557
Train Loss: 1.5658447
Train Loss: 1.5123002
Train Loss: 1.4663889
Train Loss: 1.4271203
Train Loss: 1.3980197
Train Loss: 1.3676785
Train Loss: 1.3469185
Train Loss: 1.3274782
Train Loss: 1.3065689
Train Loss: 1.2911575
Train Loss: 1.2779026
Train Loss: 1.2673216
Train Loss: 1.2559400
Train Loss: 1.2459175
Train Loss: 1.2385861
Train Loss: 1.2302613
Train Loss: 1.2220381
Train Loss: 1.2170541
Train Loss: 1.2111388
Train Loss: 1.2067407
Train Loss: 1.2017684
Train Loss: 1.1961741
Train Loss: 1.1940470
Train Loss: 1.1912978
Train Loss: 1.1871965
Train Loss: 1.1854954
Train Loss: 1.1821669
Train Loss: 1.1796943
Train Loss: 1.1798317
Train Loss: 1.1771306
Train Loss: 1.1754655
Train Loss: 1.1752349
Train Loss: 1.1736326
Train Loss: 1.1712208
Train Loss: 1.1702012
Train Loss: 1.1691448
Train Loss: 1.1677866
Train Loss: 1.1692555
Train Loss: 1.1669558
Train Loss: 1.1654337
Train Loss: 1.1667942
Train Loss: 0.5836033
Train Loss: 0.5823148
Train Loss: 0.5776233
Train Loss: 0.5752911
Train Loss: 0.5786126
Train Loss: 0.5753150
Train Loss: 0.5775500
Train Loss: 0.5764262
Train Loss: 0.5805021
Train Loss: 0.5759966
[Task 0]
Test metric (before finetune): 0.854537
Test metric (after finetune):  0.855648
Result is saved into output/multiclass_classification/medium/0/TabPerceiverMultiTask_1.pt
Train Loss: 2.7099356
Train Loss: 2.7074546
Train Loss: 2.7130137
Train Loss: 2.7107134
Train Loss: 2.7071775
Train Loss: 2.7104193
Train Loss: 2.7081877
Train Loss: 2.7052295
Train Loss: 2.7076202
Train Loss: 2.7090883
[Task 1]
Test metric (before finetune): 0.345039
Test metric (after finetune):  0.345039
Result is saved into output/multiclass_classification/medium/1/TabPerceiverMultiTask_1.pt
Train Loss: 0.7188686
Train Loss: 0.7171908
Train Loss: 0.7164508
Train Loss: 0.7189468
Train Loss: 0.7177754
Train Loss: 0.7179812
Train Loss: 0.7166435
Train Loss: 0.7178418
Train Loss: 0.7163240
Train Loss: 0.7156849
[Task 2]
Test metric (before finetune): 0.696322
Test metric (after finetune):  0.695128
Result is saved into output/multiclass_classification/medium/2/TabPerceiverMultiTask_1.pt
