Start building multiclass_classification dataset_medium_0
Start building multiclass_classification dataset_medium_1
Start building multiclass_classification dataset_medium_2
Training set has 86400 instances
Validation set has 10800 instances
Test set has 10800 instances
Training set has 52156 instances
Validation set has 6519 instances
Test set has 6521 instances
Training set has 66986 instances
Validation set has 8373 instances
Test set has 8374 instances
Train Loss: 4.0614930
Train Loss: 3.2144661
Train Loss: 2.6534340
Train Loss: 2.2087848
Train Loss: 1.9693283
Train Loss: 1.8085071
Train Loss: 1.6877491
Train Loss: 1.5938250
Train Loss: 1.5258443
Train Loss: 1.4750969
Train Loss: 1.4275957
Train Loss: 1.3915705
Train Loss: 1.3566567
Train Loss: 1.3301937
Train Loss: 1.3058070
Train Loss: 1.2850578
Train Loss: 1.2673472
Train Loss: 1.2499645
Train Loss: 1.2359490
Train Loss: 1.2223934
Train Loss: 1.2128292
Train Loss: 1.1999825
Train Loss: 1.1916521
Train Loss: 1.1850881
Train Loss: 1.1748765
Train Loss: 1.1700028
Train Loss: 1.1615261
Train Loss: 1.1586979
Train Loss: 1.1542816
Train Loss: 1.1496751
Train Loss: 1.1444139
Train Loss: 1.1406523
Train Loss: 1.1374667
Train Loss: 1.1336046
Train Loss: 1.1337091
Train Loss: 1.1303950
Train Loss: 1.1269551
Train Loss: 1.1251988
Train Loss: 1.1229951
Train Loss: 1.1234789
Train Loss: 1.1211807
Train Loss: 1.1207902
Train Loss: 1.1181553
Train Loss: 1.1176281
Train Loss: 1.1169153
Train Loss: 1.1160511
Train Loss: 1.1161007
Train Loss: 1.1155293
Train Loss: 1.1136029
Train Loss: 1.1129019
[Task 0]
Test metric: 0.875370
Result is saved into output/multiclass_classification/medium/0/TabPerceiverMultiTaskMOE_1.pt
[Task 1]
Test metric: 0.350253
Result is saved into output/multiclass_classification/medium/1/TabPerceiverMultiTaskMOE_1.pt
[Task 2]
Test metric: 0.703009
Result is saved into output/multiclass_classification/medium/2/TabPerceiverMultiTaskMOE_1.pt
