Start building multiclass_classification dataset_medium_0
Start building multiclass_classification dataset_medium_1
Start building multiclass_classification dataset_medium_2
Training set has 86400 instances
Validation set has 10800 instances
Test set has 10800 instances
Training set has 52156 instances
Validation set has 6519 instances
Test set has 6521 instances
Training set has 66986 instances
Validation set has 8373 instances
Test set has 8374 instances
Train Loss: 4.0395068
Train Loss: 2.8665745
Train Loss: 2.1172976
Train Loss: 1.7748428
Train Loss: 1.5903858
Train Loss: 1.4807102
Train Loss: 1.3922893
Train Loss: 1.3336440
Train Loss: 1.2753237
Train Loss: 1.2289033
Train Loss: 1.1955063
Train Loss: 1.1628681
Train Loss: 1.1316409
Train Loss: 1.1058114
Train Loss: 1.0832014
Train Loss: 1.0607055
Train Loss: 1.0446056
Train Loss: 1.0262753
Train Loss: 1.0100279
Train Loss: 0.9963002
Train Loss: 0.9810687
Train Loss: 0.9679721
Train Loss: 0.9571381
Train Loss: 0.9446133
Train Loss: 0.9339336
Train Loss: 0.9225657
Train Loss: 0.9137964
Train Loss: 0.9038730
Train Loss: 0.8936937
Train Loss: 0.8862775
Train Loss: 0.8781460
Train Loss: 0.8696191
Train Loss: 0.8611892
Train Loss: 0.8542853
Train Loss: 0.8465368
Train Loss: 0.8392669
Train Loss: 0.8328592
Train Loss: 0.8251773
Train Loss: 0.8192488
Train Loss: 0.8128446
Train Loss: 0.8064088
Train Loss: 0.8002694
Train Loss: 0.7939868
Train Loss: 0.7878020
Train Loss: 0.7825023
Train Loss: 0.7765636
Train Loss: 0.7709556
Train Loss: 0.7658562
Train Loss: 0.7609826
Train Loss: 0.7556656
Train Loss: 0.0363769
Train Loss: 0.0343522
Train Loss: 0.0330240
Train Loss: 0.0311573
Train Loss: 0.0302476
Train Loss: 0.0288276
Train Loss: 0.0275432
Train Loss: 0.0260262
Train Loss: 0.0248014
Train Loss: 0.0236539
[Task 0]
Test metric (before finetune): 0.907593
Test metric (after finetune):  0.908426
Result is saved into output/multiclass_classification/medium/0/TabPerceiverMultiTask_2.pt
Train Loss: 2.2648736
Train Loss: 2.2157886
Train Loss: 2.1957600
Train Loss: 2.1808718
Train Loss: 2.1681958
Train Loss: 2.1564096
Train Loss: 2.1463019
Train Loss: 2.1378342
Train Loss: 2.1281239
Train Loss: 2.1203849
[Task 1]
Test metric (before finetune): 0.349180
Test metric (after finetune):  0.340899
Result is saved into output/multiclass_classification/medium/1/TabPerceiverMultiTask_2.pt
Train Loss: 0.5473927
Train Loss: 0.5302791
Train Loss: 0.5205978
Train Loss: 0.5118105
Train Loss: 0.5037398
Train Loss: 0.4957525
Train Loss: 0.4877460
Train Loss: 0.4798658
Train Loss: 0.4726606
Train Loss: 0.4641855
[Task 2]
Test metric (before finetune): 0.690709
Test metric (after finetune):  0.690709
Result is saved into output/multiclass_classification/medium/2/TabPerceiverMultiTask_2.pt
