Start building multiclass_classification dataset_medium_0
Start building multiclass_classification dataset_medium_1
Start building multiclass_classification dataset_medium_2
Training set has 86400 instances
Validation set has 10800 instances
Test set has 10800 instances
Training set has 52156 instances
Validation set has 6519 instances
Test set has 6521 instances
Training set has 66986 instances
Validation set has 8373 instances
Test set has 8374 instances
Epoch 1/50 - Train Loss: 3.9887
Epoch 1/50 [Task 0] - Best test metric: 0.017315
Epoch 1/50 [Task 1] - Best test metric: 0.198129
Epoch 1/50 [Task 2] - Best test metric: 0.629448
Epoch 2/50 - Train Loss: 2.9555
Epoch 2/50 [Task 0] - Best test metric: 0.211944
Epoch 2/50 [Task 1] - Best test metric: 0.267290
Epoch 2/50 [Task 2] - Best test metric: 0.643540
Epoch 3/50 - Train Loss: 2.2128
Epoch 3/50 [Task 0] - Best test metric: 0.441111
Epoch 3/50 [Task 1] - Best test metric: 0.285079
Epoch 3/50 [Task 2] - Best test metric: 0.669334
Epoch 4/50 - Train Loss: 1.8283
Epoch 4/50 [Task 0] - Best test metric: 0.544352
Epoch 4/50 [Task 1] - Best test metric: 0.294280
Epoch 4/50 [Task 2] - Best test metric: 0.679484
Epoch 5/50 - Train Loss: 1.6162
Epoch 5/50 [Task 0] - Best test metric: 0.640278
Epoch 5/50 [Task 1] - Best test metric: 0.301641
Epoch 5/50 [Task 2] - Best test metric: 0.679484
Epoch 6/50 - Train Loss: 1.4834
Epoch 6/50 [Task 0] - Best test metric: 0.694444
Epoch 6/50 [Task 1] - Best test metric: 0.308848
Epoch 6/50 [Task 2] - Best test metric: 0.694172
Epoch 7/50 - Train Loss: 1.3845
Epoch 7/50 [Task 0] - Best test metric: 0.715556
Epoch 7/50 [Task 1] - Best test metric: 0.319736
Epoch 7/50 [Task 2] - Best test metric: 0.694172
Epoch 8/50 - Train Loss: 1.3171
Epoch 8/50 [Task 0] - Best test metric: 0.754722
Epoch 8/50 [Task 1] - Best test metric: 0.319736
Epoch 8/50 [Task 2] - Best test metric: 0.694172
Epoch 9/50 - Train Loss: 1.2633
Epoch 9/50 [Task 0] - Best test metric: 0.790926
Epoch 9/50 [Task 1] - Best test metric: 0.324950
Epoch 9/50 [Task 2] - Best test metric: 0.701099
Epoch 10/50 - Train Loss: 1.2122
Epoch 10/50 [Task 0] - Best test metric: 0.790926
Epoch 10/50 [Task 1] - Best test metric: 0.324950
Epoch 10/50 [Task 2] - Best test metric: 0.701099
Epoch 11/50 - Train Loss: 1.1752
Epoch 11/50 [Task 0] - Best test metric: 0.797037
Epoch 11/50 [Task 1] - Best test metric: 0.323417
Epoch 11/50 [Task 2] - Best test metric: 0.704442
Epoch 12/50 - Train Loss: 1.1420
Epoch 12/50 [Task 0] - Best test metric: 0.814444
Epoch 12/50 [Task 1] - Best test metric: 0.333845
Epoch 12/50 [Task 2] - Best test metric: 0.704442
Epoch 13/50 - Train Loss: 1.1136
Epoch 13/50 [Task 0] - Best test metric: 0.828796
Epoch 13/50 [Task 1] - Best test metric: 0.333845
Epoch 13/50 [Task 2] - Best test metric: 0.704442
Epoch 14/50 - Train Loss: 1.0856
Epoch 14/50 [Task 0] - Best test metric: 0.839815
Epoch 14/50 [Task 1] - Best test metric: 0.343659
Epoch 14/50 [Task 2] - Best test metric: 0.704442
Epoch 15/50 - Train Loss: 1.0641
Epoch 15/50 [Task 0] - Best test metric: 0.846667
Epoch 15/50 [Task 1] - Best test metric: 0.343659
Epoch 15/50 [Task 2] - Best test metric: 0.710174
Epoch 16/50 - Train Loss: 1.0417
Epoch 16/50 [Task 0] - Best test metric: 0.846667
Epoch 16/50 [Task 1] - Best test metric: 0.343659
Epoch 16/50 [Task 2] - Best test metric: 0.710174
Epoch 17/50 - Train Loss: 1.0247
Epoch 17/50 [Task 0] - Best test metric: 0.868333
Epoch 17/50 [Task 1] - Best test metric: 0.339979
Epoch 17/50 [Task 2] - Best test metric: 0.712802
Epoch 18/50 - Train Loss: 1.0052
Epoch 18/50 [Task 0] - Best test metric: 0.868333
Epoch 18/50 [Task 1] - Best test metric: 0.339979
Epoch 18/50 [Task 2] - Best test metric: 0.712802
Epoch 19/50 - Train Loss: 0.9897
Epoch 19/50 [Task 0] - Best test metric: 0.875463
Epoch 19/50 [Task 1] - Best test metric: 0.350866
Epoch 19/50 [Task 2] - Best test metric: 0.712802
Epoch 20/50 - Train Loss: 0.9746
Epoch 20/50 [Task 0] - Best test metric: 0.880833
Epoch 20/50 [Task 1] - Best test metric: 0.350866
Epoch 20/50 [Task 2] - Best test metric: 0.712085
Epoch 21/50 - Train Loss: 0.9587
Epoch 21/50 [Task 0] - Best test metric: 0.880463
Epoch 21/50 [Task 1] - Best test metric: 0.350866
Epoch 21/50 [Task 2] - Best test metric: 0.712085
Epoch 22/50 - Train Loss: 0.9477
Epoch 22/50 [Task 0] - Best test metric: 0.885185
Epoch 22/50 [Task 1] - Best test metric: 0.351633
Epoch 22/50 [Task 2] - Best test metric: 0.709816
Epoch 23/50 - Train Loss: 0.9340
Epoch 23/50 [Task 0] - Best test metric: 0.891019
Epoch 23/50 [Task 1] - Best test metric: 0.351633
Epoch 23/50 [Task 2] - Best test metric: 0.709816
Epoch 24/50 - Train Loss: 0.9226
Epoch 24/50 [Task 0] - Best test metric: 0.891019
Epoch 24/50 [Task 1] - Best test metric: 0.358227
Epoch 24/50 [Task 2] - Best test metric: 0.711369
Epoch 25/50 - Train Loss: 0.9111
Epoch 25/50 [Task 0] - Best test metric: 0.890278
Epoch 25/50 [Task 1] - Best test metric: 0.358227
Epoch 25/50 [Task 2] - Best test metric: 0.711369
Epoch 26/50 - Train Loss: 0.8994
Epoch 26/50 [Task 0] - Best test metric: 0.893519
Epoch 26/50 [Task 1] - Best test metric: 0.358994
Epoch 26/50 [Task 2] - Best test metric: 0.714354
Epoch 27/50 - Train Loss: 0.8900
Epoch 27/50 [Task 0] - Best test metric: 0.894352
Epoch 27/50 [Task 1] - Best test metric: 0.358994
Epoch 27/50 [Task 2] - Best test metric: 0.713757
Epoch 28/50 - Train Loss: 0.8792
Epoch 28/50 [Task 0] - Best test metric: 0.898426
Epoch 28/50 [Task 1] - Best test metric: 0.358994
Epoch 28/50 [Task 2] - Best test metric: 0.715787
Epoch 29/50 - Train Loss: 0.8706
Epoch 29/50 [Task 0] - Best test metric: 0.898426
Epoch 29/50 [Task 1] - Best test metric: 0.358994
Epoch 29/50 [Task 2] - Best test metric: 0.715787
Epoch 30/50 - Train Loss: 0.8608
Epoch 30/50 [Task 0] - Best test metric: 0.897037
Epoch 30/50 [Task 1] - Best test metric: 0.358994
Epoch 30/50 [Task 2] - Best test metric: 0.715787
Epoch 31/50 - Train Loss: 0.8514
Epoch 31/50 [Task 0] - Best test metric: 0.897037
Epoch 31/50 [Task 1] - Best test metric: 0.358994
Epoch 31/50 [Task 2] - Best test metric: 0.715787
Epoch 32/50 - Train Loss: 0.8420
Epoch 32/50 [Task 0] - Best test metric: 0.900741
Epoch 32/50 [Task 1] - Best test metric: 0.358994
Epoch 32/50 [Task 2] - Best test metric: 0.715787
Epoch 33/50 - Train Loss: 0.8340
Epoch 33/50 [Task 0] - Best test metric: 0.900741
Epoch 33/50 [Task 1] - Best test metric: 0.358994
Epoch 33/50 [Task 2] - Best test metric: 0.715787
Epoch 34/50 - Train Loss: 0.8258
Epoch 34/50 [Task 0] - Best test metric: 0.907963
Epoch 34/50 [Task 1] - Best test metric: 0.358994
Epoch 34/50 [Task 2] - Best test metric: 0.715787
Epoch 35/50 - Train Loss: 0.8163
Epoch 35/50 [Task 0] - Best test metric: 0.907963
Epoch 35/50 [Task 1] - Best test metric: 0.358994
Epoch 35/50 [Task 2] - Best test metric: 0.715787
Epoch 36/50 - Train Loss: 0.8082
Epoch 36/50 [Task 0] - Best test metric: 0.907963
Epoch 36/50 [Task 1] - Best test metric: 0.358994
Epoch 36/50 [Task 2] - Best test metric: 0.715787
Epoch 37/50 - Train Loss: 0.8003
Epoch 37/50 [Task 0] - Best test metric: 0.907963
Epoch 37/50 [Task 1] - Best test metric: 0.358994
Epoch 37/50 [Task 2] - Best test metric: 0.715787
Epoch 38/50 - Train Loss: 0.7927
Epoch 38/50 [Task 0] - Best test metric: 0.907963
Epoch 38/50 [Task 1] - Best test metric: 0.358994
Epoch 38/50 [Task 2] - Best test metric: 0.715787
Epoch 39/50 - Train Loss: 0.7849
Epoch 39/50 [Task 0] - Best test metric: 0.905926
Epoch 39/50 [Task 1] - Best test metric: 0.358994
Epoch 39/50 [Task 2] - Best test metric: 0.715787
Epoch 40/50 - Train Loss: 0.7769
Epoch 40/50 [Task 0] - Best test metric: 0.905926
Epoch 40/50 [Task 1] - Best test metric: 0.358994
Epoch 40/50 [Task 2] - Best test metric: 0.715787
Epoch 41/50 - Train Loss: 0.7703
Epoch 41/50 [Task 0] - Best test metric: 0.905556
Epoch 41/50 [Task 1] - Best test metric: 0.358994
Epoch 41/50 [Task 2] - Best test metric: 0.715787
Epoch 42/50 - Train Loss: 0.7626
Epoch 42/50 [Task 0] - Best test metric: 0.905556
Epoch 42/50 [Task 1] - Best test metric: 0.358994
Epoch 42/50 [Task 2] - Best test metric: 0.715787
Epoch 43/50 - Train Loss: 0.7552
Epoch 43/50 [Task 0] - Best test metric: 0.905556
Epoch 43/50 [Task 1] - Best test metric: 0.358994
Epoch 43/50 [Task 2] - Best test metric: 0.715787
Epoch 44/50 - Train Loss: 0.7478
Epoch 44/50 [Task 0] - Best test metric: 0.905556
Epoch 44/50 [Task 1] - Best test metric: 0.358994
Epoch 44/50 [Task 2] - Best test metric: 0.715787
Epoch 45/50 - Train Loss: 0.7409
Epoch 45/50 [Task 0] - Best test metric: 0.905556
Epoch 45/50 [Task 1] - Best test metric: 0.358994
Epoch 45/50 [Task 2] - Best test metric: 0.715787
Epoch 46/50 - Train Loss: 0.7336
Epoch 46/50 [Task 0] - Best test metric: 0.905556
Epoch 46/50 [Task 1] - Best test metric: 0.358994
Epoch 46/50 [Task 2] - Best test metric: 0.715787
Epoch 47/50 - Train Loss: 0.7273
Epoch 47/50 [Task 0] - Best test metric: 0.908796
Epoch 47/50 [Task 1] - Best test metric: 0.358994
Epoch 47/50 [Task 2] - Best test metric: 0.715787
Epoch 48/50 - Train Loss: 0.7205
Epoch 48/50 [Task 0] - Best test metric: 0.907315
Epoch 48/50 [Task 1] - Best test metric: 0.358994
Epoch 48/50 [Task 2] - Best test metric: 0.715787
Epoch 49/50 - Train Loss: 0.7147
Epoch 49/50 [Task 0] - Best test metric: 0.907315
Epoch 49/50 [Task 1] - Best test metric: 0.358994
Epoch 49/50 [Task 2] - Best test metric: 0.715787
Epoch 50/50 - Train Loss: 0.7077
Epoch 50/50 [Task 0] - Best test metric: 0.907315
Epoch 50/50 [Task 1] - Best test metric: 0.358994
Epoch 50/50 [Task 2] - Best test metric: 0.715787
Saved results to output/multiclass_classification/medium/0/TabPerceiverMultiTaskMOE_3.pt
Saved results to output/multiclass_classification/medium/1/TabPerceiverMultiTaskMOE_3.pt
Saved results to output/multiclass_classification/medium/2/TabPerceiverMultiTaskMOE_3.pt
[Task 0] Best test metric: 0.907315
[Task 1] Best test metric: 0.358994
[Task 2] Best test metric: 0.715787
