Hyper-parameter search via Optuna
Namespace(task_type='binary_classification', scale='small', idx=9, epochs=50, num_trials=20, num_repeats=5, seed=0, exp_name='MemGlovalAvgPool', result_path='output/binary_classification/small/9/MemGlovalAvgPool.pt')
Device: cuda
Start building binary_classification dataset_small_9
Training set has 6086 instances
Validation set has 760 instances
Test set has 762 instances
Epoch 1/50 - Train Loss: 0.6981 - Train Metric: 0.5009
Epoch 1/50 - Val Metric: 0.5735
Epoch 2/50 - Train Loss: 0.6923 - Train Metric: 0.5230
Epoch 2/50 - Val Metric: 0.5992
Epoch 3/50 - Train Loss: 0.6889 - Train Metric: 0.5659
Epoch 3/50 - Val Metric: 0.6084
Epoch 4/50 - Train Loss: 0.6873 - Train Metric: 0.5583
Epoch 4/50 - Val Metric: 0.6153
Epoch 5/50 - Train Loss: 0.6811 - Train Metric: 0.5898
Epoch 5/50 - Val Metric: 0.6161
Epoch 6/50 - Train Loss: 0.6776 - Train Metric: 0.5996
Epoch 6/50 - Val Metric: 0.6205
Epoch 7/50 - Train Loss: 0.6845 - Train Metric: 0.5767
Epoch 7/50 - Val Metric: 0.6213
Epoch 8/50 - Train Loss: 0.6756 - Train Metric: 0.6093
Epoch 8/50 - Val Metric: 0.6224
Epoch 9/50 - Train Loss: 0.6733 - Train Metric: 0.6101
Epoch 9/50 - Val Metric: 0.6211
Epoch 10/50 - Train Loss: 0.6749 - Train Metric: 0.6036
Epoch 10/50 - Val Metric: 0.6198
Epoch 11/50 - Train Loss: 0.6803 - Train Metric: 0.5904
Epoch 11/50 - Val Metric: 0.6231
Epoch 12/50 - Train Loss: 0.6735 - Train Metric: 0.6117
Epoch 12/50 - Val Metric: 0.6242
Epoch 13/50 - Train Loss: 0.6712 - Train Metric: 0.6146
Epoch 13/50 - Val Metric: 0.6226
Epoch 14/50 - Train Loss: 0.6683 - Train Metric: 0.6201
Epoch 14/50 - Val Metric: 0.6244
Epoch 15/50 - Train Loss: 0.6691 - Train Metric: 0.6155
Epoch 15/50 - Val Metric: 0.6203
Epoch 16/50 - Train Loss: 0.6702 - Train Metric: 0.6148
Epoch 16/50 - Val Metric: 0.6245
Epoch 17/50 - Train Loss: 0.6672 - Train Metric: 0.6213
Epoch 17/50 - Val Metric: 0.6236
Epoch 18/50 - Train Loss: 0.6671 - Train Metric: 0.6217
Epoch 18/50 - Val Metric: 0.6243
Epoch 19/50 - Train Loss: 0.6683 - Train Metric: 0.6184
Epoch 19/50 - Val Metric: 0.6246
Epoch 20/50 - Train Loss: 0.6662 - Train Metric: 0.6229
Epoch 20/50 - Val Metric: 0.6253
Epoch 21/50 - Train Loss: 0.6693 - Train Metric: 0.6154
Epoch 21/50 - Val Metric: 0.6260
Epoch 22/50 - Train Loss: 0.6680 - Train Metric: 0.6185
Epoch 22/50 - Val Metric: 0.6271
Epoch 23/50 - Train Loss: 0.6648 - Train Metric: 0.6239
Epoch 23/50 - Val Metric: 0.6266
Epoch 24/50 - Train Loss: 0.6653 - Train Metric: 0.6221
Epoch 24/50 - Val Metric: 0.6265
Epoch 25/50 - Train Loss: 0.6681 - Train Metric: 0.6164
Epoch 25/50 - Val Metric: 0.6261
Epoch 26/50 - Train Loss: 0.6654 - Train Metric: 0.6218
Epoch 26/50 - Val Metric: 0.6290
Epoch 27/50 - Train Loss: 0.6639 - Train Metric: 0.6233
Epoch 27/50 - Val Metric: 0.6290
Epoch 28/50 - Train Loss: 0.6650 - Train Metric: 0.6209
Epoch 28/50 - Val Metric: 0.6270
Epoch 29/50 - Train Loss: 0.6650 - Train Metric: 0.6231
Epoch 29/50 - Val Metric: 0.6297
Epoch 30/50 - Train Loss: 0.6725 - Train Metric: 0.6059
Epoch 30/50 - Val Metric: 0.6290
Epoch 31/50 - Train Loss: 0.6691 - Train Metric: 0.6139
Epoch 31/50 - Val Metric: 0.6304
Epoch 32/50 - Train Loss: 0.6642 - Train Metric: 0.6254
Epoch 32/50 - Val Metric: 0.6305
Epoch 33/50 - Train Loss: 0.6647 - Train Metric: 0.6226
Epoch 33/50 - Val Metric: 0.6297
Epoch 34/50 - Train Loss: 0.6626 - Train Metric: 0.6248
Epoch 34/50 - Val Metric: 0.6268
Epoch 35/50 - Train Loss: 0.6630 - Train Metric: 0.6230
Epoch 35/50 - Val Metric: 0.6293
Epoch 36/50 - Train Loss: 0.6642 - Train Metric: 0.6206
Epoch 36/50 - Val Metric: 0.6324
Epoch 37/50 - Train Loss: 0.6664 - Train Metric: 0.6147
Epoch 37/50 - Val Metric: 0.6307
Epoch 38/50 - Train Loss: 0.6652 - Train Metric: 0.6156
Epoch 38/50 - Val Metric: 0.6293
Epoch 39/50 - Train Loss: 0.6617 - Train Metric: 0.6244
Epoch 39/50 - Val Metric: 0.6302
Epoch 40/50 - Train Loss: 0.6598 - Train Metric: 0.6300
Epoch 40/50 - Val Metric: 0.6297
Epoch 41/50 - Train Loss: 0.6610 - Train Metric: 0.6238
Epoch 41/50 - Val Metric: 0.6298
Epoch 42/50 - Train Loss: 0.6638 - Train Metric: 0.6230
Epoch 42/50 - Val Metric: 0.6294
Epoch 43/50 - Train Loss: 0.6619 - Train Metric: 0.6262
Epoch 43/50 - Val Metric: 0.6294
Epoch 44/50 - Train Loss: 0.6591 - Train Metric: 0.6304
Epoch 44/50 - Val Metric: 0.6331
Epoch 45/50 - Train Loss: 0.6590 - Train Metric: 0.6296
Epoch 45/50 - Val Metric: 0.6321
Epoch 46/50 - Train Loss: 0.6599 - Train Metric: 0.6309
Epoch 46/50 - Val Metric: 0.6302
Epoch 47/50 - Train Loss: 0.6598 - Train Metric: 0.6266
Epoch 47/50 - Val Metric: 0.6294
Epoch 48/50 - Train Loss: 0.6584 - Train Metric: 0.6325
Epoch 48/50 - Val Metric: 0.6298
Epoch 49/50 - Train Loss: 0.6609 - Train Metric: 0.6281
Epoch 49/50 - Val Metric: 0.6333
Epoch 50/50 - Train Loss: 0.6584 - Train Metric: 0.6302
Epoch 50/50 - Val Metric: 0.6358
Best val: 0.6358, Best test: 0.6169
Training set has 6086 instances
Validation set has 760 instances
Test set has 762 instances
Epoch 1/50 - Train Loss: 0.7480 - Train Metric: 0.5012
Epoch 1/50 - Val Metric: 0.6006
Epoch 2/50 - Train Loss: 0.6951 - Train Metric: 0.5127
Epoch 2/50 - Val Metric: 0.5660
Epoch 3/50 - Train Loss: 0.6902 - Train Metric: 0.5394
Epoch 3/50 - Val Metric: 0.5624
Epoch 4/50 - Train Loss: 0.6814 - Train Metric: 0.5899
Epoch 4/50 - Val Metric: 0.6014
Epoch 5/50 - Train Loss: 0.6738 - Train Metric: 0.6084
Epoch 5/50 - Val Metric: 0.6037
Epoch 6/50 - Train Loss: 0.6737 - Train Metric: 0.6029
Epoch 6/50 - Val Metric: 0.5980
Epoch 7/50 - Train Loss: 0.6696 - Train Metric: 0.6148
Epoch 7/50 - Val Metric: 0.5984
Epoch 8/50 - Train Loss: 0.6689 - Train Metric: 0.6132
Epoch 8/50 - Val Metric: 0.5960
Epoch 9/50 - Train Loss: 0.6687 - Train Metric: 0.6183
Epoch 9/50 - Val Metric: 0.6092
Epoch 10/50 - Train Loss: 0.6706 - Train Metric: 0.6092
Epoch 10/50 - Val Metric: 0.6028
Epoch 11/50 - Train Loss: 0.6642 - Train Metric: 0.6274
Epoch 11/50 - Val Metric: 0.6094
Epoch 12/50 - Train Loss: 0.6675 - Train Metric: 0.6181
Epoch 12/50 - Val Metric: 0.6057
Epoch 13/50 - Train Loss: 0.6641 - Train Metric: 0.6206
Epoch 13/50 - Val Metric: 0.6221
Epoch 14/50 - Train Loss: 0.6654 - Train Metric: 0.6281
Epoch 14/50 - Val Metric: 0.6159
Epoch 15/50 - Train Loss: 0.6631 - Train Metric: 0.6247
Epoch 15/50 - Val Metric: 0.6240
Epoch 16/50 - Train Loss: 0.6582 - Train Metric: 0.6373
Epoch 16/50 - Val Metric: 0.6134
Epoch 17/50 - Train Loss: 0.6588 - Train Metric: 0.6354
Epoch 17/50 - Val Metric: 0.6193
Epoch 18/50 - Train Loss: 0.6619 - Train Metric: 0.6306
Epoch 18/50 - Val Metric: 0.6147
Epoch 19/50 - Train Loss: 0.6624 - Train Metric: 0.6273
Epoch 19/50 - Val Metric: 0.5843
Epoch 20/50 - Train Loss: 0.6579 - Train Metric: 0.6340
Epoch 20/50 - Val Metric: 0.6216
Epoch 21/50 - Train Loss: 0.6576 - Train Metric: 0.6364
Epoch 21/50 - Val Metric: 0.6070
Epoch 22/50 - Train Loss: 0.6544 - Train Metric: 0.6428
Epoch 22/50 - Val Metric: 0.6178
Epoch 23/50 - Train Loss: 0.6633 - Train Metric: 0.6195
Epoch 23/50 - Val Metric: 0.6204
Epoch 24/50 - Train Loss: 0.6531 - Train Metric: 0.6435
Epoch 24/50 - Val Metric: 0.6219
Epoch 25/50 - Train Loss: 0.6541 - Train Metric: 0.6415
Epoch 25/50 - Val Metric: 0.6197
Epoch 26/50 - Train Loss: 0.6531 - Train Metric: 0.6476
Epoch 26/50 - Val Metric: 0.6257
Epoch 27/50 - Train Loss: 0.6559 - Train Metric: 0.6352
Epoch 27/50 - Val Metric: 0.6287
Epoch 28/50 - Train Loss: 0.6514 - Train Metric: 0.6472
Epoch 28/50 - Val Metric: 0.6267
Epoch 29/50 - Train Loss: 0.6482 - Train Metric: 0.6560
Epoch 29/50 - Val Metric: 0.6112
Epoch 30/50 - Train Loss: 0.6514 - Train Metric: 0.6506
Epoch 30/50 - Val Metric: 0.6137
Epoch 31/50 - Train Loss: 0.6531 - Train Metric: 0.6412
Epoch 31/50 - Val Metric: 0.6096
Epoch 32/50 - Train Loss: 0.6507 - Train Metric: 0.6504
Epoch 32/50 - Val Metric: 0.6219
Epoch 33/50 - Train Loss: 0.6458 - Train Metric: 0.6588
Epoch 33/50 - Val Metric: 0.5870
Epoch 34/50 - Train Loss: 0.6499 - Train Metric: 0.6495
Epoch 34/50 - Val Metric: 0.5927
Epoch 35/50 - Train Loss: 0.6510 - Train Metric: 0.6473
Epoch 35/50 - Val Metric: 0.6297
Epoch 36/50 - Train Loss: 0.6553 - Train Metric: 0.6446
Epoch 36/50 - Val Metric: 0.6041
Epoch 37/50 - Train Loss: 0.6512 - Train Metric: 0.6471
Epoch 37/50 - Val Metric: 0.6152
Epoch 38/50 - Train Loss: 0.6464 - Train Metric: 0.6553
Epoch 38/50 - Val Metric: 0.6092
Epoch 39/50 - Train Loss: 0.6529 - Train Metric: 0.6439
Epoch 39/50 - Val Metric: 0.6060
Epoch 40/50 - Train Loss: 0.6519 - Train Metric: 0.6502
Epoch 40/50 - Val Metric: 0.6018
Epoch 41/50 - Train Loss: 0.6503 - Train Metric: 0.6523
Epoch 41/50 - Val Metric: 0.6213
Epoch 42/50 - Train Loss: 0.6477 - Train Metric: 0.6554
Epoch 42/50 - Val Metric: 0.6204
Epoch 43/50 - Train Loss: 0.6443 - Train Metric: 0.6600
Epoch 43/50 - Val Metric: 0.6139
Epoch 44/50 - Train Loss: 0.6475 - Train Metric: 0.6544
Epoch 44/50 - Val Metric: 0.6140
Epoch 45/50 - Train Loss: 0.6478 - Train Metric: 0.6537
Epoch 45/50 - Val Metric: 0.6173
Epoch 46/50 - Train Loss: 0.6498 - Train Metric: 0.6490
Epoch 46/50 - Val Metric: 0.6146
Epoch 47/50 - Train Loss: 0.6503 - Train Metric: 0.6499
Epoch 47/50 - Val Metric: 0.6246
Epoch 48/50 - Train Loss: 0.6463 - Train Metric: 0.6592
Epoch 48/50 - Val Metric: 0.5951
Epoch 49/50 - Train Loss: 0.6476 - Train Metric: 0.6549
Epoch 49/50 - Val Metric: 0.6172
Epoch 50/50 - Train Loss: 0.6424 - Train Metric: 0.6612
Epoch 50/50 - Val Metric: 0.6119
Best val: 0.6297, Best test: 0.6236
Training set has 6086 instances
Validation set has 760 instances
Test set has 762 instances
Epoch 1/50 - Train Loss: 0.7015 - Train Metric: 0.5174
Epoch 1/50 - Val Metric: 0.6031
Epoch 2/50 - Train Loss: 0.6929 - Train Metric: 0.5081
Epoch 2/50 - Val Metric: 0.6125
Epoch 3/50 - Train Loss: 0.6934 - Train Metric: 0.5230
Epoch 3/50 - Val Metric: 0.6082
Epoch 4/50 - Train Loss: 0.6948 - Train Metric: 0.5209
Epoch 4/50 - Val Metric: 0.6101
Epoch 5/50 - Train Loss: 0.6931 - Train Metric: 0.5173
Epoch 5/50 - Val Metric: 0.6057
Epoch 6/50 - Train Loss: 0.6910 - Train Metric: 0.5416
Epoch 6/50 - Val Metric: 0.6017
Epoch 7/50 - Train Loss: 0.6809 - Train Metric: 0.5875
Epoch 7/50 - Val Metric: 0.6057
Epoch 8/50 - Train Loss: 0.6769 - Train Metric: 0.6000
Epoch 8/50 - Val Metric: 0.6070
Epoch 9/50 - Train Loss: 0.6718 - Train Metric: 0.6152
Epoch 9/50 - Val Metric: 0.6111
Epoch 10/50 - Train Loss: 0.6700 - Train Metric: 0.6177
Epoch 10/50 - Val Metric: 0.6160
Epoch 11/50 - Train Loss: 0.6709 - Train Metric: 0.6164
Epoch 11/50 - Val Metric: 0.6175
Epoch 12/50 - Train Loss: 0.6667 - Train Metric: 0.6233
Epoch 12/50 - Val Metric: 0.6181
Epoch 13/50 - Train Loss: 0.6644 - Train Metric: 0.6274
Epoch 13/50 - Val Metric: 0.6137
Epoch 14/50 - Train Loss: 0.6650 - Train Metric: 0.6262
Epoch 14/50 - Val Metric: 0.6185
Epoch 15/50 - Train Loss: 0.6657 - Train Metric: 0.6250
Epoch 15/50 - Val Metric: 0.6184
Epoch 16/50 - Train Loss: 0.6630 - Train Metric: 0.6303
Epoch 16/50 - Val Metric: 0.6188
Epoch 17/50 - Train Loss: 0.6649 - Train Metric: 0.6277
Epoch 17/50 - Val Metric: 0.6190
Epoch 18/50 - Train Loss: 0.6616 - Train Metric: 0.6311
Epoch 18/50 - Val Metric: 0.6193
Epoch 19/50 - Train Loss: 0.6601 - Train Metric: 0.6352
Epoch 19/50 - Val Metric: 0.6225
Epoch 20/50 - Train Loss: 0.6580 - Train Metric: 0.6374
Epoch 20/50 - Val Metric: 0.6243
Epoch 21/50 - Train Loss: 0.6593 - Train Metric: 0.6351
Epoch 21/50 - Val Metric: 0.6237
Epoch 22/50 - Train Loss: 0.6591 - Train Metric: 0.6346
Epoch 22/50 - Val Metric: 0.6245
Epoch 23/50 - Train Loss: 0.6560 - Train Metric: 0.6426
Epoch 23/50 - Val Metric: 0.6278
Epoch 24/50 - Train Loss: 0.6584 - Train Metric: 0.6382
Epoch 24/50 - Val Metric: 0.6316
Epoch 25/50 - Train Loss: 0.6577 - Train Metric: 0.6365
Epoch 25/50 - Val Metric: 0.6257
Epoch 26/50 - Train Loss: 0.6555 - Train Metric: 0.6431
Epoch 26/50 - Val Metric: 0.6306
Epoch 27/50 - Train Loss: 0.6560 - Train Metric: 0.6410
Epoch 27/50 - Val Metric: 0.6262
Epoch 28/50 - Train Loss: 0.6545 - Train Metric: 0.6433
Epoch 28/50 - Val Metric: 0.6254
Epoch 29/50 - Train Loss: 0.6550 - Train Metric: 0.6427
Epoch 29/50 - Val Metric: 0.6295
Epoch 30/50 - Train Loss: 0.6541 - Train Metric: 0.6420
Epoch 30/50 - Val Metric: 0.6304
Epoch 31/50 - Train Loss: 0.6540 - Train Metric: 0.6431
Epoch 31/50 - Val Metric: 0.6281
Epoch 32/50 - Train Loss: 0.6536 - Train Metric: 0.6456
Epoch 32/50 - Val Metric: 0.6337
Epoch 33/50 - Train Loss: 0.6527 - Train Metric: 0.6459
Epoch 33/50 - Val Metric: 0.6268
Epoch 34/50 - Train Loss: 0.6534 - Train Metric: 0.6447
Epoch 34/50 - Val Metric: 0.6300
Epoch 35/50 - Train Loss: 0.6516 - Train Metric: 0.6489
Epoch 35/50 - Val Metric: 0.6287
Epoch 36/50 - Train Loss: 0.6522 - Train Metric: 0.6464
Epoch 36/50 - Val Metric: 0.6287
Epoch 37/50 - Train Loss: 0.6521 - Train Metric: 0.6491
Epoch 37/50 - Val Metric: 0.6301
Epoch 38/50 - Train Loss: 0.6507 - Train Metric: 0.6512
Epoch 38/50 - Val Metric: 0.6290
Epoch 39/50 - Train Loss: 0.6506 - Train Metric: 0.6513
Epoch 39/50 - Val Metric: 0.6309
Epoch 40/50 - Train Loss: 0.6496 - Train Metric: 0.6538
Epoch 40/50 - Val Metric: 0.6281
Epoch 41/50 - Train Loss: 0.6495 - Train Metric: 0.6529
Epoch 41/50 - Val Metric: 0.6290
Epoch 42/50 - Train Loss: 0.6512 - Train Metric: 0.6498
Epoch 42/50 - Val Metric: 0.6302
Epoch 43/50 - Train Loss: 0.6500 - Train Metric: 0.6526
Epoch 43/50 - Val Metric: 0.6293
Epoch 44/50 - Train Loss: 0.6502 - Train Metric: 0.6534
Epoch 44/50 - Val Metric: 0.6314
Epoch 45/50 - Train Loss: 0.6504 - Train Metric: 0.6517
Epoch 45/50 - Val Metric: 0.6338
Epoch 46/50 - Train Loss: 0.6492 - Train Metric: 0.6543
Epoch 46/50 - Val Metric: 0.6319
Epoch 47/50 - Train Loss: 0.6504 - Train Metric: 0.6512
Epoch 47/50 - Val Metric: 0.6307
Epoch 48/50 - Train Loss: 0.6490 - Train Metric: 0.6549
Epoch 48/50 - Val Metric: 0.6320
Epoch 49/50 - Train Loss: 0.6486 - Train Metric: 0.6555
Epoch 49/50 - Val Metric: 0.6312
Epoch 50/50 - Train Loss: 0.6474 - Train Metric: 0.6573
Epoch 50/50 - Val Metric: 0.6324
Best val: 0.6338, Best test: 0.6440
Training set has 6086 instances
Validation set has 760 instances
Test set has 762 instances
Epoch 1/50 - Train Loss: 0.6934 - Train Metric: 0.5145
Epoch 1/50 - Val Metric: 0.5665
Epoch 2/50 - Train Loss: 0.6908 - Train Metric: 0.5384
Epoch 2/50 - Val Metric: 0.5777
Epoch 3/50 - Train Loss: 0.6866 - Train Metric: 0.5628
Epoch 3/50 - Val Metric: 0.5856
Epoch 4/50 - Train Loss: 0.6806 - Train Metric: 0.5907
Epoch 4/50 - Val Metric: 0.5883
Epoch 5/50 - Train Loss: 0.6840 - Train Metric: 0.5751
Epoch 5/50 - Val Metric: 0.5883
Epoch 6/50 - Train Loss: 0.6776 - Train Metric: 0.5948
Epoch 6/50 - Val Metric: 0.5900
Epoch 7/50 - Train Loss: 0.6750 - Train Metric: 0.6037
Epoch 7/50 - Val Metric: 0.5918
Epoch 8/50 - Train Loss: 0.6729 - Train Metric: 0.6077
Epoch 8/50 - Val Metric: 0.5910
Epoch 9/50 - Train Loss: 0.6734 - Train Metric: 0.6086
Epoch 9/50 - Val Metric: 0.5919
Epoch 10/50 - Train Loss: 0.6746 - Train Metric: 0.6047
Epoch 10/50 - Val Metric: 0.5915
Epoch 11/50 - Train Loss: 0.6693 - Train Metric: 0.6197
Epoch 11/50 - Val Metric: 0.5928
Epoch 12/50 - Train Loss: 0.6696 - Train Metric: 0.6177
Epoch 12/50 - Val Metric: 0.5927
Epoch 13/50 - Train Loss: 0.6688 - Train Metric: 0.6194
Epoch 13/50 - Val Metric: 0.5914
Epoch 14/50 - Train Loss: 0.6683 - Train Metric: 0.6203
Epoch 14/50 - Val Metric: 0.5931
Epoch 15/50 - Train Loss: 0.6669 - Train Metric: 0.6244
Epoch 15/50 - Val Metric: 0.5925
Epoch 16/50 - Train Loss: 0.6679 - Train Metric: 0.6214
Epoch 16/50 - Val Metric: 0.5924
Epoch 17/50 - Train Loss: 0.6688 - Train Metric: 0.6201
Epoch 17/50 - Val Metric: 0.5914
Epoch 18/50 - Train Loss: 0.6680 - Train Metric: 0.6208
Epoch 18/50 - Val Metric: 0.5917
Epoch 19/50 - Train Loss: 0.6651 - Train Metric: 0.6274
Epoch 19/50 - Val Metric: 0.5921
Epoch 20/50 - Train Loss: 0.6664 - Train Metric: 0.6264
Epoch 20/50 - Val Metric: 0.5925
Epoch 21/50 - Train Loss: 0.6641 - Train Metric: 0.6294
Epoch 21/50 - Val Metric: 0.5935
Epoch 22/50 - Train Loss: 0.6652 - Train Metric: 0.6272
Epoch 22/50 - Val Metric: 0.5933
Epoch 23/50 - Train Loss: 0.6647 - Train Metric: 0.6288
Epoch 23/50 - Val Metric: 0.5935
Epoch 24/50 - Train Loss: 0.6635 - Train Metric: 0.6311
Epoch 24/50 - Val Metric: 0.5940
Epoch 25/50 - Train Loss: 0.6631 - Train Metric: 0.6315
Epoch 25/50 - Val Metric: 0.5940
Epoch 26/50 - Train Loss: 0.6629 - Train Metric: 0.6315
Epoch 26/50 - Val Metric: 0.5941
Epoch 27/50 - Train Loss: 0.6632 - Train Metric: 0.6315
Epoch 27/50 - Val Metric: 0.5945
Epoch 28/50 - Train Loss: 0.6619 - Train Metric: 0.6343
Epoch 28/50 - Val Metric: 0.5948
Epoch 29/50 - Train Loss: 0.6617 - Train Metric: 0.6348
Epoch 29/50 - Val Metric: 0.5945
Epoch 30/50 - Train Loss: 0.6622 - Train Metric: 0.6336
Epoch 30/50 - Val Metric: 0.5954
Epoch 31/50 - Train Loss: 0.6628 - Train Metric: 0.6321
Epoch 31/50 - Val Metric: 0.5957
Epoch 32/50 - Train Loss: 0.6613 - Train Metric: 0.6356
Epoch 32/50 - Val Metric: 0.5948
Epoch 33/50 - Train Loss: 0.6614 - Train Metric: 0.6348
Epoch 33/50 - Val Metric: 0.5950
Epoch 34/50 - Train Loss: 0.6621 - Train Metric: 0.6335
Epoch 34/50 - Val Metric: 0.5953
Epoch 35/50 - Train Loss: 0.6608 - Train Metric: 0.6364
Epoch 35/50 - Val Metric: 0.5957
Epoch 36/50 - Train Loss: 0.6614 - Train Metric: 0.6347
Epoch 36/50 - Val Metric: 0.5956
Epoch 37/50 - Train Loss: 0.6611 - Train Metric: 0.6351
Epoch 37/50 - Val Metric: 0.5957
Epoch 38/50 - Train Loss: 0.6606 - Train Metric: 0.6370
Epoch 38/50 - Val Metric: 0.5955
Epoch 39/50 - Train Loss: 0.6604 - Train Metric: 0.6370
Epoch 39/50 - Val Metric: 0.5955
Epoch 40/50 - Train Loss: 0.6604 - Train Metric: 0.6369
Epoch 40/50 - Val Metric: 0.5954
Epoch 41/50 - Train Loss: 0.6602 - Train Metric: 0.6363
Epoch 41/50 - Val Metric: 0.5954
Epoch 42/50 - Train Loss: 0.6598 - Train Metric: 0.6375
Epoch 42/50 - Val Metric: 0.5956
Epoch 43/50 - Train Loss: 0.6596 - Train Metric: 0.6383
Epoch 43/50 - Val Metric: 0.5956
Epoch 44/50 - Train Loss: 0.6597 - Train Metric: 0.6381
Epoch 44/50 - Val Metric: 0.5952
Epoch 45/50 - Train Loss: 0.6596 - Train Metric: 0.6379
Epoch 45/50 - Val Metric: 0.5953
Epoch 46/50 - Train Loss: 0.6595 - Train Metric: 0.6387
Epoch 46/50 - Val Metric: 0.5955
Epoch 47/50 - Train Loss: 0.6604 - Train Metric: 0.6370
Epoch 47/50 - Val Metric: 0.5956
Epoch 48/50 - Train Loss: 0.6591 - Train Metric: 0.6397
Epoch 48/50 - Val Metric: 0.5953
Epoch 49/50 - Train Loss: 0.6589 - Train Metric: 0.6399
Epoch 49/50 - Val Metric: 0.5955
Epoch 50/50 - Train Loss: 0.6591 - Train Metric: 0.6391
Epoch 50/50 - Val Metric: 0.5953
Best val: 0.5957, Best test: 0.6149
Training set has 6086 instances
Validation set has 760 instances
Test set has 762 instances
Epoch 1/50 - Train Loss: 0.7033 - Train Metric: 0.5130
Epoch 1/50 - Val Metric: 0.5765
Epoch 2/50 - Train Loss: 0.6909 - Train Metric: 0.5297
Epoch 2/50 - Val Metric: 0.5837
Epoch 3/50 - Train Loss: 0.6902 - Train Metric: 0.5467
Epoch 3/50 - Val Metric: 0.5931
Epoch 4/50 - Train Loss: 0.6843 - Train Metric: 0.5951
Epoch 4/50 - Val Metric: 0.5972
Epoch 5/50 - Train Loss: 0.6815 - Train Metric: 0.5826
Epoch 5/50 - Val Metric: 0.6042
Epoch 6/50 - Train Loss: 0.6736 - Train Metric: 0.6095
Epoch 6/50 - Val Metric: 0.6116
Epoch 7/50 - Train Loss: 0.6756 - Train Metric: 0.6056
Epoch 7/50 - Val Metric: 0.6142
Epoch 8/50 - Train Loss: 0.6698 - Train Metric: 0.6180
Epoch 8/50 - Val Metric: 0.6147
Epoch 9/50 - Train Loss: 0.6707 - Train Metric: 0.6164
Epoch 9/50 - Val Metric: 0.6165
Epoch 10/50 - Train Loss: 0.6773 - Train Metric: 0.6014
Epoch 10/50 - Val Metric: 0.6165
Epoch 11/50 - Train Loss: 0.6704 - Train Metric: 0.6181
Epoch 11/50 - Val Metric: 0.6177
Epoch 12/50 - Train Loss: 0.6699 - Train Metric: 0.6177
Epoch 12/50 - Val Metric: 0.6178
Epoch 13/50 - Train Loss: 0.6685 - Train Metric: 0.6210
Epoch 13/50 - Val Metric: 0.6175
Epoch 14/50 - Train Loss: 0.6673 - Train Metric: 0.6234
Epoch 14/50 - Val Metric: 0.6168
Epoch 15/50 - Train Loss: 0.6699 - Train Metric: 0.6158
Epoch 15/50 - Val Metric: 0.6164
Epoch 16/50 - Train Loss: 0.6685 - Train Metric: 0.6189
Epoch 16/50 - Val Metric: 0.6151
Epoch 17/50 - Train Loss: 0.6682 - Train Metric: 0.6192
Epoch 17/50 - Val Metric: 0.6145
Epoch 18/50 - Train Loss: 0.6681 - Train Metric: 0.6194
Epoch 18/50 - Val Metric: 0.6147
Epoch 19/50 - Train Loss: 0.6668 - Train Metric: 0.6227
Epoch 19/50 - Val Metric: 0.6145
Epoch 20/50 - Train Loss: 0.6680 - Train Metric: 0.6195
Epoch 20/50 - Val Metric: 0.6141
Epoch 21/50 - Train Loss: 0.6663 - Train Metric: 0.6240
Epoch 21/50 - Val Metric: 0.6159
Epoch 22/50 - Train Loss: 0.6668 - Train Metric: 0.6216
Epoch 22/50 - Val Metric: 0.6148
Epoch 23/50 - Train Loss: 0.6718 - Train Metric: 0.6110
Epoch 23/50 - Val Metric: 0.6152
Epoch 24/50 - Train Loss: 0.6708 - Train Metric: 0.6124
Epoch 24/50 - Val Metric: 0.6164
Epoch 25/50 - Train Loss: 0.6679 - Train Metric: 0.6192
Epoch 25/50 - Val Metric: 0.6155
Epoch 26/50 - Train Loss: 0.6661 - Train Metric: 0.6220
Epoch 26/50 - Val Metric: 0.6150
Epoch 27/50 - Train Loss: 0.6654 - Train Metric: 0.6241
Epoch 27/50 - Val Metric: 0.6156
Epoch 28/50 - Train Loss: 0.6641 - Train Metric: 0.6257
Epoch 28/50 - Val Metric: 0.6153
Epoch 29/50 - Train Loss: 0.6641 - Train Metric: 0.6255
Epoch 29/50 - Val Metric: 0.6154
Epoch 30/50 - Train Loss: 0.6647 - Train Metric: 0.6243
Epoch 30/50 - Val Metric: 0.6142
Epoch 31/50 - Train Loss: 0.6648 - Train Metric: 0.6237
Epoch 31/50 - Val Metric: 0.6150
Epoch 32/50 - Train Loss: 0.6653 - Train Metric: 0.6213
Epoch 32/50 - Val Metric: 0.6147
Epoch 33/50 - Train Loss: 0.6635 - Train Metric: 0.6265
Epoch 33/50 - Val Metric: 0.6142
Epoch 34/50 - Train Loss: 0.6647 - Train Metric: 0.6234
Epoch 34/50 - Val Metric: 0.6141
Epoch 35/50 - Train Loss: 0.6635 - Train Metric: 0.6253
Epoch 35/50 - Val Metric: 0.6143
Epoch 36/50 - Train Loss: 0.6634 - Train Metric: 0.6258
Epoch 36/50 - Val Metric: 0.6147
Epoch 37/50 - Train Loss: 0.6655 - Train Metric: 0.6210
Epoch 37/50 - Val Metric: 0.6150
Epoch 38/50 - Train Loss: 0.6629 - Train Metric: 0.6268
Epoch 38/50 - Val Metric: 0.6147
Epoch 39/50 - Train Loss: 0.6625 - Train Metric: 0.6261
Epoch 39/50 - Val Metric: 0.6147
Epoch 40/50 - Train Loss: 0.6630 - Train Metric: 0.6267
Epoch 40/50 - Val Metric: 0.6155
Epoch 41/50 - Train Loss: 0.6614 - Train Metric: 0.6289
Epoch 41/50 - Val Metric: 0.6151
Epoch 42/50 - Train Loss: 0.6623 - Train Metric: 0.6288
Epoch 42/50 - Val Metric: 0.6154
Epoch 43/50 - Train Loss: 0.6624 - Train Metric: 0.6268
Epoch 43/50 - Val Metric: 0.6156
Epoch 44/50 - Train Loss: 0.6627 - Train Metric: 0.6250
Epoch 44/50 - Val Metric: 0.6156
Epoch 45/50 - Train Loss: 0.6617 - Train Metric: 0.6285
Epoch 45/50 - Val Metric: 0.6157
Epoch 46/50 - Train Loss: 0.6614 - Train Metric: 0.6283
Epoch 46/50 - Val Metric: 0.6161
Epoch 47/50 - Train Loss: 0.6616 - Train Metric: 0.6272
Epoch 47/50 - Val Metric: 0.6163
Epoch 48/50 - Train Loss: 0.6604 - Train Metric: 0.6287
Epoch 48/50 - Val Metric: 0.6162
Epoch 49/50 - Train Loss: 0.6632 - Train Metric: 0.6245
Epoch 49/50 - Val Metric: 0.6163
Epoch 50/50 - Train Loss: 0.6612 - Train Metric: 0.6284
Epoch 50/50 - Val Metric: 0.6165
Best val: 0.6178, Best test: 0.6313
Training set has 6086 instances
Validation set has 760 instances
Test set has 762 instances
Training set has 6086 instances
Validation set has 760 instances
Test set has 762 instances
Training set has 6086 instances
Validation set has 760 instances
Test set has 762 instances
Training set has 6086 instances
Validation set has 760 instances
Test set has 762 instances
Training set has 6086 instances
Validation set has 760 instances
Test set has 762 instances
Training set has 6086 instances
Validation set has 760 instances
Test set has 762 instances
Training set has 6086 instances
Validation set has 760 instances
Test set has 762 instances
Training set has 6086 instances
Validation set has 760 instances
Test set has 762 instances
Training set has 6086 instances
Validation set has 760 instances
Test set has 762 instances
Training set has 6086 instances
Validation set has 760 instances
Test set has 762 instances
Training set has 6086 instances
Validation set has 760 instances
Test set has 762 instances
Training set has 6086 instances
Validation set has 760 instances
Test set has 762 instances
Training set has 6086 instances
Validation set has 760 instances
Test set has 762 instances
Epoch 1/50 - Train Loss: 0.8058 - Train Metric: 0.5111
Epoch 1/50 - Val Metric: 0.5931
Epoch 2/50 - Train Loss: 0.6984 - Train Metric: 0.4922
Epoch 2/50 - Val Metric: 0.6001
Epoch 3/50 - Train Loss: 0.6938 - Train Metric: 0.5114
Epoch 3/50 - Val Metric: 0.6020
Epoch 4/50 - Train Loss: 0.6932 - Train Metric: 0.5141
Epoch 4/50 - Val Metric: 0.6001
Training set has 6086 instances
Validation set has 760 instances
Test set has 762 instances
Epoch 1/50 - Train Loss: 0.6979 - Train Metric: 0.4972
Epoch 1/50 - Val Metric: 0.5933
Epoch 2/50 - Train Loss: 0.6922 - Train Metric: 0.5264
Epoch 2/50 - Val Metric: 0.6101
Epoch 3/50 - Train Loss: 0.6918 - Train Metric: 0.5251
Epoch 3/50 - Val Metric: 0.6185
Epoch 4/50 - Train Loss: 0.6870 - Train Metric: 0.5673
Epoch 4/50 - Val Metric: 0.6267
Epoch 5/50 - Train Loss: 0.6836 - Train Metric: 0.5759
Epoch 5/50 - Val Metric: 0.6404
Epoch 6/50 - Train Loss: 0.6843 - Train Metric: 0.5761
Epoch 6/50 - Val Metric: 0.6450
Epoch 7/50 - Train Loss: 0.6817 - Train Metric: 0.5835
Epoch 7/50 - Val Metric: 0.6460
Epoch 8/50 - Train Loss: 0.6835 - Train Metric: 0.5779
Epoch 8/50 - Val Metric: 0.6485
Epoch 9/50 - Train Loss: 0.6759 - Train Metric: 0.6027
Epoch 9/50 - Val Metric: 0.6526
Epoch 10/50 - Train Loss: 0.6750 - Train Metric: 0.6037
Epoch 10/50 - Val Metric: 0.6552
Epoch 11/50 - Train Loss: 0.6760 - Train Metric: 0.6008
Epoch 11/50 - Val Metric: 0.6578
Epoch 12/50 - Train Loss: 0.6734 - Train Metric: 0.6081
Epoch 12/50 - Val Metric: 0.6592
Epoch 13/50 - Train Loss: 0.6741 - Train Metric: 0.6059
Epoch 13/50 - Val Metric: 0.6598
Epoch 14/50 - Train Loss: 0.6769 - Train Metric: 0.5975
Epoch 14/50 - Val Metric: 0.6590
Epoch 15/50 - Train Loss: 0.6739 - Train Metric: 0.6048
Epoch 15/50 - Val Metric: 0.6601
Epoch 16/50 - Train Loss: 0.6731 - Train Metric: 0.6069
Epoch 16/50 - Val Metric: 0.6604
Epoch 17/50 - Train Loss: 0.6713 - Train Metric: 0.6116
Epoch 17/50 - Val Metric: 0.6615
Epoch 18/50 - Train Loss: 0.6726 - Train Metric: 0.6090
Epoch 18/50 - Val Metric: 0.6621
Epoch 19/50 - Train Loss: 0.6707 - Train Metric: 0.6134
Epoch 19/50 - Val Metric: 0.6627
Epoch 20/50 - Train Loss: 0.6719 - Train Metric: 0.6103
Epoch 20/50 - Val Metric: 0.6632
Epoch 21/50 - Train Loss: 0.6715 - Train Metric: 0.6095
Epoch 21/50 - Val Metric: 0.6641
Epoch 22/50 - Train Loss: 0.6703 - Train Metric: 0.6129
Epoch 22/50 - Val Metric: 0.6645
Epoch 23/50 - Train Loss: 0.6691 - Train Metric: 0.6186
Epoch 23/50 - Val Metric: 0.6645
Epoch 24/50 - Train Loss: 0.6691 - Train Metric: 0.6182
Epoch 24/50 - Val Metric: 0.6650
Epoch 25/50 - Train Loss: 0.6690 - Train Metric: 0.6150
Epoch 25/50 - Val Metric: 0.6656
Epoch 26/50 - Train Loss: 0.6683 - Train Metric: 0.6192
Epoch 26/50 - Val Metric: 0.6663
Epoch 27/50 - Train Loss: 0.6691 - Train Metric: 0.6152
Epoch 27/50 - Val Metric: 0.6665
Epoch 28/50 - Train Loss: 0.6678 - Train Metric: 0.6193
Epoch 28/50 - Val Metric: 0.6663
Epoch 29/50 - Train Loss: 0.6704 - Train Metric: 0.6130
Epoch 29/50 - Val Metric: 0.6667
Epoch 30/50 - Train Loss: 0.6680 - Train Metric: 0.6194
Epoch 30/50 - Val Metric: 0.6670
Epoch 31/50 - Train Loss: 0.6689 - Train Metric: 0.6165
Epoch 31/50 - Val Metric: 0.6674
Epoch 32/50 - Train Loss: 0.6681 - Train Metric: 0.6177
Epoch 32/50 - Val Metric: 0.6677
Epoch 33/50 - Train Loss: 0.6681 - Train Metric: 0.6179
Epoch 33/50 - Val Metric: 0.6681
Epoch 34/50 - Train Loss: 0.6683 - Train Metric: 0.6162
Epoch 34/50 - Val Metric: 0.6682
Epoch 35/50 - Train Loss: 0.6654 - Train Metric: 0.6252
Epoch 35/50 - Val Metric: 0.6684
Epoch 36/50 - Train Loss: 0.6669 - Train Metric: 0.6217
Epoch 36/50 - Val Metric: 0.6685
Epoch 37/50 - Train Loss: 0.6678 - Train Metric: 0.6188
Epoch 37/50 - Val Metric: 0.6686
Epoch 38/50 - Train Loss: 0.6675 - Train Metric: 0.6190
Epoch 38/50 - Val Metric: 0.6688
Epoch 39/50 - Train Loss: 0.6688 - Train Metric: 0.6172
Epoch 39/50 - Val Metric: 0.6689
Epoch 40/50 - Train Loss: 0.6676 - Train Metric: 0.6181
Epoch 40/50 - Val Metric: 0.6687
Epoch 41/50 - Train Loss: 0.6685 - Train Metric: 0.6164
Epoch 41/50 - Val Metric: 0.6688
Epoch 42/50 - Train Loss: 0.6650 - Train Metric: 0.6251
Epoch 42/50 - Val Metric: 0.6689
Epoch 43/50 - Train Loss: 0.6655 - Train Metric: 0.6238
Epoch 43/50 - Val Metric: 0.6690
Epoch 44/50 - Train Loss: 0.6674 - Train Metric: 0.6191
Epoch 44/50 - Val Metric: 0.6692
Epoch 45/50 - Train Loss: 0.6682 - Train Metric: 0.6152
Epoch 45/50 - Val Metric: 0.6693
Epoch 46/50 - Train Loss: 0.6660 - Train Metric: 0.6214
Epoch 46/50 - Val Metric: 0.6695
Epoch 47/50 - Train Loss: 0.6681 - Train Metric: 0.6181
Epoch 47/50 - Val Metric: 0.6694
Epoch 48/50 - Train Loss: 0.6661 - Train Metric: 0.6220
Epoch 48/50 - Val Metric: 0.6696
Epoch 49/50 - Train Loss: 0.6674 - Train Metric: 0.6193
Epoch 49/50 - Val Metric: 0.6697
Epoch 50/50 - Train Loss: 0.6665 - Train Metric: 0.6203
Epoch 50/50 - Val Metric: 0.6697
Best val: 0.6697, Best test: 0.5817
Training set has 6086 instances
Validation set has 760 instances
Test set has 762 instances
Hyper-parameter search done. Found the best config.
Repeat experiments 5 times with the best train config {'batch_size': 128, 'gamma_rate': 0.95, 'base_lr': 0.0001} and model config {'num_heads': 8, 'num_layers': 6, 'hidden_dim': 64, 'mlp_ratio': 4, 'dropout_prob': 0.2, 'top_k': 1}.
Training set has 6086 instances
Validation set has 760 instances
Test set has 762 instances
Epoch 1/50 - Train Loss: 0.6992 - Train Metric: 0.5073
Epoch 1/50 - Val Metric: 0.5688
Epoch 2/50 - Train Loss: 0.6958 - Train Metric: 0.5097
Epoch 2/50 - Val Metric: 0.5908
Epoch 3/50 - Train Loss: 0.6932 - Train Metric: 0.5144
Epoch 3/50 - Val Metric: 0.5918
Epoch 4/50 - Train Loss: 0.6912 - Train Metric: 0.5334
Epoch 4/50 - Val Metric: 0.5921
Epoch 5/50 - Train Loss: 0.6920 - Train Metric: 0.5309
Epoch 5/50 - Val Metric: 0.5983
Epoch 6/50 - Train Loss: 0.6882 - Train Metric: 0.5540
Epoch 6/50 - Val Metric: 0.6016
Epoch 7/50 - Train Loss: 0.6863 - Train Metric: 0.5657
Epoch 7/50 - Val Metric: 0.6068
Epoch 8/50 - Train Loss: 0.6815 - Train Metric: 0.5883
Epoch 8/50 - Val Metric: 0.6100
Epoch 9/50 - Train Loss: 0.6768 - Train Metric: 0.5996
Epoch 9/50 - Val Metric: 0.6147
Epoch 10/50 - Train Loss: 0.6754 - Train Metric: 0.6019
Epoch 10/50 - Val Metric: 0.6192
Epoch 11/50 - Train Loss: 0.6739 - Train Metric: 0.6053
Epoch 11/50 - Val Metric: 0.6209
Epoch 12/50 - Train Loss: 0.6734 - Train Metric: 0.6113
Epoch 12/50 - Val Metric: 0.6227
Epoch 13/50 - Train Loss: 0.6714 - Train Metric: 0.6141
Epoch 13/50 - Val Metric: 0.6245
Epoch 14/50 - Train Loss: 0.6737 - Train Metric: 0.6078
Epoch 14/50 - Val Metric: 0.6253
Epoch 15/50 - Train Loss: 0.6736 - Train Metric: 0.6106
Epoch 15/50 - Val Metric: 0.6250
Epoch 16/50 - Train Loss: 0.6738 - Train Metric: 0.6096
Epoch 16/50 - Val Metric: 0.6242
Epoch 17/50 - Train Loss: 0.6729 - Train Metric: 0.6118
Epoch 17/50 - Val Metric: 0.6243
Epoch 18/50 - Train Loss: 0.6725 - Train Metric: 0.6123
Epoch 18/50 - Val Metric: 0.6244
Epoch 19/50 - Train Loss: 0.6696 - Train Metric: 0.6196
Epoch 19/50 - Val Metric: 0.6250
Epoch 20/50 - Train Loss: 0.6686 - Train Metric: 0.6220
Epoch 20/50 - Val Metric: 0.6244
Epoch 21/50 - Train Loss: 0.6699 - Train Metric: 0.6185
Epoch 21/50 - Val Metric: 0.6250
Epoch 22/50 - Train Loss: 0.6676 - Train Metric: 0.6238
Epoch 22/50 - Val Metric: 0.6249
Epoch 23/50 - Train Loss: 0.6694 - Train Metric: 0.6182
Epoch 23/50 - Val Metric: 0.6247
Epoch 24/50 - Train Loss: 0.6686 - Train Metric: 0.6203
Epoch 24/50 - Val Metric: 0.6249
Epoch 25/50 - Train Loss: 0.6694 - Train Metric: 0.6183
Epoch 25/50 - Val Metric: 0.6250
Epoch 26/50 - Train Loss: 0.6679 - Train Metric: 0.6229
Epoch 26/50 - Val Metric: 0.6251
Epoch 27/50 - Train Loss: 0.6681 - Train Metric: 0.6204
Epoch 27/50 - Val Metric: 0.6252
Epoch 28/50 - Train Loss: 0.6672 - Train Metric: 0.6217
Epoch 28/50 - Val Metric: 0.6250
Epoch 29/50 - Train Loss: 0.6680 - Train Metric: 0.6196
Epoch 29/50 - Val Metric: 0.6250
Epoch 30/50 - Train Loss: 0.6674 - Train Metric: 0.6221
Epoch 30/50 - Val Metric: 0.6251
Epoch 31/50 - Train Loss: 0.6683 - Train Metric: 0.6209
Epoch 31/50 - Val Metric: 0.6253
Epoch 32/50 - Train Loss: 0.6708 - Train Metric: 0.6131
Epoch 32/50 - Val Metric: 0.6252
Epoch 33/50 - Train Loss: 0.6682 - Train Metric: 0.6200
Epoch 33/50 - Val Metric: 0.6252
Epoch 34/50 - Train Loss: 0.6671 - Train Metric: 0.6221
Epoch 34/50 - Val Metric: 0.6255
Epoch 35/50 - Train Loss: 0.6681 - Train Metric: 0.6184
Epoch 35/50 - Val Metric: 0.6255
Epoch 36/50 - Train Loss: 0.6685 - Train Metric: 0.6175
Epoch 36/50 - Val Metric: 0.6255
Epoch 37/50 - Train Loss: 0.6654 - Train Metric: 0.6263
Epoch 37/50 - Val Metric: 0.6256
Epoch 38/50 - Train Loss: 0.6675 - Train Metric: 0.6210
Epoch 38/50 - Val Metric: 0.6256
Epoch 39/50 - Train Loss: 0.6651 - Train Metric: 0.6268
Epoch 39/50 - Val Metric: 0.6257
Epoch 40/50 - Train Loss: 0.6668 - Train Metric: 0.6228
Epoch 40/50 - Val Metric: 0.6259
Epoch 41/50 - Train Loss: 0.6679 - Train Metric: 0.6230
Epoch 41/50 - Val Metric: 0.6259
Epoch 42/50 - Train Loss: 0.6664 - Train Metric: 0.6238
Epoch 42/50 - Val Metric: 0.6260
Epoch 43/50 - Train Loss: 0.6658 - Train Metric: 0.6243
Epoch 43/50 - Val Metric: 0.6261
Epoch 44/50 - Train Loss: 0.6674 - Train Metric: 0.6210
Epoch 44/50 - Val Metric: 0.6262
Epoch 45/50 - Train Loss: 0.6669 - Train Metric: 0.6233
Epoch 45/50 - Val Metric: 0.6263
Epoch 46/50 - Train Loss: 0.6676 - Train Metric: 0.6203
Epoch 46/50 - Val Metric: 0.6263
Epoch 47/50 - Train Loss: 0.6668 - Train Metric: 0.6225
Epoch 47/50 - Val Metric: 0.6264
Epoch 48/50 - Train Loss: 0.6675 - Train Metric: 0.6206
Epoch 48/50 - Val Metric: 0.6264
Epoch 49/50 - Train Loss: 0.6686 - Train Metric: 0.6175
Epoch 49/50 - Val Metric: 0.6263
Epoch 50/50 - Train Loss: 0.6660 - Train Metric: 0.6231
Epoch 50/50 - Val Metric: 0.6263
Best val: 0.6264, Best test: 0.6056
Training set has 6086 instances
Validation set has 760 instances
Test set has 762 instances
Epoch 1/50 - Train Loss: 0.6968 - Train Metric: 0.5088
Epoch 1/50 - Val Metric: 0.5802
Epoch 2/50 - Train Loss: 0.6964 - Train Metric: 0.5072
Epoch 2/50 - Val Metric: 0.5896
Epoch 3/50 - Train Loss: 0.6925 - Train Metric: 0.5189
Epoch 3/50 - Val Metric: 0.5932
Epoch 4/50 - Train Loss: 0.6932 - Train Metric: 0.5180
Epoch 4/50 - Val Metric: 0.5360
Epoch 5/50 - Train Loss: 0.6928 - Train Metric: 0.5264
Epoch 5/50 - Val Metric: 0.5964
Epoch 6/50 - Train Loss: 0.6907 - Train Metric: 0.5388
Epoch 6/50 - Val Metric: 0.6001
Epoch 7/50 - Train Loss: 0.6887 - Train Metric: 0.5534
Epoch 7/50 - Val Metric: 0.6029
Epoch 8/50 - Train Loss: 0.6860 - Train Metric: 0.5685
Epoch 8/50 - Val Metric: 0.6077
Epoch 9/50 - Train Loss: 0.6822 - Train Metric: 0.5830
Epoch 9/50 - Val Metric: 0.6133
Epoch 10/50 - Train Loss: 0.6809 - Train Metric: 0.5862
Epoch 10/50 - Val Metric: 0.6223
Epoch 11/50 - Train Loss: 0.6801 - Train Metric: 0.5886
Epoch 11/50 - Val Metric: 0.6290
Epoch 12/50 - Train Loss: 0.6781 - Train Metric: 0.5963
Epoch 12/50 - Val Metric: 0.6335
Epoch 13/50 - Train Loss: 0.6812 - Train Metric: 0.5844
Epoch 13/50 - Val Metric: 0.6395
Epoch 14/50 - Train Loss: 0.6722 - Train Metric: 0.6129
Epoch 14/50 - Val Metric: 0.6425
Epoch 15/50 - Train Loss: 0.6743 - Train Metric: 0.6052
Epoch 15/50 - Val Metric: 0.6447
Epoch 16/50 - Train Loss: 0.6734 - Train Metric: 0.6088
Epoch 16/50 - Val Metric: 0.6447
Epoch 17/50 - Train Loss: 0.6707 - Train Metric: 0.6148
Epoch 17/50 - Val Metric: 0.6461
Epoch 18/50 - Train Loss: 0.6708 - Train Metric: 0.6104
Epoch 18/50 - Val Metric: 0.6464
Epoch 19/50 - Train Loss: 0.6698 - Train Metric: 0.6139
Epoch 19/50 - Val Metric: 0.6470
Epoch 20/50 - Train Loss: 0.6693 - Train Metric: 0.6167
Epoch 20/50 - Val Metric: 0.6460
Epoch 21/50 - Train Loss: 0.6717 - Train Metric: 0.6110
Epoch 21/50 - Val Metric: 0.6460
Epoch 22/50 - Train Loss: 0.6684 - Train Metric: 0.6169
Epoch 22/50 - Val Metric: 0.6456
Epoch 23/50 - Train Loss: 0.6691 - Train Metric: 0.6159
Epoch 23/50 - Val Metric: 0.6452
Epoch 24/50 - Train Loss: 0.6681 - Train Metric: 0.6167
Epoch 24/50 - Val Metric: 0.6451
Epoch 25/50 - Train Loss: 0.6692 - Train Metric: 0.6145
Epoch 25/50 - Val Metric: 0.6446
Epoch 26/50 - Train Loss: 0.6670 - Train Metric: 0.6187
Epoch 26/50 - Val Metric: 0.6444
Epoch 27/50 - Train Loss: 0.6661 - Train Metric: 0.6202
Epoch 27/50 - Val Metric: 0.6446
Epoch 28/50 - Train Loss: 0.6656 - Train Metric: 0.6236
Epoch 28/50 - Val Metric: 0.6452
Epoch 29/50 - Train Loss: 0.6690 - Train Metric: 0.6173
Epoch 29/50 - Val Metric: 0.6452
Epoch 30/50 - Train Loss: 0.6677 - Train Metric: 0.6172
Epoch 30/50 - Val Metric: 0.6448
Epoch 31/50 - Train Loss: 0.6675 - Train Metric: 0.6185
Epoch 31/50 - Val Metric: 0.6456
Epoch 32/50 - Train Loss: 0.6660 - Train Metric: 0.6210
Epoch 32/50 - Val Metric: 0.6456
Epoch 33/50 - Train Loss: 0.6674 - Train Metric: 0.6169
Epoch 33/50 - Val Metric: 0.6444
Epoch 34/50 - Train Loss: 0.6667 - Train Metric: 0.6203
Epoch 34/50 - Val Metric: 0.6442
Epoch 35/50 - Train Loss: 0.6649 - Train Metric: 0.6227
Epoch 35/50 - Val Metric: 0.6447
Epoch 36/50 - Train Loss: 0.6662 - Train Metric: 0.6194
Epoch 36/50 - Val Metric: 0.6441
Epoch 37/50 - Train Loss: 0.6642 - Train Metric: 0.6255
Epoch 37/50 - Val Metric: 0.6442
Epoch 38/50 - Train Loss: 0.6661 - Train Metric: 0.6206
Epoch 38/50 - Val Metric: 0.6440
Epoch 39/50 - Train Loss: 0.6644 - Train Metric: 0.6221
Epoch 39/50 - Val Metric: 0.6431
Epoch 40/50 - Train Loss: 0.6652 - Train Metric: 0.6240
Epoch 40/50 - Val Metric: 0.6437
Epoch 41/50 - Train Loss: 0.6646 - Train Metric: 0.6244
Epoch 41/50 - Val Metric: 0.6439
Epoch 42/50 - Train Loss: 0.6662 - Train Metric: 0.6199
Epoch 42/50 - Val Metric: 0.6427
Epoch 43/50 - Train Loss: 0.6647 - Train Metric: 0.6232
Epoch 43/50 - Val Metric: 0.6428
Epoch 44/50 - Train Loss: 0.6668 - Train Metric: 0.6188
Epoch 44/50 - Val Metric: 0.6434
Epoch 45/50 - Train Loss: 0.6648 - Train Metric: 0.6231
Epoch 45/50 - Val Metric: 0.6433
Epoch 46/50 - Train Loss: 0.6651 - Train Metric: 0.6219
Epoch 46/50 - Val Metric: 0.6430
Epoch 47/50 - Train Loss: 0.6649 - Train Metric: 0.6228
Epoch 47/50 - Val Metric: 0.6424
Epoch 48/50 - Train Loss: 0.6645 - Train Metric: 0.6218
Epoch 48/50 - Val Metric: 0.6429
Epoch 49/50 - Train Loss: 0.6648 - Train Metric: 0.6225
Epoch 49/50 - Val Metric: 0.6423
Epoch 50/50 - Train Loss: 0.6633 - Train Metric: 0.6245
Epoch 50/50 - Val Metric: 0.6429
Best val: 0.6470, Best test: 0.5992
Training set has 6086 instances
Validation set has 760 instances
Test set has 762 instances
Epoch 1/50 - Train Loss: 0.6987 - Train Metric: 0.4975
Epoch 1/50 - Val Metric: 0.5807
Epoch 2/50 - Train Loss: 0.6932 - Train Metric: 0.5180
Epoch 2/50 - Val Metric: 0.6127
Epoch 3/50 - Train Loss: 0.6938 - Train Metric: 0.5168
Epoch 3/50 - Val Metric: 0.6194
Epoch 4/50 - Train Loss: 0.6946 - Train Metric: 0.5231
Epoch 4/50 - Val Metric: 0.6016
Epoch 5/50 - Train Loss: 0.6919 - Train Metric: 0.5282
Epoch 5/50 - Val Metric: 0.6231
Epoch 6/50 - Train Loss: 0.6896 - Train Metric: 0.5504
Epoch 6/50 - Val Metric: 0.6230
Epoch 7/50 - Train Loss: 0.6893 - Train Metric: 0.5489
Epoch 7/50 - Val Metric: 0.6232
Epoch 8/50 - Train Loss: 0.6870 - Train Metric: 0.5612
Epoch 8/50 - Val Metric: 0.6244
Epoch 9/50 - Train Loss: 0.6867 - Train Metric: 0.5629
Epoch 9/50 - Val Metric: 0.6298
Epoch 10/50 - Train Loss: 0.6843 - Train Metric: 0.5706
Epoch 10/50 - Val Metric: 0.6306
Epoch 11/50 - Train Loss: 0.6815 - Train Metric: 0.5824
Epoch 11/50 - Val Metric: 0.6361
Epoch 12/50 - Train Loss: 0.6796 - Train Metric: 0.5883
Epoch 12/50 - Val Metric: 0.6360
Epoch 13/50 - Train Loss: 0.6773 - Train Metric: 0.5960
Epoch 13/50 - Val Metric: 0.6404
Epoch 14/50 - Train Loss: 0.6748 - Train Metric: 0.6048
Epoch 14/50 - Val Metric: 0.6422
Epoch 15/50 - Train Loss: 0.6746 - Train Metric: 0.6046
Epoch 15/50 - Val Metric: 0.6429
Epoch 16/50 - Train Loss: 0.6757 - Train Metric: 0.5994
Epoch 16/50 - Val Metric: 0.6419
Epoch 17/50 - Train Loss: 0.6741 - Train Metric: 0.6046
Epoch 17/50 - Val Metric: 0.6419
Epoch 18/50 - Train Loss: 0.6765 - Train Metric: 0.5975
Epoch 18/50 - Val Metric: 0.6416
Epoch 19/50 - Train Loss: 0.6741 - Train Metric: 0.6041
Epoch 19/50 - Val Metric: 0.6412
Epoch 20/50 - Train Loss: 0.6715 - Train Metric: 0.6151
Epoch 20/50 - Val Metric: 0.6403
Epoch 21/50 - Train Loss: 0.6731 - Train Metric: 0.6067
Epoch 21/50 - Val Metric: 0.6407
Epoch 22/50 - Train Loss: 0.6720 - Train Metric: 0.6120
Epoch 22/50 - Val Metric: 0.6403
Epoch 23/50 - Train Loss: 0.6713 - Train Metric: 0.6140
Epoch 23/50 - Val Metric: 0.6404
Epoch 24/50 - Train Loss: 0.6748 - Train Metric: 0.6013
Epoch 24/50 - Val Metric: 0.6404
Epoch 25/50 - Train Loss: 0.6703 - Train Metric: 0.6140
Epoch 25/50 - Val Metric: 0.6408
Epoch 26/50 - Train Loss: 0.6706 - Train Metric: 0.6144
Epoch 26/50 - Val Metric: 0.6402
Epoch 27/50 - Train Loss: 0.6727 - Train Metric: 0.6082
Epoch 27/50 - Val Metric: 0.6395
Epoch 28/50 - Train Loss: 0.6713 - Train Metric: 0.6117
Epoch 28/50 - Val Metric: 0.6393
Epoch 29/50 - Train Loss: 0.6705 - Train Metric: 0.6144
Epoch 29/50 - Val Metric: 0.6393
Epoch 30/50 - Train Loss: 0.6713 - Train Metric: 0.6090
Epoch 30/50 - Val Metric: 0.6394
Epoch 31/50 - Train Loss: 0.6722 - Train Metric: 0.6082
Epoch 31/50 - Val Metric: 0.6392
Epoch 32/50 - Train Loss: 0.6695 - Train Metric: 0.6174
Epoch 32/50 - Val Metric: 0.6397
Epoch 33/50 - Train Loss: 0.6708 - Train Metric: 0.6116
Epoch 33/50 - Val Metric: 0.6388
Epoch 34/50 - Train Loss: 0.6705 - Train Metric: 0.6126
Epoch 34/50 - Val Metric: 0.6384
Epoch 35/50 - Train Loss: 0.6689 - Train Metric: 0.6168
Epoch 35/50 - Val Metric: 0.6385
Epoch 36/50 - Train Loss: 0.6705 - Train Metric: 0.6119
Epoch 36/50 - Val Metric: 0.6388
Epoch 37/50 - Train Loss: 0.6696 - Train Metric: 0.6160
Epoch 37/50 - Val Metric: 0.6380
Epoch 38/50 - Train Loss: 0.6703 - Train Metric: 0.6144
Epoch 38/50 - Val Metric: 0.6383
Epoch 39/50 - Train Loss: 0.6686 - Train Metric: 0.6171
Epoch 39/50 - Val Metric: 0.6382
Epoch 40/50 - Train Loss: 0.6701 - Train Metric: 0.6140
Epoch 40/50 - Val Metric: 0.6382
Epoch 41/50 - Train Loss: 0.6694 - Train Metric: 0.6150
Epoch 41/50 - Val Metric: 0.6379
Epoch 42/50 - Train Loss: 0.6695 - Train Metric: 0.6141
Epoch 42/50 - Val Metric: 0.6382
Epoch 43/50 - Train Loss: 0.6680 - Train Metric: 0.6175
Epoch 43/50 - Val Metric: 0.6382
Epoch 44/50 - Train Loss: 0.6700 - Train Metric: 0.6130
Epoch 44/50 - Val Metric: 0.6382
Epoch 45/50 - Train Loss: 0.6687 - Train Metric: 0.6194
Epoch 45/50 - Val Metric: 0.6380
Epoch 46/50 - Train Loss: 0.6693 - Train Metric: 0.6144
Epoch 46/50 - Val Metric: 0.6382
Epoch 47/50 - Train Loss: 0.6673 - Train Metric: 0.6215
Epoch 47/50 - Val Metric: 0.6381
Epoch 48/50 - Train Loss: 0.6689 - Train Metric: 0.6150
Epoch 48/50 - Val Metric: 0.6380
Epoch 49/50 - Train Loss: 0.6682 - Train Metric: 0.6169
Epoch 49/50 - Val Metric: 0.6383
Epoch 50/50 - Train Loss: 0.6676 - Train Metric: 0.6209
Epoch 50/50 - Val Metric: 0.6382
Best val: 0.6429, Best test: 0.5879
Training set has 6086 instances
Validation set has 760 instances
Test set has 762 instances
Epoch 1/50 - Train Loss: 0.6967 - Train Metric: 0.5103
Epoch 1/50 - Val Metric: 0.5304
Epoch 2/50 - Train Loss: 0.6953 - Train Metric: 0.5062
Epoch 2/50 - Val Metric: 0.5411
Epoch 3/50 - Train Loss: 0.6956 - Train Metric: 0.5112
Epoch 3/50 - Val Metric: 0.5612
Epoch 4/50 - Train Loss: 0.6937 - Train Metric: 0.5081
Epoch 4/50 - Val Metric: 0.5703
Epoch 5/50 - Train Loss: 0.6923 - Train Metric: 0.5151
Epoch 5/50 - Val Metric: 0.5818
Epoch 6/50 - Train Loss: 0.6929 - Train Metric: 0.5352
Epoch 6/50 - Val Metric: 0.5874
Epoch 7/50 - Train Loss: 0.6893 - Train Metric: 0.5635
Epoch 7/50 - Val Metric: 0.5981
Epoch 8/50 - Train Loss: 0.6928 - Train Metric: 0.5316
Epoch 8/50 - Val Metric: 0.5986
Epoch 9/50 - Train Loss: 0.6861 - Train Metric: 0.5722
Epoch 9/50 - Val Metric: 0.6078
Epoch 10/50 - Train Loss: 0.6851 - Train Metric: 0.5717
Epoch 10/50 - Val Metric: 0.6144
Epoch 11/50 - Train Loss: 0.6812 - Train Metric: 0.5868
Epoch 11/50 - Val Metric: 0.6200
Epoch 12/50 - Train Loss: 0.6792 - Train Metric: 0.5935
Epoch 12/50 - Val Metric: 0.6254
Epoch 13/50 - Train Loss: 0.6774 - Train Metric: 0.5979
Epoch 13/50 - Val Metric: 0.6257
Epoch 14/50 - Train Loss: 0.6743 - Train Metric: 0.6095
Epoch 14/50 - Val Metric: 0.6270
Epoch 15/50 - Train Loss: 0.6724 - Train Metric: 0.6140
Epoch 15/50 - Val Metric: 0.6326
Epoch 16/50 - Train Loss: 0.6737 - Train Metric: 0.6090
Epoch 16/50 - Val Metric: 0.6338
Epoch 17/50 - Train Loss: 0.6733 - Train Metric: 0.6110
Epoch 17/50 - Val Metric: 0.6355
Epoch 18/50 - Train Loss: 0.6697 - Train Metric: 0.6215
Epoch 18/50 - Val Metric: 0.6374
Epoch 19/50 - Train Loss: 0.6711 - Train Metric: 0.6157
Epoch 19/50 - Val Metric: 0.6380
Epoch 20/50 - Train Loss: 0.6689 - Train Metric: 0.6211
Epoch 20/50 - Val Metric: 0.6373
Epoch 21/50 - Train Loss: 0.6716 - Train Metric: 0.6156
Epoch 21/50 - Val Metric: 0.6399
Epoch 22/50 - Train Loss: 0.6708 - Train Metric: 0.6154
Epoch 22/50 - Val Metric: 0.6392
Epoch 23/50 - Train Loss: 0.6708 - Train Metric: 0.6144
Epoch 23/50 - Val Metric: 0.6388
Epoch 24/50 - Train Loss: 0.6683 - Train Metric: 0.6211
Epoch 24/50 - Val Metric: 0.6421
Epoch 25/50 - Train Loss: 0.6678 - Train Metric: 0.6215
Epoch 25/50 - Val Metric: 0.6425
Epoch 26/50 - Train Loss: 0.6664 - Train Metric: 0.6247
Epoch 26/50 - Val Metric: 0.6428
Epoch 27/50 - Train Loss: 0.6690 - Train Metric: 0.6203
Epoch 27/50 - Val Metric: 0.6438
Epoch 28/50 - Train Loss: 0.6676 - Train Metric: 0.6230
Epoch 28/50 - Val Metric: 0.6429
Epoch 29/50 - Train Loss: 0.6667 - Train Metric: 0.6251
Epoch 29/50 - Val Metric: 0.6431
Epoch 30/50 - Train Loss: 0.6671 - Train Metric: 0.6214
Epoch 30/50 - Val Metric: 0.6439
Epoch 31/50 - Train Loss: 0.6683 - Train Metric: 0.6209
Epoch 31/50 - Val Metric: 0.6443
Epoch 32/50 - Train Loss: 0.6674 - Train Metric: 0.6220
Epoch 32/50 - Val Metric: 0.6440
Epoch 33/50 - Train Loss: 0.6675 - Train Metric: 0.6220
Epoch 33/50 - Val Metric: 0.6458
Epoch 34/50 - Train Loss: 0.6651 - Train Metric: 0.6270
Epoch 34/50 - Val Metric: 0.6460
Epoch 35/50 - Train Loss: 0.6669 - Train Metric: 0.6233
Epoch 35/50 - Val Metric: 0.6451
Epoch 36/50 - Train Loss: 0.6661 - Train Metric: 0.6234
Epoch 36/50 - Val Metric: 0.6460
Epoch 37/50 - Train Loss: 0.6665 - Train Metric: 0.6248
Epoch 37/50 - Val Metric: 0.6462
Epoch 38/50 - Train Loss: 0.6664 - Train Metric: 0.6234
Epoch 38/50 - Val Metric: 0.6453
Epoch 39/50 - Train Loss: 0.6675 - Train Metric: 0.6201
Epoch 39/50 - Val Metric: 0.6463
Epoch 40/50 - Train Loss: 0.6647 - Train Metric: 0.6276
Epoch 40/50 - Val Metric: 0.6450
Epoch 41/50 - Train Loss: 0.6651 - Train Metric: 0.6251
Epoch 41/50 - Val Metric: 0.6456
Epoch 42/50 - Train Loss: 0.6662 - Train Metric: 0.6229
Epoch 42/50 - Val Metric: 0.6469
Epoch 43/50 - Train Loss: 0.6651 - Train Metric: 0.6263
Epoch 43/50 - Val Metric: 0.6468
Epoch 44/50 - Train Loss: 0.6675 - Train Metric: 0.6209
Epoch 44/50 - Val Metric: 0.6467
Epoch 45/50 - Train Loss: 0.6657 - Train Metric: 0.6245
Epoch 45/50 - Val Metric: 0.6449
Epoch 46/50 - Train Loss: 0.6669 - Train Metric: 0.6194
Epoch 46/50 - Val Metric: 0.6469
Epoch 47/50 - Train Loss: 0.6665 - Train Metric: 0.6230
Epoch 47/50 - Val Metric: 0.6468
Epoch 48/50 - Train Loss: 0.6660 - Train Metric: 0.6245
Epoch 48/50 - Val Metric: 0.6469
Epoch 49/50 - Train Loss: 0.6636 - Train Metric: 0.6285
Epoch 49/50 - Val Metric: 0.6467
Epoch 50/50 - Train Loss: 0.6650 - Train Metric: 0.6242
Epoch 50/50 - Val Metric: 0.6460
Best val: 0.6469, Best test: 0.5842
Training set has 6086 instances
Validation set has 760 instances
Test set has 762 instances
Epoch 1/50 - Train Loss: 0.6963 - Train Metric: 0.4944
Epoch 1/50 - Val Metric: 0.5919
Epoch 2/50 - Train Loss: 0.6955 - Train Metric: 0.5129
Epoch 2/50 - Val Metric: 0.5967
Epoch 3/50 - Train Loss: 0.6909 - Train Metric: 0.5388
Epoch 3/50 - Val Metric: 0.6003
Epoch 4/50 - Train Loss: 0.6971 - Train Metric: 0.5381
Epoch 4/50 - Val Metric: 0.6056
Epoch 5/50 - Train Loss: 0.6924 - Train Metric: 0.5117
Epoch 5/50 - Val Metric: 0.6033
Epoch 6/50 - Train Loss: 0.6903 - Train Metric: 0.5425
Epoch 6/50 - Val Metric: 0.6035
Epoch 7/50 - Train Loss: 0.6863 - Train Metric: 0.5660
Epoch 7/50 - Val Metric: 0.6059
Epoch 8/50 - Train Loss: 0.6821 - Train Metric: 0.5848
Epoch 8/50 - Val Metric: 0.6125
Epoch 9/50 - Train Loss: 0.6817 - Train Metric: 0.5858
Epoch 9/50 - Val Metric: 0.6148
Epoch 10/50 - Train Loss: 0.6748 - Train Metric: 0.6078
Epoch 10/50 - Val Metric: 0.6199
Epoch 11/50 - Train Loss: 0.6772 - Train Metric: 0.6010
Epoch 11/50 - Val Metric: 0.6245
Epoch 12/50 - Train Loss: 0.6762 - Train Metric: 0.6022
Epoch 12/50 - Val Metric: 0.6266
Epoch 13/50 - Train Loss: 0.6754 - Train Metric: 0.6062
Epoch 13/50 - Val Metric: 0.6274
Epoch 14/50 - Train Loss: 0.6751 - Train Metric: 0.6046
Epoch 14/50 - Val Metric: 0.6302
Epoch 15/50 - Train Loss: 0.6725 - Train Metric: 0.6132
Epoch 15/50 - Val Metric: 0.6312
Epoch 16/50 - Train Loss: 0.6724 - Train Metric: 0.6120
Epoch 16/50 - Val Metric: 0.6329
Epoch 17/50 - Train Loss: 0.6714 - Train Metric: 0.6142
Epoch 17/50 - Val Metric: 0.6330
Epoch 18/50 - Train Loss: 0.6718 - Train Metric: 0.6147
Epoch 18/50 - Val Metric: 0.6336
Epoch 19/50 - Train Loss: 0.6708 - Train Metric: 0.6155
Epoch 19/50 - Val Metric: 0.6348
Epoch 20/50 - Train Loss: 0.6696 - Train Metric: 0.6202
Epoch 20/50 - Val Metric: 0.6334
Epoch 21/50 - Train Loss: 0.6700 - Train Metric: 0.6170
Epoch 21/50 - Val Metric: 0.6323
Epoch 22/50 - Train Loss: 0.6700 - Train Metric: 0.6192
Epoch 22/50 - Val Metric: 0.6342
Epoch 23/50 - Train Loss: 0.6730 - Train Metric: 0.6096
Epoch 23/50 - Val Metric: 0.6331
Epoch 24/50 - Train Loss: 0.6713 - Train Metric: 0.6153
Epoch 24/50 - Val Metric: 0.6347
Epoch 25/50 - Train Loss: 0.6686 - Train Metric: 0.6202
Epoch 25/50 - Val Metric: 0.6345
Epoch 26/50 - Train Loss: 0.6684 - Train Metric: 0.6209
Epoch 26/50 - Val Metric: 0.6351
Epoch 27/50 - Train Loss: 0.6695 - Train Metric: 0.6177
Epoch 27/50 - Val Metric: 0.6345
Epoch 28/50 - Train Loss: 0.6702 - Train Metric: 0.6158
Epoch 28/50 - Val Metric: 0.6353
Epoch 29/50 - Train Loss: 0.6689 - Train Metric: 0.6204
Epoch 29/50 - Val Metric: 0.6358
Epoch 30/50 - Train Loss: 0.6679 - Train Metric: 0.6198
Epoch 30/50 - Val Metric: 0.6349
Epoch 31/50 - Train Loss: 0.6673 - Train Metric: 0.6236
Epoch 31/50 - Val Metric: 0.6360
Epoch 32/50 - Train Loss: 0.6668 - Train Metric: 0.6240
Epoch 32/50 - Val Metric: 0.6353
Epoch 33/50 - Train Loss: 0.6673 - Train Metric: 0.6207
Epoch 33/50 - Val Metric: 0.6353
Epoch 34/50 - Train Loss: 0.6693 - Train Metric: 0.6174
Epoch 34/50 - Val Metric: 0.6356
Epoch 35/50 - Train Loss: 0.6675 - Train Metric: 0.6217
Epoch 35/50 - Val Metric: 0.6355
Epoch 36/50 - Train Loss: 0.6676 - Train Metric: 0.6221
Epoch 36/50 - Val Metric: 0.6352
Epoch 37/50 - Train Loss: 0.6676 - Train Metric: 0.6194
Epoch 37/50 - Val Metric: 0.6350
Epoch 38/50 - Train Loss: 0.6670 - Train Metric: 0.6237
Epoch 38/50 - Val Metric: 0.6348
Epoch 39/50 - Train Loss: 0.6680 - Train Metric: 0.6197
Epoch 39/50 - Val Metric: 0.6349
Epoch 40/50 - Train Loss: 0.6665 - Train Metric: 0.6238
Epoch 40/50 - Val Metric: 0.6346
Epoch 41/50 - Train Loss: 0.6665 - Train Metric: 0.6227
Epoch 41/50 - Val Metric: 0.6346
Epoch 42/50 - Train Loss: 0.6670 - Train Metric: 0.6214
Epoch 42/50 - Val Metric: 0.6348
Epoch 43/50 - Train Loss: 0.6665 - Train Metric: 0.6222
Epoch 43/50 - Val Metric: 0.6345
Epoch 44/50 - Train Loss: 0.6673 - Train Metric: 0.6214
Epoch 44/50 - Val Metric: 0.6344
Epoch 45/50 - Train Loss: 0.6661 - Train Metric: 0.6229
Epoch 45/50 - Val Metric: 0.6340
Epoch 46/50 - Train Loss: 0.6664 - Train Metric: 0.6231
Epoch 46/50 - Val Metric: 0.6343
Epoch 47/50 - Train Loss: 0.6655 - Train Metric: 0.6213
Epoch 47/50 - Val Metric: 0.6343
Epoch 48/50 - Train Loss: 0.6649 - Train Metric: 0.6241
Epoch 48/50 - Val Metric: 0.6340
Epoch 49/50 - Train Loss: 0.6670 - Train Metric: 0.6199
Epoch 49/50 - Val Metric: 0.6344
Epoch 50/50 - Train Loss: 0.6675 - Train Metric: 0.6209
Epoch 50/50 - Val Metric: 0.6352
Best val: 0.6360, Best test: 0.5976
[0.60560131 0.59921288 0.58789408 0.58415163 0.59757769]
