Hyper-parameter search via Optuna
Namespace(task_type='binary_classification', scale='small', idx=9, epochs=50, num_trials=20, num_repeats=5, seed=0, exp_name='MemPerceiver', result_path='output/binary_classification/small/9/MemPerceiver.pt')
Device: cuda
Start building binary_classification dataset_small_9
Training set has 6086 instances
Validation set has 760 instances
Test set has 762 instances
Epoch 1/50 - Train Loss: 0.7179 - Train Metric: 0.4933
Epoch 1/50 - Val Metric: 0.5180
Epoch 2/50 - Train Loss: 0.7066 - Train Metric: 0.4996
Epoch 2/50 - Val Metric: 0.5121
Epoch 3/50 - Train Loss: 0.6995 - Train Metric: 0.5131
Epoch 3/50 - Val Metric: 0.5212
Epoch 4/50 - Train Loss: 0.6993 - Train Metric: 0.5140
Epoch 4/50 - Val Metric: 0.4911
Epoch 5/50 - Train Loss: 0.6993 - Train Metric: 0.5080
Epoch 5/50 - Val Metric: 0.5342
Epoch 6/50 - Train Loss: 0.6982 - Train Metric: 0.5075
Epoch 6/50 - Val Metric: 0.5402
Epoch 7/50 - Train Loss: 0.6965 - Train Metric: 0.5078
Epoch 7/50 - Val Metric: 0.5498
Epoch 8/50 - Train Loss: 0.6970 - Train Metric: 0.5098
Epoch 8/50 - Val Metric: 0.5576
Epoch 9/50 - Train Loss: 0.6931 - Train Metric: 0.5321
Epoch 9/50 - Val Metric: 0.5651
Epoch 10/50 - Train Loss: 0.6895 - Train Metric: 0.5491
Epoch 10/50 - Val Metric: 0.5751
Epoch 11/50 - Train Loss: 0.6907 - Train Metric: 0.5551
Epoch 11/50 - Val Metric: 0.5849
Epoch 12/50 - Train Loss: 0.6885 - Train Metric: 0.5608
Epoch 12/50 - Val Metric: 0.5944
Epoch 13/50 - Train Loss: 0.6847 - Train Metric: 0.5780
Epoch 13/50 - Val Metric: 0.5986
Epoch 14/50 - Train Loss: 0.6810 - Train Metric: 0.5884
Epoch 14/50 - Val Metric: 0.6029
Epoch 15/50 - Train Loss: 0.6779 - Train Metric: 0.6000
Epoch 15/50 - Val Metric: 0.6036
Epoch 16/50 - Train Loss: 0.6783 - Train Metric: 0.6005
Epoch 16/50 - Val Metric: 0.6021
Epoch 17/50 - Train Loss: 0.6750 - Train Metric: 0.6069
Epoch 17/50 - Val Metric: 0.6001
Epoch 18/50 - Train Loss: 0.6740 - Train Metric: 0.6100
Epoch 18/50 - Val Metric: 0.6021
Epoch 19/50 - Train Loss: 0.6736 - Train Metric: 0.6097
Epoch 19/50 - Val Metric: 0.6062
Epoch 20/50 - Train Loss: 0.6714 - Train Metric: 0.6135
Epoch 20/50 - Val Metric: 0.6050
Epoch 21/50 - Train Loss: 0.6696 - Train Metric: 0.6182
Epoch 21/50 - Val Metric: 0.6006
Epoch 22/50 - Train Loss: 0.6720 - Train Metric: 0.6102
Epoch 22/50 - Val Metric: 0.6076
Epoch 23/50 - Train Loss: 0.6715 - Train Metric: 0.6115
Epoch 23/50 - Val Metric: 0.6034
Epoch 24/50 - Train Loss: 0.6674 - Train Metric: 0.6203
Epoch 24/50 - Val Metric: 0.6045
Epoch 25/50 - Train Loss: 0.6647 - Train Metric: 0.6267
Epoch 25/50 - Val Metric: 0.6083
Epoch 26/50 - Train Loss: 0.6678 - Train Metric: 0.6205
Epoch 26/50 - Val Metric: 0.6118
Epoch 27/50 - Train Loss: 0.6661 - Train Metric: 0.6231
Epoch 27/50 - Val Metric: 0.6103
Epoch 28/50 - Train Loss: 0.6654 - Train Metric: 0.6232
Epoch 28/50 - Val Metric: 0.6101
Epoch 29/50 - Train Loss: 0.6660 - Train Metric: 0.6213
Epoch 29/50 - Val Metric: 0.6107
Epoch 30/50 - Train Loss: 0.6647 - Train Metric: 0.6250
Epoch 30/50 - Val Metric: 0.6098
Epoch 31/50 - Train Loss: 0.6645 - Train Metric: 0.6232
Epoch 31/50 - Val Metric: 0.6139
Epoch 32/50 - Train Loss: 0.6628 - Train Metric: 0.6267
Epoch 32/50 - Val Metric: 0.6140
Epoch 33/50 - Train Loss: 0.6646 - Train Metric: 0.6284
Epoch 33/50 - Val Metric: 0.6160
Epoch 34/50 - Train Loss: 0.6619 - Train Metric: 0.6289
Epoch 34/50 - Val Metric: 0.6172
Epoch 35/50 - Train Loss: 0.6642 - Train Metric: 0.6272
Epoch 35/50 - Val Metric: 0.6178
Epoch 36/50 - Train Loss: 0.6620 - Train Metric: 0.6283
Epoch 36/50 - Val Metric: 0.6182
Epoch 37/50 - Train Loss: 0.6607 - Train Metric: 0.6304
Epoch 37/50 - Val Metric: 0.6170
Epoch 38/50 - Train Loss: 0.6628 - Train Metric: 0.6283
Epoch 38/50 - Val Metric: 0.6161
Epoch 39/50 - Train Loss: 0.6618 - Train Metric: 0.6280
Epoch 39/50 - Val Metric: 0.6171
Epoch 40/50 - Train Loss: 0.6639 - Train Metric: 0.6273
Epoch 40/50 - Val Metric: 0.6231
Epoch 41/50 - Train Loss: 0.6622 - Train Metric: 0.6311
Epoch 41/50 - Val Metric: 0.6195
Epoch 42/50 - Train Loss: 0.6616 - Train Metric: 0.6278
Epoch 42/50 - Val Metric: 0.6207
Epoch 43/50 - Train Loss: 0.6592 - Train Metric: 0.6334
Epoch 43/50 - Val Metric: 0.6190
Epoch 44/50 - Train Loss: 0.6590 - Train Metric: 0.6346
Epoch 44/50 - Val Metric: 0.6222
Epoch 45/50 - Train Loss: 0.6590 - Train Metric: 0.6306
Epoch 45/50 - Val Metric: 0.6190
Epoch 46/50 - Train Loss: 0.6626 - Train Metric: 0.6262
Epoch 46/50 - Val Metric: 0.6219
Epoch 47/50 - Train Loss: 0.6588 - Train Metric: 0.6332
Epoch 47/50 - Val Metric: 0.6254
Epoch 48/50 - Train Loss: 0.6579 - Train Metric: 0.6328
Epoch 48/50 - Val Metric: 0.6231
Epoch 49/50 - Train Loss: 0.6591 - Train Metric: 0.6319
Epoch 49/50 - Val Metric: 0.6177
Epoch 50/50 - Train Loss: 0.6598 - Train Metric: 0.6315
Epoch 50/50 - Val Metric: 0.6229
Best val: 0.6254, Best test: 0.6443
Training set has 6086 instances
Validation set has 760 instances
Test set has 762 instances
Epoch 1/50 - Train Loss: 0.6960 - Train Metric: 0.5155
Epoch 1/50 - Val Metric: 0.5265
Epoch 2/50 - Train Loss: 0.6925 - Train Metric: 0.5271
Epoch 2/50 - Val Metric: 0.5395
Epoch 3/50 - Train Loss: 0.6891 - Train Metric: 0.5520
Epoch 3/50 - Val Metric: 0.5517
Epoch 4/50 - Train Loss: 0.6825 - Train Metric: 0.5808
Epoch 4/50 - Val Metric: 0.5939
Epoch 5/50 - Train Loss: 0.6799 - Train Metric: 0.5879
Epoch 5/50 - Val Metric: 0.5983
Epoch 6/50 - Train Loss: 0.6784 - Train Metric: 0.5913
Epoch 6/50 - Val Metric: 0.5979
Epoch 7/50 - Train Loss: 0.6756 - Train Metric: 0.5999
Epoch 7/50 - Val Metric: 0.6002
Epoch 8/50 - Train Loss: 0.6731 - Train Metric: 0.6095
Epoch 8/50 - Val Metric: 0.6035
Epoch 9/50 - Train Loss: 0.6727 - Train Metric: 0.6119
Epoch 9/50 - Val Metric: 0.6092
Epoch 10/50 - Train Loss: 0.6723 - Train Metric: 0.6126
Epoch 10/50 - Val Metric: 0.6051
Epoch 11/50 - Train Loss: 0.6721 - Train Metric: 0.6103
Epoch 11/50 - Val Metric: 0.6143
Epoch 12/50 - Train Loss: 0.6718 - Train Metric: 0.6135
Epoch 12/50 - Val Metric: 0.6190
Epoch 13/50 - Train Loss: 0.6730 - Train Metric: 0.6064
Epoch 13/50 - Val Metric: 0.6198
Epoch 14/50 - Train Loss: 0.6706 - Train Metric: 0.6171
Epoch 14/50 - Val Metric: 0.6205
Epoch 15/50 - Train Loss: 0.6687 - Train Metric: 0.6182
Epoch 15/50 - Val Metric: 0.6199
Epoch 16/50 - Train Loss: 0.6681 - Train Metric: 0.6201
Epoch 16/50 - Val Metric: 0.6209
Epoch 17/50 - Train Loss: 0.6693 - Train Metric: 0.6185
Epoch 17/50 - Val Metric: 0.6225
Epoch 18/50 - Train Loss: 0.6672 - Train Metric: 0.6221
Epoch 18/50 - Val Metric: 0.6260
Epoch 19/50 - Train Loss: 0.6683 - Train Metric: 0.6191
Epoch 19/50 - Val Metric: 0.6255
Epoch 20/50 - Train Loss: 0.6671 - Train Metric: 0.6229
Epoch 20/50 - Val Metric: 0.6237
Epoch 21/50 - Train Loss: 0.6682 - Train Metric: 0.6204
Epoch 21/50 - Val Metric: 0.6255
Epoch 22/50 - Train Loss: 0.6665 - Train Metric: 0.6232
Epoch 22/50 - Val Metric: 0.6230
Epoch 23/50 - Train Loss: 0.6661 - Train Metric: 0.6250
Epoch 23/50 - Val Metric: 0.6340
Epoch 24/50 - Train Loss: 0.6648 - Train Metric: 0.6281
Epoch 24/50 - Val Metric: 0.6276
Epoch 25/50 - Train Loss: 0.6650 - Train Metric: 0.6266
Epoch 25/50 - Val Metric: 0.6269
Epoch 26/50 - Train Loss: 0.6654 - Train Metric: 0.6261
Epoch 26/50 - Val Metric: 0.6290
Epoch 27/50 - Train Loss: 0.6638 - Train Metric: 0.6300
Epoch 27/50 - Val Metric: 0.6303
Epoch 28/50 - Train Loss: 0.6647 - Train Metric: 0.6260
Epoch 28/50 - Val Metric: 0.6300
Epoch 29/50 - Train Loss: 0.6635 - Train Metric: 0.6291
Epoch 29/50 - Val Metric: 0.6266
Epoch 30/50 - Train Loss: 0.6639 - Train Metric: 0.6275
Epoch 30/50 - Val Metric: 0.6322
Epoch 31/50 - Train Loss: 0.6633 - Train Metric: 0.6308
Epoch 31/50 - Val Metric: 0.6335
Epoch 32/50 - Train Loss: 0.6645 - Train Metric: 0.6265
Epoch 32/50 - Val Metric: 0.6308
Epoch 33/50 - Train Loss: 0.6616 - Train Metric: 0.6330
Epoch 33/50 - Val Metric: 0.6303
Epoch 34/50 - Train Loss: 0.6621 - Train Metric: 0.6335
Epoch 34/50 - Val Metric: 0.6339
Epoch 35/50 - Train Loss: 0.6625 - Train Metric: 0.6339
Epoch 35/50 - Val Metric: 0.6339
Epoch 36/50 - Train Loss: 0.6604 - Train Metric: 0.6361
Epoch 36/50 - Val Metric: 0.6327
Epoch 37/50 - Train Loss: 0.6609 - Train Metric: 0.6325
Epoch 37/50 - Val Metric: 0.6357
Epoch 38/50 - Train Loss: 0.6601 - Train Metric: 0.6371
Epoch 38/50 - Val Metric: 0.6361
Epoch 39/50 - Train Loss: 0.6594 - Train Metric: 0.6360
Epoch 39/50 - Val Metric: 0.6393
Epoch 40/50 - Train Loss: 0.6616 - Train Metric: 0.6332
Epoch 40/50 - Val Metric: 0.6381
Epoch 41/50 - Train Loss: 0.6586 - Train Metric: 0.6387
Epoch 41/50 - Val Metric: 0.6387
Epoch 42/50 - Train Loss: 0.6606 - Train Metric: 0.6353
Epoch 42/50 - Val Metric: 0.6402
Epoch 43/50 - Train Loss: 0.6589 - Train Metric: 0.6384
Epoch 43/50 - Val Metric: 0.6422
Epoch 44/50 - Train Loss: 0.6624 - Train Metric: 0.6317
Epoch 44/50 - Val Metric: 0.6370
Epoch 45/50 - Train Loss: 0.6613 - Train Metric: 0.6338
Epoch 45/50 - Val Metric: 0.6447
Epoch 46/50 - Train Loss: 0.6594 - Train Metric: 0.6395
Epoch 46/50 - Val Metric: 0.6436
Epoch 47/50 - Train Loss: 0.6594 - Train Metric: 0.6399
Epoch 47/50 - Val Metric: 0.6426
Epoch 48/50 - Train Loss: 0.6592 - Train Metric: 0.6384
Epoch 48/50 - Val Metric: 0.6417
Epoch 49/50 - Train Loss: 0.6581 - Train Metric: 0.6399
Epoch 49/50 - Val Metric: 0.6473
Epoch 50/50 - Train Loss: 0.6589 - Train Metric: 0.6390
Epoch 50/50 - Val Metric: 0.6430
Best val: 0.6473, Best test: 0.6112
Training set has 6086 instances
Validation set has 760 instances
Test set has 762 instances
Epoch 1/50 - Train Loss: 0.7089 - Train Metric: 0.5022
Epoch 1/50 - Val Metric: 0.5127
Epoch 2/50 - Train Loss: 0.7004 - Train Metric: 0.5037
Epoch 2/50 - Val Metric: 0.5397
Epoch 3/50 - Train Loss: 0.6995 - Train Metric: 0.4969
Epoch 3/50 - Val Metric: 0.5542
Epoch 4/50 - Train Loss: 0.6969 - Train Metric: 0.5106
Epoch 4/50 - Val Metric: 0.5638
Epoch 5/50 - Train Loss: 0.6968 - Train Metric: 0.5086
Epoch 5/50 - Val Metric: 0.5680
Epoch 6/50 - Train Loss: 0.6956 - Train Metric: 0.5159
Epoch 6/50 - Val Metric: 0.5765
Epoch 7/50 - Train Loss: 0.6936 - Train Metric: 0.5325
Epoch 7/50 - Val Metric: 0.5857
Epoch 8/50 - Train Loss: 0.6896 - Train Metric: 0.5515
Epoch 8/50 - Val Metric: 0.5956
Epoch 9/50 - Train Loss: 0.6831 - Train Metric: 0.5780
Epoch 9/50 - Val Metric: 0.6058
Epoch 10/50 - Train Loss: 0.6855 - Train Metric: 0.5703
Epoch 10/50 - Val Metric: 0.6070
Epoch 11/50 - Train Loss: 0.6810 - Train Metric: 0.5865
Epoch 11/50 - Val Metric: 0.6120
Epoch 12/50 - Train Loss: 0.6806 - Train Metric: 0.5857
Epoch 12/50 - Val Metric: 0.6172
Epoch 13/50 - Train Loss: 0.6781 - Train Metric: 0.5883
Epoch 13/50 - Val Metric: 0.6172
Epoch 14/50 - Train Loss: 0.6807 - Train Metric: 0.5835
Epoch 14/50 - Val Metric: 0.6198
Epoch 15/50 - Train Loss: 0.6778 - Train Metric: 0.5909
Epoch 15/50 - Val Metric: 0.6254
Epoch 16/50 - Train Loss: 0.6759 - Train Metric: 0.5976
Epoch 16/50 - Val Metric: 0.6266
Epoch 17/50 - Train Loss: 0.6756 - Train Metric: 0.5986
Epoch 17/50 - Val Metric: 0.6295
Epoch 18/50 - Train Loss: 0.6760 - Train Metric: 0.5974
Epoch 18/50 - Val Metric: 0.6294
Epoch 19/50 - Train Loss: 0.6763 - Train Metric: 0.5992
Epoch 19/50 - Val Metric: 0.6348
Epoch 20/50 - Train Loss: 0.6753 - Train Metric: 0.6017
Epoch 20/50 - Val Metric: 0.6340
Epoch 21/50 - Train Loss: 0.6726 - Train Metric: 0.6092
Epoch 21/50 - Val Metric: 0.6337
Epoch 22/50 - Train Loss: 0.6718 - Train Metric: 0.6104
Epoch 22/50 - Val Metric: 0.6338
Epoch 23/50 - Train Loss: 0.6703 - Train Metric: 0.6128
Epoch 23/50 - Val Metric: 0.6367
Epoch 24/50 - Train Loss: 0.6703 - Train Metric: 0.6133
Epoch 24/50 - Val Metric: 0.6361
Epoch 25/50 - Train Loss: 0.6713 - Train Metric: 0.6099
Epoch 25/50 - Val Metric: 0.6349
Epoch 26/50 - Train Loss: 0.6703 - Train Metric: 0.6122
Epoch 26/50 - Val Metric: 0.6383
Epoch 27/50 - Train Loss: 0.6727 - Train Metric: 0.6071
Epoch 27/50 - Val Metric: 0.6368
Epoch 28/50 - Train Loss: 0.6709 - Train Metric: 0.6093
Epoch 28/50 - Val Metric: 0.6368
Epoch 29/50 - Train Loss: 0.6680 - Train Metric: 0.6184
Epoch 29/50 - Val Metric: 0.6392
Epoch 30/50 - Train Loss: 0.6696 - Train Metric: 0.6153
Epoch 30/50 - Val Metric: 0.6375
Epoch 31/50 - Train Loss: 0.6712 - Train Metric: 0.6073
Epoch 31/50 - Val Metric: 0.6392
Epoch 32/50 - Train Loss: 0.6683 - Train Metric: 0.6155
Epoch 32/50 - Val Metric: 0.6373
Epoch 33/50 - Train Loss: 0.6674 - Train Metric: 0.6193
Epoch 33/50 - Val Metric: 0.6403
Epoch 34/50 - Train Loss: 0.6686 - Train Metric: 0.6143
Epoch 34/50 - Val Metric: 0.6388
Epoch 35/50 - Train Loss: 0.6701 - Train Metric: 0.6099
Epoch 35/50 - Val Metric: 0.6400
Epoch 36/50 - Train Loss: 0.6691 - Train Metric: 0.6162
Epoch 36/50 - Val Metric: 0.6401
Epoch 37/50 - Train Loss: 0.6659 - Train Metric: 0.6241
Epoch 37/50 - Val Metric: 0.6406
Epoch 38/50 - Train Loss: 0.6684 - Train Metric: 0.6126
Epoch 38/50 - Val Metric: 0.6402
Epoch 39/50 - Train Loss: 0.6688 - Train Metric: 0.6129
Epoch 39/50 - Val Metric: 0.6394
Epoch 40/50 - Train Loss: 0.6650 - Train Metric: 0.6220
Epoch 40/50 - Val Metric: 0.6410
Epoch 41/50 - Train Loss: 0.6687 - Train Metric: 0.6191
Epoch 41/50 - Val Metric: 0.6411
Epoch 42/50 - Train Loss: 0.6692 - Train Metric: 0.6142
Epoch 42/50 - Val Metric: 0.6419
Epoch 43/50 - Train Loss: 0.6662 - Train Metric: 0.6210
Epoch 43/50 - Val Metric: 0.6417
Epoch 44/50 - Train Loss: 0.6684 - Train Metric: 0.6146
Epoch 44/50 - Val Metric: 0.6414
Epoch 45/50 - Train Loss: 0.6684 - Train Metric: 0.6125
Epoch 45/50 - Val Metric: 0.6428
Epoch 46/50 - Train Loss: 0.6693 - Train Metric: 0.6112
Epoch 46/50 - Val Metric: 0.6414
Epoch 47/50 - Train Loss: 0.6671 - Train Metric: 0.6148
Epoch 47/50 - Val Metric: 0.6423
Epoch 48/50 - Train Loss: 0.6676 - Train Metric: 0.6177
Epoch 48/50 - Val Metric: 0.6418
Epoch 49/50 - Train Loss: 0.6693 - Train Metric: 0.6148
Epoch 49/50 - Val Metric: 0.6420
Epoch 50/50 - Train Loss: 0.6640 - Train Metric: 0.6218
Epoch 50/50 - Val Metric: 0.6427
Best val: 0.6428, Best test: 0.6170
Training set has 6086 instances
Validation set has 760 instances
Test set has 762 instances
Epoch 1/50 - Train Loss: 0.7110 - Train Metric: 0.4870
Epoch 1/50 - Val Metric: 0.5322
Epoch 2/50 - Train Loss: 0.6979 - Train Metric: 0.4903
Epoch 2/50 - Val Metric: 0.5496
Epoch 3/50 - Train Loss: 0.6955 - Train Metric: 0.5069
Epoch 3/50 - Val Metric: 0.5577
Epoch 4/50 - Train Loss: 0.6964 - Train Metric: 0.4923
Epoch 4/50 - Val Metric: 0.5623
Epoch 5/50 - Train Loss: 0.6949 - Train Metric: 0.4980
Epoch 5/50 - Val Metric: 0.5723
Epoch 6/50 - Train Loss: 0.6942 - Train Metric: 0.5097
Epoch 6/50 - Val Metric: 0.5741
Epoch 7/50 - Train Loss: 0.6904 - Train Metric: 0.5400
Epoch 7/50 - Val Metric: 0.5835
Epoch 8/50 - Train Loss: 0.6843 - Train Metric: 0.5700
Epoch 8/50 - Val Metric: 0.6103
Epoch 9/50 - Train Loss: 0.6794 - Train Metric: 0.5876
Epoch 9/50 - Val Metric: 0.6173
Epoch 10/50 - Train Loss: 0.6768 - Train Metric: 0.5974
Epoch 10/50 - Val Metric: 0.6315
Epoch 11/50 - Train Loss: 0.6741 - Train Metric: 0.6071
Epoch 11/50 - Val Metric: 0.6339
Epoch 12/50 - Train Loss: 0.6804 - Train Metric: 0.5905
Epoch 12/50 - Val Metric: 0.6351
Epoch 13/50 - Train Loss: 0.6743 - Train Metric: 0.6076
Epoch 13/50 - Val Metric: 0.6380
Epoch 14/50 - Train Loss: 0.6737 - Train Metric: 0.6086
Epoch 14/50 - Val Metric: 0.6362
Epoch 15/50 - Train Loss: 0.6704 - Train Metric: 0.6159
Epoch 15/50 - Val Metric: 0.6368
Epoch 16/50 - Train Loss: 0.6689 - Train Metric: 0.6175
Epoch 16/50 - Val Metric: 0.6365
Epoch 17/50 - Train Loss: 0.6706 - Train Metric: 0.6130
Epoch 17/50 - Val Metric: 0.6356
Epoch 18/50 - Train Loss: 0.6701 - Train Metric: 0.6163
Epoch 18/50 - Val Metric: 0.6367
Epoch 19/50 - Train Loss: 0.6707 - Train Metric: 0.6149
Epoch 19/50 - Val Metric: 0.6370
Epoch 20/50 - Train Loss: 0.6670 - Train Metric: 0.6212
Epoch 20/50 - Val Metric: 0.6376
Epoch 21/50 - Train Loss: 0.6686 - Train Metric: 0.6203
Epoch 21/50 - Val Metric: 0.6375
Epoch 22/50 - Train Loss: 0.6693 - Train Metric: 0.6194
Epoch 22/50 - Val Metric: 0.6399
Epoch 23/50 - Train Loss: 0.6672 - Train Metric: 0.6220
Epoch 23/50 - Val Metric: 0.6392
Epoch 24/50 - Train Loss: 0.6692 - Train Metric: 0.6141
Epoch 24/50 - Val Metric: 0.6382
Epoch 25/50 - Train Loss: 0.6671 - Train Metric: 0.6186
Epoch 25/50 - Val Metric: 0.6400
Epoch 26/50 - Train Loss: 0.6651 - Train Metric: 0.6242
Epoch 26/50 - Val Metric: 0.6392
Epoch 27/50 - Train Loss: 0.6678 - Train Metric: 0.6173
Epoch 27/50 - Val Metric: 0.6394
Epoch 28/50 - Train Loss: 0.6666 - Train Metric: 0.6201
Epoch 28/50 - Val Metric: 0.6406
Epoch 29/50 - Train Loss: 0.6658 - Train Metric: 0.6223
Epoch 29/50 - Val Metric: 0.6412
Epoch 30/50 - Train Loss: 0.6650 - Train Metric: 0.6237
Epoch 30/50 - Val Metric: 0.6408
Epoch 31/50 - Train Loss: 0.6660 - Train Metric: 0.6219
Epoch 31/50 - Val Metric: 0.6411
Epoch 32/50 - Train Loss: 0.6653 - Train Metric: 0.6218
Epoch 32/50 - Val Metric: 0.6413
Epoch 33/50 - Train Loss: 0.6648 - Train Metric: 0.6202
Epoch 33/50 - Val Metric: 0.6412
Epoch 34/50 - Train Loss: 0.6663 - Train Metric: 0.6179
Epoch 34/50 - Val Metric: 0.6421
Epoch 35/50 - Train Loss: 0.6639 - Train Metric: 0.6277
Epoch 35/50 - Val Metric: 0.6419
Epoch 36/50 - Train Loss: 0.6657 - Train Metric: 0.6202
Epoch 36/50 - Val Metric: 0.6418
Epoch 37/50 - Train Loss: 0.6680 - Train Metric: 0.6168
Epoch 37/50 - Val Metric: 0.6417
Epoch 38/50 - Train Loss: 0.6644 - Train Metric: 0.6244
Epoch 38/50 - Val Metric: 0.6416
Epoch 39/50 - Train Loss: 0.6642 - Train Metric: 0.6252
Epoch 39/50 - Val Metric: 0.6419
Epoch 40/50 - Train Loss: 0.6651 - Train Metric: 0.6219
Epoch 40/50 - Val Metric: 0.6423
Epoch 41/50 - Train Loss: 0.6647 - Train Metric: 0.6220
Epoch 41/50 - Val Metric: 0.6421
Epoch 42/50 - Train Loss: 0.6652 - Train Metric: 0.6230
Epoch 42/50 - Val Metric: 0.6421
Epoch 43/50 - Train Loss: 0.6643 - Train Metric: 0.6246
Epoch 43/50 - Val Metric: 0.6422
Epoch 44/50 - Train Loss: 0.6642 - Train Metric: 0.6240
Epoch 44/50 - Val Metric: 0.6422
Epoch 45/50 - Train Loss: 0.6637 - Train Metric: 0.6241
Epoch 45/50 - Val Metric: 0.6426
Epoch 46/50 - Train Loss: 0.6664 - Train Metric: 0.6194
Epoch 46/50 - Val Metric: 0.6426
Epoch 47/50 - Train Loss: 0.6636 - Train Metric: 0.6253
Epoch 47/50 - Val Metric: 0.6429
Epoch 48/50 - Train Loss: 0.6640 - Train Metric: 0.6241
Epoch 48/50 - Val Metric: 0.6424
Epoch 49/50 - Train Loss: 0.6662 - Train Metric: 0.6185
Epoch 49/50 - Val Metric: 0.6427
Epoch 50/50 - Train Loss: 0.6640 - Train Metric: 0.6235
Epoch 50/50 - Val Metric: 0.6429
Best val: 0.6429, Best test: 0.6180
Training set has 6086 instances
Validation set has 760 instances
Test set has 762 instances
Epoch 1/50 - Train Loss: 0.7312 - Train Metric: 0.5036
Epoch 1/50 - Val Metric: 0.5576
Epoch 2/50 - Train Loss: 0.7003 - Train Metric: 0.5090
Epoch 2/50 - Val Metric: 0.5336
Epoch 3/50 - Train Loss: 0.7007 - Train Metric: 0.4975
Epoch 3/50 - Val Metric: 0.5525
Epoch 4/50 - Train Loss: 0.6966 - Train Metric: 0.5136
Epoch 4/50 - Val Metric: 0.5390
Epoch 5/50 - Train Loss: 0.6959 - Train Metric: 0.5154
Epoch 5/50 - Val Metric: 0.5775
Epoch 6/50 - Train Loss: 0.6948 - Train Metric: 0.5215
Epoch 6/50 - Val Metric: 0.5831
Epoch 7/50 - Train Loss: 0.6936 - Train Metric: 0.5282
Epoch 7/50 - Val Metric: 0.5911
Epoch 8/50 - Train Loss: 0.6909 - Train Metric: 0.5419
Epoch 8/50 - Val Metric: 0.5942
Epoch 9/50 - Train Loss: 0.6900 - Train Metric: 0.5471
Epoch 9/50 - Val Metric: 0.5983
Epoch 10/50 - Train Loss: 0.6911 - Train Metric: 0.5466
Epoch 10/50 - Val Metric: 0.6000
Epoch 11/50 - Train Loss: 0.6900 - Train Metric: 0.5508
Epoch 11/50 - Val Metric: 0.6002
Epoch 12/50 - Train Loss: 0.6882 - Train Metric: 0.5596
Epoch 12/50 - Val Metric: 0.6003
Epoch 13/50 - Train Loss: 0.6860 - Train Metric: 0.5715
Epoch 13/50 - Val Metric: 0.6003
Epoch 14/50 - Train Loss: 0.6877 - Train Metric: 0.5644
Epoch 14/50 - Val Metric: 0.6012
Epoch 15/50 - Train Loss: 0.6857 - Train Metric: 0.5704
Epoch 15/50 - Val Metric: 0.6021
Epoch 16/50 - Train Loss: 0.6846 - Train Metric: 0.5756
Epoch 16/50 - Val Metric: 0.6018
Epoch 17/50 - Train Loss: 0.6854 - Train Metric: 0.5754
Epoch 17/50 - Val Metric: 0.6028
Epoch 18/50 - Train Loss: 0.6880 - Train Metric: 0.5639
Epoch 18/50 - Val Metric: 0.6026
Epoch 19/50 - Train Loss: 0.6845 - Train Metric: 0.5781
Epoch 19/50 - Val Metric: 0.6034
Epoch 20/50 - Train Loss: 0.6866 - Train Metric: 0.5722
Epoch 20/50 - Val Metric: 0.6033
Epoch 21/50 - Train Loss: 0.6842 - Train Metric: 0.5789
Epoch 21/50 - Val Metric: 0.6032
Epoch 22/50 - Train Loss: 0.6828 - Train Metric: 0.5846
Epoch 22/50 - Val Metric: 0.6043
Epoch 23/50 - Train Loss: 0.6859 - Train Metric: 0.5767
Epoch 23/50 - Val Metric: 0.6043
Epoch 24/50 - Train Loss: 0.6850 - Train Metric: 0.5781
Epoch 24/50 - Val Metric: 0.6048
Epoch 25/50 - Train Loss: 0.6830 - Train Metric: 0.5856
Epoch 25/50 - Val Metric: 0.6050
Epoch 26/50 - Train Loss: 0.6859 - Train Metric: 0.5739
Epoch 26/50 - Val Metric: 0.6050
Epoch 27/50 - Train Loss: 0.6829 - Train Metric: 0.5820
Epoch 27/50 - Val Metric: 0.6051
Epoch 28/50 - Train Loss: 0.6835 - Train Metric: 0.5801
Epoch 28/50 - Val Metric: 0.6054
Epoch 29/50 - Train Loss: 0.6832 - Train Metric: 0.5828
Epoch 29/50 - Val Metric: 0.6052
Epoch 30/50 - Train Loss: 0.6824 - Train Metric: 0.5850
Epoch 30/50 - Val Metric: 0.6055
Epoch 31/50 - Train Loss: 0.6867 - Train Metric: 0.5735
Epoch 31/50 - Val Metric: 0.6051
Epoch 32/50 - Train Loss: 0.6832 - Train Metric: 0.5824
Epoch 32/50 - Val Metric: 0.6056
Epoch 33/50 - Train Loss: 0.6833 - Train Metric: 0.5828
Epoch 33/50 - Val Metric: 0.6060
Epoch 34/50 - Train Loss: 0.6839 - Train Metric: 0.5792
Epoch 34/50 - Val Metric: 0.6061
Epoch 35/50 - Train Loss: 0.6852 - Train Metric: 0.5787
Epoch 35/50 - Val Metric: 0.6059
Epoch 36/50 - Train Loss: 0.6854 - Train Metric: 0.5739
Epoch 36/50 - Val Metric: 0.6059
Epoch 37/50 - Train Loss: 0.6864 - Train Metric: 0.5724
Epoch 37/50 - Val Metric: 0.6060
Epoch 38/50 - Train Loss: 0.6833 - Train Metric: 0.5853
Epoch 38/50 - Val Metric: 0.6062
Epoch 39/50 - Train Loss: 0.6856 - Train Metric: 0.5757
Epoch 39/50 - Val Metric: 0.6061
Epoch 40/50 - Train Loss: 0.6816 - Train Metric: 0.5878
Epoch 40/50 - Val Metric: 0.6061
Epoch 41/50 - Train Loss: 0.6824 - Train Metric: 0.5860
Epoch 41/50 - Val Metric: 0.6060
Epoch 42/50 - Train Loss: 0.6839 - Train Metric: 0.5793
Epoch 42/50 - Val Metric: 0.6061
Epoch 43/50 - Train Loss: 0.6811 - Train Metric: 0.5911
Epoch 43/50 - Val Metric: 0.6061
Epoch 44/50 - Train Loss: 0.6856 - Train Metric: 0.5779
Epoch 44/50 - Val Metric: 0.6061
Epoch 45/50 - Train Loss: 0.6835 - Train Metric: 0.5818
Epoch 45/50 - Val Metric: 0.6062
Epoch 46/50 - Train Loss: 0.6848 - Train Metric: 0.5789
Epoch 46/50 - Val Metric: 0.6060
Epoch 47/50 - Train Loss: 0.6833 - Train Metric: 0.5804
Epoch 47/50 - Val Metric: 0.6062
Epoch 48/50 - Train Loss: 0.6822 - Train Metric: 0.5863
Epoch 48/50 - Val Metric: 0.6059
Epoch 49/50 - Train Loss: 0.6848 - Train Metric: 0.5791
Epoch 49/50 - Val Metric: 0.6063
Epoch 50/50 - Train Loss: 0.6834 - Train Metric: 0.5829
Epoch 50/50 - Val Metric: 0.6059
Best val: 0.6063, Best test: 0.6019
Training set has 6086 instances
Validation set has 760 instances
Test set has 762 instances
Training set has 6086 instances
Validation set has 760 instances
Test set has 762 instances
Epoch 1/50 - Train Loss: 0.7052 - Train Metric: 0.5209
Epoch 1/50 - Val Metric: 0.6121
Epoch 2/50 - Train Loss: 0.6947 - Train Metric: 0.5488
Epoch 2/50 - Val Metric: 0.6202
Epoch 3/50 - Train Loss: 0.6780 - Train Metric: 0.5974
Epoch 3/50 - Val Metric: 0.6160
Epoch 4/50 - Train Loss: 0.6825 - Train Metric: 0.5837
Epoch 4/50 - Val Metric: 0.6155
Epoch 5/50 - Train Loss: 0.6767 - Train Metric: 0.5992
Epoch 5/50 - Val Metric: 0.6152
Epoch 6/50 - Train Loss: 0.6755 - Train Metric: 0.6058
Epoch 6/50 - Val Metric: 0.6175
Epoch 7/50 - Train Loss: 0.6727 - Train Metric: 0.6046
Epoch 7/50 - Val Metric: 0.6195
Epoch 8/50 - Train Loss: 0.6733 - Train Metric: 0.6022
Epoch 8/50 - Val Metric: 0.6185
Epoch 9/50 - Train Loss: 0.6703 - Train Metric: 0.6113
Epoch 9/50 - Val Metric: 0.6141
Epoch 10/50 - Train Loss: 0.6707 - Train Metric: 0.6112
Epoch 10/50 - Val Metric: 0.6143
Epoch 11/50 - Train Loss: 0.6741 - Train Metric: 0.6016
Epoch 11/50 - Val Metric: 0.6134
Epoch 12/50 - Train Loss: 0.6707 - Train Metric: 0.6064
Epoch 12/50 - Val Metric: 0.6166
Epoch 13/50 - Train Loss: 0.6698 - Train Metric: 0.6119
Epoch 13/50 - Val Metric: 0.6170
Epoch 14/50 - Train Loss: 0.6678 - Train Metric: 0.6146
Epoch 14/50 - Val Metric: 0.6166
Epoch 15/50 - Train Loss: 0.6657 - Train Metric: 0.6165
Epoch 15/50 - Val Metric: 0.6159
Training set has 6086 instances
Validation set has 760 instances
Test set has 762 instances
Epoch 1/50 - Train Loss: 0.6907 - Train Metric: 0.5376
Epoch 1/50 - Val Metric: 0.6004
Epoch 2/50 - Train Loss: 0.6806 - Train Metric: 0.5914
Epoch 2/50 - Val Metric: 0.6073
Epoch 3/50 - Train Loss: 0.6766 - Train Metric: 0.6018
Epoch 3/50 - Val Metric: 0.6169
Epoch 4/50 - Train Loss: 0.6768 - Train Metric: 0.5992
Epoch 4/50 - Val Metric: 0.6245
Epoch 5/50 - Train Loss: 0.6744 - Train Metric: 0.6063
Epoch 5/50 - Val Metric: 0.6267
Epoch 6/50 - Train Loss: 0.6726 - Train Metric: 0.6110
Epoch 6/50 - Val Metric: 0.6326
Epoch 7/50 - Train Loss: 0.6709 - Train Metric: 0.6136
Epoch 7/50 - Val Metric: 0.6331
Epoch 8/50 - Train Loss: 0.6712 - Train Metric: 0.6124
Epoch 8/50 - Val Metric: 0.6341
Epoch 9/50 - Train Loss: 0.6699 - Train Metric: 0.6171
Epoch 9/50 - Val Metric: 0.6355
Epoch 10/50 - Train Loss: 0.6689 - Train Metric: 0.6180
Epoch 10/50 - Val Metric: 0.6388
Epoch 11/50 - Train Loss: 0.6687 - Train Metric: 0.6179
Epoch 11/50 - Val Metric: 0.6405
Epoch 12/50 - Train Loss: 0.6689 - Train Metric: 0.6154
Epoch 12/50 - Val Metric: 0.6397
Epoch 13/50 - Train Loss: 0.6680 - Train Metric: 0.6189
Epoch 13/50 - Val Metric: 0.6404
Epoch 14/50 - Train Loss: 0.6675 - Train Metric: 0.6207
Epoch 14/50 - Val Metric: 0.6407
Epoch 15/50 - Train Loss: 0.6675 - Train Metric: 0.6173
Epoch 15/50 - Val Metric: 0.6414
Epoch 16/50 - Train Loss: 0.6650 - Train Metric: 0.6256
Epoch 16/50 - Val Metric: 0.6417
Epoch 17/50 - Train Loss: 0.6646 - Train Metric: 0.6264
Epoch 17/50 - Val Metric: 0.6420
Epoch 18/50 - Train Loss: 0.6651 - Train Metric: 0.6239
Epoch 18/50 - Val Metric: 0.6409
Epoch 19/50 - Train Loss: 0.6645 - Train Metric: 0.6238
Epoch 19/50 - Val Metric: 0.6421
Epoch 20/50 - Train Loss: 0.6639 - Train Metric: 0.6256
Epoch 20/50 - Val Metric: 0.6422
Epoch 21/50 - Train Loss: 0.6628 - Train Metric: 0.6287
Epoch 21/50 - Val Metric: 0.6419
Epoch 22/50 - Train Loss: 0.6628 - Train Metric: 0.6280
Epoch 22/50 - Val Metric: 0.6415
Epoch 23/50 - Train Loss: 0.6633 - Train Metric: 0.6268
Epoch 23/50 - Val Metric: 0.6419
Epoch 24/50 - Train Loss: 0.6632 - Train Metric: 0.6271
Epoch 24/50 - Val Metric: 0.6416
Epoch 25/50 - Train Loss: 0.6630 - Train Metric: 0.6260
Epoch 25/50 - Val Metric: 0.6416
Epoch 26/50 - Train Loss: 0.6616 - Train Metric: 0.6290
Epoch 26/50 - Val Metric: 0.6420
Epoch 27/50 - Train Loss: 0.6622 - Train Metric: 0.6286
Epoch 27/50 - Val Metric: 0.6410
Epoch 28/50 - Train Loss: 0.6613 - Train Metric: 0.6305
Epoch 28/50 - Val Metric: 0.6408
Epoch 29/50 - Train Loss: 0.6620 - Train Metric: 0.6284
Epoch 29/50 - Val Metric: 0.6411
Epoch 30/50 - Train Loss: 0.6615 - Train Metric: 0.6298
Epoch 30/50 - Val Metric: 0.6413
Epoch 31/50 - Train Loss: 0.6607 - Train Metric: 0.6314
Epoch 31/50 - Val Metric: 0.6407
Epoch 32/50 - Train Loss: 0.6605 - Train Metric: 0.6315
Epoch 32/50 - Val Metric: 0.6410
Epoch 33/50 - Train Loss: 0.6608 - Train Metric: 0.6307
Epoch 33/50 - Val Metric: 0.6408
Epoch 34/50 - Train Loss: 0.6609 - Train Metric: 0.6304
Epoch 34/50 - Val Metric: 0.6404
Epoch 35/50 - Train Loss: 0.6606 - Train Metric: 0.6302
Epoch 35/50 - Val Metric: 0.6404
Epoch 36/50 - Train Loss: 0.6604 - Train Metric: 0.6310
Epoch 36/50 - Val Metric: 0.6407
Epoch 37/50 - Train Loss: 0.6599 - Train Metric: 0.6324
Epoch 37/50 - Val Metric: 0.6401
Epoch 38/50 - Train Loss: 0.6598 - Train Metric: 0.6326
Epoch 38/50 - Val Metric: 0.6401
Epoch 39/50 - Train Loss: 0.6593 - Train Metric: 0.6328
Epoch 39/50 - Val Metric: 0.6400
Epoch 40/50 - Train Loss: 0.6601 - Train Metric: 0.6315
Epoch 40/50 - Val Metric: 0.6399
Epoch 41/50 - Train Loss: 0.6597 - Train Metric: 0.6321
Epoch 41/50 - Val Metric: 0.6401
Epoch 42/50 - Train Loss: 0.6594 - Train Metric: 0.6328
Epoch 42/50 - Val Metric: 0.6397
Epoch 43/50 - Train Loss: 0.6599 - Train Metric: 0.6313
Epoch 43/50 - Val Metric: 0.6405
Epoch 44/50 - Train Loss: 0.6595 - Train Metric: 0.6326
Epoch 44/50 - Val Metric: 0.6402
Training set has 6086 instances
Validation set has 760 instances
Test set has 762 instances
Epoch 1/50 - Train Loss: 0.7217 - Train Metric: 0.5012
Epoch 1/50 - Val Metric: 0.5758
Epoch 2/50 - Train Loss: 0.6982 - Train Metric: 0.5036
Epoch 2/50 - Val Metric: 0.5820
Epoch 3/50 - Train Loss: 0.6963 - Train Metric: 0.4986
Epoch 3/50 - Val Metric: 0.5828
Epoch 4/50 - Train Loss: 0.6960 - Train Metric: 0.5019
Epoch 4/50 - Val Metric: 0.5838
Epoch 5/50 - Train Loss: 0.6981 - Train Metric: 0.5017
Epoch 5/50 - Val Metric: 0.5833
Epoch 6/50 - Train Loss: 0.6987 - Train Metric: 0.5006
Epoch 6/50 - Val Metric: 0.5842
Epoch 7/50 - Train Loss: 0.6968 - Train Metric: 0.4989
Epoch 7/50 - Val Metric: 0.5867
Training set has 6086 instances
Validation set has 760 instances
Test set has 762 instances
Epoch 1/50 - Train Loss: 0.7103 - Train Metric: 0.4968
Epoch 1/50 - Val Metric: 0.5358
Epoch 2/50 - Train Loss: 0.6964 - Train Metric: 0.5066
Epoch 2/50 - Val Metric: 0.5811
Epoch 3/50 - Train Loss: 0.6954 - Train Metric: 0.5000
Epoch 3/50 - Val Metric: 0.5944
Epoch 4/50 - Train Loss: 0.6946 - Train Metric: 0.5033
Epoch 4/50 - Val Metric: 0.5986
Epoch 5/50 - Train Loss: 0.6959 - Train Metric: 0.4983
Epoch 5/50 - Val Metric: 0.6129
Epoch 6/50 - Train Loss: 0.6897 - Train Metric: 0.5512
Epoch 6/50 - Val Metric: 0.6263
Epoch 7/50 - Train Loss: 0.6823 - Train Metric: 0.5853
Epoch 7/50 - Val Metric: 0.6449
Epoch 8/50 - Train Loss: 0.6724 - Train Metric: 0.6069
Epoch 8/50 - Val Metric: 0.6464
Epoch 9/50 - Train Loss: 0.6750 - Train Metric: 0.5964
Epoch 9/50 - Val Metric: 0.6413
Epoch 10/50 - Train Loss: 0.6729 - Train Metric: 0.6044
Epoch 10/50 - Val Metric: 0.6426
Epoch 11/50 - Train Loss: 0.6713 - Train Metric: 0.6141
Epoch 11/50 - Val Metric: 0.6427
Epoch 12/50 - Train Loss: 0.6769 - Train Metric: 0.5932
Epoch 12/50 - Val Metric: 0.6530
Epoch 13/50 - Train Loss: 0.6720 - Train Metric: 0.6083
Epoch 13/50 - Val Metric: 0.6386
Epoch 14/50 - Train Loss: 0.6659 - Train Metric: 0.6221
Epoch 14/50 - Val Metric: 0.6266
Epoch 15/50 - Train Loss: 0.6674 - Train Metric: 0.6188
Epoch 15/50 - Val Metric: 0.6412
Epoch 16/50 - Train Loss: 0.6691 - Train Metric: 0.6100
Epoch 16/50 - Val Metric: 0.6310
Epoch 17/50 - Train Loss: 0.6698 - Train Metric: 0.6114
Epoch 17/50 - Val Metric: 0.6441
Epoch 18/50 - Train Loss: 0.6641 - Train Metric: 0.6202
Epoch 18/50 - Val Metric: 0.6430
Epoch 19/50 - Train Loss: 0.6654 - Train Metric: 0.6215
Epoch 19/50 - Val Metric: 0.6442
Epoch 20/50 - Train Loss: 0.6683 - Train Metric: 0.6242
Epoch 20/50 - Val Metric: 0.6468
Epoch 21/50 - Train Loss: 0.6658 - Train Metric: 0.6261
Epoch 21/50 - Val Metric: 0.6500
Epoch 22/50 - Train Loss: 0.6633 - Train Metric: 0.6289
Epoch 22/50 - Val Metric: 0.6503
Epoch 23/50 - Train Loss: 0.6646 - Train Metric: 0.6302
Epoch 23/50 - Val Metric: 0.6567
Epoch 24/50 - Train Loss: 0.6646 - Train Metric: 0.6287
Epoch 24/50 - Val Metric: 0.6493
Epoch 25/50 - Train Loss: 0.6623 - Train Metric: 0.6346
Epoch 25/50 - Val Metric: 0.6614
Epoch 26/50 - Train Loss: 0.6622 - Train Metric: 0.6308
Epoch 26/50 - Val Metric: 0.6590
Epoch 27/50 - Train Loss: 0.6652 - Train Metric: 0.6242
Epoch 27/50 - Val Metric: 0.6561
Epoch 28/50 - Train Loss: 0.6569 - Train Metric: 0.6421
Epoch 28/50 - Val Metric: 0.6540
Epoch 29/50 - Train Loss: 0.6572 - Train Metric: 0.6395
Epoch 29/50 - Val Metric: 0.6514
Epoch 30/50 - Train Loss: 0.6580 - Train Metric: 0.6389
Epoch 30/50 - Val Metric: 0.6574
Epoch 31/50 - Train Loss: 0.6555 - Train Metric: 0.6447
Epoch 31/50 - Val Metric: 0.6621
Epoch 32/50 - Train Loss: 0.6544 - Train Metric: 0.6454
Epoch 32/50 - Val Metric: 0.6466
Epoch 33/50 - Train Loss: 0.6570 - Train Metric: 0.6431
Epoch 33/50 - Val Metric: 0.6431
Epoch 34/50 - Train Loss: 0.6584 - Train Metric: 0.6365
Epoch 34/50 - Val Metric: 0.6451
Epoch 35/50 - Train Loss: 0.6545 - Train Metric: 0.6474
Epoch 35/50 - Val Metric: 0.6517
Epoch 36/50 - Train Loss: 0.6534 - Train Metric: 0.6497
Epoch 36/50 - Val Metric: 0.6426
Epoch 37/50 - Train Loss: 0.6549 - Train Metric: 0.6430
Epoch 37/50 - Val Metric: 0.6574
Epoch 38/50 - Train Loss: 0.6527 - Train Metric: 0.6475
Epoch 38/50 - Val Metric: 0.6573
Epoch 39/50 - Train Loss: 0.6526 - Train Metric: 0.6485
Epoch 39/50 - Val Metric: 0.6522
Epoch 40/50 - Train Loss: 0.6510 - Train Metric: 0.6494
Epoch 40/50 - Val Metric: 0.6522
Epoch 41/50 - Train Loss: 0.6521 - Train Metric: 0.6461
Epoch 41/50 - Val Metric: 0.6531
Epoch 42/50 - Train Loss: 0.6521 - Train Metric: 0.6480
Epoch 42/50 - Val Metric: 0.6558
Epoch 43/50 - Train Loss: 0.6474 - Train Metric: 0.6621
Epoch 43/50 - Val Metric: 0.6500
Epoch 44/50 - Train Loss: 0.6491 - Train Metric: 0.6572
Epoch 44/50 - Val Metric: 0.6518
Epoch 45/50 - Train Loss: 0.6467 - Train Metric: 0.6583
Epoch 45/50 - Val Metric: 0.6578
Epoch 46/50 - Train Loss: 0.6459 - Train Metric: 0.6587
Epoch 46/50 - Val Metric: 0.6526
Epoch 47/50 - Train Loss: 0.6474 - Train Metric: 0.6569
Epoch 47/50 - Val Metric: 0.6511
Epoch 48/50 - Train Loss: 0.6464 - Train Metric: 0.6595
Epoch 48/50 - Val Metric: 0.6566
Epoch 49/50 - Train Loss: 0.6469 - Train Metric: 0.6521
Epoch 49/50 - Val Metric: 0.6498
Epoch 50/50 - Train Loss: 0.6455 - Train Metric: 0.6626
Epoch 50/50 - Val Metric: 0.6553
Best val: 0.6621, Best test: 0.6056
Training set has 6086 instances
Validation set has 760 instances
Test set has 762 instances
Epoch 1/50 - Train Loss: 0.7231 - Train Metric: 0.4794
Epoch 1/50 - Val Metric: 0.5855
Epoch 2/50 - Train Loss: 0.7003 - Train Metric: 0.4915
Epoch 2/50 - Val Metric: 0.6087
Epoch 3/50 - Train Loss: 0.6982 - Train Metric: 0.5000
Epoch 3/50 - Val Metric: 0.6125
Epoch 4/50 - Train Loss: 0.6949 - Train Metric: 0.4991
Epoch 4/50 - Val Metric: 0.6175
Epoch 5/50 - Train Loss: 0.6953 - Train Metric: 0.5025
Epoch 5/50 - Val Metric: 0.6230
Epoch 6/50 - Train Loss: 0.6959 - Train Metric: 0.4868
Epoch 6/50 - Val Metric: 0.6218
Epoch 7/50 - Train Loss: 0.6959 - Train Metric: 0.4912
Epoch 7/50 - Val Metric: 0.6210
Epoch 8/50 - Train Loss: 0.6955 - Train Metric: 0.4978
Epoch 8/50 - Val Metric: 0.6255
Epoch 9/50 - Train Loss: 0.6974 - Train Metric: 0.4936
Epoch 9/50 - Val Metric: 0.6242
Epoch 10/50 - Train Loss: 0.6952 - Train Metric: 0.4880
Epoch 10/50 - Val Metric: 0.6246
Epoch 11/50 - Train Loss: 0.6940 - Train Metric: 0.5033
Epoch 11/50 - Val Metric: 0.6249
Epoch 12/50 - Train Loss: 0.6948 - Train Metric: 0.4986
Epoch 12/50 - Val Metric: 0.6265
Epoch 13/50 - Train Loss: 0.6947 - Train Metric: 0.4963
Epoch 13/50 - Val Metric: 0.6264
Epoch 14/50 - Train Loss: 0.6942 - Train Metric: 0.5011
Epoch 14/50 - Val Metric: 0.6279
Epoch 15/50 - Train Loss: 0.6953 - Train Metric: 0.4928
Epoch 15/50 - Val Metric: 0.6268
Epoch 16/50 - Train Loss: 0.6946 - Train Metric: 0.5013
Epoch 16/50 - Val Metric: 0.6297
Epoch 17/50 - Train Loss: 0.6938 - Train Metric: 0.5052
Epoch 17/50 - Val Metric: 0.6274
Epoch 18/50 - Train Loss: 0.6918 - Train Metric: 0.5329
Epoch 18/50 - Val Metric: 0.6027
Training set has 6086 instances
Validation set has 760 instances
Test set has 762 instances
Epoch 1/50 - Train Loss: 0.7662 - Train Metric: 0.4989
Epoch 1/50 - Val Metric: 0.5426
Epoch 2/50 - Train Loss: 0.6957 - Train Metric: 0.4899
Epoch 2/50 - Val Metric: 0.5155
Training set has 6086 instances
Validation set has 760 instances
Test set has 762 instances
Training set has 6086 instances
Validation set has 760 instances
Test set has 762 instances
Epoch 1/50 - Train Loss: 0.7035 - Train Metric: 0.4993
Epoch 1/50 - Val Metric: 0.5442
Epoch 2/50 - Train Loss: 0.6919 - Train Metric: 0.5285
Epoch 2/50 - Val Metric: 0.5828
Epoch 3/50 - Train Loss: 0.6869 - Train Metric: 0.5690
Epoch 3/50 - Val Metric: 0.6001
Epoch 4/50 - Train Loss: 0.6922 - Train Metric: 0.5425
Epoch 4/50 - Val Metric: 0.6051
Epoch 5/50 - Train Loss: 0.6818 - Train Metric: 0.5885
Epoch 5/50 - Val Metric: 0.6062
Epoch 6/50 - Train Loss: 0.6823 - Train Metric: 0.5843
Epoch 6/50 - Val Metric: 0.6153
Epoch 7/50 - Train Loss: 0.6730 - Train Metric: 0.6108
Epoch 7/50 - Val Metric: 0.6198
Epoch 8/50 - Train Loss: 0.6686 - Train Metric: 0.6175
Epoch 8/50 - Val Metric: 0.6245
Epoch 9/50 - Train Loss: 0.6701 - Train Metric: 0.6136
Epoch 9/50 - Val Metric: 0.6247
Epoch 10/50 - Train Loss: 0.6713 - Train Metric: 0.6094
Epoch 10/50 - Val Metric: 0.6288
Epoch 11/50 - Train Loss: 0.6692 - Train Metric: 0.6161
Epoch 11/50 - Val Metric: 0.6320
Epoch 12/50 - Train Loss: 0.6677 - Train Metric: 0.6183
Epoch 12/50 - Val Metric: 0.6300
Epoch 13/50 - Train Loss: 0.6651 - Train Metric: 0.6227
Epoch 13/50 - Val Metric: 0.6276
Epoch 14/50 - Train Loss: 0.6626 - Train Metric: 0.6279
Epoch 14/50 - Val Metric: 0.6348
Epoch 15/50 - Train Loss: 0.6638 - Train Metric: 0.6237
Epoch 15/50 - Val Metric: 0.6332
Epoch 16/50 - Train Loss: 0.6636 - Train Metric: 0.6244
Epoch 16/50 - Val Metric: 0.6352
Epoch 17/50 - Train Loss: 0.6641 - Train Metric: 0.6207
Epoch 17/50 - Val Metric: 0.6287
Epoch 18/50 - Train Loss: 0.6815 - Train Metric: 0.5896
Epoch 18/50 - Val Metric: 0.6216
Epoch 19/50 - Train Loss: 0.6737 - Train Metric: 0.6102
Epoch 19/50 - Val Metric: 0.6311
Epoch 20/50 - Train Loss: 0.6718 - Train Metric: 0.6145
Epoch 20/50 - Val Metric: 0.6278
Epoch 21/50 - Train Loss: 0.6680 - Train Metric: 0.6218
Epoch 21/50 - Val Metric: 0.6292
Epoch 22/50 - Train Loss: 0.6650 - Train Metric: 0.6233
Epoch 22/50 - Val Metric: 0.6274
Training set has 6086 instances
Validation set has 760 instances
Test set has 762 instances
Training set has 6086 instances
Validation set has 760 instances
Test set has 762 instances
Epoch 1/50 - Train Loss: 0.7307 - Train Metric: 0.5007
Epoch 1/50 - Val Metric: 0.6061
Epoch 2/50 - Train Loss: 0.6953 - Train Metric: 0.4954
Epoch 2/50 - Val Metric: 0.6050
Epoch 3/50 - Train Loss: 0.6942 - Train Metric: 0.5128
Epoch 3/50 - Val Metric: 0.6129
Epoch 4/50 - Train Loss: 0.6930 - Train Metric: 0.5026
Epoch 4/50 - Val Metric: 0.6114
Epoch 5/50 - Train Loss: 0.6968 - Train Metric: 0.5123
Epoch 5/50 - Val Metric: 0.6272
Epoch 6/50 - Train Loss: 0.6935 - Train Metric: 0.5195
Epoch 6/50 - Val Metric: 0.6263
Epoch 7/50 - Train Loss: 0.6875 - Train Metric: 0.5467
Epoch 7/50 - Val Metric: 0.6285
Epoch 8/50 - Train Loss: 0.6769 - Train Metric: 0.6006
Epoch 8/50 - Val Metric: 0.6415
Epoch 9/50 - Train Loss: 0.6706 - Train Metric: 0.6197
Epoch 9/50 - Val Metric: 0.6453
Epoch 10/50 - Train Loss: 0.6695 - Train Metric: 0.6190
Epoch 10/50 - Val Metric: 0.6448
Epoch 11/50 - Train Loss: 0.6734 - Train Metric: 0.5977
Epoch 11/50 - Val Metric: 0.6539
Epoch 12/50 - Train Loss: 0.6683 - Train Metric: 0.6211
Epoch 12/50 - Val Metric: 0.6518
Epoch 13/50 - Train Loss: 0.6642 - Train Metric: 0.6267
Epoch 13/50 - Val Metric: 0.6537
Epoch 14/50 - Train Loss: 0.6625 - Train Metric: 0.6255
Epoch 14/50 - Val Metric: 0.6579
Epoch 15/50 - Train Loss: 0.6610 - Train Metric: 0.6289
Epoch 15/50 - Val Metric: 0.6567
Epoch 16/50 - Train Loss: 0.6624 - Train Metric: 0.6330
Epoch 16/50 - Val Metric: 0.6584
Epoch 17/50 - Train Loss: 0.6617 - Train Metric: 0.6292
Epoch 17/50 - Val Metric: 0.6559
Epoch 18/50 - Train Loss: 0.6551 - Train Metric: 0.6396
Epoch 18/50 - Val Metric: 0.6579
Epoch 19/50 - Train Loss: 0.6547 - Train Metric: 0.6383
Epoch 19/50 - Val Metric: 0.6516
Epoch 20/50 - Train Loss: 0.6587 - Train Metric: 0.6363
Epoch 20/50 - Val Metric: 0.6396
Epoch 21/50 - Train Loss: 0.6584 - Train Metric: 0.6345
Epoch 21/50 - Val Metric: 0.6517
Epoch 22/50 - Train Loss: 0.6501 - Train Metric: 0.6518
Epoch 22/50 - Val Metric: 0.6517
Epoch 23/50 - Train Loss: 0.6483 - Train Metric: 0.6538
Epoch 23/50 - Val Metric: 0.6598
Epoch 24/50 - Train Loss: 0.6541 - Train Metric: 0.6476
Epoch 24/50 - Val Metric: 0.6596
Epoch 25/50 - Train Loss: 0.6533 - Train Metric: 0.6448
Epoch 25/50 - Val Metric: 0.6548
Epoch 26/50 - Train Loss: 0.6497 - Train Metric: 0.6521
Epoch 26/50 - Val Metric: 0.6558
Epoch 27/50 - Train Loss: 0.6526 - Train Metric: 0.6451
Epoch 27/50 - Val Metric: 0.6610
Epoch 28/50 - Train Loss: 0.6481 - Train Metric: 0.6557
Epoch 28/50 - Val Metric: 0.6594
Epoch 29/50 - Train Loss: 0.6441 - Train Metric: 0.6644
Epoch 29/50 - Val Metric: 0.6661
Epoch 30/50 - Train Loss: 0.6434 - Train Metric: 0.6635
Epoch 30/50 - Val Metric: 0.6688
Epoch 31/50 - Train Loss: 0.6442 - Train Metric: 0.6622
Epoch 31/50 - Val Metric: 0.6513
Epoch 32/50 - Train Loss: 0.6407 - Train Metric: 0.6654
Epoch 32/50 - Val Metric: 0.6529
Epoch 33/50 - Train Loss: 0.6377 - Train Metric: 0.6712
Epoch 33/50 - Val Metric: 0.6639
Epoch 34/50 - Train Loss: 0.6470 - Train Metric: 0.6547
Epoch 34/50 - Val Metric: 0.6566
Epoch 35/50 - Train Loss: 0.6403 - Train Metric: 0.6690
Epoch 35/50 - Val Metric: 0.6403
Epoch 36/50 - Train Loss: 0.6418 - Train Metric: 0.6610
Epoch 36/50 - Val Metric: 0.6592
Epoch 37/50 - Train Loss: 0.6357 - Train Metric: 0.6743
Epoch 37/50 - Val Metric: 0.6674
Epoch 38/50 - Train Loss: 0.6329 - Train Metric: 0.6785
Epoch 38/50 - Val Metric: 0.6501
Epoch 39/50 - Train Loss: 0.6294 - Train Metric: 0.6860
Epoch 39/50 - Val Metric: 0.6471
Epoch 40/50 - Train Loss: 0.6353 - Train Metric: 0.6715
Epoch 40/50 - Val Metric: 0.6574
Epoch 41/50 - Train Loss: 0.6396 - Train Metric: 0.6706
Epoch 41/50 - Val Metric: 0.6648
Epoch 42/50 - Train Loss: 0.6317 - Train Metric: 0.6790
Epoch 42/50 - Val Metric: 0.6426
Epoch 43/50 - Train Loss: 0.6353 - Train Metric: 0.6755
Epoch 43/50 - Val Metric: 0.6504
Epoch 44/50 - Train Loss: 0.6391 - Train Metric: 0.6736
Epoch 44/50 - Val Metric: 0.6545
Epoch 45/50 - Train Loss: 0.6348 - Train Metric: 0.6800
Epoch 45/50 - Val Metric: 0.6563
Epoch 46/50 - Train Loss: 0.6286 - Train Metric: 0.6862
Epoch 46/50 - Val Metric: 0.6524
Epoch 47/50 - Train Loss: 0.6342 - Train Metric: 0.6785
Epoch 47/50 - Val Metric: 0.6640
Epoch 48/50 - Train Loss: 0.6298 - Train Metric: 0.6873
Epoch 48/50 - Val Metric: 0.6544
Epoch 49/50 - Train Loss: 0.6240 - Train Metric: 0.6941
Epoch 49/50 - Val Metric: 0.6539
Epoch 50/50 - Train Loss: 0.6244 - Train Metric: 0.6944
Epoch 50/50 - Val Metric: 0.6585
Best val: 0.6688, Best test: 0.6082
Training set has 6086 instances
Validation set has 760 instances
Test set has 762 instances
Epoch 1/50 - Train Loss: 0.7137 - Train Metric: 0.5077
Epoch 1/50 - Val Metric: 0.5577
Epoch 2/50 - Train Loss: 0.6940 - Train Metric: 0.5094
Epoch 2/50 - Val Metric: 0.5740
Epoch 3/50 - Train Loss: 0.6942 - Train Metric: 0.5057
Epoch 3/50 - Val Metric: 0.5776
Epoch 4/50 - Train Loss: 0.6941 - Train Metric: 0.5098
Epoch 4/50 - Val Metric: 0.5875
Epoch 5/50 - Train Loss: 0.6924 - Train Metric: 0.5193
Epoch 5/50 - Val Metric: 0.5892
Epoch 6/50 - Train Loss: 0.6866 - Train Metric: 0.5646
Epoch 6/50 - Val Metric: 0.6064
Epoch 7/50 - Train Loss: 0.6838 - Train Metric: 0.5815
Epoch 7/50 - Val Metric: 0.6035
Epoch 8/50 - Train Loss: 0.6769 - Train Metric: 0.6030
Epoch 8/50 - Val Metric: 0.6214
Epoch 9/50 - Train Loss: 0.6744 - Train Metric: 0.6076
Epoch 9/50 - Val Metric: 0.6222
Epoch 10/50 - Train Loss: 0.6716 - Train Metric: 0.6167
Epoch 10/50 - Val Metric: 0.6223
Epoch 11/50 - Train Loss: 0.6712 - Train Metric: 0.6097
Epoch 11/50 - Val Metric: 0.6246
Epoch 12/50 - Train Loss: 0.6679 - Train Metric: 0.6137
Epoch 12/50 - Val Metric: 0.6293
Epoch 13/50 - Train Loss: 0.6664 - Train Metric: 0.6213
Epoch 13/50 - Val Metric: 0.6316
Epoch 14/50 - Train Loss: 0.6633 - Train Metric: 0.6259
Epoch 14/50 - Val Metric: 0.6271
Epoch 15/50 - Train Loss: 0.6656 - Train Metric: 0.6145
Epoch 15/50 - Val Metric: 0.6324
Epoch 16/50 - Train Loss: 0.6648 - Train Metric: 0.6216
Epoch 16/50 - Val Metric: 0.6254
Epoch 17/50 - Train Loss: 0.6630 - Train Metric: 0.6320
Epoch 17/50 - Val Metric: 0.5977
Epoch 18/50 - Train Loss: 0.6691 - Train Metric: 0.6115
Epoch 18/50 - Val Metric: 0.6175
Training set has 6086 instances
Validation set has 760 instances
Test set has 762 instances
Training set has 6086 instances
Validation set has 760 instances
Test set has 762 instances
Training set has 6086 instances
Validation set has 760 instances
Test set has 762 instances
Epoch 1/50 - Train Loss: 0.7102 - Train Metric: 0.5034
Epoch 1/50 - Val Metric: 0.5594
Epoch 2/50 - Train Loss: 0.6996 - Train Metric: 0.4981
Epoch 2/50 - Val Metric: 0.5891
Epoch 3/50 - Train Loss: 0.6967 - Train Metric: 0.5018
Epoch 3/50 - Val Metric: 0.5790
Epoch 4/50 - Train Loss: 0.6983 - Train Metric: 0.4890
Epoch 4/50 - Val Metric: 0.5658
Epoch 5/50 - Train Loss: 0.6953 - Train Metric: 0.5060
Epoch 5/50 - Val Metric: 0.5615
Epoch 6/50 - Train Loss: 0.6945 - Train Metric: 0.5047
Epoch 6/50 - Val Metric: 0.5678
Hyper-parameter search done. Found the best config.
Repeat experiments 5 times with the best train config {'batch_size': 256, 'gamma_rate': 1.0, 'base_lr': 0.001} and model config {'num_heads': 8, 'num_layers': 6, 'num_latents': 64, 'hidden_dim': 64, 'mlp_ratio': 0.5, 'dropout_prob': 0, 'top_k': 3}.
Training set has 6086 instances
Validation set has 760 instances
Test set has 762 instances
Epoch 1/50 - Train Loss: 0.7067 - Train Metric: 0.5023
Epoch 1/50 - Val Metric: 0.5406
Epoch 2/50 - Train Loss: 0.6943 - Train Metric: 0.5098
Epoch 2/50 - Val Metric: 0.5645
Epoch 3/50 - Train Loss: 0.6944 - Train Metric: 0.5091
Epoch 3/50 - Val Metric: 0.5744
Epoch 4/50 - Train Loss: 0.6958 - Train Metric: 0.5100
Epoch 4/50 - Val Metric: 0.5768
Epoch 5/50 - Train Loss: 0.6921 - Train Metric: 0.5235
Epoch 5/50 - Val Metric: 0.5811
Epoch 6/50 - Train Loss: 0.6935 - Train Metric: 0.5289
Epoch 6/50 - Val Metric: 0.5891
Epoch 7/50 - Train Loss: 0.6849 - Train Metric: 0.5614
Epoch 7/50 - Val Metric: 0.5996
Epoch 8/50 - Train Loss: 0.6817 - Train Metric: 0.5832
Epoch 8/50 - Val Metric: 0.6260
Epoch 9/50 - Train Loss: 0.6753 - Train Metric: 0.6033
Epoch 9/50 - Val Metric: 0.6338
Epoch 10/50 - Train Loss: 0.6695 - Train Metric: 0.6142
Epoch 10/50 - Val Metric: 0.6381
Epoch 11/50 - Train Loss: 0.6641 - Train Metric: 0.6230
Epoch 11/50 - Val Metric: 0.6450
Epoch 12/50 - Train Loss: 0.6644 - Train Metric: 0.6265
Epoch 12/50 - Val Metric: 0.6497
Epoch 13/50 - Train Loss: 0.6662 - Train Metric: 0.6228
Epoch 13/50 - Val Metric: 0.6454
Epoch 14/50 - Train Loss: 0.6598 - Train Metric: 0.6342
Epoch 14/50 - Val Metric: 0.6489
Epoch 15/50 - Train Loss: 0.6568 - Train Metric: 0.6389
Epoch 15/50 - Val Metric: 0.6477
Epoch 16/50 - Train Loss: 0.6575 - Train Metric: 0.6374
Epoch 16/50 - Val Metric: 0.6457
Epoch 17/50 - Train Loss: 0.6694 - Train Metric: 0.6164
Epoch 17/50 - Val Metric: 0.6292
Epoch 18/50 - Train Loss: 0.6629 - Train Metric: 0.6307
Epoch 18/50 - Val Metric: 0.6457
Epoch 19/50 - Train Loss: 0.6592 - Train Metric: 0.6320
Epoch 19/50 - Val Metric: 0.6447
Epoch 20/50 - Train Loss: 0.6575 - Train Metric: 0.6392
Epoch 20/50 - Val Metric: 0.6454
Epoch 21/50 - Train Loss: 0.6545 - Train Metric: 0.6390
Epoch 21/50 - Val Metric: 0.6465
Epoch 22/50 - Train Loss: 0.6512 - Train Metric: 0.6482
Epoch 22/50 - Val Metric: 0.6520
Epoch 23/50 - Train Loss: 0.6503 - Train Metric: 0.6521
Epoch 23/50 - Val Metric: 0.6511
Epoch 24/50 - Train Loss: 0.6469 - Train Metric: 0.6548
Epoch 24/50 - Val Metric: 0.6446
Epoch 25/50 - Train Loss: 0.6468 - Train Metric: 0.6530
Epoch 25/50 - Val Metric: 0.6410
Epoch 26/50 - Train Loss: 0.6469 - Train Metric: 0.6542
Epoch 26/50 - Val Metric: 0.6383
Epoch 27/50 - Train Loss: 0.6460 - Train Metric: 0.6549
Epoch 27/50 - Val Metric: 0.6443
Epoch 28/50 - Train Loss: 0.6405 - Train Metric: 0.6621
Epoch 28/50 - Val Metric: 0.6481
Epoch 29/50 - Train Loss: 0.6429 - Train Metric: 0.6664
Epoch 29/50 - Val Metric: 0.6520
Epoch 30/50 - Train Loss: 0.6401 - Train Metric: 0.6667
Epoch 30/50 - Val Metric: 0.6380
Epoch 31/50 - Train Loss: 0.6366 - Train Metric: 0.6638
Epoch 31/50 - Val Metric: 0.6528
Epoch 32/50 - Train Loss: 0.6469 - Train Metric: 0.6615
Epoch 32/50 - Val Metric: 0.6477
Epoch 33/50 - Train Loss: 0.6457 - Train Metric: 0.6607
Epoch 33/50 - Val Metric: 0.6540
Epoch 34/50 - Train Loss: 0.6359 - Train Metric: 0.6726
Epoch 34/50 - Val Metric: 0.6550
Epoch 35/50 - Train Loss: 0.6353 - Train Metric: 0.6681
Epoch 35/50 - Val Metric: 0.6416
Epoch 36/50 - Train Loss: 0.6317 - Train Metric: 0.6767
Epoch 36/50 - Val Metric: 0.6552
Epoch 37/50 - Train Loss: 0.6388 - Train Metric: 0.6630
Epoch 37/50 - Val Metric: 0.6408
Epoch 38/50 - Train Loss: 0.6380 - Train Metric: 0.6637
Epoch 38/50 - Val Metric: 0.6420
Epoch 39/50 - Train Loss: 0.6324 - Train Metric: 0.6755
Epoch 39/50 - Val Metric: 0.6483
Epoch 40/50 - Train Loss: 0.6332 - Train Metric: 0.6777
Epoch 40/50 - Val Metric: 0.6636
Epoch 41/50 - Train Loss: 0.6407 - Train Metric: 0.6581
Epoch 41/50 - Val Metric: 0.6695
Epoch 42/50 - Train Loss: 0.6329 - Train Metric: 0.6710
Epoch 42/50 - Val Metric: 0.6647
Epoch 43/50 - Train Loss: 0.6281 - Train Metric: 0.6794
Epoch 43/50 - Val Metric: 0.6628
Epoch 44/50 - Train Loss: 0.6253 - Train Metric: 0.6852
Epoch 44/50 - Val Metric: 0.6478
Epoch 45/50 - Train Loss: 0.6236 - Train Metric: 0.6851
Epoch 45/50 - Val Metric: 0.6419
Epoch 46/50 - Train Loss: 0.6376 - Train Metric: 0.6687
Epoch 46/50 - Val Metric: 0.6575
Epoch 47/50 - Train Loss: 0.6381 - Train Metric: 0.6641
Epoch 47/50 - Val Metric: 0.6642
Epoch 48/50 - Train Loss: 0.6230 - Train Metric: 0.6919
Epoch 48/50 - Val Metric: 0.6660
Epoch 49/50 - Train Loss: 0.6225 - Train Metric: 0.6900
Epoch 49/50 - Val Metric: 0.6496
Epoch 50/50 - Train Loss: 0.6220 - Train Metric: 0.6936
Epoch 50/50 - Val Metric: 0.6497
Best val: 0.6695, Best test: 0.6350
Training set has 6086 instances
Validation set has 760 instances
Test set has 762 instances
Epoch 1/50 - Train Loss: 0.7029 - Train Metric: 0.5001
Epoch 1/50 - Val Metric: 0.5418
Epoch 2/50 - Train Loss: 0.6947 - Train Metric: 0.5020
Epoch 2/50 - Val Metric: 0.5400
Epoch 3/50 - Train Loss: 0.6948 - Train Metric: 0.5010
Epoch 3/50 - Val Metric: 0.5458
Epoch 4/50 - Train Loss: 0.6960 - Train Metric: 0.5079
Epoch 4/50 - Val Metric: 0.5499
Epoch 5/50 - Train Loss: 0.6928 - Train Metric: 0.5125
Epoch 5/50 - Val Metric: 0.5587
Epoch 6/50 - Train Loss: 0.6940 - Train Metric: 0.5106
Epoch 6/50 - Val Metric: 0.5696
Epoch 7/50 - Train Loss: 0.6880 - Train Metric: 0.5590
Epoch 7/50 - Val Metric: 0.5889
Epoch 8/50 - Train Loss: 0.6816 - Train Metric: 0.5810
Epoch 8/50 - Val Metric: 0.5858
Epoch 9/50 - Train Loss: 0.6704 - Train Metric: 0.6154
Epoch 9/50 - Val Metric: 0.5984
Epoch 10/50 - Train Loss: 0.6695 - Train Metric: 0.6135
Epoch 10/50 - Val Metric: 0.5833
Epoch 11/50 - Train Loss: 0.6661 - Train Metric: 0.6241
Epoch 11/50 - Val Metric: 0.5984
Epoch 12/50 - Train Loss: 0.6668 - Train Metric: 0.6240
Epoch 12/50 - Val Metric: 0.5988
Epoch 13/50 - Train Loss: 0.6684 - Train Metric: 0.6260
Epoch 13/50 - Val Metric: 0.5849
Epoch 14/50 - Train Loss: 0.6633 - Train Metric: 0.6303
Epoch 14/50 - Val Metric: 0.6031
Epoch 15/50 - Train Loss: 0.6605 - Train Metric: 0.6348
Epoch 15/50 - Val Metric: 0.6066
Epoch 16/50 - Train Loss: 0.6557 - Train Metric: 0.6418
Epoch 16/50 - Val Metric: 0.6002
Epoch 17/50 - Train Loss: 0.6607 - Train Metric: 0.6300
Epoch 17/50 - Val Metric: 0.6072
Epoch 18/50 - Train Loss: 0.6558 - Train Metric: 0.6399
Epoch 18/50 - Val Metric: 0.5961
Epoch 19/50 - Train Loss: 0.6540 - Train Metric: 0.6454
Epoch 19/50 - Val Metric: 0.6111
Epoch 20/50 - Train Loss: 0.6567 - Train Metric: 0.6380
Epoch 20/50 - Val Metric: 0.6077
Epoch 21/50 - Train Loss: 0.6541 - Train Metric: 0.6420
Epoch 21/50 - Val Metric: 0.6050
Epoch 22/50 - Train Loss: 0.6526 - Train Metric: 0.6497
Epoch 22/50 - Val Metric: 0.6122
Epoch 23/50 - Train Loss: 0.6540 - Train Metric: 0.6456
Epoch 23/50 - Val Metric: 0.6060
Epoch 24/50 - Train Loss: 0.6531 - Train Metric: 0.6436
Epoch 24/50 - Val Metric: 0.6092
Epoch 25/50 - Train Loss: 0.6542 - Train Metric: 0.6527
Epoch 25/50 - Val Metric: 0.5997
Epoch 26/50 - Train Loss: 0.6523 - Train Metric: 0.6516
Epoch 26/50 - Val Metric: 0.6098
Epoch 27/50 - Train Loss: 0.6501 - Train Metric: 0.6532
Epoch 27/50 - Val Metric: 0.6075
Epoch 28/50 - Train Loss: 0.6479 - Train Metric: 0.6582
Epoch 28/50 - Val Metric: 0.6139
Epoch 29/50 - Train Loss: 0.6448 - Train Metric: 0.6613
Epoch 29/50 - Val Metric: 0.6114
Epoch 30/50 - Train Loss: 0.6446 - Train Metric: 0.6654
Epoch 30/50 - Val Metric: 0.6056
Epoch 31/50 - Train Loss: 0.6462 - Train Metric: 0.6612
Epoch 31/50 - Val Metric: 0.6041
Epoch 32/50 - Train Loss: 0.6423 - Train Metric: 0.6644
Epoch 32/50 - Val Metric: 0.6123
Epoch 33/50 - Train Loss: 0.6430 - Train Metric: 0.6631
Epoch 33/50 - Val Metric: 0.6099
Epoch 34/50 - Train Loss: 0.6417 - Train Metric: 0.6653
Epoch 34/50 - Val Metric: 0.6060
Epoch 35/50 - Train Loss: 0.6395 - Train Metric: 0.6695
Epoch 35/50 - Val Metric: 0.6166
Epoch 36/50 - Train Loss: 0.6437 - Train Metric: 0.6599
Epoch 36/50 - Val Metric: 0.6181
Epoch 37/50 - Train Loss: 0.6385 - Train Metric: 0.6698
Epoch 37/50 - Val Metric: 0.6202
Epoch 38/50 - Train Loss: 0.6385 - Train Metric: 0.6748
Epoch 38/50 - Val Metric: 0.6161
Epoch 39/50 - Train Loss: 0.6328 - Train Metric: 0.6809
Epoch 39/50 - Val Metric: 0.6197
Epoch 40/50 - Train Loss: 0.6398 - Train Metric: 0.6733
Epoch 40/50 - Val Metric: 0.6330
Epoch 41/50 - Train Loss: 0.6350 - Train Metric: 0.6788
Epoch 41/50 - Val Metric: 0.6159
Epoch 42/50 - Train Loss: 0.6403 - Train Metric: 0.6690
Epoch 42/50 - Val Metric: 0.6161
Epoch 43/50 - Train Loss: 0.6450 - Train Metric: 0.6616
Epoch 43/50 - Val Metric: 0.6242
Epoch 44/50 - Train Loss: 0.6391 - Train Metric: 0.6697
Epoch 44/50 - Val Metric: 0.6371
Epoch 45/50 - Train Loss: 0.6344 - Train Metric: 0.6780
Epoch 45/50 - Val Metric: 0.6306
Epoch 46/50 - Train Loss: 0.6291 - Train Metric: 0.6864
Epoch 46/50 - Val Metric: 0.6350
Epoch 47/50 - Train Loss: 0.6313 - Train Metric: 0.6828
Epoch 47/50 - Val Metric: 0.6218
Epoch 48/50 - Train Loss: 0.6292 - Train Metric: 0.6845
Epoch 48/50 - Val Metric: 0.6256
Epoch 49/50 - Train Loss: 0.6298 - Train Metric: 0.6856
Epoch 49/50 - Val Metric: 0.6260
Epoch 50/50 - Train Loss: 0.6332 - Train Metric: 0.6800
Epoch 50/50 - Val Metric: 0.6416
Best val: 0.6416, Best test: 0.6305
Training set has 6086 instances
Validation set has 760 instances
Test set has 762 instances
Epoch 1/50 - Train Loss: 0.7142 - Train Metric: 0.5091
Epoch 1/50 - Val Metric: 0.5125
Epoch 2/50 - Train Loss: 0.6936 - Train Metric: 0.5010
Epoch 2/50 - Val Metric: 0.5393
Epoch 3/50 - Train Loss: 0.6941 - Train Metric: 0.5101
Epoch 3/50 - Val Metric: 0.5406
Epoch 4/50 - Train Loss: 0.6910 - Train Metric: 0.5360
Epoch 4/50 - Val Metric: 0.5595
Epoch 5/50 - Train Loss: 0.6790 - Train Metric: 0.5853
Epoch 5/50 - Val Metric: 0.5697
Epoch 6/50 - Train Loss: 0.6718 - Train Metric: 0.6039
Epoch 6/50 - Val Metric: 0.5709
Epoch 7/50 - Train Loss: 0.6692 - Train Metric: 0.6121
Epoch 7/50 - Val Metric: 0.5711
Epoch 8/50 - Train Loss: 0.6711 - Train Metric: 0.6121
Epoch 8/50 - Val Metric: 0.5764
Epoch 9/50 - Train Loss: 0.6655 - Train Metric: 0.6188
Epoch 9/50 - Val Metric: 0.5761
Epoch 10/50 - Train Loss: 0.6632 - Train Metric: 0.6230
Epoch 10/50 - Val Metric: 0.5723
Epoch 11/50 - Train Loss: 0.6697 - Train Metric: 0.6167
Epoch 11/50 - Val Metric: 0.5738
Epoch 12/50 - Train Loss: 0.6693 - Train Metric: 0.6103
Epoch 12/50 - Val Metric: 0.5761
Epoch 13/50 - Train Loss: 0.6623 - Train Metric: 0.6316
Epoch 13/50 - Val Metric: 0.5691
Epoch 14/50 - Train Loss: 0.6596 - Train Metric: 0.6351
Epoch 14/50 - Val Metric: 0.5770
Epoch 15/50 - Train Loss: 0.6629 - Train Metric: 0.6273
Epoch 15/50 - Val Metric: 0.5762
Epoch 16/50 - Train Loss: 0.6582 - Train Metric: 0.6389
Epoch 16/50 - Val Metric: 0.5817
Epoch 17/50 - Train Loss: 0.6551 - Train Metric: 0.6414
Epoch 17/50 - Val Metric: 0.5813
Epoch 18/50 - Train Loss: 0.6539 - Train Metric: 0.6425
Epoch 18/50 - Val Metric: 0.5810
Epoch 19/50 - Train Loss: 0.6564 - Train Metric: 0.6363
Epoch 19/50 - Val Metric: 0.5813
Epoch 20/50 - Train Loss: 0.6535 - Train Metric: 0.6414
Epoch 20/50 - Val Metric: 0.5797
Epoch 21/50 - Train Loss: 0.6527 - Train Metric: 0.6486
Epoch 21/50 - Val Metric: 0.5849
Epoch 22/50 - Train Loss: 0.6528 - Train Metric: 0.6469
Epoch 22/50 - Val Metric: 0.5828
Epoch 23/50 - Train Loss: 0.6534 - Train Metric: 0.6437
Epoch 23/50 - Val Metric: 0.5829
Epoch 24/50 - Train Loss: 0.6491 - Train Metric: 0.6579
Epoch 24/50 - Val Metric: 0.5862
Epoch 25/50 - Train Loss: 0.6471 - Train Metric: 0.6600
Epoch 25/50 - Val Metric: 0.5865
Epoch 26/50 - Train Loss: 0.6543 - Train Metric: 0.6474
Epoch 26/50 - Val Metric: 0.5859
Epoch 27/50 - Train Loss: 0.6509 - Train Metric: 0.6514
Epoch 27/50 - Val Metric: 0.5865
Epoch 28/50 - Train Loss: 0.6470 - Train Metric: 0.6541
Epoch 28/50 - Val Metric: 0.5920
Epoch 29/50 - Train Loss: 0.6421 - Train Metric: 0.6667
Epoch 29/50 - Val Metric: 0.5826
Epoch 30/50 - Train Loss: 0.6385 - Train Metric: 0.6718
Epoch 30/50 - Val Metric: 0.5950
Epoch 31/50 - Train Loss: 0.6397 - Train Metric: 0.6722
Epoch 31/50 - Val Metric: 0.6035
Epoch 32/50 - Train Loss: 0.6456 - Train Metric: 0.6592
Epoch 32/50 - Val Metric: 0.5923
Epoch 33/50 - Train Loss: 0.6387 - Train Metric: 0.6743
Epoch 33/50 - Val Metric: 0.5907
Epoch 34/50 - Train Loss: 0.6332 - Train Metric: 0.6802
Epoch 34/50 - Val Metric: 0.5860
Epoch 35/50 - Train Loss: 0.6300 - Train Metric: 0.6852
Epoch 35/50 - Val Metric: 0.5854
Epoch 36/50 - Train Loss: 0.6357 - Train Metric: 0.6771
Epoch 36/50 - Val Metric: 0.5932
Epoch 37/50 - Train Loss: 0.6359 - Train Metric: 0.6787
Epoch 37/50 - Val Metric: 0.5954
Epoch 38/50 - Train Loss: 0.6294 - Train Metric: 0.6851
Epoch 38/50 - Val Metric: 0.5953
Epoch 39/50 - Train Loss: 0.6300 - Train Metric: 0.6841
Epoch 39/50 - Val Metric: 0.6074
Epoch 40/50 - Train Loss: 0.6271 - Train Metric: 0.6888
Epoch 40/50 - Val Metric: 0.5966
Epoch 41/50 - Train Loss: 0.6282 - Train Metric: 0.6910
Epoch 41/50 - Val Metric: 0.5953
Epoch 42/50 - Train Loss: 0.6185 - Train Metric: 0.7003
Epoch 42/50 - Val Metric: 0.5993
Epoch 43/50 - Train Loss: 0.6246 - Train Metric: 0.6910
Epoch 43/50 - Val Metric: 0.6086
Epoch 44/50 - Train Loss: 0.6198 - Train Metric: 0.7022
Epoch 44/50 - Val Metric: 0.6169
Epoch 45/50 - Train Loss: 0.6221 - Train Metric: 0.6953
Epoch 45/50 - Val Metric: 0.6124
Epoch 46/50 - Train Loss: 0.6150 - Train Metric: 0.7081
Epoch 46/50 - Val Metric: 0.6112
Epoch 47/50 - Train Loss: 0.6188 - Train Metric: 0.7043
Epoch 47/50 - Val Metric: 0.5893
Epoch 48/50 - Train Loss: 0.6204 - Train Metric: 0.7012
Epoch 48/50 - Val Metric: 0.6029
Epoch 49/50 - Train Loss: 0.6104 - Train Metric: 0.7131
Epoch 49/50 - Val Metric: 0.6281
Epoch 50/50 - Train Loss: 0.6102 - Train Metric: 0.7133
Epoch 50/50 - Val Metric: 0.6217
Best val: 0.6281, Best test: 0.6969
Training set has 6086 instances
Validation set has 760 instances
Test set has 762 instances
Epoch 1/50 - Train Loss: 0.7100 - Train Metric: 0.5015
Epoch 1/50 - Val Metric: 0.5450
Epoch 2/50 - Train Loss: 0.6942 - Train Metric: 0.5199
Epoch 2/50 - Val Metric: 0.5453
Epoch 3/50 - Train Loss: 0.6945 - Train Metric: 0.5059
Epoch 3/50 - Val Metric: 0.5508
Epoch 4/50 - Train Loss: 0.6932 - Train Metric: 0.4942
Epoch 4/50 - Val Metric: 0.5505
Epoch 5/50 - Train Loss: 0.6933 - Train Metric: 0.5028
Epoch 5/50 - Val Metric: 0.5556
Epoch 6/50 - Train Loss: 0.6917 - Train Metric: 0.5333
Epoch 6/50 - Val Metric: 0.5690
Epoch 7/50 - Train Loss: 0.6889 - Train Metric: 0.5447
Epoch 7/50 - Val Metric: 0.5734
Epoch 8/50 - Train Loss: 0.6869 - Train Metric: 0.5639
Epoch 8/50 - Val Metric: 0.5849
Epoch 9/50 - Train Loss: 0.6792 - Train Metric: 0.5943
Epoch 9/50 - Val Metric: 0.6115
Epoch 10/50 - Train Loss: 0.6814 - Train Metric: 0.5895
Epoch 10/50 - Val Metric: 0.6155
Epoch 11/50 - Train Loss: 0.6730 - Train Metric: 0.6124
Epoch 11/50 - Val Metric: 0.6178
Epoch 12/50 - Train Loss: 0.6772 - Train Metric: 0.5970
Epoch 12/50 - Val Metric: 0.6199
Epoch 13/50 - Train Loss: 0.6699 - Train Metric: 0.6143
Epoch 13/50 - Val Metric: 0.6307
Epoch 14/50 - Train Loss: 0.6671 - Train Metric: 0.6195
Epoch 14/50 - Val Metric: 0.6259
Epoch 15/50 - Train Loss: 0.6655 - Train Metric: 0.6259
Epoch 15/50 - Val Metric: 0.6184
Epoch 16/50 - Train Loss: 0.6682 - Train Metric: 0.6092
Epoch 16/50 - Val Metric: 0.6143
Epoch 17/50 - Train Loss: 0.6644 - Train Metric: 0.6246
Epoch 17/50 - Val Metric: 0.6187
Epoch 18/50 - Train Loss: 0.6598 - Train Metric: 0.6324
Epoch 18/50 - Val Metric: 0.6256
Epoch 19/50 - Train Loss: 0.6588 - Train Metric: 0.6385
Epoch 19/50 - Val Metric: 0.6229
Epoch 20/50 - Train Loss: 0.6588 - Train Metric: 0.6395
Epoch 20/50 - Val Metric: 0.6034
Epoch 21/50 - Train Loss: 0.6559 - Train Metric: 0.6414
Epoch 21/50 - Val Metric: 0.6312
Epoch 22/50 - Train Loss: 0.6540 - Train Metric: 0.6447
Epoch 22/50 - Val Metric: 0.6051
Epoch 23/50 - Train Loss: 0.6563 - Train Metric: 0.6346
Epoch 23/50 - Val Metric: 0.6262
Epoch 24/50 - Train Loss: 0.6506 - Train Metric: 0.6519
Epoch 24/50 - Val Metric: 0.6247
Epoch 25/50 - Train Loss: 0.6514 - Train Metric: 0.6498
Epoch 25/50 - Val Metric: 0.6253
Epoch 26/50 - Train Loss: 0.6548 - Train Metric: 0.6449
Epoch 26/50 - Val Metric: 0.6377
Epoch 27/50 - Train Loss: 0.6539 - Train Metric: 0.6446
Epoch 27/50 - Val Metric: 0.6324
Epoch 28/50 - Train Loss: 0.6567 - Train Metric: 0.6410
Epoch 28/50 - Val Metric: 0.6325
Epoch 29/50 - Train Loss: 0.6498 - Train Metric: 0.6552
Epoch 29/50 - Val Metric: 0.6245
Epoch 30/50 - Train Loss: 0.6447 - Train Metric: 0.6617
Epoch 30/50 - Val Metric: 0.6369
Epoch 31/50 - Train Loss: 0.6413 - Train Metric: 0.6682
Epoch 31/50 - Val Metric: 0.6279
Epoch 32/50 - Train Loss: 0.6469 - Train Metric: 0.6582
Epoch 32/50 - Val Metric: 0.6275
Epoch 33/50 - Train Loss: 0.6551 - Train Metric: 0.6527
Epoch 33/50 - Val Metric: 0.6200
Epoch 34/50 - Train Loss: 0.6485 - Train Metric: 0.6609
Epoch 34/50 - Val Metric: 0.6331
Epoch 35/50 - Train Loss: 0.6412 - Train Metric: 0.6700
Epoch 35/50 - Val Metric: 0.6392
Epoch 36/50 - Train Loss: 0.6406 - Train Metric: 0.6736
Epoch 36/50 - Val Metric: 0.6281
Epoch 37/50 - Train Loss: 0.6370 - Train Metric: 0.6782
Epoch 37/50 - Val Metric: 0.6381
Epoch 38/50 - Train Loss: 0.6350 - Train Metric: 0.6770
Epoch 38/50 - Val Metric: 0.6259
Epoch 39/50 - Train Loss: 0.6341 - Train Metric: 0.6797
Epoch 39/50 - Val Metric: 0.6361
Epoch 40/50 - Train Loss: 0.6336 - Train Metric: 0.6782
Epoch 40/50 - Val Metric: 0.6247
Epoch 41/50 - Train Loss: 0.6351 - Train Metric: 0.6797
Epoch 41/50 - Val Metric: 0.6320
Epoch 42/50 - Train Loss: 0.6337 - Train Metric: 0.6795
Epoch 42/50 - Val Metric: 0.6321
Epoch 43/50 - Train Loss: 0.6274 - Train Metric: 0.6919
Epoch 43/50 - Val Metric: 0.6429
Epoch 44/50 - Train Loss: 0.6253 - Train Metric: 0.6929
Epoch 44/50 - Val Metric: 0.6320
Epoch 45/50 - Train Loss: 0.6257 - Train Metric: 0.6961
Epoch 45/50 - Val Metric: 0.6106
Epoch 46/50 - Train Loss: 0.6437 - Train Metric: 0.6652
Epoch 46/50 - Val Metric: 0.6201
Epoch 47/50 - Train Loss: 0.6417 - Train Metric: 0.6713
Epoch 47/50 - Val Metric: 0.6373
Epoch 48/50 - Train Loss: 0.6281 - Train Metric: 0.6887
Epoch 48/50 - Val Metric: 0.6319
Epoch 49/50 - Train Loss: 0.6232 - Train Metric: 0.6971
Epoch 49/50 - Val Metric: 0.6500
Epoch 50/50 - Train Loss: 0.6213 - Train Metric: 0.7006
Epoch 50/50 - Val Metric: 0.6254
Best val: 0.6500, Best test: 0.6552
Training set has 6086 instances
Validation set has 760 instances
Test set has 762 instances
Epoch 1/50 - Train Loss: 0.7123 - Train Metric: 0.5161
Epoch 1/50 - Val Metric: 0.5094
Epoch 2/50 - Train Loss: 0.6949 - Train Metric: 0.5018
Epoch 2/50 - Val Metric: 0.5353
Epoch 3/50 - Train Loss: 0.6940 - Train Metric: 0.5061
Epoch 3/50 - Val Metric: 0.5368
Epoch 4/50 - Train Loss: 0.6925 - Train Metric: 0.5047
Epoch 4/50 - Val Metric: 0.5552
Epoch 5/50 - Train Loss: 0.6912 - Train Metric: 0.5394
Epoch 5/50 - Val Metric: 0.5898
Epoch 6/50 - Train Loss: 0.6807 - Train Metric: 0.5866
Epoch 6/50 - Val Metric: 0.6020
Epoch 7/50 - Train Loss: 0.6748 - Train Metric: 0.6061
Epoch 7/50 - Val Metric: 0.6001
Epoch 8/50 - Train Loss: 0.6702 - Train Metric: 0.6148
Epoch 8/50 - Val Metric: 0.6084
Epoch 9/50 - Train Loss: 0.6666 - Train Metric: 0.6215
Epoch 9/50 - Val Metric: 0.6026
Epoch 10/50 - Train Loss: 0.6631 - Train Metric: 0.6321
Epoch 10/50 - Val Metric: 0.5815
Epoch 11/50 - Train Loss: 0.6633 - Train Metric: 0.6289
Epoch 11/50 - Val Metric: 0.6072
Epoch 12/50 - Train Loss: 0.6639 - Train Metric: 0.6241
Epoch 12/50 - Val Metric: 0.6043
Epoch 13/50 - Train Loss: 0.6576 - Train Metric: 0.6386
Epoch 13/50 - Val Metric: 0.6070
Epoch 14/50 - Train Loss: 0.6560 - Train Metric: 0.6463
Epoch 14/50 - Val Metric: 0.6136
Epoch 15/50 - Train Loss: 0.6570 - Train Metric: 0.6421
Epoch 15/50 - Val Metric: 0.6140
Epoch 16/50 - Train Loss: 0.6559 - Train Metric: 0.6436
Epoch 16/50 - Val Metric: 0.6163
Epoch 17/50 - Train Loss: 0.6549 - Train Metric: 0.6476
Epoch 17/50 - Val Metric: 0.6062
Epoch 18/50 - Train Loss: 0.6524 - Train Metric: 0.6471
Epoch 18/50 - Val Metric: 0.6284
Epoch 19/50 - Train Loss: 0.6517 - Train Metric: 0.6480
Epoch 19/50 - Val Metric: 0.6213
Epoch 20/50 - Train Loss: 0.6475 - Train Metric: 0.6573
Epoch 20/50 - Val Metric: 0.6096
Epoch 21/50 - Train Loss: 0.6518 - Train Metric: 0.6536
Epoch 21/50 - Val Metric: 0.6249
Epoch 22/50 - Train Loss: 0.6612 - Train Metric: 0.6319
Epoch 22/50 - Val Metric: 0.6242
Epoch 23/50 - Train Loss: 0.6561 - Train Metric: 0.6469
Epoch 23/50 - Val Metric: 0.6313
Epoch 24/50 - Train Loss: 0.6494 - Train Metric: 0.6549
Epoch 24/50 - Val Metric: 0.6241
Epoch 25/50 - Train Loss: 0.6484 - Train Metric: 0.6546
Epoch 25/50 - Val Metric: 0.6291
Epoch 26/50 - Train Loss: 0.6458 - Train Metric: 0.6604
Epoch 26/50 - Val Metric: 0.6381
Epoch 27/50 - Train Loss: 0.6452 - Train Metric: 0.6591
Epoch 27/50 - Val Metric: 0.6220
Epoch 28/50 - Train Loss: 0.6446 - Train Metric: 0.6655
Epoch 28/50 - Val Metric: 0.6186
Epoch 29/50 - Train Loss: 0.6430 - Train Metric: 0.6690
Epoch 29/50 - Val Metric: 0.6341
Epoch 30/50 - Train Loss: 0.6441 - Train Metric: 0.6635
Epoch 30/50 - Val Metric: 0.6354
Epoch 31/50 - Train Loss: 0.6442 - Train Metric: 0.6634
Epoch 31/50 - Val Metric: 0.6273
Epoch 32/50 - Train Loss: 0.6431 - Train Metric: 0.6693
Epoch 32/50 - Val Metric: 0.6361
Epoch 33/50 - Train Loss: 0.6370 - Train Metric: 0.6776
Epoch 33/50 - Val Metric: 0.6324
Epoch 34/50 - Train Loss: 0.6350 - Train Metric: 0.6809
Epoch 34/50 - Val Metric: 0.6121
Epoch 35/50 - Train Loss: 0.6348 - Train Metric: 0.6778
Epoch 35/50 - Val Metric: 0.6344
Epoch 36/50 - Train Loss: 0.6335 - Train Metric: 0.6809
Epoch 36/50 - Val Metric: 0.6137
Epoch 37/50 - Train Loss: 0.6382 - Train Metric: 0.6736
Epoch 37/50 - Val Metric: 0.6234
Epoch 38/50 - Train Loss: 0.6404 - Train Metric: 0.6749
Epoch 38/50 - Val Metric: 0.6329
Epoch 39/50 - Train Loss: 0.6340 - Train Metric: 0.6820
Epoch 39/50 - Val Metric: 0.6195
Epoch 40/50 - Train Loss: 0.6343 - Train Metric: 0.6785
Epoch 40/50 - Val Metric: 0.6173
Epoch 41/50 - Train Loss: 0.6340 - Train Metric: 0.6756
Epoch 41/50 - Val Metric: 0.6341
Epoch 42/50 - Train Loss: 0.6373 - Train Metric: 0.6738
Epoch 42/50 - Val Metric: 0.6036
Epoch 43/50 - Train Loss: 0.6398 - Train Metric: 0.6740
Epoch 43/50 - Val Metric: 0.6117
Epoch 44/50 - Train Loss: 0.6342 - Train Metric: 0.6803
Epoch 44/50 - Val Metric: 0.6401
Epoch 45/50 - Train Loss: 0.6351 - Train Metric: 0.6802
Epoch 45/50 - Val Metric: 0.6334
Epoch 46/50 - Train Loss: 0.6291 - Train Metric: 0.6893
Epoch 46/50 - Val Metric: 0.6331
Epoch 47/50 - Train Loss: 0.6318 - Train Metric: 0.6838
Epoch 47/50 - Val Metric: 0.6172
Epoch 48/50 - Train Loss: 0.6392 - Train Metric: 0.6711
Epoch 48/50 - Val Metric: 0.6348
Epoch 49/50 - Train Loss: 0.6324 - Train Metric: 0.6857
Epoch 49/50 - Val Metric: 0.6372
Epoch 50/50 - Train Loss: 0.6302 - Train Metric: 0.6932
Epoch 50/50 - Val Metric: 0.6300
Best val: 0.6401, Best test: 0.6169
[0.63502896 0.63050187 0.69688201 0.65519404 0.61691642]
