Hyper-parameter search via Optuna
Namespace(task_type='binary_classification', scale='small', idx=9, epochs=50, num_trials=20, num_repeats=5, seed=0, exp_name='MemPerceiver_ens', result_path='output/binary_classification/small/9/MemPerceiver_ens.pt')
Device: cuda
Start building binary_classification dataset_small_9
Training set has 6086 instances
Validation set has 760 instances
Test set has 762 instances
Epoch 1/50 - Train Loss: 0.7519 - Train Metric: 0.5130
Epoch 1/50 - Val Metric: 0.5611
Epoch 2/50 - Train Loss: 0.6962 - Train Metric: 0.4932
Epoch 2/50 - Val Metric: 0.5643
Epoch 3/50 - Train Loss: 0.6945 - Train Metric: 0.5080
Epoch 3/50 - Val Metric: 0.5643
Epoch 4/50 - Train Loss: 0.6944 - Train Metric: 0.4992
Epoch 4/50 - Val Metric: 0.5662
Epoch 5/50 - Train Loss: 0.6939 - Train Metric: 0.5219
Epoch 5/50 - Val Metric: 0.5686
Epoch 6/50 - Train Loss: 0.6884 - Train Metric: 0.5596
Epoch 6/50 - Val Metric: 0.5814
Epoch 7/50 - Train Loss: 0.6862 - Train Metric: 0.5745
Epoch 7/50 - Val Metric: 0.6022
Epoch 8/50 - Train Loss: 0.6787 - Train Metric: 0.5977
Epoch 8/50 - Val Metric: 0.6086
Epoch 9/50 - Train Loss: 0.6753 - Train Metric: 0.6040
Epoch 9/50 - Val Metric: 0.6100
Epoch 10/50 - Train Loss: 0.6716 - Train Metric: 0.6088
Epoch 10/50 - Val Metric: 0.6165
Epoch 11/50 - Train Loss: 0.6716 - Train Metric: 0.6084
Epoch 11/50 - Val Metric: 0.6107
Epoch 12/50 - Train Loss: 0.6671 - Train Metric: 0.6189
Epoch 12/50 - Val Metric: 0.6151
Epoch 13/50 - Train Loss: 0.6675 - Train Metric: 0.6178
Epoch 13/50 - Val Metric: 0.6155
Epoch 14/50 - Train Loss: 0.6686 - Train Metric: 0.6186
Epoch 14/50 - Val Metric: 0.6196
Epoch 15/50 - Train Loss: 0.6677 - Train Metric: 0.6197
Epoch 15/50 - Val Metric: 0.6213
Epoch 16/50 - Train Loss: 0.6668 - Train Metric: 0.6188
Epoch 16/50 - Val Metric: 0.6202
Epoch 17/50 - Train Loss: 0.6626 - Train Metric: 0.6280
Epoch 17/50 - Val Metric: 0.6221
Epoch 18/50 - Train Loss: 0.6656 - Train Metric: 0.6212
Epoch 18/50 - Val Metric: 0.6209
Epoch 19/50 - Train Loss: 0.6645 - Train Metric: 0.6232
Epoch 19/50 - Val Metric: 0.6110
Epoch 20/50 - Train Loss: 0.6641 - Train Metric: 0.6221
Epoch 20/50 - Val Metric: 0.6146
Epoch 21/50 - Train Loss: 0.6587 - Train Metric: 0.6359
Epoch 21/50 - Val Metric: 0.6185
Epoch 22/50 - Train Loss: 0.6612 - Train Metric: 0.6319
Epoch 22/50 - Val Metric: 0.6197
Epoch 23/50 - Train Loss: 0.6611 - Train Metric: 0.6275
Epoch 23/50 - Val Metric: 0.6177
Epoch 24/50 - Train Loss: 0.6589 - Train Metric: 0.6333
Epoch 24/50 - Val Metric: 0.6165
Epoch 25/50 - Train Loss: 0.6570 - Train Metric: 0.6357
Epoch 25/50 - Val Metric: 0.6176
Epoch 26/50 - Train Loss: 0.6598 - Train Metric: 0.6313
Epoch 26/50 - Val Metric: 0.6159
Epoch 27/50 - Train Loss: 0.6591 - Train Metric: 0.6326
Epoch 27/50 - Val Metric: 0.6208
Epoch 28/50 - Train Loss: 0.6593 - Train Metric: 0.6309
Epoch 28/50 - Val Metric: 0.6239
Epoch 29/50 - Train Loss: 0.6563 - Train Metric: 0.6361
Epoch 29/50 - Val Metric: 0.6199
Epoch 30/50 - Train Loss: 0.6570 - Train Metric: 0.6336
Epoch 30/50 - Val Metric: 0.6211
Epoch 31/50 - Train Loss: 0.6553 - Train Metric: 0.6381
Epoch 31/50 - Val Metric: 0.6195
Epoch 32/50 - Train Loss: 0.6529 - Train Metric: 0.6416
Epoch 32/50 - Val Metric: 0.6193
Epoch 33/50 - Train Loss: 0.6536 - Train Metric: 0.6390
Epoch 33/50 - Val Metric: 0.6199
Epoch 34/50 - Train Loss: 0.6525 - Train Metric: 0.6425
Epoch 34/50 - Val Metric: 0.6188
Epoch 35/50 - Train Loss: 0.6526 - Train Metric: 0.6427
Epoch 35/50 - Val Metric: 0.6188
Epoch 36/50 - Train Loss: 0.6501 - Train Metric: 0.6451
Epoch 36/50 - Val Metric: 0.6206
Epoch 37/50 - Train Loss: 0.6523 - Train Metric: 0.6420
Epoch 37/50 - Val Metric: 0.6188
Epoch 38/50 - Train Loss: 0.6519 - Train Metric: 0.6417
Epoch 38/50 - Val Metric: 0.6198
Epoch 39/50 - Train Loss: 0.6522 - Train Metric: 0.6374
Epoch 39/50 - Val Metric: 0.6211
Epoch 40/50 - Train Loss: 0.6484 - Train Metric: 0.6460
Epoch 40/50 - Val Metric: 0.6191
Epoch 41/50 - Train Loss: 0.6504 - Train Metric: 0.6400
Epoch 41/50 - Val Metric: 0.6168
Epoch 42/50 - Train Loss: 0.6488 - Train Metric: 0.6449
Epoch 42/50 - Val Metric: 0.6200
Epoch 43/50 - Train Loss: 0.6493 - Train Metric: 0.6428
Epoch 43/50 - Val Metric: 0.6203
Epoch 44/50 - Train Loss: 0.6462 - Train Metric: 0.6459
Epoch 44/50 - Val Metric: 0.6193
Epoch 45/50 - Train Loss: 0.6462 - Train Metric: 0.6488
Epoch 45/50 - Val Metric: 0.6178
Epoch 46/50 - Train Loss: 0.6479 - Train Metric: 0.6418
Epoch 46/50 - Val Metric: 0.6207
Epoch 47/50 - Train Loss: 0.6447 - Train Metric: 0.6482
Epoch 47/50 - Val Metric: 0.6184
Epoch 48/50 - Train Loss: 0.6447 - Train Metric: 0.6500
Epoch 48/50 - Val Metric: 0.6164
Epoch 49/50 - Train Loss: 0.6484 - Train Metric: 0.6459
Epoch 49/50 - Val Metric: 0.6206
Epoch 50/50 - Train Loss: 0.6472 - Train Metric: 0.6470
Epoch 50/50 - Val Metric: 0.6211
Best val: 0.6239, Best test: 0.6050
Training set has 6086 instances
Validation set has 760 instances
Test set has 762 instances
Epoch 1/50 - Train Loss: 0.7180 - Train Metric: 0.4962
Epoch 1/50 - Val Metric: 0.5594
Epoch 2/50 - Train Loss: 0.6898 - Train Metric: 0.5471
Epoch 2/50 - Val Metric: 0.5879
Epoch 3/50 - Train Loss: 0.6813 - Train Metric: 0.5878
Epoch 3/50 - Val Metric: 0.5979
Epoch 4/50 - Train Loss: 0.6722 - Train Metric: 0.6104
Epoch 4/50 - Val Metric: 0.6002
Epoch 5/50 - Train Loss: 0.6780 - Train Metric: 0.5935
Epoch 5/50 - Val Metric: 0.6055
Epoch 6/50 - Train Loss: 0.6724 - Train Metric: 0.6141
Epoch 6/50 - Val Metric: 0.6069
Epoch 7/50 - Train Loss: 0.6730 - Train Metric: 0.6086
Epoch 7/50 - Val Metric: 0.6057
Epoch 8/50 - Train Loss: 0.6710 - Train Metric: 0.6169
Epoch 8/50 - Val Metric: 0.6084
Epoch 9/50 - Train Loss: 0.6721 - Train Metric: 0.6129
Epoch 9/50 - Val Metric: 0.6105
Epoch 10/50 - Train Loss: 0.6683 - Train Metric: 0.6201
Epoch 10/50 - Val Metric: 0.6103
Epoch 11/50 - Train Loss: 0.6704 - Train Metric: 0.6127
Epoch 11/50 - Val Metric: 0.6120
Epoch 12/50 - Train Loss: 0.6671 - Train Metric: 0.6208
Epoch 12/50 - Val Metric: 0.6126
Epoch 13/50 - Train Loss: 0.6695 - Train Metric: 0.6159
Epoch 13/50 - Val Metric: 0.6129
Epoch 14/50 - Train Loss: 0.6673 - Train Metric: 0.6224
Epoch 14/50 - Val Metric: 0.6143
Epoch 15/50 - Train Loss: 0.6674 - Train Metric: 0.6177
Epoch 15/50 - Val Metric: 0.6122
Epoch 16/50 - Train Loss: 0.6650 - Train Metric: 0.6253
Epoch 16/50 - Val Metric: 0.6146
Epoch 17/50 - Train Loss: 0.6637 - Train Metric: 0.6265
Epoch 17/50 - Val Metric: 0.6151
Epoch 18/50 - Train Loss: 0.6649 - Train Metric: 0.6237
Epoch 18/50 - Val Metric: 0.6163
Epoch 19/50 - Train Loss: 0.6656 - Train Metric: 0.6226
Epoch 19/50 - Val Metric: 0.6158
Epoch 20/50 - Train Loss: 0.6638 - Train Metric: 0.6222
Epoch 20/50 - Val Metric: 0.6152
Epoch 21/50 - Train Loss: 0.6739 - Train Metric: 0.6102
Epoch 21/50 - Val Metric: 0.6098
Epoch 22/50 - Train Loss: 0.6691 - Train Metric: 0.6212
Epoch 22/50 - Val Metric: 0.6160
Epoch 23/50 - Train Loss: 0.6652 - Train Metric: 0.6257
Epoch 23/50 - Val Metric: 0.6153
Epoch 24/50 - Train Loss: 0.6643 - Train Metric: 0.6260
Epoch 24/50 - Val Metric: 0.6169
Epoch 25/50 - Train Loss: 0.6635 - Train Metric: 0.6251
Epoch 25/50 - Val Metric: 0.6175
Epoch 26/50 - Train Loss: 0.6628 - Train Metric: 0.6259
Epoch 26/50 - Val Metric: 0.6179
Epoch 27/50 - Train Loss: 0.6631 - Train Metric: 0.6247
Epoch 27/50 - Val Metric: 0.6160
Epoch 28/50 - Train Loss: 0.6629 - Train Metric: 0.6239
Epoch 28/50 - Val Metric: 0.6175
Epoch 29/50 - Train Loss: 0.6625 - Train Metric: 0.6273
Epoch 29/50 - Val Metric: 0.6178
Epoch 30/50 - Train Loss: 0.6600 - Train Metric: 0.6328
Epoch 30/50 - Val Metric: 0.6161
Epoch 31/50 - Train Loss: 0.6622 - Train Metric: 0.6275
Epoch 31/50 - Val Metric: 0.6182
Epoch 32/50 - Train Loss: 0.6612 - Train Metric: 0.6295
Epoch 32/50 - Val Metric: 0.6183
Epoch 33/50 - Train Loss: 0.6595 - Train Metric: 0.6302
Epoch 33/50 - Val Metric: 0.6164
Epoch 34/50 - Train Loss: 0.6613 - Train Metric: 0.6313
Epoch 34/50 - Val Metric: 0.6169
Epoch 35/50 - Train Loss: 0.6604 - Train Metric: 0.6284
Epoch 35/50 - Val Metric: 0.6175
Epoch 36/50 - Train Loss: 0.6599 - Train Metric: 0.6322
Epoch 36/50 - Val Metric: 0.6219
Epoch 37/50 - Train Loss: 0.6597 - Train Metric: 0.6326
Epoch 37/50 - Val Metric: 0.6215
Epoch 38/50 - Train Loss: 0.6580 - Train Metric: 0.6357
Epoch 38/50 - Val Metric: 0.6208
Epoch 39/50 - Train Loss: 0.6603 - Train Metric: 0.6303
Epoch 39/50 - Val Metric: 0.6203
Epoch 40/50 - Train Loss: 0.6589 - Train Metric: 0.6324
Epoch 40/50 - Val Metric: 0.6203
Epoch 41/50 - Train Loss: 0.6575 - Train Metric: 0.6378
Epoch 41/50 - Val Metric: 0.6205
Epoch 42/50 - Train Loss: 0.6597 - Train Metric: 0.6300
Epoch 42/50 - Val Metric: 0.6211
Epoch 43/50 - Train Loss: 0.6578 - Train Metric: 0.6387
Epoch 43/50 - Val Metric: 0.6228
Epoch 44/50 - Train Loss: 0.6583 - Train Metric: 0.6355
Epoch 44/50 - Val Metric: 0.6215
Epoch 45/50 - Train Loss: 0.6561 - Train Metric: 0.6413
Epoch 45/50 - Val Metric: 0.6226
Epoch 46/50 - Train Loss: 0.6559 - Train Metric: 0.6400
Epoch 46/50 - Val Metric: 0.6215
Epoch 47/50 - Train Loss: 0.6567 - Train Metric: 0.6359
Epoch 47/50 - Val Metric: 0.6227
Epoch 48/50 - Train Loss: 0.6572 - Train Metric: 0.6393
Epoch 48/50 - Val Metric: 0.6235
Epoch 49/50 - Train Loss: 0.6541 - Train Metric: 0.6418
Epoch 49/50 - Val Metric: 0.6238
Epoch 50/50 - Train Loss: 0.6579 - Train Metric: 0.6355
Epoch 50/50 - Val Metric: 0.6222
Best val: 0.6238, Best test: 0.6172
Training set has 6086 instances
Validation set has 760 instances
Test set has 762 instances
Epoch 1/50 - Train Loss: 0.7057 - Train Metric: 0.4981
Epoch 1/50 - Val Metric: 0.5288
Epoch 2/50 - Train Loss: 0.6944 - Train Metric: 0.4854
Epoch 2/50 - Val Metric: 0.5611
Epoch 3/50 - Train Loss: 0.6939 - Train Metric: 0.5117
Epoch 3/50 - Val Metric: 0.5799
Epoch 4/50 - Train Loss: 0.6964 - Train Metric: 0.5053
Epoch 4/50 - Val Metric: 0.5827
Epoch 5/50 - Train Loss: 0.6943 - Train Metric: 0.5247
Epoch 5/50 - Val Metric: 0.5863
Epoch 6/50 - Train Loss: 0.6938 - Train Metric: 0.5164
Epoch 6/50 - Val Metric: 0.5848
Epoch 7/50 - Train Loss: 0.6868 - Train Metric: 0.5534
Epoch 7/50 - Val Metric: 0.5999
Epoch 8/50 - Train Loss: 0.6923 - Train Metric: 0.5358
Epoch 8/50 - Val Metric: 0.5688
Epoch 9/50 - Train Loss: 0.6927 - Train Metric: 0.5449
Epoch 9/50 - Val Metric: 0.5791
Epoch 10/50 - Train Loss: 0.6819 - Train Metric: 0.5847
Epoch 10/50 - Val Metric: 0.5931
Epoch 11/50 - Train Loss: 0.6828 - Train Metric: 0.5825
Epoch 11/50 - Val Metric: 0.6148
Epoch 12/50 - Train Loss: 0.6748 - Train Metric: 0.6026
Epoch 12/50 - Val Metric: 0.6149
Epoch 13/50 - Train Loss: 0.6730 - Train Metric: 0.6091
Epoch 13/50 - Val Metric: 0.6110
Epoch 14/50 - Train Loss: 0.6719 - Train Metric: 0.6099
Epoch 14/50 - Val Metric: 0.6163
Epoch 15/50 - Train Loss: 0.6687 - Train Metric: 0.6157
Epoch 15/50 - Val Metric: 0.6167
Epoch 16/50 - Train Loss: 0.6669 - Train Metric: 0.6227
Epoch 16/50 - Val Metric: 0.6190
Epoch 17/50 - Train Loss: 0.6673 - Train Metric: 0.6185
Epoch 17/50 - Val Metric: 0.6152
Epoch 18/50 - Train Loss: 0.6655 - Train Metric: 0.6248
Epoch 18/50 - Val Metric: 0.6159
Epoch 19/50 - Train Loss: 0.6711 - Train Metric: 0.6135
Epoch 19/50 - Val Metric: 0.6188
Epoch 20/50 - Train Loss: 0.6726 - Train Metric: 0.6106
Epoch 20/50 - Val Metric: 0.6173
Epoch 21/50 - Train Loss: 0.6706 - Train Metric: 0.6122
Epoch 21/50 - Val Metric: 0.6175
Epoch 22/50 - Train Loss: 0.6644 - Train Metric: 0.6273
Epoch 22/50 - Val Metric: 0.6217
Epoch 23/50 - Train Loss: 0.6642 - Train Metric: 0.6232
Epoch 23/50 - Val Metric: 0.6194
Epoch 24/50 - Train Loss: 0.6615 - Train Metric: 0.6328
Epoch 24/50 - Val Metric: 0.6222
Epoch 25/50 - Train Loss: 0.6635 - Train Metric: 0.6258
Epoch 25/50 - Val Metric: 0.6132
Epoch 26/50 - Train Loss: 0.6607 - Train Metric: 0.6313
Epoch 26/50 - Val Metric: 0.6268
Epoch 27/50 - Train Loss: 0.6605 - Train Metric: 0.6283
Epoch 27/50 - Val Metric: 0.6295
Epoch 28/50 - Train Loss: 0.6562 - Train Metric: 0.6434
Epoch 28/50 - Val Metric: 0.6255
Epoch 29/50 - Train Loss: 0.6537 - Train Metric: 0.6472
Epoch 29/50 - Val Metric: 0.6396
Epoch 30/50 - Train Loss: 0.6575 - Train Metric: 0.6402
Epoch 30/50 - Val Metric: 0.6427
Epoch 31/50 - Train Loss: 0.6543 - Train Metric: 0.6452
Epoch 31/50 - Val Metric: 0.6414
Epoch 32/50 - Train Loss: 0.6545 - Train Metric: 0.6478
Epoch 32/50 - Val Metric: 0.6366
Epoch 33/50 - Train Loss: 0.6515 - Train Metric: 0.6514
Epoch 33/50 - Val Metric: 0.6356
Epoch 34/50 - Train Loss: 0.6541 - Train Metric: 0.6481
Epoch 34/50 - Val Metric: 0.6392
Epoch 35/50 - Train Loss: 0.6552 - Train Metric: 0.6446
Epoch 35/50 - Val Metric: 0.6511
Epoch 36/50 - Train Loss: 0.6540 - Train Metric: 0.6462
Epoch 36/50 - Val Metric: 0.6477
Epoch 37/50 - Train Loss: 0.6523 - Train Metric: 0.6510
Epoch 37/50 - Val Metric: 0.6452
Epoch 38/50 - Train Loss: 0.6530 - Train Metric: 0.6507
Epoch 38/50 - Val Metric: 0.6463
Epoch 39/50 - Train Loss: 0.6531 - Train Metric: 0.6479
Epoch 39/50 - Val Metric: 0.6394
Epoch 40/50 - Train Loss: 0.6532 - Train Metric: 0.6513
Epoch 40/50 - Val Metric: 0.6368
Epoch 41/50 - Train Loss: 0.6498 - Train Metric: 0.6575
Epoch 41/50 - Val Metric: 0.6484
Epoch 42/50 - Train Loss: 0.6500 - Train Metric: 0.6551
Epoch 42/50 - Val Metric: 0.6508
Epoch 43/50 - Train Loss: 0.6472 - Train Metric: 0.6619
Epoch 43/50 - Val Metric: 0.6470
Epoch 44/50 - Train Loss: 0.6472 - Train Metric: 0.6614
Epoch 44/50 - Val Metric: 0.6606
Epoch 45/50 - Train Loss: 0.6448 - Train Metric: 0.6622
Epoch 45/50 - Val Metric: 0.6529
Epoch 46/50 - Train Loss: 0.6463 - Train Metric: 0.6604
Epoch 46/50 - Val Metric: 0.6557
Epoch 47/50 - Train Loss: 0.6453 - Train Metric: 0.6629
Epoch 47/50 - Val Metric: 0.6484
Epoch 48/50 - Train Loss: 0.6484 - Train Metric: 0.6575
Epoch 48/50 - Val Metric: 0.6523
Epoch 49/50 - Train Loss: 0.6470 - Train Metric: 0.6574
Epoch 49/50 - Val Metric: 0.6548
Epoch 50/50 - Train Loss: 0.6492 - Train Metric: 0.6593
Epoch 50/50 - Val Metric: 0.6427
Best val: 0.6606, Best test: 0.6451
Training set has 6086 instances
Validation set has 760 instances
Test set has 762 instances
Epoch 1/50 - Train Loss: 0.6996 - Train Metric: 0.4963
Epoch 1/50 - Val Metric: 0.5285
Epoch 2/50 - Train Loss: 0.6957 - Train Metric: 0.5078
Epoch 2/50 - Val Metric: 0.5440
Epoch 3/50 - Train Loss: 0.6965 - Train Metric: 0.4917
Epoch 3/50 - Val Metric: 0.5572
Epoch 4/50 - Train Loss: 0.6946 - Train Metric: 0.5091
Epoch 4/50 - Val Metric: 0.5562
Epoch 5/50 - Train Loss: 0.6938 - Train Metric: 0.5128
Epoch 5/50 - Val Metric: 0.5540
Epoch 6/50 - Train Loss: 0.6945 - Train Metric: 0.5045
Epoch 6/50 - Val Metric: 0.5563
Epoch 7/50 - Train Loss: 0.6925 - Train Metric: 0.5257
Epoch 7/50 - Val Metric: 0.5571
Epoch 8/50 - Train Loss: 0.6937 - Train Metric: 0.5196
Epoch 8/50 - Val Metric: 0.5621
Epoch 9/50 - Train Loss: 0.6922 - Train Metric: 0.5330
Epoch 9/50 - Val Metric: 0.5659
Epoch 10/50 - Train Loss: 0.6903 - Train Metric: 0.5406
Epoch 10/50 - Val Metric: 0.5708
Epoch 11/50 - Train Loss: 0.6875 - Train Metric: 0.5560
Epoch 11/50 - Val Metric: 0.5759
Epoch 12/50 - Train Loss: 0.6858 - Train Metric: 0.5660
Epoch 12/50 - Val Metric: 0.5806
Epoch 13/50 - Train Loss: 0.6855 - Train Metric: 0.5680
Epoch 13/50 - Val Metric: 0.5852
Epoch 14/50 - Train Loss: 0.6856 - Train Metric: 0.5673
Epoch 14/50 - Val Metric: 0.5883
Epoch 15/50 - Train Loss: 0.6823 - Train Metric: 0.5807
Epoch 15/50 - Val Metric: 0.5922
Epoch 16/50 - Train Loss: 0.6854 - Train Metric: 0.5669
Epoch 16/50 - Val Metric: 0.5942
Epoch 17/50 - Train Loss: 0.6827 - Train Metric: 0.5759
Epoch 17/50 - Val Metric: 0.5986
Epoch 18/50 - Train Loss: 0.6817 - Train Metric: 0.5835
Epoch 18/50 - Val Metric: 0.6016
Epoch 19/50 - Train Loss: 0.6810 - Train Metric: 0.5849
Epoch 19/50 - Val Metric: 0.6014
Epoch 20/50 - Train Loss: 0.6823 - Train Metric: 0.5787
Epoch 20/50 - Val Metric: 0.6039
Epoch 21/50 - Train Loss: 0.6810 - Train Metric: 0.5848
Epoch 21/50 - Val Metric: 0.6057
Epoch 22/50 - Train Loss: 0.6829 - Train Metric: 0.5750
Epoch 22/50 - Val Metric: 0.6060
Epoch 23/50 - Train Loss: 0.6836 - Train Metric: 0.5717
Epoch 23/50 - Val Metric: 0.6085
Epoch 24/50 - Train Loss: 0.6820 - Train Metric: 0.5764
Epoch 24/50 - Val Metric: 0.6084
Epoch 25/50 - Train Loss: 0.6814 - Train Metric: 0.5805
Epoch 25/50 - Val Metric: 0.6102
Epoch 26/50 - Train Loss: 0.6811 - Train Metric: 0.5839
Epoch 26/50 - Val Metric: 0.6097
Epoch 27/50 - Train Loss: 0.6807 - Train Metric: 0.5866
Epoch 27/50 - Val Metric: 0.6097
Epoch 28/50 - Train Loss: 0.6807 - Train Metric: 0.5840
Epoch 28/50 - Val Metric: 0.6104
Epoch 29/50 - Train Loss: 0.6820 - Train Metric: 0.5765
Epoch 29/50 - Val Metric: 0.6107
Epoch 30/50 - Train Loss: 0.6811 - Train Metric: 0.5822
Epoch 30/50 - Val Metric: 0.6110
Epoch 31/50 - Train Loss: 0.6777 - Train Metric: 0.5926
Epoch 31/50 - Val Metric: 0.6116
Epoch 32/50 - Train Loss: 0.6802 - Train Metric: 0.5863
Epoch 32/50 - Val Metric: 0.6115
Epoch 33/50 - Train Loss: 0.6809 - Train Metric: 0.5837
Epoch 33/50 - Val Metric: 0.6121
Epoch 34/50 - Train Loss: 0.6782 - Train Metric: 0.5883
Epoch 34/50 - Val Metric: 0.6120
Epoch 35/50 - Train Loss: 0.6787 - Train Metric: 0.5925
Epoch 35/50 - Val Metric: 0.6125
Epoch 36/50 - Train Loss: 0.6801 - Train Metric: 0.5834
Epoch 36/50 - Val Metric: 0.6126
Epoch 37/50 - Train Loss: 0.6798 - Train Metric: 0.5870
Epoch 37/50 - Val Metric: 0.6129
Epoch 38/50 - Train Loss: 0.6792 - Train Metric: 0.5869
Epoch 38/50 - Val Metric: 0.6130
Epoch 39/50 - Train Loss: 0.6788 - Train Metric: 0.5918
Epoch 39/50 - Val Metric: 0.6134
Epoch 40/50 - Train Loss: 0.6781 - Train Metric: 0.5924
Epoch 40/50 - Val Metric: 0.6135
Epoch 41/50 - Train Loss: 0.6827 - Train Metric: 0.5770
Epoch 41/50 - Val Metric: 0.6136
Epoch 42/50 - Train Loss: 0.6829 - Train Metric: 0.5759
Epoch 42/50 - Val Metric: 0.6137
Epoch 43/50 - Train Loss: 0.6804 - Train Metric: 0.5861
Epoch 43/50 - Val Metric: 0.6138
Epoch 44/50 - Train Loss: 0.6817 - Train Metric: 0.5787
Epoch 44/50 - Val Metric: 0.6139
Epoch 45/50 - Train Loss: 0.6802 - Train Metric: 0.5866
Epoch 45/50 - Val Metric: 0.6139
Epoch 46/50 - Train Loss: 0.6784 - Train Metric: 0.5905
Epoch 46/50 - Val Metric: 0.6139
Epoch 47/50 - Train Loss: 0.6799 - Train Metric: 0.5831
Epoch 47/50 - Val Metric: 0.6140
Epoch 48/50 - Train Loss: 0.6799 - Train Metric: 0.5844
Epoch 48/50 - Val Metric: 0.6140
Epoch 49/50 - Train Loss: 0.6802 - Train Metric: 0.5845
Epoch 49/50 - Val Metric: 0.6140
Epoch 50/50 - Train Loss: 0.6787 - Train Metric: 0.5873
Epoch 50/50 - Val Metric: 0.6141
Best val: 0.6141, Best test: 0.5861
Training set has 6086 instances
Validation set has 760 instances
Test set has 762 instances
Epoch 1/50 - Train Loss: 0.6984 - Train Metric: 0.5099
Epoch 1/50 - Val Metric: 0.5963
Epoch 2/50 - Train Loss: 0.6932 - Train Metric: 0.5225
Epoch 2/50 - Val Metric: 0.5897
Epoch 3/50 - Train Loss: 0.6908 - Train Metric: 0.5281
Epoch 3/50 - Val Metric: 0.5953
Epoch 4/50 - Train Loss: 0.6818 - Train Metric: 0.5927
Epoch 4/50 - Val Metric: 0.5972
Epoch 5/50 - Train Loss: 0.6733 - Train Metric: 0.6122
Epoch 5/50 - Val Metric: 0.6002
Epoch 6/50 - Train Loss: 0.6733 - Train Metric: 0.6114
Epoch 6/50 - Val Metric: 0.6023
Epoch 7/50 - Train Loss: 0.6687 - Train Metric: 0.6204
Epoch 7/50 - Val Metric: 0.6004
Epoch 8/50 - Train Loss: 0.6655 - Train Metric: 0.6269
Epoch 8/50 - Val Metric: 0.6010
Epoch 9/50 - Train Loss: 0.6637 - Train Metric: 0.6304
Epoch 9/50 - Val Metric: 0.6008
Epoch 10/50 - Train Loss: 0.6645 - Train Metric: 0.6304
Epoch 10/50 - Val Metric: 0.5986
Epoch 11/50 - Train Loss: 0.6636 - Train Metric: 0.6300
Epoch 11/50 - Val Metric: 0.6021
Epoch 12/50 - Train Loss: 0.6613 - Train Metric: 0.6330
Epoch 12/50 - Val Metric: 0.6006
Epoch 13/50 - Train Loss: 0.6590 - Train Metric: 0.6377
Epoch 13/50 - Val Metric: 0.5970
Epoch 14/50 - Train Loss: 0.6580 - Train Metric: 0.6415
Epoch 14/50 - Val Metric: 0.5975
Epoch 15/50 - Train Loss: 0.6566 - Train Metric: 0.6421
Epoch 15/50 - Val Metric: 0.5979
Epoch 16/50 - Train Loss: 0.6562 - Train Metric: 0.6428
Epoch 16/50 - Val Metric: 0.5954
Epoch 17/50 - Train Loss: 0.6557 - Train Metric: 0.6425
Epoch 17/50 - Val Metric: 0.5965
Epoch 18/50 - Train Loss: 0.6542 - Train Metric: 0.6433
Epoch 18/50 - Val Metric: 0.5884
Epoch 19/50 - Train Loss: 0.6532 - Train Metric: 0.6448
Epoch 19/50 - Val Metric: 0.5979
Epoch 20/50 - Train Loss: 0.6553 - Train Metric: 0.6420
Epoch 20/50 - Val Metric: 0.5968
Epoch 21/50 - Train Loss: 0.6514 - Train Metric: 0.6485
Epoch 21/50 - Val Metric: 0.5975
Epoch 22/50 - Train Loss: 0.6522 - Train Metric: 0.6476
Epoch 22/50 - Val Metric: 0.5942
Epoch 23/50 - Train Loss: 0.6519 - Train Metric: 0.6480
Epoch 23/50 - Val Metric: 0.5950
Epoch 24/50 - Train Loss: 0.6531 - Train Metric: 0.6460
Epoch 24/50 - Val Metric: 0.5965
Epoch 25/50 - Train Loss: 0.6518 - Train Metric: 0.6478
Epoch 25/50 - Val Metric: 0.5952
Epoch 26/50 - Train Loss: 0.6501 - Train Metric: 0.6509
Epoch 26/50 - Val Metric: 0.5978
Epoch 27/50 - Train Loss: 0.6493 - Train Metric: 0.6509
Epoch 27/50 - Val Metric: 0.5967
Epoch 28/50 - Train Loss: 0.6512 - Train Metric: 0.6473
Epoch 28/50 - Val Metric: 0.5949
Epoch 29/50 - Train Loss: 0.6499 - Train Metric: 0.6497
Epoch 29/50 - Val Metric: 0.5974
Epoch 30/50 - Train Loss: 0.6491 - Train Metric: 0.6509
Epoch 30/50 - Val Metric: 0.5965
Epoch 31/50 - Train Loss: 0.6489 - Train Metric: 0.6522
Epoch 31/50 - Val Metric: 0.5966
Epoch 32/50 - Train Loss: 0.6491 - Train Metric: 0.6517
Epoch 32/50 - Val Metric: 0.5964
Epoch 33/50 - Train Loss: 0.6478 - Train Metric: 0.6528
Epoch 33/50 - Val Metric: 0.5969
Epoch 34/50 - Train Loss: 0.6492 - Train Metric: 0.6512
Epoch 34/50 - Val Metric: 0.5970
Epoch 35/50 - Train Loss: 0.6480 - Train Metric: 0.6514
Epoch 35/50 - Val Metric: 0.5966
Epoch 36/50 - Train Loss: 0.6485 - Train Metric: 0.6507
Epoch 36/50 - Val Metric: 0.5965
Epoch 37/50 - Train Loss: 0.6486 - Train Metric: 0.6511
Epoch 37/50 - Val Metric: 0.5967
Epoch 38/50 - Train Loss: 0.6485 - Train Metric: 0.6512
Epoch 38/50 - Val Metric: 0.5966
Epoch 39/50 - Train Loss: 0.6476 - Train Metric: 0.6531
Epoch 39/50 - Val Metric: 0.5973
Epoch 40/50 - Train Loss: 0.6475 - Train Metric: 0.6530
Epoch 40/50 - Val Metric: 0.5968
Epoch 41/50 - Train Loss: 0.6479 - Train Metric: 0.6517
Epoch 41/50 - Val Metric: 0.5964
Epoch 42/50 - Train Loss: 0.6480 - Train Metric: 0.6518
Epoch 42/50 - Val Metric: 0.5970
Epoch 43/50 - Train Loss: 0.6467 - Train Metric: 0.6550
Epoch 43/50 - Val Metric: 0.5967
Epoch 44/50 - Train Loss: 0.6468 - Train Metric: 0.6538
Epoch 44/50 - Val Metric: 0.5964
Epoch 45/50 - Train Loss: 0.6474 - Train Metric: 0.6526
Epoch 45/50 - Val Metric: 0.5964
Epoch 46/50 - Train Loss: 0.6464 - Train Metric: 0.6547
Epoch 46/50 - Val Metric: 0.5968
Epoch 47/50 - Train Loss: 0.6478 - Train Metric: 0.6516
Epoch 47/50 - Val Metric: 0.5966
Epoch 48/50 - Train Loss: 0.6477 - Train Metric: 0.6527
Epoch 48/50 - Val Metric: 0.5965
Epoch 49/50 - Train Loss: 0.6468 - Train Metric: 0.6533
Epoch 49/50 - Val Metric: 0.5969
Epoch 50/50 - Train Loss: 0.6478 - Train Metric: 0.6524
Epoch 50/50 - Val Metric: 0.5967
Best val: 0.6023, Best test: 0.6088
Training set has 6086 instances
Validation set has 760 instances
Test set has 762 instances
Training set has 6086 instances
Validation set has 760 instances
Test set has 762 instances
Training set has 6086 instances
Validation set has 760 instances
Test set has 762 instances
Epoch 1/50 - Train Loss: 0.7323 - Train Metric: 0.4924
Epoch 1/50 - Val Metric: 0.5989
Epoch 2/50 - Train Loss: 0.6959 - Train Metric: 0.5106
Epoch 2/50 - Val Metric: 0.6058
Epoch 3/50 - Train Loss: 0.6940 - Train Metric: 0.5130
Epoch 3/50 - Val Metric: 0.6066
Epoch 4/50 - Train Loss: 0.6864 - Train Metric: 0.5616
Epoch 4/50 - Val Metric: 0.6204
Epoch 5/50 - Train Loss: 0.6791 - Train Metric: 0.5924
Epoch 5/50 - Val Metric: 0.6268
Epoch 6/50 - Train Loss: 0.6718 - Train Metric: 0.6085
Epoch 6/50 - Val Metric: 0.6286
Epoch 7/50 - Train Loss: 0.6717 - Train Metric: 0.6099
Epoch 7/50 - Val Metric: 0.6269
Epoch 8/50 - Train Loss: 0.6687 - Train Metric: 0.6144
Epoch 8/50 - Val Metric: 0.6271
Epoch 9/50 - Train Loss: 0.6673 - Train Metric: 0.6131
Epoch 9/50 - Val Metric: 0.6273
Epoch 10/50 - Train Loss: 0.6693 - Train Metric: 0.6089
Epoch 10/50 - Val Metric: 0.6309
Epoch 11/50 - Train Loss: 0.6697 - Train Metric: 0.6100
Epoch 11/50 - Val Metric: 0.6333
Epoch 12/50 - Train Loss: 0.6697 - Train Metric: 0.6034
Epoch 12/50 - Val Metric: 0.6322
Epoch 13/50 - Train Loss: 0.6749 - Train Metric: 0.5913
Epoch 13/50 - Val Metric: 0.6307
Epoch 14/50 - Train Loss: 0.6692 - Train Metric: 0.6103
Epoch 14/50 - Val Metric: 0.6329
Epoch 15/50 - Train Loss: 0.6633 - Train Metric: 0.6238
Epoch 15/50 - Val Metric: 0.6354
Epoch 16/50 - Train Loss: 0.6638 - Train Metric: 0.6172
Epoch 16/50 - Val Metric: 0.6339
Epoch 17/50 - Train Loss: 0.6626 - Train Metric: 0.6223
Epoch 17/50 - Val Metric: 0.6393
Epoch 18/50 - Train Loss: 0.6608 - Train Metric: 0.6273
Epoch 18/50 - Val Metric: 0.6380
Epoch 19/50 - Train Loss: 0.6607 - Train Metric: 0.6174
Epoch 19/50 - Val Metric: 0.6380
Epoch 20/50 - Train Loss: 0.6646 - Train Metric: 0.6207
Epoch 20/50 - Val Metric: 0.6392
Epoch 21/50 - Train Loss: 0.6621 - Train Metric: 0.6297
Epoch 21/50 - Val Metric: 0.6411
Epoch 22/50 - Train Loss: 0.6608 - Train Metric: 0.6219
Epoch 22/50 - Val Metric: 0.6408
Epoch 23/50 - Train Loss: 0.6571 - Train Metric: 0.6313
Epoch 23/50 - Val Metric: 0.6361
Epoch 24/50 - Train Loss: 0.6602 - Train Metric: 0.6278
Epoch 24/50 - Val Metric: 0.6423
Epoch 25/50 - Train Loss: 0.6557 - Train Metric: 0.6321
Epoch 25/50 - Val Metric: 0.6239
Epoch 26/50 - Train Loss: 0.6594 - Train Metric: 0.6325
Epoch 26/50 - Val Metric: 0.6429
Epoch 27/50 - Train Loss: 0.6576 - Train Metric: 0.6273
Epoch 27/50 - Val Metric: 0.6351
Epoch 28/50 - Train Loss: 0.6531 - Train Metric: 0.6385
Epoch 28/50 - Val Metric: 0.6394
Epoch 29/50 - Train Loss: 0.6528 - Train Metric: 0.6385
Epoch 29/50 - Val Metric: 0.6372
Epoch 30/50 - Train Loss: 0.6540 - Train Metric: 0.6408
Epoch 30/50 - Val Metric: 0.6287
Epoch 31/50 - Train Loss: 0.6545 - Train Metric: 0.6338
Epoch 31/50 - Val Metric: 0.6384
Epoch 32/50 - Train Loss: 0.6459 - Train Metric: 0.6521
Epoch 32/50 - Val Metric: 0.6202
Epoch 33/50 - Train Loss: 0.6495 - Train Metric: 0.6449
Epoch 33/50 - Val Metric: 0.6079
Epoch 34/50 - Train Loss: 0.6493 - Train Metric: 0.6419
Epoch 34/50 - Val Metric: 0.6347
Epoch 35/50 - Train Loss: 0.6487 - Train Metric: 0.6469
Epoch 35/50 - Val Metric: 0.6369
Epoch 36/50 - Train Loss: 0.6463 - Train Metric: 0.6457
Epoch 36/50 - Val Metric: 0.6278
Epoch 37/50 - Train Loss: 0.6495 - Train Metric: 0.6420
Epoch 37/50 - Val Metric: 0.6259
Epoch 38/50 - Train Loss: 0.6447 - Train Metric: 0.6542
Epoch 38/50 - Val Metric: 0.6280
Epoch 39/50 - Train Loss: 0.6470 - Train Metric: 0.6469
Epoch 39/50 - Val Metric: 0.6317
Epoch 40/50 - Train Loss: 0.6456 - Train Metric: 0.6497
Epoch 40/50 - Val Metric: 0.6379
Epoch 41/50 - Train Loss: 0.6406 - Train Metric: 0.6591
Epoch 41/50 - Val Metric: 0.6270
Epoch 42/50 - Train Loss: 0.6399 - Train Metric: 0.6630
Epoch 42/50 - Val Metric: 0.6409
Epoch 43/50 - Train Loss: 0.6475 - Train Metric: 0.6452
Epoch 43/50 - Val Metric: 0.6300
Epoch 44/50 - Train Loss: 0.6430 - Train Metric: 0.6582
Epoch 44/50 - Val Metric: 0.6369
Epoch 45/50 - Train Loss: 0.6358 - Train Metric: 0.6685
Epoch 45/50 - Val Metric: 0.6236
Epoch 46/50 - Train Loss: 0.6360 - Train Metric: 0.6714
Epoch 46/50 - Val Metric: 0.6213
Epoch 47/50 - Train Loss: 0.6375 - Train Metric: 0.6637
Epoch 47/50 - Val Metric: 0.6284
Epoch 48/50 - Train Loss: 0.6447 - Train Metric: 0.6518
Epoch 48/50 - Val Metric: 0.6244
Epoch 49/50 - Train Loss: 0.6294 - Train Metric: 0.6781
Epoch 49/50 - Val Metric: 0.6202
Epoch 50/50 - Train Loss: 0.6305 - Train Metric: 0.6776
Epoch 50/50 - Val Metric: 0.6323
Best val: 0.6429, Best test: 0.6364
Training set has 6086 instances
Validation set has 760 instances
Test set has 762 instances
Epoch 1/50 - Train Loss: 0.6948 - Train Metric: 0.5204
Epoch 1/50 - Val Metric: 0.6006
Epoch 2/50 - Train Loss: 0.6958 - Train Metric: 0.5131
Epoch 2/50 - Val Metric: 0.6222
Epoch 3/50 - Train Loss: 0.6944 - Train Metric: 0.5182
Epoch 3/50 - Val Metric: 0.6245
Epoch 4/50 - Train Loss: 0.6913 - Train Metric: 0.5374
Epoch 4/50 - Val Metric: 0.6247
Epoch 5/50 - Train Loss: 0.6859 - Train Metric: 0.5720
Epoch 5/50 - Val Metric: 0.6238
Epoch 6/50 - Train Loss: 0.6815 - Train Metric: 0.5875
Epoch 6/50 - Val Metric: 0.6199
Epoch 7/50 - Train Loss: 0.6796 - Train Metric: 0.5940
Epoch 7/50 - Val Metric: 0.6193
Epoch 8/50 - Train Loss: 0.6807 - Train Metric: 0.5897
Epoch 8/50 - Val Metric: 0.6170
Epoch 9/50 - Train Loss: 0.6780 - Train Metric: 0.5950
Epoch 9/50 - Val Metric: 0.6162
Epoch 10/50 - Train Loss: 0.6802 - Train Metric: 0.5913
Epoch 10/50 - Val Metric: 0.6168
Epoch 11/50 - Train Loss: 0.6776 - Train Metric: 0.5964
Epoch 11/50 - Val Metric: 0.6159
Epoch 12/50 - Train Loss: 0.6754 - Train Metric: 0.6048
Epoch 12/50 - Val Metric: 0.6155
Epoch 13/50 - Train Loss: 0.6728 - Train Metric: 0.6126
Epoch 13/50 - Val Metric: 0.6152
Epoch 14/50 - Train Loss: 0.6754 - Train Metric: 0.6040
Epoch 14/50 - Val Metric: 0.6155
Epoch 15/50 - Train Loss: 0.6726 - Train Metric: 0.6103
Epoch 15/50 - Val Metric: 0.6145
Epoch 16/50 - Train Loss: 0.6717 - Train Metric: 0.6153
Epoch 16/50 - Val Metric: 0.6130
Epoch 17/50 - Train Loss: 0.6725 - Train Metric: 0.6121
Epoch 17/50 - Val Metric: 0.6135
Epoch 18/50 - Train Loss: 0.6738 - Train Metric: 0.6090
Epoch 18/50 - Val Metric: 0.6151
Epoch 19/50 - Train Loss: 0.6734 - Train Metric: 0.6076
Epoch 19/50 - Val Metric: 0.6149
Epoch 20/50 - Train Loss: 0.6725 - Train Metric: 0.6070
Epoch 20/50 - Val Metric: 0.6146
Epoch 21/50 - Train Loss: 0.6743 - Train Metric: 0.6065
Epoch 21/50 - Val Metric: 0.6161
Epoch 22/50 - Train Loss: 0.6733 - Train Metric: 0.6097
Epoch 22/50 - Val Metric: 0.6153
Epoch 23/50 - Train Loss: 0.6730 - Train Metric: 0.6084
Epoch 23/50 - Val Metric: 0.6155
Epoch 24/50 - Train Loss: 0.6720 - Train Metric: 0.6134
Epoch 24/50 - Val Metric: 0.6154
Epoch 25/50 - Train Loss: 0.6741 - Train Metric: 0.6071
Epoch 25/50 - Val Metric: 0.6143
Epoch 26/50 - Train Loss: 0.6734 - Train Metric: 0.6077
Epoch 26/50 - Val Metric: 0.6147
Epoch 27/50 - Train Loss: 0.6721 - Train Metric: 0.6149
Epoch 27/50 - Val Metric: 0.6150
Epoch 28/50 - Train Loss: 0.6725 - Train Metric: 0.6115
Epoch 28/50 - Val Metric: 0.6151
Epoch 29/50 - Train Loss: 0.6736 - Train Metric: 0.6075
Epoch 29/50 - Val Metric: 0.6144
Epoch 30/50 - Train Loss: 0.6716 - Train Metric: 0.6105
Epoch 30/50 - Val Metric: 0.6141
Epoch 31/50 - Train Loss: 0.6736 - Train Metric: 0.6083
Epoch 31/50 - Val Metric: 0.6142
Epoch 32/50 - Train Loss: 0.6713 - Train Metric: 0.6119
Epoch 32/50 - Val Metric: 0.6136
Epoch 33/50 - Train Loss: 0.6716 - Train Metric: 0.6094
Epoch 33/50 - Val Metric: 0.6143
Epoch 34/50 - Train Loss: 0.6720 - Train Metric: 0.6098
Epoch 34/50 - Val Metric: 0.6152
Epoch 35/50 - Train Loss: 0.6700 - Train Metric: 0.6153
Epoch 35/50 - Val Metric: 0.6148
Epoch 36/50 - Train Loss: 0.6712 - Train Metric: 0.6142
Epoch 36/50 - Val Metric: 0.6149
Epoch 37/50 - Train Loss: 0.6698 - Train Metric: 0.6169
Epoch 37/50 - Val Metric: 0.6146
Epoch 38/50 - Train Loss: 0.6701 - Train Metric: 0.6153
Epoch 38/50 - Val Metric: 0.6156
Epoch 39/50 - Train Loss: 0.6708 - Train Metric: 0.6153
Epoch 39/50 - Val Metric: 0.6147
Epoch 40/50 - Train Loss: 0.6695 - Train Metric: 0.6170
Epoch 40/50 - Val Metric: 0.6141
Epoch 41/50 - Train Loss: 0.6742 - Train Metric: 0.6047
Epoch 41/50 - Val Metric: 0.6140
Epoch 42/50 - Train Loss: 0.6710 - Train Metric: 0.6104
Epoch 42/50 - Val Metric: 0.6144
Epoch 43/50 - Train Loss: 0.6719 - Train Metric: 0.6102
Epoch 43/50 - Val Metric: 0.6144
Epoch 44/50 - Train Loss: 0.6684 - Train Metric: 0.6209
Epoch 44/50 - Val Metric: 0.6145
Epoch 45/50 - Train Loss: 0.6706 - Train Metric: 0.6158
Epoch 45/50 - Val Metric: 0.6148
Epoch 46/50 - Train Loss: 0.6691 - Train Metric: 0.6170
Epoch 46/50 - Val Metric: 0.6146
Epoch 47/50 - Train Loss: 0.6706 - Train Metric: 0.6156
Epoch 47/50 - Val Metric: 0.6148
Epoch 48/50 - Train Loss: 0.6701 - Train Metric: 0.6154
Epoch 48/50 - Val Metric: 0.6147
Epoch 49/50 - Train Loss: 0.6701 - Train Metric: 0.6149
Epoch 49/50 - Val Metric: 0.6147
Epoch 50/50 - Train Loss: 0.6712 - Train Metric: 0.6128
Epoch 50/50 - Val Metric: 0.6145
Best val: 0.6247, Best test: 0.6225
Training set has 6086 instances
Validation set has 760 instances
Test set has 762 instances
Epoch 1/50 - Train Loss: 0.7078 - Train Metric: 0.5108
Epoch 1/50 - Val Metric: 0.6197
Epoch 2/50 - Train Loss: 0.6895 - Train Metric: 0.5581
Epoch 2/50 - Val Metric: 0.6267
Epoch 3/50 - Train Loss: 0.6804 - Train Metric: 0.5901
Epoch 3/50 - Val Metric: 0.6319
Epoch 4/50 - Train Loss: 0.6835 - Train Metric: 0.5858
Epoch 4/50 - Val Metric: 0.6362
Epoch 5/50 - Train Loss: 0.6772 - Train Metric: 0.5987
Epoch 5/50 - Val Metric: 0.6398
Epoch 6/50 - Train Loss: 0.6728 - Train Metric: 0.6081
Epoch 6/50 - Val Metric: 0.6451
Epoch 7/50 - Train Loss: 0.6722 - Train Metric: 0.6091
Epoch 7/50 - Val Metric: 0.6422
Epoch 8/50 - Train Loss: 0.6752 - Train Metric: 0.6023
Epoch 8/50 - Val Metric: 0.6482
Epoch 9/50 - Train Loss: 0.6727 - Train Metric: 0.6042
Epoch 9/50 - Val Metric: 0.6440
Epoch 10/50 - Train Loss: 0.6682 - Train Metric: 0.6195
Epoch 10/50 - Val Metric: 0.6507
Epoch 11/50 - Train Loss: 0.6675 - Train Metric: 0.6173
Epoch 11/50 - Val Metric: 0.6472
Epoch 12/50 - Train Loss: 0.6661 - Train Metric: 0.6217
Epoch 12/50 - Val Metric: 0.6495
Epoch 13/50 - Train Loss: 0.6658 - Train Metric: 0.6204
Epoch 13/50 - Val Metric: 0.6516
Epoch 14/50 - Train Loss: 0.6683 - Train Metric: 0.6134
Epoch 14/50 - Val Metric: 0.6515
Epoch 15/50 - Train Loss: 0.6654 - Train Metric: 0.6223
Epoch 15/50 - Val Metric: 0.6538
Epoch 16/50 - Train Loss: 0.6632 - Train Metric: 0.6263
Epoch 16/50 - Val Metric: 0.6511
Epoch 17/50 - Train Loss: 0.6631 - Train Metric: 0.6239
Epoch 17/50 - Val Metric: 0.6526
Epoch 18/50 - Train Loss: 0.6663 - Train Metric: 0.6146
Epoch 18/50 - Val Metric: 0.6526
Epoch 19/50 - Train Loss: 0.6691 - Train Metric: 0.6152
Epoch 19/50 - Val Metric: 0.6516
Epoch 20/50 - Train Loss: 0.6688 - Train Metric: 0.6198
Epoch 20/50 - Val Metric: 0.6509
Epoch 21/50 - Train Loss: 0.6661 - Train Metric: 0.6245
Epoch 21/50 - Val Metric: 0.6547
Epoch 22/50 - Train Loss: 0.6639 - Train Metric: 0.6223
Epoch 22/50 - Val Metric: 0.6555
Epoch 23/50 - Train Loss: 0.6617 - Train Metric: 0.6271
Epoch 23/50 - Val Metric: 0.6541
Epoch 24/50 - Train Loss: 0.6606 - Train Metric: 0.6313
Epoch 24/50 - Val Metric: 0.6543
Epoch 25/50 - Train Loss: 0.6607 - Train Metric: 0.6287
Epoch 25/50 - Val Metric: 0.6547
Epoch 26/50 - Train Loss: 0.6596 - Train Metric: 0.6314
Epoch 26/50 - Val Metric: 0.6540
Epoch 27/50 - Train Loss: 0.6589 - Train Metric: 0.6313
Epoch 27/50 - Val Metric: 0.6551
Epoch 28/50 - Train Loss: 0.6578 - Train Metric: 0.6337
Epoch 28/50 - Val Metric: 0.6550
Epoch 29/50 - Train Loss: 0.6561 - Train Metric: 0.6360
Epoch 29/50 - Val Metric: 0.6566
Epoch 30/50 - Train Loss: 0.6552 - Train Metric: 0.6396
Epoch 30/50 - Val Metric: 0.6569
Epoch 31/50 - Train Loss: 0.6567 - Train Metric: 0.6383
Epoch 31/50 - Val Metric: 0.6536
Epoch 32/50 - Train Loss: 0.6538 - Train Metric: 0.6398
Epoch 32/50 - Val Metric: 0.6566
Epoch 33/50 - Train Loss: 0.6541 - Train Metric: 0.6392
Epoch 33/50 - Val Metric: 0.6564
Epoch 34/50 - Train Loss: 0.6564 - Train Metric: 0.6381
Epoch 34/50 - Val Metric: 0.6581
Epoch 35/50 - Train Loss: 0.6535 - Train Metric: 0.6426
Epoch 35/50 - Val Metric: 0.6598
Epoch 36/50 - Train Loss: 0.6539 - Train Metric: 0.6405
Epoch 36/50 - Val Metric: 0.6537
Epoch 37/50 - Train Loss: 0.6516 - Train Metric: 0.6441
Epoch 37/50 - Val Metric: 0.6565
Epoch 38/50 - Train Loss: 0.6499 - Train Metric: 0.6455
Epoch 38/50 - Val Metric: 0.6572
Epoch 39/50 - Train Loss: 0.6489 - Train Metric: 0.6496
Epoch 39/50 - Val Metric: 0.6566
Epoch 40/50 - Train Loss: 0.6478 - Train Metric: 0.6516
Epoch 40/50 - Val Metric: 0.6541
Epoch 41/50 - Train Loss: 0.6478 - Train Metric: 0.6528
Epoch 41/50 - Val Metric: 0.6579
Epoch 42/50 - Train Loss: 0.6494 - Train Metric: 0.6478
Epoch 42/50 - Val Metric: 0.6621
Epoch 43/50 - Train Loss: 0.6469 - Train Metric: 0.6528
Epoch 43/50 - Val Metric: 0.6572
Epoch 44/50 - Train Loss: 0.6449 - Train Metric: 0.6552
Epoch 44/50 - Val Metric: 0.6622
Epoch 45/50 - Train Loss: 0.6439 - Train Metric: 0.6569
Epoch 45/50 - Val Metric: 0.6628
Epoch 46/50 - Train Loss: 0.6453 - Train Metric: 0.6547
Epoch 46/50 - Val Metric: 0.6599
Epoch 47/50 - Train Loss: 0.6433 - Train Metric: 0.6575
Epoch 47/50 - Val Metric: 0.6600
Epoch 48/50 - Train Loss: 0.6423 - Train Metric: 0.6613
Epoch 48/50 - Val Metric: 0.6604
Epoch 49/50 - Train Loss: 0.6440 - Train Metric: 0.6551
Epoch 49/50 - Val Metric: 0.6628
Epoch 50/50 - Train Loss: 0.6413 - Train Metric: 0.6596
Epoch 50/50 - Val Metric: 0.6602
Best val: 0.6628, Best test: 0.6206
Training set has 6086 instances
Validation set has 760 instances
Test set has 762 instances
Training set has 6086 instances
Validation set has 760 instances
Test set has 762 instances
Training set has 6086 instances
Validation set has 760 instances
Test set has 762 instances
Epoch 1/50 - Train Loss: 0.7074 - Train Metric: 0.4934
Epoch 1/50 - Val Metric: 0.5975
Epoch 2/50 - Train Loss: 0.6955 - Train Metric: 0.5003
Epoch 2/50 - Val Metric: 0.5769
Epoch 3/50 - Train Loss: 0.6951 - Train Metric: 0.5022
Epoch 3/50 - Val Metric: 0.5727
Training set has 6086 instances
Validation set has 760 instances
Test set has 762 instances
Training set has 6086 instances
Validation set has 760 instances
Test set has 762 instances
Epoch 1/50 - Train Loss: 0.6876 - Train Metric: 0.5589
Epoch 1/50 - Val Metric: 0.6058
Epoch 2/50 - Train Loss: 0.6777 - Train Metric: 0.5912
Epoch 2/50 - Val Metric: 0.6161
Epoch 3/50 - Train Loss: 0.6760 - Train Metric: 0.5957
Epoch 3/50 - Val Metric: 0.6236
Epoch 4/50 - Train Loss: 0.6774 - Train Metric: 0.5932
Epoch 4/50 - Val Metric: 0.6237
Epoch 5/50 - Train Loss: 0.6755 - Train Metric: 0.6001
Epoch 5/50 - Val Metric: 0.6334
Epoch 6/50 - Train Loss: 0.6736 - Train Metric: 0.6009
Epoch 6/50 - Val Metric: 0.6305
Epoch 7/50 - Train Loss: 0.6699 - Train Metric: 0.6152
Epoch 7/50 - Val Metric: 0.6357
Epoch 8/50 - Train Loss: 0.6675 - Train Metric: 0.6169
Epoch 8/50 - Val Metric: 0.6383
Epoch 9/50 - Train Loss: 0.6680 - Train Metric: 0.6185
Epoch 9/50 - Val Metric: 0.6330
Epoch 10/50 - Train Loss: 0.6648 - Train Metric: 0.6240
Epoch 10/50 - Val Metric: 0.6258
Epoch 11/50 - Train Loss: 0.6641 - Train Metric: 0.6252
Epoch 11/50 - Val Metric: 0.6239
Epoch 12/50 - Train Loss: 0.6619 - Train Metric: 0.6297
Epoch 12/50 - Val Metric: 0.6226
Epoch 13/50 - Train Loss: 0.6664 - Train Metric: 0.6259
Epoch 13/50 - Val Metric: 0.6338
Epoch 14/50 - Train Loss: 0.6628 - Train Metric: 0.6296
Epoch 14/50 - Val Metric: 0.6392
Epoch 15/50 - Train Loss: 0.6597 - Train Metric: 0.6336
Epoch 15/50 - Val Metric: 0.6184
Epoch 16/50 - Train Loss: 0.6655 - Train Metric: 0.6197
Epoch 16/50 - Val Metric: 0.6292
Epoch 17/50 - Train Loss: 0.6600 - Train Metric: 0.6313
Epoch 17/50 - Val Metric: 0.6362
Epoch 18/50 - Train Loss: 0.6592 - Train Metric: 0.6342
Epoch 18/50 - Val Metric: 0.6373
Epoch 19/50 - Train Loss: 0.6549 - Train Metric: 0.6418
Epoch 19/50 - Val Metric: 0.6415
Epoch 20/50 - Train Loss: 0.6556 - Train Metric: 0.6421
Epoch 20/50 - Val Metric: 0.6275
Epoch 21/50 - Train Loss: 0.6548 - Train Metric: 0.6453
Epoch 21/50 - Val Metric: 0.6153
Epoch 22/50 - Train Loss: 0.6562 - Train Metric: 0.6383
Epoch 22/50 - Val Metric: 0.6296
Epoch 23/50 - Train Loss: 0.6537 - Train Metric: 0.6456
Epoch 23/50 - Val Metric: 0.6529
Epoch 24/50 - Train Loss: 0.6502 - Train Metric: 0.6537
Epoch 24/50 - Val Metric: 0.6264
Epoch 25/50 - Train Loss: 0.6485 - Train Metric: 0.6544
Epoch 25/50 - Val Metric: 0.6176
Epoch 26/50 - Train Loss: 0.6514 - Train Metric: 0.6495
Epoch 26/50 - Val Metric: 0.6397
Epoch 27/50 - Train Loss: 0.6579 - Train Metric: 0.6420
Epoch 27/50 - Val Metric: 0.6423
Epoch 28/50 - Train Loss: 0.6469 - Train Metric: 0.6569
Epoch 28/50 - Val Metric: 0.6483
Epoch 29/50 - Train Loss: 0.6436 - Train Metric: 0.6650
Epoch 29/50 - Val Metric: 0.6454
Epoch 30/50 - Train Loss: 0.6451 - Train Metric: 0.6607
Epoch 30/50 - Val Metric: 0.6492
Epoch 31/50 - Train Loss: 0.6426 - Train Metric: 0.6643
Epoch 31/50 - Val Metric: 0.6199
Epoch 32/50 - Train Loss: 0.6437 - Train Metric: 0.6646
Epoch 32/50 - Val Metric: 0.6543
Epoch 33/50 - Train Loss: 0.6434 - Train Metric: 0.6626
Epoch 33/50 - Val Metric: 0.6394
Epoch 34/50 - Train Loss: 0.6389 - Train Metric: 0.6721
Epoch 34/50 - Val Metric: 0.6428
Epoch 35/50 - Train Loss: 0.6398 - Train Metric: 0.6706
Epoch 35/50 - Val Metric: 0.6479
Epoch 36/50 - Train Loss: 0.6433 - Train Metric: 0.6660
Epoch 36/50 - Val Metric: 0.6407
Epoch 37/50 - Train Loss: 0.6347 - Train Metric: 0.6781
Epoch 37/50 - Val Metric: 0.6605
Epoch 38/50 - Train Loss: 0.6329 - Train Metric: 0.6808
Epoch 38/50 - Val Metric: 0.6362
Epoch 39/50 - Train Loss: 0.6359 - Train Metric: 0.6762
Epoch 39/50 - Val Metric: 0.6289
Epoch 40/50 - Train Loss: 0.6367 - Train Metric: 0.6760
Epoch 40/50 - Val Metric: 0.6538
Epoch 41/50 - Train Loss: 0.6315 - Train Metric: 0.6828
Epoch 41/50 - Val Metric: 0.6590
Epoch 42/50 - Train Loss: 0.6299 - Train Metric: 0.6860
Epoch 42/50 - Val Metric: 0.6471
Epoch 43/50 - Train Loss: 0.6299 - Train Metric: 0.6857
Epoch 43/50 - Val Metric: 0.6558
Epoch 44/50 - Train Loss: 0.6297 - Train Metric: 0.6849
Epoch 44/50 - Val Metric: 0.6501
Epoch 45/50 - Train Loss: 0.6255 - Train Metric: 0.6927
Epoch 45/50 - Val Metric: 0.6635
Epoch 46/50 - Train Loss: 0.6269 - Train Metric: 0.6845
Epoch 46/50 - Val Metric: 0.6551
Epoch 47/50 - Train Loss: 0.6284 - Train Metric: 0.6853
Epoch 47/50 - Val Metric: 0.6452
Epoch 48/50 - Train Loss: 0.6249 - Train Metric: 0.6921
Epoch 48/50 - Val Metric: 0.6552
Epoch 49/50 - Train Loss: 0.6217 - Train Metric: 0.6956
Epoch 49/50 - Val Metric: 0.6541
Epoch 50/50 - Train Loss: 0.6235 - Train Metric: 0.6946
Epoch 50/50 - Val Metric: 0.6461
Best val: 0.6635, Best test: 0.6243
Training set has 6086 instances
Validation set has 760 instances
Test set has 762 instances
Training set has 6086 instances
Validation set has 760 instances
Test set has 762 instances
Training set has 6086 instances
Validation set has 760 instances
Test set has 762 instances
Training set has 6086 instances
Validation set has 760 instances
Test set has 762 instances
Training set has 6086 instances
Validation set has 760 instances
Test set has 762 instances
Hyper-parameter search done. Found the best config.
Repeat experiments 5 times with the best train config {'batch_size': 128, 'gamma_rate': 1.0, 'base_lr': 0.0001} and model config {'num_heads': 4, 'num_layers': 6, 'num_latents': 8, 'hidden_dim': 64, 'mlp_ratio': 0.25, 'dropout_prob': 0, 'top_k': 1}.
Training set has 6086 instances
Validation set has 760 instances
Test set has 762 instances
Epoch 1/50 - Train Loss: 0.6924 - Train Metric: 0.5416
Epoch 1/50 - Val Metric: 0.5412
Epoch 2/50 - Train Loss: 0.6856 - Train Metric: 0.5660
Epoch 2/50 - Val Metric: 0.5494
Epoch 3/50 - Train Loss: 0.6804 - Train Metric: 0.5875
Epoch 3/50 - Val Metric: 0.5684
Epoch 4/50 - Train Loss: 0.6726 - Train Metric: 0.6110
Epoch 4/50 - Val Metric: 0.5800
Epoch 5/50 - Train Loss: 0.6700 - Train Metric: 0.6192
Epoch 5/50 - Val Metric: 0.5865
Epoch 6/50 - Train Loss: 0.6685 - Train Metric: 0.6216
Epoch 6/50 - Val Metric: 0.5959
Epoch 7/50 - Train Loss: 0.6718 - Train Metric: 0.6097
Epoch 7/50 - Val Metric: 0.6001
Epoch 8/50 - Train Loss: 0.6700 - Train Metric: 0.6136
Epoch 8/50 - Val Metric: 0.6004
Epoch 9/50 - Train Loss: 0.6650 - Train Metric: 0.6266
Epoch 9/50 - Val Metric: 0.5999
Epoch 10/50 - Train Loss: 0.6682 - Train Metric: 0.6153
Epoch 10/50 - Val Metric: 0.5995
Epoch 11/50 - Train Loss: 0.6641 - Train Metric: 0.6261
Epoch 11/50 - Val Metric: 0.6037
Epoch 12/50 - Train Loss: 0.6653 - Train Metric: 0.6257
Epoch 12/50 - Val Metric: 0.6038
Epoch 13/50 - Train Loss: 0.6617 - Train Metric: 0.6281
Epoch 13/50 - Val Metric: 0.6072
Epoch 14/50 - Train Loss: 0.6608 - Train Metric: 0.6294
Epoch 14/50 - Val Metric: 0.6045
Epoch 15/50 - Train Loss: 0.6609 - Train Metric: 0.6293
Epoch 15/50 - Val Metric: 0.6051
Epoch 16/50 - Train Loss: 0.6597 - Train Metric: 0.6311
Epoch 16/50 - Val Metric: 0.6062
Epoch 17/50 - Train Loss: 0.6590 - Train Metric: 0.6340
Epoch 17/50 - Val Metric: 0.6083
Epoch 18/50 - Train Loss: 0.6628 - Train Metric: 0.6262
Epoch 18/50 - Val Metric: 0.6152
Epoch 19/50 - Train Loss: 0.6591 - Train Metric: 0.6347
Epoch 19/50 - Val Metric: 0.6047
Epoch 20/50 - Train Loss: 0.6571 - Train Metric: 0.6339
Epoch 20/50 - Val Metric: 0.6033
Epoch 21/50 - Train Loss: 0.6608 - Train Metric: 0.6290
Epoch 21/50 - Val Metric: 0.5979
Epoch 22/50 - Train Loss: 0.6553 - Train Metric: 0.6395
Epoch 22/50 - Val Metric: 0.6010
Epoch 23/50 - Train Loss: 0.6519 - Train Metric: 0.6412
Epoch 23/50 - Val Metric: 0.6146
Epoch 24/50 - Train Loss: 0.6550 - Train Metric: 0.6369
Epoch 24/50 - Val Metric: 0.6086
Epoch 25/50 - Train Loss: 0.6577 - Train Metric: 0.6340
Epoch 25/50 - Val Metric: 0.6040
Epoch 26/50 - Train Loss: 0.6500 - Train Metric: 0.6452
Epoch 26/50 - Val Metric: 0.6107
Epoch 27/50 - Train Loss: 0.6505 - Train Metric: 0.6430
Epoch 27/50 - Val Metric: 0.6063
Epoch 28/50 - Train Loss: 0.6582 - Train Metric: 0.6251
Epoch 28/50 - Val Metric: 0.6097
Epoch 29/50 - Train Loss: 0.6499 - Train Metric: 0.6455
Epoch 29/50 - Val Metric: 0.6078
Epoch 30/50 - Train Loss: 0.6480 - Train Metric: 0.6486
Epoch 30/50 - Val Metric: 0.6009
Epoch 31/50 - Train Loss: 0.6503 - Train Metric: 0.6480
Epoch 31/50 - Val Metric: 0.6081
Epoch 32/50 - Train Loss: 0.6451 - Train Metric: 0.6513
Epoch 32/50 - Val Metric: 0.6125
Epoch 33/50 - Train Loss: 0.6441 - Train Metric: 0.6539
Epoch 33/50 - Val Metric: 0.6144
Epoch 34/50 - Train Loss: 0.6472 - Train Metric: 0.6510
Epoch 34/50 - Val Metric: 0.6141
Epoch 35/50 - Train Loss: 0.6422 - Train Metric: 0.6589
Epoch 35/50 - Val Metric: 0.6223
Epoch 36/50 - Train Loss: 0.6419 - Train Metric: 0.6575
Epoch 36/50 - Val Metric: 0.6209
Epoch 37/50 - Train Loss: 0.6394 - Train Metric: 0.6607
Epoch 37/50 - Val Metric: 0.6307
Epoch 38/50 - Train Loss: 0.6383 - Train Metric: 0.6638
Epoch 38/50 - Val Metric: 0.6179
Epoch 39/50 - Train Loss: 0.6408 - Train Metric: 0.6611
Epoch 39/50 - Val Metric: 0.6191
Epoch 40/50 - Train Loss: 0.6350 - Train Metric: 0.6686
Epoch 40/50 - Val Metric: 0.6135
Epoch 41/50 - Train Loss: 0.6341 - Train Metric: 0.6681
Epoch 41/50 - Val Metric: 0.6272
Epoch 42/50 - Train Loss: 0.6359 - Train Metric: 0.6677
Epoch 42/50 - Val Metric: 0.6199
Epoch 43/50 - Train Loss: 0.6337 - Train Metric: 0.6706
Epoch 43/50 - Val Metric: 0.6275
Epoch 44/50 - Train Loss: 0.6357 - Train Metric: 0.6679
Epoch 44/50 - Val Metric: 0.6220
Epoch 45/50 - Train Loss: 0.6352 - Train Metric: 0.6694
Epoch 45/50 - Val Metric: 0.6164
Epoch 46/50 - Train Loss: 0.6286 - Train Metric: 0.6780
Epoch 46/50 - Val Metric: 0.6219
Epoch 47/50 - Train Loss: 0.6268 - Train Metric: 0.6811
Epoch 47/50 - Val Metric: 0.6173
Epoch 48/50 - Train Loss: 0.6269 - Train Metric: 0.6803
Epoch 48/50 - Val Metric: 0.6190
Epoch 49/50 - Train Loss: 0.6278 - Train Metric: 0.6798
Epoch 49/50 - Val Metric: 0.6332
Epoch 50/50 - Train Loss: 0.6229 - Train Metric: 0.6870
Epoch 50/50 - Val Metric: 0.6224
Best val: 0.6332, Best test: 0.6562
Training set has 6086 instances
Validation set has 760 instances
Test set has 762 instances
Epoch 1/50 - Train Loss: 0.6939 - Train Metric: 0.5143
Epoch 1/50 - Val Metric: 0.5660
Epoch 2/50 - Train Loss: 0.6920 - Train Metric: 0.5349
Epoch 2/50 - Val Metric: 0.5817
Epoch 3/50 - Train Loss: 0.6842 - Train Metric: 0.5764
Epoch 3/50 - Val Metric: 0.5887
Epoch 4/50 - Train Loss: 0.6772 - Train Metric: 0.5976
Epoch 4/50 - Val Metric: 0.5965
Epoch 5/50 - Train Loss: 0.6736 - Train Metric: 0.6089
Epoch 5/50 - Val Metric: 0.6027
Epoch 6/50 - Train Loss: 0.6711 - Train Metric: 0.6126
Epoch 6/50 - Val Metric: 0.6089
Epoch 7/50 - Train Loss: 0.6681 - Train Metric: 0.6179
Epoch 7/50 - Val Metric: 0.5997
Epoch 8/50 - Train Loss: 0.6689 - Train Metric: 0.6190
Epoch 8/50 - Val Metric: 0.6141
Epoch 9/50 - Train Loss: 0.6654 - Train Metric: 0.6230
Epoch 9/50 - Val Metric: 0.6211
Epoch 10/50 - Train Loss: 0.6631 - Train Metric: 0.6276
Epoch 10/50 - Val Metric: 0.6197
Epoch 11/50 - Train Loss: 0.6637 - Train Metric: 0.6239
Epoch 11/50 - Val Metric: 0.6248
Epoch 12/50 - Train Loss: 0.6620 - Train Metric: 0.6293
Epoch 12/50 - Val Metric: 0.6226
Epoch 13/50 - Train Loss: 0.6619 - Train Metric: 0.6285
Epoch 13/50 - Val Metric: 0.6221
Epoch 14/50 - Train Loss: 0.6591 - Train Metric: 0.6306
Epoch 14/50 - Val Metric: 0.6142
Epoch 15/50 - Train Loss: 0.6605 - Train Metric: 0.6302
Epoch 15/50 - Val Metric: 0.6220
Epoch 16/50 - Train Loss: 0.6576 - Train Metric: 0.6353
Epoch 16/50 - Val Metric: 0.6226
Epoch 17/50 - Train Loss: 0.6571 - Train Metric: 0.6347
Epoch 17/50 - Val Metric: 0.6211
Epoch 18/50 - Train Loss: 0.6571 - Train Metric: 0.6347
Epoch 18/50 - Val Metric: 0.6182
Epoch 19/50 - Train Loss: 0.6534 - Train Metric: 0.6385
Epoch 19/50 - Val Metric: 0.6174
Epoch 20/50 - Train Loss: 0.6565 - Train Metric: 0.6339
Epoch 20/50 - Val Metric: 0.6143
Epoch 21/50 - Train Loss: 0.6559 - Train Metric: 0.6359
Epoch 21/50 - Val Metric: 0.6190
Epoch 22/50 - Train Loss: 0.6517 - Train Metric: 0.6426
Epoch 22/50 - Val Metric: 0.6230
Epoch 23/50 - Train Loss: 0.6517 - Train Metric: 0.6412
Epoch 23/50 - Val Metric: 0.6206
Epoch 24/50 - Train Loss: 0.6524 - Train Metric: 0.6408
Epoch 24/50 - Val Metric: 0.6301
Epoch 25/50 - Train Loss: 0.6485 - Train Metric: 0.6454
Epoch 25/50 - Val Metric: 0.6200
Epoch 26/50 - Train Loss: 0.6486 - Train Metric: 0.6465
Epoch 26/50 - Val Metric: 0.6125
Epoch 27/50 - Train Loss: 0.6534 - Train Metric: 0.6383
Epoch 27/50 - Val Metric: 0.6027
Epoch 28/50 - Train Loss: 0.6499 - Train Metric: 0.6456
Epoch 28/50 - Val Metric: 0.6137
Epoch 29/50 - Train Loss: 0.6477 - Train Metric: 0.6460
Epoch 29/50 - Val Metric: 0.6058
Epoch 30/50 - Train Loss: 0.6438 - Train Metric: 0.6559
Epoch 30/50 - Val Metric: 0.6251
Epoch 31/50 - Train Loss: 0.6423 - Train Metric: 0.6600
Epoch 31/50 - Val Metric: 0.6203
Epoch 32/50 - Train Loss: 0.6437 - Train Metric: 0.6562
Epoch 32/50 - Val Metric: 0.6126
Epoch 33/50 - Train Loss: 0.6456 - Train Metric: 0.6521
Epoch 33/50 - Val Metric: 0.6207
Epoch 34/50 - Train Loss: 0.6411 - Train Metric: 0.6569
Epoch 34/50 - Val Metric: 0.6215
Epoch 35/50 - Train Loss: 0.6405 - Train Metric: 0.6628
Epoch 35/50 - Val Metric: 0.6118
Epoch 36/50 - Train Loss: 0.6447 - Train Metric: 0.6567
Epoch 36/50 - Val Metric: 0.6284
Epoch 37/50 - Train Loss: 0.6399 - Train Metric: 0.6644
Epoch 37/50 - Val Metric: 0.6141
Epoch 38/50 - Train Loss: 0.6364 - Train Metric: 0.6696
Epoch 38/50 - Val Metric: 0.6160
Epoch 39/50 - Train Loss: 0.6378 - Train Metric: 0.6670
Epoch 39/50 - Val Metric: 0.6289
Epoch 40/50 - Train Loss: 0.6376 - Train Metric: 0.6641
Epoch 40/50 - Val Metric: 0.6199
Epoch 41/50 - Train Loss: 0.6358 - Train Metric: 0.6725
Epoch 41/50 - Val Metric: 0.5870
Epoch 42/50 - Train Loss: 0.6335 - Train Metric: 0.6736
Epoch 42/50 - Val Metric: 0.6153
Epoch 43/50 - Train Loss: 0.6303 - Train Metric: 0.6780
Epoch 43/50 - Val Metric: 0.6276
Epoch 44/50 - Train Loss: 0.6263 - Train Metric: 0.6868
Epoch 44/50 - Val Metric: 0.6329
Epoch 45/50 - Train Loss: 0.6282 - Train Metric: 0.6822
Epoch 45/50 - Val Metric: 0.6288
Epoch 46/50 - Train Loss: 0.6241 - Train Metric: 0.6875
Epoch 46/50 - Val Metric: 0.6185
Epoch 47/50 - Train Loss: 0.6226 - Train Metric: 0.6896
Epoch 47/50 - Val Metric: 0.6084
Epoch 48/50 - Train Loss: 0.6258 - Train Metric: 0.6873
Epoch 48/50 - Val Metric: 0.6366
Epoch 49/50 - Train Loss: 0.6210 - Train Metric: 0.6939
Epoch 49/50 - Val Metric: 0.6101
Epoch 50/50 - Train Loss: 0.6211 - Train Metric: 0.6928
Epoch 50/50 - Val Metric: 0.6211
Best val: 0.6366, Best test: 0.6502
Training set has 6086 instances
Validation set has 760 instances
Test set has 762 instances
Epoch 1/50 - Train Loss: 0.6976 - Train Metric: 0.4965
Epoch 1/50 - Val Metric: 0.5345
Epoch 2/50 - Train Loss: 0.6937 - Train Metric: 0.5223
Epoch 2/50 - Val Metric: 0.5622
Epoch 3/50 - Train Loss: 0.6879 - Train Metric: 0.5566
Epoch 3/50 - Val Metric: 0.5914
Epoch 4/50 - Train Loss: 0.6786 - Train Metric: 0.5961
Epoch 4/50 - Val Metric: 0.5994
Epoch 5/50 - Train Loss: 0.6778 - Train Metric: 0.5962
Epoch 5/50 - Val Metric: 0.6056
Epoch 6/50 - Train Loss: 0.6698 - Train Metric: 0.6184
Epoch 6/50 - Val Metric: 0.6107
Epoch 7/50 - Train Loss: 0.6684 - Train Metric: 0.6217
Epoch 7/50 - Val Metric: 0.6182
Epoch 8/50 - Train Loss: 0.6656 - Train Metric: 0.6256
Epoch 8/50 - Val Metric: 0.6174
Epoch 9/50 - Train Loss: 0.6640 - Train Metric: 0.6274
Epoch 9/50 - Val Metric: 0.6165
Epoch 10/50 - Train Loss: 0.6663 - Train Metric: 0.6226
Epoch 10/50 - Val Metric: 0.6156
Epoch 11/50 - Train Loss: 0.6665 - Train Metric: 0.6224
Epoch 11/50 - Val Metric: 0.6140
Epoch 12/50 - Train Loss: 0.6633 - Train Metric: 0.6241
Epoch 12/50 - Val Metric: 0.6138
Epoch 13/50 - Train Loss: 0.6618 - Train Metric: 0.6302
Epoch 13/50 - Val Metric: 0.6185
Epoch 14/50 - Train Loss: 0.6599 - Train Metric: 0.6324
Epoch 14/50 - Val Metric: 0.6175
Epoch 15/50 - Train Loss: 0.6596 - Train Metric: 0.6331
Epoch 15/50 - Val Metric: 0.6188
Epoch 16/50 - Train Loss: 0.6584 - Train Metric: 0.6350
Epoch 16/50 - Val Metric: 0.6130
Epoch 17/50 - Train Loss: 0.6606 - Train Metric: 0.6338
Epoch 17/50 - Val Metric: 0.6202
Epoch 18/50 - Train Loss: 0.6595 - Train Metric: 0.6321
Epoch 18/50 - Val Metric: 0.6235
Epoch 19/50 - Train Loss: 0.6593 - Train Metric: 0.6351
Epoch 19/50 - Val Metric: 0.6138
Epoch 20/50 - Train Loss: 0.6587 - Train Metric: 0.6336
Epoch 20/50 - Val Metric: 0.6227
Epoch 21/50 - Train Loss: 0.6596 - Train Metric: 0.6342
Epoch 21/50 - Val Metric: 0.6205
Epoch 22/50 - Train Loss: 0.6549 - Train Metric: 0.6393
Epoch 22/50 - Val Metric: 0.6182
Epoch 23/50 - Train Loss: 0.6554 - Train Metric: 0.6384
Epoch 23/50 - Val Metric: 0.6170
Epoch 24/50 - Train Loss: 0.6546 - Train Metric: 0.6406
Epoch 24/50 - Val Metric: 0.6250
Epoch 25/50 - Train Loss: 0.6545 - Train Metric: 0.6403
Epoch 25/50 - Val Metric: 0.6230
Epoch 26/50 - Train Loss: 0.6565 - Train Metric: 0.6379
Epoch 26/50 - Val Metric: 0.6227
Epoch 27/50 - Train Loss: 0.6536 - Train Metric: 0.6429
Epoch 27/50 - Val Metric: 0.6254
Epoch 28/50 - Train Loss: 0.6516 - Train Metric: 0.6445
Epoch 28/50 - Val Metric: 0.6288
Epoch 29/50 - Train Loss: 0.6533 - Train Metric: 0.6446
Epoch 29/50 - Val Metric: 0.6264
Epoch 30/50 - Train Loss: 0.6512 - Train Metric: 0.6436
Epoch 30/50 - Val Metric: 0.6294
Epoch 31/50 - Train Loss: 0.6543 - Train Metric: 0.6388
Epoch 31/50 - Val Metric: 0.6313
Epoch 32/50 - Train Loss: 0.6547 - Train Metric: 0.6388
Epoch 32/50 - Val Metric: 0.6270
Epoch 33/50 - Train Loss: 0.6493 - Train Metric: 0.6443
Epoch 33/50 - Val Metric: 0.6239
Epoch 34/50 - Train Loss: 0.6508 - Train Metric: 0.6465
Epoch 34/50 - Val Metric: 0.6252
Epoch 35/50 - Train Loss: 0.6479 - Train Metric: 0.6494
Epoch 35/50 - Val Metric: 0.6246
Epoch 36/50 - Train Loss: 0.6483 - Train Metric: 0.6493
Epoch 36/50 - Val Metric: 0.6285
Epoch 37/50 - Train Loss: 0.6476 - Train Metric: 0.6516
Epoch 37/50 - Val Metric: 0.6234
Epoch 38/50 - Train Loss: 0.6473 - Train Metric: 0.6529
Epoch 38/50 - Val Metric: 0.6293
Epoch 39/50 - Train Loss: 0.6473 - Train Metric: 0.6524
Epoch 39/50 - Val Metric: 0.6284
Epoch 40/50 - Train Loss: 0.6421 - Train Metric: 0.6579
Epoch 40/50 - Val Metric: 0.6296
Epoch 41/50 - Train Loss: 0.6435 - Train Metric: 0.6556
Epoch 41/50 - Val Metric: 0.6235
Epoch 42/50 - Train Loss: 0.6432 - Train Metric: 0.6568
Epoch 42/50 - Val Metric: 0.6349
Epoch 43/50 - Train Loss: 0.6405 - Train Metric: 0.6632
Epoch 43/50 - Val Metric: 0.6347
Epoch 44/50 - Train Loss: 0.6412 - Train Metric: 0.6612
Epoch 44/50 - Val Metric: 0.6288
Epoch 45/50 - Train Loss: 0.6403 - Train Metric: 0.6586
Epoch 45/50 - Val Metric: 0.6282
Epoch 46/50 - Train Loss: 0.6395 - Train Metric: 0.6665
Epoch 46/50 - Val Metric: 0.6236
Epoch 47/50 - Train Loss: 0.6459 - Train Metric: 0.6530
Epoch 47/50 - Val Metric: 0.6324
Epoch 48/50 - Train Loss: 0.6393 - Train Metric: 0.6631
Epoch 48/50 - Val Metric: 0.6296
Epoch 49/50 - Train Loss: 0.6355 - Train Metric: 0.6698
Epoch 49/50 - Val Metric: 0.6341
Epoch 50/50 - Train Loss: 0.6380 - Train Metric: 0.6706
Epoch 50/50 - Val Metric: 0.6183
Best val: 0.6349, Best test: 0.6334
Training set has 6086 instances
Validation set has 760 instances
Test set has 762 instances
Epoch 1/50 - Train Loss: 0.6961 - Train Metric: 0.5228
Epoch 1/50 - Val Metric: 0.5334
Epoch 2/50 - Train Loss: 0.6933 - Train Metric: 0.5062
Epoch 2/50 - Val Metric: 0.5780
Epoch 3/50 - Train Loss: 0.6924 - Train Metric: 0.5407
Epoch 3/50 - Val Metric: 0.5858
Epoch 4/50 - Train Loss: 0.6829 - Train Metric: 0.5715
Epoch 4/50 - Val Metric: 0.6036
Epoch 5/50 - Train Loss: 0.6814 - Train Metric: 0.5758
Epoch 5/50 - Val Metric: 0.6180
Epoch 6/50 - Train Loss: 0.6742 - Train Metric: 0.6001
Epoch 6/50 - Val Metric: 0.6253
Epoch 7/50 - Train Loss: 0.6757 - Train Metric: 0.5928
Epoch 7/50 - Val Metric: 0.6292
Epoch 8/50 - Train Loss: 0.6727 - Train Metric: 0.6064
Epoch 8/50 - Val Metric: 0.6284
Epoch 9/50 - Train Loss: 0.6662 - Train Metric: 0.6211
Epoch 9/50 - Val Metric: 0.6328
Epoch 10/50 - Train Loss: 0.6669 - Train Metric: 0.6199
Epoch 10/50 - Val Metric: 0.6298
Epoch 11/50 - Train Loss: 0.6661 - Train Metric: 0.6215
Epoch 11/50 - Val Metric: 0.6328
Epoch 12/50 - Train Loss: 0.6650 - Train Metric: 0.6204
Epoch 12/50 - Val Metric: 0.6319
Epoch 13/50 - Train Loss: 0.6634 - Train Metric: 0.6227
Epoch 13/50 - Val Metric: 0.6320
Epoch 14/50 - Train Loss: 0.6638 - Train Metric: 0.6212
Epoch 14/50 - Val Metric: 0.6226
Epoch 15/50 - Train Loss: 0.6634 - Train Metric: 0.6251
Epoch 15/50 - Val Metric: 0.6347
Epoch 16/50 - Train Loss: 0.6612 - Train Metric: 0.6277
Epoch 16/50 - Val Metric: 0.6349
Epoch 17/50 - Train Loss: 0.6593 - Train Metric: 0.6298
Epoch 17/50 - Val Metric: 0.6354
Epoch 18/50 - Train Loss: 0.6594 - Train Metric: 0.6295
Epoch 18/50 - Val Metric: 0.6335
Epoch 19/50 - Train Loss: 0.6563 - Train Metric: 0.6322
Epoch 19/50 - Val Metric: 0.6348
Epoch 20/50 - Train Loss: 0.6627 - Train Metric: 0.6211
Epoch 20/50 - Val Metric: 0.6264
Epoch 21/50 - Train Loss: 0.6595 - Train Metric: 0.6311
Epoch 21/50 - Val Metric: 0.6307
Epoch 22/50 - Train Loss: 0.6536 - Train Metric: 0.6383
Epoch 22/50 - Val Metric: 0.6385
Epoch 23/50 - Train Loss: 0.6548 - Train Metric: 0.6373
Epoch 23/50 - Val Metric: 0.6312
Epoch 24/50 - Train Loss: 0.6541 - Train Metric: 0.6394
Epoch 24/50 - Val Metric: 0.6396
Epoch 25/50 - Train Loss: 0.6554 - Train Metric: 0.6362
Epoch 25/50 - Val Metric: 0.6341
Epoch 26/50 - Train Loss: 0.6546 - Train Metric: 0.6351
Epoch 26/50 - Val Metric: 0.6362
Epoch 27/50 - Train Loss: 0.6511 - Train Metric: 0.6417
Epoch 27/50 - Val Metric: 0.6403
Epoch 28/50 - Train Loss: 0.6508 - Train Metric: 0.6439
Epoch 28/50 - Val Metric: 0.6339
Epoch 29/50 - Train Loss: 0.6512 - Train Metric: 0.6416
Epoch 29/50 - Val Metric: 0.6495
Epoch 30/50 - Train Loss: 0.6486 - Train Metric: 0.6483
Epoch 30/50 - Val Metric: 0.6436
Epoch 31/50 - Train Loss: 0.6459 - Train Metric: 0.6507
Epoch 31/50 - Val Metric: 0.6357
Epoch 32/50 - Train Loss: 0.6468 - Train Metric: 0.6524
Epoch 32/50 - Val Metric: 0.6398
Epoch 33/50 - Train Loss: 0.6466 - Train Metric: 0.6474
Epoch 33/50 - Val Metric: 0.6314
Epoch 34/50 - Train Loss: 0.6462 - Train Metric: 0.6507
Epoch 34/50 - Val Metric: 0.6384
Epoch 35/50 - Train Loss: 0.6463 - Train Metric: 0.6490
Epoch 35/50 - Val Metric: 0.6466
Epoch 36/50 - Train Loss: 0.6427 - Train Metric: 0.6567
Epoch 36/50 - Val Metric: 0.6488
Epoch 37/50 - Train Loss: 0.6421 - Train Metric: 0.6599
Epoch 37/50 - Val Metric: 0.6359
Epoch 38/50 - Train Loss: 0.6434 - Train Metric: 0.6567
Epoch 38/50 - Val Metric: 0.6355
Epoch 39/50 - Train Loss: 0.6429 - Train Metric: 0.6538
Epoch 39/50 - Val Metric: 0.6308
Epoch 40/50 - Train Loss: 0.6391 - Train Metric: 0.6628
Epoch 40/50 - Val Metric: 0.6470
Epoch 41/50 - Train Loss: 0.6389 - Train Metric: 0.6631
Epoch 41/50 - Val Metric: 0.6360
Epoch 42/50 - Train Loss: 0.6414 - Train Metric: 0.6581
Epoch 42/50 - Val Metric: 0.6313
Epoch 43/50 - Train Loss: 0.6423 - Train Metric: 0.6612
Epoch 43/50 - Val Metric: 0.6315
Epoch 44/50 - Train Loss: 0.6414 - Train Metric: 0.6593
Epoch 44/50 - Val Metric: 0.6287
Epoch 45/50 - Train Loss: 0.6359 - Train Metric: 0.6708
Epoch 45/50 - Val Metric: 0.6332
Epoch 46/50 - Train Loss: 0.6358 - Train Metric: 0.6706
Epoch 46/50 - Val Metric: 0.6386
Epoch 47/50 - Train Loss: 0.6385 - Train Metric: 0.6638
Epoch 47/50 - Val Metric: 0.6469
Epoch 48/50 - Train Loss: 0.6336 - Train Metric: 0.6730
Epoch 48/50 - Val Metric: 0.6438
Epoch 49/50 - Train Loss: 0.6333 - Train Metric: 0.6708
Epoch 49/50 - Val Metric: 0.6184
Epoch 50/50 - Train Loss: 0.6362 - Train Metric: 0.6688
Epoch 50/50 - Val Metric: 0.6333
Best val: 0.6495, Best test: 0.6449
Training set has 6086 instances
Validation set has 760 instances
Test set has 762 instances
Epoch 1/50 - Train Loss: 0.6938 - Train Metric: 0.5206
Epoch 1/50 - Val Metric: 0.6103
Epoch 2/50 - Train Loss: 0.6839 - Train Metric: 0.5717
Epoch 2/50 - Val Metric: 0.6113
Epoch 3/50 - Train Loss: 0.6798 - Train Metric: 0.5859
Epoch 3/50 - Val Metric: 0.6188
Epoch 4/50 - Train Loss: 0.6727 - Train Metric: 0.6083
Epoch 4/50 - Val Metric: 0.6194
Epoch 5/50 - Train Loss: 0.6718 - Train Metric: 0.6081
Epoch 5/50 - Val Metric: 0.6171
Epoch 6/50 - Train Loss: 0.6744 - Train Metric: 0.6057
Epoch 6/50 - Val Metric: 0.6250
Epoch 7/50 - Train Loss: 0.6674 - Train Metric: 0.6200
Epoch 7/50 - Val Metric: 0.6235
Epoch 8/50 - Train Loss: 0.6668 - Train Metric: 0.6198
Epoch 8/50 - Val Metric: 0.6236
Epoch 9/50 - Train Loss: 0.6631 - Train Metric: 0.6264
Epoch 9/50 - Val Metric: 0.6163
Epoch 10/50 - Train Loss: 0.6634 - Train Metric: 0.6247
Epoch 10/50 - Val Metric: 0.6234
Epoch 11/50 - Train Loss: 0.6661 - Train Metric: 0.6183
Epoch 11/50 - Val Metric: 0.6323
Epoch 12/50 - Train Loss: 0.6638 - Train Metric: 0.6196
Epoch 12/50 - Val Metric: 0.6225
Epoch 13/50 - Train Loss: 0.6626 - Train Metric: 0.6288
Epoch 13/50 - Val Metric: 0.6177
Epoch 14/50 - Train Loss: 0.6602 - Train Metric: 0.6250
Epoch 14/50 - Val Metric: 0.6243
Epoch 15/50 - Train Loss: 0.6580 - Train Metric: 0.6349
Epoch 15/50 - Val Metric: 0.6183
Epoch 16/50 - Train Loss: 0.6591 - Train Metric: 0.6326
Epoch 16/50 - Val Metric: 0.6237
Epoch 17/50 - Train Loss: 0.6547 - Train Metric: 0.6391
Epoch 17/50 - Val Metric: 0.6226
Epoch 18/50 - Train Loss: 0.6543 - Train Metric: 0.6422
Epoch 18/50 - Val Metric: 0.6213
Epoch 19/50 - Train Loss: 0.6583 - Train Metric: 0.6307
Epoch 19/50 - Val Metric: 0.6239
Epoch 20/50 - Train Loss: 0.6544 - Train Metric: 0.6444
Epoch 20/50 - Val Metric: 0.6255
Epoch 21/50 - Train Loss: 0.6508 - Train Metric: 0.6483
Epoch 21/50 - Val Metric: 0.6280
Epoch 22/50 - Train Loss: 0.6525 - Train Metric: 0.6453
Epoch 22/50 - Val Metric: 0.6276
Epoch 23/50 - Train Loss: 0.6535 - Train Metric: 0.6431
Epoch 23/50 - Val Metric: 0.6220
Epoch 24/50 - Train Loss: 0.6490 - Train Metric: 0.6493
Epoch 24/50 - Val Metric: 0.6158
Epoch 25/50 - Train Loss: 0.6477 - Train Metric: 0.6523
Epoch 25/50 - Val Metric: 0.6189
Epoch 26/50 - Train Loss: 0.6499 - Train Metric: 0.6493
Epoch 26/50 - Val Metric: 0.6326
Epoch 27/50 - Train Loss: 0.6484 - Train Metric: 0.6524
Epoch 27/50 - Val Metric: 0.6169
Epoch 28/50 - Train Loss: 0.6439 - Train Metric: 0.6590
Epoch 28/50 - Val Metric: 0.6316
Epoch 29/50 - Train Loss: 0.6406 - Train Metric: 0.6632
Epoch 29/50 - Val Metric: 0.6199
Epoch 30/50 - Train Loss: 0.6427 - Train Metric: 0.6580
Epoch 30/50 - Val Metric: 0.6279
Epoch 31/50 - Train Loss: 0.6413 - Train Metric: 0.6669
Epoch 31/50 - Val Metric: 0.6267
Epoch 32/50 - Train Loss: 0.6391 - Train Metric: 0.6687
Epoch 32/50 - Val Metric: 0.6288
Epoch 33/50 - Train Loss: 0.6369 - Train Metric: 0.6722
Epoch 33/50 - Val Metric: 0.6385
Epoch 34/50 - Train Loss: 0.6346 - Train Metric: 0.6772
Epoch 34/50 - Val Metric: 0.6296
Epoch 35/50 - Train Loss: 0.6355 - Train Metric: 0.6746
Epoch 35/50 - Val Metric: 0.6393
Epoch 36/50 - Train Loss: 0.6354 - Train Metric: 0.6751
Epoch 36/50 - Val Metric: 0.6262
Epoch 37/50 - Train Loss: 0.6325 - Train Metric: 0.6777
Epoch 37/50 - Val Metric: 0.6355
Epoch 38/50 - Train Loss: 0.6298 - Train Metric: 0.6826
Epoch 38/50 - Val Metric: 0.6269
Epoch 39/50 - Train Loss: 0.6334 - Train Metric: 0.6770
Epoch 39/50 - Val Metric: 0.6409
Epoch 40/50 - Train Loss: 0.6320 - Train Metric: 0.6792
Epoch 40/50 - Val Metric: 0.6323
Epoch 41/50 - Train Loss: 0.6290 - Train Metric: 0.6840
Epoch 41/50 - Val Metric: 0.6364
Epoch 42/50 - Train Loss: 0.6251 - Train Metric: 0.6893
Epoch 42/50 - Val Metric: 0.6395
Epoch 43/50 - Train Loss: 0.6276 - Train Metric: 0.6883
Epoch 43/50 - Val Metric: 0.6372
Epoch 44/50 - Train Loss: 0.6282 - Train Metric: 0.6871
Epoch 44/50 - Val Metric: 0.6321
Epoch 45/50 - Train Loss: 0.6211 - Train Metric: 0.6945
Epoch 45/50 - Val Metric: 0.6327
Epoch 46/50 - Train Loss: 0.6235 - Train Metric: 0.6935
Epoch 46/50 - Val Metric: 0.6355
Epoch 47/50 - Train Loss: 0.6191 - Train Metric: 0.6985
Epoch 47/50 - Val Metric: 0.6306
Epoch 48/50 - Train Loss: 0.6190 - Train Metric: 0.6985
Epoch 48/50 - Val Metric: 0.6415
Epoch 49/50 - Train Loss: 0.6199 - Train Metric: 0.6981
Epoch 49/50 - Val Metric: 0.6309
Epoch 50/50 - Train Loss: 0.6244 - Train Metric: 0.6900
Epoch 50/50 - Val Metric: 0.6383
Best val: 0.6415, Best test: 0.6427
[0.6562472  0.6501925  0.6334039  0.64490736 0.6427331 ]
