Hyper-parameter search via Optuna
Namespace(task_type='binary_classification', scale='small', idx=9, epochs=50, num_trials=20, num_repeats=5, seed=0, exp_name='MemPerceiver_Ens_Attn', result_path='output/binary_classification/small/9/MemPerceiver_Ens_Attn.pt')
Device: cuda
Start building binary_classification dataset_small_9
Training set has 6086 instances
Validation set has 760 instances
Test set has 762 instances
Epoch 1/50 - Train Loss: 0.7016 - Train Metric: 0.5087
Epoch 1/50 - Val Metric: 0.5823
Epoch 2/50 - Train Loss: 0.6928 - Train Metric: 0.5298
Epoch 2/50 - Val Metric: 0.6075
Epoch 3/50 - Train Loss: 0.6911 - Train Metric: 0.5433
Epoch 3/50 - Val Metric: 0.6181
Epoch 4/50 - Train Loss: 0.6870 - Train Metric: 0.5649
Epoch 4/50 - Val Metric: 0.6267
Epoch 5/50 - Train Loss: 0.6817 - Train Metric: 0.5834
Epoch 5/50 - Val Metric: 0.6306
Epoch 6/50 - Train Loss: 0.6814 - Train Metric: 0.5870
Epoch 6/50 - Val Metric: 0.6350
Epoch 7/50 - Train Loss: 0.6796 - Train Metric: 0.5899
Epoch 7/50 - Val Metric: 0.6342
Epoch 8/50 - Train Loss: 0.6794 - Train Metric: 0.5921
Epoch 8/50 - Val Metric: 0.6337
Epoch 9/50 - Train Loss: 0.6786 - Train Metric: 0.5929
Epoch 9/50 - Val Metric: 0.6337
Epoch 10/50 - Train Loss: 0.6758 - Train Metric: 0.5985
Epoch 10/50 - Val Metric: 0.6341
Epoch 11/50 - Train Loss: 0.6764 - Train Metric: 0.5957
Epoch 11/50 - Val Metric: 0.6341
Epoch 12/50 - Train Loss: 0.6760 - Train Metric: 0.5995
Epoch 12/50 - Val Metric: 0.6355
Epoch 13/50 - Train Loss: 0.6765 - Train Metric: 0.5963
Epoch 13/50 - Val Metric: 0.6358
Epoch 14/50 - Train Loss: 0.6745 - Train Metric: 0.6057
Epoch 14/50 - Val Metric: 0.6355
Epoch 15/50 - Train Loss: 0.6749 - Train Metric: 0.6026
Epoch 15/50 - Val Metric: 0.6355
Epoch 16/50 - Train Loss: 0.6720 - Train Metric: 0.6097
Epoch 16/50 - Val Metric: 0.6365
Epoch 17/50 - Train Loss: 0.6730 - Train Metric: 0.6061
Epoch 17/50 - Val Metric: 0.6368
Epoch 18/50 - Train Loss: 0.6729 - Train Metric: 0.6105
Epoch 18/50 - Val Metric: 0.6364
Epoch 19/50 - Train Loss: 0.6756 - Train Metric: 0.5980
Epoch 19/50 - Val Metric: 0.6374
Epoch 20/50 - Train Loss: 0.6716 - Train Metric: 0.6106
Epoch 20/50 - Val Metric: 0.6377
Epoch 21/50 - Train Loss: 0.6718 - Train Metric: 0.6114
Epoch 21/50 - Val Metric: 0.6389
Epoch 22/50 - Train Loss: 0.6726 - Train Metric: 0.6071
Epoch 22/50 - Val Metric: 0.6394
Epoch 23/50 - Train Loss: 0.6719 - Train Metric: 0.6112
Epoch 23/50 - Val Metric: 0.6391
Epoch 24/50 - Train Loss: 0.6721 - Train Metric: 0.6083
Epoch 24/50 - Val Metric: 0.6395
Epoch 25/50 - Train Loss: 0.6704 - Train Metric: 0.6114
Epoch 25/50 - Val Metric: 0.6390
Epoch 26/50 - Train Loss: 0.6736 - Train Metric: 0.6079
Epoch 26/50 - Val Metric: 0.6389
Epoch 27/50 - Train Loss: 0.6731 - Train Metric: 0.6069
Epoch 27/50 - Val Metric: 0.6403
Epoch 28/50 - Train Loss: 0.6701 - Train Metric: 0.6144
Epoch 28/50 - Val Metric: 0.6407
Epoch 29/50 - Train Loss: 0.6723 - Train Metric: 0.6076
Epoch 29/50 - Val Metric: 0.6410
Epoch 30/50 - Train Loss: 0.6709 - Train Metric: 0.6117
Epoch 30/50 - Val Metric: 0.6408
Epoch 31/50 - Train Loss: 0.6729 - Train Metric: 0.6074
Epoch 31/50 - Val Metric: 0.6412
Epoch 32/50 - Train Loss: 0.6712 - Train Metric: 0.6126
Epoch 32/50 - Val Metric: 0.6412
Epoch 33/50 - Train Loss: 0.6728 - Train Metric: 0.6078
Epoch 33/50 - Val Metric: 0.6410
Epoch 34/50 - Train Loss: 0.6698 - Train Metric: 0.6111
Epoch 34/50 - Val Metric: 0.6410
Epoch 35/50 - Train Loss: 0.6713 - Train Metric: 0.6118
Epoch 35/50 - Val Metric: 0.6409
Epoch 36/50 - Train Loss: 0.6704 - Train Metric: 0.6159
Epoch 36/50 - Val Metric: 0.6408
Epoch 37/50 - Train Loss: 0.6714 - Train Metric: 0.6123
Epoch 37/50 - Val Metric: 0.6406
Epoch 38/50 - Train Loss: 0.6711 - Train Metric: 0.6115
Epoch 38/50 - Val Metric: 0.6408
Epoch 39/50 - Train Loss: 0.6726 - Train Metric: 0.6064
Epoch 39/50 - Val Metric: 0.6411
Epoch 40/50 - Train Loss: 0.6702 - Train Metric: 0.6131
Epoch 40/50 - Val Metric: 0.6408
Epoch 41/50 - Train Loss: 0.6711 - Train Metric: 0.6137
Epoch 41/50 - Val Metric: 0.6408
Epoch 42/50 - Train Loss: 0.6710 - Train Metric: 0.6113
Epoch 42/50 - Val Metric: 0.6412
Epoch 43/50 - Train Loss: 0.6709 - Train Metric: 0.6168
Epoch 43/50 - Val Metric: 0.6410
Epoch 44/50 - Train Loss: 0.6703 - Train Metric: 0.6154
Epoch 44/50 - Val Metric: 0.6409
Epoch 45/50 - Train Loss: 0.6704 - Train Metric: 0.6132
Epoch 45/50 - Val Metric: 0.6411
Epoch 46/50 - Train Loss: 0.6709 - Train Metric: 0.6123
Epoch 46/50 - Val Metric: 0.6408
Epoch 47/50 - Train Loss: 0.6703 - Train Metric: 0.6143
Epoch 47/50 - Val Metric: 0.6409
Epoch 48/50 - Train Loss: 0.6682 - Train Metric: 0.6186
Epoch 48/50 - Val Metric: 0.6410
Epoch 49/50 - Train Loss: 0.6693 - Train Metric: 0.6149
Epoch 49/50 - Val Metric: 0.6406
Epoch 50/50 - Train Loss: 0.6672 - Train Metric: 0.6196
Epoch 50/50 - Val Metric: 0.6408
Best val: 0.6412, Best test: 0.6080
Training set has 6086 instances
Validation set has 760 instances
Test set has 762 instances
Epoch 1/50 - Train Loss: 0.8928 - Train Metric: 0.4999
Epoch 1/50 - Val Metric: 0.4938
Epoch 2/50 - Train Loss: 0.6938 - Train Metric: 0.4833
Epoch 2/50 - Val Metric: 0.4969
Epoch 3/50 - Train Loss: 0.6966 - Train Metric: 0.4941
Epoch 3/50 - Val Metric: 0.4984
Epoch 4/50 - Train Loss: 0.6949 - Train Metric: 0.5029
Epoch 4/50 - Val Metric: 0.5005
Epoch 5/50 - Train Loss: 0.6955 - Train Metric: 0.5046
Epoch 5/50 - Val Metric: 0.5035
Epoch 6/50 - Train Loss: 0.6988 - Train Metric: 0.5079
Epoch 6/50 - Val Metric: 0.5075
Epoch 7/50 - Train Loss: 0.6945 - Train Metric: 0.5073
Epoch 7/50 - Val Metric: 0.5104
Epoch 8/50 - Train Loss: 0.6944 - Train Metric: 0.5097
Epoch 8/50 - Val Metric: 0.5130
Epoch 9/50 - Train Loss: 0.6936 - Train Metric: 0.4950
Epoch 9/50 - Val Metric: 0.5141
Epoch 10/50 - Train Loss: 0.6947 - Train Metric: 0.5071
Epoch 10/50 - Val Metric: 0.5155
Epoch 11/50 - Train Loss: 0.6940 - Train Metric: 0.5045
Epoch 11/50 - Val Metric: 0.5162
Epoch 12/50 - Train Loss: 0.6953 - Train Metric: 0.5075
Epoch 12/50 - Val Metric: 0.5174
Epoch 13/50 - Train Loss: 0.6942 - Train Metric: 0.4901
Epoch 13/50 - Val Metric: 0.5187
Epoch 14/50 - Train Loss: 0.6941 - Train Metric: 0.5013
Epoch 14/50 - Val Metric: 0.5182
Epoch 15/50 - Train Loss: 0.6947 - Train Metric: 0.5056
Epoch 15/50 - Val Metric: 0.5190
Epoch 16/50 - Train Loss: 0.6942 - Train Metric: 0.4988
Epoch 16/50 - Val Metric: 0.5199
Epoch 17/50 - Train Loss: 0.6945 - Train Metric: 0.5035
Epoch 17/50 - Val Metric: 0.5195
Epoch 18/50 - Train Loss: 0.6937 - Train Metric: 0.4966
Epoch 18/50 - Val Metric: 0.5210
Epoch 19/50 - Train Loss: 0.6948 - Train Metric: 0.4931
Epoch 19/50 - Val Metric: 0.5210
Epoch 20/50 - Train Loss: 0.6935 - Train Metric: 0.4952
Epoch 20/50 - Val Metric: 0.5221
Epoch 21/50 - Train Loss: 0.6938 - Train Metric: 0.4988
Epoch 21/50 - Val Metric: 0.5231
Epoch 22/50 - Train Loss: 0.6937 - Train Metric: 0.5000
Epoch 22/50 - Val Metric: 0.5240
Epoch 23/50 - Train Loss: 0.6943 - Train Metric: 0.5033
Epoch 23/50 - Val Metric: 0.5270
Epoch 24/50 - Train Loss: 0.6963 - Train Metric: 0.5055
Epoch 24/50 - Val Metric: 0.5275
Epoch 25/50 - Train Loss: 0.6944 - Train Metric: 0.4982
Epoch 25/50 - Val Metric: 0.5292
Epoch 26/50 - Train Loss: 0.6941 - Train Metric: 0.4937
Epoch 26/50 - Val Metric: 0.5340
Epoch 27/50 - Train Loss: 0.6936 - Train Metric: 0.4930
Epoch 27/50 - Val Metric: 0.5370
Epoch 28/50 - Train Loss: 0.6954 - Train Metric: 0.5105
Epoch 28/50 - Val Metric: 0.5354
Epoch 29/50 - Train Loss: 0.6941 - Train Metric: 0.4996
Epoch 29/50 - Val Metric: 0.5354
Epoch 30/50 - Train Loss: 0.6939 - Train Metric: 0.5003
Epoch 30/50 - Val Metric: 0.5409
Epoch 31/50 - Train Loss: 0.6962 - Train Metric: 0.5087
Epoch 31/50 - Val Metric: 0.5406
Epoch 32/50 - Train Loss: 0.6940 - Train Metric: 0.5035
Epoch 32/50 - Val Metric: 0.5422
Epoch 33/50 - Train Loss: 0.6938 - Train Metric: 0.4887
Epoch 33/50 - Val Metric: 0.5451
Epoch 34/50 - Train Loss: 0.6941 - Train Metric: 0.5034
Epoch 34/50 - Val Metric: 0.5459
Epoch 35/50 - Train Loss: 0.6935 - Train Metric: 0.4955
Epoch 35/50 - Val Metric: 0.5468
Epoch 36/50 - Train Loss: 0.6939 - Train Metric: 0.5000
Epoch 36/50 - Val Metric: 0.5499
Epoch 37/50 - Train Loss: 0.6950 - Train Metric: 0.5065
Epoch 37/50 - Val Metric: 0.5498
Epoch 38/50 - Train Loss: 0.6946 - Train Metric: 0.5111
Epoch 38/50 - Val Metric: 0.5511
Epoch 39/50 - Train Loss: 0.6936 - Train Metric: 0.4951
Epoch 39/50 - Val Metric: 0.5521
Epoch 40/50 - Train Loss: 0.6937 - Train Metric: 0.5108
Epoch 40/50 - Val Metric: 0.5520
Epoch 41/50 - Train Loss: 0.6936 - Train Metric: 0.5002
Epoch 41/50 - Val Metric: 0.5531
Epoch 42/50 - Train Loss: 0.6936 - Train Metric: 0.5107
Epoch 42/50 - Val Metric: 0.5514
Epoch 43/50 - Train Loss: 0.6932 - Train Metric: 0.4933
Epoch 43/50 - Val Metric: 0.5544
Epoch 44/50 - Train Loss: 0.6933 - Train Metric: 0.4975
Epoch 44/50 - Val Metric: 0.5562
Epoch 45/50 - Train Loss: 0.6937 - Train Metric: 0.4937
Epoch 45/50 - Val Metric: 0.5559
Epoch 46/50 - Train Loss: 0.6939 - Train Metric: 0.4992
Epoch 46/50 - Val Metric: 0.5574
Epoch 47/50 - Train Loss: 0.6933 - Train Metric: 0.5004
Epoch 47/50 - Val Metric: 0.5562
Epoch 48/50 - Train Loss: 0.6940 - Train Metric: 0.4957
Epoch 48/50 - Val Metric: 0.5571
Epoch 49/50 - Train Loss: 0.6934 - Train Metric: 0.5196
Epoch 49/50 - Val Metric: 0.5570
Epoch 50/50 - Train Loss: 0.6935 - Train Metric: 0.4955
Epoch 50/50 - Val Metric: 0.5578
Best val: 0.5578, Best test: 0.5237
Training set has 6086 instances
Validation set has 760 instances
Test set has 762 instances
Epoch 1/50 - Train Loss: 0.7034 - Train Metric: 0.5036
Epoch 1/50 - Val Metric: 0.5764
Epoch 2/50 - Train Loss: 0.6941 - Train Metric: 0.5143
Epoch 2/50 - Val Metric: 0.5619
Epoch 3/50 - Train Loss: 0.6946 - Train Metric: 0.4945
Epoch 3/50 - Val Metric: 0.5239
Epoch 4/50 - Train Loss: 0.6907 - Train Metric: 0.5428
Epoch 4/50 - Val Metric: 0.5963
Epoch 5/50 - Train Loss: 0.6803 - Train Metric: 0.5891
Epoch 5/50 - Val Metric: 0.6010
Epoch 6/50 - Train Loss: 0.6722 - Train Metric: 0.6130
Epoch 6/50 - Val Metric: 0.6088
Epoch 7/50 - Train Loss: 0.6692 - Train Metric: 0.6143
Epoch 7/50 - Val Metric: 0.6089
Epoch 8/50 - Train Loss: 0.6691 - Train Metric: 0.6215
Epoch 8/50 - Val Metric: 0.6083
Epoch 9/50 - Train Loss: 0.6624 - Train Metric: 0.6322
Epoch 9/50 - Val Metric: 0.6096
Epoch 10/50 - Train Loss: 0.6650 - Train Metric: 0.6268
Epoch 10/50 - Val Metric: 0.6107
Epoch 11/50 - Train Loss: 0.6645 - Train Metric: 0.6283
Epoch 11/50 - Val Metric: 0.6099
Epoch 12/50 - Train Loss: 0.6594 - Train Metric: 0.6382
Epoch 12/50 - Val Metric: 0.6060
Epoch 13/50 - Train Loss: 0.6591 - Train Metric: 0.6387
Epoch 13/50 - Val Metric: 0.6103
Epoch 14/50 - Train Loss: 0.6599 - Train Metric: 0.6369
Epoch 14/50 - Val Metric: 0.6137
Epoch 15/50 - Train Loss: 0.6638 - Train Metric: 0.6322
Epoch 15/50 - Val Metric: 0.6083
Epoch 16/50 - Train Loss: 0.6563 - Train Metric: 0.6422
Epoch 16/50 - Val Metric: 0.6096
Epoch 17/50 - Train Loss: 0.6562 - Train Metric: 0.6462
Epoch 17/50 - Val Metric: 0.6113
Epoch 18/50 - Train Loss: 0.6555 - Train Metric: 0.6439
Epoch 18/50 - Val Metric: 0.6121
Epoch 19/50 - Train Loss: 0.6560 - Train Metric: 0.6420
Epoch 19/50 - Val Metric: 0.6088
Epoch 20/50 - Train Loss: 0.6531 - Train Metric: 0.6478
Epoch 20/50 - Val Metric: 0.6117
Epoch 21/50 - Train Loss: 0.6510 - Train Metric: 0.6518
Epoch 21/50 - Val Metric: 0.6117
Epoch 22/50 - Train Loss: 0.6527 - Train Metric: 0.6493
Epoch 22/50 - Val Metric: 0.6160
Epoch 23/50 - Train Loss: 0.6529 - Train Metric: 0.6481
Epoch 23/50 - Val Metric: 0.6121
Epoch 24/50 - Train Loss: 0.6510 - Train Metric: 0.6515
Epoch 24/50 - Val Metric: 0.6108
Epoch 25/50 - Train Loss: 0.6506 - Train Metric: 0.6538
Epoch 25/50 - Val Metric: 0.6097
Epoch 26/50 - Train Loss: 0.6527 - Train Metric: 0.6488
Epoch 26/50 - Val Metric: 0.6090
Epoch 27/50 - Train Loss: 0.6508 - Train Metric: 0.6540
Epoch 27/50 - Val Metric: 0.6116
Epoch 28/50 - Train Loss: 0.6506 - Train Metric: 0.6518
Epoch 28/50 - Val Metric: 0.6138
Epoch 29/50 - Train Loss: 0.6496 - Train Metric: 0.6540
Epoch 29/50 - Val Metric: 0.6100
Epoch 30/50 - Train Loss: 0.6482 - Train Metric: 0.6569
Epoch 30/50 - Val Metric: 0.6107
Epoch 31/50 - Train Loss: 0.6488 - Train Metric: 0.6557
Epoch 31/50 - Val Metric: 0.6108
Epoch 32/50 - Train Loss: 0.6493 - Train Metric: 0.6539
Epoch 32/50 - Val Metric: 0.6107
Epoch 33/50 - Train Loss: 0.6491 - Train Metric: 0.6588
Epoch 33/50 - Val Metric: 0.6101
Epoch 34/50 - Train Loss: 0.6489 - Train Metric: 0.6550
Epoch 34/50 - Val Metric: 0.6131
Epoch 35/50 - Train Loss: 0.6466 - Train Metric: 0.6586
Epoch 35/50 - Val Metric: 0.6120
Epoch 36/50 - Train Loss: 0.6484 - Train Metric: 0.6577
Epoch 36/50 - Val Metric: 0.6132
Epoch 37/50 - Train Loss: 0.6482 - Train Metric: 0.6566
Epoch 37/50 - Val Metric: 0.6109
Epoch 38/50 - Train Loss: 0.6489 - Train Metric: 0.6562
Epoch 38/50 - Val Metric: 0.6115
Epoch 39/50 - Train Loss: 0.6488 - Train Metric: 0.6547
Epoch 39/50 - Val Metric: 0.6116
Epoch 40/50 - Train Loss: 0.6473 - Train Metric: 0.6593
Epoch 40/50 - Val Metric: 0.6110
Epoch 41/50 - Train Loss: 0.6487 - Train Metric: 0.6557
Epoch 41/50 - Val Metric: 0.6128
Epoch 42/50 - Train Loss: 0.6481 - Train Metric: 0.6572
Epoch 42/50 - Val Metric: 0.6123
Epoch 43/50 - Train Loss: 0.6466 - Train Metric: 0.6573
Epoch 43/50 - Val Metric: 0.6121
Epoch 44/50 - Train Loss: 0.6482 - Train Metric: 0.6585
Epoch 44/50 - Val Metric: 0.6121
Epoch 45/50 - Train Loss: 0.6475 - Train Metric: 0.6588
Epoch 45/50 - Val Metric: 0.6113
Epoch 46/50 - Train Loss: 0.6483 - Train Metric: 0.6582
Epoch 46/50 - Val Metric: 0.6123
Epoch 47/50 - Train Loss: 0.6464 - Train Metric: 0.6586
Epoch 47/50 - Val Metric: 0.6120
Epoch 48/50 - Train Loss: 0.6469 - Train Metric: 0.6590
Epoch 48/50 - Val Metric: 0.6124
Epoch 49/50 - Train Loss: 0.6463 - Train Metric: 0.6581
Epoch 49/50 - Val Metric: 0.6124
Epoch 50/50 - Train Loss: 0.6475 - Train Metric: 0.6571
Epoch 50/50 - Val Metric: 0.6123
Best val: 0.6160, Best test: 0.6045
Training set has 6086 instances
Validation set has 760 instances
Test set has 762 instances
Epoch 1/50 - Train Loss: 0.7458 - Train Metric: 0.4977
Epoch 1/50 - Val Metric: 0.5628
Epoch 2/50 - Train Loss: 0.7057 - Train Metric: 0.5040
Epoch 2/50 - Val Metric: 0.5592
Epoch 3/50 - Train Loss: 0.6954 - Train Metric: 0.4979
Epoch 3/50 - Val Metric: 0.5778
Epoch 4/50 - Train Loss: 0.6953 - Train Metric: 0.4937
Epoch 4/50 - Val Metric: 0.5846
Epoch 5/50 - Train Loss: 0.6979 - Train Metric: 0.4919
Epoch 5/50 - Val Metric: 0.5854
Epoch 6/50 - Train Loss: 0.6951 - Train Metric: 0.4931
Epoch 6/50 - Val Metric: 0.5833
Epoch 7/50 - Train Loss: 0.7046 - Train Metric: 0.5074
Epoch 7/50 - Val Metric: 0.5849
Epoch 8/50 - Train Loss: 0.6973 - Train Metric: 0.5040
Epoch 8/50 - Val Metric: 0.5875
Epoch 9/50 - Train Loss: 0.6993 - Train Metric: 0.5042
Epoch 9/50 - Val Metric: 0.5893
Epoch 10/50 - Train Loss: 0.6954 - Train Metric: 0.4967
Epoch 10/50 - Val Metric: 0.5882
Epoch 11/50 - Train Loss: 0.6953 - Train Metric: 0.5056
Epoch 11/50 - Val Metric: 0.5888
Epoch 12/50 - Train Loss: 0.6945 - Train Metric: 0.4883
Epoch 12/50 - Val Metric: 0.5898
Epoch 13/50 - Train Loss: 0.6944 - Train Metric: 0.4941
Epoch 13/50 - Val Metric: 0.5892
Epoch 14/50 - Train Loss: 0.6945 - Train Metric: 0.5002
Epoch 14/50 - Val Metric: 0.5891
Epoch 15/50 - Train Loss: 0.6972 - Train Metric: 0.4987
Epoch 15/50 - Val Metric: 0.5913
Epoch 16/50 - Train Loss: 0.6976 - Train Metric: 0.5160
Epoch 16/50 - Val Metric: 0.5897
Epoch 17/50 - Train Loss: 0.6945 - Train Metric: 0.4969
Epoch 17/50 - Val Metric: 0.5838
Epoch 18/50 - Train Loss: 0.6947 - Train Metric: 0.4936
Epoch 18/50 - Val Metric: 0.5832
Epoch 19/50 - Train Loss: 0.6902 - Train Metric: 0.5417
Epoch 19/50 - Val Metric: 0.5913
Epoch 20/50 - Train Loss: 0.6921 - Train Metric: 0.5411
Epoch 20/50 - Val Metric: 0.5943
Epoch 21/50 - Train Loss: 0.6930 - Train Metric: 0.5194
Epoch 21/50 - Val Metric: 0.5967
Epoch 22/50 - Train Loss: 0.6859 - Train Metric: 0.5643
Epoch 22/50 - Val Metric: 0.6055
Epoch 23/50 - Train Loss: 0.6832 - Train Metric: 0.5830
Epoch 23/50 - Val Metric: 0.6023
Epoch 24/50 - Train Loss: 0.6872 - Train Metric: 0.5533
Epoch 24/50 - Val Metric: 0.5949
Epoch 25/50 - Train Loss: 0.6887 - Train Metric: 0.5569
Epoch 25/50 - Val Metric: 0.6017
Epoch 26/50 - Train Loss: 0.6802 - Train Metric: 0.5958
Epoch 26/50 - Val Metric: 0.6073
Epoch 27/50 - Train Loss: 0.6775 - Train Metric: 0.6012
Epoch 27/50 - Val Metric: 0.6174
Epoch 28/50 - Train Loss: 0.6771 - Train Metric: 0.5991
Epoch 28/50 - Val Metric: 0.6114
Epoch 29/50 - Train Loss: 0.6765 - Train Metric: 0.6052
Epoch 29/50 - Val Metric: 0.6111
Epoch 30/50 - Train Loss: 0.6759 - Train Metric: 0.5999
Epoch 30/50 - Val Metric: 0.6182
Epoch 31/50 - Train Loss: 0.6720 - Train Metric: 0.6114
Epoch 31/50 - Val Metric: 0.6190
Epoch 32/50 - Train Loss: 0.6698 - Train Metric: 0.6171
Epoch 32/50 - Val Metric: 0.6182
Epoch 33/50 - Train Loss: 0.6721 - Train Metric: 0.6130
Epoch 33/50 - Val Metric: 0.6175
Epoch 34/50 - Train Loss: 0.6695 - Train Metric: 0.6190
Epoch 34/50 - Val Metric: 0.6141
Epoch 35/50 - Train Loss: 0.6701 - Train Metric: 0.6189
Epoch 35/50 - Val Metric: 0.6204
Epoch 36/50 - Train Loss: 0.6674 - Train Metric: 0.6230
Epoch 36/50 - Val Metric: 0.6195
Epoch 37/50 - Train Loss: 0.6671 - Train Metric: 0.6246
Epoch 37/50 - Val Metric: 0.6191
Epoch 38/50 - Train Loss: 0.6657 - Train Metric: 0.6246
Epoch 38/50 - Val Metric: 0.6202
Epoch 39/50 - Train Loss: 0.6673 - Train Metric: 0.6237
Epoch 39/50 - Val Metric: 0.6193
Epoch 40/50 - Train Loss: 0.6689 - Train Metric: 0.6170
Epoch 40/50 - Val Metric: 0.6191
Epoch 41/50 - Train Loss: 0.6656 - Train Metric: 0.6250
Epoch 41/50 - Val Metric: 0.6217
Epoch 42/50 - Train Loss: 0.6665 - Train Metric: 0.6236
Epoch 42/50 - Val Metric: 0.6161
Epoch 43/50 - Train Loss: 0.6668 - Train Metric: 0.6247
Epoch 43/50 - Val Metric: 0.6142
Epoch 44/50 - Train Loss: 0.6705 - Train Metric: 0.6176
Epoch 44/50 - Val Metric: 0.6161
Epoch 45/50 - Train Loss: 0.6668 - Train Metric: 0.6228
Epoch 45/50 - Val Metric: 0.6203
Epoch 46/50 - Train Loss: 0.6650 - Train Metric: 0.6260
Epoch 46/50 - Val Metric: 0.6187
Epoch 47/50 - Train Loss: 0.6659 - Train Metric: 0.6255
Epoch 47/50 - Val Metric: 0.6200
Epoch 48/50 - Train Loss: 0.6676 - Train Metric: 0.6237
Epoch 48/50 - Val Metric: 0.6202
Epoch 49/50 - Train Loss: 0.6652 - Train Metric: 0.6261
Epoch 49/50 - Val Metric: 0.6207
Epoch 50/50 - Train Loss: 0.6655 - Train Metric: 0.6249
Epoch 50/50 - Val Metric: 0.6192
Best val: 0.6217, Best test: 0.6246
Training set has 6086 instances
Validation set has 760 instances
Test set has 762 instances
Epoch 1/50 - Train Loss: 0.7009 - Train Metric: 0.5253
Epoch 1/50 - Val Metric: 0.5852
Epoch 2/50 - Train Loss: 0.6945 - Train Metric: 0.5459
Epoch 2/50 - Val Metric: 0.5896
Epoch 3/50 - Train Loss: 0.6830 - Train Metric: 0.5839
Epoch 3/50 - Val Metric: 0.5989
Epoch 4/50 - Train Loss: 0.6824 - Train Metric: 0.5859
Epoch 4/50 - Val Metric: 0.6083
Epoch 5/50 - Train Loss: 0.6754 - Train Metric: 0.6051
Epoch 5/50 - Val Metric: 0.6126
Epoch 6/50 - Train Loss: 0.6725 - Train Metric: 0.6136
Epoch 6/50 - Val Metric: 0.6127
Epoch 7/50 - Train Loss: 0.6722 - Train Metric: 0.6128
Epoch 7/50 - Val Metric: 0.6141
Epoch 8/50 - Train Loss: 0.6717 - Train Metric: 0.6115
Epoch 8/50 - Val Metric: 0.6125
Epoch 9/50 - Train Loss: 0.6669 - Train Metric: 0.6200
Epoch 9/50 - Val Metric: 0.6140
Epoch 10/50 - Train Loss: 0.6677 - Train Metric: 0.6146
Epoch 10/50 - Val Metric: 0.6109
Epoch 11/50 - Train Loss: 0.6694 - Train Metric: 0.6089
Epoch 11/50 - Val Metric: 0.6111
Epoch 12/50 - Train Loss: 0.6694 - Train Metric: 0.6162
Epoch 12/50 - Val Metric: 0.6114
Epoch 13/50 - Train Loss: 0.6673 - Train Metric: 0.6173
Epoch 13/50 - Val Metric: 0.6143
Epoch 14/50 - Train Loss: 0.6659 - Train Metric: 0.6188
Epoch 14/50 - Val Metric: 0.6190
Epoch 15/50 - Train Loss: 0.6676 - Train Metric: 0.6196
Epoch 15/50 - Val Metric: 0.6177
Epoch 16/50 - Train Loss: 0.6656 - Train Metric: 0.6158
Epoch 16/50 - Val Metric: 0.6191
Epoch 17/50 - Train Loss: 0.6639 - Train Metric: 0.6234
Epoch 17/50 - Val Metric: 0.6176
Epoch 18/50 - Train Loss: 0.6655 - Train Metric: 0.6185
Epoch 18/50 - Val Metric: 0.6155
Epoch 19/50 - Train Loss: 0.6640 - Train Metric: 0.6202
Epoch 19/50 - Val Metric: 0.6183
Epoch 20/50 - Train Loss: 0.6635 - Train Metric: 0.6254
Epoch 20/50 - Val Metric: 0.6173
Epoch 21/50 - Train Loss: 0.6616 - Train Metric: 0.6228
Epoch 21/50 - Val Metric: 0.6196
Epoch 22/50 - Train Loss: 0.6624 - Train Metric: 0.6231
Epoch 22/50 - Val Metric: 0.6182
Epoch 23/50 - Train Loss: 0.6614 - Train Metric: 0.6240
Epoch 23/50 - Val Metric: 0.6203
Epoch 24/50 - Train Loss: 0.6613 - Train Metric: 0.6231
Epoch 24/50 - Val Metric: 0.6186
Epoch 25/50 - Train Loss: 0.6622 - Train Metric: 0.6205
Epoch 25/50 - Val Metric: 0.6192
Epoch 26/50 - Train Loss: 0.6592 - Train Metric: 0.6285
Epoch 26/50 - Val Metric: 0.6197
Epoch 27/50 - Train Loss: 0.6610 - Train Metric: 0.6255
Epoch 27/50 - Val Metric: 0.6186
Epoch 28/50 - Train Loss: 0.6610 - Train Metric: 0.6248
Epoch 28/50 - Val Metric: 0.6217
Epoch 29/50 - Train Loss: 0.6613 - Train Metric: 0.6217
Epoch 29/50 - Val Metric: 0.6218
Epoch 30/50 - Train Loss: 0.6589 - Train Metric: 0.6284
Epoch 30/50 - Val Metric: 0.6191
Epoch 31/50 - Train Loss: 0.6587 - Train Metric: 0.6258
Epoch 31/50 - Val Metric: 0.6228
Epoch 32/50 - Train Loss: 0.6595 - Train Metric: 0.6255
Epoch 32/50 - Val Metric: 0.6248
Epoch 33/50 - Train Loss: 0.6577 - Train Metric: 0.6295
Epoch 33/50 - Val Metric: 0.6211
Epoch 34/50 - Train Loss: 0.6603 - Train Metric: 0.6248
Epoch 34/50 - Val Metric: 0.6267
Epoch 35/50 - Train Loss: 0.6583 - Train Metric: 0.6271
Epoch 35/50 - Val Metric: 0.6229
Epoch 36/50 - Train Loss: 0.6581 - Train Metric: 0.6263
Epoch 36/50 - Val Metric: 0.6283
Epoch 37/50 - Train Loss: 0.6592 - Train Metric: 0.6278
Epoch 37/50 - Val Metric: 0.6286
Epoch 38/50 - Train Loss: 0.6572 - Train Metric: 0.6291
Epoch 38/50 - Val Metric: 0.6260
Epoch 39/50 - Train Loss: 0.6578 - Train Metric: 0.6301
Epoch 39/50 - Val Metric: 0.6247
Epoch 40/50 - Train Loss: 0.6553 - Train Metric: 0.6327
Epoch 40/50 - Val Metric: 0.6276
Epoch 41/50 - Train Loss: 0.6550 - Train Metric: 0.6304
Epoch 41/50 - Val Metric: 0.6292
Epoch 42/50 - Train Loss: 0.6548 - Train Metric: 0.6349
Epoch 42/50 - Val Metric: 0.6273
Epoch 43/50 - Train Loss: 0.6551 - Train Metric: 0.6292
Epoch 43/50 - Val Metric: 0.6282
Epoch 44/50 - Train Loss: 0.6533 - Train Metric: 0.6347
Epoch 44/50 - Val Metric: 0.6240
Epoch 45/50 - Train Loss: 0.6532 - Train Metric: 0.6337
Epoch 45/50 - Val Metric: 0.6287
Epoch 46/50 - Train Loss: 0.6540 - Train Metric: 0.6328
Epoch 46/50 - Val Metric: 0.6256
Epoch 47/50 - Train Loss: 0.6542 - Train Metric: 0.6314
Epoch 47/50 - Val Metric: 0.6252
Epoch 48/50 - Train Loss: 0.6539 - Train Metric: 0.6337
Epoch 48/50 - Val Metric: 0.6254
Epoch 49/50 - Train Loss: 0.6536 - Train Metric: 0.6336
Epoch 49/50 - Val Metric: 0.6311
Epoch 50/50 - Train Loss: 0.6529 - Train Metric: 0.6346
Epoch 50/50 - Val Metric: 0.6285
Best val: 0.6311, Best test: 0.6506
Training set has 6086 instances
Validation set has 760 instances
Test set has 762 instances
Epoch 1/50 - Train Loss: 0.7082 - Train Metric: 0.5231
Epoch 1/50 - Val Metric: 0.5979
Epoch 2/50 - Train Loss: 0.6935 - Train Metric: 0.5237
Epoch 2/50 - Val Metric: 0.5893
Epoch 3/50 - Train Loss: 0.6868 - Train Metric: 0.5615
Epoch 3/50 - Val Metric: 0.5955
Epoch 4/50 - Train Loss: 0.6754 - Train Metric: 0.6030
Epoch 4/50 - Val Metric: 0.6061
Epoch 5/50 - Train Loss: 0.6719 - Train Metric: 0.6132
Epoch 5/50 - Val Metric: 0.6098
Epoch 6/50 - Train Loss: 0.6709 - Train Metric: 0.6142
Epoch 6/50 - Val Metric: 0.6124
Epoch 7/50 - Train Loss: 0.6681 - Train Metric: 0.6195
Epoch 7/50 - Val Metric: 0.6139
Epoch 8/50 - Train Loss: 0.6693 - Train Metric: 0.6137
Epoch 8/50 - Val Metric: 0.6127
Epoch 9/50 - Train Loss: 0.6665 - Train Metric: 0.6210
Epoch 9/50 - Val Metric: 0.6141
Epoch 10/50 - Train Loss: 0.6669 - Train Metric: 0.6184
Epoch 10/50 - Val Metric: 0.6117
Epoch 11/50 - Train Loss: 0.6680 - Train Metric: 0.6197
Epoch 11/50 - Val Metric: 0.6135
Epoch 12/50 - Train Loss: 0.6657 - Train Metric: 0.6199
Epoch 12/50 - Val Metric: 0.6130
Epoch 13/50 - Train Loss: 0.6668 - Train Metric: 0.6223
Epoch 13/50 - Val Metric: 0.6141
Epoch 14/50 - Train Loss: 0.6609 - Train Metric: 0.6286
Epoch 14/50 - Val Metric: 0.6137
Epoch 15/50 - Train Loss: 0.6600 - Train Metric: 0.6334
Epoch 15/50 - Val Metric: 0.6142
Epoch 16/50 - Train Loss: 0.6605 - Train Metric: 0.6297
Epoch 16/50 - Val Metric: 0.6177
Epoch 17/50 - Train Loss: 0.6628 - Train Metric: 0.6229
Epoch 17/50 - Val Metric: 0.6171
Epoch 18/50 - Train Loss: 0.6607 - Train Metric: 0.6264
Epoch 18/50 - Val Metric: 0.6121
Epoch 19/50 - Train Loss: 0.6573 - Train Metric: 0.6319
Epoch 19/50 - Val Metric: 0.6165
Epoch 20/50 - Train Loss: 0.6636 - Train Metric: 0.6220
Epoch 20/50 - Val Metric: 0.6168
Epoch 21/50 - Train Loss: 0.6574 - Train Metric: 0.6321
Epoch 21/50 - Val Metric: 0.6179
Epoch 22/50 - Train Loss: 0.6570 - Train Metric: 0.6334
Epoch 22/50 - Val Metric: 0.6147
Epoch 23/50 - Train Loss: 0.6564 - Train Metric: 0.6328
Epoch 23/50 - Val Metric: 0.6193
Epoch 24/50 - Train Loss: 0.6614 - Train Metric: 0.6213
Epoch 24/50 - Val Metric: 0.6084
Epoch 25/50 - Train Loss: 0.6534 - Train Metric: 0.6351
Epoch 25/50 - Val Metric: 0.6202
Epoch 26/50 - Train Loss: 0.6594 - Train Metric: 0.6291
Epoch 26/50 - Val Metric: 0.6192
Epoch 27/50 - Train Loss: 0.6555 - Train Metric: 0.6372
Epoch 27/50 - Val Metric: 0.6137
Epoch 28/50 - Train Loss: 0.6511 - Train Metric: 0.6411
Epoch 28/50 - Val Metric: 0.6185
Epoch 29/50 - Train Loss: 0.6478 - Train Metric: 0.6509
Epoch 29/50 - Val Metric: 0.6201
Epoch 30/50 - Train Loss: 0.6495 - Train Metric: 0.6442
Epoch 30/50 - Val Metric: 0.6146
Epoch 31/50 - Train Loss: 0.6499 - Train Metric: 0.6444
Epoch 31/50 - Val Metric: 0.6041
Epoch 32/50 - Train Loss: 0.6521 - Train Metric: 0.6403
Epoch 32/50 - Val Metric: 0.6120
Epoch 33/50 - Train Loss: 0.6506 - Train Metric: 0.6480
Epoch 33/50 - Val Metric: 0.6122
Epoch 34/50 - Train Loss: 0.6497 - Train Metric: 0.6497
Epoch 34/50 - Val Metric: 0.6100
Training set has 6086 instances
Validation set has 760 instances
Test set has 762 instances
Training set has 6086 instances
Validation set has 760 instances
Test set has 762 instances
Training set has 6086 instances
Validation set has 760 instances
Test set has 762 instances
Training set has 6086 instances
Validation set has 760 instances
Test set has 762 instances
Epoch 1/50 - Train Loss: 0.7107 - Train Metric: 0.5191
Epoch 1/50 - Val Metric: 0.5790
Epoch 2/50 - Train Loss: 0.6939 - Train Metric: 0.5020
Epoch 2/50 - Val Metric: 0.5845
Epoch 3/50 - Train Loss: 0.6841 - Train Metric: 0.5635
Epoch 3/50 - Val Metric: 0.5929
Epoch 4/50 - Train Loss: 0.6796 - Train Metric: 0.5855
Epoch 4/50 - Val Metric: 0.6001
Training set has 6086 instances
Validation set has 760 instances
Test set has 762 instances
Epoch 1/50 - Train Loss: 0.7038 - Train Metric: 0.5169
Epoch 1/50 - Val Metric: 0.5806
Epoch 2/50 - Train Loss: 0.6936 - Train Metric: 0.5306
Epoch 2/50 - Val Metric: 0.5900
Epoch 3/50 - Train Loss: 0.6871 - Train Metric: 0.5610
Epoch 3/50 - Val Metric: 0.5928
Training set has 6086 instances
Validation set has 760 instances
Test set has 762 instances
Epoch 1/50 - Train Loss: 0.6990 - Train Metric: 0.5270
Epoch 1/50 - Val Metric: 0.5764
Epoch 2/50 - Train Loss: 0.6895 - Train Metric: 0.5659
Epoch 2/50 - Val Metric: 0.5939
Epoch 3/50 - Train Loss: 0.6831 - Train Metric: 0.5817
Epoch 3/50 - Val Metric: 0.6037
Epoch 4/50 - Train Loss: 0.6782 - Train Metric: 0.5971
Epoch 4/50 - Val Metric: 0.6072
Epoch 5/50 - Train Loss: 0.6741 - Train Metric: 0.6091
Epoch 5/50 - Val Metric: 0.6098
Epoch 6/50 - Train Loss: 0.6751 - Train Metric: 0.6046
Epoch 6/50 - Val Metric: 0.6112
Epoch 7/50 - Train Loss: 0.6726 - Train Metric: 0.6066
Epoch 7/50 - Val Metric: 0.6096
Epoch 8/50 - Train Loss: 0.6688 - Train Metric: 0.6141
Epoch 8/50 - Val Metric: 0.6101
Epoch 9/50 - Train Loss: 0.6693 - Train Metric: 0.6120
Epoch 9/50 - Val Metric: 0.6104
Epoch 10/50 - Train Loss: 0.6671 - Train Metric: 0.6163
Epoch 10/50 - Val Metric: 0.6116
Epoch 11/50 - Train Loss: 0.6676 - Train Metric: 0.6126
Epoch 11/50 - Val Metric: 0.6097
Epoch 12/50 - Train Loss: 0.6723 - Train Metric: 0.6083
Epoch 12/50 - Val Metric: 0.6114
Epoch 13/50 - Train Loss: 0.6634 - Train Metric: 0.6229
Epoch 13/50 - Val Metric: 0.6094
Training set has 6086 instances
Validation set has 760 instances
Test set has 762 instances
Training set has 6086 instances
Validation set has 760 instances
Test set has 762 instances
Training set has 6086 instances
Validation set has 760 instances
Test set has 762 instances
Training set has 6086 instances
Validation set has 760 instances
Test set has 762 instances
Training set has 6086 instances
Validation set has 760 instances
Test set has 762 instances
Epoch 1/50 - Train Loss: 0.7001 - Train Metric: 0.5137
Epoch 1/50 - Val Metric: 0.6040
Epoch 2/50 - Train Loss: 0.6957 - Train Metric: 0.5223
Epoch 2/50 - Val Metric: 0.6208
Epoch 3/50 - Train Loss: 0.6854 - Train Metric: 0.5726
Epoch 3/50 - Val Metric: 0.6211
Epoch 4/50 - Train Loss: 0.6835 - Train Metric: 0.5785
Epoch 4/50 - Val Metric: 0.6148
Epoch 5/50 - Train Loss: 0.6783 - Train Metric: 0.5979
Epoch 5/50 - Val Metric: 0.6233
Epoch 6/50 - Train Loss: 0.6759 - Train Metric: 0.6000
Epoch 6/50 - Val Metric: 0.6252
Epoch 7/50 - Train Loss: 0.6729 - Train Metric: 0.6096
Epoch 7/50 - Val Metric: 0.6242
Epoch 8/50 - Train Loss: 0.6761 - Train Metric: 0.6042
Epoch 8/50 - Val Metric: 0.6237
Epoch 9/50 - Train Loss: 0.6757 - Train Metric: 0.6032
Epoch 9/50 - Val Metric: 0.6258
Epoch 10/50 - Train Loss: 0.6730 - Train Metric: 0.6072
Epoch 10/50 - Val Metric: 0.6258
Epoch 11/50 - Train Loss: 0.6701 - Train Metric: 0.6148
Epoch 11/50 - Val Metric: 0.6271
Epoch 12/50 - Train Loss: 0.6710 - Train Metric: 0.6091
Epoch 12/50 - Val Metric: 0.6239
Epoch 13/50 - Train Loss: 0.6691 - Train Metric: 0.6140
Epoch 13/50 - Val Metric: 0.6237
Epoch 14/50 - Train Loss: 0.6699 - Train Metric: 0.6078
Epoch 14/50 - Val Metric: 0.6228
Epoch 15/50 - Train Loss: 0.6693 - Train Metric: 0.6149
Epoch 15/50 - Val Metric: 0.6227
Epoch 16/50 - Train Loss: 0.6700 - Train Metric: 0.6107
Epoch 16/50 - Val Metric: 0.6213
Epoch 17/50 - Train Loss: 0.6704 - Train Metric: 0.6111
Epoch 17/50 - Val Metric: 0.6226
Epoch 18/50 - Train Loss: 0.6682 - Train Metric: 0.6145
Epoch 18/50 - Val Metric: 0.6234
Epoch 19/50 - Train Loss: 0.6657 - Train Metric: 0.6202
Epoch 19/50 - Val Metric: 0.6220
Epoch 20/50 - Train Loss: 0.6676 - Train Metric: 0.6184
Epoch 20/50 - Val Metric: 0.6228
Epoch 21/50 - Train Loss: 0.6664 - Train Metric: 0.6188
Epoch 21/50 - Val Metric: 0.6226
Epoch 22/50 - Train Loss: 0.6651 - Train Metric: 0.6236
Epoch 22/50 - Val Metric: 0.6228
Epoch 23/50 - Train Loss: 0.6647 - Train Metric: 0.6224
Epoch 23/50 - Val Metric: 0.6232
Epoch 24/50 - Train Loss: 0.6658 - Train Metric: 0.6153
Epoch 24/50 - Val Metric: 0.6223
Epoch 25/50 - Train Loss: 0.6659 - Train Metric: 0.6169
Epoch 25/50 - Val Metric: 0.6231
Epoch 26/50 - Train Loss: 0.6647 - Train Metric: 0.6225
Epoch 26/50 - Val Metric: 0.6238
Epoch 27/50 - Train Loss: 0.6635 - Train Metric: 0.6225
Epoch 27/50 - Val Metric: 0.6230
Epoch 28/50 - Train Loss: 0.6647 - Train Metric: 0.6235
Epoch 28/50 - Val Metric: 0.6229
Epoch 29/50 - Train Loss: 0.6652 - Train Metric: 0.6208
Epoch 29/50 - Val Metric: 0.6239
Epoch 30/50 - Train Loss: 0.6654 - Train Metric: 0.6181
Epoch 30/50 - Val Metric: 0.6238
Epoch 31/50 - Train Loss: 0.6654 - Train Metric: 0.6201
Epoch 31/50 - Val Metric: 0.6237
Epoch 32/50 - Train Loss: 0.6633 - Train Metric: 0.6210
Epoch 32/50 - Val Metric: 0.6231
Epoch 33/50 - Train Loss: 0.6638 - Train Metric: 0.6249
Epoch 33/50 - Val Metric: 0.6230
Epoch 34/50 - Train Loss: 0.6633 - Train Metric: 0.6219
Epoch 34/50 - Val Metric: 0.6234
Epoch 35/50 - Train Loss: 0.6637 - Train Metric: 0.6240
Epoch 35/50 - Val Metric: 0.6237
Epoch 36/50 - Train Loss: 0.6631 - Train Metric: 0.6218
Epoch 36/50 - Val Metric: 0.6236
Epoch 37/50 - Train Loss: 0.6673 - Train Metric: 0.6152
Epoch 37/50 - Val Metric: 0.6241
Epoch 38/50 - Train Loss: 0.6644 - Train Metric: 0.6210
Epoch 38/50 - Val Metric: 0.6239
Epoch 39/50 - Train Loss: 0.6653 - Train Metric: 0.6179
Epoch 39/50 - Val Metric: 0.6241
Epoch 40/50 - Train Loss: 0.6620 - Train Metric: 0.6246
Epoch 40/50 - Val Metric: 0.6235
Epoch 41/50 - Train Loss: 0.6619 - Train Metric: 0.6268
Epoch 41/50 - Val Metric: 0.6239
Epoch 42/50 - Train Loss: 0.6638 - Train Metric: 0.6194
Epoch 42/50 - Val Metric: 0.6239
Epoch 43/50 - Train Loss: 0.6626 - Train Metric: 0.6219
Epoch 43/50 - Val Metric: 0.6238
Epoch 44/50 - Train Loss: 0.6647 - Train Metric: 0.6242
Epoch 44/50 - Val Metric: 0.6237
Epoch 45/50 - Train Loss: 0.6621 - Train Metric: 0.6255
Epoch 45/50 - Val Metric: 0.6241
Epoch 46/50 - Train Loss: 0.6611 - Train Metric: 0.6268
Epoch 46/50 - Val Metric: 0.6240
Epoch 47/50 - Train Loss: 0.6640 - Train Metric: 0.6187
Epoch 47/50 - Val Metric: 0.6241
Epoch 48/50 - Train Loss: 0.6637 - Train Metric: 0.6241
Epoch 48/50 - Val Metric: 0.6242
Epoch 49/50 - Train Loss: 0.6623 - Train Metric: 0.6240
Epoch 49/50 - Val Metric: 0.6237
Epoch 50/50 - Train Loss: 0.6629 - Train Metric: 0.6238
Epoch 50/50 - Val Metric: 0.6237
Best val: 0.6271, Best test: 0.6325
Training set has 6086 instances
Validation set has 760 instances
Test set has 762 instances
Epoch 1/50 - Train Loss: 0.7060 - Train Metric: 0.5183
Epoch 1/50 - Val Metric: 0.5940
Epoch 2/50 - Train Loss: 0.7000 - Train Metric: 0.5171
Epoch 2/50 - Val Metric: 0.6068
Epoch 3/50 - Train Loss: 0.6957 - Train Metric: 0.5323
Epoch 3/50 - Val Metric: 0.6149
Epoch 4/50 - Train Loss: 0.6920 - Train Metric: 0.5455
Epoch 4/50 - Val Metric: 0.6210
Epoch 5/50 - Train Loss: 0.6920 - Train Metric: 0.5423
Epoch 5/50 - Val Metric: 0.6140
Epoch 6/50 - Train Loss: 0.6910 - Train Metric: 0.5471
Epoch 6/50 - Val Metric: 0.6143
Epoch 7/50 - Train Loss: 0.6849 - Train Metric: 0.5689
Epoch 7/50 - Val Metric: 0.6148
Epoch 8/50 - Train Loss: 0.6883 - Train Metric: 0.5595
Epoch 8/50 - Val Metric: 0.6107
Epoch 9/50 - Train Loss: 0.6834 - Train Metric: 0.5735
Epoch 9/50 - Val Metric: 0.6129
Epoch 10/50 - Train Loss: 0.6824 - Train Metric: 0.5715
Epoch 10/50 - Val Metric: 0.6067
Epoch 11/50 - Train Loss: 0.6825 - Train Metric: 0.5737
Epoch 11/50 - Val Metric: 0.6123
Epoch 12/50 - Train Loss: 0.6825 - Train Metric: 0.5749
Epoch 12/50 - Val Metric: 0.6135
Epoch 13/50 - Train Loss: 0.6822 - Train Metric: 0.5787
Epoch 13/50 - Val Metric: 0.6160
Epoch 14/50 - Train Loss: 0.6801 - Train Metric: 0.5798
Epoch 14/50 - Val Metric: 0.6123
Epoch 15/50 - Train Loss: 0.6786 - Train Metric: 0.5844
Epoch 15/50 - Val Metric: 0.6161
Epoch 16/50 - Train Loss: 0.6772 - Train Metric: 0.5917
Epoch 16/50 - Val Metric: 0.6160
Epoch 17/50 - Train Loss: 0.6786 - Train Metric: 0.5894
Epoch 17/50 - Val Metric: 0.6171
Epoch 18/50 - Train Loss: 0.6781 - Train Metric: 0.5890
Epoch 18/50 - Val Metric: 0.6194
Epoch 19/50 - Train Loss: 0.6763 - Train Metric: 0.5941
Epoch 19/50 - Val Metric: 0.6199
Epoch 20/50 - Train Loss: 0.6773 - Train Metric: 0.5942
Epoch 20/50 - Val Metric: 0.6187
Epoch 21/50 - Train Loss: 0.6778 - Train Metric: 0.5871
Epoch 21/50 - Val Metric: 0.6211
Epoch 22/50 - Train Loss: 0.6789 - Train Metric: 0.5860
Epoch 22/50 - Val Metric: 0.6226
Epoch 23/50 - Train Loss: 0.6755 - Train Metric: 0.5951
Epoch 23/50 - Val Metric: 0.6232
Epoch 24/50 - Train Loss: 0.6779 - Train Metric: 0.5874
Epoch 24/50 - Val Metric: 0.6202
Epoch 25/50 - Train Loss: 0.6763 - Train Metric: 0.5920
Epoch 25/50 - Val Metric: 0.6232
Epoch 26/50 - Train Loss: 0.6756 - Train Metric: 0.5956
Epoch 26/50 - Val Metric: 0.6267
Epoch 27/50 - Train Loss: 0.6750 - Train Metric: 0.5960
Epoch 27/50 - Val Metric: 0.6256
Epoch 28/50 - Train Loss: 0.6747 - Train Metric: 0.5987
Epoch 28/50 - Val Metric: 0.6241
Epoch 29/50 - Train Loss: 0.6770 - Train Metric: 0.5923
Epoch 29/50 - Val Metric: 0.6261
Epoch 30/50 - Train Loss: 0.6756 - Train Metric: 0.5957
Epoch 30/50 - Val Metric: 0.6261
Epoch 31/50 - Train Loss: 0.6722 - Train Metric: 0.6111
Epoch 31/50 - Val Metric: 0.6256
Epoch 32/50 - Train Loss: 0.6730 - Train Metric: 0.6039
Epoch 32/50 - Val Metric: 0.6261
Epoch 33/50 - Train Loss: 0.6740 - Train Metric: 0.5999
Epoch 33/50 - Val Metric: 0.6282
Epoch 34/50 - Train Loss: 0.6759 - Train Metric: 0.5947
Epoch 34/50 - Val Metric: 0.6287
Epoch 35/50 - Train Loss: 0.6718 - Train Metric: 0.6060
Epoch 35/50 - Val Metric: 0.6273
Epoch 36/50 - Train Loss: 0.6743 - Train Metric: 0.6027
Epoch 36/50 - Val Metric: 0.6284
Epoch 37/50 - Train Loss: 0.6743 - Train Metric: 0.5996
Epoch 37/50 - Val Metric: 0.6280
Epoch 38/50 - Train Loss: 0.6739 - Train Metric: 0.5998
Epoch 38/50 - Val Metric: 0.6290
Epoch 39/50 - Train Loss: 0.6746 - Train Metric: 0.6020
Epoch 39/50 - Val Metric: 0.6284
Epoch 40/50 - Train Loss: 0.6723 - Train Metric: 0.6042
Epoch 40/50 - Val Metric: 0.6287
Epoch 41/50 - Train Loss: 0.6711 - Train Metric: 0.6075
Epoch 41/50 - Val Metric: 0.6291
Epoch 42/50 - Train Loss: 0.6733 - Train Metric: 0.6026
Epoch 42/50 - Val Metric: 0.6297
Epoch 43/50 - Train Loss: 0.6732 - Train Metric: 0.6032
Epoch 43/50 - Val Metric: 0.6283
Epoch 44/50 - Train Loss: 0.6751 - Train Metric: 0.5961
Epoch 44/50 - Val Metric: 0.6294
Epoch 45/50 - Train Loss: 0.6712 - Train Metric: 0.6084
Epoch 45/50 - Val Metric: 0.6291
Epoch 46/50 - Train Loss: 0.6725 - Train Metric: 0.6019
Epoch 46/50 - Val Metric: 0.6302
Epoch 47/50 - Train Loss: 0.6728 - Train Metric: 0.6024
Epoch 47/50 - Val Metric: 0.6296
Epoch 48/50 - Train Loss: 0.6713 - Train Metric: 0.6070
Epoch 48/50 - Val Metric: 0.6308
Epoch 49/50 - Train Loss: 0.6734 - Train Metric: 0.6035
Epoch 49/50 - Val Metric: 0.6295
Epoch 50/50 - Train Loss: 0.6722 - Train Metric: 0.6053
Epoch 50/50 - Val Metric: 0.6306
Best val: 0.6308, Best test: 0.6240
Training set has 6086 instances
Validation set has 760 instances
Test set has 762 instances
Training set has 6086 instances
Validation set has 760 instances
Test set has 762 instances
Epoch 1/50 - Train Loss: 0.6949 - Train Metric: 0.5255
Epoch 1/50 - Val Metric: 0.6033
Epoch 2/50 - Train Loss: 0.6895 - Train Metric: 0.5458
Epoch 2/50 - Val Metric: 0.6104
Epoch 3/50 - Train Loss: 0.6839 - Train Metric: 0.5718
Epoch 3/50 - Val Metric: 0.6315
Epoch 4/50 - Train Loss: 0.6832 - Train Metric: 0.5729
Epoch 4/50 - Val Metric: 0.6371
Epoch 5/50 - Train Loss: 0.6806 - Train Metric: 0.5817
Epoch 5/50 - Val Metric: 0.6396
Epoch 6/50 - Train Loss: 0.6770 - Train Metric: 0.5903
Epoch 6/50 - Val Metric: 0.6345
Epoch 7/50 - Train Loss: 0.6758 - Train Metric: 0.5995
Epoch 7/50 - Val Metric: 0.6362
Epoch 8/50 - Train Loss: 0.6758 - Train Metric: 0.5942
Epoch 8/50 - Val Metric: 0.6339
Epoch 9/50 - Train Loss: 0.6713 - Train Metric: 0.6081
Epoch 9/50 - Val Metric: 0.6322
Epoch 10/50 - Train Loss: 0.6741 - Train Metric: 0.5991
Epoch 10/50 - Val Metric: 0.6395
Epoch 11/50 - Train Loss: 0.6689 - Train Metric: 0.6162
Epoch 11/50 - Val Metric: 0.6382
Epoch 12/50 - Train Loss: 0.6689 - Train Metric: 0.6178
Epoch 12/50 - Val Metric: 0.6347
Epoch 13/50 - Train Loss: 0.6678 - Train Metric: 0.6192
Epoch 13/50 - Val Metric: 0.6363
Epoch 14/50 - Train Loss: 0.6660 - Train Metric: 0.6188
Epoch 14/50 - Val Metric: 0.6352
Epoch 15/50 - Train Loss: 0.6699 - Train Metric: 0.6086
Epoch 15/50 - Val Metric: 0.6380
Epoch 16/50 - Train Loss: 0.6661 - Train Metric: 0.6191
Epoch 16/50 - Val Metric: 0.6394
Epoch 17/50 - Train Loss: 0.6660 - Train Metric: 0.6191
Epoch 17/50 - Val Metric: 0.6442
Epoch 18/50 - Train Loss: 0.6651 - Train Metric: 0.6177
Epoch 18/50 - Val Metric: 0.6436
Epoch 19/50 - Train Loss: 0.6639 - Train Metric: 0.6203
Epoch 19/50 - Val Metric: 0.6448
Epoch 20/50 - Train Loss: 0.6646 - Train Metric: 0.6213
Epoch 20/50 - Val Metric: 0.6387
Epoch 21/50 - Train Loss: 0.6664 - Train Metric: 0.6178
Epoch 21/50 - Val Metric: 0.6475
Epoch 22/50 - Train Loss: 0.6642 - Train Metric: 0.6242
Epoch 22/50 - Val Metric: 0.6357
Epoch 23/50 - Train Loss: 0.6640 - Train Metric: 0.6217
Epoch 23/50 - Val Metric: 0.6339
Epoch 24/50 - Train Loss: 0.6634 - Train Metric: 0.6242
Epoch 24/50 - Val Metric: 0.6449
Epoch 25/50 - Train Loss: 0.6629 - Train Metric: 0.6215
Epoch 25/50 - Val Metric: 0.6351
Epoch 26/50 - Train Loss: 0.6576 - Train Metric: 0.6330
Epoch 26/50 - Val Metric: 0.6337
Epoch 27/50 - Train Loss: 0.6604 - Train Metric: 0.6285
Epoch 27/50 - Val Metric: 0.6436
Epoch 28/50 - Train Loss: 0.6628 - Train Metric: 0.6205
Epoch 28/50 - Val Metric: 0.6415
Epoch 29/50 - Train Loss: 0.6595 - Train Metric: 0.6297
Epoch 29/50 - Val Metric: 0.6395
Epoch 30/50 - Train Loss: 0.6575 - Train Metric: 0.6304
Epoch 30/50 - Val Metric: 0.6403
Epoch 31/50 - Train Loss: 0.6563 - Train Metric: 0.6313
Epoch 31/50 - Val Metric: 0.6338
Epoch 32/50 - Train Loss: 0.6595 - Train Metric: 0.6294
Epoch 32/50 - Val Metric: 0.6314
Epoch 33/50 - Train Loss: 0.6606 - Train Metric: 0.6291
Epoch 33/50 - Val Metric: 0.6398
Epoch 34/50 - Train Loss: 0.6597 - Train Metric: 0.6290
Epoch 34/50 - Val Metric: 0.6377
Epoch 35/50 - Train Loss: 0.6547 - Train Metric: 0.6378
Epoch 35/50 - Val Metric: 0.6341
Epoch 36/50 - Train Loss: 0.6541 - Train Metric: 0.6382
Epoch 36/50 - Val Metric: 0.6338
Epoch 37/50 - Train Loss: 0.6567 - Train Metric: 0.6379
Epoch 37/50 - Val Metric: 0.6334
Epoch 38/50 - Train Loss: 0.6551 - Train Metric: 0.6387
Epoch 38/50 - Val Metric: 0.6297
Epoch 39/50 - Train Loss: 0.6537 - Train Metric: 0.6428
Epoch 39/50 - Val Metric: 0.6355
Epoch 40/50 - Train Loss: 0.6551 - Train Metric: 0.6394
Epoch 40/50 - Val Metric: 0.6355
Epoch 41/50 - Train Loss: 0.6544 - Train Metric: 0.6395
Epoch 41/50 - Val Metric: 0.6393
Epoch 42/50 - Train Loss: 0.6519 - Train Metric: 0.6467
Epoch 42/50 - Val Metric: 0.6314
Epoch 43/50 - Train Loss: 0.6522 - Train Metric: 0.6406
Epoch 43/50 - Val Metric: 0.6300
Epoch 44/50 - Train Loss: 0.6523 - Train Metric: 0.6406
Epoch 44/50 - Val Metric: 0.6342
Epoch 45/50 - Train Loss: 0.6525 - Train Metric: 0.6427
Epoch 45/50 - Val Metric: 0.6338
Epoch 46/50 - Train Loss: 0.6493 - Train Metric: 0.6487
Epoch 46/50 - Val Metric: 0.6374
Epoch 47/50 - Train Loss: 0.6506 - Train Metric: 0.6467
Epoch 47/50 - Val Metric: 0.6395
Epoch 48/50 - Train Loss: 0.6474 - Train Metric: 0.6527
Epoch 48/50 - Val Metric: 0.6346
Epoch 49/50 - Train Loss: 0.6487 - Train Metric: 0.6535
Epoch 49/50 - Val Metric: 0.6270
Epoch 50/50 - Train Loss: 0.6487 - Train Metric: 0.6507
Epoch 50/50 - Val Metric: 0.6341
Best val: 0.6475, Best test: 0.6335
Hyper-parameter search done. Found the best config.
Repeat experiments 5 times with the best train config {'batch_size': 128, 'gamma_rate': 1.0, 'base_lr': 0.0001} and model config {'num_heads': 4, 'num_layers': 6, 'num_latents': 4, 'hidden_dim': 128, 'mlp_ratio': 0.25, 'dropout_prob': 0.2, 'top_k': 3}.
Training set has 6086 instances
Validation set has 760 instances
Test set has 762 instances
Epoch 1/50 - Train Loss: 0.7009 - Train Metric: 0.5050
Epoch 1/50 - Val Metric: 0.5782
Epoch 2/50 - Train Loss: 0.6937 - Train Metric: 0.5340
Epoch 2/50 - Val Metric: 0.6004
Epoch 3/50 - Train Loss: 0.6891 - Train Metric: 0.5615
Epoch 3/50 - Val Metric: 0.6023
Epoch 4/50 - Train Loss: 0.6831 - Train Metric: 0.5882
Epoch 4/50 - Val Metric: 0.5973
Epoch 5/50 - Train Loss: 0.6724 - Train Metric: 0.6150
Epoch 5/50 - Val Metric: 0.5985
Epoch 6/50 - Train Loss: 0.6762 - Train Metric: 0.6041
Epoch 6/50 - Val Metric: 0.6021
Epoch 7/50 - Train Loss: 0.6703 - Train Metric: 0.6199
Epoch 7/50 - Val Metric: 0.6093
Epoch 8/50 - Train Loss: 0.6709 - Train Metric: 0.6133
Epoch 8/50 - Val Metric: 0.6110
Epoch 9/50 - Train Loss: 0.6711 - Train Metric: 0.6144
Epoch 9/50 - Val Metric: 0.6020
Epoch 10/50 - Train Loss: 0.6683 - Train Metric: 0.6229
Epoch 10/50 - Val Metric: 0.6042
Epoch 11/50 - Train Loss: 0.6691 - Train Metric: 0.6179
Epoch 11/50 - Val Metric: 0.6012
Epoch 12/50 - Train Loss: 0.6684 - Train Metric: 0.6171
Epoch 12/50 - Val Metric: 0.6060
Epoch 13/50 - Train Loss: 0.6679 - Train Metric: 0.6197
Epoch 13/50 - Val Metric: 0.6036
Epoch 14/50 - Train Loss: 0.6631 - Train Metric: 0.6287
Epoch 14/50 - Val Metric: 0.6057
Epoch 15/50 - Train Loss: 0.6640 - Train Metric: 0.6276
Epoch 15/50 - Val Metric: 0.6061
Epoch 16/50 - Train Loss: 0.6655 - Train Metric: 0.6261
Epoch 16/50 - Val Metric: 0.6127
Epoch 17/50 - Train Loss: 0.6654 - Train Metric: 0.6207
Epoch 17/50 - Val Metric: 0.6052
Epoch 18/50 - Train Loss: 0.6650 - Train Metric: 0.6247
Epoch 18/50 - Val Metric: 0.6115
Epoch 19/50 - Train Loss: 0.6628 - Train Metric: 0.6291
Epoch 19/50 - Val Metric: 0.6144
Epoch 20/50 - Train Loss: 0.6616 - Train Metric: 0.6300
Epoch 20/50 - Val Metric: 0.6160
Epoch 21/50 - Train Loss: 0.6629 - Train Metric: 0.6254
Epoch 21/50 - Val Metric: 0.6112
Epoch 22/50 - Train Loss: 0.6617 - Train Metric: 0.6297
Epoch 22/50 - Val Metric: 0.6111
Epoch 23/50 - Train Loss: 0.6603 - Train Metric: 0.6312
Epoch 23/50 - Val Metric: 0.6126
Epoch 24/50 - Train Loss: 0.6615 - Train Metric: 0.6289
Epoch 24/50 - Val Metric: 0.6162
Epoch 25/50 - Train Loss: 0.6610 - Train Metric: 0.6298
Epoch 25/50 - Val Metric: 0.6091
Epoch 26/50 - Train Loss: 0.6597 - Train Metric: 0.6349
Epoch 26/50 - Val Metric: 0.6111
Epoch 27/50 - Train Loss: 0.6608 - Train Metric: 0.6338
Epoch 27/50 - Val Metric: 0.6198
Epoch 28/50 - Train Loss: 0.6616 - Train Metric: 0.6305
Epoch 28/50 - Val Metric: 0.6172
Epoch 29/50 - Train Loss: 0.6558 - Train Metric: 0.6396
Epoch 29/50 - Val Metric: 0.6136
Epoch 30/50 - Train Loss: 0.6573 - Train Metric: 0.6357
Epoch 30/50 - Val Metric: 0.6200
Epoch 31/50 - Train Loss: 0.6590 - Train Metric: 0.6354
Epoch 31/50 - Val Metric: 0.6252
Epoch 32/50 - Train Loss: 0.6592 - Train Metric: 0.6324
Epoch 32/50 - Val Metric: 0.6249
Epoch 33/50 - Train Loss: 0.6582 - Train Metric: 0.6355
Epoch 33/50 - Val Metric: 0.6286
Epoch 34/50 - Train Loss: 0.6536 - Train Metric: 0.6424
Epoch 34/50 - Val Metric: 0.6214
Epoch 35/50 - Train Loss: 0.6562 - Train Metric: 0.6364
Epoch 35/50 - Val Metric: 0.6266
Epoch 36/50 - Train Loss: 0.6559 - Train Metric: 0.6358
Epoch 36/50 - Val Metric: 0.6279
Epoch 37/50 - Train Loss: 0.6552 - Train Metric: 0.6415
Epoch 37/50 - Val Metric: 0.6306
Epoch 38/50 - Train Loss: 0.6536 - Train Metric: 0.6411
Epoch 38/50 - Val Metric: 0.6254
Epoch 39/50 - Train Loss: 0.6533 - Train Metric: 0.6402
Epoch 39/50 - Val Metric: 0.6268
Epoch 40/50 - Train Loss: 0.6526 - Train Metric: 0.6468
Epoch 40/50 - Val Metric: 0.6293
Epoch 41/50 - Train Loss: 0.6490 - Train Metric: 0.6490
Epoch 41/50 - Val Metric: 0.6283
Epoch 42/50 - Train Loss: 0.6491 - Train Metric: 0.6500
Epoch 42/50 - Val Metric: 0.6323
Epoch 43/50 - Train Loss: 0.6541 - Train Metric: 0.6411
Epoch 43/50 - Val Metric: 0.6262
Epoch 44/50 - Train Loss: 0.6505 - Train Metric: 0.6488
Epoch 44/50 - Val Metric: 0.6265
Epoch 45/50 - Train Loss: 0.6512 - Train Metric: 0.6458
Epoch 45/50 - Val Metric: 0.6263
Epoch 46/50 - Train Loss: 0.6485 - Train Metric: 0.6508
Epoch 46/50 - Val Metric: 0.6232
Epoch 47/50 - Train Loss: 0.6471 - Train Metric: 0.6500
Epoch 47/50 - Val Metric: 0.6324
Epoch 48/50 - Train Loss: 0.6464 - Train Metric: 0.6524
Epoch 48/50 - Val Metric: 0.6211
Epoch 49/50 - Train Loss: 0.6508 - Train Metric: 0.6471
Epoch 49/50 - Val Metric: 0.6249
Epoch 50/50 - Train Loss: 0.6445 - Train Metric: 0.6543
Epoch 50/50 - Val Metric: 0.6290
Best val: 0.6324, Best test: 0.6093
Training set has 6086 instances
Validation set has 760 instances
Test set has 762 instances
Epoch 1/50 - Train Loss: 0.6974 - Train Metric: 0.5160
Epoch 1/50 - Val Metric: 0.5630
Epoch 2/50 - Train Loss: 0.6915 - Train Metric: 0.5402
Epoch 2/50 - Val Metric: 0.5617
Epoch 3/50 - Train Loss: 0.6857 - Train Metric: 0.5664
Epoch 3/50 - Val Metric: 0.5774
Epoch 4/50 - Train Loss: 0.6800 - Train Metric: 0.5879
Epoch 4/50 - Val Metric: 0.5982
Epoch 5/50 - Train Loss: 0.6782 - Train Metric: 0.5955
Epoch 5/50 - Val Metric: 0.6044
Epoch 6/50 - Train Loss: 0.6784 - Train Metric: 0.5947
Epoch 6/50 - Val Metric: 0.6154
Epoch 7/50 - Train Loss: 0.6762 - Train Metric: 0.5978
Epoch 7/50 - Val Metric: 0.6184
Epoch 8/50 - Train Loss: 0.6718 - Train Metric: 0.6085
Epoch 8/50 - Val Metric: 0.6179
Epoch 9/50 - Train Loss: 0.6775 - Train Metric: 0.5962
Epoch 9/50 - Val Metric: 0.6124
Epoch 10/50 - Train Loss: 0.6708 - Train Metric: 0.6101
Epoch 10/50 - Val Metric: 0.6193
Epoch 11/50 - Train Loss: 0.6674 - Train Metric: 0.6192
Epoch 11/50 - Val Metric: 0.6202
Epoch 12/50 - Train Loss: 0.6693 - Train Metric: 0.6119
Epoch 12/50 - Val Metric: 0.6227
Epoch 13/50 - Train Loss: 0.6679 - Train Metric: 0.6181
Epoch 13/50 - Val Metric: 0.6174
Epoch 14/50 - Train Loss: 0.6693 - Train Metric: 0.6160
Epoch 14/50 - Val Metric: 0.6132
Epoch 15/50 - Train Loss: 0.6695 - Train Metric: 0.6095
Epoch 15/50 - Val Metric: 0.6203
Epoch 16/50 - Train Loss: 0.6640 - Train Metric: 0.6228
Epoch 16/50 - Val Metric: 0.6170
Epoch 17/50 - Train Loss: 0.6680 - Train Metric: 0.6193
Epoch 17/50 - Val Metric: 0.6116
Epoch 18/50 - Train Loss: 0.6653 - Train Metric: 0.6219
Epoch 18/50 - Val Metric: 0.6143
Epoch 19/50 - Train Loss: 0.6641 - Train Metric: 0.6208
Epoch 19/50 - Val Metric: 0.6120
Epoch 20/50 - Train Loss: 0.6702 - Train Metric: 0.6099
Epoch 20/50 - Val Metric: 0.6227
Epoch 21/50 - Train Loss: 0.6649 - Train Metric: 0.6232
Epoch 21/50 - Val Metric: 0.6155
Epoch 22/50 - Train Loss: 0.6655 - Train Metric: 0.6195
Epoch 22/50 - Val Metric: 0.6187
Epoch 23/50 - Train Loss: 0.6643 - Train Metric: 0.6191
Epoch 23/50 - Val Metric: 0.6175
Epoch 24/50 - Train Loss: 0.6640 - Train Metric: 0.6247
Epoch 24/50 - Val Metric: 0.6147
Epoch 25/50 - Train Loss: 0.6631 - Train Metric: 0.6256
Epoch 25/50 - Val Metric: 0.6213
Epoch 26/50 - Train Loss: 0.6647 - Train Metric: 0.6260
Epoch 26/50 - Val Metric: 0.6109
Epoch 27/50 - Train Loss: 0.6589 - Train Metric: 0.6336
Epoch 27/50 - Val Metric: 0.6141
Epoch 28/50 - Train Loss: 0.6611 - Train Metric: 0.6244
Epoch 28/50 - Val Metric: 0.6177
Epoch 29/50 - Train Loss: 0.6618 - Train Metric: 0.6259
Epoch 29/50 - Val Metric: 0.6168
Epoch 30/50 - Train Loss: 0.6585 - Train Metric: 0.6349
Epoch 30/50 - Val Metric: 0.6193
Epoch 31/50 - Train Loss: 0.6579 - Train Metric: 0.6322
Epoch 31/50 - Val Metric: 0.6128
Epoch 32/50 - Train Loss: 0.6593 - Train Metric: 0.6306
Epoch 32/50 - Val Metric: 0.6116
Epoch 33/50 - Train Loss: 0.6582 - Train Metric: 0.6309
Epoch 33/50 - Val Metric: 0.6151
Epoch 34/50 - Train Loss: 0.6578 - Train Metric: 0.6307
Epoch 34/50 - Val Metric: 0.6117
Epoch 35/50 - Train Loss: 0.6584 - Train Metric: 0.6317
Epoch 35/50 - Val Metric: 0.6093
Epoch 36/50 - Train Loss: 0.6576 - Train Metric: 0.6285
Epoch 36/50 - Val Metric: 0.6121
Epoch 37/50 - Train Loss: 0.6588 - Train Metric: 0.6289
Epoch 37/50 - Val Metric: 0.6154
Epoch 38/50 - Train Loss: 0.6569 - Train Metric: 0.6369
Epoch 38/50 - Val Metric: 0.6209
Epoch 39/50 - Train Loss: 0.6560 - Train Metric: 0.6362
Epoch 39/50 - Val Metric: 0.6174
Epoch 40/50 - Train Loss: 0.6561 - Train Metric: 0.6367
Epoch 40/50 - Val Metric: 0.6090
Epoch 41/50 - Train Loss: 0.6577 - Train Metric: 0.6336
Epoch 41/50 - Val Metric: 0.6086
Epoch 42/50 - Train Loss: 0.6528 - Train Metric: 0.6409
Epoch 42/50 - Val Metric: 0.6045
Epoch 43/50 - Train Loss: 0.6504 - Train Metric: 0.6478
Epoch 43/50 - Val Metric: 0.6084
Epoch 44/50 - Train Loss: 0.6488 - Train Metric: 0.6521
Epoch 44/50 - Val Metric: 0.6106
Epoch 45/50 - Train Loss: 0.6529 - Train Metric: 0.6450
Epoch 45/50 - Val Metric: 0.6189
Epoch 46/50 - Train Loss: 0.6529 - Train Metric: 0.6436
Epoch 46/50 - Val Metric: 0.6108
Epoch 47/50 - Train Loss: 0.6480 - Train Metric: 0.6494
Epoch 47/50 - Val Metric: 0.6165
Epoch 48/50 - Train Loss: 0.6503 - Train Metric: 0.6442
Epoch 48/50 - Val Metric: 0.6233
Epoch 49/50 - Train Loss: 0.6511 - Train Metric: 0.6476
Epoch 49/50 - Val Metric: 0.6172
Epoch 50/50 - Train Loss: 0.6530 - Train Metric: 0.6423
Epoch 50/50 - Val Metric: 0.6188
Best val: 0.6233, Best test: 0.6375
Training set has 6086 instances
Validation set has 760 instances
Test set has 762 instances
Epoch 1/50 - Train Loss: 0.6992 - Train Metric: 0.5104
Epoch 1/50 - Val Metric: 0.5512
Epoch 2/50 - Train Loss: 0.6917 - Train Metric: 0.5364
Epoch 2/50 - Val Metric: 0.5612
Epoch 3/50 - Train Loss: 0.6883 - Train Metric: 0.5579
Epoch 3/50 - Val Metric: 0.5533
Epoch 4/50 - Train Loss: 0.6835 - Train Metric: 0.5782
Epoch 4/50 - Val Metric: 0.5683
Epoch 5/50 - Train Loss: 0.6824 - Train Metric: 0.5830
Epoch 5/50 - Val Metric: 0.5714
Epoch 6/50 - Train Loss: 0.6764 - Train Metric: 0.6002
Epoch 6/50 - Val Metric: 0.5787
Epoch 7/50 - Train Loss: 0.6759 - Train Metric: 0.6028
Epoch 7/50 - Val Metric: 0.5829
Epoch 8/50 - Train Loss: 0.6718 - Train Metric: 0.6119
Epoch 8/50 - Val Metric: 0.5819
Epoch 9/50 - Train Loss: 0.6704 - Train Metric: 0.6162
Epoch 9/50 - Val Metric: 0.5794
Epoch 10/50 - Train Loss: 0.6700 - Train Metric: 0.6170
Epoch 10/50 - Val Metric: 0.5784
Epoch 11/50 - Train Loss: 0.6687 - Train Metric: 0.6208
Epoch 11/50 - Val Metric: 0.5792
Epoch 12/50 - Train Loss: 0.6687 - Train Metric: 0.6203
Epoch 12/50 - Val Metric: 0.5794
Epoch 13/50 - Train Loss: 0.6682 - Train Metric: 0.6164
Epoch 13/50 - Val Metric: 0.5790
Epoch 14/50 - Train Loss: 0.6645 - Train Metric: 0.6268
Epoch 14/50 - Val Metric: 0.5827
Epoch 15/50 - Train Loss: 0.6655 - Train Metric: 0.6229
Epoch 15/50 - Val Metric: 0.5834
Epoch 16/50 - Train Loss: 0.6642 - Train Metric: 0.6272
Epoch 16/50 - Val Metric: 0.5861
Epoch 17/50 - Train Loss: 0.6652 - Train Metric: 0.6239
Epoch 17/50 - Val Metric: 0.5899
Epoch 18/50 - Train Loss: 0.6634 - Train Metric: 0.6265
Epoch 18/50 - Val Metric: 0.5796
Epoch 19/50 - Train Loss: 0.6637 - Train Metric: 0.6294
Epoch 19/50 - Val Metric: 0.5825
Epoch 20/50 - Train Loss: 0.6593 - Train Metric: 0.6324
Epoch 20/50 - Val Metric: 0.5860
Epoch 21/50 - Train Loss: 0.6638 - Train Metric: 0.6264
Epoch 21/50 - Val Metric: 0.5846
Epoch 22/50 - Train Loss: 0.6631 - Train Metric: 0.6289
Epoch 22/50 - Val Metric: 0.5865
Epoch 23/50 - Train Loss: 0.6605 - Train Metric: 0.6327
Epoch 23/50 - Val Metric: 0.5873
Epoch 24/50 - Train Loss: 0.6623 - Train Metric: 0.6286
Epoch 24/50 - Val Metric: 0.5846
Epoch 25/50 - Train Loss: 0.6635 - Train Metric: 0.6256
Epoch 25/50 - Val Metric: 0.5827
Epoch 26/50 - Train Loss: 0.6603 - Train Metric: 0.6328
Epoch 26/50 - Val Metric: 0.5835
Epoch 27/50 - Train Loss: 0.6571 - Train Metric: 0.6369
Epoch 27/50 - Val Metric: 0.5914
Epoch 28/50 - Train Loss: 0.6590 - Train Metric: 0.6335
Epoch 28/50 - Val Metric: 0.5859
Epoch 29/50 - Train Loss: 0.6582 - Train Metric: 0.6364
Epoch 29/50 - Val Metric: 0.5912
Epoch 30/50 - Train Loss: 0.6577 - Train Metric: 0.6371
Epoch 30/50 - Val Metric: 0.5872
Epoch 31/50 - Train Loss: 0.6595 - Train Metric: 0.6335
Epoch 31/50 - Val Metric: 0.5919
Epoch 32/50 - Train Loss: 0.6567 - Train Metric: 0.6386
Epoch 32/50 - Val Metric: 0.5863
Epoch 33/50 - Train Loss: 0.6608 - Train Metric: 0.6285
Epoch 33/50 - Val Metric: 0.5896
Epoch 34/50 - Train Loss: 0.6609 - Train Metric: 0.6334
Epoch 34/50 - Val Metric: 0.5891
Epoch 35/50 - Train Loss: 0.6595 - Train Metric: 0.6316
Epoch 35/50 - Val Metric: 0.5909
Epoch 36/50 - Train Loss: 0.6555 - Train Metric: 0.6386
Epoch 36/50 - Val Metric: 0.5931
Epoch 37/50 - Train Loss: 0.6550 - Train Metric: 0.6379
Epoch 37/50 - Val Metric: 0.5958
Epoch 38/50 - Train Loss: 0.6513 - Train Metric: 0.6439
Epoch 38/50 - Val Metric: 0.5956
Epoch 39/50 - Train Loss: 0.6543 - Train Metric: 0.6431
Epoch 39/50 - Val Metric: 0.5951
Epoch 40/50 - Train Loss: 0.6537 - Train Metric: 0.6414
Epoch 40/50 - Val Metric: 0.5969
Epoch 41/50 - Train Loss: 0.6529 - Train Metric: 0.6421
Epoch 41/50 - Val Metric: 0.5991
Epoch 42/50 - Train Loss: 0.6535 - Train Metric: 0.6457
Epoch 42/50 - Val Metric: 0.6001
Epoch 43/50 - Train Loss: 0.6525 - Train Metric: 0.6443
Epoch 43/50 - Val Metric: 0.6010
Epoch 44/50 - Train Loss: 0.6489 - Train Metric: 0.6488
Epoch 44/50 - Val Metric: 0.5957
Epoch 45/50 - Train Loss: 0.6511 - Train Metric: 0.6493
Epoch 45/50 - Val Metric: 0.5984
Epoch 46/50 - Train Loss: 0.6501 - Train Metric: 0.6444
Epoch 46/50 - Val Metric: 0.6034
Epoch 47/50 - Train Loss: 0.6488 - Train Metric: 0.6519
Epoch 47/50 - Val Metric: 0.6009
Epoch 48/50 - Train Loss: 0.6493 - Train Metric: 0.6438
Epoch 48/50 - Val Metric: 0.6090
Epoch 49/50 - Train Loss: 0.6494 - Train Metric: 0.6482
Epoch 49/50 - Val Metric: 0.6030
Epoch 50/50 - Train Loss: 0.6471 - Train Metric: 0.6536
Epoch 50/50 - Val Metric: 0.6036
Best val: 0.6090, Best test: 0.6277
Training set has 6086 instances
Validation set has 760 instances
Test set has 762 instances
Epoch 1/50 - Train Loss: 0.7003 - Train Metric: 0.5042
Epoch 1/50 - Val Metric: 0.5479
Epoch 2/50 - Train Loss: 0.6954 - Train Metric: 0.5148
Epoch 2/50 - Val Metric: 0.5532
Epoch 3/50 - Train Loss: 0.6884 - Train Metric: 0.5637
Epoch 3/50 - Val Metric: 0.5572
Epoch 4/50 - Train Loss: 0.6784 - Train Metric: 0.5992
Epoch 4/50 - Val Metric: 0.5713
Epoch 5/50 - Train Loss: 0.6818 - Train Metric: 0.5856
Epoch 5/50 - Val Metric: 0.5850
Epoch 6/50 - Train Loss: 0.6781 - Train Metric: 0.5982
Epoch 6/50 - Val Metric: 0.5819
Epoch 7/50 - Train Loss: 0.6754 - Train Metric: 0.6038
Epoch 7/50 - Val Metric: 0.5778
Epoch 8/50 - Train Loss: 0.6746 - Train Metric: 0.6061
Epoch 8/50 - Val Metric: 0.5818
Epoch 9/50 - Train Loss: 0.6766 - Train Metric: 0.6012
Epoch 9/50 - Val Metric: 0.5820
Epoch 10/50 - Train Loss: 0.6729 - Train Metric: 0.6124
Epoch 10/50 - Val Metric: 0.5854
Epoch 11/50 - Train Loss: 0.6700 - Train Metric: 0.6186
Epoch 11/50 - Val Metric: 0.5868
Epoch 12/50 - Train Loss: 0.6705 - Train Metric: 0.6149
Epoch 12/50 - Val Metric: 0.5835
Epoch 13/50 - Train Loss: 0.6705 - Train Metric: 0.6135
Epoch 13/50 - Val Metric: 0.5920
Epoch 14/50 - Train Loss: 0.6705 - Train Metric: 0.6131
Epoch 14/50 - Val Metric: 0.5915
Epoch 15/50 - Train Loss: 0.6641 - Train Metric: 0.6299
Epoch 15/50 - Val Metric: 0.5860
Epoch 16/50 - Train Loss: 0.6668 - Train Metric: 0.6215
Epoch 16/50 - Val Metric: 0.5881
Epoch 17/50 - Train Loss: 0.6716 - Train Metric: 0.6098
Epoch 17/50 - Val Metric: 0.5879
Epoch 18/50 - Train Loss: 0.6644 - Train Metric: 0.6263
Epoch 18/50 - Val Metric: 0.5869
Epoch 19/50 - Train Loss: 0.6625 - Train Metric: 0.6336
Epoch 19/50 - Val Metric: 0.5857
Epoch 20/50 - Train Loss: 0.6638 - Train Metric: 0.6278
Epoch 20/50 - Val Metric: 0.5898
Epoch 21/50 - Train Loss: 0.6629 - Train Metric: 0.6305
Epoch 21/50 - Val Metric: 0.5893
Epoch 22/50 - Train Loss: 0.6635 - Train Metric: 0.6244
Epoch 22/50 - Val Metric: 0.5878
Epoch 23/50 - Train Loss: 0.6603 - Train Metric: 0.6293
Epoch 23/50 - Val Metric: 0.5915
Epoch 24/50 - Train Loss: 0.6630 - Train Metric: 0.6253
Epoch 24/50 - Val Metric: 0.5875
Epoch 25/50 - Train Loss: 0.6596 - Train Metric: 0.6334
Epoch 25/50 - Val Metric: 0.5925
Epoch 26/50 - Train Loss: 0.6591 - Train Metric: 0.6370
Epoch 26/50 - Val Metric: 0.5946
Epoch 27/50 - Train Loss: 0.6596 - Train Metric: 0.6365
Epoch 27/50 - Val Metric: 0.5925
Epoch 28/50 - Train Loss: 0.6611 - Train Metric: 0.6314
Epoch 28/50 - Val Metric: 0.5904
Epoch 29/50 - Train Loss: 0.6576 - Train Metric: 0.6363
Epoch 29/50 - Val Metric: 0.5890
Epoch 30/50 - Train Loss: 0.6612 - Train Metric: 0.6298
Epoch 30/50 - Val Metric: 0.5908
Epoch 31/50 - Train Loss: 0.6562 - Train Metric: 0.6365
Epoch 31/50 - Val Metric: 0.5892
Epoch 32/50 - Train Loss: 0.6549 - Train Metric: 0.6404
Epoch 32/50 - Val Metric: 0.5885
Epoch 33/50 - Train Loss: 0.6545 - Train Metric: 0.6464
Epoch 33/50 - Val Metric: 0.5927
Epoch 34/50 - Train Loss: 0.6577 - Train Metric: 0.6358
Epoch 34/50 - Val Metric: 0.5918
Epoch 35/50 - Train Loss: 0.6584 - Train Metric: 0.6356
Epoch 35/50 - Val Metric: 0.5912
Epoch 36/50 - Train Loss: 0.6509 - Train Metric: 0.6490
Epoch 36/50 - Val Metric: 0.5926
Epoch 37/50 - Train Loss: 0.6572 - Train Metric: 0.6371
Epoch 37/50 - Val Metric: 0.5953
Epoch 38/50 - Train Loss: 0.6543 - Train Metric: 0.6418
Epoch 38/50 - Val Metric: 0.5990
Epoch 39/50 - Train Loss: 0.6570 - Train Metric: 0.6348
Epoch 39/50 - Val Metric: 0.5970
Epoch 40/50 - Train Loss: 0.6553 - Train Metric: 0.6371
Epoch 40/50 - Val Metric: 0.5948
Epoch 41/50 - Train Loss: 0.6547 - Train Metric: 0.6380
Epoch 41/50 - Val Metric: 0.5972
Epoch 42/50 - Train Loss: 0.6498 - Train Metric: 0.6462
Epoch 42/50 - Val Metric: 0.5979
Epoch 43/50 - Train Loss: 0.6510 - Train Metric: 0.6508
Epoch 43/50 - Val Metric: 0.5979
Epoch 44/50 - Train Loss: 0.6517 - Train Metric: 0.6450
Epoch 44/50 - Val Metric: 0.5981
Epoch 45/50 - Train Loss: 0.6506 - Train Metric: 0.6480
Epoch 45/50 - Val Metric: 0.5940
Epoch 46/50 - Train Loss: 0.6493 - Train Metric: 0.6475
Epoch 46/50 - Val Metric: 0.5936
Epoch 47/50 - Train Loss: 0.6498 - Train Metric: 0.6492
Epoch 47/50 - Val Metric: 0.6017
Epoch 48/50 - Train Loss: 0.6475 - Train Metric: 0.6527
Epoch 48/50 - Val Metric: 0.5962
Epoch 49/50 - Train Loss: 0.6485 - Train Metric: 0.6488
Epoch 49/50 - Val Metric: 0.6049
Epoch 50/50 - Train Loss: 0.6493 - Train Metric: 0.6495
Epoch 50/50 - Val Metric: 0.6068
Best val: 0.6068, Best test: 0.5991
Training set has 6086 instances
Validation set has 760 instances
Test set has 762 instances
Epoch 1/50 - Train Loss: 0.6983 - Train Metric: 0.5129
Epoch 1/50 - Val Metric: 0.5589
Epoch 2/50 - Train Loss: 0.6898 - Train Metric: 0.5483
Epoch 2/50 - Val Metric: 0.5954
Epoch 3/50 - Train Loss: 0.6822 - Train Metric: 0.5823
Epoch 3/50 - Val Metric: 0.6131
Epoch 4/50 - Train Loss: 0.6775 - Train Metric: 0.5960
Epoch 4/50 - Val Metric: 0.6140
Epoch 5/50 - Train Loss: 0.6756 - Train Metric: 0.5995
Epoch 5/50 - Val Metric: 0.6144
Epoch 6/50 - Train Loss: 0.6733 - Train Metric: 0.6057
Epoch 6/50 - Val Metric: 0.6147
Epoch 7/50 - Train Loss: 0.6702 - Train Metric: 0.6119
Epoch 7/50 - Val Metric: 0.6158
Epoch 8/50 - Train Loss: 0.6712 - Train Metric: 0.6060
Epoch 8/50 - Val Metric: 0.6135
Epoch 9/50 - Train Loss: 0.6706 - Train Metric: 0.6063
Epoch 9/50 - Val Metric: 0.6145
Epoch 10/50 - Train Loss: 0.6675 - Train Metric: 0.6152
Epoch 10/50 - Val Metric: 0.6188
Epoch 11/50 - Train Loss: 0.6649 - Train Metric: 0.6231
Epoch 11/50 - Val Metric: 0.6157
Epoch 12/50 - Train Loss: 0.6662 - Train Metric: 0.6170
Epoch 12/50 - Val Metric: 0.6161
Epoch 13/50 - Train Loss: 0.6685 - Train Metric: 0.6107
Epoch 13/50 - Val Metric: 0.6209
Epoch 14/50 - Train Loss: 0.6646 - Train Metric: 0.6217
Epoch 14/50 - Val Metric: 0.6192
Epoch 15/50 - Train Loss: 0.6656 - Train Metric: 0.6176
Epoch 15/50 - Val Metric: 0.6185
Epoch 16/50 - Train Loss: 0.6644 - Train Metric: 0.6200
Epoch 16/50 - Val Metric: 0.6208
Epoch 17/50 - Train Loss: 0.6634 - Train Metric: 0.6199
Epoch 17/50 - Val Metric: 0.6198
Epoch 18/50 - Train Loss: 0.6641 - Train Metric: 0.6174
Epoch 18/50 - Val Metric: 0.6208
Epoch 19/50 - Train Loss: 0.6635 - Train Metric: 0.6258
Epoch 19/50 - Val Metric: 0.6162
Epoch 20/50 - Train Loss: 0.6621 - Train Metric: 0.6211
Epoch 20/50 - Val Metric: 0.6224
Epoch 21/50 - Train Loss: 0.6612 - Train Metric: 0.6267
Epoch 21/50 - Val Metric: 0.6181
Epoch 22/50 - Train Loss: 0.6629 - Train Metric: 0.6247
Epoch 22/50 - Val Metric: 0.6234
Epoch 23/50 - Train Loss: 0.6606 - Train Metric: 0.6251
Epoch 23/50 - Val Metric: 0.6244
Epoch 24/50 - Train Loss: 0.6596 - Train Metric: 0.6284
Epoch 24/50 - Val Metric: 0.6253
Epoch 25/50 - Train Loss: 0.6627 - Train Metric: 0.6224
Epoch 25/50 - Val Metric: 0.6268
Epoch 26/50 - Train Loss: 0.6603 - Train Metric: 0.6276
Epoch 26/50 - Val Metric: 0.6292
Epoch 27/50 - Train Loss: 0.6568 - Train Metric: 0.6313
Epoch 27/50 - Val Metric: 0.6303
Epoch 28/50 - Train Loss: 0.6602 - Train Metric: 0.6271
Epoch 28/50 - Val Metric: 0.6282
Epoch 29/50 - Train Loss: 0.6603 - Train Metric: 0.6249
Epoch 29/50 - Val Metric: 0.6301
Epoch 30/50 - Train Loss: 0.6594 - Train Metric: 0.6302
Epoch 30/50 - Val Metric: 0.6309
Epoch 31/50 - Train Loss: 0.6584 - Train Metric: 0.6311
Epoch 31/50 - Val Metric: 0.6222
Epoch 32/50 - Train Loss: 0.6560 - Train Metric: 0.6380
Epoch 32/50 - Val Metric: 0.6286
Epoch 33/50 - Train Loss: 0.6556 - Train Metric: 0.6399
Epoch 33/50 - Val Metric: 0.6288
Epoch 34/50 - Train Loss: 0.6568 - Train Metric: 0.6348
Epoch 34/50 - Val Metric: 0.6253
Epoch 35/50 - Train Loss: 0.6552 - Train Metric: 0.6362
Epoch 35/50 - Val Metric: 0.6267
Epoch 36/50 - Train Loss: 0.6559 - Train Metric: 0.6360
Epoch 36/50 - Val Metric: 0.6158
Epoch 37/50 - Train Loss: 0.6537 - Train Metric: 0.6376
Epoch 37/50 - Val Metric: 0.6266
Epoch 38/50 - Train Loss: 0.6546 - Train Metric: 0.6370
Epoch 38/50 - Val Metric: 0.6176
Epoch 39/50 - Train Loss: 0.6560 - Train Metric: 0.6320
Epoch 39/50 - Val Metric: 0.6229
Epoch 40/50 - Train Loss: 0.6541 - Train Metric: 0.6367
Epoch 40/50 - Val Metric: 0.6299
Epoch 41/50 - Train Loss: 0.6484 - Train Metric: 0.6454
Epoch 41/50 - Val Metric: 0.6294
Epoch 42/50 - Train Loss: 0.6483 - Train Metric: 0.6535
Epoch 42/50 - Val Metric: 0.6240
Epoch 43/50 - Train Loss: 0.6492 - Train Metric: 0.6473
Epoch 43/50 - Val Metric: 0.6300
Epoch 44/50 - Train Loss: 0.6511 - Train Metric: 0.6409
Epoch 44/50 - Val Metric: 0.6288
Epoch 45/50 - Train Loss: 0.6486 - Train Metric: 0.6477
Epoch 45/50 - Val Metric: 0.6242
Epoch 46/50 - Train Loss: 0.6486 - Train Metric: 0.6483
Epoch 46/50 - Val Metric: 0.6339
Epoch 47/50 - Train Loss: 0.6501 - Train Metric: 0.6428
Epoch 47/50 - Val Metric: 0.6376
Epoch 48/50 - Train Loss: 0.6482 - Train Metric: 0.6485
Epoch 48/50 - Val Metric: 0.6281
Epoch 49/50 - Train Loss: 0.6494 - Train Metric: 0.6415
Epoch 49/50 - Val Metric: 0.6334
Epoch 50/50 - Train Loss: 0.6470 - Train Metric: 0.6468
Epoch 50/50 - Val Metric: 0.6276
Best val: 0.6376, Best test: 0.6096
[0.60932297 0.63752371 0.62765598 0.59911603 0.60963768]
