Hyper-parameter search via Optuna
Namespace(task_type='binary_classification', scale='small', idx=10, epochs=50, num_trials=20, num_repeats=5, seed=0, exp_name='MemGlovalAvgPool', result_path='output/binary_classification/small/10/MemGlovalAvgPool.pt')
Device: cuda
Start building binary_classification dataset_small_10
Training set has 8000 instances
Validation set has 1000 instances
Test set has 1000 instances
Epoch 1/50 - Train Loss: 0.6989 - Train Metric: 0.5140
Epoch 1/50 - Val Metric: 0.6891
Epoch 2/50 - Train Loss: 0.6929 - Train Metric: 0.5464
Epoch 2/50 - Val Metric: 0.7562
Epoch 3/50 - Train Loss: 0.6462 - Train Metric: 0.6706
Epoch 3/50 - Val Metric: 0.7816
Epoch 4/50 - Train Loss: 0.5862 - Train Metric: 0.7585
Epoch 4/50 - Val Metric: 0.7894
Epoch 5/50 - Train Loss: 0.5737 - Train Metric: 0.7713
Epoch 5/50 - Val Metric: 0.7940
Epoch 6/50 - Train Loss: 0.5692 - Train Metric: 0.7756
Epoch 6/50 - Val Metric: 0.7907
Epoch 7/50 - Train Loss: 0.5660 - Train Metric: 0.7789
Epoch 7/50 - Val Metric: 0.7949
Epoch 8/50 - Train Loss: 0.5684 - Train Metric: 0.7765
Epoch 8/50 - Val Metric: 0.7944
Epoch 9/50 - Train Loss: 0.5674 - Train Metric: 0.7776
Epoch 9/50 - Val Metric: 0.7952
Epoch 10/50 - Train Loss: 0.5619 - Train Metric: 0.7829
Epoch 10/50 - Val Metric: 0.7969
Epoch 11/50 - Train Loss: 0.5588 - Train Metric: 0.7858
Epoch 11/50 - Val Metric: 0.7991
Epoch 12/50 - Train Loss: 0.5583 - Train Metric: 0.7861
Epoch 12/50 - Val Metric: 0.7998
Epoch 13/50 - Train Loss: 0.5575 - Train Metric: 0.7867
Epoch 13/50 - Val Metric: 0.7980
Epoch 14/50 - Train Loss: 0.5564 - Train Metric: 0.7878
Epoch 14/50 - Val Metric: 0.7972
Epoch 15/50 - Train Loss: 0.5575 - Train Metric: 0.7870
Epoch 15/50 - Val Metric: 0.7990
Epoch 16/50 - Train Loss: 0.5547 - Train Metric: 0.7897
Epoch 16/50 - Val Metric: 0.7986
Epoch 17/50 - Train Loss: 0.5531 - Train Metric: 0.7915
Epoch 17/50 - Val Metric: 0.8005
Epoch 18/50 - Train Loss: 0.5564 - Train Metric: 0.7876
Epoch 18/50 - Val Metric: 0.7989
Epoch 19/50 - Train Loss: 0.5523 - Train Metric: 0.7921
Epoch 19/50 - Val Metric: 0.8005
Epoch 20/50 - Train Loss: 0.5539 - Train Metric: 0.7902
Epoch 20/50 - Val Metric: 0.7975
Epoch 21/50 - Train Loss: 0.5509 - Train Metric: 0.7929
Epoch 21/50 - Val Metric: 0.7996
Epoch 22/50 - Train Loss: 0.5515 - Train Metric: 0.7927
Epoch 22/50 - Val Metric: 0.7979
Epoch 23/50 - Train Loss: 0.5496 - Train Metric: 0.7942
Epoch 23/50 - Val Metric: 0.8008
Epoch 24/50 - Train Loss: 0.5521 - Train Metric: 0.7917
Epoch 24/50 - Val Metric: 0.8001
Epoch 25/50 - Train Loss: 0.5475 - Train Metric: 0.7957
Epoch 25/50 - Val Metric: 0.7979
Epoch 26/50 - Train Loss: 0.5483 - Train Metric: 0.7958
Epoch 26/50 - Val Metric: 0.7968
Epoch 27/50 - Train Loss: 0.5506 - Train Metric: 0.7928
Epoch 27/50 - Val Metric: 0.7997
Epoch 28/50 - Train Loss: 0.5534 - Train Metric: 0.7909
Epoch 28/50 - Val Metric: 0.7973
Epoch 29/50 - Train Loss: 0.5486 - Train Metric: 0.7948
Epoch 29/50 - Val Metric: 0.7973
Epoch 30/50 - Train Loss: 0.5494 - Train Metric: 0.7940
Epoch 30/50 - Val Metric: 0.7982
Epoch 31/50 - Train Loss: 0.5460 - Train Metric: 0.7967
Epoch 31/50 - Val Metric: 0.7975
Epoch 32/50 - Train Loss: 0.5445 - Train Metric: 0.7983
Epoch 32/50 - Val Metric: 0.7981
Epoch 33/50 - Train Loss: 0.5456 - Train Metric: 0.7971
Epoch 33/50 - Val Metric: 0.7965
Epoch 34/50 - Train Loss: 0.5457 - Train Metric: 0.7970
Epoch 34/50 - Val Metric: 0.7990
Epoch 35/50 - Train Loss: 0.5459 - Train Metric: 0.7973
Epoch 35/50 - Val Metric: 0.7941
Epoch 36/50 - Train Loss: 0.5447 - Train Metric: 0.7987
Epoch 36/50 - Val Metric: 0.7969
Epoch 37/50 - Train Loss: 0.5417 - Train Metric: 0.8016
Epoch 37/50 - Val Metric: 0.7951
Epoch 38/50 - Train Loss: 0.5427 - Train Metric: 0.7999
Epoch 38/50 - Val Metric: 0.7953
Epoch 39/50 - Train Loss: 0.5423 - Train Metric: 0.8007
Epoch 39/50 - Val Metric: 0.7929
Epoch 40/50 - Train Loss: 0.5419 - Train Metric: 0.8016
Epoch 40/50 - Val Metric: 0.7943
Epoch 41/50 - Train Loss: 0.5406 - Train Metric: 0.8026
Epoch 41/50 - Val Metric: 0.7933
Epoch 42/50 - Train Loss: 0.5421 - Train Metric: 0.8011
Epoch 42/50 - Val Metric: 0.7930
Epoch 43/50 - Train Loss: 0.5387 - Train Metric: 0.8036
Epoch 43/50 - Val Metric: 0.7858
Epoch 44/50 - Train Loss: 0.5380 - Train Metric: 0.8040
Epoch 44/50 - Val Metric: 0.7928
Epoch 45/50 - Train Loss: 0.5387 - Train Metric: 0.8040
Epoch 45/50 - Val Metric: 0.7917
Epoch 46/50 - Train Loss: 0.5356 - Train Metric: 0.8069
Epoch 46/50 - Val Metric: 0.7863
Epoch 47/50 - Train Loss: 0.5353 - Train Metric: 0.8068
Epoch 47/50 - Val Metric: 0.7854
Epoch 48/50 - Train Loss: 0.5347 - Train Metric: 0.8077
Epoch 48/50 - Val Metric: 0.7875
Epoch 49/50 - Train Loss: 0.5335 - Train Metric: 0.8077
Epoch 49/50 - Val Metric: 0.7840
Epoch 50/50 - Train Loss: 0.5336 - Train Metric: 0.8078
Epoch 50/50 - Val Metric: 0.7859
Best val: 0.8008, Best test: 0.8124
Training set has 8000 instances
Validation set has 1000 instances
Test set has 1000 instances
Epoch 1/50 - Train Loss: 0.7150 - Train Metric: 0.5025
Epoch 1/50 - Val Metric: 0.7413
Epoch 2/50 - Train Loss: 0.6942 - Train Metric: 0.5014
Epoch 2/50 - Val Metric: 0.7422
Epoch 3/50 - Train Loss: 0.6946 - Train Metric: 0.5107
Epoch 3/50 - Val Metric: 0.7435
Epoch 4/50 - Train Loss: 0.6936 - Train Metric: 0.5264
Epoch 4/50 - Val Metric: 0.7514
Epoch 5/50 - Train Loss: 0.6567 - Train Metric: 0.6512
Epoch 5/50 - Val Metric: 0.7595
Epoch 6/50 - Train Loss: 0.5862 - Train Metric: 0.7575
Epoch 6/50 - Val Metric: 0.7780
Epoch 7/50 - Train Loss: 0.5669 - Train Metric: 0.7785
Epoch 7/50 - Val Metric: 0.7781
Epoch 8/50 - Train Loss: 0.5600 - Train Metric: 0.7850
Epoch 8/50 - Val Metric: 0.7846
Epoch 9/50 - Train Loss: 0.5589 - Train Metric: 0.7860
Epoch 9/50 - Val Metric: 0.7867
Epoch 10/50 - Train Loss: 0.5588 - Train Metric: 0.7862
Epoch 10/50 - Val Metric: 0.7851
Epoch 11/50 - Train Loss: 0.5565 - Train Metric: 0.7884
Epoch 11/50 - Val Metric: 0.7865
Epoch 12/50 - Train Loss: 0.5563 - Train Metric: 0.7884
Epoch 12/50 - Val Metric: 0.7857
Epoch 13/50 - Train Loss: 0.5586 - Train Metric: 0.7864
Epoch 13/50 - Val Metric: 0.7883
Epoch 14/50 - Train Loss: 0.5506 - Train Metric: 0.7940
Epoch 14/50 - Val Metric: 0.7864
Epoch 15/50 - Train Loss: 0.5581 - Train Metric: 0.7869
Epoch 15/50 - Val Metric: 0.7888
Epoch 16/50 - Train Loss: 0.5513 - Train Metric: 0.7933
Epoch 16/50 - Val Metric: 0.7900
Epoch 17/50 - Train Loss: 0.5500 - Train Metric: 0.7945
Epoch 17/50 - Val Metric: 0.7915
Epoch 18/50 - Train Loss: 0.5520 - Train Metric: 0.7924
Epoch 18/50 - Val Metric: 0.7935
Epoch 19/50 - Train Loss: 0.5487 - Train Metric: 0.7955
Epoch 19/50 - Val Metric: 0.7882
Epoch 20/50 - Train Loss: 0.5500 - Train Metric: 0.7939
Epoch 20/50 - Val Metric: 0.7883
Epoch 21/50 - Train Loss: 0.5477 - Train Metric: 0.7966
Epoch 21/50 - Val Metric: 0.7934
Epoch 22/50 - Train Loss: 0.5488 - Train Metric: 0.7954
Epoch 22/50 - Val Metric: 0.7915
Epoch 23/50 - Train Loss: 0.5479 - Train Metric: 0.7962
Epoch 23/50 - Val Metric: 0.7921
Epoch 24/50 - Train Loss: 0.5471 - Train Metric: 0.7970
Epoch 24/50 - Val Metric: 0.7901
Epoch 25/50 - Train Loss: 0.5450 - Train Metric: 0.7991
Epoch 25/50 - Val Metric: 0.7894
Epoch 26/50 - Train Loss: 0.5486 - Train Metric: 0.7958
Epoch 26/50 - Val Metric: 0.7915
Epoch 27/50 - Train Loss: 0.5442 - Train Metric: 0.7998
Epoch 27/50 - Val Metric: 0.7891
Epoch 28/50 - Train Loss: 0.5444 - Train Metric: 0.7995
Epoch 28/50 - Val Metric: 0.7909
Epoch 29/50 - Train Loss: 0.5460 - Train Metric: 0.7983
Epoch 29/50 - Val Metric: 0.7930
Epoch 30/50 - Train Loss: 0.5427 - Train Metric: 0.8008
Epoch 30/50 - Val Metric: 0.7894
Epoch 31/50 - Train Loss: 0.5430 - Train Metric: 0.8004
Epoch 31/50 - Val Metric: 0.7882
Epoch 32/50 - Train Loss: 0.5431 - Train Metric: 0.8006
Epoch 32/50 - Val Metric: 0.7894
Epoch 33/50 - Train Loss: 0.5431 - Train Metric: 0.8007
Epoch 33/50 - Val Metric: 0.7886
Epoch 34/50 - Train Loss: 0.5420 - Train Metric: 0.8013
Epoch 34/50 - Val Metric: 0.7872
Epoch 35/50 - Train Loss: 0.5412 - Train Metric: 0.8024
Epoch 35/50 - Val Metric: 0.7905
Epoch 36/50 - Train Loss: 0.5410 - Train Metric: 0.8024
Epoch 36/50 - Val Metric: 0.7873
Epoch 37/50 - Train Loss: 0.5407 - Train Metric: 0.8028
Epoch 37/50 - Val Metric: 0.7872
Epoch 38/50 - Train Loss: 0.5417 - Train Metric: 0.8020
Epoch 38/50 - Val Metric: 0.7841
Epoch 39/50 - Train Loss: 0.5404 - Train Metric: 0.8032
Epoch 39/50 - Val Metric: 0.7874
Epoch 40/50 - Train Loss: 0.5426 - Train Metric: 0.8011
Epoch 40/50 - Val Metric: 0.7869
Epoch 41/50 - Train Loss: 0.5401 - Train Metric: 0.8035
Epoch 41/50 - Val Metric: 0.7883
Epoch 42/50 - Train Loss: 0.5414 - Train Metric: 0.8018
Epoch 42/50 - Val Metric: 0.7886
Epoch 43/50 - Train Loss: 0.5401 - Train Metric: 0.8030
Epoch 43/50 - Val Metric: 0.7885
Epoch 44/50 - Train Loss: 0.5396 - Train Metric: 0.8039
Epoch 44/50 - Val Metric: 0.7874
Epoch 45/50 - Train Loss: 0.5397 - Train Metric: 0.8038
Epoch 45/50 - Val Metric: 0.7857
Epoch 46/50 - Train Loss: 0.5398 - Train Metric: 0.8040
Epoch 46/50 - Val Metric: 0.7874
Epoch 47/50 - Train Loss: 0.5394 - Train Metric: 0.8032
Epoch 47/50 - Val Metric: 0.7861
Epoch 48/50 - Train Loss: 0.5388 - Train Metric: 0.8042
Epoch 48/50 - Val Metric: 0.7855
Epoch 49/50 - Train Loss: 0.5383 - Train Metric: 0.8052
Epoch 49/50 - Val Metric: 0.7862
Epoch 50/50 - Train Loss: 0.5383 - Train Metric: 0.8049
Epoch 50/50 - Val Metric: 0.7857
Best val: 0.7935, Best test: 0.7704
Training set has 8000 instances
Validation set has 1000 instances
Test set has 1000 instances
Epoch 1/50 - Train Loss: 0.7308 - Train Metric: 0.4918
Epoch 1/50 - Val Metric: 0.6602
Epoch 2/50 - Train Loss: 0.6954 - Train Metric: 0.4898
Epoch 2/50 - Val Metric: 0.7292
Epoch 3/50 - Train Loss: 0.6937 - Train Metric: 0.5109
Epoch 3/50 - Val Metric: 0.7308
Epoch 4/50 - Train Loss: 0.6683 - Train Metric: 0.6336
Epoch 4/50 - Val Metric: 0.7408
Epoch 5/50 - Train Loss: 0.5968 - Train Metric: 0.7463
Epoch 5/50 - Val Metric: 0.7610
Epoch 6/50 - Train Loss: 0.5771 - Train Metric: 0.7672
Epoch 6/50 - Val Metric: 0.7671
Epoch 7/50 - Train Loss: 0.5746 - Train Metric: 0.7703
Epoch 7/50 - Val Metric: 0.7755
Epoch 8/50 - Train Loss: 0.5702 - Train Metric: 0.7755
Epoch 8/50 - Val Metric: 0.7739
Epoch 9/50 - Train Loss: 0.5666 - Train Metric: 0.7794
Epoch 9/50 - Val Metric: 0.7720
Epoch 10/50 - Train Loss: 0.5683 - Train Metric: 0.7769
Epoch 10/50 - Val Metric: 0.7694
Epoch 11/50 - Train Loss: 0.5613 - Train Metric: 0.7842
Epoch 11/50 - Val Metric: 0.7748
Epoch 12/50 - Train Loss: 0.5621 - Train Metric: 0.7832
Epoch 12/50 - Val Metric: 0.7749
Epoch 13/50 - Train Loss: 0.5598 - Train Metric: 0.7852
Epoch 13/50 - Val Metric: 0.7759
Epoch 14/50 - Train Loss: 0.5589 - Train Metric: 0.7865
Epoch 14/50 - Val Metric: 0.7767
Epoch 15/50 - Train Loss: 0.5624 - Train Metric: 0.7828
Epoch 15/50 - Val Metric: 0.7767
Epoch 16/50 - Train Loss: 0.5607 - Train Metric: 0.7847
Epoch 16/50 - Val Metric: 0.7795
Epoch 17/50 - Train Loss: 0.5572 - Train Metric: 0.7876
Epoch 17/50 - Val Metric: 0.7771
Epoch 18/50 - Train Loss: 0.5542 - Train Metric: 0.7901
Epoch 18/50 - Val Metric: 0.7759
Epoch 19/50 - Train Loss: 0.5586 - Train Metric: 0.7864
Epoch 19/50 - Val Metric: 0.7783
Epoch 20/50 - Train Loss: 0.5611 - Train Metric: 0.7845
Epoch 20/50 - Val Metric: 0.7788
Epoch 21/50 - Train Loss: 0.5590 - Train Metric: 0.7864
Epoch 21/50 - Val Metric: 0.7793
Epoch 22/50 - Train Loss: 0.5532 - Train Metric: 0.7918
Epoch 22/50 - Val Metric: 0.7818
Epoch 23/50 - Train Loss: 0.5550 - Train Metric: 0.7901
Epoch 23/50 - Val Metric: 0.7795
Epoch 24/50 - Train Loss: 0.5523 - Train Metric: 0.7921
Epoch 24/50 - Val Metric: 0.7798
Epoch 25/50 - Train Loss: 0.5533 - Train Metric: 0.7912
Epoch 25/50 - Val Metric: 0.7793
Epoch 26/50 - Train Loss: 0.5515 - Train Metric: 0.7932
Epoch 26/50 - Val Metric: 0.7709
Epoch 27/50 - Train Loss: 0.5482 - Train Metric: 0.7957
Epoch 27/50 - Val Metric: 0.7700
Epoch 28/50 - Train Loss: 0.5492 - Train Metric: 0.7951
Epoch 28/50 - Val Metric: 0.7753
Epoch 29/50 - Train Loss: 0.5492 - Train Metric: 0.7951
Epoch 29/50 - Val Metric: 0.7790
Epoch 30/50 - Train Loss: 0.5497 - Train Metric: 0.7944
Epoch 30/50 - Val Metric: 0.7750
Epoch 31/50 - Train Loss: 0.5482 - Train Metric: 0.7960
Epoch 31/50 - Val Metric: 0.7729
Epoch 32/50 - Train Loss: 0.5475 - Train Metric: 0.7969
Epoch 32/50 - Val Metric: 0.7750
Epoch 33/50 - Train Loss: 0.5465 - Train Metric: 0.7975
Epoch 33/50 - Val Metric: 0.7739
Epoch 34/50 - Train Loss: 0.5456 - Train Metric: 0.7983
Epoch 34/50 - Val Metric: 0.7715
Epoch 35/50 - Train Loss: 0.5481 - Train Metric: 0.7961
Epoch 35/50 - Val Metric: 0.7763
Epoch 36/50 - Train Loss: 0.5455 - Train Metric: 0.7985
Epoch 36/50 - Val Metric: 0.7721
Epoch 37/50 - Train Loss: 0.5470 - Train Metric: 0.7972
Epoch 37/50 - Val Metric: 0.7777
Epoch 38/50 - Train Loss: 0.5491 - Train Metric: 0.7950
Epoch 38/50 - Val Metric: 0.7734
Epoch 39/50 - Train Loss: 0.5524 - Train Metric: 0.7923
Epoch 39/50 - Val Metric: 0.7684
Epoch 40/50 - Train Loss: 0.5524 - Train Metric: 0.7920
Epoch 40/50 - Val Metric: 0.7751
Epoch 41/50 - Train Loss: 0.5485 - Train Metric: 0.7954
Epoch 41/50 - Val Metric: 0.7740
Epoch 42/50 - Train Loss: 0.5460 - Train Metric: 0.7979
Epoch 42/50 - Val Metric: 0.7764
Epoch 43/50 - Train Loss: 0.5502 - Train Metric: 0.7942
Epoch 43/50 - Val Metric: 0.7744
Epoch 44/50 - Train Loss: 0.5487 - Train Metric: 0.7954
Epoch 44/50 - Val Metric: 0.7734
Epoch 45/50 - Train Loss: 0.5523 - Train Metric: 0.7922
Epoch 45/50 - Val Metric: 0.7723
Epoch 46/50 - Train Loss: 0.5488 - Train Metric: 0.7957
Epoch 46/50 - Val Metric: 0.7813
Epoch 47/50 - Train Loss: 0.5499 - Train Metric: 0.7941
Epoch 47/50 - Val Metric: 0.7748
Epoch 48/50 - Train Loss: 0.5480 - Train Metric: 0.7963
Epoch 48/50 - Val Metric: 0.7749
Epoch 49/50 - Train Loss: 0.5498 - Train Metric: 0.7944
Epoch 49/50 - Val Metric: 0.7701
Epoch 50/50 - Train Loss: 0.5526 - Train Metric: 0.7918
Epoch 50/50 - Val Metric: 0.7716
Best val: 0.7818, Best test: 0.7661
Training set has 8000 instances
Validation set has 1000 instances
Test set has 1000 instances
Epoch 1/50 - Train Loss: 0.7074 - Train Metric: 0.5000
Epoch 1/50 - Val Metric: 0.7556
Epoch 2/50 - Train Loss: 0.6942 - Train Metric: 0.5048
Epoch 2/50 - Val Metric: 0.7591
Epoch 3/50 - Train Loss: 0.6921 - Train Metric: 0.5170
Epoch 3/50 - Val Metric: 0.7653
Epoch 4/50 - Train Loss: 0.6546 - Train Metric: 0.6282
Epoch 4/50 - Val Metric: 0.7733
Epoch 5/50 - Train Loss: 0.5869 - Train Metric: 0.7575
Epoch 5/50 - Val Metric: 0.7884
Epoch 6/50 - Train Loss: 0.5693 - Train Metric: 0.7767
Epoch 6/50 - Val Metric: 0.7861
Epoch 7/50 - Train Loss: 0.5703 - Train Metric: 0.7754
Epoch 7/50 - Val Metric: 0.7878
Epoch 8/50 - Train Loss: 0.5642 - Train Metric: 0.7816
Epoch 8/50 - Val Metric: 0.7848
Epoch 9/50 - Train Loss: 0.5613 - Train Metric: 0.7845
Epoch 9/50 - Val Metric: 0.7848
Epoch 10/50 - Train Loss: 0.5581 - Train Metric: 0.7874
Epoch 10/50 - Val Metric: 0.7865
Epoch 11/50 - Train Loss: 0.5583 - Train Metric: 0.7873
Epoch 11/50 - Val Metric: 0.7857
Epoch 12/50 - Train Loss: 0.5606 - Train Metric: 0.7851
Epoch 12/50 - Val Metric: 0.7868
Epoch 13/50 - Train Loss: 0.5588 - Train Metric: 0.7865
Epoch 13/50 - Val Metric: 0.7864
Epoch 14/50 - Train Loss: 0.5589 - Train Metric: 0.7867
Epoch 14/50 - Val Metric: 0.7810
Epoch 15/50 - Train Loss: 0.5580 - Train Metric: 0.7873
Epoch 15/50 - Val Metric: 0.7893
Epoch 16/50 - Train Loss: 0.5555 - Train Metric: 0.7896
Epoch 16/50 - Val Metric: 0.7889
Epoch 17/50 - Train Loss: 0.5565 - Train Metric: 0.7886
Epoch 17/50 - Val Metric: 0.7916
Epoch 18/50 - Train Loss: 0.5576 - Train Metric: 0.7877
Epoch 18/50 - Val Metric: 0.7914
Epoch 19/50 - Train Loss: 0.5536 - Train Metric: 0.7915
Epoch 19/50 - Val Metric: 0.7900
Epoch 20/50 - Train Loss: 0.5527 - Train Metric: 0.7922
Epoch 20/50 - Val Metric: 0.7907
Epoch 21/50 - Train Loss: 0.5521 - Train Metric: 0.7929
Epoch 21/50 - Val Metric: 0.7897
Epoch 22/50 - Train Loss: 0.5527 - Train Metric: 0.7923
Epoch 22/50 - Val Metric: 0.7926
Epoch 23/50 - Train Loss: 0.5523 - Train Metric: 0.7926
Epoch 23/50 - Val Metric: 0.7899
Epoch 24/50 - Train Loss: 0.5510 - Train Metric: 0.7936
Epoch 24/50 - Val Metric: 0.7899
Epoch 25/50 - Train Loss: 0.5532 - Train Metric: 0.7920
Epoch 25/50 - Val Metric: 0.7909
Epoch 26/50 - Train Loss: 0.5510 - Train Metric: 0.7934
Epoch 26/50 - Val Metric: 0.7917
Epoch 27/50 - Train Loss: 0.5553 - Train Metric: 0.7898
Epoch 27/50 - Val Metric: 0.7928
Epoch 28/50 - Train Loss: 0.5501 - Train Metric: 0.7948
Epoch 28/50 - Val Metric: 0.7947
Epoch 29/50 - Train Loss: 0.5493 - Train Metric: 0.7950
Epoch 29/50 - Val Metric: 0.7899
Epoch 30/50 - Train Loss: 0.5511 - Train Metric: 0.7935
Epoch 30/50 - Val Metric: 0.7939
Epoch 31/50 - Train Loss: 0.5488 - Train Metric: 0.7950
Epoch 31/50 - Val Metric: 0.7925
Epoch 32/50 - Train Loss: 0.5486 - Train Metric: 0.7956
Epoch 32/50 - Val Metric: 0.7913
Epoch 33/50 - Train Loss: 0.5469 - Train Metric: 0.7972
Epoch 33/50 - Val Metric: 0.7955
Epoch 34/50 - Train Loss: 0.5501 - Train Metric: 0.7942
Epoch 34/50 - Val Metric: 0.7912
Epoch 35/50 - Train Loss: 0.5495 - Train Metric: 0.7949
Epoch 35/50 - Val Metric: 0.7951
Epoch 36/50 - Train Loss: 0.5475 - Train Metric: 0.7965
Epoch 36/50 - Val Metric: 0.7933
Epoch 37/50 - Train Loss: 0.5464 - Train Metric: 0.7980
Epoch 37/50 - Val Metric: 0.7925
Epoch 38/50 - Train Loss: 0.5473 - Train Metric: 0.7967
Epoch 38/50 - Val Metric: 0.7951
Epoch 39/50 - Train Loss: 0.5477 - Train Metric: 0.7965
Epoch 39/50 - Val Metric: 0.7929
Epoch 40/50 - Train Loss: 0.5460 - Train Metric: 0.7978
Epoch 40/50 - Val Metric: 0.7918
Epoch 41/50 - Train Loss: 0.5447 - Train Metric: 0.7990
Epoch 41/50 - Val Metric: 0.7894
Epoch 42/50 - Train Loss: 0.5469 - Train Metric: 0.7966
Epoch 42/50 - Val Metric: 0.7899
Epoch 43/50 - Train Loss: 0.5470 - Train Metric: 0.7974
Epoch 43/50 - Val Metric: 0.7915
Epoch 44/50 - Train Loss: 0.5447 - Train Metric: 0.7990
Epoch 44/50 - Val Metric: 0.7921
Epoch 45/50 - Train Loss: 0.5452 - Train Metric: 0.7984
Epoch 45/50 - Val Metric: 0.7895
Epoch 46/50 - Train Loss: 0.5469 - Train Metric: 0.7968
Epoch 46/50 - Val Metric: 0.7890
Epoch 47/50 - Train Loss: 0.5430 - Train Metric: 0.8002
Epoch 47/50 - Val Metric: 0.7902
Epoch 48/50 - Train Loss: 0.5454 - Train Metric: 0.7981
Epoch 48/50 - Val Metric: 0.7869
Epoch 49/50 - Train Loss: 0.5446 - Train Metric: 0.7988
Epoch 49/50 - Val Metric: 0.7908
Epoch 50/50 - Train Loss: 0.5416 - Train Metric: 0.8013
Epoch 50/50 - Val Metric: 0.7857
Best val: 0.7955, Best test: 0.7839
Training set has 8000 instances
Validation set has 1000 instances
Test set has 1000 instances
Epoch 1/50 - Train Loss: 0.7016 - Train Metric: 0.5143
Epoch 1/50 - Val Metric: 0.7220
Epoch 2/50 - Train Loss: 0.6943 - Train Metric: 0.5042
Epoch 2/50 - Val Metric: 0.7272
Epoch 3/50 - Train Loss: 0.6944 - Train Metric: 0.5112
Epoch 3/50 - Val Metric: 0.7304
Epoch 4/50 - Train Loss: 0.6959 - Train Metric: 0.5029
Epoch 4/50 - Val Metric: 0.7319
Epoch 5/50 - Train Loss: 0.6926 - Train Metric: 0.5163
Epoch 5/50 - Val Metric: 0.7328
Epoch 6/50 - Train Loss: 0.6942 - Train Metric: 0.5246
Epoch 6/50 - Val Metric: 0.7353
Epoch 7/50 - Train Loss: 0.6913 - Train Metric: 0.5500
Epoch 7/50 - Val Metric: 0.7366
Epoch 8/50 - Train Loss: 0.6919 - Train Metric: 0.5267
Epoch 8/50 - Val Metric: 0.7397
Epoch 9/50 - Train Loss: 0.6912 - Train Metric: 0.5416
Epoch 9/50 - Val Metric: 0.7417
Epoch 10/50 - Train Loss: 0.6899 - Train Metric: 0.5539
Epoch 10/50 - Val Metric: 0.7450
Epoch 11/50 - Train Loss: 0.6857 - Train Metric: 0.5774
Epoch 11/50 - Val Metric: 0.7493
Epoch 12/50 - Train Loss: 0.6647 - Train Metric: 0.6392
Epoch 12/50 - Val Metric: 0.7479
Epoch 13/50 - Train Loss: 0.6234 - Train Metric: 0.7101
Epoch 13/50 - Val Metric: 0.7424
Epoch 14/50 - Train Loss: 0.6098 - Train Metric: 0.7284
Epoch 14/50 - Val Metric: 0.7592
Epoch 15/50 - Train Loss: 0.5814 - Train Metric: 0.7631
Epoch 15/50 - Val Metric: 0.7663
Epoch 16/50 - Train Loss: 0.5746 - Train Metric: 0.7704
Epoch 16/50 - Val Metric: 0.7628
Epoch 17/50 - Train Loss: 0.5730 - Train Metric: 0.7723
Epoch 17/50 - Val Metric: 0.7710
Epoch 18/50 - Train Loss: 0.5700 - Train Metric: 0.7755
Epoch 18/50 - Val Metric: 0.7713
Epoch 19/50 - Train Loss: 0.5705 - Train Metric: 0.7748
Epoch 19/50 - Val Metric: 0.7721
Epoch 20/50 - Train Loss: 0.5675 - Train Metric: 0.7779
Epoch 20/50 - Val Metric: 0.7681
Epoch 21/50 - Train Loss: 0.5671 - Train Metric: 0.7782
Epoch 21/50 - Val Metric: 0.7712
Epoch 22/50 - Train Loss: 0.5673 - Train Metric: 0.7781
Epoch 22/50 - Val Metric: 0.7682
Epoch 23/50 - Train Loss: 0.5683 - Train Metric: 0.7775
Epoch 23/50 - Val Metric: 0.7730
Epoch 24/50 - Train Loss: 0.5636 - Train Metric: 0.7820
Epoch 24/50 - Val Metric: 0.7747
Epoch 25/50 - Train Loss: 0.5672 - Train Metric: 0.7778
Epoch 25/50 - Val Metric: 0.7741
Epoch 26/50 - Train Loss: 0.5623 - Train Metric: 0.7829
Epoch 26/50 - Val Metric: 0.7725
Epoch 27/50 - Train Loss: 0.5627 - Train Metric: 0.7828
Epoch 27/50 - Val Metric: 0.7737
Epoch 28/50 - Train Loss: 0.5629 - Train Metric: 0.7820
Epoch 28/50 - Val Metric: 0.7744
Epoch 29/50 - Train Loss: 0.5654 - Train Metric: 0.7797
Epoch 29/50 - Val Metric: 0.7734
Epoch 30/50 - Train Loss: 0.5612 - Train Metric: 0.7839
Epoch 30/50 - Val Metric: 0.7737
Epoch 31/50 - Train Loss: 0.5608 - Train Metric: 0.7843
Epoch 31/50 - Val Metric: 0.7732
Epoch 32/50 - Train Loss: 0.5606 - Train Metric: 0.7846
Epoch 32/50 - Val Metric: 0.7751
Epoch 33/50 - Train Loss: 0.5604 - Train Metric: 0.7845
Epoch 33/50 - Val Metric: 0.7733
Epoch 34/50 - Train Loss: 0.5625 - Train Metric: 0.7829
Epoch 34/50 - Val Metric: 0.7740
Epoch 35/50 - Train Loss: 0.5622 - Train Metric: 0.7826
Epoch 35/50 - Val Metric: 0.7743
Epoch 36/50 - Train Loss: 0.5627 - Train Metric: 0.7822
Epoch 36/50 - Val Metric: 0.7748
Epoch 37/50 - Train Loss: 0.5589 - Train Metric: 0.7861
Epoch 37/50 - Val Metric: 0.7730
Epoch 38/50 - Train Loss: 0.5591 - Train Metric: 0.7861
Epoch 38/50 - Val Metric: 0.7748
Epoch 39/50 - Train Loss: 0.5586 - Train Metric: 0.7865
Epoch 39/50 - Val Metric: 0.7747
Epoch 40/50 - Train Loss: 0.5582 - Train Metric: 0.7867
Epoch 40/50 - Val Metric: 0.7743
Epoch 41/50 - Train Loss: 0.5586 - Train Metric: 0.7865
Epoch 41/50 - Val Metric: 0.7736
Epoch 42/50 - Train Loss: 0.5571 - Train Metric: 0.7878
Epoch 42/50 - Val Metric: 0.7735
Epoch 43/50 - Train Loss: 0.5575 - Train Metric: 0.7872
Epoch 43/50 - Val Metric: 0.7737
Epoch 44/50 - Train Loss: 0.5588 - Train Metric: 0.7862
Epoch 44/50 - Val Metric: 0.7742
Epoch 45/50 - Train Loss: 0.5570 - Train Metric: 0.7878
Epoch 45/50 - Val Metric: 0.7741
Epoch 46/50 - Train Loss: 0.5566 - Train Metric: 0.7882
Epoch 46/50 - Val Metric: 0.7746
Epoch 47/50 - Train Loss: 0.5571 - Train Metric: 0.7877
Epoch 47/50 - Val Metric: 0.7737
Epoch 48/50 - Train Loss: 0.5577 - Train Metric: 0.7868
Epoch 48/50 - Val Metric: 0.7749
Epoch 49/50 - Train Loss: 0.5578 - Train Metric: 0.7871
Epoch 49/50 - Val Metric: 0.7743
Epoch 50/50 - Train Loss: 0.5561 - Train Metric: 0.7888
Epoch 50/50 - Val Metric: 0.7749
Best val: 0.7751, Best test: 0.7941
Training set has 8000 instances
Validation set has 1000 instances
Test set has 1000 instances
Epoch 1/50 - Train Loss: 0.7699 - Train Metric: 0.4983
Epoch 1/50 - Val Metric: 0.7350
Epoch 2/50 - Train Loss: 0.6959 - Train Metric: 0.5043
Epoch 2/50 - Val Metric: 0.7455
Epoch 3/50 - Train Loss: 0.6947 - Train Metric: 0.5062
Epoch 3/50 - Val Metric: 0.7159
Training set has 8000 instances
Validation set has 1000 instances
Test set has 1000 instances
Training set has 8000 instances
Validation set has 1000 instances
Test set has 1000 instances
Epoch 1/50 - Train Loss: 0.7038 - Train Metric: 0.5084
Epoch 1/50 - Val Metric: 0.7238
Training set has 8000 instances
Validation set has 1000 instances
Test set has 1000 instances
Epoch 1/50 - Train Loss: 0.7006 - Train Metric: 0.4984
Epoch 1/50 - Val Metric: 0.7546
Epoch 2/50 - Train Loss: 0.6940 - Train Metric: 0.5144
Epoch 2/50 - Val Metric: 0.7628
Epoch 3/50 - Train Loss: 0.6948 - Train Metric: 0.5063
Epoch 3/50 - Val Metric: 0.7629
Epoch 4/50 - Train Loss: 0.6931 - Train Metric: 0.5166
Epoch 4/50 - Val Metric: 0.7604
Epoch 5/50 - Train Loss: 0.6934 - Train Metric: 0.5145
Epoch 5/50 - Val Metric: 0.7587
Training set has 8000 instances
Validation set has 1000 instances
Test set has 1000 instances
Epoch 1/50 - Train Loss: 0.8541 - Train Metric: 0.5005
Epoch 1/50 - Val Metric: 0.7459
Epoch 2/50 - Train Loss: 0.6964 - Train Metric: 0.4954
Epoch 2/50 - Val Metric: 0.7493
Epoch 3/50 - Train Loss: 0.6973 - Train Metric: 0.5137
Epoch 3/50 - Val Metric: 0.7449
Training set has 8000 instances
Validation set has 1000 instances
Test set has 1000 instances
Training set has 8000 instances
Validation set has 1000 instances
Test set has 1000 instances
Epoch 1/50 - Train Loss: 0.6966 - Train Metric: 0.5123
Epoch 1/50 - Val Metric: 0.7530
Epoch 2/50 - Train Loss: 0.6933 - Train Metric: 0.5306
Epoch 2/50 - Val Metric: 0.7621
Epoch 3/50 - Train Loss: 0.6385 - Train Metric: 0.6732
Epoch 3/50 - Val Metric: 0.7704
Epoch 4/50 - Train Loss: 0.5924 - Train Metric: 0.7516
Epoch 4/50 - Val Metric: 0.7856
Epoch 5/50 - Train Loss: 0.5716 - Train Metric: 0.7739
Epoch 5/50 - Val Metric: 0.7873
Epoch 6/50 - Train Loss: 0.5691 - Train Metric: 0.7767
Epoch 6/50 - Val Metric: 0.7853
Epoch 7/50 - Train Loss: 0.5657 - Train Metric: 0.7805
Epoch 7/50 - Val Metric: 0.7855
Epoch 8/50 - Train Loss: 0.5635 - Train Metric: 0.7820
Epoch 8/50 - Val Metric: 0.7882
Epoch 9/50 - Train Loss: 0.5660 - Train Metric: 0.7796
Epoch 9/50 - Val Metric: 0.7854
Epoch 10/50 - Train Loss: 0.5613 - Train Metric: 0.7840
Epoch 10/50 - Val Metric: 0.7904
Epoch 11/50 - Train Loss: 0.5600 - Train Metric: 0.7856
Epoch 11/50 - Val Metric: 0.7850
Epoch 12/50 - Train Loss: 0.5600 - Train Metric: 0.7850
Epoch 12/50 - Val Metric: 0.7863
Epoch 13/50 - Train Loss: 0.5566 - Train Metric: 0.7885
Epoch 13/50 - Val Metric: 0.7871
Epoch 14/50 - Train Loss: 0.5594 - Train Metric: 0.7859
Epoch 14/50 - Val Metric: 0.7913
Epoch 15/50 - Train Loss: 0.5566 - Train Metric: 0.7887
Epoch 15/50 - Val Metric: 0.7899
Epoch 16/50 - Train Loss: 0.5622 - Train Metric: 0.7833
Epoch 16/50 - Val Metric: 0.7933
Epoch 17/50 - Train Loss: 0.5568 - Train Metric: 0.7885
Epoch 17/50 - Val Metric: 0.7904
Epoch 18/50 - Train Loss: 0.5539 - Train Metric: 0.7911
Epoch 18/50 - Val Metric: 0.7915
Epoch 19/50 - Train Loss: 0.5600 - Train Metric: 0.7853
Epoch 19/50 - Val Metric: 0.7939
Epoch 20/50 - Train Loss: 0.5540 - Train Metric: 0.7907
Epoch 20/50 - Val Metric: 0.7959
Epoch 21/50 - Train Loss: 0.5563 - Train Metric: 0.7886
Epoch 21/50 - Val Metric: 0.7955
Epoch 22/50 - Train Loss: 0.5531 - Train Metric: 0.7918
Epoch 22/50 - Val Metric: 0.7985
Epoch 23/50 - Train Loss: 0.5548 - Train Metric: 0.7901
Epoch 23/50 - Val Metric: 0.7953
Epoch 24/50 - Train Loss: 0.5553 - Train Metric: 0.7901
Epoch 24/50 - Val Metric: 0.7968
Epoch 25/50 - Train Loss: 0.5531 - Train Metric: 0.7921
Epoch 25/50 - Val Metric: 0.7968
Epoch 26/50 - Train Loss: 0.5566 - Train Metric: 0.7884
Epoch 26/50 - Val Metric: 0.7994
Epoch 27/50 - Train Loss: 0.5586 - Train Metric: 0.7862
Epoch 27/50 - Val Metric: 0.7974
Epoch 28/50 - Train Loss: 0.5525 - Train Metric: 0.7922
Epoch 28/50 - Val Metric: 0.7985
Epoch 29/50 - Train Loss: 0.5512 - Train Metric: 0.7933
Epoch 29/50 - Val Metric: 0.7974
Epoch 30/50 - Train Loss: 0.5507 - Train Metric: 0.7937
Epoch 30/50 - Val Metric: 0.7972
Epoch 31/50 - Train Loss: 0.5497 - Train Metric: 0.7947
Epoch 31/50 - Val Metric: 0.7985
Epoch 32/50 - Train Loss: 0.5499 - Train Metric: 0.7943
Epoch 32/50 - Val Metric: 0.8000
Epoch 33/50 - Train Loss: 0.5491 - Train Metric: 0.7948
Epoch 33/50 - Val Metric: 0.8006
Epoch 34/50 - Train Loss: 0.5496 - Train Metric: 0.7950
Epoch 34/50 - Val Metric: 0.8006
Epoch 35/50 - Train Loss: 0.5474 - Train Metric: 0.7965
Epoch 35/50 - Val Metric: 0.8008
Epoch 36/50 - Train Loss: 0.5458 - Train Metric: 0.7981
Epoch 36/50 - Val Metric: 0.8006
Epoch 37/50 - Train Loss: 0.5491 - Train Metric: 0.7947
Epoch 37/50 - Val Metric: 0.7966
Epoch 38/50 - Train Loss: 0.5518 - Train Metric: 0.7929
Epoch 38/50 - Val Metric: 0.7976
Epoch 39/50 - Train Loss: 0.5487 - Train Metric: 0.7954
Epoch 39/50 - Val Metric: 0.8001
Epoch 40/50 - Train Loss: 0.5458 - Train Metric: 0.7981
Epoch 40/50 - Val Metric: 0.7995
Epoch 41/50 - Train Loss: 0.5479 - Train Metric: 0.7966
Epoch 41/50 - Val Metric: 0.7978
Epoch 42/50 - Train Loss: 0.5468 - Train Metric: 0.7971
Epoch 42/50 - Val Metric: 0.7967
Epoch 43/50 - Train Loss: 0.5525 - Train Metric: 0.7920
Epoch 43/50 - Val Metric: 0.7988
Epoch 44/50 - Train Loss: 0.5474 - Train Metric: 0.7966
Epoch 44/50 - Val Metric: 0.8013
Epoch 45/50 - Train Loss: 0.5462 - Train Metric: 0.7981
Epoch 45/50 - Val Metric: 0.8013
Epoch 46/50 - Train Loss: 0.5455 - Train Metric: 0.7986
Epoch 46/50 - Val Metric: 0.8003
Epoch 47/50 - Train Loss: 0.5465 - Train Metric: 0.7973
Epoch 47/50 - Val Metric: 0.7976
Epoch 48/50 - Train Loss: 0.5445 - Train Metric: 0.7994
Epoch 48/50 - Val Metric: 0.7988
Epoch 49/50 - Train Loss: 0.5445 - Train Metric: 0.7991
Epoch 49/50 - Val Metric: 0.7999
Epoch 50/50 - Train Loss: 0.5446 - Train Metric: 0.7992
Epoch 50/50 - Val Metric: 0.8018
Best val: 0.8018, Best test: 0.7881
Training set has 8000 instances
Validation set has 1000 instances
Test set has 1000 instances
Epoch 1/50 - Train Loss: 0.7087 - Train Metric: 0.5079
Epoch 1/50 - Val Metric: 0.7524
Epoch 2/50 - Train Loss: 0.6945 - Train Metric: 0.5161
Epoch 2/50 - Val Metric: 0.7497
Epoch 3/50 - Train Loss: 0.6920 - Train Metric: 0.5180
Epoch 3/50 - Val Metric: 0.7563
Epoch 4/50 - Train Loss: 0.6534 - Train Metric: 0.6448
Epoch 4/50 - Val Metric: 0.7640
Training set has 8000 instances
Validation set has 1000 instances
Test set has 1000 instances
Training set has 8000 instances
Validation set has 1000 instances
Test set has 1000 instances
Training set has 8000 instances
Validation set has 1000 instances
Test set has 1000 instances
Epoch 1/50 - Train Loss: 0.7124 - Train Metric: 0.4923
Epoch 1/50 - Val Metric: 0.7425
Epoch 2/50 - Train Loss: 0.6948 - Train Metric: 0.5131
Epoch 2/50 - Val Metric: 0.7615
Epoch 3/50 - Train Loss: 0.6958 - Train Metric: 0.5115
Epoch 3/50 - Val Metric: 0.7620
Training set has 8000 instances
Validation set has 1000 instances
Test set has 1000 instances
Training set has 8000 instances
Validation set has 1000 instances
Test set has 1000 instances
Training set has 8000 instances
Validation set has 1000 instances
Test set has 1000 instances
Epoch 1/50 - Train Loss: 0.7023 - Train Metric: 0.5022
Epoch 1/50 - Val Metric: 0.7369
Training set has 8000 instances
Validation set has 1000 instances
Test set has 1000 instances
Hyper-parameter search done. Found the best config.
Repeat experiments 5 times with the best train config {'batch_size': 128, 'gamma_rate': 1.0, 'base_lr': 0.001} and model config {'num_heads': 8, 'num_layers': 4, 'hidden_dim': 64, 'mlp_ratio': 0.25, 'dropout_prob': 0.2, 'top_k': 3}.
Training set has 8000 instances
Validation set has 1000 instances
Test set has 1000 instances
Epoch 1/50 - Train Loss: 0.6980 - Train Metric: 0.5011
Epoch 1/50 - Val Metric: 0.6925
Epoch 2/50 - Train Loss: 0.6928 - Train Metric: 0.5283
Epoch 2/50 - Val Metric: 0.7340
Epoch 3/50 - Train Loss: 0.6593 - Train Metric: 0.6374
Epoch 3/50 - Val Metric: 0.7504
Epoch 4/50 - Train Loss: 0.5833 - Train Metric: 0.7617
Epoch 4/50 - Val Metric: 0.7676
Epoch 5/50 - Train Loss: 0.5730 - Train Metric: 0.7725
Epoch 5/50 - Val Metric: 0.7722
Epoch 6/50 - Train Loss: 0.5732 - Train Metric: 0.7722
Epoch 6/50 - Val Metric: 0.7728
Epoch 7/50 - Train Loss: 0.5641 - Train Metric: 0.7816
Epoch 7/50 - Val Metric: 0.7738
Epoch 8/50 - Train Loss: 0.5661 - Train Metric: 0.7794
Epoch 8/50 - Val Metric: 0.7762
Epoch 9/50 - Train Loss: 0.5646 - Train Metric: 0.7811
Epoch 9/50 - Val Metric: 0.7769
Epoch 10/50 - Train Loss: 0.5680 - Train Metric: 0.7776
Epoch 10/50 - Val Metric: 0.7780
Epoch 11/50 - Train Loss: 0.5631 - Train Metric: 0.7826
Epoch 11/50 - Val Metric: 0.7742
Epoch 12/50 - Train Loss: 0.5616 - Train Metric: 0.7838
Epoch 12/50 - Val Metric: 0.7793
Epoch 13/50 - Train Loss: 0.5636 - Train Metric: 0.7820
Epoch 13/50 - Val Metric: 0.7785
Epoch 14/50 - Train Loss: 0.5593 - Train Metric: 0.7860
Epoch 14/50 - Val Metric: 0.7796
Epoch 15/50 - Train Loss: 0.5606 - Train Metric: 0.7848
Epoch 15/50 - Val Metric: 0.7801
Epoch 16/50 - Train Loss: 0.5597 - Train Metric: 0.7858
Epoch 16/50 - Val Metric: 0.7825
Epoch 17/50 - Train Loss: 0.5586 - Train Metric: 0.7869
Epoch 17/50 - Val Metric: 0.7832
Epoch 18/50 - Train Loss: 0.5635 - Train Metric: 0.7820
Epoch 18/50 - Val Metric: 0.7823
Epoch 19/50 - Train Loss: 0.5580 - Train Metric: 0.7875
Epoch 19/50 - Val Metric: 0.7829
Epoch 20/50 - Train Loss: 0.5580 - Train Metric: 0.7871
Epoch 20/50 - Val Metric: 0.7833
Epoch 21/50 - Train Loss: 0.5569 - Train Metric: 0.7886
Epoch 21/50 - Val Metric: 0.7850
Epoch 22/50 - Train Loss: 0.5548 - Train Metric: 0.7904
Epoch 22/50 - Val Metric: 0.7855
Epoch 23/50 - Train Loss: 0.5559 - Train Metric: 0.7894
Epoch 23/50 - Val Metric: 0.7864
Epoch 24/50 - Train Loss: 0.5541 - Train Metric: 0.7910
Epoch 24/50 - Val Metric: 0.7838
Epoch 25/50 - Train Loss: 0.5556 - Train Metric: 0.7899
Epoch 25/50 - Val Metric: 0.7880
Epoch 26/50 - Train Loss: 0.5546 - Train Metric: 0.7906
Epoch 26/50 - Val Metric: 0.7896
Epoch 27/50 - Train Loss: 0.5563 - Train Metric: 0.7887
Epoch 27/50 - Val Metric: 0.7899
Epoch 28/50 - Train Loss: 0.5549 - Train Metric: 0.7903
Epoch 28/50 - Val Metric: 0.7864
Epoch 29/50 - Train Loss: 0.5539 - Train Metric: 0.7913
Epoch 29/50 - Val Metric: 0.7877
Epoch 30/50 - Train Loss: 0.5570 - Train Metric: 0.7881
Epoch 30/50 - Val Metric: 0.7877
Epoch 31/50 - Train Loss: 0.5533 - Train Metric: 0.7919
Epoch 31/50 - Val Metric: 0.7855
Epoch 32/50 - Train Loss: 0.5511 - Train Metric: 0.7935
Epoch 32/50 - Val Metric: 0.7886
Epoch 33/50 - Train Loss: 0.5548 - Train Metric: 0.7903
Epoch 33/50 - Val Metric: 0.7898
Epoch 34/50 - Train Loss: 0.5551 - Train Metric: 0.7893
Epoch 34/50 - Val Metric: 0.7880
Epoch 35/50 - Train Loss: 0.5506 - Train Metric: 0.7943
Epoch 35/50 - Val Metric: 0.7857
Epoch 36/50 - Train Loss: 0.5500 - Train Metric: 0.7947
Epoch 36/50 - Val Metric: 0.7916
Epoch 37/50 - Train Loss: 0.5501 - Train Metric: 0.7946
Epoch 37/50 - Val Metric: 0.7904
Epoch 38/50 - Train Loss: 0.5515 - Train Metric: 0.7931
Epoch 38/50 - Val Metric: 0.7899
Epoch 39/50 - Train Loss: 0.5500 - Train Metric: 0.7944
Epoch 39/50 - Val Metric: 0.7892
Epoch 40/50 - Train Loss: 0.5496 - Train Metric: 0.7945
Epoch 40/50 - Val Metric: 0.7867
Epoch 41/50 - Train Loss: 0.5479 - Train Metric: 0.7963
Epoch 41/50 - Val Metric: 0.7937
Epoch 42/50 - Train Loss: 0.5487 - Train Metric: 0.7956
Epoch 42/50 - Val Metric: 0.7908
Epoch 43/50 - Train Loss: 0.5486 - Train Metric: 0.7957
Epoch 43/50 - Val Metric: 0.7895
Epoch 44/50 - Train Loss: 0.5483 - Train Metric: 0.7960
Epoch 44/50 - Val Metric: 0.7918
Epoch 45/50 - Train Loss: 0.5450 - Train Metric: 0.7990
Epoch 45/50 - Val Metric: 0.7896
Epoch 46/50 - Train Loss: 0.5453 - Train Metric: 0.7985
Epoch 46/50 - Val Metric: 0.7902
Epoch 47/50 - Train Loss: 0.5475 - Train Metric: 0.7975
Epoch 47/50 - Val Metric: 0.7908
Epoch 48/50 - Train Loss: 0.5451 - Train Metric: 0.7988
Epoch 48/50 - Val Metric: 0.7892
Epoch 49/50 - Train Loss: 0.5493 - Train Metric: 0.7951
Epoch 49/50 - Val Metric: 0.7916
Epoch 50/50 - Train Loss: 0.5430 - Train Metric: 0.8002
Epoch 50/50 - Val Metric: 0.7883
Best val: 0.7937, Best test: 0.8137
Training set has 8000 instances
Validation set has 1000 instances
Test set has 1000 instances
Epoch 1/50 - Train Loss: 0.6987 - Train Metric: 0.5109
Epoch 1/50 - Val Metric: 0.7452
Epoch 2/50 - Train Loss: 0.6891 - Train Metric: 0.5552
Epoch 2/50 - Val Metric: 0.7501
Epoch 3/50 - Train Loss: 0.6179 - Train Metric: 0.7201
Epoch 3/50 - Val Metric: 0.7626
Epoch 4/50 - Train Loss: 0.5915 - Train Metric: 0.7523
Epoch 4/50 - Val Metric: 0.7696
Epoch 5/50 - Train Loss: 0.5740 - Train Metric: 0.7717
Epoch 5/50 - Val Metric: 0.7727
Epoch 6/50 - Train Loss: 0.5682 - Train Metric: 0.7770
Epoch 6/50 - Val Metric: 0.7713
Epoch 7/50 - Train Loss: 0.5644 - Train Metric: 0.7810
Epoch 7/50 - Val Metric: 0.7731
Epoch 8/50 - Train Loss: 0.5639 - Train Metric: 0.7810
Epoch 8/50 - Val Metric: 0.7766
Epoch 9/50 - Train Loss: 0.5636 - Train Metric: 0.7815
Epoch 9/50 - Val Metric: 0.7782
Epoch 10/50 - Train Loss: 0.5595 - Train Metric: 0.7854
Epoch 10/50 - Val Metric: 0.7797
Epoch 11/50 - Train Loss: 0.5582 - Train Metric: 0.7864
Epoch 11/50 - Val Metric: 0.7795
Epoch 12/50 - Train Loss: 0.5558 - Train Metric: 0.7885
Epoch 12/50 - Val Metric: 0.7771
Epoch 13/50 - Train Loss: 0.5584 - Train Metric: 0.7865
Epoch 13/50 - Val Metric: 0.7770
Epoch 14/50 - Train Loss: 0.5573 - Train Metric: 0.7873
Epoch 14/50 - Val Metric: 0.7802
Epoch 15/50 - Train Loss: 0.5547 - Train Metric: 0.7901
Epoch 15/50 - Val Metric: 0.7808
Epoch 16/50 - Train Loss: 0.5532 - Train Metric: 0.7915
Epoch 16/50 - Val Metric: 0.7767
Epoch 17/50 - Train Loss: 0.5549 - Train Metric: 0.7895
Epoch 17/50 - Val Metric: 0.7790
Epoch 18/50 - Train Loss: 0.5525 - Train Metric: 0.7917
Epoch 18/50 - Val Metric: 0.7790
Epoch 19/50 - Train Loss: 0.5508 - Train Metric: 0.7935
Epoch 19/50 - Val Metric: 0.7752
Epoch 20/50 - Train Loss: 0.5516 - Train Metric: 0.7926
Epoch 20/50 - Val Metric: 0.7796
Epoch 21/50 - Train Loss: 0.5502 - Train Metric: 0.7942
Epoch 21/50 - Val Metric: 0.7780
Epoch 22/50 - Train Loss: 0.5515 - Train Metric: 0.7929
Epoch 22/50 - Val Metric: 0.7755
Epoch 23/50 - Train Loss: 0.5556 - Train Metric: 0.7893
Epoch 23/50 - Val Metric: 0.7759
Epoch 24/50 - Train Loss: 0.5516 - Train Metric: 0.7923
Epoch 24/50 - Val Metric: 0.7784
Epoch 25/50 - Train Loss: 0.5501 - Train Metric: 0.7940
Epoch 25/50 - Val Metric: 0.7765
Epoch 26/50 - Train Loss: 0.5541 - Train Metric: 0.7910
Epoch 26/50 - Val Metric: 0.7777
Epoch 27/50 - Train Loss: 0.5498 - Train Metric: 0.7937
Epoch 27/50 - Val Metric: 0.7786
Epoch 28/50 - Train Loss: 0.5496 - Train Metric: 0.7945
Epoch 28/50 - Val Metric: 0.7739
Epoch 29/50 - Train Loss: 0.5516 - Train Metric: 0.7929
Epoch 29/50 - Val Metric: 0.7724
Epoch 30/50 - Train Loss: 0.5511 - Train Metric: 0.7935
Epoch 30/50 - Val Metric: 0.7736
Epoch 31/50 - Train Loss: 0.5487 - Train Metric: 0.7948
Epoch 31/50 - Val Metric: 0.7742
Epoch 32/50 - Train Loss: 0.5470 - Train Metric: 0.7964
Epoch 32/50 - Val Metric: 0.7708
Epoch 33/50 - Train Loss: 0.5469 - Train Metric: 0.7966
Epoch 33/50 - Val Metric: 0.7715
Epoch 34/50 - Train Loss: 0.5478 - Train Metric: 0.7959
Epoch 34/50 - Val Metric: 0.7741
Epoch 35/50 - Train Loss: 0.5475 - Train Metric: 0.7959
Epoch 35/50 - Val Metric: 0.7713
Epoch 36/50 - Train Loss: 0.5466 - Train Metric: 0.7966
Epoch 36/50 - Val Metric: 0.7739
Epoch 37/50 - Train Loss: 0.5454 - Train Metric: 0.7984
Epoch 37/50 - Val Metric: 0.7736
Epoch 38/50 - Train Loss: 0.5443 - Train Metric: 0.7990
Epoch 38/50 - Val Metric: 0.7719
Epoch 39/50 - Train Loss: 0.5453 - Train Metric: 0.7979
Epoch 39/50 - Val Metric: 0.7725
Epoch 40/50 - Train Loss: 0.5445 - Train Metric: 0.7990
Epoch 40/50 - Val Metric: 0.7736
Epoch 41/50 - Train Loss: 0.5443 - Train Metric: 0.7988
Epoch 41/50 - Val Metric: 0.7746
Epoch 42/50 - Train Loss: 0.5453 - Train Metric: 0.7976
Epoch 42/50 - Val Metric: 0.7719
Epoch 43/50 - Train Loss: 0.5461 - Train Metric: 0.7967
Epoch 43/50 - Val Metric: 0.7745
Epoch 44/50 - Train Loss: 0.5453 - Train Metric: 0.7975
Epoch 44/50 - Val Metric: 0.7724
Epoch 45/50 - Train Loss: 0.5444 - Train Metric: 0.7987
Epoch 45/50 - Val Metric: 0.7718
Epoch 46/50 - Train Loss: 0.5516 - Train Metric: 0.7925
Epoch 46/50 - Val Metric: 0.7721
Epoch 47/50 - Train Loss: 0.5442 - Train Metric: 0.7991
Epoch 47/50 - Val Metric: 0.7763
Epoch 48/50 - Train Loss: 0.5457 - Train Metric: 0.7983
Epoch 48/50 - Val Metric: 0.7747
Epoch 49/50 - Train Loss: 0.5450 - Train Metric: 0.7983
Epoch 49/50 - Val Metric: 0.7728
Epoch 50/50 - Train Loss: 0.5454 - Train Metric: 0.7980
Epoch 50/50 - Val Metric: 0.7723
Best val: 0.7808, Best test: 0.8008
Training set has 8000 instances
Validation set has 1000 instances
Test set has 1000 instances
Epoch 1/50 - Train Loss: 0.6997 - Train Metric: 0.5013
Epoch 1/50 - Val Metric: 0.7349
Epoch 2/50 - Train Loss: 0.6914 - Train Metric: 0.5273
Epoch 2/50 - Val Metric: 0.7373
Epoch 3/50 - Train Loss: 0.6456 - Train Metric: 0.6721
Epoch 3/50 - Val Metric: 0.7392
Epoch 4/50 - Train Loss: 0.5813 - Train Metric: 0.7637
Epoch 4/50 - Val Metric: 0.7621
Epoch 5/50 - Train Loss: 0.5671 - Train Metric: 0.7784
Epoch 5/50 - Val Metric: 0.7675
Epoch 6/50 - Train Loss: 0.5636 - Train Metric: 0.7815
Epoch 6/50 - Val Metric: 0.7690
Epoch 7/50 - Train Loss: 0.5622 - Train Metric: 0.7833
Epoch 7/50 - Val Metric: 0.7705
Epoch 8/50 - Train Loss: 0.5572 - Train Metric: 0.7881
Epoch 8/50 - Val Metric: 0.7721
Epoch 9/50 - Train Loss: 0.5582 - Train Metric: 0.7869
Epoch 9/50 - Val Metric: 0.7727
Epoch 10/50 - Train Loss: 0.5589 - Train Metric: 0.7861
Epoch 10/50 - Val Metric: 0.7744
Epoch 11/50 - Train Loss: 0.5588 - Train Metric: 0.7866
Epoch 11/50 - Val Metric: 0.7764
Epoch 12/50 - Train Loss: 0.5542 - Train Metric: 0.7908
Epoch 12/50 - Val Metric: 0.7787
Epoch 13/50 - Train Loss: 0.5531 - Train Metric: 0.7919
Epoch 13/50 - Val Metric: 0.7781
Epoch 14/50 - Train Loss: 0.5533 - Train Metric: 0.7915
Epoch 14/50 - Val Metric: 0.7805
Epoch 15/50 - Train Loss: 0.5522 - Train Metric: 0.7922
Epoch 15/50 - Val Metric: 0.7790
Epoch 16/50 - Train Loss: 0.5514 - Train Metric: 0.7931
Epoch 16/50 - Val Metric: 0.7793
Epoch 17/50 - Train Loss: 0.5522 - Train Metric: 0.7927
Epoch 17/50 - Val Metric: 0.7810
Epoch 18/50 - Train Loss: 0.5511 - Train Metric: 0.7936
Epoch 18/50 - Val Metric: 0.7820
Epoch 19/50 - Train Loss: 0.5512 - Train Metric: 0.7937
Epoch 19/50 - Val Metric: 0.7823
Epoch 20/50 - Train Loss: 0.5497 - Train Metric: 0.7950
Epoch 20/50 - Val Metric: 0.7817
Epoch 21/50 - Train Loss: 0.5486 - Train Metric: 0.7961
Epoch 21/50 - Val Metric: 0.7820
Epoch 22/50 - Train Loss: 0.5475 - Train Metric: 0.7970
Epoch 22/50 - Val Metric: 0.7792
Epoch 23/50 - Train Loss: 0.5499 - Train Metric: 0.7947
Epoch 23/50 - Val Metric: 0.7785
Epoch 24/50 - Train Loss: 0.5470 - Train Metric: 0.7974
Epoch 24/50 - Val Metric: 0.7786
Epoch 25/50 - Train Loss: 0.5491 - Train Metric: 0.7955
Epoch 25/50 - Val Metric: 0.7771
Epoch 26/50 - Train Loss: 0.5489 - Train Metric: 0.7954
Epoch 26/50 - Val Metric: 0.7796
Epoch 27/50 - Train Loss: 0.5465 - Train Metric: 0.7975
Epoch 27/50 - Val Metric: 0.7813
Epoch 28/50 - Train Loss: 0.5477 - Train Metric: 0.7966
Epoch 28/50 - Val Metric: 0.7812
Epoch 29/50 - Train Loss: 0.5455 - Train Metric: 0.7989
Epoch 29/50 - Val Metric: 0.7820
Epoch 30/50 - Train Loss: 0.5476 - Train Metric: 0.7969
Epoch 30/50 - Val Metric: 0.7765
Epoch 31/50 - Train Loss: 0.5474 - Train Metric: 0.7967
Epoch 31/50 - Val Metric: 0.7802
Epoch 32/50 - Train Loss: 0.5445 - Train Metric: 0.7992
Epoch 32/50 - Val Metric: 0.7768
Epoch 33/50 - Train Loss: 0.5439 - Train Metric: 0.7999
Epoch 33/50 - Val Metric: 0.7779
Epoch 34/50 - Train Loss: 0.5442 - Train Metric: 0.7996
Epoch 34/50 - Val Metric: 0.7795
Epoch 35/50 - Train Loss: 0.5441 - Train Metric: 0.7995
Epoch 35/50 - Val Metric: 0.7779
Epoch 36/50 - Train Loss: 0.5448 - Train Metric: 0.7990
Epoch 36/50 - Val Metric: 0.7786
Epoch 37/50 - Train Loss: 0.5421 - Train Metric: 0.8019
Epoch 37/50 - Val Metric: 0.7778
Epoch 38/50 - Train Loss: 0.5428 - Train Metric: 0.8011
Epoch 38/50 - Val Metric: 0.7755
Epoch 39/50 - Train Loss: 0.5424 - Train Metric: 0.8008
Epoch 39/50 - Val Metric: 0.7806
Epoch 40/50 - Train Loss: 0.5420 - Train Metric: 0.8014
Epoch 40/50 - Val Metric: 0.7766
Epoch 41/50 - Train Loss: 0.5409 - Train Metric: 0.8026
Epoch 41/50 - Val Metric: 0.7754
Epoch 42/50 - Train Loss: 0.5404 - Train Metric: 0.8026
Epoch 42/50 - Val Metric: 0.7782
Epoch 43/50 - Train Loss: 0.5409 - Train Metric: 0.8022
Epoch 43/50 - Val Metric: 0.7790
Epoch 44/50 - Train Loss: 0.5381 - Train Metric: 0.8046
Epoch 44/50 - Val Metric: 0.7766
Epoch 45/50 - Train Loss: 0.5406 - Train Metric: 0.8024
Epoch 45/50 - Val Metric: 0.7776
Epoch 46/50 - Train Loss: 0.5398 - Train Metric: 0.8033
Epoch 46/50 - Val Metric: 0.7778
Epoch 47/50 - Train Loss: 0.5411 - Train Metric: 0.8026
Epoch 47/50 - Val Metric: 0.7773
Epoch 48/50 - Train Loss: 0.5398 - Train Metric: 0.8034
Epoch 48/50 - Val Metric: 0.7775
Epoch 49/50 - Train Loss: 0.5376 - Train Metric: 0.8055
Epoch 49/50 - Val Metric: 0.7748
Epoch 50/50 - Train Loss: 0.5385 - Train Metric: 0.8042
Epoch 50/50 - Val Metric: 0.7758
Best val: 0.7823, Best test: 0.7730
Training set has 8000 instances
Validation set has 1000 instances
Test set has 1000 instances
Epoch 1/50 - Train Loss: 0.7000 - Train Metric: 0.4981
Epoch 1/50 - Val Metric: 0.7171
Epoch 2/50 - Train Loss: 0.6928 - Train Metric: 0.5365
Epoch 2/50 - Val Metric: 0.7584
Epoch 3/50 - Train Loss: 0.6425 - Train Metric: 0.6794
Epoch 3/50 - Val Metric: 0.7617
Epoch 4/50 - Train Loss: 0.5948 - Train Metric: 0.7487
Epoch 4/50 - Val Metric: 0.7760
Epoch 5/50 - Train Loss: 0.5694 - Train Metric: 0.7762
Epoch 5/50 - Val Metric: 0.7855
Epoch 6/50 - Train Loss: 0.5646 - Train Metric: 0.7810
Epoch 6/50 - Val Metric: 0.7836
Epoch 7/50 - Train Loss: 0.5667 - Train Metric: 0.7789
Epoch 7/50 - Val Metric: 0.7870
Epoch 8/50 - Train Loss: 0.5666 - Train Metric: 0.7790
Epoch 8/50 - Val Metric: 0.7866
Epoch 9/50 - Train Loss: 0.5627 - Train Metric: 0.7831
Epoch 9/50 - Val Metric: 0.7898
Epoch 10/50 - Train Loss: 0.5598 - Train Metric: 0.7856
Epoch 10/50 - Val Metric: 0.7907
Epoch 11/50 - Train Loss: 0.5580 - Train Metric: 0.7871
Epoch 11/50 - Val Metric: 0.7916
Epoch 12/50 - Train Loss: 0.5595 - Train Metric: 0.7860
Epoch 12/50 - Val Metric: 0.7926
Epoch 13/50 - Train Loss: 0.5610 - Train Metric: 0.7847
Epoch 13/50 - Val Metric: 0.7940
Epoch 14/50 - Train Loss: 0.5558 - Train Metric: 0.7892
Epoch 14/50 - Val Metric: 0.7921
Epoch 15/50 - Train Loss: 0.5558 - Train Metric: 0.7895
Epoch 15/50 - Val Metric: 0.7934
Epoch 16/50 - Train Loss: 0.5589 - Train Metric: 0.7865
Epoch 16/50 - Val Metric: 0.7941
Epoch 17/50 - Train Loss: 0.5564 - Train Metric: 0.7885
Epoch 17/50 - Val Metric: 0.7970
Epoch 18/50 - Train Loss: 0.5569 - Train Metric: 0.7882
Epoch 18/50 - Val Metric: 0.7973
Epoch 19/50 - Train Loss: 0.5599 - Train Metric: 0.7854
Epoch 19/50 - Val Metric: 0.7954
Epoch 20/50 - Train Loss: 0.5557 - Train Metric: 0.7895
Epoch 20/50 - Val Metric: 0.7923
Epoch 21/50 - Train Loss: 0.5566 - Train Metric: 0.7888
Epoch 21/50 - Val Metric: 0.7962
Epoch 22/50 - Train Loss: 0.5524 - Train Metric: 0.7923
Epoch 22/50 - Val Metric: 0.7955
Epoch 23/50 - Train Loss: 0.5540 - Train Metric: 0.7912
Epoch 23/50 - Val Metric: 0.7971
Epoch 24/50 - Train Loss: 0.5557 - Train Metric: 0.7893
Epoch 24/50 - Val Metric: 0.7970
Epoch 25/50 - Train Loss: 0.5495 - Train Metric: 0.7950
Epoch 25/50 - Val Metric: 0.8001
Epoch 26/50 - Train Loss: 0.5500 - Train Metric: 0.7947
Epoch 26/50 - Val Metric: 0.7931
Epoch 27/50 - Train Loss: 0.5538 - Train Metric: 0.7911
Epoch 27/50 - Val Metric: 0.7968
Epoch 28/50 - Train Loss: 0.5490 - Train Metric: 0.7958
Epoch 28/50 - Val Metric: 0.7972
Epoch 29/50 - Train Loss: 0.5510 - Train Metric: 0.7937
Epoch 29/50 - Val Metric: 0.7948
Epoch 30/50 - Train Loss: 0.5486 - Train Metric: 0.7960
Epoch 30/50 - Val Metric: 0.7949
Epoch 31/50 - Train Loss: 0.5524 - Train Metric: 0.7924
Epoch 31/50 - Val Metric: 0.7992
Epoch 32/50 - Train Loss: 0.5483 - Train Metric: 0.7958
Epoch 32/50 - Val Metric: 0.7959
Epoch 33/50 - Train Loss: 0.5481 - Train Metric: 0.7964
Epoch 33/50 - Val Metric: 0.7943
Epoch 34/50 - Train Loss: 0.5479 - Train Metric: 0.7967
Epoch 34/50 - Val Metric: 0.7928
Epoch 35/50 - Train Loss: 0.5474 - Train Metric: 0.7972
Epoch 35/50 - Val Metric: 0.7944
Epoch 36/50 - Train Loss: 0.5484 - Train Metric: 0.7963
Epoch 36/50 - Val Metric: 0.7942
Epoch 37/50 - Train Loss: 0.5451 - Train Metric: 0.7989
Epoch 37/50 - Val Metric: 0.7970
Epoch 38/50 - Train Loss: 0.5456 - Train Metric: 0.7982
Epoch 38/50 - Val Metric: 0.7988
Epoch 39/50 - Train Loss: 0.5485 - Train Metric: 0.7959
Epoch 39/50 - Val Metric: 0.7962
Epoch 40/50 - Train Loss: 0.5454 - Train Metric: 0.7987
Epoch 40/50 - Val Metric: 0.7958
Epoch 41/50 - Train Loss: 0.5442 - Train Metric: 0.7996
Epoch 41/50 - Val Metric: 0.7933
Epoch 42/50 - Train Loss: 0.5458 - Train Metric: 0.7984
Epoch 42/50 - Val Metric: 0.7943
Epoch 43/50 - Train Loss: 0.5448 - Train Metric: 0.7992
Epoch 43/50 - Val Metric: 0.7949
Epoch 44/50 - Train Loss: 0.5439 - Train Metric: 0.7996
Epoch 44/50 - Val Metric: 0.7976
Epoch 45/50 - Train Loss: 0.5436 - Train Metric: 0.7999
Epoch 45/50 - Val Metric: 0.7938
Epoch 46/50 - Train Loss: 0.5441 - Train Metric: 0.8000
Epoch 46/50 - Val Metric: 0.7944
Epoch 47/50 - Train Loss: 0.5410 - Train Metric: 0.8023
Epoch 47/50 - Val Metric: 0.7931
Epoch 48/50 - Train Loss: 0.5433 - Train Metric: 0.8008
Epoch 48/50 - Val Metric: 0.7942
Epoch 49/50 - Train Loss: 0.5420 - Train Metric: 0.8012
Epoch 49/50 - Val Metric: 0.7983
Epoch 50/50 - Train Loss: 0.5404 - Train Metric: 0.8032
Epoch 50/50 - Val Metric: 0.7933
Best val: 0.8001, Best test: 0.7876
Training set has 8000 instances
Validation set has 1000 instances
Test set has 1000 instances
Epoch 1/50 - Train Loss: 0.7037 - Train Metric: 0.5043
Epoch 1/50 - Val Metric: 0.7575
Epoch 2/50 - Train Loss: 0.6925 - Train Metric: 0.5243
Epoch 2/50 - Val Metric: 0.6176
Epoch 3/50 - Train Loss: 0.6552 - Train Metric: 0.6668
Epoch 3/50 - Val Metric: 0.7452
Epoch 4/50 - Train Loss: 0.5878 - Train Metric: 0.7560
Epoch 4/50 - Val Metric: 0.7662
Epoch 5/50 - Train Loss: 0.5645 - Train Metric: 0.7812
Epoch 5/50 - Val Metric: 0.7655
Epoch 6/50 - Train Loss: 0.5640 - Train Metric: 0.7813
Epoch 6/50 - Val Metric: 0.7670
Epoch 7/50 - Train Loss: 0.5668 - Train Metric: 0.7786
Epoch 7/50 - Val Metric: 0.7672
Epoch 8/50 - Train Loss: 0.5697 - Train Metric: 0.7764
Epoch 8/50 - Val Metric: 0.7663
Epoch 9/50 - Train Loss: 0.5598 - Train Metric: 0.7855
Epoch 9/50 - Val Metric: 0.7686
Epoch 10/50 - Train Loss: 0.5646 - Train Metric: 0.7808
Epoch 10/50 - Val Metric: 0.7664
Epoch 11/50 - Train Loss: 0.5604 - Train Metric: 0.7853
Epoch 11/50 - Val Metric: 0.7685
Epoch 12/50 - Train Loss: 0.5588 - Train Metric: 0.7870
Epoch 12/50 - Val Metric: 0.7722
Epoch 13/50 - Train Loss: 0.5580 - Train Metric: 0.7876
Epoch 13/50 - Val Metric: 0.7712
Epoch 14/50 - Train Loss: 0.5555 - Train Metric: 0.7898
Epoch 14/50 - Val Metric: 0.7711
Epoch 15/50 - Train Loss: 0.5567 - Train Metric: 0.7885
Epoch 15/50 - Val Metric: 0.7714
Epoch 16/50 - Train Loss: 0.5570 - Train Metric: 0.7879
Epoch 16/50 - Val Metric: 0.7732
Epoch 17/50 - Train Loss: 0.5542 - Train Metric: 0.7906
Epoch 17/50 - Val Metric: 0.7700
Epoch 18/50 - Train Loss: 0.5525 - Train Metric: 0.7923
Epoch 18/50 - Val Metric: 0.7730
Epoch 19/50 - Train Loss: 0.5501 - Train Metric: 0.7942
Epoch 19/50 - Val Metric: 0.7744
Epoch 20/50 - Train Loss: 0.5502 - Train Metric: 0.7944
Epoch 20/50 - Val Metric: 0.7713
Epoch 21/50 - Train Loss: 0.5528 - Train Metric: 0.7916
Epoch 21/50 - Val Metric: 0.7721
Epoch 22/50 - Train Loss: 0.5511 - Train Metric: 0.7930
Epoch 22/50 - Val Metric: 0.7720
Epoch 23/50 - Train Loss: 0.5495 - Train Metric: 0.7948
Epoch 23/50 - Val Metric: 0.7711
Epoch 24/50 - Train Loss: 0.5488 - Train Metric: 0.7955
Epoch 24/50 - Val Metric: 0.7731
Epoch 25/50 - Train Loss: 0.5485 - Train Metric: 0.7955
Epoch 25/50 - Val Metric: 0.7709
Epoch 26/50 - Train Loss: 0.5481 - Train Metric: 0.7962
Epoch 26/50 - Val Metric: 0.7686
Epoch 27/50 - Train Loss: 0.5470 - Train Metric: 0.7971
Epoch 27/50 - Val Metric: 0.7726
Epoch 28/50 - Train Loss: 0.5476 - Train Metric: 0.7966
Epoch 28/50 - Val Metric: 0.7712
Epoch 29/50 - Train Loss: 0.5441 - Train Metric: 0.7996
Epoch 29/50 - Val Metric: 0.7725
Epoch 30/50 - Train Loss: 0.5463 - Train Metric: 0.7978
Epoch 30/50 - Val Metric: 0.7685
Epoch 31/50 - Train Loss: 0.5468 - Train Metric: 0.7977
Epoch 31/50 - Val Metric: 0.7722
Epoch 32/50 - Train Loss: 0.5482 - Train Metric: 0.7962
Epoch 32/50 - Val Metric: 0.7687
Epoch 33/50 - Train Loss: 0.5488 - Train Metric: 0.7952
Epoch 33/50 - Val Metric: 0.7720
Epoch 34/50 - Train Loss: 0.5451 - Train Metric: 0.7988
Epoch 34/50 - Val Metric: 0.7720
Epoch 35/50 - Train Loss: 0.5485 - Train Metric: 0.7955
Epoch 35/50 - Val Metric: 0.7711
Epoch 36/50 - Train Loss: 0.5463 - Train Metric: 0.7975
Epoch 36/50 - Val Metric: 0.7697
Epoch 37/50 - Train Loss: 0.5473 - Train Metric: 0.7970
Epoch 37/50 - Val Metric: 0.7687
Epoch 38/50 - Train Loss: 0.5447 - Train Metric: 0.7989
Epoch 38/50 - Val Metric: 0.7683
Epoch 39/50 - Train Loss: 0.5444 - Train Metric: 0.7993
Epoch 39/50 - Val Metric: 0.7719
Epoch 40/50 - Train Loss: 0.5426 - Train Metric: 0.8011
Epoch 40/50 - Val Metric: 0.7680
Epoch 41/50 - Train Loss: 0.5423 - Train Metric: 0.8012
Epoch 41/50 - Val Metric: 0.7686
Epoch 42/50 - Train Loss: 0.5453 - Train Metric: 0.7986
Epoch 42/50 - Val Metric: 0.7686
Epoch 43/50 - Train Loss: 0.5438 - Train Metric: 0.7997
Epoch 43/50 - Val Metric: 0.7687
Epoch 44/50 - Train Loss: 0.5433 - Train Metric: 0.8004
Epoch 44/50 - Val Metric: 0.7708
Epoch 45/50 - Train Loss: 0.5415 - Train Metric: 0.8021
Epoch 45/50 - Val Metric: 0.7657
Epoch 46/50 - Train Loss: 0.5414 - Train Metric: 0.8021
Epoch 46/50 - Val Metric: 0.7650
Epoch 47/50 - Train Loss: 0.5394 - Train Metric: 0.8039
Epoch 47/50 - Val Metric: 0.7668
Epoch 48/50 - Train Loss: 0.5417 - Train Metric: 0.8019
Epoch 48/50 - Val Metric: 0.7660
Epoch 49/50 - Train Loss: 0.5407 - Train Metric: 0.8023
Epoch 49/50 - Val Metric: 0.7686
Epoch 50/50 - Train Loss: 0.5396 - Train Metric: 0.8037
Epoch 50/50 - Val Metric: 0.7702
Best val: 0.7744, Best test: 0.7944
[0.81367302 0.80079126 0.77299529 0.78759766 0.79441655]
