Hyper-parameter search via Optuna
Namespace(task_type='binary_classification', scale='small', idx=10, epochs=50, num_trials=20, num_repeats=5, seed=0, exp_name='MemPerceiver_ens', result_path='output/binary_classification/small/10/MemPerceiver_ens.pt')
Device: cuda
Start building binary_classification dataset_small_10
Training set has 8000 instances
Validation set has 1000 instances
Test set has 1000 instances
Epoch 1/50 - Train Loss: 0.6971 - Train Metric: 0.5012
Epoch 1/50 - Val Metric: 0.7466
Epoch 2/50 - Train Loss: 0.6948 - Train Metric: 0.4994
Epoch 2/50 - Val Metric: 0.7563
Epoch 3/50 - Train Loss: 0.6932 - Train Metric: 0.5147
Epoch 3/50 - Val Metric: 0.7595
Epoch 4/50 - Train Loss: 0.6596 - Train Metric: 0.6455
Epoch 4/50 - Val Metric: 0.7631
Epoch 5/50 - Train Loss: 0.6105 - Train Metric: 0.7289
Epoch 5/50 - Val Metric: 0.7672
Epoch 6/50 - Train Loss: 0.6034 - Train Metric: 0.7380
Epoch 6/50 - Val Metric: 0.7704
Epoch 7/50 - Train Loss: 0.5940 - Train Metric: 0.7495
Epoch 7/50 - Val Metric: 0.7698
Epoch 8/50 - Train Loss: 0.5914 - Train Metric: 0.7522
Epoch 8/50 - Val Metric: 0.7717
Epoch 9/50 - Train Loss: 0.5893 - Train Metric: 0.7546
Epoch 9/50 - Val Metric: 0.7721
Epoch 10/50 - Train Loss: 0.5863 - Train Metric: 0.7578
Epoch 10/50 - Val Metric: 0.7738
Epoch 11/50 - Train Loss: 0.5862 - Train Metric: 0.7576
Epoch 11/50 - Val Metric: 0.7724
Epoch 12/50 - Train Loss: 0.5846 - Train Metric: 0.7598
Epoch 12/50 - Val Metric: 0.7735
Epoch 13/50 - Train Loss: 0.5829 - Train Metric: 0.7612
Epoch 13/50 - Val Metric: 0.7742
Epoch 14/50 - Train Loss: 0.5837 - Train Metric: 0.7608
Epoch 14/50 - Val Metric: 0.7740
Epoch 15/50 - Train Loss: 0.5796 - Train Metric: 0.7651
Epoch 15/50 - Val Metric: 0.7752
Epoch 16/50 - Train Loss: 0.5799 - Train Metric: 0.7652
Epoch 16/50 - Val Metric: 0.7737
Epoch 17/50 - Train Loss: 0.5760 - Train Metric: 0.7690
Epoch 17/50 - Val Metric: 0.7750
Epoch 18/50 - Train Loss: 0.5760 - Train Metric: 0.7692
Epoch 18/50 - Val Metric: 0.7760
Epoch 19/50 - Train Loss: 0.5766 - Train Metric: 0.7683
Epoch 19/50 - Val Metric: 0.7780
Epoch 20/50 - Train Loss: 0.5754 - Train Metric: 0.7697
Epoch 20/50 - Val Metric: 0.7758
Epoch 21/50 - Train Loss: 0.5767 - Train Metric: 0.7683
Epoch 21/50 - Val Metric: 0.7766
Epoch 22/50 - Train Loss: 0.5778 - Train Metric: 0.7672
Epoch 22/50 - Val Metric: 0.7761
Epoch 23/50 - Train Loss: 0.5767 - Train Metric: 0.7680
Epoch 23/50 - Val Metric: 0.7765
Epoch 24/50 - Train Loss: 0.5744 - Train Metric: 0.7708
Epoch 24/50 - Val Metric: 0.7765
Epoch 25/50 - Train Loss: 0.5755 - Train Metric: 0.7696
Epoch 25/50 - Val Metric: 0.7767
Epoch 26/50 - Train Loss: 0.5765 - Train Metric: 0.7688
Epoch 26/50 - Val Metric: 0.7776
Epoch 27/50 - Train Loss: 0.5728 - Train Metric: 0.7725
Epoch 27/50 - Val Metric: 0.7770
Epoch 28/50 - Train Loss: 0.5760 - Train Metric: 0.7691
Epoch 28/50 - Val Metric: 0.7765
Epoch 29/50 - Train Loss: 0.5739 - Train Metric: 0.7708
Epoch 29/50 - Val Metric: 0.7778
Epoch 30/50 - Train Loss: 0.5727 - Train Metric: 0.7727
Epoch 30/50 - Val Metric: 0.7777
Epoch 31/50 - Train Loss: 0.5728 - Train Metric: 0.7725
Epoch 31/50 - Val Metric: 0.7782
Epoch 32/50 - Train Loss: 0.5728 - Train Metric: 0.7724
Epoch 32/50 - Val Metric: 0.7785
Epoch 33/50 - Train Loss: 0.5720 - Train Metric: 0.7736
Epoch 33/50 - Val Metric: 0.7794
Epoch 34/50 - Train Loss: 0.5753 - Train Metric: 0.7693
Epoch 34/50 - Val Metric: 0.7785
Epoch 35/50 - Train Loss: 0.5713 - Train Metric: 0.7739
Epoch 35/50 - Val Metric: 0.7791
Epoch 36/50 - Train Loss: 0.5742 - Train Metric: 0.7714
Epoch 36/50 - Val Metric: 0.7788
Epoch 37/50 - Train Loss: 0.5715 - Train Metric: 0.7738
Epoch 37/50 - Val Metric: 0.7785
Epoch 38/50 - Train Loss: 0.5732 - Train Metric: 0.7724
Epoch 38/50 - Val Metric: 0.7782
Epoch 39/50 - Train Loss: 0.5717 - Train Metric: 0.7734
Epoch 39/50 - Val Metric: 0.7789
Epoch 40/50 - Train Loss: 0.5716 - Train Metric: 0.7737
Epoch 40/50 - Val Metric: 0.7788
Epoch 41/50 - Train Loss: 0.5715 - Train Metric: 0.7737
Epoch 41/50 - Val Metric: 0.7788
Epoch 42/50 - Train Loss: 0.5732 - Train Metric: 0.7718
Epoch 42/50 - Val Metric: 0.7795
Epoch 43/50 - Train Loss: 0.5731 - Train Metric: 0.7719
Epoch 43/50 - Val Metric: 0.7794
Epoch 44/50 - Train Loss: 0.5724 - Train Metric: 0.7724
Epoch 44/50 - Val Metric: 0.7792
Epoch 45/50 - Train Loss: 0.5739 - Train Metric: 0.7713
Epoch 45/50 - Val Metric: 0.7791
Epoch 46/50 - Train Loss: 0.5721 - Train Metric: 0.7733
Epoch 46/50 - Val Metric: 0.7789
Epoch 47/50 - Train Loss: 0.5740 - Train Metric: 0.7713
Epoch 47/50 - Val Metric: 0.7791
Epoch 48/50 - Train Loss: 0.5700 - Train Metric: 0.7753
Epoch 48/50 - Val Metric: 0.7792
Epoch 49/50 - Train Loss: 0.5700 - Train Metric: 0.7750
Epoch 49/50 - Val Metric: 0.7796
Epoch 50/50 - Train Loss: 0.5713 - Train Metric: 0.7740
Epoch 50/50 - Val Metric: 0.7796
Best val: 0.7796, Best test: 0.7639
Training set has 8000 instances
Validation set has 1000 instances
Test set has 1000 instances
Epoch 1/50 - Train Loss: 0.7079 - Train Metric: 0.5035
Epoch 1/50 - Val Metric: 0.7492
Epoch 2/50 - Train Loss: 0.6977 - Train Metric: 0.4835
Epoch 2/50 - Val Metric: 0.7449
Epoch 3/50 - Train Loss: 0.6952 - Train Metric: 0.5016
Epoch 3/50 - Val Metric: 0.7530
Epoch 4/50 - Train Loss: 0.6961 - Train Metric: 0.4948
Epoch 4/50 - Val Metric: 0.7510
Epoch 5/50 - Train Loss: 0.6957 - Train Metric: 0.4976
Epoch 5/50 - Val Metric: 0.7515
Epoch 6/50 - Train Loss: 0.6942 - Train Metric: 0.4976
Epoch 6/50 - Val Metric: 0.7601
Epoch 7/50 - Train Loss: 0.6963 - Train Metric: 0.4916
Epoch 7/50 - Val Metric: 0.7581
Epoch 8/50 - Train Loss: 0.6952 - Train Metric: 0.4968
Epoch 8/50 - Val Metric: 0.7680
Epoch 9/50 - Train Loss: 0.6954 - Train Metric: 0.5064
Epoch 9/50 - Val Metric: 0.7688
Epoch 10/50 - Train Loss: 0.6937 - Train Metric: 0.4994
Epoch 10/50 - Val Metric: 0.7697
Epoch 11/50 - Train Loss: 0.6948 - Train Metric: 0.4948
Epoch 11/50 - Val Metric: 0.7762
Epoch 12/50 - Train Loss: 0.6947 - Train Metric: 0.4966
Epoch 12/50 - Val Metric: 0.7808
Epoch 13/50 - Train Loss: 0.6919 - Train Metric: 0.5150
Epoch 13/50 - Val Metric: 0.7314
Epoch 14/50 - Train Loss: 0.6930 - Train Metric: 0.5054
Epoch 14/50 - Val Metric: 0.7189
Epoch 15/50 - Train Loss: 0.6917 - Train Metric: 0.5336
Epoch 15/50 - Val Metric: 0.6457
Epoch 16/50 - Train Loss: 0.6603 - Train Metric: 0.6429
Epoch 16/50 - Val Metric: 0.6917
Epoch 17/50 - Train Loss: 0.6505 - Train Metric: 0.6580
Epoch 17/50 - Val Metric: 0.6450
Epoch 18/50 - Train Loss: 0.6519 - Train Metric: 0.6631
Epoch 18/50 - Val Metric: 0.7230
Epoch 19/50 - Train Loss: 0.6290 - Train Metric: 0.7025
Epoch 19/50 - Val Metric: 0.7425
Epoch 20/50 - Train Loss: 0.6204 - Train Metric: 0.7152
Epoch 20/50 - Val Metric: 0.7494
Epoch 21/50 - Train Loss: 0.6063 - Train Metric: 0.7331
Epoch 21/50 - Val Metric: 0.7562
Epoch 22/50 - Train Loss: 0.5975 - Train Metric: 0.7432
Epoch 22/50 - Val Metric: 0.7600
Epoch 23/50 - Train Loss: 0.6081 - Train Metric: 0.7307
Epoch 23/50 - Val Metric: 0.7377
Epoch 24/50 - Train Loss: 0.6145 - Train Metric: 0.7234
Epoch 24/50 - Val Metric: 0.7350
Epoch 25/50 - Train Loss: 0.6434 - Train Metric: 0.6815
Epoch 25/50 - Val Metric: 0.7346
Epoch 26/50 - Train Loss: 0.6174 - Train Metric: 0.7191
Epoch 26/50 - Val Metric: 0.7478
Epoch 27/50 - Train Loss: 0.6079 - Train Metric: 0.7318
Epoch 27/50 - Val Metric: 0.7529
Epoch 28/50 - Train Loss: 0.6021 - Train Metric: 0.7385
Epoch 28/50 - Val Metric: 0.7620
Epoch 29/50 - Train Loss: 0.6012 - Train Metric: 0.7395
Epoch 29/50 - Val Metric: 0.7644
Epoch 30/50 - Train Loss: 0.5988 - Train Metric: 0.7429
Epoch 30/50 - Val Metric: 0.7683
Epoch 31/50 - Train Loss: 0.5920 - Train Metric: 0.7506
Epoch 31/50 - Val Metric: 0.7716
Epoch 32/50 - Train Loss: 0.5930 - Train Metric: 0.7496
Epoch 32/50 - Val Metric: 0.7678
Epoch 33/50 - Train Loss: 0.5909 - Train Metric: 0.7508
Epoch 33/50 - Val Metric: 0.7655
Epoch 34/50 - Train Loss: 0.5901 - Train Metric: 0.7518
Epoch 34/50 - Val Metric: 0.7688
Epoch 35/50 - Train Loss: 0.5918 - Train Metric: 0.7506
Epoch 35/50 - Val Metric: 0.7641
Epoch 36/50 - Train Loss: 0.5894 - Train Metric: 0.7535
Epoch 36/50 - Val Metric: 0.7657
Epoch 37/50 - Train Loss: 0.5891 - Train Metric: 0.7534
Epoch 37/50 - Val Metric: 0.7732
Epoch 38/50 - Train Loss: 0.5878 - Train Metric: 0.7560
Epoch 38/50 - Val Metric: 0.7835
Epoch 39/50 - Train Loss: 0.5812 - Train Metric: 0.7614
Epoch 39/50 - Val Metric: 0.7775
Epoch 40/50 - Train Loss: 0.5774 - Train Metric: 0.7663
Epoch 40/50 - Val Metric: 0.7809
Epoch 41/50 - Train Loss: 0.5741 - Train Metric: 0.7704
Epoch 41/50 - Val Metric: 0.7862
Epoch 42/50 - Train Loss: 0.5759 - Train Metric: 0.7679
Epoch 42/50 - Val Metric: 0.7852
Epoch 43/50 - Train Loss: 0.5707 - Train Metric: 0.7735
Epoch 43/50 - Val Metric: 0.7866
Epoch 44/50 - Train Loss: 0.5774 - Train Metric: 0.7663
Epoch 44/50 - Val Metric: 0.7929
Epoch 45/50 - Train Loss: 0.5708 - Train Metric: 0.7732
Epoch 45/50 - Val Metric: 0.7962
Epoch 46/50 - Train Loss: 0.5677 - Train Metric: 0.7765
Epoch 46/50 - Val Metric: 0.7880
Epoch 47/50 - Train Loss: 0.5698 - Train Metric: 0.7743
Epoch 47/50 - Val Metric: 0.7867
Epoch 48/50 - Train Loss: 0.5701 - Train Metric: 0.7739
Epoch 48/50 - Val Metric: 0.7947
Epoch 49/50 - Train Loss: 0.5683 - Train Metric: 0.7763
Epoch 49/50 - Val Metric: 0.7890
Epoch 50/50 - Train Loss: 0.5671 - Train Metric: 0.7769
Epoch 50/50 - Val Metric: 0.7891
Best val: 0.7962, Best test: 0.7603
Training set has 8000 instances
Validation set has 1000 instances
Test set has 1000 instances
Epoch 1/50 - Train Loss: 0.6962 - Train Metric: 0.5029
Epoch 1/50 - Val Metric: 0.6552
Epoch 2/50 - Train Loss: 0.6943 - Train Metric: 0.5031
Epoch 2/50 - Val Metric: 0.7205
Epoch 3/50 - Train Loss: 0.6931 - Train Metric: 0.5176
Epoch 3/50 - Val Metric: 0.7387
Epoch 4/50 - Train Loss: 0.6857 - Train Metric: 0.5778
Epoch 4/50 - Val Metric: 0.7497
Epoch 5/50 - Train Loss: 0.6348 - Train Metric: 0.6941
Epoch 5/50 - Val Metric: 0.7568
Epoch 6/50 - Train Loss: 0.6098 - Train Metric: 0.7302
Epoch 6/50 - Val Metric: 0.7606
Epoch 7/50 - Train Loss: 0.5977 - Train Metric: 0.7453
Epoch 7/50 - Val Metric: 0.7625
Epoch 8/50 - Train Loss: 0.5973 - Train Metric: 0.7458
Epoch 8/50 - Val Metric: 0.7652
Epoch 9/50 - Train Loss: 0.5901 - Train Metric: 0.7541
Epoch 9/50 - Val Metric: 0.7664
Epoch 10/50 - Train Loss: 0.5870 - Train Metric: 0.7574
Epoch 10/50 - Val Metric: 0.7674
Epoch 11/50 - Train Loss: 0.5834 - Train Metric: 0.7613
Epoch 11/50 - Val Metric: 0.7680
Epoch 12/50 - Train Loss: 0.5812 - Train Metric: 0.7635
Epoch 12/50 - Val Metric: 0.7682
Epoch 13/50 - Train Loss: 0.5813 - Train Metric: 0.7637
Epoch 13/50 - Val Metric: 0.7686
Epoch 14/50 - Train Loss: 0.5743 - Train Metric: 0.7710
Epoch 14/50 - Val Metric: 0.7693
Epoch 15/50 - Train Loss: 0.5801 - Train Metric: 0.7650
Epoch 15/50 - Val Metric: 0.7697
Epoch 16/50 - Train Loss: 0.5769 - Train Metric: 0.7685
Epoch 16/50 - Val Metric: 0.7699
Epoch 17/50 - Train Loss: 0.5727 - Train Metric: 0.7725
Epoch 17/50 - Val Metric: 0.7701
Epoch 18/50 - Train Loss: 0.5751 - Train Metric: 0.7696
Epoch 18/50 - Val Metric: 0.7702
Epoch 19/50 - Train Loss: 0.5766 - Train Metric: 0.7688
Epoch 19/50 - Val Metric: 0.7703
Epoch 20/50 - Train Loss: 0.5759 - Train Metric: 0.7691
Epoch 20/50 - Val Metric: 0.7728
Epoch 21/50 - Train Loss: 0.5729 - Train Metric: 0.7723
Epoch 21/50 - Val Metric: 0.7711
Epoch 22/50 - Train Loss: 0.5740 - Train Metric: 0.7712
Epoch 22/50 - Val Metric: 0.7710
Epoch 23/50 - Train Loss: 0.5724 - Train Metric: 0.7731
Epoch 23/50 - Val Metric: 0.7718
Epoch 24/50 - Train Loss: 0.5718 - Train Metric: 0.7739
Epoch 24/50 - Val Metric: 0.7733
Epoch 25/50 - Train Loss: 0.5719 - Train Metric: 0.7734
Epoch 25/50 - Val Metric: 0.7718
Epoch 26/50 - Train Loss: 0.5712 - Train Metric: 0.7740
Epoch 26/50 - Val Metric: 0.7742
Epoch 27/50 - Train Loss: 0.5742 - Train Metric: 0.7712
Epoch 27/50 - Val Metric: 0.7720
Epoch 28/50 - Train Loss: 0.5727 - Train Metric: 0.7723
Epoch 28/50 - Val Metric: 0.7723
Epoch 29/50 - Train Loss: 0.5695 - Train Metric: 0.7756
Epoch 29/50 - Val Metric: 0.7734
Epoch 30/50 - Train Loss: 0.5709 - Train Metric: 0.7742
Epoch 30/50 - Val Metric: 0.7732
Epoch 31/50 - Train Loss: 0.5681 - Train Metric: 0.7769
Epoch 31/50 - Val Metric: 0.7739
Epoch 32/50 - Train Loss: 0.5638 - Train Metric: 0.7814
Epoch 32/50 - Val Metric: 0.7734
Epoch 33/50 - Train Loss: 0.5667 - Train Metric: 0.7785
Epoch 33/50 - Val Metric: 0.7733
Epoch 34/50 - Train Loss: 0.5685 - Train Metric: 0.7766
Epoch 34/50 - Val Metric: 0.7753
Epoch 35/50 - Train Loss: 0.5662 - Train Metric: 0.7791
Epoch 35/50 - Val Metric: 0.7740
Epoch 36/50 - Train Loss: 0.5631 - Train Metric: 0.7822
Epoch 36/50 - Val Metric: 0.7748
Epoch 37/50 - Train Loss: 0.5663 - Train Metric: 0.7788
Epoch 37/50 - Val Metric: 0.7739
Epoch 38/50 - Train Loss: 0.5664 - Train Metric: 0.7791
Epoch 38/50 - Val Metric: 0.7746
Epoch 39/50 - Train Loss: 0.5654 - Train Metric: 0.7801
Epoch 39/50 - Val Metric: 0.7750
Epoch 40/50 - Train Loss: 0.5654 - Train Metric: 0.7799
Epoch 40/50 - Val Metric: 0.7746
Epoch 41/50 - Train Loss: 0.5707 - Train Metric: 0.7740
Epoch 41/50 - Val Metric: 0.7758
Epoch 42/50 - Train Loss: 0.5649 - Train Metric: 0.7804
Epoch 42/50 - Val Metric: 0.7739
Epoch 43/50 - Train Loss: 0.5662 - Train Metric: 0.7788
Epoch 43/50 - Val Metric: 0.7751
Epoch 44/50 - Train Loss: 0.5676 - Train Metric: 0.7782
Epoch 44/50 - Val Metric: 0.7748
Epoch 45/50 - Train Loss: 0.5642 - Train Metric: 0.7811
Epoch 45/50 - Val Metric: 0.7747
Epoch 46/50 - Train Loss: 0.5633 - Train Metric: 0.7819
Epoch 46/50 - Val Metric: 0.7752
Epoch 47/50 - Train Loss: 0.5624 - Train Metric: 0.7829
Epoch 47/50 - Val Metric: 0.7751
Epoch 48/50 - Train Loss: 0.5641 - Train Metric: 0.7813
Epoch 48/50 - Val Metric: 0.7752
Epoch 49/50 - Train Loss: 0.5651 - Train Metric: 0.7805
Epoch 49/50 - Val Metric: 0.7756
Epoch 50/50 - Train Loss: 0.5657 - Train Metric: 0.7797
Epoch 50/50 - Val Metric: 0.7753
Best val: 0.7758, Best test: 0.7513
Training set has 8000 instances
Validation set has 1000 instances
Test set has 1000 instances
Epoch 1/50 - Train Loss: 0.7238 - Train Metric: 0.4921
Epoch 1/50 - Val Metric: 0.5040
Epoch 2/50 - Train Loss: 0.6956 - Train Metric: 0.4901
Epoch 2/50 - Val Metric: 0.5896
Epoch 3/50 - Train Loss: 0.7005 - Train Metric: 0.5155
Epoch 3/50 - Val Metric: 0.6920
Epoch 4/50 - Train Loss: 0.6945 - Train Metric: 0.5094
Epoch 4/50 - Val Metric: 0.7141
Epoch 5/50 - Train Loss: 0.6953 - Train Metric: 0.5159
Epoch 5/50 - Val Metric: 0.7253
Epoch 6/50 - Train Loss: 0.6970 - Train Metric: 0.5087
Epoch 6/50 - Val Metric: 0.7218
Epoch 7/50 - Train Loss: 0.6940 - Train Metric: 0.4995
Epoch 7/50 - Val Metric: 0.7201
Epoch 8/50 - Train Loss: 0.6944 - Train Metric: 0.5060
Epoch 8/50 - Val Metric: 0.7236
Epoch 9/50 - Train Loss: 0.6939 - Train Metric: 0.4972
Epoch 9/50 - Val Metric: 0.7175
Epoch 10/50 - Train Loss: 0.6938 - Train Metric: 0.5061
Epoch 10/50 - Val Metric: 0.7232
Epoch 11/50 - Train Loss: 0.6942 - Train Metric: 0.4991
Epoch 11/50 - Val Metric: 0.7290
Epoch 12/50 - Train Loss: 0.6948 - Train Metric: 0.5063
Epoch 12/50 - Val Metric: 0.7205
Epoch 13/50 - Train Loss: 0.6940 - Train Metric: 0.4932
Epoch 13/50 - Val Metric: 0.7170
Epoch 14/50 - Train Loss: 0.6938 - Train Metric: 0.5013
Epoch 14/50 - Val Metric: 0.7192
Epoch 15/50 - Train Loss: 0.6937 - Train Metric: 0.4969
Epoch 15/50 - Val Metric: 0.7243
Epoch 16/50 - Train Loss: 0.6934 - Train Metric: 0.5020
Epoch 16/50 - Val Metric: 0.7234
Epoch 17/50 - Train Loss: 0.6937 - Train Metric: 0.5086
Epoch 17/50 - Val Metric: 0.7242
Epoch 18/50 - Train Loss: 0.6935 - Train Metric: 0.5037
Epoch 18/50 - Val Metric: 0.7193
Epoch 19/50 - Train Loss: 0.6933 - Train Metric: 0.4952
Epoch 19/50 - Val Metric: 0.7206
Epoch 20/50 - Train Loss: 0.6938 - Train Metric: 0.5005
Epoch 20/50 - Val Metric: 0.7222
Epoch 21/50 - Train Loss: 0.6936 - Train Metric: 0.5008
Epoch 21/50 - Val Metric: 0.7207
Epoch 22/50 - Train Loss: 0.6932 - Train Metric: 0.4989
Epoch 22/50 - Val Metric: 0.7217
Epoch 23/50 - Train Loss: 0.6936 - Train Metric: 0.5161
Epoch 23/50 - Val Metric: 0.7210
Epoch 24/50 - Train Loss: 0.6933 - Train Metric: 0.5046
Epoch 24/50 - Val Metric: 0.7210
Epoch 25/50 - Train Loss: 0.6935 - Train Metric: 0.5124
Epoch 25/50 - Val Metric: 0.7214
Epoch 26/50 - Train Loss: 0.6934 - Train Metric: 0.5076
Epoch 26/50 - Val Metric: 0.7219
Epoch 27/50 - Train Loss: 0.6930 - Train Metric: 0.5154
Epoch 27/50 - Val Metric: 0.7218
Epoch 28/50 - Train Loss: 0.6926 - Train Metric: 0.5447
Epoch 28/50 - Val Metric: 0.7233
Epoch 29/50 - Train Loss: 0.6619 - Train Metric: 0.6743
Epoch 29/50 - Val Metric: 0.7615
Epoch 30/50 - Train Loss: 0.6291 - Train Metric: 0.7022
Epoch 30/50 - Val Metric: 0.7378
Epoch 31/50 - Train Loss: 0.5901 - Train Metric: 0.7481
Epoch 31/50 - Val Metric: 0.7414
Epoch 32/50 - Train Loss: 0.5839 - Train Metric: 0.7546
Epoch 32/50 - Val Metric: 0.7422
Epoch 33/50 - Train Loss: 0.5817 - Train Metric: 0.7555
Epoch 33/50 - Val Metric: 0.7437
Epoch 34/50 - Train Loss: 0.5799 - Train Metric: 0.7574
Epoch 34/50 - Val Metric: 0.7441
Epoch 35/50 - Train Loss: 0.5782 - Train Metric: 0.7622
Epoch 35/50 - Val Metric: 0.7468
Epoch 36/50 - Train Loss: 0.5775 - Train Metric: 0.7650
Epoch 36/50 - Val Metric: 0.7542
Epoch 37/50 - Train Loss: 0.5769 - Train Metric: 0.7698
Epoch 37/50 - Val Metric: 0.7553
Epoch 38/50 - Train Loss: 0.5757 - Train Metric: 0.7719
Epoch 38/50 - Val Metric: 0.7623
Epoch 39/50 - Train Loss: 0.5768 - Train Metric: 0.7709
Epoch 39/50 - Val Metric: 0.7629
Epoch 40/50 - Train Loss: 0.5731 - Train Metric: 0.7761
Epoch 40/50 - Val Metric: 0.7633
Epoch 41/50 - Train Loss: 0.5723 - Train Metric: 0.7763
Epoch 41/50 - Val Metric: 0.7625
Epoch 42/50 - Train Loss: 0.5708 - Train Metric: 0.7779
Epoch 42/50 - Val Metric: 0.7610
Epoch 43/50 - Train Loss: 0.5703 - Train Metric: 0.7769
Epoch 43/50 - Val Metric: 0.7624
Epoch 44/50 - Train Loss: 0.5688 - Train Metric: 0.7777
Epoch 44/50 - Val Metric: 0.7631
Epoch 45/50 - Train Loss: 0.5671 - Train Metric: 0.7799
Epoch 45/50 - Val Metric: 0.7645
Epoch 46/50 - Train Loss: 0.5660 - Train Metric: 0.7805
Epoch 46/50 - Val Metric: 0.7649
Epoch 47/50 - Train Loss: 0.5653 - Train Metric: 0.7805
Epoch 47/50 - Val Metric: 0.7651
Epoch 48/50 - Train Loss: 0.5649 - Train Metric: 0.7808
Epoch 48/50 - Val Metric: 0.7688
Epoch 49/50 - Train Loss: 0.5634 - Train Metric: 0.7818
Epoch 49/50 - Val Metric: 0.7675
Epoch 50/50 - Train Loss: 0.5634 - Train Metric: 0.7820
Epoch 50/50 - Val Metric: 0.7689
Best val: 0.7689, Best test: 0.7972
Training set has 8000 instances
Validation set has 1000 instances
Test set has 1000 instances
Epoch 1/50 - Train Loss: 0.7171 - Train Metric: 0.4977
Epoch 1/50 - Val Metric: 0.7370
Epoch 2/50 - Train Loss: 0.7044 - Train Metric: 0.4971
Epoch 2/50 - Val Metric: 0.7366
Epoch 3/50 - Train Loss: 0.6989 - Train Metric: 0.5027
Epoch 3/50 - Val Metric: 0.7363
Epoch 4/50 - Train Loss: 0.6995 - Train Metric: 0.5018
Epoch 4/50 - Val Metric: 0.7301
Epoch 5/50 - Train Loss: 0.6972 - Train Metric: 0.5090
Epoch 5/50 - Val Metric: 0.7361
Epoch 6/50 - Train Loss: 0.6990 - Train Metric: 0.5148
Epoch 6/50 - Val Metric: 0.7313
Epoch 7/50 - Train Loss: 0.6940 - Train Metric: 0.5284
Epoch 7/50 - Val Metric: 0.7347
Epoch 8/50 - Train Loss: 0.6757 - Train Metric: 0.6141
Epoch 8/50 - Val Metric: 0.7438
Epoch 9/50 - Train Loss: 0.6681 - Train Metric: 0.6246
Epoch 9/50 - Val Metric: 0.7456
Epoch 10/50 - Train Loss: 0.6051 - Train Metric: 0.7365
Epoch 10/50 - Val Metric: 0.7535
Epoch 11/50 - Train Loss: 0.6018 - Train Metric: 0.7402
Epoch 11/50 - Val Metric: 0.7585
Epoch 12/50 - Train Loss: 0.5846 - Train Metric: 0.7594
Epoch 12/50 - Val Metric: 0.7598
Epoch 13/50 - Train Loss: 0.5828 - Train Metric: 0.7619
Epoch 13/50 - Val Metric: 0.7658
Epoch 14/50 - Train Loss: 0.5781 - Train Metric: 0.7676
Epoch 14/50 - Val Metric: 0.7683
Epoch 15/50 - Train Loss: 0.5808 - Train Metric: 0.7643
Epoch 15/50 - Val Metric: 0.7706
Epoch 16/50 - Train Loss: 0.5792 - Train Metric: 0.7662
Epoch 16/50 - Val Metric: 0.7697
Epoch 17/50 - Train Loss: 0.5743 - Train Metric: 0.7709
Epoch 17/50 - Val Metric: 0.7708
Epoch 18/50 - Train Loss: 0.5752 - Train Metric: 0.7705
Epoch 18/50 - Val Metric: 0.7731
Epoch 19/50 - Train Loss: 0.5709 - Train Metric: 0.7742
Epoch 19/50 - Val Metric: 0.7733
Epoch 20/50 - Train Loss: 0.5697 - Train Metric: 0.7755
Epoch 20/50 - Val Metric: 0.7747
Epoch 21/50 - Train Loss: 0.5734 - Train Metric: 0.7719
Epoch 21/50 - Val Metric: 0.7753
Epoch 22/50 - Train Loss: 0.5716 - Train Metric: 0.7737
Epoch 22/50 - Val Metric: 0.7755
Epoch 23/50 - Train Loss: 0.5746 - Train Metric: 0.7706
Epoch 23/50 - Val Metric: 0.7755
Epoch 24/50 - Train Loss: 0.5692 - Train Metric: 0.7762
Epoch 24/50 - Val Metric: 0.7762
Epoch 25/50 - Train Loss: 0.5672 - Train Metric: 0.7777
Epoch 25/50 - Val Metric: 0.7784
Epoch 26/50 - Train Loss: 0.5666 - Train Metric: 0.7788
Epoch 26/50 - Val Metric: 0.7791
Epoch 27/50 - Train Loss: 0.5641 - Train Metric: 0.7810
Epoch 27/50 - Val Metric: 0.7806
Epoch 28/50 - Train Loss: 0.5643 - Train Metric: 0.7809
Epoch 28/50 - Val Metric: 0.7794
Epoch 29/50 - Train Loss: 0.5719 - Train Metric: 0.7734
Epoch 29/50 - Val Metric: 0.7788
Epoch 30/50 - Train Loss: 0.5684 - Train Metric: 0.7770
Epoch 30/50 - Val Metric: 0.7781
Epoch 31/50 - Train Loss: 0.5655 - Train Metric: 0.7803
Epoch 31/50 - Val Metric: 0.7816
Epoch 32/50 - Train Loss: 0.5627 - Train Metric: 0.7826
Epoch 32/50 - Val Metric: 0.7823
Epoch 33/50 - Train Loss: 0.5622 - Train Metric: 0.7830
Epoch 33/50 - Val Metric: 0.7805
Epoch 34/50 - Train Loss: 0.5619 - Train Metric: 0.7829
Epoch 34/50 - Val Metric: 0.7818
Epoch 35/50 - Train Loss: 0.5606 - Train Metric: 0.7850
Epoch 35/50 - Val Metric: 0.7826
Epoch 36/50 - Train Loss: 0.5625 - Train Metric: 0.7830
Epoch 36/50 - Val Metric: 0.7818
Epoch 37/50 - Train Loss: 0.5625 - Train Metric: 0.7828
Epoch 37/50 - Val Metric: 0.7831
Epoch 38/50 - Train Loss: 0.5625 - Train Metric: 0.7830
Epoch 38/50 - Val Metric: 0.7821
Epoch 39/50 - Train Loss: 0.5606 - Train Metric: 0.7846
Epoch 39/50 - Val Metric: 0.7830
Epoch 40/50 - Train Loss: 0.5648 - Train Metric: 0.7807
Epoch 40/50 - Val Metric: 0.7833
Epoch 41/50 - Train Loss: 0.5600 - Train Metric: 0.7852
Epoch 41/50 - Val Metric: 0.7830
Epoch 42/50 - Train Loss: 0.5627 - Train Metric: 0.7827
Epoch 42/50 - Val Metric: 0.7838
Epoch 43/50 - Train Loss: 0.5600 - Train Metric: 0.7851
Epoch 43/50 - Val Metric: 0.7833
Epoch 44/50 - Train Loss: 0.5585 - Train Metric: 0.7867
Epoch 44/50 - Val Metric: 0.7839
Epoch 45/50 - Train Loss: 0.5568 - Train Metric: 0.7881
Epoch 45/50 - Val Metric: 0.7840
Epoch 46/50 - Train Loss: 0.5599 - Train Metric: 0.7852
Epoch 46/50 - Val Metric: 0.7856
Epoch 47/50 - Train Loss: 0.5588 - Train Metric: 0.7864
Epoch 47/50 - Val Metric: 0.7835
Epoch 48/50 - Train Loss: 0.5610 - Train Metric: 0.7838
Epoch 48/50 - Val Metric: 0.7846
Epoch 49/50 - Train Loss: 0.5589 - Train Metric: 0.7859
Epoch 49/50 - Val Metric: 0.7839
Epoch 50/50 - Train Loss: 0.5613 - Train Metric: 0.7836
Epoch 50/50 - Val Metric: 0.7858
Best val: 0.7858, Best test: 0.7879
Training set has 8000 instances
Validation set has 1000 instances
Test set has 1000 instances
Training set has 8000 instances
Validation set has 1000 instances
Test set has 1000 instances
Epoch 1/50 - Train Loss: 0.7029 - Train Metric: 0.4949
Epoch 1/50 - Val Metric: 0.7402
Epoch 2/50 - Train Loss: 0.6966 - Train Metric: 0.4950
Epoch 2/50 - Val Metric: 0.7509
Epoch 3/50 - Train Loss: 0.6917 - Train Metric: 0.5245
Epoch 3/50 - Val Metric: 0.7565
Epoch 4/50 - Train Loss: 0.6048 - Train Metric: 0.7355
Epoch 4/50 - Val Metric: 0.7747
Epoch 5/50 - Train Loss: 0.5911 - Train Metric: 0.7533
Epoch 5/50 - Val Metric: 0.7792
Epoch 6/50 - Train Loss: 0.5763 - Train Metric: 0.7680
Epoch 6/50 - Val Metric: 0.7798
Epoch 7/50 - Train Loss: 0.5689 - Train Metric: 0.7761
Epoch 7/50 - Val Metric: 0.7815
Epoch 8/50 - Train Loss: 0.5695 - Train Metric: 0.7757
Epoch 8/50 - Val Metric: 0.7829
Epoch 9/50 - Train Loss: 0.5675 - Train Metric: 0.7783
Epoch 9/50 - Val Metric: 0.7827
Epoch 10/50 - Train Loss: 0.5667 - Train Metric: 0.7787
Epoch 10/50 - Val Metric: 0.7844
Epoch 11/50 - Train Loss: 0.5622 - Train Metric: 0.7831
Epoch 11/50 - Val Metric: 0.7854
Epoch 12/50 - Train Loss: 0.5610 - Train Metric: 0.7842
Epoch 12/50 - Val Metric: 0.7839
Epoch 13/50 - Train Loss: 0.5610 - Train Metric: 0.7847
Epoch 13/50 - Val Metric: 0.7869
Epoch 14/50 - Train Loss: 0.5594 - Train Metric: 0.7856
Epoch 14/50 - Val Metric: 0.7841
Epoch 15/50 - Train Loss: 0.5627 - Train Metric: 0.7827
Epoch 15/50 - Val Metric: 0.7852
Epoch 16/50 - Train Loss: 0.5611 - Train Metric: 0.7839
Epoch 16/50 - Val Metric: 0.7858
Epoch 17/50 - Train Loss: 0.5599 - Train Metric: 0.7846
Epoch 17/50 - Val Metric: 0.7864
Epoch 18/50 - Train Loss: 0.5567 - Train Metric: 0.7878
Epoch 18/50 - Val Metric: 0.7878
Epoch 19/50 - Train Loss: 0.5597 - Train Metric: 0.7855
Epoch 19/50 - Val Metric: 0.7784
Epoch 20/50 - Train Loss: 0.5592 - Train Metric: 0.7860
Epoch 20/50 - Val Metric: 0.7871
Epoch 21/50 - Train Loss: 0.5558 - Train Metric: 0.7891
Epoch 21/50 - Val Metric: 0.7876
Epoch 22/50 - Train Loss: 0.5581 - Train Metric: 0.7867
Epoch 22/50 - Val Metric: 0.7866
Epoch 23/50 - Train Loss: 0.5573 - Train Metric: 0.7876
Epoch 23/50 - Val Metric: 0.7878
Epoch 24/50 - Train Loss: 0.5568 - Train Metric: 0.7877
Epoch 24/50 - Val Metric: 0.7909
Epoch 25/50 - Train Loss: 0.5555 - Train Metric: 0.7890
Epoch 25/50 - Val Metric: 0.7869
Epoch 26/50 - Train Loss: 0.5564 - Train Metric: 0.7889
Epoch 26/50 - Val Metric: 0.7886
Epoch 27/50 - Train Loss: 0.5554 - Train Metric: 0.7889
Epoch 27/50 - Val Metric: 0.7887
Epoch 28/50 - Train Loss: 0.5599 - Train Metric: 0.7852
Epoch 28/50 - Val Metric: 0.7912
Epoch 29/50 - Train Loss: 0.5544 - Train Metric: 0.7901
Epoch 29/50 - Val Metric: 0.7900
Epoch 30/50 - Train Loss: 0.5548 - Train Metric: 0.7904
Epoch 30/50 - Val Metric: 0.7901
Epoch 31/50 - Train Loss: 0.5570 - Train Metric: 0.7881
Epoch 31/50 - Val Metric: 0.7889
Epoch 32/50 - Train Loss: 0.5575 - Train Metric: 0.7877
Epoch 32/50 - Val Metric: 0.7923
Epoch 33/50 - Train Loss: 0.5622 - Train Metric: 0.7832
Epoch 33/50 - Val Metric: 0.7910
Epoch 34/50 - Train Loss: 0.5537 - Train Metric: 0.7908
Epoch 34/50 - Val Metric: 0.7920
Epoch 35/50 - Train Loss: 0.5569 - Train Metric: 0.7878
Epoch 35/50 - Val Metric: 0.7915
Epoch 36/50 - Train Loss: 0.5543 - Train Metric: 0.7900
Epoch 36/50 - Val Metric: 0.7899
Epoch 37/50 - Train Loss: 0.5536 - Train Metric: 0.7908
Epoch 37/50 - Val Metric: 0.7891
Epoch 38/50 - Train Loss: 0.5534 - Train Metric: 0.7908
Epoch 38/50 - Val Metric: 0.7905
Epoch 39/50 - Train Loss: 0.5520 - Train Metric: 0.7920
Epoch 39/50 - Val Metric: 0.7887
Epoch 40/50 - Train Loss: 0.5545 - Train Metric: 0.7898
Epoch 40/50 - Val Metric: 0.7863
Epoch 41/50 - Train Loss: 0.5518 - Train Metric: 0.7927
Epoch 41/50 - Val Metric: 0.7903
Epoch 42/50 - Train Loss: 0.5528 - Train Metric: 0.7912
Epoch 42/50 - Val Metric: 0.7887
Epoch 43/50 - Train Loss: 0.5536 - Train Metric: 0.7910
Epoch 43/50 - Val Metric: 0.7912
Epoch 44/50 - Train Loss: 0.5535 - Train Metric: 0.7911
Epoch 44/50 - Val Metric: 0.7913
Epoch 45/50 - Train Loss: 0.5531 - Train Metric: 0.7913
Epoch 45/50 - Val Metric: 0.7870
Epoch 46/50 - Train Loss: 0.5531 - Train Metric: 0.7914
Epoch 46/50 - Val Metric: 0.7882
Epoch 47/50 - Train Loss: 0.5507 - Train Metric: 0.7936
Epoch 47/50 - Val Metric: 0.7908
Epoch 48/50 - Train Loss: 0.5519 - Train Metric: 0.7927
Epoch 48/50 - Val Metric: 0.7894
Epoch 49/50 - Train Loss: 0.5503 - Train Metric: 0.7939
Epoch 49/50 - Val Metric: 0.7887
Epoch 50/50 - Train Loss: 0.5518 - Train Metric: 0.7923
Epoch 50/50 - Val Metric: 0.7840
Best val: 0.7923, Best test: 0.7958
Training set has 8000 instances
Validation set has 1000 instances
Test set has 1000 instances
Training set has 8000 instances
Validation set has 1000 instances
Test set has 1000 instances
Training set has 8000 instances
Validation set has 1000 instances
Test set has 1000 instances
Training set has 8000 instances
Validation set has 1000 instances
Test set has 1000 instances
Training set has 8000 instances
Validation set has 1000 instances
Test set has 1000 instances
Epoch 1/50 - Train Loss: 0.7013 - Train Metric: 0.5000
Epoch 1/50 - Val Metric: 0.7613
Epoch 2/50 - Train Loss: 0.6965 - Train Metric: 0.5017
Epoch 2/50 - Val Metric: 0.7660
Epoch 3/50 - Train Loss: 0.6483 - Train Metric: 0.6721
Epoch 3/50 - Val Metric: 0.7926
Epoch 4/50 - Train Loss: 0.5839 - Train Metric: 0.7607
Epoch 4/50 - Val Metric: 0.7981
Epoch 5/50 - Train Loss: 0.5779 - Train Metric: 0.7670
Epoch 5/50 - Val Metric: 0.7928
Epoch 6/50 - Train Loss: 0.5830 - Train Metric: 0.7618
Epoch 6/50 - Val Metric: 0.7952
Epoch 7/50 - Train Loss: 0.5713 - Train Metric: 0.7745
Epoch 7/50 - Val Metric: 0.7990
Epoch 8/50 - Train Loss: 0.5732 - Train Metric: 0.7724
Epoch 8/50 - Val Metric: 0.8008
Epoch 9/50 - Train Loss: 0.5741 - Train Metric: 0.7709
Epoch 9/50 - Val Metric: 0.8013
Epoch 10/50 - Train Loss: 0.5663 - Train Metric: 0.7790
Epoch 10/50 - Val Metric: 0.8025
Epoch 11/50 - Train Loss: 0.5729 - Train Metric: 0.7724
Epoch 11/50 - Val Metric: 0.8037
Epoch 12/50 - Train Loss: 0.5657 - Train Metric: 0.7798
Epoch 12/50 - Val Metric: 0.8028
Epoch 13/50 - Train Loss: 0.5654 - Train Metric: 0.7796
Epoch 13/50 - Val Metric: 0.8044
Epoch 14/50 - Train Loss: 0.5643 - Train Metric: 0.7810
Epoch 14/50 - Val Metric: 0.8034
Epoch 15/50 - Train Loss: 0.5649 - Train Metric: 0.7804
Epoch 15/50 - Val Metric: 0.8030
Epoch 16/50 - Train Loss: 0.5630 - Train Metric: 0.7823
Epoch 16/50 - Val Metric: 0.8048
Epoch 17/50 - Train Loss: 0.5639 - Train Metric: 0.7816
Epoch 17/50 - Val Metric: 0.8045
Epoch 18/50 - Train Loss: 0.5594 - Train Metric: 0.7858
Epoch 18/50 - Val Metric: 0.8041
Epoch 19/50 - Train Loss: 0.5673 - Train Metric: 0.7781
Epoch 19/50 - Val Metric: 0.8053
Epoch 20/50 - Train Loss: 0.5597 - Train Metric: 0.7856
Epoch 20/50 - Val Metric: 0.8046
Epoch 21/50 - Train Loss: 0.5625 - Train Metric: 0.7825
Epoch 21/50 - Val Metric: 0.8057
Epoch 22/50 - Train Loss: 0.5644 - Train Metric: 0.7813
Epoch 22/50 - Val Metric: 0.8053
Epoch 23/50 - Train Loss: 0.5579 - Train Metric: 0.7872
Epoch 23/50 - Val Metric: 0.8053
Epoch 24/50 - Train Loss: 0.5578 - Train Metric: 0.7871
Epoch 24/50 - Val Metric: 0.8047
Epoch 25/50 - Train Loss: 0.5612 - Train Metric: 0.7842
Epoch 25/50 - Val Metric: 0.8066
Epoch 26/50 - Train Loss: 0.5575 - Train Metric: 0.7876
Epoch 26/50 - Val Metric: 0.8054
Epoch 27/50 - Train Loss: 0.5608 - Train Metric: 0.7842
Epoch 27/50 - Val Metric: 0.8072
Epoch 28/50 - Train Loss: 0.5583 - Train Metric: 0.7865
Epoch 28/50 - Val Metric: 0.8062
Epoch 29/50 - Train Loss: 0.5585 - Train Metric: 0.7867
Epoch 29/50 - Val Metric: 0.8063
Epoch 30/50 - Train Loss: 0.5558 - Train Metric: 0.7890
Epoch 30/50 - Val Metric: 0.8061
Epoch 31/50 - Train Loss: 0.5579 - Train Metric: 0.7871
Epoch 31/50 - Val Metric: 0.8064
Epoch 32/50 - Train Loss: 0.5576 - Train Metric: 0.7875
Epoch 32/50 - Val Metric: 0.8073
Epoch 33/50 - Train Loss: 0.5628 - Train Metric: 0.7822
Epoch 33/50 - Val Metric: 0.8072
Epoch 34/50 - Train Loss: 0.5565 - Train Metric: 0.7884
Epoch 34/50 - Val Metric: 0.8072
Epoch 35/50 - Train Loss: 0.5566 - Train Metric: 0.7879
Epoch 35/50 - Val Metric: 0.8033
Epoch 36/50 - Train Loss: 0.5547 - Train Metric: 0.7899
Epoch 36/50 - Val Metric: 0.8077
Epoch 37/50 - Train Loss: 0.5560 - Train Metric: 0.7889
Epoch 37/50 - Val Metric: 0.8080
Epoch 38/50 - Train Loss: 0.5560 - Train Metric: 0.7888
Epoch 38/50 - Val Metric: 0.8088
Epoch 39/50 - Train Loss: 0.5561 - Train Metric: 0.7889
Epoch 39/50 - Val Metric: 0.8091
Epoch 40/50 - Train Loss: 0.5553 - Train Metric: 0.7895
Epoch 40/50 - Val Metric: 0.8063
Epoch 41/50 - Train Loss: 0.5568 - Train Metric: 0.7881
Epoch 41/50 - Val Metric: 0.8098
Epoch 42/50 - Train Loss: 0.5546 - Train Metric: 0.7902
Epoch 42/50 - Val Metric: 0.8071
Epoch 43/50 - Train Loss: 0.5571 - Train Metric: 0.7877
Epoch 43/50 - Val Metric: 0.8079
Epoch 44/50 - Train Loss: 0.5577 - Train Metric: 0.7872
Epoch 44/50 - Val Metric: 0.8095
Epoch 45/50 - Train Loss: 0.5551 - Train Metric: 0.7902
Epoch 45/50 - Val Metric: 0.8076
Epoch 46/50 - Train Loss: 0.5568 - Train Metric: 0.7882
Epoch 46/50 - Val Metric: 0.8083
Epoch 47/50 - Train Loss: 0.5533 - Train Metric: 0.7912
Epoch 47/50 - Val Metric: 0.8095
Epoch 48/50 - Train Loss: 0.5537 - Train Metric: 0.7907
Epoch 48/50 - Val Metric: 0.8076
Epoch 49/50 - Train Loss: 0.5557 - Train Metric: 0.7892
Epoch 49/50 - Val Metric: 0.8082
Epoch 50/50 - Train Loss: 0.5548 - Train Metric: 0.7899
Epoch 50/50 - Val Metric: 0.8081
Best val: 0.8098, Best test: 0.7869
Training set has 8000 instances
Validation set has 1000 instances
Test set has 1000 instances
Epoch 1/50 - Train Loss: 0.7022 - Train Metric: 0.5015
Epoch 1/50 - Val Metric: 0.7520
Epoch 2/50 - Train Loss: 0.6961 - Train Metric: 0.4966
Epoch 2/50 - Val Metric: 0.7528
Epoch 3/50 - Train Loss: 0.6938 - Train Metric: 0.5128
Epoch 3/50 - Val Metric: 0.7570
Epoch 4/50 - Train Loss: 0.6258 - Train Metric: 0.7072
Epoch 4/50 - Val Metric: 0.7779
Epoch 5/50 - Train Loss: 0.5862 - Train Metric: 0.7582
Epoch 5/50 - Val Metric: 0.7876
Epoch 6/50 - Train Loss: 0.5778 - Train Metric: 0.7671
Epoch 6/50 - Val Metric: 0.7936
Epoch 7/50 - Train Loss: 0.5701 - Train Metric: 0.7750
Epoch 7/50 - Val Metric: 0.7952
Epoch 8/50 - Train Loss: 0.5706 - Train Metric: 0.7749
Epoch 8/50 - Val Metric: 0.7946
Epoch 9/50 - Train Loss: 0.5689 - Train Metric: 0.7764
Epoch 9/50 - Val Metric: 0.7973
Epoch 10/50 - Train Loss: 0.5666 - Train Metric: 0.7783
Epoch 10/50 - Val Metric: 0.7984
Epoch 11/50 - Train Loss: 0.5672 - Train Metric: 0.7781
Epoch 11/50 - Val Metric: 0.7967
Epoch 12/50 - Train Loss: 0.5668 - Train Metric: 0.7787
Epoch 12/50 - Val Metric: 0.7969
Epoch 13/50 - Train Loss: 0.5646 - Train Metric: 0.7803
Epoch 13/50 - Val Metric: 0.8001
Epoch 14/50 - Train Loss: 0.5610 - Train Metric: 0.7840
Epoch 14/50 - Val Metric: 0.8006
Epoch 15/50 - Train Loss: 0.5618 - Train Metric: 0.7833
Epoch 15/50 - Val Metric: 0.8017
Epoch 16/50 - Train Loss: 0.5620 - Train Metric: 0.7827
Epoch 16/50 - Val Metric: 0.8017
Epoch 17/50 - Train Loss: 0.5613 - Train Metric: 0.7840
Epoch 17/50 - Val Metric: 0.8014
Epoch 18/50 - Train Loss: 0.5638 - Train Metric: 0.7811
Epoch 18/50 - Val Metric: 0.8023
Epoch 19/50 - Train Loss: 0.5598 - Train Metric: 0.7853
Epoch 19/50 - Val Metric: 0.8046
Epoch 20/50 - Train Loss: 0.5600 - Train Metric: 0.7847
Epoch 20/50 - Val Metric: 0.8024
Epoch 21/50 - Train Loss: 0.5577 - Train Metric: 0.7868
Epoch 21/50 - Val Metric: 0.8041
Epoch 22/50 - Train Loss: 0.5578 - Train Metric: 0.7870
Epoch 22/50 - Val Metric: 0.8015
Epoch 23/50 - Train Loss: 0.5565 - Train Metric: 0.7885
Epoch 23/50 - Val Metric: 0.8024
Epoch 24/50 - Train Loss: 0.5561 - Train Metric: 0.7884
Epoch 24/50 - Val Metric: 0.8003
Epoch 25/50 - Train Loss: 0.5568 - Train Metric: 0.7876
Epoch 25/50 - Val Metric: 0.8001
Epoch 26/50 - Train Loss: 0.5571 - Train Metric: 0.7874
Epoch 26/50 - Val Metric: 0.8004
Epoch 27/50 - Train Loss: 0.5551 - Train Metric: 0.7891
Epoch 27/50 - Val Metric: 0.8003
Epoch 28/50 - Train Loss: 0.5556 - Train Metric: 0.7891
Epoch 28/50 - Val Metric: 0.7981
Epoch 29/50 - Train Loss: 0.5593 - Train Metric: 0.7852
Epoch 29/50 - Val Metric: 0.8002
Epoch 30/50 - Train Loss: 0.5543 - Train Metric: 0.7903
Epoch 30/50 - Val Metric: 0.8013
Epoch 31/50 - Train Loss: 0.5577 - Train Metric: 0.7869
Epoch 31/50 - Val Metric: 0.8016
Epoch 32/50 - Train Loss: 0.5553 - Train Metric: 0.7891
Epoch 32/50 - Val Metric: 0.8019
Epoch 33/50 - Train Loss: 0.5550 - Train Metric: 0.7896
Epoch 33/50 - Val Metric: 0.8019
Epoch 34/50 - Train Loss: 0.5564 - Train Metric: 0.7883
Epoch 34/50 - Val Metric: 0.8032
Epoch 35/50 - Train Loss: 0.5541 - Train Metric: 0.7906
Epoch 35/50 - Val Metric: 0.8017
Epoch 36/50 - Train Loss: 0.5570 - Train Metric: 0.7877
Epoch 36/50 - Val Metric: 0.8029
Epoch 37/50 - Train Loss: 0.5565 - Train Metric: 0.7878
Epoch 37/50 - Val Metric: 0.8018
Epoch 38/50 - Train Loss: 0.5535 - Train Metric: 0.7908
Epoch 38/50 - Val Metric: 0.8007
Epoch 39/50 - Train Loss: 0.5530 - Train Metric: 0.7912
Epoch 39/50 - Val Metric: 0.8014
Epoch 40/50 - Train Loss: 0.5548 - Train Metric: 0.7895
Epoch 40/50 - Val Metric: 0.8022
Epoch 41/50 - Train Loss: 0.5568 - Train Metric: 0.7871
Epoch 41/50 - Val Metric: 0.8023
Epoch 42/50 - Train Loss: 0.5547 - Train Metric: 0.7897
Epoch 42/50 - Val Metric: 0.8019
Epoch 43/50 - Train Loss: 0.5561 - Train Metric: 0.7885
Epoch 43/50 - Val Metric: 0.8035
Epoch 44/50 - Train Loss: 0.5571 - Train Metric: 0.7874
Epoch 44/50 - Val Metric: 0.8022
Epoch 45/50 - Train Loss: 0.5532 - Train Metric: 0.7912
Epoch 45/50 - Val Metric: 0.8031
Epoch 46/50 - Train Loss: 0.5521 - Train Metric: 0.7922
Epoch 46/50 - Val Metric: 0.8033
Epoch 47/50 - Train Loss: 0.5540 - Train Metric: 0.7899
Epoch 47/50 - Val Metric: 0.8031
Epoch 48/50 - Train Loss: 0.5543 - Train Metric: 0.7899
Epoch 48/50 - Val Metric: 0.8030
Epoch 49/50 - Train Loss: 0.5517 - Train Metric: 0.7927
Epoch 49/50 - Val Metric: 0.8023
Epoch 50/50 - Train Loss: 0.5555 - Train Metric: 0.7891
Epoch 50/50 - Val Metric: 0.8015
Best val: 0.8046, Best test: 0.7916
Training set has 8000 instances
Validation set has 1000 instances
Test set has 1000 instances
Training set has 8000 instances
Validation set has 1000 instances
Test set has 1000 instances
Training set has 8000 instances
Validation set has 1000 instances
Test set has 1000 instances
Training set has 8000 instances
Validation set has 1000 instances
Test set has 1000 instances
Training set has 8000 instances
Validation set has 1000 instances
Test set has 1000 instances
Epoch 1/50 - Train Loss: 0.6982 - Train Metric: 0.5111
Epoch 1/50 - Val Metric: 0.7717
Epoch 2/50 - Train Loss: 0.6947 - Train Metric: 0.5144
Epoch 2/50 - Val Metric: 0.7664
Epoch 3/50 - Train Loss: 0.6322 - Train Metric: 0.6958
Epoch 3/50 - Val Metric: 0.7890
Epoch 4/50 - Train Loss: 0.5905 - Train Metric: 0.7529
Epoch 4/50 - Val Metric: 0.7940
Epoch 5/50 - Train Loss: 0.5793 - Train Metric: 0.7649
Epoch 5/50 - Val Metric: 0.7986
Epoch 6/50 - Train Loss: 0.5754 - Train Metric: 0.7689
Epoch 6/50 - Val Metric: 0.8044
Epoch 7/50 - Train Loss: 0.5788 - Train Metric: 0.7658
Epoch 7/50 - Val Metric: 0.8007
Epoch 8/50 - Train Loss: 0.5698 - Train Metric: 0.7759
Epoch 8/50 - Val Metric: 0.8014
Epoch 9/50 - Train Loss: 0.5727 - Train Metric: 0.7729
Epoch 9/50 - Val Metric: 0.8049
Epoch 10/50 - Train Loss: 0.5656 - Train Metric: 0.7796
Epoch 10/50 - Val Metric: 0.8046
Epoch 11/50 - Train Loss: 0.5663 - Train Metric: 0.7783
Epoch 11/50 - Val Metric: 0.8067
Epoch 12/50 - Train Loss: 0.5651 - Train Metric: 0.7799
Epoch 12/50 - Val Metric: 0.8056
Epoch 13/50 - Train Loss: 0.5650 - Train Metric: 0.7801
Epoch 13/50 - Val Metric: 0.8054
Epoch 14/50 - Train Loss: 0.5659 - Train Metric: 0.7792
Epoch 14/50 - Val Metric: 0.8031
Epoch 15/50 - Train Loss: 0.5643 - Train Metric: 0.7815
Epoch 15/50 - Val Metric: 0.8025
Epoch 16/50 - Train Loss: 0.5610 - Train Metric: 0.7841
Epoch 16/50 - Val Metric: 0.8042
Epoch 17/50 - Train Loss: 0.5613 - Train Metric: 0.7836
Epoch 17/50 - Val Metric: 0.7915
Epoch 18/50 - Train Loss: 0.5584 - Train Metric: 0.7862
Epoch 18/50 - Val Metric: 0.8046
Epoch 19/50 - Train Loss: 0.5574 - Train Metric: 0.7875
Epoch 19/50 - Val Metric: 0.8064
Epoch 20/50 - Train Loss: 0.5582 - Train Metric: 0.7863
Epoch 20/50 - Val Metric: 0.8067
Epoch 21/50 - Train Loss: 0.5572 - Train Metric: 0.7879
Epoch 21/50 - Val Metric: 0.8062
Epoch 22/50 - Train Loss: 0.5543 - Train Metric: 0.7900
Epoch 22/50 - Val Metric: 0.8033
Epoch 23/50 - Train Loss: 0.5559 - Train Metric: 0.7886
Epoch 23/50 - Val Metric: 0.8027
Epoch 24/50 - Train Loss: 0.5541 - Train Metric: 0.7911
Epoch 24/50 - Val Metric: 0.8043
Epoch 25/50 - Train Loss: 0.5549 - Train Metric: 0.7899
Epoch 25/50 - Val Metric: 0.8021
Epoch 26/50 - Train Loss: 0.5546 - Train Metric: 0.7905
Epoch 26/50 - Val Metric: 0.7976
Epoch 27/50 - Train Loss: 0.5550 - Train Metric: 0.7896
Epoch 27/50 - Val Metric: 0.8017
Epoch 28/50 - Train Loss: 0.5554 - Train Metric: 0.7890
Epoch 28/50 - Val Metric: 0.8033
Epoch 29/50 - Train Loss: 0.5559 - Train Metric: 0.7889
Epoch 29/50 - Val Metric: 0.8015
Epoch 30/50 - Train Loss: 0.5561 - Train Metric: 0.7889
Epoch 30/50 - Val Metric: 0.8023
Epoch 31/50 - Train Loss: 0.5536 - Train Metric: 0.7911
Epoch 31/50 - Val Metric: 0.8021
Epoch 32/50 - Train Loss: 0.5532 - Train Metric: 0.7912
Epoch 32/50 - Val Metric: 0.8021
Epoch 33/50 - Train Loss: 0.5541 - Train Metric: 0.7906
Epoch 33/50 - Val Metric: 0.8020
Epoch 34/50 - Train Loss: 0.5532 - Train Metric: 0.7914
Epoch 34/50 - Val Metric: 0.8020
Epoch 35/50 - Train Loss: 0.5587 - Train Metric: 0.7859
Epoch 35/50 - Val Metric: 0.8043
Epoch 36/50 - Train Loss: 0.5518 - Train Metric: 0.7928
Epoch 36/50 - Val Metric: 0.8052
Epoch 37/50 - Train Loss: 0.5526 - Train Metric: 0.7916
Epoch 37/50 - Val Metric: 0.8032
Epoch 38/50 - Train Loss: 0.5534 - Train Metric: 0.7911
Epoch 38/50 - Val Metric: 0.8008
Epoch 39/50 - Train Loss: 0.5511 - Train Metric: 0.7931
Epoch 39/50 - Val Metric: 0.8004
Epoch 40/50 - Train Loss: 0.5531 - Train Metric: 0.7918
Epoch 40/50 - Val Metric: 0.8006
Epoch 41/50 - Train Loss: 0.5517 - Train Metric: 0.7927
Epoch 41/50 - Val Metric: 0.8017
Epoch 42/50 - Train Loss: 0.5535 - Train Metric: 0.7912
Epoch 42/50 - Val Metric: 0.8021
Epoch 43/50 - Train Loss: 0.5546 - Train Metric: 0.7898
Epoch 43/50 - Val Metric: 0.8051
Epoch 44/50 - Train Loss: 0.5531 - Train Metric: 0.7910
Epoch 44/50 - Val Metric: 0.8040
Epoch 45/50 - Train Loss: 0.5511 - Train Metric: 0.7929
Epoch 45/50 - Val Metric: 0.8044
Epoch 46/50 - Train Loss: 0.5478 - Train Metric: 0.7961
Epoch 46/50 - Val Metric: 0.8033
Epoch 47/50 - Train Loss: 0.5527 - Train Metric: 0.7920
Epoch 47/50 - Val Metric: 0.8003
Epoch 48/50 - Train Loss: 0.5510 - Train Metric: 0.7938
Epoch 48/50 - Val Metric: 0.8048
Epoch 49/50 - Train Loss: 0.5506 - Train Metric: 0.7934
Epoch 49/50 - Val Metric: 0.8060
Epoch 50/50 - Train Loss: 0.5484 - Train Metric: 0.7957
Epoch 50/50 - Val Metric: 0.8054
Best val: 0.8067, Best test: 0.7848
Training set has 8000 instances
Validation set has 1000 instances
Test set has 1000 instances
Training set has 8000 instances
Validation set has 1000 instances
Test set has 1000 instances
Epoch 1/50 - Train Loss: 0.7004 - Train Metric: 0.5020
Epoch 1/50 - Val Metric: 0.7691
Epoch 2/50 - Train Loss: 0.6950 - Train Metric: 0.5059
Epoch 2/50 - Val Metric: 0.7729
Epoch 3/50 - Train Loss: 0.6949 - Train Metric: 0.5093
Epoch 3/50 - Val Metric: 0.7768
Epoch 4/50 - Train Loss: 0.6950 - Train Metric: 0.5115
Epoch 4/50 - Val Metric: 0.7791
Epoch 5/50 - Train Loss: 0.6957 - Train Metric: 0.5305
Epoch 5/50 - Val Metric: 0.7763
Epoch 6/50 - Train Loss: 0.6946 - Train Metric: 0.5001
Epoch 6/50 - Val Metric: 0.7763
Epoch 7/50 - Train Loss: 0.6755 - Train Metric: 0.5957
Epoch 7/50 - Val Metric: 0.7681
Epoch 8/50 - Train Loss: 0.6118 - Train Metric: 0.7256
Epoch 8/50 - Val Metric: 0.7881
Epoch 9/50 - Train Loss: 0.5895 - Train Metric: 0.7532
Epoch 9/50 - Val Metric: 0.7951
Epoch 10/50 - Train Loss: 0.5764 - Train Metric: 0.7690
Epoch 10/50 - Val Metric: 0.7983
Epoch 11/50 - Train Loss: 0.5714 - Train Metric: 0.7745
Epoch 11/50 - Val Metric: 0.7994
Epoch 12/50 - Train Loss: 0.5681 - Train Metric: 0.7773
Epoch 12/50 - Val Metric: 0.7990
Epoch 13/50 - Train Loss: 0.5681 - Train Metric: 0.7775
Epoch 13/50 - Val Metric: 0.8007
Epoch 14/50 - Train Loss: 0.5728 - Train Metric: 0.7730
Epoch 14/50 - Val Metric: 0.7977
Epoch 15/50 - Train Loss: 0.5673 - Train Metric: 0.7780
Epoch 15/50 - Val Metric: 0.7988
Epoch 16/50 - Train Loss: 0.5641 - Train Metric: 0.7810
Epoch 16/50 - Val Metric: 0.7984
Epoch 17/50 - Train Loss: 0.5635 - Train Metric: 0.7815
Epoch 17/50 - Val Metric: 0.7991
Epoch 18/50 - Train Loss: 0.5621 - Train Metric: 0.7834
Epoch 18/50 - Val Metric: 0.8000
Epoch 19/50 - Train Loss: 0.5654 - Train Metric: 0.7796
Epoch 19/50 - Val Metric: 0.7998
Epoch 20/50 - Train Loss: 0.5636 - Train Metric: 0.7817
Epoch 20/50 - Val Metric: 0.7993
Epoch 21/50 - Train Loss: 0.5627 - Train Metric: 0.7825
Epoch 21/50 - Val Metric: 0.7994
Epoch 22/50 - Train Loss: 0.5610 - Train Metric: 0.7840
Epoch 22/50 - Val Metric: 0.7992
Epoch 23/50 - Train Loss: 0.5612 - Train Metric: 0.7840
Epoch 23/50 - Val Metric: 0.7987
Epoch 24/50 - Train Loss: 0.5603 - Train Metric: 0.7844
Epoch 24/50 - Val Metric: 0.7991
Epoch 25/50 - Train Loss: 0.5612 - Train Metric: 0.7840
Epoch 25/50 - Val Metric: 0.7995
Epoch 26/50 - Train Loss: 0.5595 - Train Metric: 0.7854
Epoch 26/50 - Val Metric: 0.7984
Epoch 27/50 - Train Loss: 0.5595 - Train Metric: 0.7854
Epoch 27/50 - Val Metric: 0.7987
Epoch 28/50 - Train Loss: 0.5592 - Train Metric: 0.7854
Epoch 28/50 - Val Metric: 0.7993
Epoch 29/50 - Train Loss: 0.5586 - Train Metric: 0.7861
Epoch 29/50 - Val Metric: 0.7989
Epoch 30/50 - Train Loss: 0.5589 - Train Metric: 0.7864
Epoch 30/50 - Val Metric: 0.7993
Epoch 31/50 - Train Loss: 0.5590 - Train Metric: 0.7859
Epoch 31/50 - Val Metric: 0.7996
Epoch 32/50 - Train Loss: 0.5580 - Train Metric: 0.7869
Epoch 32/50 - Val Metric: 0.7987
Epoch 33/50 - Train Loss: 0.5619 - Train Metric: 0.7831
Epoch 33/50 - Val Metric: 0.7991
Epoch 34/50 - Train Loss: 0.5597 - Train Metric: 0.7852
Epoch 34/50 - Val Metric: 0.7993
Epoch 35/50 - Train Loss: 0.5585 - Train Metric: 0.7863
Epoch 35/50 - Val Metric: 0.7993
Epoch 36/50 - Train Loss: 0.5580 - Train Metric: 0.7867
Epoch 36/50 - Val Metric: 0.7988
Epoch 37/50 - Train Loss: 0.5586 - Train Metric: 0.7860
Epoch 37/50 - Val Metric: 0.7997
Epoch 38/50 - Train Loss: 0.5602 - Train Metric: 0.7852
Epoch 38/50 - Val Metric: 0.7986
Epoch 39/50 - Train Loss: 0.5578 - Train Metric: 0.7869
Epoch 39/50 - Val Metric: 0.7992
Epoch 40/50 - Train Loss: 0.5585 - Train Metric: 0.7864
Epoch 40/50 - Val Metric: 0.7996
Epoch 41/50 - Train Loss: 0.5598 - Train Metric: 0.7852
Epoch 41/50 - Val Metric: 0.7993
Epoch 42/50 - Train Loss: 0.5584 - Train Metric: 0.7861
Epoch 42/50 - Val Metric: 0.7993
Epoch 43/50 - Train Loss: 0.5573 - Train Metric: 0.7877
Epoch 43/50 - Val Metric: 0.7998
Epoch 44/50 - Train Loss: 0.5588 - Train Metric: 0.7863
Epoch 44/50 - Val Metric: 0.7991
Epoch 45/50 - Train Loss: 0.5574 - Train Metric: 0.7875
Epoch 45/50 - Val Metric: 0.7995
Epoch 46/50 - Train Loss: 0.5584 - Train Metric: 0.7865
Epoch 46/50 - Val Metric: 0.7990
Epoch 47/50 - Train Loss: 0.5596 - Train Metric: 0.7853
Epoch 47/50 - Val Metric: 0.7993
Epoch 48/50 - Train Loss: 0.5574 - Train Metric: 0.7876
Epoch 48/50 - Val Metric: 0.7991
Epoch 49/50 - Train Loss: 0.5583 - Train Metric: 0.7862
Epoch 49/50 - Val Metric: 0.7992
Epoch 50/50 - Train Loss: 0.5579 - Train Metric: 0.7872
Epoch 50/50 - Val Metric: 0.7991
Best val: 0.8007, Best test: 0.7958
Hyper-parameter search done. Found the best config.
Repeat experiments 5 times with the best train config {'batch_size': 128, 'gamma_rate': 1.0, 'base_lr': 0.001} and model config {'num_heads': 4, 'num_layers': 4, 'num_latents': 16, 'hidden_dim': 32, 'mlp_ratio': 0.5, 'dropout_prob': 0.2, 'top_k': 1}.
Training set has 8000 instances
Validation set has 1000 instances
Test set has 1000 instances
Epoch 1/50 - Train Loss: 0.6986 - Train Metric: 0.5128
Epoch 1/50 - Val Metric: 0.7465
Epoch 2/50 - Train Loss: 0.6954 - Train Metric: 0.5092
Epoch 2/50 - Val Metric: 0.7646
Epoch 3/50 - Train Loss: 0.6539 - Train Metric: 0.6518
Epoch 3/50 - Val Metric: 0.7764
Epoch 4/50 - Train Loss: 0.5857 - Train Metric: 0.7585
Epoch 4/50 - Val Metric: 0.7865
Epoch 5/50 - Train Loss: 0.5775 - Train Metric: 0.7675
Epoch 5/50 - Val Metric: 0.7893
Epoch 6/50 - Train Loss: 0.5739 - Train Metric: 0.7705
Epoch 6/50 - Val Metric: 0.7919
Epoch 7/50 - Train Loss: 0.5677 - Train Metric: 0.7771
Epoch 7/50 - Val Metric: 0.7917
Epoch 8/50 - Train Loss: 0.5671 - Train Metric: 0.7781
Epoch 8/50 - Val Metric: 0.7899
Epoch 9/50 - Train Loss: 0.5646 - Train Metric: 0.7801
Epoch 9/50 - Val Metric: 0.7895
Epoch 10/50 - Train Loss: 0.5654 - Train Metric: 0.7798
Epoch 10/50 - Val Metric: 0.7911
Epoch 11/50 - Train Loss: 0.5607 - Train Metric: 0.7837
Epoch 11/50 - Val Metric: 0.7919
Epoch 12/50 - Train Loss: 0.5639 - Train Metric: 0.7813
Epoch 12/50 - Val Metric: 0.7917
Epoch 13/50 - Train Loss: 0.5617 - Train Metric: 0.7831
Epoch 13/50 - Val Metric: 0.7912
Epoch 14/50 - Train Loss: 0.5600 - Train Metric: 0.7848
Epoch 14/50 - Val Metric: 0.7883
Epoch 15/50 - Train Loss: 0.5622 - Train Metric: 0.7821
Epoch 15/50 - Val Metric: 0.7901
Epoch 16/50 - Train Loss: 0.5625 - Train Metric: 0.7812
Epoch 16/50 - Val Metric: 0.7893
Epoch 17/50 - Train Loss: 0.5617 - Train Metric: 0.7829
Epoch 17/50 - Val Metric: 0.7905
Epoch 18/50 - Train Loss: 0.5607 - Train Metric: 0.7837
Epoch 18/50 - Val Metric: 0.7887
Epoch 19/50 - Train Loss: 0.5603 - Train Metric: 0.7839
Epoch 19/50 - Val Metric: 0.7867
Epoch 20/50 - Train Loss: 0.5618 - Train Metric: 0.7827
Epoch 20/50 - Val Metric: 0.7900
Epoch 21/50 - Train Loss: 0.5591 - Train Metric: 0.7854
Epoch 21/50 - Val Metric: 0.7890
Epoch 22/50 - Train Loss: 0.5585 - Train Metric: 0.7857
Epoch 22/50 - Val Metric: 0.7896
Epoch 23/50 - Train Loss: 0.5613 - Train Metric: 0.7833
Epoch 23/50 - Val Metric: 0.7909
Epoch 24/50 - Train Loss: 0.5560 - Train Metric: 0.7884
Epoch 24/50 - Val Metric: 0.7900
Epoch 25/50 - Train Loss: 0.5582 - Train Metric: 0.7859
Epoch 25/50 - Val Metric: 0.7894
Epoch 26/50 - Train Loss: 0.5601 - Train Metric: 0.7846
Epoch 26/50 - Val Metric: 0.7895
Epoch 27/50 - Train Loss: 0.5602 - Train Metric: 0.7844
Epoch 27/50 - Val Metric: 0.7904
Epoch 28/50 - Train Loss: 0.5583 - Train Metric: 0.7863
Epoch 28/50 - Val Metric: 0.7908
Epoch 29/50 - Train Loss: 0.5583 - Train Metric: 0.7864
Epoch 29/50 - Val Metric: 0.7857
Epoch 30/50 - Train Loss: 0.5569 - Train Metric: 0.7877
Epoch 30/50 - Val Metric: 0.7910
Epoch 31/50 - Train Loss: 0.5578 - Train Metric: 0.7867
Epoch 31/50 - Val Metric: 0.7897
Epoch 32/50 - Train Loss: 0.5553 - Train Metric: 0.7889
Epoch 32/50 - Val Metric: 0.7905
Epoch 33/50 - Train Loss: 0.5577 - Train Metric: 0.7868
Epoch 33/50 - Val Metric: 0.7890
Epoch 34/50 - Train Loss: 0.5553 - Train Metric: 0.7889
Epoch 34/50 - Val Metric: 0.7895
Epoch 35/50 - Train Loss: 0.5586 - Train Metric: 0.7859
Epoch 35/50 - Val Metric: 0.7896
Epoch 36/50 - Train Loss: 0.5550 - Train Metric: 0.7888
Epoch 36/50 - Val Metric: 0.7896
Epoch 37/50 - Train Loss: 0.5558 - Train Metric: 0.7883
Epoch 37/50 - Val Metric: 0.7910
Epoch 38/50 - Train Loss: 0.5539 - Train Metric: 0.7906
Epoch 38/50 - Val Metric: 0.7880
Epoch 39/50 - Train Loss: 0.5537 - Train Metric: 0.7911
Epoch 39/50 - Val Metric: 0.7912
Epoch 40/50 - Train Loss: 0.5541 - Train Metric: 0.7908
Epoch 40/50 - Val Metric: 0.7897
Epoch 41/50 - Train Loss: 0.5552 - Train Metric: 0.7893
Epoch 41/50 - Val Metric: 0.7901
Epoch 42/50 - Train Loss: 0.5539 - Train Metric: 0.7903
Epoch 42/50 - Val Metric: 0.7901
Epoch 43/50 - Train Loss: 0.5545 - Train Metric: 0.7896
Epoch 43/50 - Val Metric: 0.7907
Epoch 44/50 - Train Loss: 0.5543 - Train Metric: 0.7900
Epoch 44/50 - Val Metric: 0.7914
Epoch 45/50 - Train Loss: 0.5540 - Train Metric: 0.7905
Epoch 45/50 - Val Metric: 0.7911
Epoch 46/50 - Train Loss: 0.5533 - Train Metric: 0.7911
Epoch 46/50 - Val Metric: 0.7908
Epoch 47/50 - Train Loss: 0.5500 - Train Metric: 0.7943
Epoch 47/50 - Val Metric: 0.7928
Epoch 48/50 - Train Loss: 0.5515 - Train Metric: 0.7924
Epoch 48/50 - Val Metric: 0.7924
Epoch 49/50 - Train Loss: 0.5518 - Train Metric: 0.7925
Epoch 49/50 - Val Metric: 0.7913
Epoch 50/50 - Train Loss: 0.5514 - Train Metric: 0.7927
Epoch 50/50 - Val Metric: 0.7897
Best val: 0.7928, Best test: 0.8153
Training set has 8000 instances
Validation set has 1000 instances
Test set has 1000 instances
Epoch 1/50 - Train Loss: 0.7016 - Train Metric: 0.5107
Epoch 1/50 - Val Metric: 0.7340
Epoch 2/50 - Train Loss: 0.6967 - Train Metric: 0.5023
Epoch 2/50 - Val Metric: 0.7407
Epoch 3/50 - Train Loss: 0.6964 - Train Metric: 0.5035
Epoch 3/50 - Val Metric: 0.7423
Epoch 4/50 - Train Loss: 0.6418 - Train Metric: 0.6815
Epoch 4/50 - Val Metric: 0.7648
Epoch 5/50 - Train Loss: 0.5869 - Train Metric: 0.7562
Epoch 5/50 - Val Metric: 0.7736
Epoch 6/50 - Train Loss: 0.5741 - Train Metric: 0.7710
Epoch 6/50 - Val Metric: 0.7795
Epoch 7/50 - Train Loss: 0.5748 - Train Metric: 0.7702
Epoch 7/50 - Val Metric: 0.7802
Epoch 8/50 - Train Loss: 0.5687 - Train Metric: 0.7766
Epoch 8/50 - Val Metric: 0.7795
Epoch 9/50 - Train Loss: 0.5630 - Train Metric: 0.7818
Epoch 9/50 - Val Metric: 0.7825
Epoch 10/50 - Train Loss: 0.5622 - Train Metric: 0.7832
Epoch 10/50 - Val Metric: 0.7830
Epoch 11/50 - Train Loss: 0.5647 - Train Metric: 0.7804
Epoch 11/50 - Val Metric: 0.7850
Epoch 12/50 - Train Loss: 0.5617 - Train Metric: 0.7837
Epoch 12/50 - Val Metric: 0.7848
Epoch 13/50 - Train Loss: 0.5582 - Train Metric: 0.7866
Epoch 13/50 - Val Metric: 0.7856
Epoch 14/50 - Train Loss: 0.5606 - Train Metric: 0.7847
Epoch 14/50 - Val Metric: 0.7841
Epoch 15/50 - Train Loss: 0.5608 - Train Metric: 0.7844
Epoch 15/50 - Val Metric: 0.7813
Epoch 16/50 - Train Loss: 0.5601 - Train Metric: 0.7851
Epoch 16/50 - Val Metric: 0.7852
Epoch 17/50 - Train Loss: 0.5587 - Train Metric: 0.7862
Epoch 17/50 - Val Metric: 0.7842
Epoch 18/50 - Train Loss: 0.5556 - Train Metric: 0.7890
Epoch 18/50 - Val Metric: 0.7843
Epoch 19/50 - Train Loss: 0.5549 - Train Metric: 0.7900
Epoch 19/50 - Val Metric: 0.7832
Epoch 20/50 - Train Loss: 0.5585 - Train Metric: 0.7865
Epoch 20/50 - Val Metric: 0.7829
Epoch 21/50 - Train Loss: 0.5558 - Train Metric: 0.7886
Epoch 21/50 - Val Metric: 0.7848
Epoch 22/50 - Train Loss: 0.5546 - Train Metric: 0.7899
Epoch 22/50 - Val Metric: 0.7851
Epoch 23/50 - Train Loss: 0.5533 - Train Metric: 0.7914
Epoch 23/50 - Val Metric: 0.7827
Epoch 24/50 - Train Loss: 0.5548 - Train Metric: 0.7896
Epoch 24/50 - Val Metric: 0.7840
Epoch 25/50 - Train Loss: 0.5554 - Train Metric: 0.7892
Epoch 25/50 - Val Metric: 0.7859
Epoch 26/50 - Train Loss: 0.5586 - Train Metric: 0.7863
Epoch 26/50 - Val Metric: 0.7866
Epoch 27/50 - Train Loss: 0.5554 - Train Metric: 0.7893
Epoch 27/50 - Val Metric: 0.7858
Epoch 28/50 - Train Loss: 0.5530 - Train Metric: 0.7916
Epoch 28/50 - Val Metric: 0.7861
Epoch 29/50 - Train Loss: 0.5525 - Train Metric: 0.7916
Epoch 29/50 - Val Metric: 0.7860
Epoch 30/50 - Train Loss: 0.5534 - Train Metric: 0.7914
Epoch 30/50 - Val Metric: 0.7867
Epoch 31/50 - Train Loss: 0.5527 - Train Metric: 0.7918
Epoch 31/50 - Val Metric: 0.7839
Epoch 32/50 - Train Loss: 0.5520 - Train Metric: 0.7925
Epoch 32/50 - Val Metric: 0.7859
Epoch 33/50 - Train Loss: 0.5525 - Train Metric: 0.7919
Epoch 33/50 - Val Metric: 0.7860
Epoch 34/50 - Train Loss: 0.5547 - Train Metric: 0.7899
Epoch 34/50 - Val Metric: 0.7844
Epoch 35/50 - Train Loss: 0.5526 - Train Metric: 0.7913
Epoch 35/50 - Val Metric: 0.7848
Epoch 36/50 - Train Loss: 0.5538 - Train Metric: 0.7909
Epoch 36/50 - Val Metric: 0.7850
Epoch 37/50 - Train Loss: 0.5539 - Train Metric: 0.7904
Epoch 37/50 - Val Metric: 0.7845
Epoch 38/50 - Train Loss: 0.5508 - Train Metric: 0.7934
Epoch 38/50 - Val Metric: 0.7850
Epoch 39/50 - Train Loss: 0.5524 - Train Metric: 0.7920
Epoch 39/50 - Val Metric: 0.7844
Epoch 40/50 - Train Loss: 0.5507 - Train Metric: 0.7939
Epoch 40/50 - Val Metric: 0.7846
Epoch 41/50 - Train Loss: 0.5507 - Train Metric: 0.7933
Epoch 41/50 - Val Metric: 0.7852
Epoch 42/50 - Train Loss: 0.5518 - Train Metric: 0.7924
Epoch 42/50 - Val Metric: 0.7849
Epoch 43/50 - Train Loss: 0.5502 - Train Metric: 0.7934
Epoch 43/50 - Val Metric: 0.7869
Epoch 44/50 - Train Loss: 0.5501 - Train Metric: 0.7938
Epoch 44/50 - Val Metric: 0.7836
Epoch 45/50 - Train Loss: 0.5522 - Train Metric: 0.7922
Epoch 45/50 - Val Metric: 0.7828
Epoch 46/50 - Train Loss: 0.5497 - Train Metric: 0.7943
Epoch 46/50 - Val Metric: 0.7871
Epoch 47/50 - Train Loss: 0.5472 - Train Metric: 0.7966
Epoch 47/50 - Val Metric: 0.7813
Epoch 48/50 - Train Loss: 0.5510 - Train Metric: 0.7934
Epoch 48/50 - Val Metric: 0.7866
Epoch 49/50 - Train Loss: 0.5471 - Train Metric: 0.7970
Epoch 49/50 - Val Metric: 0.7850
Epoch 50/50 - Train Loss: 0.5471 - Train Metric: 0.7966
Epoch 50/50 - Val Metric: 0.7846
Best val: 0.7871, Best test: 0.7907
Training set has 8000 instances
Validation set has 1000 instances
Test set has 1000 instances
Epoch 1/50 - Train Loss: 0.7023 - Train Metric: 0.5008
Epoch 1/50 - Val Metric: 0.7007
Epoch 2/50 - Train Loss: 0.6954 - Train Metric: 0.5080
Epoch 2/50 - Val Metric: 0.7328
Epoch 3/50 - Train Loss: 0.6954 - Train Metric: 0.5021
Epoch 3/50 - Val Metric: 0.7341
Epoch 4/50 - Train Loss: 0.6936 - Train Metric: 0.5064
Epoch 4/50 - Val Metric: 0.7351
Epoch 5/50 - Train Loss: 0.6552 - Train Metric: 0.6553
Epoch 5/50 - Val Metric: 0.7528
Epoch 6/50 - Train Loss: 0.5803 - Train Metric: 0.7633
Epoch 6/50 - Val Metric: 0.7637
Epoch 7/50 - Train Loss: 0.5721 - Train Metric: 0.7731
Epoch 7/50 - Val Metric: 0.7363
Epoch 8/50 - Train Loss: 0.5690 - Train Metric: 0.7763
Epoch 8/50 - Val Metric: 0.7671
Epoch 9/50 - Train Loss: 0.5650 - Train Metric: 0.7800
Epoch 9/50 - Val Metric: 0.7688
Epoch 10/50 - Train Loss: 0.5648 - Train Metric: 0.7804
Epoch 10/50 - Val Metric: 0.7641
Epoch 11/50 - Train Loss: 0.5605 - Train Metric: 0.7843
Epoch 11/50 - Val Metric: 0.7750
Epoch 12/50 - Train Loss: 0.5592 - Train Metric: 0.7859
Epoch 12/50 - Val Metric: 0.7732
Epoch 13/50 - Train Loss: 0.5592 - Train Metric: 0.7851
Epoch 13/50 - Val Metric: 0.7753
Epoch 14/50 - Train Loss: 0.5596 - Train Metric: 0.7851
Epoch 14/50 - Val Metric: 0.7746
Epoch 15/50 - Train Loss: 0.5584 - Train Metric: 0.7867
Epoch 15/50 - Val Metric: 0.7730
Epoch 16/50 - Train Loss: 0.5582 - Train Metric: 0.7869
Epoch 16/50 - Val Metric: 0.7751
Epoch 17/50 - Train Loss: 0.5579 - Train Metric: 0.7872
Epoch 17/50 - Val Metric: 0.7697
Epoch 18/50 - Train Loss: 0.5584 - Train Metric: 0.7862
Epoch 18/50 - Val Metric: 0.7710
Epoch 19/50 - Train Loss: 0.5539 - Train Metric: 0.7904
Epoch 19/50 - Val Metric: 0.7768
Epoch 20/50 - Train Loss: 0.5550 - Train Metric: 0.7893
Epoch 20/50 - Val Metric: 0.7760
Epoch 21/50 - Train Loss: 0.5575 - Train Metric: 0.7876
Epoch 21/50 - Val Metric: 0.7773
Epoch 22/50 - Train Loss: 0.5551 - Train Metric: 0.7896
Epoch 22/50 - Val Metric: 0.7764
Epoch 23/50 - Train Loss: 0.5549 - Train Metric: 0.7896
Epoch 23/50 - Val Metric: 0.7775
Epoch 24/50 - Train Loss: 0.5511 - Train Metric: 0.7934
Epoch 24/50 - Val Metric: 0.7777
Epoch 25/50 - Train Loss: 0.5554 - Train Metric: 0.7888
Epoch 25/50 - Val Metric: 0.7766
Epoch 26/50 - Train Loss: 0.5576 - Train Metric: 0.7866
Epoch 26/50 - Val Metric: 0.7731
Epoch 27/50 - Train Loss: 0.5534 - Train Metric: 0.7905
Epoch 27/50 - Val Metric: 0.7779
Epoch 28/50 - Train Loss: 0.5537 - Train Metric: 0.7901
Epoch 28/50 - Val Metric: 0.7786
Epoch 29/50 - Train Loss: 0.5548 - Train Metric: 0.7895
Epoch 29/50 - Val Metric: 0.7741
Epoch 30/50 - Train Loss: 0.5524 - Train Metric: 0.7917
Epoch 30/50 - Val Metric: 0.7759
Epoch 31/50 - Train Loss: 0.5507 - Train Metric: 0.7935
Epoch 31/50 - Val Metric: 0.7778
Epoch 32/50 - Train Loss: 0.5533 - Train Metric: 0.7913
Epoch 32/50 - Val Metric: 0.7770
Epoch 33/50 - Train Loss: 0.5524 - Train Metric: 0.7916
Epoch 33/50 - Val Metric: 0.7747
Epoch 34/50 - Train Loss: 0.5513 - Train Metric: 0.7924
Epoch 34/50 - Val Metric: 0.7768
Epoch 35/50 - Train Loss: 0.5509 - Train Metric: 0.7936
Epoch 35/50 - Val Metric: 0.7757
Epoch 36/50 - Train Loss: 0.5492 - Train Metric: 0.7949
Epoch 36/50 - Val Metric: 0.7779
Epoch 37/50 - Train Loss: 0.5518 - Train Metric: 0.7920
Epoch 37/50 - Val Metric: 0.7774
Epoch 38/50 - Train Loss: 0.5484 - Train Metric: 0.7954
Epoch 38/50 - Val Metric: 0.7763
Epoch 39/50 - Train Loss: 0.5507 - Train Metric: 0.7931
Epoch 39/50 - Val Metric: 0.7770
Epoch 40/50 - Train Loss: 0.5465 - Train Metric: 0.7969
Epoch 40/50 - Val Metric: 0.7769
Epoch 41/50 - Train Loss: 0.5510 - Train Metric: 0.7933
Epoch 41/50 - Val Metric: 0.7740
Epoch 42/50 - Train Loss: 0.5498 - Train Metric: 0.7945
Epoch 42/50 - Val Metric: 0.7771
Epoch 43/50 - Train Loss: 0.5482 - Train Metric: 0.7954
Epoch 43/50 - Val Metric: 0.7775
Epoch 44/50 - Train Loss: 0.5466 - Train Metric: 0.7974
Epoch 44/50 - Val Metric: 0.7809
Epoch 45/50 - Train Loss: 0.5507 - Train Metric: 0.7931
Epoch 45/50 - Val Metric: 0.7783
Epoch 46/50 - Train Loss: 0.5481 - Train Metric: 0.7956
Epoch 46/50 - Val Metric: 0.7787
Epoch 47/50 - Train Loss: 0.5465 - Train Metric: 0.7969
Epoch 47/50 - Val Metric: 0.7791
Epoch 48/50 - Train Loss: 0.5463 - Train Metric: 0.7979
Epoch 48/50 - Val Metric: 0.7773
Epoch 49/50 - Train Loss: 0.5434 - Train Metric: 0.8002
Epoch 49/50 - Val Metric: 0.7801
Epoch 50/50 - Train Loss: 0.5487 - Train Metric: 0.7952
Epoch 50/50 - Val Metric: 0.7797
Best val: 0.7809, Best test: 0.7916
Training set has 8000 instances
Validation set has 1000 instances
Test set has 1000 instances
Epoch 1/50 - Train Loss: 0.7035 - Train Metric: 0.5030
Epoch 1/50 - Val Metric: 0.7705
Epoch 2/50 - Train Loss: 0.6974 - Train Metric: 0.4893
Epoch 2/50 - Val Metric: 0.7715
Epoch 3/50 - Train Loss: 0.6969 - Train Metric: 0.4973
Epoch 3/50 - Val Metric: 0.7740
Epoch 4/50 - Train Loss: 0.6331 - Train Metric: 0.6966
Epoch 4/50 - Val Metric: 0.7880
Epoch 5/50 - Train Loss: 0.5888 - Train Metric: 0.7558
Epoch 5/50 - Val Metric: 0.7941
Epoch 6/50 - Train Loss: 0.5804 - Train Metric: 0.7642
Epoch 6/50 - Val Metric: 0.7995
Epoch 7/50 - Train Loss: 0.5700 - Train Metric: 0.7754
Epoch 7/50 - Val Metric: 0.8002
Epoch 8/50 - Train Loss: 0.5644 - Train Metric: 0.7807
Epoch 8/50 - Val Metric: 0.8052
Epoch 9/50 - Train Loss: 0.5660 - Train Metric: 0.7791
Epoch 9/50 - Val Metric: 0.8061
Epoch 10/50 - Train Loss: 0.5623 - Train Metric: 0.7828
Epoch 10/50 - Val Metric: 0.8086
Epoch 11/50 - Train Loss: 0.5620 - Train Metric: 0.7834
Epoch 11/50 - Val Metric: 0.8081
Epoch 12/50 - Train Loss: 0.5602 - Train Metric: 0.7845
Epoch 12/50 - Val Metric: 0.8091
Epoch 13/50 - Train Loss: 0.5609 - Train Metric: 0.7840
Epoch 13/50 - Val Metric: 0.8085
Epoch 14/50 - Train Loss: 0.5595 - Train Metric: 0.7854
Epoch 14/50 - Val Metric: 0.8091
Epoch 15/50 - Train Loss: 0.5557 - Train Metric: 0.7888
Epoch 15/50 - Val Metric: 0.8093
Epoch 16/50 - Train Loss: 0.5582 - Train Metric: 0.7870
Epoch 16/50 - Val Metric: 0.8088
Epoch 17/50 - Train Loss: 0.5588 - Train Metric: 0.7857
Epoch 17/50 - Val Metric: 0.8123
Epoch 18/50 - Train Loss: 0.5564 - Train Metric: 0.7886
Epoch 18/50 - Val Metric: 0.8096
Epoch 19/50 - Train Loss: 0.5555 - Train Metric: 0.7893
Epoch 19/50 - Val Metric: 0.8040
Epoch 20/50 - Train Loss: 0.5566 - Train Metric: 0.7881
Epoch 20/50 - Val Metric: 0.8089
Epoch 21/50 - Train Loss: 0.5562 - Train Metric: 0.7884
Epoch 21/50 - Val Metric: 0.8098
Epoch 22/50 - Train Loss: 0.5552 - Train Metric: 0.7896
Epoch 22/50 - Val Metric: 0.8097
Epoch 23/50 - Train Loss: 0.5555 - Train Metric: 0.7888
Epoch 23/50 - Val Metric: 0.8117
Epoch 24/50 - Train Loss: 0.5539 - Train Metric: 0.7902
Epoch 24/50 - Val Metric: 0.8112
Epoch 25/50 - Train Loss: 0.5535 - Train Metric: 0.7913
Epoch 25/50 - Val Metric: 0.8125
Epoch 26/50 - Train Loss: 0.5576 - Train Metric: 0.7867
Epoch 26/50 - Val Metric: 0.8063
Epoch 27/50 - Train Loss: 0.5540 - Train Metric: 0.7902
Epoch 27/50 - Val Metric: 0.8105
Epoch 28/50 - Train Loss: 0.5540 - Train Metric: 0.7901
Epoch 28/50 - Val Metric: 0.8128
Epoch 29/50 - Train Loss: 0.5554 - Train Metric: 0.7885
Epoch 29/50 - Val Metric: 0.8114
Epoch 30/50 - Train Loss: 0.5535 - Train Metric: 0.7907
Epoch 30/50 - Val Metric: 0.8129
Epoch 31/50 - Train Loss: 0.5519 - Train Metric: 0.7915
Epoch 31/50 - Val Metric: 0.8107
Epoch 32/50 - Train Loss: 0.5519 - Train Metric: 0.7924
Epoch 32/50 - Val Metric: 0.8114
Epoch 33/50 - Train Loss: 0.5499 - Train Metric: 0.7940
Epoch 33/50 - Val Metric: 0.8117
Epoch 34/50 - Train Loss: 0.5524 - Train Metric: 0.7916
Epoch 34/50 - Val Metric: 0.8106
Epoch 35/50 - Train Loss: 0.5537 - Train Metric: 0.7903
Epoch 35/50 - Val Metric: 0.8119
Epoch 36/50 - Train Loss: 0.5516 - Train Metric: 0.7924
Epoch 36/50 - Val Metric: 0.8087
Epoch 37/50 - Train Loss: 0.5527 - Train Metric: 0.7913
Epoch 37/50 - Val Metric: 0.8117
Epoch 38/50 - Train Loss: 0.5542 - Train Metric: 0.7898
Epoch 38/50 - Val Metric: 0.8120
Epoch 39/50 - Train Loss: 0.5510 - Train Metric: 0.7929
Epoch 39/50 - Val Metric: 0.8116
Epoch 40/50 - Train Loss: 0.5518 - Train Metric: 0.7919
Epoch 40/50 - Val Metric: 0.8120
Epoch 41/50 - Train Loss: 0.5497 - Train Metric: 0.7941
Epoch 41/50 - Val Metric: 0.8135
Epoch 42/50 - Train Loss: 0.5520 - Train Metric: 0.7923
Epoch 42/50 - Val Metric: 0.8130
Epoch 43/50 - Train Loss: 0.5508 - Train Metric: 0.7930
Epoch 43/50 - Val Metric: 0.8135
Epoch 44/50 - Train Loss: 0.5496 - Train Metric: 0.7941
Epoch 44/50 - Val Metric: 0.8109
Epoch 45/50 - Train Loss: 0.5512 - Train Metric: 0.7925
Epoch 45/50 - Val Metric: 0.8112
Epoch 46/50 - Train Loss: 0.5502 - Train Metric: 0.7936
Epoch 46/50 - Val Metric: 0.8117
Epoch 47/50 - Train Loss: 0.5534 - Train Metric: 0.7908
Epoch 47/50 - Val Metric: 0.8123
Epoch 48/50 - Train Loss: 0.5524 - Train Metric: 0.7920
Epoch 48/50 - Val Metric: 0.8092
Epoch 49/50 - Train Loss: 0.5495 - Train Metric: 0.7942
Epoch 49/50 - Val Metric: 0.8134
Epoch 50/50 - Train Loss: 0.5498 - Train Metric: 0.7933
Epoch 50/50 - Val Metric: 0.8122
Best val: 0.8135, Best test: 0.7691
Training set has 8000 instances
Validation set has 1000 instances
Test set has 1000 instances
Epoch 1/50 - Train Loss: 0.7000 - Train Metric: 0.4977
Epoch 1/50 - Val Metric: 0.7536
Epoch 2/50 - Train Loss: 0.6940 - Train Metric: 0.5132
Epoch 2/50 - Val Metric: 0.7562
Epoch 3/50 - Train Loss: 0.6230 - Train Metric: 0.7106
Epoch 3/50 - Val Metric: 0.7697
Epoch 4/50 - Train Loss: 0.5857 - Train Metric: 0.7590
Epoch 4/50 - Val Metric: 0.7787
Epoch 5/50 - Train Loss: 0.5750 - Train Metric: 0.7702
Epoch 5/50 - Val Metric: 0.7824
Epoch 6/50 - Train Loss: 0.5714 - Train Metric: 0.7738
Epoch 6/50 - Val Metric: 0.7824
Epoch 7/50 - Train Loss: 0.5675 - Train Metric: 0.7777
Epoch 7/50 - Val Metric: 0.7829
Epoch 8/50 - Train Loss: 0.5662 - Train Metric: 0.7795
Epoch 8/50 - Val Metric: 0.7846
Epoch 9/50 - Train Loss: 0.5647 - Train Metric: 0.7806
Epoch 9/50 - Val Metric: 0.7843
Epoch 10/50 - Train Loss: 0.5644 - Train Metric: 0.7808
Epoch 10/50 - Val Metric: 0.7839
Epoch 11/50 - Train Loss: 0.5598 - Train Metric: 0.7852
Epoch 11/50 - Val Metric: 0.7838
Epoch 12/50 - Train Loss: 0.5587 - Train Metric: 0.7863
Epoch 12/50 - Val Metric: 0.7854
Epoch 13/50 - Train Loss: 0.5637 - Train Metric: 0.7819
Epoch 13/50 - Val Metric: 0.7854
Epoch 14/50 - Train Loss: 0.5627 - Train Metric: 0.7825
Epoch 14/50 - Val Metric: 0.7869
Epoch 15/50 - Train Loss: 0.5602 - Train Metric: 0.7852
Epoch 15/50 - Val Metric: 0.7787
Epoch 16/50 - Train Loss: 0.5588 - Train Metric: 0.7863
Epoch 16/50 - Val Metric: 0.7861
Epoch 17/50 - Train Loss: 0.5559 - Train Metric: 0.7892
Epoch 17/50 - Val Metric: 0.7817
Epoch 18/50 - Train Loss: 0.5578 - Train Metric: 0.7875
Epoch 18/50 - Val Metric: 0.7838
Epoch 19/50 - Train Loss: 0.5561 - Train Metric: 0.7890
Epoch 19/50 - Val Metric: 0.7815
Epoch 20/50 - Train Loss: 0.5550 - Train Metric: 0.7901
Epoch 20/50 - Val Metric: 0.7846
Epoch 21/50 - Train Loss: 0.5539 - Train Metric: 0.7910
Epoch 21/50 - Val Metric: 0.7854
Epoch 22/50 - Train Loss: 0.5534 - Train Metric: 0.7917
Epoch 22/50 - Val Metric: 0.7853
Epoch 23/50 - Train Loss: 0.5550 - Train Metric: 0.7902
Epoch 23/50 - Val Metric: 0.7844
Epoch 24/50 - Train Loss: 0.5503 - Train Metric: 0.7946
Epoch 24/50 - Val Metric: 0.7847
Epoch 25/50 - Train Loss: 0.5548 - Train Metric: 0.7901
Epoch 25/50 - Val Metric: 0.7854
Epoch 26/50 - Train Loss: 0.5536 - Train Metric: 0.7911
Epoch 26/50 - Val Metric: 0.7832
Epoch 27/50 - Train Loss: 0.5507 - Train Metric: 0.7941
Epoch 27/50 - Val Metric: 0.7829
Epoch 28/50 - Train Loss: 0.5519 - Train Metric: 0.7929
Epoch 28/50 - Val Metric: 0.7809
Epoch 29/50 - Train Loss: 0.5519 - Train Metric: 0.7925
Epoch 29/50 - Val Metric: 0.7832
Epoch 30/50 - Train Loss: 0.5489 - Train Metric: 0.7955
Epoch 30/50 - Val Metric: 0.7819
Epoch 31/50 - Train Loss: 0.5495 - Train Metric: 0.7950
Epoch 31/50 - Val Metric: 0.7814
Epoch 32/50 - Train Loss: 0.5494 - Train Metric: 0.7952
Epoch 32/50 - Val Metric: 0.7844
Epoch 33/50 - Train Loss: 0.5499 - Train Metric: 0.7948
Epoch 33/50 - Val Metric: 0.7825
Epoch 34/50 - Train Loss: 0.5522 - Train Metric: 0.7923
Epoch 34/50 - Val Metric: 0.7844
Epoch 35/50 - Train Loss: 0.5501 - Train Metric: 0.7947
Epoch 35/50 - Val Metric: 0.7842
Epoch 36/50 - Train Loss: 0.5508 - Train Metric: 0.7934
Epoch 36/50 - Val Metric: 0.7824
Epoch 37/50 - Train Loss: 0.5519 - Train Metric: 0.7931
Epoch 37/50 - Val Metric: 0.7807
Epoch 38/50 - Train Loss: 0.5482 - Train Metric: 0.7961
Epoch 38/50 - Val Metric: 0.7828
Epoch 39/50 - Train Loss: 0.5499 - Train Metric: 0.7948
Epoch 39/50 - Val Metric: 0.7804
Epoch 40/50 - Train Loss: 0.5485 - Train Metric: 0.7957
Epoch 40/50 - Val Metric: 0.7803
Epoch 41/50 - Train Loss: 0.5485 - Train Metric: 0.7958
Epoch 41/50 - Val Metric: 0.7834
Epoch 42/50 - Train Loss: 0.5469 - Train Metric: 0.7975
Epoch 42/50 - Val Metric: 0.7818
Epoch 43/50 - Train Loss: 0.5471 - Train Metric: 0.7973
Epoch 43/50 - Val Metric: 0.7864
Epoch 44/50 - Train Loss: 0.5483 - Train Metric: 0.7960
Epoch 44/50 - Val Metric: 0.7878
Epoch 45/50 - Train Loss: 0.5434 - Train Metric: 0.8008
Epoch 45/50 - Val Metric: 0.7871
Epoch 46/50 - Train Loss: 0.5444 - Train Metric: 0.7999
Epoch 46/50 - Val Metric: 0.7842
Epoch 47/50 - Train Loss: 0.5460 - Train Metric: 0.7981
Epoch 47/50 - Val Metric: 0.7872
Epoch 48/50 - Train Loss: 0.5506 - Train Metric: 0.7943
Epoch 48/50 - Val Metric: 0.7876
Epoch 49/50 - Train Loss: 0.5446 - Train Metric: 0.7996
Epoch 49/50 - Val Metric: 0.7894
Epoch 50/50 - Train Loss: 0.5443 - Train Metric: 0.7998
Epoch 50/50 - Val Metric: 0.7918
Best val: 0.7918, Best test: 0.7755
[0.81531018 0.79073882 0.79158473 0.76906669 0.77552909]
