Hyper-parameter search via Optuna
Namespace(task_type='binary_classification', scale='small', idx=10, epochs=50, num_trials=20, num_repeats=5, seed=0, exp_name='MemPerceiver_Ens_Attn', result_path='output/binary_classification/small/10/MemPerceiver_Ens_Attn.pt')
Device: cuda
Start building binary_classification dataset_small_10
Training set has 8000 instances
Validation set has 1000 instances
Test set has 1000 instances
Epoch 1/50 - Train Loss: 0.7045 - Train Metric: 0.4940
Epoch 1/50 - Val Metric: 0.6548
Epoch 2/50 - Train Loss: 0.6976 - Train Metric: 0.5101
Epoch 2/50 - Val Metric: 0.6906
Epoch 3/50 - Train Loss: 0.6987 - Train Metric: 0.4936
Epoch 3/50 - Val Metric: 0.7044
Epoch 4/50 - Train Loss: 0.6960 - Train Metric: 0.5124
Epoch 4/50 - Val Metric: 0.7130
Epoch 5/50 - Train Loss: 0.6967 - Train Metric: 0.5078
Epoch 5/50 - Val Metric: 0.7128
Epoch 6/50 - Train Loss: 0.6962 - Train Metric: 0.5086
Epoch 6/50 - Val Metric: 0.7156
Epoch 7/50 - Train Loss: 0.6967 - Train Metric: 0.5101
Epoch 7/50 - Val Metric: 0.7154
Epoch 8/50 - Train Loss: 0.6947 - Train Metric: 0.5214
Epoch 8/50 - Val Metric: 0.7164
Epoch 9/50 - Train Loss: 0.6950 - Train Metric: 0.5193
Epoch 9/50 - Val Metric: 0.7151
Epoch 10/50 - Train Loss: 0.6919 - Train Metric: 0.5366
Epoch 10/50 - Val Metric: 0.7175
Epoch 11/50 - Train Loss: 0.6865 - Train Metric: 0.5663
Epoch 11/50 - Val Metric: 0.7201
Epoch 12/50 - Train Loss: 0.6754 - Train Metric: 0.6085
Epoch 12/50 - Val Metric: 0.7197
Epoch 13/50 - Train Loss: 0.6619 - Train Metric: 0.6431
Epoch 13/50 - Val Metric: 0.7210
Epoch 14/50 - Train Loss: 0.6531 - Train Metric: 0.6628
Epoch 14/50 - Val Metric: 0.7219
Epoch 15/50 - Train Loss: 0.6451 - Train Metric: 0.6763
Epoch 15/50 - Val Metric: 0.7224
Epoch 16/50 - Train Loss: 0.6392 - Train Metric: 0.6865
Epoch 16/50 - Val Metric: 0.7233
Epoch 17/50 - Train Loss: 0.6378 - Train Metric: 0.6899
Epoch 17/50 - Val Metric: 0.7244
Epoch 18/50 - Train Loss: 0.6307 - Train Metric: 0.7012
Epoch 18/50 - Val Metric: 0.7252
Epoch 19/50 - Train Loss: 0.6312 - Train Metric: 0.6994
Epoch 19/50 - Val Metric: 0.7252
Epoch 20/50 - Train Loss: 0.6326 - Train Metric: 0.6973
Epoch 20/50 - Val Metric: 0.7262
Epoch 21/50 - Train Loss: 0.6315 - Train Metric: 0.6991
Epoch 21/50 - Val Metric: 0.7258
Epoch 22/50 - Train Loss: 0.6290 - Train Metric: 0.7025
Epoch 22/50 - Val Metric: 0.7258
Epoch 23/50 - Train Loss: 0.6224 - Train Metric: 0.7130
Epoch 23/50 - Val Metric: 0.7258
Epoch 24/50 - Train Loss: 0.6238 - Train Metric: 0.7116
Epoch 24/50 - Val Metric: 0.7260
Epoch 25/50 - Train Loss: 0.6248 - Train Metric: 0.7090
Epoch 25/50 - Val Metric: 0.7265
Epoch 26/50 - Train Loss: 0.6241 - Train Metric: 0.7097
Epoch 26/50 - Val Metric: 0.7268
Epoch 27/50 - Train Loss: 0.6237 - Train Metric: 0.7112
Epoch 27/50 - Val Metric: 0.7268
Epoch 28/50 - Train Loss: 0.6173 - Train Metric: 0.7204
Epoch 28/50 - Val Metric: 0.7267
Epoch 29/50 - Train Loss: 0.6203 - Train Metric: 0.7157
Epoch 29/50 - Val Metric: 0.7267
Epoch 30/50 - Train Loss: 0.6222 - Train Metric: 0.7131
Epoch 30/50 - Val Metric: 0.7267
Epoch 31/50 - Train Loss: 0.6263 - Train Metric: 0.7065
Epoch 31/50 - Val Metric: 0.7271
Epoch 32/50 - Train Loss: 0.6238 - Train Metric: 0.7110
Epoch 32/50 - Val Metric: 0.7273
Epoch 33/50 - Train Loss: 0.6174 - Train Metric: 0.7190
Epoch 33/50 - Val Metric: 0.7271
Epoch 34/50 - Train Loss: 0.6185 - Train Metric: 0.7180
Epoch 34/50 - Val Metric: 0.7275
Epoch 35/50 - Train Loss: 0.6203 - Train Metric: 0.7153
Epoch 35/50 - Val Metric: 0.7272
Epoch 36/50 - Train Loss: 0.6204 - Train Metric: 0.7167
Epoch 36/50 - Val Metric: 0.7276
Epoch 37/50 - Train Loss: 0.6177 - Train Metric: 0.7197
Epoch 37/50 - Val Metric: 0.7276
Epoch 38/50 - Train Loss: 0.6232 - Train Metric: 0.7120
Epoch 38/50 - Val Metric: 0.7276
Epoch 39/50 - Train Loss: 0.6166 - Train Metric: 0.7212
Epoch 39/50 - Val Metric: 0.7276
Epoch 40/50 - Train Loss: 0.6211 - Train Metric: 0.7146
Epoch 40/50 - Val Metric: 0.7279
Epoch 41/50 - Train Loss: 0.6164 - Train Metric: 0.7214
Epoch 41/50 - Val Metric: 0.7279
Epoch 42/50 - Train Loss: 0.6230 - Train Metric: 0.7123
Epoch 42/50 - Val Metric: 0.7276
Epoch 43/50 - Train Loss: 0.6209 - Train Metric: 0.7146
Epoch 43/50 - Val Metric: 0.7276
Epoch 44/50 - Train Loss: 0.6176 - Train Metric: 0.7196
Epoch 44/50 - Val Metric: 0.7278
Epoch 45/50 - Train Loss: 0.6194 - Train Metric: 0.7171
Epoch 45/50 - Val Metric: 0.7276
Epoch 46/50 - Train Loss: 0.6173 - Train Metric: 0.7197
Epoch 46/50 - Val Metric: 0.7278
Epoch 47/50 - Train Loss: 0.6153 - Train Metric: 0.7224
Epoch 47/50 - Val Metric: 0.7276
Epoch 48/50 - Train Loss: 0.6194 - Train Metric: 0.7172
Epoch 48/50 - Val Metric: 0.7280
Epoch 49/50 - Train Loss: 0.6173 - Train Metric: 0.7201
Epoch 49/50 - Val Metric: 0.7278
Epoch 50/50 - Train Loss: 0.6187 - Train Metric: 0.7182
Epoch 50/50 - Val Metric: 0.7276
Best val: 0.7280, Best test: 0.7753
Training set has 8000 instances
Validation set has 1000 instances
Test set has 1000 instances
Epoch 1/50 - Train Loss: 0.6983 - Train Metric: 0.4938
Epoch 1/50 - Val Metric: 0.7109
Epoch 2/50 - Train Loss: 0.6958 - Train Metric: 0.5031
Epoch 2/50 - Val Metric: 0.7146
Epoch 3/50 - Train Loss: 0.6945 - Train Metric: 0.4996
Epoch 3/50 - Val Metric: 0.7163
Epoch 4/50 - Train Loss: 0.6918 - Train Metric: 0.5245
Epoch 4/50 - Val Metric: 0.7135
Epoch 5/50 - Train Loss: 0.6247 - Train Metric: 0.7052
Epoch 5/50 - Val Metric: 0.7433
Epoch 6/50 - Train Loss: 0.5869 - Train Metric: 0.7502
Epoch 6/50 - Val Metric: 0.7641
Epoch 7/50 - Train Loss: 0.5746 - Train Metric: 0.7713
Epoch 7/50 - Val Metric: 0.7699
Epoch 8/50 - Train Loss: 0.5668 - Train Metric: 0.7783
Epoch 8/50 - Val Metric: 0.7726
Epoch 9/50 - Train Loss: 0.5604 - Train Metric: 0.7850
Epoch 9/50 - Val Metric: 0.7757
Epoch 10/50 - Train Loss: 0.5638 - Train Metric: 0.7823
Epoch 10/50 - Val Metric: 0.7759
Epoch 11/50 - Train Loss: 0.5687 - Train Metric: 0.7764
Epoch 11/50 - Val Metric: 0.7754
Epoch 12/50 - Train Loss: 0.5589 - Train Metric: 0.7865
Epoch 12/50 - Val Metric: 0.7763
Epoch 13/50 - Train Loss: 0.5570 - Train Metric: 0.7880
Epoch 13/50 - Val Metric: 0.7748
Epoch 14/50 - Train Loss: 0.5564 - Train Metric: 0.7884
Epoch 14/50 - Val Metric: 0.7767
Epoch 15/50 - Train Loss: 0.5562 - Train Metric: 0.7887
Epoch 15/50 - Val Metric: 0.7768
Epoch 16/50 - Train Loss: 0.5548 - Train Metric: 0.7899
Epoch 16/50 - Val Metric: 0.7770
Epoch 17/50 - Train Loss: 0.5542 - Train Metric: 0.7908
Epoch 17/50 - Val Metric: 0.7773
Epoch 18/50 - Train Loss: 0.5546 - Train Metric: 0.7900
Epoch 18/50 - Val Metric: 0.7770
Epoch 19/50 - Train Loss: 0.5546 - Train Metric: 0.7897
Epoch 19/50 - Val Metric: 0.7769
Epoch 20/50 - Train Loss: 0.5539 - Train Metric: 0.7909
Epoch 20/50 - Val Metric: 0.7775
Epoch 21/50 - Train Loss: 0.5553 - Train Metric: 0.7895
Epoch 21/50 - Val Metric: 0.7776
Epoch 22/50 - Train Loss: 0.5536 - Train Metric: 0.7909
Epoch 22/50 - Val Metric: 0.7769
Epoch 23/50 - Train Loss: 0.5537 - Train Metric: 0.7908
Epoch 23/50 - Val Metric: 0.7774
Epoch 24/50 - Train Loss: 0.5514 - Train Metric: 0.7931
Epoch 24/50 - Val Metric: 0.7771
Epoch 25/50 - Train Loss: 0.5515 - Train Metric: 0.7931
Epoch 25/50 - Val Metric: 0.7770
Epoch 26/50 - Train Loss: 0.5549 - Train Metric: 0.7901
Epoch 26/50 - Val Metric: 0.7770
Epoch 27/50 - Train Loss: 0.5503 - Train Metric: 0.7940
Epoch 27/50 - Val Metric: 0.7777
Epoch 28/50 - Train Loss: 0.5526 - Train Metric: 0.7921
Epoch 28/50 - Val Metric: 0.7786
Epoch 29/50 - Train Loss: 0.5520 - Train Metric: 0.7927
Epoch 29/50 - Val Metric: 0.7792
Epoch 30/50 - Train Loss: 0.5497 - Train Metric: 0.7946
Epoch 30/50 - Val Metric: 0.7776
Epoch 31/50 - Train Loss: 0.5523 - Train Metric: 0.7917
Epoch 31/50 - Val Metric: 0.7788
Epoch 32/50 - Train Loss: 0.5517 - Train Metric: 0.7924
Epoch 32/50 - Val Metric: 0.7793
Epoch 33/50 - Train Loss: 0.5528 - Train Metric: 0.7916
Epoch 33/50 - Val Metric: 0.7791
Epoch 34/50 - Train Loss: 0.5498 - Train Metric: 0.7945
Epoch 34/50 - Val Metric: 0.7782
Epoch 35/50 - Train Loss: 0.5503 - Train Metric: 0.7939
Epoch 35/50 - Val Metric: 0.7791
Epoch 36/50 - Train Loss: 0.5507 - Train Metric: 0.7937
Epoch 36/50 - Val Metric: 0.7794
Epoch 37/50 - Train Loss: 0.5514 - Train Metric: 0.7931
Epoch 37/50 - Val Metric: 0.7799
Epoch 38/50 - Train Loss: 0.5499 - Train Metric: 0.7944
Epoch 38/50 - Val Metric: 0.7790
Epoch 39/50 - Train Loss: 0.5492 - Train Metric: 0.7948
Epoch 39/50 - Val Metric: 0.7784
Epoch 40/50 - Train Loss: 0.5492 - Train Metric: 0.7948
Epoch 40/50 - Val Metric: 0.7791
Epoch 41/50 - Train Loss: 0.5507 - Train Metric: 0.7934
Epoch 41/50 - Val Metric: 0.7778
Epoch 42/50 - Train Loss: 0.5501 - Train Metric: 0.7943
Epoch 42/50 - Val Metric: 0.7791
Epoch 43/50 - Train Loss: 0.5492 - Train Metric: 0.7947
Epoch 43/50 - Val Metric: 0.7795
Epoch 44/50 - Train Loss: 0.5503 - Train Metric: 0.7943
Epoch 44/50 - Val Metric: 0.7789
Epoch 45/50 - Train Loss: 0.5508 - Train Metric: 0.7933
Epoch 45/50 - Val Metric: 0.7789
Epoch 46/50 - Train Loss: 0.5485 - Train Metric: 0.7956
Epoch 46/50 - Val Metric: 0.7789
Epoch 47/50 - Train Loss: 0.5478 - Train Metric: 0.7962
Epoch 47/50 - Val Metric: 0.7799
Epoch 48/50 - Train Loss: 0.5493 - Train Metric: 0.7950
Epoch 48/50 - Val Metric: 0.7791
Epoch 49/50 - Train Loss: 0.5495 - Train Metric: 0.7947
Epoch 49/50 - Val Metric: 0.7795
Epoch 50/50 - Train Loss: 0.5476 - Train Metric: 0.7961
Epoch 50/50 - Val Metric: 0.7789
Best val: 0.7799, Best test: 0.7723
Training set has 8000 instances
Validation set has 1000 instances
Test set has 1000 instances
Epoch 1/50 - Train Loss: 0.7160 - Train Metric: 0.5050
Epoch 1/50 - Val Metric: 0.7221
Epoch 2/50 - Train Loss: 0.6941 - Train Metric: 0.5071
Epoch 2/50 - Val Metric: 0.7065
Epoch 3/50 - Train Loss: 0.6967 - Train Metric: 0.5158
Epoch 3/50 - Val Metric: 0.6981
Epoch 4/50 - Train Loss: 0.6955 - Train Metric: 0.5063
Epoch 4/50 - Val Metric: 0.7016
Epoch 5/50 - Train Loss: 0.6938 - Train Metric: 0.5033
Epoch 5/50 - Val Metric: 0.7008
Epoch 6/50 - Train Loss: 0.6945 - Train Metric: 0.5031
Epoch 6/50 - Val Metric: 0.6980
Epoch 7/50 - Train Loss: 0.6945 - Train Metric: 0.4958
Epoch 7/50 - Val Metric: 0.7005
Epoch 8/50 - Train Loss: 0.6950 - Train Metric: 0.5034
Epoch 8/50 - Val Metric: 0.6981
Epoch 9/50 - Train Loss: 0.6933 - Train Metric: 0.5005
Epoch 9/50 - Val Metric: 0.6929
Epoch 10/50 - Train Loss: 0.6957 - Train Metric: 0.5062
Epoch 10/50 - Val Metric: 0.6928
Epoch 11/50 - Train Loss: 0.6948 - Train Metric: 0.5016
Epoch 11/50 - Val Metric: 0.6861
Epoch 12/50 - Train Loss: 0.6974 - Train Metric: 0.5173
Epoch 12/50 - Val Metric: 0.6893
Epoch 13/50 - Train Loss: 0.6898 - Train Metric: 0.5355
Epoch 13/50 - Val Metric: 0.6875
Epoch 14/50 - Train Loss: 0.7020 - Train Metric: 0.5034
Epoch 14/50 - Val Metric: 0.7088
Epoch 15/50 - Train Loss: 0.6948 - Train Metric: 0.5229
Epoch 15/50 - Val Metric: 0.7084
Epoch 16/50 - Train Loss: 0.6919 - Train Metric: 0.5243
Epoch 16/50 - Val Metric: 0.6968
Epoch 17/50 - Train Loss: 0.6589 - Train Metric: 0.6393
Epoch 17/50 - Val Metric: 0.7530
Epoch 18/50 - Train Loss: 0.5968 - Train Metric: 0.7403
Epoch 18/50 - Val Metric: 0.7702
Epoch 19/50 - Train Loss: 0.5868 - Train Metric: 0.7516
Epoch 19/50 - Val Metric: 0.7720
Epoch 20/50 - Train Loss: 0.5860 - Train Metric: 0.7534
Epoch 20/50 - Val Metric: 0.7757
Epoch 21/50 - Train Loss: 0.5791 - Train Metric: 0.7597
Epoch 21/50 - Val Metric: 0.7789
Epoch 22/50 - Train Loss: 0.5740 - Train Metric: 0.7694
Epoch 22/50 - Val Metric: 0.7838
Epoch 23/50 - Train Loss: 0.5681 - Train Metric: 0.7780
Epoch 23/50 - Val Metric: 0.7886
Epoch 24/50 - Train Loss: 0.5640 - Train Metric: 0.7811
Epoch 24/50 - Val Metric: 0.7914
Epoch 25/50 - Train Loss: 0.5665 - Train Metric: 0.7789
Epoch 25/50 - Val Metric: 0.7937
Epoch 26/50 - Train Loss: 0.5642 - Train Metric: 0.7805
Epoch 26/50 - Val Metric: 0.7929
Epoch 27/50 - Train Loss: 0.5619 - Train Metric: 0.7833
Epoch 27/50 - Val Metric: 0.7935
Epoch 28/50 - Train Loss: 0.5564 - Train Metric: 0.7882
Epoch 28/50 - Val Metric: 0.7932
Epoch 29/50 - Train Loss: 0.5556 - Train Metric: 0.7886
Epoch 29/50 - Val Metric: 0.7928
Epoch 30/50 - Train Loss: 0.5556 - Train Metric: 0.7893
Epoch 30/50 - Val Metric: 0.7922
Epoch 31/50 - Train Loss: 0.5559 - Train Metric: 0.7884
Epoch 31/50 - Val Metric: 0.7922
Epoch 32/50 - Train Loss: 0.5556 - Train Metric: 0.7893
Epoch 32/50 - Val Metric: 0.7931
Epoch 33/50 - Train Loss: 0.5530 - Train Metric: 0.7912
Epoch 33/50 - Val Metric: 0.7924
Epoch 34/50 - Train Loss: 0.5537 - Train Metric: 0.7905
Epoch 34/50 - Val Metric: 0.7930
Epoch 35/50 - Train Loss: 0.5524 - Train Metric: 0.7916
Epoch 35/50 - Val Metric: 0.7944
Epoch 36/50 - Train Loss: 0.5512 - Train Metric: 0.7928
Epoch 36/50 - Val Metric: 0.7951
Epoch 37/50 - Train Loss: 0.5512 - Train Metric: 0.7927
Epoch 37/50 - Val Metric: 0.7955
Epoch 38/50 - Train Loss: 0.5527 - Train Metric: 0.7917
Epoch 38/50 - Val Metric: 0.7957
Epoch 39/50 - Train Loss: 0.5492 - Train Metric: 0.7947
Epoch 39/50 - Val Metric: 0.7947
Epoch 40/50 - Train Loss: 0.5507 - Train Metric: 0.7934
Epoch 40/50 - Val Metric: 0.7951
Epoch 41/50 - Train Loss: 0.5500 - Train Metric: 0.7941
Epoch 41/50 - Val Metric: 0.7946
Epoch 42/50 - Train Loss: 0.5485 - Train Metric: 0.7954
Epoch 42/50 - Val Metric: 0.7945
Epoch 43/50 - Train Loss: 0.5465 - Train Metric: 0.7971
Epoch 43/50 - Val Metric: 0.7932
Epoch 44/50 - Train Loss: 0.5473 - Train Metric: 0.7966
Epoch 44/50 - Val Metric: 0.7932
Epoch 45/50 - Train Loss: 0.5490 - Train Metric: 0.7949
Epoch 45/50 - Val Metric: 0.7914
Epoch 46/50 - Train Loss: 0.5486 - Train Metric: 0.7955
Epoch 46/50 - Val Metric: 0.7940
Epoch 47/50 - Train Loss: 0.5464 - Train Metric: 0.7969
Epoch 47/50 - Val Metric: 0.7930
Epoch 48/50 - Train Loss: 0.5473 - Train Metric: 0.7962
Epoch 48/50 - Val Metric: 0.7935
Epoch 49/50 - Train Loss: 0.5457 - Train Metric: 0.7980
Epoch 49/50 - Val Metric: 0.7923
Epoch 50/50 - Train Loss: 0.5462 - Train Metric: 0.7973
Epoch 50/50 - Val Metric: 0.7951
Best val: 0.7957, Best test: 0.8046
Training set has 8000 instances
Validation set has 1000 instances
Test set has 1000 instances
Epoch 1/50 - Train Loss: 0.7094 - Train Metric: 0.4914
Epoch 1/50 - Val Metric: 0.7295
Epoch 2/50 - Train Loss: 0.6983 - Train Metric: 0.5045
Epoch 2/50 - Val Metric: 0.7104
Epoch 3/50 - Train Loss: 0.6964 - Train Metric: 0.5074
Epoch 3/50 - Val Metric: 0.7414
Epoch 4/50 - Train Loss: 0.6948 - Train Metric: 0.5118
Epoch 4/50 - Val Metric: 0.7386
Epoch 5/50 - Train Loss: 0.6954 - Train Metric: 0.5075
Epoch 5/50 - Val Metric: 0.7366
Epoch 6/50 - Train Loss: 0.6956 - Train Metric: 0.5036
Epoch 6/50 - Val Metric: 0.7476
Epoch 7/50 - Train Loss: 0.6930 - Train Metric: 0.5205
Epoch 7/50 - Val Metric: 0.6533
Epoch 8/50 - Train Loss: 0.6787 - Train Metric: 0.5931
Epoch 8/50 - Val Metric: 0.7539
Epoch 9/50 - Train Loss: 0.6470 - Train Metric: 0.6732
Epoch 9/50 - Val Metric: 0.7566
Epoch 10/50 - Train Loss: 0.6083 - Train Metric: 0.7310
Epoch 10/50 - Val Metric: 0.7628
Epoch 11/50 - Train Loss: 0.6018 - Train Metric: 0.7395
Epoch 11/50 - Val Metric: 0.7668
Epoch 12/50 - Train Loss: 0.5893 - Train Metric: 0.7543
Epoch 12/50 - Val Metric: 0.7694
Epoch 13/50 - Train Loss: 0.5886 - Train Metric: 0.7558
Epoch 13/50 - Val Metric: 0.7718
Epoch 14/50 - Train Loss: 0.5880 - Train Metric: 0.7561
Epoch 14/50 - Val Metric: 0.7733
Epoch 15/50 - Train Loss: 0.5871 - Train Metric: 0.7566
Epoch 15/50 - Val Metric: 0.7741
Epoch 16/50 - Train Loss: 0.5816 - Train Metric: 0.7626
Epoch 16/50 - Val Metric: 0.7750
Epoch 17/50 - Train Loss: 0.5799 - Train Metric: 0.7649
Epoch 17/50 - Val Metric: 0.7759
Epoch 18/50 - Train Loss: 0.5825 - Train Metric: 0.7623
Epoch 18/50 - Val Metric: 0.7768
Epoch 19/50 - Train Loss: 0.5852 - Train Metric: 0.7591
Epoch 19/50 - Val Metric: 0.7771
Epoch 20/50 - Train Loss: 0.5912 - Train Metric: 0.7527
Epoch 20/50 - Val Metric: 0.7775
Epoch 21/50 - Train Loss: 0.5808 - Train Metric: 0.7644
Epoch 21/50 - Val Metric: 0.7771
Epoch 22/50 - Train Loss: 0.5766 - Train Metric: 0.7686
Epoch 22/50 - Val Metric: 0.7782
Epoch 23/50 - Train Loss: 0.5755 - Train Metric: 0.7700
Epoch 23/50 - Val Metric: 0.7792
Epoch 24/50 - Train Loss: 0.5796 - Train Metric: 0.7655
Epoch 24/50 - Val Metric: 0.7786
Epoch 25/50 - Train Loss: 0.5726 - Train Metric: 0.7725
Epoch 25/50 - Val Metric: 0.7790
Epoch 26/50 - Train Loss: 0.5777 - Train Metric: 0.7674
Epoch 26/50 - Val Metric: 0.7796
Epoch 27/50 - Train Loss: 0.5732 - Train Metric: 0.7722
Epoch 27/50 - Val Metric: 0.7799
Epoch 28/50 - Train Loss: 0.5784 - Train Metric: 0.7666
Epoch 28/50 - Val Metric: 0.7792
Epoch 29/50 - Train Loss: 0.5730 - Train Metric: 0.7726
Epoch 29/50 - Val Metric: 0.7802
Epoch 30/50 - Train Loss: 0.5738 - Train Metric: 0.7716
Epoch 30/50 - Val Metric: 0.7804
Epoch 31/50 - Train Loss: 0.5728 - Train Metric: 0.7726
Epoch 31/50 - Val Metric: 0.7811
Epoch 32/50 - Train Loss: 0.5715 - Train Metric: 0.7737
Epoch 32/50 - Val Metric: 0.7812
Epoch 33/50 - Train Loss: 0.5731 - Train Metric: 0.7722
Epoch 33/50 - Val Metric: 0.7814
Epoch 34/50 - Train Loss: 0.5720 - Train Metric: 0.7733
Epoch 34/50 - Val Metric: 0.7812
Epoch 35/50 - Train Loss: 0.5737 - Train Metric: 0.7713
Epoch 35/50 - Val Metric: 0.7813
Epoch 36/50 - Train Loss: 0.5696 - Train Metric: 0.7762
Epoch 36/50 - Val Metric: 0.7813
Epoch 37/50 - Train Loss: 0.5742 - Train Metric: 0.7710
Epoch 37/50 - Val Metric: 0.7814
Epoch 38/50 - Train Loss: 0.5710 - Train Metric: 0.7745
Epoch 38/50 - Val Metric: 0.7813
Epoch 39/50 - Train Loss: 0.5717 - Train Metric: 0.7738
Epoch 39/50 - Val Metric: 0.7821
Epoch 40/50 - Train Loss: 0.5719 - Train Metric: 0.7734
Epoch 40/50 - Val Metric: 0.7821
Epoch 41/50 - Train Loss: 0.5696 - Train Metric: 0.7755
Epoch 41/50 - Val Metric: 0.7818
Epoch 42/50 - Train Loss: 0.5688 - Train Metric: 0.7767
Epoch 42/50 - Val Metric: 0.7810
Epoch 43/50 - Train Loss: 0.5693 - Train Metric: 0.7763
Epoch 43/50 - Val Metric: 0.7819
Epoch 44/50 - Train Loss: 0.5700 - Train Metric: 0.7752
Epoch 44/50 - Val Metric: 0.7829
Epoch 45/50 - Train Loss: 0.5697 - Train Metric: 0.7755
Epoch 45/50 - Val Metric: 0.7825
Epoch 46/50 - Train Loss: 0.5675 - Train Metric: 0.7782
Epoch 46/50 - Val Metric: 0.7820
Epoch 47/50 - Train Loss: 0.5698 - Train Metric: 0.7757
Epoch 47/50 - Val Metric: 0.7826
Epoch 48/50 - Train Loss: 0.5744 - Train Metric: 0.7706
Epoch 48/50 - Val Metric: 0.7834
Epoch 49/50 - Train Loss: 0.5708 - Train Metric: 0.7743
Epoch 49/50 - Val Metric: 0.7837
Epoch 50/50 - Train Loss: 0.5685 - Train Metric: 0.7771
Epoch 50/50 - Val Metric: 0.7837
Best val: 0.7837, Best test: 0.8053
Training set has 8000 instances
Validation set has 1000 instances
Test set has 1000 instances
Epoch 1/50 - Train Loss: 0.7129 - Train Metric: 0.5105
Epoch 1/50 - Val Metric: 0.7228
Epoch 2/50 - Train Loss: 0.6984 - Train Metric: 0.5037
Epoch 2/50 - Val Metric: 0.7276
Epoch 3/50 - Train Loss: 0.6983 - Train Metric: 0.4992
Epoch 3/50 - Val Metric: 0.7240
Epoch 4/50 - Train Loss: 0.7003 - Train Metric: 0.4984
Epoch 4/50 - Val Metric: 0.7400
Epoch 5/50 - Train Loss: 0.6979 - Train Metric: 0.5052
Epoch 5/50 - Val Metric: 0.7513
Epoch 6/50 - Train Loss: 0.6972 - Train Metric: 0.4961
Epoch 6/50 - Val Metric: 0.7426
Epoch 7/50 - Train Loss: 0.6964 - Train Metric: 0.4978
Epoch 7/50 - Val Metric: 0.6456
Epoch 8/50 - Train Loss: 0.6919 - Train Metric: 0.5329
Epoch 8/50 - Val Metric: 0.7570
Epoch 9/50 - Train Loss: 0.6938 - Train Metric: 0.5643
Epoch 9/50 - Val Metric: 0.7543
Epoch 10/50 - Train Loss: 0.6624 - Train Metric: 0.6525
Epoch 10/50 - Val Metric: 0.7646
Epoch 11/50 - Train Loss: 0.6415 - Train Metric: 0.6851
Epoch 11/50 - Val Metric: 0.7754
Epoch 12/50 - Train Loss: 0.6006 - Train Metric: 0.7416
Epoch 12/50 - Val Metric: 0.7795
Epoch 13/50 - Train Loss: 0.5846 - Train Metric: 0.7602
Epoch 13/50 - Val Metric: 0.7814
Epoch 14/50 - Train Loss: 0.5892 - Train Metric: 0.7550
Epoch 14/50 - Val Metric: 0.7820
Epoch 15/50 - Train Loss: 0.5799 - Train Metric: 0.7652
Epoch 15/50 - Val Metric: 0.7836
Epoch 16/50 - Train Loss: 0.5784 - Train Metric: 0.7673
Epoch 16/50 - Val Metric: 0.7856
Epoch 17/50 - Train Loss: 0.5790 - Train Metric: 0.7664
Epoch 17/50 - Val Metric: 0.7883
Epoch 18/50 - Train Loss: 0.5761 - Train Metric: 0.7696
Epoch 18/50 - Val Metric: 0.7876
Epoch 19/50 - Train Loss: 0.5762 - Train Metric: 0.7695
Epoch 19/50 - Val Metric: 0.7867
Epoch 20/50 - Train Loss: 0.5768 - Train Metric: 0.7685
Epoch 20/50 - Val Metric: 0.7878
Epoch 21/50 - Train Loss: 0.5713 - Train Metric: 0.7745
Epoch 21/50 - Val Metric: 0.7916
Epoch 22/50 - Train Loss: 0.5807 - Train Metric: 0.7645
Epoch 22/50 - Val Metric: 0.7872
Epoch 23/50 - Train Loss: 0.5738 - Train Metric: 0.7713
Epoch 23/50 - Val Metric: 0.7951
Epoch 24/50 - Train Loss: 0.5696 - Train Metric: 0.7757
Epoch 24/50 - Val Metric: 0.7937
Epoch 25/50 - Train Loss: 0.5695 - Train Metric: 0.7760
Epoch 25/50 - Val Metric: 0.7856
Epoch 26/50 - Train Loss: 0.5734 - Train Metric: 0.7719
Epoch 26/50 - Val Metric: 0.7917
Epoch 27/50 - Train Loss: 0.5732 - Train Metric: 0.7725
Epoch 27/50 - Val Metric: 0.7960
Epoch 28/50 - Train Loss: 0.5707 - Train Metric: 0.7750
Epoch 28/50 - Val Metric: 0.7965
Epoch 29/50 - Train Loss: 0.5689 - Train Metric: 0.7770
Epoch 29/50 - Val Metric: 0.7971
Epoch 30/50 - Train Loss: 0.5670 - Train Metric: 0.7788
Epoch 30/50 - Val Metric: 0.7981
Epoch 31/50 - Train Loss: 0.5645 - Train Metric: 0.7811
Epoch 31/50 - Val Metric: 0.7926
Epoch 32/50 - Train Loss: 0.5688 - Train Metric: 0.7763
Epoch 32/50 - Val Metric: 0.7908
Epoch 33/50 - Train Loss: 0.5725 - Train Metric: 0.7727
Epoch 33/50 - Val Metric: 0.7952
Epoch 34/50 - Train Loss: 0.5658 - Train Metric: 0.7802
Epoch 34/50 - Val Metric: 0.7983
Epoch 35/50 - Train Loss: 0.5657 - Train Metric: 0.7800
Epoch 35/50 - Val Metric: 0.7973
Epoch 36/50 - Train Loss: 0.5622 - Train Metric: 0.7833
Epoch 36/50 - Val Metric: 0.7979
Epoch 37/50 - Train Loss: 0.5629 - Train Metric: 0.7831
Epoch 37/50 - Val Metric: 0.7960
Epoch 38/50 - Train Loss: 0.5644 - Train Metric: 0.7813
Epoch 38/50 - Val Metric: 0.7953
Epoch 39/50 - Train Loss: 0.5617 - Train Metric: 0.7839
Epoch 39/50 - Val Metric: 0.7970
Epoch 40/50 - Train Loss: 0.5629 - Train Metric: 0.7827
Epoch 40/50 - Val Metric: 0.7975
Epoch 41/50 - Train Loss: 0.5630 - Train Metric: 0.7827
Epoch 41/50 - Val Metric: 0.7985
Epoch 42/50 - Train Loss: 0.5654 - Train Metric: 0.7802
Epoch 42/50 - Val Metric: 0.7947
Epoch 43/50 - Train Loss: 0.5701 - Train Metric: 0.7762
Epoch 43/50 - Val Metric: 0.7977
Epoch 44/50 - Train Loss: 0.5623 - Train Metric: 0.7832
Epoch 44/50 - Val Metric: 0.7987
Epoch 45/50 - Train Loss: 0.5636 - Train Metric: 0.7817
Epoch 45/50 - Val Metric: 0.7981
Epoch 46/50 - Train Loss: 0.5645 - Train Metric: 0.7810
Epoch 46/50 - Val Metric: 0.7991
Epoch 47/50 - Train Loss: 0.5643 - Train Metric: 0.7811
Epoch 47/50 - Val Metric: 0.7991
Epoch 48/50 - Train Loss: 0.5658 - Train Metric: 0.7800
Epoch 48/50 - Val Metric: 0.7999
Epoch 49/50 - Train Loss: 0.5712 - Train Metric: 0.7741
Epoch 49/50 - Val Metric: 0.7944
Epoch 50/50 - Train Loss: 0.5619 - Train Metric: 0.7834
Epoch 50/50 - Val Metric: 0.7992
Best val: 0.7999, Best test: 0.7946
Training set has 8000 instances
Validation set has 1000 instances
Test set has 1000 instances
Epoch 1/50 - Train Loss: 0.6954 - Train Metric: 0.5105
Epoch 1/50 - Val Metric: 0.7405
Epoch 2/50 - Train Loss: 0.6924 - Train Metric: 0.5337
Epoch 2/50 - Val Metric: 0.7395
Epoch 3/50 - Train Loss: 0.6897 - Train Metric: 0.5387
Epoch 3/50 - Val Metric: 0.7582
Epoch 4/50 - Train Loss: 0.6707 - Train Metric: 0.6363
Epoch 4/50 - Val Metric: 0.7497
Epoch 5/50 - Train Loss: 0.6129 - Train Metric: 0.7278
Epoch 5/50 - Val Metric: 0.7668
Epoch 6/50 - Train Loss: 0.6046 - Train Metric: 0.7377
Epoch 6/50 - Val Metric: 0.7730
Epoch 7/50 - Train Loss: 0.5874 - Train Metric: 0.7589
Epoch 7/50 - Val Metric: 0.7773
Epoch 8/50 - Train Loss: 0.5877 - Train Metric: 0.7582
Epoch 8/50 - Val Metric: 0.7772
Epoch 9/50 - Train Loss: 0.5814 - Train Metric: 0.7644
Epoch 9/50 - Val Metric: 0.7791
Epoch 10/50 - Train Loss: 0.5804 - Train Metric: 0.7659
Epoch 10/50 - Val Metric: 0.7804
Epoch 11/50 - Train Loss: 0.5749 - Train Metric: 0.7714
Epoch 11/50 - Val Metric: 0.7806
Epoch 12/50 - Train Loss: 0.5787 - Train Metric: 0.7670
Epoch 12/50 - Val Metric: 0.7812
Epoch 13/50 - Train Loss: 0.5732 - Train Metric: 0.7731
Epoch 13/50 - Val Metric: 0.7817
Epoch 14/50 - Train Loss: 0.5743 - Train Metric: 0.7714
Epoch 14/50 - Val Metric: 0.7823
Epoch 15/50 - Train Loss: 0.5740 - Train Metric: 0.7717
Epoch 15/50 - Val Metric: 0.7811
Epoch 16/50 - Train Loss: 0.5757 - Train Metric: 0.7699
Epoch 16/50 - Val Metric: 0.7834
Epoch 17/50 - Train Loss: 0.5735 - Train Metric: 0.7724
Epoch 17/50 - Val Metric: 0.7824
Epoch 18/50 - Train Loss: 0.5710 - Train Metric: 0.7746
Epoch 18/50 - Val Metric: 0.7834
Epoch 19/50 - Train Loss: 0.5719 - Train Metric: 0.7741
Epoch 19/50 - Val Metric: 0.7836
Epoch 20/50 - Train Loss: 0.5725 - Train Metric: 0.7732
Epoch 20/50 - Val Metric: 0.7830
Epoch 21/50 - Train Loss: 0.5735 - Train Metric: 0.7723
Epoch 21/50 - Val Metric: 0.7830
Epoch 22/50 - Train Loss: 0.5714 - Train Metric: 0.7745
Epoch 22/50 - Val Metric: 0.7835
Epoch 23/50 - Train Loss: 0.5721 - Train Metric: 0.7735
Epoch 23/50 - Val Metric: 0.7838
Epoch 24/50 - Train Loss: 0.5712 - Train Metric: 0.7745
Epoch 24/50 - Val Metric: 0.7841
Epoch 25/50 - Train Loss: 0.5701 - Train Metric: 0.7756
Epoch 25/50 - Val Metric: 0.7836
Epoch 26/50 - Train Loss: 0.5694 - Train Metric: 0.7764
Epoch 26/50 - Val Metric: 0.7842
Epoch 27/50 - Train Loss: 0.5703 - Train Metric: 0.7750
Epoch 27/50 - Val Metric: 0.7836
Epoch 28/50 - Train Loss: 0.5688 - Train Metric: 0.7769
Epoch 28/50 - Val Metric: 0.7843
Epoch 29/50 - Train Loss: 0.5704 - Train Metric: 0.7753
Epoch 29/50 - Val Metric: 0.7837
Epoch 30/50 - Train Loss: 0.5705 - Train Metric: 0.7752
Epoch 30/50 - Val Metric: 0.7844
Epoch 31/50 - Train Loss: 0.5694 - Train Metric: 0.7763
Epoch 31/50 - Val Metric: 0.7838
Epoch 32/50 - Train Loss: 0.5688 - Train Metric: 0.7771
Epoch 32/50 - Val Metric: 0.7840
Epoch 33/50 - Train Loss: 0.5689 - Train Metric: 0.7767
Epoch 33/50 - Val Metric: 0.7841
Epoch 34/50 - Train Loss: 0.5684 - Train Metric: 0.7771
Epoch 34/50 - Val Metric: 0.7842
Epoch 35/50 - Train Loss: 0.5683 - Train Metric: 0.7776
Epoch 35/50 - Val Metric: 0.7836
Epoch 36/50 - Train Loss: 0.5695 - Train Metric: 0.7760
Epoch 36/50 - Val Metric: 0.7841
Epoch 37/50 - Train Loss: 0.5691 - Train Metric: 0.7764
Epoch 37/50 - Val Metric: 0.7841
Epoch 38/50 - Train Loss: 0.5686 - Train Metric: 0.7770
Epoch 38/50 - Val Metric: 0.7844
Epoch 39/50 - Train Loss: 0.5689 - Train Metric: 0.7768
Epoch 39/50 - Val Metric: 0.7842
Epoch 40/50 - Train Loss: 0.5694 - Train Metric: 0.7762
Epoch 40/50 - Val Metric: 0.7844
Epoch 41/50 - Train Loss: 0.5697 - Train Metric: 0.7760
Epoch 41/50 - Val Metric: 0.7838
Epoch 42/50 - Train Loss: 0.5692 - Train Metric: 0.7763
Epoch 42/50 - Val Metric: 0.7844
Epoch 43/50 - Train Loss: 0.5696 - Train Metric: 0.7762
Epoch 43/50 - Val Metric: 0.7845
Epoch 44/50 - Train Loss: 0.5686 - Train Metric: 0.7771
Epoch 44/50 - Val Metric: 0.7843
Epoch 45/50 - Train Loss: 0.5681 - Train Metric: 0.7775
Epoch 45/50 - Val Metric: 0.7839
Epoch 46/50 - Train Loss: 0.5689 - Train Metric: 0.7770
Epoch 46/50 - Val Metric: 0.7840
Epoch 47/50 - Train Loss: 0.5683 - Train Metric: 0.7773
Epoch 47/50 - Val Metric: 0.7840
Epoch 48/50 - Train Loss: 0.5682 - Train Metric: 0.7773
Epoch 48/50 - Val Metric: 0.7846
Epoch 49/50 - Train Loss: 0.5679 - Train Metric: 0.7777
Epoch 49/50 - Val Metric: 0.7841
Epoch 50/50 - Train Loss: 0.5684 - Train Metric: 0.7772
Epoch 50/50 - Val Metric: 0.7843
Best val: 0.7846, Best test: 0.7776
Training set has 8000 instances
Validation set has 1000 instances
Test set has 1000 instances
Epoch 1/50 - Train Loss: 0.7286 - Train Metric: 0.5092
Epoch 1/50 - Val Metric: 0.7248
Epoch 2/50 - Train Loss: 0.6938 - Train Metric: 0.5111
Epoch 2/50 - Val Metric: 0.7258
Epoch 3/50 - Train Loss: 0.6940 - Train Metric: 0.5009
Epoch 3/50 - Val Metric: 0.7329
Epoch 4/50 - Train Loss: 0.6942 - Train Metric: 0.5207
Epoch 4/50 - Val Metric: 0.7224
Training set has 8000 instances
Validation set has 1000 instances
Test set has 1000 instances
Training set has 8000 instances
Validation set has 1000 instances
Test set has 1000 instances
Training set has 8000 instances
Validation set has 1000 instances
Test set has 1000 instances
Training set has 8000 instances
Validation set has 1000 instances
Test set has 1000 instances
Training set has 8000 instances
Validation set has 1000 instances
Test set has 1000 instances
Training set has 8000 instances
Validation set has 1000 instances
Test set has 1000 instances
Training set has 8000 instances
Validation set has 1000 instances
Test set has 1000 instances
Training set has 8000 instances
Validation set has 1000 instances
Test set has 1000 instances
Training set has 8000 instances
Validation set has 1000 instances
Test set has 1000 instances
Training set has 8000 instances
Validation set has 1000 instances
Test set has 1000 instances
Training set has 8000 instances
Validation set has 1000 instances
Test set has 1000 instances
Training set has 8000 instances
Validation set has 1000 instances
Test set has 1000 instances
Training set has 8000 instances
Validation set has 1000 instances
Test set has 1000 instances
Hyper-parameter search done. Found the best config.
Repeat experiments 5 times with the best train config {'batch_size': 256, 'gamma_rate': 1.0, 'base_lr': 0.0001} and model config {'num_heads': 8, 'num_layers': 8, 'num_latents': 32, 'hidden_dim': 256, 'mlp_ratio': 1, 'dropout_prob': 0.2, 'top_k': 1}.
Training set has 8000 instances
Validation set has 1000 instances
Test set has 1000 instances
Epoch 1/50 - Train Loss: 0.7205 - Train Metric: 0.4900
Epoch 1/50 - Val Metric: 0.6210
Epoch 2/50 - Train Loss: 0.6989 - Train Metric: 0.5055
Epoch 2/50 - Val Metric: 0.6912
Epoch 3/50 - Train Loss: 0.6991 - Train Metric: 0.4971
Epoch 3/50 - Val Metric: 0.7227
Epoch 4/50 - Train Loss: 0.6956 - Train Metric: 0.5128
Epoch 4/50 - Val Metric: 0.7481
Epoch 5/50 - Train Loss: 0.6985 - Train Metric: 0.4924
Epoch 5/50 - Val Metric: 0.7587
Epoch 6/50 - Train Loss: 0.6966 - Train Metric: 0.5004
Epoch 6/50 - Val Metric: 0.7654
Epoch 7/50 - Train Loss: 0.6967 - Train Metric: 0.4982
Epoch 7/50 - Val Metric: 0.7617
Epoch 8/50 - Train Loss: 0.6956 - Train Metric: 0.5103
Epoch 8/50 - Val Metric: 0.7595
Epoch 9/50 - Train Loss: 0.6963 - Train Metric: 0.5004
Epoch 9/50 - Val Metric: 0.7693
Epoch 10/50 - Train Loss: 0.6944 - Train Metric: 0.5130
Epoch 10/50 - Val Metric: 0.7682
Epoch 11/50 - Train Loss: 0.6941 - Train Metric: 0.5214
Epoch 11/50 - Val Metric: 0.7698
Epoch 12/50 - Train Loss: 0.6986 - Train Metric: 0.5739
Epoch 12/50 - Val Metric: 0.7713
Epoch 13/50 - Train Loss: 0.6967 - Train Metric: 0.5023
Epoch 13/50 - Val Metric: 0.7712
Epoch 14/50 - Train Loss: 0.6825 - Train Metric: 0.5884
Epoch 14/50 - Val Metric: 0.7704
Epoch 15/50 - Train Loss: 0.6094 - Train Metric: 0.7317
Epoch 15/50 - Val Metric: 0.7765
Epoch 16/50 - Train Loss: 0.6007 - Train Metric: 0.7410
Epoch 16/50 - Val Metric: 0.7822
Epoch 17/50 - Train Loss: 0.5837 - Train Metric: 0.7613
Epoch 17/50 - Val Metric: 0.7826
Epoch 18/50 - Train Loss: 0.5835 - Train Metric: 0.7614
Epoch 18/50 - Val Metric: 0.7858
Epoch 19/50 - Train Loss: 0.5806 - Train Metric: 0.7642
Epoch 19/50 - Val Metric: 0.7863
Epoch 20/50 - Train Loss: 0.5817 - Train Metric: 0.7633
Epoch 20/50 - Val Metric: 0.7860
Epoch 21/50 - Train Loss: 0.5746 - Train Metric: 0.7706
Epoch 21/50 - Val Metric: 0.7881
Epoch 22/50 - Train Loss: 0.5749 - Train Metric: 0.7707
Epoch 22/50 - Val Metric: 0.7884
Epoch 23/50 - Train Loss: 0.5738 - Train Metric: 0.7714
Epoch 23/50 - Val Metric: 0.7900
Epoch 24/50 - Train Loss: 0.5747 - Train Metric: 0.7707
Epoch 24/50 - Val Metric: 0.7892
Epoch 25/50 - Train Loss: 0.5700 - Train Metric: 0.7755
Epoch 25/50 - Val Metric: 0.7889
Epoch 26/50 - Train Loss: 0.5700 - Train Metric: 0.7757
Epoch 26/50 - Val Metric: 0.7904
Epoch 27/50 - Train Loss: 0.5684 - Train Metric: 0.7769
Epoch 27/50 - Val Metric: 0.7900
Epoch 28/50 - Train Loss: 0.5743 - Train Metric: 0.7707
Epoch 28/50 - Val Metric: 0.7919
Epoch 29/50 - Train Loss: 0.5721 - Train Metric: 0.7736
Epoch 29/50 - Val Metric: 0.7913
Epoch 30/50 - Train Loss: 0.5692 - Train Metric: 0.7769
Epoch 30/50 - Val Metric: 0.7920
Epoch 31/50 - Train Loss: 0.5664 - Train Metric: 0.7798
Epoch 31/50 - Val Metric: 0.7921
Epoch 32/50 - Train Loss: 0.5664 - Train Metric: 0.7796
Epoch 32/50 - Val Metric: 0.7903
Epoch 33/50 - Train Loss: 0.5625 - Train Metric: 0.7829
Epoch 33/50 - Val Metric: 0.7882
Epoch 34/50 - Train Loss: 0.5676 - Train Metric: 0.7781
Epoch 34/50 - Val Metric: 0.7902
Epoch 35/50 - Train Loss: 0.5623 - Train Metric: 0.7831
Epoch 35/50 - Val Metric: 0.7921
Epoch 36/50 - Train Loss: 0.5628 - Train Metric: 0.7830
Epoch 36/50 - Val Metric: 0.7899
Epoch 37/50 - Train Loss: 0.5617 - Train Metric: 0.7837
Epoch 37/50 - Val Metric: 0.7908
Epoch 38/50 - Train Loss: 0.5650 - Train Metric: 0.7809
Epoch 38/50 - Val Metric: 0.7904
Epoch 39/50 - Train Loss: 0.5634 - Train Metric: 0.7822
Epoch 39/50 - Val Metric: 0.7915
Epoch 40/50 - Train Loss: 0.5625 - Train Metric: 0.7828
Epoch 40/50 - Val Metric: 0.7914
Epoch 41/50 - Train Loss: 0.5636 - Train Metric: 0.7821
Epoch 41/50 - Val Metric: 0.7907
Epoch 42/50 - Train Loss: 0.5654 - Train Metric: 0.7801
Epoch 42/50 - Val Metric: 0.7921
Epoch 43/50 - Train Loss: 0.5647 - Train Metric: 0.7805
Epoch 43/50 - Val Metric: 0.7921
Epoch 44/50 - Train Loss: 0.5601 - Train Metric: 0.7852
Epoch 44/50 - Val Metric: 0.7902
Epoch 45/50 - Train Loss: 0.5618 - Train Metric: 0.7835
Epoch 45/50 - Val Metric: 0.7904
Epoch 46/50 - Train Loss: 0.5651 - Train Metric: 0.7806
Epoch 46/50 - Val Metric: 0.7921
Epoch 47/50 - Train Loss: 0.5618 - Train Metric: 0.7835
Epoch 47/50 - Val Metric: 0.7919
Epoch 48/50 - Train Loss: 0.5615 - Train Metric: 0.7838
Epoch 48/50 - Val Metric: 0.7920
Epoch 49/50 - Train Loss: 0.5681 - Train Metric: 0.7773
Epoch 49/50 - Val Metric: 0.7933
Epoch 50/50 - Train Loss: 0.5682 - Train Metric: 0.7767
Epoch 50/50 - Val Metric: 0.7915
Best val: 0.7933, Best test: 0.7808
Training set has 8000 instances
Validation set has 1000 instances
Test set has 1000 instances
Epoch 1/50 - Train Loss: 0.7159 - Train Metric: 0.5072
Epoch 1/50 - Val Metric: 0.7453
Epoch 2/50 - Train Loss: 0.7006 - Train Metric: 0.5011
Epoch 2/50 - Val Metric: 0.7373
Epoch 3/50 - Train Loss: 0.6988 - Train Metric: 0.4923
Epoch 3/50 - Val Metric: 0.7286
Epoch 4/50 - Train Loss: 0.6987 - Train Metric: 0.4936
Epoch 4/50 - Val Metric: 0.7414
Epoch 5/50 - Train Loss: 0.7025 - Train Metric: 0.5031
Epoch 5/50 - Val Metric: 0.7441
Epoch 6/50 - Train Loss: 0.6977 - Train Metric: 0.4924
Epoch 6/50 - Val Metric: 0.7420
Epoch 7/50 - Train Loss: 0.6948 - Train Metric: 0.5098
Epoch 7/50 - Val Metric: 0.7438
Epoch 8/50 - Train Loss: 0.6950 - Train Metric: 0.5028
Epoch 8/50 - Val Metric: 0.7429
Epoch 9/50 - Train Loss: 0.6942 - Train Metric: 0.5126
Epoch 9/50 - Val Metric: 0.7419
Epoch 10/50 - Train Loss: 0.6930 - Train Metric: 0.5389
Epoch 10/50 - Val Metric: 0.7396
Epoch 11/50 - Train Loss: 0.6477 - Train Metric: 0.6787
Epoch 11/50 - Val Metric: 0.7531
Epoch 12/50 - Train Loss: 0.6250 - Train Metric: 0.7100
Epoch 12/50 - Val Metric: 0.7586
Epoch 13/50 - Train Loss: 0.5910 - Train Metric: 0.7531
Epoch 13/50 - Val Metric: 0.7618
Epoch 14/50 - Train Loss: 0.5810 - Train Metric: 0.7640
Epoch 14/50 - Val Metric: 0.7623
Epoch 15/50 - Train Loss: 0.5788 - Train Metric: 0.7674
Epoch 15/50 - Val Metric: 0.7632
Epoch 16/50 - Train Loss: 0.5803 - Train Metric: 0.7644
Epoch 16/50 - Val Metric: 0.7642
Epoch 17/50 - Train Loss: 0.5774 - Train Metric: 0.7681
Epoch 17/50 - Val Metric: 0.7648
Epoch 18/50 - Train Loss: 0.5774 - Train Metric: 0.7678
Epoch 18/50 - Val Metric: 0.7644
Epoch 19/50 - Train Loss: 0.5697 - Train Metric: 0.7760
Epoch 19/50 - Val Metric: 0.7654
Epoch 20/50 - Train Loss: 0.5692 - Train Metric: 0.7763
Epoch 20/50 - Val Metric: 0.7654
Epoch 21/50 - Train Loss: 0.5668 - Train Metric: 0.7781
Epoch 21/50 - Val Metric: 0.7670
Epoch 22/50 - Train Loss: 0.5667 - Train Metric: 0.7788
Epoch 22/50 - Val Metric: 0.7674
Epoch 23/50 - Train Loss: 0.5647 - Train Metric: 0.7812
Epoch 23/50 - Val Metric: 0.7665
Epoch 24/50 - Train Loss: 0.5681 - Train Metric: 0.7773
Epoch 24/50 - Val Metric: 0.7679
Epoch 25/50 - Train Loss: 0.5658 - Train Metric: 0.7799
Epoch 25/50 - Val Metric: 0.7672
Epoch 26/50 - Train Loss: 0.5633 - Train Metric: 0.7817
Epoch 26/50 - Val Metric: 0.7683
Epoch 27/50 - Train Loss: 0.5604 - Train Metric: 0.7848
Epoch 27/50 - Val Metric: 0.7660
Epoch 28/50 - Train Loss: 0.5624 - Train Metric: 0.7828
Epoch 28/50 - Val Metric: 0.7689
Epoch 29/50 - Train Loss: 0.5599 - Train Metric: 0.7857
Epoch 29/50 - Val Metric: 0.7679
Epoch 30/50 - Train Loss: 0.5674 - Train Metric: 0.7784
Epoch 30/50 - Val Metric: 0.7683
Epoch 31/50 - Train Loss: 0.5662 - Train Metric: 0.7796
Epoch 31/50 - Val Metric: 0.7685
Epoch 32/50 - Train Loss: 0.5638 - Train Metric: 0.7818
Epoch 32/50 - Val Metric: 0.7675
Epoch 33/50 - Train Loss: 0.5622 - Train Metric: 0.7832
Epoch 33/50 - Val Metric: 0.7685
Epoch 34/50 - Train Loss: 0.5640 - Train Metric: 0.7816
Epoch 34/50 - Val Metric: 0.7688
Epoch 35/50 - Train Loss: 0.5586 - Train Metric: 0.7864
Epoch 35/50 - Val Metric: 0.7686
Epoch 36/50 - Train Loss: 0.5566 - Train Metric: 0.7884
Epoch 36/50 - Val Metric: 0.7708
Epoch 37/50 - Train Loss: 0.5608 - Train Metric: 0.7845
Epoch 37/50 - Val Metric: 0.7693
Epoch 38/50 - Train Loss: 0.5563 - Train Metric: 0.7890
Epoch 38/50 - Val Metric: 0.7680
Epoch 39/50 - Train Loss: 0.5637 - Train Metric: 0.7813
Epoch 39/50 - Val Metric: 0.7693
Epoch 40/50 - Train Loss: 0.5607 - Train Metric: 0.7845
Epoch 40/50 - Val Metric: 0.7678
Epoch 41/50 - Train Loss: 0.5590 - Train Metric: 0.7861
Epoch 41/50 - Val Metric: 0.7699
Epoch 42/50 - Train Loss: 0.5673 - Train Metric: 0.7785
Epoch 42/50 - Val Metric: 0.7695
Epoch 43/50 - Train Loss: 0.5632 - Train Metric: 0.7822
Epoch 43/50 - Val Metric: 0.7697
Epoch 44/50 - Train Loss: 0.5604 - Train Metric: 0.7849
Epoch 44/50 - Val Metric: 0.7704
Epoch 45/50 - Train Loss: 0.5569 - Train Metric: 0.7880
Epoch 45/50 - Val Metric: 0.7701
Epoch 46/50 - Train Loss: 0.5596 - Train Metric: 0.7856
Epoch 46/50 - Val Metric: 0.7705
Epoch 47/50 - Train Loss: 0.5597 - Train Metric: 0.7854
Epoch 47/50 - Val Metric: 0.7689
Epoch 48/50 - Train Loss: 0.5556 - Train Metric: 0.7888
Epoch 48/50 - Val Metric: 0.7686
Epoch 49/50 - Train Loss: 0.5577 - Train Metric: 0.7876
Epoch 49/50 - Val Metric: 0.7699
Epoch 50/50 - Train Loss: 0.5552 - Train Metric: 0.7898
Epoch 50/50 - Val Metric: 0.7676
Best val: 0.7708, Best test: 0.7834
Training set has 8000 instances
Validation set has 1000 instances
Test set has 1000 instances
Epoch 1/50 - Train Loss: 0.7260 - Train Metric: 0.4930
Epoch 1/50 - Val Metric: 0.6822
Epoch 2/50 - Train Loss: 0.6991 - Train Metric: 0.5021
Epoch 2/50 - Val Metric: 0.6990
Epoch 3/50 - Train Loss: 0.6988 - Train Metric: 0.4978
Epoch 3/50 - Val Metric: 0.7068
Epoch 4/50 - Train Loss: 0.6997 - Train Metric: 0.4887
Epoch 4/50 - Val Metric: 0.7081
Epoch 5/50 - Train Loss: 0.6976 - Train Metric: 0.4974
Epoch 5/50 - Val Metric: 0.7145
Epoch 6/50 - Train Loss: 0.6946 - Train Metric: 0.5138
Epoch 6/50 - Val Metric: 0.7176
Epoch 7/50 - Train Loss: 0.6995 - Train Metric: 0.4980
Epoch 7/50 - Val Metric: 0.7214
Epoch 8/50 - Train Loss: 0.6951 - Train Metric: 0.5101
Epoch 8/50 - Val Metric: 0.7220
Epoch 9/50 - Train Loss: 0.6962 - Train Metric: 0.5047
Epoch 9/50 - Val Metric: 0.7235
Epoch 10/50 - Train Loss: 0.6942 - Train Metric: 0.5188
Epoch 10/50 - Val Metric: 0.7215
Epoch 11/50 - Train Loss: 0.6816 - Train Metric: 0.5971
Epoch 11/50 - Val Metric: 0.7251
Epoch 12/50 - Train Loss: 0.6284 - Train Metric: 0.7037
Epoch 12/50 - Val Metric: 0.7383
Epoch 13/50 - Train Loss: 0.6024 - Train Metric: 0.7393
Epoch 13/50 - Val Metric: 0.7465
Epoch 14/50 - Train Loss: 0.5940 - Train Metric: 0.7491
Epoch 14/50 - Val Metric: 0.7522
Epoch 15/50 - Train Loss: 0.5825 - Train Metric: 0.7620
Epoch 15/50 - Val Metric: 0.7566
Epoch 16/50 - Train Loss: 0.5830 - Train Metric: 0.7617
Epoch 16/50 - Val Metric: 0.7600
Epoch 17/50 - Train Loss: 0.5829 - Train Metric: 0.7618
Epoch 17/50 - Val Metric: 0.7621
Epoch 18/50 - Train Loss: 0.5734 - Train Metric: 0.7721
Epoch 18/50 - Val Metric: 0.7636
Epoch 19/50 - Train Loss: 0.5770 - Train Metric: 0.7681
Epoch 19/50 - Val Metric: 0.7639
Epoch 20/50 - Train Loss: 0.5732 - Train Metric: 0.7717
Epoch 20/50 - Val Metric: 0.7665
Epoch 21/50 - Train Loss: 0.5677 - Train Metric: 0.7776
Epoch 21/50 - Val Metric: 0.7685
Epoch 22/50 - Train Loss: 0.5688 - Train Metric: 0.7768
Epoch 22/50 - Val Metric: 0.7685
Epoch 23/50 - Train Loss: 0.5729 - Train Metric: 0.7719
Epoch 23/50 - Val Metric: 0.7707
Epoch 24/50 - Train Loss: 0.5661 - Train Metric: 0.7796
Epoch 24/50 - Val Metric: 0.7716
Epoch 25/50 - Train Loss: 0.5678 - Train Metric: 0.7775
Epoch 25/50 - Val Metric: 0.7732
Epoch 26/50 - Train Loss: 0.5740 - Train Metric: 0.7714
Epoch 26/50 - Val Metric: 0.7729
Epoch 27/50 - Train Loss: 0.5675 - Train Metric: 0.7782
Epoch 27/50 - Val Metric: 0.7717
Epoch 28/50 - Train Loss: 0.5643 - Train Metric: 0.7815
Epoch 28/50 - Val Metric: 0.7744
Epoch 29/50 - Train Loss: 0.5614 - Train Metric: 0.7839
Epoch 29/50 - Val Metric: 0.7741
Epoch 30/50 - Train Loss: 0.5694 - Train Metric: 0.7766
Epoch 30/50 - Val Metric: 0.7746
Epoch 31/50 - Train Loss: 0.5676 - Train Metric: 0.7782
Epoch 31/50 - Val Metric: 0.7745
Epoch 32/50 - Train Loss: 0.5634 - Train Metric: 0.7820
Epoch 32/50 - Val Metric: 0.7758
Epoch 33/50 - Train Loss: 0.5625 - Train Metric: 0.7829
Epoch 33/50 - Val Metric: 0.7751
Epoch 34/50 - Train Loss: 0.5600 - Train Metric: 0.7857
Epoch 34/50 - Val Metric: 0.7761
Epoch 35/50 - Train Loss: 0.5610 - Train Metric: 0.7851
Epoch 35/50 - Val Metric: 0.7751
Epoch 36/50 - Train Loss: 0.5676 - Train Metric: 0.7779
Epoch 36/50 - Val Metric: 0.7747
Epoch 37/50 - Train Loss: 0.5613 - Train Metric: 0.7846
Epoch 37/50 - Val Metric: 0.7759
Epoch 38/50 - Train Loss: 0.5588 - Train Metric: 0.7866
Epoch 38/50 - Val Metric: 0.7765
Epoch 39/50 - Train Loss: 0.5608 - Train Metric: 0.7847
Epoch 39/50 - Val Metric: 0.7760
Epoch 40/50 - Train Loss: 0.5603 - Train Metric: 0.7856
Epoch 40/50 - Val Metric: 0.7766
Epoch 41/50 - Train Loss: 0.5595 - Train Metric: 0.7859
Epoch 41/50 - Val Metric: 0.7772
Epoch 42/50 - Train Loss: 0.5608 - Train Metric: 0.7848
Epoch 42/50 - Val Metric: 0.7747
Epoch 43/50 - Train Loss: 0.5644 - Train Metric: 0.7811
Epoch 43/50 - Val Metric: 0.7750
Epoch 44/50 - Train Loss: 0.5614 - Train Metric: 0.7841
Epoch 44/50 - Val Metric: 0.7776
Epoch 45/50 - Train Loss: 0.5587 - Train Metric: 0.7866
Epoch 45/50 - Val Metric: 0.7743
Epoch 46/50 - Train Loss: 0.5596 - Train Metric: 0.7860
Epoch 46/50 - Val Metric: 0.7772
Epoch 47/50 - Train Loss: 0.5672 - Train Metric: 0.7784
Epoch 47/50 - Val Metric: 0.7748
Epoch 48/50 - Train Loss: 0.5659 - Train Metric: 0.7795
Epoch 48/50 - Val Metric: 0.7768
Epoch 49/50 - Train Loss: 0.5646 - Train Metric: 0.7805
Epoch 49/50 - Val Metric: 0.7771
Epoch 50/50 - Train Loss: 0.5589 - Train Metric: 0.7864
Epoch 50/50 - Val Metric: 0.7781
Best val: 0.7781, Best test: 0.7918
Training set has 8000 instances
Validation set has 1000 instances
Test set has 1000 instances
Epoch 1/50 - Train Loss: 0.7254 - Train Metric: 0.4926
Epoch 1/50 - Val Metric: 0.7216
Epoch 2/50 - Train Loss: 0.7009 - Train Metric: 0.4936
Epoch 2/50 - Val Metric: 0.7389
Epoch 3/50 - Train Loss: 0.7011 - Train Metric: 0.5002
Epoch 3/50 - Val Metric: 0.7351
Epoch 4/50 - Train Loss: 0.7001 - Train Metric: 0.4855
Epoch 4/50 - Val Metric: 0.7470
Epoch 5/50 - Train Loss: 0.6964 - Train Metric: 0.5061
Epoch 5/50 - Val Metric: 0.7458
Epoch 6/50 - Train Loss: 0.6976 - Train Metric: 0.4929
Epoch 6/50 - Val Metric: 0.7348
Epoch 7/50 - Train Loss: 0.6974 - Train Metric: 0.5021
Epoch 7/50 - Val Metric: 0.7500
Epoch 8/50 - Train Loss: 0.6948 - Train Metric: 0.5066
Epoch 8/50 - Val Metric: 0.7436
Epoch 9/50 - Train Loss: 0.6901 - Train Metric: 0.5426
Epoch 9/50 - Val Metric: 0.7459
Epoch 10/50 - Train Loss: 0.6758 - Train Metric: 0.6120
Epoch 10/50 - Val Metric: 0.7510
Epoch 11/50 - Train Loss: 0.6178 - Train Metric: 0.7204
Epoch 11/50 - Val Metric: 0.7596
Epoch 12/50 - Train Loss: 0.5953 - Train Metric: 0.7477
Epoch 12/50 - Val Metric: 0.7644
Epoch 13/50 - Train Loss: 0.6008 - Train Metric: 0.7406
Epoch 13/50 - Val Metric: 0.7677
Epoch 14/50 - Train Loss: 0.5868 - Train Metric: 0.7570
Epoch 14/50 - Val Metric: 0.7691
Epoch 15/50 - Train Loss: 0.5781 - Train Metric: 0.7673
Epoch 15/50 - Val Metric: 0.7716
Epoch 16/50 - Train Loss: 0.5738 - Train Metric: 0.7720
Epoch 16/50 - Val Metric: 0.7743
Epoch 17/50 - Train Loss: 0.5825 - Train Metric: 0.7624
Epoch 17/50 - Val Metric: 0.7747
Epoch 18/50 - Train Loss: 0.5784 - Train Metric: 0.7668
Epoch 18/50 - Val Metric: 0.7736
Epoch 19/50 - Train Loss: 0.5708 - Train Metric: 0.7744
Epoch 19/50 - Val Metric: 0.7781
Epoch 20/50 - Train Loss: 0.5777 - Train Metric: 0.7678
Epoch 20/50 - Val Metric: 0.7771
Epoch 21/50 - Train Loss: 0.5727 - Train Metric: 0.7733
Epoch 21/50 - Val Metric: 0.7786
Epoch 22/50 - Train Loss: 0.5716 - Train Metric: 0.7742
Epoch 22/50 - Val Metric: 0.7783
Epoch 23/50 - Train Loss: 0.5728 - Train Metric: 0.7726
Epoch 23/50 - Val Metric: 0.7813
Epoch 24/50 - Train Loss: 0.5651 - Train Metric: 0.7800
Epoch 24/50 - Val Metric: 0.7819
Epoch 25/50 - Train Loss: 0.5689 - Train Metric: 0.7762
Epoch 25/50 - Val Metric: 0.7832
Epoch 26/50 - Train Loss: 0.5687 - Train Metric: 0.7764
Epoch 26/50 - Val Metric: 0.7842
Epoch 27/50 - Train Loss: 0.5670 - Train Metric: 0.7778
Epoch 27/50 - Val Metric: 0.7845
Epoch 28/50 - Train Loss: 0.5691 - Train Metric: 0.7757
Epoch 28/50 - Val Metric: 0.7838
Epoch 29/50 - Train Loss: 0.5683 - Train Metric: 0.7773
Epoch 29/50 - Val Metric: 0.7852
Epoch 30/50 - Train Loss: 0.5701 - Train Metric: 0.7746
Epoch 30/50 - Val Metric: 0.7860
Epoch 31/50 - Train Loss: 0.5664 - Train Metric: 0.7788
Epoch 31/50 - Val Metric: 0.7857
Epoch 32/50 - Train Loss: 0.5635 - Train Metric: 0.7820
Epoch 32/50 - Val Metric: 0.7866
Epoch 33/50 - Train Loss: 0.5689 - Train Metric: 0.7767
Epoch 33/50 - Val Metric: 0.7865
Epoch 34/50 - Train Loss: 0.5619 - Train Metric: 0.7833
Epoch 34/50 - Val Metric: 0.7865
Epoch 35/50 - Train Loss: 0.5652 - Train Metric: 0.7802
Epoch 35/50 - Val Metric: 0.7831
Epoch 36/50 - Train Loss: 0.5680 - Train Metric: 0.7775
Epoch 36/50 - Val Metric: 0.7858
Epoch 37/50 - Train Loss: 0.5616 - Train Metric: 0.7837
Epoch 37/50 - Val Metric: 0.7862
Epoch 38/50 - Train Loss: 0.5623 - Train Metric: 0.7828
Epoch 38/50 - Val Metric: 0.7756
Epoch 39/50 - Train Loss: 0.5631 - Train Metric: 0.7821
Epoch 39/50 - Val Metric: 0.7771
Epoch 40/50 - Train Loss: 0.5622 - Train Metric: 0.7830
Epoch 40/50 - Val Metric: 0.7854
Epoch 41/50 - Train Loss: 0.5723 - Train Metric: 0.7734
Epoch 41/50 - Val Metric: 0.7875
Epoch 42/50 - Train Loss: 0.5618 - Train Metric: 0.7833
Epoch 42/50 - Val Metric: 0.7873
Epoch 43/50 - Train Loss: 0.5657 - Train Metric: 0.7790
Epoch 43/50 - Val Metric: 0.7855
Epoch 44/50 - Train Loss: 0.5709 - Train Metric: 0.7750
Epoch 44/50 - Val Metric: 0.7870
Epoch 45/50 - Train Loss: 0.5595 - Train Metric: 0.7858
Epoch 45/50 - Val Metric: 0.7869
Epoch 46/50 - Train Loss: 0.5611 - Train Metric: 0.7846
Epoch 46/50 - Val Metric: 0.7798
Epoch 47/50 - Train Loss: 0.5628 - Train Metric: 0.7826
Epoch 47/50 - Val Metric: 0.7879
Epoch 48/50 - Train Loss: 0.5626 - Train Metric: 0.7822
Epoch 48/50 - Val Metric: 0.7842
Epoch 49/50 - Train Loss: 0.5603 - Train Metric: 0.7843
Epoch 49/50 - Val Metric: 0.7893
Epoch 50/50 - Train Loss: 0.5593 - Train Metric: 0.7861
Epoch 50/50 - Val Metric: 0.7877
Best val: 0.7893, Best test: 0.7924
Training set has 8000 instances
Validation set has 1000 instances
Test set has 1000 instances
Epoch 1/50 - Train Loss: 0.7254 - Train Metric: 0.5019
Epoch 1/50 - Val Metric: 0.6741
Epoch 2/50 - Train Loss: 0.6984 - Train Metric: 0.5048
Epoch 2/50 - Val Metric: 0.7414
Epoch 3/50 - Train Loss: 0.6982 - Train Metric: 0.5057
Epoch 3/50 - Val Metric: 0.7373
Epoch 4/50 - Train Loss: 0.6978 - Train Metric: 0.5070
Epoch 4/50 - Val Metric: 0.7438
Epoch 5/50 - Train Loss: 0.6974 - Train Metric: 0.5028
Epoch 5/50 - Val Metric: 0.7499
Epoch 6/50 - Train Loss: 0.6983 - Train Metric: 0.4919
Epoch 6/50 - Val Metric: 0.7474
Epoch 7/50 - Train Loss: 0.6973 - Train Metric: 0.5009
Epoch 7/50 - Val Metric: 0.7473
Epoch 8/50 - Train Loss: 0.6967 - Train Metric: 0.5008
Epoch 8/50 - Val Metric: 0.7471
Epoch 9/50 - Train Loss: 0.6967 - Train Metric: 0.5137
Epoch 9/50 - Val Metric: 0.7488
Epoch 10/50 - Train Loss: 0.6945 - Train Metric: 0.5192
Epoch 10/50 - Val Metric: 0.7494
Epoch 11/50 - Train Loss: 0.6836 - Train Metric: 0.5721
Epoch 11/50 - Val Metric: 0.7499
Epoch 12/50 - Train Loss: 0.6999 - Train Metric: 0.5517
Epoch 12/50 - Val Metric: 0.7504
Epoch 13/50 - Train Loss: 0.6480 - Train Metric: 0.6814
Epoch 13/50 - Val Metric: 0.7535
Epoch 14/50 - Train Loss: 0.5905 - Train Metric: 0.7532
Epoch 14/50 - Val Metric: 0.7607
Epoch 15/50 - Train Loss: 0.5899 - Train Metric: 0.7540
Epoch 15/50 - Val Metric: 0.7634
Epoch 16/50 - Train Loss: 0.5885 - Train Metric: 0.7559
Epoch 16/50 - Val Metric: 0.7659
Epoch 17/50 - Train Loss: 0.5797 - Train Metric: 0.7655
Epoch 17/50 - Val Metric: 0.7672
Epoch 18/50 - Train Loss: 0.5759 - Train Metric: 0.7692
Epoch 18/50 - Val Metric: 0.7689
Epoch 19/50 - Train Loss: 0.5787 - Train Metric: 0.7663
Epoch 19/50 - Val Metric: 0.7703
Epoch 20/50 - Train Loss: 0.5710 - Train Metric: 0.7746
Epoch 20/50 - Val Metric: 0.7713
Epoch 21/50 - Train Loss: 0.5764 - Train Metric: 0.7687
Epoch 21/50 - Val Metric: 0.7725
Epoch 22/50 - Train Loss: 0.5664 - Train Metric: 0.7790
Epoch 22/50 - Val Metric: 0.7728
Epoch 23/50 - Train Loss: 0.5703 - Train Metric: 0.7752
Epoch 23/50 - Val Metric: 0.7742
Epoch 24/50 - Train Loss: 0.5648 - Train Metric: 0.7807
Epoch 24/50 - Val Metric: 0.7744
Epoch 25/50 - Train Loss: 0.5664 - Train Metric: 0.7790
Epoch 25/50 - Val Metric: 0.7752
Epoch 26/50 - Train Loss: 0.5668 - Train Metric: 0.7784
Epoch 26/50 - Val Metric: 0.7775
Epoch 27/50 - Train Loss: 0.5630 - Train Metric: 0.7823
Epoch 27/50 - Val Metric: 0.7777
Epoch 28/50 - Train Loss: 0.5643 - Train Metric: 0.7815
Epoch 28/50 - Val Metric: 0.7783
Epoch 29/50 - Train Loss: 0.5649 - Train Metric: 0.7810
Epoch 29/50 - Val Metric: 0.7780
Epoch 30/50 - Train Loss: 0.5608 - Train Metric: 0.7849
Epoch 30/50 - Val Metric: 0.7784
Epoch 31/50 - Train Loss: 0.5616 - Train Metric: 0.7837
Epoch 31/50 - Val Metric: 0.7778
Epoch 32/50 - Train Loss: 0.5583 - Train Metric: 0.7873
Epoch 32/50 - Val Metric: 0.7784
Epoch 33/50 - Train Loss: 0.5599 - Train Metric: 0.7860
Epoch 33/50 - Val Metric: 0.7755
Epoch 34/50 - Train Loss: 0.5608 - Train Metric: 0.7848
Epoch 34/50 - Val Metric: 0.7779
Epoch 35/50 - Train Loss: 0.5597 - Train Metric: 0.7860
Epoch 35/50 - Val Metric: 0.7769
Epoch 36/50 - Train Loss: 0.5594 - Train Metric: 0.7863
Epoch 36/50 - Val Metric: 0.7785
Epoch 37/50 - Train Loss: 0.5618 - Train Metric: 0.7840
Epoch 37/50 - Val Metric: 0.7792
Epoch 38/50 - Train Loss: 0.5596 - Train Metric: 0.7859
Epoch 38/50 - Val Metric: 0.7788
Epoch 39/50 - Train Loss: 0.5592 - Train Metric: 0.7867
Epoch 39/50 - Val Metric: 0.7789
Epoch 40/50 - Train Loss: 0.5613 - Train Metric: 0.7839
Epoch 40/50 - Val Metric: 0.7791
Epoch 41/50 - Train Loss: 0.5598 - Train Metric: 0.7857
Epoch 41/50 - Val Metric: 0.7791
Epoch 42/50 - Train Loss: 0.5573 - Train Metric: 0.7882
Epoch 42/50 - Val Metric: 0.7777
Epoch 43/50 - Train Loss: 0.5582 - Train Metric: 0.7872
Epoch 43/50 - Val Metric: 0.7785
Epoch 44/50 - Train Loss: 0.5538 - Train Metric: 0.7915
Epoch 44/50 - Val Metric: 0.7780
Epoch 45/50 - Train Loss: 0.5573 - Train Metric: 0.7881
Epoch 45/50 - Val Metric: 0.7784
Epoch 46/50 - Train Loss: 0.5564 - Train Metric: 0.7888
Epoch 46/50 - Val Metric: 0.7771
Epoch 47/50 - Train Loss: 0.5596 - Train Metric: 0.7858
Epoch 47/50 - Val Metric: 0.7787
Epoch 48/50 - Train Loss: 0.5557 - Train Metric: 0.7893
Epoch 48/50 - Val Metric: 0.7797
Epoch 49/50 - Train Loss: 0.5563 - Train Metric: 0.7890
Epoch 49/50 - Val Metric: 0.7788
Epoch 50/50 - Train Loss: 0.5539 - Train Metric: 0.7914
Epoch 50/50 - Val Metric: 0.7792
Best val: 0.7797, Best test: 0.7639
[0.7808401  0.78339314 0.79183877 0.79239696 0.76393616]
