Hyper-parameter search via Optuna
Namespace(task_type='binary_classification', scale='small', idx=2, epochs=50, num_trials=20, num_repeats=5, seed=0, exp_name='MemGlovalAvgPool', result_path='output/binary_classification/small/2/MemGlovalAvgPool.pt')
Device: cuda
Start building binary_classification dataset_small_2
Training set has 36168 instances
Validation set has 4521 instances
Test set has 4522 instances
Epoch 1/50 - Train Loss: 0.3517 - Train Metric: 0.6261
Epoch 1/50 - Val Metric: 0.7382
Epoch 2/50 - Train Loss: 0.3033 - Train Metric: 0.7662
Epoch 2/50 - Val Metric: 0.8190
Epoch 3/50 - Train Loss: 0.2522 - Train Metric: 0.8733
Epoch 3/50 - Val Metric: 0.9049
Epoch 4/50 - Train Loss: 0.2339 - Train Metric: 0.8981
Epoch 4/50 - Val Metric: 0.9040
Epoch 5/50 - Train Loss: 0.2299 - Train Metric: 0.9028
Epoch 5/50 - Val Metric: 0.9045
Epoch 6/50 - Train Loss: 0.2296 - Train Metric: 0.9026
Epoch 6/50 - Val Metric: 0.9056
Epoch 7/50 - Train Loss: 0.2257 - Train Metric: 0.9075
Epoch 7/50 - Val Metric: 0.9044
Epoch 8/50 - Train Loss: 0.2250 - Train Metric: 0.9081
Epoch 8/50 - Val Metric: 0.9039
Epoch 9/50 - Train Loss: 0.2236 - Train Metric: 0.9095
Epoch 9/50 - Val Metric: 0.9040
Epoch 10/50 - Train Loss: 0.2229 - Train Metric: 0.9101
Epoch 10/50 - Val Metric: 0.9044
Epoch 11/50 - Train Loss: 0.2222 - Train Metric: 0.9105
Epoch 11/50 - Val Metric: 0.9046
Epoch 12/50 - Train Loss: 0.2200 - Train Metric: 0.9128
Epoch 12/50 - Val Metric: 0.9071
Epoch 13/50 - Train Loss: 0.2195 - Train Metric: 0.9133
Epoch 13/50 - Val Metric: 0.9083
Epoch 14/50 - Train Loss: 0.2191 - Train Metric: 0.9139
Epoch 14/50 - Val Metric: 0.9073
Epoch 15/50 - Train Loss: 0.2183 - Train Metric: 0.9144
Epoch 15/50 - Val Metric: 0.9091
Epoch 16/50 - Train Loss: 0.2176 - Train Metric: 0.9153
Epoch 16/50 - Val Metric: 0.9108
Epoch 17/50 - Train Loss: 0.2162 - Train Metric: 0.9167
Epoch 17/50 - Val Metric: 0.9082
Epoch 18/50 - Train Loss: 0.2151 - Train Metric: 0.9176
Epoch 18/50 - Val Metric: 0.9101
Epoch 19/50 - Train Loss: 0.2153 - Train Metric: 0.9170
Epoch 19/50 - Val Metric: 0.9101
Epoch 20/50 - Train Loss: 0.2156 - Train Metric: 0.9171
Epoch 20/50 - Val Metric: 0.9114
Epoch 21/50 - Train Loss: 0.2151 - Train Metric: 0.9175
Epoch 21/50 - Val Metric: 0.9123
Epoch 22/50 - Train Loss: 0.2135 - Train Metric: 0.9191
Epoch 22/50 - Val Metric: 0.9099
Epoch 23/50 - Train Loss: 0.2130 - Train Metric: 0.9195
Epoch 23/50 - Val Metric: 0.9113
Epoch 24/50 - Train Loss: 0.2134 - Train Metric: 0.9193
Epoch 24/50 - Val Metric: 0.9133
Epoch 25/50 - Train Loss: 0.2111 - Train Metric: 0.9210
Epoch 25/50 - Val Metric: 0.9142
Epoch 26/50 - Train Loss: 0.2118 - Train Metric: 0.9207
Epoch 26/50 - Val Metric: 0.9151
Epoch 27/50 - Train Loss: 0.2115 - Train Metric: 0.9208
Epoch 27/50 - Val Metric: 0.9135
Epoch 28/50 - Train Loss: 0.2096 - Train Metric: 0.9226
Epoch 28/50 - Val Metric: 0.9137
Epoch 29/50 - Train Loss: 0.2091 - Train Metric: 0.9230
Epoch 29/50 - Val Metric: 0.9155
Epoch 30/50 - Train Loss: 0.2090 - Train Metric: 0.9231
Epoch 30/50 - Val Metric: 0.9147
Epoch 31/50 - Train Loss: 0.2083 - Train Metric: 0.9240
Epoch 31/50 - Val Metric: 0.9143
Epoch 32/50 - Train Loss: 0.2083 - Train Metric: 0.9238
Epoch 32/50 - Val Metric: 0.9154
Epoch 33/50 - Train Loss: 0.2082 - Train Metric: 0.9239
Epoch 33/50 - Val Metric: 0.9158
Epoch 34/50 - Train Loss: 0.2072 - Train Metric: 0.9248
Epoch 34/50 - Val Metric: 0.9162
Epoch 35/50 - Train Loss: 0.2067 - Train Metric: 0.9253
Epoch 35/50 - Val Metric: 0.9156
Epoch 36/50 - Train Loss: 0.2065 - Train Metric: 0.9251
Epoch 36/50 - Val Metric: 0.9154
Epoch 37/50 - Train Loss: 0.2061 - Train Metric: 0.9259
Epoch 37/50 - Val Metric: 0.9152
Epoch 38/50 - Train Loss: 0.2056 - Train Metric: 0.9261
Epoch 38/50 - Val Metric: 0.9155
Epoch 39/50 - Train Loss: 0.2050 - Train Metric: 0.9267
Epoch 39/50 - Val Metric: 0.9166
Epoch 40/50 - Train Loss: 0.2049 - Train Metric: 0.9267
Epoch 40/50 - Val Metric: 0.9169
Epoch 41/50 - Train Loss: 0.2053 - Train Metric: 0.9264
Epoch 41/50 - Val Metric: 0.9157
Epoch 42/50 - Train Loss: 0.2042 - Train Metric: 0.9275
Epoch 42/50 - Val Metric: 0.9159
Epoch 43/50 - Train Loss: 0.2043 - Train Metric: 0.9273
Epoch 43/50 - Val Metric: 0.9154
Epoch 44/50 - Train Loss: 0.2033 - Train Metric: 0.9282
Epoch 44/50 - Val Metric: 0.9178
Epoch 45/50 - Train Loss: 0.2034 - Train Metric: 0.9281
Epoch 45/50 - Val Metric: 0.9164
Epoch 46/50 - Train Loss: 0.2028 - Train Metric: 0.9288
Epoch 46/50 - Val Metric: 0.9175
Epoch 47/50 - Train Loss: 0.2023 - Train Metric: 0.9292
Epoch 47/50 - Val Metric: 0.9175
Epoch 48/50 - Train Loss: 0.2018 - Train Metric: 0.9294
Epoch 48/50 - Val Metric: 0.9170
Epoch 49/50 - Train Loss: 0.2016 - Train Metric: 0.9297
Epoch 49/50 - Val Metric: 0.9147
Epoch 50/50 - Train Loss: 0.2017 - Train Metric: 0.9297
Epoch 50/50 - Val Metric: 0.9173
Best val: 0.9178, Best test: 0.9220
Training set has 36168 instances
Validation set has 4521 instances
Test set has 4522 instances
Epoch 1/50 - Train Loss: 0.3062 - Train Metric: 0.7679
Epoch 1/50 - Val Metric: 0.9121
Epoch 2/50 - Train Loss: 0.2283 - Train Metric: 0.9056
Epoch 2/50 - Val Metric: 0.9206
Epoch 3/50 - Train Loss: 0.2183 - Train Metric: 0.9155
Epoch 3/50 - Val Metric: 0.9229
Epoch 4/50 - Train Loss: 0.2144 - Train Metric: 0.9193
Epoch 4/50 - Val Metric: 0.9293
Epoch 5/50 - Train Loss: 0.2104 - Train Metric: 0.9231
Epoch 5/50 - Val Metric: 0.9272
Epoch 6/50 - Train Loss: 0.2078 - Train Metric: 0.9255
Epoch 6/50 - Val Metric: 0.9313
Epoch 7/50 - Train Loss: 0.2035 - Train Metric: 0.9289
Epoch 7/50 - Val Metric: 0.9324
Epoch 8/50 - Train Loss: 0.2009 - Train Metric: 0.9313
Epoch 8/50 - Val Metric: 0.9377
Epoch 9/50 - Train Loss: 0.1990 - Train Metric: 0.9331
Epoch 9/50 - Val Metric: 0.9343
Epoch 10/50 - Train Loss: 0.1972 - Train Metric: 0.9342
Epoch 10/50 - Val Metric: 0.9365
Epoch 11/50 - Train Loss: 0.1949 - Train Metric: 0.9361
Epoch 11/50 - Val Metric: 0.9329
Epoch 12/50 - Train Loss: 0.1935 - Train Metric: 0.9371
Epoch 12/50 - Val Metric: 0.9376
Epoch 13/50 - Train Loss: 0.1943 - Train Metric: 0.9365
Epoch 13/50 - Val Metric: 0.9404
Epoch 14/50 - Train Loss: 0.1915 - Train Metric: 0.9387
Epoch 14/50 - Val Metric: 0.9407
Epoch 15/50 - Train Loss: 0.1922 - Train Metric: 0.9382
Epoch 15/50 - Val Metric: 0.9392
Epoch 16/50 - Train Loss: 0.1909 - Train Metric: 0.9392
Epoch 16/50 - Val Metric: 0.9367
Epoch 17/50 - Train Loss: 0.1901 - Train Metric: 0.9396
Epoch 17/50 - Val Metric: 0.9351
Epoch 18/50 - Train Loss: 0.1887 - Train Metric: 0.9407
Epoch 18/50 - Val Metric: 0.9385
Epoch 19/50 - Train Loss: 0.1877 - Train Metric: 0.9415
Epoch 19/50 - Val Metric: 0.9374
Epoch 20/50 - Train Loss: 0.1874 - Train Metric: 0.9418
Epoch 20/50 - Val Metric: 0.9385
Epoch 21/50 - Train Loss: 0.1864 - Train Metric: 0.9424
Epoch 21/50 - Val Metric: 0.9376
Epoch 22/50 - Train Loss: 0.1871 - Train Metric: 0.9420
Epoch 22/50 - Val Metric: 0.9402
Epoch 23/50 - Train Loss: 0.1858 - Train Metric: 0.9430
Epoch 23/50 - Val Metric: 0.9391
Epoch 24/50 - Train Loss: 0.1825 - Train Metric: 0.9453
Epoch 24/50 - Val Metric: 0.9376
Epoch 25/50 - Train Loss: 0.1821 - Train Metric: 0.9454
Epoch 25/50 - Val Metric: 0.9374
Epoch 26/50 - Train Loss: 0.1815 - Train Metric: 0.9457
Epoch 26/50 - Val Metric: 0.9357
Epoch 27/50 - Train Loss: 0.1794 - Train Metric: 0.9473
Epoch 27/50 - Val Metric: 0.9373
Epoch 28/50 - Train Loss: 0.1783 - Train Metric: 0.9478
Epoch 28/50 - Val Metric: 0.9297
Epoch 29/50 - Train Loss: 0.1799 - Train Metric: 0.9471
Epoch 29/50 - Val Metric: 0.9369
Epoch 30/50 - Train Loss: 0.1751 - Train Metric: 0.9501
Epoch 30/50 - Val Metric: 0.9337
Epoch 31/50 - Train Loss: 0.1770 - Train Metric: 0.9488
Epoch 31/50 - Val Metric: 0.9352
Epoch 32/50 - Train Loss: 0.1745 - Train Metric: 0.9504
Epoch 32/50 - Val Metric: 0.9342
Epoch 33/50 - Train Loss: 0.1720 - Train Metric: 0.9519
Epoch 33/50 - Val Metric: 0.9358
Epoch 34/50 - Train Loss: 0.1706 - Train Metric: 0.9528
Epoch 34/50 - Val Metric: 0.9323
Epoch 35/50 - Train Loss: 0.1684 - Train Metric: 0.9540
Epoch 35/50 - Val Metric: 0.9355
Epoch 36/50 - Train Loss: 0.1674 - Train Metric: 0.9546
Epoch 36/50 - Val Metric: 0.9334
Epoch 37/50 - Train Loss: 0.1655 - Train Metric: 0.9557
Epoch 37/50 - Val Metric: 0.9367
Epoch 38/50 - Train Loss: 0.1634 - Train Metric: 0.9570
Epoch 38/50 - Val Metric: 0.9314
Epoch 39/50 - Train Loss: 0.1662 - Train Metric: 0.9553
Epoch 39/50 - Val Metric: 0.9336
Epoch 40/50 - Train Loss: 0.1613 - Train Metric: 0.9581
Epoch 40/50 - Val Metric: 0.9318
Epoch 41/50 - Train Loss: 0.1576 - Train Metric: 0.9602
Epoch 41/50 - Val Metric: 0.9257
Epoch 42/50 - Train Loss: 0.1562 - Train Metric: 0.9609
Epoch 42/50 - Val Metric: 0.9313
Epoch 43/50 - Train Loss: 0.1569 - Train Metric: 0.9606
Epoch 43/50 - Val Metric: 0.9329
Epoch 44/50 - Train Loss: 0.1525 - Train Metric: 0.9630
Epoch 44/50 - Val Metric: 0.9281
Epoch 45/50 - Train Loss: 0.1501 - Train Metric: 0.9642
Epoch 45/50 - Val Metric: 0.9214
Epoch 46/50 - Train Loss: 0.1496 - Train Metric: 0.9642
Epoch 46/50 - Val Metric: 0.9236
Epoch 47/50 - Train Loss: 0.1452 - Train Metric: 0.9666
Epoch 47/50 - Val Metric: 0.9222
Epoch 48/50 - Train Loss: 0.1456 - Train Metric: 0.9662
Epoch 48/50 - Val Metric: 0.9260
Epoch 49/50 - Train Loss: 0.1444 - Train Metric: 0.9668
Epoch 49/50 - Val Metric: 0.9244
Epoch 50/50 - Train Loss: 0.1408 - Train Metric: 0.9685
Epoch 50/50 - Val Metric: 0.9270
Best val: 0.9407, Best test: 0.9366
Training set has 36168 instances
Validation set has 4521 instances
Test set has 4522 instances
Epoch 1/50 - Train Loss: 0.3423 - Train Metric: 0.6591
Epoch 1/50 - Val Metric: 0.7693
Epoch 2/50 - Train Loss: 0.2727 - Train Metric: 0.8394
Epoch 2/50 - Val Metric: 0.9022
Epoch 3/50 - Train Loss: 0.2368 - Train Metric: 0.8946
Epoch 3/50 - Val Metric: 0.9065
Epoch 4/50 - Train Loss: 0.2303 - Train Metric: 0.9014
Epoch 4/50 - Val Metric: 0.9082
Epoch 5/50 - Train Loss: 0.2276 - Train Metric: 0.9050
Epoch 5/50 - Val Metric: 0.9101
Epoch 6/50 - Train Loss: 0.2260 - Train Metric: 0.9068
Epoch 6/50 - Val Metric: 0.9106
Epoch 7/50 - Train Loss: 0.2254 - Train Metric: 0.9069
Epoch 7/50 - Val Metric: 0.9114
Epoch 8/50 - Train Loss: 0.2235 - Train Metric: 0.9094
Epoch 8/50 - Val Metric: 0.9115
Epoch 9/50 - Train Loss: 0.2232 - Train Metric: 0.9097
Epoch 9/50 - Val Metric: 0.9121
Epoch 10/50 - Train Loss: 0.2217 - Train Metric: 0.9115
Epoch 10/50 - Val Metric: 0.9123
Epoch 11/50 - Train Loss: 0.2215 - Train Metric: 0.9113
Epoch 11/50 - Val Metric: 0.9124
Epoch 12/50 - Train Loss: 0.2211 - Train Metric: 0.9121
Epoch 12/50 - Val Metric: 0.9129
Epoch 13/50 - Train Loss: 0.2207 - Train Metric: 0.9122
Epoch 13/50 - Val Metric: 0.9128
Epoch 14/50 - Train Loss: 0.2198 - Train Metric: 0.9132
Epoch 14/50 - Val Metric: 0.9129
Epoch 15/50 - Train Loss: 0.2199 - Train Metric: 0.9132
Epoch 15/50 - Val Metric: 0.9134
Epoch 16/50 - Train Loss: 0.2195 - Train Metric: 0.9135
Epoch 16/50 - Val Metric: 0.9136
Epoch 17/50 - Train Loss: 0.2193 - Train Metric: 0.9137
Epoch 17/50 - Val Metric: 0.9136
Epoch 18/50 - Train Loss: 0.2187 - Train Metric: 0.9142
Epoch 18/50 - Val Metric: 0.9138
Epoch 19/50 - Train Loss: 0.2168 - Train Metric: 0.9162
Epoch 19/50 - Val Metric: 0.9138
Epoch 20/50 - Train Loss: 0.2177 - Train Metric: 0.9155
Epoch 20/50 - Val Metric: 0.9140
Epoch 21/50 - Train Loss: 0.2174 - Train Metric: 0.9156
Epoch 21/50 - Val Metric: 0.9141
Epoch 22/50 - Train Loss: 0.2169 - Train Metric: 0.9163
Epoch 22/50 - Val Metric: 0.9142
Epoch 23/50 - Train Loss: 0.2176 - Train Metric: 0.9154
Epoch 23/50 - Val Metric: 0.9142
Epoch 24/50 - Train Loss: 0.2166 - Train Metric: 0.9165
Epoch 24/50 - Val Metric: 0.9144
Epoch 25/50 - Train Loss: 0.2169 - Train Metric: 0.9160
Epoch 25/50 - Val Metric: 0.9146
Epoch 26/50 - Train Loss: 0.2162 - Train Metric: 0.9168
Epoch 26/50 - Val Metric: 0.9147
Epoch 27/50 - Train Loss: 0.2163 - Train Metric: 0.9166
Epoch 27/50 - Val Metric: 0.9146
Epoch 28/50 - Train Loss: 0.2167 - Train Metric: 0.9163
Epoch 28/50 - Val Metric: 0.9146
Epoch 29/50 - Train Loss: 0.2160 - Train Metric: 0.9169
Epoch 29/50 - Val Metric: 0.9147
Epoch 30/50 - Train Loss: 0.2157 - Train Metric: 0.9175
Epoch 30/50 - Val Metric: 0.9148
Epoch 31/50 - Train Loss: 0.2162 - Train Metric: 0.9169
Epoch 31/50 - Val Metric: 0.9148
Epoch 32/50 - Train Loss: 0.2157 - Train Metric: 0.9171
Epoch 32/50 - Val Metric: 0.9148
Epoch 33/50 - Train Loss: 0.2156 - Train Metric: 0.9174
Epoch 33/50 - Val Metric: 0.9149
Epoch 34/50 - Train Loss: 0.2158 - Train Metric: 0.9172
Epoch 34/50 - Val Metric: 0.9149
Epoch 35/50 - Train Loss: 0.2153 - Train Metric: 0.9175
Epoch 35/50 - Val Metric: 0.9150
Epoch 36/50 - Train Loss: 0.2150 - Train Metric: 0.9180
Epoch 36/50 - Val Metric: 0.9150
Epoch 37/50 - Train Loss: 0.2143 - Train Metric: 0.9188
Epoch 37/50 - Val Metric: 0.9150
Epoch 38/50 - Train Loss: 0.2147 - Train Metric: 0.9182
Epoch 38/50 - Val Metric: 0.9151
Epoch 39/50 - Train Loss: 0.2148 - Train Metric: 0.9181
Epoch 39/50 - Val Metric: 0.9151
Epoch 40/50 - Train Loss: 0.2154 - Train Metric: 0.9178
Epoch 40/50 - Val Metric: 0.9152
Epoch 41/50 - Train Loss: 0.2147 - Train Metric: 0.9183
Epoch 41/50 - Val Metric: 0.9152
Epoch 42/50 - Train Loss: 0.2150 - Train Metric: 0.9179
Epoch 42/50 - Val Metric: 0.9152
Epoch 43/50 - Train Loss: 0.2139 - Train Metric: 0.9188
Epoch 43/50 - Val Metric: 0.9152
Epoch 44/50 - Train Loss: 0.2150 - Train Metric: 0.9180
Epoch 44/50 - Val Metric: 0.9152
Epoch 45/50 - Train Loss: 0.2151 - Train Metric: 0.9180
Epoch 45/50 - Val Metric: 0.9152
Epoch 46/50 - Train Loss: 0.2147 - Train Metric: 0.9182
Epoch 46/50 - Val Metric: 0.9152
Epoch 47/50 - Train Loss: 0.2153 - Train Metric: 0.9176
Epoch 47/50 - Val Metric: 0.9152
Epoch 48/50 - Train Loss: 0.2146 - Train Metric: 0.9183
Epoch 48/50 - Val Metric: 0.9152
Epoch 49/50 - Train Loss: 0.2144 - Train Metric: 0.9185
Epoch 49/50 - Val Metric: 0.9152
Epoch 50/50 - Train Loss: 0.2147 - Train Metric: 0.9180
Epoch 50/50 - Val Metric: 0.9153
Best val: 0.9153, Best test: 0.9173
Training set has 36168 instances
Validation set has 4521 instances
Test set has 4522 instances
Epoch 1/50 - Train Loss: 0.3886 - Train Metric: 0.5207
Epoch 1/50 - Val Metric: 0.6418
Epoch 2/50 - Train Loss: 0.3564 - Train Metric: 0.6061
Epoch 2/50 - Val Metric: 0.6774
Epoch 3/50 - Train Loss: 0.3495 - Train Metric: 0.6625
Epoch 3/50 - Val Metric: 0.6965
Epoch 4/50 - Train Loss: 0.3346 - Train Metric: 0.7064
Epoch 4/50 - Val Metric: 0.7224
Epoch 5/50 - Train Loss: 0.3181 - Train Metric: 0.7452
Epoch 5/50 - Val Metric: 0.7510
Epoch 6/50 - Train Loss: 0.3070 - Train Metric: 0.7699
Epoch 6/50 - Val Metric: 0.7728
Epoch 7/50 - Train Loss: 0.2976 - Train Metric: 0.7910
Epoch 7/50 - Val Metric: 0.8007
Epoch 8/50 - Train Loss: 0.2891 - Train Metric: 0.8092
Epoch 8/50 - Val Metric: 0.8235
Epoch 9/50 - Train Loss: 0.2805 - Train Metric: 0.8261
Epoch 9/50 - Val Metric: 0.8403
Epoch 10/50 - Train Loss: 0.2730 - Train Metric: 0.8410
Epoch 10/50 - Val Metric: 0.8507
Epoch 11/50 - Train Loss: 0.2682 - Train Metric: 0.8489
Epoch 11/50 - Val Metric: 0.8593
Epoch 12/50 - Train Loss: 0.2613 - Train Metric: 0.8621
Epoch 12/50 - Val Metric: 0.8662
Epoch 13/50 - Train Loss: 0.2555 - Train Metric: 0.8706
Epoch 13/50 - Val Metric: 0.8702
Epoch 14/50 - Train Loss: 0.2523 - Train Metric: 0.8750
Epoch 14/50 - Val Metric: 0.8729
Epoch 15/50 - Train Loss: 0.2497 - Train Metric: 0.8795
Epoch 15/50 - Val Metric: 0.8740
Epoch 16/50 - Train Loss: 0.2485 - Train Metric: 0.8797
Epoch 16/50 - Val Metric: 0.8755
Epoch 17/50 - Train Loss: 0.2463 - Train Metric: 0.8837
Epoch 17/50 - Val Metric: 0.8754
Epoch 18/50 - Train Loss: 0.2444 - Train Metric: 0.8840
Epoch 18/50 - Val Metric: 0.8764
Epoch 19/50 - Train Loss: 0.2439 - Train Metric: 0.8862
Epoch 19/50 - Val Metric: 0.8767
Epoch 20/50 - Train Loss: 0.2434 - Train Metric: 0.8875
Epoch 20/50 - Val Metric: 0.8772
Epoch 21/50 - Train Loss: 0.2440 - Train Metric: 0.8851
Epoch 21/50 - Val Metric: 0.8771
Epoch 22/50 - Train Loss: 0.2423 - Train Metric: 0.8882
Epoch 22/50 - Val Metric: 0.8779
Epoch 23/50 - Train Loss: 0.2408 - Train Metric: 0.8890
Epoch 23/50 - Val Metric: 0.8778
Epoch 24/50 - Train Loss: 0.2400 - Train Metric: 0.8909
Epoch 24/50 - Val Metric: 0.8783
Epoch 25/50 - Train Loss: 0.2402 - Train Metric: 0.8902
Epoch 25/50 - Val Metric: 0.8785
Epoch 26/50 - Train Loss: 0.2404 - Train Metric: 0.8899
Epoch 26/50 - Val Metric: 0.8790
Epoch 27/50 - Train Loss: 0.2404 - Train Metric: 0.8897
Epoch 27/50 - Val Metric: 0.8793
Epoch 28/50 - Train Loss: 0.2405 - Train Metric: 0.8902
Epoch 28/50 - Val Metric: 0.8794
Epoch 29/50 - Train Loss: 0.2403 - Train Metric: 0.8904
Epoch 29/50 - Val Metric: 0.8794
Epoch 30/50 - Train Loss: 0.2396 - Train Metric: 0.8905
Epoch 30/50 - Val Metric: 0.8795
Epoch 31/50 - Train Loss: 0.2390 - Train Metric: 0.8917
Epoch 31/50 - Val Metric: 0.8795
Epoch 32/50 - Train Loss: 0.2407 - Train Metric: 0.8902
Epoch 32/50 - Val Metric: 0.8796
Epoch 33/50 - Train Loss: 0.2392 - Train Metric: 0.8912
Epoch 33/50 - Val Metric: 0.8796
Epoch 34/50 - Train Loss: 0.2392 - Train Metric: 0.8916
Epoch 34/50 - Val Metric: 0.8798
Epoch 35/50 - Train Loss: 0.2392 - Train Metric: 0.8912
Epoch 35/50 - Val Metric: 0.8800
Epoch 36/50 - Train Loss: 0.2400 - Train Metric: 0.8902
Epoch 36/50 - Val Metric: 0.8800
Epoch 37/50 - Train Loss: 0.2391 - Train Metric: 0.8917
Epoch 37/50 - Val Metric: 0.8800
Epoch 38/50 - Train Loss: 0.2384 - Train Metric: 0.8923
Epoch 38/50 - Val Metric: 0.8801
Epoch 39/50 - Train Loss: 0.2374 - Train Metric: 0.8931
Epoch 39/50 - Val Metric: 0.8800
Epoch 40/50 - Train Loss: 0.2386 - Train Metric: 0.8918
Epoch 40/50 - Val Metric: 0.8800
Epoch 41/50 - Train Loss: 0.2397 - Train Metric: 0.8906
Epoch 41/50 - Val Metric: 0.8801
Epoch 42/50 - Train Loss: 0.2387 - Train Metric: 0.8917
Epoch 42/50 - Val Metric: 0.8802
Epoch 43/50 - Train Loss: 0.2398 - Train Metric: 0.8899
Epoch 43/50 - Val Metric: 0.8802
Epoch 44/50 - Train Loss: 0.2381 - Train Metric: 0.8923
Epoch 44/50 - Val Metric: 0.8803
Epoch 45/50 - Train Loss: 0.2384 - Train Metric: 0.8921
Epoch 45/50 - Val Metric: 0.8803
Epoch 46/50 - Train Loss: 0.2381 - Train Metric: 0.8921
Epoch 46/50 - Val Metric: 0.8803
Epoch 47/50 - Train Loss: 0.2382 - Train Metric: 0.8926
Epoch 47/50 - Val Metric: 0.8803
Epoch 48/50 - Train Loss: 0.2371 - Train Metric: 0.8929
Epoch 48/50 - Val Metric: 0.8803
Epoch 49/50 - Train Loss: 0.2389 - Train Metric: 0.8916
Epoch 49/50 - Val Metric: 0.8803
Epoch 50/50 - Train Loss: 0.2391 - Train Metric: 0.8922
Epoch 50/50 - Val Metric: 0.8803
Best val: 0.8803, Best test: 0.9031
Training set has 36168 instances
Validation set has 4521 instances
Test set has 4522 instances
Epoch 1/50 - Train Loss: 0.3429 - Train Metric: 0.6456
Epoch 1/50 - Val Metric: 0.7645
Epoch 2/50 - Train Loss: 0.2899 - Train Metric: 0.8022
Epoch 2/50 - Val Metric: 0.9062
Epoch 3/50 - Train Loss: 0.2294 - Train Metric: 0.9026
Epoch 3/50 - Val Metric: 0.9132
Epoch 4/50 - Train Loss: 0.2293 - Train Metric: 0.9025
Epoch 4/50 - Val Metric: 0.9126
Epoch 5/50 - Train Loss: 0.2233 - Train Metric: 0.9093
Epoch 5/50 - Val Metric: 0.9152
Epoch 6/50 - Train Loss: 0.2202 - Train Metric: 0.9125
Epoch 6/50 - Val Metric: 0.9160
Epoch 7/50 - Train Loss: 0.2213 - Train Metric: 0.9113
Epoch 7/50 - Val Metric: 0.9170
Epoch 8/50 - Train Loss: 0.2187 - Train Metric: 0.9141
Epoch 8/50 - Val Metric: 0.9177
Epoch 9/50 - Train Loss: 0.2185 - Train Metric: 0.9145
Epoch 9/50 - Val Metric: 0.9179
Epoch 10/50 - Train Loss: 0.2165 - Train Metric: 0.9164
Epoch 10/50 - Val Metric: 0.9182
Epoch 11/50 - Train Loss: 0.2157 - Train Metric: 0.9174
Epoch 11/50 - Val Metric: 0.9180
Epoch 12/50 - Train Loss: 0.2138 - Train Metric: 0.9189
Epoch 12/50 - Val Metric: 0.9208
Epoch 13/50 - Train Loss: 0.2127 - Train Metric: 0.9198
Epoch 13/50 - Val Metric: 0.9219
Epoch 14/50 - Train Loss: 0.2116 - Train Metric: 0.9209
Epoch 14/50 - Val Metric: 0.9230
Epoch 15/50 - Train Loss: 0.2112 - Train Metric: 0.9214
Epoch 15/50 - Val Metric: 0.9233
Epoch 16/50 - Train Loss: 0.2107 - Train Metric: 0.9217
Epoch 16/50 - Val Metric: 0.9226
Epoch 17/50 - Train Loss: 0.2101 - Train Metric: 0.9224
Epoch 17/50 - Val Metric: 0.9220
Epoch 18/50 - Train Loss: 0.2094 - Train Metric: 0.9231
Epoch 18/50 - Val Metric: 0.9243
Epoch 19/50 - Train Loss: 0.2072 - Train Metric: 0.9248
Epoch 19/50 - Val Metric: 0.9230
Epoch 20/50 - Train Loss: 0.2077 - Train Metric: 0.9244
Epoch 20/50 - Val Metric: 0.9243
Epoch 21/50 - Train Loss: 0.2066 - Train Metric: 0.9252
Epoch 21/50 - Val Metric: 0.9244
Epoch 22/50 - Train Loss: 0.2056 - Train Metric: 0.9263
Epoch 22/50 - Val Metric: 0.9241
Epoch 23/50 - Train Loss: 0.2050 - Train Metric: 0.9267
Epoch 23/50 - Val Metric: 0.9245
Epoch 24/50 - Train Loss: 0.2054 - Train Metric: 0.9265
Epoch 24/50 - Val Metric: 0.9233
Epoch 25/50 - Train Loss: 0.2049 - Train Metric: 0.9269
Epoch 25/50 - Val Metric: 0.9236
Epoch 26/50 - Train Loss: 0.2035 - Train Metric: 0.9279
Epoch 26/50 - Val Metric: 0.9236
Epoch 27/50 - Train Loss: 0.2056 - Train Metric: 0.9261
Epoch 27/50 - Val Metric: 0.9240
Epoch 28/50 - Train Loss: 0.2021 - Train Metric: 0.9292
Epoch 28/50 - Val Metric: 0.9237
Epoch 29/50 - Train Loss: 0.2022 - Train Metric: 0.9292
Epoch 29/50 - Val Metric: 0.9237
Epoch 30/50 - Train Loss: 0.2016 - Train Metric: 0.9296
Epoch 30/50 - Val Metric: 0.9239
Epoch 31/50 - Train Loss: 0.1999 - Train Metric: 0.9312
Epoch 31/50 - Val Metric: 0.9255
Epoch 32/50 - Train Loss: 0.1965 - Train Metric: 0.9339
Epoch 32/50 - Val Metric: 0.9284
Epoch 33/50 - Train Loss: 0.1946 - Train Metric: 0.9356
Epoch 33/50 - Val Metric: 0.9243
Epoch 34/50 - Train Loss: 0.1923 - Train Metric: 0.9372
Epoch 34/50 - Val Metric: 0.9297
Epoch 35/50 - Train Loss: 0.1922 - Train Metric: 0.9374
Epoch 35/50 - Val Metric: 0.9295
Epoch 36/50 - Train Loss: 0.1914 - Train Metric: 0.9379
Epoch 36/50 - Val Metric: 0.9268
Epoch 37/50 - Train Loss: 0.1890 - Train Metric: 0.9398
Epoch 37/50 - Val Metric: 0.9312
Epoch 38/50 - Train Loss: 0.1886 - Train Metric: 0.9402
Epoch 38/50 - Val Metric: 0.9293
Epoch 39/50 - Train Loss: 0.1879 - Train Metric: 0.9406
Epoch 39/50 - Val Metric: 0.9246
Epoch 40/50 - Train Loss: 0.1862 - Train Metric: 0.9418
Epoch 40/50 - Val Metric: 0.9298
Epoch 41/50 - Train Loss: 0.1857 - Train Metric: 0.9423
Epoch 41/50 - Val Metric: 0.9291
Epoch 42/50 - Train Loss: 0.1845 - Train Metric: 0.9431
Epoch 42/50 - Val Metric: 0.9294
Epoch 43/50 - Train Loss: 0.1840 - Train Metric: 0.9432
Epoch 43/50 - Val Metric: 0.9318
Epoch 44/50 - Train Loss: 0.1826 - Train Metric: 0.9445
Epoch 44/50 - Val Metric: 0.9310
Epoch 45/50 - Train Loss: 0.1822 - Train Metric: 0.9448
Epoch 45/50 - Val Metric: 0.9312
Epoch 46/50 - Train Loss: 0.1808 - Train Metric: 0.9456
Epoch 46/50 - Val Metric: 0.9297
Epoch 47/50 - Train Loss: 0.1805 - Train Metric: 0.9458
Epoch 47/50 - Val Metric: 0.9290
Epoch 48/50 - Train Loss: 0.1780 - Train Metric: 0.9477
Epoch 48/50 - Val Metric: 0.9259
Epoch 49/50 - Train Loss: 0.1773 - Train Metric: 0.9481
Epoch 49/50 - Val Metric: 0.9277
Epoch 50/50 - Train Loss: 0.1768 - Train Metric: 0.9485
Epoch 50/50 - Val Metric: 0.9289
Best val: 0.9318, Best test: 0.9308
Training set has 36168 instances
Validation set has 4521 instances
Test set has 4522 instances
Epoch 1/50 - Train Loss: 0.3069 - Train Metric: 0.7664
Epoch 1/50 - Val Metric: 0.8951
Epoch 2/50 - Train Loss: 0.2272 - Train Metric: 0.9059
Epoch 2/50 - Val Metric: 0.9034
Training set has 36168 instances
Validation set has 4521 instances
Test set has 4522 instances
Training set has 36168 instances
Validation set has 4521 instances
Test set has 4522 instances
Epoch 1/50 - Train Loss: 0.3142 - Train Metric: 0.7458
Epoch 1/50 - Val Metric: 0.9095
Epoch 2/50 - Train Loss: 0.2330 - Train Metric: 0.9003
Epoch 2/50 - Val Metric: 0.9164
Epoch 3/50 - Train Loss: 0.2267 - Train Metric: 0.9069
Epoch 3/50 - Val Metric: 0.9192
Epoch 4/50 - Train Loss: 0.2221 - Train Metric: 0.9113
Epoch 4/50 - Val Metric: 0.9212
Epoch 5/50 - Train Loss: 0.2215 - Train Metric: 0.9121
Epoch 5/50 - Val Metric: 0.9212
Epoch 6/50 - Train Loss: 0.2195 - Train Metric: 0.9144
Epoch 6/50 - Val Metric: 0.9208
Epoch 7/50 - Train Loss: 0.2174 - Train Metric: 0.9160
Epoch 7/50 - Val Metric: 0.9234
Epoch 8/50 - Train Loss: 0.2167 - Train Metric: 0.9170
Epoch 8/50 - Val Metric: 0.9241
Epoch 9/50 - Train Loss: 0.2147 - Train Metric: 0.9190
Epoch 9/50 - Val Metric: 0.9226
Epoch 10/50 - Train Loss: 0.2141 - Train Metric: 0.9197
Epoch 10/50 - Val Metric: 0.9250
Epoch 11/50 - Train Loss: 0.2130 - Train Metric: 0.9203
Epoch 11/50 - Val Metric: 0.9250
Epoch 12/50 - Train Loss: 0.2116 - Train Metric: 0.9215
Epoch 12/50 - Val Metric: 0.9242
Epoch 13/50 - Train Loss: 0.2106 - Train Metric: 0.9224
Epoch 13/50 - Val Metric: 0.9242
Epoch 14/50 - Train Loss: 0.2094 - Train Metric: 0.9236
Epoch 14/50 - Val Metric: 0.9260
Epoch 15/50 - Train Loss: 0.2095 - Train Metric: 0.9236
Epoch 15/50 - Val Metric: 0.9287
Epoch 16/50 - Train Loss: 0.2086 - Train Metric: 0.9243
Epoch 16/50 - Val Metric: 0.9276
Epoch 17/50 - Train Loss: 0.2076 - Train Metric: 0.9249
Epoch 17/50 - Val Metric: 0.9264
Epoch 18/50 - Train Loss: 0.2072 - Train Metric: 0.9254
Epoch 18/50 - Val Metric: 0.9266
Epoch 19/50 - Train Loss: 0.2069 - Train Metric: 0.9256
Epoch 19/50 - Val Metric: 0.9270
Epoch 20/50 - Train Loss: 0.2058 - Train Metric: 0.9266
Epoch 20/50 - Val Metric: 0.9258
Epoch 21/50 - Train Loss: 0.2050 - Train Metric: 0.9273
Epoch 21/50 - Val Metric: 0.9246
Epoch 22/50 - Train Loss: 0.2048 - Train Metric: 0.9273
Epoch 22/50 - Val Metric: 0.9244
Epoch 23/50 - Train Loss: 0.2040 - Train Metric: 0.9281
Epoch 23/50 - Val Metric: 0.9257
Epoch 24/50 - Train Loss: 0.2038 - Train Metric: 0.9283
Epoch 24/50 - Val Metric: 0.9261
Epoch 25/50 - Train Loss: 0.2038 - Train Metric: 0.9283
Epoch 25/50 - Val Metric: 0.9258
Epoch 26/50 - Train Loss: 0.2031 - Train Metric: 0.9289
Epoch 26/50 - Val Metric: 0.9231
Epoch 27/50 - Train Loss: 0.2030 - Train Metric: 0.9290
Epoch 27/50 - Val Metric: 0.9254
Epoch 28/50 - Train Loss: 0.2023 - Train Metric: 0.9295
Epoch 28/50 - Val Metric: 0.9270
Epoch 29/50 - Train Loss: 0.2021 - Train Metric: 0.9298
Epoch 29/50 - Val Metric: 0.9275
Epoch 30/50 - Train Loss: 0.2018 - Train Metric: 0.9299
Epoch 30/50 - Val Metric: 0.9252
Epoch 31/50 - Train Loss: 0.2013 - Train Metric: 0.9304
Epoch 31/50 - Val Metric: 0.9257
Epoch 32/50 - Train Loss: 0.2013 - Train Metric: 0.9302
Epoch 32/50 - Val Metric: 0.9254
Epoch 33/50 - Train Loss: 0.2007 - Train Metric: 0.9308
Epoch 33/50 - Val Metric: 0.9256
Epoch 34/50 - Train Loss: 0.2005 - Train Metric: 0.9310
Epoch 34/50 - Val Metric: 0.9257
Epoch 35/50 - Train Loss: 0.1999 - Train Metric: 0.9313
Epoch 35/50 - Val Metric: 0.9261
Epoch 36/50 - Train Loss: 0.2002 - Train Metric: 0.9312
Epoch 36/50 - Val Metric: 0.9257
Epoch 37/50 - Train Loss: 0.1994 - Train Metric: 0.9318
Epoch 37/50 - Val Metric: 0.9254
Epoch 38/50 - Train Loss: 0.2003 - Train Metric: 0.9309
Epoch 38/50 - Val Metric: 0.9256
Epoch 39/50 - Train Loss: 0.1997 - Train Metric: 0.9316
Epoch 39/50 - Val Metric: 0.9259
Epoch 40/50 - Train Loss: 0.1998 - Train Metric: 0.9314
Epoch 40/50 - Val Metric: 0.9257
Epoch 41/50 - Train Loss: 0.1987 - Train Metric: 0.9324
Epoch 41/50 - Val Metric: 0.9258
Epoch 42/50 - Train Loss: 0.1996 - Train Metric: 0.9317
Epoch 42/50 - Val Metric: 0.9262
Epoch 43/50 - Train Loss: 0.1990 - Train Metric: 0.9322
Epoch 43/50 - Val Metric: 0.9260
Epoch 44/50 - Train Loss: 0.1998 - Train Metric: 0.9315
Epoch 44/50 - Val Metric: 0.9257
Epoch 45/50 - Train Loss: 0.1992 - Train Metric: 0.9319
Epoch 45/50 - Val Metric: 0.9257
Epoch 46/50 - Train Loss: 0.1993 - Train Metric: 0.9319
Epoch 46/50 - Val Metric: 0.9260
Epoch 47/50 - Train Loss: 0.1987 - Train Metric: 0.9324
Epoch 47/50 - Val Metric: 0.9260
Epoch 48/50 - Train Loss: 0.1995 - Train Metric: 0.9317
Epoch 48/50 - Val Metric: 0.9258
Epoch 49/50 - Train Loss: 0.1992 - Train Metric: 0.9320
Epoch 49/50 - Val Metric: 0.9255
Epoch 50/50 - Train Loss: 0.1988 - Train Metric: 0.9323
Epoch 50/50 - Val Metric: 0.9258
Best val: 0.9287, Best test: 0.9220
Training set has 36168 instances
Validation set has 4521 instances
Test set has 4522 instances
Epoch 1/50 - Train Loss: 0.3375 - Train Metric: 0.6683
Epoch 1/50 - Val Metric: 0.8976
Epoch 2/50 - Train Loss: 0.2358 - Train Metric: 0.8953
Epoch 2/50 - Val Metric: 0.9085
Epoch 3/50 - Train Loss: 0.2217 - Train Metric: 0.9105
Epoch 3/50 - Val Metric: 0.9109
Epoch 4/50 - Train Loss: 0.2210 - Train Metric: 0.9110
Epoch 4/50 - Val Metric: 0.9134
Epoch 5/50 - Train Loss: 0.2160 - Train Metric: 0.9162
Epoch 5/50 - Val Metric: 0.9161
Epoch 6/50 - Train Loss: 0.2137 - Train Metric: 0.9179
Epoch 6/50 - Val Metric: 0.9163
Epoch 7/50 - Train Loss: 0.2106 - Train Metric: 0.9212
Epoch 7/50 - Val Metric: 0.9192
Epoch 8/50 - Train Loss: 0.2095 - Train Metric: 0.9221
Epoch 8/50 - Val Metric: 0.9196
Epoch 9/50 - Train Loss: 0.2049 - Train Metric: 0.9265
Epoch 9/50 - Val Metric: 0.9214
Epoch 10/50 - Train Loss: 0.2034 - Train Metric: 0.9278
Epoch 10/50 - Val Metric: 0.9222
Epoch 11/50 - Train Loss: 0.2020 - Train Metric: 0.9291
Epoch 11/50 - Val Metric: 0.9236
Epoch 12/50 - Train Loss: 0.1985 - Train Metric: 0.9320
Epoch 12/50 - Val Metric: 0.9246
Epoch 13/50 - Train Loss: 0.1975 - Train Metric: 0.9330
Epoch 13/50 - Val Metric: 0.9216
Epoch 14/50 - Train Loss: 0.1973 - Train Metric: 0.9330
Epoch 14/50 - Val Metric: 0.9273
Epoch 15/50 - Train Loss: 0.1946 - Train Metric: 0.9350
Epoch 15/50 - Val Metric: 0.9278
Epoch 16/50 - Train Loss: 0.1936 - Train Metric: 0.9360
Epoch 16/50 - Val Metric: 0.9265
Epoch 17/50 - Train Loss: 0.1917 - Train Metric: 0.9376
Epoch 17/50 - Val Metric: 0.9294
Epoch 18/50 - Train Loss: 0.1894 - Train Metric: 0.9393
Epoch 18/50 - Val Metric: 0.9284
Epoch 19/50 - Train Loss: 0.1885 - Train Metric: 0.9401
Epoch 19/50 - Val Metric: 0.9276
Epoch 20/50 - Train Loss: 0.1886 - Train Metric: 0.9399
Epoch 20/50 - Val Metric: 0.9301
Epoch 21/50 - Train Loss: 0.1863 - Train Metric: 0.9417
Epoch 21/50 - Val Metric: 0.9287
Epoch 22/50 - Train Loss: 0.1858 - Train Metric: 0.9421
Epoch 22/50 - Val Metric: 0.9271
Epoch 23/50 - Train Loss: 0.1850 - Train Metric: 0.9428
Epoch 23/50 - Val Metric: 0.9291
Epoch 24/50 - Train Loss: 0.1824 - Train Metric: 0.9446
Epoch 24/50 - Val Metric: 0.9277
Epoch 25/50 - Train Loss: 0.1829 - Train Metric: 0.9441
Epoch 25/50 - Val Metric: 0.9295
Epoch 26/50 - Train Loss: 0.1795 - Train Metric: 0.9467
Epoch 26/50 - Val Metric: 0.9268
Epoch 27/50 - Train Loss: 0.1790 - Train Metric: 0.9470
Epoch 27/50 - Val Metric: 0.9284
Epoch 28/50 - Train Loss: 0.1777 - Train Metric: 0.9478
Epoch 28/50 - Val Metric: 0.9283
Epoch 29/50 - Train Loss: 0.1758 - Train Metric: 0.9493
Epoch 29/50 - Val Metric: 0.9271
Epoch 30/50 - Train Loss: 0.1738 - Train Metric: 0.9504
Epoch 30/50 - Val Metric: 0.9263
Epoch 31/50 - Train Loss: 0.1728 - Train Metric: 0.9510
Epoch 31/50 - Val Metric: 0.9265
Epoch 32/50 - Train Loss: 0.1712 - Train Metric: 0.9522
Epoch 32/50 - Val Metric: 0.9265
Epoch 33/50 - Train Loss: 0.1696 - Train Metric: 0.9532
Epoch 33/50 - Val Metric: 0.9241
Epoch 34/50 - Train Loss: 0.1681 - Train Metric: 0.9541
Epoch 34/50 - Val Metric: 0.9250
Epoch 35/50 - Train Loss: 0.1661 - Train Metric: 0.9553
Epoch 35/50 - Val Metric: 0.9240
Epoch 36/50 - Train Loss: 0.1645 - Train Metric: 0.9562
Epoch 36/50 - Val Metric: 0.9240
Epoch 37/50 - Train Loss: 0.1624 - Train Metric: 0.9575
Epoch 37/50 - Val Metric: 0.9215
Epoch 38/50 - Train Loss: 0.1617 - Train Metric: 0.9578
Epoch 38/50 - Val Metric: 0.9238
Epoch 39/50 - Train Loss: 0.1591 - Train Metric: 0.9595
Epoch 39/50 - Val Metric: 0.9209
Epoch 40/50 - Train Loss: 0.1574 - Train Metric: 0.9603
Epoch 40/50 - Val Metric: 0.9214
Epoch 41/50 - Train Loss: 0.1557 - Train Metric: 0.9613
Epoch 41/50 - Val Metric: 0.9214
Epoch 42/50 - Train Loss: 0.1535 - Train Metric: 0.9624
Epoch 42/50 - Val Metric: 0.9166
Epoch 43/50 - Train Loss: 0.1514 - Train Metric: 0.9635
Epoch 43/50 - Val Metric: 0.9199
Epoch 44/50 - Train Loss: 0.1507 - Train Metric: 0.9639
Epoch 44/50 - Val Metric: 0.9199
Epoch 45/50 - Train Loss: 0.1485 - Train Metric: 0.9649
Epoch 45/50 - Val Metric: 0.9154
Epoch 46/50 - Train Loss: 0.1456 - Train Metric: 0.9664
Epoch 46/50 - Val Metric: 0.9170
Epoch 47/50 - Train Loss: 0.1427 - Train Metric: 0.9679
Epoch 47/50 - Val Metric: 0.9156
Epoch 48/50 - Train Loss: 0.1416 - Train Metric: 0.9684
Epoch 48/50 - Val Metric: 0.9138
Epoch 49/50 - Train Loss: 0.1405 - Train Metric: 0.9689
Epoch 49/50 - Val Metric: 0.9148
Epoch 50/50 - Train Loss: 0.1373 - Train Metric: 0.9704
Epoch 50/50 - Val Metric: 0.9127
Best val: 0.9301, Best test: 0.9308
Training set has 36168 instances
Validation set has 4521 instances
Test set has 4522 instances
Training set has 36168 instances
Validation set has 4521 instances
Test set has 4522 instances
Epoch 1/50 - Train Loss: 0.3007 - Train Metric: 0.7697
Epoch 1/50 - Val Metric: 0.9103
Epoch 2/50 - Train Loss: 0.2230 - Train Metric: 0.9098
Epoch 2/50 - Val Metric: 0.9184
Epoch 3/50 - Train Loss: 0.2196 - Train Metric: 0.9133
Epoch 3/50 - Val Metric: 0.9210
Epoch 4/50 - Train Loss: 0.2154 - Train Metric: 0.9168
Epoch 4/50 - Val Metric: 0.9223
Epoch 5/50 - Train Loss: 0.2121 - Train Metric: 0.9205
Epoch 5/50 - Val Metric: 0.9250
Epoch 6/50 - Train Loss: 0.2082 - Train Metric: 0.9242
Epoch 6/50 - Val Metric: 0.9230
Epoch 7/50 - Train Loss: 0.2064 - Train Metric: 0.9257
Epoch 7/50 - Val Metric: 0.9275
Epoch 8/50 - Train Loss: 0.2041 - Train Metric: 0.9279
Epoch 8/50 - Val Metric: 0.9234
Epoch 9/50 - Train Loss: 0.2017 - Train Metric: 0.9295
Epoch 9/50 - Val Metric: 0.9307
Epoch 10/50 - Train Loss: 0.1961 - Train Metric: 0.9345
Epoch 10/50 - Val Metric: 0.9319
Epoch 11/50 - Train Loss: 0.1937 - Train Metric: 0.9362
Epoch 11/50 - Val Metric: 0.9311
Epoch 12/50 - Train Loss: 0.1917 - Train Metric: 0.9379
Epoch 12/50 - Val Metric: 0.9293
Epoch 13/50 - Train Loss: 0.1893 - Train Metric: 0.9396
Epoch 13/50 - Val Metric: 0.9319
Epoch 14/50 - Train Loss: 0.1865 - Train Metric: 0.9416
Epoch 14/50 - Val Metric: 0.9322
Epoch 15/50 - Train Loss: 0.1851 - Train Metric: 0.9428
Epoch 15/50 - Val Metric: 0.9308
Epoch 16/50 - Train Loss: 0.1828 - Train Metric: 0.9444
Epoch 16/50 - Val Metric: 0.9323
Epoch 17/50 - Train Loss: 0.1805 - Train Metric: 0.9461
Epoch 17/50 - Val Metric: 0.9292
Epoch 18/50 - Train Loss: 0.1783 - Train Metric: 0.9477
Epoch 18/50 - Val Metric: 0.9305
Epoch 19/50 - Train Loss: 0.1760 - Train Metric: 0.9488
Epoch 19/50 - Val Metric: 0.9319
Epoch 20/50 - Train Loss: 0.1721 - Train Metric: 0.9514
Epoch 20/50 - Val Metric: 0.9307
Epoch 21/50 - Train Loss: 0.1692 - Train Metric: 0.9533
Epoch 21/50 - Val Metric: 0.9290
Epoch 22/50 - Train Loss: 0.1660 - Train Metric: 0.9552
Epoch 22/50 - Val Metric: 0.9280
Epoch 23/50 - Train Loss: 0.1609 - Train Metric: 0.9580
Epoch 23/50 - Val Metric: 0.9262
Epoch 24/50 - Train Loss: 0.1570 - Train Metric: 0.9601
Epoch 24/50 - Val Metric: 0.9254
Epoch 25/50 - Train Loss: 0.1522 - Train Metric: 0.9626
Epoch 25/50 - Val Metric: 0.9247
Epoch 26/50 - Train Loss: 0.1452 - Train Metric: 0.9659
Epoch 26/50 - Val Metric: 0.9229
Epoch 27/50 - Train Loss: 0.1392 - Train Metric: 0.9688
Epoch 27/50 - Val Metric: 0.9217
Epoch 28/50 - Train Loss: 0.1348 - Train Metric: 0.9707
Epoch 28/50 - Val Metric: 0.9185
Epoch 29/50 - Train Loss: 0.1285 - Train Metric: 0.9733
Epoch 29/50 - Val Metric: 0.9176
Epoch 30/50 - Train Loss: 0.1222 - Train Metric: 0.9756
Epoch 30/50 - Val Metric: 0.9167
Epoch 31/50 - Train Loss: 0.1159 - Train Metric: 0.9779
Epoch 31/50 - Val Metric: 0.9151
Epoch 32/50 - Train Loss: 0.1075 - Train Metric: 0.9810
Epoch 32/50 - Val Metric: 0.9103
Epoch 33/50 - Train Loss: 0.1023 - Train Metric: 0.9827
Epoch 33/50 - Val Metric: 0.9107
Epoch 34/50 - Train Loss: 0.0963 - Train Metric: 0.9845
Epoch 34/50 - Val Metric: 0.9084
Epoch 35/50 - Train Loss: 0.0904 - Train Metric: 0.9861
Epoch 35/50 - Val Metric: 0.9009
Epoch 36/50 - Train Loss: 0.0843 - Train Metric: 0.9877
Epoch 36/50 - Val Metric: 0.9014
Epoch 37/50 - Train Loss: 0.0826 - Train Metric: 0.9881
Epoch 37/50 - Val Metric: 0.8981
Epoch 38/50 - Train Loss: 0.0731 - Train Metric: 0.9904
Epoch 38/50 - Val Metric: 0.8936
Epoch 39/50 - Train Loss: 0.0701 - Train Metric: 0.9911
Epoch 39/50 - Val Metric: 0.8920
Epoch 40/50 - Train Loss: 0.0661 - Train Metric: 0.9918
Epoch 40/50 - Val Metric: 0.8866
Epoch 41/50 - Train Loss: 0.0638 - Train Metric: 0.9922
Epoch 41/50 - Val Metric: 0.8898
Epoch 42/50 - Train Loss: 0.0570 - Train Metric: 0.9935
Epoch 42/50 - Val Metric: 0.8862
Epoch 43/50 - Train Loss: 0.0531 - Train Metric: 0.9942
Epoch 43/50 - Val Metric: 0.8853
Epoch 44/50 - Train Loss: 0.0469 - Train Metric: 0.9950
Epoch 44/50 - Val Metric: 0.8779
Epoch 45/50 - Train Loss: 0.0442 - Train Metric: 0.9954
Epoch 45/50 - Val Metric: 0.8787
Epoch 46/50 - Train Loss: 0.0444 - Train Metric: 0.9954
Epoch 46/50 - Val Metric: 0.8787
Epoch 47/50 - Train Loss: 0.0421 - Train Metric: 0.9956
Epoch 47/50 - Val Metric: 0.8767
Epoch 48/50 - Train Loss: 0.0376 - Train Metric: 0.9962
Epoch 48/50 - Val Metric: 0.8732
Epoch 49/50 - Train Loss: 0.0366 - Train Metric: 0.9963
Epoch 49/50 - Val Metric: 0.8747
Epoch 50/50 - Train Loss: 0.0354 - Train Metric: 0.9965
Epoch 50/50 - Val Metric: 0.8730
Best val: 0.9323, Best test: 0.9345
Training set has 36168 instances
Validation set has 4521 instances
Test set has 4522 instances
Epoch 1/50 - Train Loss: 0.2901 - Train Metric: 0.8010
Epoch 1/50 - Val Metric: 0.9110
Epoch 2/50 - Train Loss: 0.2265 - Train Metric: 0.9062
Epoch 2/50 - Val Metric: 0.9148
Epoch 3/50 - Train Loss: 0.2204 - Train Metric: 0.9124
Epoch 3/50 - Val Metric: 0.9187
Epoch 4/50 - Train Loss: 0.2145 - Train Metric: 0.9185
Epoch 4/50 - Val Metric: 0.9214
Epoch 5/50 - Train Loss: 0.2102 - Train Metric: 0.9225
Epoch 5/50 - Val Metric: 0.9254
Epoch 6/50 - Train Loss: 0.2065 - Train Metric: 0.9255
Epoch 6/50 - Val Metric: 0.9277
Epoch 7/50 - Train Loss: 0.2051 - Train Metric: 0.9268
Epoch 7/50 - Val Metric: 0.9294
Epoch 8/50 - Train Loss: 0.2007 - Train Metric: 0.9305
Epoch 8/50 - Val Metric: 0.9302
Epoch 9/50 - Train Loss: 0.1986 - Train Metric: 0.9323
Epoch 9/50 - Val Metric: 0.9326
Epoch 10/50 - Train Loss: 0.1966 - Train Metric: 0.9339
Epoch 10/50 - Val Metric: 0.9335
Epoch 11/50 - Train Loss: 0.1948 - Train Metric: 0.9354
Epoch 11/50 - Val Metric: 0.9355
Epoch 12/50 - Train Loss: 0.1920 - Train Metric: 0.9375
Epoch 12/50 - Val Metric: 0.9350
Epoch 13/50 - Train Loss: 0.1922 - Train Metric: 0.9374
Epoch 13/50 - Val Metric: 0.9355
Epoch 14/50 - Train Loss: 0.1897 - Train Metric: 0.9392
Epoch 14/50 - Val Metric: 0.9340
Epoch 15/50 - Train Loss: 0.1879 - Train Metric: 0.9405
Epoch 15/50 - Val Metric: 0.9345
Epoch 16/50 - Train Loss: 0.1874 - Train Metric: 0.9411
Epoch 16/50 - Val Metric: 0.9330
Epoch 17/50 - Train Loss: 0.1848 - Train Metric: 0.9428
Epoch 17/50 - Val Metric: 0.9353
Epoch 18/50 - Train Loss: 0.1834 - Train Metric: 0.9435
Epoch 18/50 - Val Metric: 0.9355
Epoch 19/50 - Train Loss: 0.1816 - Train Metric: 0.9449
Epoch 19/50 - Val Metric: 0.9334
Epoch 20/50 - Train Loss: 0.1804 - Train Metric: 0.9458
Epoch 20/50 - Val Metric: 0.9323
Epoch 21/50 - Train Loss: 0.1775 - Train Metric: 0.9476
Epoch 21/50 - Val Metric: 0.9331
Epoch 22/50 - Train Loss: 0.1752 - Train Metric: 0.9493
Epoch 22/50 - Val Metric: 0.9360
Epoch 23/50 - Train Loss: 0.1740 - Train Metric: 0.9499
Epoch 23/50 - Val Metric: 0.9342
Epoch 24/50 - Train Loss: 0.1717 - Train Metric: 0.9516
Epoch 24/50 - Val Metric: 0.9357
Epoch 25/50 - Train Loss: 0.1690 - Train Metric: 0.9530
Epoch 25/50 - Val Metric: 0.9320
Epoch 26/50 - Train Loss: 0.1666 - Train Metric: 0.9547
Epoch 26/50 - Val Metric: 0.9325
Epoch 27/50 - Train Loss: 0.1628 - Train Metric: 0.9565
Epoch 27/50 - Val Metric: 0.9301
Epoch 28/50 - Train Loss: 0.1584 - Train Metric: 0.9590
Epoch 28/50 - Val Metric: 0.9323
Epoch 29/50 - Train Loss: 0.1550 - Train Metric: 0.9610
Epoch 29/50 - Val Metric: 0.9311
Epoch 30/50 - Train Loss: 0.1522 - Train Metric: 0.9623
Epoch 30/50 - Val Metric: 0.9275
Epoch 31/50 - Train Loss: 0.1479 - Train Metric: 0.9643
Epoch 31/50 - Val Metric: 0.9277
Epoch 32/50 - Train Loss: 0.1428 - Train Metric: 0.9667
Epoch 32/50 - Val Metric: 0.9256
Epoch 33/50 - Train Loss: 0.1392 - Train Metric: 0.9684
Epoch 33/50 - Val Metric: 0.9287
Epoch 34/50 - Train Loss: 0.1362 - Train Metric: 0.9696
Epoch 34/50 - Val Metric: 0.9275
Epoch 35/50 - Train Loss: 0.1303 - Train Metric: 0.9720
Epoch 35/50 - Val Metric: 0.9257
Epoch 36/50 - Train Loss: 0.1256 - Train Metric: 0.9739
Epoch 36/50 - Val Metric: 0.9195
Epoch 37/50 - Train Loss: 0.1204 - Train Metric: 0.9758
Epoch 37/50 - Val Metric: 0.9173
Epoch 38/50 - Train Loss: 0.1170 - Train Metric: 0.9769
Epoch 38/50 - Val Metric: 0.9202
Epoch 39/50 - Train Loss: 0.1110 - Train Metric: 0.9790
Epoch 39/50 - Val Metric: 0.9160
Epoch 40/50 - Train Loss: 0.1071 - Train Metric: 0.9803
Epoch 40/50 - Val Metric: 0.9132
Epoch 41/50 - Train Loss: 0.1019 - Train Metric: 0.9820
Epoch 41/50 - Val Metric: 0.9154
Epoch 42/50 - Train Loss: 0.0962 - Train Metric: 0.9836
Epoch 42/50 - Val Metric: 0.9133
Epoch 43/50 - Train Loss: 0.0915 - Train Metric: 0.9849
Epoch 43/50 - Val Metric: 0.9044
Epoch 44/50 - Train Loss: 0.0891 - Train Metric: 0.9855
Epoch 44/50 - Val Metric: 0.9043
Epoch 45/50 - Train Loss: 0.0846 - Train Metric: 0.9868
Epoch 45/50 - Val Metric: 0.9041
Epoch 46/50 - Train Loss: 0.0827 - Train Metric: 0.9872
Epoch 46/50 - Val Metric: 0.8999
Epoch 47/50 - Train Loss: 0.0742 - Train Metric: 0.9892
Epoch 47/50 - Val Metric: 0.8970
Epoch 48/50 - Train Loss: 0.0720 - Train Metric: 0.9898
Epoch 48/50 - Val Metric: 0.8995
Epoch 49/50 - Train Loss: 0.0671 - Train Metric: 0.9908
Epoch 49/50 - Val Metric: 0.8949
Epoch 50/50 - Train Loss: 0.0633 - Train Metric: 0.9917
Epoch 50/50 - Val Metric: 0.8880
Best val: 0.9360, Best test: 0.9350
Training set has 36168 instances
Validation set has 4521 instances
Test set has 4522 instances
Epoch 1/50 - Train Loss: 0.3195 - Train Metric: 0.7258
Epoch 1/50 - Val Metric: 0.9085
Epoch 2/50 - Train Loss: 0.2336 - Train Metric: 0.8997
Epoch 2/50 - Val Metric: 0.9158
Epoch 3/50 - Train Loss: 0.2264 - Train Metric: 0.9079
Epoch 3/50 - Val Metric: 0.9169
Epoch 4/50 - Train Loss: 0.2219 - Train Metric: 0.9116
Epoch 4/50 - Val Metric: 0.9207
Epoch 5/50 - Train Loss: 0.2196 - Train Metric: 0.9141
Epoch 5/50 - Val Metric: 0.9228
Epoch 6/50 - Train Loss: 0.2173 - Train Metric: 0.9166
Epoch 6/50 - Val Metric: 0.9234
Epoch 7/50 - Train Loss: 0.2160 - Train Metric: 0.9176
Epoch 7/50 - Val Metric: 0.9252
Epoch 8/50 - Train Loss: 0.2147 - Train Metric: 0.9189
Epoch 8/50 - Val Metric: 0.9250
Epoch 9/50 - Train Loss: 0.2137 - Train Metric: 0.9202
Epoch 9/50 - Val Metric: 0.9266
Epoch 10/50 - Train Loss: 0.2119 - Train Metric: 0.9217
Epoch 10/50 - Val Metric: 0.9261
Epoch 11/50 - Train Loss: 0.2106 - Train Metric: 0.9230
Epoch 11/50 - Val Metric: 0.9230
Epoch 12/50 - Train Loss: 0.2102 - Train Metric: 0.9235
Epoch 12/50 - Val Metric: 0.9298
Epoch 13/50 - Train Loss: 0.2112 - Train Metric: 0.9225
Epoch 13/50 - Val Metric: 0.9277
Epoch 14/50 - Train Loss: 0.2085 - Train Metric: 0.9248
Epoch 14/50 - Val Metric: 0.9290
Epoch 15/50 - Train Loss: 0.2078 - Train Metric: 0.9256
Epoch 15/50 - Val Metric: 0.9282
Epoch 16/50 - Train Loss: 0.2065 - Train Metric: 0.9268
Epoch 16/50 - Val Metric: 0.9297
Epoch 17/50 - Train Loss: 0.2050 - Train Metric: 0.9280
Epoch 17/50 - Val Metric: 0.9287
Epoch 18/50 - Train Loss: 0.2043 - Train Metric: 0.9285
Epoch 18/50 - Val Metric: 0.9303
Epoch 19/50 - Train Loss: 0.2041 - Train Metric: 0.9288
Epoch 19/50 - Val Metric: 0.9295
Epoch 20/50 - Train Loss: 0.2027 - Train Metric: 0.9298
Epoch 20/50 - Val Metric: 0.9295
Epoch 21/50 - Train Loss: 0.2023 - Train Metric: 0.9302
Epoch 21/50 - Val Metric: 0.9294
Epoch 22/50 - Train Loss: 0.2022 - Train Metric: 0.9304
Epoch 22/50 - Val Metric: 0.9295
Epoch 23/50 - Train Loss: 0.2021 - Train Metric: 0.9302
Epoch 23/50 - Val Metric: 0.9302
Epoch 24/50 - Train Loss: 0.2009 - Train Metric: 0.9315
Epoch 24/50 - Val Metric: 0.9300
Epoch 25/50 - Train Loss: 0.1996 - Train Metric: 0.9327
Epoch 25/50 - Val Metric: 0.9309
Epoch 26/50 - Train Loss: 0.1993 - Train Metric: 0.9327
Epoch 26/50 - Val Metric: 0.9311
Epoch 27/50 - Train Loss: 0.1990 - Train Metric: 0.9328
Epoch 27/50 - Val Metric: 0.9309
Epoch 28/50 - Train Loss: 0.1971 - Train Metric: 0.9345
Epoch 28/50 - Val Metric: 0.9310
Epoch 29/50 - Train Loss: 0.1973 - Train Metric: 0.9344
Epoch 29/50 - Val Metric: 0.9302
Epoch 30/50 - Train Loss: 0.1961 - Train Metric: 0.9354
Epoch 30/50 - Val Metric: 0.9302
Epoch 31/50 - Train Loss: 0.1944 - Train Metric: 0.9366
Epoch 31/50 - Val Metric: 0.9294
Epoch 32/50 - Train Loss: 0.1946 - Train Metric: 0.9367
Epoch 32/50 - Val Metric: 0.9318
Epoch 33/50 - Train Loss: 0.1925 - Train Metric: 0.9380
Epoch 33/50 - Val Metric: 0.9297
Epoch 34/50 - Train Loss: 0.1909 - Train Metric: 0.9395
Epoch 34/50 - Val Metric: 0.9295
Epoch 35/50 - Train Loss: 0.1904 - Train Metric: 0.9397
Epoch 35/50 - Val Metric: 0.9304
Epoch 36/50 - Train Loss: 0.1898 - Train Metric: 0.9403
Epoch 36/50 - Val Metric: 0.9306
Epoch 37/50 - Train Loss: 0.1878 - Train Metric: 0.9416
Epoch 37/50 - Val Metric: 0.9326
Epoch 38/50 - Train Loss: 0.1870 - Train Metric: 0.9422
Epoch 38/50 - Val Metric: 0.9318
Epoch 39/50 - Train Loss: 0.1860 - Train Metric: 0.9429
Epoch 39/50 - Val Metric: 0.9319
Epoch 40/50 - Train Loss: 0.1863 - Train Metric: 0.9428
Epoch 40/50 - Val Metric: 0.9303
Epoch 41/50 - Train Loss: 0.1859 - Train Metric: 0.9431
Epoch 41/50 - Val Metric: 0.9325
Epoch 42/50 - Train Loss: 0.1846 - Train Metric: 0.9440
Epoch 42/50 - Val Metric: 0.9302
Epoch 43/50 - Train Loss: 0.1838 - Train Metric: 0.9445
Epoch 43/50 - Val Metric: 0.9313
Epoch 44/50 - Train Loss: 0.1832 - Train Metric: 0.9449
Epoch 44/50 - Val Metric: 0.9307
Epoch 45/50 - Train Loss: 0.1835 - Train Metric: 0.9448
Epoch 45/50 - Val Metric: 0.9303
Epoch 46/50 - Train Loss: 0.1819 - Train Metric: 0.9458
Epoch 46/50 - Val Metric: 0.9282
Epoch 47/50 - Train Loss: 0.1813 - Train Metric: 0.9463
Epoch 47/50 - Val Metric: 0.9308
Epoch 48/50 - Train Loss: 0.1809 - Train Metric: 0.9466
Epoch 48/50 - Val Metric: 0.9283
Epoch 49/50 - Train Loss: 0.1811 - Train Metric: 0.9466
Epoch 49/50 - Val Metric: 0.9322
Epoch 50/50 - Train Loss: 0.1812 - Train Metric: 0.9464
Epoch 50/50 - Val Metric: 0.9296
Best val: 0.9326, Best test: 0.9311
Training set has 36168 instances
Validation set has 4521 instances
Test set has 4522 instances
Training set has 36168 instances
Validation set has 4521 instances
Test set has 4522 instances
Epoch 1/50 - Train Loss: 0.2961 - Train Metric: 0.7900
Epoch 1/50 - Val Metric: 0.9178
Epoch 2/50 - Train Loss: 0.2232 - Train Metric: 0.9088
Epoch 2/50 - Val Metric: 0.9198
Epoch 3/50 - Train Loss: 0.2178 - Train Metric: 0.9145
Epoch 3/50 - Val Metric: 0.9255
Epoch 4/50 - Train Loss: 0.2152 - Train Metric: 0.9169
Epoch 4/50 - Val Metric: 0.9307
Epoch 5/50 - Train Loss: 0.2102 - Train Metric: 0.9218
Epoch 5/50 - Val Metric: 0.9327
Epoch 6/50 - Train Loss: 0.2050 - Train Metric: 0.9267
Epoch 6/50 - Val Metric: 0.9331
Epoch 7/50 - Train Loss: 0.2028 - Train Metric: 0.9282
Epoch 7/50 - Val Metric: 0.9322
Epoch 8/50 - Train Loss: 0.2027 - Train Metric: 0.9284
Epoch 8/50 - Val Metric: 0.9355
Epoch 9/50 - Train Loss: 0.2007 - Train Metric: 0.9302
Epoch 9/50 - Val Metric: 0.9346
Epoch 10/50 - Train Loss: 0.1980 - Train Metric: 0.9325
Epoch 10/50 - Val Metric: 0.9380
Epoch 11/50 - Train Loss: 0.1983 - Train Metric: 0.9323
Epoch 11/50 - Val Metric: 0.9383
Epoch 12/50 - Train Loss: 0.1967 - Train Metric: 0.9337
Epoch 12/50 - Val Metric: 0.9353
Epoch 13/50 - Train Loss: 0.1956 - Train Metric: 0.9345
Epoch 13/50 - Val Metric: 0.9317
Epoch 14/50 - Train Loss: 0.1955 - Train Metric: 0.9346
Epoch 14/50 - Val Metric: 0.9377
Epoch 15/50 - Train Loss: 0.1940 - Train Metric: 0.9358
Epoch 15/50 - Val Metric: 0.9386
Epoch 16/50 - Train Loss: 0.1923 - Train Metric: 0.9371
Epoch 16/50 - Val Metric: 0.9400
Epoch 17/50 - Train Loss: 0.1934 - Train Metric: 0.9362
Epoch 17/50 - Val Metric: 0.9377
Epoch 18/50 - Train Loss: 0.1914 - Train Metric: 0.9379
Epoch 18/50 - Val Metric: 0.9383
Epoch 19/50 - Train Loss: 0.1900 - Train Metric: 0.9387
Epoch 19/50 - Val Metric: 0.9403
Epoch 20/50 - Train Loss: 0.1897 - Train Metric: 0.9392
Epoch 20/50 - Val Metric: 0.9373
Epoch 21/50 - Train Loss: 0.1895 - Train Metric: 0.9394
Epoch 21/50 - Val Metric: 0.9370
Epoch 22/50 - Train Loss: 0.1878 - Train Metric: 0.9407
Epoch 22/50 - Val Metric: 0.9388
Epoch 23/50 - Train Loss: 0.1882 - Train Metric: 0.9405
Epoch 23/50 - Val Metric: 0.9374
Epoch 24/50 - Train Loss: 0.1871 - Train Metric: 0.9410
Epoch 24/50 - Val Metric: 0.9370
Epoch 25/50 - Train Loss: 0.1856 - Train Metric: 0.9423
Epoch 25/50 - Val Metric: 0.9386
Epoch 26/50 - Train Loss: 0.1850 - Train Metric: 0.9426
Epoch 26/50 - Val Metric: 0.9374
Epoch 27/50 - Train Loss: 0.1852 - Train Metric: 0.9426
Epoch 27/50 - Val Metric: 0.9354
Epoch 28/50 - Train Loss: 0.1832 - Train Metric: 0.9440
Epoch 28/50 - Val Metric: 0.9365
Epoch 29/50 - Train Loss: 0.1827 - Train Metric: 0.9444
Epoch 29/50 - Val Metric: 0.9383
Epoch 30/50 - Train Loss: 0.1829 - Train Metric: 0.9442
Epoch 30/50 - Val Metric: 0.9399
Epoch 31/50 - Train Loss: 0.1831 - Train Metric: 0.9441
Epoch 31/50 - Val Metric: 0.9409
Epoch 32/50 - Train Loss: 0.1795 - Train Metric: 0.9466
Epoch 32/50 - Val Metric: 0.9391
Epoch 33/50 - Train Loss: 0.1792 - Train Metric: 0.9468
Epoch 33/50 - Val Metric: 0.9390
Epoch 34/50 - Train Loss: 0.1783 - Train Metric: 0.9474
Epoch 34/50 - Val Metric: 0.9366
Epoch 35/50 - Train Loss: 0.1789 - Train Metric: 0.9470
Epoch 35/50 - Val Metric: 0.9383
Epoch 36/50 - Train Loss: 0.1759 - Train Metric: 0.9489
Epoch 36/50 - Val Metric: 0.9378
Epoch 37/50 - Train Loss: 0.1755 - Train Metric: 0.9492
Epoch 37/50 - Val Metric: 0.9385
Epoch 38/50 - Train Loss: 0.1747 - Train Metric: 0.9497
Epoch 38/50 - Val Metric: 0.9341
Epoch 39/50 - Train Loss: 0.1754 - Train Metric: 0.9493
Epoch 39/50 - Val Metric: 0.9375
Epoch 40/50 - Train Loss: 0.1724 - Train Metric: 0.9514
Epoch 40/50 - Val Metric: 0.9364
Epoch 41/50 - Train Loss: 0.1723 - Train Metric: 0.9514
Epoch 41/50 - Val Metric: 0.9366
Epoch 42/50 - Train Loss: 0.1709 - Train Metric: 0.9520
Epoch 42/50 - Val Metric: 0.9312
Epoch 43/50 - Train Loss: 0.1692 - Train Metric: 0.9532
Epoch 43/50 - Val Metric: 0.9352
Epoch 44/50 - Train Loss: 0.1674 - Train Metric: 0.9544
Epoch 44/50 - Val Metric: 0.9329
Epoch 45/50 - Train Loss: 0.1664 - Train Metric: 0.9549
Epoch 45/50 - Val Metric: 0.9375
Epoch 46/50 - Train Loss: 0.1651 - Train Metric: 0.9558
Epoch 46/50 - Val Metric: 0.9343
Epoch 47/50 - Train Loss: 0.1668 - Train Metric: 0.9547
Epoch 47/50 - Val Metric: 0.9352
Epoch 48/50 - Train Loss: 0.1636 - Train Metric: 0.9566
Epoch 48/50 - Val Metric: 0.9324
Epoch 49/50 - Train Loss: 0.1624 - Train Metric: 0.9572
Epoch 49/50 - Val Metric: 0.9330
Epoch 50/50 - Train Loss: 0.1618 - Train Metric: 0.9576
Epoch 50/50 - Val Metric: 0.9322
Best val: 0.9409, Best test: 0.9316
Training set has 36168 instances
Validation set has 4521 instances
Test set has 4522 instances
Epoch 1/50 - Train Loss: 0.2818 - Train Metric: 0.8231
Epoch 1/50 - Val Metric: 0.9138
Epoch 2/50 - Train Loss: 0.2220 - Train Metric: 0.9099
Epoch 2/50 - Val Metric: 0.9182
Epoch 3/50 - Train Loss: 0.2160 - Train Metric: 0.9163
Epoch 3/50 - Val Metric: 0.9227
Epoch 4/50 - Train Loss: 0.2136 - Train Metric: 0.9186
Epoch 4/50 - Val Metric: 0.9229
Epoch 5/50 - Train Loss: 0.2117 - Train Metric: 0.9199
Epoch 5/50 - Val Metric: 0.9258
Epoch 6/50 - Train Loss: 0.2096 - Train Metric: 0.9220
Epoch 6/50 - Val Metric: 0.9268
Epoch 7/50 - Train Loss: 0.2072 - Train Metric: 0.9245
Epoch 7/50 - Val Metric: 0.9275
Epoch 8/50 - Train Loss: 0.2035 - Train Metric: 0.9280
Epoch 8/50 - Val Metric: 0.9309
Epoch 9/50 - Train Loss: 0.1988 - Train Metric: 0.9316
Epoch 9/50 - Val Metric: 0.9279
Epoch 10/50 - Train Loss: 0.1981 - Train Metric: 0.9322
Epoch 10/50 - Val Metric: 0.9317
Epoch 11/50 - Train Loss: 0.1946 - Train Metric: 0.9350
Epoch 11/50 - Val Metric: 0.9320
Epoch 12/50 - Train Loss: 0.1935 - Train Metric: 0.9358
Epoch 12/50 - Val Metric: 0.9330
Epoch 13/50 - Train Loss: 0.1918 - Train Metric: 0.9373
Epoch 13/50 - Val Metric: 0.9335
Epoch 14/50 - Train Loss: 0.1890 - Train Metric: 0.9395
Epoch 14/50 - Val Metric: 0.9330
Epoch 15/50 - Train Loss: 0.1888 - Train Metric: 0.9398
Epoch 15/50 - Val Metric: 0.9355
Epoch 16/50 - Train Loss: 0.1871 - Train Metric: 0.9407
Epoch 16/50 - Val Metric: 0.9351
Epoch 17/50 - Train Loss: 0.1852 - Train Metric: 0.9422
Epoch 17/50 - Val Metric: 0.9347
Epoch 18/50 - Train Loss: 0.1840 - Train Metric: 0.9431
Epoch 18/50 - Val Metric: 0.9348
Epoch 19/50 - Train Loss: 0.1841 - Train Metric: 0.9429
Epoch 19/50 - Val Metric: 0.9335
Epoch 20/50 - Train Loss: 0.1831 - Train Metric: 0.9440
Epoch 20/50 - Val Metric: 0.9330
Epoch 21/50 - Train Loss: 0.1809 - Train Metric: 0.9453
Epoch 21/50 - Val Metric: 0.9338
Epoch 22/50 - Train Loss: 0.1792 - Train Metric: 0.9465
Epoch 22/50 - Val Metric: 0.9329
Epoch 23/50 - Train Loss: 0.1785 - Train Metric: 0.9469
Epoch 23/50 - Val Metric: 0.9311
Epoch 24/50 - Train Loss: 0.1771 - Train Metric: 0.9480
Epoch 24/50 - Val Metric: 0.9331
Epoch 25/50 - Train Loss: 0.1760 - Train Metric: 0.9488
Epoch 25/50 - Val Metric: 0.9325
Epoch 26/50 - Train Loss: 0.1749 - Train Metric: 0.9497
Epoch 26/50 - Val Metric: 0.9334
Epoch 27/50 - Train Loss: 0.1733 - Train Metric: 0.9502
Epoch 27/50 - Val Metric: 0.9290
Epoch 28/50 - Train Loss: 0.1720 - Train Metric: 0.9511
Epoch 28/50 - Val Metric: 0.9302
Epoch 29/50 - Train Loss: 0.1716 - Train Metric: 0.9515
Epoch 29/50 - Val Metric: 0.9305
Epoch 30/50 - Train Loss: 0.1688 - Train Metric: 0.9534
Epoch 30/50 - Val Metric: 0.9266
Epoch 31/50 - Train Loss: 0.1668 - Train Metric: 0.9546
Epoch 31/50 - Val Metric: 0.9257
Epoch 32/50 - Train Loss: 0.1660 - Train Metric: 0.9549
Epoch 32/50 - Val Metric: 0.9285
Epoch 33/50 - Train Loss: 0.1648 - Train Metric: 0.9557
Epoch 33/50 - Val Metric: 0.9223
Epoch 34/50 - Train Loss: 0.1642 - Train Metric: 0.9558
Epoch 34/50 - Val Metric: 0.9212
Epoch 35/50 - Train Loss: 0.1630 - Train Metric: 0.9566
Epoch 35/50 - Val Metric: 0.9286
Epoch 36/50 - Train Loss: 0.1611 - Train Metric: 0.9577
Epoch 36/50 - Val Metric: 0.9271
Epoch 37/50 - Train Loss: 0.1586 - Train Metric: 0.9593
Epoch 37/50 - Val Metric: 0.9284
Epoch 38/50 - Train Loss: 0.1575 - Train Metric: 0.9599
Epoch 38/50 - Val Metric: 0.9243
Epoch 39/50 - Train Loss: 0.1549 - Train Metric: 0.9613
Epoch 39/50 - Val Metric: 0.9263
Epoch 40/50 - Train Loss: 0.1553 - Train Metric: 0.9610
Epoch 40/50 - Val Metric: 0.9207
Epoch 41/50 - Train Loss: 0.1506 - Train Metric: 0.9636
Epoch 41/50 - Val Metric: 0.9223
Epoch 42/50 - Train Loss: 0.1483 - Train Metric: 0.9648
Epoch 42/50 - Val Metric: 0.9148
Epoch 43/50 - Train Loss: 0.1474 - Train Metric: 0.9653
Epoch 43/50 - Val Metric: 0.9201
Epoch 44/50 - Train Loss: 0.1459 - Train Metric: 0.9660
Epoch 44/50 - Val Metric: 0.9171
Epoch 45/50 - Train Loss: 0.1432 - Train Metric: 0.9673
Epoch 45/50 - Val Metric: 0.9170
Epoch 46/50 - Train Loss: 0.1416 - Train Metric: 0.9680
Epoch 46/50 - Val Metric: 0.9179
Epoch 47/50 - Train Loss: 0.1399 - Train Metric: 0.9688
Epoch 47/50 - Val Metric: 0.9132
Epoch 48/50 - Train Loss: 0.1370 - Train Metric: 0.9700
Epoch 48/50 - Val Metric: 0.9150
Epoch 49/50 - Train Loss: 0.1353 - Train Metric: 0.9710
Epoch 49/50 - Val Metric: 0.9113
Epoch 50/50 - Train Loss: 0.1347 - Train Metric: 0.9711
Epoch 50/50 - Val Metric: 0.9159
Best val: 0.9355, Best test: 0.9329
Training set has 36168 instances
Validation set has 4521 instances
Test set has 4522 instances
Training set has 36168 instances
Validation set has 4521 instances
Test set has 4522 instances
Epoch 1/50 - Train Loss: 0.3071 - Train Metric: 0.7682
Epoch 1/50 - Val Metric: 0.9124
Epoch 2/50 - Train Loss: 0.2272 - Train Metric: 0.9063
Epoch 2/50 - Val Metric: 0.9167
Epoch 3/50 - Train Loss: 0.2224 - Train Metric: 0.9118
Epoch 3/50 - Val Metric: 0.9191
Training set has 36168 instances
Validation set has 4521 instances
Test set has 4522 instances
Training set has 36168 instances
Validation set has 4521 instances
Test set has 4522 instances
Epoch 1/50 - Train Loss: 0.2835 - Train Metric: 0.8135
Epoch 1/50 - Val Metric: 0.9091
Epoch 2/50 - Train Loss: 0.2267 - Train Metric: 0.9042
Epoch 2/50 - Val Metric: 0.9174
Epoch 3/50 - Train Loss: 0.2194 - Train Metric: 0.9120
Epoch 3/50 - Val Metric: 0.9199
Epoch 4/50 - Train Loss: 0.2167 - Train Metric: 0.9147
Epoch 4/50 - Val Metric: 0.9217
Epoch 5/50 - Train Loss: 0.2131 - Train Metric: 0.9181
Epoch 5/50 - Val Metric: 0.9269
Epoch 6/50 - Train Loss: 0.2079 - Train Metric: 0.9232
Epoch 6/50 - Val Metric: 0.9302
Epoch 7/50 - Train Loss: 0.2038 - Train Metric: 0.9272
Epoch 7/50 - Val Metric: 0.9321
Epoch 8/50 - Train Loss: 0.1983 - Train Metric: 0.9317
Epoch 8/50 - Val Metric: 0.9348
Epoch 9/50 - Train Loss: 0.1970 - Train Metric: 0.9329
Epoch 9/50 - Val Metric: 0.9323
Epoch 10/50 - Train Loss: 0.1946 - Train Metric: 0.9348
Epoch 10/50 - Val Metric: 0.9341
Epoch 11/50 - Train Loss: 0.1915 - Train Metric: 0.9373
Epoch 11/50 - Val Metric: 0.9373
Epoch 12/50 - Train Loss: 0.1903 - Train Metric: 0.9380
Epoch 12/50 - Val Metric: 0.9368
Epoch 13/50 - Train Loss: 0.1909 - Train Metric: 0.9376
Epoch 13/50 - Val Metric: 0.9383
Epoch 14/50 - Train Loss: 0.1875 - Train Metric: 0.9402
Epoch 14/50 - Val Metric: 0.9365
Epoch 15/50 - Train Loss: 0.1878 - Train Metric: 0.9399
Epoch 15/50 - Val Metric: 0.9330
Epoch 16/50 - Train Loss: 0.1862 - Train Metric: 0.9412
Epoch 16/50 - Val Metric: 0.9342
Epoch 17/50 - Train Loss: 0.1857 - Train Metric: 0.9414
Epoch 17/50 - Val Metric: 0.9381
Epoch 18/50 - Train Loss: 0.1850 - Train Metric: 0.9421
Epoch 18/50 - Val Metric: 0.9356
Epoch 19/50 - Train Loss: 0.1840 - Train Metric: 0.9428
Epoch 19/50 - Val Metric: 0.9357
Epoch 20/50 - Train Loss: 0.1824 - Train Metric: 0.9439
Epoch 20/50 - Val Metric: 0.9375
Epoch 21/50 - Train Loss: 0.1816 - Train Metric: 0.9446
Epoch 21/50 - Val Metric: 0.9355
Epoch 22/50 - Train Loss: 0.1819 - Train Metric: 0.9441
Epoch 22/50 - Val Metric: 0.9359
Epoch 23/50 - Train Loss: 0.1813 - Train Metric: 0.9448
Epoch 23/50 - Val Metric: 0.9377
Epoch 24/50 - Train Loss: 0.1789 - Train Metric: 0.9464
Epoch 24/50 - Val Metric: 0.9353
Epoch 25/50 - Train Loss: 0.1778 - Train Metric: 0.9472
Epoch 25/50 - Val Metric: 0.9369
Epoch 26/50 - Train Loss: 0.1777 - Train Metric: 0.9473
Epoch 26/50 - Val Metric: 0.9329
Epoch 27/50 - Train Loss: 0.1773 - Train Metric: 0.9474
Epoch 27/50 - Val Metric: 0.9338
Epoch 28/50 - Train Loss: 0.1767 - Train Metric: 0.9478
Epoch 28/50 - Val Metric: 0.9310
Epoch 29/50 - Train Loss: 0.1748 - Train Metric: 0.9491
Epoch 29/50 - Val Metric: 0.9323
Epoch 30/50 - Train Loss: 0.1732 - Train Metric: 0.9502
Epoch 30/50 - Val Metric: 0.9328
Epoch 31/50 - Train Loss: 0.1726 - Train Metric: 0.9503
Epoch 31/50 - Val Metric: 0.9335
Epoch 32/50 - Train Loss: 0.1709 - Train Metric: 0.9517
Epoch 32/50 - Val Metric: 0.9290
Epoch 33/50 - Train Loss: 0.1686 - Train Metric: 0.9532
Epoch 33/50 - Val Metric: 0.9309
Epoch 34/50 - Train Loss: 0.1689 - Train Metric: 0.9528
Epoch 34/50 - Val Metric: 0.9293
Epoch 35/50 - Train Loss: 0.1687 - Train Metric: 0.9527
Epoch 35/50 - Val Metric: 0.9276
Epoch 36/50 - Train Loss: 0.1660 - Train Metric: 0.9547
Epoch 36/50 - Val Metric: 0.9313
Epoch 37/50 - Train Loss: 0.1638 - Train Metric: 0.9557
Epoch 37/50 - Val Metric: 0.9269
Epoch 38/50 - Train Loss: 0.1631 - Train Metric: 0.9562
Epoch 38/50 - Val Metric: 0.9275
Epoch 39/50 - Train Loss: 0.1608 - Train Metric: 0.9577
Epoch 39/50 - Val Metric: 0.9282
Epoch 40/50 - Train Loss: 0.1606 - Train Metric: 0.9578
Epoch 40/50 - Val Metric: 0.9256
Epoch 41/50 - Train Loss: 0.1560 - Train Metric: 0.9603
Epoch 41/50 - Val Metric: 0.9262
Epoch 42/50 - Train Loss: 0.1584 - Train Metric: 0.9589
Epoch 42/50 - Val Metric: 0.9234
Epoch 43/50 - Train Loss: 0.1554 - Train Metric: 0.9605
Epoch 43/50 - Val Metric: 0.9258
Epoch 44/50 - Train Loss: 0.1559 - Train Metric: 0.9604
Epoch 44/50 - Val Metric: 0.9257
Epoch 45/50 - Train Loss: 0.1529 - Train Metric: 0.9619
Epoch 45/50 - Val Metric: 0.9277
Epoch 46/50 - Train Loss: 0.1499 - Train Metric: 0.9635
Epoch 46/50 - Val Metric: 0.9214
Epoch 47/50 - Train Loss: 0.1495 - Train Metric: 0.9638
Epoch 47/50 - Val Metric: 0.9255
Epoch 48/50 - Train Loss: 0.1487 - Train Metric: 0.9641
Epoch 48/50 - Val Metric: 0.9254
Epoch 49/50 - Train Loss: 0.1451 - Train Metric: 0.9659
Epoch 49/50 - Val Metric: 0.9259
Epoch 50/50 - Train Loss: 0.1427 - Train Metric: 0.9673
Epoch 50/50 - Val Metric: 0.9239
Best val: 0.9383, Best test: 0.9361
Hyper-parameter search done. Found the best config.
Repeat experiments 5 times with the best train config {'batch_size': 128, 'gamma_rate': 1.0, 'base_lr': 0.001} and model config {'num_heads': 8, 'num_layers': 4, 'hidden_dim': 64, 'mlp_ratio': 0.5, 'dropout_prob': 0, 'top_k': 3}.
Training set has 36168 instances
Validation set has 4521 instances
Test set has 4522 instances
Epoch 1/50 - Train Loss: 0.2889 - Train Metric: 0.8024
Epoch 1/50 - Val Metric: 0.9123
Epoch 2/50 - Train Loss: 0.2213 - Train Metric: 0.9110
Epoch 2/50 - Val Metric: 0.9146
Epoch 3/50 - Train Loss: 0.2148 - Train Metric: 0.9172
Epoch 3/50 - Val Metric: 0.9179
Epoch 4/50 - Train Loss: 0.2113 - Train Metric: 0.9206
Epoch 4/50 - Val Metric: 0.9208
Epoch 5/50 - Train Loss: 0.2082 - Train Metric: 0.9234
Epoch 5/50 - Val Metric: 0.9235
Epoch 6/50 - Train Loss: 0.2069 - Train Metric: 0.9246
Epoch 6/50 - Val Metric: 0.9238
Epoch 7/50 - Train Loss: 0.2052 - Train Metric: 0.9262
Epoch 7/50 - Val Metric: 0.9225
Epoch 8/50 - Train Loss: 0.2030 - Train Metric: 0.9283
Epoch 8/50 - Val Metric: 0.9253
Epoch 9/50 - Train Loss: 0.2023 - Train Metric: 0.9289
Epoch 9/50 - Val Metric: 0.9266
Epoch 10/50 - Train Loss: 0.1989 - Train Metric: 0.9315
Epoch 10/50 - Val Metric: 0.9277
Epoch 11/50 - Train Loss: 0.1936 - Train Metric: 0.9358
Epoch 11/50 - Val Metric: 0.9302
Epoch 12/50 - Train Loss: 0.1913 - Train Metric: 0.9378
Epoch 12/50 - Val Metric: 0.9323
Epoch 13/50 - Train Loss: 0.1888 - Train Metric: 0.9398
Epoch 13/50 - Val Metric: 0.9328
Epoch 14/50 - Train Loss: 0.1883 - Train Metric: 0.9400
Epoch 14/50 - Val Metric: 0.9313
Epoch 15/50 - Train Loss: 0.1842 - Train Metric: 0.9430
Epoch 15/50 - Val Metric: 0.9304
Epoch 16/50 - Train Loss: 0.1845 - Train Metric: 0.9429
Epoch 16/50 - Val Metric: 0.9321
Epoch 17/50 - Train Loss: 0.1811 - Train Metric: 0.9450
Epoch 17/50 - Val Metric: 0.9327
Epoch 18/50 - Train Loss: 0.1803 - Train Metric: 0.9460
Epoch 18/50 - Val Metric: 0.9321
Epoch 19/50 - Train Loss: 0.1793 - Train Metric: 0.9464
Epoch 19/50 - Val Metric: 0.9309
Epoch 20/50 - Train Loss: 0.1778 - Train Metric: 0.9476
Epoch 20/50 - Val Metric: 0.9305
Epoch 21/50 - Train Loss: 0.1763 - Train Metric: 0.9483
Epoch 21/50 - Val Metric: 0.9304
Epoch 22/50 - Train Loss: 0.1749 - Train Metric: 0.9496
Epoch 22/50 - Val Metric: 0.9288
Epoch 23/50 - Train Loss: 0.1727 - Train Metric: 0.9508
Epoch 23/50 - Val Metric: 0.9274
Epoch 24/50 - Train Loss: 0.1721 - Train Metric: 0.9511
Epoch 24/50 - Val Metric: 0.9260
Epoch 25/50 - Train Loss: 0.1716 - Train Metric: 0.9515
Epoch 25/50 - Val Metric: 0.9277
Epoch 26/50 - Train Loss: 0.1676 - Train Metric: 0.9540
Epoch 26/50 - Val Metric: 0.9275
Epoch 27/50 - Train Loss: 0.1689 - Train Metric: 0.9529
Epoch 27/50 - Val Metric: 0.9268
Epoch 28/50 - Train Loss: 0.1650 - Train Metric: 0.9556
Epoch 28/50 - Val Metric: 0.9273
Epoch 29/50 - Train Loss: 0.1655 - Train Metric: 0.9552
Epoch 29/50 - Val Metric: 0.9247
Epoch 30/50 - Train Loss: 0.1620 - Train Metric: 0.9570
Epoch 30/50 - Val Metric: 0.9266
Epoch 31/50 - Train Loss: 0.1602 - Train Metric: 0.9581
Epoch 31/50 - Val Metric: 0.9233
Epoch 32/50 - Train Loss: 0.1597 - Train Metric: 0.9585
Epoch 32/50 - Val Metric: 0.9224
Epoch 33/50 - Train Loss: 0.1557 - Train Metric: 0.9603
Epoch 33/50 - Val Metric: 0.9210
Epoch 34/50 - Train Loss: 0.1552 - Train Metric: 0.9608
Epoch 34/50 - Val Metric: 0.9230
Epoch 35/50 - Train Loss: 0.1531 - Train Metric: 0.9621
Epoch 35/50 - Val Metric: 0.9243
Epoch 36/50 - Train Loss: 0.1501 - Train Metric: 0.9635
Epoch 36/50 - Val Metric: 0.9230
Epoch 37/50 - Train Loss: 0.1475 - Train Metric: 0.9649
Epoch 37/50 - Val Metric: 0.9229
Epoch 38/50 - Train Loss: 0.1473 - Train Metric: 0.9647
Epoch 38/50 - Val Metric: 0.9202
Epoch 39/50 - Train Loss: 0.1455 - Train Metric: 0.9659
Epoch 39/50 - Val Metric: 0.9192
Epoch 40/50 - Train Loss: 0.1455 - Train Metric: 0.9659
Epoch 40/50 - Val Metric: 0.9233
Epoch 41/50 - Train Loss: 0.1422 - Train Metric: 0.9674
Epoch 41/50 - Val Metric: 0.9220
Epoch 42/50 - Train Loss: 0.1370 - Train Metric: 0.9699
Epoch 42/50 - Val Metric: 0.9176
Epoch 43/50 - Train Loss: 0.1358 - Train Metric: 0.9702
Epoch 43/50 - Val Metric: 0.9093
Epoch 44/50 - Train Loss: 0.1369 - Train Metric: 0.9698
Epoch 44/50 - Val Metric: 0.9208
Epoch 45/50 - Train Loss: 0.1317 - Train Metric: 0.9720
Epoch 45/50 - Val Metric: 0.9160
Epoch 46/50 - Train Loss: 0.1297 - Train Metric: 0.9732
Epoch 46/50 - Val Metric: 0.9189
Epoch 47/50 - Train Loss: 0.1294 - Train Metric: 0.9730
Epoch 47/50 - Val Metric: 0.9171
Epoch 48/50 - Train Loss: 0.1288 - Train Metric: 0.9731
Epoch 48/50 - Val Metric: 0.9153
Epoch 49/50 - Train Loss: 0.1253 - Train Metric: 0.9747
Epoch 49/50 - Val Metric: 0.9135
Epoch 50/50 - Train Loss: 0.1221 - Train Metric: 0.9760
Epoch 50/50 - Val Metric: 0.9095
Best val: 0.9328, Best test: 0.9319
Training set has 36168 instances
Validation set has 4521 instances
Test set has 4522 instances
Epoch 1/50 - Train Loss: 0.2698 - Train Metric: 0.8411
Epoch 1/50 - Val Metric: 0.9023
Epoch 2/50 - Train Loss: 0.2230 - Train Metric: 0.9079
Epoch 2/50 - Val Metric: 0.9097
Epoch 3/50 - Train Loss: 0.2165 - Train Metric: 0.9146
Epoch 3/50 - Val Metric: 0.9152
Epoch 4/50 - Train Loss: 0.2107 - Train Metric: 0.9200
Epoch 4/50 - Val Metric: 0.9191
Epoch 5/50 - Train Loss: 0.2079 - Train Metric: 0.9225
Epoch 5/50 - Val Metric: 0.9199
Epoch 6/50 - Train Loss: 0.2050 - Train Metric: 0.9246
Epoch 6/50 - Val Metric: 0.9228
Epoch 7/50 - Train Loss: 0.2010 - Train Metric: 0.9282
Epoch 7/50 - Val Metric: 0.9236
Epoch 8/50 - Train Loss: 0.1986 - Train Metric: 0.9305
Epoch 8/50 - Val Metric: 0.9279
Epoch 9/50 - Train Loss: 0.1977 - Train Metric: 0.9309
Epoch 9/50 - Val Metric: 0.9259
Epoch 10/50 - Train Loss: 0.1949 - Train Metric: 0.9339
Epoch 10/50 - Val Metric: 0.9281
Epoch 11/50 - Train Loss: 0.1939 - Train Metric: 0.9345
Epoch 11/50 - Val Metric: 0.9263
Epoch 12/50 - Train Loss: 0.1929 - Train Metric: 0.9358
Epoch 12/50 - Val Metric: 0.9275
Epoch 13/50 - Train Loss: 0.1915 - Train Metric: 0.9364
Epoch 13/50 - Val Metric: 0.9266
Epoch 14/50 - Train Loss: 0.1907 - Train Metric: 0.9375
Epoch 14/50 - Val Metric: 0.9277
Epoch 15/50 - Train Loss: 0.1904 - Train Metric: 0.9375
Epoch 15/50 - Val Metric: 0.9250
Epoch 16/50 - Train Loss: 0.1888 - Train Metric: 0.9387
Epoch 16/50 - Val Metric: 0.9282
Epoch 17/50 - Train Loss: 0.1873 - Train Metric: 0.9401
Epoch 17/50 - Val Metric: 0.9269
Epoch 18/50 - Train Loss: 0.1870 - Train Metric: 0.9403
Epoch 18/50 - Val Metric: 0.9280
Epoch 19/50 - Train Loss: 0.1870 - Train Metric: 0.9400
Epoch 19/50 - Val Metric: 0.9292
Epoch 20/50 - Train Loss: 0.1847 - Train Metric: 0.9419
Epoch 20/50 - Val Metric: 0.9280
Epoch 21/50 - Train Loss: 0.1851 - Train Metric: 0.9414
Epoch 21/50 - Val Metric: 0.9271
Epoch 22/50 - Train Loss: 0.1847 - Train Metric: 0.9422
Epoch 22/50 - Val Metric: 0.9265
Epoch 23/50 - Train Loss: 0.1831 - Train Metric: 0.9432
Epoch 23/50 - Val Metric: 0.9266
Epoch 24/50 - Train Loss: 0.1814 - Train Metric: 0.9443
Epoch 24/50 - Val Metric: 0.9265
Epoch 25/50 - Train Loss: 0.1810 - Train Metric: 0.9448
Epoch 25/50 - Val Metric: 0.9263
Epoch 26/50 - Train Loss: 0.1806 - Train Metric: 0.9451
Epoch 26/50 - Val Metric: 0.9270
Epoch 27/50 - Train Loss: 0.1797 - Train Metric: 0.9453
Epoch 27/50 - Val Metric: 0.9225
Epoch 28/50 - Train Loss: 0.1772 - Train Metric: 0.9471
Epoch 28/50 - Val Metric: 0.9230
Epoch 29/50 - Train Loss: 0.1776 - Train Metric: 0.9471
Epoch 29/50 - Val Metric: 0.9240
Epoch 30/50 - Train Loss: 0.1749 - Train Metric: 0.9486
Epoch 30/50 - Val Metric: 0.9224
Epoch 31/50 - Train Loss: 0.1748 - Train Metric: 0.9490
Epoch 31/50 - Val Metric: 0.9228
Epoch 32/50 - Train Loss: 0.1754 - Train Metric: 0.9485
Epoch 32/50 - Val Metric: 0.9237
Epoch 33/50 - Train Loss: 0.1731 - Train Metric: 0.9498
Epoch 33/50 - Val Metric: 0.9249
Epoch 34/50 - Train Loss: 0.1729 - Train Metric: 0.9501
Epoch 34/50 - Val Metric: 0.9221
Epoch 35/50 - Train Loss: 0.1719 - Train Metric: 0.9505
Epoch 35/50 - Val Metric: 0.9175
Epoch 36/50 - Train Loss: 0.1701 - Train Metric: 0.9517
Epoch 36/50 - Val Metric: 0.9167
Epoch 37/50 - Train Loss: 0.1671 - Train Metric: 0.9536
Epoch 37/50 - Val Metric: 0.9233
Epoch 38/50 - Train Loss: 0.1666 - Train Metric: 0.9539
Epoch 38/50 - Val Metric: 0.9199
Epoch 39/50 - Train Loss: 0.1667 - Train Metric: 0.9540
Epoch 39/50 - Val Metric: 0.9215
Epoch 40/50 - Train Loss: 0.1659 - Train Metric: 0.9544
Epoch 40/50 - Val Metric: 0.9183
Epoch 41/50 - Train Loss: 0.1634 - Train Metric: 0.9561
Epoch 41/50 - Val Metric: 0.9210
Epoch 42/50 - Train Loss: 0.1620 - Train Metric: 0.9567
Epoch 42/50 - Val Metric: 0.9211
Epoch 43/50 - Train Loss: 0.1603 - Train Metric: 0.9577
Epoch 43/50 - Val Metric: 0.9226
Epoch 44/50 - Train Loss: 0.1620 - Train Metric: 0.9564
Epoch 44/50 - Val Metric: 0.9190
Epoch 45/50 - Train Loss: 0.1577 - Train Metric: 0.9589
Epoch 45/50 - Val Metric: 0.9189
Epoch 46/50 - Train Loss: 0.1573 - Train Metric: 0.9592
Epoch 46/50 - Val Metric: 0.9167
Epoch 47/50 - Train Loss: 0.1551 - Train Metric: 0.9604
Epoch 47/50 - Val Metric: 0.9170
Epoch 48/50 - Train Loss: 0.1523 - Train Metric: 0.9619
Epoch 48/50 - Val Metric: 0.9120
Epoch 49/50 - Train Loss: 0.1523 - Train Metric: 0.9618
Epoch 49/50 - Val Metric: 0.9122
Epoch 50/50 - Train Loss: 0.1497 - Train Metric: 0.9632
Epoch 50/50 - Val Metric: 0.9136
Best val: 0.9292, Best test: 0.9364
Training set has 36168 instances
Validation set has 4521 instances
Test set has 4522 instances
Epoch 1/50 - Train Loss: 0.2986 - Train Metric: 0.7874
Epoch 1/50 - Val Metric: 0.9063
Epoch 2/50 - Train Loss: 0.2254 - Train Metric: 0.9061
Epoch 2/50 - Val Metric: 0.9094
Epoch 3/50 - Train Loss: 0.2218 - Train Metric: 0.9103
Epoch 3/50 - Val Metric: 0.9131
Epoch 4/50 - Train Loss: 0.2157 - Train Metric: 0.9163
Epoch 4/50 - Val Metric: 0.9160
Epoch 5/50 - Train Loss: 0.2134 - Train Metric: 0.9186
Epoch 5/50 - Val Metric: 0.9201
Epoch 6/50 - Train Loss: 0.2107 - Train Metric: 0.9212
Epoch 6/50 - Val Metric: 0.9210
Epoch 7/50 - Train Loss: 0.2088 - Train Metric: 0.9232
Epoch 7/50 - Val Metric: 0.9203
Epoch 8/50 - Train Loss: 0.2066 - Train Metric: 0.9251
Epoch 8/50 - Val Metric: 0.9226
Epoch 9/50 - Train Loss: 0.2058 - Train Metric: 0.9260
Epoch 9/50 - Val Metric: 0.9226
Epoch 10/50 - Train Loss: 0.2052 - Train Metric: 0.9262
Epoch 10/50 - Val Metric: 0.9222
Epoch 11/50 - Train Loss: 0.2033 - Train Metric: 0.9282
Epoch 11/50 - Val Metric: 0.9263
Epoch 12/50 - Train Loss: 0.2011 - Train Metric: 0.9299
Epoch 12/50 - Val Metric: 0.9284
Epoch 13/50 - Train Loss: 0.1992 - Train Metric: 0.9317
Epoch 13/50 - Val Metric: 0.9296
Epoch 14/50 - Train Loss: 0.1977 - Train Metric: 0.9330
Epoch 14/50 - Val Metric: 0.9279
Epoch 15/50 - Train Loss: 0.1958 - Train Metric: 0.9342
Epoch 15/50 - Val Metric: 0.9276
Epoch 16/50 - Train Loss: 0.1922 - Train Metric: 0.9371
Epoch 16/50 - Val Metric: 0.9339
Epoch 17/50 - Train Loss: 0.1919 - Train Metric: 0.9376
Epoch 17/50 - Val Metric: 0.9310
Epoch 18/50 - Train Loss: 0.1887 - Train Metric: 0.9400
Epoch 18/50 - Val Metric: 0.9345
Epoch 19/50 - Train Loss: 0.1873 - Train Metric: 0.9410
Epoch 19/50 - Val Metric: 0.9339
Epoch 20/50 - Train Loss: 0.1865 - Train Metric: 0.9415
Epoch 20/50 - Val Metric: 0.9352
Epoch 21/50 - Train Loss: 0.1855 - Train Metric: 0.9422
Epoch 21/50 - Val Metric: 0.9339
Epoch 22/50 - Train Loss: 0.1827 - Train Metric: 0.9442
Epoch 22/50 - Val Metric: 0.9360
Epoch 23/50 - Train Loss: 0.1822 - Train Metric: 0.9443
Epoch 23/50 - Val Metric: 0.9348
Epoch 24/50 - Train Loss: 0.1794 - Train Metric: 0.9468
Epoch 24/50 - Val Metric: 0.9295
Epoch 25/50 - Train Loss: 0.1794 - Train Metric: 0.9466
Epoch 25/50 - Val Metric: 0.9320
Epoch 26/50 - Train Loss: 0.1773 - Train Metric: 0.9480
Epoch 26/50 - Val Metric: 0.9321
Epoch 27/50 - Train Loss: 0.1760 - Train Metric: 0.9489
Epoch 27/50 - Val Metric: 0.9333
Epoch 28/50 - Train Loss: 0.1733 - Train Metric: 0.9505
Epoch 28/50 - Val Metric: 0.9311
Epoch 29/50 - Train Loss: 0.1714 - Train Metric: 0.9517
Epoch 29/50 - Val Metric: 0.9334
Epoch 30/50 - Train Loss: 0.1710 - Train Metric: 0.9519
Epoch 30/50 - Val Metric: 0.9345
Epoch 31/50 - Train Loss: 0.1676 - Train Metric: 0.9539
Epoch 31/50 - Val Metric: 0.9291
Epoch 32/50 - Train Loss: 0.1662 - Train Metric: 0.9549
Epoch 32/50 - Val Metric: 0.9319
Epoch 33/50 - Train Loss: 0.1647 - Train Metric: 0.9558
Epoch 33/50 - Val Metric: 0.9280
Epoch 34/50 - Train Loss: 0.1635 - Train Metric: 0.9566
Epoch 34/50 - Val Metric: 0.9310
Epoch 35/50 - Train Loss: 0.1591 - Train Metric: 0.9589
Epoch 35/50 - Val Metric: 0.9240
Epoch 36/50 - Train Loss: 0.1580 - Train Metric: 0.9597
Epoch 36/50 - Val Metric: 0.9249
Epoch 37/50 - Train Loss: 0.1563 - Train Metric: 0.9604
Epoch 37/50 - Val Metric: 0.9262
Epoch 38/50 - Train Loss: 0.1530 - Train Metric: 0.9623
Epoch 38/50 - Val Metric: 0.9256
Epoch 39/50 - Train Loss: 0.1509 - Train Metric: 0.9634
Epoch 39/50 - Val Metric: 0.9249
Epoch 40/50 - Train Loss: 0.1481 - Train Metric: 0.9647
Epoch 40/50 - Val Metric: 0.9279
Epoch 41/50 - Train Loss: 0.1489 - Train Metric: 0.9644
Epoch 41/50 - Val Metric: 0.9263
Epoch 42/50 - Train Loss: 0.1444 - Train Metric: 0.9667
Epoch 42/50 - Val Metric: 0.9230
Epoch 43/50 - Train Loss: 0.1414 - Train Metric: 0.9678
Epoch 43/50 - Val Metric: 0.9223
Epoch 44/50 - Train Loss: 0.1384 - Train Metric: 0.9694
Epoch 44/50 - Val Metric: 0.9168
Epoch 45/50 - Train Loss: 0.1364 - Train Metric: 0.9704
Epoch 45/50 - Val Metric: 0.9202
Epoch 46/50 - Train Loss: 0.1352 - Train Metric: 0.9709
Epoch 46/50 - Val Metric: 0.9233
Epoch 47/50 - Train Loss: 0.1299 - Train Metric: 0.9732
Epoch 47/50 - Val Metric: 0.9193
Epoch 48/50 - Train Loss: 0.1305 - Train Metric: 0.9728
Epoch 48/50 - Val Metric: 0.9176
Epoch 49/50 - Train Loss: 0.1285 - Train Metric: 0.9738
Epoch 49/50 - Val Metric: 0.9179
Epoch 50/50 - Train Loss: 0.1285 - Train Metric: 0.9739
Epoch 50/50 - Val Metric: 0.9206
Best val: 0.9360, Best test: 0.9318
Training set has 36168 instances
Validation set has 4521 instances
Test set has 4522 instances
Epoch 1/50 - Train Loss: 0.2794 - Train Metric: 0.8184
Epoch 1/50 - Val Metric: 0.9079
Epoch 2/50 - Train Loss: 0.2253 - Train Metric: 0.9043
Epoch 2/50 - Val Metric: 0.9142
Epoch 3/50 - Train Loss: 0.2199 - Train Metric: 0.9101
Epoch 3/50 - Val Metric: 0.9184
Epoch 4/50 - Train Loss: 0.2148 - Train Metric: 0.9149
Epoch 4/50 - Val Metric: 0.9185
Epoch 5/50 - Train Loss: 0.2095 - Train Metric: 0.9203
Epoch 5/50 - Val Metric: 0.9234
Epoch 6/50 - Train Loss: 0.2065 - Train Metric: 0.9228
Epoch 6/50 - Val Metric: 0.9233
Epoch 7/50 - Train Loss: 0.2034 - Train Metric: 0.9260
Epoch 7/50 - Val Metric: 0.9248
Epoch 8/50 - Train Loss: 0.2022 - Train Metric: 0.9268
Epoch 8/50 - Val Metric: 0.9240
Epoch 9/50 - Train Loss: 0.1981 - Train Metric: 0.9309
Epoch 9/50 - Val Metric: 0.9265
Epoch 10/50 - Train Loss: 0.1986 - Train Metric: 0.9303
Epoch 10/50 - Val Metric: 0.9305
Epoch 11/50 - Train Loss: 0.1953 - Train Metric: 0.9327
Epoch 11/50 - Val Metric: 0.9328
Epoch 12/50 - Train Loss: 0.1933 - Train Metric: 0.9344
Epoch 12/50 - Val Metric: 0.9316
Epoch 13/50 - Train Loss: 0.1917 - Train Metric: 0.9360
Epoch 13/50 - Val Metric: 0.9309
Epoch 14/50 - Train Loss: 0.1900 - Train Metric: 0.9374
Epoch 14/50 - Val Metric: 0.9311
Epoch 15/50 - Train Loss: 0.1906 - Train Metric: 0.9370
Epoch 15/50 - Val Metric: 0.9322
Epoch 16/50 - Train Loss: 0.1894 - Train Metric: 0.9379
Epoch 16/50 - Val Metric: 0.9306
Epoch 17/50 - Train Loss: 0.1874 - Train Metric: 0.9394
Epoch 17/50 - Val Metric: 0.9295
Epoch 18/50 - Train Loss: 0.1857 - Train Metric: 0.9407
Epoch 18/50 - Val Metric: 0.9293
Epoch 19/50 - Train Loss: 0.1866 - Train Metric: 0.9402
Epoch 19/50 - Val Metric: 0.9294
Epoch 20/50 - Train Loss: 0.1840 - Train Metric: 0.9420
Epoch 20/50 - Val Metric: 0.9299
Epoch 21/50 - Train Loss: 0.1823 - Train Metric: 0.9430
Epoch 21/50 - Val Metric: 0.9315
Epoch 22/50 - Train Loss: 0.1804 - Train Metric: 0.9445
Epoch 22/50 - Val Metric: 0.9282
Epoch 23/50 - Train Loss: 0.1842 - Train Metric: 0.9414
Epoch 23/50 - Val Metric: 0.9301
Epoch 24/50 - Train Loss: 0.1818 - Train Metric: 0.9435
Epoch 24/50 - Val Metric: 0.9297
Epoch 25/50 - Train Loss: 0.1790 - Train Metric: 0.9452
Epoch 25/50 - Val Metric: 0.9296
Epoch 26/50 - Train Loss: 0.1785 - Train Metric: 0.9458
Epoch 26/50 - Val Metric: 0.9269
Epoch 27/50 - Train Loss: 0.1792 - Train Metric: 0.9453
Epoch 27/50 - Val Metric: 0.9311
Epoch 28/50 - Train Loss: 0.1776 - Train Metric: 0.9465
Epoch 28/50 - Val Metric: 0.9291
Epoch 29/50 - Train Loss: 0.1767 - Train Metric: 0.9468
Epoch 29/50 - Val Metric: 0.9287
Epoch 30/50 - Train Loss: 0.1758 - Train Metric: 0.9476
Epoch 30/50 - Val Metric: 0.9289
Epoch 31/50 - Train Loss: 0.1740 - Train Metric: 0.9489
Epoch 31/50 - Val Metric: 0.9290
Epoch 32/50 - Train Loss: 0.1727 - Train Metric: 0.9497
Epoch 32/50 - Val Metric: 0.9277
Epoch 33/50 - Train Loss: 0.1726 - Train Metric: 0.9496
Epoch 33/50 - Val Metric: 0.9291
Epoch 34/50 - Train Loss: 0.1716 - Train Metric: 0.9503
Epoch 34/50 - Val Metric: 0.9274
Epoch 35/50 - Train Loss: 0.1686 - Train Metric: 0.9522
Epoch 35/50 - Val Metric: 0.9261
Epoch 36/50 - Train Loss: 0.1698 - Train Metric: 0.9514
Epoch 36/50 - Val Metric: 0.9269
Epoch 37/50 - Train Loss: 0.1663 - Train Metric: 0.9538
Epoch 37/50 - Val Metric: 0.9259
Epoch 38/50 - Train Loss: 0.1653 - Train Metric: 0.9541
Epoch 38/50 - Val Metric: 0.9261
Epoch 39/50 - Train Loss: 0.1651 - Train Metric: 0.9542
Epoch 39/50 - Val Metric: 0.9262
Epoch 40/50 - Train Loss: 0.1630 - Train Metric: 0.9557
Epoch 40/50 - Val Metric: 0.9260
Epoch 41/50 - Train Loss: 0.1617 - Train Metric: 0.9564
Epoch 41/50 - Val Metric: 0.9232
Epoch 42/50 - Train Loss: 0.1607 - Train Metric: 0.9569
Epoch 42/50 - Val Metric: 0.9191
Epoch 43/50 - Train Loss: 0.1619 - Train Metric: 0.9561
Epoch 43/50 - Val Metric: 0.9248
Epoch 44/50 - Train Loss: 0.1584 - Train Metric: 0.9581
Epoch 44/50 - Val Metric: 0.9254
Epoch 45/50 - Train Loss: 0.1555 - Train Metric: 0.9599
Epoch 45/50 - Val Metric: 0.9205
Epoch 46/50 - Train Loss: 0.1535 - Train Metric: 0.9609
Epoch 46/50 - Val Metric: 0.9250
Epoch 47/50 - Train Loss: 0.1532 - Train Metric: 0.9612
Epoch 47/50 - Val Metric: 0.9238
Epoch 48/50 - Train Loss: 0.1547 - Train Metric: 0.9602
Epoch 48/50 - Val Metric: 0.9215
Epoch 49/50 - Train Loss: 0.1563 - Train Metric: 0.9592
Epoch 49/50 - Val Metric: 0.9217
Epoch 50/50 - Train Loss: 0.1520 - Train Metric: 0.9620
Epoch 50/50 - Val Metric: 0.9246
Best val: 0.9328, Best test: 0.9352
Training set has 36168 instances
Validation set has 4521 instances
Test set has 4522 instances
Epoch 1/50 - Train Loss: 0.2836 - Train Metric: 0.8168
Epoch 1/50 - Val Metric: 0.9035
Epoch 2/50 - Train Loss: 0.2283 - Train Metric: 0.9047
Epoch 2/50 - Val Metric: 0.9109
Epoch 3/50 - Train Loss: 0.2191 - Train Metric: 0.9138
Epoch 3/50 - Val Metric: 0.9190
Epoch 4/50 - Train Loss: 0.2146 - Train Metric: 0.9184
Epoch 4/50 - Val Metric: 0.9209
Epoch 5/50 - Train Loss: 0.2125 - Train Metric: 0.9203
Epoch 5/50 - Val Metric: 0.9224
Epoch 6/50 - Train Loss: 0.2095 - Train Metric: 0.9231
Epoch 6/50 - Val Metric: 0.9245
Epoch 7/50 - Train Loss: 0.2055 - Train Metric: 0.9268
Epoch 7/50 - Val Metric: 0.9247
Epoch 8/50 - Train Loss: 0.2044 - Train Metric: 0.9274
Epoch 8/50 - Val Metric: 0.9211
Epoch 9/50 - Train Loss: 0.2008 - Train Metric: 0.9305
Epoch 9/50 - Val Metric: 0.9250
Epoch 10/50 - Train Loss: 0.1981 - Train Metric: 0.9329
Epoch 10/50 - Val Metric: 0.9222
Epoch 11/50 - Train Loss: 0.1957 - Train Metric: 0.9348
Epoch 11/50 - Val Metric: 0.9302
Epoch 12/50 - Train Loss: 0.1957 - Train Metric: 0.9349
Epoch 12/50 - Val Metric: 0.9277
Epoch 13/50 - Train Loss: 0.1954 - Train Metric: 0.9351
Epoch 13/50 - Val Metric: 0.9285
Epoch 14/50 - Train Loss: 0.1930 - Train Metric: 0.9370
Epoch 14/50 - Val Metric: 0.9320
Epoch 15/50 - Train Loss: 0.1908 - Train Metric: 0.9387
Epoch 15/50 - Val Metric: 0.9304
Epoch 16/50 - Train Loss: 0.1915 - Train Metric: 0.9382
Epoch 16/50 - Val Metric: 0.9287
Epoch 17/50 - Train Loss: 0.1898 - Train Metric: 0.9394
Epoch 17/50 - Val Metric: 0.9267
Epoch 18/50 - Train Loss: 0.1871 - Train Metric: 0.9415
Epoch 18/50 - Val Metric: 0.9274
Epoch 19/50 - Train Loss: 0.1872 - Train Metric: 0.9414
Epoch 19/50 - Val Metric: 0.9287
Epoch 20/50 - Train Loss: 0.1844 - Train Metric: 0.9433
Epoch 20/50 - Val Metric: 0.9287
Epoch 21/50 - Train Loss: 0.1859 - Train Metric: 0.9425
Epoch 21/50 - Val Metric: 0.9297
Epoch 22/50 - Train Loss: 0.1819 - Train Metric: 0.9450
Epoch 22/50 - Val Metric: 0.9268
Epoch 23/50 - Train Loss: 0.1821 - Train Metric: 0.9446
Epoch 23/50 - Val Metric: 0.9272
Epoch 24/50 - Train Loss: 0.1807 - Train Metric: 0.9459
Epoch 24/50 - Val Metric: 0.9262
Epoch 25/50 - Train Loss: 0.1802 - Train Metric: 0.9462
Epoch 25/50 - Val Metric: 0.9281
Epoch 26/50 - Train Loss: 0.1778 - Train Metric: 0.9479
Epoch 26/50 - Val Metric: 0.9286
Epoch 27/50 - Train Loss: 0.1758 - Train Metric: 0.9492
Epoch 27/50 - Val Metric: 0.9259
Epoch 28/50 - Train Loss: 0.1737 - Train Metric: 0.9505
Epoch 28/50 - Val Metric: 0.9269
Epoch 29/50 - Train Loss: 0.1731 - Train Metric: 0.9508
Epoch 29/50 - Val Metric: 0.9222
Epoch 30/50 - Train Loss: 0.1719 - Train Metric: 0.9516
Epoch 30/50 - Val Metric: 0.9237
Epoch 31/50 - Train Loss: 0.1684 - Train Metric: 0.9536
Epoch 31/50 - Val Metric: 0.9256
Epoch 32/50 - Train Loss: 0.1662 - Train Metric: 0.9551
Epoch 32/50 - Val Metric: 0.9247
Epoch 33/50 - Train Loss: 0.1646 - Train Metric: 0.9560
Epoch 33/50 - Val Metric: 0.9213
Epoch 34/50 - Train Loss: 0.1640 - Train Metric: 0.9564
Epoch 34/50 - Val Metric: 0.9202
Epoch 35/50 - Train Loss: 0.1623 - Train Metric: 0.9573
Epoch 35/50 - Val Metric: 0.9196
Epoch 36/50 - Train Loss: 0.1594 - Train Metric: 0.9591
Epoch 36/50 - Val Metric: 0.9214
Epoch 37/50 - Train Loss: 0.1570 - Train Metric: 0.9601
Epoch 37/50 - Val Metric: 0.9189
Epoch 38/50 - Train Loss: 0.1557 - Train Metric: 0.9609
Epoch 38/50 - Val Metric: 0.9205
Epoch 39/50 - Train Loss: 0.1543 - Train Metric: 0.9614
Epoch 39/50 - Val Metric: 0.9174
Epoch 40/50 - Train Loss: 0.1521 - Train Metric: 0.9626
Epoch 40/50 - Val Metric: 0.9199
Epoch 41/50 - Train Loss: 0.1496 - Train Metric: 0.9640
Epoch 41/50 - Val Metric: 0.9208
Epoch 42/50 - Train Loss: 0.1479 - Train Metric: 0.9650
Epoch 42/50 - Val Metric: 0.9168
Epoch 43/50 - Train Loss: 0.1438 - Train Metric: 0.9671
Epoch 43/50 - Val Metric: 0.9178
Epoch 44/50 - Train Loss: 0.1432 - Train Metric: 0.9671
Epoch 44/50 - Val Metric: 0.9168
Epoch 45/50 - Train Loss: 0.1382 - Train Metric: 0.9693
Epoch 45/50 - Val Metric: 0.9168
Epoch 46/50 - Train Loss: 0.1380 - Train Metric: 0.9695
Epoch 46/50 - Val Metric: 0.9146
Epoch 47/50 - Train Loss: 0.1360 - Train Metric: 0.9704
Epoch 47/50 - Val Metric: 0.9184
Epoch 48/50 - Train Loss: 0.1324 - Train Metric: 0.9719
Epoch 48/50 - Val Metric: 0.9118
Epoch 49/50 - Train Loss: 0.1288 - Train Metric: 0.9736
Epoch 49/50 - Val Metric: 0.9114
Epoch 50/50 - Train Loss: 0.1258 - Train Metric: 0.9749
Epoch 50/50 - Val Metric: 0.9059
Best val: 0.9320, Best test: 0.9393
[0.93192112 0.93636048 0.93179327 0.93520093 0.93934095]
