Hyper-parameter search via Optuna
Namespace(task_type='binary_classification', scale='small', idx=2, epochs=50, num_trials=20, num_repeats=5, seed=0, exp_name='MemPerceiver_ens_l2', result_path='output/binary_classification/small/2/MemPerceiver_ens_l2.pt')
Device: cuda
Start building binary_classification dataset_small_2
Training set has 36168 instances
Validation set has 4521 instances
Test set has 4522 instances
Epoch 1/50 - Train Loss: 0.3052 - Train Metric: 0.7650
Epoch 1/50 - Val Metric: 0.9036
Epoch 2/50 - Train Loss: 0.2322 - Train Metric: 0.8991
Epoch 2/50 - Val Metric: 0.9060
Epoch 3/50 - Train Loss: 0.2261 - Train Metric: 0.9062
Epoch 3/50 - Val Metric: 0.9096
Epoch 4/50 - Train Loss: 0.2237 - Train Metric: 0.9078
Epoch 4/50 - Val Metric: 0.9102
Epoch 5/50 - Train Loss: 0.2200 - Train Metric: 0.9123
Epoch 5/50 - Val Metric: 0.9141
Epoch 6/50 - Train Loss: 0.2174 - Train Metric: 0.9151
Epoch 6/50 - Val Metric: 0.9153
Epoch 7/50 - Train Loss: 0.2137 - Train Metric: 0.9186
Epoch 7/50 - Val Metric: 0.9156
Epoch 8/50 - Train Loss: 0.2122 - Train Metric: 0.9195
Epoch 8/50 - Val Metric: 0.9194
Epoch 9/50 - Train Loss: 0.2118 - Train Metric: 0.9203
Epoch 9/50 - Val Metric: 0.9191
Epoch 10/50 - Train Loss: 0.2104 - Train Metric: 0.9216
Epoch 10/50 - Val Metric: 0.9187
Epoch 11/50 - Train Loss: 0.2076 - Train Metric: 0.9242
Epoch 11/50 - Val Metric: 0.9181
Epoch 12/50 - Train Loss: 0.2069 - Train Metric: 0.9247
Epoch 12/50 - Val Metric: 0.9208
Epoch 13/50 - Train Loss: 0.2052 - Train Metric: 0.9263
Epoch 13/50 - Val Metric: 0.9199
Epoch 14/50 - Train Loss: 0.2039 - Train Metric: 0.9275
Epoch 14/50 - Val Metric: 0.9217
Epoch 15/50 - Train Loss: 0.2035 - Train Metric: 0.9277
Epoch 15/50 - Val Metric: 0.9188
Epoch 16/50 - Train Loss: 0.2026 - Train Metric: 0.9284
Epoch 16/50 - Val Metric: 0.9217
Epoch 17/50 - Train Loss: 0.2025 - Train Metric: 0.9285
Epoch 17/50 - Val Metric: 0.9217
Epoch 18/50 - Train Loss: 0.2022 - Train Metric: 0.9289
Epoch 18/50 - Val Metric: 0.9220
Epoch 19/50 - Train Loss: 0.2009 - Train Metric: 0.9300
Epoch 19/50 - Val Metric: 0.9201
Epoch 20/50 - Train Loss: 0.1999 - Train Metric: 0.9307
Epoch 20/50 - Val Metric: 0.9204
Epoch 21/50 - Train Loss: 0.1994 - Train Metric: 0.9313
Epoch 21/50 - Val Metric: 0.9209
Epoch 22/50 - Train Loss: 0.1994 - Train Metric: 0.9314
Epoch 22/50 - Val Metric: 0.9216
Epoch 23/50 - Train Loss: 0.1987 - Train Metric: 0.9318
Epoch 23/50 - Val Metric: 0.9221
Epoch 24/50 - Train Loss: 0.1977 - Train Metric: 0.9326
Epoch 24/50 - Val Metric: 0.9225
Epoch 25/50 - Train Loss: 0.1985 - Train Metric: 0.9321
Epoch 25/50 - Val Metric: 0.9220
Epoch 26/50 - Train Loss: 0.1969 - Train Metric: 0.9333
Epoch 26/50 - Val Metric: 0.9218
Epoch 27/50 - Train Loss: 0.1967 - Train Metric: 0.9333
Epoch 27/50 - Val Metric: 0.9221
Epoch 28/50 - Train Loss: 0.1974 - Train Metric: 0.9328
Epoch 28/50 - Val Metric: 0.9221
Epoch 29/50 - Train Loss: 0.1967 - Train Metric: 0.9336
Epoch 29/50 - Val Metric: 0.9210
Epoch 30/50 - Train Loss: 0.1958 - Train Metric: 0.9341
Epoch 30/50 - Val Metric: 0.9216
Epoch 31/50 - Train Loss: 0.1957 - Train Metric: 0.9341
Epoch 31/50 - Val Metric: 0.9221
Epoch 32/50 - Train Loss: 0.1955 - Train Metric: 0.9343
Epoch 32/50 - Val Metric: 0.9217
Epoch 33/50 - Train Loss: 0.1964 - Train Metric: 0.9337
Epoch 33/50 - Val Metric: 0.9219
Epoch 34/50 - Train Loss: 0.1953 - Train Metric: 0.9346
Epoch 34/50 - Val Metric: 0.9222
Epoch 35/50 - Train Loss: 0.1959 - Train Metric: 0.9341
Epoch 35/50 - Val Metric: 0.9200
Epoch 36/50 - Train Loss: 0.1954 - Train Metric: 0.9344
Epoch 36/50 - Val Metric: 0.9219
Epoch 37/50 - Train Loss: 0.1952 - Train Metric: 0.9347
Epoch 37/50 - Val Metric: 0.9216
Epoch 38/50 - Train Loss: 0.1951 - Train Metric: 0.9348
Epoch 38/50 - Val Metric: 0.9220
Epoch 39/50 - Train Loss: 0.1946 - Train Metric: 0.9350
Epoch 39/50 - Val Metric: 0.9210
Epoch 40/50 - Train Loss: 0.1952 - Train Metric: 0.9347
Epoch 40/50 - Val Metric: 0.9217
Epoch 41/50 - Train Loss: 0.1950 - Train Metric: 0.9347
Epoch 41/50 - Val Metric: 0.9213
Epoch 42/50 - Train Loss: 0.1949 - Train Metric: 0.9348
Epoch 42/50 - Val Metric: 0.9217
Epoch 43/50 - Train Loss: 0.1942 - Train Metric: 0.9354
Epoch 43/50 - Val Metric: 0.9214
Epoch 44/50 - Train Loss: 0.1942 - Train Metric: 0.9353
Epoch 44/50 - Val Metric: 0.9213
Epoch 45/50 - Train Loss: 0.1953 - Train Metric: 0.9345
Epoch 45/50 - Val Metric: 0.9215
Epoch 46/50 - Train Loss: 0.1946 - Train Metric: 0.9352
Epoch 46/50 - Val Metric: 0.9218
Epoch 47/50 - Train Loss: 0.1949 - Train Metric: 0.9349
Epoch 47/50 - Val Metric: 0.9215
Epoch 48/50 - Train Loss: 0.1946 - Train Metric: 0.9352
Epoch 48/50 - Val Metric: 0.9216
Epoch 49/50 - Train Loss: 0.1945 - Train Metric: 0.9353
Epoch 49/50 - Val Metric: 0.9215
Epoch 50/50 - Train Loss: 0.1942 - Train Metric: 0.9354
Epoch 50/50 - Val Metric: 0.9215
Best val: 0.9225, Best test: 0.9280
Training set has 36168 instances
Validation set has 4521 instances
Test set has 4522 instances
Epoch 1/50 - Train Loss: 0.3108 - Train Metric: 0.7391
Epoch 1/50 - Val Metric: 0.9097
Epoch 2/50 - Train Loss: 0.2304 - Train Metric: 0.9012
Epoch 2/50 - Val Metric: 0.9065
Epoch 3/50 - Train Loss: 0.2252 - Train Metric: 0.9068
Epoch 3/50 - Val Metric: 0.9105
Epoch 4/50 - Train Loss: 0.2209 - Train Metric: 0.9107
Epoch 4/50 - Val Metric: 0.9194
Epoch 5/50 - Train Loss: 0.2194 - Train Metric: 0.9122
Epoch 5/50 - Val Metric: 0.9212
Epoch 6/50 - Train Loss: 0.2211 - Train Metric: 0.9105
Epoch 6/50 - Val Metric: 0.9116
Epoch 7/50 - Train Loss: 0.2171 - Train Metric: 0.9143
Epoch 7/50 - Val Metric: 0.9201
Epoch 8/50 - Train Loss: 0.2154 - Train Metric: 0.9158
Epoch 8/50 - Val Metric: 0.9227
Epoch 9/50 - Train Loss: 0.2157 - Train Metric: 0.9160
Epoch 9/50 - Val Metric: 0.9221
Epoch 10/50 - Train Loss: 0.2121 - Train Metric: 0.9192
Epoch 10/50 - Val Metric: 0.9251
Epoch 11/50 - Train Loss: 0.2108 - Train Metric: 0.9204
Epoch 11/50 - Val Metric: 0.9254
Epoch 12/50 - Train Loss: 0.2090 - Train Metric: 0.9220
Epoch 12/50 - Val Metric: 0.9254
Epoch 13/50 - Train Loss: 0.2082 - Train Metric: 0.9229
Epoch 13/50 - Val Metric: 0.9264
Epoch 14/50 - Train Loss: 0.2070 - Train Metric: 0.9237
Epoch 14/50 - Val Metric: 0.9295
Epoch 15/50 - Train Loss: 0.2055 - Train Metric: 0.9251
Epoch 15/50 - Val Metric: 0.9278
Epoch 16/50 - Train Loss: 0.2046 - Train Metric: 0.9260
Epoch 16/50 - Val Metric: 0.9281
Epoch 17/50 - Train Loss: 0.2029 - Train Metric: 0.9276
Epoch 17/50 - Val Metric: 0.9306
Epoch 18/50 - Train Loss: 0.2011 - Train Metric: 0.9289
Epoch 18/50 - Val Metric: 0.9319
Epoch 19/50 - Train Loss: 0.2008 - Train Metric: 0.9293
Epoch 19/50 - Val Metric: 0.9314
Epoch 20/50 - Train Loss: 0.2002 - Train Metric: 0.9297
Epoch 20/50 - Val Metric: 0.9321
Epoch 21/50 - Train Loss: 0.2009 - Train Metric: 0.9293
Epoch 21/50 - Val Metric: 0.9308
Epoch 22/50 - Train Loss: 0.1998 - Train Metric: 0.9301
Epoch 22/50 - Val Metric: 0.9310
Epoch 23/50 - Train Loss: 0.2008 - Train Metric: 0.9295
Epoch 23/50 - Val Metric: 0.9312
Epoch 24/50 - Train Loss: 0.1993 - Train Metric: 0.9305
Epoch 24/50 - Val Metric: 0.9286
Epoch 25/50 - Train Loss: 0.2001 - Train Metric: 0.9299
Epoch 25/50 - Val Metric: 0.9330
Epoch 26/50 - Train Loss: 0.1981 - Train Metric: 0.9314
Epoch 26/50 - Val Metric: 0.9324
Epoch 27/50 - Train Loss: 0.1973 - Train Metric: 0.9322
Epoch 27/50 - Val Metric: 0.9336
Epoch 28/50 - Train Loss: 0.1962 - Train Metric: 0.9333
Epoch 28/50 - Val Metric: 0.9336
Epoch 29/50 - Train Loss: 0.1960 - Train Metric: 0.9336
Epoch 29/50 - Val Metric: 0.9311
Epoch 30/50 - Train Loss: 0.1962 - Train Metric: 0.9332
Epoch 30/50 - Val Metric: 0.9317
Epoch 31/50 - Train Loss: 0.1960 - Train Metric: 0.9332
Epoch 31/50 - Val Metric: 0.9324
Epoch 32/50 - Train Loss: 0.1951 - Train Metric: 0.9342
Epoch 32/50 - Val Metric: 0.9342
Epoch 33/50 - Train Loss: 0.1936 - Train Metric: 0.9356
Epoch 33/50 - Val Metric: 0.9333
Epoch 34/50 - Train Loss: 0.1934 - Train Metric: 0.9355
Epoch 34/50 - Val Metric: 0.9359
Epoch 35/50 - Train Loss: 0.1929 - Train Metric: 0.9361
Epoch 35/50 - Val Metric: 0.9344
Epoch 36/50 - Train Loss: 0.1924 - Train Metric: 0.9363
Epoch 36/50 - Val Metric: 0.9320
Epoch 37/50 - Train Loss: 0.1926 - Train Metric: 0.9361
Epoch 37/50 - Val Metric: 0.9346
Epoch 38/50 - Train Loss: 0.1926 - Train Metric: 0.9360
Epoch 38/50 - Val Metric: 0.9362
Epoch 39/50 - Train Loss: 0.1909 - Train Metric: 0.9372
Epoch 39/50 - Val Metric: 0.9335
Epoch 40/50 - Train Loss: 0.1914 - Train Metric: 0.9371
Epoch 40/50 - Val Metric: 0.9344
Epoch 41/50 - Train Loss: 0.1900 - Train Metric: 0.9382
Epoch 41/50 - Val Metric: 0.9362
Epoch 42/50 - Train Loss: 0.1897 - Train Metric: 0.9383
Epoch 42/50 - Val Metric: 0.9353
Epoch 43/50 - Train Loss: 0.1896 - Train Metric: 0.9384
Epoch 43/50 - Val Metric: 0.9360
Epoch 44/50 - Train Loss: 0.1888 - Train Metric: 0.9392
Epoch 44/50 - Val Metric: 0.9356
Epoch 45/50 - Train Loss: 0.1888 - Train Metric: 0.9391
Epoch 45/50 - Val Metric: 0.9369
Epoch 46/50 - Train Loss: 0.1887 - Train Metric: 0.9391
Epoch 46/50 - Val Metric: 0.9337
Epoch 47/50 - Train Loss: 0.1879 - Train Metric: 0.9397
Epoch 47/50 - Val Metric: 0.9354
Epoch 48/50 - Train Loss: 0.1878 - Train Metric: 0.9398
Epoch 48/50 - Val Metric: 0.9344
Epoch 49/50 - Train Loss: 0.1880 - Train Metric: 0.9397
Epoch 49/50 - Val Metric: 0.9344
Epoch 50/50 - Train Loss: 0.1870 - Train Metric: 0.9406
Epoch 50/50 - Val Metric: 0.9372
Best val: 0.9372, Best test: 0.9379
Training set has 36168 instances
Validation set has 4521 instances
Test set has 4522 instances
Epoch 1/50 - Train Loss: 0.3186 - Train Metric: 0.7292
Epoch 1/50 - Val Metric: 0.7980
Epoch 2/50 - Train Loss: 0.2516 - Train Metric: 0.8742
Epoch 2/50 - Val Metric: 0.9061
Epoch 3/50 - Train Loss: 0.2248 - Train Metric: 0.9095
Epoch 3/50 - Val Metric: 0.9066
Epoch 4/50 - Train Loss: 0.2207 - Train Metric: 0.9127
Epoch 4/50 - Val Metric: 0.9068
Epoch 5/50 - Train Loss: 0.2200 - Train Metric: 0.9130
Epoch 5/50 - Val Metric: 0.9102
Epoch 6/50 - Train Loss: 0.2161 - Train Metric: 0.9168
Epoch 6/50 - Val Metric: 0.9105
Epoch 7/50 - Train Loss: 0.2134 - Train Metric: 0.9193
Epoch 7/50 - Val Metric: 0.9113
Epoch 8/50 - Train Loss: 0.2131 - Train Metric: 0.9196
Epoch 8/50 - Val Metric: 0.9068
Epoch 9/50 - Train Loss: 0.2124 - Train Metric: 0.9200
Epoch 9/50 - Val Metric: 0.9173
Epoch 10/50 - Train Loss: 0.2087 - Train Metric: 0.9236
Epoch 10/50 - Val Metric: 0.9164
Epoch 11/50 - Train Loss: 0.2071 - Train Metric: 0.9250
Epoch 11/50 - Val Metric: 0.9184
Epoch 12/50 - Train Loss: 0.2066 - Train Metric: 0.9253
Epoch 12/50 - Val Metric: 0.9176
Epoch 13/50 - Train Loss: 0.2069 - Train Metric: 0.9251
Epoch 13/50 - Val Metric: 0.9240
Epoch 14/50 - Train Loss: 0.2044 - Train Metric: 0.9273
Epoch 14/50 - Val Metric: 0.9184
Epoch 15/50 - Train Loss: 0.2038 - Train Metric: 0.9279
Epoch 15/50 - Val Metric: 0.9233
Epoch 16/50 - Train Loss: 0.2034 - Train Metric: 0.9284
Epoch 16/50 - Val Metric: 0.9224
Epoch 17/50 - Train Loss: 0.2012 - Train Metric: 0.9301
Epoch 17/50 - Val Metric: 0.9249
Epoch 18/50 - Train Loss: 0.2009 - Train Metric: 0.9301
Epoch 18/50 - Val Metric: 0.9235
Epoch 19/50 - Train Loss: 0.2014 - Train Metric: 0.9297
Epoch 19/50 - Val Metric: 0.9257
Epoch 20/50 - Train Loss: 0.1981 - Train Metric: 0.9327
Epoch 20/50 - Val Metric: 0.9262
Epoch 21/50 - Train Loss: 0.1972 - Train Metric: 0.9333
Epoch 21/50 - Val Metric: 0.9285
Epoch 22/50 - Train Loss: 0.1960 - Train Metric: 0.9344
Epoch 22/50 - Val Metric: 0.9266
Epoch 23/50 - Train Loss: 0.1954 - Train Metric: 0.9345
Epoch 23/50 - Val Metric: 0.9266
Epoch 24/50 - Train Loss: 0.1956 - Train Metric: 0.9347
Epoch 24/50 - Val Metric: 0.9304
Epoch 25/50 - Train Loss: 0.1927 - Train Metric: 0.9368
Epoch 25/50 - Val Metric: 0.9285
Epoch 26/50 - Train Loss: 0.1906 - Train Metric: 0.9384
Epoch 26/50 - Val Metric: 0.9291
Epoch 27/50 - Train Loss: 0.1902 - Train Metric: 0.9386
Epoch 27/50 - Val Metric: 0.9270
Epoch 28/50 - Train Loss: 0.1898 - Train Metric: 0.9390
Epoch 28/50 - Val Metric: 0.9286
Epoch 29/50 - Train Loss: 0.1881 - Train Metric: 0.9403
Epoch 29/50 - Val Metric: 0.9287
Epoch 30/50 - Train Loss: 0.1875 - Train Metric: 0.9406
Epoch 30/50 - Val Metric: 0.9320
Epoch 31/50 - Train Loss: 0.1867 - Train Metric: 0.9412
Epoch 31/50 - Val Metric: 0.9336
Epoch 32/50 - Train Loss: 0.1852 - Train Metric: 0.9423
Epoch 32/50 - Val Metric: 0.9263
Epoch 33/50 - Train Loss: 0.1847 - Train Metric: 0.9426
Epoch 33/50 - Val Metric: 0.9294
Epoch 34/50 - Train Loss: 0.1836 - Train Metric: 0.9435
Epoch 34/50 - Val Metric: 0.9315
Epoch 35/50 - Train Loss: 0.1834 - Train Metric: 0.9435
Epoch 35/50 - Val Metric: 0.9282
Epoch 36/50 - Train Loss: 0.1815 - Train Metric: 0.9449
Epoch 36/50 - Val Metric: 0.9301
Epoch 37/50 - Train Loss: 0.1802 - Train Metric: 0.9456
Epoch 37/50 - Val Metric: 0.9320
Epoch 38/50 - Train Loss: 0.1787 - Train Metric: 0.9470
Epoch 38/50 - Val Metric: 0.9252
Epoch 39/50 - Train Loss: 0.1782 - Train Metric: 0.9471
Epoch 39/50 - Val Metric: 0.9293
Epoch 40/50 - Train Loss: 0.1789 - Train Metric: 0.9469
Epoch 40/50 - Val Metric: 0.9278
Epoch 41/50 - Train Loss: 0.1769 - Train Metric: 0.9480
Epoch 41/50 - Val Metric: 0.9263
Epoch 42/50 - Train Loss: 0.1757 - Train Metric: 0.9487
Epoch 42/50 - Val Metric: 0.9275
Epoch 43/50 - Train Loss: 0.1744 - Train Metric: 0.9496
Epoch 43/50 - Val Metric: 0.9263
Epoch 44/50 - Train Loss: 0.1740 - Train Metric: 0.9498
Epoch 44/50 - Val Metric: 0.9299
Epoch 45/50 - Train Loss: 0.1731 - Train Metric: 0.9504
Epoch 45/50 - Val Metric: 0.9249
Epoch 46/50 - Train Loss: 0.1708 - Train Metric: 0.9520
Epoch 46/50 - Val Metric: 0.9240
Epoch 47/50 - Train Loss: 0.1702 - Train Metric: 0.9522
Epoch 47/50 - Val Metric: 0.9245
Epoch 48/50 - Train Loss: 0.1690 - Train Metric: 0.9528
Epoch 48/50 - Val Metric: 0.9246
Epoch 49/50 - Train Loss: 0.1678 - Train Metric: 0.9538
Epoch 49/50 - Val Metric: 0.9229
Epoch 50/50 - Train Loss: 0.1660 - Train Metric: 0.9550
Epoch 50/50 - Val Metric: 0.9245
Best val: 0.9336, Best test: 0.9281
Training set has 36168 instances
Validation set has 4521 instances
Test set has 4522 instances
Epoch 1/50 - Train Loss: 0.2676 - Train Metric: 0.8485
Epoch 1/50 - Val Metric: 0.8930
Epoch 2/50 - Train Loss: 0.2272 - Train Metric: 0.9040
Epoch 2/50 - Val Metric: 0.9168
Epoch 3/50 - Train Loss: 0.2230 - Train Metric: 0.9090
Epoch 3/50 - Val Metric: 0.9177
Epoch 4/50 - Train Loss: 0.2197 - Train Metric: 0.9118
Epoch 4/50 - Val Metric: 0.9188
Epoch 5/50 - Train Loss: 0.2190 - Train Metric: 0.9123
Epoch 5/50 - Val Metric: 0.9179
Epoch 6/50 - Train Loss: 0.2169 - Train Metric: 0.9142
Epoch 6/50 - Val Metric: 0.9224
Epoch 7/50 - Train Loss: 0.2144 - Train Metric: 0.9164
Epoch 7/50 - Val Metric: 0.9199
Epoch 8/50 - Train Loss: 0.2126 - Train Metric: 0.9187
Epoch 8/50 - Val Metric: 0.9242
Epoch 9/50 - Train Loss: 0.2085 - Train Metric: 0.9223
Epoch 9/50 - Val Metric: 0.9268
Epoch 10/50 - Train Loss: 0.2060 - Train Metric: 0.9250
Epoch 10/50 - Val Metric: 0.9244
Epoch 11/50 - Train Loss: 0.2059 - Train Metric: 0.9252
Epoch 11/50 - Val Metric: 0.9251
Epoch 12/50 - Train Loss: 0.2035 - Train Metric: 0.9274
Epoch 12/50 - Val Metric: 0.9269
Epoch 13/50 - Train Loss: 0.1993 - Train Metric: 0.9306
Epoch 13/50 - Val Metric: 0.9301
Epoch 14/50 - Train Loss: 0.1971 - Train Metric: 0.9323
Epoch 14/50 - Val Metric: 0.9280
Epoch 15/50 - Train Loss: 0.1971 - Train Metric: 0.9326
Epoch 15/50 - Val Metric: 0.9292
Epoch 16/50 - Train Loss: 0.1959 - Train Metric: 0.9336
Epoch 16/50 - Val Metric: 0.9296
Epoch 17/50 - Train Loss: 0.1931 - Train Metric: 0.9359
Epoch 17/50 - Val Metric: 0.9315
Epoch 18/50 - Train Loss: 0.1925 - Train Metric: 0.9364
Epoch 18/50 - Val Metric: 0.9312
Epoch 19/50 - Train Loss: 0.1916 - Train Metric: 0.9369
Epoch 19/50 - Val Metric: 0.9314
Epoch 20/50 - Train Loss: 0.1911 - Train Metric: 0.9378
Epoch 20/50 - Val Metric: 0.9308
Epoch 21/50 - Train Loss: 0.1903 - Train Metric: 0.9379
Epoch 21/50 - Val Metric: 0.9331
Epoch 22/50 - Train Loss: 0.1894 - Train Metric: 0.9389
Epoch 22/50 - Val Metric: 0.9333
Epoch 23/50 - Train Loss: 0.1892 - Train Metric: 0.9389
Epoch 23/50 - Val Metric: 0.9326
Epoch 24/50 - Train Loss: 0.1880 - Train Metric: 0.9395
Epoch 24/50 - Val Metric: 0.9314
Epoch 25/50 - Train Loss: 0.1882 - Train Metric: 0.9395
Epoch 25/50 - Val Metric: 0.9328
Epoch 26/50 - Train Loss: 0.1883 - Train Metric: 0.9395
Epoch 26/50 - Val Metric: 0.9279
Epoch 27/50 - Train Loss: 0.1881 - Train Metric: 0.9396
Epoch 27/50 - Val Metric: 0.9323
Epoch 28/50 - Train Loss: 0.1863 - Train Metric: 0.9410
Epoch 28/50 - Val Metric: 0.9338
Epoch 29/50 - Train Loss: 0.1864 - Train Metric: 0.9410
Epoch 29/50 - Val Metric: 0.9332
Epoch 30/50 - Train Loss: 0.1863 - Train Metric: 0.9409
Epoch 30/50 - Val Metric: 0.9353
Epoch 31/50 - Train Loss: 0.1857 - Train Metric: 0.9414
Epoch 31/50 - Val Metric: 0.9340
Epoch 32/50 - Train Loss: 0.1854 - Train Metric: 0.9413
Epoch 32/50 - Val Metric: 0.9343
Epoch 33/50 - Train Loss: 0.1850 - Train Metric: 0.9420
Epoch 33/50 - Val Metric: 0.9347
Epoch 34/50 - Train Loss: 0.1839 - Train Metric: 0.9428
Epoch 34/50 - Val Metric: 0.9343
Epoch 35/50 - Train Loss: 0.1849 - Train Metric: 0.9421
Epoch 35/50 - Val Metric: 0.9333
Epoch 36/50 - Train Loss: 0.1843 - Train Metric: 0.9425
Epoch 36/50 - Val Metric: 0.9344
Epoch 37/50 - Train Loss: 0.1842 - Train Metric: 0.9425
Epoch 37/50 - Val Metric: 0.9347
Epoch 38/50 - Train Loss: 0.1840 - Train Metric: 0.9428
Epoch 38/50 - Val Metric: 0.9335
Epoch 39/50 - Train Loss: 0.1835 - Train Metric: 0.9430
Epoch 39/50 - Val Metric: 0.9341
Epoch 40/50 - Train Loss: 0.1834 - Train Metric: 0.9432
Epoch 40/50 - Val Metric: 0.9324
Epoch 41/50 - Train Loss: 0.1827 - Train Metric: 0.9437
Epoch 41/50 - Val Metric: 0.9342
Epoch 42/50 - Train Loss: 0.1822 - Train Metric: 0.9439
Epoch 42/50 - Val Metric: 0.9357
Epoch 43/50 - Train Loss: 0.1827 - Train Metric: 0.9439
Epoch 43/50 - Val Metric: 0.9357
Epoch 44/50 - Train Loss: 0.1822 - Train Metric: 0.9440
Epoch 44/50 - Val Metric: 0.9341
Epoch 45/50 - Train Loss: 0.1819 - Train Metric: 0.9442
Epoch 45/50 - Val Metric: 0.9354
Epoch 46/50 - Train Loss: 0.1820 - Train Metric: 0.9443
Epoch 46/50 - Val Metric: 0.9334
Epoch 47/50 - Train Loss: 0.1820 - Train Metric: 0.9442
Epoch 47/50 - Val Metric: 0.9346
Epoch 48/50 - Train Loss: 0.1817 - Train Metric: 0.9443
Epoch 48/50 - Val Metric: 0.9332
Epoch 49/50 - Train Loss: 0.1821 - Train Metric: 0.9440
Epoch 49/50 - Val Metric: 0.9341
Epoch 50/50 - Train Loss: 0.1815 - Train Metric: 0.9444
Epoch 50/50 - Val Metric: 0.9340
Best val: 0.9357, Best test: 0.9299
Training set has 36168 instances
Validation set has 4521 instances
Test set has 4522 instances
Epoch 1/50 - Train Loss: 0.3478 - Train Metric: 0.6358
Epoch 1/50 - Val Metric: 0.7486
Epoch 2/50 - Train Loss: 0.3049 - Train Metric: 0.7563
Epoch 2/50 - Val Metric: 0.7842
Epoch 3/50 - Train Loss: 0.2815 - Train Metric: 0.8175
Epoch 3/50 - Val Metric: 0.8895
Epoch 4/50 - Train Loss: 0.2372 - Train Metric: 0.8942
Epoch 4/50 - Val Metric: 0.8973
Epoch 5/50 - Train Loss: 0.2295 - Train Metric: 0.9033
Epoch 5/50 - Val Metric: 0.9009
Epoch 6/50 - Train Loss: 0.2257 - Train Metric: 0.9076
Epoch 6/50 - Val Metric: 0.9077
Epoch 7/50 - Train Loss: 0.2238 - Train Metric: 0.9093
Epoch 7/50 - Val Metric: 0.9082
Epoch 8/50 - Train Loss: 0.2204 - Train Metric: 0.9118
Epoch 8/50 - Val Metric: 0.9079
Epoch 9/50 - Train Loss: 0.2204 - Train Metric: 0.9120
Epoch 9/50 - Val Metric: 0.9082
Epoch 10/50 - Train Loss: 0.2183 - Train Metric: 0.9140
Epoch 10/50 - Val Metric: 0.9110
Epoch 11/50 - Train Loss: 0.2173 - Train Metric: 0.9151
Epoch 11/50 - Val Metric: 0.9090
Epoch 12/50 - Train Loss: 0.2159 - Train Metric: 0.9162
Epoch 12/50 - Val Metric: 0.9121
Epoch 13/50 - Train Loss: 0.2158 - Train Metric: 0.9162
Epoch 13/50 - Val Metric: 0.9078
Epoch 14/50 - Train Loss: 0.2143 - Train Metric: 0.9177
Epoch 14/50 - Val Metric: 0.9115
Epoch 15/50 - Train Loss: 0.2140 - Train Metric: 0.9179
Epoch 15/50 - Val Metric: 0.9117
Epoch 16/50 - Train Loss: 0.2129 - Train Metric: 0.9188
Epoch 16/50 - Val Metric: 0.9119
Epoch 17/50 - Train Loss: 0.2113 - Train Metric: 0.9204
Epoch 17/50 - Val Metric: 0.9136
Epoch 18/50 - Train Loss: 0.2110 - Train Metric: 0.9209
Epoch 18/50 - Val Metric: 0.9143
Epoch 19/50 - Train Loss: 0.2112 - Train Metric: 0.9199
Epoch 19/50 - Val Metric: 0.9149
Epoch 20/50 - Train Loss: 0.2102 - Train Metric: 0.9210
Epoch 20/50 - Val Metric: 0.9178
Epoch 21/50 - Train Loss: 0.2098 - Train Metric: 0.9213
Epoch 21/50 - Val Metric: 0.9127
Epoch 22/50 - Train Loss: 0.2086 - Train Metric: 0.9232
Epoch 22/50 - Val Metric: 0.9166
Epoch 23/50 - Train Loss: 0.2078 - Train Metric: 0.9236
Epoch 23/50 - Val Metric: 0.9177
Epoch 24/50 - Train Loss: 0.2078 - Train Metric: 0.9236
Epoch 24/50 - Val Metric: 0.9162
Epoch 25/50 - Train Loss: 0.2080 - Train Metric: 0.9234
Epoch 25/50 - Val Metric: 0.9187
Epoch 26/50 - Train Loss: 0.2057 - Train Metric: 0.9256
Epoch 26/50 - Val Metric: 0.9176
Epoch 27/50 - Train Loss: 0.2051 - Train Metric: 0.9258
Epoch 27/50 - Val Metric: 0.9172
Epoch 28/50 - Train Loss: 0.2048 - Train Metric: 0.9261
Epoch 28/50 - Val Metric: 0.9191
Epoch 29/50 - Train Loss: 0.2054 - Train Metric: 0.9257
Epoch 29/50 - Val Metric: 0.9177
Epoch 30/50 - Train Loss: 0.2033 - Train Metric: 0.9275
Epoch 30/50 - Val Metric: 0.9173
Epoch 31/50 - Train Loss: 0.2032 - Train Metric: 0.9279
Epoch 31/50 - Val Metric: 0.9168
Epoch 32/50 - Train Loss: 0.2019 - Train Metric: 0.9287
Epoch 32/50 - Val Metric: 0.9159
Epoch 33/50 - Train Loss: 0.2036 - Train Metric: 0.9274
Epoch 33/50 - Val Metric: 0.9186
Epoch 34/50 - Train Loss: 0.2001 - Train Metric: 0.9303
Epoch 34/50 - Val Metric: 0.9186
Epoch 35/50 - Train Loss: 0.2005 - Train Metric: 0.9302
Epoch 35/50 - Val Metric: 0.9195
Epoch 36/50 - Train Loss: 0.1979 - Train Metric: 0.9325
Epoch 36/50 - Val Metric: 0.9218
Epoch 37/50 - Train Loss: 0.1979 - Train Metric: 0.9322
Epoch 37/50 - Val Metric: 0.9227
Epoch 38/50 - Train Loss: 0.1974 - Train Metric: 0.9326
Epoch 38/50 - Val Metric: 0.9237
Epoch 39/50 - Train Loss: 0.1954 - Train Metric: 0.9343
Epoch 39/50 - Val Metric: 0.9195
Epoch 40/50 - Train Loss: 0.1956 - Train Metric: 0.9342
Epoch 40/50 - Val Metric: 0.9234
Epoch 41/50 - Train Loss: 0.1952 - Train Metric: 0.9344
Epoch 41/50 - Val Metric: 0.9234
Epoch 42/50 - Train Loss: 0.1953 - Train Metric: 0.9345
Epoch 42/50 - Val Metric: 0.9219
Epoch 43/50 - Train Loss: 0.1947 - Train Metric: 0.9348
Epoch 43/50 - Val Metric: 0.9196
Epoch 44/50 - Train Loss: 0.1942 - Train Metric: 0.9352
Epoch 44/50 - Val Metric: 0.9257
Epoch 45/50 - Train Loss: 0.1930 - Train Metric: 0.9359
Epoch 45/50 - Val Metric: 0.9239
Epoch 46/50 - Train Loss: 0.1929 - Train Metric: 0.9361
Epoch 46/50 - Val Metric: 0.9271
Epoch 47/50 - Train Loss: 0.1921 - Train Metric: 0.9369
Epoch 47/50 - Val Metric: 0.9249
Epoch 48/50 - Train Loss: 0.1929 - Train Metric: 0.9361
Epoch 48/50 - Val Metric: 0.9267
Epoch 49/50 - Train Loss: 0.1919 - Train Metric: 0.9368
Epoch 49/50 - Val Metric: 0.9284
Epoch 50/50 - Train Loss: 0.1908 - Train Metric: 0.9377
Epoch 50/50 - Val Metric: 0.9262
Best val: 0.9284, Best test: 0.9271
Training set has 36168 instances
Validation set has 4521 instances
Test set has 4522 instances
Epoch 1/50 - Train Loss: 0.3135 - Train Metric: 0.7490
Epoch 1/50 - Val Metric: 0.8984
Epoch 2/50 - Train Loss: 0.2291 - Train Metric: 0.9022
Epoch 2/50 - Val Metric: 0.9072
Epoch 3/50 - Train Loss: 0.2252 - Train Metric: 0.9067
Epoch 3/50 - Val Metric: 0.9126
Epoch 4/50 - Train Loss: 0.2228 - Train Metric: 0.9093
Epoch 4/50 - Val Metric: 0.9130
Epoch 5/50 - Train Loss: 0.2197 - Train Metric: 0.9118
Epoch 5/50 - Val Metric: 0.9153
Epoch 6/50 - Train Loss: 0.2148 - Train Metric: 0.9171
Epoch 6/50 - Val Metric: 0.9185
Epoch 7/50 - Train Loss: 0.2147 - Train Metric: 0.9167
Epoch 7/50 - Val Metric: 0.9193
Epoch 8/50 - Train Loss: 0.2128 - Train Metric: 0.9179
Epoch 8/50 - Val Metric: 0.9201
Epoch 9/50 - Train Loss: 0.2091 - Train Metric: 0.9227
Epoch 9/50 - Val Metric: 0.9217
Epoch 10/50 - Train Loss: 0.2071 - Train Metric: 0.9246
Epoch 10/50 - Val Metric: 0.9191
Epoch 11/50 - Train Loss: 0.2058 - Train Metric: 0.9241
Epoch 11/50 - Val Metric: 0.9241
Epoch 12/50 - Train Loss: 0.2036 - Train Metric: 0.9276
Epoch 12/50 - Val Metric: 0.9252
Epoch 13/50 - Train Loss: 0.2019 - Train Metric: 0.9290
Epoch 13/50 - Val Metric: 0.9269
Epoch 14/50 - Train Loss: 0.1994 - Train Metric: 0.9311
Epoch 14/50 - Val Metric: 0.9285
Epoch 15/50 - Train Loss: 0.1974 - Train Metric: 0.9329
Epoch 15/50 - Val Metric: 0.9308
Epoch 16/50 - Train Loss: 0.1955 - Train Metric: 0.9342
Epoch 16/50 - Val Metric: 0.9297
Epoch 17/50 - Train Loss: 0.1967 - Train Metric: 0.9332
Epoch 17/50 - Val Metric: 0.9269
Epoch 18/50 - Train Loss: 0.1962 - Train Metric: 0.9336
Epoch 18/50 - Val Metric: 0.9337
Epoch 19/50 - Train Loss: 0.1909 - Train Metric: 0.9379
Epoch 19/50 - Val Metric: 0.9323
Epoch 20/50 - Train Loss: 0.1928 - Train Metric: 0.9367
Epoch 20/50 - Val Metric: 0.9302
Epoch 21/50 - Train Loss: 0.1903 - Train Metric: 0.9380
Epoch 21/50 - Val Metric: 0.9282
Epoch 22/50 - Train Loss: 0.1914 - Train Metric: 0.9371
Epoch 22/50 - Val Metric: 0.9327
Epoch 23/50 - Train Loss: 0.1882 - Train Metric: 0.9398
Epoch 23/50 - Val Metric: 0.9325
Epoch 24/50 - Train Loss: 0.1904 - Train Metric: 0.9384
Epoch 24/50 - Val Metric: 0.9346
Epoch 25/50 - Train Loss: 0.1890 - Train Metric: 0.9390
Epoch 25/50 - Val Metric: 0.9335
Epoch 26/50 - Train Loss: 0.1892 - Train Metric: 0.9391
Epoch 26/50 - Val Metric: 0.9304
Epoch 27/50 - Train Loss: 0.1883 - Train Metric: 0.9393
Epoch 27/50 - Val Metric: 0.9338
Epoch 28/50 - Train Loss: 0.1868 - Train Metric: 0.9408
Epoch 28/50 - Val Metric: 0.9325
Epoch 29/50 - Train Loss: 0.1867 - Train Metric: 0.9409
Epoch 29/50 - Val Metric: 0.9348
Epoch 30/50 - Train Loss: 0.1858 - Train Metric: 0.9415
Epoch 30/50 - Val Metric: 0.9334
Epoch 31/50 - Train Loss: 0.1858 - Train Metric: 0.9415
Epoch 31/50 - Val Metric: 0.9326
Epoch 32/50 - Train Loss: 0.1871 - Train Metric: 0.9406
Epoch 32/50 - Val Metric: 0.9339
Epoch 33/50 - Train Loss: 0.1852 - Train Metric: 0.9422
Epoch 33/50 - Val Metric: 0.9328
Epoch 34/50 - Train Loss: 0.1835 - Train Metric: 0.9430
Epoch 34/50 - Val Metric: 0.9346
Epoch 35/50 - Train Loss: 0.1850 - Train Metric: 0.9422
Epoch 35/50 - Val Metric: 0.9347
Epoch 36/50 - Train Loss: 0.1842 - Train Metric: 0.9429
Epoch 36/50 - Val Metric: 0.9333
Epoch 37/50 - Train Loss: 0.1823 - Train Metric: 0.9443
Epoch 37/50 - Val Metric: 0.9332
Epoch 38/50 - Train Loss: 0.1827 - Train Metric: 0.9438
Epoch 38/50 - Val Metric: 0.9349
Epoch 39/50 - Train Loss: 0.1834 - Train Metric: 0.9434
Epoch 39/50 - Val Metric: 0.9333
Epoch 40/50 - Train Loss: 0.1812 - Train Metric: 0.9449
Epoch 40/50 - Val Metric: 0.9324
Epoch 41/50 - Train Loss: 0.1798 - Train Metric: 0.9458
Epoch 41/50 - Val Metric: 0.9323
Epoch 42/50 - Train Loss: 0.1807 - Train Metric: 0.9453
Epoch 42/50 - Val Metric: 0.9325
Epoch 43/50 - Train Loss: 0.1790 - Train Metric: 0.9464
Epoch 43/50 - Val Metric: 0.9331
Epoch 44/50 - Train Loss: 0.1792 - Train Metric: 0.9463
Epoch 44/50 - Val Metric: 0.9338
Epoch 45/50 - Train Loss: 0.1783 - Train Metric: 0.9470
Epoch 45/50 - Val Metric: 0.9352
Epoch 46/50 - Train Loss: 0.1779 - Train Metric: 0.9472
Epoch 46/50 - Val Metric: 0.9327
Epoch 47/50 - Train Loss: 0.1777 - Train Metric: 0.9473
Epoch 47/50 - Val Metric: 0.9331
Epoch 48/50 - Train Loss: 0.1773 - Train Metric: 0.9474
Epoch 48/50 - Val Metric: 0.9326
Epoch 49/50 - Train Loss: 0.1799 - Train Metric: 0.9458
Epoch 49/50 - Val Metric: 0.9324
Epoch 50/50 - Train Loss: 0.1763 - Train Metric: 0.9483
Epoch 50/50 - Val Metric: 0.9338
Best val: 0.9352, Best test: 0.9391
Training set has 36168 instances
Validation set has 4521 instances
Test set has 4522 instances
Epoch 1/50 - Train Loss: 0.2940 - Train Metric: 0.8043
Epoch 1/50 - Val Metric: 0.9079
Epoch 2/50 - Train Loss: 0.2356 - Train Metric: 0.8961
Epoch 2/50 - Val Metric: 0.9118
Epoch 3/50 - Train Loss: 0.2292 - Train Metric: 0.9028
Epoch 3/50 - Val Metric: 0.9101
Epoch 4/50 - Train Loss: 0.2273 - Train Metric: 0.9063
Epoch 4/50 - Val Metric: 0.9103
Epoch 5/50 - Train Loss: 0.2246 - Train Metric: 0.9088
Epoch 5/50 - Val Metric: 0.9153
Epoch 6/50 - Train Loss: 0.2221 - Train Metric: 0.9111
Epoch 6/50 - Val Metric: 0.9147
Training set has 36168 instances
Validation set has 4521 instances
Test set has 4522 instances
Training set has 36168 instances
Validation set has 4521 instances
Test set has 4522 instances
Training set has 36168 instances
Validation set has 4521 instances
Test set has 4522 instances
Epoch 1/50 - Train Loss: 0.3058 - Train Metric: 0.7697
Epoch 1/50 - Val Metric: 0.9101
Epoch 2/50 - Train Loss: 0.2296 - Train Metric: 0.9032
Epoch 2/50 - Val Metric: 0.9128
Epoch 3/50 - Train Loss: 0.2260 - Train Metric: 0.9069
Epoch 3/50 - Val Metric: 0.9149
Epoch 4/50 - Train Loss: 0.2209 - Train Metric: 0.9124
Epoch 4/50 - Val Metric: 0.9175
Epoch 5/50 - Train Loss: 0.2171 - Train Metric: 0.9163
Epoch 5/50 - Val Metric: 0.9188
Epoch 6/50 - Train Loss: 0.2159 - Train Metric: 0.9173
Epoch 6/50 - Val Metric: 0.9183
Epoch 7/50 - Train Loss: 0.2136 - Train Metric: 0.9195
Epoch 7/50 - Val Metric: 0.9225
Epoch 8/50 - Train Loss: 0.2127 - Train Metric: 0.9204
Epoch 8/50 - Val Metric: 0.9220
Epoch 9/50 - Train Loss: 0.2102 - Train Metric: 0.9227
Epoch 9/50 - Val Metric: 0.9245
Epoch 10/50 - Train Loss: 0.2089 - Train Metric: 0.9236
Epoch 10/50 - Val Metric: 0.9242
Epoch 11/50 - Train Loss: 0.2086 - Train Metric: 0.9239
Epoch 11/50 - Val Metric: 0.9235
Epoch 12/50 - Train Loss: 0.2062 - Train Metric: 0.9264
Epoch 12/50 - Val Metric: 0.9195
Epoch 13/50 - Train Loss: 0.2055 - Train Metric: 0.9271
Epoch 13/50 - Val Metric: 0.9262
Epoch 14/50 - Train Loss: 0.2040 - Train Metric: 0.9284
Epoch 14/50 - Val Metric: 0.9289
Epoch 15/50 - Train Loss: 0.1987 - Train Metric: 0.9328
Epoch 15/50 - Val Metric: 0.9314
Epoch 16/50 - Train Loss: 0.1973 - Train Metric: 0.9335
Epoch 16/50 - Val Metric: 0.9327
Epoch 17/50 - Train Loss: 0.1953 - Train Metric: 0.9353
Epoch 17/50 - Val Metric: 0.9306
Epoch 18/50 - Train Loss: 0.1949 - Train Metric: 0.9358
Epoch 18/50 - Val Metric: 0.9323
Epoch 19/50 - Train Loss: 0.1937 - Train Metric: 0.9367
Epoch 19/50 - Val Metric: 0.9326
Epoch 20/50 - Train Loss: 0.1934 - Train Metric: 0.9369
Epoch 20/50 - Val Metric: 0.9302
Epoch 21/50 - Train Loss: 0.1911 - Train Metric: 0.9387
Epoch 21/50 - Val Metric: 0.9330
Epoch 22/50 - Train Loss: 0.1900 - Train Metric: 0.9393
Epoch 22/50 - Val Metric: 0.9362
Epoch 23/50 - Train Loss: 0.1899 - Train Metric: 0.9394
Epoch 23/50 - Val Metric: 0.9367
Epoch 24/50 - Train Loss: 0.1887 - Train Metric: 0.9405
Epoch 24/50 - Val Metric: 0.9305
Epoch 25/50 - Train Loss: 0.1880 - Train Metric: 0.9409
Epoch 25/50 - Val Metric: 0.9351
Epoch 26/50 - Train Loss: 0.1863 - Train Metric: 0.9422
Epoch 26/50 - Val Metric: 0.9337
Epoch 27/50 - Train Loss: 0.1859 - Train Metric: 0.9424
Epoch 27/50 - Val Metric: 0.9307
Epoch 28/50 - Train Loss: 0.1867 - Train Metric: 0.9418
Epoch 28/50 - Val Metric: 0.9347
Epoch 29/50 - Train Loss: 0.1837 - Train Metric: 0.9437
Epoch 29/50 - Val Metric: 0.9348
Epoch 30/50 - Train Loss: 0.1839 - Train Metric: 0.9438
Epoch 30/50 - Val Metric: 0.9331
Epoch 31/50 - Train Loss: 0.1820 - Train Metric: 0.9450
Epoch 31/50 - Val Metric: 0.9345
Epoch 32/50 - Train Loss: 0.1824 - Train Metric: 0.9450
Epoch 32/50 - Val Metric: 0.9335
Epoch 33/50 - Train Loss: 0.1808 - Train Metric: 0.9459
Epoch 33/50 - Val Metric: 0.9301
Epoch 34/50 - Train Loss: 0.1798 - Train Metric: 0.9467
Epoch 34/50 - Val Metric: 0.9291
Epoch 35/50 - Train Loss: 0.1785 - Train Metric: 0.9476
Epoch 35/50 - Val Metric: 0.9351
Epoch 36/50 - Train Loss: 0.1770 - Train Metric: 0.9484
Epoch 36/50 - Val Metric: 0.9312
Epoch 37/50 - Train Loss: 0.1761 - Train Metric: 0.9489
Epoch 37/50 - Val Metric: 0.9281
Epoch 38/50 - Train Loss: 0.1772 - Train Metric: 0.9485
Epoch 38/50 - Val Metric: 0.9352
Epoch 39/50 - Train Loss: 0.1757 - Train Metric: 0.9492
Epoch 39/50 - Val Metric: 0.9337
Epoch 40/50 - Train Loss: 0.1740 - Train Metric: 0.9504
Epoch 40/50 - Val Metric: 0.9336
Epoch 41/50 - Train Loss: 0.1732 - Train Metric: 0.9507
Epoch 41/50 - Val Metric: 0.9339
Epoch 42/50 - Train Loss: 0.1730 - Train Metric: 0.9511
Epoch 42/50 - Val Metric: 0.9316
Epoch 43/50 - Train Loss: 0.1729 - Train Metric: 0.9514
Epoch 43/50 - Val Metric: 0.9319
Epoch 44/50 - Train Loss: 0.1706 - Train Metric: 0.9525
Epoch 44/50 - Val Metric: 0.9306
Epoch 45/50 - Train Loss: 0.1689 - Train Metric: 0.9536
Epoch 45/50 - Val Metric: 0.9272
Epoch 46/50 - Train Loss: 0.1674 - Train Metric: 0.9545
Epoch 46/50 - Val Metric: 0.9250
Epoch 47/50 - Train Loss: 0.1680 - Train Metric: 0.9538
Epoch 47/50 - Val Metric: 0.9205
Epoch 48/50 - Train Loss: 0.1686 - Train Metric: 0.9535
Epoch 48/50 - Val Metric: 0.9300
Epoch 49/50 - Train Loss: 0.1650 - Train Metric: 0.9558
Epoch 49/50 - Val Metric: 0.9266
Epoch 50/50 - Train Loss: 0.1645 - Train Metric: 0.9562
Epoch 50/50 - Val Metric: 0.9279
Best val: 0.9367, Best test: 0.9315
Training set has 36168 instances
Validation set has 4521 instances
Test set has 4522 instances
Training set has 36168 instances
Validation set has 4521 instances
Test set has 4522 instances
Training set has 36168 instances
Validation set has 4521 instances
Test set has 4522 instances
Epoch 1/50 - Train Loss: 0.3094 - Train Metric: 0.7516
Epoch 1/50 - Val Metric: 0.9085
Epoch 2/50 - Train Loss: 0.2289 - Train Metric: 0.9016
Epoch 2/50 - Val Metric: 0.9199
Epoch 3/50 - Train Loss: 0.2219 - Train Metric: 0.9090
Epoch 3/50 - Val Metric: 0.9221
Epoch 4/50 - Train Loss: 0.2190 - Train Metric: 0.9122
Epoch 4/50 - Val Metric: 0.9230
Epoch 5/50 - Train Loss: 0.2173 - Train Metric: 0.9136
Epoch 5/50 - Val Metric: 0.9239
Epoch 6/50 - Train Loss: 0.2146 - Train Metric: 0.9160
Epoch 6/50 - Val Metric: 0.9252
Epoch 7/50 - Train Loss: 0.2124 - Train Metric: 0.9183
Epoch 7/50 - Val Metric: 0.9256
Epoch 8/50 - Train Loss: 0.2134 - Train Metric: 0.9169
Epoch 8/50 - Val Metric: 0.9277
Epoch 9/50 - Train Loss: 0.2113 - Train Metric: 0.9193
Epoch 9/50 - Val Metric: 0.9277
Epoch 10/50 - Train Loss: 0.2083 - Train Metric: 0.9221
Epoch 10/50 - Val Metric: 0.9262
Epoch 11/50 - Train Loss: 0.2069 - Train Metric: 0.9231
Epoch 11/50 - Val Metric: 0.9315
Epoch 12/50 - Train Loss: 0.2071 - Train Metric: 0.9231
Epoch 12/50 - Val Metric: 0.9278
Epoch 13/50 - Train Loss: 0.2062 - Train Metric: 0.9238
Epoch 13/50 - Val Metric: 0.9317
Epoch 14/50 - Train Loss: 0.2036 - Train Metric: 0.9264
Epoch 14/50 - Val Metric: 0.9299
Epoch 15/50 - Train Loss: 0.2008 - Train Metric: 0.9286
Epoch 15/50 - Val Metric: 0.9330
Epoch 16/50 - Train Loss: 0.1993 - Train Metric: 0.9302
Epoch 16/50 - Val Metric: 0.9325
Epoch 17/50 - Train Loss: 0.1985 - Train Metric: 0.9309
Epoch 17/50 - Val Metric: 0.9334
Epoch 18/50 - Train Loss: 0.1987 - Train Metric: 0.9304
Epoch 18/50 - Val Metric: 0.9326
Epoch 19/50 - Train Loss: 0.1966 - Train Metric: 0.9326
Epoch 19/50 - Val Metric: 0.9340
Epoch 20/50 - Train Loss: 0.1954 - Train Metric: 0.9335
Epoch 20/50 - Val Metric: 0.9311
Epoch 21/50 - Train Loss: 0.1947 - Train Metric: 0.9341
Epoch 21/50 - Val Metric: 0.9350
Epoch 22/50 - Train Loss: 0.1921 - Train Metric: 0.9362
Epoch 22/50 - Val Metric: 0.9315
Epoch 23/50 - Train Loss: 0.1915 - Train Metric: 0.9363
Epoch 23/50 - Val Metric: 0.9364
Epoch 24/50 - Train Loss: 0.1914 - Train Metric: 0.9366
Epoch 24/50 - Val Metric: 0.9362
Epoch 25/50 - Train Loss: 0.1888 - Train Metric: 0.9388
Epoch 25/50 - Val Metric: 0.9337
Epoch 26/50 - Train Loss: 0.1885 - Train Metric: 0.9392
Epoch 26/50 - Val Metric: 0.9373
Epoch 27/50 - Train Loss: 0.1876 - Train Metric: 0.9398
Epoch 27/50 - Val Metric: 0.9356
Epoch 28/50 - Train Loss: 0.1872 - Train Metric: 0.9401
Epoch 28/50 - Val Metric: 0.9341
Epoch 29/50 - Train Loss: 0.1864 - Train Metric: 0.9406
Epoch 29/50 - Val Metric: 0.9362
Epoch 30/50 - Train Loss: 0.1866 - Train Metric: 0.9405
Epoch 30/50 - Val Metric: 0.9356
Epoch 31/50 - Train Loss: 0.1851 - Train Metric: 0.9417
Epoch 31/50 - Val Metric: 0.9370
Epoch 32/50 - Train Loss: 0.1835 - Train Metric: 0.9431
Epoch 32/50 - Val Metric: 0.9360
Epoch 33/50 - Train Loss: 0.1821 - Train Metric: 0.9437
Epoch 33/50 - Val Metric: 0.9356
Epoch 34/50 - Train Loss: 0.1825 - Train Metric: 0.9435
Epoch 34/50 - Val Metric: 0.9326
Epoch 35/50 - Train Loss: 0.1812 - Train Metric: 0.9444
Epoch 35/50 - Val Metric: 0.9343
Epoch 36/50 - Train Loss: 0.1814 - Train Metric: 0.9442
Epoch 36/50 - Val Metric: 0.9362
Epoch 37/50 - Train Loss: 0.1802 - Train Metric: 0.9451
Epoch 37/50 - Val Metric: 0.9337
Epoch 38/50 - Train Loss: 0.1813 - Train Metric: 0.9445
Epoch 38/50 - Val Metric: 0.9333
Epoch 39/50 - Train Loss: 0.1811 - Train Metric: 0.9446
Epoch 39/50 - Val Metric: 0.9346
Epoch 40/50 - Train Loss: 0.1788 - Train Metric: 0.9462
Epoch 40/50 - Val Metric: 0.9368
Epoch 41/50 - Train Loss: 0.1791 - Train Metric: 0.9461
Epoch 41/50 - Val Metric: 0.9331
Epoch 42/50 - Train Loss: 0.1766 - Train Metric: 0.9477
Epoch 42/50 - Val Metric: 0.9336
Epoch 43/50 - Train Loss: 0.1747 - Train Metric: 0.9490
Epoch 43/50 - Val Metric: 0.9344
Epoch 44/50 - Train Loss: 0.1762 - Train Metric: 0.9478
Epoch 44/50 - Val Metric: 0.9346
Epoch 45/50 - Train Loss: 0.1747 - Train Metric: 0.9489
Epoch 45/50 - Val Metric: 0.9313
Epoch 46/50 - Train Loss: 0.1728 - Train Metric: 0.9500
Epoch 46/50 - Val Metric: 0.9324
Epoch 47/50 - Train Loss: 0.1735 - Train Metric: 0.9496
Epoch 47/50 - Val Metric: 0.9304
Epoch 48/50 - Train Loss: 0.1722 - Train Metric: 0.9503
Epoch 48/50 - Val Metric: 0.9340
Epoch 49/50 - Train Loss: 0.1720 - Train Metric: 0.9504
Epoch 49/50 - Val Metric: 0.9336
Epoch 50/50 - Train Loss: 0.1696 - Train Metric: 0.9521
Epoch 50/50 - Val Metric: 0.9291
Best val: 0.9373, Best test: 0.9301
Training set has 36168 instances
Validation set has 4521 instances
Test set has 4522 instances
Training set has 36168 instances
Validation set has 4521 instances
Test set has 4522 instances
Training set has 36168 instances
Validation set has 4521 instances
Test set has 4522 instances
Training set has 36168 instances
Validation set has 4521 instances
Test set has 4522 instances
Epoch 1/50 - Train Loss: 0.3101 - Train Metric: 0.7544
Epoch 1/50 - Val Metric: 0.9125
Epoch 2/50 - Train Loss: 0.2324 - Train Metric: 0.8981
Epoch 2/50 - Val Metric: 0.9118
Epoch 3/50 - Train Loss: 0.2275 - Train Metric: 0.9048
Epoch 3/50 - Val Metric: 0.9185
Epoch 4/50 - Train Loss: 0.2226 - Train Metric: 0.9102
Epoch 4/50 - Val Metric: 0.9211
Epoch 5/50 - Train Loss: 0.2196 - Train Metric: 0.9130
Epoch 5/50 - Val Metric: 0.9227
Epoch 6/50 - Train Loss: 0.2162 - Train Metric: 0.9162
Epoch 6/50 - Val Metric: 0.9237
Epoch 7/50 - Train Loss: 0.2163 - Train Metric: 0.9157
Epoch 7/50 - Val Metric: 0.9232
Epoch 8/50 - Train Loss: 0.2162 - Train Metric: 0.9161
Epoch 8/50 - Val Metric: 0.9199
Epoch 9/50 - Train Loss: 0.2158 - Train Metric: 0.9167
Epoch 9/50 - Val Metric: 0.9251
Epoch 10/50 - Train Loss: 0.2119 - Train Metric: 0.9204
Epoch 10/50 - Val Metric: 0.9244
Epoch 11/50 - Train Loss: 0.2115 - Train Metric: 0.9204
Epoch 11/50 - Val Metric: 0.9251
Epoch 12/50 - Train Loss: 0.2078 - Train Metric: 0.9239
Epoch 12/50 - Val Metric: 0.9264
Epoch 13/50 - Train Loss: 0.2079 - Train Metric: 0.9238
Epoch 13/50 - Val Metric: 0.9288
Epoch 14/50 - Train Loss: 0.2065 - Train Metric: 0.9250
Epoch 14/50 - Val Metric: 0.9271
Epoch 15/50 - Train Loss: 0.2042 - Train Metric: 0.9271
Epoch 15/50 - Val Metric: 0.9295
Epoch 16/50 - Train Loss: 0.2033 - Train Metric: 0.9279
Epoch 16/50 - Val Metric: 0.9310
Epoch 17/50 - Train Loss: 0.2026 - Train Metric: 0.9285
Epoch 17/50 - Val Metric: 0.9306
Training set has 36168 instances
Validation set has 4521 instances
Test set has 4522 instances
Training set has 36168 instances
Validation set has 4521 instances
Test set has 4522 instances
Training set has 36168 instances
Validation set has 4521 instances
Test set has 4522 instances
Hyper-parameter search done. Found the best config.
Repeat experiments 5 times with the best train config {'batch_size': 128, 'gamma_rate': 1.0, 'base_lr': 0.0001} and model config {'num_heads': 4, 'num_layers': 6, 'num_latents': 64, 'hidden_dim': 128, 'mlp_ratio': 4, 'dropout_prob': 0, 'top_k': 5}.
Training set has 36168 instances
Validation set has 4521 instances
Test set has 4522 instances
Epoch 1/50 - Train Loss: 0.3070 - Train Metric: 0.7622
Epoch 1/50 - Val Metric: 0.9097
Epoch 2/50 - Train Loss: 0.2328 - Train Metric: 0.8983
Epoch 2/50 - Val Metric: 0.9108
Epoch 3/50 - Train Loss: 0.2258 - Train Metric: 0.9060
Epoch 3/50 - Val Metric: 0.9170
Epoch 4/50 - Train Loss: 0.2206 - Train Metric: 0.9117
Epoch 4/50 - Val Metric: 0.9198
Epoch 5/50 - Train Loss: 0.2188 - Train Metric: 0.9136
Epoch 5/50 - Val Metric: 0.9217
Epoch 6/50 - Train Loss: 0.2167 - Train Metric: 0.9149
Epoch 6/50 - Val Metric: 0.9206
Epoch 7/50 - Train Loss: 0.2170 - Train Metric: 0.9152
Epoch 7/50 - Val Metric: 0.9242
Epoch 8/50 - Train Loss: 0.2128 - Train Metric: 0.9191
Epoch 8/50 - Val Metric: 0.9252
Epoch 9/50 - Train Loss: 0.2114 - Train Metric: 0.9201
Epoch 9/50 - Val Metric: 0.9238
Epoch 10/50 - Train Loss: 0.2124 - Train Metric: 0.9193
Epoch 10/50 - Val Metric: 0.9273
Epoch 11/50 - Train Loss: 0.2104 - Train Metric: 0.9210
Epoch 11/50 - Val Metric: 0.9267
Epoch 12/50 - Train Loss: 0.2093 - Train Metric: 0.9222
Epoch 12/50 - Val Metric: 0.9273
Epoch 13/50 - Train Loss: 0.2085 - Train Metric: 0.9230
Epoch 13/50 - Val Metric: 0.9277
Epoch 14/50 - Train Loss: 0.2077 - Train Metric: 0.9235
Epoch 14/50 - Val Metric: 0.9276
Epoch 15/50 - Train Loss: 0.2078 - Train Metric: 0.9234
Epoch 15/50 - Val Metric: 0.9291
Epoch 16/50 - Train Loss: 0.2085 - Train Metric: 0.9230
Epoch 16/50 - Val Metric: 0.9280
Epoch 17/50 - Train Loss: 0.2067 - Train Metric: 0.9248
Epoch 17/50 - Val Metric: 0.9293
Epoch 18/50 - Train Loss: 0.2043 - Train Metric: 0.9269
Epoch 18/50 - Val Metric: 0.9291
Epoch 19/50 - Train Loss: 0.2031 - Train Metric: 0.9282
Epoch 19/50 - Val Metric: 0.9304
Epoch 20/50 - Train Loss: 0.2024 - Train Metric: 0.9286
Epoch 20/50 - Val Metric: 0.9295
Epoch 21/50 - Train Loss: 0.2016 - Train Metric: 0.9293
Epoch 21/50 - Val Metric: 0.9337
Epoch 22/50 - Train Loss: 0.1988 - Train Metric: 0.9315
Epoch 22/50 - Val Metric: 0.9337
Epoch 23/50 - Train Loss: 0.1976 - Train Metric: 0.9326
Epoch 23/50 - Val Metric: 0.9331
Epoch 24/50 - Train Loss: 0.1947 - Train Metric: 0.9348
Epoch 24/50 - Val Metric: 0.9335
Epoch 25/50 - Train Loss: 0.1941 - Train Metric: 0.9356
Epoch 25/50 - Val Metric: 0.9313
Epoch 26/50 - Train Loss: 0.1929 - Train Metric: 0.9362
Epoch 26/50 - Val Metric: 0.9351
Epoch 27/50 - Train Loss: 0.1917 - Train Metric: 0.9377
Epoch 27/50 - Val Metric: 0.9354
Epoch 28/50 - Train Loss: 0.1890 - Train Metric: 0.9396
Epoch 28/50 - Val Metric: 0.9343
Epoch 29/50 - Train Loss: 0.1880 - Train Metric: 0.9403
Epoch 29/50 - Val Metric: 0.9360
Epoch 30/50 - Train Loss: 0.1878 - Train Metric: 0.9402
Epoch 30/50 - Val Metric: 0.9336
Epoch 31/50 - Train Loss: 0.1869 - Train Metric: 0.9406
Epoch 31/50 - Val Metric: 0.9342
Epoch 32/50 - Train Loss: 0.1869 - Train Metric: 0.9410
Epoch 32/50 - Val Metric: 0.9359
Epoch 33/50 - Train Loss: 0.1854 - Train Metric: 0.9421
Epoch 33/50 - Val Metric: 0.9391
Epoch 34/50 - Train Loss: 0.1844 - Train Metric: 0.9427
Epoch 34/50 - Val Metric: 0.9359
Epoch 35/50 - Train Loss: 0.1824 - Train Metric: 0.9442
Epoch 35/50 - Val Metric: 0.9334
Epoch 36/50 - Train Loss: 0.1836 - Train Metric: 0.9434
Epoch 36/50 - Val Metric: 0.9369
Epoch 37/50 - Train Loss: 0.1810 - Train Metric: 0.9452
Epoch 37/50 - Val Metric: 0.9356
Epoch 38/50 - Train Loss: 0.1812 - Train Metric: 0.9449
Epoch 38/50 - Val Metric: 0.9372
Epoch 39/50 - Train Loss: 0.1808 - Train Metric: 0.9452
Epoch 39/50 - Val Metric: 0.9363
Epoch 40/50 - Train Loss: 0.1800 - Train Metric: 0.9457
Epoch 40/50 - Val Metric: 0.9364
Epoch 41/50 - Train Loss: 0.1790 - Train Metric: 0.9467
Epoch 41/50 - Val Metric: 0.9347
Epoch 42/50 - Train Loss: 0.1783 - Train Metric: 0.9471
Epoch 42/50 - Val Metric: 0.9370
Epoch 43/50 - Train Loss: 0.1763 - Train Metric: 0.9483
Epoch 43/50 - Val Metric: 0.9367
Epoch 44/50 - Train Loss: 0.1763 - Train Metric: 0.9483
Epoch 44/50 - Val Metric: 0.9368
Epoch 45/50 - Train Loss: 0.1754 - Train Metric: 0.9490
Epoch 45/50 - Val Metric: 0.9369
Epoch 46/50 - Train Loss: 0.1735 - Train Metric: 0.9500
Epoch 46/50 - Val Metric: 0.9347
Epoch 47/50 - Train Loss: 0.1758 - Train Metric: 0.9484
Epoch 47/50 - Val Metric: 0.9340
Epoch 48/50 - Train Loss: 0.1727 - Train Metric: 0.9505
Epoch 48/50 - Val Metric: 0.9318
Epoch 49/50 - Train Loss: 0.1717 - Train Metric: 0.9512
Epoch 49/50 - Val Metric: 0.9341
Epoch 50/50 - Train Loss: 0.1712 - Train Metric: 0.9516
Epoch 50/50 - Val Metric: 0.9332
Best val: 0.9391, Best test: 0.9384
Training set has 36168 instances
Validation set has 4521 instances
Test set has 4522 instances
Epoch 1/50 - Train Loss: 0.3116 - Train Metric: 0.7560
Epoch 1/50 - Val Metric: 0.8517
Epoch 2/50 - Train Loss: 0.2353 - Train Metric: 0.8955
Epoch 2/50 - Val Metric: 0.9122
Epoch 3/50 - Train Loss: 0.2313 - Train Metric: 0.9015
Epoch 3/50 - Val Metric: 0.9111
Epoch 4/50 - Train Loss: 0.2239 - Train Metric: 0.9099
Epoch 4/50 - Val Metric: 0.9150
Epoch 5/50 - Train Loss: 0.2198 - Train Metric: 0.9134
Epoch 5/50 - Val Metric: 0.9212
Epoch 6/50 - Train Loss: 0.2190 - Train Metric: 0.9147
Epoch 6/50 - Val Metric: 0.9232
Epoch 7/50 - Train Loss: 0.2171 - Train Metric: 0.9162
Epoch 7/50 - Val Metric: 0.9253
Epoch 8/50 - Train Loss: 0.2135 - Train Metric: 0.9202
Epoch 8/50 - Val Metric: 0.9253
Epoch 9/50 - Train Loss: 0.2139 - Train Metric: 0.9197
Epoch 9/50 - Val Metric: 0.9265
Epoch 10/50 - Train Loss: 0.2116 - Train Metric: 0.9218
Epoch 10/50 - Val Metric: 0.9282
Epoch 11/50 - Train Loss: 0.2091 - Train Metric: 0.9239
Epoch 11/50 - Val Metric: 0.9306
Epoch 12/50 - Train Loss: 0.2080 - Train Metric: 0.9252
Epoch 12/50 - Val Metric: 0.9298
Epoch 13/50 - Train Loss: 0.2079 - Train Metric: 0.9253
Epoch 13/50 - Val Metric: 0.9315
Epoch 14/50 - Train Loss: 0.2066 - Train Metric: 0.9262
Epoch 14/50 - Val Metric: 0.9305
Epoch 15/50 - Train Loss: 0.2058 - Train Metric: 0.9271
Epoch 15/50 - Val Metric: 0.9330
Epoch 16/50 - Train Loss: 0.2046 - Train Metric: 0.9279
Epoch 16/50 - Val Metric: 0.9345
Epoch 17/50 - Train Loss: 0.2018 - Train Metric: 0.9304
Epoch 17/50 - Val Metric: 0.9341
Epoch 18/50 - Train Loss: 0.2005 - Train Metric: 0.9314
Epoch 18/50 - Val Metric: 0.9332
Epoch 19/50 - Train Loss: 0.1997 - Train Metric: 0.9322
Epoch 19/50 - Val Metric: 0.9341
Epoch 20/50 - Train Loss: 0.1985 - Train Metric: 0.9330
Epoch 20/50 - Val Metric: 0.9362
Epoch 21/50 - Train Loss: 0.1976 - Train Metric: 0.9341
Epoch 21/50 - Val Metric: 0.9368
Epoch 22/50 - Train Loss: 0.1958 - Train Metric: 0.9353
Epoch 22/50 - Val Metric: 0.9345
Epoch 23/50 - Train Loss: 0.1941 - Train Metric: 0.9366
Epoch 23/50 - Val Metric: 0.9361
Epoch 24/50 - Train Loss: 0.1946 - Train Metric: 0.9361
Epoch 24/50 - Val Metric: 0.9385
Epoch 25/50 - Train Loss: 0.1932 - Train Metric: 0.9375
Epoch 25/50 - Val Metric: 0.9364
Epoch 26/50 - Train Loss: 0.1932 - Train Metric: 0.9374
Epoch 26/50 - Val Metric: 0.9353
Epoch 27/50 - Train Loss: 0.1917 - Train Metric: 0.9385
Epoch 27/50 - Val Metric: 0.9372
Epoch 28/50 - Train Loss: 0.1898 - Train Metric: 0.9399
Epoch 28/50 - Val Metric: 0.9357
Epoch 29/50 - Train Loss: 0.1912 - Train Metric: 0.9389
Epoch 29/50 - Val Metric: 0.9362
Epoch 30/50 - Train Loss: 0.1883 - Train Metric: 0.9410
Epoch 30/50 - Val Metric: 0.9398
Epoch 31/50 - Train Loss: 0.1880 - Train Metric: 0.9411
Epoch 31/50 - Val Metric: 0.9366
Epoch 32/50 - Train Loss: 0.1882 - Train Metric: 0.9409
Epoch 32/50 - Val Metric: 0.9369
Epoch 33/50 - Train Loss: 0.1864 - Train Metric: 0.9424
Epoch 33/50 - Val Metric: 0.9404
Epoch 34/50 - Train Loss: 0.1853 - Train Metric: 0.9432
Epoch 34/50 - Val Metric: 0.9366
Epoch 35/50 - Train Loss: 0.1852 - Train Metric: 0.9433
Epoch 35/50 - Val Metric: 0.9376
Epoch 36/50 - Train Loss: 0.1829 - Train Metric: 0.9449
Epoch 36/50 - Val Metric: 0.9355
Epoch 37/50 - Train Loss: 0.1840 - Train Metric: 0.9440
Epoch 37/50 - Val Metric: 0.9365
Epoch 38/50 - Train Loss: 0.1821 - Train Metric: 0.9455
Epoch 38/50 - Val Metric: 0.9386
Epoch 39/50 - Train Loss: 0.1836 - Train Metric: 0.9443
Epoch 39/50 - Val Metric: 0.9389
Epoch 40/50 - Train Loss: 0.1826 - Train Metric: 0.9449
Epoch 40/50 - Val Metric: 0.9365
Epoch 41/50 - Train Loss: 0.1804 - Train Metric: 0.9467
Epoch 41/50 - Val Metric: 0.9391
Epoch 42/50 - Train Loss: 0.1802 - Train Metric: 0.9466
Epoch 42/50 - Val Metric: 0.9369
Epoch 43/50 - Train Loss: 0.1799 - Train Metric: 0.9469
Epoch 43/50 - Val Metric: 0.9242
Epoch 44/50 - Train Loss: 0.1781 - Train Metric: 0.9482
Epoch 44/50 - Val Metric: 0.9372
Epoch 45/50 - Train Loss: 0.1785 - Train Metric: 0.9478
Epoch 45/50 - Val Metric: 0.9357
Epoch 46/50 - Train Loss: 0.1780 - Train Metric: 0.9481
Epoch 46/50 - Val Metric: 0.9355
Epoch 47/50 - Train Loss: 0.1765 - Train Metric: 0.9490
Epoch 47/50 - Val Metric: 0.9379
Epoch 48/50 - Train Loss: 0.1765 - Train Metric: 0.9491
Epoch 48/50 - Val Metric: 0.9369
Epoch 49/50 - Train Loss: 0.1740 - Train Metric: 0.9507
Epoch 49/50 - Val Metric: 0.9356
Epoch 50/50 - Train Loss: 0.1755 - Train Metric: 0.9495
Epoch 50/50 - Val Metric: 0.9377
Best val: 0.9404, Best test: 0.9311
Training set has 36168 instances
Validation set has 4521 instances
Test set has 4522 instances
Epoch 1/50 - Train Loss: 0.3022 - Train Metric: 0.7765
Epoch 1/50 - Val Metric: 0.8967
Epoch 2/50 - Train Loss: 0.2331 - Train Metric: 0.8988
Epoch 2/50 - Val Metric: 0.9080
Epoch 3/50 - Train Loss: 0.2239 - Train Metric: 0.9096
Epoch 3/50 - Val Metric: 0.9106
Epoch 4/50 - Train Loss: 0.2215 - Train Metric: 0.9120
Epoch 4/50 - Val Metric: 0.9132
Epoch 5/50 - Train Loss: 0.2194 - Train Metric: 0.9143
Epoch 5/50 - Val Metric: 0.9137
Epoch 6/50 - Train Loss: 0.2177 - Train Metric: 0.9157
Epoch 6/50 - Val Metric: 0.9170
Epoch 7/50 - Train Loss: 0.2169 - Train Metric: 0.9165
Epoch 7/50 - Val Metric: 0.9180
Epoch 8/50 - Train Loss: 0.2125 - Train Metric: 0.9207
Epoch 8/50 - Val Metric: 0.9196
Epoch 9/50 - Train Loss: 0.2126 - Train Metric: 0.9204
Epoch 9/50 - Val Metric: 0.9198
Epoch 10/50 - Train Loss: 0.2106 - Train Metric: 0.9225
Epoch 10/50 - Val Metric: 0.9209
Epoch 11/50 - Train Loss: 0.2087 - Train Metric: 0.9240
Epoch 11/50 - Val Metric: 0.9231
Epoch 12/50 - Train Loss: 0.2082 - Train Metric: 0.9246
Epoch 12/50 - Val Metric: 0.9232
Epoch 13/50 - Train Loss: 0.2104 - Train Metric: 0.9228
Epoch 13/50 - Val Metric: 0.9238
Epoch 14/50 - Train Loss: 0.2065 - Train Metric: 0.9262
Epoch 14/50 - Val Metric: 0.9246
Epoch 15/50 - Train Loss: 0.2061 - Train Metric: 0.9266
Epoch 15/50 - Val Metric: 0.9212
Epoch 16/50 - Train Loss: 0.2064 - Train Metric: 0.9262
Epoch 16/50 - Val Metric: 0.9211
Epoch 17/50 - Train Loss: 0.2046 - Train Metric: 0.9276
Epoch 17/50 - Val Metric: 0.9234
Epoch 18/50 - Train Loss: 0.2037 - Train Metric: 0.9284
Epoch 18/50 - Val Metric: 0.9270
Epoch 19/50 - Train Loss: 0.2031 - Train Metric: 0.9291
Epoch 19/50 - Val Metric: 0.9282
Epoch 20/50 - Train Loss: 0.2005 - Train Metric: 0.9313
Epoch 20/50 - Val Metric: 0.9319
Epoch 21/50 - Train Loss: 0.1984 - Train Metric: 0.9330
Epoch 21/50 - Val Metric: 0.9321
Epoch 22/50 - Train Loss: 0.1970 - Train Metric: 0.9342
Epoch 22/50 - Val Metric: 0.9299
Epoch 23/50 - Train Loss: 0.1972 - Train Metric: 0.9337
Epoch 23/50 - Val Metric: 0.9348
Epoch 24/50 - Train Loss: 0.1938 - Train Metric: 0.9368
Epoch 24/50 - Val Metric: 0.9342
Epoch 25/50 - Train Loss: 0.1920 - Train Metric: 0.9380
Epoch 25/50 - Val Metric: 0.9372
Epoch 26/50 - Train Loss: 0.1917 - Train Metric: 0.9380
Epoch 26/50 - Val Metric: 0.9325
Epoch 27/50 - Train Loss: 0.1926 - Train Metric: 0.9376
Epoch 27/50 - Val Metric: 0.9345
Epoch 28/50 - Train Loss: 0.1917 - Train Metric: 0.9383
Epoch 28/50 - Val Metric: 0.9372
Epoch 29/50 - Train Loss: 0.1896 - Train Metric: 0.9401
Epoch 29/50 - Val Metric: 0.9333
Epoch 30/50 - Train Loss: 0.1898 - Train Metric: 0.9397
Epoch 30/50 - Val Metric: 0.9368
Epoch 31/50 - Train Loss: 0.1885 - Train Metric: 0.9406
Epoch 31/50 - Val Metric: 0.9345
Epoch 32/50 - Train Loss: 0.1888 - Train Metric: 0.9405
Epoch 32/50 - Val Metric: 0.9357
Epoch 33/50 - Train Loss: 0.1873 - Train Metric: 0.9415
Epoch 33/50 - Val Metric: 0.9352
Epoch 34/50 - Train Loss: 0.1860 - Train Metric: 0.9425
Epoch 34/50 - Val Metric: 0.9340
Epoch 35/50 - Train Loss: 0.1857 - Train Metric: 0.9428
Epoch 35/50 - Val Metric: 0.9360
Epoch 36/50 - Train Loss: 0.1846 - Train Metric: 0.9435
Epoch 36/50 - Val Metric: 0.9366
Epoch 37/50 - Train Loss: 0.1838 - Train Metric: 0.9440
Epoch 37/50 - Val Metric: 0.9372
Epoch 38/50 - Train Loss: 0.1829 - Train Metric: 0.9445
Epoch 38/50 - Val Metric: 0.9352
Epoch 39/50 - Train Loss: 0.1823 - Train Metric: 0.9450
Epoch 39/50 - Val Metric: 0.9339
Epoch 40/50 - Train Loss: 0.1820 - Train Metric: 0.9451
Epoch 40/50 - Val Metric: 0.9302
Epoch 41/50 - Train Loss: 0.1810 - Train Metric: 0.9459
Epoch 41/50 - Val Metric: 0.9361
Epoch 42/50 - Train Loss: 0.1797 - Train Metric: 0.9468
Epoch 42/50 - Val Metric: 0.9365
Epoch 43/50 - Train Loss: 0.1782 - Train Metric: 0.9478
Epoch 43/50 - Val Metric: 0.9332
Epoch 44/50 - Train Loss: 0.1784 - Train Metric: 0.9475
Epoch 44/50 - Val Metric: 0.9316
Epoch 45/50 - Train Loss: 0.1782 - Train Metric: 0.9478
Epoch 45/50 - Val Metric: 0.9346
Epoch 46/50 - Train Loss: 0.1773 - Train Metric: 0.9482
Epoch 46/50 - Val Metric: 0.9292
Epoch 47/50 - Train Loss: 0.1772 - Train Metric: 0.9484
Epoch 47/50 - Val Metric: 0.9330
Epoch 48/50 - Train Loss: 0.1756 - Train Metric: 0.9495
Epoch 48/50 - Val Metric: 0.9291
Epoch 49/50 - Train Loss: 0.1746 - Train Metric: 0.9499
Epoch 49/50 - Val Metric: 0.9307
Epoch 50/50 - Train Loss: 0.1749 - Train Metric: 0.9501
Epoch 50/50 - Val Metric: 0.9299
Best val: 0.9372, Best test: 0.9360
Training set has 36168 instances
Validation set has 4521 instances
Test set has 4522 instances
Epoch 1/50 - Train Loss: 0.3051 - Train Metric: 0.7679
Epoch 1/50 - Val Metric: 0.8988
Epoch 2/50 - Train Loss: 0.2308 - Train Metric: 0.8995
Epoch 2/50 - Val Metric: 0.9060
Epoch 3/50 - Train Loss: 0.2232 - Train Metric: 0.9087
Epoch 3/50 - Val Metric: 0.9084
Epoch 4/50 - Train Loss: 0.2192 - Train Metric: 0.9123
Epoch 4/50 - Val Metric: 0.9090
Epoch 5/50 - Train Loss: 0.2160 - Train Metric: 0.9160
Epoch 5/50 - Val Metric: 0.9097
Epoch 6/50 - Train Loss: 0.2140 - Train Metric: 0.9178
Epoch 6/50 - Val Metric: 0.9136
Epoch 7/50 - Train Loss: 0.2126 - Train Metric: 0.9191
Epoch 7/50 - Val Metric: 0.9149
Epoch 8/50 - Train Loss: 0.2105 - Train Metric: 0.9211
Epoch 8/50 - Val Metric: 0.9128
Epoch 9/50 - Train Loss: 0.2098 - Train Metric: 0.9219
Epoch 9/50 - Val Metric: 0.9150
Epoch 10/50 - Train Loss: 0.2088 - Train Metric: 0.9227
Epoch 10/50 - Val Metric: 0.9156
Epoch 11/50 - Train Loss: 0.2078 - Train Metric: 0.9238
Epoch 11/50 - Val Metric: 0.9166
Epoch 12/50 - Train Loss: 0.2084 - Train Metric: 0.9232
Epoch 12/50 - Val Metric: 0.9168
Epoch 13/50 - Train Loss: 0.2059 - Train Metric: 0.9253
Epoch 13/50 - Val Metric: 0.9163
Epoch 14/50 - Train Loss: 0.2042 - Train Metric: 0.9270
Epoch 14/50 - Val Metric: 0.9193
Epoch 15/50 - Train Loss: 0.2035 - Train Metric: 0.9275
Epoch 15/50 - Val Metric: 0.9171
Epoch 16/50 - Train Loss: 0.2016 - Train Metric: 0.9291
Epoch 16/50 - Val Metric: 0.9225
Epoch 17/50 - Train Loss: 0.2013 - Train Metric: 0.9295
Epoch 17/50 - Val Metric: 0.9221
Epoch 18/50 - Train Loss: 0.1995 - Train Metric: 0.9310
Epoch 18/50 - Val Metric: 0.9172
Epoch 19/50 - Train Loss: 0.1988 - Train Metric: 0.9317
Epoch 19/50 - Val Metric: 0.9208
Epoch 20/50 - Train Loss: 0.1965 - Train Metric: 0.9335
Epoch 20/50 - Val Metric: 0.9213
Epoch 21/50 - Train Loss: 0.1941 - Train Metric: 0.9356
Epoch 21/50 - Val Metric: 0.9225
Epoch 22/50 - Train Loss: 0.1922 - Train Metric: 0.9370
Epoch 22/50 - Val Metric: 0.9210
Epoch 23/50 - Train Loss: 0.1907 - Train Metric: 0.9380
Epoch 23/50 - Val Metric: 0.9191
Epoch 24/50 - Train Loss: 0.1922 - Train Metric: 0.9371
Epoch 24/50 - Val Metric: 0.9183
Epoch 25/50 - Train Loss: 0.1927 - Train Metric: 0.9365
Epoch 25/50 - Val Metric: 0.9233
Epoch 26/50 - Train Loss: 0.1872 - Train Metric: 0.9409
Epoch 26/50 - Val Metric: 0.9214
Epoch 27/50 - Train Loss: 0.1869 - Train Metric: 0.9412
Epoch 27/50 - Val Metric: 0.9187
Epoch 28/50 - Train Loss: 0.1871 - Train Metric: 0.9410
Epoch 28/50 - Val Metric: 0.9229
Epoch 29/50 - Train Loss: 0.1848 - Train Metric: 0.9427
Epoch 29/50 - Val Metric: 0.9215
Epoch 30/50 - Train Loss: 0.1835 - Train Metric: 0.9437
Epoch 30/50 - Val Metric: 0.9234
Epoch 31/50 - Train Loss: 0.1826 - Train Metric: 0.9443
Epoch 31/50 - Val Metric: 0.9240
Epoch 32/50 - Train Loss: 0.1831 - Train Metric: 0.9438
Epoch 32/50 - Val Metric: 0.9196
Epoch 33/50 - Train Loss: 0.1815 - Train Metric: 0.9449
Epoch 33/50 - Val Metric: 0.9210
Epoch 34/50 - Train Loss: 0.1806 - Train Metric: 0.9457
Epoch 34/50 - Val Metric: 0.9252
Epoch 35/50 - Train Loss: 0.1807 - Train Metric: 0.9456
Epoch 35/50 - Val Metric: 0.9180
Epoch 36/50 - Train Loss: 0.1821 - Train Metric: 0.9446
Epoch 36/50 - Val Metric: 0.9241
Epoch 37/50 - Train Loss: 0.1791 - Train Metric: 0.9466
Epoch 37/50 - Val Metric: 0.9244
Epoch 38/50 - Train Loss: 0.1773 - Train Metric: 0.9479
Epoch 38/50 - Val Metric: 0.9233
Epoch 39/50 - Train Loss: 0.1780 - Train Metric: 0.9473
Epoch 39/50 - Val Metric: 0.9216
Epoch 40/50 - Train Loss: 0.1766 - Train Metric: 0.9484
Epoch 40/50 - Val Metric: 0.9216
Epoch 41/50 - Train Loss: 0.1771 - Train Metric: 0.9481
Epoch 41/50 - Val Metric: 0.9217
Epoch 42/50 - Train Loss: 0.1752 - Train Metric: 0.9494
Epoch 42/50 - Val Metric: 0.9220
Epoch 43/50 - Train Loss: 0.1729 - Train Metric: 0.9508
Epoch 43/50 - Val Metric: 0.9209
Epoch 44/50 - Train Loss: 0.1719 - Train Metric: 0.9514
Epoch 44/50 - Val Metric: 0.9198
Epoch 45/50 - Train Loss: 0.1710 - Train Metric: 0.9520
Epoch 45/50 - Val Metric: 0.9221
Epoch 46/50 - Train Loss: 0.1720 - Train Metric: 0.9514
Epoch 46/50 - Val Metric: 0.9189
Epoch 47/50 - Train Loss: 0.1687 - Train Metric: 0.9536
Epoch 47/50 - Val Metric: 0.9202
Epoch 48/50 - Train Loss: 0.1708 - Train Metric: 0.9522
Epoch 48/50 - Val Metric: 0.9168
Epoch 49/50 - Train Loss: 0.1695 - Train Metric: 0.9530
Epoch 49/50 - Val Metric: 0.9214
Epoch 50/50 - Train Loss: 0.1670 - Train Metric: 0.9545
Epoch 50/50 - Val Metric: 0.9197
Best val: 0.9252, Best test: 0.9307
Training set has 36168 instances
Validation set has 4521 instances
Test set has 4522 instances
Epoch 1/50 - Train Loss: 0.3092 - Train Metric: 0.7535
Epoch 1/50 - Val Metric: 0.8955
Epoch 2/50 - Train Loss: 0.2312 - Train Metric: 0.8995
Epoch 2/50 - Val Metric: 0.9143
Epoch 3/50 - Train Loss: 0.2258 - Train Metric: 0.9061
Epoch 3/50 - Val Metric: 0.9179
Epoch 4/50 - Train Loss: 0.2203 - Train Metric: 0.9115
Epoch 4/50 - Val Metric: 0.9181
Epoch 5/50 - Train Loss: 0.2191 - Train Metric: 0.9130
Epoch 5/50 - Val Metric: 0.9168
Epoch 6/50 - Train Loss: 0.2153 - Train Metric: 0.9162
Epoch 6/50 - Val Metric: 0.9217
Epoch 7/50 - Train Loss: 0.2142 - Train Metric: 0.9176
Epoch 7/50 - Val Metric: 0.9239
Epoch 8/50 - Train Loss: 0.2135 - Train Metric: 0.9181
Epoch 8/50 - Val Metric: 0.9252
Epoch 9/50 - Train Loss: 0.2113 - Train Metric: 0.9203
Epoch 9/50 - Val Metric: 0.9236
Epoch 10/50 - Train Loss: 0.2099 - Train Metric: 0.9215
Epoch 10/50 - Val Metric: 0.9241
Epoch 11/50 - Train Loss: 0.2106 - Train Metric: 0.9207
Epoch 11/50 - Val Metric: 0.9223
Epoch 12/50 - Train Loss: 0.2097 - Train Metric: 0.9217
Epoch 12/50 - Val Metric: 0.9240
Epoch 13/50 - Train Loss: 0.2072 - Train Metric: 0.9242
Epoch 13/50 - Val Metric: 0.9276
Epoch 14/50 - Train Loss: 0.2067 - Train Metric: 0.9239
Epoch 14/50 - Val Metric: 0.9216
Epoch 15/50 - Train Loss: 0.2089 - Train Metric: 0.9225
Epoch 15/50 - Val Metric: 0.9275
Epoch 16/50 - Train Loss: 0.2058 - Train Metric: 0.9254
Epoch 16/50 - Val Metric: 0.9268
Epoch 17/50 - Train Loss: 0.2051 - Train Metric: 0.9260
Epoch 17/50 - Val Metric: 0.9264
Epoch 18/50 - Train Loss: 0.2041 - Train Metric: 0.9269
Epoch 18/50 - Val Metric: 0.9280
Epoch 19/50 - Train Loss: 0.2031 - Train Metric: 0.9274
Epoch 19/50 - Val Metric: 0.9268
Epoch 20/50 - Train Loss: 0.2034 - Train Metric: 0.9275
Epoch 20/50 - Val Metric: 0.9307
Epoch 21/50 - Train Loss: 0.2014 - Train Metric: 0.9293
Epoch 21/50 - Val Metric: 0.9295
Epoch 22/50 - Train Loss: 0.2004 - Train Metric: 0.9302
Epoch 22/50 - Val Metric: 0.9274
Epoch 23/50 - Train Loss: 0.2002 - Train Metric: 0.9302
Epoch 23/50 - Val Metric: 0.9301
Epoch 24/50 - Train Loss: 0.1982 - Train Metric: 0.9319
Epoch 24/50 - Val Metric: 0.9324
Epoch 25/50 - Train Loss: 0.1961 - Train Metric: 0.9337
Epoch 25/50 - Val Metric: 0.9311
Epoch 26/50 - Train Loss: 0.1953 - Train Metric: 0.9345
Epoch 26/50 - Val Metric: 0.9322
Epoch 27/50 - Train Loss: 0.1967 - Train Metric: 0.9334
Epoch 27/50 - Val Metric: 0.9310
Epoch 28/50 - Train Loss: 0.1912 - Train Metric: 0.9374
Epoch 28/50 - Val Metric: 0.9337
Epoch 29/50 - Train Loss: 0.1911 - Train Metric: 0.9377
Epoch 29/50 - Val Metric: 0.9340
Epoch 30/50 - Train Loss: 0.1894 - Train Metric: 0.9389
Epoch 30/50 - Val Metric: 0.9355
Epoch 31/50 - Train Loss: 0.1898 - Train Metric: 0.9388
Epoch 31/50 - Val Metric: 0.9343
Epoch 32/50 - Train Loss: 0.1885 - Train Metric: 0.9396
Epoch 32/50 - Val Metric: 0.9359
Epoch 33/50 - Train Loss: 0.1881 - Train Metric: 0.9399
Epoch 33/50 - Val Metric: 0.9331
Epoch 34/50 - Train Loss: 0.1860 - Train Metric: 0.9412
Epoch 34/50 - Val Metric: 0.9352
Epoch 35/50 - Train Loss: 0.1882 - Train Metric: 0.9396
Epoch 35/50 - Val Metric: 0.9355
Epoch 36/50 - Train Loss: 0.1869 - Train Metric: 0.9406
Epoch 36/50 - Val Metric: 0.9359
Epoch 37/50 - Train Loss: 0.1859 - Train Metric: 0.9418
Epoch 37/50 - Val Metric: 0.9353
Epoch 38/50 - Train Loss: 0.1843 - Train Metric: 0.9425
Epoch 38/50 - Val Metric: 0.9327
Epoch 39/50 - Train Loss: 0.1828 - Train Metric: 0.9437
Epoch 39/50 - Val Metric: 0.9363
Epoch 40/50 - Train Loss: 0.1825 - Train Metric: 0.9440
Epoch 40/50 - Val Metric: 0.9343
Epoch 41/50 - Train Loss: 0.1805 - Train Metric: 0.9452
Epoch 41/50 - Val Metric: 0.9340
Epoch 42/50 - Train Loss: 0.1820 - Train Metric: 0.9444
Epoch 42/50 - Val Metric: 0.9354
Epoch 43/50 - Train Loss: 0.1802 - Train Metric: 0.9456
Epoch 43/50 - Val Metric: 0.9342
Epoch 44/50 - Train Loss: 0.1791 - Train Metric: 0.9466
Epoch 44/50 - Val Metric: 0.9369
Epoch 45/50 - Train Loss: 0.1797 - Train Metric: 0.9459
Epoch 45/50 - Val Metric: 0.9345
Epoch 46/50 - Train Loss: 0.1793 - Train Metric: 0.9463
Epoch 46/50 - Val Metric: 0.9318
Epoch 47/50 - Train Loss: 0.1791 - Train Metric: 0.9465
Epoch 47/50 - Val Metric: 0.9317
Epoch 48/50 - Train Loss: 0.1781 - Train Metric: 0.9469
Epoch 48/50 - Val Metric: 0.9333
Epoch 49/50 - Train Loss: 0.1763 - Train Metric: 0.9480
Epoch 49/50 - Val Metric: 0.9319
Epoch 50/50 - Train Loss: 0.1764 - Train Metric: 0.9481
Epoch 50/50 - Val Metric: 0.9327
Best val: 0.9369, Best test: 0.9341
[0.93841267 0.93113995 0.93596321 0.9307394  0.93411601]
