Start building regression dataset_medium_0
Start building regression dataset_medium_1
Start building regression dataset_medium_2
Start building regression dataset_medium_3
Start building regression dataset_medium_4
Start building regression dataset_medium_5
Training set has 150654 instances
Validation set has 18831 instances
Test set has 18833 instances
Training set has 193280 instances
Validation set has 24160 instances
Test set has 24160 instances
Training set has 43152 instances
Validation set has 5394 instances
Test set has 5394 instances
Training set has 130452 instances
Validation set has 16306 instances
Test set has 16307 instances
Training set has 315439 instances
Validation set has 39429 instances
Test set has 39431 instances
Training set has 41624 instances
Validation set has 5203 instances
Test set has 5204 instances
Train Loss: 0.4435440
Train Loss: 0.2690726
Train Loss: 0.2581766
Train Loss: 0.2539294
Train Loss: 0.2504428
Train Loss: 0.2475465
Train Loss: 0.2453123
Train Loss: 0.2444709
Train Loss: 0.2426806
Train Loss: 0.2408729
Train Loss: 0.2397087
Train Loss: 0.2385054
Train Loss: 0.2370996
Train Loss: 0.2361526
Train Loss: 0.2352252
Train Loss: 0.2337593
Train Loss: 0.2333747
Train Loss: 0.2321482
Train Loss: 0.2310544
Train Loss: 0.2299445
Train Loss: 0.2290883
Train Loss: 0.2280117
Train Loss: 0.2272732
Train Loss: 0.2265561
Train Loss: 0.2256269
Train Loss: 0.2249299
Train Loss: 0.2241481
Train Loss: 0.2236304
Train Loss: 0.2231259
Train Loss: 0.2221330
Train Loss: 0.2216052
Train Loss: 0.2218996
Train Loss: 0.2236391
Train Loss: 0.2215411
Train Loss: 0.2204274
Train Loss: 0.2194349
Train Loss: 0.2189213
Train Loss: 0.2183436
Train Loss: 0.2175306
Train Loss: 0.2171297
Train Loss: 0.2165467
Train Loss: 0.2159949
Train Loss: 0.2153842
Train Loss: 0.2149546
Train Loss: 0.2144689
Train Loss: 0.2138434
Train Loss: 0.2133993
Train Loss: 0.2129106
Train Loss: 0.2126128
Train Loss: 0.2120361
Train Loss: 0.4393622
Train Loss: 0.4387207
Train Loss: 0.4377697
Train Loss: 0.4369800
Train Loss: 0.4361470
Train Loss: 0.4354206
Train Loss: 0.4346982
Train Loss: 0.4340678
Train Loss: 0.4331967
Train Loss: 0.4327044
[Task 0]
Test metric (before finetune): 0.681038
Test metric (after finetune):  0.682719
Result is saved into output/regression/medium/0/TabPerceiverMultiTask_2.pt
Train Loss: 0.0002122
Train Loss: 0.0002028
Train Loss: 0.0002023
Train Loss: 0.0002023
Train Loss: 0.0002021
Train Loss: 0.0002030
Train Loss: 0.0002032
Train Loss: 0.0002028
Train Loss: 0.0002019
Train Loss: 0.0002024
[Task 1]
Test metric (before finetune): 0.021879
Test metric (after finetune):  0.013892
Result is saved into output/regression/medium/1/TabPerceiverMultiTask_2.pt
Train Loss: 0.0097998
Train Loss: 0.0090961
Train Loss: 0.0087859
Train Loss: 0.0085613
Train Loss: 0.0084017
Train Loss: 0.0082761
Train Loss: 0.0082037
Train Loss: 0.0081124
Train Loss: 0.0080419
Train Loss: 0.0079884
[Task 2]
Test metric (before finetune): 0.124351
Test metric (after finetune):  0.097425
Result is saved into output/regression/medium/2/TabPerceiverMultiTask_2.pt
Train Loss: 0.0203399
Train Loss: 0.0202710
Train Loss: 0.0202654
Train Loss: 0.0202650
Train Loss: 0.0202494
Train Loss: 0.0202350
Train Loss: 0.0202369
Train Loss: 0.0202229
Train Loss: 0.0202089
Train Loss: 0.0201985
[Task 3]
Test metric (before finetune): 0.152600
Test metric (after finetune):  0.144081
Result is saved into output/regression/medium/3/TabPerceiverMultiTask_2.pt
Train Loss: 0.2658407
Train Loss: 0.2606604
Train Loss: 0.2588879
Train Loss: 0.2580665
Train Loss: 0.2566359
Train Loss: 0.2559967
Train Loss: 0.2554199
Train Loss: 0.2541860
Train Loss: 0.2534207
Train Loss: 0.2527843
[Task 4]
Test metric (before finetune): 0.550063
Test metric (after finetune):  0.540699
Result is saved into output/regression/medium/4/TabPerceiverMultiTask_2.pt
Train Loss: 0.8014842
Train Loss: 0.8007702
Train Loss: 0.8001588
Train Loss: 0.7996319
Train Loss: 0.8000496
Train Loss: 0.7997394
Train Loss: 0.7997108
Train Loss: 0.7998799
Train Loss: 0.7996060
Train Loss: 0.7995518
[Task 5]
Test metric (before finetune): 0.919636
Test metric (after finetune):  0.919862
Result is saved into output/regression/medium/5/TabPerceiverMultiTask_2.pt
