Hyper-parameter search via Optuna
Namespace(task_type='binary_classification', scale='small', idx=4, epochs=50, num_trials=20, num_repeats=5, seed=0, exp_name='MemPerceiver_ens_l2', result_path='output/binary_classification/small/4/MemPerceiver_ens_l2.pt')
Device: cuda
Start building binary_classification dataset_small_4
Training set has 8462 instances
Validation set has 1057 instances
Test set has 1059 instances
Epoch 1/50 - Train Loss: 0.7062 - Train Metric: 0.4956
Epoch 1/50 - Val Metric: 0.7633
Epoch 2/50 - Train Loss: 0.6965 - Train Metric: 0.5142
Epoch 2/50 - Val Metric: 0.7702
Epoch 3/50 - Train Loss: 0.6999 - Train Metric: 0.4884
Epoch 3/50 - Val Metric: 0.7783
Epoch 4/50 - Train Loss: 0.6955 - Train Metric: 0.5106
Epoch 4/50 - Val Metric: 0.7859
Epoch 5/50 - Train Loss: 0.6954 - Train Metric: 0.5090
Epoch 5/50 - Val Metric: 0.7844
Epoch 6/50 - Train Loss: 0.6945 - Train Metric: 0.5153
Epoch 6/50 - Val Metric: 0.7856
Epoch 7/50 - Train Loss: 0.6860 - Train Metric: 0.5690
Epoch 7/50 - Val Metric: 0.7892
Epoch 8/50 - Train Loss: 0.6566 - Train Metric: 0.6535
Epoch 8/50 - Val Metric: 0.8049
Epoch 9/50 - Train Loss: 0.5972 - Train Metric: 0.7447
Epoch 9/50 - Val Metric: 0.8236
Epoch 10/50 - Train Loss: 0.5535 - Train Metric: 0.7928
Epoch 10/50 - Val Metric: 0.8261
Epoch 11/50 - Train Loss: 0.5442 - Train Metric: 0.8010
Epoch 11/50 - Val Metric: 0.8267
Epoch 12/50 - Train Loss: 0.5353 - Train Metric: 0.8099
Epoch 12/50 - Val Metric: 0.8266
Epoch 13/50 - Train Loss: 0.5314 - Train Metric: 0.8123
Epoch 13/50 - Val Metric: 0.8270
Epoch 14/50 - Train Loss: 0.5296 - Train Metric: 0.8136
Epoch 14/50 - Val Metric: 0.8269
Epoch 15/50 - Train Loss: 0.5245 - Train Metric: 0.8178
Epoch 15/50 - Val Metric: 0.8271
Epoch 16/50 - Train Loss: 0.5261 - Train Metric: 0.8163
Epoch 16/50 - Val Metric: 0.8267
Epoch 17/50 - Train Loss: 0.5215 - Train Metric: 0.8200
Epoch 17/50 - Val Metric: 0.8273
Epoch 18/50 - Train Loss: 0.5200 - Train Metric: 0.8213
Epoch 18/50 - Val Metric: 0.8272
Epoch 19/50 - Train Loss: 0.5199 - Train Metric: 0.8215
Epoch 19/50 - Val Metric: 0.8275
Epoch 20/50 - Train Loss: 0.5185 - Train Metric: 0.8224
Epoch 20/50 - Val Metric: 0.8276
Epoch 21/50 - Train Loss: 0.5172 - Train Metric: 0.8231
Epoch 21/50 - Val Metric: 0.8281
Epoch 22/50 - Train Loss: 0.5196 - Train Metric: 0.8211
Epoch 22/50 - Val Metric: 0.8274
Epoch 23/50 - Train Loss: 0.5182 - Train Metric: 0.8223
Epoch 23/50 - Val Metric: 0.8256
Epoch 24/50 - Train Loss: 0.5157 - Train Metric: 0.8246
Epoch 24/50 - Val Metric: 0.8283
Epoch 25/50 - Train Loss: 0.5122 - Train Metric: 0.8268
Epoch 25/50 - Val Metric: 0.8264
Epoch 26/50 - Train Loss: 0.5155 - Train Metric: 0.8247
Epoch 26/50 - Val Metric: 0.8288
Epoch 27/50 - Train Loss: 0.5132 - Train Metric: 0.8261
Epoch 27/50 - Val Metric: 0.8288
Epoch 28/50 - Train Loss: 0.5106 - Train Metric: 0.8282
Epoch 28/50 - Val Metric: 0.8295
Epoch 29/50 - Train Loss: 0.5114 - Train Metric: 0.8277
Epoch 29/50 - Val Metric: 0.8289
Epoch 30/50 - Train Loss: 0.5144 - Train Metric: 0.8256
Epoch 30/50 - Val Metric: 0.8296
Epoch 31/50 - Train Loss: 0.5101 - Train Metric: 0.8282
Epoch 31/50 - Val Metric: 0.8284
Epoch 32/50 - Train Loss: 0.5110 - Train Metric: 0.8279
Epoch 32/50 - Val Metric: 0.8297
Epoch 33/50 - Train Loss: 0.5106 - Train Metric: 0.8281
Epoch 33/50 - Val Metric: 0.8304
Epoch 34/50 - Train Loss: 0.5074 - Train Metric: 0.8305
Epoch 34/50 - Val Metric: 0.8308
Epoch 35/50 - Train Loss: 0.5092 - Train Metric: 0.8295
Epoch 35/50 - Val Metric: 0.8308
Epoch 36/50 - Train Loss: 0.5100 - Train Metric: 0.8282
Epoch 36/50 - Val Metric: 0.8308
Epoch 37/50 - Train Loss: 0.5069 - Train Metric: 0.8314
Epoch 37/50 - Val Metric: 0.8317
Epoch 38/50 - Train Loss: 0.5088 - Train Metric: 0.8297
Epoch 38/50 - Val Metric: 0.8313
Epoch 39/50 - Train Loss: 0.5089 - Train Metric: 0.8292
Epoch 39/50 - Val Metric: 0.8317
Epoch 40/50 - Train Loss: 0.5071 - Train Metric: 0.8308
Epoch 40/50 - Val Metric: 0.8322
Epoch 41/50 - Train Loss: 0.5078 - Train Metric: 0.8304
Epoch 41/50 - Val Metric: 0.8320
Epoch 42/50 - Train Loss: 0.5011 - Train Metric: 0.8352
Epoch 42/50 - Val Metric: 0.8323
Epoch 43/50 - Train Loss: 0.5046 - Train Metric: 0.8329
Epoch 43/50 - Val Metric: 0.8327
Epoch 44/50 - Train Loss: 0.5042 - Train Metric: 0.8335
Epoch 44/50 - Val Metric: 0.8330
Epoch 45/50 - Train Loss: 0.5026 - Train Metric: 0.8345
Epoch 45/50 - Val Metric: 0.8331
Epoch 46/50 - Train Loss: 0.5055 - Train Metric: 0.8324
Epoch 46/50 - Val Metric: 0.8337
Epoch 47/50 - Train Loss: 0.5070 - Train Metric: 0.8311
Epoch 47/50 - Val Metric: 0.8334
Epoch 48/50 - Train Loss: 0.5017 - Train Metric: 0.8350
Epoch 48/50 - Val Metric: 0.8342
Epoch 49/50 - Train Loss: 0.5027 - Train Metric: 0.8346
Epoch 49/50 - Val Metric: 0.8349
Epoch 50/50 - Train Loss: 0.5011 - Train Metric: 0.8352
Epoch 50/50 - Val Metric: 0.8348
Best val: 0.8349, Best test: 0.8476
Training set has 8462 instances
Validation set has 1057 instances
Test set has 1059 instances
Epoch 1/50 - Train Loss: 0.9677 - Train Metric: 0.4905
Epoch 1/50 - Val Metric: 0.2712
Epoch 2/50 - Train Loss: 0.6966 - Train Metric: 0.5060
Epoch 2/50 - Val Metric: 0.6566
Epoch 3/50 - Train Loss: 0.6947 - Train Metric: 0.4960
Epoch 3/50 - Val Metric: 0.6771
Epoch 4/50 - Train Loss: 0.6966 - Train Metric: 0.5070
Epoch 4/50 - Val Metric: 0.6900
Epoch 5/50 - Train Loss: 0.6958 - Train Metric: 0.4957
Epoch 5/50 - Val Metric: 0.7035
Epoch 6/50 - Train Loss: 0.6955 - Train Metric: 0.4972
Epoch 6/50 - Val Metric: 0.7097
Epoch 7/50 - Train Loss: 0.6950 - Train Metric: 0.5016
Epoch 7/50 - Val Metric: 0.7166
Epoch 8/50 - Train Loss: 0.6936 - Train Metric: 0.5114
Epoch 8/50 - Val Metric: 0.7240
Epoch 9/50 - Train Loss: 0.6953 - Train Metric: 0.4973
Epoch 9/50 - Val Metric: 0.7288
Epoch 10/50 - Train Loss: 0.6938 - Train Metric: 0.5000
Epoch 10/50 - Val Metric: 0.7353
Epoch 11/50 - Train Loss: 0.6943 - Train Metric: 0.4830
Epoch 11/50 - Val Metric: 0.7349
Epoch 12/50 - Train Loss: 0.6950 - Train Metric: 0.4953
Epoch 12/50 - Val Metric: 0.7404
Epoch 13/50 - Train Loss: 0.6954 - Train Metric: 0.4946
Epoch 13/50 - Val Metric: 0.7446
Epoch 14/50 - Train Loss: 0.6980 - Train Metric: 0.5060
Epoch 14/50 - Val Metric: 0.7467
Epoch 15/50 - Train Loss: 0.6949 - Train Metric: 0.4927
Epoch 15/50 - Val Metric: 0.7473
Epoch 16/50 - Train Loss: 0.6948 - Train Metric: 0.5054
Epoch 16/50 - Val Metric: 0.7487
Epoch 17/50 - Train Loss: 0.6981 - Train Metric: 0.4890
Epoch 17/50 - Val Metric: 0.7521
Epoch 18/50 - Train Loss: 0.6952 - Train Metric: 0.4984
Epoch 18/50 - Val Metric: 0.7536
Epoch 19/50 - Train Loss: 0.6943 - Train Metric: 0.4974
Epoch 19/50 - Val Metric: 0.7540
Epoch 20/50 - Train Loss: 0.6938 - Train Metric: 0.5023
Epoch 20/50 - Val Metric: 0.7558
Epoch 21/50 - Train Loss: 0.6947 - Train Metric: 0.4947
Epoch 21/50 - Val Metric: 0.7579
Epoch 22/50 - Train Loss: 0.6944 - Train Metric: 0.5043
Epoch 22/50 - Val Metric: 0.7591
Epoch 23/50 - Train Loss: 0.6941 - Train Metric: 0.4914
Epoch 23/50 - Val Metric: 0.7615
Epoch 24/50 - Train Loss: 0.6938 - Train Metric: 0.4950
Epoch 24/50 - Val Metric: 0.7616
Epoch 25/50 - Train Loss: 0.6940 - Train Metric: 0.5065
Epoch 25/50 - Val Metric: 0.7641
Epoch 26/50 - Train Loss: 0.6938 - Train Metric: 0.4990
Epoch 26/50 - Val Metric: 0.7657
Epoch 27/50 - Train Loss: 0.6943 - Train Metric: 0.5028
Epoch 27/50 - Val Metric: 0.7668
Epoch 28/50 - Train Loss: 0.6945 - Train Metric: 0.5003
Epoch 28/50 - Val Metric: 0.7690
Epoch 29/50 - Train Loss: 0.6950 - Train Metric: 0.5022
Epoch 29/50 - Val Metric: 0.7709
Epoch 30/50 - Train Loss: 0.6932 - Train Metric: 0.5056
Epoch 30/50 - Val Metric: 0.7740
Epoch 31/50 - Train Loss: 0.6938 - Train Metric: 0.5051
Epoch 31/50 - Val Metric: 0.7810
Epoch 32/50 - Train Loss: 0.6963 - Train Metric: 0.4984
Epoch 32/50 - Val Metric: 0.8017
Epoch 33/50 - Train Loss: 0.6944 - Train Metric: 0.5043
Epoch 33/50 - Val Metric: 0.8023
Epoch 34/50 - Train Loss: 0.6935 - Train Metric: 0.5030
Epoch 34/50 - Val Metric: 0.8010
Epoch 35/50 - Train Loss: 0.6938 - Train Metric: 0.4910
Epoch 35/50 - Val Metric: 0.8010
Epoch 36/50 - Train Loss: 0.6941 - Train Metric: 0.5053
Epoch 36/50 - Val Metric: 0.8010
Epoch 37/50 - Train Loss: 0.6943 - Train Metric: 0.4985
Epoch 37/50 - Val Metric: 0.8018
Epoch 38/50 - Train Loss: 0.6938 - Train Metric: 0.4987
Epoch 38/50 - Val Metric: 0.8013
Epoch 39/50 - Train Loss: 0.6934 - Train Metric: 0.5066
Epoch 39/50 - Val Metric: 0.8014
Epoch 40/50 - Train Loss: 0.6937 - Train Metric: 0.5079
Epoch 40/50 - Val Metric: 0.8012
Epoch 41/50 - Train Loss: 0.6938 - Train Metric: 0.4993
Epoch 41/50 - Val Metric: 0.8012
Epoch 42/50 - Train Loss: 0.6939 - Train Metric: 0.4930
Epoch 42/50 - Val Metric: 0.8015
Epoch 43/50 - Train Loss: 0.6938 - Train Metric: 0.5039
Epoch 43/50 - Val Metric: 0.8013
Epoch 44/50 - Train Loss: 0.6937 - Train Metric: 0.4994
Epoch 44/50 - Val Metric: 0.8011
Epoch 45/50 - Train Loss: 0.6937 - Train Metric: 0.4960
Epoch 45/50 - Val Metric: 0.8015
Epoch 46/50 - Train Loss: 0.6941 - Train Metric: 0.5119
Epoch 46/50 - Val Metric: 0.8016
Epoch 47/50 - Train Loss: 0.6936 - Train Metric: 0.4902
Epoch 47/50 - Val Metric: 0.8007
Epoch 48/50 - Train Loss: 0.6934 - Train Metric: 0.4983
Epoch 48/50 - Val Metric: 0.8017
Epoch 49/50 - Train Loss: 0.6934 - Train Metric: 0.4942
Epoch 49/50 - Val Metric: 0.8021
Epoch 50/50 - Train Loss: 0.6935 - Train Metric: 0.4936
Epoch 50/50 - Val Metric: 0.8020
Best val: 0.8023, Best test: 0.8313
Training set has 8462 instances
Validation set has 1057 instances
Test set has 1059 instances
Epoch 1/50 - Train Loss: 0.6996 - Train Metric: 0.5016
Epoch 1/50 - Val Metric: 0.7675
Epoch 2/50 - Train Loss: 0.6959 - Train Metric: 0.5094
Epoch 2/50 - Val Metric: 0.7653
Epoch 3/50 - Train Loss: 0.6960 - Train Metric: 0.5070
Epoch 3/50 - Val Metric: 0.7702
Epoch 4/50 - Train Loss: 0.6957 - Train Metric: 0.5077
Epoch 4/50 - Val Metric: 0.7673
Epoch 5/50 - Train Loss: 0.6921 - Train Metric: 0.5323
Epoch 5/50 - Val Metric: 0.7653
Epoch 6/50 - Train Loss: 0.6841 - Train Metric: 0.5784
Epoch 6/50 - Val Metric: 0.7657
Epoch 7/50 - Train Loss: 0.6502 - Train Metric: 0.6762
Epoch 7/50 - Val Metric: 0.7717
Epoch 8/50 - Train Loss: 0.6131 - Train Metric: 0.7267
Epoch 8/50 - Val Metric: 0.7762
Epoch 9/50 - Train Loss: 0.6026 - Train Metric: 0.7410
Epoch 9/50 - Val Metric: 0.7853
Epoch 10/50 - Train Loss: 0.5925 - Train Metric: 0.7536
Epoch 10/50 - Val Metric: 0.7906
Epoch 11/50 - Train Loss: 0.5757 - Train Metric: 0.7703
Epoch 11/50 - Val Metric: 0.7996
Epoch 12/50 - Train Loss: 0.5672 - Train Metric: 0.7805
Epoch 12/50 - Val Metric: 0.7969
Epoch 13/50 - Train Loss: 0.5664 - Train Metric: 0.7811
Epoch 13/50 - Val Metric: 0.8024
Epoch 14/50 - Train Loss: 0.5562 - Train Metric: 0.7928
Epoch 14/50 - Val Metric: 0.8119
Epoch 15/50 - Train Loss: 0.5606 - Train Metric: 0.7868
Epoch 15/50 - Val Metric: 0.8181
Epoch 16/50 - Train Loss: 0.5585 - Train Metric: 0.7882
Epoch 16/50 - Val Metric: 0.8197
Epoch 17/50 - Train Loss: 0.5514 - Train Metric: 0.7967
Epoch 17/50 - Val Metric: 0.8207
Epoch 18/50 - Train Loss: 0.5520 - Train Metric: 0.7958
Epoch 18/50 - Val Metric: 0.8215
Epoch 19/50 - Train Loss: 0.5474 - Train Metric: 0.8001
Epoch 19/50 - Val Metric: 0.8221
Epoch 20/50 - Train Loss: 0.5472 - Train Metric: 0.8003
Epoch 20/50 - Val Metric: 0.8221
Epoch 21/50 - Train Loss: 0.5446 - Train Metric: 0.8023
Epoch 21/50 - Val Metric: 0.8231
Epoch 22/50 - Train Loss: 0.5512 - Train Metric: 0.7974
Epoch 22/50 - Val Metric: 0.8229
Epoch 23/50 - Train Loss: 0.5409 - Train Metric: 0.8061
Epoch 23/50 - Val Metric: 0.8232
Epoch 24/50 - Train Loss: 0.5478 - Train Metric: 0.7989
Epoch 24/50 - Val Metric: 0.8236
Epoch 25/50 - Train Loss: 0.5464 - Train Metric: 0.7998
Epoch 25/50 - Val Metric: 0.8236
Epoch 26/50 - Train Loss: 0.5390 - Train Metric: 0.8076
Epoch 26/50 - Val Metric: 0.8240
Epoch 27/50 - Train Loss: 0.5408 - Train Metric: 0.8060
Epoch 27/50 - Val Metric: 0.8238
Epoch 28/50 - Train Loss: 0.5432 - Train Metric: 0.8034
Epoch 28/50 - Val Metric: 0.8241
Epoch 29/50 - Train Loss: 0.5449 - Train Metric: 0.8014
Epoch 29/50 - Val Metric: 0.8241
Epoch 30/50 - Train Loss: 0.5419 - Train Metric: 0.8053
Epoch 30/50 - Val Metric: 0.8243
Epoch 31/50 - Train Loss: 0.5398 - Train Metric: 0.8063
Epoch 31/50 - Val Metric: 0.8243
Epoch 32/50 - Train Loss: 0.5394 - Train Metric: 0.8067
Epoch 32/50 - Val Metric: 0.8243
Epoch 33/50 - Train Loss: 0.5353 - Train Metric: 0.8108
Epoch 33/50 - Val Metric: 0.8243
Epoch 34/50 - Train Loss: 0.5408 - Train Metric: 0.8059
Epoch 34/50 - Val Metric: 0.8245
Epoch 35/50 - Train Loss: 0.5420 - Train Metric: 0.8049
Epoch 35/50 - Val Metric: 0.8246
Epoch 36/50 - Train Loss: 0.5388 - Train Metric: 0.8079
Epoch 36/50 - Val Metric: 0.8246
Epoch 37/50 - Train Loss: 0.5387 - Train Metric: 0.8069
Epoch 37/50 - Val Metric: 0.8245
Epoch 38/50 - Train Loss: 0.5360 - Train Metric: 0.8095
Epoch 38/50 - Val Metric: 0.8245
Epoch 39/50 - Train Loss: 0.5420 - Train Metric: 0.8048
Epoch 39/50 - Val Metric: 0.8245
Epoch 40/50 - Train Loss: 0.5404 - Train Metric: 0.8065
Epoch 40/50 - Val Metric: 0.8247
Epoch 41/50 - Train Loss: 0.5381 - Train Metric: 0.8088
Epoch 41/50 - Val Metric: 0.8246
Epoch 42/50 - Train Loss: 0.5396 - Train Metric: 0.8066
Epoch 42/50 - Val Metric: 0.8246
Epoch 43/50 - Train Loss: 0.5397 - Train Metric: 0.8067
Epoch 43/50 - Val Metric: 0.8247
Epoch 44/50 - Train Loss: 0.5376 - Train Metric: 0.8078
Epoch 44/50 - Val Metric: 0.8246
Epoch 45/50 - Train Loss: 0.5389 - Train Metric: 0.8065
Epoch 45/50 - Val Metric: 0.8247
Epoch 46/50 - Train Loss: 0.5400 - Train Metric: 0.8068
Epoch 46/50 - Val Metric: 0.8246
Epoch 47/50 - Train Loss: 0.5368 - Train Metric: 0.8096
Epoch 47/50 - Val Metric: 0.8247
Epoch 48/50 - Train Loss: 0.5372 - Train Metric: 0.8090
Epoch 48/50 - Val Metric: 0.8249
Epoch 49/50 - Train Loss: 0.5364 - Train Metric: 0.8089
Epoch 49/50 - Val Metric: 0.8247
Epoch 50/50 - Train Loss: 0.5392 - Train Metric: 0.8076
Epoch 50/50 - Val Metric: 0.8247
Best val: 0.8249, Best test: 0.8285
Training set has 8462 instances
Validation set has 1057 instances
Test set has 1059 instances
Epoch 1/50 - Train Loss: 0.7036 - Train Metric: 0.4979
Epoch 1/50 - Val Metric: 0.6908
Epoch 2/50 - Train Loss: 0.6964 - Train Metric: 0.4979
Epoch 2/50 - Val Metric: 0.7254
Epoch 3/50 - Train Loss: 0.6954 - Train Metric: 0.5007
Epoch 3/50 - Val Metric: 0.7587
Epoch 4/50 - Train Loss: 0.6951 - Train Metric: 0.5036
Epoch 4/50 - Val Metric: 0.7627
Epoch 5/50 - Train Loss: 0.6947 - Train Metric: 0.5014
Epoch 5/50 - Val Metric: 0.7780
Epoch 6/50 - Train Loss: 0.6943 - Train Metric: 0.5062
Epoch 6/50 - Val Metric: 0.7830
Epoch 7/50 - Train Loss: 0.6938 - Train Metric: 0.5087
Epoch 7/50 - Val Metric: 0.7819
Epoch 8/50 - Train Loss: 0.6934 - Train Metric: 0.5149
Epoch 8/50 - Val Metric: 0.7877
Epoch 9/50 - Train Loss: 0.6929 - Train Metric: 0.5227
Epoch 9/50 - Val Metric: 0.7966
Epoch 10/50 - Train Loss: 0.6909 - Train Metric: 0.5410
Epoch 10/50 - Val Metric: 0.7996
Epoch 11/50 - Train Loss: 0.6826 - Train Metric: 0.5855
Epoch 11/50 - Val Metric: 0.8033
Epoch 12/50 - Train Loss: 0.6652 - Train Metric: 0.6365
Epoch 12/50 - Val Metric: 0.8093
Epoch 13/50 - Train Loss: 0.6429 - Train Metric: 0.6808
Epoch 13/50 - Val Metric: 0.8173
Epoch 14/50 - Train Loss: 0.6155 - Train Metric: 0.7242
Epoch 14/50 - Val Metric: 0.8273
Epoch 15/50 - Train Loss: 0.6030 - Train Metric: 0.7376
Epoch 15/50 - Val Metric: 0.8303
Epoch 16/50 - Train Loss: 0.5802 - Train Metric: 0.7656
Epoch 16/50 - Val Metric: 0.8332
Epoch 17/50 - Train Loss: 0.5694 - Train Metric: 0.7785
Epoch 17/50 - Val Metric: 0.8339
Epoch 18/50 - Train Loss: 0.5556 - Train Metric: 0.7921
Epoch 18/50 - Val Metric: 0.8341
Epoch 19/50 - Train Loss: 0.5550 - Train Metric: 0.7920
Epoch 19/50 - Val Metric: 0.8344
Epoch 20/50 - Train Loss: 0.5492 - Train Metric: 0.7982
Epoch 20/50 - Val Metric: 0.8339
Epoch 21/50 - Train Loss: 0.5508 - Train Metric: 0.7953
Epoch 21/50 - Val Metric: 0.8341
Epoch 22/50 - Train Loss: 0.5433 - Train Metric: 0.8033
Epoch 22/50 - Val Metric: 0.8341
Epoch 23/50 - Train Loss: 0.5441 - Train Metric: 0.8016
Epoch 23/50 - Val Metric: 0.8339
Epoch 24/50 - Train Loss: 0.5422 - Train Metric: 0.8027
Epoch 24/50 - Val Metric: 0.8338
Epoch 25/50 - Train Loss: 0.5436 - Train Metric: 0.8018
Epoch 25/50 - Val Metric: 0.8340
Epoch 26/50 - Train Loss: 0.5414 - Train Metric: 0.8040
Epoch 26/50 - Val Metric: 0.8339
Epoch 27/50 - Train Loss: 0.5404 - Train Metric: 0.8048
Epoch 27/50 - Val Metric: 0.8341
Epoch 28/50 - Train Loss: 0.5349 - Train Metric: 0.8101
Epoch 28/50 - Val Metric: 0.8340
Epoch 29/50 - Train Loss: 0.5376 - Train Metric: 0.8066
Epoch 29/50 - Val Metric: 0.8339
Epoch 30/50 - Train Loss: 0.5339 - Train Metric: 0.8110
Epoch 30/50 - Val Metric: 0.8341
Epoch 31/50 - Train Loss: 0.5347 - Train Metric: 0.8096
Epoch 31/50 - Val Metric: 0.8343
Epoch 32/50 - Train Loss: 0.5344 - Train Metric: 0.8101
Epoch 32/50 - Val Metric: 0.8341
Epoch 33/50 - Train Loss: 0.5361 - Train Metric: 0.8087
Epoch 33/50 - Val Metric: 0.8341
Epoch 34/50 - Train Loss: 0.5343 - Train Metric: 0.8097
Epoch 34/50 - Val Metric: 0.8341
Epoch 35/50 - Train Loss: 0.5343 - Train Metric: 0.8096
Epoch 35/50 - Val Metric: 0.8345
Epoch 36/50 - Train Loss: 0.5344 - Train Metric: 0.8097
Epoch 36/50 - Val Metric: 0.8340
Epoch 37/50 - Train Loss: 0.5353 - Train Metric: 0.8091
Epoch 37/50 - Val Metric: 0.8345
Epoch 38/50 - Train Loss: 0.5318 - Train Metric: 0.8123
Epoch 38/50 - Val Metric: 0.8341
Epoch 39/50 - Train Loss: 0.5290 - Train Metric: 0.8148
Epoch 39/50 - Val Metric: 0.8340
Epoch 40/50 - Train Loss: 0.5313 - Train Metric: 0.8121
Epoch 40/50 - Val Metric: 0.8342
Epoch 41/50 - Train Loss: 0.5317 - Train Metric: 0.8121
Epoch 41/50 - Val Metric: 0.8342
Epoch 42/50 - Train Loss: 0.5304 - Train Metric: 0.8132
Epoch 42/50 - Val Metric: 0.8341
Epoch 43/50 - Train Loss: 0.5364 - Train Metric: 0.8080
Epoch 43/50 - Val Metric: 0.8342
Epoch 44/50 - Train Loss: 0.5321 - Train Metric: 0.8115
Epoch 44/50 - Val Metric: 0.8343
Epoch 45/50 - Train Loss: 0.5285 - Train Metric: 0.8148
Epoch 45/50 - Val Metric: 0.8342
Epoch 46/50 - Train Loss: 0.5325 - Train Metric: 0.8118
Epoch 46/50 - Val Metric: 0.8345
Epoch 47/50 - Train Loss: 0.5293 - Train Metric: 0.8143
Epoch 47/50 - Val Metric: 0.8343
Epoch 48/50 - Train Loss: 0.5312 - Train Metric: 0.8122
Epoch 48/50 - Val Metric: 0.8344
Epoch 49/50 - Train Loss: 0.5326 - Train Metric: 0.8111
Epoch 49/50 - Val Metric: 0.8343
Epoch 50/50 - Train Loss: 0.5280 - Train Metric: 0.8153
Epoch 50/50 - Val Metric: 0.8344
Best val: 0.8345, Best test: 0.8085
Training set has 8462 instances
Validation set has 1057 instances
Test set has 1059 instances
Epoch 1/50 - Train Loss: 0.7044 - Train Metric: 0.4985
Epoch 1/50 - Val Metric: 0.6925
Epoch 2/50 - Train Loss: 0.6931 - Train Metric: 0.4881
Epoch 2/50 - Val Metric: 0.7536
Epoch 3/50 - Train Loss: 0.6943 - Train Metric: 0.5079
Epoch 3/50 - Val Metric: 0.7686
Epoch 4/50 - Train Loss: 0.6943 - Train Metric: 0.5046
Epoch 4/50 - Val Metric: 0.7612
Epoch 5/50 - Train Loss: 0.6936 - Train Metric: 0.5193
Epoch 5/50 - Val Metric: 0.7599
Epoch 6/50 - Train Loss: 0.6932 - Train Metric: 0.5063
Epoch 6/50 - Val Metric: 0.7541
Epoch 7/50 - Train Loss: 0.6933 - Train Metric: 0.5105
Epoch 7/50 - Val Metric: 0.7520
Epoch 8/50 - Train Loss: 0.6935 - Train Metric: 0.5043
Epoch 8/50 - Val Metric: 0.7496
Epoch 9/50 - Train Loss: 0.6729 - Train Metric: 0.5897
Epoch 9/50 - Val Metric: 0.7785
Epoch 10/50 - Train Loss: 0.5561 - Train Metric: 0.7840
Epoch 10/50 - Val Metric: 0.8236
Epoch 11/50 - Train Loss: 0.5226 - Train Metric: 0.8186
Epoch 11/50 - Val Metric: 0.8361
Epoch 12/50 - Train Loss: 0.5121 - Train Metric: 0.8265
Epoch 12/50 - Val Metric: 0.8378
Epoch 13/50 - Train Loss: 0.5072 - Train Metric: 0.8292
Epoch 13/50 - Val Metric: 0.8383
Epoch 14/50 - Train Loss: 0.5036 - Train Metric: 0.8324
Epoch 14/50 - Val Metric: 0.8384
Epoch 15/50 - Train Loss: 0.5062 - Train Metric: 0.8305
Epoch 15/50 - Val Metric: 0.8391
Epoch 16/50 - Train Loss: 0.5019 - Train Metric: 0.8336
Epoch 16/50 - Val Metric: 0.8392
Epoch 17/50 - Train Loss: 0.4999 - Train Metric: 0.8346
Epoch 17/50 - Val Metric: 0.8396
Epoch 18/50 - Train Loss: 0.5023 - Train Metric: 0.8333
Epoch 18/50 - Val Metric: 0.8399
Epoch 19/50 - Train Loss: 0.5005 - Train Metric: 0.8345
Epoch 19/50 - Val Metric: 0.8399
Epoch 20/50 - Train Loss: 0.4988 - Train Metric: 0.8356
Epoch 20/50 - Val Metric: 0.8400
Epoch 21/50 - Train Loss: 0.5023 - Train Metric: 0.8330
Epoch 21/50 - Val Metric: 0.8404
Epoch 22/50 - Train Loss: 0.5003 - Train Metric: 0.8348
Epoch 22/50 - Val Metric: 0.8404
Epoch 23/50 - Train Loss: 0.4981 - Train Metric: 0.8361
Epoch 23/50 - Val Metric: 0.8405
Epoch 24/50 - Train Loss: 0.4981 - Train Metric: 0.8364
Epoch 24/50 - Val Metric: 0.8405
Epoch 25/50 - Train Loss: 0.4981 - Train Metric: 0.8363
Epoch 25/50 - Val Metric: 0.8407
Epoch 26/50 - Train Loss: 0.4973 - Train Metric: 0.8368
Epoch 26/50 - Val Metric: 0.8406
Epoch 27/50 - Train Loss: 0.4969 - Train Metric: 0.8372
Epoch 27/50 - Val Metric: 0.8407
Epoch 28/50 - Train Loss: 0.4971 - Train Metric: 0.8371
Epoch 28/50 - Val Metric: 0.8410
Epoch 29/50 - Train Loss: 0.4971 - Train Metric: 0.8372
Epoch 29/50 - Val Metric: 0.8408
Epoch 30/50 - Train Loss: 0.4957 - Train Metric: 0.8380
Epoch 30/50 - Val Metric: 0.8410
Epoch 31/50 - Train Loss: 0.4959 - Train Metric: 0.8378
Epoch 31/50 - Val Metric: 0.8409
Epoch 32/50 - Train Loss: 0.4964 - Train Metric: 0.8376
Epoch 32/50 - Val Metric: 0.8415
Epoch 33/50 - Train Loss: 0.4956 - Train Metric: 0.8380
Epoch 33/50 - Val Metric: 0.8412
Epoch 34/50 - Train Loss: 0.4955 - Train Metric: 0.8382
Epoch 34/50 - Val Metric: 0.8414
Epoch 35/50 - Train Loss: 0.4960 - Train Metric: 0.8379
Epoch 35/50 - Val Metric: 0.8417
Epoch 36/50 - Train Loss: 0.4949 - Train Metric: 0.8388
Epoch 36/50 - Val Metric: 0.8413
Epoch 37/50 - Train Loss: 0.4952 - Train Metric: 0.8385
Epoch 37/50 - Val Metric: 0.8417
Epoch 38/50 - Train Loss: 0.4950 - Train Metric: 0.8387
Epoch 38/50 - Val Metric: 0.8416
Epoch 39/50 - Train Loss: 0.4949 - Train Metric: 0.8387
Epoch 39/50 - Val Metric: 0.8415
Epoch 40/50 - Train Loss: 0.4948 - Train Metric: 0.8388
Epoch 40/50 - Val Metric: 0.8418
Epoch 41/50 - Train Loss: 0.4947 - Train Metric: 0.8388
Epoch 41/50 - Val Metric: 0.8417
Epoch 42/50 - Train Loss: 0.4946 - Train Metric: 0.8389
Epoch 42/50 - Val Metric: 0.8420
Epoch 43/50 - Train Loss: 0.4940 - Train Metric: 0.8395
Epoch 43/50 - Val Metric: 0.8416
Epoch 44/50 - Train Loss: 0.4948 - Train Metric: 0.8388
Epoch 44/50 - Val Metric: 0.8416
Epoch 45/50 - Train Loss: 0.4943 - Train Metric: 0.8392
Epoch 45/50 - Val Metric: 0.8421
Epoch 46/50 - Train Loss: 0.4947 - Train Metric: 0.8390
Epoch 46/50 - Val Metric: 0.8417
Epoch 47/50 - Train Loss: 0.4943 - Train Metric: 0.8392
Epoch 47/50 - Val Metric: 0.8419
Epoch 48/50 - Train Loss: 0.4944 - Train Metric: 0.8391
Epoch 48/50 - Val Metric: 0.8417
Epoch 49/50 - Train Loss: 0.4940 - Train Metric: 0.8394
Epoch 49/50 - Val Metric: 0.8418
Epoch 50/50 - Train Loss: 0.4939 - Train Metric: 0.8395
Epoch 50/50 - Val Metric: 0.8416
Best val: 0.8421, Best test: 0.8249
Training set has 8462 instances
Validation set has 1057 instances
Test set has 1059 instances
Epoch 1/50 - Train Loss: 0.7582 - Train Metric: 0.4902
Epoch 1/50 - Val Metric: 0.7538
Epoch 2/50 - Train Loss: 0.6968 - Train Metric: 0.5024
Epoch 2/50 - Val Metric: 0.7773
Epoch 3/50 - Train Loss: 0.6986 - Train Metric: 0.4967
Epoch 3/50 - Val Metric: 0.7974
Epoch 4/50 - Train Loss: 0.6963 - Train Metric: 0.5072
Epoch 4/50 - Val Metric: 0.7857
Epoch 5/50 - Train Loss: 0.6961 - Train Metric: 0.4998
Epoch 5/50 - Val Metric: 0.8048
Epoch 6/50 - Train Loss: 0.6995 - Train Metric: 0.4960
Epoch 6/50 - Val Metric: 0.8053
Epoch 7/50 - Train Loss: 0.6985 - Train Metric: 0.5046
Epoch 7/50 - Val Metric: 0.8161
Epoch 8/50 - Train Loss: 0.6958 - Train Metric: 0.4901
Epoch 8/50 - Val Metric: 0.8169
Epoch 9/50 - Train Loss: 0.6961 - Train Metric: 0.5040
Epoch 9/50 - Val Metric: 0.8154
Epoch 10/50 - Train Loss: 0.6942 - Train Metric: 0.5036
Epoch 10/50 - Val Metric: 0.8173
Epoch 11/50 - Train Loss: 0.6939 - Train Metric: 0.4956
Epoch 11/50 - Val Metric: 0.8168
Epoch 12/50 - Train Loss: 0.6948 - Train Metric: 0.4989
Epoch 12/50 - Val Metric: 0.8177
Epoch 13/50 - Train Loss: 0.6934 - Train Metric: 0.5074
Epoch 13/50 - Val Metric: 0.8159
Training set has 8462 instances
Validation set has 1057 instances
Test set has 1059 instances
Epoch 1/50 - Train Loss: 0.6969 - Train Metric: 0.4975
Epoch 1/50 - Val Metric: 0.7701
Epoch 2/50 - Train Loss: 0.6930 - Train Metric: 0.5225
Epoch 2/50 - Val Metric: 0.7704
Epoch 3/50 - Train Loss: 0.6947 - Train Metric: 0.5078
Epoch 3/50 - Val Metric: 0.7860
Epoch 4/50 - Train Loss: 0.6938 - Train Metric: 0.5131
Epoch 4/50 - Val Metric: 0.7902
Epoch 5/50 - Train Loss: 0.6928 - Train Metric: 0.5262
Epoch 5/50 - Val Metric: 0.7931
Epoch 6/50 - Train Loss: 0.6888 - Train Metric: 0.5514
Epoch 6/50 - Val Metric: 0.7996
Epoch 7/50 - Train Loss: 0.6802 - Train Metric: 0.5909
Epoch 7/50 - Val Metric: 0.8102
Epoch 8/50 - Train Loss: 0.6581 - Train Metric: 0.6511
Epoch 8/50 - Val Metric: 0.8251
Epoch 9/50 - Train Loss: 0.6213 - Train Metric: 0.7150
Epoch 9/50 - Val Metric: 0.8405
Epoch 10/50 - Train Loss: 0.5845 - Train Metric: 0.7625
Epoch 10/50 - Val Metric: 0.8491
Epoch 11/50 - Train Loss: 0.5605 - Train Metric: 0.7869
Epoch 11/50 - Val Metric: 0.8543
Epoch 12/50 - Train Loss: 0.5482 - Train Metric: 0.7979
Epoch 12/50 - Val Metric: 0.8550
Epoch 13/50 - Train Loss: 0.5404 - Train Metric: 0.8047
Epoch 13/50 - Val Metric: 0.8516
Epoch 14/50 - Train Loss: 0.5402 - Train Metric: 0.8041
Epoch 14/50 - Val Metric: 0.8518
Epoch 15/50 - Train Loss: 0.5396 - Train Metric: 0.8051
Epoch 15/50 - Val Metric: 0.8534
Epoch 16/50 - Train Loss: 0.5365 - Train Metric: 0.8071
Epoch 16/50 - Val Metric: 0.8534
Epoch 17/50 - Train Loss: 0.5317 - Train Metric: 0.8112
Epoch 17/50 - Val Metric: 0.8523
Epoch 18/50 - Train Loss: 0.5332 - Train Metric: 0.8101
Epoch 18/50 - Val Metric: 0.8551
Epoch 19/50 - Train Loss: 0.5273 - Train Metric: 0.8148
Epoch 19/50 - Val Metric: 0.8547
Epoch 20/50 - Train Loss: 0.5233 - Train Metric: 0.8185
Epoch 20/50 - Val Metric: 0.8554
Epoch 21/50 - Train Loss: 0.5252 - Train Metric: 0.8167
Epoch 21/50 - Val Metric: 0.8544
Epoch 22/50 - Train Loss: 0.5289 - Train Metric: 0.8134
Epoch 22/50 - Val Metric: 0.8545
Epoch 23/50 - Train Loss: 0.5284 - Train Metric: 0.8140
Epoch 23/50 - Val Metric: 0.8535
Epoch 24/50 - Train Loss: 0.5262 - Train Metric: 0.8156
Epoch 24/50 - Val Metric: 0.8550
Epoch 25/50 - Train Loss: 0.5236 - Train Metric: 0.8177
Epoch 25/50 - Val Metric: 0.8541
Epoch 26/50 - Train Loss: 0.5214 - Train Metric: 0.8196
Epoch 26/50 - Val Metric: 0.8552
Epoch 27/50 - Train Loss: 0.5221 - Train Metric: 0.8183
Epoch 27/50 - Val Metric: 0.8554
Epoch 28/50 - Train Loss: 0.5220 - Train Metric: 0.8187
Epoch 28/50 - Val Metric: 0.8550
Epoch 29/50 - Train Loss: 0.5189 - Train Metric: 0.8212
Epoch 29/50 - Val Metric: 0.8553
Epoch 30/50 - Train Loss: 0.5224 - Train Metric: 0.8185
Epoch 30/50 - Val Metric: 0.8537
Epoch 31/50 - Train Loss: 0.5212 - Train Metric: 0.8194
Epoch 31/50 - Val Metric: 0.8543
Epoch 32/50 - Train Loss: 0.5184 - Train Metric: 0.8211
Epoch 32/50 - Val Metric: 0.8543
Epoch 33/50 - Train Loss: 0.5193 - Train Metric: 0.8208
Epoch 33/50 - Val Metric: 0.8544
Epoch 34/50 - Train Loss: 0.5186 - Train Metric: 0.8213
Epoch 34/50 - Val Metric: 0.8539
Epoch 35/50 - Train Loss: 0.5172 - Train Metric: 0.8225
Epoch 35/50 - Val Metric: 0.8539
Epoch 36/50 - Train Loss: 0.5193 - Train Metric: 0.8212
Epoch 36/50 - Val Metric: 0.8555
Epoch 37/50 - Train Loss: 0.5157 - Train Metric: 0.8240
Epoch 37/50 - Val Metric: 0.8555
Epoch 38/50 - Train Loss: 0.5170 - Train Metric: 0.8223
Epoch 38/50 - Val Metric: 0.8546
Epoch 39/50 - Train Loss: 0.5170 - Train Metric: 0.8226
Epoch 39/50 - Val Metric: 0.8531
Epoch 40/50 - Train Loss: 0.5194 - Train Metric: 0.8208
Epoch 40/50 - Val Metric: 0.8548
Epoch 41/50 - Train Loss: 0.5180 - Train Metric: 0.8220
Epoch 41/50 - Val Metric: 0.8546
Epoch 42/50 - Train Loss: 0.5192 - Train Metric: 0.8214
Epoch 42/50 - Val Metric: 0.8564
Epoch 43/50 - Train Loss: 0.5173 - Train Metric: 0.8221
Epoch 43/50 - Val Metric: 0.8543
Epoch 44/50 - Train Loss: 0.5145 - Train Metric: 0.8246
Epoch 44/50 - Val Metric: 0.8564
Epoch 45/50 - Train Loss: 0.5176 - Train Metric: 0.8225
Epoch 45/50 - Val Metric: 0.8552
Epoch 46/50 - Train Loss: 0.5135 - Train Metric: 0.8255
Epoch 46/50 - Val Metric: 0.8567
Epoch 47/50 - Train Loss: 0.5126 - Train Metric: 0.8260
Epoch 47/50 - Val Metric: 0.8556
Epoch 48/50 - Train Loss: 0.5158 - Train Metric: 0.8234
Epoch 48/50 - Val Metric: 0.8548
Epoch 49/50 - Train Loss: 0.5125 - Train Metric: 0.8263
Epoch 49/50 - Val Metric: 0.8566
Epoch 50/50 - Train Loss: 0.5151 - Train Metric: 0.8242
Epoch 50/50 - Val Metric: 0.8574
Best val: 0.8574, Best test: 0.8506
Training set has 8462 instances
Validation set has 1057 instances
Test set has 1059 instances
Epoch 1/50 - Train Loss: 0.7088 - Train Metric: 0.5028
Epoch 1/50 - Val Metric: 0.7439
Training set has 8462 instances
Validation set has 1057 instances
Test set has 1059 instances
Training set has 8462 instances
Validation set has 1057 instances
Test set has 1059 instances
Training set has 8462 instances
Validation set has 1057 instances
Test set has 1059 instances
Training set has 8462 instances
Validation set has 1057 instances
Test set has 1059 instances
Epoch 1/50 - Train Loss: 0.7124 - Train Metric: 0.5126
Epoch 1/50 - Val Metric: 0.7597
Epoch 2/50 - Train Loss: 0.6948 - Train Metric: 0.5199
Epoch 2/50 - Val Metric: 0.7725
Epoch 3/50 - Train Loss: 0.6925 - Train Metric: 0.5393
Epoch 3/50 - Val Metric: 0.7728
Epoch 4/50 - Train Loss: 0.6923 - Train Metric: 0.5287
Epoch 4/50 - Val Metric: 0.7768
Epoch 5/50 - Train Loss: 0.6907 - Train Metric: 0.5796
Epoch 5/50 - Val Metric: 0.7731
Epoch 6/50 - Train Loss: 0.6848 - Train Metric: 0.6216
Epoch 6/50 - Val Metric: 0.7724
Epoch 7/50 - Train Loss: 0.6542 - Train Metric: 0.6556
Epoch 7/50 - Val Metric: 0.8005
Epoch 8/50 - Train Loss: 0.5875 - Train Metric: 0.7563
Epoch 8/50 - Val Metric: 0.8356
Epoch 9/50 - Train Loss: 0.5593 - Train Metric: 0.7870
Epoch 9/50 - Val Metric: 0.8510
Epoch 10/50 - Train Loss: 0.5404 - Train Metric: 0.8053
Epoch 10/50 - Val Metric: 0.8588
Epoch 11/50 - Train Loss: 0.5266 - Train Metric: 0.8175
Epoch 11/50 - Val Metric: 0.8627
Epoch 12/50 - Train Loss: 0.5279 - Train Metric: 0.8155
Epoch 12/50 - Val Metric: 0.8635
Epoch 13/50 - Train Loss: 0.5392 - Train Metric: 0.8052
Epoch 13/50 - Val Metric: 0.8627
Epoch 14/50 - Train Loss: 0.5272 - Train Metric: 0.8154
Epoch 14/50 - Val Metric: 0.8632
Epoch 15/50 - Train Loss: 0.5305 - Train Metric: 0.8127
Epoch 15/50 - Val Metric: 0.8635
Epoch 16/50 - Train Loss: 0.5257 - Train Metric: 0.8164
Epoch 16/50 - Val Metric: 0.8641
Epoch 17/50 - Train Loss: 0.5199 - Train Metric: 0.8210
Epoch 17/50 - Val Metric: 0.8638
Epoch 18/50 - Train Loss: 0.5227 - Train Metric: 0.8187
Epoch 18/50 - Val Metric: 0.8643
Epoch 19/50 - Train Loss: 0.5251 - Train Metric: 0.8164
Epoch 19/50 - Val Metric: 0.8639
Epoch 20/50 - Train Loss: 0.5156 - Train Metric: 0.8239
Epoch 20/50 - Val Metric: 0.8638
Epoch 21/50 - Train Loss: 0.5218 - Train Metric: 0.8192
Epoch 21/50 - Val Metric: 0.8644
Epoch 22/50 - Train Loss: 0.5209 - Train Metric: 0.8195
Epoch 22/50 - Val Metric: 0.8641
Epoch 23/50 - Train Loss: 0.5166 - Train Metric: 0.8227
Epoch 23/50 - Val Metric: 0.8640
Epoch 24/50 - Train Loss: 0.5283 - Train Metric: 0.8139
Epoch 24/50 - Val Metric: 0.8643
Epoch 25/50 - Train Loss: 0.5200 - Train Metric: 0.8200
Epoch 25/50 - Val Metric: 0.8639
Epoch 26/50 - Train Loss: 0.5174 - Train Metric: 0.8221
Epoch 26/50 - Val Metric: 0.8645
Epoch 27/50 - Train Loss: 0.5143 - Train Metric: 0.8245
Epoch 27/50 - Val Metric: 0.8649
Epoch 28/50 - Train Loss: 0.5159 - Train Metric: 0.8229
Epoch 28/50 - Val Metric: 0.8648
Epoch 29/50 - Train Loss: 0.5151 - Train Metric: 0.8235
Epoch 29/50 - Val Metric: 0.8647
Epoch 30/50 - Train Loss: 0.5175 - Train Metric: 0.8217
Epoch 30/50 - Val Metric: 0.8647
Epoch 31/50 - Train Loss: 0.5185 - Train Metric: 0.8214
Epoch 31/50 - Val Metric: 0.8646
Epoch 32/50 - Train Loss: 0.5147 - Train Metric: 0.8237
Epoch 32/50 - Val Metric: 0.8650
Epoch 33/50 - Train Loss: 0.5196 - Train Metric: 0.8206
Epoch 33/50 - Val Metric: 0.8649
Epoch 34/50 - Train Loss: 0.5306 - Train Metric: 0.8109
Epoch 34/50 - Val Metric: 0.8648
Epoch 35/50 - Train Loss: 0.5159 - Train Metric: 0.8230
Epoch 35/50 - Val Metric: 0.8648
Epoch 36/50 - Train Loss: 0.5119 - Train Metric: 0.8257
Epoch 36/50 - Val Metric: 0.8650
Epoch 37/50 - Train Loss: 0.5126 - Train Metric: 0.8251
Epoch 37/50 - Val Metric: 0.8646
Epoch 38/50 - Train Loss: 0.5138 - Train Metric: 0.8243
Epoch 38/50 - Val Metric: 0.8653
Epoch 39/50 - Train Loss: 0.5114 - Train Metric: 0.8260
Epoch 39/50 - Val Metric: 0.8653
Epoch 40/50 - Train Loss: 0.5117 - Train Metric: 0.8260
Epoch 40/50 - Val Metric: 0.8648
Epoch 41/50 - Train Loss: 0.5128 - Train Metric: 0.8250
Epoch 41/50 - Val Metric: 0.8653
Epoch 42/50 - Train Loss: 0.5132 - Train Metric: 0.8248
Epoch 42/50 - Val Metric: 0.8653
Epoch 43/50 - Train Loss: 0.5101 - Train Metric: 0.8271
Epoch 43/50 - Val Metric: 0.8648
Epoch 44/50 - Train Loss: 0.5142 - Train Metric: 0.8241
Epoch 44/50 - Val Metric: 0.8654
Epoch 45/50 - Train Loss: 0.5143 - Train Metric: 0.8238
Epoch 45/50 - Val Metric: 0.8653
Epoch 46/50 - Train Loss: 0.5140 - Train Metric: 0.8246
Epoch 46/50 - Val Metric: 0.8649
Epoch 47/50 - Train Loss: 0.5155 - Train Metric: 0.8228
Epoch 47/50 - Val Metric: 0.8659
Epoch 48/50 - Train Loss: 0.5124 - Train Metric: 0.8253
Epoch 48/50 - Val Metric: 0.8657
Epoch 49/50 - Train Loss: 0.5134 - Train Metric: 0.8245
Epoch 49/50 - Val Metric: 0.8651
Epoch 50/50 - Train Loss: 0.5154 - Train Metric: 0.8231
Epoch 50/50 - Val Metric: 0.8656
Best val: 0.8659, Best test: 0.8630
Training set has 8462 instances
Validation set has 1057 instances
Test set has 1059 instances
Training set has 8462 instances
Validation set has 1057 instances
Test set has 1059 instances
Training set has 8462 instances
Validation set has 1057 instances
Test set has 1059 instances
Epoch 1/50 - Train Loss: 0.6940 - Train Metric: 0.5131
Epoch 1/50 - Val Metric: 0.7693
Epoch 2/50 - Train Loss: 0.6926 - Train Metric: 0.5256
Epoch 2/50 - Val Metric: 0.8121
Epoch 3/50 - Train Loss: 0.6883 - Train Metric: 0.5542
Epoch 3/50 - Val Metric: 0.7877
Epoch 4/50 - Train Loss: 0.6274 - Train Metric: 0.7074
Epoch 4/50 - Val Metric: 0.8231
Epoch 5/50 - Train Loss: 0.5598 - Train Metric: 0.7882
Epoch 5/50 - Val Metric: 0.8397
Epoch 6/50 - Train Loss: 0.5381 - Train Metric: 0.8072
Epoch 6/50 - Val Metric: 0.8473
Epoch 7/50 - Train Loss: 0.5335 - Train Metric: 0.8106
Epoch 7/50 - Val Metric: 0.8481
Epoch 8/50 - Train Loss: 0.5361 - Train Metric: 0.8082
Epoch 8/50 - Val Metric: 0.8482
Epoch 9/50 - Train Loss: 0.5166 - Train Metric: 0.8247
Epoch 9/50 - Val Metric: 0.8491
Epoch 10/50 - Train Loss: 0.5170 - Train Metric: 0.8235
Epoch 10/50 - Val Metric: 0.8498
Epoch 11/50 - Train Loss: 0.5189 - Train Metric: 0.8218
Epoch 11/50 - Val Metric: 0.8494
Epoch 12/50 - Train Loss: 0.5255 - Train Metric: 0.8164
Epoch 12/50 - Val Metric: 0.8500
Epoch 13/50 - Train Loss: 0.5246 - Train Metric: 0.8166
Epoch 13/50 - Val Metric: 0.8490
Epoch 14/50 - Train Loss: 0.5195 - Train Metric: 0.8207
Epoch 14/50 - Val Metric: 0.8491
Epoch 15/50 - Train Loss: 0.5099 - Train Metric: 0.8280
Epoch 15/50 - Val Metric: 0.8500
Epoch 16/50 - Train Loss: 0.5106 - Train Metric: 0.8273
Epoch 16/50 - Val Metric: 0.8504
Epoch 17/50 - Train Loss: 0.5155 - Train Metric: 0.8234
Epoch 17/50 - Val Metric: 0.8500
Epoch 18/50 - Train Loss: 0.5121 - Train Metric: 0.8261
Epoch 18/50 - Val Metric: 0.8503
Epoch 19/50 - Train Loss: 0.5140 - Train Metric: 0.8247
Epoch 19/50 - Val Metric: 0.8503
Epoch 20/50 - Train Loss: 0.5173 - Train Metric: 0.8222
Epoch 20/50 - Val Metric: 0.8502
Epoch 21/50 - Train Loss: 0.5107 - Train Metric: 0.8269
Epoch 21/50 - Val Metric: 0.8502
Epoch 22/50 - Train Loss: 0.5118 - Train Metric: 0.8261
Epoch 22/50 - Val Metric: 0.8504
Epoch 23/50 - Train Loss: 0.5138 - Train Metric: 0.8244
Epoch 23/50 - Val Metric: 0.8504
Epoch 24/50 - Train Loss: 0.5076 - Train Metric: 0.8292
Epoch 24/50 - Val Metric: 0.8505
Epoch 25/50 - Train Loss: 0.5170 - Train Metric: 0.8221
Epoch 25/50 - Val Metric: 0.8506
Epoch 26/50 - Train Loss: 0.5194 - Train Metric: 0.8206
Epoch 26/50 - Val Metric: 0.8506
Epoch 27/50 - Train Loss: 0.5141 - Train Metric: 0.8239
Epoch 27/50 - Val Metric: 0.8507
Epoch 28/50 - Train Loss: 0.5171 - Train Metric: 0.8225
Epoch 28/50 - Val Metric: 0.8503
Epoch 29/50 - Train Loss: 0.5103 - Train Metric: 0.8273
Epoch 29/50 - Val Metric: 0.8504
Epoch 30/50 - Train Loss: 0.5069 - Train Metric: 0.8295
Epoch 30/50 - Val Metric: 0.8516
Epoch 31/50 - Train Loss: 0.5154 - Train Metric: 0.8233
Epoch 31/50 - Val Metric: 0.8509
Epoch 32/50 - Train Loss: 0.5065 - Train Metric: 0.8298
Epoch 32/50 - Val Metric: 0.8513
Epoch 33/50 - Train Loss: 0.5072 - Train Metric: 0.8292
Epoch 33/50 - Val Metric: 0.8514
Epoch 34/50 - Train Loss: 0.5080 - Train Metric: 0.8287
Epoch 34/50 - Val Metric: 0.8511
Epoch 35/50 - Train Loss: 0.5136 - Train Metric: 0.8243
Epoch 35/50 - Val Metric: 0.8516
Epoch 36/50 - Train Loss: 0.5082 - Train Metric: 0.8281
Epoch 36/50 - Val Metric: 0.8518
Epoch 37/50 - Train Loss: 0.5077 - Train Metric: 0.8289
Epoch 37/50 - Val Metric: 0.8514
Epoch 38/50 - Train Loss: 0.5120 - Train Metric: 0.8258
Epoch 38/50 - Val Metric: 0.8515
Epoch 39/50 - Train Loss: 0.5073 - Train Metric: 0.8287
Epoch 39/50 - Val Metric: 0.8517
Epoch 40/50 - Train Loss: 0.5055 - Train Metric: 0.8306
Epoch 40/50 - Val Metric: 0.8518
Epoch 41/50 - Train Loss: 0.5057 - Train Metric: 0.8304
Epoch 41/50 - Val Metric: 0.8522
Epoch 42/50 - Train Loss: 0.5051 - Train Metric: 0.8307
Epoch 42/50 - Val Metric: 0.8522
Epoch 43/50 - Train Loss: 0.5038 - Train Metric: 0.8315
Epoch 43/50 - Val Metric: 0.8523
Epoch 44/50 - Train Loss: 0.5049 - Train Metric: 0.8307
Epoch 44/50 - Val Metric: 0.8524
Epoch 45/50 - Train Loss: 0.5066 - Train Metric: 0.8298
Epoch 45/50 - Val Metric: 0.8525
Epoch 46/50 - Train Loss: 0.5065 - Train Metric: 0.8295
Epoch 46/50 - Val Metric: 0.8530
Epoch 47/50 - Train Loss: 0.5047 - Train Metric: 0.8312
Epoch 47/50 - Val Metric: 0.8526
Epoch 48/50 - Train Loss: 0.5045 - Train Metric: 0.8313
Epoch 48/50 - Val Metric: 0.8530
Epoch 49/50 - Train Loss: 0.5096 - Train Metric: 0.8276
Epoch 49/50 - Val Metric: 0.8528
Epoch 50/50 - Train Loss: 0.5098 - Train Metric: 0.8275
Epoch 50/50 - Val Metric: 0.8525
Best val: 0.8530, Best test: 0.8422
Training set has 8462 instances
Validation set has 1057 instances
Test set has 1059 instances
Epoch 1/50 - Train Loss: 0.6945 - Train Metric: 0.5145
Epoch 1/50 - Val Metric: 0.8057
Epoch 2/50 - Train Loss: 0.6962 - Train Metric: 0.5117
Epoch 2/50 - Val Metric: 0.7980
Epoch 3/50 - Train Loss: 0.6918 - Train Metric: 0.5617
Epoch 3/50 - Val Metric: 0.6871
Epoch 4/50 - Train Loss: 0.6902 - Train Metric: 0.5421
Epoch 4/50 - Val Metric: 0.7957
Epoch 5/50 - Train Loss: 0.6676 - Train Metric: 0.6525
Epoch 5/50 - Val Metric: 0.7973
Epoch 6/50 - Train Loss: 0.6177 - Train Metric: 0.7238
Epoch 6/50 - Val Metric: 0.8098
Epoch 7/50 - Train Loss: 0.5610 - Train Metric: 0.7902
Epoch 7/50 - Val Metric: 0.8246
Epoch 8/50 - Train Loss: 0.5466 - Train Metric: 0.8054
Epoch 8/50 - Val Metric: 0.8317
Epoch 9/50 - Train Loss: 0.5438 - Train Metric: 0.8056
Epoch 9/50 - Val Metric: 0.8353
Epoch 10/50 - Train Loss: 0.5398 - Train Metric: 0.8090
Epoch 10/50 - Val Metric: 0.8374
Epoch 11/50 - Train Loss: 0.5266 - Train Metric: 0.8204
Epoch 11/50 - Val Metric: 0.8373
Epoch 12/50 - Train Loss: 0.5225 - Train Metric: 0.8234
Epoch 12/50 - Val Metric: 0.8381
Epoch 13/50 - Train Loss: 0.5205 - Train Metric: 0.8238
Epoch 13/50 - Val Metric: 0.8380
Epoch 14/50 - Train Loss: 0.5299 - Train Metric: 0.8150
Epoch 14/50 - Val Metric: 0.8382
Epoch 15/50 - Train Loss: 0.5196 - Train Metric: 0.8237
Epoch 15/50 - Val Metric: 0.8379
Epoch 16/50 - Train Loss: 0.5223 - Train Metric: 0.8210
Epoch 16/50 - Val Metric: 0.8379
Epoch 17/50 - Train Loss: 0.5155 - Train Metric: 0.8263
Epoch 17/50 - Val Metric: 0.8376
Epoch 18/50 - Train Loss: 0.5172 - Train Metric: 0.8248
Epoch 18/50 - Val Metric: 0.8378
Epoch 19/50 - Train Loss: 0.5207 - Train Metric: 0.8215
Epoch 19/50 - Val Metric: 0.8377
Epoch 20/50 - Train Loss: 0.5187 - Train Metric: 0.8230
Epoch 20/50 - Val Metric: 0.8381
Epoch 21/50 - Train Loss: 0.5144 - Train Metric: 0.8261
Epoch 21/50 - Val Metric: 0.8384
Epoch 22/50 - Train Loss: 0.5141 - Train Metric: 0.8262
Epoch 22/50 - Val Metric: 0.8380
Epoch 23/50 - Train Loss: 0.5179 - Train Metric: 0.8230
Epoch 23/50 - Val Metric: 0.8385
Epoch 24/50 - Train Loss: 0.5107 - Train Metric: 0.8287
Epoch 24/50 - Val Metric: 0.8382
Epoch 25/50 - Train Loss: 0.5134 - Train Metric: 0.8263
Epoch 25/50 - Val Metric: 0.8384
Epoch 26/50 - Train Loss: 0.5109 - Train Metric: 0.8279
Epoch 26/50 - Val Metric: 0.8384
Epoch 27/50 - Train Loss: 0.5084 - Train Metric: 0.8300
Epoch 27/50 - Val Metric: 0.8381
Epoch 28/50 - Train Loss: 0.5128 - Train Metric: 0.8263
Epoch 28/50 - Val Metric: 0.8382
Epoch 29/50 - Train Loss: 0.5127 - Train Metric: 0.8265
Epoch 29/50 - Val Metric: 0.8381
Epoch 30/50 - Train Loss: 0.5102 - Train Metric: 0.8284
Epoch 30/50 - Val Metric: 0.8382
Epoch 31/50 - Train Loss: 0.5088 - Train Metric: 0.8292
Epoch 31/50 - Val Metric: 0.8382
Epoch 32/50 - Train Loss: 0.5127 - Train Metric: 0.8260
Epoch 32/50 - Val Metric: 0.8384
Epoch 33/50 - Train Loss: 0.5093 - Train Metric: 0.8288
Epoch 33/50 - Val Metric: 0.8387
Epoch 34/50 - Train Loss: 0.5149 - Train Metric: 0.8248
Epoch 34/50 - Val Metric: 0.8388
Epoch 35/50 - Train Loss: 0.5104 - Train Metric: 0.8279
Epoch 35/50 - Val Metric: 0.8382
Epoch 36/50 - Train Loss: 0.5139 - Train Metric: 0.8252
Epoch 36/50 - Val Metric: 0.8388
Epoch 37/50 - Train Loss: 0.5121 - Train Metric: 0.8265
Epoch 37/50 - Val Metric: 0.8386
Epoch 38/50 - Train Loss: 0.5089 - Train Metric: 0.8290
Epoch 38/50 - Val Metric: 0.8391
Epoch 39/50 - Train Loss: 0.5085 - Train Metric: 0.8292
Epoch 39/50 - Val Metric: 0.8396
Epoch 40/50 - Train Loss: 0.5085 - Train Metric: 0.8293
Epoch 40/50 - Val Metric: 0.8399
Epoch 41/50 - Train Loss: 0.5060 - Train Metric: 0.8314
Epoch 41/50 - Val Metric: 0.8397
Epoch 42/50 - Train Loss: 0.5044 - Train Metric: 0.8323
Epoch 42/50 - Val Metric: 0.8397
Epoch 43/50 - Train Loss: 0.5140 - Train Metric: 0.8252
Epoch 43/50 - Val Metric: 0.8400
Epoch 44/50 - Train Loss: 0.5047 - Train Metric: 0.8320
Epoch 44/50 - Val Metric: 0.8407
Epoch 45/50 - Train Loss: 0.5071 - Train Metric: 0.8309
Epoch 45/50 - Val Metric: 0.8413
Epoch 46/50 - Train Loss: 0.5117 - Train Metric: 0.8273
Epoch 46/50 - Val Metric: 0.8418
Epoch 47/50 - Train Loss: 0.5032 - Train Metric: 0.8332
Epoch 47/50 - Val Metric: 0.8425
Epoch 48/50 - Train Loss: 0.5058 - Train Metric: 0.8316
Epoch 48/50 - Val Metric: 0.8423
Epoch 49/50 - Train Loss: 0.5119 - Train Metric: 0.8267
Epoch 49/50 - Val Metric: 0.8422
Epoch 50/50 - Train Loss: 0.5020 - Train Metric: 0.8344
Epoch 50/50 - Val Metric: 0.8428
Best val: 0.8428, Best test: 0.8509
Training set has 8462 instances
Validation set has 1057 instances
Test set has 1059 instances
Epoch 1/50 - Train Loss: 0.6978 - Train Metric: 0.5132
Epoch 1/50 - Val Metric: 0.7969
Epoch 2/50 - Train Loss: 0.6931 - Train Metric: 0.5108
Epoch 2/50 - Val Metric: 0.7796
Epoch 3/50 - Train Loss: 0.6944 - Train Metric: 0.5208
Epoch 3/50 - Val Metric: 0.7706
Epoch 4/50 - Train Loss: 0.6927 - Train Metric: 0.5470
Epoch 4/50 - Val Metric: 0.7652
Epoch 5/50 - Train Loss: 0.6876 - Train Metric: 0.5897
Epoch 5/50 - Val Metric: 0.7618
Epoch 6/50 - Train Loss: 0.6133 - Train Metric: 0.7282
Epoch 6/50 - Val Metric: 0.7999
Epoch 7/50 - Train Loss: 0.5663 - Train Metric: 0.7805
Epoch 7/50 - Val Metric: 0.8211
Epoch 8/50 - Train Loss: 0.5231 - Train Metric: 0.8200
Epoch 8/50 - Val Metric: 0.8315
Epoch 9/50 - Train Loss: 0.5124 - Train Metric: 0.8281
Epoch 9/50 - Val Metric: 0.8360
Epoch 10/50 - Train Loss: 0.5105 - Train Metric: 0.8290
Epoch 10/50 - Val Metric: 0.8384
Epoch 11/50 - Train Loss: 0.5167 - Train Metric: 0.8238
Epoch 11/50 - Val Metric: 0.8388
Epoch 12/50 - Train Loss: 0.5072 - Train Metric: 0.8310
Epoch 12/50 - Val Metric: 0.8392
Epoch 13/50 - Train Loss: 0.5062 - Train Metric: 0.8313
Epoch 13/50 - Val Metric: 0.8393
Epoch 14/50 - Train Loss: 0.5116 - Train Metric: 0.8269
Epoch 14/50 - Val Metric: 0.8396
Epoch 15/50 - Train Loss: 0.5066 - Train Metric: 0.8310
Epoch 15/50 - Val Metric: 0.8397
Epoch 16/50 - Train Loss: 0.5064 - Train Metric: 0.8311
Epoch 16/50 - Val Metric: 0.8401
Epoch 17/50 - Train Loss: 0.5127 - Train Metric: 0.8259
Epoch 17/50 - Val Metric: 0.8401
Epoch 18/50 - Train Loss: 0.5073 - Train Metric: 0.8305
Epoch 18/50 - Val Metric: 0.8397
Epoch 19/50 - Train Loss: 0.5052 - Train Metric: 0.8316
Epoch 19/50 - Val Metric: 0.8401
Epoch 20/50 - Train Loss: 0.5050 - Train Metric: 0.8320
Epoch 20/50 - Val Metric: 0.8404
Epoch 21/50 - Train Loss: 0.5031 - Train Metric: 0.8333
Epoch 21/50 - Val Metric: 0.8403
Epoch 22/50 - Train Loss: 0.5072 - Train Metric: 0.8300
Epoch 22/50 - Val Metric: 0.8402
Epoch 23/50 - Train Loss: 0.5064 - Train Metric: 0.8305
Epoch 23/50 - Val Metric: 0.8405
Epoch 24/50 - Train Loss: 0.5084 - Train Metric: 0.8291
Epoch 24/50 - Val Metric: 0.8404
Epoch 25/50 - Train Loss: 0.5117 - Train Metric: 0.8269
Epoch 25/50 - Val Metric: 0.8403
Epoch 26/50 - Train Loss: 0.5047 - Train Metric: 0.8319
Epoch 26/50 - Val Metric: 0.8399
Epoch 27/50 - Train Loss: 0.5066 - Train Metric: 0.8301
Epoch 27/50 - Val Metric: 0.8403
Epoch 28/50 - Train Loss: 0.5044 - Train Metric: 0.8320
Epoch 28/50 - Val Metric: 0.8407
Epoch 29/50 - Train Loss: 0.5022 - Train Metric: 0.8336
Epoch 29/50 - Val Metric: 0.8405
Epoch 30/50 - Train Loss: 0.5030 - Train Metric: 0.8333
Epoch 30/50 - Val Metric: 0.8405
Epoch 31/50 - Train Loss: 0.5088 - Train Metric: 0.8288
Epoch 31/50 - Val Metric: 0.8405
Epoch 32/50 - Train Loss: 0.5054 - Train Metric: 0.8313
Epoch 32/50 - Val Metric: 0.8408
Epoch 33/50 - Train Loss: 0.5010 - Train Metric: 0.8343
Epoch 33/50 - Val Metric: 0.8401
Epoch 34/50 - Train Loss: 0.5056 - Train Metric: 0.8314
Epoch 34/50 - Val Metric: 0.8409
Epoch 35/50 - Train Loss: 0.5021 - Train Metric: 0.8335
Epoch 35/50 - Val Metric: 0.8410
Epoch 36/50 - Train Loss: 0.5029 - Train Metric: 0.8333
Epoch 36/50 - Val Metric: 0.8402
Epoch 37/50 - Train Loss: 0.5011 - Train Metric: 0.8343
Epoch 37/50 - Val Metric: 0.8401
Epoch 38/50 - Train Loss: 0.5038 - Train Metric: 0.8321
Epoch 38/50 - Val Metric: 0.8406
Epoch 39/50 - Train Loss: 0.5047 - Train Metric: 0.8320
Epoch 39/50 - Val Metric: 0.8407
Epoch 40/50 - Train Loss: 0.5022 - Train Metric: 0.8336
Epoch 40/50 - Val Metric: 0.8408
Epoch 41/50 - Train Loss: 0.5033 - Train Metric: 0.8330
Epoch 41/50 - Val Metric: 0.8410
Epoch 42/50 - Train Loss: 0.5078 - Train Metric: 0.8296
Epoch 42/50 - Val Metric: 0.8411
Epoch 43/50 - Train Loss: 0.5031 - Train Metric: 0.8330
Epoch 43/50 - Val Metric: 0.8402
Epoch 44/50 - Train Loss: 0.5003 - Train Metric: 0.8346
Epoch 44/50 - Val Metric: 0.8409
Training set has 8462 instances
Validation set has 1057 instances
Test set has 1059 instances
Training set has 8462 instances
Validation set has 1057 instances
Test set has 1059 instances
Training set has 8462 instances
Validation set has 1057 instances
Test set has 1059 instances
Hyper-parameter search done. Found the best config.
Repeat experiments 5 times with the best train config {'batch_size': 256, 'gamma_rate': 1.0, 'base_lr': 0.0001} and model config {'num_heads': 8, 'num_layers': 8, 'num_latents': 32, 'hidden_dim': 32, 'mlp_ratio': 1, 'dropout_prob': 0, 'top_k': 5}.
Training set has 8462 instances
Validation set has 1057 instances
Test set has 1059 instances
Epoch 1/50 - Train Loss: 0.6946 - Train Metric: 0.4984
Epoch 1/50 - Val Metric: 0.7002
Epoch 2/50 - Train Loss: 0.6935 - Train Metric: 0.4990
Epoch 2/50 - Val Metric: 0.7680
Epoch 3/50 - Train Loss: 0.6937 - Train Metric: 0.5100
Epoch 3/50 - Val Metric: 0.7692
Epoch 4/50 - Train Loss: 0.6925 - Train Metric: 0.5339
Epoch 4/50 - Val Metric: 0.6414
Epoch 5/50 - Train Loss: 0.6887 - Train Metric: 0.5749
Epoch 5/50 - Val Metric: 0.7769
Epoch 6/50 - Train Loss: 0.6330 - Train Metric: 0.6970
Epoch 6/50 - Val Metric: 0.8082
Epoch 7/50 - Train Loss: 0.5746 - Train Metric: 0.7728
Epoch 7/50 - Val Metric: 0.8268
Epoch 8/50 - Train Loss: 0.5416 - Train Metric: 0.8044
Epoch 8/50 - Val Metric: 0.8399
Epoch 9/50 - Train Loss: 0.5278 - Train Metric: 0.8171
Epoch 9/50 - Val Metric: 0.8460
Epoch 10/50 - Train Loss: 0.5265 - Train Metric: 0.8173
Epoch 10/50 - Val Metric: 0.8483
Epoch 11/50 - Train Loss: 0.5216 - Train Metric: 0.8208
Epoch 11/50 - Val Metric: 0.8484
Epoch 12/50 - Train Loss: 0.5211 - Train Metric: 0.8207
Epoch 12/50 - Val Metric: 0.8487
Epoch 13/50 - Train Loss: 0.5140 - Train Metric: 0.8262
Epoch 13/50 - Val Metric: 0.8491
Epoch 14/50 - Train Loss: 0.5122 - Train Metric: 0.8271
Epoch 14/50 - Val Metric: 0.8488
Epoch 15/50 - Train Loss: 0.5129 - Train Metric: 0.8263
Epoch 15/50 - Val Metric: 0.8494
Epoch 16/50 - Train Loss: 0.5163 - Train Metric: 0.8236
Epoch 16/50 - Val Metric: 0.8486
Epoch 17/50 - Train Loss: 0.5167 - Train Metric: 0.8229
Epoch 17/50 - Val Metric: 0.8488
Epoch 18/50 - Train Loss: 0.5105 - Train Metric: 0.8276
Epoch 18/50 - Val Metric: 0.8490
Epoch 19/50 - Train Loss: 0.5105 - Train Metric: 0.8277
Epoch 19/50 - Val Metric: 0.8490
Epoch 20/50 - Train Loss: 0.5115 - Train Metric: 0.8268
Epoch 20/50 - Val Metric: 0.8490
Epoch 21/50 - Train Loss: 0.5131 - Train Metric: 0.8256
Epoch 21/50 - Val Metric: 0.8488
Epoch 22/50 - Train Loss: 0.5143 - Train Metric: 0.8246
Epoch 22/50 - Val Metric: 0.8493
Epoch 23/50 - Train Loss: 0.5138 - Train Metric: 0.8251
Epoch 23/50 - Val Metric: 0.8493
Epoch 24/50 - Train Loss: 0.5131 - Train Metric: 0.8256
Epoch 24/50 - Val Metric: 0.8490
Epoch 25/50 - Train Loss: 0.5121 - Train Metric: 0.8261
Epoch 25/50 - Val Metric: 0.8493
Epoch 26/50 - Train Loss: 0.5126 - Train Metric: 0.8257
Epoch 26/50 - Val Metric: 0.8497
Epoch 27/50 - Train Loss: 0.5126 - Train Metric: 0.8262
Epoch 27/50 - Val Metric: 0.8492
Epoch 28/50 - Train Loss: 0.5113 - Train Metric: 0.8267
Epoch 28/50 - Val Metric: 0.8496
Epoch 29/50 - Train Loss: 0.5154 - Train Metric: 0.8236
Epoch 29/50 - Val Metric: 0.8494
Epoch 30/50 - Train Loss: 0.5157 - Train Metric: 0.8234
Epoch 30/50 - Val Metric: 0.8495
Epoch 31/50 - Train Loss: 0.5101 - Train Metric: 0.8274
Epoch 31/50 - Val Metric: 0.8493
Epoch 32/50 - Train Loss: 0.5149 - Train Metric: 0.8243
Epoch 32/50 - Val Metric: 0.8496
Epoch 33/50 - Train Loss: 0.5140 - Train Metric: 0.8244
Epoch 33/50 - Val Metric: 0.8490
Epoch 34/50 - Train Loss: 0.5094 - Train Metric: 0.8282
Epoch 34/50 - Val Metric: 0.8497
Epoch 35/50 - Train Loss: 0.5160 - Train Metric: 0.8232
Epoch 35/50 - Val Metric: 0.8494
Epoch 36/50 - Train Loss: 0.5099 - Train Metric: 0.8277
Epoch 36/50 - Val Metric: 0.8495
Epoch 37/50 - Train Loss: 0.5131 - Train Metric: 0.8251
Epoch 37/50 - Val Metric: 0.8494
Epoch 38/50 - Train Loss: 0.5106 - Train Metric: 0.8273
Epoch 38/50 - Val Metric: 0.8495
Epoch 39/50 - Train Loss: 0.5100 - Train Metric: 0.8274
Epoch 39/50 - Val Metric: 0.8495
Epoch 40/50 - Train Loss: 0.5112 - Train Metric: 0.8265
Epoch 40/50 - Val Metric: 0.8493
Epoch 41/50 - Train Loss: 0.5148 - Train Metric: 0.8244
Epoch 41/50 - Val Metric: 0.8495
Epoch 42/50 - Train Loss: 0.5083 - Train Metric: 0.8287
Epoch 42/50 - Val Metric: 0.8495
Epoch 43/50 - Train Loss: 0.5082 - Train Metric: 0.8285
Epoch 43/50 - Val Metric: 0.8495
Epoch 44/50 - Train Loss: 0.5076 - Train Metric: 0.8292
Epoch 44/50 - Val Metric: 0.8494
Epoch 45/50 - Train Loss: 0.5085 - Train Metric: 0.8282
Epoch 45/50 - Val Metric: 0.8490
Epoch 46/50 - Train Loss: 0.5064 - Train Metric: 0.8301
Epoch 46/50 - Val Metric: 0.8494
Epoch 47/50 - Train Loss: 0.5116 - Train Metric: 0.8266
Epoch 47/50 - Val Metric: 0.8494
Epoch 48/50 - Train Loss: 0.5075 - Train Metric: 0.8294
Epoch 48/50 - Val Metric: 0.8492
Epoch 49/50 - Train Loss: 0.5094 - Train Metric: 0.8282
Epoch 49/50 - Val Metric: 0.8497
Epoch 50/50 - Train Loss: 0.5095 - Train Metric: 0.8278
Epoch 50/50 - Val Metric: 0.8495
Best val: 0.8497, Best test: 0.8498
Training set has 8462 instances
Validation set has 1057 instances
Test set has 1059 instances
Epoch 1/50 - Train Loss: 0.6934 - Train Metric: 0.5283
Epoch 1/50 - Val Metric: 0.7664
Epoch 2/50 - Train Loss: 0.6925 - Train Metric: 0.5446
Epoch 2/50 - Val Metric: 0.7777
Epoch 3/50 - Train Loss: 0.6811 - Train Metric: 0.6340
Epoch 3/50 - Val Metric: 0.7772
Epoch 4/50 - Train Loss: 0.6148 - Train Metric: 0.7247
Epoch 4/50 - Val Metric: 0.7965
Epoch 5/50 - Train Loss: 0.5650 - Train Metric: 0.7836
Epoch 5/50 - Val Metric: 0.8129
Epoch 6/50 - Train Loss: 0.5333 - Train Metric: 0.8148
Epoch 6/50 - Val Metric: 0.8210
Epoch 7/50 - Train Loss: 0.5275 - Train Metric: 0.8185
Epoch 7/50 - Val Metric: 0.8252
Epoch 8/50 - Train Loss: 0.5182 - Train Metric: 0.8250
Epoch 8/50 - Val Metric: 0.8272
Epoch 9/50 - Train Loss: 0.5200 - Train Metric: 0.8221
Epoch 9/50 - Val Metric: 0.8270
Epoch 10/50 - Train Loss: 0.5158 - Train Metric: 0.8250
Epoch 10/50 - Val Metric: 0.8246
Epoch 11/50 - Train Loss: 0.5147 - Train Metric: 0.8263
Epoch 11/50 - Val Metric: 0.8271
Epoch 12/50 - Train Loss: 0.5164 - Train Metric: 0.8241
Epoch 12/50 - Val Metric: 0.8261
Epoch 13/50 - Train Loss: 0.5142 - Train Metric: 0.8254
Epoch 13/50 - Val Metric: 0.8271
Epoch 14/50 - Train Loss: 0.5131 - Train Metric: 0.8264
Epoch 14/50 - Val Metric: 0.8271
Epoch 15/50 - Train Loss: 0.5083 - Train Metric: 0.8302
Epoch 15/50 - Val Metric: 0.8270
Epoch 16/50 - Train Loss: 0.5076 - Train Metric: 0.8303
Epoch 16/50 - Val Metric: 0.8274
Epoch 17/50 - Train Loss: 0.5059 - Train Metric: 0.8316
Epoch 17/50 - Val Metric: 0.8272
Epoch 18/50 - Train Loss: 0.5107 - Train Metric: 0.8282
Epoch 18/50 - Val Metric: 0.8276
Epoch 19/50 - Train Loss: 0.5179 - Train Metric: 0.8231
Epoch 19/50 - Val Metric: 0.8279
Epoch 20/50 - Train Loss: 0.5078 - Train Metric: 0.8303
Epoch 20/50 - Val Metric: 0.8272
Epoch 21/50 - Train Loss: 0.5038 - Train Metric: 0.8327
Epoch 21/50 - Val Metric: 0.8277
Epoch 22/50 - Train Loss: 0.5034 - Train Metric: 0.8331
Epoch 22/50 - Val Metric: 0.8278
Epoch 23/50 - Train Loss: 0.5042 - Train Metric: 0.8323
Epoch 23/50 - Val Metric: 0.8278
Epoch 24/50 - Train Loss: 0.5072 - Train Metric: 0.8301
Epoch 24/50 - Val Metric: 0.8277
Epoch 25/50 - Train Loss: 0.5104 - Train Metric: 0.8273
Epoch 25/50 - Val Metric: 0.8273
Epoch 26/50 - Train Loss: 0.5073 - Train Metric: 0.8303
Epoch 26/50 - Val Metric: 0.8278
Epoch 27/50 - Train Loss: 0.5083 - Train Metric: 0.8290
Epoch 27/50 - Val Metric: 0.8282
Epoch 28/50 - Train Loss: 0.5064 - Train Metric: 0.8309
Epoch 28/50 - Val Metric: 0.8281
Epoch 29/50 - Train Loss: 0.5044 - Train Metric: 0.8323
Epoch 29/50 - Val Metric: 0.8278
Epoch 30/50 - Train Loss: 0.5049 - Train Metric: 0.8319
Epoch 30/50 - Val Metric: 0.8281
Epoch 31/50 - Train Loss: 0.5019 - Train Metric: 0.8340
Epoch 31/50 - Val Metric: 0.8288
Epoch 32/50 - Train Loss: 0.5048 - Train Metric: 0.8314
Epoch 32/50 - Val Metric: 0.8276
Epoch 33/50 - Train Loss: 0.5086 - Train Metric: 0.8290
Epoch 33/50 - Val Metric: 0.8287
Epoch 34/50 - Train Loss: 0.5024 - Train Metric: 0.8339
Epoch 34/50 - Val Metric: 0.8292
Epoch 35/50 - Train Loss: 0.5058 - Train Metric: 0.8313
Epoch 35/50 - Val Metric: 0.8286
Epoch 36/50 - Train Loss: 0.5081 - Train Metric: 0.8299
Epoch 36/50 - Val Metric: 0.8294
Epoch 37/50 - Train Loss: 0.5038 - Train Metric: 0.8326
Epoch 37/50 - Val Metric: 0.8289
Epoch 38/50 - Train Loss: 0.5096 - Train Metric: 0.8284
Epoch 38/50 - Val Metric: 0.8292
Epoch 39/50 - Train Loss: 0.5033 - Train Metric: 0.8334
Epoch 39/50 - Val Metric: 0.8289
Epoch 40/50 - Train Loss: 0.4994 - Train Metric: 0.8356
Epoch 40/50 - Val Metric: 0.8295
Epoch 41/50 - Train Loss: 0.4992 - Train Metric: 0.8360
Epoch 41/50 - Val Metric: 0.8299
Epoch 42/50 - Train Loss: 0.5021 - Train Metric: 0.8335
Epoch 42/50 - Val Metric: 0.8299
Epoch 43/50 - Train Loss: 0.4997 - Train Metric: 0.8353
Epoch 43/50 - Val Metric: 0.8298
Epoch 44/50 - Train Loss: 0.5030 - Train Metric: 0.8332
Epoch 44/50 - Val Metric: 0.8289
Epoch 45/50 - Train Loss: 0.4982 - Train Metric: 0.8367
Epoch 45/50 - Val Metric: 0.8303
Epoch 46/50 - Train Loss: 0.4982 - Train Metric: 0.8370
Epoch 46/50 - Val Metric: 0.8307
Epoch 47/50 - Train Loss: 0.4970 - Train Metric: 0.8376
Epoch 47/50 - Val Metric: 0.8315
Epoch 48/50 - Train Loss: 0.4971 - Train Metric: 0.8379
Epoch 48/50 - Val Metric: 0.8316
Epoch 49/50 - Train Loss: 0.4987 - Train Metric: 0.8362
Epoch 49/50 - Val Metric: 0.8317
Epoch 50/50 - Train Loss: 0.4950 - Train Metric: 0.8392
Epoch 50/50 - Val Metric: 0.8320
Best val: 0.8320, Best test: 0.8356
Training set has 8462 instances
Validation set has 1057 instances
Test set has 1059 instances
Epoch 1/50 - Train Loss: 0.7141 - Train Metric: 0.4930
Epoch 1/50 - Val Metric: 0.4834
Epoch 2/50 - Train Loss: 0.6964 - Train Metric: 0.4979
Epoch 2/50 - Val Metric: 0.5628
Epoch 3/50 - Train Loss: 0.6930 - Train Metric: 0.5263
Epoch 3/50 - Val Metric: 0.6132
Epoch 4/50 - Train Loss: 0.6930 - Train Metric: 0.5338
Epoch 4/50 - Val Metric: 0.6550
Epoch 5/50 - Train Loss: 0.6922 - Train Metric: 0.5393
Epoch 5/50 - Val Metric: 0.6854
Epoch 6/50 - Train Loss: 0.6908 - Train Metric: 0.5848
Epoch 6/50 - Val Metric: 0.7008
Epoch 7/50 - Train Loss: 0.6793 - Train Metric: 0.6344
Epoch 7/50 - Val Metric: 0.7262
Epoch 8/50 - Train Loss: 0.6115 - Train Metric: 0.7261
Epoch 8/50 - Val Metric: 0.7771
Epoch 9/50 - Train Loss: 0.5534 - Train Metric: 0.7874
Epoch 9/50 - Val Metric: 0.7922
Epoch 10/50 - Train Loss: 0.5344 - Train Metric: 0.8069
Epoch 10/50 - Val Metric: 0.8003
Epoch 11/50 - Train Loss: 0.5337 - Train Metric: 0.8110
Epoch 11/50 - Val Metric: 0.8040
Epoch 12/50 - Train Loss: 0.5174 - Train Metric: 0.8241
Epoch 12/50 - Val Metric: 0.8081
Epoch 13/50 - Train Loss: 0.5125 - Train Metric: 0.8279
Epoch 13/50 - Val Metric: 0.8115
Epoch 14/50 - Train Loss: 0.5224 - Train Metric: 0.8196
Epoch 14/50 - Val Metric: 0.8117
Epoch 15/50 - Train Loss: 0.5067 - Train Metric: 0.8321
Epoch 15/50 - Val Metric: 0.8117
Epoch 16/50 - Train Loss: 0.5245 - Train Metric: 0.8179
Epoch 16/50 - Val Metric: 0.8116
Epoch 17/50 - Train Loss: 0.5144 - Train Metric: 0.8257
Epoch 17/50 - Val Metric: 0.8124
Epoch 18/50 - Train Loss: 0.5044 - Train Metric: 0.8331
Epoch 18/50 - Val Metric: 0.8139
Epoch 19/50 - Train Loss: 0.5143 - Train Metric: 0.8251
Epoch 19/50 - Val Metric: 0.8124
Epoch 20/50 - Train Loss: 0.5062 - Train Metric: 0.8313
Epoch 20/50 - Val Metric: 0.8142
Epoch 21/50 - Train Loss: 0.5068 - Train Metric: 0.8305
Epoch 21/50 - Val Metric: 0.8138
Epoch 22/50 - Train Loss: 0.5051 - Train Metric: 0.8319
Epoch 22/50 - Val Metric: 0.8147
Epoch 23/50 - Train Loss: 0.4998 - Train Metric: 0.8359
Epoch 23/50 - Val Metric: 0.8120
Epoch 24/50 - Train Loss: 0.5097 - Train Metric: 0.8283
Epoch 24/50 - Val Metric: 0.8147
Epoch 25/50 - Train Loss: 0.4998 - Train Metric: 0.8358
Epoch 25/50 - Val Metric: 0.8155
Epoch 26/50 - Train Loss: 0.4962 - Train Metric: 0.8382
Epoch 26/50 - Val Metric: 0.8159
Epoch 27/50 - Train Loss: 0.5029 - Train Metric: 0.8333
Epoch 27/50 - Val Metric: 0.8151
Epoch 28/50 - Train Loss: 0.5018 - Train Metric: 0.8337
Epoch 28/50 - Val Metric: 0.8152
Epoch 29/50 - Train Loss: 0.5021 - Train Metric: 0.8340
Epoch 29/50 - Val Metric: 0.8161
Epoch 30/50 - Train Loss: 0.5137 - Train Metric: 0.8250
Epoch 30/50 - Val Metric: 0.8173
Epoch 31/50 - Train Loss: 0.5130 - Train Metric: 0.8257
Epoch 31/50 - Val Metric: 0.8154
Epoch 32/50 - Train Loss: 0.5070 - Train Metric: 0.8299
Epoch 32/50 - Val Metric: 0.8169
Epoch 33/50 - Train Loss: 0.5044 - Train Metric: 0.8333
Epoch 33/50 - Val Metric: 0.8181
Epoch 34/50 - Train Loss: 0.4935 - Train Metric: 0.8404
Epoch 34/50 - Val Metric: 0.8172
Epoch 35/50 - Train Loss: 0.4938 - Train Metric: 0.8401
Epoch 35/50 - Val Metric: 0.8165
Epoch 36/50 - Train Loss: 0.4955 - Train Metric: 0.8390
Epoch 36/50 - Val Metric: 0.8178
Epoch 37/50 - Train Loss: 0.4933 - Train Metric: 0.8406
Epoch 37/50 - Val Metric: 0.8161
Epoch 38/50 - Train Loss: 0.5035 - Train Metric: 0.8330
Epoch 38/50 - Val Metric: 0.8200
Epoch 39/50 - Train Loss: 0.4971 - Train Metric: 0.8379
Epoch 39/50 - Val Metric: 0.8191
Epoch 40/50 - Train Loss: 0.4939 - Train Metric: 0.8400
Epoch 40/50 - Val Metric: 0.8208
Epoch 41/50 - Train Loss: 0.4934 - Train Metric: 0.8407
Epoch 41/50 - Val Metric: 0.8209
Epoch 42/50 - Train Loss: 0.4899 - Train Metric: 0.8432
Epoch 42/50 - Val Metric: 0.8210
Epoch 43/50 - Train Loss: 0.4943 - Train Metric: 0.8404
Epoch 43/50 - Val Metric: 0.8213
Epoch 44/50 - Train Loss: 0.4954 - Train Metric: 0.8389
Epoch 44/50 - Val Metric: 0.8113
Epoch 45/50 - Train Loss: 0.4904 - Train Metric: 0.8426
Epoch 45/50 - Val Metric: 0.8228
Epoch 46/50 - Train Loss: 0.4941 - Train Metric: 0.8401
Epoch 46/50 - Val Metric: 0.8203
Epoch 47/50 - Train Loss: 0.4949 - Train Metric: 0.8399
Epoch 47/50 - Val Metric: 0.8176
Epoch 48/50 - Train Loss: 0.5008 - Train Metric: 0.8355
Epoch 48/50 - Val Metric: 0.8183
Epoch 49/50 - Train Loss: 0.4920 - Train Metric: 0.8414
Epoch 49/50 - Val Metric: 0.8228
Epoch 50/50 - Train Loss: 0.4892 - Train Metric: 0.8437
Epoch 50/50 - Val Metric: 0.8243
Best val: 0.8243, Best test: 0.8373
Training set has 8462 instances
Validation set has 1057 instances
Test set has 1059 instances
Epoch 1/50 - Train Loss: 0.6941 - Train Metric: 0.4962
Epoch 1/50 - Val Metric: 0.6668
Epoch 2/50 - Train Loss: 0.6932 - Train Metric: 0.5214
Epoch 2/50 - Val Metric: 0.7454
Epoch 3/50 - Train Loss: 0.6930 - Train Metric: 0.5154
Epoch 3/50 - Val Metric: 0.7514
Epoch 4/50 - Train Loss: 0.6879 - Train Metric: 0.5688
Epoch 4/50 - Val Metric: 0.7591
Epoch 5/50 - Train Loss: 0.6087 - Train Metric: 0.7312
Epoch 5/50 - Val Metric: 0.7944
Epoch 6/50 - Train Loss: 0.5435 - Train Metric: 0.8004
Epoch 6/50 - Val Metric: 0.8223
Epoch 7/50 - Train Loss: 0.5291 - Train Metric: 0.8142
Epoch 7/50 - Val Metric: 0.8334
Epoch 8/50 - Train Loss: 0.5146 - Train Metric: 0.8256
Epoch 8/50 - Val Metric: 0.8372
Epoch 9/50 - Train Loss: 0.5097 - Train Metric: 0.8290
Epoch 9/50 - Val Metric: 0.8380
Epoch 10/50 - Train Loss: 0.5141 - Train Metric: 0.8256
Epoch 10/50 - Val Metric: 0.8379
Epoch 11/50 - Train Loss: 0.5113 - Train Metric: 0.8273
Epoch 11/50 - Val Metric: 0.8385
Epoch 12/50 - Train Loss: 0.5139 - Train Metric: 0.8249
Epoch 12/50 - Val Metric: 0.8384
Epoch 13/50 - Train Loss: 0.5090 - Train Metric: 0.8290
Epoch 13/50 - Val Metric: 0.8389
Epoch 14/50 - Train Loss: 0.5216 - Train Metric: 0.8189
Epoch 14/50 - Val Metric: 0.8386
Epoch 15/50 - Train Loss: 0.5122 - Train Metric: 0.8269
Epoch 15/50 - Val Metric: 0.8386
Epoch 16/50 - Train Loss: 0.5196 - Train Metric: 0.8214
Epoch 16/50 - Val Metric: 0.8380
Epoch 17/50 - Train Loss: 0.5121 - Train Metric: 0.8268
Epoch 17/50 - Val Metric: 0.8385
Epoch 18/50 - Train Loss: 0.5076 - Train Metric: 0.8301
Epoch 18/50 - Val Metric: 0.8385
Epoch 19/50 - Train Loss: 0.5093 - Train Metric: 0.8289
Epoch 19/50 - Val Metric: 0.8393
Epoch 20/50 - Train Loss: 0.5108 - Train Metric: 0.8275
Epoch 20/50 - Val Metric: 0.8390
Epoch 21/50 - Train Loss: 0.5062 - Train Metric: 0.8309
Epoch 21/50 - Val Metric: 0.8388
Epoch 22/50 - Train Loss: 0.5053 - Train Metric: 0.8314
Epoch 22/50 - Val Metric: 0.8392
Epoch 23/50 - Train Loss: 0.5062 - Train Metric: 0.8311
Epoch 23/50 - Val Metric: 0.8390
Epoch 24/50 - Train Loss: 0.5088 - Train Metric: 0.8289
Epoch 24/50 - Val Metric: 0.8387
Epoch 25/50 - Train Loss: 0.5049 - Train Metric: 0.8316
Epoch 25/50 - Val Metric: 0.8392
Epoch 26/50 - Train Loss: 0.5120 - Train Metric: 0.8263
Epoch 26/50 - Val Metric: 0.8388
Epoch 27/50 - Train Loss: 0.5103 - Train Metric: 0.8278
Epoch 27/50 - Val Metric: 0.8394
Epoch 28/50 - Train Loss: 0.5077 - Train Metric: 0.8297
Epoch 28/50 - Val Metric: 0.8390
Epoch 29/50 - Train Loss: 0.5171 - Train Metric: 0.8229
Epoch 29/50 - Val Metric: 0.8389
Epoch 30/50 - Train Loss: 0.5036 - Train Metric: 0.8329
Epoch 30/50 - Val Metric: 0.8389
Epoch 31/50 - Train Loss: 0.5061 - Train Metric: 0.8310
Epoch 31/50 - Val Metric: 0.8387
Epoch 32/50 - Train Loss: 0.5085 - Train Metric: 0.8292
Epoch 32/50 - Val Metric: 0.8385
Epoch 33/50 - Train Loss: 0.5095 - Train Metric: 0.8286
Epoch 33/50 - Val Metric: 0.8391
Epoch 34/50 - Train Loss: 0.5094 - Train Metric: 0.8286
Epoch 34/50 - Val Metric: 0.8385
Epoch 35/50 - Train Loss: 0.5074 - Train Metric: 0.8302
Epoch 35/50 - Val Metric: 0.8387
Epoch 36/50 - Train Loss: 0.5056 - Train Metric: 0.8313
Epoch 36/50 - Val Metric: 0.8387
Epoch 37/50 - Train Loss: 0.5077 - Train Metric: 0.8296
Epoch 37/50 - Val Metric: 0.8386
Epoch 38/50 - Train Loss: 0.5177 - Train Metric: 0.8215
Epoch 38/50 - Val Metric: 0.8391
Epoch 39/50 - Train Loss: 0.5081 - Train Metric: 0.8298
Epoch 39/50 - Val Metric: 0.8385
Epoch 40/50 - Train Loss: 0.5063 - Train Metric: 0.8305
Epoch 40/50 - Val Metric: 0.8388
Epoch 41/50 - Train Loss: 0.5018 - Train Metric: 0.8338
Epoch 41/50 - Val Metric: 0.8385
Epoch 42/50 - Train Loss: 0.5067 - Train Metric: 0.8300
Epoch 42/50 - Val Metric: 0.8387
Epoch 43/50 - Train Loss: 0.5028 - Train Metric: 0.8332
Epoch 43/50 - Val Metric: 0.8390
Epoch 44/50 - Train Loss: 0.5037 - Train Metric: 0.8326
Epoch 44/50 - Val Metric: 0.8384
Epoch 45/50 - Train Loss: 0.5035 - Train Metric: 0.8325
Epoch 45/50 - Val Metric: 0.8387
Epoch 46/50 - Train Loss: 0.5046 - Train Metric: 0.8320
Epoch 46/50 - Val Metric: 0.8384
Epoch 47/50 - Train Loss: 0.5067 - Train Metric: 0.8307
Epoch 47/50 - Val Metric: 0.8390
Epoch 48/50 - Train Loss: 0.5051 - Train Metric: 0.8317
Epoch 48/50 - Val Metric: 0.8382
Epoch 49/50 - Train Loss: 0.5032 - Train Metric: 0.8327
Epoch 49/50 - Val Metric: 0.8381
Epoch 50/50 - Train Loss: 0.5008 - Train Metric: 0.8347
Epoch 50/50 - Val Metric: 0.8397
Best val: 0.8397, Best test: 0.8440
Training set has 8462 instances
Validation set has 1057 instances
Test set has 1059 instances
Epoch 1/50 - Train Loss: 0.6957 - Train Metric: 0.5080
Epoch 1/50 - Val Metric: 0.7569
Epoch 2/50 - Train Loss: 0.6929 - Train Metric: 0.5177
Epoch 2/50 - Val Metric: 0.7750
Epoch 3/50 - Train Loss: 0.6913 - Train Metric: 0.5509
Epoch 3/50 - Val Metric: 0.7720
Epoch 4/50 - Train Loss: 0.6494 - Train Metric: 0.6903
Epoch 4/50 - Val Metric: 0.7775
Epoch 5/50 - Train Loss: 0.5765 - Train Metric: 0.7729
Epoch 5/50 - Val Metric: 0.8017
Epoch 6/50 - Train Loss: 0.5307 - Train Metric: 0.8151
Epoch 6/50 - Val Metric: 0.8091
Epoch 7/50 - Train Loss: 0.5166 - Train Metric: 0.8270
Epoch 7/50 - Val Metric: 0.8105
Epoch 8/50 - Train Loss: 0.5097 - Train Metric: 0.8312
Epoch 8/50 - Val Metric: 0.8106
Epoch 9/50 - Train Loss: 0.5055 - Train Metric: 0.8337
Epoch 9/50 - Val Metric: 0.8109
Epoch 10/50 - Train Loss: 0.5079 - Train Metric: 0.8309
Epoch 10/50 - Val Metric: 0.8107
Epoch 11/50 - Train Loss: 0.5298 - Train Metric: 0.8135
Epoch 11/50 - Val Metric: 0.8109
Epoch 12/50 - Train Loss: 0.5087 - Train Metric: 0.8306
Epoch 12/50 - Val Metric: 0.8103
Epoch 13/50 - Train Loss: 0.5035 - Train Metric: 0.8344
Epoch 13/50 - Val Metric: 0.8104
Epoch 14/50 - Train Loss: 0.5166 - Train Metric: 0.8239
Epoch 14/50 - Val Metric: 0.8107
Epoch 15/50 - Train Loss: 0.5049 - Train Metric: 0.8331
Epoch 15/50 - Val Metric: 0.8109
Epoch 16/50 - Train Loss: 0.5051 - Train Metric: 0.8324
Epoch 16/50 - Val Metric: 0.8109
Epoch 17/50 - Train Loss: 0.5122 - Train Metric: 0.8274
Epoch 17/50 - Val Metric: 0.8105
Epoch 18/50 - Train Loss: 0.5040 - Train Metric: 0.8335
Epoch 18/50 - Val Metric: 0.8109
Epoch 19/50 - Train Loss: 0.5145 - Train Metric: 0.8253
Epoch 19/50 - Val Metric: 0.8111
Epoch 20/50 - Train Loss: 0.5063 - Train Metric: 0.8316
Epoch 20/50 - Val Metric: 0.8111
Epoch 21/50 - Train Loss: 0.5006 - Train Metric: 0.8357
Epoch 21/50 - Val Metric: 0.8110
Epoch 22/50 - Train Loss: 0.5010 - Train Metric: 0.8355
Epoch 22/50 - Val Metric: 0.8113
Epoch 23/50 - Train Loss: 0.5122 - Train Metric: 0.8269
Epoch 23/50 - Val Metric: 0.8119
Epoch 24/50 - Train Loss: 0.5063 - Train Metric: 0.8317
Epoch 24/50 - Val Metric: 0.8119
Epoch 25/50 - Train Loss: 0.5019 - Train Metric: 0.8347
Epoch 25/50 - Val Metric: 0.8120
Epoch 26/50 - Train Loss: 0.4991 - Train Metric: 0.8369
Epoch 26/50 - Val Metric: 0.8116
Epoch 27/50 - Train Loss: 0.4988 - Train Metric: 0.8369
Epoch 27/50 - Val Metric: 0.8122
Epoch 28/50 - Train Loss: 0.5026 - Train Metric: 0.8342
Epoch 28/50 - Val Metric: 0.8121
Epoch 29/50 - Train Loss: 0.5022 - Train Metric: 0.8345
Epoch 29/50 - Val Metric: 0.8132
Epoch 30/50 - Train Loss: 0.5027 - Train Metric: 0.8340
Epoch 30/50 - Val Metric: 0.8130
Epoch 31/50 - Train Loss: 0.4995 - Train Metric: 0.8364
Epoch 31/50 - Val Metric: 0.8139
Epoch 32/50 - Train Loss: 0.4977 - Train Metric: 0.8375
Epoch 32/50 - Val Metric: 0.8141
Epoch 33/50 - Train Loss: 0.4967 - Train Metric: 0.8382
Epoch 33/50 - Val Metric: 0.8143
Epoch 34/50 - Train Loss: 0.4993 - Train Metric: 0.8367
Epoch 34/50 - Val Metric: 0.8120
Epoch 35/50 - Train Loss: 0.4980 - Train Metric: 0.8374
Epoch 35/50 - Val Metric: 0.8150
Epoch 36/50 - Train Loss: 0.4954 - Train Metric: 0.8392
Epoch 36/50 - Val Metric: 0.8131
Epoch 37/50 - Train Loss: 0.4963 - Train Metric: 0.8387
Epoch 37/50 - Val Metric: 0.8154
Epoch 38/50 - Train Loss: 0.4971 - Train Metric: 0.8382
Epoch 38/50 - Val Metric: 0.8144
Epoch 39/50 - Train Loss: 0.4967 - Train Metric: 0.8385
Epoch 39/50 - Val Metric: 0.8165
Epoch 40/50 - Train Loss: 0.4953 - Train Metric: 0.8393
Epoch 40/50 - Val Metric: 0.8140
Epoch 41/50 - Train Loss: 0.4924 - Train Metric: 0.8416
Epoch 41/50 - Val Metric: 0.8161
Epoch 42/50 - Train Loss: 0.4942 - Train Metric: 0.8399
Epoch 42/50 - Val Metric: 0.8113
Epoch 43/50 - Train Loss: 0.4947 - Train Metric: 0.8397
Epoch 43/50 - Val Metric: 0.8176
Epoch 44/50 - Train Loss: 0.4946 - Train Metric: 0.8399
Epoch 44/50 - Val Metric: 0.8161
Epoch 45/50 - Train Loss: 0.4927 - Train Metric: 0.8414
Epoch 45/50 - Val Metric: 0.8191
Epoch 46/50 - Train Loss: 0.5004 - Train Metric: 0.8356
Epoch 46/50 - Val Metric: 0.8074
Epoch 47/50 - Train Loss: 0.4977 - Train Metric: 0.8377
Epoch 47/50 - Val Metric: 0.8148
Epoch 48/50 - Train Loss: 0.4907 - Train Metric: 0.8429
Epoch 48/50 - Val Metric: 0.8169
Epoch 49/50 - Train Loss: 0.4908 - Train Metric: 0.8429
Epoch 49/50 - Val Metric: 0.8175
Epoch 50/50 - Train Loss: 0.4898 - Train Metric: 0.8435
Epoch 50/50 - Val Metric: 0.8208
Best val: 0.8208, Best test: 0.8434
[0.84976453 0.83562994 0.83734941 0.84398621 0.84340537]
