Hyper-parameter search via Optuna
Namespace(task_type='binary_classification', scale='small', idx=4, epochs=50, num_trials=20, num_repeats=5, seed=0, exp_name='MemPerceiver_ens', result_path='output/binary_classification/small/4/MemPerceiver_ens.pt')
Device: cuda
Start building binary_classification dataset_small_4
Training set has 8462 instances
Validation set has 1057 instances
Test set has 1059 instances
Epoch 1/50 - Train Loss: 0.7071 - Train Metric: 0.5095
Epoch 1/50 - Val Metric: 0.4771
Epoch 2/50 - Train Loss: 0.6954 - Train Metric: 0.5117
Epoch 2/50 - Val Metric: 0.5162
Epoch 3/50 - Train Loss: 0.6960 - Train Metric: 0.5040
Epoch 3/50 - Val Metric: 0.7675
Epoch 4/50 - Train Loss: 0.6964 - Train Metric: 0.4996
Epoch 4/50 - Val Metric: 0.7956
Epoch 5/50 - Train Loss: 0.6953 - Train Metric: 0.5035
Epoch 5/50 - Val Metric: 0.8066
Epoch 6/50 - Train Loss: 0.6954 - Train Metric: 0.5028
Epoch 6/50 - Val Metric: 0.8014
Epoch 7/50 - Train Loss: 0.6946 - Train Metric: 0.5054
Epoch 7/50 - Val Metric: 0.7997
Epoch 8/50 - Train Loss: 0.6957 - Train Metric: 0.4973
Epoch 8/50 - Val Metric: 0.7971
Epoch 9/50 - Train Loss: 0.6935 - Train Metric: 0.5139
Epoch 9/50 - Val Metric: 0.7945
Epoch 10/50 - Train Loss: 0.6914 - Train Metric: 0.5331
Epoch 10/50 - Val Metric: 0.7648
Epoch 11/50 - Train Loss: 0.6731 - Train Metric: 0.6155
Epoch 11/50 - Val Metric: 0.7962
Epoch 12/50 - Train Loss: 0.6268 - Train Metric: 0.7064
Epoch 12/50 - Val Metric: 0.8091
Epoch 13/50 - Train Loss: 0.5997 - Train Metric: 0.7415
Epoch 13/50 - Val Metric: 0.8182
Epoch 14/50 - Train Loss: 0.5895 - Train Metric: 0.7537
Epoch 14/50 - Val Metric: 0.8298
Epoch 15/50 - Train Loss: 0.5804 - Train Metric: 0.7645
Epoch 15/50 - Val Metric: 0.8343
Epoch 16/50 - Train Loss: 0.5651 - Train Metric: 0.7815
Epoch 16/50 - Val Metric: 0.8381
Epoch 17/50 - Train Loss: 0.5641 - Train Metric: 0.7818
Epoch 17/50 - Val Metric: 0.8405
Epoch 18/50 - Train Loss: 0.5556 - Train Metric: 0.7907
Epoch 18/50 - Val Metric: 0.8425
Epoch 19/50 - Train Loss: 0.5555 - Train Metric: 0.7906
Epoch 19/50 - Val Metric: 0.8436
Epoch 20/50 - Train Loss: 0.5476 - Train Metric: 0.7981
Epoch 20/50 - Val Metric: 0.8447
Epoch 21/50 - Train Loss: 0.5458 - Train Metric: 0.8000
Epoch 21/50 - Val Metric: 0.8450
Epoch 22/50 - Train Loss: 0.5421 - Train Metric: 0.8030
Epoch 22/50 - Val Metric: 0.8452
Epoch 23/50 - Train Loss: 0.5370 - Train Metric: 0.8072
Epoch 23/50 - Val Metric: 0.8452
Epoch 24/50 - Train Loss: 0.5339 - Train Metric: 0.8098
Epoch 24/50 - Val Metric: 0.8451
Epoch 25/50 - Train Loss: 0.5350 - Train Metric: 0.8092
Epoch 25/50 - Val Metric: 0.8451
Epoch 26/50 - Train Loss: 0.5332 - Train Metric: 0.8105
Epoch 26/50 - Val Metric: 0.8454
Epoch 27/50 - Train Loss: 0.5343 - Train Metric: 0.8097
Epoch 27/50 - Val Metric: 0.8453
Epoch 28/50 - Train Loss: 0.5333 - Train Metric: 0.8102
Epoch 28/50 - Val Metric: 0.8455
Epoch 29/50 - Train Loss: 0.5273 - Train Metric: 0.8154
Epoch 29/50 - Val Metric: 0.8456
Epoch 30/50 - Train Loss: 0.5298 - Train Metric: 0.8134
Epoch 30/50 - Val Metric: 0.8453
Epoch 31/50 - Train Loss: 0.5244 - Train Metric: 0.8178
Epoch 31/50 - Val Metric: 0.8454
Epoch 32/50 - Train Loss: 0.5288 - Train Metric: 0.8142
Epoch 32/50 - Val Metric: 0.8454
Epoch 33/50 - Train Loss: 0.5232 - Train Metric: 0.8188
Epoch 33/50 - Val Metric: 0.8455
Epoch 34/50 - Train Loss: 0.5268 - Train Metric: 0.8157
Epoch 34/50 - Val Metric: 0.8454
Epoch 35/50 - Train Loss: 0.5220 - Train Metric: 0.8199
Epoch 35/50 - Val Metric: 0.8455
Epoch 36/50 - Train Loss: 0.5253 - Train Metric: 0.8169
Epoch 36/50 - Val Metric: 0.8453
Epoch 37/50 - Train Loss: 0.5245 - Train Metric: 0.8176
Epoch 37/50 - Val Metric: 0.8455
Epoch 38/50 - Train Loss: 0.5231 - Train Metric: 0.8190
Epoch 38/50 - Val Metric: 0.8453
Epoch 39/50 - Train Loss: 0.5224 - Train Metric: 0.8193
Epoch 39/50 - Val Metric: 0.8453
Epoch 40/50 - Train Loss: 0.5239 - Train Metric: 0.8180
Epoch 40/50 - Val Metric: 0.8453
Epoch 41/50 - Train Loss: 0.5221 - Train Metric: 0.8196
Epoch 41/50 - Val Metric: 0.8453
Epoch 42/50 - Train Loss: 0.5256 - Train Metric: 0.8166
Epoch 42/50 - Val Metric: 0.8454
Epoch 43/50 - Train Loss: 0.5183 - Train Metric: 0.8228
Epoch 43/50 - Val Metric: 0.8454
Epoch 44/50 - Train Loss: 0.5207 - Train Metric: 0.8207
Epoch 44/50 - Val Metric: 0.8452
Epoch 45/50 - Train Loss: 0.5191 - Train Metric: 0.8220
Epoch 45/50 - Val Metric: 0.8452
Epoch 46/50 - Train Loss: 0.5195 - Train Metric: 0.8215
Epoch 46/50 - Val Metric: 0.8452
Epoch 47/50 - Train Loss: 0.5180 - Train Metric: 0.8228
Epoch 47/50 - Val Metric: 0.8453
Epoch 48/50 - Train Loss: 0.5210 - Train Metric: 0.8203
Epoch 48/50 - Val Metric: 0.8453
Epoch 49/50 - Train Loss: 0.5190 - Train Metric: 0.8218
Epoch 49/50 - Val Metric: 0.8453
Epoch 50/50 - Train Loss: 0.5196 - Train Metric: 0.8214
Epoch 50/50 - Val Metric: 0.8454
Best val: 0.8456, Best test: 0.8062
Training set has 8462 instances
Validation set has 1057 instances
Test set has 1059 instances
Epoch 1/50 - Train Loss: 0.6972 - Train Metric: 0.5083
Epoch 1/50 - Val Metric: 0.7255
Epoch 2/50 - Train Loss: 0.6859 - Train Metric: 0.5414
Epoch 2/50 - Val Metric: 0.8033
Epoch 3/50 - Train Loss: 0.5248 - Train Metric: 0.8177
Epoch 3/50 - Val Metric: 0.8213
Epoch 4/50 - Train Loss: 0.5110 - Train Metric: 0.8285
Epoch 4/50 - Val Metric: 0.8219
Epoch 5/50 - Train Loss: 0.5068 - Train Metric: 0.8309
Epoch 5/50 - Val Metric: 0.8244
Epoch 6/50 - Train Loss: 0.4994 - Train Metric: 0.8357
Epoch 6/50 - Val Metric: 0.8256
Epoch 7/50 - Train Loss: 0.4958 - Train Metric: 0.8386
Epoch 7/50 - Val Metric: 0.8290
Epoch 8/50 - Train Loss: 0.4927 - Train Metric: 0.8404
Epoch 8/50 - Val Metric: 0.8338
Epoch 9/50 - Train Loss: 0.4845 - Train Metric: 0.8465
Epoch 9/50 - Val Metric: 0.8360
Epoch 10/50 - Train Loss: 0.4800 - Train Metric: 0.8498
Epoch 10/50 - Val Metric: 0.8379
Epoch 11/50 - Train Loss: 0.4844 - Train Metric: 0.8468
Epoch 11/50 - Val Metric: 0.8376
Epoch 12/50 - Train Loss: 0.4757 - Train Metric: 0.8528
Epoch 12/50 - Val Metric: 0.8386
Epoch 13/50 - Train Loss: 0.4734 - Train Metric: 0.8544
Epoch 13/50 - Val Metric: 0.8398
Epoch 14/50 - Train Loss: 0.4728 - Train Metric: 0.8546
Epoch 14/50 - Val Metric: 0.8407
Epoch 15/50 - Train Loss: 0.4716 - Train Metric: 0.8555
Epoch 15/50 - Val Metric: 0.8414
Epoch 16/50 - Train Loss: 0.4756 - Train Metric: 0.8526
Epoch 16/50 - Val Metric: 0.8421
Epoch 17/50 - Train Loss: 0.4758 - Train Metric: 0.8531
Epoch 17/50 - Val Metric: 0.8427
Epoch 18/50 - Train Loss: 0.4686 - Train Metric: 0.8576
Epoch 18/50 - Val Metric: 0.8432
Epoch 19/50 - Train Loss: 0.4686 - Train Metric: 0.8575
Epoch 19/50 - Val Metric: 0.8436
Epoch 20/50 - Train Loss: 0.4664 - Train Metric: 0.8590
Epoch 20/50 - Val Metric: 0.8443
Epoch 21/50 - Train Loss: 0.4674 - Train Metric: 0.8584
Epoch 21/50 - Val Metric: 0.8442
Epoch 22/50 - Train Loss: 0.4651 - Train Metric: 0.8597
Epoch 22/50 - Val Metric: 0.8454
Epoch 23/50 - Train Loss: 0.4645 - Train Metric: 0.8601
Epoch 23/50 - Val Metric: 0.8451
Epoch 24/50 - Train Loss: 0.4647 - Train Metric: 0.8601
Epoch 24/50 - Val Metric: 0.8456
Epoch 25/50 - Train Loss: 0.4639 - Train Metric: 0.8605
Epoch 25/50 - Val Metric: 0.8460
Epoch 26/50 - Train Loss: 0.4639 - Train Metric: 0.8607
Epoch 26/50 - Val Metric: 0.8462
Epoch 27/50 - Train Loss: 0.4642 - Train Metric: 0.8603
Epoch 27/50 - Val Metric: 0.8464
Epoch 28/50 - Train Loss: 0.4624 - Train Metric: 0.8615
Epoch 28/50 - Val Metric: 0.8463
Epoch 29/50 - Train Loss: 0.4620 - Train Metric: 0.8616
Epoch 29/50 - Val Metric: 0.8469
Epoch 30/50 - Train Loss: 0.4629 - Train Metric: 0.8611
Epoch 30/50 - Val Metric: 0.8478
Epoch 31/50 - Train Loss: 0.4623 - Train Metric: 0.8617
Epoch 31/50 - Val Metric: 0.8470
Epoch 32/50 - Train Loss: 0.4624 - Train Metric: 0.8616
Epoch 32/50 - Val Metric: 0.8475
Epoch 33/50 - Train Loss: 0.4621 - Train Metric: 0.8617
Epoch 33/50 - Val Metric: 0.8477
Epoch 34/50 - Train Loss: 0.4612 - Train Metric: 0.8622
Epoch 34/50 - Val Metric: 0.8479
Epoch 35/50 - Train Loss: 0.4615 - Train Metric: 0.8621
Epoch 35/50 - Val Metric: 0.8474
Epoch 36/50 - Train Loss: 0.4607 - Train Metric: 0.8626
Epoch 36/50 - Val Metric: 0.8482
Epoch 37/50 - Train Loss: 0.4603 - Train Metric: 0.8629
Epoch 37/50 - Val Metric: 0.8477
Epoch 38/50 - Train Loss: 0.4609 - Train Metric: 0.8624
Epoch 38/50 - Val Metric: 0.8479
Epoch 39/50 - Train Loss: 0.4606 - Train Metric: 0.8627
Epoch 39/50 - Val Metric: 0.8480
Epoch 40/50 - Train Loss: 0.4603 - Train Metric: 0.8629
Epoch 40/50 - Val Metric: 0.8482
Epoch 41/50 - Train Loss: 0.4604 - Train Metric: 0.8626
Epoch 41/50 - Val Metric: 0.8481
Epoch 42/50 - Train Loss: 0.4600 - Train Metric: 0.8630
Epoch 42/50 - Val Metric: 0.8484
Epoch 43/50 - Train Loss: 0.4599 - Train Metric: 0.8630
Epoch 43/50 - Val Metric: 0.8484
Epoch 44/50 - Train Loss: 0.4592 - Train Metric: 0.8636
Epoch 44/50 - Val Metric: 0.8485
Epoch 45/50 - Train Loss: 0.4599 - Train Metric: 0.8631
Epoch 45/50 - Val Metric: 0.8484
Epoch 46/50 - Train Loss: 0.4598 - Train Metric: 0.8631
Epoch 46/50 - Val Metric: 0.8483
Epoch 47/50 - Train Loss: 0.4601 - Train Metric: 0.8629
Epoch 47/50 - Val Metric: 0.8484
Epoch 48/50 - Train Loss: 0.4598 - Train Metric: 0.8631
Epoch 48/50 - Val Metric: 0.8484
Epoch 49/50 - Train Loss: 0.4598 - Train Metric: 0.8631
Epoch 49/50 - Val Metric: 0.8483
Epoch 50/50 - Train Loss: 0.4596 - Train Metric: 0.8632
Epoch 50/50 - Val Metric: 0.8484
Best val: 0.8485, Best test: 0.8461
Training set has 8462 instances
Validation set has 1057 instances
Test set has 1059 instances
Epoch 1/50 - Train Loss: 0.6953 - Train Metric: 0.5072
Epoch 1/50 - Val Metric: 0.7641
Epoch 2/50 - Train Loss: 0.6928 - Train Metric: 0.5404
Epoch 2/50 - Val Metric: 0.7937
Epoch 3/50 - Train Loss: 0.6824 - Train Metric: 0.5757
Epoch 3/50 - Val Metric: 0.8064
Epoch 4/50 - Train Loss: 0.5462 - Train Metric: 0.7999
Epoch 4/50 - Val Metric: 0.8292
Epoch 5/50 - Train Loss: 0.5361 - Train Metric: 0.8085
Epoch 5/50 - Val Metric: 0.8321
Epoch 6/50 - Train Loss: 0.5189 - Train Metric: 0.8231
Epoch 6/50 - Val Metric: 0.8329
Epoch 7/50 - Train Loss: 0.5090 - Train Metric: 0.8303
Epoch 7/50 - Val Metric: 0.8334
Epoch 8/50 - Train Loss: 0.5117 - Train Metric: 0.8276
Epoch 8/50 - Val Metric: 0.8340
Epoch 9/50 - Train Loss: 0.5143 - Train Metric: 0.8253
Epoch 9/50 - Val Metric: 0.8338
Epoch 10/50 - Train Loss: 0.5122 - Train Metric: 0.8267
Epoch 10/50 - Val Metric: 0.8341
Epoch 11/50 - Train Loss: 0.5099 - Train Metric: 0.8280
Epoch 11/50 - Val Metric: 0.8341
Epoch 12/50 - Train Loss: 0.5102 - Train Metric: 0.8280
Epoch 12/50 - Val Metric: 0.8340
Epoch 13/50 - Train Loss: 0.5091 - Train Metric: 0.8287
Epoch 13/50 - Val Metric: 0.8342
Epoch 14/50 - Train Loss: 0.5080 - Train Metric: 0.8295
Epoch 14/50 - Val Metric: 0.8342
Epoch 15/50 - Train Loss: 0.5050 - Train Metric: 0.8316
Epoch 15/50 - Val Metric: 0.8342
Epoch 16/50 - Train Loss: 0.5069 - Train Metric: 0.8299
Epoch 16/50 - Val Metric: 0.8340
Epoch 17/50 - Train Loss: 0.5051 - Train Metric: 0.8314
Epoch 17/50 - Val Metric: 0.8341
Epoch 18/50 - Train Loss: 0.5054 - Train Metric: 0.8310
Epoch 18/50 - Val Metric: 0.8342
Epoch 19/50 - Train Loss: 0.5054 - Train Metric: 0.8312
Epoch 19/50 - Val Metric: 0.8344
Epoch 20/50 - Train Loss: 0.5058 - Train Metric: 0.8311
Epoch 20/50 - Val Metric: 0.8342
Epoch 21/50 - Train Loss: 0.5066 - Train Metric: 0.8301
Epoch 21/50 - Val Metric: 0.8344
Epoch 22/50 - Train Loss: 0.5042 - Train Metric: 0.8320
Epoch 22/50 - Val Metric: 0.8341
Epoch 23/50 - Train Loss: 0.5037 - Train Metric: 0.8323
Epoch 23/50 - Val Metric: 0.8343
Epoch 24/50 - Train Loss: 0.5056 - Train Metric: 0.8309
Epoch 24/50 - Val Metric: 0.8343
Epoch 25/50 - Train Loss: 0.5044 - Train Metric: 0.8319
Epoch 25/50 - Val Metric: 0.8341
Epoch 26/50 - Train Loss: 0.5049 - Train Metric: 0.8314
Epoch 26/50 - Val Metric: 0.8341
Epoch 27/50 - Train Loss: 0.5034 - Train Metric: 0.8324
Epoch 27/50 - Val Metric: 0.8341
Epoch 28/50 - Train Loss: 0.5047 - Train Metric: 0.8314
Epoch 28/50 - Val Metric: 0.8341
Epoch 29/50 - Train Loss: 0.5034 - Train Metric: 0.8324
Epoch 29/50 - Val Metric: 0.8343
Epoch 30/50 - Train Loss: 0.5037 - Train Metric: 0.8321
Epoch 30/50 - Val Metric: 0.8343
Epoch 31/50 - Train Loss: 0.5036 - Train Metric: 0.8321
Epoch 31/50 - Val Metric: 0.8341
Epoch 32/50 - Train Loss: 0.5040 - Train Metric: 0.8319
Epoch 32/50 - Val Metric: 0.8342
Epoch 33/50 - Train Loss: 0.5043 - Train Metric: 0.8318
Epoch 33/50 - Val Metric: 0.8340
Epoch 34/50 - Train Loss: 0.5031 - Train Metric: 0.8326
Epoch 34/50 - Val Metric: 0.8344
Epoch 35/50 - Train Loss: 0.5031 - Train Metric: 0.8326
Epoch 35/50 - Val Metric: 0.8342
Epoch 36/50 - Train Loss: 0.5033 - Train Metric: 0.8325
Epoch 36/50 - Val Metric: 0.8342
Epoch 37/50 - Train Loss: 0.5038 - Train Metric: 0.8322
Epoch 37/50 - Val Metric: 0.8340
Epoch 38/50 - Train Loss: 0.5029 - Train Metric: 0.8327
Epoch 38/50 - Val Metric: 0.8342
Epoch 39/50 - Train Loss: 0.5024 - Train Metric: 0.8331
Epoch 39/50 - Val Metric: 0.8340
Epoch 40/50 - Train Loss: 0.5031 - Train Metric: 0.8325
Epoch 40/50 - Val Metric: 0.8341
Epoch 41/50 - Train Loss: 0.5030 - Train Metric: 0.8326
Epoch 41/50 - Val Metric: 0.8341
Epoch 42/50 - Train Loss: 0.5030 - Train Metric: 0.8326
Epoch 42/50 - Val Metric: 0.8344
Epoch 43/50 - Train Loss: 0.5035 - Train Metric: 0.8322
Epoch 43/50 - Val Metric: 0.8341
Epoch 44/50 - Train Loss: 0.5030 - Train Metric: 0.8327
Epoch 44/50 - Val Metric: 0.8342
Epoch 45/50 - Train Loss: 0.5030 - Train Metric: 0.8326
Epoch 45/50 - Val Metric: 0.8343
Epoch 46/50 - Train Loss: 0.5025 - Train Metric: 0.8328
Epoch 46/50 - Val Metric: 0.8342
Epoch 47/50 - Train Loss: 0.5025 - Train Metric: 0.8329
Epoch 47/50 - Val Metric: 0.8343
Epoch 48/50 - Train Loss: 0.5029 - Train Metric: 0.8326
Epoch 48/50 - Val Metric: 0.8341
Epoch 49/50 - Train Loss: 0.5028 - Train Metric: 0.8328
Epoch 49/50 - Val Metric: 0.8342
Epoch 50/50 - Train Loss: 0.5027 - Train Metric: 0.8327
Epoch 50/50 - Val Metric: 0.8343
Best val: 0.8344, Best test: 0.8362
Training set has 8462 instances
Validation set has 1057 instances
Test set has 1059 instances
Epoch 1/50 - Train Loss: 0.7180 - Train Metric: 0.5033
Epoch 1/50 - Val Metric: 0.8073
Epoch 2/50 - Train Loss: 0.7023 - Train Metric: 0.4849
Epoch 2/50 - Val Metric: 0.7671
Epoch 3/50 - Train Loss: 0.6964 - Train Metric: 0.5108
Epoch 3/50 - Val Metric: 0.7980
Epoch 4/50 - Train Loss: 0.6981 - Train Metric: 0.4995
Epoch 4/50 - Val Metric: 0.8053
Epoch 5/50 - Train Loss: 0.6973 - Train Metric: 0.5028
Epoch 5/50 - Val Metric: 0.8082
Epoch 6/50 - Train Loss: 0.6954 - Train Metric: 0.5068
Epoch 6/50 - Val Metric: 0.8102
Epoch 7/50 - Train Loss: 0.6948 - Train Metric: 0.5119
Epoch 7/50 - Val Metric: 0.8095
Epoch 8/50 - Train Loss: 0.6940 - Train Metric: 0.5180
Epoch 8/50 - Val Metric: 0.8066
Epoch 9/50 - Train Loss: 0.6959 - Train Metric: 0.5011
Epoch 9/50 - Val Metric: 0.8077
Epoch 10/50 - Train Loss: 0.6932 - Train Metric: 0.5199
Epoch 10/50 - Val Metric: 0.8075
Epoch 11/50 - Train Loss: 0.6911 - Train Metric: 0.5348
Epoch 11/50 - Val Metric: 0.8123
Epoch 12/50 - Train Loss: 0.6457 - Train Metric: 0.6800
Epoch 12/50 - Val Metric: 0.8339
Epoch 13/50 - Train Loss: 0.5686 - Train Metric: 0.7769
Epoch 13/50 - Val Metric: 0.8465
Epoch 14/50 - Train Loss: 0.5410 - Train Metric: 0.8035
Epoch 14/50 - Val Metric: 0.8487
Epoch 15/50 - Train Loss: 0.5357 - Train Metric: 0.8076
Epoch 15/50 - Val Metric: 0.8499
Epoch 16/50 - Train Loss: 0.5328 - Train Metric: 0.8102
Epoch 16/50 - Val Metric: 0.8501
Epoch 17/50 - Train Loss: 0.5210 - Train Metric: 0.8204
Epoch 17/50 - Val Metric: 0.8499
Epoch 18/50 - Train Loss: 0.5238 - Train Metric: 0.8173
Epoch 18/50 - Val Metric: 0.8504
Epoch 19/50 - Train Loss: 0.5161 - Train Metric: 0.8237
Epoch 19/50 - Val Metric: 0.8503
Epoch 20/50 - Train Loss: 0.5179 - Train Metric: 0.8218
Epoch 20/50 - Val Metric: 0.8498
Epoch 21/50 - Train Loss: 0.5240 - Train Metric: 0.8171
Epoch 21/50 - Val Metric: 0.8497
Epoch 22/50 - Train Loss: 0.5157 - Train Metric: 0.8237
Epoch 22/50 - Val Metric: 0.8496
Epoch 23/50 - Train Loss: 0.5174 - Train Metric: 0.8220
Epoch 23/50 - Val Metric: 0.8495
Epoch 24/50 - Train Loss: 0.5169 - Train Metric: 0.8223
Epoch 24/50 - Val Metric: 0.8501
Epoch 25/50 - Train Loss: 0.5146 - Train Metric: 0.8243
Epoch 25/50 - Val Metric: 0.8500
Epoch 26/50 - Train Loss: 0.5134 - Train Metric: 0.8250
Epoch 26/50 - Val Metric: 0.8496
Epoch 27/50 - Train Loss: 0.5155 - Train Metric: 0.8232
Epoch 27/50 - Val Metric: 0.8496
Epoch 28/50 - Train Loss: 0.5133 - Train Metric: 0.8252
Epoch 28/50 - Val Metric: 0.8500
Epoch 29/50 - Train Loss: 0.5104 - Train Metric: 0.8271
Epoch 29/50 - Val Metric: 0.8497
Epoch 30/50 - Train Loss: 0.5141 - Train Metric: 0.8245
Epoch 30/50 - Val Metric: 0.8499
Epoch 31/50 - Train Loss: 0.5155 - Train Metric: 0.8231
Epoch 31/50 - Val Metric: 0.8495
Epoch 32/50 - Train Loss: 0.5131 - Train Metric: 0.8254
Epoch 32/50 - Val Metric: 0.8497
Epoch 33/50 - Train Loss: 0.5119 - Train Metric: 0.8261
Epoch 33/50 - Val Metric: 0.8493
Epoch 34/50 - Train Loss: 0.5132 - Train Metric: 0.8249
Epoch 34/50 - Val Metric: 0.8496
Epoch 35/50 - Train Loss: 0.5140 - Train Metric: 0.8244
Epoch 35/50 - Val Metric: 0.8493
Epoch 36/50 - Train Loss: 0.5126 - Train Metric: 0.8257
Epoch 36/50 - Val Metric: 0.8498
Epoch 37/50 - Train Loss: 0.5094 - Train Metric: 0.8278
Epoch 37/50 - Val Metric: 0.8496
Epoch 38/50 - Train Loss: 0.5121 - Train Metric: 0.8257
Epoch 38/50 - Val Metric: 0.8495
Epoch 39/50 - Train Loss: 0.5109 - Train Metric: 0.8267
Epoch 39/50 - Val Metric: 0.8495
Epoch 40/50 - Train Loss: 0.5078 - Train Metric: 0.8293
Epoch 40/50 - Val Metric: 0.8493
Epoch 41/50 - Train Loss: 0.5124 - Train Metric: 0.8258
Epoch 41/50 - Val Metric: 0.8499
Epoch 42/50 - Train Loss: 0.5123 - Train Metric: 0.8257
Epoch 42/50 - Val Metric: 0.8494
Epoch 43/50 - Train Loss: 0.5120 - Train Metric: 0.8259
Epoch 43/50 - Val Metric: 0.8496
Epoch 44/50 - Train Loss: 0.5109 - Train Metric: 0.8266
Epoch 44/50 - Val Metric: 0.8494
Epoch 45/50 - Train Loss: 0.5116 - Train Metric: 0.8265
Epoch 45/50 - Val Metric: 0.8499
Epoch 46/50 - Train Loss: 0.5115 - Train Metric: 0.8263
Epoch 46/50 - Val Metric: 0.8495
Epoch 47/50 - Train Loss: 0.5111 - Train Metric: 0.8267
Epoch 47/50 - Val Metric: 0.8493
Epoch 48/50 - Train Loss: 0.5100 - Train Metric: 0.8275
Epoch 48/50 - Val Metric: 0.8492
Epoch 49/50 - Train Loss: 0.5111 - Train Metric: 0.8268
Epoch 49/50 - Val Metric: 0.8491
Epoch 50/50 - Train Loss: 0.5110 - Train Metric: 0.8267
Epoch 50/50 - Val Metric: 0.8492
Best val: 0.8504, Best test: 0.8191
Training set has 8462 instances
Validation set has 1057 instances
Test set has 1059 instances
Epoch 1/50 - Train Loss: 0.7336 - Train Metric: 0.5084
Epoch 1/50 - Val Metric: 0.5625
Epoch 2/50 - Train Loss: 0.6965 - Train Metric: 0.5105
Epoch 2/50 - Val Metric: 0.6187
Epoch 3/50 - Train Loss: 0.6979 - Train Metric: 0.4962
Epoch 3/50 - Val Metric: 0.6863
Epoch 4/50 - Train Loss: 0.6968 - Train Metric: 0.4979
Epoch 4/50 - Val Metric: 0.7372
Epoch 5/50 - Train Loss: 0.6971 - Train Metric: 0.4993
Epoch 5/50 - Val Metric: 0.7240
Epoch 6/50 - Train Loss: 0.6963 - Train Metric: 0.5086
Epoch 6/50 - Val Metric: 0.7488
Epoch 7/50 - Train Loss: 0.6973 - Train Metric: 0.4896
Epoch 7/50 - Val Metric: 0.7607
Epoch 8/50 - Train Loss: 0.6967 - Train Metric: 0.4970
Epoch 8/50 - Val Metric: 0.7512
Epoch 9/50 - Train Loss: 0.6958 - Train Metric: 0.4958
Epoch 9/50 - Val Metric: 0.7602
Epoch 10/50 - Train Loss: 0.6956 - Train Metric: 0.4952
Epoch 10/50 - Val Metric: 0.7591
Epoch 11/50 - Train Loss: 0.6944 - Train Metric: 0.5081
Epoch 11/50 - Val Metric: 0.7630
Epoch 12/50 - Train Loss: 0.6956 - Train Metric: 0.5015
Epoch 12/50 - Val Metric: 0.7640
Epoch 13/50 - Train Loss: 0.6946 - Train Metric: 0.5034
Epoch 13/50 - Val Metric: 0.7636
Epoch 14/50 - Train Loss: 0.6953 - Train Metric: 0.4986
Epoch 14/50 - Val Metric: 0.7638
Epoch 15/50 - Train Loss: 0.6954 - Train Metric: 0.4977
Epoch 15/50 - Val Metric: 0.7531
Epoch 16/50 - Train Loss: 0.6949 - Train Metric: 0.4934
Epoch 16/50 - Val Metric: 0.7580
Epoch 17/50 - Train Loss: 0.6945 - Train Metric: 0.4981
Epoch 17/50 - Val Metric: 0.7617
Epoch 18/50 - Train Loss: 0.6949 - Train Metric: 0.4960
Epoch 18/50 - Val Metric: 0.7600
Epoch 19/50 - Train Loss: 0.6952 - Train Metric: 0.4917
Epoch 19/50 - Val Metric: 0.7610
Epoch 20/50 - Train Loss: 0.6942 - Train Metric: 0.4999
Epoch 20/50 - Val Metric: 0.7549
Epoch 21/50 - Train Loss: 0.6947 - Train Metric: 0.4929
Epoch 21/50 - Val Metric: 0.7608
Epoch 22/50 - Train Loss: 0.6938 - Train Metric: 0.5059
Epoch 22/50 - Val Metric: 0.7600
Epoch 23/50 - Train Loss: 0.6945 - Train Metric: 0.4973
Epoch 23/50 - Val Metric: 0.7582
Epoch 24/50 - Train Loss: 0.6943 - Train Metric: 0.5016
Epoch 24/50 - Val Metric: 0.7601
Epoch 25/50 - Train Loss: 0.6933 - Train Metric: 0.5133
Epoch 25/50 - Val Metric: 0.7597
Epoch 26/50 - Train Loss: 0.6937 - Train Metric: 0.5068
Epoch 26/50 - Val Metric: 0.7592
Epoch 27/50 - Train Loss: 0.6940 - Train Metric: 0.5028
Epoch 27/50 - Val Metric: 0.7600
Epoch 28/50 - Train Loss: 0.6933 - Train Metric: 0.5093
Epoch 28/50 - Val Metric: 0.7596
Epoch 29/50 - Train Loss: 0.6937 - Train Metric: 0.5059
Epoch 29/50 - Val Metric: 0.7591
Epoch 30/50 - Train Loss: 0.6936 - Train Metric: 0.5053
Epoch 30/50 - Val Metric: 0.7600
Epoch 31/50 - Train Loss: 0.6938 - Train Metric: 0.5037
Epoch 31/50 - Val Metric: 0.7602
Epoch 32/50 - Train Loss: 0.6931 - Train Metric: 0.5134
Epoch 32/50 - Val Metric: 0.7583
Epoch 33/50 - Train Loss: 0.6943 - Train Metric: 0.4996
Epoch 33/50 - Val Metric: 0.7601
Epoch 34/50 - Train Loss: 0.6923 - Train Metric: 0.5227
Epoch 34/50 - Val Metric: 0.7602
Epoch 35/50 - Train Loss: 0.6930 - Train Metric: 0.5124
Epoch 35/50 - Val Metric: 0.7580
Epoch 36/50 - Train Loss: 0.6930 - Train Metric: 0.5141
Epoch 36/50 - Val Metric: 0.7597
Epoch 37/50 - Train Loss: 0.6942 - Train Metric: 0.4999
Epoch 37/50 - Val Metric: 0.7598
Epoch 38/50 - Train Loss: 0.6924 - Train Metric: 0.5264
Epoch 38/50 - Val Metric: 0.7598
Epoch 39/50 - Train Loss: 0.6927 - Train Metric: 0.5187
Epoch 39/50 - Val Metric: 0.7605
Epoch 40/50 - Train Loss: 0.6934 - Train Metric: 0.5099
Epoch 40/50 - Val Metric: 0.7602
Epoch 41/50 - Train Loss: 0.6939 - Train Metric: 0.5044
Epoch 41/50 - Val Metric: 0.7609
Epoch 42/50 - Train Loss: 0.6929 - Train Metric: 0.5140
Epoch 42/50 - Val Metric: 0.7607
Epoch 43/50 - Train Loss: 0.6934 - Train Metric: 0.5109
Epoch 43/50 - Val Metric: 0.7604
Epoch 44/50 - Train Loss: 0.6933 - Train Metric: 0.5101
Epoch 44/50 - Val Metric: 0.7606
Epoch 45/50 - Train Loss: 0.6926 - Train Metric: 0.5193
Epoch 45/50 - Val Metric: 0.7607
Epoch 46/50 - Train Loss: 0.6932 - Train Metric: 0.5114
Epoch 46/50 - Val Metric: 0.7596
Epoch 47/50 - Train Loss: 0.6935 - Train Metric: 0.5066
Epoch 47/50 - Val Metric: 0.7610
Epoch 48/50 - Train Loss: 0.6939 - Train Metric: 0.5047
Epoch 48/50 - Val Metric: 0.7602
Epoch 49/50 - Train Loss: 0.6932 - Train Metric: 0.5128
Epoch 49/50 - Val Metric: 0.7605
Epoch 50/50 - Train Loss: 0.6931 - Train Metric: 0.5127
Epoch 50/50 - Val Metric: 0.7598
Best val: 0.7640, Best test: 0.7685
Training set has 8462 instances
Validation set has 1057 instances
Test set has 1059 instances
Epoch 1/50 - Train Loss: 0.7029 - Train Metric: 0.5020
Epoch 1/50 - Val Metric: 0.8133
Epoch 2/50 - Train Loss: 0.7004 - Train Metric: 0.5031
Epoch 2/50 - Val Metric: 0.8232
Epoch 3/50 - Train Loss: 0.6957 - Train Metric: 0.5142
Epoch 3/50 - Val Metric: 0.8248
Epoch 4/50 - Train Loss: 0.6949 - Train Metric: 0.5078
Epoch 4/50 - Val Metric: 0.8250
Epoch 5/50 - Train Loss: 0.6949 - Train Metric: 0.5074
Epoch 5/50 - Val Metric: 0.8286
Epoch 6/50 - Train Loss: 0.6932 - Train Metric: 0.5025
Epoch 6/50 - Val Metric: 0.8166
Epoch 7/50 - Train Loss: 0.6377 - Train Metric: 0.6623
Epoch 7/50 - Val Metric: 0.8254
Epoch 8/50 - Train Loss: 0.5182 - Train Metric: 0.8220
Epoch 8/50 - Val Metric: 0.8369
Epoch 9/50 - Train Loss: 0.5064 - Train Metric: 0.8309
Epoch 9/50 - Val Metric: 0.8390
Epoch 10/50 - Train Loss: 0.5176 - Train Metric: 0.8227
Epoch 10/50 - Val Metric: 0.8408
Epoch 11/50 - Train Loss: 0.4997 - Train Metric: 0.8363
Epoch 11/50 - Val Metric: 0.8424
Epoch 12/50 - Train Loss: 0.4913 - Train Metric: 0.8421
Epoch 12/50 - Val Metric: 0.8487
Epoch 13/50 - Train Loss: 0.4813 - Train Metric: 0.8494
Epoch 13/50 - Val Metric: 0.8518
Epoch 14/50 - Train Loss: 0.4814 - Train Metric: 0.8497
Epoch 14/50 - Val Metric: 0.8484
Epoch 15/50 - Train Loss: 0.4889 - Train Metric: 0.8440
Epoch 15/50 - Val Metric: 0.8531
Epoch 16/50 - Train Loss: 0.4710 - Train Metric: 0.8564
Epoch 16/50 - Val Metric: 0.8615
Epoch 17/50 - Train Loss: 0.4695 - Train Metric: 0.8578
Epoch 17/50 - Val Metric: 0.8610
Epoch 18/50 - Train Loss: 0.4642 - Train Metric: 0.8613
Epoch 18/50 - Val Metric: 0.8678
Epoch 19/50 - Train Loss: 0.4593 - Train Metric: 0.8637
Epoch 19/50 - Val Metric: 0.8613
Epoch 20/50 - Train Loss: 0.4669 - Train Metric: 0.8595
Epoch 20/50 - Val Metric: 0.8645
Epoch 21/50 - Train Loss: 0.4594 - Train Metric: 0.8646
Epoch 21/50 - Val Metric: 0.8642
Epoch 22/50 - Train Loss: 0.4592 - Train Metric: 0.8647
Epoch 22/50 - Val Metric: 0.8635
Epoch 23/50 - Train Loss: 0.4673 - Train Metric: 0.8596
Epoch 23/50 - Val Metric: 0.8586
Epoch 24/50 - Train Loss: 0.4639 - Train Metric: 0.8610
Epoch 24/50 - Val Metric: 0.8597
Epoch 25/50 - Train Loss: 0.4596 - Train Metric: 0.8641
Epoch 25/50 - Val Metric: 0.8600
Epoch 26/50 - Train Loss: 0.4592 - Train Metric: 0.8648
Epoch 26/50 - Val Metric: 0.8647
Epoch 27/50 - Train Loss: 0.4503 - Train Metric: 0.8699
Epoch 27/50 - Val Metric: 0.8629
Epoch 28/50 - Train Loss: 0.4522 - Train Metric: 0.8689
Epoch 28/50 - Val Metric: 0.8718
Epoch 29/50 - Train Loss: 0.4535 - Train Metric: 0.8684
Epoch 29/50 - Val Metric: 0.8681
Epoch 30/50 - Train Loss: 0.4508 - Train Metric: 0.8698
Epoch 30/50 - Val Metric: 0.8648
Epoch 31/50 - Train Loss: 0.4533 - Train Metric: 0.8682
Epoch 31/50 - Val Metric: 0.8723
Epoch 32/50 - Train Loss: 0.4487 - Train Metric: 0.8709
Epoch 32/50 - Val Metric: 0.8723
Epoch 33/50 - Train Loss: 0.4479 - Train Metric: 0.8718
Epoch 33/50 - Val Metric: 0.8724
Epoch 34/50 - Train Loss: 0.4491 - Train Metric: 0.8712
Epoch 34/50 - Val Metric: 0.8677
Epoch 35/50 - Train Loss: 0.4452 - Train Metric: 0.8731
Epoch 35/50 - Val Metric: 0.8697
Epoch 36/50 - Train Loss: 0.4456 - Train Metric: 0.8732
Epoch 36/50 - Val Metric: 0.8707
Epoch 37/50 - Train Loss: 0.4484 - Train Metric: 0.8716
Epoch 37/50 - Val Metric: 0.8661
Epoch 38/50 - Train Loss: 0.4467 - Train Metric: 0.8726
Epoch 38/50 - Val Metric: 0.8759
Epoch 39/50 - Train Loss: 0.4415 - Train Metric: 0.8755
Epoch 39/50 - Val Metric: 0.8704
Epoch 40/50 - Train Loss: 0.4453 - Train Metric: 0.8734
Epoch 40/50 - Val Metric: 0.8727
Epoch 41/50 - Train Loss: 0.4478 - Train Metric: 0.8717
Epoch 41/50 - Val Metric: 0.8700
Epoch 42/50 - Train Loss: 0.4445 - Train Metric: 0.8738
Epoch 42/50 - Val Metric: 0.8702
Epoch 43/50 - Train Loss: 0.4415 - Train Metric: 0.8756
Epoch 43/50 - Val Metric: 0.8726
Epoch 44/50 - Train Loss: 0.4420 - Train Metric: 0.8755
Epoch 44/50 - Val Metric: 0.8755
Epoch 45/50 - Train Loss: 0.4426 - Train Metric: 0.8753
Epoch 45/50 - Val Metric: 0.8745
Epoch 46/50 - Train Loss: 0.4374 - Train Metric: 0.8782
Epoch 46/50 - Val Metric: 0.8707
Epoch 47/50 - Train Loss: 0.4451 - Train Metric: 0.8735
Epoch 47/50 - Val Metric: 0.8724
Epoch 48/50 - Train Loss: 0.4431 - Train Metric: 0.8746
Epoch 48/50 - Val Metric: 0.8733
Epoch 49/50 - Train Loss: 0.4375 - Train Metric: 0.8780
Epoch 49/50 - Val Metric: 0.8743
Epoch 50/50 - Train Loss: 0.4362 - Train Metric: 0.8788
Epoch 50/50 - Val Metric: 0.8727
Best val: 0.8759, Best test: 0.8627
Training set has 8462 instances
Validation set has 1057 instances
Test set has 1059 instances
Training set has 8462 instances
Validation set has 1057 instances
Test set has 1059 instances
Epoch 1/50 - Train Loss: 0.7042 - Train Metric: 0.4986
Epoch 1/50 - Val Metric: 0.7569
Epoch 2/50 - Train Loss: 0.6981 - Train Metric: 0.4967
Epoch 2/50 - Val Metric: 0.7881
Training set has 8462 instances
Validation set has 1057 instances
Test set has 1059 instances
Training set has 8462 instances
Validation set has 1057 instances
Test set has 1059 instances
Epoch 1/50 - Train Loss: 0.6967 - Train Metric: 0.5066
Epoch 1/50 - Val Metric: 0.7645
Training set has 8462 instances
Validation set has 1057 instances
Test set has 1059 instances
Training set has 8462 instances
Validation set has 1057 instances
Test set has 1059 instances
Epoch 1/50 - Train Loss: 0.7107 - Train Metric: 0.4933
Epoch 1/50 - Val Metric: 0.7753
Training set has 8462 instances
Validation set has 1057 instances
Test set has 1059 instances
Training set has 8462 instances
Validation set has 1057 instances
Test set has 1059 instances
Training set has 8462 instances
Validation set has 1057 instances
Test set has 1059 instances
Epoch 1/50 - Train Loss: 0.7007 - Train Metric: 0.4969
Epoch 1/50 - Val Metric: 0.7811
Epoch 2/50 - Train Loss: 0.6963 - Train Metric: 0.5041
Epoch 2/50 - Val Metric: 0.8034
Epoch 3/50 - Train Loss: 0.6957 - Train Metric: 0.5030
Epoch 3/50 - Val Metric: 0.8016
Training set has 8462 instances
Validation set has 1057 instances
Test set has 1059 instances
Epoch 1/50 - Train Loss: 0.7263 - Train Metric: 0.5027
Epoch 1/50 - Val Metric: 0.7937
Epoch 2/50 - Train Loss: 0.6942 - Train Metric: 0.5127
Epoch 2/50 - Val Metric: 0.8013
Epoch 3/50 - Train Loss: 0.6990 - Train Metric: 0.4964
Epoch 3/50 - Val Metric: 0.8193
Epoch 4/50 - Train Loss: 0.7032 - Train Metric: 0.5111
Epoch 4/50 - Val Metric: 0.8244
Epoch 5/50 - Train Loss: 0.6986 - Train Metric: 0.5199
Epoch 5/50 - Val Metric: 0.8329
Epoch 6/50 - Train Loss: 0.6940 - Train Metric: 0.5096
Epoch 6/50 - Val Metric: 0.8386
Epoch 7/50 - Train Loss: 0.6944 - Train Metric: 0.5256
Epoch 7/50 - Val Metric: 0.8400
Epoch 8/50 - Train Loss: 0.6941 - Train Metric: 0.5161
Epoch 8/50 - Val Metric: 0.8313
Epoch 9/50 - Train Loss: 0.6922 - Train Metric: 0.5428
Epoch 9/50 - Val Metric: 0.8218
Epoch 10/50 - Train Loss: 0.7021 - Train Metric: 0.5116
Epoch 10/50 - Val Metric: 0.8224
Epoch 11/50 - Train Loss: 0.6952 - Train Metric: 0.5132
Epoch 11/50 - Val Metric: 0.8224
Epoch 12/50 - Train Loss: 0.6907 - Train Metric: 0.5420
Epoch 12/50 - Val Metric: 0.8234
Epoch 13/50 - Train Loss: 0.7092 - Train Metric: 0.5383
Epoch 13/50 - Val Metric: 0.8201
Epoch 14/50 - Train Loss: 0.6896 - Train Metric: 0.5487
Epoch 14/50 - Val Metric: 0.8196
Epoch 15/50 - Train Loss: 0.5980 - Train Metric: 0.7443
Epoch 15/50 - Val Metric: 0.8231
Training set has 8462 instances
Validation set has 1057 instances
Test set has 1059 instances
Training set has 8462 instances
Validation set has 1057 instances
Test set has 1059 instances
Epoch 1/50 - Train Loss: 0.6961 - Train Metric: 0.5055
Epoch 1/50 - Val Metric: 0.7831
Epoch 2/50 - Train Loss: 0.6948 - Train Metric: 0.5114
Epoch 2/50 - Val Metric: 0.7927
Epoch 3/50 - Train Loss: 0.6781 - Train Metric: 0.5928
Epoch 3/50 - Val Metric: 0.8131
Epoch 4/50 - Train Loss: 0.5685 - Train Metric: 0.7769
Epoch 4/50 - Val Metric: 0.8487
Epoch 5/50 - Train Loss: 0.5340 - Train Metric: 0.8094
Epoch 5/50 - Val Metric: 0.8514
Epoch 6/50 - Train Loss: 0.5237 - Train Metric: 0.8182
Epoch 6/50 - Val Metric: 0.8521
Epoch 7/50 - Train Loss: 0.5268 - Train Metric: 0.8149
Epoch 7/50 - Val Metric: 0.8522
Epoch 8/50 - Train Loss: 0.5134 - Train Metric: 0.8256
Epoch 8/50 - Val Metric: 0.8523
Epoch 9/50 - Train Loss: 0.5116 - Train Metric: 0.8268
Epoch 9/50 - Val Metric: 0.8523
Epoch 10/50 - Train Loss: 0.5139 - Train Metric: 0.8248
Epoch 10/50 - Val Metric: 0.8521
Epoch 11/50 - Train Loss: 0.5120 - Train Metric: 0.8260
Epoch 11/50 - Val Metric: 0.8523
Epoch 12/50 - Train Loss: 0.5180 - Train Metric: 0.8217
Epoch 12/50 - Val Metric: 0.8522
Epoch 13/50 - Train Loss: 0.5144 - Train Metric: 0.8247
Epoch 13/50 - Val Metric: 0.8522
Epoch 14/50 - Train Loss: 0.5110 - Train Metric: 0.8266
Epoch 14/50 - Val Metric: 0.8524
Epoch 15/50 - Train Loss: 0.5097 - Train Metric: 0.8282
Epoch 15/50 - Val Metric: 0.8522
Epoch 16/50 - Train Loss: 0.5084 - Train Metric: 0.8284
Epoch 16/50 - Val Metric: 0.8523
Epoch 17/50 - Train Loss: 0.5092 - Train Metric: 0.8280
Epoch 17/50 - Val Metric: 0.8524
Epoch 18/50 - Train Loss: 0.5105 - Train Metric: 0.8271
Epoch 18/50 - Val Metric: 0.8523
Epoch 19/50 - Train Loss: 0.5088 - Train Metric: 0.8285
Epoch 19/50 - Val Metric: 0.8524
Epoch 20/50 - Train Loss: 0.5090 - Train Metric: 0.8282
Epoch 20/50 - Val Metric: 0.8523
Epoch 21/50 - Train Loss: 0.5065 - Train Metric: 0.8297
Epoch 21/50 - Val Metric: 0.8525
Epoch 22/50 - Train Loss: 0.5092 - Train Metric: 0.8286
Epoch 22/50 - Val Metric: 0.8525
Epoch 23/50 - Train Loss: 0.5068 - Train Metric: 0.8299
Epoch 23/50 - Val Metric: 0.8525
Epoch 24/50 - Train Loss: 0.5069 - Train Metric: 0.8297
Epoch 24/50 - Val Metric: 0.8525
Epoch 25/50 - Train Loss: 0.5071 - Train Metric: 0.8297
Epoch 25/50 - Val Metric: 0.8524
Epoch 26/50 - Train Loss: 0.5075 - Train Metric: 0.8294
Epoch 26/50 - Val Metric: 0.8524
Epoch 27/50 - Train Loss: 0.5085 - Train Metric: 0.8286
Epoch 27/50 - Val Metric: 0.8526
Epoch 28/50 - Train Loss: 0.5061 - Train Metric: 0.8302
Epoch 28/50 - Val Metric: 0.8526
Epoch 29/50 - Train Loss: 0.5063 - Train Metric: 0.8302
Epoch 29/50 - Val Metric: 0.8524
Epoch 30/50 - Train Loss: 0.5070 - Train Metric: 0.8296
Epoch 30/50 - Val Metric: 0.8526
Epoch 31/50 - Train Loss: 0.5085 - Train Metric: 0.8285
Epoch 31/50 - Val Metric: 0.8527
Epoch 32/50 - Train Loss: 0.5054 - Train Metric: 0.8309
Epoch 32/50 - Val Metric: 0.8526
Epoch 33/50 - Train Loss: 0.5068 - Train Metric: 0.8298
Epoch 33/50 - Val Metric: 0.8528
Epoch 34/50 - Train Loss: 0.5067 - Train Metric: 0.8298
Epoch 34/50 - Val Metric: 0.8525
Epoch 35/50 - Train Loss: 0.5052 - Train Metric: 0.8311
Epoch 35/50 - Val Metric: 0.8525
Epoch 36/50 - Train Loss: 0.5059 - Train Metric: 0.8303
Epoch 36/50 - Val Metric: 0.8527
Epoch 37/50 - Train Loss: 0.5053 - Train Metric: 0.8307
Epoch 37/50 - Val Metric: 0.8525
Epoch 38/50 - Train Loss: 0.5068 - Train Metric: 0.8298
Epoch 38/50 - Val Metric: 0.8528
Epoch 39/50 - Train Loss: 0.5057 - Train Metric: 0.8307
Epoch 39/50 - Val Metric: 0.8526
Epoch 40/50 - Train Loss: 0.5064 - Train Metric: 0.8299
Epoch 40/50 - Val Metric: 0.8526
Epoch 41/50 - Train Loss: 0.5081 - Train Metric: 0.8288
Epoch 41/50 - Val Metric: 0.8526
Epoch 42/50 - Train Loss: 0.5061 - Train Metric: 0.8302
Epoch 42/50 - Val Metric: 0.8525
Epoch 43/50 - Train Loss: 0.5064 - Train Metric: 0.8301
Epoch 43/50 - Val Metric: 0.8527
Epoch 44/50 - Train Loss: 0.5052 - Train Metric: 0.8307
Epoch 44/50 - Val Metric: 0.8526
Epoch 45/50 - Train Loss: 0.5060 - Train Metric: 0.8304
Epoch 45/50 - Val Metric: 0.8525
Epoch 46/50 - Train Loss: 0.5075 - Train Metric: 0.8293
Epoch 46/50 - Val Metric: 0.8526
Epoch 47/50 - Train Loss: 0.5069 - Train Metric: 0.8296
Epoch 47/50 - Val Metric: 0.8527
Epoch 48/50 - Train Loss: 0.5065 - Train Metric: 0.8301
Epoch 48/50 - Val Metric: 0.8526
Epoch 49/50 - Train Loss: 0.5051 - Train Metric: 0.8312
Epoch 49/50 - Val Metric: 0.8526
Epoch 50/50 - Train Loss: 0.5058 - Train Metric: 0.8305
Epoch 50/50 - Val Metric: 0.8525
Best val: 0.8528, Best test: 0.8272
Training set has 8462 instances
Validation set has 1057 instances
Test set has 1059 instances
Training set has 8462 instances
Validation set has 1057 instances
Test set has 1059 instances
Hyper-parameter search done. Found the best config.
Repeat experiments 5 times with the best train config {'batch_size': 128, 'gamma_rate': 1.0, 'base_lr': 0.001} and model config {'num_heads': 8, 'num_layers': 8, 'num_latents': 4, 'hidden_dim': 128, 'mlp_ratio': 0.25, 'dropout_prob': 0, 'top_k': 5}.
Training set has 8462 instances
Validation set has 1057 instances
Test set has 1059 instances
Epoch 1/50 - Train Loss: 0.7018 - Train Metric: 0.4994
Epoch 1/50 - Val Metric: 0.6867
Epoch 2/50 - Train Loss: 0.6962 - Train Metric: 0.5018
Epoch 2/50 - Val Metric: 0.7025
Epoch 3/50 - Train Loss: 0.6954 - Train Metric: 0.5010
Epoch 3/50 - Val Metric: 0.7164
Epoch 4/50 - Train Loss: 0.6974 - Train Metric: 0.5050
Epoch 4/50 - Val Metric: 0.7213
Epoch 5/50 - Train Loss: 0.6950 - Train Metric: 0.5061
Epoch 5/50 - Val Metric: 0.7390
Epoch 6/50 - Train Loss: 0.6948 - Train Metric: 0.5098
Epoch 6/50 - Val Metric: 0.7500
Epoch 7/50 - Train Loss: 0.6903 - Train Metric: 0.5296
Epoch 7/50 - Val Metric: 0.7954
Epoch 8/50 - Train Loss: 0.5595 - Train Metric: 0.7870
Epoch 8/50 - Val Metric: 0.8180
Epoch 9/50 - Train Loss: 0.5194 - Train Metric: 0.8212
Epoch 9/50 - Val Metric: 0.8273
Epoch 10/50 - Train Loss: 0.5153 - Train Metric: 0.8249
Epoch 10/50 - Val Metric: 0.8355
Epoch 11/50 - Train Loss: 0.4955 - Train Metric: 0.8390
Epoch 11/50 - Val Metric: 0.8389
Epoch 12/50 - Train Loss: 0.4842 - Train Metric: 0.8478
Epoch 12/50 - Val Metric: 0.8454
Epoch 13/50 - Train Loss: 0.4784 - Train Metric: 0.8513
Epoch 13/50 - Val Metric: 0.8457
Epoch 14/50 - Train Loss: 0.4800 - Train Metric: 0.8500
Epoch 14/50 - Val Metric: 0.8425
Epoch 15/50 - Train Loss: 0.4714 - Train Metric: 0.8552
Epoch 15/50 - Val Metric: 0.8536
Epoch 16/50 - Train Loss: 0.4655 - Train Metric: 0.8599
Epoch 16/50 - Val Metric: 0.8501
Epoch 17/50 - Train Loss: 0.4666 - Train Metric: 0.8594
Epoch 17/50 - Val Metric: 0.8557
Epoch 18/50 - Train Loss: 0.4654 - Train Metric: 0.8599
Epoch 18/50 - Val Metric: 0.8541
Epoch 19/50 - Train Loss: 0.4667 - Train Metric: 0.8592
Epoch 19/50 - Val Metric: 0.8524
Epoch 20/50 - Train Loss: 0.4658 - Train Metric: 0.8595
Epoch 20/50 - Val Metric: 0.8561
Epoch 21/50 - Train Loss: 0.4612 - Train Metric: 0.8626
Epoch 21/50 - Val Metric: 0.8583
Epoch 22/50 - Train Loss: 0.4636 - Train Metric: 0.8609
Epoch 22/50 - Val Metric: 0.8544
Epoch 23/50 - Train Loss: 0.4616 - Train Metric: 0.8627
Epoch 23/50 - Val Metric: 0.8499
Epoch 24/50 - Train Loss: 0.4613 - Train Metric: 0.8630
Epoch 24/50 - Val Metric: 0.8593
Epoch 25/50 - Train Loss: 0.4555 - Train Metric: 0.8662
Epoch 25/50 - Val Metric: 0.8572
Epoch 26/50 - Train Loss: 0.4589 - Train Metric: 0.8643
Epoch 26/50 - Val Metric: 0.8587
Epoch 27/50 - Train Loss: 0.4530 - Train Metric: 0.8679
Epoch 27/50 - Val Metric: 0.8598
Epoch 28/50 - Train Loss: 0.4495 - Train Metric: 0.8705
Epoch 28/50 - Val Metric: 0.8580
Epoch 29/50 - Train Loss: 0.4491 - Train Metric: 0.8704
Epoch 29/50 - Val Metric: 0.8558
Epoch 30/50 - Train Loss: 0.4498 - Train Metric: 0.8700
Epoch 30/50 - Val Metric: 0.8647
Epoch 31/50 - Train Loss: 0.4492 - Train Metric: 0.8704
Epoch 31/50 - Val Metric: 0.8545
Epoch 32/50 - Train Loss: 0.4487 - Train Metric: 0.8711
Epoch 32/50 - Val Metric: 0.8574
Epoch 33/50 - Train Loss: 0.4470 - Train Metric: 0.8722
Epoch 33/50 - Val Metric: 0.8542
Epoch 34/50 - Train Loss: 0.4461 - Train Metric: 0.8725
Epoch 34/50 - Val Metric: 0.8566
Epoch 35/50 - Train Loss: 0.4546 - Train Metric: 0.8672
Epoch 35/50 - Val Metric: 0.8572
Epoch 36/50 - Train Loss: 0.4511 - Train Metric: 0.8694
Epoch 36/50 - Val Metric: 0.8533
Epoch 37/50 - Train Loss: 0.4495 - Train Metric: 0.8702
Epoch 37/50 - Val Metric: 0.8580
Epoch 38/50 - Train Loss: 0.4521 - Train Metric: 0.8690
Epoch 38/50 - Val Metric: 0.8559
Epoch 39/50 - Train Loss: 0.4465 - Train Metric: 0.8723
Epoch 39/50 - Val Metric: 0.8607
Epoch 40/50 - Train Loss: 0.4460 - Train Metric: 0.8726
Epoch 40/50 - Val Metric: 0.8580
Epoch 41/50 - Train Loss: 0.4432 - Train Metric: 0.8741
Epoch 41/50 - Val Metric: 0.8536
Epoch 42/50 - Train Loss: 0.4446 - Train Metric: 0.8737
Epoch 42/50 - Val Metric: 0.8634
Epoch 43/50 - Train Loss: 0.4418 - Train Metric: 0.8752
Epoch 43/50 - Val Metric: 0.8558
Epoch 44/50 - Train Loss: 0.4454 - Train Metric: 0.8729
Epoch 44/50 - Val Metric: 0.8542
Epoch 45/50 - Train Loss: 0.4387 - Train Metric: 0.8769
Epoch 45/50 - Val Metric: 0.8583
Epoch 46/50 - Train Loss: 0.4405 - Train Metric: 0.8760
Epoch 46/50 - Val Metric: 0.8558
Epoch 47/50 - Train Loss: 0.4417 - Train Metric: 0.8750
Epoch 47/50 - Val Metric: 0.8550
Epoch 48/50 - Train Loss: 0.4425 - Train Metric: 0.8747
Epoch 48/50 - Val Metric: 0.8600
Epoch 49/50 - Train Loss: 0.4416 - Train Metric: 0.8751
Epoch 49/50 - Val Metric: 0.8662
Epoch 50/50 - Train Loss: 0.4416 - Train Metric: 0.8751
Epoch 50/50 - Val Metric: 0.8620
Best val: 0.8662, Best test: 0.8851
Training set has 8462 instances
Validation set has 1057 instances
Test set has 1059 instances
Epoch 1/50 - Train Loss: 0.7061 - Train Metric: 0.5004
Epoch 1/50 - Val Metric: 0.7382
Epoch 2/50 - Train Loss: 0.6956 - Train Metric: 0.5076
Epoch 2/50 - Val Metric: 0.7710
Epoch 3/50 - Train Loss: 0.6963 - Train Metric: 0.5086
Epoch 3/50 - Val Metric: 0.7807
Epoch 4/50 - Train Loss: 0.6940 - Train Metric: 0.5069
Epoch 4/50 - Val Metric: 0.7919
Epoch 5/50 - Train Loss: 0.7000 - Train Metric: 0.5044
Epoch 5/50 - Val Metric: 0.2045
Epoch 6/50 - Train Loss: 0.6939 - Train Metric: 0.5029
Epoch 6/50 - Val Metric: 0.8022
Epoch 7/50 - Train Loss: 0.6948 - Train Metric: 0.5134
Epoch 7/50 - Val Metric: 0.8108
Epoch 8/50 - Train Loss: 0.6939 - Train Metric: 0.5032
Epoch 8/50 - Val Metric: 0.8288
Epoch 9/50 - Train Loss: 0.6933 - Train Metric: 0.4952
Epoch 9/50 - Val Metric: 0.8454
Epoch 10/50 - Train Loss: 0.6949 - Train Metric: 0.5207
Epoch 10/50 - Val Metric: 0.8291
Epoch 11/50 - Train Loss: 0.6935 - Train Metric: 0.5148
Epoch 11/50 - Val Metric: 0.8311
Epoch 12/50 - Train Loss: 0.6926 - Train Metric: 0.5220
Epoch 12/50 - Val Metric: 0.8245
Epoch 13/50 - Train Loss: 0.6936 - Train Metric: 0.5492
Epoch 13/50 - Val Metric: 0.8258
Epoch 14/50 - Train Loss: 0.6934 - Train Metric: 0.4992
Epoch 14/50 - Val Metric: 0.8251
Epoch 15/50 - Train Loss: 0.6914 - Train Metric: 0.5383
Epoch 15/50 - Val Metric: 0.8256
Epoch 16/50 - Train Loss: 0.6829 - Train Metric: 0.5566
Epoch 16/50 - Val Metric: 0.8240
Epoch 17/50 - Train Loss: 0.6043 - Train Metric: 0.7357
Epoch 17/50 - Val Metric: 0.8253
Epoch 18/50 - Train Loss: 0.5504 - Train Metric: 0.7925
Epoch 18/50 - Val Metric: 0.8311
Epoch 19/50 - Train Loss: 0.5359 - Train Metric: 0.8061
Epoch 19/50 - Val Metric: 0.8407
Epoch 20/50 - Train Loss: 0.5248 - Train Metric: 0.8145
Epoch 20/50 - Val Metric: 0.8484
Epoch 21/50 - Train Loss: 0.5220 - Train Metric: 0.8174
Epoch 21/50 - Val Metric: 0.8509
Epoch 22/50 - Train Loss: 0.5139 - Train Metric: 0.8252
Epoch 22/50 - Val Metric: 0.8444
Epoch 23/50 - Train Loss: 0.5124 - Train Metric: 0.8269
Epoch 23/50 - Val Metric: 0.8489
Epoch 24/50 - Train Loss: 0.5091 - Train Metric: 0.8294
Epoch 24/50 - Val Metric: 0.8556
Epoch 25/50 - Train Loss: 0.5030 - Train Metric: 0.8338
Epoch 25/50 - Val Metric: 0.8614
Epoch 26/50 - Train Loss: 0.5067 - Train Metric: 0.8308
Epoch 26/50 - Val Metric: 0.8639
Epoch 27/50 - Train Loss: 0.4974 - Train Metric: 0.8379
Epoch 27/50 - Val Metric: 0.8656
Epoch 28/50 - Train Loss: 0.4909 - Train Metric: 0.8424
Epoch 28/50 - Val Metric: 0.8658
Epoch 29/50 - Train Loss: 0.4911 - Train Metric: 0.8423
Epoch 29/50 - Val Metric: 0.8666
Epoch 30/50 - Train Loss: 0.4924 - Train Metric: 0.8419
Epoch 30/50 - Val Metric: 0.8670
Epoch 31/50 - Train Loss: 0.4920 - Train Metric: 0.8420
Epoch 31/50 - Val Metric: 0.8697
Epoch 32/50 - Train Loss: 0.4870 - Train Metric: 0.8461
Epoch 32/50 - Val Metric: 0.8672
Epoch 33/50 - Train Loss: 0.4939 - Train Metric: 0.8406
Epoch 33/50 - Val Metric: 0.8614
Epoch 34/50 - Train Loss: 0.4964 - Train Metric: 0.8384
Epoch 34/50 - Val Metric: 0.8689
Epoch 35/50 - Train Loss: 0.5019 - Train Metric: 0.8347
Epoch 35/50 - Val Metric: 0.8664
Epoch 36/50 - Train Loss: 0.4894 - Train Metric: 0.8436
Epoch 36/50 - Val Metric: 0.8677
Epoch 37/50 - Train Loss: 0.4875 - Train Metric: 0.8449
Epoch 37/50 - Val Metric: 0.8715
Epoch 38/50 - Train Loss: 0.4968 - Train Metric: 0.8381
Epoch 38/50 - Val Metric: 0.8696
Epoch 39/50 - Train Loss: 0.4881 - Train Metric: 0.8449
Epoch 39/50 - Val Metric: 0.8692
Epoch 40/50 - Train Loss: 0.4869 - Train Metric: 0.8447
Epoch 40/50 - Val Metric: 0.8725
Epoch 41/50 - Train Loss: 0.4885 - Train Metric: 0.8443
Epoch 41/50 - Val Metric: 0.8723
Epoch 42/50 - Train Loss: 0.4883 - Train Metric: 0.8440
Epoch 42/50 - Val Metric: 0.8704
Epoch 43/50 - Train Loss: 0.4820 - Train Metric: 0.8490
Epoch 43/50 - Val Metric: 0.8721
Epoch 44/50 - Train Loss: 0.4790 - Train Metric: 0.8512
Epoch 44/50 - Val Metric: 0.8663
Epoch 45/50 - Train Loss: 0.4779 - Train Metric: 0.8520
Epoch 45/50 - Val Metric: 0.8692
Epoch 46/50 - Train Loss: 0.4813 - Train Metric: 0.8494
Epoch 46/50 - Val Metric: 0.8704
Epoch 47/50 - Train Loss: 0.4799 - Train Metric: 0.8505
Epoch 47/50 - Val Metric: 0.8747
Epoch 48/50 - Train Loss: 0.4873 - Train Metric: 0.8450
Epoch 48/50 - Val Metric: 0.8718
Epoch 49/50 - Train Loss: 0.4852 - Train Metric: 0.8465
Epoch 49/50 - Val Metric: 0.8660
Epoch 50/50 - Train Loss: 0.4823 - Train Metric: 0.8486
Epoch 50/50 - Val Metric: 0.8667
Best val: 0.8747, Best test: 0.8547
Training set has 8462 instances
Validation set has 1057 instances
Test set has 1059 instances
Epoch 1/50 - Train Loss: 0.7052 - Train Metric: 0.5006
Epoch 1/50 - Val Metric: 0.6856
Epoch 2/50 - Train Loss: 0.7020 - Train Metric: 0.5082
Epoch 2/50 - Val Metric: 0.7007
Epoch 3/50 - Train Loss: 0.6949 - Train Metric: 0.4890
Epoch 3/50 - Val Metric: 0.6831
Epoch 4/50 - Train Loss: 0.6949 - Train Metric: 0.5118
Epoch 4/50 - Val Metric: 0.6852
Epoch 5/50 - Train Loss: 0.6984 - Train Metric: 0.4940
Epoch 5/50 - Val Metric: 0.7016
Epoch 6/50 - Train Loss: 0.6959 - Train Metric: 0.4990
Epoch 6/50 - Val Metric: 0.7081
Epoch 7/50 - Train Loss: 0.6932 - Train Metric: 0.5185
Epoch 7/50 - Val Metric: 0.8296
Epoch 8/50 - Train Loss: 0.6997 - Train Metric: 0.5278
Epoch 8/50 - Val Metric: 0.8168
Epoch 9/50 - Train Loss: 0.6946 - Train Metric: 0.5189
Epoch 9/50 - Val Metric: 0.8252
Epoch 10/50 - Train Loss: 0.6938 - Train Metric: 0.5216
Epoch 10/50 - Val Metric: 0.8258
Epoch 11/50 - Train Loss: 0.6980 - Train Metric: 0.5168
Epoch 11/50 - Val Metric: 0.8230
Epoch 12/50 - Train Loss: 0.6874 - Train Metric: 0.5592
Epoch 12/50 - Val Metric: 0.8235
Epoch 13/50 - Train Loss: 0.6221 - Train Metric: 0.6994
Epoch 13/50 - Val Metric: 0.8257
Epoch 14/50 - Train Loss: 0.5259 - Train Metric: 0.8160
Epoch 14/50 - Val Metric: 0.8415
Epoch 15/50 - Train Loss: 0.5008 - Train Metric: 0.8358
Epoch 15/50 - Val Metric: 0.8468
Epoch 16/50 - Train Loss: 0.4966 - Train Metric: 0.8390
Epoch 16/50 - Val Metric: 0.8462
Epoch 17/50 - Train Loss: 0.4930 - Train Metric: 0.8411
Epoch 17/50 - Val Metric: 0.8478
Epoch 18/50 - Train Loss: 0.4902 - Train Metric: 0.8434
Epoch 18/50 - Val Metric: 0.8463
Epoch 19/50 - Train Loss: 0.4877 - Train Metric: 0.8446
Epoch 19/50 - Val Metric: 0.8454
Epoch 20/50 - Train Loss: 0.4853 - Train Metric: 0.8464
Epoch 20/50 - Val Metric: 0.8520
Epoch 21/50 - Train Loss: 0.4807 - Train Metric: 0.8494
Epoch 21/50 - Val Metric: 0.8518
Epoch 22/50 - Train Loss: 0.4808 - Train Metric: 0.8493
Epoch 22/50 - Val Metric: 0.8529
Epoch 23/50 - Train Loss: 0.4804 - Train Metric: 0.8498
Epoch 23/50 - Val Metric: 0.8488
Epoch 24/50 - Train Loss: 0.4813 - Train Metric: 0.8491
Epoch 24/50 - Val Metric: 0.8492
Epoch 25/50 - Train Loss: 0.4879 - Train Metric: 0.8441
Epoch 25/50 - Val Metric: 0.8504
Epoch 26/50 - Train Loss: 0.4783 - Train Metric: 0.8518
Epoch 26/50 - Val Metric: 0.8535
Epoch 27/50 - Train Loss: 0.4761 - Train Metric: 0.8532
Epoch 27/50 - Val Metric: 0.8546
Epoch 28/50 - Train Loss: 0.4787 - Train Metric: 0.8512
Epoch 28/50 - Val Metric: 0.8560
Epoch 29/50 - Train Loss: 0.4788 - Train Metric: 0.8509
Epoch 29/50 - Val Metric: 0.8543
Epoch 30/50 - Train Loss: 0.4778 - Train Metric: 0.8515
Epoch 30/50 - Val Metric: 0.8553
Epoch 31/50 - Train Loss: 0.4743 - Train Metric: 0.8541
Epoch 31/50 - Val Metric: 0.8560
Epoch 32/50 - Train Loss: 0.4724 - Train Metric: 0.8554
Epoch 32/50 - Val Metric: 0.8533
Epoch 33/50 - Train Loss: 0.4747 - Train Metric: 0.8533
Epoch 33/50 - Val Metric: 0.8581
Epoch 34/50 - Train Loss: 0.4735 - Train Metric: 0.8546
Epoch 34/50 - Val Metric: 0.8537
Epoch 35/50 - Train Loss: 0.4722 - Train Metric: 0.8552
Epoch 35/50 - Val Metric: 0.8530
Epoch 36/50 - Train Loss: 0.4751 - Train Metric: 0.8536
Epoch 36/50 - Val Metric: 0.8554
Epoch 37/50 - Train Loss: 0.4768 - Train Metric: 0.8524
Epoch 37/50 - Val Metric: 0.8577
Epoch 38/50 - Train Loss: 0.4746 - Train Metric: 0.8539
Epoch 38/50 - Val Metric: 0.8579
Epoch 39/50 - Train Loss: 0.4758 - Train Metric: 0.8534
Epoch 39/50 - Val Metric: 0.8520
Epoch 40/50 - Train Loss: 0.4742 - Train Metric: 0.8542
Epoch 40/50 - Val Metric: 0.8520
Epoch 41/50 - Train Loss: 0.4730 - Train Metric: 0.8551
Epoch 41/50 - Val Metric: 0.8560
Epoch 42/50 - Train Loss: 0.4731 - Train Metric: 0.8548
Epoch 42/50 - Val Metric: 0.8493
Epoch 43/50 - Train Loss: 0.4759 - Train Metric: 0.8528
Epoch 43/50 - Val Metric: 0.8546
Epoch 44/50 - Train Loss: 0.4751 - Train Metric: 0.8533
Epoch 44/50 - Val Metric: 0.8533
Epoch 45/50 - Train Loss: 0.4763 - Train Metric: 0.8522
Epoch 45/50 - Val Metric: 0.8592
Epoch 46/50 - Train Loss: 0.4765 - Train Metric: 0.8530
Epoch 46/50 - Val Metric: 0.8586
Epoch 47/50 - Train Loss: 0.4728 - Train Metric: 0.8552
Epoch 47/50 - Val Metric: 0.8567
Epoch 48/50 - Train Loss: 0.4727 - Train Metric: 0.8551
Epoch 48/50 - Val Metric: 0.8500
Epoch 49/50 - Train Loss: 0.4855 - Train Metric: 0.8472
Epoch 49/50 - Val Metric: 0.8569
Epoch 50/50 - Train Loss: 0.4838 - Train Metric: 0.8478
Epoch 50/50 - Val Metric: 0.8568
Best val: 0.8592, Best test: 0.8530
Training set has 8462 instances
Validation set has 1057 instances
Test set has 1059 instances
Epoch 1/50 - Train Loss: 0.7097 - Train Metric: 0.4898
Epoch 1/50 - Val Metric: 0.7636
Epoch 2/50 - Train Loss: 0.6957 - Train Metric: 0.5141
Epoch 2/50 - Val Metric: 0.8129
Epoch 3/50 - Train Loss: 0.6946 - Train Metric: 0.4973
Epoch 3/50 - Val Metric: 0.8100
Epoch 4/50 - Train Loss: 0.6948 - Train Metric: 0.4944
Epoch 4/50 - Val Metric: 0.8226
Epoch 5/50 - Train Loss: 0.6968 - Train Metric: 0.5150
Epoch 5/50 - Val Metric: 0.8187
Epoch 6/50 - Train Loss: 0.6860 - Train Metric: 0.5548
Epoch 6/50 - Val Metric: 0.8100
Epoch 7/50 - Train Loss: 0.6228 - Train Metric: 0.6816
Epoch 7/50 - Val Metric: 0.8244
Epoch 8/50 - Train Loss: 0.5200 - Train Metric: 0.8195
Epoch 8/50 - Val Metric: 0.8396
Epoch 9/50 - Train Loss: 0.5119 - Train Metric: 0.8271
Epoch 9/50 - Val Metric: 0.8447
Epoch 10/50 - Train Loss: 0.5083 - Train Metric: 0.8298
Epoch 10/50 - Val Metric: 0.8469
Epoch 11/50 - Train Loss: 0.4984 - Train Metric: 0.8369
Epoch 11/50 - Val Metric: 0.8483
Epoch 12/50 - Train Loss: 0.4951 - Train Metric: 0.8393
Epoch 12/50 - Val Metric: 0.8495
Epoch 13/50 - Train Loss: 0.4899 - Train Metric: 0.8436
Epoch 13/50 - Val Metric: 0.8495
Epoch 14/50 - Train Loss: 0.4916 - Train Metric: 0.8426
Epoch 14/50 - Val Metric: 0.8537
Epoch 15/50 - Train Loss: 0.4871 - Train Metric: 0.8450
Epoch 15/50 - Val Metric: 0.8581
Epoch 16/50 - Train Loss: 0.4792 - Train Metric: 0.8508
Epoch 16/50 - Val Metric: 0.8582
Epoch 17/50 - Train Loss: 0.4770 - Train Metric: 0.8525
Epoch 17/50 - Val Metric: 0.8461
Epoch 18/50 - Train Loss: 0.4791 - Train Metric: 0.8511
Epoch 18/50 - Val Metric: 0.8554
Epoch 19/50 - Train Loss: 0.4702 - Train Metric: 0.8573
Epoch 19/50 - Val Metric: 0.8588
Epoch 20/50 - Train Loss: 0.4817 - Train Metric: 0.8494
Epoch 20/50 - Val Metric: 0.8551
Epoch 21/50 - Train Loss: 0.4774 - Train Metric: 0.8531
Epoch 21/50 - Val Metric: 0.8590
Epoch 22/50 - Train Loss: 0.4750 - Train Metric: 0.8541
Epoch 22/50 - Val Metric: 0.8569
Epoch 23/50 - Train Loss: 0.4671 - Train Metric: 0.8589
Epoch 23/50 - Val Metric: 0.8582
Epoch 24/50 - Train Loss: 0.4663 - Train Metric: 0.8598
Epoch 24/50 - Val Metric: 0.8586
Epoch 25/50 - Train Loss: 0.4623 - Train Metric: 0.8623
Epoch 25/50 - Val Metric: 0.8636
Epoch 26/50 - Train Loss: 0.4640 - Train Metric: 0.8612
Epoch 26/50 - Val Metric: 0.8577
Epoch 27/50 - Train Loss: 0.4600 - Train Metric: 0.8636
Epoch 27/50 - Val Metric: 0.8561
Epoch 28/50 - Train Loss: 0.4639 - Train Metric: 0.8613
Epoch 28/50 - Val Metric: 0.8589
Epoch 29/50 - Train Loss: 0.4623 - Train Metric: 0.8626
Epoch 29/50 - Val Metric: 0.8542
Epoch 30/50 - Train Loss: 0.4645 - Train Metric: 0.8607
Epoch 30/50 - Val Metric: 0.8555
Epoch 31/50 - Train Loss: 0.4659 - Train Metric: 0.8597
Epoch 31/50 - Val Metric: 0.8567
Epoch 32/50 - Train Loss: 0.4634 - Train Metric: 0.8614
Epoch 32/50 - Val Metric: 0.8591
Epoch 33/50 - Train Loss: 0.4558 - Train Metric: 0.8660
Epoch 33/50 - Val Metric: 0.8556
Epoch 34/50 - Train Loss: 0.4629 - Train Metric: 0.8619
Epoch 34/50 - Val Metric: 0.8549
Epoch 35/50 - Train Loss: 0.4615 - Train Metric: 0.8626
Epoch 35/50 - Val Metric: 0.8585
Epoch 36/50 - Train Loss: 0.4551 - Train Metric: 0.8664
Epoch 36/50 - Val Metric: 0.8597
Epoch 37/50 - Train Loss: 0.4541 - Train Metric: 0.8673
Epoch 37/50 - Val Metric: 0.8614
Epoch 38/50 - Train Loss: 0.4548 - Train Metric: 0.8668
Epoch 38/50 - Val Metric: 0.8591
Epoch 39/50 - Train Loss: 0.4581 - Train Metric: 0.8645
Epoch 39/50 - Val Metric: 0.8590
Epoch 40/50 - Train Loss: 0.4548 - Train Metric: 0.8668
Epoch 40/50 - Val Metric: 0.8615
Epoch 41/50 - Train Loss: 0.4564 - Train Metric: 0.8656
Epoch 41/50 - Val Metric: 0.8574
Epoch 42/50 - Train Loss: 0.4553 - Train Metric: 0.8661
Epoch 42/50 - Val Metric: 0.8542
Epoch 43/50 - Train Loss: 0.4576 - Train Metric: 0.8652
Epoch 43/50 - Val Metric: 0.8613
Epoch 44/50 - Train Loss: 0.4581 - Train Metric: 0.8647
Epoch 44/50 - Val Metric: 0.8556
Epoch 45/50 - Train Loss: 0.4580 - Train Metric: 0.8651
Epoch 45/50 - Val Metric: 0.8601
Epoch 46/50 - Train Loss: 0.4486 - Train Metric: 0.8706
Epoch 46/50 - Val Metric: 0.8580
Epoch 47/50 - Train Loss: 0.4495 - Train Metric: 0.8705
Epoch 47/50 - Val Metric: 0.8535
Epoch 48/50 - Train Loss: 0.4530 - Train Metric: 0.8684
Epoch 48/50 - Val Metric: 0.8605
Epoch 49/50 - Train Loss: 0.4497 - Train Metric: 0.8705
Epoch 49/50 - Val Metric: 0.8605
Epoch 50/50 - Train Loss: 0.4515 - Train Metric: 0.8691
Epoch 50/50 - Val Metric: 0.8581
Best val: 0.8636, Best test: 0.8649
Training set has 8462 instances
Validation set has 1057 instances
Test set has 1059 instances
Epoch 1/50 - Train Loss: 0.7008 - Train Metric: 0.5055
Epoch 1/50 - Val Metric: 0.7285
Epoch 2/50 - Train Loss: 0.6963 - Train Metric: 0.5074
Epoch 2/50 - Val Metric: 0.6841
Epoch 3/50 - Train Loss: 0.6944 - Train Metric: 0.4913
Epoch 3/50 - Val Metric: 0.6742
Epoch 4/50 - Train Loss: 0.6943 - Train Metric: 0.5140
Epoch 4/50 - Val Metric: 0.6797
Epoch 5/50 - Train Loss: 0.6944 - Train Metric: 0.5020
Epoch 5/50 - Val Metric: 0.6757
Epoch 6/50 - Train Loss: 0.6954 - Train Metric: 0.5063
Epoch 6/50 - Val Metric: 0.7404
Epoch 7/50 - Train Loss: 0.6930 - Train Metric: 0.5066
Epoch 7/50 - Val Metric: 0.8133
Epoch 8/50 - Train Loss: 0.6957 - Train Metric: 0.5113
Epoch 8/50 - Val Metric: 0.8121
Epoch 9/50 - Train Loss: 0.6961 - Train Metric: 0.5063
Epoch 9/50 - Val Metric: 0.8086
Epoch 10/50 - Train Loss: 0.6928 - Train Metric: 0.4959
Epoch 10/50 - Val Metric: 0.8082
Epoch 11/50 - Train Loss: 0.6889 - Train Metric: 0.5317
Epoch 11/50 - Val Metric: 0.8071
Epoch 12/50 - Train Loss: 0.5614 - Train Metric: 0.7818
Epoch 12/50 - Val Metric: 0.8205
Epoch 13/50 - Train Loss: 0.5159 - Train Metric: 0.8242
Epoch 13/50 - Val Metric: 0.8348
Epoch 14/50 - Train Loss: 0.5020 - Train Metric: 0.8337
Epoch 14/50 - Val Metric: 0.8446
Epoch 15/50 - Train Loss: 0.4907 - Train Metric: 0.8433
Epoch 15/50 - Val Metric: 0.8485
Epoch 16/50 - Train Loss: 0.4830 - Train Metric: 0.8485
Epoch 16/50 - Val Metric: 0.8488
Epoch 17/50 - Train Loss: 0.4838 - Train Metric: 0.8477
Epoch 17/50 - Val Metric: 0.8505
Epoch 18/50 - Train Loss: 0.4750 - Train Metric: 0.8539
Epoch 18/50 - Val Metric: 0.8458
Epoch 19/50 - Train Loss: 0.4719 - Train Metric: 0.8562
Epoch 19/50 - Val Metric: 0.8493
Epoch 20/50 - Train Loss: 0.4778 - Train Metric: 0.8520
Epoch 20/50 - Val Metric: 0.8514
Epoch 21/50 - Train Loss: 0.4726 - Train Metric: 0.8561
Epoch 21/50 - Val Metric: 0.8471
Epoch 22/50 - Train Loss: 0.4715 - Train Metric: 0.8563
Epoch 22/50 - Val Metric: 0.8506
Epoch 23/50 - Train Loss: 0.4673 - Train Metric: 0.8593
Epoch 23/50 - Val Metric: 0.8508
Epoch 24/50 - Train Loss: 0.4685 - Train Metric: 0.8584
Epoch 24/50 - Val Metric: 0.8520
Epoch 25/50 - Train Loss: 0.4671 - Train Metric: 0.8598
Epoch 25/50 - Val Metric: 0.8513
Epoch 26/50 - Train Loss: 0.4648 - Train Metric: 0.8611
Epoch 26/50 - Val Metric: 0.8509
Epoch 27/50 - Train Loss: 0.4705 - Train Metric: 0.8569
Epoch 27/50 - Val Metric: 0.8525
Epoch 28/50 - Train Loss: 0.4765 - Train Metric: 0.8530
Epoch 28/50 - Val Metric: 0.8518
Epoch 29/50 - Train Loss: 0.4667 - Train Metric: 0.8597
Epoch 29/50 - Val Metric: 0.8544
Epoch 30/50 - Train Loss: 0.4625 - Train Metric: 0.8625
Epoch 30/50 - Val Metric: 0.8527
Epoch 31/50 - Train Loss: 0.4695 - Train Metric: 0.8574
Epoch 31/50 - Val Metric: 0.8548
Epoch 32/50 - Train Loss: 0.4576 - Train Metric: 0.8656
Epoch 32/50 - Val Metric: 0.8582
Epoch 33/50 - Train Loss: 0.4557 - Train Metric: 0.8666
Epoch 33/50 - Val Metric: 0.8625
Epoch 34/50 - Train Loss: 0.4608 - Train Metric: 0.8633
Epoch 34/50 - Val Metric: 0.8524
Epoch 35/50 - Train Loss: 0.4623 - Train Metric: 0.8625
Epoch 35/50 - Val Metric: 0.8592
Epoch 36/50 - Train Loss: 0.4613 - Train Metric: 0.8635
Epoch 36/50 - Val Metric: 0.8623
Epoch 37/50 - Train Loss: 0.4570 - Train Metric: 0.8659
Epoch 37/50 - Val Metric: 0.8644
Epoch 38/50 - Train Loss: 0.4557 - Train Metric: 0.8665
Epoch 38/50 - Val Metric: 0.8604
Epoch 39/50 - Train Loss: 0.4506 - Train Metric: 0.8698
Epoch 39/50 - Val Metric: 0.8649
Epoch 40/50 - Train Loss: 0.4530 - Train Metric: 0.8682
Epoch 40/50 - Val Metric: 0.8634
Epoch 41/50 - Train Loss: 0.4512 - Train Metric: 0.8695
Epoch 41/50 - Val Metric: 0.8603
Epoch 42/50 - Train Loss: 0.4528 - Train Metric: 0.8686
Epoch 42/50 - Val Metric: 0.8631
Epoch 43/50 - Train Loss: 0.4504 - Train Metric: 0.8697
Epoch 43/50 - Val Metric: 0.8631
Epoch 44/50 - Train Loss: 0.4522 - Train Metric: 0.8688
Epoch 44/50 - Val Metric: 0.8636
Epoch 45/50 - Train Loss: 0.4473 - Train Metric: 0.8719
Epoch 45/50 - Val Metric: 0.8624
Epoch 46/50 - Train Loss: 0.4463 - Train Metric: 0.8724
Epoch 46/50 - Val Metric: 0.8639
Epoch 47/50 - Train Loss: 0.4454 - Train Metric: 0.8730
Epoch 47/50 - Val Metric: 0.8627
Epoch 48/50 - Train Loss: 0.4539 - Train Metric: 0.8680
Epoch 48/50 - Val Metric: 0.8687
Epoch 49/50 - Train Loss: 0.4537 - Train Metric: 0.8684
Epoch 49/50 - Val Metric: 0.8631
Epoch 50/50 - Train Loss: 0.4480 - Train Metric: 0.8718
Epoch 50/50 - Val Metric: 0.8625
Best val: 0.8687, Best test: 0.8689
[0.88508654 0.85469294 0.85300887 0.86491585 0.86885661]
