Hyper-parameter search via Optuna
Namespace(task_type='binary_classification', scale='small', idx=4, epochs=50, num_trials=20, num_repeats=5, seed=0, exp_name='MemPerceiver', result_path='output/binary_classification/small/4/MemPerceiver.pt')
Device: cuda
Start building binary_classification dataset_small_4
Training set has 8462 instances
Validation set has 1057 instances
Test set has 1059 instances
Epoch 1/50 - Train Loss: 0.7082 - Train Metric: 0.4895
Epoch 1/50 - Val Metric: 0.8230
Epoch 2/50 - Train Loss: 0.6995 - Train Metric: 0.5021
Epoch 2/50 - Val Metric: 0.8242
Epoch 3/50 - Train Loss: 0.6956 - Train Metric: 0.4941
Epoch 3/50 - Val Metric: 0.8329
Epoch 4/50 - Train Loss: 0.6975 - Train Metric: 0.4962
Epoch 4/50 - Val Metric: 0.8440
Epoch 5/50 - Train Loss: 0.6928 - Train Metric: 0.5230
Epoch 5/50 - Val Metric: 0.8269
Epoch 6/50 - Train Loss: 0.7023 - Train Metric: 0.5016
Epoch 6/50 - Val Metric: 0.8292
Epoch 7/50 - Train Loss: 0.6955 - Train Metric: 0.4900
Epoch 7/50 - Val Metric: 0.8318
Epoch 8/50 - Train Loss: 0.6570 - Train Metric: 0.6460
Epoch 8/50 - Val Metric: 0.8345
Epoch 9/50 - Train Loss: 0.5303 - Train Metric: 0.8122
Epoch 9/50 - Val Metric: 0.8502
Epoch 10/50 - Train Loss: 0.5373 - Train Metric: 0.8070
Epoch 10/50 - Val Metric: 0.8479
Epoch 11/50 - Train Loss: 0.5083 - Train Metric: 0.8301
Epoch 11/50 - Val Metric: 0.8552
Epoch 12/50 - Train Loss: 0.5082 - Train Metric: 0.8305
Epoch 12/50 - Val Metric: 0.8551
Epoch 13/50 - Train Loss: 0.4981 - Train Metric: 0.8374
Epoch 13/50 - Val Metric: 0.8549
Epoch 14/50 - Train Loss: 0.4971 - Train Metric: 0.8380
Epoch 14/50 - Val Metric: 0.8574
Epoch 15/50 - Train Loss: 0.4957 - Train Metric: 0.8391
Epoch 15/50 - Val Metric: 0.8564
Epoch 16/50 - Train Loss: 0.4986 - Train Metric: 0.8371
Epoch 16/50 - Val Metric: 0.8559
Epoch 17/50 - Train Loss: 0.5035 - Train Metric: 0.8335
Epoch 17/50 - Val Metric: 0.8569
Epoch 18/50 - Train Loss: 0.4968 - Train Metric: 0.8382
Epoch 18/50 - Val Metric: 0.8564
Epoch 19/50 - Train Loss: 0.4934 - Train Metric: 0.8409
Epoch 19/50 - Val Metric: 0.8565
Epoch 20/50 - Train Loss: 0.4976 - Train Metric: 0.8379
Epoch 20/50 - Val Metric: 0.8550
Epoch 21/50 - Train Loss: 0.4954 - Train Metric: 0.8383
Epoch 21/50 - Val Metric: 0.8566
Epoch 22/50 - Train Loss: 0.4951 - Train Metric: 0.8395
Epoch 22/50 - Val Metric: 0.8553
Epoch 23/50 - Train Loss: 0.4942 - Train Metric: 0.8398
Epoch 23/50 - Val Metric: 0.8597
Epoch 24/50 - Train Loss: 0.4952 - Train Metric: 0.8392
Epoch 24/50 - Val Metric: 0.8603
Epoch 25/50 - Train Loss: 0.4955 - Train Metric: 0.8394
Epoch 25/50 - Val Metric: 0.8584
Epoch 26/50 - Train Loss: 0.4969 - Train Metric: 0.8383
Epoch 26/50 - Val Metric: 0.8591
Epoch 27/50 - Train Loss: 0.4939 - Train Metric: 0.8403
Epoch 27/50 - Val Metric: 0.8610
Epoch 28/50 - Train Loss: 0.4875 - Train Metric: 0.8450
Epoch 28/50 - Val Metric: 0.8617
Epoch 29/50 - Train Loss: 0.4915 - Train Metric: 0.8423
Epoch 29/50 - Val Metric: 0.8566
Epoch 30/50 - Train Loss: 0.5054 - Train Metric: 0.8318
Epoch 30/50 - Val Metric: 0.8606
Epoch 31/50 - Train Loss: 0.4989 - Train Metric: 0.8373
Epoch 31/50 - Val Metric: 0.8591
Epoch 32/50 - Train Loss: 0.4951 - Train Metric: 0.8400
Epoch 32/50 - Val Metric: 0.8650
Epoch 33/50 - Train Loss: 0.4995 - Train Metric: 0.8369
Epoch 33/50 - Val Metric: 0.8607
Epoch 34/50 - Train Loss: 0.4969 - Train Metric: 0.8385
Epoch 34/50 - Val Metric: 0.8634
Epoch 35/50 - Train Loss: 0.4961 - Train Metric: 0.8389
Epoch 35/50 - Val Metric: 0.8619
Epoch 36/50 - Train Loss: 0.4958 - Train Metric: 0.8397
Epoch 36/50 - Val Metric: 0.8632
Epoch 37/50 - Train Loss: 0.4949 - Train Metric: 0.8407
Epoch 37/50 - Val Metric: 0.8643
Epoch 38/50 - Train Loss: 0.4931 - Train Metric: 0.8417
Epoch 38/50 - Val Metric: 0.8664
Epoch 39/50 - Train Loss: 0.4906 - Train Metric: 0.8434
Epoch 39/50 - Val Metric: 0.8630
Epoch 40/50 - Train Loss: 0.4907 - Train Metric: 0.8431
Epoch 40/50 - Val Metric: 0.8615
Epoch 41/50 - Train Loss: 0.4954 - Train Metric: 0.8399
Epoch 41/50 - Val Metric: 0.8614
Epoch 42/50 - Train Loss: 0.4992 - Train Metric: 0.8361
Epoch 42/50 - Val Metric: 0.8581
Epoch 43/50 - Train Loss: 0.5064 - Train Metric: 0.8316
Epoch 43/50 - Val Metric: 0.8597
Epoch 44/50 - Train Loss: 0.4933 - Train Metric: 0.8411
Epoch 44/50 - Val Metric: 0.8592
Epoch 45/50 - Train Loss: 0.4942 - Train Metric: 0.8405
Epoch 45/50 - Val Metric: 0.8607
Epoch 46/50 - Train Loss: 0.4924 - Train Metric: 0.8416
Epoch 46/50 - Val Metric: 0.8616
Epoch 47/50 - Train Loss: 0.4859 - Train Metric: 0.8463
Epoch 47/50 - Val Metric: 0.8642
Epoch 48/50 - Train Loss: 0.4894 - Train Metric: 0.8436
Epoch 48/50 - Val Metric: 0.8640
Epoch 49/50 - Train Loss: 0.4869 - Train Metric: 0.8460
Epoch 49/50 - Val Metric: 0.8643
Epoch 50/50 - Train Loss: 0.4867 - Train Metric: 0.8463
Epoch 50/50 - Val Metric: 0.8597
Best val: 0.8664, Best test: 0.8468
Training set has 8462 instances
Validation set has 1057 instances
Test set has 1059 instances
Epoch 1/50 - Train Loss: 0.7387 - Train Metric: 0.5073
Epoch 1/50 - Val Metric: 0.7846
Epoch 2/50 - Train Loss: 0.7000 - Train Metric: 0.4996
Epoch 2/50 - Val Metric: 0.7905
Epoch 3/50 - Train Loss: 0.6951 - Train Metric: 0.5117
Epoch 3/50 - Val Metric: 0.8194
Epoch 4/50 - Train Loss: 0.6962 - Train Metric: 0.4960
Epoch 4/50 - Val Metric: 0.8253
Epoch 5/50 - Train Loss: 0.6964 - Train Metric: 0.4902
Epoch 5/50 - Val Metric: 0.8221
Epoch 6/50 - Train Loss: 0.6963 - Train Metric: 0.4981
Epoch 6/50 - Val Metric: 0.8214
Epoch 7/50 - Train Loss: 0.6976 - Train Metric: 0.4892
Epoch 7/50 - Val Metric: 0.8224
Epoch 8/50 - Train Loss: 0.6954 - Train Metric: 0.5075
Epoch 8/50 - Val Metric: 0.8262
Epoch 9/50 - Train Loss: 0.6970 - Train Metric: 0.4985
Epoch 9/50 - Val Metric: 0.8307
Epoch 10/50 - Train Loss: 0.6946 - Train Metric: 0.5019
Epoch 10/50 - Val Metric: 0.8323
Epoch 11/50 - Train Loss: 0.6951 - Train Metric: 0.5137
Epoch 11/50 - Val Metric: 0.8321
Epoch 12/50 - Train Loss: 0.6951 - Train Metric: 0.4924
Epoch 12/50 - Val Metric: 0.8287
Epoch 13/50 - Train Loss: 0.6947 - Train Metric: 0.4973
Epoch 13/50 - Val Metric: 0.8388
Epoch 14/50 - Train Loss: 0.6947 - Train Metric: 0.4956
Epoch 14/50 - Val Metric: 0.8311
Epoch 15/50 - Train Loss: 0.6945 - Train Metric: 0.4955
Epoch 15/50 - Val Metric: 0.8350
Epoch 16/50 - Train Loss: 0.6941 - Train Metric: 0.4987
Epoch 16/50 - Val Metric: 0.8315
Epoch 17/50 - Train Loss: 0.6953 - Train Metric: 0.4916
Epoch 17/50 - Val Metric: 0.8311
Epoch 18/50 - Train Loss: 0.6940 - Train Metric: 0.4987
Epoch 18/50 - Val Metric: 0.8321
Epoch 19/50 - Train Loss: 0.6936 - Train Metric: 0.4998
Epoch 19/50 - Val Metric: 0.8369
Epoch 20/50 - Train Loss: 0.6937 - Train Metric: 0.4993
Epoch 20/50 - Val Metric: 0.8302
Epoch 21/50 - Train Loss: 0.6942 - Train Metric: 0.4955
Epoch 21/50 - Val Metric: 0.8301
Epoch 22/50 - Train Loss: 0.6937 - Train Metric: 0.4855
Epoch 22/50 - Val Metric: 0.8332
Epoch 23/50 - Train Loss: 0.6940 - Train Metric: 0.4968
Epoch 23/50 - Val Metric: 0.8236
Epoch 24/50 - Train Loss: 0.6937 - Train Metric: 0.5062
Epoch 24/50 - Val Metric: 0.8260
Epoch 25/50 - Train Loss: 0.6939 - Train Metric: 0.5005
Epoch 25/50 - Val Metric: 0.8240
Epoch 26/50 - Train Loss: 0.6952 - Train Metric: 0.5119
Epoch 26/50 - Val Metric: 0.8259
Epoch 27/50 - Train Loss: 0.6938 - Train Metric: 0.5024
Epoch 27/50 - Val Metric: 0.8233
Epoch 28/50 - Train Loss: 0.6939 - Train Metric: 0.5002
Epoch 28/50 - Val Metric: 0.8272
Epoch 29/50 - Train Loss: 0.6934 - Train Metric: 0.5011
Epoch 29/50 - Val Metric: 0.8334
Epoch 30/50 - Train Loss: 0.6949 - Train Metric: 0.4993
Epoch 30/50 - Val Metric: 0.8236
Epoch 31/50 - Train Loss: 0.6937 - Train Metric: 0.5003
Epoch 31/50 - Val Metric: 0.8302
Epoch 32/50 - Train Loss: 0.6936 - Train Metric: 0.4936
Epoch 32/50 - Val Metric: 0.8282
Epoch 33/50 - Train Loss: 0.6938 - Train Metric: 0.4961
Epoch 33/50 - Val Metric: 0.8338
Epoch 34/50 - Train Loss: 0.6938 - Train Metric: 0.4882
Epoch 34/50 - Val Metric: 0.8412
Epoch 35/50 - Train Loss: 0.6938 - Train Metric: 0.4972
Epoch 35/50 - Val Metric: 0.8426
Epoch 36/50 - Train Loss: 0.6940 - Train Metric: 0.5062
Epoch 36/50 - Val Metric: 0.8391
Epoch 37/50 - Train Loss: 0.6935 - Train Metric: 0.4970
Epoch 37/50 - Val Metric: 0.8471
Epoch 38/50 - Train Loss: 0.6935 - Train Metric: 0.4998
Epoch 38/50 - Val Metric: 0.8399
Epoch 39/50 - Train Loss: 0.6936 - Train Metric: 0.4972
Epoch 39/50 - Val Metric: 0.8432
Epoch 40/50 - Train Loss: 0.6938 - Train Metric: 0.4869
Epoch 40/50 - Val Metric: 0.8333
Epoch 41/50 - Train Loss: 0.6941 - Train Metric: 0.4975
Epoch 41/50 - Val Metric: 0.8134
Epoch 42/50 - Train Loss: 0.6933 - Train Metric: 0.4974
Epoch 42/50 - Val Metric: 0.8445
Epoch 43/50 - Train Loss: 0.6934 - Train Metric: 0.4990
Epoch 43/50 - Val Metric: 0.8464
Epoch 44/50 - Train Loss: 0.6932 - Train Metric: 0.4955
Epoch 44/50 - Val Metric: 0.8390
Epoch 45/50 - Train Loss: 0.6935 - Train Metric: 0.5015
Epoch 45/50 - Val Metric: 0.8477
Epoch 46/50 - Train Loss: 0.6936 - Train Metric: 0.4942
Epoch 46/50 - Val Metric: 0.8489
Epoch 47/50 - Train Loss: 0.6938 - Train Metric: 0.5032
Epoch 47/50 - Val Metric: 0.8493
Epoch 48/50 - Train Loss: 0.6935 - Train Metric: 0.4851
Epoch 48/50 - Val Metric: 0.8471
Epoch 49/50 - Train Loss: 0.6937 - Train Metric: 0.4959
Epoch 49/50 - Val Metric: 0.8529
Epoch 50/50 - Train Loss: 0.6934 - Train Metric: 0.5031
Epoch 50/50 - Val Metric: 0.8491
Best val: 0.8529, Best test: 0.8326
Training set has 8462 instances
Validation set has 1057 instances
Test set has 1059 instances
Epoch 1/50 - Train Loss: 0.6985 - Train Metric: 0.5052
Epoch 1/50 - Val Metric: 0.7657
Epoch 2/50 - Train Loss: 0.6950 - Train Metric: 0.4999
Epoch 2/50 - Val Metric: 0.7772
Epoch 3/50 - Train Loss: 0.6941 - Train Metric: 0.5079
Epoch 3/50 - Val Metric: 0.7612
Epoch 4/50 - Train Loss: 0.6935 - Train Metric: 0.5140
Epoch 4/50 - Val Metric: 0.7664
Epoch 5/50 - Train Loss: 0.6648 - Train Metric: 0.6297
Epoch 5/50 - Val Metric: 0.7998
Epoch 6/50 - Train Loss: 0.5719 - Train Metric: 0.7738
Epoch 6/50 - Val Metric: 0.8385
Epoch 7/50 - Train Loss: 0.5289 - Train Metric: 0.8129
Epoch 7/50 - Val Metric: 0.8454
Epoch 8/50 - Train Loss: 0.5147 - Train Metric: 0.8240
Epoch 8/50 - Val Metric: 0.8462
Epoch 9/50 - Train Loss: 0.5132 - Train Metric: 0.8251
Epoch 9/50 - Val Metric: 0.8468
Epoch 10/50 - Train Loss: 0.5203 - Train Metric: 0.8194
Epoch 10/50 - Val Metric: 0.8473
Epoch 11/50 - Train Loss: 0.5148 - Train Metric: 0.8239
Epoch 11/50 - Val Metric: 0.8472
Epoch 12/50 - Train Loss: 0.5149 - Train Metric: 0.8237
Epoch 12/50 - Val Metric: 0.8461
Epoch 13/50 - Train Loss: 0.5121 - Train Metric: 0.8263
Epoch 13/50 - Val Metric: 0.8477
Epoch 14/50 - Train Loss: 0.5096 - Train Metric: 0.8275
Epoch 14/50 - Val Metric: 0.8473
Epoch 15/50 - Train Loss: 0.5118 - Train Metric: 0.8259
Epoch 15/50 - Val Metric: 0.8477
Epoch 16/50 - Train Loss: 0.5107 - Train Metric: 0.8266
Epoch 16/50 - Val Metric: 0.8479
Epoch 17/50 - Train Loss: 0.5081 - Train Metric: 0.8282
Epoch 17/50 - Val Metric: 0.8481
Epoch 18/50 - Train Loss: 0.5078 - Train Metric: 0.8288
Epoch 18/50 - Val Metric: 0.8481
Epoch 19/50 - Train Loss: 0.5097 - Train Metric: 0.8271
Epoch 19/50 - Val Metric: 0.8476
Epoch 20/50 - Train Loss: 0.5072 - Train Metric: 0.8289
Epoch 20/50 - Val Metric: 0.8478
Epoch 21/50 - Train Loss: 0.5079 - Train Metric: 0.8284
Epoch 21/50 - Val Metric: 0.8481
Epoch 22/50 - Train Loss: 0.5070 - Train Metric: 0.8293
Epoch 22/50 - Val Metric: 0.8480
Epoch 23/50 - Train Loss: 0.5064 - Train Metric: 0.8294
Epoch 23/50 - Val Metric: 0.8479
Epoch 24/50 - Train Loss: 0.5063 - Train Metric: 0.8298
Epoch 24/50 - Val Metric: 0.8482
Epoch 25/50 - Train Loss: 0.5070 - Train Metric: 0.8291
Epoch 25/50 - Val Metric: 0.8482
Epoch 26/50 - Train Loss: 0.5074 - Train Metric: 0.8289
Epoch 26/50 - Val Metric: 0.8485
Epoch 27/50 - Train Loss: 0.5052 - Train Metric: 0.8305
Epoch 27/50 - Val Metric: 0.8484
Epoch 28/50 - Train Loss: 0.5059 - Train Metric: 0.8299
Epoch 28/50 - Val Metric: 0.8484
Epoch 29/50 - Train Loss: 0.5059 - Train Metric: 0.8299
Epoch 29/50 - Val Metric: 0.8482
Epoch 30/50 - Train Loss: 0.5054 - Train Metric: 0.8303
Epoch 30/50 - Val Metric: 0.8483
Epoch 31/50 - Train Loss: 0.5059 - Train Metric: 0.8300
Epoch 31/50 - Val Metric: 0.8482
Epoch 32/50 - Train Loss: 0.5051 - Train Metric: 0.8304
Epoch 32/50 - Val Metric: 0.8484
Epoch 33/50 - Train Loss: 0.5048 - Train Metric: 0.8305
Epoch 33/50 - Val Metric: 0.8483
Epoch 34/50 - Train Loss: 0.5060 - Train Metric: 0.8298
Epoch 34/50 - Val Metric: 0.8482
Epoch 35/50 - Train Loss: 0.5047 - Train Metric: 0.8307
Epoch 35/50 - Val Metric: 0.8482
Epoch 36/50 - Train Loss: 0.5045 - Train Metric: 0.8308
Epoch 36/50 - Val Metric: 0.8483
Epoch 37/50 - Train Loss: 0.5052 - Train Metric: 0.8303
Epoch 37/50 - Val Metric: 0.8480
Epoch 38/50 - Train Loss: 0.5050 - Train Metric: 0.8304
Epoch 38/50 - Val Metric: 0.8485
Epoch 39/50 - Train Loss: 0.5052 - Train Metric: 0.8303
Epoch 39/50 - Val Metric: 0.8483
Epoch 40/50 - Train Loss: 0.5046 - Train Metric: 0.8306
Epoch 40/50 - Val Metric: 0.8483
Epoch 41/50 - Train Loss: 0.5046 - Train Metric: 0.8307
Epoch 41/50 - Val Metric: 0.8483
Epoch 42/50 - Train Loss: 0.5045 - Train Metric: 0.8307
Epoch 42/50 - Val Metric: 0.8484
Epoch 43/50 - Train Loss: 0.5044 - Train Metric: 0.8309
Epoch 43/50 - Val Metric: 0.8483
Epoch 44/50 - Train Loss: 0.5046 - Train Metric: 0.8307
Epoch 44/50 - Val Metric: 0.8482
Epoch 45/50 - Train Loss: 0.5044 - Train Metric: 0.8308
Epoch 45/50 - Val Metric: 0.8485
Epoch 46/50 - Train Loss: 0.5045 - Train Metric: 0.8308
Epoch 46/50 - Val Metric: 0.8483
Epoch 47/50 - Train Loss: 0.5050 - Train Metric: 0.8304
Epoch 47/50 - Val Metric: 0.8485
Epoch 48/50 - Train Loss: 0.5042 - Train Metric: 0.8310
Epoch 48/50 - Val Metric: 0.8484
Epoch 49/50 - Train Loss: 0.5044 - Train Metric: 0.8308
Epoch 49/50 - Val Metric: 0.8483
Epoch 50/50 - Train Loss: 0.5042 - Train Metric: 0.8310
Epoch 50/50 - Val Metric: 0.8482
Best val: 0.8485, Best test: 0.8460
Training set has 8462 instances
Validation set has 1057 instances
Test set has 1059 instances
Epoch 1/50 - Train Loss: 0.6979 - Train Metric: 0.5049
Epoch 1/50 - Val Metric: 0.5664
Epoch 2/50 - Train Loss: 0.6937 - Train Metric: 0.5125
Epoch 2/50 - Val Metric: 0.7463
Epoch 3/50 - Train Loss: 0.6954 - Train Metric: 0.5167
Epoch 3/50 - Val Metric: 0.7477
Epoch 4/50 - Train Loss: 0.6907 - Train Metric: 0.5371
Epoch 4/50 - Val Metric: 0.7752
Epoch 5/50 - Train Loss: 0.5920 - Train Metric: 0.7513
Epoch 5/50 - Val Metric: 0.8326
Epoch 6/50 - Train Loss: 0.5172 - Train Metric: 0.8240
Epoch 6/50 - Val Metric: 0.8334
Epoch 7/50 - Train Loss: 0.5042 - Train Metric: 0.8330
Epoch 7/50 - Val Metric: 0.8345
Epoch 8/50 - Train Loss: 0.4997 - Train Metric: 0.8365
Epoch 8/50 - Val Metric: 0.8348
Epoch 9/50 - Train Loss: 0.5064 - Train Metric: 0.8318
Epoch 9/50 - Val Metric: 0.8350
Epoch 10/50 - Train Loss: 0.4967 - Train Metric: 0.8387
Epoch 10/50 - Val Metric: 0.8379
Epoch 11/50 - Train Loss: 0.4910 - Train Metric: 0.8427
Epoch 11/50 - Val Metric: 0.8393
Epoch 12/50 - Train Loss: 0.4916 - Train Metric: 0.8426
Epoch 12/50 - Val Metric: 0.8413
Epoch 13/50 - Train Loss: 0.4906 - Train Metric: 0.8434
Epoch 13/50 - Val Metric: 0.8422
Epoch 14/50 - Train Loss: 0.4828 - Train Metric: 0.8489
Epoch 14/50 - Val Metric: 0.8438
Epoch 15/50 - Train Loss: 0.4795 - Train Metric: 0.8513
Epoch 15/50 - Val Metric: 0.8458
Epoch 16/50 - Train Loss: 0.4729 - Train Metric: 0.8556
Epoch 16/50 - Val Metric: 0.8471
Epoch 17/50 - Train Loss: 0.4765 - Train Metric: 0.8532
Epoch 17/50 - Val Metric: 0.8452
Epoch 18/50 - Train Loss: 0.4745 - Train Metric: 0.8543
Epoch 18/50 - Val Metric: 0.8427
Epoch 19/50 - Train Loss: 0.4691 - Train Metric: 0.8580
Epoch 19/50 - Val Metric: 0.8443
Epoch 20/50 - Train Loss: 0.4693 - Train Metric: 0.8576
Epoch 20/50 - Val Metric: 0.8447
Epoch 21/50 - Train Loss: 0.4688 - Train Metric: 0.8578
Epoch 21/50 - Val Metric: 0.8482
Epoch 22/50 - Train Loss: 0.4617 - Train Metric: 0.8627
Epoch 22/50 - Val Metric: 0.8456
Epoch 23/50 - Train Loss: 0.4610 - Train Metric: 0.8629
Epoch 23/50 - Val Metric: 0.8480
Epoch 24/50 - Train Loss: 0.4601 - Train Metric: 0.8634
Epoch 24/50 - Val Metric: 0.8463
Epoch 25/50 - Train Loss: 0.4607 - Train Metric: 0.8630
Epoch 25/50 - Val Metric: 0.8468
Epoch 26/50 - Train Loss: 0.4644 - Train Metric: 0.8608
Epoch 26/50 - Val Metric: 0.8489
Epoch 27/50 - Train Loss: 0.4613 - Train Metric: 0.8625
Epoch 27/50 - Val Metric: 0.8494
Epoch 28/50 - Train Loss: 0.4578 - Train Metric: 0.8648
Epoch 28/50 - Val Metric: 0.8480
Epoch 29/50 - Train Loss: 0.4569 - Train Metric: 0.8653
Epoch 29/50 - Val Metric: 0.8504
Epoch 30/50 - Train Loss: 0.4595 - Train Metric: 0.8639
Epoch 30/50 - Val Metric: 0.8468
Epoch 31/50 - Train Loss: 0.4608 - Train Metric: 0.8627
Epoch 31/50 - Val Metric: 0.8477
Epoch 32/50 - Train Loss: 0.4609 - Train Metric: 0.8628
Epoch 32/50 - Val Metric: 0.8500
Epoch 33/50 - Train Loss: 0.4580 - Train Metric: 0.8645
Epoch 33/50 - Val Metric: 0.8493
Epoch 34/50 - Train Loss: 0.4562 - Train Metric: 0.8659
Epoch 34/50 - Val Metric: 0.8495
Epoch 35/50 - Train Loss: 0.4576 - Train Metric: 0.8653
Epoch 35/50 - Val Metric: 0.8488
Epoch 36/50 - Train Loss: 0.4548 - Train Metric: 0.8665
Epoch 36/50 - Val Metric: 0.8506
Epoch 37/50 - Train Loss: 0.4560 - Train Metric: 0.8661
Epoch 37/50 - Val Metric: 0.8487
Epoch 38/50 - Train Loss: 0.4559 - Train Metric: 0.8661
Epoch 38/50 - Val Metric: 0.8505
Epoch 39/50 - Train Loss: 0.4538 - Train Metric: 0.8672
Epoch 39/50 - Val Metric: 0.8499
Epoch 40/50 - Train Loss: 0.4541 - Train Metric: 0.8671
Epoch 40/50 - Val Metric: 0.8496
Epoch 41/50 - Train Loss: 0.4526 - Train Metric: 0.8679
Epoch 41/50 - Val Metric: 0.8486
Epoch 42/50 - Train Loss: 0.4510 - Train Metric: 0.8687
Epoch 42/50 - Val Metric: 0.8501
Epoch 43/50 - Train Loss: 0.4525 - Train Metric: 0.8682
Epoch 43/50 - Val Metric: 0.8492
Epoch 44/50 - Train Loss: 0.4527 - Train Metric: 0.8680
Epoch 44/50 - Val Metric: 0.8500
Epoch 45/50 - Train Loss: 0.4518 - Train Metric: 0.8685
Epoch 45/50 - Val Metric: 0.8503
Epoch 46/50 - Train Loss: 0.4511 - Train Metric: 0.8690
Epoch 46/50 - Val Metric: 0.8512
Epoch 47/50 - Train Loss: 0.4538 - Train Metric: 0.8673
Epoch 47/50 - Val Metric: 0.8480
Epoch 48/50 - Train Loss: 0.4514 - Train Metric: 0.8688
Epoch 48/50 - Val Metric: 0.8495
Epoch 49/50 - Train Loss: 0.4506 - Train Metric: 0.8691
Epoch 49/50 - Val Metric: 0.8495
Epoch 50/50 - Train Loss: 0.4508 - Train Metric: 0.8691
Epoch 50/50 - Val Metric: 0.8490
Best val: 0.8512, Best test: 0.8514
Training set has 8462 instances
Validation set has 1057 instances
Test set has 1059 instances
Epoch 1/50 - Train Loss: 0.7106 - Train Metric: 0.5069
Epoch 1/50 - Val Metric: 0.7711
Epoch 2/50 - Train Loss: 0.6951 - Train Metric: 0.5109
Epoch 2/50 - Val Metric: 0.7763
Epoch 3/50 - Train Loss: 0.6950 - Train Metric: 0.5076
Epoch 3/50 - Val Metric: 0.7721
Epoch 4/50 - Train Loss: 0.6940 - Train Metric: 0.5145
Epoch 4/50 - Val Metric: 0.7724
Epoch 5/50 - Train Loss: 0.6892 - Train Metric: 0.5713
Epoch 5/50 - Val Metric: 0.7950
Epoch 6/50 - Train Loss: 0.5717 - Train Metric: 0.7721
Epoch 6/50 - Val Metric: 0.8294
Epoch 7/50 - Train Loss: 0.5305 - Train Metric: 0.8112
Epoch 7/50 - Val Metric: 0.8296
Epoch 8/50 - Train Loss: 0.5158 - Train Metric: 0.8240
Epoch 8/50 - Val Metric: 0.8304
Epoch 9/50 - Train Loss: 0.5212 - Train Metric: 0.8198
Epoch 9/50 - Val Metric: 0.8308
Epoch 10/50 - Train Loss: 0.5085 - Train Metric: 0.8291
Epoch 10/50 - Val Metric: 0.8331
Epoch 11/50 - Train Loss: 0.5026 - Train Metric: 0.8338
Epoch 11/50 - Val Metric: 0.8371
Epoch 12/50 - Train Loss: 0.5059 - Train Metric: 0.8315
Epoch 12/50 - Val Metric: 0.8363
Epoch 13/50 - Train Loss: 0.5075 - Train Metric: 0.8300
Epoch 13/50 - Val Metric: 0.8396
Epoch 14/50 - Train Loss: 0.4984 - Train Metric: 0.8372
Epoch 14/50 - Val Metric: 0.8384
Epoch 15/50 - Train Loss: 0.4957 - Train Metric: 0.8392
Epoch 15/50 - Val Metric: 0.8426
Epoch 16/50 - Train Loss: 0.4969 - Train Metric: 0.8382
Epoch 16/50 - Val Metric: 0.8450
Epoch 17/50 - Train Loss: 0.4970 - Train Metric: 0.8382
Epoch 17/50 - Val Metric: 0.8445
Epoch 18/50 - Train Loss: 0.5019 - Train Metric: 0.8346
Epoch 18/50 - Val Metric: 0.8417
Epoch 19/50 - Train Loss: 0.4990 - Train Metric: 0.8366
Epoch 19/50 - Val Metric: 0.8469
Epoch 20/50 - Train Loss: 0.4903 - Train Metric: 0.8433
Epoch 20/50 - Val Metric: 0.8510
Epoch 21/50 - Train Loss: 0.4881 - Train Metric: 0.8453
Epoch 21/50 - Val Metric: 0.8536
Epoch 22/50 - Train Loss: 0.4853 - Train Metric: 0.8467
Epoch 22/50 - Val Metric: 0.8516
Epoch 23/50 - Train Loss: 0.4851 - Train Metric: 0.8467
Epoch 23/50 - Val Metric: 0.8509
Epoch 24/50 - Train Loss: 0.4858 - Train Metric: 0.8463
Epoch 24/50 - Val Metric: 0.8495
Epoch 25/50 - Train Loss: 0.4914 - Train Metric: 0.8425
Epoch 25/50 - Val Metric: 0.8544
Epoch 26/50 - Train Loss: 0.4960 - Train Metric: 0.8401
Epoch 26/50 - Val Metric: 0.8551
Epoch 27/50 - Train Loss: 0.4904 - Train Metric: 0.8441
Epoch 27/50 - Val Metric: 0.8524
Epoch 28/50 - Train Loss: 0.4811 - Train Metric: 0.8500
Epoch 28/50 - Val Metric: 0.8546
Epoch 29/50 - Train Loss: 0.4776 - Train Metric: 0.8523
Epoch 29/50 - Val Metric: 0.8571
Epoch 30/50 - Train Loss: 0.4832 - Train Metric: 0.8485
Epoch 30/50 - Val Metric: 0.8606
Epoch 31/50 - Train Loss: 0.4836 - Train Metric: 0.8480
Epoch 31/50 - Val Metric: 0.8571
Epoch 32/50 - Train Loss: 0.4820 - Train Metric: 0.8492
Epoch 32/50 - Val Metric: 0.8592
Epoch 33/50 - Train Loss: 0.4807 - Train Metric: 0.8496
Epoch 33/50 - Val Metric: 0.8587
Epoch 34/50 - Train Loss: 0.4775 - Train Metric: 0.8521
Epoch 34/50 - Val Metric: 0.8583
Epoch 35/50 - Train Loss: 0.4799 - Train Metric: 0.8502
Epoch 35/50 - Val Metric: 0.8528
Epoch 36/50 - Train Loss: 0.4798 - Train Metric: 0.8507
Epoch 36/50 - Val Metric: 0.8591
Epoch 37/50 - Train Loss: 0.4804 - Train Metric: 0.8502
Epoch 37/50 - Val Metric: 0.8580
Epoch 38/50 - Train Loss: 0.4796 - Train Metric: 0.8505
Epoch 38/50 - Val Metric: 0.8585
Epoch 39/50 - Train Loss: 0.4772 - Train Metric: 0.8522
Epoch 39/50 - Val Metric: 0.8550
Epoch 40/50 - Train Loss: 0.4817 - Train Metric: 0.8489
Epoch 40/50 - Val Metric: 0.8532
Epoch 41/50 - Train Loss: 0.4812 - Train Metric: 0.8500
Epoch 41/50 - Val Metric: 0.8556
Epoch 42/50 - Train Loss: 0.4801 - Train Metric: 0.8505
Epoch 42/50 - Val Metric: 0.8584
Epoch 43/50 - Train Loss: 0.4771 - Train Metric: 0.8517
Epoch 43/50 - Val Metric: 0.8611
Epoch 44/50 - Train Loss: 0.4752 - Train Metric: 0.8535
Epoch 44/50 - Val Metric: 0.8581
Epoch 45/50 - Train Loss: 0.4848 - Train Metric: 0.8472
Epoch 45/50 - Val Metric: 0.8426
Epoch 46/50 - Train Loss: 0.4785 - Train Metric: 0.8515
Epoch 46/50 - Val Metric: 0.8531
Epoch 47/50 - Train Loss: 0.4770 - Train Metric: 0.8527
Epoch 47/50 - Val Metric: 0.8629
Epoch 48/50 - Train Loss: 0.4774 - Train Metric: 0.8527
Epoch 48/50 - Val Metric: 0.8601
Epoch 49/50 - Train Loss: 0.4759 - Train Metric: 0.8534
Epoch 49/50 - Val Metric: 0.8526
Epoch 50/50 - Train Loss: 0.4753 - Train Metric: 0.8539
Epoch 50/50 - Val Metric: 0.8524
Best val: 0.8629, Best test: 0.8465
Training set has 8462 instances
Validation set has 1057 instances
Test set has 1059 instances
Epoch 1/50 - Train Loss: 0.7063 - Train Metric: 0.5064
Epoch 1/50 - Val Metric: 0.7728
Training set has 8462 instances
Validation set has 1057 instances
Test set has 1059 instances
Training set has 8462 instances
Validation set has 1057 instances
Test set has 1059 instances
Epoch 1/50 - Train Loss: 0.6951 - Train Metric: 0.5093
Epoch 1/50 - Val Metric: 0.7712
Training set has 8462 instances
Validation set has 1057 instances
Test set has 1059 instances
Training set has 8462 instances
Validation set has 1057 instances
Test set has 1059 instances
Epoch 1/50 - Train Loss: 0.7301 - Train Metric: 0.5211
Epoch 1/50 - Val Metric: 0.7750
Training set has 8462 instances
Validation set has 1057 instances
Test set has 1059 instances
Epoch 1/50 - Train Loss: 0.7019 - Train Metric: 0.4940
Epoch 1/50 - Val Metric: 0.7801
Epoch 2/50 - Train Loss: 0.6963 - Train Metric: 0.5019
Epoch 2/50 - Val Metric: 0.7721
Epoch 3/50 - Train Loss: 0.6960 - Train Metric: 0.4944
Epoch 3/50 - Val Metric: 0.7773
Epoch 4/50 - Train Loss: 0.6947 - Train Metric: 0.5015
Epoch 4/50 - Val Metric: 0.7998
Epoch 5/50 - Train Loss: 0.6529 - Train Metric: 0.6555
Epoch 5/50 - Val Metric: 0.8243
Epoch 6/50 - Train Loss: 0.5780 - Train Metric: 0.7631
Epoch 6/50 - Val Metric: 0.8322
Epoch 7/50 - Train Loss: 0.5179 - Train Metric: 0.8241
Epoch 7/50 - Val Metric: 0.8428
Epoch 8/50 - Train Loss: 0.5111 - Train Metric: 0.8282
Epoch 8/50 - Val Metric: 0.8493
Epoch 9/50 - Train Loss: 0.5022 - Train Metric: 0.8351
Epoch 9/50 - Val Metric: 0.8468
Epoch 10/50 - Train Loss: 0.5046 - Train Metric: 0.8332
Epoch 10/50 - Val Metric: 0.8519
Epoch 11/50 - Train Loss: 0.5103 - Train Metric: 0.8288
Epoch 11/50 - Val Metric: 0.8509
Epoch 12/50 - Train Loss: 0.4914 - Train Metric: 0.8430
Epoch 12/50 - Val Metric: 0.8544
Epoch 13/50 - Train Loss: 0.4870 - Train Metric: 0.8461
Epoch 13/50 - Val Metric: 0.8593
Epoch 14/50 - Train Loss: 0.4921 - Train Metric: 0.8416
Epoch 14/50 - Val Metric: 0.8607
Epoch 15/50 - Train Loss: 0.4835 - Train Metric: 0.8485
Epoch 15/50 - Val Metric: 0.8618
Epoch 16/50 - Train Loss: 0.4809 - Train Metric: 0.8500
Epoch 16/50 - Val Metric: 0.8595
Epoch 17/50 - Train Loss: 0.4748 - Train Metric: 0.8542
Epoch 17/50 - Val Metric: 0.8637
Epoch 18/50 - Train Loss: 0.4784 - Train Metric: 0.8518
Epoch 18/50 - Val Metric: 0.8641
Epoch 19/50 - Train Loss: 0.4713 - Train Metric: 0.8567
Epoch 19/50 - Val Metric: 0.8655
Epoch 20/50 - Train Loss: 0.4737 - Train Metric: 0.8544
Epoch 20/50 - Val Metric: 0.8697
Epoch 21/50 - Train Loss: 0.4698 - Train Metric: 0.8574
Epoch 21/50 - Val Metric: 0.8658
Epoch 22/50 - Train Loss: 0.4686 - Train Metric: 0.8579
Epoch 22/50 - Val Metric: 0.8675
Epoch 23/50 - Train Loss: 0.4744 - Train Metric: 0.8543
Epoch 23/50 - Val Metric: 0.8700
Epoch 24/50 - Train Loss: 0.4777 - Train Metric: 0.8520
Epoch 24/50 - Val Metric: 0.8707
Epoch 25/50 - Train Loss: 0.4678 - Train Metric: 0.8589
Epoch 25/50 - Val Metric: 0.8685
Epoch 26/50 - Train Loss: 0.4732 - Train Metric: 0.8551
Epoch 26/50 - Val Metric: 0.8669
Epoch 27/50 - Train Loss: 0.4687 - Train Metric: 0.8576
Epoch 27/50 - Val Metric: 0.8716
Epoch 28/50 - Train Loss: 0.4663 - Train Metric: 0.8595
Epoch 28/50 - Val Metric: 0.8702
Epoch 29/50 - Train Loss: 0.4644 - Train Metric: 0.8611
Epoch 29/50 - Val Metric: 0.8706
Epoch 30/50 - Train Loss: 0.4664 - Train Metric: 0.8599
Epoch 30/50 - Val Metric: 0.8704
Epoch 31/50 - Train Loss: 0.4684 - Train Metric: 0.8584
Epoch 31/50 - Val Metric: 0.8720
Epoch 32/50 - Train Loss: 0.4671 - Train Metric: 0.8593
Epoch 32/50 - Val Metric: 0.8709
Epoch 33/50 - Train Loss: 0.4645 - Train Metric: 0.8607
Epoch 33/50 - Val Metric: 0.8710
Epoch 34/50 - Train Loss: 0.4666 - Train Metric: 0.8598
Epoch 34/50 - Val Metric: 0.8695
Epoch 35/50 - Train Loss: 0.4604 - Train Metric: 0.8635
Epoch 35/50 - Val Metric: 0.8709
Epoch 36/50 - Train Loss: 0.4638 - Train Metric: 0.8615
Epoch 36/50 - Val Metric: 0.8717
Epoch 37/50 - Train Loss: 0.4692 - Train Metric: 0.8581
Epoch 37/50 - Val Metric: 0.8719
Epoch 38/50 - Train Loss: 0.4613 - Train Metric: 0.8632
Epoch 38/50 - Val Metric: 0.8591
Epoch 39/50 - Train Loss: 0.4732 - Train Metric: 0.8558
Epoch 39/50 - Val Metric: 0.8674
Epoch 40/50 - Train Loss: 0.4599 - Train Metric: 0.8638
Epoch 40/50 - Val Metric: 0.8697
Epoch 41/50 - Train Loss: 0.4658 - Train Metric: 0.8598
Epoch 41/50 - Val Metric: 0.8645
Epoch 42/50 - Train Loss: 0.4637 - Train Metric: 0.8613
Epoch 42/50 - Val Metric: 0.8680
Epoch 43/50 - Train Loss: 0.4630 - Train Metric: 0.8621
Epoch 43/50 - Val Metric: 0.8694
Epoch 44/50 - Train Loss: 0.4605 - Train Metric: 0.8638
Epoch 44/50 - Val Metric: 0.8707
Epoch 45/50 - Train Loss: 0.4612 - Train Metric: 0.8628
Epoch 45/50 - Val Metric: 0.8759
Epoch 46/50 - Train Loss: 0.4595 - Train Metric: 0.8637
Epoch 46/50 - Val Metric: 0.8717
Epoch 47/50 - Train Loss: 0.4599 - Train Metric: 0.8640
Epoch 47/50 - Val Metric: 0.8710
Epoch 48/50 - Train Loss: 0.4606 - Train Metric: 0.8631
Epoch 48/50 - Val Metric: 0.8689
Epoch 49/50 - Train Loss: 0.4600 - Train Metric: 0.8635
Epoch 49/50 - Val Metric: 0.8729
Epoch 50/50 - Train Loss: 0.4599 - Train Metric: 0.8638
Epoch 50/50 - Val Metric: 0.8749
Best val: 0.8759, Best test: 0.8799
Training set has 8462 instances
Validation set has 1057 instances
Test set has 1059 instances
Training set has 8462 instances
Validation set has 1057 instances
Test set has 1059 instances
Training set has 8462 instances
Validation set has 1057 instances
Test set has 1059 instances
Training set has 8462 instances
Validation set has 1057 instances
Test set has 1059 instances
Epoch 1/50 - Train Loss: 0.7038 - Train Metric: 0.5008
Epoch 1/50 - Val Metric: 0.8093
Epoch 2/50 - Train Loss: 0.6975 - Train Metric: 0.4921
Epoch 2/50 - Val Metric: 0.8130
Epoch 3/50 - Train Loss: 0.6934 - Train Metric: 0.5148
Epoch 3/50 - Val Metric: 0.8488
Epoch 4/50 - Train Loss: 0.5461 - Train Metric: 0.7985
Epoch 4/50 - Val Metric: 0.8626
Epoch 5/50 - Train Loss: 0.5190 - Train Metric: 0.8218
Epoch 5/50 - Val Metric: 0.8670
Epoch 6/50 - Train Loss: 0.5017 - Train Metric: 0.8350
Epoch 6/50 - Val Metric: 0.8733
Epoch 7/50 - Train Loss: 0.5001 - Train Metric: 0.8354
Epoch 7/50 - Val Metric: 0.8773
Epoch 8/50 - Train Loss: 0.4894 - Train Metric: 0.8436
Epoch 8/50 - Val Metric: 0.8777
Epoch 9/50 - Train Loss: 0.4851 - Train Metric: 0.8471
Epoch 9/50 - Val Metric: 0.8791
Epoch 10/50 - Train Loss: 0.4837 - Train Metric: 0.8474
Epoch 10/50 - Val Metric: 0.8773
Epoch 11/50 - Train Loss: 0.4926 - Train Metric: 0.8413
Epoch 11/50 - Val Metric: 0.8745
Epoch 12/50 - Train Loss: 0.4863 - Train Metric: 0.8461
Epoch 12/50 - Val Metric: 0.8835
Epoch 13/50 - Train Loss: 0.4745 - Train Metric: 0.8543
Epoch 13/50 - Val Metric: 0.8755
Epoch 14/50 - Train Loss: 0.4701 - Train Metric: 0.8570
Epoch 14/50 - Val Metric: 0.8813
Epoch 15/50 - Train Loss: 0.4690 - Train Metric: 0.8577
Epoch 15/50 - Val Metric: 0.8841
Epoch 16/50 - Train Loss: 0.4663 - Train Metric: 0.8596
Epoch 16/50 - Val Metric: 0.8835
Epoch 17/50 - Train Loss: 0.4632 - Train Metric: 0.8615
Epoch 17/50 - Val Metric: 0.8857
Epoch 18/50 - Train Loss: 0.4639 - Train Metric: 0.8609
Epoch 18/50 - Val Metric: 0.8834
Epoch 19/50 - Train Loss: 0.4635 - Train Metric: 0.8608
Epoch 19/50 - Val Metric: 0.8814
Epoch 20/50 - Train Loss: 0.4569 - Train Metric: 0.8652
Epoch 20/50 - Val Metric: 0.8823
Epoch 21/50 - Train Loss: 0.4578 - Train Metric: 0.8648
Epoch 21/50 - Val Metric: 0.8824
Epoch 22/50 - Train Loss: 0.4547 - Train Metric: 0.8669
Epoch 22/50 - Val Metric: 0.8875
Epoch 23/50 - Train Loss: 0.4527 - Train Metric: 0.8676
Epoch 23/50 - Val Metric: 0.8821
Epoch 24/50 - Train Loss: 0.4632 - Train Metric: 0.8614
Epoch 24/50 - Val Metric: 0.8902
Epoch 25/50 - Train Loss: 0.4558 - Train Metric: 0.8661
Epoch 25/50 - Val Metric: 0.8868
Epoch 26/50 - Train Loss: 0.4583 - Train Metric: 0.8650
Epoch 26/50 - Val Metric: 0.8827
Epoch 27/50 - Train Loss: 0.4524 - Train Metric: 0.8682
Epoch 27/50 - Val Metric: 0.8818
Epoch 28/50 - Train Loss: 0.4532 - Train Metric: 0.8678
Epoch 28/50 - Val Metric: 0.8819
Epoch 29/50 - Train Loss: 0.4481 - Train Metric: 0.8707
Epoch 29/50 - Val Metric: 0.8837
Epoch 30/50 - Train Loss: 0.4498 - Train Metric: 0.8695
Epoch 30/50 - Val Metric: 0.8855
Epoch 31/50 - Train Loss: 0.4535 - Train Metric: 0.8682
Epoch 31/50 - Val Metric: 0.8833
Epoch 32/50 - Train Loss: 0.4466 - Train Metric: 0.8720
Epoch 32/50 - Val Metric: 0.8858
Epoch 33/50 - Train Loss: 0.4519 - Train Metric: 0.8687
Epoch 33/50 - Val Metric: 0.8861
Epoch 34/50 - Train Loss: 0.4479 - Train Metric: 0.8711
Epoch 34/50 - Val Metric: 0.8840
Epoch 35/50 - Train Loss: 0.4471 - Train Metric: 0.8719
Epoch 35/50 - Val Metric: 0.8854
Epoch 36/50 - Train Loss: 0.4444 - Train Metric: 0.8733
Epoch 36/50 - Val Metric: 0.8805
Epoch 37/50 - Train Loss: 0.4512 - Train Metric: 0.8690
Epoch 37/50 - Val Metric: 0.8845
Epoch 38/50 - Train Loss: 0.4449 - Train Metric: 0.8730
Epoch 38/50 - Val Metric: 0.8811
Epoch 39/50 - Train Loss: 0.4444 - Train Metric: 0.8730
Epoch 39/50 - Val Metric: 0.8841
Epoch 40/50 - Train Loss: 0.4448 - Train Metric: 0.8730
Epoch 40/50 - Val Metric: 0.8797
Epoch 41/50 - Train Loss: 0.4470 - Train Metric: 0.8720
Epoch 41/50 - Val Metric: 0.8804
Epoch 42/50 - Train Loss: 0.4422 - Train Metric: 0.8746
Epoch 42/50 - Val Metric: 0.8838
Epoch 43/50 - Train Loss: 0.4439 - Train Metric: 0.8738
Epoch 43/50 - Val Metric: 0.8805
Epoch 44/50 - Train Loss: 0.4427 - Train Metric: 0.8745
Epoch 44/50 - Val Metric: 0.8814
Epoch 45/50 - Train Loss: 0.4523 - Train Metric: 0.8692
Epoch 45/50 - Val Metric: 0.8788
Epoch 46/50 - Train Loss: 0.4497 - Train Metric: 0.8703
Epoch 46/50 - Val Metric: 0.8804
Epoch 47/50 - Train Loss: 0.4493 - Train Metric: 0.8705
Epoch 47/50 - Val Metric: 0.8860
Epoch 48/50 - Train Loss: 0.4467 - Train Metric: 0.8722
Epoch 48/50 - Val Metric: 0.8840
Epoch 49/50 - Train Loss: 0.4387 - Train Metric: 0.8767
Epoch 49/50 - Val Metric: 0.8865
Epoch 50/50 - Train Loss: 0.4398 - Train Metric: 0.8764
Epoch 50/50 - Val Metric: 0.8830
Best val: 0.8902, Best test: 0.8564
Training set has 8462 instances
Validation set has 1057 instances
Test set has 1059 instances
Training set has 8462 instances
Validation set has 1057 instances
Test set has 1059 instances
Training set has 8462 instances
Validation set has 1057 instances
Test set has 1059 instances
Training set has 8462 instances
Validation set has 1057 instances
Test set has 1059 instances
Training set has 8462 instances
Validation set has 1057 instances
Test set has 1059 instances
Hyper-parameter search done. Found the best config.
Repeat experiments 5 times with the best train config {'batch_size': 128, 'gamma_rate': 1.0, 'base_lr': 0.001} and model config {'num_heads': 4, 'num_layers': 8, 'num_latents': 32, 'hidden_dim': 64, 'mlp_ratio': 0.5, 'dropout_prob': 0.2, 'top_k': 1}.
Training set has 8462 instances
Validation set has 1057 instances
Test set has 1059 instances
Epoch 1/50 - Train Loss: 0.7072 - Train Metric: 0.4917
Epoch 1/50 - Val Metric: 0.7772
Epoch 2/50 - Train Loss: 0.6971 - Train Metric: 0.5033
Epoch 2/50 - Val Metric: 0.7888
Epoch 3/50 - Train Loss: 0.6955 - Train Metric: 0.5033
Epoch 3/50 - Val Metric: 0.8092
Epoch 4/50 - Train Loss: 0.6496 - Train Metric: 0.6572
Epoch 4/50 - Val Metric: 0.8380
Epoch 5/50 - Train Loss: 0.5257 - Train Metric: 0.8167
Epoch 5/50 - Val Metric: 0.8421
Epoch 6/50 - Train Loss: 0.5154 - Train Metric: 0.8239
Epoch 6/50 - Val Metric: 0.8473
Epoch 7/50 - Train Loss: 0.5105 - Train Metric: 0.8285
Epoch 7/50 - Val Metric: 0.8487
Epoch 8/50 - Train Loss: 0.5000 - Train Metric: 0.8363
Epoch 8/50 - Val Metric: 0.8566
Epoch 9/50 - Train Loss: 0.4928 - Train Metric: 0.8412
Epoch 9/50 - Val Metric: 0.8533
Epoch 10/50 - Train Loss: 0.4958 - Train Metric: 0.8400
Epoch 10/50 - Val Metric: 0.8593
Epoch 11/50 - Train Loss: 0.4933 - Train Metric: 0.8409
Epoch 11/50 - Val Metric: 0.8511
Epoch 12/50 - Train Loss: 0.4855 - Train Metric: 0.8468
Epoch 12/50 - Val Metric: 0.8623
Epoch 13/50 - Train Loss: 0.4875 - Train Metric: 0.8452
Epoch 13/50 - Val Metric: 0.8626
Epoch 14/50 - Train Loss: 0.4755 - Train Metric: 0.8528
Epoch 14/50 - Val Metric: 0.8644
Epoch 15/50 - Train Loss: 0.4769 - Train Metric: 0.8522
Epoch 15/50 - Val Metric: 0.8648
Epoch 16/50 - Train Loss: 0.4806 - Train Metric: 0.8506
Epoch 16/50 - Val Metric: 0.8661
Epoch 17/50 - Train Loss: 0.4811 - Train Metric: 0.8495
Epoch 17/50 - Val Metric: 0.8617
Epoch 18/50 - Train Loss: 0.4712 - Train Metric: 0.8557
Epoch 18/50 - Val Metric: 0.8621
Epoch 19/50 - Train Loss: 0.4769 - Train Metric: 0.8517
Epoch 19/50 - Val Metric: 0.8669
Epoch 20/50 - Train Loss: 0.4708 - Train Metric: 0.8559
Epoch 20/50 - Val Metric: 0.8664
Epoch 21/50 - Train Loss: 0.4680 - Train Metric: 0.8575
Epoch 21/50 - Val Metric: 0.8652
Epoch 22/50 - Train Loss: 0.4733 - Train Metric: 0.8547
Epoch 22/50 - Val Metric: 0.8636
Epoch 23/50 - Train Loss: 0.4681 - Train Metric: 0.8572
Epoch 23/50 - Val Metric: 0.8606
Epoch 24/50 - Train Loss: 0.4668 - Train Metric: 0.8585
Epoch 24/50 - Val Metric: 0.8655
Epoch 25/50 - Train Loss: 0.4641 - Train Metric: 0.8600
Epoch 25/50 - Val Metric: 0.8636
Epoch 26/50 - Train Loss: 0.4644 - Train Metric: 0.8597
Epoch 26/50 - Val Metric: 0.8658
Epoch 27/50 - Train Loss: 0.4679 - Train Metric: 0.8578
Epoch 27/50 - Val Metric: 0.8678
Epoch 28/50 - Train Loss: 0.4681 - Train Metric: 0.8581
Epoch 28/50 - Val Metric: 0.8641
Epoch 29/50 - Train Loss: 0.4647 - Train Metric: 0.8600
Epoch 29/50 - Val Metric: 0.8670
Epoch 30/50 - Train Loss: 0.4670 - Train Metric: 0.8581
Epoch 30/50 - Val Metric: 0.8649
Epoch 31/50 - Train Loss: 0.4604 - Train Metric: 0.8619
Epoch 31/50 - Val Metric: 0.8650
Epoch 32/50 - Train Loss: 0.4603 - Train Metric: 0.8632
Epoch 32/50 - Val Metric: 0.8662
Epoch 33/50 - Train Loss: 0.4613 - Train Metric: 0.8617
Epoch 33/50 - Val Metric: 0.8653
Epoch 34/50 - Train Loss: 0.4666 - Train Metric: 0.8586
Epoch 34/50 - Val Metric: 0.8641
Epoch 35/50 - Train Loss: 0.4619 - Train Metric: 0.8617
Epoch 35/50 - Val Metric: 0.8658
Epoch 36/50 - Train Loss: 0.4581 - Train Metric: 0.8642
Epoch 36/50 - Val Metric: 0.8688
Epoch 37/50 - Train Loss: 0.4574 - Train Metric: 0.8642
Epoch 37/50 - Val Metric: 0.8642
Epoch 38/50 - Train Loss: 0.4558 - Train Metric: 0.8652
Epoch 38/50 - Val Metric: 0.8681
Epoch 39/50 - Train Loss: 0.4617 - Train Metric: 0.8616
Epoch 39/50 - Val Metric: 0.8668
Epoch 40/50 - Train Loss: 0.4590 - Train Metric: 0.8631
Epoch 40/50 - Val Metric: 0.8662
Epoch 41/50 - Train Loss: 0.4623 - Train Metric: 0.8616
Epoch 41/50 - Val Metric: 0.8642
Epoch 42/50 - Train Loss: 0.4659 - Train Metric: 0.8595
Epoch 42/50 - Val Metric: 0.8637
Epoch 43/50 - Train Loss: 0.4622 - Train Metric: 0.8611
Epoch 43/50 - Val Metric: 0.8676
Epoch 44/50 - Train Loss: 0.4596 - Train Metric: 0.8624
Epoch 44/50 - Val Metric: 0.8660
Epoch 45/50 - Train Loss: 0.4601 - Train Metric: 0.8628
Epoch 45/50 - Val Metric: 0.8625
Epoch 46/50 - Train Loss: 0.4621 - Train Metric: 0.8612
Epoch 46/50 - Val Metric: 0.8649
Epoch 47/50 - Train Loss: 0.4609 - Train Metric: 0.8625
Epoch 47/50 - Val Metric: 0.8629
Epoch 48/50 - Train Loss: 0.4596 - Train Metric: 0.8625
Epoch 48/50 - Val Metric: 0.8613
Epoch 49/50 - Train Loss: 0.4566 - Train Metric: 0.8648
Epoch 49/50 - Val Metric: 0.8635
Epoch 50/50 - Train Loss: 0.4585 - Train Metric: 0.8638
Epoch 50/50 - Val Metric: 0.8627
Best val: 0.8688, Best test: 0.8612
Training set has 8462 instances
Validation set has 1057 instances
Test set has 1059 instances
Epoch 1/50 - Train Loss: 0.7006 - Train Metric: 0.4997
Epoch 1/50 - Val Metric: 0.7350
Epoch 2/50 - Train Loss: 0.6961 - Train Metric: 0.5006
Epoch 2/50 - Val Metric: 0.7394
Epoch 3/50 - Train Loss: 0.6946 - Train Metric: 0.5023
Epoch 3/50 - Val Metric: 0.7405
Epoch 4/50 - Train Loss: 0.6936 - Train Metric: 0.4964
Epoch 4/50 - Val Metric: 0.7582
Epoch 5/50 - Train Loss: 0.6099 - Train Metric: 0.7249
Epoch 5/50 - Val Metric: 0.8108
Epoch 6/50 - Train Loss: 0.7025 - Train Metric: 0.5182
Epoch 6/50 - Val Metric: 0.8008
Epoch 7/50 - Train Loss: 0.6934 - Train Metric: 0.4875
Epoch 7/50 - Val Metric: 0.8040
Epoch 8/50 - Train Loss: 0.6937 - Train Metric: 0.4983
Epoch 8/50 - Val Metric: 0.8054
Epoch 9/50 - Train Loss: 0.6937 - Train Metric: 0.5022
Epoch 9/50 - Val Metric: 0.8084
Epoch 10/50 - Train Loss: 0.6923 - Train Metric: 0.5217
Epoch 10/50 - Val Metric: 0.8120
Epoch 11/50 - Train Loss: 0.6304 - Train Metric: 0.6859
Epoch 11/50 - Val Metric: 0.7867
Epoch 12/50 - Train Loss: 0.5447 - Train Metric: 0.7993
Epoch 12/50 - Val Metric: 0.8094
Epoch 13/50 - Train Loss: 0.5137 - Train Metric: 0.8264
Epoch 13/50 - Val Metric: 0.8140
Epoch 14/50 - Train Loss: 0.4984 - Train Metric: 0.8378
Epoch 14/50 - Val Metric: 0.8309
Epoch 15/50 - Train Loss: 0.4988 - Train Metric: 0.8380
Epoch 15/50 - Val Metric: 0.8338
Epoch 16/50 - Train Loss: 0.4853 - Train Metric: 0.8467
Epoch 16/50 - Val Metric: 0.8380
Epoch 17/50 - Train Loss: 0.4777 - Train Metric: 0.8522
Epoch 17/50 - Val Metric: 0.8446
Epoch 18/50 - Train Loss: 0.4809 - Train Metric: 0.8499
Epoch 18/50 - Val Metric: 0.8368
Epoch 19/50 - Train Loss: 0.4776 - Train Metric: 0.8525
Epoch 19/50 - Val Metric: 0.8382
Epoch 20/50 - Train Loss: 0.4766 - Train Metric: 0.8529
Epoch 20/50 - Val Metric: 0.8416
Epoch 21/50 - Train Loss: 0.4736 - Train Metric: 0.8551
Epoch 21/50 - Val Metric: 0.8428
Epoch 22/50 - Train Loss: 0.4711 - Train Metric: 0.8570
Epoch 22/50 - Val Metric: 0.8465
Epoch 23/50 - Train Loss: 0.4709 - Train Metric: 0.8568
Epoch 23/50 - Val Metric: 0.8442
Epoch 24/50 - Train Loss: 0.4661 - Train Metric: 0.8600
Epoch 24/50 - Val Metric: 0.8424
Epoch 25/50 - Train Loss: 0.4621 - Train Metric: 0.8625
Epoch 25/50 - Val Metric: 0.8493
Epoch 26/50 - Train Loss: 0.4644 - Train Metric: 0.8608
Epoch 26/50 - Val Metric: 0.8463
Epoch 27/50 - Train Loss: 0.4621 - Train Metric: 0.8624
Epoch 27/50 - Val Metric: 0.8454
Epoch 28/50 - Train Loss: 0.4569 - Train Metric: 0.8654
Epoch 28/50 - Val Metric: 0.8499
Epoch 29/50 - Train Loss: 0.4565 - Train Metric: 0.8660
Epoch 29/50 - Val Metric: 0.8476
Epoch 30/50 - Train Loss: 0.4539 - Train Metric: 0.8671
Epoch 30/50 - Val Metric: 0.8457
Epoch 31/50 - Train Loss: 0.4567 - Train Metric: 0.8656
Epoch 31/50 - Val Metric: 0.8446
Epoch 32/50 - Train Loss: 0.4560 - Train Metric: 0.8663
Epoch 32/50 - Val Metric: 0.8460
Epoch 33/50 - Train Loss: 0.4548 - Train Metric: 0.8669
Epoch 33/50 - Val Metric: 0.8491
Epoch 34/50 - Train Loss: 0.4505 - Train Metric: 0.8692
Epoch 34/50 - Val Metric: 0.8478
Epoch 35/50 - Train Loss: 0.4527 - Train Metric: 0.8682
Epoch 35/50 - Val Metric: 0.8506
Epoch 36/50 - Train Loss: 0.4592 - Train Metric: 0.8642
Epoch 36/50 - Val Metric: 0.8504
Epoch 37/50 - Train Loss: 0.4580 - Train Metric: 0.8650
Epoch 37/50 - Val Metric: 0.8490
Epoch 38/50 - Train Loss: 0.4531 - Train Metric: 0.8685
Epoch 38/50 - Val Metric: 0.8513
Epoch 39/50 - Train Loss: 0.4512 - Train Metric: 0.8696
Epoch 39/50 - Val Metric: 0.8498
Epoch 40/50 - Train Loss: 0.4524 - Train Metric: 0.8683
Epoch 40/50 - Val Metric: 0.8449
Epoch 41/50 - Train Loss: 0.4528 - Train Metric: 0.8681
Epoch 41/50 - Val Metric: 0.8484
Epoch 42/50 - Train Loss: 0.4519 - Train Metric: 0.8688
Epoch 42/50 - Val Metric: 0.8511
Epoch 43/50 - Train Loss: 0.4511 - Train Metric: 0.8689
Epoch 43/50 - Val Metric: 0.8521
Epoch 44/50 - Train Loss: 0.4510 - Train Metric: 0.8690
Epoch 44/50 - Val Metric: 0.8460
Epoch 45/50 - Train Loss: 0.4534 - Train Metric: 0.8678
Epoch 45/50 - Val Metric: 0.8491
Epoch 46/50 - Train Loss: 0.4506 - Train Metric: 0.8691
Epoch 46/50 - Val Metric: 0.8509
Epoch 47/50 - Train Loss: 0.4501 - Train Metric: 0.8694
Epoch 47/50 - Val Metric: 0.8503
Epoch 48/50 - Train Loss: 0.4496 - Train Metric: 0.8701
Epoch 48/50 - Val Metric: 0.8532
Epoch 49/50 - Train Loss: 0.4501 - Train Metric: 0.8693
Epoch 49/50 - Val Metric: 0.8536
Epoch 50/50 - Train Loss: 0.4462 - Train Metric: 0.8723
Epoch 50/50 - Val Metric: 0.8490
Best val: 0.8536, Best test: 0.8628
Training set has 8462 instances
Validation set has 1057 instances
Test set has 1059 instances
Epoch 1/50 - Train Loss: 0.7034 - Train Metric: 0.4944
Epoch 1/50 - Val Metric: 0.7958
Epoch 2/50 - Train Loss: 0.6964 - Train Metric: 0.5026
Epoch 2/50 - Val Metric: 0.7918
Epoch 3/50 - Train Loss: 0.6958 - Train Metric: 0.5052
Epoch 3/50 - Val Metric: 0.7996
Epoch 4/50 - Train Loss: 0.6582 - Train Metric: 0.6521
Epoch 4/50 - Val Metric: 0.8248
Epoch 5/50 - Train Loss: 0.5342 - Train Metric: 0.8081
Epoch 5/50 - Val Metric: 0.8406
Epoch 6/50 - Train Loss: 0.5197 - Train Metric: 0.8203
Epoch 6/50 - Val Metric: 0.8421
Epoch 7/50 - Train Loss: 0.5082 - Train Metric: 0.8300
Epoch 7/50 - Val Metric: 0.8481
Epoch 8/50 - Train Loss: 0.4985 - Train Metric: 0.8370
Epoch 8/50 - Val Metric: 0.8517
Epoch 9/50 - Train Loss: 0.4963 - Train Metric: 0.8386
Epoch 9/50 - Val Metric: 0.8487
Epoch 10/50 - Train Loss: 0.4969 - Train Metric: 0.8376
Epoch 10/50 - Val Metric: 0.8482
Epoch 11/50 - Train Loss: 0.4926 - Train Metric: 0.8412
Epoch 11/50 - Val Metric: 0.8499
Epoch 12/50 - Train Loss: 0.4932 - Train Metric: 0.8416
Epoch 12/50 - Val Metric: 0.8542
Epoch 13/50 - Train Loss: 0.4983 - Train Metric: 0.8376
Epoch 13/50 - Val Metric: 0.8524
Epoch 14/50 - Train Loss: 0.4895 - Train Metric: 0.8436
Epoch 14/50 - Val Metric: 0.8553
Epoch 15/50 - Train Loss: 0.4909 - Train Metric: 0.8428
Epoch 15/50 - Val Metric: 0.8547
Epoch 16/50 - Train Loss: 0.4840 - Train Metric: 0.8473
Epoch 16/50 - Val Metric: 0.8526
Epoch 17/50 - Train Loss: 0.4861 - Train Metric: 0.8460
Epoch 17/50 - Val Metric: 0.8498
Epoch 18/50 - Train Loss: 0.4921 - Train Metric: 0.8422
Epoch 18/50 - Val Metric: 0.8570
Epoch 19/50 - Train Loss: 0.4828 - Train Metric: 0.8484
Epoch 19/50 - Val Metric: 0.8621
Epoch 20/50 - Train Loss: 0.4760 - Train Metric: 0.8534
Epoch 20/50 - Val Metric: 0.8681
Epoch 21/50 - Train Loss: 0.4736 - Train Metric: 0.8549
Epoch 21/50 - Val Metric: 0.8663
Epoch 22/50 - Train Loss: 0.4724 - Train Metric: 0.8553
Epoch 22/50 - Val Metric: 0.8698
Epoch 23/50 - Train Loss: 0.4722 - Train Metric: 0.8557
Epoch 23/50 - Val Metric: 0.8714
Epoch 24/50 - Train Loss: 0.4680 - Train Metric: 0.8584
Epoch 24/50 - Val Metric: 0.8727
Epoch 25/50 - Train Loss: 0.4691 - Train Metric: 0.8579
Epoch 25/50 - Val Metric: 0.8757
Epoch 26/50 - Train Loss: 0.4651 - Train Metric: 0.8604
Epoch 26/50 - Val Metric: 0.8759
Epoch 27/50 - Train Loss: 0.4642 - Train Metric: 0.8609
Epoch 27/50 - Val Metric: 0.8700
Epoch 28/50 - Train Loss: 0.4706 - Train Metric: 0.8568
Epoch 28/50 - Val Metric: 0.8723
Epoch 29/50 - Train Loss: 0.4735 - Train Metric: 0.8546
Epoch 29/50 - Val Metric: 0.8703
Epoch 30/50 - Train Loss: 0.4671 - Train Metric: 0.8596
Epoch 30/50 - Val Metric: 0.8804
Epoch 31/50 - Train Loss: 0.4638 - Train Metric: 0.8609
Epoch 31/50 - Val Metric: 0.8750
Epoch 32/50 - Train Loss: 0.4661 - Train Metric: 0.8595
Epoch 32/50 - Val Metric: 0.8727
Epoch 33/50 - Train Loss: 0.4585 - Train Metric: 0.8644
Epoch 33/50 - Val Metric: 0.8765
Epoch 34/50 - Train Loss: 0.4631 - Train Metric: 0.8612
Epoch 34/50 - Val Metric: 0.8766
Epoch 35/50 - Train Loss: 0.4623 - Train Metric: 0.8623
Epoch 35/50 - Val Metric: 0.8759
Epoch 36/50 - Train Loss: 0.4595 - Train Metric: 0.8637
Epoch 36/50 - Val Metric: 0.8758
Epoch 37/50 - Train Loss: 0.4618 - Train Metric: 0.8621
Epoch 37/50 - Val Metric: 0.8734
Epoch 38/50 - Train Loss: 0.4574 - Train Metric: 0.8650
Epoch 38/50 - Val Metric: 0.8754
Epoch 39/50 - Train Loss: 0.4576 - Train Metric: 0.8650
Epoch 39/50 - Val Metric: 0.8783
Epoch 40/50 - Train Loss: 0.4583 - Train Metric: 0.8641
Epoch 40/50 - Val Metric: 0.8774
Epoch 41/50 - Train Loss: 0.4590 - Train Metric: 0.8633
Epoch 41/50 - Val Metric: 0.8733
Epoch 42/50 - Train Loss: 0.4498 - Train Metric: 0.8693
Epoch 42/50 - Val Metric: 0.8806
Epoch 43/50 - Train Loss: 0.4601 - Train Metric: 0.8632
Epoch 43/50 - Val Metric: 0.8769
Epoch 44/50 - Train Loss: 0.4557 - Train Metric: 0.8661
Epoch 44/50 - Val Metric: 0.8755
Epoch 45/50 - Train Loss: 0.4578 - Train Metric: 0.8646
Epoch 45/50 - Val Metric: 0.8798
Epoch 46/50 - Train Loss: 0.4536 - Train Metric: 0.8674
Epoch 46/50 - Val Metric: 0.8783
Epoch 47/50 - Train Loss: 0.4521 - Train Metric: 0.8685
Epoch 47/50 - Val Metric: 0.8728
Epoch 48/50 - Train Loss: 0.4539 - Train Metric: 0.8672
Epoch 48/50 - Val Metric: 0.8723
Epoch 49/50 - Train Loss: 0.4518 - Train Metric: 0.8684
Epoch 49/50 - Val Metric: 0.8740
Epoch 50/50 - Train Loss: 0.4481 - Train Metric: 0.8709
Epoch 50/50 - Val Metric: 0.8737
Best val: 0.8806, Best test: 0.8655
Training set has 8462 instances
Validation set has 1057 instances
Test set has 1059 instances
Epoch 1/50 - Train Loss: 0.7013 - Train Metric: 0.4985
Epoch 1/50 - Val Metric: 0.8055
Epoch 2/50 - Train Loss: 0.6954 - Train Metric: 0.4983
Epoch 2/50 - Val Metric: 0.7988
Epoch 3/50 - Train Loss: 0.6960 - Train Metric: 0.4966
Epoch 3/50 - Val Metric: 0.8017
Epoch 4/50 - Train Loss: 0.6861 - Train Metric: 0.5713
Epoch 4/50 - Val Metric: 0.8203
Epoch 5/50 - Train Loss: 0.5748 - Train Metric: 0.7693
Epoch 5/50 - Val Metric: 0.8284
Epoch 6/50 - Train Loss: 0.5241 - Train Metric: 0.8164
Epoch 6/50 - Val Metric: 0.8323
Epoch 7/50 - Train Loss: 0.5079 - Train Metric: 0.8300
Epoch 7/50 - Val Metric: 0.8352
Epoch 8/50 - Train Loss: 0.5036 - Train Metric: 0.8343
Epoch 8/50 - Val Metric: 0.8332
Epoch 9/50 - Train Loss: 0.4974 - Train Metric: 0.8386
Epoch 9/50 - Val Metric: 0.8421
Epoch 10/50 - Train Loss: 0.4991 - Train Metric: 0.8370
Epoch 10/50 - Val Metric: 0.8360
Epoch 11/50 - Train Loss: 0.4938 - Train Metric: 0.8406
Epoch 11/50 - Val Metric: 0.8410
Epoch 12/50 - Train Loss: 0.4885 - Train Metric: 0.8444
Epoch 12/50 - Val Metric: 0.8440
Epoch 13/50 - Train Loss: 0.4835 - Train Metric: 0.8479
Epoch 13/50 - Val Metric: 0.8458
Epoch 14/50 - Train Loss: 0.4804 - Train Metric: 0.8501
Epoch 14/50 - Val Metric: 0.8447
Epoch 15/50 - Train Loss: 0.4785 - Train Metric: 0.8514
Epoch 15/50 - Val Metric: 0.8404
Epoch 16/50 - Train Loss: 0.4830 - Train Metric: 0.8477
Epoch 16/50 - Val Metric: 0.8380
Epoch 17/50 - Train Loss: 0.4790 - Train Metric: 0.8510
Epoch 17/50 - Val Metric: 0.8455
Epoch 18/50 - Train Loss: 0.4726 - Train Metric: 0.8560
Epoch 18/50 - Val Metric: 0.8509
Epoch 19/50 - Train Loss: 0.4683 - Train Metric: 0.8582
Epoch 19/50 - Val Metric: 0.8585
Epoch 20/50 - Train Loss: 0.4668 - Train Metric: 0.8596
Epoch 20/50 - Val Metric: 0.8554
Epoch 21/50 - Train Loss: 0.4673 - Train Metric: 0.8593
Epoch 21/50 - Val Metric: 0.8572
Epoch 22/50 - Train Loss: 0.4740 - Train Metric: 0.8547
Epoch 22/50 - Val Metric: 0.8577
Epoch 23/50 - Train Loss: 0.4628 - Train Metric: 0.8625
Epoch 23/50 - Val Metric: 0.8603
Epoch 24/50 - Train Loss: 0.4643 - Train Metric: 0.8612
Epoch 24/50 - Val Metric: 0.8555
Epoch 25/50 - Train Loss: 0.4600 - Train Metric: 0.8638
Epoch 25/50 - Val Metric: 0.8598
Epoch 26/50 - Train Loss: 0.4599 - Train Metric: 0.8638
Epoch 26/50 - Val Metric: 0.8573
Epoch 27/50 - Train Loss: 0.4612 - Train Metric: 0.8635
Epoch 27/50 - Val Metric: 0.8614
Epoch 28/50 - Train Loss: 0.4646 - Train Metric: 0.8609
Epoch 28/50 - Val Metric: 0.8582
Epoch 29/50 - Train Loss: 0.4566 - Train Metric: 0.8659
Epoch 29/50 - Val Metric: 0.8551
Epoch 30/50 - Train Loss: 0.4592 - Train Metric: 0.8636
Epoch 30/50 - Val Metric: 0.8595
Epoch 31/50 - Train Loss: 0.4604 - Train Metric: 0.8632
Epoch 31/50 - Val Metric: 0.8587
Epoch 32/50 - Train Loss: 0.4540 - Train Metric: 0.8675
Epoch 32/50 - Val Metric: 0.8602
Epoch 33/50 - Train Loss: 0.4561 - Train Metric: 0.8662
Epoch 33/50 - Val Metric: 0.8633
Epoch 34/50 - Train Loss: 0.4584 - Train Metric: 0.8645
Epoch 34/50 - Val Metric: 0.8562
Epoch 35/50 - Train Loss: 0.4546 - Train Metric: 0.8675
Epoch 35/50 - Val Metric: 0.8577
Epoch 36/50 - Train Loss: 0.4560 - Train Metric: 0.8663
Epoch 36/50 - Val Metric: 0.8607
Epoch 37/50 - Train Loss: 0.4523 - Train Metric: 0.8686
Epoch 37/50 - Val Metric: 0.8625
Epoch 38/50 - Train Loss: 0.4490 - Train Metric: 0.8707
Epoch 38/50 - Val Metric: 0.8615
Epoch 39/50 - Train Loss: 0.4505 - Train Metric: 0.8696
Epoch 39/50 - Val Metric: 0.8608
Epoch 40/50 - Train Loss: 0.4514 - Train Metric: 0.8688
Epoch 40/50 - Val Metric: 0.8665
Epoch 41/50 - Train Loss: 0.4548 - Train Metric: 0.8666
Epoch 41/50 - Val Metric: 0.8591
Epoch 42/50 - Train Loss: 0.4528 - Train Metric: 0.8683
Epoch 42/50 - Val Metric: 0.8636
Epoch 43/50 - Train Loss: 0.4485 - Train Metric: 0.8707
Epoch 43/50 - Val Metric: 0.8664
Epoch 44/50 - Train Loss: 0.4459 - Train Metric: 0.8727
Epoch 44/50 - Val Metric: 0.8618
Epoch 45/50 - Train Loss: 0.4517 - Train Metric: 0.8690
Epoch 45/50 - Val Metric: 0.8600
Epoch 46/50 - Train Loss: 0.4492 - Train Metric: 0.8706
Epoch 46/50 - Val Metric: 0.8595
Epoch 47/50 - Train Loss: 0.4453 - Train Metric: 0.8729
Epoch 47/50 - Val Metric: 0.8594
Epoch 48/50 - Train Loss: 0.4475 - Train Metric: 0.8716
Epoch 48/50 - Val Metric: 0.8595
Epoch 49/50 - Train Loss: 0.4524 - Train Metric: 0.8685
Epoch 49/50 - Val Metric: 0.8580
Epoch 50/50 - Train Loss: 0.4503 - Train Metric: 0.8688
Epoch 50/50 - Val Metric: 0.8612
Best val: 0.8665, Best test: 0.8758
Training set has 8462 instances
Validation set has 1057 instances
Test set has 1059 instances
Epoch 1/50 - Train Loss: 0.7040 - Train Metric: 0.4927
Epoch 1/50 - Val Metric: 0.7517
Epoch 2/50 - Train Loss: 0.6964 - Train Metric: 0.4994
Epoch 2/50 - Val Metric: 0.7565
Epoch 3/50 - Train Loss: 0.6934 - Train Metric: 0.5213
Epoch 3/50 - Val Metric: 0.8043
Epoch 4/50 - Train Loss: 0.6146 - Train Metric: 0.7042
Epoch 4/50 - Val Metric: 0.8121
Epoch 5/50 - Train Loss: 0.5724 - Train Metric: 0.7704
Epoch 5/50 - Val Metric: 0.8066
Epoch 6/50 - Train Loss: 0.5347 - Train Metric: 0.8083
Epoch 6/50 - Val Metric: 0.8114
Epoch 7/50 - Train Loss: 0.5061 - Train Metric: 0.8319
Epoch 7/50 - Val Metric: 0.8297
Epoch 8/50 - Train Loss: 0.5013 - Train Metric: 0.8362
Epoch 8/50 - Val Metric: 0.8344
Epoch 9/50 - Train Loss: 0.5047 - Train Metric: 0.8329
Epoch 9/50 - Val Metric: 0.8348
Epoch 10/50 - Train Loss: 0.4901 - Train Metric: 0.8436
Epoch 10/50 - Val Metric: 0.8337
Epoch 11/50 - Train Loss: 0.4851 - Train Metric: 0.8471
Epoch 11/50 - Val Metric: 0.8358
Epoch 12/50 - Train Loss: 0.4851 - Train Metric: 0.8469
Epoch 12/50 - Val Metric: 0.8397
Epoch 13/50 - Train Loss: 0.4808 - Train Metric: 0.8504
Epoch 13/50 - Val Metric: 0.8463
Epoch 14/50 - Train Loss: 0.4782 - Train Metric: 0.8520
Epoch 14/50 - Val Metric: 0.8496
Epoch 15/50 - Train Loss: 0.4749 - Train Metric: 0.8542
Epoch 15/50 - Val Metric: 0.8564
Epoch 16/50 - Train Loss: 0.4756 - Train Metric: 0.8538
Epoch 16/50 - Val Metric: 0.8459
Epoch 17/50 - Train Loss: 0.4723 - Train Metric: 0.8562
Epoch 17/50 - Val Metric: 0.8535
Epoch 18/50 - Train Loss: 0.4716 - Train Metric: 0.8562
Epoch 18/50 - Val Metric: 0.8512
Epoch 19/50 - Train Loss: 0.4682 - Train Metric: 0.8587
Epoch 19/50 - Val Metric: 0.8575
Epoch 20/50 - Train Loss: 0.4667 - Train Metric: 0.8592
Epoch 20/50 - Val Metric: 0.8586
Epoch 21/50 - Train Loss: 0.4628 - Train Metric: 0.8623
Epoch 21/50 - Val Metric: 0.8599
Epoch 22/50 - Train Loss: 0.4605 - Train Metric: 0.8637
Epoch 22/50 - Val Metric: 0.8610
Epoch 23/50 - Train Loss: 0.4601 - Train Metric: 0.8638
Epoch 23/50 - Val Metric: 0.8538
Epoch 24/50 - Train Loss: 0.4608 - Train Metric: 0.8637
Epoch 24/50 - Val Metric: 0.8578
Epoch 25/50 - Train Loss: 0.4583 - Train Metric: 0.8652
Epoch 25/50 - Val Metric: 0.8600
Epoch 26/50 - Train Loss: 0.4585 - Train Metric: 0.8651
Epoch 26/50 - Val Metric: 0.8593
Epoch 27/50 - Train Loss: 0.4576 - Train Metric: 0.8658
Epoch 27/50 - Val Metric: 0.8542
Epoch 28/50 - Train Loss: 0.4507 - Train Metric: 0.8697
Epoch 28/50 - Val Metric: 0.8611
Epoch 29/50 - Train Loss: 0.4560 - Train Metric: 0.8665
Epoch 29/50 - Val Metric: 0.8511
Epoch 30/50 - Train Loss: 0.4557 - Train Metric: 0.8665
Epoch 30/50 - Val Metric: 0.8621
Epoch 31/50 - Train Loss: 0.4495 - Train Metric: 0.8704
Epoch 31/50 - Val Metric: 0.8604
Epoch 32/50 - Train Loss: 0.4513 - Train Metric: 0.8692
Epoch 32/50 - Val Metric: 0.8640
Epoch 33/50 - Train Loss: 0.4544 - Train Metric: 0.8668
Epoch 33/50 - Val Metric: 0.8625
Epoch 34/50 - Train Loss: 0.4574 - Train Metric: 0.8654
Epoch 34/50 - Val Metric: 0.8570
Epoch 35/50 - Train Loss: 0.4534 - Train Metric: 0.8682
Epoch 35/50 - Val Metric: 0.8594
Epoch 36/50 - Train Loss: 0.4556 - Train Metric: 0.8668
Epoch 36/50 - Val Metric: 0.8567
Epoch 37/50 - Train Loss: 0.4546 - Train Metric: 0.8672
Epoch 37/50 - Val Metric: 0.8593
Epoch 38/50 - Train Loss: 0.4511 - Train Metric: 0.8694
Epoch 38/50 - Val Metric: 0.8570
Epoch 39/50 - Train Loss: 0.4526 - Train Metric: 0.8684
Epoch 39/50 - Val Metric: 0.8636
Epoch 40/50 - Train Loss: 0.4496 - Train Metric: 0.8704
Epoch 40/50 - Val Metric: 0.8630
Epoch 41/50 - Train Loss: 0.4509 - Train Metric: 0.8696
Epoch 41/50 - Val Metric: 0.8609
Epoch 42/50 - Train Loss: 0.4529 - Train Metric: 0.8684
Epoch 42/50 - Val Metric: 0.8647
Epoch 43/50 - Train Loss: 0.4460 - Train Metric: 0.8728
Epoch 43/50 - Val Metric: 0.8632
Epoch 44/50 - Train Loss: 0.4466 - Train Metric: 0.8719
Epoch 44/50 - Val Metric: 0.8617
Epoch 45/50 - Train Loss: 0.4487 - Train Metric: 0.8708
Epoch 45/50 - Val Metric: 0.8645
Epoch 46/50 - Train Loss: 0.4532 - Train Metric: 0.8684
Epoch 46/50 - Val Metric: 0.8559
Epoch 47/50 - Train Loss: 0.4529 - Train Metric: 0.8683
Epoch 47/50 - Val Metric: 0.8616
Epoch 48/50 - Train Loss: 0.4495 - Train Metric: 0.8707
Epoch 48/50 - Val Metric: 0.8552
Epoch 49/50 - Train Loss: 0.4522 - Train Metric: 0.8687
Epoch 49/50 - Val Metric: 0.8587
Epoch 50/50 - Train Loss: 0.4503 - Train Metric: 0.8700
Epoch 50/50 - Val Metric: 0.8601
Best val: 0.8647, Best test: 0.8549
[0.86123109 0.86281699 0.86546177 0.87576151 0.85490787]
