Hyper-parameter search via Optuna
Namespace(task_type='binary_classification', scale='small', idx=4, epochs=50, num_trials=20, num_repeats=5, seed=0, exp_name='MemPerceiver_Ens_Attn', result_path='output/binary_classification/small/4/MemPerceiver_Ens_Attn.pt')
Device: cuda
Start building binary_classification dataset_small_4
Training set has 8462 instances
Validation set has 1057 instances
Test set has 1059 instances
Epoch 1/50 - Train Loss: 0.7163 - Train Metric: 0.5014
Epoch 1/50 - Val Metric: 0.5769
Epoch 2/50 - Train Loss: 0.6958 - Train Metric: 0.5111
Epoch 2/50 - Val Metric: 0.7024
Epoch 3/50 - Train Loss: 0.6956 - Train Metric: 0.5048
Epoch 3/50 - Val Metric: 0.7397
Epoch 4/50 - Train Loss: 0.6963 - Train Metric: 0.4967
Epoch 4/50 - Val Metric: 0.7500
Epoch 5/50 - Train Loss: 0.6943 - Train Metric: 0.5029
Epoch 5/50 - Val Metric: 0.7544
Epoch 6/50 - Train Loss: 0.6959 - Train Metric: 0.4959
Epoch 6/50 - Val Metric: 0.7539
Epoch 7/50 - Train Loss: 0.6951 - Train Metric: 0.5076
Epoch 7/50 - Val Metric: 0.7496
Epoch 8/50 - Train Loss: 0.6961 - Train Metric: 0.5126
Epoch 8/50 - Val Metric: 0.7574
Epoch 9/50 - Train Loss: 0.6952 - Train Metric: 0.5035
Epoch 9/50 - Val Metric: 0.7614
Epoch 10/50 - Train Loss: 0.6947 - Train Metric: 0.5084
Epoch 10/50 - Val Metric: 0.7589
Epoch 11/50 - Train Loss: 0.6938 - Train Metric: 0.5110
Epoch 11/50 - Val Metric: 0.7644
Epoch 12/50 - Train Loss: 0.6940 - Train Metric: 0.5070
Epoch 12/50 - Val Metric: 0.7685
Epoch 13/50 - Train Loss: 0.6892 - Train Metric: 0.5471
Epoch 13/50 - Val Metric: 0.7958
Epoch 14/50 - Train Loss: 0.6237 - Train Metric: 0.7288
Epoch 14/50 - Val Metric: 0.8191
Epoch 15/50 - Train Loss: 0.5170 - Train Metric: 0.8233
Epoch 15/50 - Val Metric: 0.8215
Epoch 16/50 - Train Loss: 0.5413 - Train Metric: 0.8032
Epoch 16/50 - Val Metric: 0.8218
Epoch 17/50 - Train Loss: 0.5058 - Train Metric: 0.8303
Epoch 17/50 - Val Metric: 0.8228
Epoch 18/50 - Train Loss: 0.5063 - Train Metric: 0.8305
Epoch 18/50 - Val Metric: 0.8237
Epoch 19/50 - Train Loss: 0.5035 - Train Metric: 0.8323
Epoch 19/50 - Val Metric: 0.8234
Epoch 20/50 - Train Loss: 0.5015 - Train Metric: 0.8334
Epoch 20/50 - Val Metric: 0.8238
Epoch 21/50 - Train Loss: 0.5036 - Train Metric: 0.8325
Epoch 21/50 - Val Metric: 0.8242
Epoch 22/50 - Train Loss: 0.5029 - Train Metric: 0.8330
Epoch 22/50 - Val Metric: 0.8245
Epoch 23/50 - Train Loss: 0.5013 - Train Metric: 0.8337
Epoch 23/50 - Val Metric: 0.8254
Epoch 24/50 - Train Loss: 0.5061 - Train Metric: 0.8299
Epoch 24/50 - Val Metric: 0.8246
Epoch 25/50 - Train Loss: 0.5072 - Train Metric: 0.8291
Epoch 25/50 - Val Metric: 0.8253
Epoch 26/50 - Train Loss: 0.5090 - Train Metric: 0.8282
Epoch 26/50 - Val Metric: 0.8264
Epoch 27/50 - Train Loss: 0.5040 - Train Metric: 0.8317
Epoch 27/50 - Val Metric: 0.8265
Epoch 28/50 - Train Loss: 0.4983 - Train Metric: 0.8359
Epoch 28/50 - Val Metric: 0.8277
Epoch 29/50 - Train Loss: 0.5000 - Train Metric: 0.8341
Epoch 29/50 - Val Metric: 0.8271
Epoch 30/50 - Train Loss: 0.4956 - Train Metric: 0.8376
Epoch 30/50 - Val Metric: 0.8277
Epoch 31/50 - Train Loss: 0.4991 - Train Metric: 0.8354
Epoch 31/50 - Val Metric: 0.8287
Epoch 32/50 - Train Loss: 0.4993 - Train Metric: 0.8354
Epoch 32/50 - Val Metric: 0.8286
Epoch 33/50 - Train Loss: 0.4955 - Train Metric: 0.8377
Epoch 33/50 - Val Metric: 0.8293
Epoch 34/50 - Train Loss: 0.4959 - Train Metric: 0.8377
Epoch 34/50 - Val Metric: 0.8285
Epoch 35/50 - Train Loss: 0.4990 - Train Metric: 0.8356
Epoch 35/50 - Val Metric: 0.8294
Epoch 36/50 - Train Loss: 0.4932 - Train Metric: 0.8400
Epoch 36/50 - Val Metric: 0.8292
Epoch 37/50 - Train Loss: 0.4951 - Train Metric: 0.8383
Epoch 37/50 - Val Metric: 0.8279
Epoch 38/50 - Train Loss: 0.4934 - Train Metric: 0.8396
Epoch 38/50 - Val Metric: 0.8291
Epoch 39/50 - Train Loss: 0.4920 - Train Metric: 0.8406
Epoch 39/50 - Val Metric: 0.8314
Epoch 40/50 - Train Loss: 0.4920 - Train Metric: 0.8406
Epoch 40/50 - Val Metric: 0.8316
Epoch 41/50 - Train Loss: 0.4910 - Train Metric: 0.8415
Epoch 41/50 - Val Metric: 0.8329
Epoch 42/50 - Train Loss: 0.4919 - Train Metric: 0.8412
Epoch 42/50 - Val Metric: 0.8315
Epoch 43/50 - Train Loss: 0.4904 - Train Metric: 0.8425
Epoch 43/50 - Val Metric: 0.8315
Epoch 44/50 - Train Loss: 0.4908 - Train Metric: 0.8417
Epoch 44/50 - Val Metric: 0.8334
Epoch 45/50 - Train Loss: 0.4879 - Train Metric: 0.8438
Epoch 45/50 - Val Metric: 0.8342
Epoch 46/50 - Train Loss: 0.4872 - Train Metric: 0.8442
Epoch 46/50 - Val Metric: 0.8332
Epoch 47/50 - Train Loss: 0.4881 - Train Metric: 0.8435
Epoch 47/50 - Val Metric: 0.8338
Epoch 48/50 - Train Loss: 0.4873 - Train Metric: 0.8445
Epoch 48/50 - Val Metric: 0.8353
Epoch 49/50 - Train Loss: 0.4864 - Train Metric: 0.8452
Epoch 49/50 - Val Metric: 0.8345
Epoch 50/50 - Train Loss: 0.4862 - Train Metric: 0.8450
Epoch 50/50 - Val Metric: 0.8345
Best val: 0.8353, Best test: 0.8263
Training set has 8462 instances
Validation set has 1057 instances
Test set has 1059 instances
Epoch 1/50 - Train Loss: 0.6985 - Train Metric: 0.4943
Epoch 1/50 - Val Metric: 0.8029
Epoch 2/50 - Train Loss: 0.6354 - Train Metric: 0.6919
Epoch 2/50 - Val Metric: 0.8427
Epoch 3/50 - Train Loss: 0.5359 - Train Metric: 0.8080
Epoch 3/50 - Val Metric: 0.8355
Epoch 4/50 - Train Loss: 0.5240 - Train Metric: 0.8167
Epoch 4/50 - Val Metric: 0.8437
Epoch 5/50 - Train Loss: 0.5172 - Train Metric: 0.8230
Epoch 5/50 - Val Metric: 0.8444
Epoch 6/50 - Train Loss: 0.5166 - Train Metric: 0.8226
Epoch 6/50 - Val Metric: 0.8441
Epoch 7/50 - Train Loss: 0.5068 - Train Metric: 0.8301
Epoch 7/50 - Val Metric: 0.8465
Epoch 8/50 - Train Loss: 0.5070 - Train Metric: 0.8302
Epoch 8/50 - Val Metric: 0.8479
Epoch 9/50 - Train Loss: 0.5065 - Train Metric: 0.8308
Epoch 9/50 - Val Metric: 0.8509
Epoch 10/50 - Train Loss: 0.5004 - Train Metric: 0.8353
Epoch 10/50 - Val Metric: 0.8548
Epoch 11/50 - Train Loss: 0.4941 - Train Metric: 0.8404
Epoch 11/50 - Val Metric: 0.8587
Epoch 12/50 - Train Loss: 0.4859 - Train Metric: 0.8456
Epoch 12/50 - Val Metric: 0.8478
Epoch 13/50 - Train Loss: 0.4853 - Train Metric: 0.8460
Epoch 13/50 - Val Metric: 0.8601
Epoch 14/50 - Train Loss: 0.4855 - Train Metric: 0.8461
Epoch 14/50 - Val Metric: 0.8605
Epoch 15/50 - Train Loss: 0.4761 - Train Metric: 0.8525
Epoch 15/50 - Val Metric: 0.8575
Epoch 16/50 - Train Loss: 0.4743 - Train Metric: 0.8538
Epoch 16/50 - Val Metric: 0.8647
Epoch 17/50 - Train Loss: 0.4787 - Train Metric: 0.8507
Epoch 17/50 - Val Metric: 0.8634
Epoch 18/50 - Train Loss: 0.4741 - Train Metric: 0.8540
Epoch 18/50 - Val Metric: 0.8646
Epoch 19/50 - Train Loss: 0.4762 - Train Metric: 0.8526
Epoch 19/50 - Val Metric: 0.8652
Epoch 20/50 - Train Loss: 0.4699 - Train Metric: 0.8566
Epoch 20/50 - Val Metric: 0.8654
Epoch 21/50 - Train Loss: 0.4701 - Train Metric: 0.8564
Epoch 21/50 - Val Metric: 0.8675
Epoch 22/50 - Train Loss: 0.4702 - Train Metric: 0.8565
Epoch 22/50 - Val Metric: 0.8672
Epoch 23/50 - Train Loss: 0.4696 - Train Metric: 0.8564
Epoch 23/50 - Val Metric: 0.8661
Epoch 24/50 - Train Loss: 0.4684 - Train Metric: 0.8577
Epoch 24/50 - Val Metric: 0.8660
Epoch 25/50 - Train Loss: 0.4717 - Train Metric: 0.8556
Epoch 25/50 - Val Metric: 0.8682
Epoch 26/50 - Train Loss: 0.4659 - Train Metric: 0.8593
Epoch 26/50 - Val Metric: 0.8677
Epoch 27/50 - Train Loss: 0.4659 - Train Metric: 0.8590
Epoch 27/50 - Val Metric: 0.8671
Epoch 28/50 - Train Loss: 0.4688 - Train Metric: 0.8572
Epoch 28/50 - Val Metric: 0.8690
Epoch 29/50 - Train Loss: 0.4664 - Train Metric: 0.8584
Epoch 29/50 - Val Metric: 0.8628
Epoch 30/50 - Train Loss: 0.4655 - Train Metric: 0.8594
Epoch 30/50 - Val Metric: 0.8693
Epoch 31/50 - Train Loss: 0.4666 - Train Metric: 0.8588
Epoch 31/50 - Val Metric: 0.8664
Epoch 32/50 - Train Loss: 0.4674 - Train Metric: 0.8580
Epoch 32/50 - Val Metric: 0.8687
Epoch 33/50 - Train Loss: 0.4653 - Train Metric: 0.8594
Epoch 33/50 - Val Metric: 0.8682
Epoch 34/50 - Train Loss: 0.4636 - Train Metric: 0.8605
Epoch 34/50 - Val Metric: 0.8686
Epoch 35/50 - Train Loss: 0.4638 - Train Metric: 0.8601
Epoch 35/50 - Val Metric: 0.8689
Epoch 36/50 - Train Loss: 0.4638 - Train Metric: 0.8603
Epoch 36/50 - Val Metric: 0.8685
Epoch 37/50 - Train Loss: 0.4635 - Train Metric: 0.8608
Epoch 37/50 - Val Metric: 0.8681
Epoch 38/50 - Train Loss: 0.4638 - Train Metric: 0.8607
Epoch 38/50 - Val Metric: 0.8688
Epoch 39/50 - Train Loss: 0.4634 - Train Metric: 0.8612
Epoch 39/50 - Val Metric: 0.8685
Epoch 40/50 - Train Loss: 0.4620 - Train Metric: 0.8614
Epoch 40/50 - Val Metric: 0.8684
Epoch 41/50 - Train Loss: 0.4605 - Train Metric: 0.8623
Epoch 41/50 - Val Metric: 0.8699
Epoch 42/50 - Train Loss: 0.4603 - Train Metric: 0.8628
Epoch 42/50 - Val Metric: 0.8697
Epoch 43/50 - Train Loss: 0.4625 - Train Metric: 0.8615
Epoch 43/50 - Val Metric: 0.8696
Epoch 44/50 - Train Loss: 0.4604 - Train Metric: 0.8625
Epoch 44/50 - Val Metric: 0.8696
Epoch 45/50 - Train Loss: 0.4600 - Train Metric: 0.8628
Epoch 45/50 - Val Metric: 0.8697
Epoch 46/50 - Train Loss: 0.4603 - Train Metric: 0.8626
Epoch 46/50 - Val Metric: 0.8709
Epoch 47/50 - Train Loss: 0.4599 - Train Metric: 0.8629
Epoch 47/50 - Val Metric: 0.8704
Epoch 48/50 - Train Loss: 0.4593 - Train Metric: 0.8630
Epoch 48/50 - Val Metric: 0.8703
Epoch 49/50 - Train Loss: 0.4598 - Train Metric: 0.8630
Epoch 49/50 - Val Metric: 0.8708
Epoch 50/50 - Train Loss: 0.4573 - Train Metric: 0.8647
Epoch 50/50 - Val Metric: 0.8708
Best val: 0.8709, Best test: 0.8621
Training set has 8462 instances
Validation set has 1057 instances
Test set has 1059 instances
Epoch 1/50 - Train Loss: 0.7047 - Train Metric: 0.4991
Epoch 1/50 - Val Metric: 0.4849
Epoch 2/50 - Train Loss: 0.6987 - Train Metric: 0.4988
Epoch 2/50 - Val Metric: 0.5638
Epoch 3/50 - Train Loss: 0.6966 - Train Metric: 0.5003
Epoch 3/50 - Val Metric: 0.6136
Epoch 4/50 - Train Loss: 0.6961 - Train Metric: 0.5003
Epoch 4/50 - Val Metric: 0.6486
Epoch 5/50 - Train Loss: 0.6964 - Train Metric: 0.4966
Epoch 5/50 - Val Metric: 0.6579
Epoch 6/50 - Train Loss: 0.6953 - Train Metric: 0.5064
Epoch 6/50 - Val Metric: 0.7069
Epoch 7/50 - Train Loss: 0.6956 - Train Metric: 0.5052
Epoch 7/50 - Val Metric: 0.7018
Epoch 8/50 - Train Loss: 0.6955 - Train Metric: 0.5014
Epoch 8/50 - Val Metric: 0.7215
Epoch 9/50 - Train Loss: 0.6954 - Train Metric: 0.5018
Epoch 9/50 - Val Metric: 0.7253
Epoch 10/50 - Train Loss: 0.6936 - Train Metric: 0.5148
Epoch 10/50 - Val Metric: 0.7306
Epoch 11/50 - Train Loss: 0.6938 - Train Metric: 0.5138
Epoch 11/50 - Val Metric: 0.7258
Epoch 12/50 - Train Loss: 0.6936 - Train Metric: 0.5159
Epoch 12/50 - Val Metric: 0.7233
Epoch 13/50 - Train Loss: 0.6927 - Train Metric: 0.5224
Epoch 13/50 - Val Metric: 0.7326
Epoch 14/50 - Train Loss: 0.6880 - Train Metric: 0.5620
Epoch 14/50 - Val Metric: 0.7355
Epoch 15/50 - Train Loss: 0.6730 - Train Metric: 0.6181
Epoch 15/50 - Val Metric: 0.7403
Epoch 16/50 - Train Loss: 0.6558 - Train Metric: 0.6562
Epoch 16/50 - Val Metric: 0.7462
Epoch 17/50 - Train Loss: 0.6430 - Train Metric: 0.6796
Epoch 17/50 - Val Metric: 0.7559
Epoch 18/50 - Train Loss: 0.6296 - Train Metric: 0.7017
Epoch 18/50 - Val Metric: 0.7649
Epoch 19/50 - Train Loss: 0.6148 - Train Metric: 0.7232
Epoch 19/50 - Val Metric: 0.7726
Epoch 20/50 - Train Loss: 0.6068 - Train Metric: 0.7344
Epoch 20/50 - Val Metric: 0.7788
Epoch 21/50 - Train Loss: 0.5992 - Train Metric: 0.7431
Epoch 21/50 - Val Metric: 0.7853
Epoch 22/50 - Train Loss: 0.5966 - Train Metric: 0.7467
Epoch 22/50 - Val Metric: 0.7918
Epoch 23/50 - Train Loss: 0.5858 - Train Metric: 0.7598
Epoch 23/50 - Val Metric: 0.7955
Epoch 24/50 - Train Loss: 0.5809 - Train Metric: 0.7647
Epoch 24/50 - Val Metric: 0.7993
Epoch 25/50 - Train Loss: 0.5728 - Train Metric: 0.7737
Epoch 25/50 - Val Metric: 0.8028
Epoch 26/50 - Train Loss: 0.5690 - Train Metric: 0.7775
Epoch 26/50 - Val Metric: 0.8058
Epoch 27/50 - Train Loss: 0.5612 - Train Metric: 0.7861
Epoch 27/50 - Val Metric: 0.8074
Epoch 28/50 - Train Loss: 0.5575 - Train Metric: 0.7888
Epoch 28/50 - Val Metric: 0.8097
Epoch 29/50 - Train Loss: 0.5545 - Train Metric: 0.7919
Epoch 29/50 - Val Metric: 0.8112
Epoch 30/50 - Train Loss: 0.5554 - Train Metric: 0.7906
Epoch 30/50 - Val Metric: 0.8131
Epoch 31/50 - Train Loss: 0.5515 - Train Metric: 0.7945
Epoch 31/50 - Val Metric: 0.8144
Epoch 32/50 - Train Loss: 0.5486 - Train Metric: 0.7978
Epoch 32/50 - Val Metric: 0.8152
Epoch 33/50 - Train Loss: 0.5465 - Train Metric: 0.7998
Epoch 33/50 - Val Metric: 0.8161
Epoch 34/50 - Train Loss: 0.5447 - Train Metric: 0.8007
Epoch 34/50 - Val Metric: 0.8168
Epoch 35/50 - Train Loss: 0.5420 - Train Metric: 0.8038
Epoch 35/50 - Val Metric: 0.8172
Epoch 36/50 - Train Loss: 0.5369 - Train Metric: 0.8081
Epoch 36/50 - Val Metric: 0.8175
Epoch 37/50 - Train Loss: 0.5366 - Train Metric: 0.8084
Epoch 37/50 - Val Metric: 0.8184
Epoch 38/50 - Train Loss: 0.5422 - Train Metric: 0.8035
Epoch 38/50 - Val Metric: 0.8187
Epoch 39/50 - Train Loss: 0.5412 - Train Metric: 0.8039
Epoch 39/50 - Val Metric: 0.8188
Epoch 40/50 - Train Loss: 0.5379 - Train Metric: 0.8072
Epoch 40/50 - Val Metric: 0.8192
Epoch 41/50 - Train Loss: 0.5389 - Train Metric: 0.8064
Epoch 41/50 - Val Metric: 0.8197
Epoch 42/50 - Train Loss: 0.5353 - Train Metric: 0.8093
Epoch 42/50 - Val Metric: 0.8197
Epoch 43/50 - Train Loss: 0.5306 - Train Metric: 0.8136
Epoch 43/50 - Val Metric: 0.8202
Epoch 44/50 - Train Loss: 0.5325 - Train Metric: 0.8116
Epoch 44/50 - Val Metric: 0.8204
Epoch 45/50 - Train Loss: 0.5335 - Train Metric: 0.8108
Epoch 45/50 - Val Metric: 0.8206
Epoch 46/50 - Train Loss: 0.5334 - Train Metric: 0.8111
Epoch 46/50 - Val Metric: 0.8206
Epoch 47/50 - Train Loss: 0.5337 - Train Metric: 0.8105
Epoch 47/50 - Val Metric: 0.8204
Epoch 48/50 - Train Loss: 0.5318 - Train Metric: 0.8123
Epoch 48/50 - Val Metric: 0.8207
Epoch 49/50 - Train Loss: 0.5293 - Train Metric: 0.8144
Epoch 49/50 - Val Metric: 0.8206
Epoch 50/50 - Train Loss: 0.5295 - Train Metric: 0.8142
Epoch 50/50 - Val Metric: 0.8211
Best val: 0.8211, Best test: 0.8393
Training set has 8462 instances
Validation set has 1057 instances
Test set has 1059 instances
Epoch 1/50 - Train Loss: 0.7013 - Train Metric: 0.4930
Epoch 1/50 - Val Metric: 0.7421
Epoch 2/50 - Train Loss: 0.6964 - Train Metric: 0.5071
Epoch 2/50 - Val Metric: 0.7464
Epoch 3/50 - Train Loss: 0.6918 - Train Metric: 0.5410
Epoch 3/50 - Val Metric: 0.7647
Epoch 4/50 - Train Loss: 0.5977 - Train Metric: 0.7438
Epoch 4/50 - Val Metric: 0.8187
Epoch 5/50 - Train Loss: 0.5355 - Train Metric: 0.8083
Epoch 5/50 - Val Metric: 0.8291
Epoch 6/50 - Train Loss: 0.5258 - Train Metric: 0.8157
Epoch 6/50 - Val Metric: 0.8301
Epoch 7/50 - Train Loss: 0.5257 - Train Metric: 0.8153
Epoch 7/50 - Val Metric: 0.8307
Epoch 8/50 - Train Loss: 0.5260 - Train Metric: 0.8153
Epoch 8/50 - Val Metric: 0.8311
Epoch 9/50 - Train Loss: 0.5166 - Train Metric: 0.8226
Epoch 9/50 - Val Metric: 0.8315
Epoch 10/50 - Train Loss: 0.5126 - Train Metric: 0.8258
Epoch 10/50 - Val Metric: 0.8317
Epoch 11/50 - Train Loss: 0.5155 - Train Metric: 0.8236
Epoch 11/50 - Val Metric: 0.8313
Epoch 12/50 - Train Loss: 0.5108 - Train Metric: 0.8266
Epoch 12/50 - Val Metric: 0.8316
Epoch 13/50 - Train Loss: 0.5113 - Train Metric: 0.8265
Epoch 13/50 - Val Metric: 0.8316
Epoch 14/50 - Train Loss: 0.5138 - Train Metric: 0.8245
Epoch 14/50 - Val Metric: 0.8315
Epoch 15/50 - Train Loss: 0.5071 - Train Metric: 0.8295
Epoch 15/50 - Val Metric: 0.8317
Epoch 16/50 - Train Loss: 0.5082 - Train Metric: 0.8288
Epoch 16/50 - Val Metric: 0.8320
Epoch 17/50 - Train Loss: 0.5095 - Train Metric: 0.8277
Epoch 17/50 - Val Metric: 0.8318
Epoch 18/50 - Train Loss: 0.5087 - Train Metric: 0.8282
Epoch 18/50 - Val Metric: 0.8319
Epoch 19/50 - Train Loss: 0.5140 - Train Metric: 0.8245
Epoch 19/50 - Val Metric: 0.8318
Epoch 20/50 - Train Loss: 0.5116 - Train Metric: 0.8264
Epoch 20/50 - Val Metric: 0.8319
Epoch 21/50 - Train Loss: 0.5087 - Train Metric: 0.8285
Epoch 21/50 - Val Metric: 0.8318
Epoch 22/50 - Train Loss: 0.5082 - Train Metric: 0.8292
Epoch 22/50 - Val Metric: 0.8318
Epoch 23/50 - Train Loss: 0.5085 - Train Metric: 0.8284
Epoch 23/50 - Val Metric: 0.8319
Epoch 24/50 - Train Loss: 0.5072 - Train Metric: 0.8297
Epoch 24/50 - Val Metric: 0.8321
Epoch 25/50 - Train Loss: 0.5049 - Train Metric: 0.8311
Epoch 25/50 - Val Metric: 0.8324
Epoch 26/50 - Train Loss: 0.5057 - Train Metric: 0.8304
Epoch 26/50 - Val Metric: 0.8320
Epoch 27/50 - Train Loss: 0.5049 - Train Metric: 0.8306
Epoch 27/50 - Val Metric: 0.8320
Epoch 28/50 - Train Loss: 0.5042 - Train Metric: 0.8314
Epoch 28/50 - Val Metric: 0.8320
Epoch 29/50 - Train Loss: 0.5062 - Train Metric: 0.8302
Epoch 29/50 - Val Metric: 0.8321
Epoch 30/50 - Train Loss: 0.5027 - Train Metric: 0.8326
Epoch 30/50 - Val Metric: 0.8321
Epoch 31/50 - Train Loss: 0.5043 - Train Metric: 0.8317
Epoch 31/50 - Val Metric: 0.8321
Epoch 32/50 - Train Loss: 0.5039 - Train Metric: 0.8320
Epoch 32/50 - Val Metric: 0.8319
Epoch 33/50 - Train Loss: 0.5062 - Train Metric: 0.8302
Epoch 33/50 - Val Metric: 0.8323
Epoch 34/50 - Train Loss: 0.5036 - Train Metric: 0.8317
Epoch 34/50 - Val Metric: 0.8321
Epoch 35/50 - Train Loss: 0.5058 - Train Metric: 0.8308
Epoch 35/50 - Val Metric: 0.8325
Epoch 36/50 - Train Loss: 0.5050 - Train Metric: 0.8311
Epoch 36/50 - Val Metric: 0.8325
Epoch 37/50 - Train Loss: 0.5043 - Train Metric: 0.8317
Epoch 37/50 - Val Metric: 0.8324
Epoch 38/50 - Train Loss: 0.5060 - Train Metric: 0.8302
Epoch 38/50 - Val Metric: 0.8323
Epoch 39/50 - Train Loss: 0.5042 - Train Metric: 0.8314
Epoch 39/50 - Val Metric: 0.8322
Epoch 40/50 - Train Loss: 0.5051 - Train Metric: 0.8309
Epoch 40/50 - Val Metric: 0.8325
Epoch 41/50 - Train Loss: 0.5039 - Train Metric: 0.8319
Epoch 41/50 - Val Metric: 0.8323
Epoch 42/50 - Train Loss: 0.5036 - Train Metric: 0.8322
Epoch 42/50 - Val Metric: 0.8326
Epoch 43/50 - Train Loss: 0.5035 - Train Metric: 0.8323
Epoch 43/50 - Val Metric: 0.8326
Epoch 44/50 - Train Loss: 0.5023 - Train Metric: 0.8326
Epoch 44/50 - Val Metric: 0.8326
Epoch 45/50 - Train Loss: 0.5043 - Train Metric: 0.8311
Epoch 45/50 - Val Metric: 0.8325
Epoch 46/50 - Train Loss: 0.5036 - Train Metric: 0.8322
Epoch 46/50 - Val Metric: 0.8326
Epoch 47/50 - Train Loss: 0.5036 - Train Metric: 0.8318
Epoch 47/50 - Val Metric: 0.8325
Epoch 48/50 - Train Loss: 0.5031 - Train Metric: 0.8326
Epoch 48/50 - Val Metric: 0.8326
Epoch 49/50 - Train Loss: 0.5032 - Train Metric: 0.8323
Epoch 49/50 - Val Metric: 0.8327
Epoch 50/50 - Train Loss: 0.5042 - Train Metric: 0.8319
Epoch 50/50 - Val Metric: 0.8327
Best val: 0.8327, Best test: 0.8392
Training set has 8462 instances
Validation set has 1057 instances
Test set has 1059 instances
Epoch 1/50 - Train Loss: 0.7292 - Train Metric: 0.5050
Epoch 1/50 - Val Metric: 0.6813
Epoch 2/50 - Train Loss: 0.6937 - Train Metric: 0.5048
Epoch 2/50 - Val Metric: 0.7114
Epoch 3/50 - Train Loss: 0.6952 - Train Metric: 0.5156
Epoch 3/50 - Val Metric: 0.7267
Epoch 4/50 - Train Loss: 0.6947 - Train Metric: 0.5116
Epoch 4/50 - Val Metric: 0.7306
Epoch 5/50 - Train Loss: 0.6987 - Train Metric: 0.5051
Epoch 5/50 - Val Metric: 0.7387
Epoch 6/50 - Train Loss: 0.6954 - Train Metric: 0.5014
Epoch 6/50 - Val Metric: 0.7546
Epoch 7/50 - Train Loss: 0.6970 - Train Metric: 0.5078
Epoch 7/50 - Val Metric: 0.7632
Epoch 8/50 - Train Loss: 0.6935 - Train Metric: 0.5029
Epoch 8/50 - Val Metric: 0.7688
Epoch 9/50 - Train Loss: 0.6941 - Train Metric: 0.5152
Epoch 9/50 - Val Metric: 0.7737
Epoch 10/50 - Train Loss: 0.6943 - Train Metric: 0.5044
Epoch 10/50 - Val Metric: 0.7780
Epoch 11/50 - Train Loss: 0.6948 - Train Metric: 0.5019
Epoch 11/50 - Val Metric: 0.7826
Epoch 12/50 - Train Loss: 0.6962 - Train Metric: 0.5223
Epoch 12/50 - Val Metric: 0.7869
Epoch 13/50 - Train Loss: 0.6937 - Train Metric: 0.4940
Epoch 13/50 - Val Metric: 0.7905
Epoch 14/50 - Train Loss: 0.6947 - Train Metric: 0.5066
Epoch 14/50 - Val Metric: 0.7930
Epoch 15/50 - Train Loss: 0.6953 - Train Metric: 0.5187
Epoch 15/50 - Val Metric: 0.7969
Epoch 16/50 - Train Loss: 0.6935 - Train Metric: 0.5175
Epoch 16/50 - Val Metric: 0.7952
Epoch 17/50 - Train Loss: 0.6930 - Train Metric: 0.5340
Epoch 17/50 - Val Metric: 0.8052
Epoch 18/50 - Train Loss: 0.6977 - Train Metric: 0.5270
Epoch 18/50 - Val Metric: 0.8114
Epoch 19/50 - Train Loss: 0.7026 - Train Metric: 0.5805
Epoch 19/50 - Val Metric: 0.8067
Epoch 20/50 - Train Loss: 0.7086 - Train Metric: 0.5114
Epoch 20/50 - Val Metric: 0.8071
Epoch 21/50 - Train Loss: 0.6956 - Train Metric: 0.5159
Epoch 21/50 - Val Metric: 0.8072
Epoch 22/50 - Train Loss: 0.6927 - Train Metric: 0.5368
Epoch 22/50 - Val Metric: 0.8069
Epoch 23/50 - Train Loss: 0.6908 - Train Metric: 0.5755
Epoch 23/50 - Val Metric: 0.8064
Epoch 24/50 - Train Loss: 0.6858 - Train Metric: 0.5871
Epoch 24/50 - Val Metric: 0.8048
Epoch 25/50 - Train Loss: 0.6468 - Train Metric: 0.6766
Epoch 25/50 - Val Metric: 0.8028
Epoch 26/50 - Train Loss: 0.5425 - Train Metric: 0.8034
Epoch 26/50 - Val Metric: 0.8084
Epoch 27/50 - Train Loss: 0.5222 - Train Metric: 0.8183
Epoch 27/50 - Val Metric: 0.8128
Epoch 28/50 - Train Loss: 0.5241 - Train Metric: 0.8164
Epoch 28/50 - Val Metric: 0.8159
Epoch 29/50 - Train Loss: 0.5129 - Train Metric: 0.8255
Epoch 29/50 - Val Metric: 0.8250
Epoch 30/50 - Train Loss: 0.5155 - Train Metric: 0.8248
Epoch 30/50 - Val Metric: 0.8277
Epoch 31/50 - Train Loss: 0.4957 - Train Metric: 0.8395
Epoch 31/50 - Val Metric: 0.8338
Epoch 32/50 - Train Loss: 0.4949 - Train Metric: 0.8401
Epoch 32/50 - Val Metric: 0.8364
Epoch 33/50 - Train Loss: 0.4874 - Train Metric: 0.8450
Epoch 33/50 - Val Metric: 0.8398
Epoch 34/50 - Train Loss: 0.4835 - Train Metric: 0.8480
Epoch 34/50 - Val Metric: 0.8412
Epoch 35/50 - Train Loss: 0.4792 - Train Metric: 0.8511
Epoch 35/50 - Val Metric: 0.8384
Epoch 36/50 - Train Loss: 0.4805 - Train Metric: 0.8502
Epoch 36/50 - Val Metric: 0.8391
Epoch 37/50 - Train Loss: 0.4787 - Train Metric: 0.8514
Epoch 37/50 - Val Metric: 0.8430
Epoch 38/50 - Train Loss: 0.4728 - Train Metric: 0.8555
Epoch 38/50 - Val Metric: 0.8456
Epoch 39/50 - Train Loss: 0.4708 - Train Metric: 0.8568
Epoch 39/50 - Val Metric: 0.8460
Epoch 40/50 - Train Loss: 0.4720 - Train Metric: 0.8557
Epoch 40/50 - Val Metric: 0.8438
Epoch 41/50 - Train Loss: 0.4723 - Train Metric: 0.8558
Epoch 41/50 - Val Metric: 0.8471
Epoch 42/50 - Train Loss: 0.4760 - Train Metric: 0.8528
Epoch 42/50 - Val Metric: 0.8444
Epoch 43/50 - Train Loss: 0.4723 - Train Metric: 0.8556
Epoch 43/50 - Val Metric: 0.8483
Epoch 44/50 - Train Loss: 0.4708 - Train Metric: 0.8564
Epoch 44/50 - Val Metric: 0.8442
Epoch 45/50 - Train Loss: 0.4691 - Train Metric: 0.8581
Epoch 45/50 - Val Metric: 0.8473
Epoch 46/50 - Train Loss: 0.4688 - Train Metric: 0.8581
Epoch 46/50 - Val Metric: 0.8474
Epoch 47/50 - Train Loss: 0.4669 - Train Metric: 0.8590
Epoch 47/50 - Val Metric: 0.8486
Epoch 48/50 - Train Loss: 0.4664 - Train Metric: 0.8600
Epoch 48/50 - Val Metric: 0.8457
Epoch 49/50 - Train Loss: 0.4649 - Train Metric: 0.8602
Epoch 49/50 - Val Metric: 0.8475
Epoch 50/50 - Train Loss: 0.4621 - Train Metric: 0.8619
Epoch 50/50 - Val Metric: 0.8465
Best val: 0.8486, Best test: 0.8791
Training set has 8462 instances
Validation set has 1057 instances
Test set has 1059 instances
Epoch 1/50 - Train Loss: 0.6967 - Train Metric: 0.4998
Epoch 1/50 - Val Metric: 0.7817
Epoch 2/50 - Train Loss: 0.6803 - Train Metric: 0.5836
Epoch 2/50 - Val Metric: 0.8270
Epoch 3/50 - Train Loss: 0.5701 - Train Metric: 0.7720
Epoch 3/50 - Val Metric: 0.8348
Epoch 4/50 - Train Loss: 0.5450 - Train Metric: 0.7995
Epoch 4/50 - Val Metric: 0.8361
Epoch 5/50 - Train Loss: 0.5239 - Train Metric: 0.8176
Epoch 5/50 - Val Metric: 0.8394
Epoch 6/50 - Train Loss: 0.5191 - Train Metric: 0.8213
Epoch 6/50 - Val Metric: 0.8405
Epoch 7/50 - Train Loss: 0.5154 - Train Metric: 0.8244
Epoch 7/50 - Val Metric: 0.8451
Epoch 8/50 - Train Loss: 0.5083 - Train Metric: 0.8301
Epoch 8/50 - Val Metric: 0.8476
Epoch 9/50 - Train Loss: 0.5002 - Train Metric: 0.8359
Epoch 9/50 - Val Metric: 0.8529
Epoch 10/50 - Train Loss: 0.4995 - Train Metric: 0.8368
Epoch 10/50 - Val Metric: 0.8570
Epoch 11/50 - Train Loss: 0.4936 - Train Metric: 0.8410
Epoch 11/50 - Val Metric: 0.8582
Epoch 12/50 - Train Loss: 0.4921 - Train Metric: 0.8419
Epoch 12/50 - Val Metric: 0.8605
Epoch 13/50 - Train Loss: 0.4886 - Train Metric: 0.8445
Epoch 13/50 - Val Metric: 0.8616
Epoch 14/50 - Train Loss: 0.4860 - Train Metric: 0.8460
Epoch 14/50 - Val Metric: 0.8614
Epoch 15/50 - Train Loss: 0.4841 - Train Metric: 0.8476
Epoch 15/50 - Val Metric: 0.8639
Epoch 16/50 - Train Loss: 0.4867 - Train Metric: 0.8459
Epoch 16/50 - Val Metric: 0.8665
Epoch 17/50 - Train Loss: 0.4795 - Train Metric: 0.8512
Epoch 17/50 - Val Metric: 0.8634
Epoch 18/50 - Train Loss: 0.4771 - Train Metric: 0.8523
Epoch 18/50 - Val Metric: 0.8679
Epoch 19/50 - Train Loss: 0.4795 - Train Metric: 0.8507
Epoch 19/50 - Val Metric: 0.8631
Epoch 20/50 - Train Loss: 0.4791 - Train Metric: 0.8512
Epoch 20/50 - Val Metric: 0.8664
Epoch 21/50 - Train Loss: 0.4732 - Train Metric: 0.8543
Epoch 21/50 - Val Metric: 0.8664
Epoch 22/50 - Train Loss: 0.4754 - Train Metric: 0.8530
Epoch 22/50 - Val Metric: 0.8668
Epoch 23/50 - Train Loss: 0.4752 - Train Metric: 0.8528
Epoch 23/50 - Val Metric: 0.8679
Epoch 24/50 - Train Loss: 0.4700 - Train Metric: 0.8570
Epoch 24/50 - Val Metric: 0.8658
Epoch 25/50 - Train Loss: 0.4743 - Train Metric: 0.8544
Epoch 25/50 - Val Metric: 0.8652
Epoch 26/50 - Train Loss: 0.4736 - Train Metric: 0.8550
Epoch 26/50 - Val Metric: 0.8686
Epoch 27/50 - Train Loss: 0.4733 - Train Metric: 0.8537
Epoch 27/50 - Val Metric: 0.8650
Epoch 28/50 - Train Loss: 0.4721 - Train Metric: 0.8551
Epoch 28/50 - Val Metric: 0.8659
Epoch 29/50 - Train Loss: 0.4749 - Train Metric: 0.8537
Epoch 29/50 - Val Metric: 0.8676
Epoch 30/50 - Train Loss: 0.4672 - Train Metric: 0.8587
Epoch 30/50 - Val Metric: 0.8667
Epoch 31/50 - Train Loss: 0.4653 - Train Metric: 0.8599
Epoch 31/50 - Val Metric: 0.8684
Epoch 32/50 - Train Loss: 0.4674 - Train Metric: 0.8585
Epoch 32/50 - Val Metric: 0.8661
Epoch 33/50 - Train Loss: 0.4665 - Train Metric: 0.8591
Epoch 33/50 - Val Metric: 0.8690
Epoch 34/50 - Train Loss: 0.4717 - Train Metric: 0.8560
Epoch 34/50 - Val Metric: 0.8673
Epoch 35/50 - Train Loss: 0.4720 - Train Metric: 0.8559
Epoch 35/50 - Val Metric: 0.8685
Epoch 36/50 - Train Loss: 0.4734 - Train Metric: 0.8548
Epoch 36/50 - Val Metric: 0.8684
Epoch 37/50 - Train Loss: 0.4660 - Train Metric: 0.8592
Epoch 37/50 - Val Metric: 0.8666
Epoch 38/50 - Train Loss: 0.4697 - Train Metric: 0.8573
Epoch 38/50 - Val Metric: 0.8675
Epoch 39/50 - Train Loss: 0.4697 - Train Metric: 0.8574
Epoch 39/50 - Val Metric: 0.8666
Epoch 40/50 - Train Loss: 0.4729 - Train Metric: 0.8546
Epoch 40/50 - Val Metric: 0.8676
Epoch 41/50 - Train Loss: 0.4716 - Train Metric: 0.8556
Epoch 41/50 - Val Metric: 0.8695
Epoch 42/50 - Train Loss: 0.4683 - Train Metric: 0.8581
Epoch 42/50 - Val Metric: 0.8676
Epoch 43/50 - Train Loss: 0.4678 - Train Metric: 0.8578
Epoch 43/50 - Val Metric: 0.8679
Epoch 44/50 - Train Loss: 0.4674 - Train Metric: 0.8584
Epoch 44/50 - Val Metric: 0.8686
Epoch 45/50 - Train Loss: 0.4681 - Train Metric: 0.8581
Epoch 45/50 - Val Metric: 0.8665
Epoch 46/50 - Train Loss: 0.4638 - Train Metric: 0.8607
Epoch 46/50 - Val Metric: 0.8697
Epoch 47/50 - Train Loss: 0.4657 - Train Metric: 0.8598
Epoch 47/50 - Val Metric: 0.8696
Epoch 48/50 - Train Loss: 0.4640 - Train Metric: 0.8603
Epoch 48/50 - Val Metric: 0.8709
Epoch 49/50 - Train Loss: 0.4648 - Train Metric: 0.8601
Epoch 49/50 - Val Metric: 0.8714
Epoch 50/50 - Train Loss: 0.4626 - Train Metric: 0.8611
Epoch 50/50 - Val Metric: 0.8696
Best val: 0.8714, Best test: 0.8886
Training set has 8462 instances
Validation set has 1057 instances
Test set has 1059 instances
Epoch 1/50 - Train Loss: 0.6928 - Train Metric: 0.5342
Epoch 1/50 - Val Metric: 0.7164
Epoch 2/50 - Train Loss: 0.6547 - Train Metric: 0.6502
Epoch 2/50 - Val Metric: 0.8234
Epoch 3/50 - Train Loss: 0.5563 - Train Metric: 0.7892
Epoch 3/50 - Val Metric: 0.8451
Epoch 4/50 - Train Loss: 0.5364 - Train Metric: 0.8073
Epoch 4/50 - Val Metric: 0.8492
Epoch 5/50 - Train Loss: 0.5312 - Train Metric: 0.8111
Epoch 5/50 - Val Metric: 0.8495
Epoch 6/50 - Train Loss: 0.5220 - Train Metric: 0.8188
Epoch 6/50 - Val Metric: 0.8494
Epoch 7/50 - Train Loss: 0.5125 - Train Metric: 0.8265
Epoch 7/50 - Val Metric: 0.8496
Epoch 8/50 - Train Loss: 0.5113 - Train Metric: 0.8270
Epoch 8/50 - Val Metric: 0.8496
Epoch 9/50 - Train Loss: 0.5131 - Train Metric: 0.8254
Epoch 9/50 - Val Metric: 0.8496
Epoch 10/50 - Train Loss: 0.5090 - Train Metric: 0.8284
Epoch 10/50 - Val Metric: 0.8493
Epoch 11/50 - Train Loss: 0.5106 - Train Metric: 0.8274
Epoch 11/50 - Val Metric: 0.8492
Epoch 12/50 - Train Loss: 0.5095 - Train Metric: 0.8281
Epoch 12/50 - Val Metric: 0.8493
Epoch 13/50 - Train Loss: 0.5183 - Train Metric: 0.8214
Epoch 13/50 - Val Metric: 0.8494
Epoch 14/50 - Train Loss: 0.5057 - Train Metric: 0.8306
Epoch 14/50 - Val Metric: 0.8493
Epoch 15/50 - Train Loss: 0.5059 - Train Metric: 0.8303
Epoch 15/50 - Val Metric: 0.8491
Epoch 16/50 - Train Loss: 0.5087 - Train Metric: 0.8283
Epoch 16/50 - Val Metric: 0.8488
Epoch 17/50 - Train Loss: 0.5096 - Train Metric: 0.8276
Epoch 17/50 - Val Metric: 0.8488
Epoch 18/50 - Train Loss: 0.5079 - Train Metric: 0.8288
Epoch 18/50 - Val Metric: 0.8488
Epoch 19/50 - Train Loss: 0.5072 - Train Metric: 0.8296
Epoch 19/50 - Val Metric: 0.8486
Epoch 20/50 - Train Loss: 0.5095 - Train Metric: 0.8279
Epoch 20/50 - Val Metric: 0.8489
Epoch 21/50 - Train Loss: 0.5098 - Train Metric: 0.8275
Epoch 21/50 - Val Metric: 0.8488
Epoch 22/50 - Train Loss: 0.5076 - Train Metric: 0.8291
Epoch 22/50 - Val Metric: 0.8488
Epoch 23/50 - Train Loss: 0.5075 - Train Metric: 0.8295
Epoch 23/50 - Val Metric: 0.8490
Epoch 24/50 - Train Loss: 0.5059 - Train Metric: 0.8303
Epoch 24/50 - Val Metric: 0.8489
Epoch 25/50 - Train Loss: 0.5052 - Train Metric: 0.8308
Epoch 25/50 - Val Metric: 0.8488
Epoch 26/50 - Train Loss: 0.5047 - Train Metric: 0.8312
Epoch 26/50 - Val Metric: 0.8489
Epoch 27/50 - Train Loss: 0.5039 - Train Metric: 0.8315
Epoch 27/50 - Val Metric: 0.8486
Epoch 28/50 - Train Loss: 0.5042 - Train Metric: 0.8315
Epoch 28/50 - Val Metric: 0.8488
Epoch 29/50 - Train Loss: 0.5066 - Train Metric: 0.8298
Epoch 29/50 - Val Metric: 0.8489
Epoch 30/50 - Train Loss: 0.5038 - Train Metric: 0.8317
Epoch 30/50 - Val Metric: 0.8486
Epoch 31/50 - Train Loss: 0.5065 - Train Metric: 0.8299
Epoch 31/50 - Val Metric: 0.8489
Epoch 32/50 - Train Loss: 0.5045 - Train Metric: 0.8313
Epoch 32/50 - Val Metric: 0.8487
Epoch 33/50 - Train Loss: 0.5035 - Train Metric: 0.8321
Epoch 33/50 - Val Metric: 0.8488
Epoch 34/50 - Train Loss: 0.5037 - Train Metric: 0.8315
Epoch 34/50 - Val Metric: 0.8489
Epoch 35/50 - Train Loss: 0.5034 - Train Metric: 0.8320
Epoch 35/50 - Val Metric: 0.8488
Epoch 36/50 - Train Loss: 0.5027 - Train Metric: 0.8326
Epoch 36/50 - Val Metric: 0.8488
Epoch 37/50 - Train Loss: 0.5027 - Train Metric: 0.8325
Epoch 37/50 - Val Metric: 0.8488
Epoch 38/50 - Train Loss: 0.5029 - Train Metric: 0.8325
Epoch 38/50 - Val Metric: 0.8488
Epoch 39/50 - Train Loss: 0.5029 - Train Metric: 0.8325
Epoch 39/50 - Val Metric: 0.8489
Epoch 40/50 - Train Loss: 0.5034 - Train Metric: 0.8318
Epoch 40/50 - Val Metric: 0.8487
Epoch 41/50 - Train Loss: 0.5067 - Train Metric: 0.8300
Epoch 41/50 - Val Metric: 0.8489
Epoch 42/50 - Train Loss: 0.5030 - Train Metric: 0.8326
Epoch 42/50 - Val Metric: 0.8487
Epoch 43/50 - Train Loss: 0.5017 - Train Metric: 0.8332
Epoch 43/50 - Val Metric: 0.8488
Epoch 44/50 - Train Loss: 0.5031 - Train Metric: 0.8322
Epoch 44/50 - Val Metric: 0.8490
Epoch 45/50 - Train Loss: 0.5011 - Train Metric: 0.8336
Epoch 45/50 - Val Metric: 0.8490
Epoch 46/50 - Train Loss: 0.5021 - Train Metric: 0.8329
Epoch 46/50 - Val Metric: 0.8488
Epoch 47/50 - Train Loss: 0.5025 - Train Metric: 0.8329
Epoch 47/50 - Val Metric: 0.8488
Epoch 48/50 - Train Loss: 0.5014 - Train Metric: 0.8333
Epoch 48/50 - Val Metric: 0.8491
Epoch 49/50 - Train Loss: 0.5028 - Train Metric: 0.8325
Epoch 49/50 - Val Metric: 0.8491
Epoch 50/50 - Train Loss: 0.5027 - Train Metric: 0.8326
Epoch 50/50 - Val Metric: 0.8490
Best val: 0.8496, Best test: 0.8218
Training set has 8462 instances
Validation set has 1057 instances
Test set has 1059 instances
Epoch 1/50 - Train Loss: 0.6960 - Train Metric: 0.5001
Epoch 1/50 - Val Metric: 0.7164
Epoch 2/50 - Train Loss: 0.6914 - Train Metric: 0.5398
Epoch 2/50 - Val Metric: 0.8310
Epoch 3/50 - Train Loss: 0.5786 - Train Metric: 0.7596
Epoch 3/50 - Val Metric: 0.8354
Epoch 4/50 - Train Loss: 0.5157 - Train Metric: 0.8250
Epoch 4/50 - Val Metric: 0.8377
Epoch 5/50 - Train Loss: 0.5117 - Train Metric: 0.8280
Epoch 5/50 - Val Metric: 0.8392
Epoch 6/50 - Train Loss: 0.5038 - Train Metric: 0.8335
Epoch 6/50 - Val Metric: 0.8446
Epoch 7/50 - Train Loss: 0.5019 - Train Metric: 0.8353
Epoch 7/50 - Val Metric: 0.8482
Epoch 8/50 - Train Loss: 0.4982 - Train Metric: 0.8381
Epoch 8/50 - Val Metric: 0.8536
Epoch 9/50 - Train Loss: 0.5019 - Train Metric: 0.8345
Epoch 9/50 - Val Metric: 0.8565
Epoch 10/50 - Train Loss: 0.4840 - Train Metric: 0.8483
Epoch 10/50 - Val Metric: 0.8582
Epoch 11/50 - Train Loss: 0.4816 - Train Metric: 0.8496
Epoch 11/50 - Val Metric: 0.8592
Epoch 12/50 - Train Loss: 0.4727 - Train Metric: 0.8556
Epoch 12/50 - Val Metric: 0.8591
Epoch 13/50 - Train Loss: 0.4793 - Train Metric: 0.8507
Epoch 13/50 - Val Metric: 0.8559
Epoch 14/50 - Train Loss: 0.4800 - Train Metric: 0.8511
Epoch 14/50 - Val Metric: 0.8597
Epoch 15/50 - Train Loss: 0.4761 - Train Metric: 0.8527
Epoch 15/50 - Val Metric: 0.8590
Epoch 16/50 - Train Loss: 0.4737 - Train Metric: 0.8549
Epoch 16/50 - Val Metric: 0.8607
Epoch 17/50 - Train Loss: 0.4707 - Train Metric: 0.8566
Epoch 17/50 - Val Metric: 0.8604
Epoch 18/50 - Train Loss: 0.4717 - Train Metric: 0.8560
Epoch 18/50 - Val Metric: 0.8609
Epoch 19/50 - Train Loss: 0.4699 - Train Metric: 0.8570
Epoch 19/50 - Val Metric: 0.8571
Epoch 20/50 - Train Loss: 0.4699 - Train Metric: 0.8567
Epoch 20/50 - Val Metric: 0.8597
Epoch 21/50 - Train Loss: 0.4687 - Train Metric: 0.8577
Epoch 21/50 - Val Metric: 0.8613
Epoch 22/50 - Train Loss: 0.4684 - Train Metric: 0.8582
Epoch 22/50 - Val Metric: 0.8615
Epoch 23/50 - Train Loss: 0.4684 - Train Metric: 0.8582
Epoch 23/50 - Val Metric: 0.8621
Epoch 24/50 - Train Loss: 0.4650 - Train Metric: 0.8604
Epoch 24/50 - Val Metric: 0.8624
Epoch 25/50 - Train Loss: 0.4664 - Train Metric: 0.8594
Epoch 25/50 - Val Metric: 0.8604
Epoch 26/50 - Train Loss: 0.4630 - Train Metric: 0.8616
Epoch 26/50 - Val Metric: 0.8619
Epoch 27/50 - Train Loss: 0.4652 - Train Metric: 0.8600
Epoch 27/50 - Val Metric: 0.8622
Epoch 28/50 - Train Loss: 0.4623 - Train Metric: 0.8622
Epoch 28/50 - Val Metric: 0.8625
Epoch 29/50 - Train Loss: 0.4645 - Train Metric: 0.8612
Epoch 29/50 - Val Metric: 0.8633
Epoch 30/50 - Train Loss: 0.4619 - Train Metric: 0.8622
Epoch 30/50 - Val Metric: 0.8631
Epoch 31/50 - Train Loss: 0.4613 - Train Metric: 0.8629
Epoch 31/50 - Val Metric: 0.8622
Epoch 32/50 - Train Loss: 0.4623 - Train Metric: 0.8624
Epoch 32/50 - Val Metric: 0.8630
Epoch 33/50 - Train Loss: 0.4597 - Train Metric: 0.8638
Epoch 33/50 - Val Metric: 0.8629
Epoch 34/50 - Train Loss: 0.4625 - Train Metric: 0.8624
Epoch 34/50 - Val Metric: 0.8628
Epoch 35/50 - Train Loss: 0.4595 - Train Metric: 0.8638
Epoch 35/50 - Val Metric: 0.8629
Epoch 36/50 - Train Loss: 0.4594 - Train Metric: 0.8639
Epoch 36/50 - Val Metric: 0.8636
Epoch 37/50 - Train Loss: 0.4597 - Train Metric: 0.8639
Epoch 37/50 - Val Metric: 0.8632
Epoch 38/50 - Train Loss: 0.4577 - Train Metric: 0.8648
Epoch 38/50 - Val Metric: 0.8636
Epoch 39/50 - Train Loss: 0.4603 - Train Metric: 0.8632
Epoch 39/50 - Val Metric: 0.8633
Epoch 40/50 - Train Loss: 0.4587 - Train Metric: 0.8643
Epoch 40/50 - Val Metric: 0.8627
Epoch 41/50 - Train Loss: 0.4574 - Train Metric: 0.8651
Epoch 41/50 - Val Metric: 0.8632
Epoch 42/50 - Train Loss: 0.4582 - Train Metric: 0.8645
Epoch 42/50 - Val Metric: 0.8637
Epoch 43/50 - Train Loss: 0.4575 - Train Metric: 0.8648
Epoch 43/50 - Val Metric: 0.8634
Epoch 44/50 - Train Loss: 0.4560 - Train Metric: 0.8662
Epoch 44/50 - Val Metric: 0.8631
Epoch 45/50 - Train Loss: 0.4570 - Train Metric: 0.8650
Epoch 45/50 - Val Metric: 0.8633
Epoch 46/50 - Train Loss: 0.4575 - Train Metric: 0.8651
Epoch 46/50 - Val Metric: 0.8634
Epoch 47/50 - Train Loss: 0.4539 - Train Metric: 0.8677
Epoch 47/50 - Val Metric: 0.8631
Epoch 48/50 - Train Loss: 0.4563 - Train Metric: 0.8657
Epoch 48/50 - Val Metric: 0.8636
Epoch 49/50 - Train Loss: 0.4553 - Train Metric: 0.8664
Epoch 49/50 - Val Metric: 0.8644
Epoch 50/50 - Train Loss: 0.4565 - Train Metric: 0.8657
Epoch 50/50 - Val Metric: 0.8642
Best val: 0.8644, Best test: 0.8553
Training set has 8462 instances
Validation set has 1057 instances
Test set has 1059 instances
Epoch 1/50 - Train Loss: 0.6968 - Train Metric: 0.5097
Epoch 1/50 - Val Metric: 0.7963
Epoch 2/50 - Train Loss: 0.6123 - Train Metric: 0.7210
Epoch 2/50 - Val Metric: 0.8196
Epoch 3/50 - Train Loss: 0.5226 - Train Metric: 0.8189
Epoch 3/50 - Val Metric: 0.8263
Epoch 4/50 - Train Loss: 0.5162 - Train Metric: 0.8245
Epoch 4/50 - Val Metric: 0.8320
Training set has 8462 instances
Validation set has 1057 instances
Test set has 1059 instances
Epoch 1/50 - Train Loss: 0.7096 - Train Metric: 0.5038
Epoch 1/50 - Val Metric: 0.7378
Training set has 8462 instances
Validation set has 1057 instances
Test set has 1059 instances
Epoch 1/50 - Train Loss: 0.7092 - Train Metric: 0.4984
Epoch 1/50 - Val Metric: 0.7868
Epoch 2/50 - Train Loss: 0.6951 - Train Metric: 0.5189
Epoch 2/50 - Val Metric: 0.7541
Training set has 8462 instances
Validation set has 1057 instances
Test set has 1059 instances
Epoch 1/50 - Train Loss: 0.7031 - Train Metric: 0.4872
Epoch 1/50 - Val Metric: 0.7639
Training set has 8462 instances
Validation set has 1057 instances
Test set has 1059 instances
Epoch 1/50 - Train Loss: 0.7026 - Train Metric: 0.4980
Epoch 1/50 - Val Metric: 0.7731
Epoch 2/50 - Train Loss: 0.6956 - Train Metric: 0.5118
Epoch 2/50 - Val Metric: 0.8035
Epoch 3/50 - Train Loss: 0.6972 - Train Metric: 0.4979
Epoch 3/50 - Val Metric: 0.7986
Training set has 8462 instances
Validation set has 1057 instances
Test set has 1059 instances
Epoch 1/50 - Train Loss: 0.6979 - Train Metric: 0.4982
Epoch 1/50 - Val Metric: 0.7848
Epoch 2/50 - Train Loss: 0.6938 - Train Metric: 0.5076
Epoch 2/50 - Val Metric: 0.7927
Epoch 3/50 - Train Loss: 0.6235 - Train Metric: 0.7054
Epoch 3/50 - Val Metric: 0.8281
Epoch 4/50 - Train Loss: 0.5254 - Train Metric: 0.8165
Epoch 4/50 - Val Metric: 0.8316
Epoch 5/50 - Train Loss: 0.5106 - Train Metric: 0.8276
Epoch 5/50 - Val Metric: 0.8346
Epoch 6/50 - Train Loss: 0.5091 - Train Metric: 0.8290
Epoch 6/50 - Val Metric: 0.8364
Epoch 7/50 - Train Loss: 0.5033 - Train Metric: 0.8336
Epoch 7/50 - Val Metric: 0.8385
Epoch 8/50 - Train Loss: 0.5011 - Train Metric: 0.8351
Epoch 8/50 - Val Metric: 0.8398
Epoch 9/50 - Train Loss: 0.4970 - Train Metric: 0.8379
Epoch 9/50 - Val Metric: 0.8419
Epoch 10/50 - Train Loss: 0.4993 - Train Metric: 0.8361
Epoch 10/50 - Val Metric: 0.8409
Epoch 11/50 - Train Loss: 0.4971 - Train Metric: 0.8382
Epoch 11/50 - Val Metric: 0.8440
Epoch 12/50 - Train Loss: 0.4926 - Train Metric: 0.8413
Epoch 12/50 - Val Metric: 0.8445
Epoch 13/50 - Train Loss: 0.4960 - Train Metric: 0.8387
Epoch 13/50 - Val Metric: 0.8448
Epoch 14/50 - Train Loss: 0.4901 - Train Metric: 0.8427
Epoch 14/50 - Val Metric: 0.8438
Epoch 15/50 - Train Loss: 0.4919 - Train Metric: 0.8416
Epoch 15/50 - Val Metric: 0.8456
Epoch 16/50 - Train Loss: 0.4900 - Train Metric: 0.8430
Epoch 16/50 - Val Metric: 0.8461
Epoch 17/50 - Train Loss: 0.4880 - Train Metric: 0.8443
Epoch 17/50 - Val Metric: 0.8457
Epoch 18/50 - Train Loss: 0.4887 - Train Metric: 0.8437
Epoch 18/50 - Val Metric: 0.8467
Epoch 19/50 - Train Loss: 0.4871 - Train Metric: 0.8448
Epoch 19/50 - Val Metric: 0.8461
Epoch 20/50 - Train Loss: 0.4879 - Train Metric: 0.8441
Epoch 20/50 - Val Metric: 0.8463
Epoch 21/50 - Train Loss: 0.4858 - Train Metric: 0.8460
Epoch 21/50 - Val Metric: 0.8466
Epoch 22/50 - Train Loss: 0.4865 - Train Metric: 0.8456
Epoch 22/50 - Val Metric: 0.8467
Epoch 23/50 - Train Loss: 0.4843 - Train Metric: 0.8469
Epoch 23/50 - Val Metric: 0.8469
Epoch 24/50 - Train Loss: 0.4839 - Train Metric: 0.8471
Epoch 24/50 - Val Metric: 0.8468
Epoch 25/50 - Train Loss: 0.4854 - Train Metric: 0.8459
Epoch 25/50 - Val Metric: 0.8469
Epoch 26/50 - Train Loss: 0.4834 - Train Metric: 0.8473
Epoch 26/50 - Val Metric: 0.8468
Epoch 27/50 - Train Loss: 0.4844 - Train Metric: 0.8469
Epoch 27/50 - Val Metric: 0.8469
Epoch 28/50 - Train Loss: 0.4833 - Train Metric: 0.8476
Epoch 28/50 - Val Metric: 0.8466
Epoch 29/50 - Train Loss: 0.4833 - Train Metric: 0.8476
Epoch 29/50 - Val Metric: 0.8475
Epoch 30/50 - Train Loss: 0.4841 - Train Metric: 0.8470
Epoch 30/50 - Val Metric: 0.8471
Epoch 31/50 - Train Loss: 0.4821 - Train Metric: 0.8484
Epoch 31/50 - Val Metric: 0.8471
Epoch 32/50 - Train Loss: 0.4834 - Train Metric: 0.8475
Epoch 32/50 - Val Metric: 0.8468
Epoch 33/50 - Train Loss: 0.4840 - Train Metric: 0.8471
Epoch 33/50 - Val Metric: 0.8468
Epoch 34/50 - Train Loss: 0.4809 - Train Metric: 0.8492
Epoch 34/50 - Val Metric: 0.8469
Epoch 35/50 - Train Loss: 0.4841 - Train Metric: 0.8469
Epoch 35/50 - Val Metric: 0.8473
Epoch 36/50 - Train Loss: 0.4836 - Train Metric: 0.8472
Epoch 36/50 - Val Metric: 0.8473
Epoch 37/50 - Train Loss: 0.4821 - Train Metric: 0.8483
Epoch 37/50 - Val Metric: 0.8473
Epoch 38/50 - Train Loss: 0.4817 - Train Metric: 0.8485
Epoch 38/50 - Val Metric: 0.8474
Epoch 39/50 - Train Loss: 0.4834 - Train Metric: 0.8474
Epoch 39/50 - Val Metric: 0.8475
Epoch 40/50 - Train Loss: 0.4821 - Train Metric: 0.8483
Epoch 40/50 - Val Metric: 0.8475
Training set has 8462 instances
Validation set has 1057 instances
Test set has 1059 instances
Epoch 1/50 - Train Loss: 0.7004 - Train Metric: 0.5006
Epoch 1/50 - Val Metric: 0.7903
Epoch 2/50 - Train Loss: 0.6946 - Train Metric: 0.5099
Epoch 2/50 - Val Metric: 0.7925
Epoch 3/50 - Train Loss: 0.6948 - Train Metric: 0.5002
Epoch 3/50 - Val Metric: 0.8017
Training set has 8462 instances
Validation set has 1057 instances
Test set has 1059 instances
Epoch 1/50 - Train Loss: 0.6966 - Train Metric: 0.5005
Epoch 1/50 - Val Metric: 0.8159
Epoch 2/50 - Train Loss: 0.6447 - Train Metric: 0.6625
Epoch 2/50 - Val Metric: 0.8506
Epoch 3/50 - Train Loss: 0.5368 - Train Metric: 0.8080
Epoch 3/50 - Val Metric: 0.8583
Epoch 4/50 - Train Loss: 0.5206 - Train Metric: 0.8202
Epoch 4/50 - Val Metric: 0.8597
Epoch 5/50 - Train Loss: 0.5183 - Train Metric: 0.8217
Epoch 5/50 - Val Metric: 0.8611
Epoch 6/50 - Train Loss: 0.5151 - Train Metric: 0.8246
Epoch 6/50 - Val Metric: 0.8643
Epoch 7/50 - Train Loss: 0.5090 - Train Metric: 0.8296
Epoch 7/50 - Val Metric: 0.8636
Epoch 8/50 - Train Loss: 0.5062 - Train Metric: 0.8314
Epoch 8/50 - Val Metric: 0.8581
Epoch 9/50 - Train Loss: 0.5104 - Train Metric: 0.8288
Epoch 9/50 - Val Metric: 0.8645
Epoch 10/50 - Train Loss: 0.5043 - Train Metric: 0.8333
Epoch 10/50 - Val Metric: 0.8664
Epoch 11/50 - Train Loss: 0.4992 - Train Metric: 0.8369
Epoch 11/50 - Val Metric: 0.8682
Epoch 12/50 - Train Loss: 0.4945 - Train Metric: 0.8399
Epoch 12/50 - Val Metric: 0.8633
Epoch 13/50 - Train Loss: 0.4959 - Train Metric: 0.8393
Epoch 13/50 - Val Metric: 0.8712
Epoch 14/50 - Train Loss: 0.4890 - Train Metric: 0.8436
Epoch 14/50 - Val Metric: 0.8735
Epoch 15/50 - Train Loss: 0.4881 - Train Metric: 0.8441
Epoch 15/50 - Val Metric: 0.8718
Epoch 16/50 - Train Loss: 0.4867 - Train Metric: 0.8451
Epoch 16/50 - Val Metric: 0.8702
Epoch 17/50 - Train Loss: 0.4896 - Train Metric: 0.8433
Epoch 17/50 - Val Metric: 0.8713
Epoch 18/50 - Train Loss: 0.4865 - Train Metric: 0.8456
Epoch 18/50 - Val Metric: 0.8733
Epoch 19/50 - Train Loss: 0.4877 - Train Metric: 0.8444
Epoch 19/50 - Val Metric: 0.8702
Epoch 20/50 - Train Loss: 0.4837 - Train Metric: 0.8477
Epoch 20/50 - Val Metric: 0.8744
Epoch 21/50 - Train Loss: 0.4892 - Train Metric: 0.8440
Epoch 21/50 - Val Metric: 0.8721
Epoch 22/50 - Train Loss: 0.4816 - Train Metric: 0.8490
Epoch 22/50 - Val Metric: 0.8750
Epoch 23/50 - Train Loss: 0.4852 - Train Metric: 0.8462
Epoch 23/50 - Val Metric: 0.8701
Epoch 24/50 - Train Loss: 0.4829 - Train Metric: 0.8477
Epoch 24/50 - Val Metric: 0.8720
Epoch 25/50 - Train Loss: 0.4811 - Train Metric: 0.8495
Epoch 25/50 - Val Metric: 0.8740
Epoch 26/50 - Train Loss: 0.4805 - Train Metric: 0.8500
Epoch 26/50 - Val Metric: 0.8698
Epoch 27/50 - Train Loss: 0.4783 - Train Metric: 0.8513
Epoch 27/50 - Val Metric: 0.8722
Epoch 28/50 - Train Loss: 0.4864 - Train Metric: 0.8457
Epoch 28/50 - Val Metric: 0.8708
Epoch 29/50 - Train Loss: 0.4806 - Train Metric: 0.8497
Epoch 29/50 - Val Metric: 0.8743
Epoch 30/50 - Train Loss: 0.4768 - Train Metric: 0.8519
Epoch 30/50 - Val Metric: 0.8738
Epoch 31/50 - Train Loss: 0.4785 - Train Metric: 0.8510
Epoch 31/50 - Val Metric: 0.8715
Epoch 32/50 - Train Loss: 0.4781 - Train Metric: 0.8514
Epoch 32/50 - Val Metric: 0.8685
Epoch 33/50 - Train Loss: 0.4782 - Train Metric: 0.8515
Epoch 33/50 - Val Metric: 0.8711
Epoch 34/50 - Train Loss: 0.4799 - Train Metric: 0.8504
Epoch 34/50 - Val Metric: 0.8727
Epoch 35/50 - Train Loss: 0.4760 - Train Metric: 0.8527
Epoch 35/50 - Val Metric: 0.8731
Epoch 36/50 - Train Loss: 0.4732 - Train Metric: 0.8547
Epoch 36/50 - Val Metric: 0.8708
Epoch 37/50 - Train Loss: 0.4765 - Train Metric: 0.8525
Epoch 37/50 - Val Metric: 0.8733
Epoch 38/50 - Train Loss: 0.4744 - Train Metric: 0.8541
Epoch 38/50 - Val Metric: 0.8732
Epoch 39/50 - Train Loss: 0.4749 - Train Metric: 0.8536
Epoch 39/50 - Val Metric: 0.8705
Epoch 40/50 - Train Loss: 0.4748 - Train Metric: 0.8537
Epoch 40/50 - Val Metric: 0.8694
Epoch 41/50 - Train Loss: 0.4771 - Train Metric: 0.8518
Epoch 41/50 - Val Metric: 0.8750
Epoch 42/50 - Train Loss: 0.4742 - Train Metric: 0.8533
Epoch 42/50 - Val Metric: 0.8704
Epoch 43/50 - Train Loss: 0.4735 - Train Metric: 0.8546
Epoch 43/50 - Val Metric: 0.8716
Epoch 44/50 - Train Loss: 0.4712 - Train Metric: 0.8565
Epoch 44/50 - Val Metric: 0.8711
Epoch 45/50 - Train Loss: 0.4712 - Train Metric: 0.8565
Epoch 45/50 - Val Metric: 0.8718
Epoch 46/50 - Train Loss: 0.4700 - Train Metric: 0.8573
Epoch 46/50 - Val Metric: 0.8731
Epoch 47/50 - Train Loss: 0.4704 - Train Metric: 0.8566
Epoch 47/50 - Val Metric: 0.8703
Epoch 48/50 - Train Loss: 0.4690 - Train Metric: 0.8571
Epoch 48/50 - Val Metric: 0.8715
Epoch 49/50 - Train Loss: 0.4736 - Train Metric: 0.8547
Epoch 49/50 - Val Metric: 0.8738
Epoch 50/50 - Train Loss: 0.4725 - Train Metric: 0.8559
Epoch 50/50 - Val Metric: 0.8708
Best val: 0.8750, Best test: 0.8776
Training set has 8462 instances
Validation set has 1057 instances
Test set has 1059 instances
Epoch 1/50 - Train Loss: 0.6991 - Train Metric: 0.5048
Epoch 1/50 - Val Metric: 0.7961
Epoch 2/50 - Train Loss: 0.6535 - Train Metric: 0.6407
Epoch 2/50 - Val Metric: 0.8402
Epoch 3/50 - Train Loss: 0.5320 - Train Metric: 0.8111
Epoch 3/50 - Val Metric: 0.8423
Epoch 4/50 - Train Loss: 0.5340 - Train Metric: 0.8099
Epoch 4/50 - Val Metric: 0.8434
Epoch 5/50 - Train Loss: 0.5220 - Train Metric: 0.8187
Epoch 5/50 - Val Metric: 0.8456
Epoch 6/50 - Train Loss: 0.5200 - Train Metric: 0.8212
Epoch 6/50 - Val Metric: 0.8469
Epoch 7/50 - Train Loss: 0.5108 - Train Metric: 0.8282
Epoch 7/50 - Val Metric: 0.8525
Epoch 8/50 - Train Loss: 0.5172 - Train Metric: 0.8230
Epoch 8/50 - Val Metric: 0.8525
Epoch 9/50 - Train Loss: 0.5053 - Train Metric: 0.8324
Epoch 9/50 - Val Metric: 0.8536
Epoch 10/50 - Train Loss: 0.5068 - Train Metric: 0.8315
Epoch 10/50 - Val Metric: 0.8545
Epoch 11/50 - Train Loss: 0.4960 - Train Metric: 0.8393
Epoch 11/50 - Val Metric: 0.8571
Epoch 12/50 - Train Loss: 0.4916 - Train Metric: 0.8424
Epoch 12/50 - Val Metric: 0.8605
Epoch 13/50 - Train Loss: 0.4916 - Train Metric: 0.8422
Epoch 13/50 - Val Metric: 0.8626
Epoch 14/50 - Train Loss: 0.4928 - Train Metric: 0.8418
Epoch 14/50 - Val Metric: 0.8588
Epoch 15/50 - Train Loss: 0.4863 - Train Metric: 0.8464
Epoch 15/50 - Val Metric: 0.8643
Epoch 16/50 - Train Loss: 0.4852 - Train Metric: 0.8468
Epoch 16/50 - Val Metric: 0.8610
Epoch 17/50 - Train Loss: 0.4874 - Train Metric: 0.8449
Epoch 17/50 - Val Metric: 0.8625
Epoch 18/50 - Train Loss: 0.4912 - Train Metric: 0.8429
Epoch 18/50 - Val Metric: 0.8666
Epoch 19/50 - Train Loss: 0.4853 - Train Metric: 0.8464
Epoch 19/50 - Val Metric: 0.8637
Epoch 20/50 - Train Loss: 0.4858 - Train Metric: 0.8465
Epoch 20/50 - Val Metric: 0.8600
Epoch 21/50 - Train Loss: 0.4834 - Train Metric: 0.8477
Epoch 21/50 - Val Metric: 0.8618
Epoch 22/50 - Train Loss: 0.4790 - Train Metric: 0.8509
Epoch 22/50 - Val Metric: 0.8656
Epoch 23/50 - Train Loss: 0.4801 - Train Metric: 0.8501
Epoch 23/50 - Val Metric: 0.8642
Epoch 24/50 - Train Loss: 0.4764 - Train Metric: 0.8524
Epoch 24/50 - Val Metric: 0.8685
Epoch 25/50 - Train Loss: 0.4790 - Train Metric: 0.8513
Epoch 25/50 - Val Metric: 0.8652
Epoch 26/50 - Train Loss: 0.4767 - Train Metric: 0.8522
Epoch 26/50 - Val Metric: 0.8600
Epoch 27/50 - Train Loss: 0.4818 - Train Metric: 0.8493
Epoch 27/50 - Val Metric: 0.8672
Epoch 28/50 - Train Loss: 0.4757 - Train Metric: 0.8533
Epoch 28/50 - Val Metric: 0.8568
Epoch 29/50 - Train Loss: 0.4807 - Train Metric: 0.8495
Epoch 29/50 - Val Metric: 0.8637
Epoch 30/50 - Train Loss: 0.4840 - Train Metric: 0.8468
Epoch 30/50 - Val Metric: 0.8635
Epoch 31/50 - Train Loss: 0.4779 - Train Metric: 0.8520
Epoch 31/50 - Val Metric: 0.8661
Epoch 32/50 - Train Loss: 0.4727 - Train Metric: 0.8552
Epoch 32/50 - Val Metric: 0.8646
Epoch 33/50 - Train Loss: 0.4746 - Train Metric: 0.8537
Epoch 33/50 - Val Metric: 0.8632
Epoch 34/50 - Train Loss: 0.4748 - Train Metric: 0.8536
Epoch 34/50 - Val Metric: 0.8644
Epoch 35/50 - Train Loss: 0.4731 - Train Metric: 0.8550
Epoch 35/50 - Val Metric: 0.8661
Epoch 36/50 - Train Loss: 0.4715 - Train Metric: 0.8556
Epoch 36/50 - Val Metric: 0.8663
Epoch 37/50 - Train Loss: 0.4703 - Train Metric: 0.8565
Epoch 37/50 - Val Metric: 0.8665
Epoch 38/50 - Train Loss: 0.4682 - Train Metric: 0.8578
Epoch 38/50 - Val Metric: 0.8691
Epoch 39/50 - Train Loss: 0.4719 - Train Metric: 0.8550
Epoch 39/50 - Val Metric: 0.8634
Epoch 40/50 - Train Loss: 0.4718 - Train Metric: 0.8554
Epoch 40/50 - Val Metric: 0.8630
Epoch 41/50 - Train Loss: 0.4685 - Train Metric: 0.8576
Epoch 41/50 - Val Metric: 0.8628
Epoch 42/50 - Train Loss: 0.4665 - Train Metric: 0.8589
Epoch 42/50 - Val Metric: 0.8666
Epoch 43/50 - Train Loss: 0.4656 - Train Metric: 0.8597
Epoch 43/50 - Val Metric: 0.8602
Epoch 44/50 - Train Loss: 0.4640 - Train Metric: 0.8605
Epoch 44/50 - Val Metric: 0.8646
Epoch 45/50 - Train Loss: 0.4682 - Train Metric: 0.8582
Epoch 45/50 - Val Metric: 0.8647
Epoch 46/50 - Train Loss: 0.4669 - Train Metric: 0.8584
Epoch 46/50 - Val Metric: 0.8640
Epoch 47/50 - Train Loss: 0.4683 - Train Metric: 0.8580
Epoch 47/50 - Val Metric: 0.8608
Epoch 48/50 - Train Loss: 0.4657 - Train Metric: 0.8587
Epoch 48/50 - Val Metric: 0.8669
Epoch 49/50 - Train Loss: 0.4620 - Train Metric: 0.8616
Epoch 49/50 - Val Metric: 0.8558
Epoch 50/50 - Train Loss: 0.4672 - Train Metric: 0.8587
Epoch 50/50 - Val Metric: 0.8606
Best val: 0.8691, Best test: 0.8595
Training set has 8462 instances
Validation set has 1057 instances
Test set has 1059 instances
Epoch 1/50 - Train Loss: 0.7154 - Train Metric: 0.5071
Epoch 1/50 - Val Metric: 0.7740
Training set has 8462 instances
Validation set has 1057 instances
Test set has 1059 instances
Epoch 1/50 - Train Loss: 0.7070 - Train Metric: 0.5019
Epoch 1/50 - Val Metric: 0.7386
Training set has 8462 instances
Validation set has 1057 instances
Test set has 1059 instances
Epoch 1/50 - Train Loss: 0.6980 - Train Metric: 0.5051
Epoch 1/50 - Val Metric: 0.7781
Hyper-parameter search done. Found the best config.
Repeat experiments 5 times with the best train config {'batch_size': 128, 'gamma_rate': 1.0, 'base_lr': 0.001} and model config {'num_heads': 4, 'num_layers': 4, 'num_latents': 4, 'hidden_dim': 32, 'mlp_ratio': 0.5, 'dropout_prob': 0.2, 'top_k': 3}.
Training set has 8462 instances
Validation set has 1057 instances
Test set has 1059 instances
Epoch 1/50 - Train Loss: 0.6989 - Train Metric: 0.4920
Epoch 1/50 - Val Metric: 0.7673
Epoch 2/50 - Train Loss: 0.6942 - Train Metric: 0.5075
Epoch 2/50 - Val Metric: 0.8186
Epoch 3/50 - Train Loss: 0.6192 - Train Metric: 0.7095
Epoch 3/50 - Val Metric: 0.8393
Epoch 4/50 - Train Loss: 0.5337 - Train Metric: 0.8101
Epoch 4/50 - Val Metric: 0.8451
Epoch 5/50 - Train Loss: 0.5190 - Train Metric: 0.8218
Epoch 5/50 - Val Metric: 0.8496
Epoch 6/50 - Train Loss: 0.5087 - Train Metric: 0.8298
Epoch 6/50 - Val Metric: 0.8533
Epoch 7/50 - Train Loss: 0.5089 - Train Metric: 0.8296
Epoch 7/50 - Val Metric: 0.8546
Epoch 8/50 - Train Loss: 0.5048 - Train Metric: 0.8327
Epoch 8/50 - Val Metric: 0.8550
Epoch 9/50 - Train Loss: 0.5024 - Train Metric: 0.8343
Epoch 9/50 - Val Metric: 0.8573
Epoch 10/50 - Train Loss: 0.5036 - Train Metric: 0.8337
Epoch 10/50 - Val Metric: 0.8581
Epoch 11/50 - Train Loss: 0.4973 - Train Metric: 0.8381
Epoch 11/50 - Val Metric: 0.8591
Epoch 12/50 - Train Loss: 0.4937 - Train Metric: 0.8411
Epoch 12/50 - Val Metric: 0.8626
Epoch 13/50 - Train Loss: 0.4872 - Train Metric: 0.8451
Epoch 13/50 - Val Metric: 0.8649
Epoch 14/50 - Train Loss: 0.4815 - Train Metric: 0.8494
Epoch 14/50 - Val Metric: 0.8658
Epoch 15/50 - Train Loss: 0.4805 - Train Metric: 0.8494
Epoch 15/50 - Val Metric: 0.8658
Epoch 16/50 - Train Loss: 0.4807 - Train Metric: 0.8496
Epoch 16/50 - Val Metric: 0.8660
Epoch 17/50 - Train Loss: 0.4748 - Train Metric: 0.8532
Epoch 17/50 - Val Metric: 0.8682
Epoch 18/50 - Train Loss: 0.4875 - Train Metric: 0.8448
Epoch 18/50 - Val Metric: 0.8667
Epoch 19/50 - Train Loss: 0.4795 - Train Metric: 0.8509
Epoch 19/50 - Val Metric: 0.8664
Epoch 20/50 - Train Loss: 0.4776 - Train Metric: 0.8517
Epoch 20/50 - Val Metric: 0.8676
Epoch 21/50 - Train Loss: 0.4779 - Train Metric: 0.8518
Epoch 21/50 - Val Metric: 0.8664
Epoch 22/50 - Train Loss: 0.4743 - Train Metric: 0.8543
Epoch 22/50 - Val Metric: 0.8634
Epoch 23/50 - Train Loss: 0.4783 - Train Metric: 0.8519
Epoch 23/50 - Val Metric: 0.8670
Epoch 24/50 - Train Loss: 0.4747 - Train Metric: 0.8541
Epoch 24/50 - Val Metric: 0.8659
Epoch 25/50 - Train Loss: 0.4768 - Train Metric: 0.8530
Epoch 25/50 - Val Metric: 0.8699
Epoch 26/50 - Train Loss: 0.4670 - Train Metric: 0.8592
Epoch 26/50 - Val Metric: 0.8723
Epoch 27/50 - Train Loss: 0.4673 - Train Metric: 0.8587
Epoch 27/50 - Val Metric: 0.8661
Epoch 28/50 - Train Loss: 0.4738 - Train Metric: 0.8543
Epoch 28/50 - Val Metric: 0.8710
Epoch 29/50 - Train Loss: 0.4683 - Train Metric: 0.8581
Epoch 29/50 - Val Metric: 0.8707
Epoch 30/50 - Train Loss: 0.4723 - Train Metric: 0.8557
Epoch 30/50 - Val Metric: 0.8731
Epoch 31/50 - Train Loss: 0.4660 - Train Metric: 0.8595
Epoch 31/50 - Val Metric: 0.8723
Epoch 32/50 - Train Loss: 0.4678 - Train Metric: 0.8589
Epoch 32/50 - Val Metric: 0.8750
Epoch 33/50 - Train Loss: 0.4645 - Train Metric: 0.8606
Epoch 33/50 - Val Metric: 0.8737
Epoch 34/50 - Train Loss: 0.4680 - Train Metric: 0.8581
Epoch 34/50 - Val Metric: 0.8726
Epoch 35/50 - Train Loss: 0.4651 - Train Metric: 0.8600
Epoch 35/50 - Val Metric: 0.8758
Epoch 36/50 - Train Loss: 0.4642 - Train Metric: 0.8609
Epoch 36/50 - Val Metric: 0.8722
Epoch 37/50 - Train Loss: 0.4671 - Train Metric: 0.8586
Epoch 37/50 - Val Metric: 0.8741
Epoch 38/50 - Train Loss: 0.4663 - Train Metric: 0.8595
Epoch 38/50 - Val Metric: 0.8736
Epoch 39/50 - Train Loss: 0.4655 - Train Metric: 0.8601
Epoch 39/50 - Val Metric: 0.8755
Epoch 40/50 - Train Loss: 0.4639 - Train Metric: 0.8611
Epoch 40/50 - Val Metric: 0.8750
Epoch 41/50 - Train Loss: 0.4627 - Train Metric: 0.8617
Epoch 41/50 - Val Metric: 0.8743
Epoch 42/50 - Train Loss: 0.4635 - Train Metric: 0.8616
Epoch 42/50 - Val Metric: 0.8744
Epoch 43/50 - Train Loss: 0.4594 - Train Metric: 0.8638
Epoch 43/50 - Val Metric: 0.8760
Epoch 44/50 - Train Loss: 0.4610 - Train Metric: 0.8625
Epoch 44/50 - Val Metric: 0.8770
Epoch 45/50 - Train Loss: 0.4606 - Train Metric: 0.8630
Epoch 45/50 - Val Metric: 0.8762
Epoch 46/50 - Train Loss: 0.4612 - Train Metric: 0.8623
Epoch 46/50 - Val Metric: 0.8759
Epoch 47/50 - Train Loss: 0.4666 - Train Metric: 0.8592
Epoch 47/50 - Val Metric: 0.8743
Epoch 48/50 - Train Loss: 0.4620 - Train Metric: 0.8623
Epoch 48/50 - Val Metric: 0.8756
Epoch 49/50 - Train Loss: 0.4594 - Train Metric: 0.8637
Epoch 49/50 - Val Metric: 0.8757
Epoch 50/50 - Train Loss: 0.4609 - Train Metric: 0.8628
Epoch 50/50 - Val Metric: 0.8744
Best val: 0.8770, Best test: 0.8612
Training set has 8462 instances
Validation set has 1057 instances
Test set has 1059 instances
Epoch 1/50 - Train Loss: 0.6975 - Train Metric: 0.4988
Epoch 1/50 - Val Metric: 0.7841
Epoch 2/50 - Train Loss: 0.6705 - Train Metric: 0.5887
Epoch 2/50 - Val Metric: 0.8187
Epoch 3/50 - Train Loss: 0.5591 - Train Metric: 0.7848
Epoch 3/50 - Val Metric: 0.8281
Epoch 4/50 - Train Loss: 0.5228 - Train Metric: 0.8198
Epoch 4/50 - Val Metric: 0.8253
Epoch 5/50 - Train Loss: 0.5176 - Train Metric: 0.8226
Epoch 5/50 - Val Metric: 0.8377
Epoch 6/50 - Train Loss: 0.5076 - Train Metric: 0.8307
Epoch 6/50 - Val Metric: 0.8428
Epoch 7/50 - Train Loss: 0.5100 - Train Metric: 0.8292
Epoch 7/50 - Val Metric: 0.8445
Epoch 8/50 - Train Loss: 0.5036 - Train Metric: 0.8342
Epoch 8/50 - Val Metric: 0.8489
Epoch 9/50 - Train Loss: 0.4924 - Train Metric: 0.8426
Epoch 9/50 - Val Metric: 0.8528
Epoch 10/50 - Train Loss: 0.4976 - Train Metric: 0.8385
Epoch 10/50 - Val Metric: 0.8530
Epoch 11/50 - Train Loss: 0.4903 - Train Metric: 0.8437
Epoch 11/50 - Val Metric: 0.8581
Epoch 12/50 - Train Loss: 0.4877 - Train Metric: 0.8451
Epoch 12/50 - Val Metric: 0.8582
Epoch 13/50 - Train Loss: 0.4847 - Train Metric: 0.8477
Epoch 13/50 - Val Metric: 0.8587
Epoch 14/50 - Train Loss: 0.4862 - Train Metric: 0.8466
Epoch 14/50 - Val Metric: 0.8605
Epoch 15/50 - Train Loss: 0.4855 - Train Metric: 0.8466
Epoch 15/50 - Val Metric: 0.8639
Epoch 16/50 - Train Loss: 0.4805 - Train Metric: 0.8506
Epoch 16/50 - Val Metric: 0.8673
Epoch 17/50 - Train Loss: 0.4822 - Train Metric: 0.8489
Epoch 17/50 - Val Metric: 0.8659
Epoch 18/50 - Train Loss: 0.4812 - Train Metric: 0.8498
Epoch 18/50 - Val Metric: 0.8703
Epoch 19/50 - Train Loss: 0.4730 - Train Metric: 0.8555
Epoch 19/50 - Val Metric: 0.8676
Epoch 20/50 - Train Loss: 0.4744 - Train Metric: 0.8547
Epoch 20/50 - Val Metric: 0.8694
Epoch 21/50 - Train Loss: 0.4784 - Train Metric: 0.8515
Epoch 21/50 - Val Metric: 0.8712
Epoch 22/50 - Train Loss: 0.4725 - Train Metric: 0.8555
Epoch 22/50 - Val Metric: 0.8735
Epoch 23/50 - Train Loss: 0.4686 - Train Metric: 0.8586
Epoch 23/50 - Val Metric: 0.8725
Epoch 24/50 - Train Loss: 0.4724 - Train Metric: 0.8558
Epoch 24/50 - Val Metric: 0.8665
Epoch 25/50 - Train Loss: 0.4642 - Train Metric: 0.8608
Epoch 25/50 - Val Metric: 0.8743
Epoch 26/50 - Train Loss: 0.4652 - Train Metric: 0.8604
Epoch 26/50 - Val Metric: 0.8717
Epoch 27/50 - Train Loss: 0.4656 - Train Metric: 0.8602
Epoch 27/50 - Val Metric: 0.8725
Epoch 28/50 - Train Loss: 0.4612 - Train Metric: 0.8632
Epoch 28/50 - Val Metric: 0.8745
Epoch 29/50 - Train Loss: 0.4623 - Train Metric: 0.8621
Epoch 29/50 - Val Metric: 0.8740
Epoch 30/50 - Train Loss: 0.4639 - Train Metric: 0.8611
Epoch 30/50 - Val Metric: 0.8728
Epoch 31/50 - Train Loss: 0.4616 - Train Metric: 0.8628
Epoch 31/50 - Val Metric: 0.8740
Epoch 32/50 - Train Loss: 0.4627 - Train Metric: 0.8624
Epoch 32/50 - Val Metric: 0.8742
Epoch 33/50 - Train Loss: 0.4559 - Train Metric: 0.8665
Epoch 33/50 - Val Metric: 0.8743
Epoch 34/50 - Train Loss: 0.4604 - Train Metric: 0.8637
Epoch 34/50 - Val Metric: 0.8757
Epoch 35/50 - Train Loss: 0.4575 - Train Metric: 0.8649
Epoch 35/50 - Val Metric: 0.8744
Epoch 36/50 - Train Loss: 0.4625 - Train Metric: 0.8623
Epoch 36/50 - Val Metric: 0.8729
Epoch 37/50 - Train Loss: 0.4609 - Train Metric: 0.8633
Epoch 37/50 - Val Metric: 0.8750
Epoch 38/50 - Train Loss: 0.4587 - Train Metric: 0.8650
Epoch 38/50 - Val Metric: 0.8775
Epoch 39/50 - Train Loss: 0.4575 - Train Metric: 0.8653
Epoch 39/50 - Val Metric: 0.8769
Epoch 40/50 - Train Loss: 0.4574 - Train Metric: 0.8651
Epoch 40/50 - Val Metric: 0.8786
Epoch 41/50 - Train Loss: 0.4563 - Train Metric: 0.8660
Epoch 41/50 - Val Metric: 0.8780
Epoch 42/50 - Train Loss: 0.4542 - Train Metric: 0.8677
Epoch 42/50 - Val Metric: 0.8770
Epoch 43/50 - Train Loss: 0.4568 - Train Metric: 0.8657
Epoch 43/50 - Val Metric: 0.8739
Epoch 44/50 - Train Loss: 0.4545 - Train Metric: 0.8672
Epoch 44/50 - Val Metric: 0.8752
Epoch 45/50 - Train Loss: 0.4578 - Train Metric: 0.8648
Epoch 45/50 - Val Metric: 0.8753
Epoch 46/50 - Train Loss: 0.4567 - Train Metric: 0.8658
Epoch 46/50 - Val Metric: 0.8751
Epoch 47/50 - Train Loss: 0.4578 - Train Metric: 0.8651
Epoch 47/50 - Val Metric: 0.8784
Epoch 48/50 - Train Loss: 0.4504 - Train Metric: 0.8693
Epoch 48/50 - Val Metric: 0.8787
Epoch 49/50 - Train Loss: 0.4540 - Train Metric: 0.8674
Epoch 49/50 - Val Metric: 0.8766
Epoch 50/50 - Train Loss: 0.4579 - Train Metric: 0.8653
Epoch 50/50 - Val Metric: 0.8802
Best val: 0.8802, Best test: 0.8619
Training set has 8462 instances
Validation set has 1057 instances
Test set has 1059 instances
Epoch 1/50 - Train Loss: 0.6979 - Train Metric: 0.4983
Epoch 1/50 - Val Metric: 0.7591
Epoch 2/50 - Train Loss: 0.6944 - Train Metric: 0.5077
Epoch 2/50 - Val Metric: 0.7805
Epoch 3/50 - Train Loss: 0.6123 - Train Metric: 0.7251
Epoch 3/50 - Val Metric: 0.8538
Epoch 4/50 - Train Loss: 0.5325 - Train Metric: 0.8102
Epoch 4/50 - Val Metric: 0.8556
Epoch 5/50 - Train Loss: 0.5201 - Train Metric: 0.8197
Epoch 5/50 - Val Metric: 0.8584
Epoch 6/50 - Train Loss: 0.5099 - Train Metric: 0.8281
Epoch 6/50 - Val Metric: 0.8638
Epoch 7/50 - Train Loss: 0.5054 - Train Metric: 0.8320
Epoch 7/50 - Val Metric: 0.8657
Epoch 8/50 - Train Loss: 0.5012 - Train Metric: 0.8350
Epoch 8/50 - Val Metric: 0.8681
Epoch 9/50 - Train Loss: 0.4976 - Train Metric: 0.8381
Epoch 9/50 - Val Metric: 0.8678
Epoch 10/50 - Train Loss: 0.4976 - Train Metric: 0.8377
Epoch 10/50 - Val Metric: 0.8691
Epoch 11/50 - Train Loss: 0.4919 - Train Metric: 0.8424
Epoch 11/50 - Val Metric: 0.8768
Epoch 12/50 - Train Loss: 0.4889 - Train Metric: 0.8441
Epoch 12/50 - Val Metric: 0.8806
Epoch 13/50 - Train Loss: 0.4858 - Train Metric: 0.8459
Epoch 13/50 - Val Metric: 0.8808
Epoch 14/50 - Train Loss: 0.4799 - Train Metric: 0.8505
Epoch 14/50 - Val Metric: 0.8775
Epoch 15/50 - Train Loss: 0.4851 - Train Metric: 0.8468
Epoch 15/50 - Val Metric: 0.8830
Epoch 16/50 - Train Loss: 0.4772 - Train Metric: 0.8521
Epoch 16/50 - Val Metric: 0.8754
Epoch 17/50 - Train Loss: 0.4765 - Train Metric: 0.8524
Epoch 17/50 - Val Metric: 0.8763
Epoch 18/50 - Train Loss: 0.4803 - Train Metric: 0.8499
Epoch 18/50 - Val Metric: 0.8846
Epoch 19/50 - Train Loss: 0.4785 - Train Metric: 0.8515
Epoch 19/50 - Val Metric: 0.8754
Epoch 20/50 - Train Loss: 0.4750 - Train Metric: 0.8539
Epoch 20/50 - Val Metric: 0.8868
Epoch 21/50 - Train Loss: 0.4734 - Train Metric: 0.8552
Epoch 21/50 - Val Metric: 0.8797
Epoch 22/50 - Train Loss: 0.4709 - Train Metric: 0.8565
Epoch 22/50 - Val Metric: 0.8829
Epoch 23/50 - Train Loss: 0.4749 - Train Metric: 0.8542
Epoch 23/50 - Val Metric: 0.8789
Epoch 24/50 - Train Loss: 0.4725 - Train Metric: 0.8555
Epoch 24/50 - Val Metric: 0.8867
Epoch 25/50 - Train Loss: 0.4700 - Train Metric: 0.8565
Epoch 25/50 - Val Metric: 0.8806
Epoch 26/50 - Train Loss: 0.4719 - Train Metric: 0.8558
Epoch 26/50 - Val Metric: 0.8798
Epoch 27/50 - Train Loss: 0.4700 - Train Metric: 0.8569
Epoch 27/50 - Val Metric: 0.8815
Epoch 28/50 - Train Loss: 0.4706 - Train Metric: 0.8565
Epoch 28/50 - Val Metric: 0.8837
Epoch 29/50 - Train Loss: 0.4703 - Train Metric: 0.8575
Epoch 29/50 - Val Metric: 0.8790
Epoch 30/50 - Train Loss: 0.4666 - Train Metric: 0.8594
Epoch 30/50 - Val Metric: 0.8860
Epoch 31/50 - Train Loss: 0.4707 - Train Metric: 0.8571
Epoch 31/50 - Val Metric: 0.8861
Epoch 32/50 - Train Loss: 0.4652 - Train Metric: 0.8606
Epoch 32/50 - Val Metric: 0.8870
Epoch 33/50 - Train Loss: 0.4631 - Train Metric: 0.8619
Epoch 33/50 - Val Metric: 0.8874
Epoch 34/50 - Train Loss: 0.4666 - Train Metric: 0.8594
Epoch 34/50 - Val Metric: 0.8857
Epoch 35/50 - Train Loss: 0.4647 - Train Metric: 0.8608
Epoch 35/50 - Val Metric: 0.8860
Epoch 36/50 - Train Loss: 0.4640 - Train Metric: 0.8610
Epoch 36/50 - Val Metric: 0.8889
Epoch 37/50 - Train Loss: 0.4644 - Train Metric: 0.8611
Epoch 37/50 - Val Metric: 0.8854
Epoch 38/50 - Train Loss: 0.4611 - Train Metric: 0.8634
Epoch 38/50 - Val Metric: 0.8874
Epoch 39/50 - Train Loss: 0.4660 - Train Metric: 0.8598
Epoch 39/50 - Val Metric: 0.8877
Epoch 40/50 - Train Loss: 0.4630 - Train Metric: 0.8622
Epoch 40/50 - Val Metric: 0.8829
Epoch 41/50 - Train Loss: 0.4640 - Train Metric: 0.8611
Epoch 41/50 - Val Metric: 0.8897
Epoch 42/50 - Train Loss: 0.4628 - Train Metric: 0.8620
Epoch 42/50 - Val Metric: 0.8890
Epoch 43/50 - Train Loss: 0.4621 - Train Metric: 0.8634
Epoch 43/50 - Val Metric: 0.8867
Epoch 44/50 - Train Loss: 0.4605 - Train Metric: 0.8638
Epoch 44/50 - Val Metric: 0.8841
Epoch 45/50 - Train Loss: 0.4612 - Train Metric: 0.8634
Epoch 45/50 - Val Metric: 0.8893
Epoch 46/50 - Train Loss: 0.4563 - Train Metric: 0.8663
Epoch 46/50 - Val Metric: 0.8898
Epoch 47/50 - Train Loss: 0.4595 - Train Metric: 0.8637
Epoch 47/50 - Val Metric: 0.8892
Epoch 48/50 - Train Loss: 0.4605 - Train Metric: 0.8639
Epoch 48/50 - Val Metric: 0.8909
Epoch 49/50 - Train Loss: 0.4559 - Train Metric: 0.8665
Epoch 49/50 - Val Metric: 0.8892
Epoch 50/50 - Train Loss: 0.4591 - Train Metric: 0.8643
Epoch 50/50 - Val Metric: 0.8889
Best val: 0.8909, Best test: 0.8611
Training set has 8462 instances
Validation set has 1057 instances
Test set has 1059 instances
Epoch 1/50 - Train Loss: 0.6986 - Train Metric: 0.5072
Epoch 1/50 - Val Metric: 0.7185
Epoch 2/50 - Train Loss: 0.6939 - Train Metric: 0.5088
Epoch 2/50 - Val Metric: 0.7427
Epoch 3/50 - Train Loss: 0.6102 - Train Metric: 0.7278
Epoch 3/50 - Val Metric: 0.8369
Epoch 4/50 - Train Loss: 0.5393 - Train Metric: 0.8047
Epoch 4/50 - Val Metric: 0.8383
Epoch 5/50 - Train Loss: 0.5161 - Train Metric: 0.8237
Epoch 5/50 - Val Metric: 0.8436
Epoch 6/50 - Train Loss: 0.5110 - Train Metric: 0.8277
Epoch 6/50 - Val Metric: 0.8440
Epoch 7/50 - Train Loss: 0.5026 - Train Metric: 0.8341
Epoch 7/50 - Val Metric: 0.8479
Epoch 8/50 - Train Loss: 0.4943 - Train Metric: 0.8403
Epoch 8/50 - Val Metric: 0.8507
Epoch 9/50 - Train Loss: 0.4911 - Train Metric: 0.8427
Epoch 9/50 - Val Metric: 0.8516
Epoch 10/50 - Train Loss: 0.4861 - Train Metric: 0.8466
Epoch 10/50 - Val Metric: 0.8553
Epoch 11/50 - Train Loss: 0.4814 - Train Metric: 0.8496
Epoch 11/50 - Val Metric: 0.8554
Epoch 12/50 - Train Loss: 0.4805 - Train Metric: 0.8504
Epoch 12/50 - Val Metric: 0.8570
Epoch 13/50 - Train Loss: 0.4819 - Train Metric: 0.8490
Epoch 13/50 - Val Metric: 0.8537
Epoch 14/50 - Train Loss: 0.4838 - Train Metric: 0.8479
Epoch 14/50 - Val Metric: 0.8548
Epoch 15/50 - Train Loss: 0.4780 - Train Metric: 0.8519
Epoch 15/50 - Val Metric: 0.8566
Epoch 16/50 - Train Loss: 0.4780 - Train Metric: 0.8522
Epoch 16/50 - Val Metric: 0.8582
Epoch 17/50 - Train Loss: 0.4760 - Train Metric: 0.8534
Epoch 17/50 - Val Metric: 0.8560
Epoch 18/50 - Train Loss: 0.4746 - Train Metric: 0.8542
Epoch 18/50 - Val Metric: 0.8511
Epoch 19/50 - Train Loss: 0.4743 - Train Metric: 0.8546
Epoch 19/50 - Val Metric: 0.8597
Epoch 20/50 - Train Loss: 0.4727 - Train Metric: 0.8551
Epoch 20/50 - Val Metric: 0.8607
Epoch 21/50 - Train Loss: 0.4768 - Train Metric: 0.8532
Epoch 21/50 - Val Metric: 0.8575
Epoch 22/50 - Train Loss: 0.4699 - Train Metric: 0.8575
Epoch 22/50 - Val Metric: 0.8569
Epoch 23/50 - Train Loss: 0.4684 - Train Metric: 0.8586
Epoch 23/50 - Val Metric: 0.8592
Epoch 24/50 - Train Loss: 0.4669 - Train Metric: 0.8593
Epoch 24/50 - Val Metric: 0.8577
Epoch 25/50 - Train Loss: 0.4732 - Train Metric: 0.8549
Epoch 25/50 - Val Metric: 0.8591
Epoch 26/50 - Train Loss: 0.4689 - Train Metric: 0.8575
Epoch 26/50 - Val Metric: 0.8585
Epoch 27/50 - Train Loss: 0.4732 - Train Metric: 0.8551
Epoch 27/50 - Val Metric: 0.8577
Epoch 28/50 - Train Loss: 0.4722 - Train Metric: 0.8558
Epoch 28/50 - Val Metric: 0.8566
Epoch 29/50 - Train Loss: 0.4703 - Train Metric: 0.8568
Epoch 29/50 - Val Metric: 0.8579
Epoch 30/50 - Train Loss: 0.4664 - Train Metric: 0.8592
Epoch 30/50 - Val Metric: 0.8601
Epoch 31/50 - Train Loss: 0.4723 - Train Metric: 0.8562
Epoch 31/50 - Val Metric: 0.8590
Epoch 32/50 - Train Loss: 0.4682 - Train Metric: 0.8582
Epoch 32/50 - Val Metric: 0.8566
Epoch 33/50 - Train Loss: 0.4680 - Train Metric: 0.8584
Epoch 33/50 - Val Metric: 0.8591
Epoch 34/50 - Train Loss: 0.4679 - Train Metric: 0.8583
Epoch 34/50 - Val Metric: 0.8609
Epoch 35/50 - Train Loss: 0.4706 - Train Metric: 0.8565
Epoch 35/50 - Val Metric: 0.8586
Epoch 36/50 - Train Loss: 0.4643 - Train Metric: 0.8605
Epoch 36/50 - Val Metric: 0.8598
Epoch 37/50 - Train Loss: 0.4665 - Train Metric: 0.8598
Epoch 37/50 - Val Metric: 0.8616
Epoch 38/50 - Train Loss: 0.4619 - Train Metric: 0.8625
Epoch 38/50 - Val Metric: 0.8588
Epoch 39/50 - Train Loss: 0.4658 - Train Metric: 0.8602
Epoch 39/50 - Val Metric: 0.8578
Epoch 40/50 - Train Loss: 0.4670 - Train Metric: 0.8596
Epoch 40/50 - Val Metric: 0.8588
Epoch 41/50 - Train Loss: 0.4676 - Train Metric: 0.8587
Epoch 41/50 - Val Metric: 0.8581
Epoch 42/50 - Train Loss: 0.4611 - Train Metric: 0.8631
Epoch 42/50 - Val Metric: 0.8589
Epoch 43/50 - Train Loss: 0.4620 - Train Metric: 0.8627
Epoch 43/50 - Val Metric: 0.8613
Epoch 44/50 - Train Loss: 0.4638 - Train Metric: 0.8611
Epoch 44/50 - Val Metric: 0.8643
Epoch 45/50 - Train Loss: 0.4613 - Train Metric: 0.8626
Epoch 45/50 - Val Metric: 0.8621
Epoch 46/50 - Train Loss: 0.4640 - Train Metric: 0.8615
Epoch 46/50 - Val Metric: 0.8623
Epoch 47/50 - Train Loss: 0.4611 - Train Metric: 0.8633
Epoch 47/50 - Val Metric: 0.8614
Epoch 48/50 - Train Loss: 0.4601 - Train Metric: 0.8636
Epoch 48/50 - Val Metric: 0.8582
Epoch 49/50 - Train Loss: 0.4616 - Train Metric: 0.8626
Epoch 49/50 - Val Metric: 0.8618
Epoch 50/50 - Train Loss: 0.4600 - Train Metric: 0.8637
Epoch 50/50 - Val Metric: 0.8620
Best val: 0.8643, Best test: 0.8669
Training set has 8462 instances
Validation set has 1057 instances
Test set has 1059 instances
Epoch 1/50 - Train Loss: 0.6983 - Train Metric: 0.4946
Epoch 1/50 - Val Metric: 0.7962
Epoch 2/50 - Train Loss: 0.6933 - Train Metric: 0.5198
Epoch 2/50 - Val Metric: 0.8250
Epoch 3/50 - Train Loss: 0.6114 - Train Metric: 0.7179
Epoch 3/50 - Val Metric: 0.8334
Epoch 4/50 - Train Loss: 0.5387 - Train Metric: 0.8063
Epoch 4/50 - Val Metric: 0.8376
Epoch 5/50 - Train Loss: 0.5162 - Train Metric: 0.8228
Epoch 5/50 - Val Metric: 0.8381
Epoch 6/50 - Train Loss: 0.5113 - Train Metric: 0.8284
Epoch 6/50 - Val Metric: 0.8431
Epoch 7/50 - Train Loss: 0.5005 - Train Metric: 0.8356
Epoch 7/50 - Val Metric: 0.8487
Epoch 8/50 - Train Loss: 0.4917 - Train Metric: 0.8423
Epoch 8/50 - Val Metric: 0.8589
Epoch 9/50 - Train Loss: 0.4890 - Train Metric: 0.8444
Epoch 9/50 - Val Metric: 0.8587
Epoch 10/50 - Train Loss: 0.4855 - Train Metric: 0.8468
Epoch 10/50 - Val Metric: 0.8610
Epoch 11/50 - Train Loss: 0.4847 - Train Metric: 0.8471
Epoch 11/50 - Val Metric: 0.8615
Epoch 12/50 - Train Loss: 0.4794 - Train Metric: 0.8506
Epoch 12/50 - Val Metric: 0.8614
Epoch 13/50 - Train Loss: 0.4829 - Train Metric: 0.8485
Epoch 13/50 - Val Metric: 0.8550
Epoch 14/50 - Train Loss: 0.4813 - Train Metric: 0.8499
Epoch 14/50 - Val Metric: 0.8627
Epoch 15/50 - Train Loss: 0.4746 - Train Metric: 0.8542
Epoch 15/50 - Val Metric: 0.8651
Epoch 16/50 - Train Loss: 0.4703 - Train Metric: 0.8570
Epoch 16/50 - Val Metric: 0.8650
Epoch 17/50 - Train Loss: 0.4723 - Train Metric: 0.8560
Epoch 17/50 - Val Metric: 0.8631
Epoch 18/50 - Train Loss: 0.4706 - Train Metric: 0.8571
Epoch 18/50 - Val Metric: 0.8624
Epoch 19/50 - Train Loss: 0.4697 - Train Metric: 0.8573
Epoch 19/50 - Val Metric: 0.8660
Epoch 20/50 - Train Loss: 0.4709 - Train Metric: 0.8575
Epoch 20/50 - Val Metric: 0.8636
Epoch 21/50 - Train Loss: 0.4680 - Train Metric: 0.8584
Epoch 21/50 - Val Metric: 0.8639
Epoch 22/50 - Train Loss: 0.4681 - Train Metric: 0.8591
Epoch 22/50 - Val Metric: 0.8631
Epoch 23/50 - Train Loss: 0.4706 - Train Metric: 0.8573
Epoch 23/50 - Val Metric: 0.8620
Epoch 24/50 - Train Loss: 0.4701 - Train Metric: 0.8571
Epoch 24/50 - Val Metric: 0.8642
Epoch 25/50 - Train Loss: 0.4637 - Train Metric: 0.8613
Epoch 25/50 - Val Metric: 0.8660
Epoch 26/50 - Train Loss: 0.4689 - Train Metric: 0.8582
Epoch 26/50 - Val Metric: 0.8629
Epoch 27/50 - Train Loss: 0.4675 - Train Metric: 0.8592
Epoch 27/50 - Val Metric: 0.8633
Epoch 28/50 - Train Loss: 0.4656 - Train Metric: 0.8603
Epoch 28/50 - Val Metric: 0.8653
Epoch 29/50 - Train Loss: 0.4646 - Train Metric: 0.8613
Epoch 29/50 - Val Metric: 0.8654
Epoch 30/50 - Train Loss: 0.4658 - Train Metric: 0.8600
Epoch 30/50 - Val Metric: 0.8661
Epoch 31/50 - Train Loss: 0.4672 - Train Metric: 0.8592
Epoch 31/50 - Val Metric: 0.8641
Epoch 32/50 - Train Loss: 0.4658 - Train Metric: 0.8590
Epoch 32/50 - Val Metric: 0.8648
Epoch 33/50 - Train Loss: 0.4631 - Train Metric: 0.8616
Epoch 33/50 - Val Metric: 0.8660
Epoch 34/50 - Train Loss: 0.4658 - Train Metric: 0.8600
Epoch 34/50 - Val Metric: 0.8633
Epoch 35/50 - Train Loss: 0.4629 - Train Metric: 0.8621
Epoch 35/50 - Val Metric: 0.8648
Epoch 36/50 - Train Loss: 0.4648 - Train Metric: 0.8605
Epoch 36/50 - Val Metric: 0.8667
Epoch 37/50 - Train Loss: 0.4615 - Train Metric: 0.8627
Epoch 37/50 - Val Metric: 0.8643
Epoch 38/50 - Train Loss: 0.4625 - Train Metric: 0.8620
Epoch 38/50 - Val Metric: 0.8637
Epoch 39/50 - Train Loss: 0.4641 - Train Metric: 0.8611
Epoch 39/50 - Val Metric: 0.8638
Epoch 40/50 - Train Loss: 0.4658 - Train Metric: 0.8594
Epoch 40/50 - Val Metric: 0.8651
Epoch 41/50 - Train Loss: 0.4627 - Train Metric: 0.8620
Epoch 41/50 - Val Metric: 0.8644
Epoch 42/50 - Train Loss: 0.4650 - Train Metric: 0.8601
Epoch 42/50 - Val Metric: 0.8643
Epoch 43/50 - Train Loss: 0.4610 - Train Metric: 0.8630
Epoch 43/50 - Val Metric: 0.8636
Epoch 44/50 - Train Loss: 0.4628 - Train Metric: 0.8620
Epoch 44/50 - Val Metric: 0.8662
Epoch 45/50 - Train Loss: 0.4609 - Train Metric: 0.8633
Epoch 45/50 - Val Metric: 0.8662
Epoch 46/50 - Train Loss: 0.4621 - Train Metric: 0.8621
Epoch 46/50 - Val Metric: 0.8670
Epoch 47/50 - Train Loss: 0.4617 - Train Metric: 0.8622
Epoch 47/50 - Val Metric: 0.8674
Epoch 48/50 - Train Loss: 0.4586 - Train Metric: 0.8642
Epoch 48/50 - Val Metric: 0.8655
Epoch 49/50 - Train Loss: 0.4586 - Train Metric: 0.8642
Epoch 49/50 - Val Metric: 0.8606
Epoch 50/50 - Train Loss: 0.4617 - Train Metric: 0.8624
Epoch 50/50 - Val Metric: 0.8656
Best val: 0.8674, Best test: 0.8531
[0.86115849 0.86188251 0.86110401 0.86693931 0.85312521]
