Start building binary_classification dataset_medium_0
Start building binary_classification dataset_medium_1
Start building binary_classification dataset_medium_2
Start building binary_classification dataset_medium_3
Start building binary_classification dataset_medium_4
Start building binary_classification dataset_medium_5
Start building binary_classification dataset_medium_6
Start building binary_classification dataset_medium_7
Start building binary_classification dataset_medium_8
Training set has 74120 instances
Validation set has 9265 instances
Test set has 9265 instances
Training set has 159618 instances
Validation set has 19952 instances
Test set has 19953 instances
Training set has 56872 instances
Validation set has 7109 instances
Test set has 7109 instances
Training set has 58398 instances
Validation set has 7299 instances
Test set has 7301 instances
Training set has 46601 instances
Validation set has 5825 instances
Test set has 5826 instances
Training set has 338944 instances
Validation set has 42368 instances
Test set has 42368 instances
Training set has 46064 instances
Validation set has 5758 instances
Test set has 5758 instances
Training set has 89409 instances
Validation set has 11176 instances
Test set has 11177 instances
Training set has 78440 instances
Validation set has 9805 instances
Test set has 9805 instances
Train Loss: 0.5430078
Train Loss: 0.4812344
Train Loss: 0.4651335
Train Loss: 0.4491436
Train Loss: 0.4261801
Train Loss: 0.4014945
Train Loss: 0.3841228
Train Loss: 0.3679862
Train Loss: 0.3549657
Train Loss: 0.3459388
Train Loss: 0.3378648
Train Loss: 0.3304722
Train Loss: 0.3241859
Train Loss: 0.3190837
Train Loss: 0.3143425
Train Loss: 0.3105743
Train Loss: 0.3065101
Train Loss: 0.3029249
Train Loss: 0.2995820
Train Loss: 0.2967608
Train Loss: 0.2940110
Train Loss: 0.2914717
Train Loss: 0.2893042
Train Loss: 0.2872373
Train Loss: 0.2851067
Train Loss: 0.2832031
Train Loss: 0.2816535
Train Loss: 0.2800570
Train Loss: 0.2785678
Train Loss: 0.2772414
Train Loss: 0.2760347
Train Loss: 0.2749042
Train Loss: 0.2738019
Train Loss: 0.2728525
Train Loss: 0.2718881
Train Loss: 0.2712316
Train Loss: 0.2703991
Train Loss: 0.2696372
Train Loss: 0.2690598
Train Loss: 0.2684664
Train Loss: 0.2678965
Train Loss: 0.2674059
Train Loss: 0.2669753
Train Loss: 0.2665686
Train Loss: 0.2661717
Train Loss: 0.2658549
Train Loss: 0.2655420
Train Loss: 0.2652691
Train Loss: 0.2649896
Train Loss: 0.2647820
[Task 0]
Test metric: 0.605498
Result is saved into output/binary_classification/medium/0/TabPerceiverMultiTaskMOE_2.pt
[Task 1]
Test metric: 0.871980
Result is saved into output/binary_classification/medium/1/TabPerceiverMultiTaskMOE_2.pt
[Task 2]
Test metric: 0.640715
Result is saved into output/binary_classification/medium/2/TabPerceiverMultiTaskMOE_2.pt
[Task 3]
Test metric: 0.966614
Result is saved into output/binary_classification/medium/3/TabPerceiverMultiTaskMOE_2.pt
[Task 4]
Test metric: 0.711522
Result is saved into output/binary_classification/medium/4/TabPerceiverMultiTaskMOE_2.pt
[Task 5]
Test metric: 0.995962
Result is saved into output/binary_classification/medium/5/TabPerceiverMultiTaskMOE_2.pt
[Task 6]
Test metric: 0.846404
Result is saved into output/binary_classification/medium/6/TabPerceiverMultiTaskMOE_2.pt
[Task 7]
Test metric: 0.855877
Result is saved into output/binary_classification/medium/7/TabPerceiverMultiTaskMOE_2.pt
[Task 8]
Test metric: 0.673819
Result is saved into output/binary_classification/medium/8/TabPerceiverMultiTaskMOE_2.pt
