Start building binary_classification dataset_medium_0
Start building binary_classification dataset_medium_1
Start building binary_classification dataset_medium_2
Start building binary_classification dataset_medium_3
Start building binary_classification dataset_medium_4
Start building binary_classification dataset_medium_5
Start building binary_classification dataset_medium_6
Start building binary_classification dataset_medium_7
Start building binary_classification dataset_medium_8
Training set has 74120 instances
Validation set has 9265 instances
Test set has 9265 instances
Training set has 159618 instances
Validation set has 19952 instances
Test set has 19953 instances
Training set has 56872 instances
Validation set has 7109 instances
Test set has 7109 instances
Training set has 58398 instances
Validation set has 7299 instances
Test set has 7301 instances
Training set has 46601 instances
Validation set has 5825 instances
Test set has 5826 instances
Training set has 338944 instances
Validation set has 42368 instances
Test set has 42368 instances
Training set has 46064 instances
Validation set has 5758 instances
Test set has 5758 instances
Training set has 89409 instances
Validation set has 11176 instances
Test set has 11177 instances
Training set has 78440 instances
Validation set has 9805 instances
Test set has 9805 instances
Epoch 1/50 - Train Loss: 0.5612
Epoch 2/50 - Train Loss: 0.4790
Epoch 3/50 - Train Loss: 0.4617
Epoch 4/50 - Train Loss: 0.4514
Epoch 5/50 - Train Loss: 0.4420
Epoch 6/50 - Train Loss: 0.4273
Epoch 7/50 - Train Loss: 0.4106
Epoch 8/50 - Train Loss: 0.3985
Epoch 9/50 - Train Loss: 0.3836
Epoch 10/50 - Train Loss: 0.3729
Epoch 11/50 - Train Loss: 0.3625
Epoch 12/50 - Train Loss: 0.3545
Epoch 13/50 - Train Loss: 0.3471
Epoch 14/50 - Train Loss: 0.3403
Epoch 15/50 - Train Loss: 0.3350
Epoch 16/50 - Train Loss: 0.3302
Epoch 17/50 - Train Loss: 0.3251
Epoch 18/50 - Train Loss: 0.3206
Epoch 19/50 - Train Loss: 0.3169
Epoch 20/50 - Train Loss: 0.3136
Epoch 21/50 - Train Loss: 0.3101
Epoch 22/50 - Train Loss: 0.3070
Epoch 23/50 - Train Loss: 0.3042
Epoch 24/50 - Train Loss: 0.3014
Epoch 25/50 - Train Loss: 0.2990
Epoch 26/50 - Train Loss: 0.2966
Epoch 27/50 - Train Loss: 0.2943
Epoch 28/50 - Train Loss: 0.2921
Epoch 29/50 - Train Loss: 0.2900
Epoch 30/50 - Train Loss: 0.2884
Epoch 31/50 - Train Loss: 0.2865
Epoch 32/50 - Train Loss: 0.2845
Epoch 33/50 - Train Loss: 0.2828
Epoch 34/50 - Train Loss: 0.2810
Epoch 35/50 - Train Loss: 0.2793
Epoch 36/50 - Train Loss: 0.2778
Epoch 37/50 - Train Loss: 0.2763
Epoch 38/50 - Train Loss: 0.2747
Epoch 39/50 - Train Loss: 0.2737
Epoch 40/50 - Train Loss: 0.2720
Epoch 41/50 - Train Loss: 0.2707
Epoch 42/50 - Train Loss: 0.2692
Epoch 43/50 - Train Loss: 0.2679
Epoch 44/50 - Train Loss: 0.2666
Epoch 45/50 - Train Loss: 0.2656
Epoch 46/50 - Train Loss: 0.2643
Epoch 47/50 - Train Loss: 0.2632
Epoch 48/50 - Train Loss: 0.2621
Epoch 49/50 - Train Loss: 0.2609
Epoch 50/50 - Train Loss: 0.2598
[Task 0] Best test metric (before finetune): 0.616899, Best test metric (after finetune):  0.616899
[Task 1] Best test metric (before finetune): 0.941419, Best test metric (after finetune):  0.941419
[Task 2] Best test metric (before finetune): 0.637691, Best test metric (after finetune):  0.637691
[Task 3] Best test metric (before finetune): 0.962761, Best test metric (after finetune):  0.962761
[Task 4] Best test metric (before finetune): 0.720022, Best test metric (after finetune):  0.720022
[Task 5] Best test metric (before finetune): 0.994824, Best test metric (after finetune):  0.995022
[Task 6] Best test metric (before finetune): 0.850781, Best test metric (after finetune):  0.850781
[Task 7] Best test metric (before finetune): 0.863067, Best test metric (after finetune):  0.863067
[Task 8] Best test metric (before finetune): 0.674831, Best test metric (after finetune):  0.674831
Saved results to output/binary_classification/medium/0/TabPerceiverMultiTask_3.pt
Saved results to output/binary_classification/medium/1/TabPerceiverMultiTask_3.pt
Saved results to output/binary_classification/medium/2/TabPerceiverMultiTask_3.pt
Saved results to output/binary_classification/medium/3/TabPerceiverMultiTask_3.pt
Saved results to output/binary_classification/medium/4/TabPerceiverMultiTask_3.pt
Saved results to output/binary_classification/medium/5/TabPerceiverMultiTask_3.pt
Saved results to output/binary_classification/medium/6/TabPerceiverMultiTask_3.pt
Saved results to output/binary_classification/medium/7/TabPerceiverMultiTask_3.pt
Saved results to output/binary_classification/medium/8/TabPerceiverMultiTask_3.pt
